Generation: 0; -0.07169113358137583; k: 6.0; 165,236,45,131,5,219,150,101,35,201,213,209,162,246,163,212,239
Best fitness found so far: -0.07169113358137583; k: 6.0
Generation: 1; 0.3586683392807858; k: 2.0; 102,18,195,123,233,81,155,180,238,222,66,34,144,187,1,203,248,45,170,22
Best fitness found so far: 0.3586683392807858; k: 2.0
Generation: 2; 0.46212645992697976; k: 2.0; 213,121,202,79,3,40,91,54,79,201,63,110,158,17,244,29,54,231,247,68,84
Best fitness found so far: 0.46212645992697976; k: 2.0
Generation: 3; 0.5015366111512648; k: 2.0; 245,175,195,123,233,81,155,180,145,222
Best fitness found so far: 0.5015366111512648; k: 2.0
Generation: 4; 0.6445846131795089; k: 2.0; 105,50,250,218,195,181,173,43,169,130,206,17,58,105,59,234,209,141
Best fitness found so far: 0.6445846131795089; k: 2.0
Generation: 5; 0.6122855995545105; k: 2.0; 105,50,250,218,195,181,173,7,39,162,17,209,79
Best fitness found so far: 0.6445846131795089; k: 2.0
Generation: 6; 0.46686609243010996; k: 2.0; 213,121,202,110,3,40,91,54,221,201,63,110,158,17,113,104,236,195,181,173,7,205,162,17,209,79
Best fitness found so far: 0.6445846131795089; k: 2.0
Generation: 7; 0.5518034294271441; k: 2.0; 52,225,150,101,35,201,109
Best fitness found so far: 0.6445846131795089; k: 2.0
Generation: 8; 0.5612228517587167; k: 2.0; 105,50,250,218,195,181,201,109
Best fitness found so far: 0.6445846131795089; k: 2.0
Generation: 9; 0.6445846131795089; k: 2.0; 105,50,250,218,195,181,173,43,169,130,206,17,58,105,59,234,79,176,63,23,26,203,51,9,201,49,67,7,39,11,89,47,137,229,186,205,124,167,158
Best fitness found so far: 0.6445846131795089; k: 2.0
Generation: 10; 0.6144415451691391; k: 2.0; 105,50,10,218,195,181,117,144,187,20,58,105,59,234,25
Best fitness found so far: 0.6445846131795089; k: 2.0
Generation: 11; 0.6445846131795089; k: 2.0; 105,50,10,218,195,181,173,43,169,130,206,17,58,105,124,141,228,73,216,65,32,33,250
Best fitness found so far: 0.6445846131795089; k: 2.0
Generation: 12; 0.6445846131795089; k: 2.0; 105,50,10,218,195,181,173,43,169,130,206,17,62,105,62,76,117
Best fitness found so far: 0.6445846131795089; k: 2.0
Generation: 13; 0.6445846131795089; k: 2.0; 105,50,10,218,195,181,173,43,169,130,206,17,58,105,59,17,58,105,59,234,209,198
Best fitness found so far: 0.6445846131795089; k: 2.0
Generation: 14; 0.6445846131795089; k: 2.0; 105,50,250,218,195,181,173,43,169,130,206,17,58,105,59,234,114,176,63,23,26,203,51,9,201,49,67,7,39,167,158
Best fitness found so far: 0.6445846131795089; k: 2.0
Generation: 15; 0.6445846131795089; k: 2.0; 105,50,250,218,195,181,173,248,169,30,206,17,58,105,3,234,79,176,63,23,26,203,51,9,128,49,67,7,109
Best fitness found so far: 0.6445846131795089; k: 2.0
Generation: 16; 0.6445846131795089; k: 2.0; 105,50,10,218,195,181,173,43,169,130,206,17,208,129,53,18,52,91,105,247,211,137,115,225,205,147,160,158
Best fitness found so far: 0.6445846131795089; k: 2.0
Generation: 17; 0.6445846131795089; k: 2.0; 105,50,10,218,195,181,173,43,169,130,206,17,62,93,181,173,94,169,130
Best fitness found so far: 0.6445846131795089; k: 2.0
Generation: 18; 0.6445846131795089; k: 2.0; 105,50,250,218,195,181,173,43,169,130,206,17,58,105,59,203,51,9,201,55,67,7,39,167,158
Best fitness found so far: 0.6445846131795089; k: 2.0
Generation: 19; 0.6445846131795089; k: 2.0; 105,50,250,218,195,181,173,43,169,130,206,17,40,240,128,167,11,89,154,137,119,186,205,229,145,222
Best fitness found so far: 0.6445846131795089; k: 2.0
Generation: 20; 0.6445846131795089; k: 2.0; 105,50,10,218,195,181,173,43,169,130,206,17,58,105,59,17,58,105,59,130,206,132,58,105,59,17,58,105,2,234,209,198
Best fitness found so far: 0.6445846131795089; k: 2.0
Generation: 21; 0.6445846131795089; k: 2.0; 78,174,250,218,195,181,173,43,169,130,174,17,58,105,59,234,79,176,167,234,62,93,143,145,26,203,51,9,201,43,169,130,206,17,62,105,62,76,117
Best fitness found so far: 0.6445846131795089; k: 2.0
Generation: 22; 0.6445846131795089; k: 2.0; 105,166,250,218,195,181,173,213,169,130,206,192,58,105,59,46,111,72,116,17,195,181,173,43,169,112,206,17,117,33
Best fitness found so far: 0.6445846131795089; k: 2.0
Generation: 23; 0.6445846131795089; k: 2.0; 105,166,155,218,195,181,173,43,169,130,206,192,72,105,195,152,173,192,169,113,206,17,208,129,53,18,52,91,46,247,211,137,115,225,169,130,206,17,58,105,59,37,114,177,63,23,114,203,51,9,42,49,67,31,39,167,158
Best fitness found so far: 0.6445846131795089; k: 2.0
Generation: 24; 0.6445846131795089; k: 2.0; 105,50,95,218,195,181,173,43,169,130,206,17,173,43,169,130,206,17,62,93,181,77,162,232
Best fitness found so far: 0.6445846131795089; k: 2.0
Generation: 25; 0.6445846131795089; k: 2.0; 105,166,250,218,195,181,173,43,169,130,186,192,193,105,216,46,158,76,63,186,26,203,51,9,137,49,67,238,39,167,209,195,23,195,43,169,130,206,192,135,105,59,234,114,176,169,23,26,203,51,9,123,49,67,7,39,167,185,163,216,107,138,173,94,169,130,58,105,59,64,156,176,197,61,113,210,51,105,48,49,67,7,218,195,78,173,167,169,130,148,17,58,105,59,65,114,176,63,23,26,203,214,61,201,49,174,7,139,91,158
Best fitness found so far: 0.6445846131795089; k: 2.0
Generation: 26; 0.6445846131795089; k: 2.0; 105,50,250,218,195,181,173,43,169,130,206,17,43,105,176,121,26,53,29,52,91,134,108,35,201,109,105,50,250,218,195,181,173,43,68,130,206,17,58,111,195,181,173,109
Best fitness found so far: 0.6445846131795089; k: 2.0
Generation: 27; 0.6445846131795089; k: 2.0; 80,50,250,218,195,181,173,43,101,130,206,17,105,50,250,14,195,181,173,43,169,94,206,17,58,105,12,234,114,176,63,216,26,203,51,9,201,96,67,51,39,167,158
Best fitness found so far: 0.6445846131795089; k: 2.0
Generation: 28; 0.6445846131795089; k: 2.0; 105,166,250,218,195,181,173,43,169,130,206,192,58,105,59,234,114,86,63,23,26,203,51,9,137,49,67,7,121,167,142,163,216,173,107,101,82,129,121,108,126,12,102,106,83,122,52,28,5,118,125,90,60,95,36,223,142,240,151,218,201,16,147,93,28,155,166,250,218,195,181,173,138,169,130,206,17,58,25,59,161,98,176,63,23,26,203,107,149,201,49,67,7,209,39,4,193,35,129,109
Best fitness found so far: 0.6445846131795089; k: 2.0
Generation: 29; 0.6445846131795089; k: 2.0; 105,50,250,218,195,181,173,43,169,130,206,17,58,18,125,206,17,117,33
Best fitness found so far: 0.6445846131795089; k: 2.0
Generation: 30; 0.6445846131795089; k: 2.0; 105,50,10,218,195,181,173,43,169,130,206,17,62,93,181,173,94,195,181,173,43,169,130,206,17,58,105,63,23,26,203,51,105,50,10,218,243,96,249,223,169,130,206,17,57,164,146,76,117
Best fitness found so far: 0.6445846131795089; k: 2.0
Generation: 31; 0.6445846131795089; k: 2.0; 105,50,250,218,195,181,173,43,169,130,206,17,58,105,167,234,62,176,143,145,105,173,43,169,130,206,17,117,33
Best fitness found so far: 0.6445846131795089; k: 2.0
Generation: 32; 0.6445846131795089; k: 2.0; 105,50,10,131,195,181,173,43,169,130,206,17,208,129,53,18,52,91,59,23,211,137,115,225,169,130,206,17,58,105,59,234,114,177,63,23,26,203,51,9,201,49,67,84,167,167,158
Best fitness found so far: 0.6445846131795089; k: 2.0
Generation: 33; 0.6445846131795089; k: 2.0; 105,50,175,218,195,181,173,43,169,130,206,17,58,105,59,17,7,105,59,130,206,21,58,105,88,17,58,105,178,234,209,141
Best fitness found so far: 0.6445846131795089; k: 2.0
Generation: 34; 0.6445846131795089; k: 2.0; 11,50,95,218,195,181,173,43,169,130,206,17,69,105,229,118,17,123,233,81,46,180,145,222
Best fitness found so far: 0.6445846131795089; k: 2.0
Generation: 35; 0.6445846131795089; k: 2.0; 105,50,250,218,195,181,173,43,169,130,108,17,169,105,59,234,110,3,59,168,54,221,6,169,110,59,234,110,3,59,91,54,221,201,169,110,29,222,218,195,107,173,43,169,30,230,17,169,105,59,234,110,3,90,91,54,221,201,126,110,158,17,113,125,39,4,193,35,44,109
Best fitness found so far: 0.6445846131795089; k: 2.0
Generation: 36; 0.6445846131795089; k: 2.0; 105,50,250,218,195,181,173,43,169,130,206,17,40,240,128,173,223,169,130,206,17,58,99,50,10,218,195,181,173,43,162
Best fitness found so far: 0.6445846131795089; k: 2.0
Generation: 37; 0.6445846131795089; k: 2.0; 105,50,10,218,195,181,173,43,169,130,206,17,181,39,99,79
Best fitness found so far: 0.6445846131795089; k: 2.0
Generation: 38; 0.6445846131795089; k: 2.0; 105,50,250,218,195,181,51,43,169,130,206,17,179,105,59,203,145,181,173,43,169,130,206,17,50,250,218,195,181,83,43,169,130,196,17,179,105,59,203,51,9,80,64,67,7,232,167,126,12,102,149,250,122,233,28,155,118,119,86,129,95,244
Best fitness found so far: 0.6445846131795089; k: 2.0
Generation: 39; 0.6445846131795089; k: 2.0; 105,166,250,218,209,181,173,43,169,130,206,192,58,241,134,46,158,176,63,23,26,218,195,181,173,109
Best fitness found so far: 0.6445846131795089; k: 2.0
Generation: 40; 0.6445846131795089; k: 2.0; 105,50,10,218,195,181,173,43,169,130,206,17,58,105,2,17,58,91,59,234,209,173,43,169
Best fitness found so far: 0.6445846131795089; k: 2.0
Generation: 41; 0.6445846131795089; k: 2.0; 105,50,10,218,195,181,173,43,169,130,206,17,218,195,181,222,208,154,60,78,229,165,121,26,81,201,180,145,234,25
Best fitness found so far: 0.6445846131795089; k: 2.0
Generation: 42; 0.6445846131795089; k: 2.0; 105,50,250,218,195,181,173,43,169,130,206,17,169,105,116,234,110,181,173,109
Best fitness found so far: 0.6445846131795089; k: 2.0
Generation: 43; 0.6445846131795089; k: 2.0; 105,50,250,218,195,181,173,43,169,130,206,17,173,43,169,130,206,192,58,105,59,68,158,181,130,23,26,203,43,169,130,174,216,218,195,181,39,99,79
Best fitness found so far: 0.6445846131795089; k: 2.0
Generation: 44; 0.6445846131795089; k: 2.0; 78,174,250,218,159,181,173,43,169,130,174,17,58,105,59,234,40,176,167,234,201,126,143,145,50,65,218,195,159,152,43,169,130,206,192,218,195,181,39,28,155,118,119,90,91,8,199
Best fitness found so far: 0.6445846131795089; k: 2.0
Generation: 45; 0.6445846131795089; k: 2.0; 16,50,250,218,195,181,173,43,169,130,206,17,58,105,167,234,62,176,90,145,26,203,51,9,201,21,67,7,39,130,10,184,246,67,117,144,187,147,195,141,210,73,216,65,32,33,231,3,36,223,18,87,247,218,201,147,99,93,28,155,180,119,90,129,187,199,240,207,216,3,107,101,120,129,110,26,210,208,154,216,184
Best fitness found so far: 0.6445846131795089; k: 2.0
Generation: 46; 0.6445846131795089; k: 2.0; 105,50,250,218,195,181,173,43,169,130,206,17,169,105,59,195,181,173,43,169,130,206,235,169,185,59,234,110,200,59,234,209,141
Best fitness found so far: 0.6445846131795089; k: 2.0
Generation: 47; 0.6445846131795089; k: 2.0; 105,50,80,218,195,181,173,43,169,130,102,17,176,143,145,26,203,51,9,94,49,217,158,39,102,10,218,39,48,239,144,187,20,58,229,59,234,37
Best fitness found so far: 0.6445846131795089; k: 2.0
Generation: 48; 0.6445846131795089; k: 2.0; 80,50,250,14,195,181,173,43,169,130,206,17,58,105,59,181,114,76,63,61,26,203,77,105,204,49,105,50,250,218,186,181,173,43,169,130,130,131,17,183,105,225,150,101,35,201,95
Best fitness found so far: 0.6445846131795089; k: 2.0
Generation: 49; 0.6445846131795089; k: 2.0; 105,26,250,218,195,181,173,43,169,130,206,17,62,93,181,173,94,189,130
Best fitness found so far: 0.6445846131795089; k: 2.0
Generation: 50; 0.6445846131795089; k: 2.0; 80,50,250,14,195,181,173,43,169,130,206,137,58,105,22,168,114,176,63,61,26,203,221,105,204,49,67,7,239,181,173,43,240,130,206,30,195,181,173,233,169,130,206,17,58,160,59,26,81,201,180,250,234,25
Best fitness found so far: 0.6445846131795089; k: 2.0
Generation: 51; 0.6445846131795089; k: 2.0; 105,50,10,218,195,181,173,43,169,130,206,17,62,93,26,203,204,9,137,49,67,7,39,217,195,181,39,99,79
Best fitness found so far: 0.6445846131795089; k: 2.0
Generation: 52; 0.6445846131795089; k: 2.0; 105,92,250,218,195,181,173,43,169,130,22,17,58,105,59,234,114,176,63,23,26,203,51,9,201,49,67,7,39,174,1,58,105,124,89,228,73,216,195,32,33,250
Best fitness found so far: 0.6445846131795089; k: 2.0
Generation: 53; 0.6445846131795089; k: 2.0; 105,224,10,218,195,181,173,43,169,130,206,17,58,58,17,218,195,181,17,99,182
Best fitness found so far: 0.6445846131795089; k: 2.0
Generation: 54; 0.6445846131795089; k: 2.0; 105,50,250,218,195,181,173,43,169,130,206,17,58,105,59,234,114,181,173,43,162
Best fitness found so far: 0.6445846131795089; k: 2.0
Generation: 55; 0.6445846131795089; k: 2.0; 105,50,160,218,195,181,173,43,169,130,206,17,58,105,59,105,166,250,218,195,181,173,43,169,130,206,70,58,105,59,46,79,176,63,23,26,203,51,234,137,49,67,7,39,167,142,48,216,173,107,101,82,129,22,108,126,12,102,149,83,122,233,79,136,118,119,90,129,95,199
Best fitness found so far: 0.6445846131795089; k: 2.0
Generation: 56; 0.6445846131795089; k: 2.0; 105,50,250,218,195,181,173,43,169,130,206,17,58,130,167,234,62,176,143,145,26,203,51,9,201,214,59,248,114,176,63,23,26,203,51,249,201,49,67,158,209,167,158
Best fitness found so far: 0.6445846131795089; k: 2.0
Generation: 57; 0.6445846131795089; k: 2.0; 105,166,250,218,195,181,173,43,169,130,206,192,58,105,59,46,158,37,63,23,26,203,51,9,137,49,67,7,39,167,142,48,17,58,105,167,234,62,176,143,145,26,203,51,58,94,49,67,158,39,144,10,218,246,59,234,114,176,63,23,29,203,51,138,201,49,198,7,209,167,158
Best fitness found so far: 0.6445846131795089; k: 2.0
Generation: 58; 0.6445846131795089; k: 2.0; 116,26,250,218,195,181,173,43,169,130,206,77,203,105,10,218,195,181,173,43,250,218,195,226,242,43,169,130,27,17,169,105,59,234,110,172,49,195,209,141
Best fitness found so far: 0.6445846131795089; k: 2.0
Generation: 59; 0.6445846131795089; k: 2.0; 105,50,250,218,195,181,173,43,169,130,206,17,58,105,59,234,114,176,47,23,26,203,51,9,201,49,67,7,39,174,1,58,139,158,130,206,132,58,105,59,73,35,105,2,234,241,198
Best fitness found so far: 0.6445846131795089; k: 2.0
Generation: 60; 0.6445846131795089; k: 2.0; 105,50,250,218,195,181,173,43,169,130,206,17,58,105,59,234,114,176,63,23,50,250,218,195,181,81,53,169,130,206,17,169,105,176,18,125,206,17,117,33
Best fitness found so far: 0.6445846131795089; k: 2.0
Generation: 61; 0.6445846131795089; k: 2.0; 105,50,250,218,195,181,173,43,169,130,94,17,169,86,176,121,134,53,18,52,91,150,108,35,201,109,52,11,150,107,129,96,64,240,163,216,3,146,244,157,129,92,107,203,208,234,216,78,229,98,121,26,250,218,195,181,173,43,169,130,206,17,58,105,63,23,26,203,51,105,50,10,218,243,181,249,43,169,130,206,120,142,105,83,76,117
Best fitness found so far: 0.6445846131795089; k: 2.0
Generation: 62; 0.6445846131795089; k: 2.0; 105,50,250,218,195,181,173,43,169,130,206,17,58,26,81,201,180,250,234,25
Best fitness found so far: 0.6445846131795089; k: 2.0
Generation: 63; 0.6445846131795089; k: 2.0; 80,50,250,14,195,181,173,43,169,130,206,17,58,105,59,175,114,176,63,61,26,203,126,39,99,79
Best fitness found so far: 0.6445846131795089; k: 2.0
Generation: 64; 0.6445846131795089; k: 2.0; 59,50,250,218,195,181,173,43,169,130,206,17,58,105,148
Best fitness found so far: 0.6445846131795089; k: 2.0
Generation: 65; 0.6445846131795089; k: 2.0; 105,50,250,218,195,181,173,43,169,130,206,17,169,105,176,18,26,87,18,52,91,150,108,35,201,109,52,11,150,107,80,96,199,240,163,216,3,217,71,201,133,92,26,145,105,130,121,36,53,18,52,93,40,108,35,201,220,52,11,150,107,129,34,199,240,143,216,53,146,164,201,129,92,26,50,88,125,247,78,229,210,219,26,81,201,180,145,134,27
Best fitness found so far: 0.6445846131795089; k: 2.0
Generation: 66; 0.6445846131795089; k: 2.0; 105,166,250,218,195,181,173,43,169,130,206,192,58,105,48,169,193,59,234,110,3,59,91,54,221,33,169,50,10,218,195,181,39,65,79
Best fitness found so far: 0.6445846131795089; k: 2.0
Generation: 67; 0.6445846131795089; k: 2.0; 11,50,95,218,195,181,173,43,169,130,206,17,234,114,176,63,23,202,203,51,9,89,154,83,145,186,205,124,145,222
Best fitness found so far: 0.6445846131795089; k: 2.0
Generation: 68; 0.6445846131795089; k: 2.0; 105,50,250,218,195,181,173,43,169,130,206,17,126,105,167,234,138,201,12,96,131,209,167,158
Best fitness found so far: 0.6445846131795089; k: 2.0
Generation: 69; 0.6445846131795089; k: 2.0; 105,50,10,218,195,181,173,43,169,130,206,17,160,105,167,158
Best fitness found so far: 0.6445846131795089; k: 2.0
Generation: 70; 0.6445846131795089; k: 2.0; 118,166,250,218,195,181,31,43,169,130,206,132,58,105,211,201,109,52,178,42,107,129,1,27,147,236,7,228,138,80,65,125,78,15,201,147,195,162,210,73,216,45,32,33,250,3,199
Best fitness found so far: 0.6445846131795089; k: 2.0
Generation: 71; 0.6445846131795089; k: 2.0; 78,174,250,218,195,181,173,43,169,130,174,17,58,105,59,234,79,176,167,234,52,106,143,145,26,203,225,9,201,43,169,130,185,17,62,105,62,76,26,203,51,105,204,49,67,7,209,167,158
Best fitness found so far: 0.6445846131795089; k: 2.0
Generation: 72; 0.6445846131795089; k: 2.0; 78,174,250,218,159,181,173,43,169,130,174,17,58,105,59,165,79,176,167,234,91,105,247,211,137,115,225,205,147,160,158
Best fitness found so far: 0.6445846131795089; k: 2.0
Generation: 73; 0.6445846131795089; k: 2.0; 11,50,95,218,195,181,173,43,169,130,206,17,47,105,229,141,228,73,216,167,142,195,23,195,43,169,130,206,192,58,105,59,234,114,176,169,23,26,203,51,9,191,120,67,7,39,167,185,163,216,160,107,138,173,94,169,130,58,105,236,234,114,17,39,23,26,203,9
Best fitness found so far: 0.6445846131795089; k: 2.0
Generation: 74; 0.6445846131795089; k: 2.0; 80,28,250,14,195,181,173,233,169,130,206,17,58,23,11,203,51,9,137,49,67,7,39,167,142,48,17,58,105,23,234,62,176,147,145,26,203,51,9,94,49,67,158,39,17,10,218,246,48,239,144,187,20,58,229,59,234,25
Best fitness found so far: 0.6445846131795089; k: 2.0
Generation: 75; 0.6445846131795089; k: 2.0; 230,50,250,218,195,181,173,43,169,130,206,17,169,105,176,130,206,17,218,195,181,101,99,79
Best fitness found so far: 0.6445846131795089; k: 2.0
Generation: 76; 0.6445846131795089; k: 2.0; 105,50,10,218,195,181,173,43,169,130,206,17,58,105,59,17,58,73,59,130,206,132,58,105,146,17,58,105,218,195,181,49,43,169,130,206,17,123,233,81,164,50,145,222
Best fitness found so far: 0.6445846131795089; k: 2.0
Generation: 77; 0.6445846131795089; k: 2.0; 238,166,250,218,195,181,173,43,169,130,206,132,58,105,211,201,50,52,178,42,107,129,1,49,147,236,7,228,138,80,65,125,78,15,201,147,195,162,210,73,216,45,32,33,250,3,152,17,58,90,209,89,187,190,103,117,117
Best fitness found so far: 0.6445846131795089; k: 2.0
Generation: 78; 0.6445846131795089; k: 2.0; 105,50,250,218,195,181,173,43,169,130,206,17,58,105,59,234,114,176,63,23,206,17,117,33
Best fitness found so far: 0.6445846131795089; k: 2.0
Generation: 79; 0.6445846131795089; k: 2.0; 105,50,250,218,195,181,173,43,169,130,206,17,58,105,167,234,62,176,143,145,105,176,121,36,91,18,52,91,27,108,35,201,220,52,11,150,107,129,34,199,240,163,216,82,146,245,201,129,92,26,153,157,105,176,18,26,53,18,52,91,150,108,35,201,109,52,11,111,107,80,96,199,240,163,216,3,217,79,201,133,23,26,99,208,154,216,78,229,165,121,26,81,201,180,145,234,25
Best fitness found so far: 0.6445846131795089; k: 2.0
Generation: 80; 0.6445846131795089; k: 2.0; 107,50,10,218,195,181,173,43,215,130,206,17,58,105,123,233,81,164,180,145,222,50,10,218,203,116,201,49,67,31,39,217,89,47,88,213,186,205,124,5,158
Best fitness found so far: 0.6445846131795089; k: 2.0
Generation: 81; 0.6445846131795089; k: 2.0; 105,166,250,140,195,181,173,43,215,130,60,192,58,21,115,201,109,129,97,42,107,129,1,85,147,236,7,228,138,80,65,125,78,15,201,147,195,141,210,73,216,65,32,33,250,3,36,223,142,240,247,218,201,147,147,93,28,155,180,119,218,195,181,173,43,169,128,102,17,58,105,59,234,169,130,206,17,218,195,181,39,25,79
Best fitness found so far: 0.6445846131795089; k: 2.0
Generation: 82; 0.6445846131795089; k: 2.0; 105,134,250,218,169,181,173,43,169,130,206,17,201,105,250,18,26,195,181,173,43,169,192,250,218,65,32,33,250
Best fitness found so far: 0.6445846131795089; k: 2.0
Generation: 83; 0.6445846131795089; k: 2.0; 105,50,250,218,195,181,173,43,169,130,206,17,169,188,56,234,110,105,59,234,105,18,250,218,195,181,173,43,169,130,206,151,58,105,59,234,114,176,128,23,246,225,150,241,35,201,109,105,166
Best fitness found so far: 0.6445846131795089; k: 2.0
Generation: 84; 0.6445846131795089; k: 2.0; 105,50,250,218,195,181,173,43,169,130,206,17,174,218,195,181,173,43,169,130,206,17,58,218,195,181,167,158
Best fitness found so far: 0.6445846131795089; k: 2.0
Generation: 85; 0.6445846131795089; k: 2.0; 11,50,95,218,195,181,173,43,169,130,206,17,123,233,81,164,180,145,222
Best fitness found so far: 0.6445846131795089; k: 2.0
Generation: 86; 0.6445846131795089; k: 2.0; 105,50,250,218,195,181,173,43,169,130,206,17,58,105,167,234,62,176,143,145,26,203,51,9,201,49,67,7,39,102,10,218,246,48,187,144,187,20,58,229,59,234,25
Best fitness found so far: 0.6445846131795089; k: 2.0
Generation: 87; 0.6445846131795089; k: 2.0; 80,50,250,14,195,181,173,43,169,130,206,137,58,105,59,175,114,176,63,61,26,203,51,105,204,49,67,7,239,181,173,43,124,130,206,30,234,110,105,59,234,209,141
Best fitness found so far: 0.6445846131795089; k: 2.0
Generation: 88; 0.6445846131795089; k: 2.0; 80,50,250,218,195,181,173,223,169,130,206,17,58,105,50,10,105,59,234,114,176,128,140,26,225,150,101,35,201,109,105,221
Best fitness found so far: 0.6445846131795089; k: 2.0
Generation: 89; 0.6445846131795089; k: 2.0; 80,50,250,218,195,181,173,223,169,130,206,17,58,50,10,218,195,181,173,43,169,130,206,17,58,105,59,17,58,105,59,234,209,198
Best fitness found so far: 0.6445846131795089; k: 2.0
Generation: 90; 0.6445846131795089; k: 2.0; 247,50,250,218,97,181,173,43,169,130,206,17,195,181,88,64,105,59,155,169,130,206,17,218,167,23,26,203,51,9,128,49,181,7,109
Best fitness found so far: 0.6445846131795089; k: 2.0
Generation: 91; 0.6445846131795089; k: 2.0; 105,50,250,218,195,181,55,43,169,130,150,17,169,193,59,234,110,3,59,91,54,221,201,169,110,50,250,218,195,181,173,43,169,130,206,17,169,105,59,137,91,158
Best fitness found so far: 0.6445846131795089; k: 2.0
Generation: 92; 0.6445846131795089; k: 2.0; 105,50,10,218,195,181,173,43,169,130,206,17,16,105,123,233,81,164,180,145,160,59,248,114,176,63,142,26,218,195,181,83,43,169,130,206,17,160,105,167,158
Best fitness found so far: 0.6445846131795089; k: 2.0
Generation: 93; 0.6445846131795089; k: 2.0; 105,50,250,218,195,181,173,43,169,130,206,17,58,105,59,109,114,8,218,195,181,39,99,79
Best fitness found so far: 0.6445846131795089; k: 2.0
Generation: 94; 0.6445846131795089; k: 2.0; 105,50,10,218,195,181,173,43,169,130,206,17,58,105,195,181,173,43,169,130,174,17,58,211,59,234,81,176,167,234,191,84,143,145,26,203,51,9,201,49,67,7,39,102,10,218,246,48,239,144,187,20,58,229,59,121,25
Best fitness found so far: 0.6445846131795089; k: 2.0
Generation: 95; 0.6445846131795089; k: 2.0; 105,166,250,218,195,86,173,43,169,130,206,192,58,105,59,234,114,185,62,23,26,203,51,9,137,49,67,7,143,167,142,163,216,173,107,101,82,129,22,108,126,12,43,106,83,218,77,181,173,43,169,130,206,192,58,105,59,234,114,176,63,169,187,203,51,9,137,49,67,155,39,167,142,163,216,173,107,101,16,129,22,108,126,191,102,126,83,122,233,28,155,118,119,90,60,166,199,101,82,129,22,16,126,12,102,126,83,122,233,28,155,118,119,90,198,166,199
Best fitness found so far: 0.6445846131795089; k: 2.0
Generation: 96; 0.6445846131795089; k: 2.0; 105,50,10,218,195,181,173,43,169,130,206,17,208,129,53,18,52,58,105,50,10,218,195,181,173,43,162
Best fitness found so far: 0.6445846131795089; k: 2.0
Generation: 97; 0.6445846131795089; k: 2.0; 105,134,250,218,195,181,173,43,169,130,206,17,201,105,176,18,105,50,28,218,195,181,173,43,169,130,206,17,58,242,59,17,58,105,59,130,212,132,58,105,59,17,58,143,2,234,209,198
Best fitness found so far: 0.6445846131795089; k: 2.0
Generation: 98; 0.6445846131795089; k: 2.0; 105,160,250,218,195,16,173,43,169,130,206,17,141,105,59,234,209,141
Best fitness found so far: 0.6445846131795089; k: 2.0
Generation: 99; 0.6445846131795089; k: 2.0; 105,134,250,218,195,181,173,43,169,130,206,17,201,105,38,18,26,195,181,173,43,169,130,206,17,58,218,195,181,4,40,85,151,167,119,63,90,129,187,170,240,105,50,250,135,195,181,173,7,39,206,234,209,79,38,18,26,195,181,173,43,169,130,206,17,58,218,195,181,4,40,85,151,167,119,63,90
Best fitness found so far: 0.6445846131795089; k: 2.0
Generation: 100; 0.6445846131795089; k: 2.0; 123,128,250,218,195,181,173,43,169,130,206,17,58,105,167,234,62,176,151,145,41,132,51,9,201,130,206,192,58,105,59,234,148,176,128,23,26,225,150,101,186,201,109,105,166
Best fitness found so far: 0.6445846131795089; k: 2.0
Generation: 101; 0.6445846131795089; k: 2.0; 80,50,250,218,195,181,127,223,169,130,206,117,58,105,48,10,123,195,181,173,43,141
Best fitness found so far: 0.6445846131795089; k: 2.0
Generation: 102; 0.6445846131795089; k: 2.0; 80,50,250,218,195,181,173,43,169,130,220,17,58,105,59,234,114,176,63,23,26,203,51,138,201,49,67,7,209,167,158
Best fitness found so far: 0.6445846131795089; k: 2.0
Generation: 103; 0.6445846131795089; k: 2.0; 217,50,250,218,195,181,173,43,169,130,206,17,58,160,59,234,79,176,63,23,26,203,51,105,50,10,218,243,181,249,130,206,104,58,105,59,234,114,176,197,23,26,203,51,9,89,154,137,145,186,182,124,145,222
Best fitness found so far: 0.6445846131795089; k: 2.0
Generation: 104; 0.6445846131795089; k: 2.0; 80,50,250,14,45,181,173,43,17,130,206,17,144,105,59,175,205,176,63,63,26,203,51,206,17,117,235
Best fitness found so far: 0.6445846131795089; k: 2.0
Generation: 105; 0.6445846131795089; k: 2.0; 105,214,165,218,63,181,173,248,169,30,206,17,58,74,196,234,79,176,63,23,221,42,114,186,128,49,67,7,105,50,250,218,195,36,173,43,169,130,206,17,58,105,127,234,62,176,143,145,26,203,51,9,201,49,169,7,39,102,10,218,246,48,239,144,187,20,58,229,59,234,124
Best fitness found so far: 0.6445846131795089; k: 2.0
Generation: 106; 0.6445846131795089; k: 2.0; 230,50,10,218,195,181,173,43,169,130,206,182,58,105,123,233,81,164,180,145,160,59,248,213,176,63,140,26,203,51,109
Best fitness found so far: 0.6445846131795089; k: 2.0
Generation: 107; 0.6445846131795089; k: 2.0; 105,50,250,218,195,181,173,43,169,130,206,17,212,105,82,234,110,3,228,91,54,211,201,169,110,158,17,113,125,39,4,193,35,192,50,250,218,195,181,173,43,169,130,206,17,58,105,167,234,62,176,63,145,26,203,18,9,201,49,67,7,39,130,10,218,246,67,117,144,187,20,58,105,59,234,25
Best fitness found so far: 0.6445846131795089; k: 2.0
Generation: 108; 0.6445846131795089; k: 2.0; 247,50,250,218,57,181,173,43,169,130,206,17,105,35,250,218,195,181,173,235,81,130,206,136,58,105,59,46,111,72,200,17,195,181,173,245,169,184,206,17,117,33
Best fitness found so far: 0.6445846131795089; k: 2.0
Generation: 109; 0.6445846131795089; k: 2.0; 105,166,250,218,195,181,173,213,169,130,206,192,52,91,200,205,35,201,220,52,11,150,107,129,34,58,240,163,216,53,146,245,201,129,92,26,203,29,125,247,78,213,210,108,41,81,201,180,145,234,56
Best fitness found so far: 0.6445846131795089; k: 2.0
Generation: 110; 0.6445846131795089; k: 2.0; 105,50,250,218,195,181,173,43,169,130,206,17,58,105,167,234,62,176,63,145,78,203,51,9,201,49,67,7,39,112,10,218,246,67,117,49,187,20,58,90,91,95,199
Best fitness found so far: 0.6445846131795089; k: 2.0
Generation: 111; 0.6445846131795089; k: 2.0; 78,174,250,218,157,181,173,43,169,130,174,17,58,105,59,234,79,176,167,234,171,11,143,145,26,195,221,9,201,49,67,7,39,138,10,218,246,48,145,144,187,124,70,229,59,234,25
Best fitness found so far: 0.6445846131795089; k: 2.0
Generation: 112; 0.6445846131795089; k: 2.0; 105,166,250,218,195,181,173,43,169,130,206,192,58,105,59,46,158,176,63,23,26,203,51,9,137,49,67,7,39,231,174,48,216,173,107,101,82,129,22,70,126,12,102,149,83,122,233,28,50,250,218,195,181,173,43,169,130,206,17,169,105,40,18,26,53,102,52,91,150,108,35,201,109,52,11,150,107,80,96,199,240,163,216,3,217,71,201,133,92,26,203,60,154,216,78,229,165,121,26,81,201,180,145,142,25
Best fitness found so far: 0.6445846131795089; k: 2.0
Generation: 113; 0.6445846131795089; k: 2.0; 80,50,250,14,195,181,173,43,169,130,206,137,215,105,59,80,114,176,63,61,26,203,45,105,204,49,132,58,105,59,115,58,105,2,234,209,198
Best fitness found so far: 0.6445846131795089; k: 2.0
Generation: 114; 0.6445846131795089; k: 2.0; 80,50,250,14,45,181,173,43,169,130,206,17,140,105,25,175,114,176,63,61,26,203,131,76,204,49,39,250,218,195,6,173,43,157,130,206,17,58,105,59,234,114,176,63,23,202,203,51,9,202,154,137,145,169,130,206,17,58,90,209,89,187,190,103,117,117
Best fitness found so far: 0.6445846131795089; k: 2.0
Generation: 115; 0.6445846131795089; k: 2.0; 105,50,250,218,195,181,173,43,169,130,206,17,58,218,195,52,91,46,247,211,137,115,225,169,130,206,17,58,88,59,234,114,177,63,23,26,203,51,9,201,49,67,31,39,167,158
Best fitness found so far: 0.6445846131795089; k: 2.0
Generation: 116; 0.6445846131795089; k: 2.0; 105,50,250,218,195,181,173,43,169,130,210,102,18,195,123,181,157,43,169,130,206,17,58,121
Best fitness found so far: 0.6445846131795089; k: 2.0
Generation: 117; 0.6445846131795089; k: 2.0; 247,50,250,218,97,181,173,43,169,130,206,17,195,181,173,43,169,112,206,238
Best fitness found so far: 0.6445846131795089; k: 2.0
Generation: 118; 0.6445846131795089; k: 2.0; 80,50,250,134,195,181,173,43,169,130,228,167,58,105,59,175,114,176,63,61,225,210,51,105,204,32,67,7,218,195,181,173,52,169,130,206,17,58,105,59,206,192,58,92,59,46,158,176,63,23,26,162,25
Best fitness found so far: 0.6445846131795089; k: 2.0
Generation: 119; 0.6445846131795089; k: 2.0; 105,50,10,218,195,181,173,43,169,130,206,17,58,62,209,89,187,20,103,70,126,12,44,18,248,218,14,181,102,167,234,62,176,143,145,132,132,51,9,201,49,67,7,39,102,10,218,246,74,239,144,237,20,58,229,59,234,25
Best fitness found so far: 0.6445846131795089; k: 2.0
Generation: 120; 0.6445846131795089; k: 2.0; 105,50,10,218,195,181,173,43,169,130,206,17,58,242,59,17,204,49,67,7,209,167,158
Best fitness found so far: 0.6445846131795089; k: 2.0
Generation: 121; 0.6445846131795089; k: 2.0; 11,50,95,218,195,181,173,43,169,130,206,17,47,105,229,141,228,78,216,195,181,173,18,52,91,27,31,35,201,220,52,47,150,107,128,34,199,240,163,216,53,146,245,201,129,92,26,203,199,125,247,78,229,210,121,29,81,201,180,145,234,25
Best fitness found so far: 0.6445846131795089; k: 2.0
Generation: 122; 0.6445846131795089; k: 2.0; 80,50,250,218,195,181,173,138,169,130,206,17,58,105,59,161,114,176,63,23,88,203,51,149,201,49,67,167,169,38,216,173,107,101,82,129,22,108,126,12,102,149,83,122,233,28,155,118,119,90,129,95,199
Best fitness found so far: 0.6445846131795089; k: 2.0
Generation: 123; 0.6445846131795089; k: 2.0; 105,50,250,218,195,181,173,43,169,130,206,17,58,105,167,234,62,176,63,234,209,141
Best fitness found so far: 0.6445846131795089; k: 2.0
Generation: 124; 0.6445846131795089; k: 2.0; 105,166,250,218,195,181,173,43,169,130,206,192,58,105,59,46,158,176,63,23,26,7,51,9,112,89,187,190,103,117,117
Best fitness found so far: 0.6445846131795089; k: 2.0
Generation: 125; 0.6445846131795089; k: 2.0; 57,50,250,218,195,181,173,138,169,130,206,17,103,173,43,169,130,206,17,183,105,225,150,101,35,201,95
Best fitness found so far: 0.6445846131795089; k: 2.0
Generation: 126; 0.6445846131795089; k: 2.0; 105,50,250,218,195,181,173,43,169,130,206,17,58,105,196,203,51,96,201,150,67,158,209,167,158
Best fitness found so far: 0.6445846131795089; k: 2.0
Generation: 127; 0.6445846131795089; k: 2.0; 105,50,10,218,195,181,173,43,169,130,206,62,58,242,59,181,173,169,130
Best fitness found so far: 0.6445846131795089; k: 2.0
Generation: 128; 0.6445846131795089; k: 2.0; 105,50,10,218,195,181,173,43,169,130,206,17,208,116,50,10,218,195,181,173,43,169,130,206,17,149,115,59,17,58,105,59,130,206,132,58,105,59,17,58,105,2,234,209,198
Best fitness found so far: 0.6445846131795089; k: 2.0
Generation: 129; 0.6445846131795089; k: 2.0; 105,50,250,218,195,181,173,43,169,130,206,17,169,76,176,18,26,53,18,206,91,150,108,35,201,109,52,11,150,107,80,96,199,240,163,216,3,217,71,190,133,92,26,203,208,154,124,141,228,73,216,65,32,33,153
Best fitness found so far: 0.6445846131795089; k: 2.0
Generation: 130; 0.6445846131795089; k: 2.0; 239,50,250,218,195,181,173,43,169,130,206,17,100,105,59,234,110,105,59,28,155,118,119,90,91,192,199
Best fitness found so far: 0.6445846131795089; k: 2.0
Generation: 131; 0.6445846131795089; k: 2.0; 105,50,95,218,195,181,173,43,169,130,206,17,173,43,169,130,206,200,67,7,39,167,185,163,216,173,107,181,173,94,169,130,58,105,59,234,114,176,63,23,26,247,51
Best fitness found so far: 0.6445846131795089; k: 2.0
Generation: 132; 0.6445846131795089; k: 2.0; 78,174,250,218,195,181,173,43,169,130,174,17,58,105,59,234,79,77,63,23,26,203,51,9,137,49,67,7,143,167,142,163,216,173,107,101,82,129,22,108,126,12,153,106,83,218,225,181,173,207,169,130,206,192,58,105,59,234,114,176,63,169,26,203,51,9,137,49,67,7,39,169,142,163,216,173,107,101,82,79,22,108,126,12,102,126,83,122,233,28,155,118,119,90,60,166,199,101,239,129,22,108,126,12,102,126,83,122,233,28,155,118,149,90,60,166,199
Best fitness found so far: 0.6445846131795089; k: 2.0
Generation: 133; 0.6445846131795089; k: 2.0; 105,50,250,218,195,181,173,43,169,130,206,17,58,140,105,50,250,218,195,110,173,43,169,130,206,17,58,105,59,234,114,176,63,235,26,203,51,9,89,154,137,145,186,205,124,145,26
Best fitness found so far: 0.6445846131795089; k: 2.0
Generation: 134; 0.6445846131795089; k: 2.0; 94,144,250,218,195,181,173,43,169,130,206,17,58,105,167,234,62,79,176,63,23,26,42,114,9,135,49,67,7,195,181,173,94,109
Best fitness found so far: 0.6445846131795089; k: 2.0
Generation: 135; 0.6445846131795089; k: 2.0; 136,160,250,218,195,181,81,43,169,130,206,17,169,35,176,18,145,26,203,51,9,201,49,19,7,39,102,10,218,246,48,239,144,187,20,58,229,59,234,25
Best fitness found so far: 0.6445846131795089; k: 2.0
Generation: 136; 0.6445846131795089; k: 2.0; 107,174,250,218,195,181,173,43,169,130,174,17,58,105,59,234,79,176,167,234,62,84,205,104,26,203,51,9,201,49,67,7,39,102,10,218,246,48,239,144,187,20,58,130,206,17,169,105,59,234,110,3,95,91,54,221,201,59,110,158,17,113,125,39,4,193,35,192,109
Best fitness found so far: 0.6445846131795089; k: 2.0
Generation: 137; 0.6445846131795089; k: 2.0; 105,50,10,218,195,181,173,43,169,130,206,17,208,129,53,18,52,91,181,173,43,169,130,206,17,58,105,59,152,114,76,63,61,26,203,117,19,204,49,105,50,250,218,195,181,173,43,169,130,206,17,236,206
Best fitness found so far: 0.6445846131795089; k: 2.0
Generation: 138; 0.6445846131795089; k: 2.0; 105,50,10,218,195,181,173,43,169,130,206,17,58,105,243,233,81,50,10,218,195,181,173,43,169,130,206,17,218,195,181,39,99,79
Best fitness found so far: 0.6445846131795089; k: 2.0
Generation: 139; 0.6445846131795089; k: 2.0; 105,50,250,218,195,181,173,43,169,130,18,17,58,105,59,234,79,176,63,23,26,203,51,105,50,180,145,222
Best fitness found so far: 0.6445846131795089; k: 2.0
Generation: 140; 0.6445846131795089; k: 2.0; 105,50,250,218,151,181,173,43,17,130,206,17,58,53,147,234,62,176,143,145,105,176,17,36,53,48,52,99,27,108,35,201,220,52,11,150,107,129,34,199,240,163,216,53,146,245,201,129,92,26,181,173,43,169,130,206,17,62,9,181,173,94,36,130
Best fitness found so far: 0.6445846131795089; k: 2.0
Generation: 141; 0.6445846131795089; k: 2.0; 11,50,95,218,195,181,173,43,169,130,206,17,94,233,203,195,181,173,43,107,130,206,26,58,69,124,141,228,73,216,66,44,195,181,173,43,93,130,33,17,178,86,59,234,79,176,167,234,62,93,143,62,26,203,51,9,201,43,169,130,206,17,62,141,62,76,117
Best fitness found so far: 0.6445846131795089; k: 2.0
Generation: 142; 0.6445846131795089; k: 2.0; 186,50,250,218,195,181,219,43,169,130,206,17,58,105,59,234,114,176,63,23,41,203,104,9,201,49,67,7,39,174,1,191,105,158,130,206,132,58,105,59,40,58,105,2,234,209,198
Best fitness found so far: 0.6445846131795089; k: 2.0
Generation: 143; 0.6445846131795089; k: 2.0; 165,50,250,218,195,181,173,43,169,130,206,17,58,105,59,234,114,176,63,23,26,203,51,138,201,49,67,7,193,177,158
Best fitness found so far: 0.6445846131795089; k: 2.0
Generation: 144; 0.6445846131795089; k: 2.0; 105,166,250,218,179,181,173,43,169,130,206,192,58,101,82,129,22,108,126,89,102,149,83,122,233,28,155,118,119,90,129,95,199
Best fitness found so far: 0.6445846131795089; k: 2.0
Generation: 145; 0.6445846131795089; k: 2.0; 105,50,250,218,195,181,141,43,169,130,206,17,58,105,59,203,51,9,106,55,67,187,39,62,84,143,145,26,203,51,9,201,49,67,7,39,102,10,218,246,48,239,144,156,20,58,229,59,6,25
Best fitness found so far: 0.6445846131795089; k: 2.0
Generation: 146; 0.6445846131795089; k: 2.0; 157,50,250,14,195,181,173,43,169,130,206,17,106,105,59,53,114,76,63,61,26,206,11,105,204,215,105,50,250,218,65,32,192,58,105,59,88,158,5,63,23,26,203,204,28,137,49,126,118,70,218,195,43,145,120,79
Best fitness found so far: 0.6445846131795089; k: 2.0
Generation: 147; 0.6445846131795089; k: 2.0; 105,154,10,35,195,181,173,193,169,130,206,17,218,195,203,81,164,180,145,160,59,248,114,176,71,44,26,203,51,96,201,49,67,158,209,167,158
Best fitness found so far: 0.6445846131795089; k: 2.0
Generation: 148; 0.6445846131795089; k: 2.0; 105,50,250,218,195,181,173,43,169,130,102,17,58,27,69,234,169,130,206,17,218,195,247,127,206,166,10,218,195,181,39,65,79
Best fitness found so far: 0.6445846131795089; k: 2.0
Generation: 149; 0.6445846131795089; k: 2.0; 105,144,250,218,195,181,173,43,169,130,206,17,58,105,167,234,62,186,205,229,145,222
Best fitness found so far: 0.6445846131795089; k: 2.0
Generation: 150; 0.6445846131795089; k: 2.0; 105,50,10,218,195,181,173,43,169,130,206,17,105,59,234,209,58,136,59,234,114,176,63,23,26,203,51,26,201,49,67,7,209,167,158,173,43,169,130,206,17,105,59
Best fitness found so far: 0.6445846131795089; k: 2.0
Generation: 151; 0.6445846131795089; k: 2.0; 105,50,10,218,195,181,173,43,169,130,206,17,58,90,209,89,187,20,103,108,126,12,44,18,166,20,218,195,181,173,223,169,130,206,192,58,105,59,53,158,176,63,119,26,203,51,9,126,49,67,108,39,167,142,195,39,195,230,169,130,206,192,58,105,59,234,114,176,169,23,26,203,51,9,137,49,67,7,39,167,185,163,216,160,107,138,173,171,169,112,58,105,59,175,156,176,197,61,113,210,51,105,48,49,30,7,218,195,28,69,167,169,130,206,17,58,105,59,234,114,7,63,23,38,203,214,61,201,49,174,7,194,91,158,51,9,137,49,67,7,39,167,185,163,216,160,107,138,173,171,169,112,58,105,59,175,156,176,197,61,113,210,51,105,48,49,30,7,218,195,28
Best fitness found so far: 0.6445846131795089; k: 2.0
Generation: 152; 0.6445846131795089; k: 2.0; 50,50,250,218,195,181,173,43,169,130,206,17,169,193,59,13,247,3,59,91,54,211,110,169,50,10,218,195,181,39,65,79
Best fitness found so far: 0.6445846131795089; k: 2.0
Generation: 153; 0.6445846131795089; k: 2.0; 80,50,250,218,195,181,41,43,169,130,206,17,58,105,59,234,114,176,240,23,26,203,51,138,201,49,3,101,209,17,58,105,59,181,173,43,169,130,206,192,58,105,59,46,158,176,63,23,26,162,25
Best fitness found so far: 0.6445846131795089; k: 2.0
Generation: 154; 0.6445846131795089; k: 2.0; 105,50,250,218,195,181,173,43,169,130,102,17,58,105,59,234,169,130,105,50,10,218,195,181,173,43,169,130,206,17,58,105,59,234,209,141
Best fitness found so far: 0.6445846131795089; k: 2.0
Generation: 155; 0.6445846131795089; k: 2.0; 105,122,250,218,85,181,173,43,169,130,206,192,58,105,59,234,114,176,63,23,26,203,14,9,137,49,67,7,39,167,185,163,216,173,107,181,173,94,169,130,220,105,59,234,114,68,63,237,107,82,65,72,145,181,173,65,241,147,218,85,181,173,43,169,130,206,192
Best fitness found so far: 0.6445846131795089; k: 2.0
Generation: 156; 0.6445846131795089; k: 2.0; 78,50,250,218,195,181,173,43,169,130,206,17,58,105,59,203,51,144,173,43,169,130,206,17,201,105,176,18,26,17,181,173,43,169,130,206,17,58,218,195,181,173,109
Best fitness found so far: 0.6445846131795089; k: 2.0
Generation: 157; 0.6445846131795089; k: 2.0; 105,50,250,218,195,181,173,43,169,130,206,17,58,105,167,234,62,176,143,145,105,176,121,36,53,18,52,91,27,108,244,199
Best fitness found so far: 0.6445846131795089; k: 2.0
Generation: 158; 0.6445846131795089; k: 2.0; 50,50,10,218,195,181,173,43,169,130,206,17,183,4,225,14,5,50,250,218,195,181,173,94,169,130
Best fitness found so far: 0.6445846131795089; k: 2.0
Generation: 159; 0.6445846131795089; k: 2.0; 105,50,10,218,195,181,173,43,169,130,206,17,183,4,225,14,105,50,250,218,195,181,173,94,43,169,116,206,17,130,195,181,179,99,79
Best fitness found so far: 0.6445846131795089; k: 2.0
Generation: 160; 0.6445846131795089; k: 2.0; 105,50,250,218,195,181,173,43,169,130,206,17,58,58,105,59,88,158,176,63,23,97,203,204,9,137,49,67,7,39,218,195,181,39,99,79
Best fitness found so far: 0.6445846131795089; k: 2.0
Generation: 161; 0.6445846131795089; k: 2.0; 105,166,250,218,195,181,173,43,169,130,206,192,58,105,59,46,158,176,63,186,26,203,51,9,137,197,67,238,39,167,142,195,23,195,43,169,130,174,192,58,105,59,234,114,176,169,23,26,203,51,9,137,49,67,7,39,172,185,163,216,160,107,138,173,94,212,130,58,105,59,117
Best fitness found so far: 0.6445846131795089; k: 2.0
Generation: 162; 0.6445846131795089; k: 2.0; 105,50,250,218,195,181,173,43,169,130,206,17,58,218,195,181,195,181,127,158
Best fitness found so far: 0.6445846131795089; k: 2.0
Generation: 163; 0.6445846131795089; k: 2.0; 105,50,250,218,195,181,173,43,169,130,206,17,169,185,176,121,26,53,18,52,130,206,17,58,218,195,181,173,109
Best fitness found so far: 0.6445846131795089; k: 2.0
Generation: 164; 0.6445846131795089; k: 2.0; 105,50,250,218,195,181,173,43,169,130,206,17,169,105,176,18,26,53,18,52,91,150,108,35,31,109,52,11,150,107,80,96,199,240,163,216,3,217,71,201,133,92,26,203,208,154,216,205,17,9,128,49,67,7,109
Best fitness found so far: 0.6445846131795089; k: 2.0
Generation: 165; 0.6445846131795089; k: 2.0; 105,166,250,218,195,181,173,43,215,130,206,192,218,66,59,46,158,176,63,186,26,203,51,9,137,49,67,238,39,214,142,195,23,195,43,169,130,206,192,58,250,59,234,114,176,169,23,26,203,51,9,137,49,67,7,39,167,185,163,216,160,107,138,173,94,169,130,201,49,67,7,209,181,158
Best fitness found so far: 0.6445846131795089; k: 2.0
Generation: 166; 0.6445846131795089; k: 2.0; 105,50,250,218,195,181,173,43,169,130,206,17,58,17,58,105,59,200,170,198
Best fitness found so far: 0.6445846131795089; k: 2.0
Generation: 167; 0.6445846131795089; k: 2.0; 105,50,250,218,195,181,173,43,121,130,150,17,34,193,59,234,110,247,59,217,54,4,110,169,50,10,218,195,181,39,65,204
Best fitness found so far: 0.6445846131795089; k: 2.0
Generation: 168; 0.6445846131795089; k: 2.0; 105,50,250,218,195,181,173,43,169,130,206,17,58,105,59,203,51,9,201,55,67,7,39,173,43,242,130,206,17,40,240,128,11,237,107,82,65,218,145,181,173,65,241,130
Best fitness found so far: 0.6445846131795089; k: 2.0
Generation: 169; 0.6445846131795089; k: 2.0; 37,50,10,218,195,181,173,43,169,130,206,17,58,105,124,168,172,130
Best fitness found so far: 0.6445846131795089; k: 2.0
Generation: 170; 0.6445846131795089; k: 2.0; 105,166,250,218,195,181,173,43,169,130,206,192,58,105,211,201,109,52,178,42,107,78,1,85,147,236,7,228,138,80,65,206,78,15,201,147,195,141,210,73,216,65,32,33,250,3,36,223,234,114,176,128,23,26,192,150,101,35,201,109,105,166
Best fitness found so far: 0.6445846131795089; k: 2.0
Generation: 171; 0.6445846131795089; k: 2.0; 105,50,250,218,113,181,55,43,169,130,206,17,169,105,59,234,110,3,66,91,54,221,47,50,4,218,195,181,173,43,169,130,206,64,91,105,59,149,114,145,63,23,26,203,51,9,89,154,30,145,186,205,124,136,50,250,218,195,181,81,63,169,130,206,17,169,130,206,17,62,93,181,173,94,189,130
Best fitness found so far: 0.6445846131795089; k: 2.0
Generation: 172; 0.6445846131795089; k: 2.0; 105,166,250,218,195,181,173,43,169,130,206,192,58,105,110,144,158,176,63,186,26,203,51,9,137,49,67,238,39,167,142,195,23,195,43,169,130,206,192,58,105,52,234,114,176,169,147,26,203,51,9,137,49,67,7,39,125,107,163,216,160,107,138,220,94,169,130,58,105,59,175,156,176,197,61,113,210,51,105,48,49,67,7,218,195,28,173,167,169,130,206,17,58,105,59,234,114,176,63,23,26,203,214,61,82,49,174,50,250,218,195,181,173,43,169,130,206,17,58,105,63,23,26,102,51,105,50,10,218,243,181,249,43,169,130,206,17,62,105,141,76,117
Best fitness found so far: 0.6445846131795089; k: 2.0
Generation: 173; 0.6445846131795089; k: 2.0; 105,50,10,218,195,181,155,43,169,130,206,17,58,105,123,233,81,164,180,19,222,50,10,218,117,181,173,43,169
Best fitness found so far: 0.6445846131795089; k: 2.0
Generation: 174; 0.6445846131795089; k: 2.0; 105,50,10,218,195,181,173,43,169,130,206,17,208,129,228,18,52,91,105,247,202,137,115,206,17,58,105,59,175,114,212,63,61,26,212,51,105,204,49,67,7,209,167,158
Best fitness found so far: 0.6445846131795089; k: 2.0
Generation: 175; 0.6445846131795089; k: 2.0; 80,50,250,20,195,181,173,138,169,130,206,17,58,5,192,58,105,59,203,114,176,169,23,26,203,99,9,30,49,67,7,39,167,185,163,216,160,107,138,173,94,169,130,58,105,59,234,60,176,34,23,26,203,9
Best fitness found so far: 0.6445846131795089; k: 2.0
Generation: 176; 0.6445846131795089; k: 2.0; 159,50,250,14,195,181,249,43,169,130,206,17,106,87,59,53,114,76,63,61,26,206,11,105,204,169,130,206,17,169,105,176,18,26,53,18,52,91,152,108,35,201,109,52,11,150,107,80,96,199,240,163,216,3,217,71,201,172,92,26,105,208,154,216,78,229,165,121,26,81,201,180,145,161,25
Best fitness found so far: 0.6445846131795089; k: 2.0
Generation: 177; 0.6445846131795089; k: 2.0; 105,50,10,218,17,181,173,43,169,130,206,17,58,90,233,249,187,20,103,108,126,12,96,18,248,218,14,170,173,43,169,130,129,17,110,105,105,50,10,218,195,181,173,43,169,130,206,17,144,195,181,39,99,79
Best fitness found so far: 0.6445846131795089; k: 2.0
Generation: 178; 0.6445846131795089; k: 2.0; 105,50,10,218,195,181,43,43,169,130,206,17,208,129,53,18,52,91,57,247,211,137,115,225,169,130,206,17,58,125,59,234,114,177,63,23,26,203,51,9,201,49,67,31,39,167,207
Best fitness found so far: 0.6445846131795089; k: 2.0
Generation: 179; 0.6445846131795089; k: 2.0; 105,160,250,218,179,181,173,43,169,130,206,192,58,105,59,88,158,176,63,23,26,59,46,158,176,63,23,26,203,51,9,137,49,67,7,39,167,142,248,17,58,105,167,234,62,176,143,145,26,203,51,9,94,49,67,158,39,102,10,218,246,48,239,144,187,20,58,229,59,234,25
Best fitness found so far: 0.6445846131795089; k: 2.0
Generation: 180; 0.6445846131795089; k: 2.0; 136,50,250,218,195,181,81,43,169,130,206,17,43,169,130,206,246,58,105,124,91,228,42,216,65,32,33,193
Best fitness found so far: 0.6445846131795089; k: 2.0
Generation: 181; 0.6445846131795089; k: 2.0; 105,166,250,218,195,181,199,43,169,130,206,192,58,105,59,234,114,86,63,23,26,203,51,9,137,49,67,7,154,167,65,163,99,223
Best fitness found so far: 0.6445846131795089; k: 2.0
Generation: 182; 0.6445846131795089; k: 2.0; 103,50,250,218,195,181,173,43,169,130,164,17,169,185,59,234,181,173,39,169,130,206,192,58,105,59,46,158,176,63,23,26,162,25
Best fitness found so far: 0.6445846131795089; k: 2.0
Generation: 183; 0.6445846131795089; k: 2.0; 105,50,250,218,153,181,173,43,169,130,102,17,58,27,69,175,169,130,7,39,22,142,135,216,218,107,101,82,129,22,108,126,12,102,149,83,122,233,28,155,118,119,90,129,95,199
Best fitness found so far: 0.6445846131795089; k: 2.0
Generation: 184; 0.6445846131795089; k: 2.0; 105,166,250,218,195,181,173,43,169,130,206,192,58,105,59,234,114,176,128,23,26,67,117,144,187,20,58,105,59,108,25
Best fitness found so far: 0.6445846131795089; k: 2.0
Generation: 185; 0.6445846131795089; k: 2.0; 50,50,250,218,195,181,173,43,169,130,206,17,105,59,234,209,141
Best fitness found so far: 0.6445846131795089; k: 2.0
Generation: 186; 0.6445846131795089; k: 2.0; 105,166,250,218,195,86,173,43,169,130,206,192,58,105,59,234,114,176,63,23,26,195,51,9,137,49,67,7,143,167,142,163,216,173,107,101,82,129,22,108,126,12,102,106,83,1,77,181,173,43,172,100,206,192,58,105,59,234,114,176,63,169,26,203,51,9,137,18,67,7,39,167,142,163,216,173,107,101,82,129,22,108,126,12,102,126,83,122,233,28,155,118,119,90,60,166,199,101,82,129,22,206,17,58,121
Best fitness found so far: 0.6445846131795089; k: 2.0
Generation: 187; 0.6445846131795089; k: 2.0; 105,50,250,218,195,181,173,43,169,130,206,17,8,105,41,54,114,176,63,225,14,105,50,160,218,195,181,173,94,228,130
Best fitness found so far: 0.6445846131795089; k: 2.0
Generation: 188; 0.6445846131795089; k: 2.0; 80,50,250,14,195,181,173,43,169,130,206,17,146,245,201,129,92,88,203,208,154,216,78,229,176,121,26,81,173,180,145,234,25
Best fitness found so far: 0.6445846131795089; k: 2.0
Generation: 189; 0.6445846131795089; k: 2.0; 216,50,250,14,195,181,173,43,169,130,206,17,58,105,59,66,114,176,63,61,26,203,51,105,204,49,169,130,206,17,62,105,62,76,117
Best fitness found so far: 0.6445846131795089; k: 2.0
Generation: 190; 0.6445846131795089; k: 2.0; 105,50,165,218,63,181,95,248,169,30,206,17,58,111,162,31,79,176,63,105,62,76,117
Best fitness found so far: 0.6445846131795089; k: 2.0
Generation: 191; 0.6445846131795089; k: 2.0; 105,50,250,218,195,181,173,43,169,130,206,17,237,20,58,229,59,53,25
Best fitness found so far: 0.6445846131795089; k: 2.0
Generation: 192; 0.6445846131795089; k: 2.0; 105,98,10,218,99,181,173,43,169,130,206,17,183,4,225,14,105,50,250,237,195,181,173,94,169,169,130,206,17,58,215,167,234,62,176,143,145,26,132,51,9,151,49,67,7,39,102,10,218,246,48,239,144,237,20,58,229,59,234,25
Best fitness found so far: 0.6445846131795089; k: 2.0
Generation: 193; 0.6445846131795089; k: 2.0; 80,50,250,14,195,181,173,43,169,130,206,17,58,105,59,31,114,76,154,62,169,203,51,105,204,49,105,39,28,155,118,119,90,91,95,102
Best fitness found so far: 0.6445846131795089; k: 2.0
Generation: 194; 0.6445846131795089; k: 2.0; 105,166,250,218,195,86,173,43,169,130,206,192,58,105,59,34,114,176,63,23,26,203,51,9,137,49,4,7,143,167,142,163,216,173,107,101,82,129,22,108,126,12,102,106,83,218,77,181,173,43,169,135,206,192,58,105,59,109,114,176,63,169,26,58,51,9,137,49,104,7,39,167,142,163,64,173,107,101,82,129,22,108,126,12,102,142,83,122,233,28,155,118,119,90,60,166,199,101,95,210,71,29,126,12,102,126,83,122,233,237,155,117,119,146,60,166,199
Best fitness found so far: 0.6445846131795089; k: 2.0
Generation: 195; 0.6445846131795089; k: 2.0; 105,50,250,218,195,181,173,43,121,130,150,17,169,193,59,234,50,3,59,91,54,221,71,169,50,12,136,195,181,39,65,79
Best fitness found so far: 0.6445846131795089; k: 2.0
Generation: 196; 0.6445846131795089; k: 2.0; 105,166,250,218,195,181,173,43,169,130,206,192,58,105,59,46,158,176,143,50,26,218,195,181,173,43,169,130,206,17,58,81,238,181,167,158
Best fitness found so far: 0.6445846131795089; k: 2.0
Generation: 197; 0.6445846131795089; k: 2.0; 105,50,250,218,195,181,173,3,169,130,206,17,169,105,176,18,26,53,18,52,26,203,51,138,201,49,67,7,209,167,158
Best fitness found so far: 0.6445846131795089; k: 2.0
Generation: 198; 0.6445846131795089; k: 2.0; 105,166,250,218,195,181,173,43,169,130,206,192,58,105,59,234,114,86,63,23,26,203,51,9,137,49,78,7,39,167,142,163,41,173,107,101,82,129,158,108,163,238,102,231,83,122,233,28,155,118,119,90,60,95,169,130,206,17,58,105,59,234,114,176,63,23,26,103,51,9,27,49,67,7,39,174,1,33,105,158,130,206,132,58,105,59,40,58,105,2,234,209,198
Best fitness found so far: 0.6445846131795089; k: 2.0
Generation: 199; 0.6445846131795089; k: 2.0; 105,26,250,218,195,181,173,43,169,130,206,17,169,105,10,218,193,181,182,43,250,113,195,226,237,43,169,130,206,17,169,105,59,234,110,105,49,250,248,65,32,33,82
Best fitness found so far: 0.6445846131795089; k: 2.0
Total time of execution of seed 7 : 15670262
Solution Fitness: -0.6445846131795089
Variables: random 4 chebyshev split moveBetween join moveAverage
