Generation: 0; 0.011510653773514233; k: 2.0; 131,44,41,247,207,48,139,232,215,74,100,92,209,146
Best fitness found so far: 0.011510653773514233; k: 2.0
Generation: 1; 0.032046664636345326; k: 6.0; 124,151,225,140,197,157,183,61,87,77
Best fitness found so far: 0.032046664636345326; k: 6.0
Generation: 2; 0.5260162309290157; k: 2.0; 219,172,198,115,23,211,45,230,123,77
Best fitness found so far: 0.5260162309290157; k: 2.0
Generation: 3; 0.463354554458279; k: 2.0; 124,65,225,140,159,240,193,18,113,150,99,157,183,61,87,77
Best fitness found so far: 0.5260162309290157; k: 2.0
Generation: 4; 0.4463226272014043; k: 2.0; 124,65,225,140,197,216,67,104,64,105,217
Best fitness found so far: 0.5260162309290157; k: 2.0
Generation: 5; 0.4357403858454799; k: 2.5; 219,90,198,115,23,211,45,230,123,14,223,58,53
Best fitness found so far: 0.5260162309290157; k: 2.0
Generation: 6; 0.42385594080741057; k: 2.4; 187,219,133,228,123,91,121,229,149,205,27,64,229,123,77
Best fitness found so far: 0.5260162309290157; k: 2.0
Generation: 7; 0.5167186319504691; k: 2.0; 95,179,229,94,213,101,131,169,79,230,233
Best fitness found so far: 0.5260162309290157; k: 2.0
Generation: 8; 0.5291177490223343; k: 2.2; 178,179,229,94,213,101,131,169,211,45,104,19,77
Best fitness found so far: 0.5291177490223343; k: 2.2
Generation: 9; 0.6099622230171451; k: 2.0; 187,219,133,67,33,95,37,171,171,115,23,211,187,152,133,67,147,102,99,160,124,77,131,169,38,230,73
Best fitness found so far: 0.6099622230171451; k: 2.0
Generation: 10; 0.48509746551276206; k: 2.0; 124,65,225,140,197,216,183,6,133,67,41,102,231,23,211,220,41,19,77
Best fitness found so far: 0.6099622230171451; k: 2.0
Generation: 11; 0.538333113112096; k: 2.0; 230,179,229,94,213,106,3,109,33,58,45,230,185,45,104,19,87,57,175,207,57,23,185,45
Best fitness found so far: 0.6099622230171451; k: 2.0
Generation: 12; 0.5230865056624292; k: 2.0; 233,90,198,115,183,61,121,229,149,205,59,22,99,125,31,171,136,75,157,151,58,196,94,213,20,92
Best fitness found so far: 0.6099622230171451; k: 2.0
Generation: 13; 0.5786887889443186; k: 2.0; 187,35,133,67,33,111,37,164,171,115,23,211,187,152,133,65,134,5,159,111,193,18,113,163,99,125,31,232,115,130
Best fitness found so far: 0.6099622230171451; k: 2.0
Generation: 14; 0.5786887889443186; k: 2.0; 187,35,133,67,33,111,37,164,171,115,23,211,187,152,133,65,134,5,159,111,193,18,113,130,99,125,31,171,194,115,164,17,45,230,123,87,235
Best fitness found so far: 0.6099622230171451; k: 2.0
Generation: 15; 0.5786887889443186; k: 2.0; 187,35,133,67,33,111,37,164,79,115,23,211,187,152,133,65,134,5,159,111,193,18,113,130,99,125,31,171,194,115,164,53,45,230,123,87,235
Best fitness found so far: 0.6099622230171451; k: 2.0
Generation: 16; 0.6099622230171451; k: 2.0; 187,219,133,67,33,95,37,171,171,115,23,211,187,152,133,67,147,102,99,125,106,232,136,53,91,151,198,196,229,101,188,140,147,102,171,53
Best fitness found so far: 0.6099622230171451; k: 2.0
Generation: 17; 0.6099622230171451; k: 2.0; 187,219,133,67,33,95,37,171,171,115,23,211,187,152,133,67,147,102,99,160,124,77,131,169,152,37,164,171,115,23,211,211,196,133,242,134,5,159,111,193,18,113,130,99,125,31,171,194,115,39,17,45,230,123,87,235
Best fitness found so far: 0.6099622230171451; k: 2.0
Generation: 18; 0.5786887889443186; k: 2.0; 187,35,133,67,33,111,37,164,171,115,23,211,187,152,133,65,134,5,159,111,193,224,113,163,99,125,31,232,115,130
Best fitness found so far: 0.6099622230171451; k: 2.0
Generation: 19; 0.5786887889443186; k: 2.0; 187,35,133,67,33,111,37,164,171,115,23,211,187,152,133,100,134,5,159,242,193,18,191,163,4,125,18,39,169,38,177,102,99,160,232,42,130
Best fitness found so far: 0.6099622230171451; k: 2.0
Generation: 20; 0.6099622230171451; k: 2.0; 187,219,133,67,33,95,37,171,171,115,23,211,187,152,133,67,147,102,99,125,106,232,130,99,125,31,171,194,115,164,17,45,231,123,87,235
Best fitness found so far: 0.6099622230171451; k: 2.0
Generation: 21; 0.6099622230171451; k: 2.0; 187,219,133,67,33,95,37,171,171,115,23,211,187,152,133,67,147,102,99,125,106,232,187,152,133,65,240,5,159,250,192,224,28,69,99,125,31,166,115,130
Best fitness found so far: 0.6099622230171451; k: 2.0
Generation: 22; 0.6099622230171451; k: 2.0; 187,219,133,67,33,95,37,171,171,115,23,211,187,152,133,67,147,102,99,125,106,232,134,152,133,65,177,240,216,250,192,224,28,69,221,197,233,183,61,123,242,225,140,123,233
Best fitness found so far: 0.6099622230171451; k: 2.0
Generation: 23; 0.6099622230171451; k: 2.0; 187,219,158,67,33,95,37,171,171,115,23,211,187,152,133,67,147,102,99,125,106,232,187,152,133,65,240,5,111,193,139,1,144,99,195,110,232,177,131,52,79,134,5,159,111,139,18,113,130,99,125,31,132,194,66,143,17,45,230,221,87,89
Best fitness found so far: 0.6099622230171451; k: 2.0
Generation: 24; 0.6099622230171451; k: 2.0; 187,219,133,67,33,95,37,171,171,115,23,211,187,152,133,67,147,102,99,125,106,232,169,157,151,198,125,197,147,102,171,53
Best fitness found so far: 0.6099622230171451; k: 2.0
Generation: 25; 0.6099622230171451; k: 2.0; 187,219,133,67,33,95,37,171,171,115,23,211,187,152,133,67,147,102,99,125,106,232,169,157,151,198,125,115,147,102,171,53
Best fitness found so far: 0.6099622230171451; k: 2.0
Generation: 26; 0.6099622230171451; k: 2.0; 187,219,158,67,33,95,37,171,171,115,23,211,187,152,133,92,93,102,51,125,106,232,187,152,133,65,240,5,111,193,139,1,102,99,195,110,232,177,131,52,183,134,5,159,111,139,109,113,130,99,125,31,132,194,66,143,17,133,102,134,5,159,171,193,18,163,216,45,230,123,77
Best fitness found so far: 0.6099622230171451; k: 2.0
Generation: 27; 0.6099622230171451; k: 2.0; 187,219,133,67,33,95,223,171,171,115,23,211,187,152,133,67,147,102,99,125,106,232,134,152,133,211,187,152,133,65,134,5,159,111,193,18,9,163,99,125,121,232,18,163,163,40,123,234,152,133,100,134,5,159,196,193,18,191,163,4,125,31,39,169,38,147,102,99,160,81,77,131,169,38,230,73,121,232,18,163,163,40,123,234
Best fitness found so far: 0.6099622230171451; k: 2.0
Generation: 28; 0.6099622230171451; k: 2.0; 187,219,133,67,33,95,223,171,171,115,23,211,187,152,133,67,147,102,99,125,106,232,134,152,133,211,187,152,133,65,134,5,34,111,193,18,9,163,99,125,121,232,77,163,163,40,123,234,152,133,100,108,151,180,196,193,18,191,163,4,125,31,39,169,38,147,102,99,160,81,77,131,169,38,230,73,205,210,150,246,189,108,144,179,169,157,151,237,125,239,147,102,113,53
Best fitness found so far: 0.6099622230171451; k: 2.0
Generation: 29; 0.6099622230171451; k: 2.0; 187,219,133,67,33,100,37,171,171,115,23,211,187,152,171,67,147,117,99,125,106,232,134,152,18,1,75,238,95,110,51,177,131,216,79,95,211,187,152,152,67,147,168,99,125,106,25,218,50,171,161,215,170,61,111,85,151,34
Best fitness found so far: 0.6099622230171451; k: 2.0
Generation: 30; 0.6099622230171451; k: 2.0; 187,219,133,67,33,95,37,171,171,115,23,211,187,152,133,67,147,117,99,125,106,232,134,152,133,65,177,240,216,250,192,224,28,61,221,197,233,183,61,129,242,237,35,133,67,33,111,37,164,225,115,23,25,187,152,133,65,134,224,159,188,193,18,217,163,99,125,31,67,35,95,37,51,171,115,23,211,187,56,133,67,97,102,99,30,35,77,131,169,74,37,164,171,115,72,81,211,196,234,242,134,5,159,111,235,179,226,130,99,125,31,17,194,115,39,17,45,230,173,87,235
Best fitness found so far: 0.6099622230171451; k: 2.0
Generation: 31; 0.6099622230171451; k: 2.0; 15,219,133,67,33,95,37,171,171,115,23,211,187,152,133,67,147,102,99,125,106,232,136,53,59,151,198,211,187,152,133,31,134,84,159,111,34,147,117,99,125,106,232,134,152,133,65,177,240,216,250,192,224,28,69,221,197,233,183,104,104,242,148,140,176,233
Best fitness found so far: 0.6099622230171451; k: 2.0
Generation: 32; 0.6099622230171451; k: 2.0; 187,219,133,67,33,95,37,171,171,115,23,211,187,152,133,67,147,117,99,125,106,232,153,183,133,65,177,240,92,250,192,224,28,61,221,197,233,183,61,129,242,237,35,133,67,33,111,37,164,225,115,23,25,187,152,57,65,134,224,159,167,28,69,45,125,31,166,115,130
Best fitness found so far: 0.6099622230171451; k: 2.0
Generation: 33; 0.6099622230171451; k: 2.0; 187,219,133,67,33,100,37,171,171,115,23,211,187,152,133,102,147,117,99,125,214,232,134,152,18,1,144,238,95,110,96,177,131,43,79,176,211,187,152,133,67,147,102,46,125,51,232,163,53,91,99,125,31,171,194,70,140,147,34,171,53,115,23,211,187,152,133,102,147
Best fitness found so far: 0.6099622230171451; k: 2.0
Generation: 34; 0.6099622230171451; k: 2.0; 187,219,133,67,233,95,37,171,171,115,23,211,187,187,133,122,147,117,85,125,106,232,134,152,211,187,152,133,65,134,5,159,229,146,205,210,150,246,189,108,144,179,169,157,85,88,187
Best fitness found so far: 0.6099622230171451; k: 2.0
Generation: 35; 0.6099622230171451; k: 2.0; 187,219,133,67,33,45,37,171,171,115,23,211,187,152,171,67,147,117,119,125,106,232,221,100,21,171,171,115,23,211,187,152,133,67,147,117,99,125,106,232,134,152,18,1,202,238,95,110,51,177,131,82,72,176,211,187,99,133,67,147,14,99,125,106,14,163,53,91,232,198,196,91,101,60,140,193,18,12,163,99,78,160,71,194,95,45,230,185,45,116,218,225,121,68,31,226,125,106,232,134,152,18,1,202,238,95,110,51,177,131,82,62,176,148,187,152,133,67,147,102,99,125,106,232,163,53,91,232,198
Best fitness found so far: 0.6099622230171451; k: 2.0
Generation: 36; 0.6099622230171451; k: 2.0; 187,219,133,67,33,95,37,171,171,115,23,211,187,152,133,67,147,102,99,125,106,232,187,103,133,65,240,5,159,250,192,61,103,229,146,154,210,150,246,189,108,144,179,169,157,143,88,133,102,99,5,159,171,193,18,163,216,45,230,123,77
Best fitness found so far: 0.6099622230171451; k: 2.0
Generation: 37; 0.6099622230171451; k: 2.0; 205,219,133,67,233,95,37,171,101,115,23,211,187,187,133,122,147,142,85,125,120,232,134,152,211,187,152,133,65,134,5,159,125,106,232,169,133,250,33,111,37,164,171,115,23,211,187,152,133,205,130,5,159,242,193,18,5,88,4,125,31,60,169,38,115,111,183,18,188,144,99,95,110,232,106,211,52,79,148,6,99,105,16,125,206,232,114,249,208,208,33,67,174,198,187,15,219,133,67,154,95,232,171,171,115,45,211,67,26,133,136,179,102,99,125,106,232,36,53,59,151,198,90,238,152,149,31,134,84,159,111,34,147,117,99,125,106,232,134,215,133,65,177,46,216,250,192,224,28,69,221,197,233,183,95,104,242,148,140,176,233
Best fitness found so far: 0.6099622230171451; k: 2.0
Generation: 38; 0.6099622230171451; k: 2.0; 187,219,133,217,33,95,37,171,171,115,23,211,187,152,133,67,147,102,99,125,54,232,187,152,133,65,211,187,152,133,67,147,102,134,125,106,232,169,157,151,198,125,115,147,102,171,53
Best fitness found so far: 0.6099622230171451; k: 2.0
Generation: 39; 0.6099622230171451; k: 2.0; 195,219,218,67,33,95,37,171,171,115,23,211,187,152,133,67,147,67,79,125,106,232,136,53,59,217,146,211,187,25,92,23,211,211,196,133,23,211,211,196,245,147,134,5,159,111,193,18,113,130,99,125,31,171,194,123,39,17,45,230,123,87,57
Best fitness found so far: 0.6099622230171451; k: 2.0
Generation: 40; 0.6099622230171451; k: 2.0; 187,201,133,67,33,95,37,171,75,115,23,106,187,152,133,67,147,102,99,125,106,232,134,152,133,65,177,240,216,250,192,177,240,92,250,192,224,219,133,67,33,95,228,171,171,115,23,211,187,152,133,67,147,102,99,125,106,232,136,53,59,151,133,211,187,152,133,31,134,84,159,178,34,167,117,99,134,106,232,134,152,133,65,177,240,216,250,192,224,28,69,221,197,233,183,104,104,242,148,140,88,233
Best fitness found so far: 0.6099622230171451; k: 2.0
Generation: 41; 0.6099622230171451; k: 2.0; 187,219,133,67,33,95,37,171,171,115,23,211,3,152,133,67,147,102,99,125,106,232,227,152,14,65,232,77,152,216,159,82,159,158,66,143,17,133,102,134,5,161,171,193,99,160,134,77,131,169,38,230,73,159,82,159,158,66,143,17,133,102
Best fitness found so far: 0.6099622230171451; k: 2.0
Generation: 42; 0.6099622230171451; k: 2.0; 187,219,133,67,33,95,37,171,171,115,23,96,33,152,133,67,159,102,99,125,106,232,187,152,133,65,240,5,17,131,169,59,37,164,171,20,23,185,211,196,133,242,134,5,38,111,193,18,113,130,110,169,31,171,194,115,39,221,45,230,123,87,235,18,3,130,110,161,31,171,194,115,39
Best fitness found so far: 0.6099622230171451; k: 2.0
Generation: 43; 0.6099622230171451; k: 2.0; 187,219,133,67,33,100,21,171,171,115,31,211,187,152,133,67,139,117,99,125,106,232,147,102,224,125,106,232,169,157,56,198,125,197,21,229,146,168,44,139,208,101,28,170,28,49,189,115,136,40,187,205,133,65,19,10,83,111,193,18,9,182,170,184,147,232,56,163,241,9,125,31,232,101,38,112,165
Best fitness found so far: 0.6099622230171451; k: 2.0
Generation: 44; 0.6099622230171451; k: 2.0; 187,219,133,67,33,100,21,216,171,115,23,211,187,152,133,67,147,117,99,125,106,232,134,212,18,1,202,238,95,110,51,177,131,82,62,176,211,187,152,133,67,133,67,147,102,99,160,124,196,131,169,15,37,164,171,115,143,156,211,196,133,242,134,5,38,111,193,189,113,130,110,161,228,171,194,115,39,17,45,230,86,87,235,18,113,130,110,161,31,59,194,115,39
Best fitness found so far: 0.6099622230171451; k: 2.0
Generation: 45; 0.6099622230171451; k: 2.0; 187,219,133,67,33,95,37,171,171,115,23,211,187,152,133,67,211,102,99,125,106,232,93,233,183,61,129,230,100,35,187,152,133,23,147,219,46,125,51,232,163,53,91,99,125,31,171,194,70,140,147,34,171,53,115,23,211,187,152,133,102,147
Best fitness found so far: 0.6099622230171451; k: 2.0
Generation: 46; 0.6099622230171451; k: 2.0; 187,219,133,55,33,95,37,171,171,115,23,131,187,152,195,67,147,102,161,125,42,232,187,152,88,65,2,227,111,37,114,81,96,210,211,246,189,108,182,179,169,157,201,137,196,229,101,131,173,35,212,139,222,167,215,170,145,87,151,198,196,229,153,228,204,168,74,55,222,141,109,180,61,37,216,250,192,108,28,69,44,197,233,183,246,49,242,85,104,176,233
Best fitness found so far: 0.6099622230171451; k: 2.0
Generation: 47; 0.6099622230171451; k: 2.0; 187,201,133,67,33,95,37,171,171,115,23,211,187,152,133,67,147,102,99,180,106,232,187,152,133,65,240,5,159,130,192,224,28,69,160,125,187,177,88,95,110,96,216,119,82,159,194,66,143,17,133,102,134,5,159,171,193,18,163,216,45,230,123,77
Best fitness found so far: 0.6099622230171451; k: 2.0
Generation: 48; 0.6099622230171451; k: 2.0; 208,219,133,67,33,95,37,171,171,115,223,211,33,152,133,67,147,102,217,125,26,232,187,152,133,185,185,5,17,131,18,59,37,164,171,158,23,185,211,196,133,45,231,171,115,23,211,187,152,133,67,114,102,99,185,88,131,157,151,198,125,197,21,229,146,205,210,15,246,189,108,144,126,169,206,85,88,241
Best fitness found so far: 0.6099622230171451; k: 2.0
Generation: 49; 0.6099622230171451; k: 2.0; 187,219,133,67,33,95,37,201,49,115,23,211,187,152,133,67,147,117,99,125,106,232,160,124,77,17,45,230,123,87,235
Best fitness found so far: 0.6099622230171451; k: 2.0
Generation: 50; 0.6099622230171451; k: 2.0; 230,219,133,67,33,95,213,171,171,205,23,211,187,152,117,67,147,102,99,125,106,232,134,152,156,211,187,152,133,65,194,95,37,6,171,115,23,230,187,152,133,67,147,102,99,160,124,207,131,169,197,37,164,171,115,23,19,211,196,238,242,232,5,38,111,193,25,113,130,110,161,228,166,194,115,39,17,45,230,123,87,235,18,113,130,110,161,31,136,194,115,39
Best fitness found so far: 0.6099622230171451; k: 2.0
Generation: 51; 0.6099622230171451; k: 2.0; 187,219,133,67,33,95,37,171,171,115,23,211,187,152,133,67,147,102,99,125,106,232,187,103,133,65,240,143,159,250,192,61,103,229,146,154,210,150,199,189,108,144,179,169,157,143,88,133,102,99,5,147,19,171,53,115,23,211,187,152,133,102,147
Best fitness found so far: 0.6099622230171451; k: 2.0
Generation: 52; 0.6212983301418036; k: 2.0; 187,219,133,67,33,95,37,171,171,115,23,211,187,152,133,67,147,102,99,45,125,58,19,115,130,23,211,187,152,133,67
Best fitness found so far: 0.6212983301418036; k: 2.0
Generation: 53; 0.6099622230171451; k: 2.0; 187,219,133,55,213,95,37,171,171,115,23,131,187,152,133,67,19,102,161,10,42,232,187,152,29,65,2,227,111,37,164,171,171,115,23,235,187,152,133,67,147,102,161,125,42,232,187,152,88,65,2,227,116,213,114,81,96,210,150,107,189,108,71,179,169,157,201,137,196,112,101,131,173,35,74,139,222,101,215,170,145,87,151,198,196,229,153,228,173,168,74,55,222,141,109,180,61,37,85,7,34
Best fitness found so far: 0.6212983301418036; k: 2.0
Generation: 54; 0.6099622230171451; k: 2.0; 187,219,133,67,233,95,37,171,171,115,23,211,187,187,133,122,147,117,85,125,106,232,134,33,95,37,171,171,115,23,211,187,152,133,122,147,40,99,125,106,232,196,152,133,55,177,240,216,38,178,102,99,160,119,77,131,169,38,230,73,121,232,18,163,163,235,123,234
Best fitness found so far: 0.6212983301418036; k: 2.0
Generation: 55; 0.6099622230171451; k: 2.0; 208,219,133,67,33,95,37,171,171,115,23,211,33,152,133,67,147,102,217,125,106,232,187,152,133,65,240,5,17,131,169,59,217,164,171,221,23,161,211,196,133,144,134,5,38,144,193,18,113,130,110,161,139,153,201,115,39,17,45,230,123,87,31,135,3,130,110,161,31,171,189,108,144,179,169,157,173,88,34
Best fitness found so far: 0.6212983301418036; k: 2.0
Generation: 56; 0.6099622230171451; k: 2.0; 244,219,133,67,33,95,37,171,171,115,23,211,187,152,133,67,147,102,99,125,106,232,136,53,59,151,198,224,187,152,133,31,233
Best fitness found so far: 0.6212983301418036; k: 2.0
Generation: 57; 0.6099622230171451; k: 2.0; 187,219,133,55,45,95,37,171,27,115,23,131,187,152,133,242,147,102,161,125,42,232,187,95,88,65,146,227,111,24,164,171,115,23,211,187,152,133,240,134,5,159,83,30,18,217,13,99,143,31,67,194,209,37,171,171,159,111,193,187,152,133,67,147,102,36,125,106,185,103,67,91,226,77,196,229,189,188,164,16,102,207,112,130,99,125,31,244,194,147,117,99,98,98,232,134,152,18,1,144,238,185,110,48,177,131,82,125,128,211,223,152,133,67,147,102,99,218,106,232,163,53,91,232,198,196,13,101,188,13,147,102,171,53
Best fitness found so far: 0.6212983301418036; k: 2.0
Generation: 58; 0.6099622230171451; k: 2.0; 91,219,108,220,235,95,37,171,37,115,67,211,187,152,19,67,147,102,99,125,106,232,64,48,151,198,38,245,21,229,146,205,210,150,246,33,95,209,240,37,115,23,211,187,152,133,67,147,102,99,125,106,232,204,157,56,198,71,65,134,10,159,111,193,133,71,12,33,125,147,232,18,6,241,9,125,31,135,101,38,112,165,106,232,204,157,56,198,71,65,134,10,159,111,193,133,71,12,33,125,147,232,18,6,241,9,125,31,135,101,38,112,165
Best fitness found so far: 0.6212983301418036; k: 2.0
Generation: 59; 0.6099622230171451; k: 2.0; 91,219,133,67,33,95,37,171,171,115,23,211,187,152,133,67,147,102,99,125,106,232,187,81,96,210,150,246,189,171,84,179,78,157,201,137,196,111,101,131,173,201,74,10,222,101,215,170,145,87,151,65,196,88,169,189,71,198,196,169,109,36,53,168,44,139,208,101,28,170,28,20,189,115,47,195,187,152,133,65,134,10,84,111,193,133,71,72,33,125,147,232,18,6,241,9,192,55,232,101,38,112,165
Best fitness found so far: 0.6212983301418036; k: 2.0
Generation: 60; 0.6099622230171451; k: 2.0; 187,219,133,217,33,95,37,171,171,115,23,211,187,152,133,67,147,102,99,125,54,232,187,152,133,65,163,77,152,133,211,219,152,92,65,134,5,34,111,193,209,9,172,177,125,121,232,77,163,95,34,111,193,18,9,163,99,119,226,161,77,92,99,66,61,123,122,225,140,123,11
Best fitness found so far: 0.6212983301418036; k: 2.0
Generation: 61; 0.6099622230171451; k: 2.0; 187,219,133,67,33,95,37,171,171,115,23,211,5,152,133,67,211,102,99,125,106,17,71,133,67,61,111,37,164,171,115,23,211,187,152,72,205,134,5,159,242,193,18,191,163,4,125,31,201,169,38,115,111,193,18,188,144,99,95,110,232,177,211,52,79,148,174,99,105,16,125,206,232,232,198,196,91,101,60,140,193,18,12,163,99,78,97,71,194,95,45,230,185,45,116,218,225,121,68,31,218,125,106,214,134,152,18,1,202,238,95,110,51,177,131,82,62,176,51,187,152,133,201,147,102,156,125,106,232,243,53,91,232,198
Best fitness found so far: 0.6212983301418036; k: 2.0
Generation: 62; 0.6099622230171451; k: 2.0; 134,219,218,67,33,95,37,171,171,115,23,211,187,152,133,67,147,102,79,125,106,232,136,53,59,217,146,211,187,171,92,23,211,211,196,133,94,140,147,149,103,101
Best fitness found so far: 0.6212983301418036; k: 2.0
Generation: 63; 0.6099622230171451; k: 2.0; 187,219,133,67,33,95,37,171,21,115,23,211,187,152,133,67,211,102,99,125,106,232,58,158,67,33,111,37,164,151,115,23,211,187,152,215,205,134,17,159,242,193,18,191,163,4,125,31,60,169,38,115,111,193,18,39,52,99,87,110,232,67,103,237,99,101,106,232,246,152,133,50,122,77,152,133,44,187,152,86,65,134,190,9,111,193,18,9,163,99,125,167,161,77,92,99,66,61,123,242,225,140,123,111
Best fitness found so far: 0.6212983301418036; k: 2.0
Generation: 64; 0.6099622230171451; k: 2.0; 187,219,158,67,33,95,37,171,171,115,23,211,187,152,133,67,147,102,99,125,106,232,35,152,21,72,240,235,111,193,139,1,144,99,195,110,7,177,131,52,79,134,5,159,111,139,159,111,193,18,113,130,99,125,31,171,194,115,39,17,45,230,123,87,235
Best fitness found so far: 0.6212983301418036; k: 2.0
Generation: 65; 0.6099622230171451; k: 2.0; 187,219,133,67,33,95,37,171,171,115,23,211,187,152,133,67,147,102,99,180,106,92,187,152,133,65,140,248,159,134,192,233,172,69,99,125,187,152,88,159,2,227,157,250,76,141,195,69,99,171,209,143,114,169,71,162,33,100,21,171,138,115,23,211,187,152,133,67,139,117,99,125,106,232,134,152,16,1,202,238,14,110,96,216,134,82,159,194,66,143,17,133,102,134,5,159,171,193,18,163,3,45,40,123,77
Best fitness found so far: 0.6212983301418036; k: 2.0
Generation: 66; 0.6099622230171451; k: 2.0; 187,219,133,67,33,95,37,171,171,115,23,211,187,152,69,67,147,102,153,125,106,232,130,65,240,5,159,250,192,167,28,69,45,125,91,166,115,147,102,46,125,51,232,163,53,91,111,125,31,203,194,45,140,147,34,83,53,115,23,211,132,152,133,102,37,115,97,211,187,211,133,67,147,102,99,125,106,232,169,157,56,54,125,197,21,229,209,168,100,139,208,101,28,170,28,49,189,115,133,40,187,112,133,65,134,10,83,111,193,18,9,182,212,1,147,232,18,163,96,9,125,31,232,101,38,1,165
Best fitness found so far: 0.6212983301418036; k: 2.0
Generation: 67; 0.6099622230171451; k: 2.0; 187,219,133,67,33,95,37,171,171,115,23,211,187,152,133,67,147,102,99,180,106,232,187,152,133,65,140,5,119,128,192,224,28,69,99,52,187,152,88,152,2,227,157,250,76,141,28,69,81,171,209,143,114,169,61,162,198,196,169,128,36,53,168,44,139,208,101,28,170,28,49,189,115,133,40,187,152,133,199,134,67,147,24,99,93,106,232,134,152,156,211,187,152,133,65,112,165
Best fitness found so far: 0.6212983301418036; k: 2.0
Generation: 68; 0.6099622230171451; k: 2.0; 187,219,133,67,33,95,37,171,171,115,23,211,33,152,133,67,147,102,99,125,106,232,187,152,133,184,183,5,17,131,169,59,37,164,193,18,113,130,110,161,158,107,194,97,39,113,37,230,20,87,200,18,3,130,110,161,152,133,65,134,229,159,229,146,20,210,150,246,189,108,144,179,169,157,85,88,187
Best fitness found so far: 0.6212983301418036; k: 2.0
Generation: 69; 0.6099622230171451; k: 2.0; 114,219,218,67,33,95,37,136,171,115,23,211,187,152,133,67,147,102,79,125,106,232,136,53,59,151,58,211,187,171,92,23,211,211,196,133,242,8,250,159,111,193,208,113,37,171,171,115,102,211,33,152,133,67,147,102,99,125,224,232,187,152,133,65,183,5,17,239,169,59,37,164,193,18,113,130,110,161,158,171,194,199,39,113,37,230,20,87,200,18,3,166,110,161,31,171,194,115,39
Best fitness found so far: 0.6212983301418036; k: 2.0
Generation: 70; 0.6099622230171451; k: 2.0; 187,241,133,67,103,95,37,171,171,115,23,211,115,152,133,67,147,117,99,125,106,232,134,152,133,65,102,99,125,106,232,169,157,151,198,125,115,147,102,171,53
Best fitness found so far: 0.6212983301418036; k: 2.0
Generation: 71; 0.6099622230171451; k: 2.0; 187,219,133,67,33,95,37,171,171,115,23,211,187,152,133,67,211,102,99,125,106,232,218,133,67,33,111,37,164,171,12,23,211,187,152,133,205,134,5,159,242,193,18,160,163,4,125,31,60,169,38,115,111,173,18,188,114,99,95,240,216,250,192,108,28,69,75,197,233,183,246,35,242,85,104,176,233
Best fitness found so far: 0.6212983301418036; k: 2.0
Generation: 72; 0.6099622230171451; k: 2.0; 187,219,133,67,33,95,37,171,171,115,23,211,3,152,133,67,147,102,99,125,106,232,79,152,133,65,232,77,152,133,44,187,152,86,65,134,190,34,111,193,18,9,163,99,125,121,232,77,92,99,125,106,232,169,186,151,198,125,107,125,62,232,134,152,18,1,144,238,95,110,51,177,131,82,87,124,23,196,1,101,154,150,147,149,171,101,35,18,123,33,111,37,164,132,115,226,244
Best fitness found so far: 0.6212983301418036; k: 2.0
Generation: 73; 0.6099622230171451; k: 2.0; 208,219,133,67,33,95,37,171,171,115,23,211,33,152,133,67,147,102,217,125,26,232,187,152,133,177,240,216,250,192,224,28,69,221,197,233,183,61,129,233,170,140,176,233
Best fitness found so far: 0.6212983301418036; k: 2.0
Generation: 74; 0.6099622230171451; k: 2.0; 187,219,133,67,33,95,223,171,171,115,23,211,187,152,133,67,147,102,99,125,106,232,134,152,133,211,187,152,149,65,134,5,41,111,193,18,9,163,99,125,99,94,18,163,163,40,123,234,152,133,218,134,117,159,196,193,18,191,163,4,125,31,125,169,250,99,5,159,171,193,18,163,216,45,174,123,77
Best fitness found so far: 0.6212983301418036; k: 2.0
Generation: 75; 0.6099622230171451; k: 2.0; 187,219,133,52,33,95,183,171,171,115,23,31,187,152,133,67,147,17,99,125,106,232,77,131,169,38,230,73,205,210,150,246,189,108,144,179,169,157,151,237,125,65,134,190,34,111,193,18,242,163,99,161,121,232,77,92,99,125,106,31,169,157,151,198,125,197,21,229,146,205,210,150,246,189,123,144,126,169,157,85,88,241
Best fitness found so far: 0.6212983301418036; k: 2.0
Generation: 76; 0.6099622230171451; k: 2.0; 187,219,133,67,33,95,37,171,171,115,23,211,187,152,133,67,211,102,7,125,106,232,58,158,200,33,111,37,164,171,38,23,211,187,152,133,205,134,17,159,242,193,18,191,163,4,125,31,60,169,207,115,126,20,18,1,144,238,95,110,51,16,131,160,79,176,211,187,234,133,67,147,102,99,125,106,232,163,53,91,232,198,196,229,101,216,140,147,102,145,53
Best fitness found so far: 0.6212983301418036; k: 2.0
Generation: 77; 0.6099622230171451; k: 2.0; 170,219,133,67,33,95,37,171,171,115,23,211,1,152,133,67,67,102,99,125,106,232,108,99,141,139,166,194,211,98,152,133,233,134,5,127,83,193,107,125,69,99,160,31,171,102,99,185,88,232,169,18,151,198,215,40,147,102,171,163,163,40,123,234
Best fitness found so far: 0.6212983301418036; k: 2.0
Generation: 78; 0.6099622230171451; k: 2.0; 187,219,133,67,33,95,37,171,171,115,23,211,187,152,69,67,147,102,153,125,106,232,130,65,240,5,159,250,192,167,28,69,45,125,31,166,115,109,36,12,168,44,139,208,101,28,170,28,49,189,201,133,211,187,152,133,50,46,10,99,160,124,206,131,169,38,230,73
Best fitness found so far: 0.6212983301418036; k: 2.0
Generation: 79; 0.6099622230171451; k: 2.0; 187,219,133,34,33,150,37,171,171,115,23,211,239,152,133,67,147,117,99,125,106,232,134,152,18,1,133,181,134,5,159,111,65,18,217,163,99,78,31,67,194,95,37,171,171,115,23,230,187,152,133,67,147,102,99,160,124,196,131,162,197,37,164,61,115,23,246,211,196,133,242,134,5,38,111,193,18,113,219,110,161,228,171,194,115,39,17,45,230,123,87,235,18,113,130,110,161,31,136,194,115,39
Best fitness found so far: 0.6212983301418036; k: 2.0
Generation: 80; 0.6099622230171451; k: 2.0; 187,219,133,67,33,100,21,171,171,115,31,211,187,152,133,67,139,117,99,125,106,232,134,152,16,1,202,238,95,6,96,216,159,82,159,158,66,143,152,234,65,232,77,176,133,211,187,152,2,65,87,5,34,111,193,18,133,92,99,125,121,232,77,163,94,108,123,234,86,133,100,108,163,180,196,193,141,155,5,4,125,4,39,70,38,147,102,99,160,81,77,131,102,38,230,73,52,183,150,246,189,108,144,179,169,157,151,171,150,226,29,7,189,151,198,196,169,109,36,53,212,214,139,208,32,28,170,28,126,189,115,173,211,187,152,133,65,134,139,159,111,193,133,71,12,33,125,147,232,18,6,38,9,188,31,232,101,38,224,236,134,10,159,152,56,133,226,12,33,125,39,232,18,236,38,100,125,31,232,66,117
Best fitness found so far: 0.6212983301418036; k: 2.0
Generation: 81; 0.6099622230171451; k: 2.0; 134,219,218,67,33,95,37,171,237,115,23,211,187,152,133,67,147,102,79,125,106,232,136,53,59,217,146,211,187,171,159,23,211,211,196,133,242,134,5,217,147,193,242,193,18,191,163,4,125,31,60,245,79,115,111,193,196,39,52,99,95,110,232,117,211,222,79,4,216,45,230,123,77
Best fitness found so far: 0.6212983301418036; k: 2.0
Generation: 82; 0.6099622230171451; k: 2.0; 187,219,133,67,33,95,37,171,171,115,23,211,187,152,133,67,211,102,99,125,106,232,169,169,243,151,198,246,197,147,87,171,124,77,131,169,38,230,215
Best fitness found so far: 0.6212983301418036; k: 2.0
Generation: 83; 0.6099622230171451; k: 2.0; 187,219,133,67,33,95,183,171,185,115,23,211,187,152,133,67,147,17,99,125,106,232,84,131,169,38,230,182,69,221,197,233,183,223,115,23,211,187,152,133,214,134,5,159,242,181,18,39,79,249,233
Best fitness found so far: 0.6212983301418036; k: 2.0
Generation: 84; 0.6099622230171451; k: 2.0; 190,219,133,67,101,95,37,171,171,115,23,211,187,152,133,67,147,102,99,160,124,147,131,169,38,230,211,187,152,133,67,147,218,99,185,97,232,169,18,151,198,215,66,239,113,133,67,207,117,99,125,106,232,189,68,246,1,144,238,95,114,100,159,242,193,18,39,169,230,233,23,211,187,152,133,67,147,102,99,160,124,147,131,169,38,230,211,187,152,133,67,147
Best fitness found so far: 0.6212983301418036; k: 2.0
Generation: 85; 0.6099622230171451; k: 2.0; 187,219,133,67,33,100,37,171,171,115,23,211,187,152,133,102,147,117,111,125,214,232,134,152,18,1,144,238,95,110,96,177,131,43,79,176,211,187,152,133,67,196,229,25,131,173,35,74,139,222,101,215,170,145,87,28,198,196,229,153,228,173,168,74,55,222,141,109,180,61,37,85,7,34
Best fitness found so far: 0.6212983301418036; k: 2.0
Generation: 86; 0.6099622230171451; k: 2.0; 187,219,133,67,33,100,21,171,171,115,23,211,187,152,133,67,147,117,99,125,106,232,134,14,18,1,202,155,95,110,51,177,131,82,62,176,211,187,152,133,67,147,102,99,125,106,232,163,53,91,241,198,196,88,101,188,218,193,18,217,12,99,171,160,71,194,95,45,230,185,45,104,19,225,121,68,31,226,125,106,232,134,152,18,1,202,238,95,110,51,177,131,82,62,176,211,187,249,158,187,152,133,67,147,102,99,125,106,232,169,157,151,198,125,197,21,229,146,205,210,76,246,189,108,144,126,171,157,85,92,9
Best fitness found so far: 0.6212983301418036; k: 2.0
Generation: 87; 0.6099622230171451; k: 2.0; 208,219,133,67,33,95,37,171,171,115,119,211,33,152,133,237,147,102,217,125,26,232,41,164,133,65,185,5,17,131,18,94,37,164,171,152,133,67,147,117,99,51,106,232,134,152,221,65,177,240,216,250,192,32,28,69,221,125,233,183,61,135,242,85,124,176,233
Best fitness found so far: 0.6212983301418036; k: 2.0
Generation: 88; 0.6099622230171451; k: 2.0; 68,219,158,67,33,95,37,171,171,40,23,211,49,152,133,217,93,102,51,125,106,232,187,152,133,65,84,5,152,88,65,2,227,159,250,76,141,28,69,99,171,150,143,114,141,189,151,131,151,169,109,47,53,168,44,139,208,101,28,170,28,49,189,115,162,6,187,152,133,65,147,10,159,11,193,18,9,12,212,125,147,232,18,163,241,9,125,31,232,101,38,112,165
Best fitness found so far: 0.6212983301418036; k: 2.0
Generation: 89; 0.6099622230171451; k: 2.0; 187,219,28,163,33,95,37,171,171,115,23,131,187,152,133,67,147,102,161,125,42,232,187,152,202,65,2,8,187,152,133,67,147,102,99,125,106,174,163,53,138,232,198,14,88,101,188,140,193,18,217,163,99,125,160,71,194,95,45,230,185,45,104,19,225,121,68,31,226,125,106,232,53,152,18,1,244,238,95,110,232,177,131,82,62,176,211,187,152,133,232,147,102,28,125,106,232,163,53,91,232,198
Best fitness found so far: 0.6212983301418036; k: 2.0
Generation: 90; 0.6099622230171451; k: 2.0; 187,219,133,67,33,95,183,171,171,115,23,211,187,152,133,67,147,17,99,125,106,232,77,131,169,38,230,73,205,210,150,246,189,108,144,179,169,157,151,237,125,160,124,77,131,169,38,230,73
Best fitness found so far: 0.6212983301418036; k: 2.0
Generation: 91; 0.6099622230171451; k: 2.0; 91,219,108,220,83,95,129,171,37,115,67,211,187,152,19,67,147,102,99,125,106,232,64,48,151,98,38,191,21,133,67,147,102,99,30,124,77,131,169,204,230,23
Best fitness found so far: 0.6212983301418036; k: 2.0
Generation: 92; 0.6099622230171451; k: 2.0; 187,219,133,163,33,95,37,171,171,115,23,131,165,152,133,67,147,102,161,125,42,232,187,238,202,65,2,227,39,41,114,81,96,210,150,246,192,108,71,179,169,201,201,137,196,147,102,99,125,106,232,187,27,133,65,240,5,159,250,192,224,28,69,99,125,31,166,115,130
Best fitness found so far: 0.6212983301418036; k: 2.0
Generation: 93; 0.6099622230171451; k: 2.0; 187,219,133,67,33,95,37,171,171,115,23,211,33,152,133,67,147,102,99,125,68,232,187,152,42,65,183,225,17,131,169,59,37,78,14,18,113,130,110,161,158,171,194,97,39,113,37,230,20,87,200,152,133,67,147,56,64,125,106,232,163,53,91,232,198,109,229,101,188,140,147,102,171,53
Best fitness found so far: 0.6212983301418036; k: 2.0
Generation: 94; 0.6099622230171451; k: 2.0; 187,219,133,55,45,95,37,171,27,115,23,131,187,152,133,67,147,102,161,125,42,232,187,152,88,65,104,227,111,171,171,194,23,211,30,152,133,67,147,102,99,125,106,232,126,53,59,151,198,211,187,152,132,31,134,5,159,111,65,18,188,163,99,78,31,109,155,95,37,102,171,115,23,230,187,152,133,67,147,102,99,160,124,196,131,169,149,37,164,171,115,23,156,211,196,133,242,134,5,38,208,193,18,113,130,110,197,228,171,194,115,39,5,45,230,152,87,235,18,113,130,110,161,31,136,194,115,39
Best fitness found so far: 0.6212983301418036; k: 2.0
Generation: 95; 0.6099622230171451; k: 2.0; 187,219,133,67,33,95,37,171,65,115,23,211,187,152,133,67,147,102,99,125,58,232,187,103,194,65,240,5,159,250,35,74,139,222,101,215,170,145,87,151,198,196,229,165,228,173,168,74,55,222,141,109,180,61,178,43,7,34
Best fitness found so far: 0.6212983301418036; k: 2.0
Generation: 96; 0.6099622230171451; k: 2.0; 187,219,133,55,49,95,37,171,27,115,23,131,187,152,133,67,147,102,161,125,42,232,187,152,88,65,47,227,111,24,164,171,115,23,211,187,152,133,65,134,5,159,111,30,18,217,13,182,143,31,67,194,209,37,171,171,159,111,193,187,152,133,67,147,102,200,125,106,185,103,67,91,226,77,196,79,101,188,164,16,102,106,112,130,99,125,31,171,194,115,164,17,45,231,243,87,235
Best fitness found so far: 0.6212983301418036; k: 2.0
Generation: 97; 0.6099622230171451; k: 2.0; 187,219,133,67,33,95,37,171,171,115,23,211,187,152,133,67,147,117,99,125,106,232,134,152,133,65,177,172,203,134,192,224,28,242,198,196,229,153,228,173,168,74,55,222,141,109,180,61,37,85,7,204
Best fitness found so far: 0.6212983301418036; k: 2.0
Generation: 98; 0.6212983301418036; k: 2.0; 187,219,133,67,33,95,37,171,171,115,23,211,187,152,133,67,147,102,99,45,125,58,19,115,130,23,211,187,152,133,5,142,229,146,205,210,150,246,189,250,105,98,125,206,232,114,249,157,15,162,49,124,198,50,229,120,188,140,147,149,170,111
Best fitness found so far: 0.6212983301418036; k: 2.0
Generation: 99; 0.6099622230171451; k: 2.0; 195,219,133,67,33,100,103,171,171,115,23,211,47,152,171,67,147,117,99,125,106,232,228,152,18,1,75,238,95,110,250,177,131,61,79,176,211,187,51,215,197,241,66,171,124,77,131,169,38,230,215
Best fitness found so far: 0.6212983301418036; k: 2.0
Generation: 100; 0.6099622230171451; k: 2.0; 208,219,133,181,33,170,37,171,171,115,23,211,33,152,133,67,147,102,217,125,106,232,187,152,133,207,164,5,17,131,86,59,37,164,197,115,23,185,211,196,133,242,202,146,168,5,139,208,101,28,170,28,49,189,115,133,40,187,112,133,21,16,10,83,111,149,18,9,182,212,177,147,232,18,163,241,9,125,31,232,101,38,112,165
Best fitness found so far: 0.6212983301418036; k: 2.0
Generation: 101; 0.6099622230171451; k: 2.0; 187,219,133,67,33,95,37,171,171,115,23,211,187,152,133,67,147,117,99,125,106,232,134,152,133,65,177,172,216,250,192,162,28,242,221,197,233,183,61,129,242,85,23,211,94,152,133,152,222,202,102,111,53,31,49,68,133,228,14,55,121,90,103,229,184,96,210,171,246,189,108,144,179,6,231,232,136,53,91,151,198,196,229,101,188,140,147,102,171,53
Best fitness found so far: 0.6212983301418036; k: 2.0
Generation: 102; 0.6212983301418036; k: 2.0; 13,219,133,67,33,95,35,171,171,115,23,211,187,152,133,67,147,102,99,45,125,58,19,115,130,23,211,187,152,133,5,142,229,146,205,210,150,246,189,250,105,98,125,206,232,114,249,14,123,162,49,33,152,133,67,147,102,217,125,106,232,187,152,133,65,240,5,17,131,169,71,125,164,171,115,23,185,211,196,133,242,134,5,38,111,193,18,113,130,126,161,92,1,201,115,39,17,29,230,123,87,31,18,3,130,125,161,31,171,194,115,39
Best fitness found so far: 0.6212983301418036; k: 2.0
Generation: 103; 0.6099622230171451; k: 2.0; 187,219,133,55,33,95,37,171,171,115,23,211,187,152,133,67,147,102,161,125,106,232,187,137,88,65,2,227,159,250,76,141,28,231,99,171,150,143,29,169,189,151,211,102,99,125,106,232,169,133,67,33,111,37,164,171,115,118,55,187,75,133,37,134,5,159,242,193,18,191,163,4,24,31,60,169,38,82,111,193,18,188,144,99,95,110,57,177,211,52,79,148,174,99,105,16,249,206,232,114,249,157,151,33,67,124,198,21,229,101,188,140,147,149,103,164
Best fitness found so far: 0.6212983301418036; k: 2.0
Generation: 104; 0.6099622230171451; k: 2.0; 187,219,133,67,33,45,37,171,171,115,23,211,187,152,169,52,147,117,119,125,106,232,221,100,21,171,171,115,23,211,134,152,133,67,147,117,99,125,106,232,134,152,18,1,202,238,95,202,51,177,131,82,72,176,211,187,99,133,67,147,14,99,99,106,14,163,53,91,232,198,196,91,101,60,140,193,18,12,163,99,239,160,71,194,95,45,230,185,45,116,218,225,225,68,31,226,125,106,232,134,239,18,1,202,238,95,110,176,177,19,174,130,176,148,187,152,133,67,147,102,99,157,151,198,125,175,21,229,146,205,210,150,246,189,108,144,126,169,157,85,88,241
Best fitness found so far: 0.6212983301418036; k: 2.0
Generation: 105; 0.6212983301418036; k: 2.0; 13,103,133,67,33,95,35,171,171,115,23,211,187,152,133,67,147,102,99,45,125,58,19,115,130,23,211,187,152,133,5,142,229,146,205,210,150,246,189,250,105,98,125,206,232,114,249,14,123,162,49,33,152,133,67,147,102,217,125,106,232,187,152,133,65,240,5,17,131,169,71,125,164,171,115,23,33,211,196,133,242,134,5,38,111,193,18,113,130,126,161,111,193,133,71,12,33,125,147,232,177,36,241,9,125,31,232,101,69,112,165
Best fitness found so far: 0.6212983301418036; k: 2.0
Generation: 106; 0.6099622230171451; k: 2.0; 187,219,133,67,33,95,37,171,171,115,23,211,3,152,133,67,147,102,99,125,106,232,55,152,133,50,232,77,152,133,44,187,152,70,65,134,190,34,99,193,139,9,163,99,125,167,133,67,147,117,99,125,106,232,153,183,26,65,177,240,92,250,183,224,28,61,221,197,233,183,61,129,62,237,35,133,67,33,111,37,164,225,144,23,25,187,177,57,218,134,224,159,167,28,69,45,125,31,215,115,130
Best fitness found so far: 0.6212983301418036; k: 2.0
Generation: 107; 0.6099622230171451; k: 2.0; 187,219,133,67,33,95,37,171,171,115,23,211,187,152,133,67,147,102,99,125,106,77,136,53,91,151,219,172,67,33,95,37,171,97,115,23,211,187,152,133,67,147,199,99,125,96,232,134,152,133,65,177,172,216,250,192,224,28,242,221,174,233,183,61,129,242,85,23,46,94,152,133,152,222,202,102,111,53,31,49,68,133,118,14,44,121,66,90,229,184,96,210,150,246,189,108,144,179,169,157,201,137,196,229,41,131,173,35,74,139,222,101,215,170,145,87,151,198,196,229,22,228,173,168,74,55,222,141,109,180,61,25,85,7,182
Best fitness found so far: 0.6212983301418036; k: 2.0
Generation: 108; 0.6212983301418036; k: 2.0; 13,175,133,67,33,95,35,171,171,115,23,211,187,152,133,67,147,102,99,45,125,58,19,115,130,23,211,187,152,133,5,142,229,146,176,210,150,246,189,250,246,98,125,206,232,114,215,14,123,162,49,33,152,133,67,147,102,217,125,106,232,187,152,67,65,4,5,17,131,169,71,125,164,171,115,23,185,211,196,133,242,220,5,38,111,193,18,113,159,111,139,18,221,139
Best fitness found so far: 0.6212983301418036; k: 2.0
Generation: 109; 0.6099622230171451; k: 2.0; 229,219,133,67,33,95,37,171,171,115,23,211,187,152,103,67,147,117,99,125,106,232,134,152,175,65,177,37,171,171,115,23,211,187,152,133,67,227,102,99,127,106,241
Best fitness found so far: 0.6212983301418036; k: 2.0
Generation: 110; 0.6212983301418036; k: 2.0; 13,175,133,67,33,95,35,171,171,115,23,211,187,152,133,67,147,102,99,45,125,58,19,115,130,23,124,187,152,133,5,142,229,146,176,210,150,246,189,250,246,98,125,206,232,114,74,14,123,162,49,201,152,133,67,147,102,217,180,106,232,187,152,67,65,4,5,17,131,169,71,120,164,171,115,23,185,211,131,133,242,237,125,239,147,102,113,53
Best fitness found so far: 0.6212983301418036; k: 2.0
Generation: 111; 0.6212983301418036; k: 2.0; 187,219,133,67,33,95,37,171,171,115,23,211,187,152,133,67,147,102,99,45,125,58,19,115,130,23,211,187,152,133,5,142,229,146,205,26,150,246,189,250,105,98,125,28,52,237,249,157,15,162,49,124,198,50,229,120,188,140,147,149,170,219,133,67,33,95,37,171,171,115,23,211,187,152,69,158,147,102,99,61,124,77,131,169,38,230,73
Best fitness found so far: 0.6212983301418036; k: 2.0
Generation: 112; 0.6212983301418036; k: 2.0; 13,175,133,67,33,95,35,171,171,115,23,211,187,152,133,67,147,102,99,45,125,58,19,115,130,23,124,187,204,133,5,142,246,146,176,210,150,246,189,250,246,98,125,206,232,114,74,39,123,162,49,201,152,133,67,75,102,58,33,49,130,23,211,187,152,133,5,142,217,146,205,210,150,246,18,250,116,98,125,208,232,114,249,14,123,162,49,33,152,133,67,147,102,217,125,106,232,187,152,133,65,240,5,17,131,169,71,125,164,47,124,23,185,211,196,12,242,134,5,21,111,193,18,113,130,126,161,92,1,201,193,39,17,29,230,123,87,31,18,162,130,125,161,65,171,55,115,39
Best fitness found so far: 0.6212983301418036; k: 2.0
Generation: 113; 0.6373769724276255; k: 2.0; 13,175,133,67,33,95,35,171,171,115,93,211,187,152,133,4,147,102,99,45,125,58,19,225,130,23,124,187,152,133,5,142,84,146,156,210,150,246,189,250,246,98,125,206,232,114,74,14,123,162,49,201,100,133,41,147,102,217,180,126,232,187,152,67,65,4,13,17,131,67,71,120,164,171,115,23,185,211,131,133,242,101,154,150,147,149,171,101,97,18,67,33,111,37,164,132,115,23,211
Best fitness found so far: 0.6373769724276255; k: 2.0
Generation: 114; 0.6212983301418036; k: 2.0; 187,219,133,67,33,95,37,171,171,115,23,211,187,152,133,67,147,102,99,45,123,58,19,115,130,23,211,187,152,133,5,24,229,146,130,26,108,246,189,250,105,98,125,28,52,237,147,157,215,85,49,124,198,50,229,120,188,140,147,149,170,49,133,67,33,95,6,171,171,115,23,211,187,43,69,158,147,102,99,61,124,77,131,169,38,230,73
Best fitness found so far: 0.6373769724276255; k: 2.0
Generation: 115; 0.6212983301418036; k: 2.0; 13,175,133,37,33,95,43,171,229,115,23,211,187,152,133,67,147,102,99,45,125,58,19,115,130,23,124,187,222,133,5,142,229,146,176,210,150,189,115,146,40,187,227,133,5,41,214,193,18,113,130,205,161,92,187,201,115,39,17,29,230,175,246,31,18,3,130,152,219,133,67,33,95,37,171,171,115,23,183,187,152,81,67,147,102,203,160,124,77,131,169,38,230,73
Best fitness found so far: 0.6373769724276255; k: 2.0
Generation: 116; 0.6212983301418036; k: 2.0; 187,219,133,67,33,95,37,171,171,115,119,211,187,152,133,67,147,102,99,45,123,58,19,115,130,23,211,187,152,133,5,24,229,215,130,26,103,246,189,250,105,98,125,28,52,237,147,157,215,85,86,124,198,50,229,129,188,131,147,21,170,49,133,67,33,95,6,171,171,165,23,211,187,43,126,158,147,102,225,61,124,77,159,242,193,157,39,230,230,233,6,171,171,165,23,211,187
Best fitness found so far: 0.6373769724276255; k: 2.0
Generation: 117; 0.6212983301418036; k: 2.0; 187,219,133,67,33,95,37,171,171,115,23,211,187,152,133,67,147,102,99,45,125,58,19,115,130,23,211,100,152,133,5,190,229,146,205,210,150,246,172,250,105,133,125,206,232,108,242,41,159,31,98,125,206,232,114,183,14,123,162,49,201,100,133,41,147,102,217,180,126,232,187,152,32,65,4,13,17,190,187,71,120,164,171,115,23,185,211,131,54,242,101,154,150,147,149,171,101,97,18,67,134,111,37,164,132,115,23,211
Best fitness found so far: 0.6373769724276255; k: 2.0
Generation: 118; 0.6373769724276255; k: 2.0; 187,219,133,67,33,95,37,171,171,115,23,211,187,152,133,184,147,102,99,45,125,58,19,115,130,23,211,100,152,169,5,190,229,146,205,210,150,246,172,223,105,133,125,206,232,108,242,41,159,61,98,125,206,232,100,183,14,123,162,49,201,100,133,41,147,102,217,180,126,232,162,244,32,144,4,52,17,141,9,71,120,164,171,115,23,185,211,154,54,242,101,154,150,147,149,171,101,97,14,123,162,49,33,152,133,67,196,102,217,125,106,232,241,152,133,65,240,5,17,131,169,71,125,164,171,115,23,33,211,196,133,242,134,5,38,111,193,18,113,130,126,161,111,193,184,71,12,33,125,147,232,201,36,241,9,125,31,232,101,69,112,165
Best fitness found so far: 0.6373769724276255; k: 2.0
Generation: 119; 0.6373769724276255; k: 2.0; 187,219,133,67,33,95,37,171,171,115,23,211,187,152,133,184,147,102,99,45,125,58,19,115,130,23,211,100,236,169,5,190,233,166,205,210,150,246,172,223,105,221,125,206,232,108,242,41,159,61,98,125,206,232,100,183,14,123,162,49,201,100,133,41,18,102,217,180,126,232,162,244,32,144,54,52,17,141,9,71,120,164,171,115,23,185,211,154,54,242,65,106,232,134,15,18,1,75,238,95,110,51,119,131,30,224,95,211,187,200,180,67,147,168,99,125,106,25,218,114,249,157,42,33,67,124,213,50,175,101,188,140,147,149,15,101
Best fitness found so far: 0.6373769724276255; k: 2.0
Generation: 120; 0.6373769724276255; k: 2.0; 187,219,133,67,33,95,37,171,171,115,23,211,187,152,133,184,147,102,99,45,125,58,19,115,130,23,37,100,152,169,5,190,229,146,205,210,150,246,172,23,107,133,125,206,232,108,242,41,159,61,98,125,206,232,100,226,14,123,162,49,201,100,133,167,147,82,217,180,126,232,162,244,32,144,4,52,17,141,9,71,120,164,171,115,23,185,211,154,54,242,101,154,150,225,149,171,101,97,14,123,162,49,33,152,133,24,98,102,217,125,106,232,241,152,133,65,240,5,17,131,169,71,125,135,171,115,23,33,211,196,125,242,134,5,38,111,9,18,113,130,126,161,111,193,184,71,12,33,125,147,232,201,36,125,9,125,180,232,101,49,112,165
Best fitness found so far: 0.6373769724276255; k: 2.0
Generation: 121; 0.6373769724276255; k: 2.0; 187,219,133,67,33,95,37,171,171,120,23,211,187,152,133,184,147,102,99,120,125,58,19,115,130,23,37,100,152,169,5,190,229,146,205,210,150,246,172,23,107,133,125,206,232,108,242,41,159,61,98,125,206,232,100,226,14,123,162,49,201,100,133,167,147,82,217,136,126,232,162,244,32,144,4,52,17,141,9,71,120,164,171,115,23,185,211,154,54,126,101,154,150,225,149,171,101,97,14,123,162,49,33,92,133,24,98,102,217,125,106,232,241,40,133,65,240,5,17,131,169,71,125,135,171,115,23,33,211,196,125,242,151,5,38,111,24,18,113,130,126,161,111,126,184,71,12,33,125,147,232,201,36,125,9,125,180,232,101,245,112,233
Best fitness found so far: 0.6373769724276255; k: 2.0
Generation: 122; 0.6373769724276255; k: 2.0; 13,175,133,67,33,95,35,171,171,115,23,211,187,152,227,99,147,102,99,45,125,58,19,115,130,23,124,187,228,133,5,142,229,146,176,210,150,246,189,250,246,98,125,206,232,114,74,193,123,143,152,119,152,68,67,147,102,217,180,106,232,232,187,152,133,65,240,5,17,12,169,71,125,42,171,115,23,185,211,196,133,242,81,5,38,111,193,18,115,130,126,161,92,1,201,180,39,17,29,230,123,87,31,18,3,130,125,161,31,171,194,115,239
Best fitness found so far: 0.6373769724276255; k: 2.0
Generation: 123; 0.6373769724276255; k: 2.0; 187,219,28,67,33,95,37,171,171,115,23,211,95,152,133,184,147,102,99,45,125,58,19,115,130,23,37,100,152,169,5,190,229,146,44,210,150,246,172,23,95,37,246,171,115,23,211,187,152,215,195,123,87,31,18,3,130,125,160,1,171,194,115,39
Best fitness found so far: 0.6373769724276255; k: 2.0
Generation: 124; 0.6373769724276255; k: 2.0; 187,219,133,67,33,95,111,171,171,115,23,211,187,152,133,184,147,102,99,45,125,58,19,115,130,23,95,100,236,210,5,55,233,166,205,210,150,246,172,223,105,221,125,206,232,108,242,41,159,61,98,125,206,232,100,183,14,123,162,49,201,100,133,41,18,102,217,180,126,232,162,244,32,144,54,166,17,141,9,71,120,164,171,115,23,185,211,154,54,242,65,106,232,134,15,18,167,75,238,95,110,51,119,131,58,224,95,211,187,200,180,67,147,168,99,125,106,25,218,130,249,157,42,33,67,124,213,50,175,101,188,140,147,139,15,101
Best fitness found so far: 0.6373769724276255; k: 2.0
Generation: 125; 0.6373769724276255; k: 2.0; 187,219,28,67,33,95,37,171,171,115,23,211,95,152,133,184,147,102,99,45,125,58,185,250,130,23,37,235,152,122,5,190,229,146,205,210,150,246,172,232,95,63,246,100,115,23,211,187,152,180,225,31,102,133,67,33,95,79,91,171,115,23,211,187,152,84,67,117,102,99,45,125,58,19,115,33,23,124,187,152,48,5,142,229,146,176,210,150,246,49,250,246,98,147,102,99,227,124,77,131,169,113,247,73
Best fitness found so far: 0.6373769724276255; k: 2.0
Generation: 126; 0.6373769724276255; k: 2.0; 13,175,133,67,33,95,35,171,171,115,93,211,187,152,133,4,147,102,99,45,125,58,19,225,130,23,124,187,152,133,5,142,84,146,156,210,85,180,196,193,234,155,163,4,125,4,39,169,38,147,102,29,106,81,77,131,169,38,230,73,205,210,150,164,189,67,33,95,35,171,171,115,93,170,187,152,133,4,147,102,99,45,125,58,19,225,130,23,124,187,152,221,5,142,156,146,156,210,150,180,196,193,101,155,163,4,125,4,39,169,212,147,102,99,160,81,77,131,169,38,230,73,205,210,150,246,130,23,19,179,101,157,247,237,125,239,193,102,191,53
Best fitness found so far: 0.6373769724276255; k: 2.0
Generation: 127; 0.6373769724276255; k: 2.0; 182,175,133,67,33,95,35,171,171,115,93,211,187,152,133,4,147,102,99,45,125,58,145,225,130,23,124,137,152,185,5,142,84,146,156,210,150,246,189,250,131,201,21,14,69,28,69,221,197,233,183,237,129,242,85,233,176,233
Best fitness found so far: 0.6373769724276255; k: 2.0
Generation: 128; 0.6373769724276255; k: 2.0; 187,219,133,67,33,95,231,171,171,115,23,211,187,152,133,184,147,102,99,45,29,58,19,115,130,23,211,100,236,67,1,191,111,77,131,169,162,231,73,82,210,31,246,189,82,144,179,169,128,151,237,125,19,80,167,113,50,186,133,67,242,95,67,1,191,111,70,131,169,162,231,73,7,210,31,246,189,148
Best fitness found so far: 0.6373769724276255; k: 2.0
Generation: 129; 0.6373769724276255; k: 2.0; 13,175,133,67,33,95,35,171,171,115,93,211,187,152,133,4,147,102,151,20,151,58,19,225,130,23,124,187,152,133,5,142,207,146,156,210,150,85,189,144,246,98,125,206,232,114,246,14,123,162,49,201,35,133,41,147,150,217,180,126,223,169,152,187,152,205,67,147,102,99,206,125,58,19,185,114,217,39,100,152,169,5,190,229,123,205,210,150,250,236,23,95,37,101,171,69,68,3,33,211,187,152,133,59,134,179,61,111,227,18,163,163,40,125,31,136,75,162,44,37,133,67,5,102,5,45,125,58,19,123,130,23,211,187,152,48,97
Best fitness found so far: 0.6373769724276255; k: 2.0
Generation: 130; 0.6373769724276255; k: 2.0; 187,219,168,67,33,95,37,171,171,120,23,211,187,152,133,184,147,102,99,120,125,58,19,115,130,23,37,100,90,169,5,211,229,146,205,210,150,246,172,23,107,133,125,206,232,108,242,75,159,61,21,43,206,232,100,163,14,123,234,49,201,100,76,167,147,53,217,136,126,232,162,244,32,7,4,115,17,141,9,71,120,164,171,115,23,185,211,154,54,126,101,154,150,225,149,171,50,97,14,123,162,49,17,92,133,24,193,102,210,125,106,232,241,40,93,65,240,5,17,131,169,71,80,135,171,115,77,33,211,196,125,242,151,5,38,111,24,18,124,187,222,235,5,63,58,23,176,210,150,189,115,233,40,216,227,133,121,134,193,76,141,28,69,99,215,150,143,83,169,189,30,198,196,169,197,154,53,193,44,5,38,111,193,18,115,130,126,161,92,1,201,180,39,17,29,230,123,87,2,18,236,130,125,161,31,171,194,115,239
Best fitness found so far: 0.6373769724276255; k: 2.0
Generation: 131; 0.6373769724276255; k: 2.0; 187,219,133,190,33,95,37,171,171,120,23,211,187,152,133,184,147,102,99,120,125,58,19,115,130,208,37,100,32,73,5,190,229,146,205,210,150,246,172,239,107,133,126,206,232,108,242,43,159,61,98,125,206,232,99,226,36,123,157,49,201,100,86,167,147,82,217,136,35,237,147,157,214,85,86,124,52,50,229,129,202,131,147,21,146,59,105,150,144,189,52,94,195,125,206,232,68,249,14,14,155,129,43,152,15,92,147,102,29,125,115,76,187,80,223,65,186,5,204,131,169,71,125,17,146,178,23,246,121,68,120,26,141,28,69,99,171,213,143,139,190,189,30,198,196,169,109,36,53,167,141,139,208,101,15,132,126,49,189,196,133,231,168,152,133,65,134,10,129,111,193,237,9,106,30,9,147,232,18,102,241,150,39,31,128,15,14,157,72,154,125,19,147,102,113,53
Best fitness found so far: 0.6373769724276255; k: 2.0
Generation: 132; 0.6373769724276255; k: 2.0; 13,175,133,67,33,95,35,171,171,115,93,211,187,152,133,4,65,102,99,45,125,58,19,225,130,23,124,187,236,133,5,142,84,146,156,210,150,246,189,63,246,98,109,206,232,114,74,14,123,162,135,201,100,8,41,42,102,217,180,21,183,81,152,67,65,120,189,17,131,149,158,120,164,171,115,23,185,211,131,133,242,101,154,150,147,149,171,101,97,18,67,33,111,37,164,147,210,99,143,125,58,3,115,130,23,124,187,222,235,5,63,229,146,108,233,150,189,115,146,159,242,193,157,39,230,5,233
Best fitness found so far: 0.6373769724276255; k: 2.0
Generation: 133; 0.6373769724276255; k: 2.0; 33,219,133,67,33,95,37,171,171,115,15,211,173,152,133,184,147,102,99,45,223,238,19,115,130,23,211,100,47,169,5,9,150,43,97,210,112,151,235,223,81,224,167,206,232,108,242,41,159,61,98,19,94,72,218,70,14,123,162,49,216,19,133,41,232,144,177,152,133,233,240,4,78,146,16,187,150,215,97,216,209,109,18,156,35,150,246,176,250,246,198,125,33,203,95,74,124,195,134,49,204,248,85,86,93,198,50,229,129,147,131,147,21,146,205,105,61,94,189,52,94,195,125,206,245,68,249,133,14,155,129,43,191,133,92,147,102,29,97,115,232,187,170,223,65,186,5,204,225,200,71,125,5,142,218,146,156,210,150,180,86,193,101,155,163,4,125,4,39,169,212,147,102,99,160,59,185,131,169,38,155,73,205,210,150,246,130,23,19,179,101,157,247,237,125,99,165,102,191,53
Best fitness found so far: 0.6373769724276255; k: 2.0
Generation: 134; 0.6373769724276255; k: 2.0; 187,219,133,67,33,95,37,171,171,120,23,211,187,152,243,184,147,102,99,120,125,58,19,115,130,33,184,37,171,171,115,23,211,95,152,133,184,147,102,151,45,125,58,19,115,130,23,37,56,152,169,34,190,229,226,35,58,19,115,130,23,124,187,23,135,187,152,43,195,245,102,153,211,187,152,133,100,127,229,215,122,26,151,160,119,250,105,216,125,28,52,237,131,157,215,145,86,124,198,53,229,129,188,131,230,21,170,220,133,67,33,87,67,77,191,81,77,131,245,162,144,73,82,210,98,246,189,108,144,179,229,157,110,237,125,19,147,46,113,53
Best fitness found so far: 0.6373769724276255; k: 2.0
Generation: 135; 0.6373769724276255; k: 2.0; 187,219,133,16,33,95,37,171,171,115,23,211,187,152,133,184,147,102,99,45,29,58,19,115,130,23,211,100,236,169,5,190,233,237,205,210,112,246,239,99,120,135,171,214,23,33,211,196,61,242,151,5,203,111,24,18,113,130,126,161,111,177,184,71,12,240,125,78,232,201,36,125,9,125,180,62,101,245,112,233
Best fitness found so far: 0.6373769724276255; k: 2.0
Generation: 136; 0.6373769724276255; k: 2.0; 187,219,133,67,33,95,37,171,171,115,15,211,165,152,133,184,147,102,99,45,29,238,19,115,130,23,211,100,1,13,102,9,150,43,205,210,112,158,235,223,120,224,169,206,232,108,242,41,159,61,98,19,94,72,150,207,14,123,162,49,216,19,133,41,232,144,177,110,133,233,240,4,78,146,16,55,152,215,97,123,209,109,18,156,232,150,246,176,250,246,141,125,33,203,95,74,189,237,134,49,126,152,190,95,152,133,184,147,7,99,45,125,58,19,115,130,23,37,100,150,169,5,190,229,146,205,210,150,246,172,23,195,37,246,171,115,23,211,187,136,180,195,31,102,153,125,106,144,130,65,240,5,125,162,166,195,72
Best fitness found so far: 0.6373769724276255; k: 2.0
Generation: 137; 0.6373769724276255; k: 2.0; 13,219,133,67,33,95,35,171,171,115,23,211,187,152,133,109,105,102,99,45,125,73,19,115,130,23,125,187,152,133,172,142,201,100,133,41,232,212,176,207,112,74,240,83,78,12,238,71,125,42,171,115,23,185,211,196,133,242,81,5,116,111,193,18,115,130,128,161,92,1,196,180,39,233,29,230,37,87,31,18,3,157,125,161,31,171,194,193,239
Best fitness found so far: 0.6373769724276255; k: 2.0
Generation: 138; 0.6373769724276255; k: 2.0; 13,175,133,67,33,95,35,171,171,115,93,211,187,152,133,4,147,102,99,45,125,58,19,225,130,23,124,187,152,114,5,142,84,206,156,210,150,180,196,193,101,155,163,4,125,4,39,169,38,147,102,99,160,133,34,147,102,217,233,101,232,187,152,229,65,4,13,17,131,67,3,120,164,171,115,60,238,23,197,55,142,242,193,223,39,230,230,233
Best fitness found so far: 0.6373769724276255; k: 2.0
Generation: 139; 0.6373769724276255; k: 2.0; 187,75,133,67,33,95,37,171,171,115,119,211,187,152,133,29,147,102,99,45,123,58,19,115,128,23,211,187,147,133,5,24,229,215,159,157,103,246,189,250,105,98,125,28,52,237,147,157,155,85,86,124,198,50,229,129,147,131,147,21,146,205,105,216,144,189,52,94,195,125,206,232,241,249,14,14,155,129,43,152,133,92,147,102,29,125,115,232,187,170,223,65,186,5,204,131,169,71,125,17,171,178,23,185,121,208,120,26,141,121,69,99,171,150,143,139,190,189,30,198,196,169,109,36,53,168,141,139,208,101,15,219,28,49,189,114,133,80,168,152,51,65,134,10,129,54,193,237,64,244,133,5,50,159,67,130,44,108,246,189,250,139,98,32,28,52,54,147,157,215,247,49,124,198,50,229,120,188,47,147,149,28,54,133,67,33,103,6,171,171,115,23,211,187,60,69,158,229,100,199,54,124,118,134,169,38,203,73
Best fitness found so far: 0.6373769724276255; k: 2.0
Generation: 140; 0.6373769724276255; k: 2.0; 249,219,133,67,33,95,37,171,171,115,23,211,187,152,59,184,147,102,175,45,29,238,19,115,130,23,211,100,236,169,19,147,102,113,53
Best fitness found so far: 0.6373769724276255; k: 2.0
Generation: 141; 0.6373769724276255; k: 2.0; 187,219,28,67,33,95,37,171,171,115,23,211,95,152,133,184,147,102,99,45,211,58,185,250,130,23,37,235,152,122,5,190,229,192,205,210,174,246,172,232,95,63,246,100,115,212,95,35,85,171,115,93,211,187,173,133,144,202,22,99,45,125,58,145,9,28,23,124,18,152,133,241,80,84,142,156,210,157,115,142,178,246,98,125,33,232,235,75,124,123,154,190,201,236,233,137,147,102,217,234,126,239,187,152,175,65,4,13,17,231,184,37,100,152,169,5,190,229,32,205,67,150,222,140,23,44,133,125,199,59,108,242,41,159,61,98,125,206,228,130,226,14,123,162,49,201,100,50,167,147,82,217,180,126,232,162,242,1,10,4,52,17,141,9,71,120,164,171,115,23,185,211,154,54,242,101,154,126,225,149,177,12,97,14,123,162,49,33,57,133,24,98,102,217,74,106,232,241,96,133,65,240,5,17,131,169,71,48,135,171,235,23,33,112,170,125,242,56,65,40,111,212,68,113,34,97,161,111,193,184,71,193,33,182,160,232,201,227,232,129,125,180,145,71,91,112,165
Best fitness found so far: 0.6373769724276255; k: 2.0
Generation: 142; 0.6373769724276255; k: 2.0; 187,219,168,67,33,95,37,171,171,120,23,211,187,152,133,184,19,102,99,120,125,58,19,115,130,23,37,159,90,138,5,178,229,166,205,210,150,246,172,112,107,173,125,206,152,108,4,75,159,61,236,43,206,232,100,163,14,214,162,49,201,100,76,167,147,82,217,136,126,232,162,102,32,72,20,115,76,95,109,69,158,229,102,99,150,124,77,105,169,38,230,73
Best fitness found so far: 0.6373769724276255; k: 2.0
Generation: 143; 0.6373769724276255; k: 2.0; 13,195,133,67,33,95,35,171,171,115,217,211,187,152,167,4,147,102,99,45,71,58,161,225,130,23,124,98,152,133,5,142,84,146,156,210,150,136,189,63,204,98,109,206,232,114,74,14,245,87,184,201,171,8,41,147,102,217,195,126,194,187,77,71,65,120,96,181,131,236,71,120,164,16,29,23,185,211,217,133,242,101,154,150,147,114,237,101,97,18,67,33,31,37,12,160,40,99,143,236,58,19,115,130,23,120,245,222,235,115,63,229,146,176,233,150,189,115,120,40,216,100,133,196,91,67,76,109,200,69,99,171,150,143,15,169,134,30,75,196,238,109,154,53,168,34,73,208,101,207,132,28,49,189,115,133,40,187,152,133,185,114,10,39,100,152,169,5,190,229,123,205,210,150,250,172,23,223,37,246,171,115,68,3,33,211,187,152,133,195,134,179,61,111,131,18,163,163,40,73,31,136,75,225,44,37,133,67,147,102,5,45,73,58,19,115,130,23,211,187,152,48,97
Best fitness found so far: 0.6373769724276255; k: 2.0
Generation: 144; 0.6373769724276255; k: 2.0; 187,219,133,67,33,95,37,171,27,115,23,211,187,152,133,184,147,102,99,45,125,58,19,115,130,23,211,100,152,169,5,190,229,146,205,238,150,246,172,223,217,133,234,206,232,108,242,41,80,61,98,125,126,232,100,183,14,123,162,49,201,100,133,41,147,102,217,180,218,232,159,244,32,144,4,52,17,141,9,71,120,164,147,115,23,185,211,154,54,242,101,154,150,147,149,171,101,97,14,2,162,49,33,152,133,67,196,102,217,125,106,232,241,152,133,65,240,5,17,131,169,71,125,164,171,115,23,33,211,196,133,242,134,5,38,55,193,18,113,130,126,161,111,50,184,71,12,33,125,201,243,250,159,61,98,206,206,153,125,106,25,218,114,249,157,42,33,67,124,213,50,158,101,188,140,103,149,15,101
Best fitness found so far: 0.6373769724276255; k: 2.0
Generation: 145; 0.6373769724276255; k: 2.0; 187,219,133,67,33,95,37,171,27,115,23,211,187,162,133,99,147,102,99,45,125,88,19,115,130,23,211,100,152,169,233,2,229,146,205,196,150,246,172,40,105,133,125,206,232,108,242,41,159,61,10,64,206,232,100,183,14,161,50,49,201,100,133,41,147,102,217,180,75,232,162,189,32,144,4,245,17,141,174,71,120,164,171,115,23,98,211,154,54,242,133,67,147,102,145,45,125,58,19,115,112,23,57,100,152,133,5,13,210,4,147,102,137,45,125,236,145,150,246,189,250,246,204,125,206,232,114,74,14,140,162,49,201,152,133,67,147,102,217,180,106,232,187,196,67,65,4,191,17,20,169,71,120,164,171,115,23,185,211,131,133,242,64,125,239,147,102,113,250
Best fitness found so far: 0.6373769724276255; k: 2.0
Generation: 146; 0.6373769724276255; k: 2.0; 187,219,133,67,123,95,37,171,171,115,23,211,187,152,5,184,147,102,99,45,125,58,19,115,130,23,37,100,77,169,5,163,229,146,205,210,150,40,240,5,93,203,169,71,125,135,29,115,13,33,211,32,125,242,134,5,38,111,212,18,113,130,126,161,80,193,184,131,12,33,182,147,232,201,36,125,9,152,67,65,4,13,17,131,67,71,120,164,23,115,23,185,153,131,133,242,101,154,150,68,149,171,17,97,18,162,244,32,144,174,39,17,141,9,71,120,164,171,115,23,144,211,154,54,242,101,159,150,225,242,171,197,103,14,123,162,49,33,132,133,24,98,45,217,125,106,232,241,152,133,242,240,44,17,131,169,71,117,144,171,115,23,33,211,196,125,242,134,5,38,111,9,18,81,95,126,161,111,193,20,71,12,33,125,147,168,201,36,125,9,125,163,232,101,49,112,45
Best fitness found so far: 0.6373769724276255; k: 2.0
Generation: 147; 0.6373769724276255; k: 2.0; 187,75,133,67,33,95,37,171,171,115,119,211,187,152,133,29,147,102,99,50,123,58,19,115,130,23,211,187,147,214,5,24,229,215,159,26,103,246,189,250,105,98,125,28,52,237,48,157,248,85,86,124,198,162,49,201,35,191,217,147,102,217,180,126,223,169,152,129,65,4,200,17,131,67,71,175,164,42,115,23,185,153,1,133,242,101,69,150,68,147,25,248,160,124,52,131,198,38,230,102,185,153,1,133,242,101,69,150,68,147,25,248,160,124,52,131,198,38,230
Best fitness found so far: 0.6373769724276255; k: 2.0
Generation: 148; 0.6373769724276255; k: 2.0; 13,175,133,67,33,95,35,156,171,115,93,211,187,152,133,4,13,102,213,45,125,58,19,225,130,23,124,187,152,133,206,142,84,146,156,210,85,180,196,193,234,155,163,4,125,4,39,74,38,147,102,29,106,81,197,178,169,38,230,73,205,210,150,164,205,58,33,95,35,171,171,208,93,170,187,152,227,4,147,38,49,45,95,104,19,225,130,247,124,32,152,221,5,142,156,30,209,210,150,180,196,193,101,149,163,130,125,127,39,169,212,76,235,147,82,217,136,126,232,201,36,209,9,125,31,146,101,69,112,165
Best fitness found so far: 0.6373769724276255; k: 2.0
Generation: 149; 0.6373769724276255; k: 2.0; 187,219,133,67,33,95,37,171,171,115,23,211,187,152,133,184,147,102,99,45,125,58,19,115,130,23,37,100,152,169,5,190,229,146,205,210,150,89,172,23,107,133,125,206,232,108,242,136,159,61,98,125,206,232,100,226,14,43,162,49,201,100,133,167,147,82,217,180,126,232,162,9,32,144,154,52,17,141,122,71,120,24,171,115,23,185,211,154,54,242,101,45,150,225,149,171,101,97,14,123,162,49,133,98,147,102,99,45,125,58,19,115,130,23,211,100,55,169,204,190,233,166,205,210,215,73,172,223,105,221,125,206,85,224,242,41,159,61,98,125,206,232,100,183,235,123,162,228,201,5,41,214,193,18,113,117,205,161,195,187,201,24,39,17,29,230,175,192,31,18,3,130,152,42,133,67,31,95,37,171,171,115,23,183,187,152,81,67,147,25,44,160,124,52,131,198,38,131,73
Best fitness found so far: 0.6373769724276255; k: 2.0
Generation: 150; 0.6373769724276255; k: 2.0; 187,219,133,67,33,95,35,171,171,115,137,211,187,152,133,19,147,102,99,45,125,58,19,115,130,23,211,100,140,169,5,190,233,166,205,183,150,246,172,223,105,221,1,133,242,101,154,150,68,147,25,248,160,124,52,131,198,38,230,73
Best fitness found so far: 0.6373769724276255; k: 2.0
Generation: 151; 0.6373769724276255; k: 2.0; 187,219,28,67,33,95,37,171,171,115,23,211,95,152,133,184,147,102,99,45,125,58,19,115,130,23,37,100,152,169,5,190,229,146,205,210,150,246,172,23,95,37,246,171,115,23,211,187,152,180,195,179,5,153,125,142,217,146,205,210,46,156,18,143,239,244,125,208,197,219,249,14,123,162,49,245,152,133,67,51,19,217,125,106,118,187,152,133,65,123,5,17,131,182,71,239,164,47,124,23,185,211,196,12,242,134,9,87,111,193,18,113,130,126,67,92,1,125,18,19,130,110,161,152,227,67,147,102,99,218,125,58,19,115,130,103,124,240,228,133,5,142,229,146,176,210,60,246,189,250,246,98,125,224,202,114,74,14,123,162,174,119,152,105,67,147,184,217,180,106,232,166,95,60,72,4,138,17,131,230,233,64,236,171,60,23,48,187
Best fitness found so far: 0.6373769724276255; k: 2.0
Generation: 152; 0.6373769724276255; k: 2.0; 48,219,133,67,33,95,37,171,171,115,23,211,187,152,133,184,149,102,233,45,29,58,19,115,130,23,211,100,236,169,5,190,241,169,5,65,141,146,60,190,20,246,172,223,105,221,125,206,113,106,232,241,42,133,65,240,5,17,131,169,71,125,164,146,115,23,118,109,36,53,168,44,139,147,101,15,132,28,49,189,115,133,40,187,152,133,65,134,10,83,111,193,18,36,12,136,9,147,232,18,70,241,9,125,31,107,101,186,112,165
Best fitness found so far: 0.6373769724276255; k: 2.0
Generation: 153; 0.6373769724276255; k: 2.0; 187,219,133,190,33,95,37,171,171,120,23,211,187,152,133,184,147,102,99,120,125,58,19,115,2,208,37,100,32,73,5,190,229,146,205,210,150,246,172,239,107,133,126,206,232,108,242,43,159,214,98,125,206,232,99,226,36,123,157,49,22,100,86,84,147,82,217,64,25,237,147,157,214,85,86,124,52,50,229,129,202,131,159,70,146,59,66,150,19,189,52,94,86,171,160,23,185,211,250,133,242,81,5,38,111,63,18,115,130,126,161,92,1,201,180,39,17,29,230,123,87,31,18,3,130,125,161,31,171,194,115,239
Best fitness found so far: 0.6373769724276255; k: 2.0
Generation: 154; 0.6373769724276255; k: 2.0; 187,219,168,67,33,95,37,171,171,120,23,211,187,152,133,184,147,102,99,120,125,58,19,115,130,23,37,159,90,138,5,190,229,146,205,210,150,246,172,112,107,133,125,95,171,115,23,211,187,152,133,184,147,102,99,45,29,58,19,115,130,23,211,100,236,169,5,190,233,237,205,210,150,246,187,223,105,221,125,206,232,108,164,41,159,61,98,65,206,232,100,183,14,123,162,40,201,100,133,41,18,102,217,180,126,232,162,244,32,2,171,52,17,109,9,71,29,164,226,115,23,185,211,154,56,12,65,160,232,134,15,18,1,212,134,135,176,51,119,57,30,26,111,37,164,82,222,221,211,187,152,133,195,134,5,159,111,193,18,163,163,25,125,31,136,75,19,77
Best fitness found so far: 0.6373769724276255; k: 2.0
Generation: 155; 0.6373769724276255; k: 2.0; 187,219,133,67,33,95,37,171,171,115,23,211,187,152,133,184,147,102,99,45,31,58,19,115,130,23,226,100,152,169,5,190,229,146,205,210,150,246,172,223,105,133,125,206,232,108,242,41,159,61,98,225,206,232,100,183,14,123,162,49,201,100,133,41,147,102,217,225,126,232,196,244,249,68,4,52,17,141,9,71,120,164,171,115,23,185,211,154,54,242,201,154,150,147,247,53,50,97,14,123,162,49,33,152,133,67,145,89,217,125,106,232,241,152,230,65,240,5,17,243,7,71,143,164,171,115,23,33,211,225,56,23,124,187,152,106,5,142,84,146,33,27,150,85,189,144,179,69,125,206,13,114,74,90,235,162,49,201,41,7,217,51,102,217,3,126,223,169,152,146,65,4,200,17,131,67,70,175,164,42,115,23,185,153,1,133,242,101,154,150,68,147,25,248,160,43,52,131,198,38,230,140
Best fitness found so far: 0.6373769724276255; k: 2.0
Generation: 156; 0.6373769724276255; k: 2.0; 202,175,133,67,33,95,35,171,95,115,93,211,187,152,133,4,65,102,47,45,125,58,19,225,130,23,124,187,236,133,179,142,84,146,156,210,150,246,189,63,225,98,109,206,232,114,74,14,123,162,135,201,100,8,41,8,102,217,180,21,183,81,152,10,65,120,189,17,131,149,158,120,164,171,115,23,185,211,131,133,242,101,154,150,147,137,171,101,97,18,67,33,111,37,164,147,210,99,104,125,58,3,151,130,23,124,187,222,235,5,63,229,146,108,233,150,189,115,146,22,228,14,44,121,225,103,229,184,114,210,150,246,190,108,23,179,26,157,201,137,196,229,101,45,219,85,67,33,95,37,171,171,115,23,211,95,152,133,184,147,102,99,45,125,58,123,115,130,23,37,100,123,169,5,190,242,194,44,210,150,246,172,23,95,37,246,34,115,23,211,187,152,158,195,142,87,31,5,224,219,132,160,1,171,117,115,39
Best fitness found so far: 0.6373769724276255; k: 2.0
Generation: 157; 0.6373769724276255; k: 2.0; 187,219,133,67,33,95,71,126,171,90,159,211,187,152,133,184,147,102,99,120,125,58,19,115,206,23,37,33,18,231,171,171,204,23,211,187,152,133,184,147,102,99,45,29,58,158,115,207,23,211,100,236,67,1,191,111,77,131,169,26,231,98,82,210,31,246,189,82,144,179,169,15,151,237,125,19,80,167,113,50,186,109,87,242,95,72,1,191,48,70,131,169,162,204,73,7,210,31,18,189,91
Best fitness found so far: 0.6373769724276255; k: 2.0
Generation: 158; 0.6373769724276255; k: 2.0; 180,219,168,67,33,95,37,171,171,120,23,211,187,152,55,184,147,102,99,120,125,58,19,115,130,23,37,34,90,120,5,190,229,146,205,210,150,246,172,23,107,133,125,206,232,108,242,75,214,61,21,31,206,232,100,172,14,123,162,49,201,100,76,167,147,82,217,136,126,232,162,200,32,144,4,136,239,141,9,71,120,35,110,115,23,185,211,154,54,126,101,154,150,52,149,171,101,97,14,131,162,49,204,92,133,24,98,102,250,125,106,232,241,40,187,65,240,5,17,131,169,71,80,135,171,115,23,33,211,196,125,242,151,5,38,111,24,18,124,187,222,235,5,63,229,230,98,22,150,189,115,146,40,216,25,133,121,165,67,76,141,28,69,139,207,150,143,42,169,189,30,198,196,151,197,136,53,193,44,139,208,27,185,62,28,49,55,115,133,40,69,152,133,146,134,10,83,28,78,18,9,219,212,9,56,232,18,183,132,161,92,109,8,115,39,17,29,230,123,246,31,18,3,130,187,219,133,67,33,37,171,171,115,23,211,187,152,133,184,147,102,99,45,31,58,19,115,130,23,160,100,152,209,5,190,229,146,205,210,150,82,172,19,115,130,23,86,100,236,189,5,95,37,171,171,115,23,211,187,152,89,204,147,102,99,45,123,58,231,115,130,23,211,64,33,156,37,171,171,120,23,211,187,152,55,184,147,102,150,120,177,29,245,115,130,23,244,34,90,169,107,190,229,146,205,210,150,246,190,23,107,133,125,206,232,108,242,75,116,61,246,31,206,232,100,122,14,123,162,49,201,100,76,167,147,82,217,136,126,232,162,244,32,144,4,176,17,141,9,71,177,35,171,95,23,151,13,154,54,126,65,156,150,225,149,171,101,97,14,123,58,49,17,92,133,24,98,102,250,125,106,232,241,40,93,65,240,5,17,131,166,71,188,135,171,174,23,135,211,196,181,31,151,5,215,111,24,18,124,187,222,235,5,63,221,179,143,52,150,87,115,54,40,216,25,133,121,134,52,76,141,28,188,33,207,232,143,132,169,189,30,198,196,169,197,154,53,193,44,139,208,101,15,62,28,49,55,206,133,40,69,208,133,146,134,10,83,111,78,18,136,84,212,204,56,232,18,8,132,25,92,187,201,115,39,17,29,231,123,32,211,18,3,159,187,219,133,67,33,95,37,171,171,220,23,173,187,152,81,67,49,57,179,160,124,242,131,169,38,230,73
Best fitness found so far: 0.6373769724276255; k: 2.0
Generation: 159; 0.6373769724276255; k: 2.0; 187,219,28,67,33,95,37,171,171,115,23,211,95,152,133,184,147,102,99,45,125,58,19,115,130,23,37,56,152,169,34,190,229,16,153,102,99,45,33,88,191,115,130,23,211,100,152,68,233,223,229,146,205,210,150,246,172,40,105,133,125,237,221,108,243,250,249,61,98,206,206,232,100,183,122,164,162,49,201,100,122,41,147,138,217,180,126,232,162,111,163,144,4,52,17,242,126,71,120,164,101,115,23,185,211,154,54,147,101,16,150,147,120,171,101,101,14,123,162,49,33,246,203,67,196,102,217,121,106,232,241,152,114,65,240,5,17,131,169,71,125,164,171,115,23,33,109,36,53,168,44,139,121,101,13,132,28,236,189,115,115,23,185,211,131,133,242,101,154,150,71,149,171,101,97,217,67,33,12,9,164,143,115,23,141
Best fitness found so far: 0.6373769724276255; k: 2.0
Generation: 160; 0.6373769724276255; k: 2.0; 187,219,133,67,33,95,37,171,171,115,23,211,187,152,133,184,149,102,99,90,29,58,19,115,130,23,211,100,236,169,5,190,233,237,205,190,150,246,129,111,193,18,9,12,122,9,147,232,14,70,241,150,125,31,128,15,148,54,72,154,125,70,147,102,113,233
Best fitness found so far: 0.6373769724276255; k: 2.0
Generation: 161; 0.6373769724276255; k: 2.0; 13,195,133,67,33,95,35,171,171,115,93,211,187,152,63,4,147,102,99,45,125,58,161,225,130,23,124,61,152,133,5,142,84,146,156,210,150,136,189,63,246,98,109,206,232,114,74,14,123,162,135,201,100,8,41,147,102,217,180,126,232,187,113,42,65,120,96,17,22,236,71,22,164,187,219,133,118,33,95,37,64,27,115,23,211,125,152,133,184,153,102,99,45,125,88,19,102,130,23,161,100,152,7,233,190,229,146,205,210,150,246,172,150,105,133,196,206,232,201,243,250,159,61,81,206,197,153,125,106,25,218,114,249,157,42,33,67,134,28,50,27,101,188,140,103,98,117,101
Best fitness found so far: 0.6373769724276255; k: 2.0
Generation: 162; 0.6373769724276255; k: 2.0; 240,219,133,67,33,95,37,171,171,115,23,211,187,152,45,184,147,102,99,45,125,58,19,115,130,23,37,100,152,169,5,190,60,146,205,210,150,246,172,23,107,15,125,206,232,108,113,184,159,61,98,125,206,232,100,226,14,123,162,49,201,100,133,167,147,21,217,180,126,232,162,244,32,144,26,52,48,141,9,71,120,164,171,115,23,185,249,154,54,242,101,154,150,225,149,171,101,97,14,27,162,49,33,152,133,24,247,163,217,125,106,232,241,152,133,65,240,5,17,131,169,16,228,135,171,115,70,33,211,196,125,242,184,5,38,111,9,18,113,130,126,161,41,193,184,84,152,10,61,124,77,131,169,38,230,73
Best fitness found so far: 0.6373769724276255; k: 2.0
Generation: 163; 0.6373769724276255; k: 2.0; 13,175,133,67,51,95,35,171,171,115,93,211,109,152,133,4,147,102,99,20,235,58,19,225,130,23,124,187,152,106,5,142,84,146,156,27,150,85,189,144,179,69,125,206,232,114,74,14,43,162,49,201,35,191,217,147,102,217,180,126,223,169,152,245,65,4,200,202,131,67,71,175,164,42,115,23,185,224,1,133,242,101,154,233,150,189,115,146,40,216,249,133,196,91,67,76,141,125,69,99,171,150,50,114,169,189,30,75,196,69,177,154,53,168,44,139,191,101,207,132,28,49,189,115,133,40,187,152,133,185,134,10,39,111,193,18,50,219,212,9,147,232,18,70,241,9,177,77,232,219,38,112,165
Best fitness found so far: 0.6373769724276255; k: 2.0
Generation: 164; 0.6373769724276255; k: 2.0; 187,219,28,67,33,95,37,171,171,115,23,211,95,152,133,184,147,102,99,45,125,58,19,115,130,23,37,100,152,169,5,190,236,210,96,55,233,105,205,210,150,246,172,223,105,221,125,206,232,108,242,41,159,61,98,125,206,143,100,183,14,123,162,49,201,60,133,41,206,45,217,180,126,3,162,244,32,144,54,79,17,141,9,71,120,164,171,115,128,227,194,154,54,242,65,106,232,134,15,18,167,75,84,147,171,171,215,23,183,26,233,81,67,147,102,203,160,124,77,131,169,38,13,147
Best fitness found so far: 0.6373769724276255; k: 2.0
Generation: 165; 0.6373769724276255; k: 2.0; 187,219,133,199,33,95,37,171,171,50,23,211,187,152,133,184,147,102,99,45,125,58,191,115,130,23,211,71,55,169,5,190,233,166,205,210,215,246,172,223,105,221,125,206,85,108,242,41,159,61,98,125,206,232,100,183,235,123,162,118,201,5,41,214,193,18,113,117,205,161,195,187,201,24,39,17,29,230,175,246,31,18,3,115,23,183,187,237,81,49,147,102,99,160,28,77,131,169,38,178,197
Best fitness found so far: 0.6373769724276255; k: 2.0
Generation: 166; 0.6373769724276255; k: 2.0; 187,219,133,67,33,95,37,171,27,115,169,211,187,152,133,184,147,102,99,45,125,88,19,115,130,23,211,100,152,33,233,190,144,176,205,210,150,17,172,53,105,133,125,206,203,108,242,220,237,61,98,206,250,214,178,173,14,12,220,49,201,100,140,41,147,102,184,216,126,232,162,189,32,219,4,52,17,141,174,71,120,164,171,115,23,185,151,24,54,242,101,38,150,24,129,217,101,97,14,123,162,62,33,167,133,67,196,102,217,121,56,157,241,152,133,65,240,5,161,171,169,71,125,164,159,115,23,42,109,36,73,168,62,249,147,101,15,132,28,197,189,115,133,40,103,225,133,65,134,10,83,111,193,18,100,12,212,9,179,232,18,95,241,9,242,19,115,120,99,124,187,146,133,144,142,229,146,176,210,150,152,133,65,177,73,216,250,192,157,28,158,221,197,233,183,61,129,242,85,107,211,94,152,36,180,222,202,102,111,78,31,32,146,22,228,14,44,121,225,103,229,184,114,210,150,246,190,108,144,179,236,157,201,137,196,229,101,45,219,85,67,33,95,37,171,171,115,23,211,95,152,133,184,147,102,99,45,125,58,123,115,130,23,37,100,152,169,5,190,229,146,44,210,150,208,2,23,95,129,246,171,23,23,211,187,152,215,65,123,87,26,33,95,37,171,124,115,23,211,187,152,133,188,147,117,99,125,106,232,134,152,133,65,177,240,216,250,188,224,28,69,221,128,233,183,61,129,242,85,140,176,233
Best fitness found so far: 0.6373769724276255; k: 2.0
Generation: 167; 0.6373769724276255; k: 2.0; 13,175,133,67,33,95,35,156,171,115,239,211,187,152,133,4,13,102,99,45,125,58,19,225,130,23,124,187,152,133,5,142,84,146,156,210,85,180,196,193,234,155,163,96,125,4,39,74,38,147,102,29,106,106,141,131,169,38,230,73,205,210,150,164,205,58,33,95,35,171,171,212,93,170,54,152,227,4,147,202,151,45,125,58,19,225,130,247,124,32,152,221,5,142,156,146,209,210,150,180,196,193,17,149,163,103,125,4,39,169,212,25,103,147,82,217,136,126,232,162,244,32,144,4,115,17,141,9,64,120,164,171,115,37,185,82,154,54,126,101,193,150,159,6,171,101,97,14,123,202,49,17,92,133,24,17,102,250,125,106,232,241,133,112,156,146,156,210,150,180,196,33,101,155,163,4,153,4,39,169,212,147,102,99,160,81,77,131,169,38,230,73,142,210,150,246,130,23,215,179,101,53,247,237,125,239,193,102,191,147
Best fitness found so far: 0.6373769724276255; k: 2.0
Generation: 168; 0.6373769724276255; k: 2.0; 13,175,133,67,33,95,35,171,171,115,93,211,187,152,133,4,147,102,99,45,125,58,19,225,130,23,124,187,115,23,8,187,152,215,195,39,87,31,18,3,230,125,160,1,171,194,115,39
Best fitness found so far: 0.6373769724276255; k: 2.0
Generation: 169; 0.6373769724276255; k: 2.0; 200,175,133,67,33,95,35,171,171,115,93,211,187,152,133,4,147,102,99,45,125,58,67,225,130,133,173,33,95,37,56,171,115,86,211,187,152,133,184,147,102,99,157,29,58,19,226,130,23,211,139,236,102,99,45,29,58,19,115,130,23,211,235,236,169,5,190,51,83,205,190,150,45,172,223,105,221,125,206,54,130,126,161,111,126,184,71,118,33,125,147,232,201,36,125,9,225,180,232,155,245,112,233
Best fitness found so far: 0.6373769724276255; k: 2.0
Generation: 170; 0.6373769724276255; k: 2.0; 187,219,133,190,33,240,37,171,171,120,23,211,187,152,123,184,147,102,99,120,125,58,19,115,130,23,11,100,152,169,94,190,152,146,205,9,150,34,172,23,107,198,126,206,232,108,203,43,200,52,226,125,84,232,99,226,36,123,162,49,201,100,133,167,147,122,217,136,126,232,162,244,32,144,4,52,17,141,140,71,120,250,107,115,32,185,211,244,115,120,99,124,187,42,133,144,1,229,146,176,210,150,152,133,65,177,170,216,250,192,157,28,158,221,197,14,183,61,129,242,85,107,185,86,152,36,232,222,202,102,111,19,31,32,68,22,228,76,196,121,225,103,229,184,114,210,150,246,190,108,144,179,236,43,201,137,196,229,101,45,219,85,67,33,95,37,10,171,115,23,211,95,152,133,184,147,102,99,45,125,58,123,115,130,23,90,100,152,169,5,190,229,146,44,210,150,246,172,23,95,37,246,171,115,23,211,187,152,215,195,123,87,31,18,224,34,132,160,1,171,117,115,39
Best fitness found so far: 0.6373769724276255; k: 2.0
Generation: 171; 0.6373769724276255; k: 2.0; 182,175,133,67,33,95,35,171,171,115,93,211,187,152,133,4,147,102,99,45,125,58,145,225,130,23,124,137,152,185,5,141,84,146,156,210,150,246,28,49,55,37,6,40,69,152,133,146,134,90,83,111,68,18,9,211,211,9,56,232,18,183,132,161,92,187,201,115,39,30,29,230,123,246,178,18,3,130,187,219,133,67,33,95,205,171,171,115,23,183,187,2,81,49,147,102,99,160,28,77,131,1,38,230,197
Best fitness found so far: 0.6373769724276255; k: 2.0
Generation: 172; 0.6373769724276255; k: 2.0; 187,219,168,67,33,95,37,171,171,120,23,211,187,152,241,184,161,102,99,120,125,58,19,115,130,23,37,127,90,169,5,190,229,146,205,210,150,135,172,42,107,112,125,206,232,108,242,212,214,61,21,31,206,232,100,163,14,123,162,49,201,100,76,185,147,82,217,3,126,232,162,244,32,144,4,170,17,141,9,71,63,35,171,115,23,185,211,212,242,126,101,154,150,225,149,171,40,97,14,123,162,49,17,120,133,24,98,102,163,125,106,232,125,242,134,5,38,111,9,18,113,94,126,161,111,193,20,71,12,33,125,147,232,201,36,125,9,125,181,232,12,49,112,165
Best fitness found so far: 0.6373769724276255; k: 2.0
Generation: 173; 0.6373769724276255; k: 2.0; 187,185,133,67,33,95,37,171,171,80,23,211,187,152,133,184,147,102,99,45,125,58,19,115,130,23,211,100,152,169,191,190,195,150,205,210,150,246,172,223,105,133,125,206,232,164,242,41,159,61,98,125,206,232,100,183,14,123,162,49,201,100,41,159,61,10,64,206,232,100,183,14,161,162,49,201,36,151,41,147,102,24,180,11,232,162,245,32,144,4,52,17,141,174,71,120,164,171,115,23,98,211,154,54,242,133,67,15,102,145,45,125,58,19,115,112,23,57,100,152,133,5,13,210,4,147,102,2,45,125,236,145,225,130,57,124,187,152,133,5,201,173,146,156,210,150,19,189,250,246,98,80,33,232,235,132,124,114,134,49,20,152,31,41,195,102,217,180,126,83,187,152,67,65,4,13,17,131,67,25,120,164,171,115,144,215,109,220,5,159,242,193,157,39,230,147,233
Best fitness found so far: 0.6373769724276255; k: 2.0
Generation: 174; 0.6373769724276255; k: 2.0; 13,175,133,67,33,95,35,171,47,115,9,211,187,152,133,4,147,102,99,45,125,58,19,225,130,23,124,187,152,133,5,142,84,146,156,210,150,246,189,250,33,98,125,206,232,114,74,14,123,162,49,227,18,163,163,40,125,31,136,75,162,44,16,130,67,5,102,5,45,125,58,19,123,130,23,187,187,152,48,97
Best fitness found so far: 0.6373769724276255; k: 2.0
Generation: 175; 0.6373769724276255; k: 2.0; 187,219,28,67,33,95,37,171,171,115,23,231,95,152,113,184,147,102,99,45,125,58,19,115,130,23,37,100,152,14,5,190,39,45,125,58,19,115,130,23,47,187,246,133,5,142,83,146,176,210,150,109,234,136,86,93,125,206,232,114,74,144,123,162,49,201,152,133,67,29,102,58,33,60,202,23,211,187,152,133,5,142,217,146,205,210,150,224,18,238,106,244,125,208,197,219,114,14,123,162,49,33,152,133,67,147,102,217,194,106,232,187,193,133,65,240,5,17,131,123,20,239,164,47,124,23,185,211,196,12,242,134,5,21,111,193,18,113,130,126,222,92,1,125,18,61,111,107,18,163,163,40,125,14,82,28,69,212,197,233,64,237,129,242,216,233,176,233,58,19,225,130,23
Best fitness found so far: 0.6373769724276255; k: 2.0
Generation: 176; 0.6373769724276255; k: 2.0; 227,221,133,67,103,95,77,171,73,115,93,211,187,152,61,4,147,102,99,45,125,58,11,225,130,23,124,196,169,174,93,53,193,44,174,49,101,15,137,241,49,104,81,133,40,18,99,45,29,58,19,115,130,23,86,229,146,205,210,150,246,172,23,95,37,246,171,115,23,211,187,152,213,195,31,102,232,125,106,134,130,65,220,5,125,162,166,115,72
Best fitness found so far: 0.6373769724276255; k: 2.0
Generation: 177; 0.6373769724276255; k: 2.0; 187,219,133,190,33,95,37,171,171,120,23,211,191,152,133,184,147,102,99,120,125,128,19,115,130,23,37,100,152,169,5,190,229,146,205,210,150,195,172,23,107,133,126,206,100,127,229,215,122,26,103,160,198,250,105,216,125,233,52,237,129,157,215,145,86,124,198,53,229,129,188,131,230,21,170,220,133,67,158,87,67,77,140,81,77,131,169,162,144,73,82,210,150,246,189,108,144,179,229,157,110,237,125,19,147,46,113,53
Best fitness found so far: 0.6373769724276255; k: 2.0
Generation: 178; 0.6373769724276255; k: 2.0; 13,175,133,67,33,95,35,171,171,115,93,211,187,152,133,4,147,102,151,20,125,58,19,225,130,23,124,187,152,133,5,21,84,146,156,210,150,85,189,144,246,98,125,206,232,114,74,14,94,162,49,201,35,133,41,147,102,217,180,126,137,169,152,16,152,133,67,147,102,120,177,29,19,115,130,23,37,34,90,169,107,190,229,146,205,210,150,246,172,23,107,133,125,206,232,108,242,75,214,61,246,31,206,232,100,122,14,123,162,49,201,100,76,167,73,36,217,136,126,232,162,36,32,144,70,176,126,178,9,71,177,35,171,95,23,185,211,154,54,126,101,156,150,225,149,171,101,97,14,123,40,49,17,3,133,24,98,102,250,125,106,232,241,40,93,65,240,5,17,156,104,71,188,135,171,174,23,135,211,196,126,31,151,5,215,111,24,85,124,187,222,235,5,63,221,94,143,60,150,189,115,54,246,216,25,133,121,134,67,76,153,28,69,33,207,232,143,132,169,209,30,198,196,169,197,154,53,193,44,139,208,101,15,62,28,49,55,115,133,40,69,152,133,146,134,10,83,111,62,18,136,84,212,204,233,232,18,8,132,25,92,187,201,115,39,17,29,117,123,32,211,18,3,130,187,219,133,67,33,95,72,171,171,138,23,183,187,152,81,67,147,102,99,160,124,242,131,169,38,74,73
Best fitness found so far: 0.6373769724276255; k: 2.0
Generation: 179; 0.6373769724276255; k: 2.0; 13,175,133,67,33,95,35,171,171,115,93,211,187,152,133,4,147,102,99,20,125,58,19,45,68,23,124,187,152,214,5,142,84,146,156,210,150,85,189,144,61,98,99,206,232,114,74,179,208,162,49,201,35,133,41,147,102,217,189,149,76,169,152,67,65,4,13,17,131,67,179,120,164,42,115,23,185,153,131,133,242,101,154,150,68,149,171,17,97,237,162,244,32,144,4,39,17,125,180,232,101,245,112,233
Best fitness found so far: 0.6373769724276255; k: 2.0
Generation: 180; 0.6373769724276255; k: 2.0; 187,219,133,190,33,95,37,171,171,120,23,211,187,37,133,184,147,102,99,120,131,58,19,115,130,208,37,100,32,73,5,190,229,146,205,200,71,125,5,142,218,146,156,210,150,166,86,193,101,181,163,32,125,4,39,169,212,147,102,99,160,59,133,131,169,38,155,73,205,210,150,246,130,23,19,179,101,115,247,237,125,99,165,102,191,53
Best fitness found so far: 0.6373769724276255; k: 2.0
Generation: 181; 0.6373769724276255; k: 2.0; 13,145,133,67,33,95,35,171,171,115,93,211,187,152,133,209,147,102,99,45,125,58,145,225,130,23,124,137,152,185,5,142,84,146,156,210,150,246,189,250,131,147,21,170,135,133,67,33,95,147,232,18,70,91,150,125,31,232,163,169,157,32,232,125,19,147,102,113,53
Best fitness found so far: 0.6373769724276255; k: 2.0
Generation: 182; 0.6373769724276255; k: 2.0; 13,193,133,67,33,95,35,171,171,115,93,211,187,152,133,4,147,102,99,45,125,58,145,225,130,23,124,139,152,133,5,173,84,146,156,210,150,217,189,250,246,98,125,33,232,235,74,124,123,134,49,201,152,133,41,147,102,217,180,126,232,187,152,67,65,4,23,17,131,67,25,120,164,171,103,144,238,95,110,5,159,242,193,157,39,230,4,147,55,99,20,125,58,19,232,130,65,124,187,152,106,11,142,84,146,156,27,150,85,189,144,179,69,1,206,66,114,74,14,235,162,49,201,35,191,217,147,102,217,180,120,108,169,152,245,65,4,200,17,131,67,71,175,164,42,115,23,185,153,1,133,242,101,154,62,68,136,25,248,160,124,52,131,198,38,33,73
Best fitness found so far: 0.6373769724276255; k: 2.0
Generation: 183; 0.6373769724276255; k: 2.0; 13,23,133,67,33,240,35,171,171,115,93,211,187,152,133,4,147,102,151,20,151,58,19,225,130,23,124,15,132,28,49,191,115,133,40,69,152,133,185,134,10,29,111,78,18,9,219,212,181,147,232,43,70,132,97,125,31,232,140,38,112,119
Best fitness found so far: 0.6373769724276255; k: 2.0
Generation: 184; 0.6373769724276255; k: 2.0; 13,175,133,169,33,95,35,171,171,115,93,211,187,152,133,4,147,102,99,45,125,58,145,225,130,23,124,231,152,185,5,142,84,96,156,210,150,246,189,250,147,147,21,170,186,133,67,33,95,67,1,191,51,61,98,125,72,172,100,226,14,123,162,49,201,100,133,167,61,82,217,180,126,22,162,244,42,144,4,52,17,32,225,53,131,164,171,115,23,185,211,154,54,242,101,154,108,225,149,171,101,97,14,133,5,142,84,129,156,210,150,90,189,250,246,98,80,33,147,235,132,124,114,134,49,200,152,133,41,147,102,217,180,126,83,187,152,67,65,4,13,95,131,67,25,120,164,171,115,144,215,109,220,5,159,242,193,157,145,230,230,233
Best fitness found so far: 0.6373769724276255; k: 2.0
Generation: 185; 0.6373769724276255; k: 2.0; 187,219,133,67,33,95,111,171,171,115,23,211,187,152,133,184,147,102,99,45,125,58,19,115,130,23,95,100,236,210,5,55,233,166,205,210,134,246,172,223,105,221,125,206,232,108,242,41,159,61,98,125,206,232,100,183,14,123,162,49,201,100,133,41,18,102,242,180,126,232,162,89,32,127,54,166,17,141,124,71,120,164,171,115,23,185,211,154,54,46,65,106,232,134,15,176,167,75,238,95,110,51,119,131,58,224,95,211,187,200,97,67,147,168,99,216,106,25,218,130,249,157,42,33,67,124,213,50,175,101,131,169,162,231,90,82,210,108,246,189,186
Best fitness found so far: 0.6373769724276255; k: 2.0
Generation: 186; 0.6373769724276255; k: 2.0; 187,219,133,67,33,95,37,171,57,115,63,211,187,152,133,184,149,102,99,45,29,58,19,115,130,23,211,104,236,169,5,107,236,169,5,190,233,146,60,190,20,246,172,223,105,221,125,124,52,243,198,155,40,73
Best fitness found so far: 0.6373769724276255; k: 2.0
Generation: 187; 0.6373769724276255; k: 2.0; 13,175,133,67,33,95,35,171,171,115,93,211,187,152,133,4,147,102,99,45,125,58,19,225,130,23,124,181,152,133,5,142,84,146,156,210,85,246,196,193,234,155,163,4,125,48,129,25,38,147,102,77,106,115,23,211,187,152,45,184,149,102,99,110,29,26,174,115,130,23,211,100,236,169,5,103,233,237,99,45,29,238,19,115,130,23,211,100,236,169,5,190,149,237,205,210,112,246,127,223,120,221,169,206,232,108,242,41,159,5,57,47,94,232,100,207,14,123,162,49,83,164,133,41,232,144,177,152,133,233,240,4,78,146,16,187,121,215,97,91,209,109,18,156,54,150,246,176,250,246,141,125,33,14,95,74,124,22,134,49,126,152,190,107,118,102,217,227,126,232,232,152,67,65,4,13,17,131,41,159,61,98,19,94,232,187,152,189,180,4,13,92,131,67,25,98,164,171,115,144,238,95,17,5,159,242,193,97,39,230,5,31
Best fitness found so far: 0.6373769724276255; k: 2.0
Generation: 188; 0.6373769724276255; k: 2.0; 13,175,133,67,33,95,35,171,171,115,93,211,187,152,133,4,147,102,99,45,125,58,19,225,130,23,27,228,152,178,5,142,148,224,156,210,56,246,196,167,234,155,163,118,125,48,129,58,38,147,218,77,67,115,23,211,187,152,133,62,149,102,100,45,29,58,23,115,130,23,211,100,236,160,223,103,233,237,205,183,150,246,172,223,138,221,125,71,113,130,126,161,163,126,113,130,226,161,111,193,28,71,107,33,125,147,232,201,36,125,9,127,90,109,101,49,112,165
Best fitness found so far: 0.6373769724276255; k: 2.0
Generation: 189; 0.6373769724276255; k: 2.0; 187,219,133,67,33,95,37,171,171,115,23,211,187,152,133,184,147,102,99,45,125,58,29,115,130,23,211,100,236,169,5,190,233,233,205,210,150,246,172,223,105,221,125,206,232,108,242,41,159,61,98,125,164,232,100,183,14,37,171,171,115,23,211,95,152,133,184,147,102,99,45,125,174,19,115,130,23,37,56,152,169,5,190,229,16,125,58,19,115,130,23,124,187,224,133,5,116,246,146,176,210,150,234,234,14,206,93,125,206,232,114,74,237,123,162,49,201,152,47,67,75,102,187,33,249,242,23,79,187,152,192,5,240,217,146,165,210,150,156,18,238,239,193,125,208,197,219,249,14,107,162,49,245,152,133,227,147,102,217,125,106,118,187,152,133,7,123,72,17,131,94,71,239,164,47,63,23,185,211,196,12,242,134,5,134,111,179,18,113,130,126,190,92,1,3,18,113,130,110,161,152,227,67,147,102,99,45,125,58,19,115,130,103,124,246,228,133,197,142,229,146,176,210,150,246,189,250,246,98,125,206,202,114,74,14,123,162,188,119,152,133,67,147,165,217,180,106,232,187,152,60,72,4,138,17,131,230,233,64,125,171,50,23,48,187
Best fitness found so far: 0.6373769724276255; k: 2.0
Generation: 190; 0.6373769724276255; k: 2.0; 227,137,133,67,33,95,77,171,171,155,93,211,187,152,133,4,147,102,99,45,125,58,89,225,130,23,124,182,133,174,154,53,193,44,174,49,101,15,132,28,49,104,81,133,40,69,152,133,185,134,10,83,243,78,18,78,219,212,9,147,174,18,70,132,76,187,31,182,140,38,112,165
Best fitness found so far: 0.6373769724276255; k: 2.0
Generation: 191; 0.6373769724276255; k: 2.0; 187,101,133,67,33,95,37,171,171,115,23,211,187,152,133,184,149,102,119,45,29,58,19,115,130,23,86,100,236,169,5,95,37,171,171,115,23,211,187,152,133,204,105,102,99,45,123,58,19,41,18,102,217,180,126,232,162,244,32,2,54,52,17,109,9,71,29,164,226,115,23,185,211,154,54,242,65,160,147,134,15,18,1,212,238,135,110,142,119,57,30,224,193,17,164,82,245,221,211,187,152,133,195,134,5,159,111,193,43,163,163,25,125,31,159,75,19,77
Best fitness found so far: 0.6373769724276255; k: 2.0
Generation: 192; 0.6373769724276255; k: 2.0; 187,219,133,199,33,95,37,171,171,50,23,211,187,152,133,184,147,102,99,45,125,58,19,115,130,23,211,100,55,169,5,190,233,166,205,210,215,246,24,223,105,221,125,206,85,108,242,226,159,37,98,125,206,232,100,183,235,123,162,118,201,5,41,214,193,18,113,117,205,161,195,187,239,24,39,17,29,230,175,246,31,18,3,130,152,42,221,67,31,95,37,178,171,115,23,183,187,152,81,67,147,25,44,160,124,133,65,240,5,17,171,169,71,125,164,171,115,46,33,109,36,53,168,44,139,147,101,15,132,28,95,189,138,133,40,187,152,133,65,104,10,83,111,193,204,36,44,15,9,147,232,18,95,241,9,242,19,115,130,23,124,10,76,153,58,142,66,146,176,210,150,152,133,65,177,73,216,250,192,30,28,158,221,197,233,183,61,129,242,85,23,211,94,152,133,152,222,202,102,100,53,31,32,68,71,228,14,44,121,198,103,229,184,96,210,150,246,190,219,23,179,236,119,201,137,196,229,101,131,173,35,74,27,201,182,215,170,145,87,151,65,196,229,153,228,173,168,74,32,222,141,109,180,61,37,85,231,34
Best fitness found so far: 0.6373769724276255; k: 2.0
Generation: 193; 0.6373769724276255; k: 2.0; 187,219,133,67,33,95,37,171,171,115,23,211,187,152,133,184,147,102,99,45,29,58,19,115,130,23,211,100,163,25,125,31,136,75,19,219
Best fitness found so far: 0.6373769724276255; k: 2.0
Generation: 194; 0.6373769724276255; k: 2.0; 187,219,133,67,33,95,37,171,171,115,15,211,165,152,133,184,147,102,99,45,29,238,19,115,130,23,211,100,236,169,5,190,150,237,205,210,82,246,172,223,120,81,169,206,232,108,242,116,159,61,98,19,94,232,100,207,120,123,162,168,216,164,133,41,232,144,177,152,133,233,240,4,78,150,16,187,152,215,97,146,209,109,18,156,232,150,246,176,250,190,141,125,33,14,95,74,124,123,134,49,126,176,210,150,246,189,250,246,98,125,206,202,114,74,14,123,162,188,119,152,133,67,147,165,217,180,106,133,187,152,60,73,4,138,17,131,230,233,64,240,171,50,23,48,187
Best fitness found so far: 0.6373769724276255; k: 2.0
Generation: 195; 0.6373769724276255; k: 2.0; 13,175,133,67,33,95,35,171,171,115,93,211,187,152,133,4,147,102,99,45,125,58,19,225,130,23,124,187,152,133,5,142,84,146,156,210,175,246,189,250,246,98,125,206,232,114,151,14,123,162,49,201,100,133,41,147,102,23,211
Best fitness found so far: 0.6373769724276255; k: 2.0
Generation: 196; 0.6373769724276255; k: 2.0; 187,219,133,67,33,95,89,171,171,115,23,211,187,152,133,184,147,102,99,45,125,58,19,115,130,23,211,100,236,169,5,190,233,166,205,210,150,246,172,223,105,221,125,206,232,108,242,41,48,61,98,125,206,50,100,112,35,74,139,222,101,215,86,145,87,151,162,196,229,153,248,173,195,74,55,249,141,207,180,61,37,85,231,34
Best fitness found so far: 0.6373769724276255; k: 2.0
Generation: 197; 0.6373769724276255; k: 2.0; 187,93,133,67,33,95,37,171,171,115,23,211,187,152,133,184,147,102,99,45,31,58,19,115,130,23,160,100,152,169,5,190,197,146,205,210,25,82,172,19,115,130,23,86,100,96,169,90,95,230,171,171,115,23,211,187,152,89,204,147,102,99,45,123,58,231,115,130,23,211,64,33,95,135,171,171,120,23,211,187,152,177,184,147,102,99,120,177,29,19,115,130,129,37,34,90,169,107,190,163,146,205,210,150,108,172,23,107,64,125,206,232,108,103,75,214,61,246,31,206,232,100,122,14,123,162,49,201,100,39,167,147,82,217,136,126,227,162,244,32,144,4,176,17,141,9,71,45,35,62,95,23,159,211,154,54,126,101,91,150,225,149,171,101,97,14,123,40,49,17,92,133,83,98,102,250,35,106,232,241,40,93,65,240,5,17,131,166,71,188,135,171,174,23,135,211,196,181,31,151,182,215,111,24,18,124,193,222,235,5,63,221,94,143,60,150,189,115,54,40,216,25,133,121,134,67,76,141,28,69,33,207,232,222,132,169,189,30,198,155,169,197,154,53,193,44,139,208,101,181,79,28,49,111,171,212,115,11,211,187,152,133,184,147,102,99,48,125,58,19,115,72,23,95,143,236,210,5,55,233,71,205,210,150,246,191,34,5,190,229,123,205,210,150,250,236,23,95,37,101,171,69,68,3,33,211,187,152,133,59,134,13,61,111,227,18,163,163,174,125,222,136,75,162,44,37,133,67,84,102,5,45,91,58,19,123,130,23,98,187,152,48,97
Best fitness found so far: 0.6373769724276255; k: 2.0
Generation: 198; 0.6373769724276255; k: 2.0; 187,219,133,67,33,95,37,171,171,120,87,211,187,152,133,184,147,102,99,120,125,58,19,115,130,23,37,71,152,10,5,190,229,146,205,210,150,246,172,23,106,133,125,206,232,42,242,41,159,61,98,125,206,232,100,226,14,123,162,93,65,240,5,11,131,169,71,85,135,171,115,215,33,211,107,125,176,151,5,64,111,24,18,124,187,222,235,5,63,58,23,176,113,150,189,115,233,221,216,227,133,121,215,1,76,141,28,69,99,215,150,143,83,169,189,30,198,196,169,197,154,53,193,44,5,189,111,193,18,115,130,126,117,92,1,201,180,39,17,29,230,123,121,2,18,236,67,125,161,31,171,194,115,239
Best fitness found so far: 0.6373769724276255; k: 2.0
Generation: 199; 0.6373769724276255; k: 2.0; 13,175,133,112,33,95,35,171,171,115,93,211,187,152,133,4,147,232,245,20,125,58,19,225,130,23,11,187,152,219,170,194,84,146,156,210,38,249,125,206,232,108,242,41,159,61,75,125,206,172,100,226,14,123,162,49,201,100,133,115,147,82,217,180,126,93,108,244,42,202,4,104,17,47,158,183,131,164,171,163,49,201,100,133,41,232,144,187,152,133,214,240,186,78,146,176,187,152,119,195,123,87,31,18,156,232,150,246,52,250,246,141,125,33,39,95,74,124,126,134,118,108,152,133,41,147,43,201,130,122,211,187,152,67,65,4,13,68,20,113,201,120,164,171,115,50,141,23,176,9,18,113,130,126,161,111,193,184,71,12,33,125,147,232,201,36,148,44,125,180,232,101,49,229,14
Best fitness found so far: 0.6373769724276255; k: 2.0
Total time of execution of seed 10 : 37183136
Solution Fitness: -0.6373769724276255
Variables: uniform 10 manhathan join split join split moveAverage moveNear moveAverage join moveBetween join moveBetween
