Generation: 0; -1.0; k: 3.2; 97,249,36,10,158,24,27,114,144,197
Best fitness found so far: -1.0; k: 3.2
Generation: 1; 0.023823363184837725; k: 8.8; 97,121,184,21,9
Best fitness found so far: 0.023823363184837725; k: 8.8
Generation: 2; 0.03108149291449504; k: 3.9; 167,133,199,13,33,195,237,74,201,7,14,41
Best fitness found so far: 0.03108149291449504; k: 3.9
Generation: 3; 0.2090651840404718; k: 3.2; 185,48,106,84,149,129,249,220,119,127,187,146,207,7
Best fitness found so far: 0.2090651840404718; k: 3.2
Generation: 4; 0.26916725842712425; k: 2.0; 182,117,188,59,47,71,35,152,167,133,199,13,33,195,147,74,201,7,172,229
Best fitness found so far: 0.26916725842712425; k: 2.0
Generation: 5; 0.3402586079175025; k: 2.0; 182,117,188,59,47,71,35,152,167,133,199,13,41
Best fitness found so far: 0.3402586079175025; k: 2.0
Generation: 6; 0.2854114412119719; k: 2.0; 17,19,47,71,35,152,167,40,35,86,167,133,199,13,33,195,147,74,201,7,70,229
Best fitness found so far: 0.3402586079175025; k: 2.0
Generation: 7; 0.288733352488726; k: 2.0; 185,48,106,84,149,129,249,247,119,85,187,155,31,66,117,120,174,185,201,7,14,10
Best fitness found so far: 0.3402586079175025; k: 2.0
Generation: 8; 0.2720397127667503; k: 2.4; 182,116,58,119,195,96,227,229,225,204,67,155,185
Best fitness found so far: 0.3402586079175025; k: 2.0
Generation: 9; 0.34100937681106097; k: 2.0; 182,241,194,119,195,96,227,204,9,249,67,225,2,13,68,195,147,74,201,7,172,123,100,46,172
Best fitness found so far: 0.34100937681106097; k: 2.0
Generation: 10; 0.3267150615382933; k: 2.0; 17,115,19,143,135,45,89,205,17,248,249,71,35,40,35,86,167,133,199,13,33,195,147,74,201,7,70,119,195,96,227,204,149,217,172,17,172,49,14,231,147,198,68,247,8
Best fitness found so far: 0.34100937681106097; k: 2.0
Generation: 11; 0.34100937681106097; k: 2.0; 182,241,54,119,195,106,227,204,9,249,67,225,2,13,68,195,147,119,127,187,46,31,66,229,247,15
Best fitness found so far: 0.34100937681106097; k: 2.0
Generation: 12; 0.3825374715025211; k: 2.0; 182,208,194,119,195,222,227,204,9,249,67,71,35,140,167,106,199,13,215,49,33,195,106,74
Best fitness found so far: 0.3825374715025211; k: 2.0
Generation: 13; 0.34100937681106097; k: 2.0; 182,241,194,119,65,96,227,204,9,249,67,225,2,13,68,195,245,74,201,195,175,176,201,7,70,119,195,96,227,204,149,217,172,17,172,49,14,231,147,198,68,247,8
Best fitness found so far: 0.3825374715025211; k: 2.0
Generation: 14; 0.348486256945029; k: 2.0; 182,208,194,119,53,222,227,204,9,184,67,71,35,140,167,106,193,13,215,98,33,220,17,172,227,145,184,205,167,81,231,55,154,32,9,13,33,195,196,74,201,47,71,70,152,167,18,199,177,41
Best fitness found so far: 0.3825374715025211; k: 2.0
Generation: 15; 0.34701318655040664; k: 2.0; 185,48,106,84,149,129,75,59,47,71,35,207,137,110,248,45,247,136,17,125,241,71,119,127,101,155,31,66,229,22,33,155,147,74,201,7,70,229
Best fitness found so far: 0.3825374715025211; k: 2.0
Generation: 16; 0.34701318655040664; k: 2.0; 185,48,106,84,149,129,75,59,47,71,35,207,137,110,248,45,247,136,17,125,241,71,119,150,101,155,31,172,177,176,231,147,182,68,247,8
Best fitness found so far: 0.3825374715025211; k: 2.0
Generation: 17; 0.34701318655040664; k: 2.0; 185,88,106,84,149,129,75,59,47,71,35,207,137,110,248,45,247,136,17,106,139,71,222,227,204,9,249,67,71,176,30,167,106,199,234,229,49,33,195,106,74
Best fitness found so far: 0.3825374715025211; k: 2.0
Generation: 18; 0.3474510081274382; k: 2.0; 185,48,50,249,67,214,207,84,229,116,89,154,95,34,209,155,185
Best fitness found so far: 0.3825374715025211; k: 2.0
Generation: 19; 0.3499486918294258; k: 2.0; 182,208,194,119,83,222,133,204,9,184,67,71,35,223,167,89,193,44,215,98,174,75,117,59,200,116,50,111,239,71,209,155,185
Best fitness found so far: 0.3825374715025211; k: 2.0
Generation: 20; 0.34701318655040664; k: 2.0; 117,48,106,84,149,129,75,59,47,71,109,207,137,170,248,45,247,30,31,172,177,195,96,227,58,9,249,67,247,3,84,50,50,33,103,185,106,84,149,246,249,80,227,229,225,234,203,74,19,45,71,22,19,236,204,215,225
Best fitness found so far: 0.3825374715025211; k: 2.0
Generation: 21; 0.34701318655040664; k: 2.0; 185,48,106,84,149,129,75,59,47,71,35,207,137,110,248,45,247,136,3,125,241,86,35,40,35,97,167,172,17,172,49,14,231,147,198,68,203,8
Best fitness found so far: 0.3825374715025211; k: 2.0
Generation: 22; 0.3506554103486563; k: 2.2; 185,48,106,84,149,129,75,59,47,71,113,169,137,173,248,45,247,136,17,125,241,71,17,150,101,155,31,172,177,176,231,147,182,68,247,241,245,74,201,68,175,74,102,7,229
Best fitness found so far: 0.3825374715025211; k: 2.0
Generation: 23; 0.3542481447696337; k: 2.0; 182,241,2,119,65,96,247,204,9,249,67,119,53,222,227,204,9,184,73,71,35,140,167,106,193,13,233,98,33,220,17,172,227,145,184,205,167,81,231,55,154,32,9,13,33,222,196,74,201,47,125,70,87,167,18,199,177,41
Best fitness found so far: 0.3825374715025211; k: 2.0
Generation: 24; 0.34701318655040664; k: 2.0; 104,48,106,84,149,129,43,59,77,71,35,207,137,110,248,45,247,146,204,125,241,101,95,43,35,33,167,232,174,75,226,147,68,17,224,241,19,247,207,84
Best fitness found so far: 0.3825374715025211; k: 2.0
Generation: 25; 0.3506554103486563; k: 2.2; 185,48,106,84,149,129,75,59,47,71,113,169,137,173,248,235,247,136,17,125,241,185,17,150,101,43,31,172,177,176,231,147,182,68,247,241,245,74,201,68,175,74,102,150,149,129,81,59,47,131,35,155,137,110,248,45,247,136,17,172,240,71,119,127,101,155,225,66,229,22,33,155,147,74,201,7,70,229
Best fitness found so far: 0.3825374715025211; k: 2.0
Generation: 26; 0.3691016620002153; k: 2.0; 117,48,33,84,149,129,75,59,47,71,35,39,137,110,248,75,247,243,106,84,149,129,75,168,47,83,35,204,137,110,248,45,215,136,17,157,227,58,188,249,67,159,207,84
Best fitness found so far: 0.3825374715025211; k: 2.0
Generation: 27; 0.3506554103486563; k: 2.2; 221,48,106,84,149,129,75,59,47,71,203,169,137,173,248,45,247,136,17,125,241,71,17,150,101,119,4,187,46,235,1,229,139,15,107,225,2,13,68,195,147,119,127,187,46,235
Best fitness found so far: 0.3825374715025211; k: 2.0
Generation: 28; 0.3590430131909361; k: 2.0; 182,208,48,119,53,222,147,204,9,21,67,71,35,140,167,106,193,13,215,98,33,220,17,207,227,145,184,205,167,81,231,55,3,32,50,13,33,195,196,74,201,47,71,70,152,167,18,139,71,222,84,204,45,247,172,17,125,241,85,35,40,13,97,167,96,227,204,130,249,67,61,61,20,91,116,233,154,95,86,106,70,227,32,9,13,33,195,196,224,201,47,71,35,152,167,133,199,177,41
Best fitness found so far: 0.3825374715025211; k: 2.0
Generation: 29; 0.3506554103486563; k: 2.2; 185,48,106,42,149,124,75,59,47,71,113,169,137,173,174,45,247,136,17,125,241,71,195,25,149,129,15,44,87,71,35,207,3,110,248,45,247,136,17,106,137,110,248,45,247,26,171,125,241,86,35,40,35,97,247,172,17,172,49,157,206,147,198,79,203,8
Best fitness found so far: 0.3825374715025211; k: 2.0
Generation: 30; 0.3506554103486563; k: 2.2; 190,48,106,84,149,129,197,59,47,146,113,169,137,173,248,45,84,136,65,125,39,71,17,150,101,167,69,166,75,59,47,71,22,207,137,110,248,198,109,243,112,172,180,176,231,147,182,68,247,8
Best fitness found so far: 0.3825374715025211; k: 2.0
Generation: 31; 0.3590430131909361; k: 2.0; 49,208,48,119,53,222,147,204,9,21,67,71,35,140,167,106,193,13,215,98,33,220,17,207,227,145,184,205,167,81,77,55,3,32,130,13,33,195,196,74,201,247,71,70,152,167,18,139,71,222,84,204,45,247,100,17,125,241,85,35,40,13,97,167,96,227,204,130,249,67,61,61,20,91,116,233,154,95,86,106,70,227,32,9,63,210,167,227
Best fitness found so far: 0.3825374715025211; k: 2.0
Generation: 32; 0.3590430131909361; k: 2.0; 49,208,48,119,11,222,147,204,9,21,67,71,35,140,167,106,81,13,215,98,33,220,243,217,227,145,184,205,167,81,77,55,3,32,130,13,33,195,196,74,201,247,105,70,152,167,18,139,55,222,84,204,45,247,100,17,125,241,85,35,40,13,245,167,96,21,204,130,249,67,61,61,7,229
Best fitness found so far: 0.3825374715025211; k: 2.0
Generation: 33; 0.3590430131909361; k: 2.0; 49,208,48,119,11,222,147,204,9,21,67,71,35,140,167,106,81,13,215,98,33,220,243,217,227,145,184,205,167,81,77,55,3,32,130,13,33,195,196,74,201,247,105,70,152,167,18,139,55,222,84,204,45,247,100,17,128,106,74
Best fitness found so far: 0.3825374715025211; k: 2.0
Generation: 34; 0.3590430131909361; k: 2.0; 49,208,178,119,11,222,147,204,9,21,67,71,35,140,167,106,81,13,215,98,33,220,243,217,227,145,184,205,167,81,77,55,3,32,130,13,196,195,196,74,201,247,105,197,152,53,18,139,55,222,84,204,45,247,100,193,141,228,181,229,43,35,207,43,110,186,45,247,136,67,106,139,71,222,84,85,76,247,136,166,125,241,99,35,115,13,120,167,96,227,204,130,249,67,172,61,139,229,116,233,60,95,86,59,47,158,22,207,137,110,20,198,109,243,112,179,180,176,231,147,182,68,247,8
Best fitness found so far: 0.3825374715025211; k: 2.0
Generation: 35; 0.3590430131909361; k: 2.0; 49,208,18,119,11,222,147,204,9,21,67,71,35,140,167,106,81,13,125,98,33,220,243,217,227,145,144,205,167,81,77,55,3,9,130,33,33,195,196,74,201,247,105,70,67,167,18,139,55,222,84,204,45,247,100,17,206,107,145,184,205,167,81,231,33,3,32,50,45,111,208
Best fitness found so far: 0.3825374715025211; k: 2.0
Generation: 36; 0.3691016620002153; k: 2.0; 117,48,33,84,149,129,53,59,47,71,35,39,137,110,248,75,247,243,106,84,149,129,75,168,47,83,35,204,137,110,248,45,215,136,17,157,227,223,188,249,67,159,247,100,17,30,54,85,35,209,13,97,211,96,227,204,130,249,67,61,61,20,188,116,233,154,95,117,106,70,227,32,37,63,210,167,227
Best fitness found so far: 0.3825374715025211; k: 2.0
Generation: 37; 0.3691016620002153; k: 2.0; 117,48,33,84,149,129,53,59,47,71,35,39,137,110,248,75,247,243,106,84,149,129,75,168,47,83,35,204,137,110,248,45,140,136,17,157,227,54,188,249,67,159,247,100,17,30,54,85,35,209,13,97,211,96,74,201,68,147,125,45
Best fitness found so far: 0.3825374715025211; k: 2.0
Generation: 38; 0.3691016620002153; k: 2.0; 117,48,33,84,149,129,53,59,47,71,35,34,137,110,248,75,247,243,106,84,149,129,75,168,47,83,35,204,137,104,248,45,215,136,17,157,227,70,229
Best fitness found so far: 0.3825374715025211; k: 2.0
Generation: 39; 0.3691016620002153; k: 2.0; 117,48,203,84,149,129,53,59,47,71,35,39,229,110,248,75,247,243,106,15,149,129,75,168,47,79,185,204,137,110,248,166,75,168,47,101,225,204,137,110,248,45,215,136,17,157,135,58,188,249,67,113,207,84
Best fitness found so far: 0.3825374715025211; k: 2.0
Generation: 40; 0.38948861509609084; k: 2.0; 49,208,48,119,11,222,147,204,9,21,67,71,35,140,167,106,81,13,215,186,33,220,243,217,227,145,184,205,139,81,77,163,3,32,130,13,33,38,196,74,201,247,222,227,249,147,249,67,71,24,140,167,124,199,13,96,49,33,195,217,74
Best fitness found so far: 0.38948861509609084; k: 2.0
Generation: 41; 0.3691016620002153; k: 2.0; 126,48,203,84,149,129,53,59,47,71,35,39,137,110,248,75,247,243,106,84,149,129,75,168,47,83,185,204,137,110,248,45,75,168,127,167,81,77,55,3,9,130,230,33,195,196,74,33,247,105,70,160,167,18,139,55,222,84,195,45,101,122,98,24,45,30,80
Best fitness found so far: 0.38948861509609084; k: 2.0
Generation: 42; 0.3691016620002153; k: 2.0; 117,48,203,84,149,129,53,59,47,71,117,39,229,110,248,75,247,243,106,15,149,129,144,168,47,79,185,204,137,110,248,166,75,227,204,9,249,67,71,35,140,167,106,199,13,215,49,33,195,106,74
Best fitness found so far: 0.38948861509609084; k: 2.0
Generation: 43; 0.3691016620002153; k: 2.0; 117,48,33,84,149,129,53,174,47,71,35,39,137,110,10,75,247,243,205,84,149,129,75,168,47,83,35,204,137,110,248,45,18,136,48,157,227,54,188,249,67,130,125,67,61,61,7,193
Best fitness found so far: 0.38948861509609084; k: 2.0
Generation: 44; 0.3942704004047004; k: 2.0; 117,48,107,84,149,129,53,59,17,71,35,39,137,110,248,75,247,243,106,84,65,146,17,125,241,71,8,150,163,155,228,75,247,243,76,84,149,129,196,168,243,83,185,204,137,110,248,45,75,168,47,101,225,204,137,110,248,45,215,136,17,157,135,58,50,249,67,113,207,84
Best fitness found so far: 0.3942704004047004; k: 2.0
Generation: 45; 0.3942704004047004; k: 2.0; 117,48,107,84,149,129,53,224,17,71,35,39,137,110,226,75,247,237,146,243,217,227,85,144,205,101,225,204,137,5,248,45,215,136,157,157,135,58,39,249,245,74,123,246,71,139,152,167,79,199,177,41
Best fitness found so far: 0.3942704004047004; k: 2.0
Generation: 46; 0.3942704004047004; k: 2.0; 31,48,107,84,149,129,53,224,17,71,35,39,137,110,226,75,185,237,146,243,217,204,137,110,248,45,140,136,17,157,94,7,71,249,67,159,247,100,17,30,54,85,35,209,13,97,211,154,74,201,68,147,125,45,30,54,85,35,209,13,97,211
Best fitness found so far: 0.3942704004047004; k: 2.0
Generation: 47; 0.3942704004047004; k: 2.0; 53,48,82,84,149,129,53,59,47,71,35,39,137,110,248,75,247,243,106,146,248,45,39,136,17,185,96,21,146,130,152,67,127,61,7,110
Best fitness found so far: 0.3942704004047004; k: 2.0
Generation: 48; 0.3942704004047004; k: 2.0; 143,48,182,84,149,129,53,59,47,71,35,39,137,110,248,75,247,243,106,84,149,129,75,168,47,13,35,204,137,110,217,45,215,136,188,157,227,223,188,32,111,159,181,100,56,39,243,21,248,170,247,243,106,15,219,120,244,138,186,79,185,204,47,247,243,106,84,149,129,195,120,47,83,35,204,153,92,248,177,247,42,62,84,149,129,75,168,30,83,185,188,137,201,248,45,75,168,47,101,225,204,137,110,248,45,162,136,67,157,102,37,188,249,17,195,196,74,200,247,105,70,152,206,161,139,55,222,84,204,45,247,100,17,128,227,235
Best fitness found so far: 0.3942704004047004; k: 2.0
Generation: 49; 0.3942704004047004; k: 2.0; 53,48,82,84,149,129,53,59,47,71,35,39,137,110,248,75,247,73,106,146,248,45,39,136,17,185,96,21,146,130,128,46,188,104,67,113,207,84
Best fitness found so far: 0.3942704004047004; k: 2.0
Generation: 50; 0.3942704004047004; k: 2.0; 117,48,52,84,149,129,53,59,47,71,117,39,229,110,248,75,247,3,106,149,129,184,73,71,32,140,69,106,110,248,75,247,243,106,84,149,129,75,168,47,83,35,148,79,110,248,45,140,161,17,185,96,21,146,130,152,67,61,61,7,110
Best fitness found so far: 0.3942704004047004; k: 2.0
Generation: 51; 0.3942704004047004; k: 2.0; 164,48,207,84,149,129,53,224,17,71,35,39,137,110,168,75,197,237,146,243,217,227,85,241,205,101,104,204,137,5,248,45,215,136,157,157,135,55,39,249,245,74,123,246,71,139,152,167,79,199,177,243,106,84,149,129,198,168,64,83,35,204,11,110,248,178,215,136,17,72,227,89,188,249,67,159,207,148,137,110
Best fitness found so far: 0.3942704004047004; k: 2.0
Generation: 52; 0.3942704004047004; k: 2.0; 184,48,182,84,23,129,53,59,47,71,35,39,137,110,248,75,105,70,195,206,161,50,55,222,70,152,167,235,139,109,89,236,227,242,39,100,17,125,107,124,90,247,128,244,81,241,149,178,75,59,224,71,22,207,192,108,139,45,109,243,112,124,180,176,231,147,182,68,57,8
Best fitness found so far: 0.3942704004047004; k: 2.0
Generation: 53; 0.3942704004047004; k: 2.0; 117,48,52,84,149,129,53,59,47,71,117,39,229,110,248,75,247,3,58,149,211,184,73,71,32,140,69,106,110,248,75,247,91,106,84,149,222,75,168,207,83,1,148,79,110,248,45,168,161,17,29,96,117,84,229,110,53,194,247,3,171,103,129,184,73,54,105,140,28,106,193,226,67,61,94,234,188,116,233,154,95,117,106,70,49,32,192,63,216,150,227
Best fitness found so far: 0.3942704004047004; k: 2.0
Generation: 54; 0.3942704004047004; k: 2.0; 24,48,112,84,149,129,53,59,195,71,35,39,229,110,162,75,247,243,10,39,149,129,23,168,47,79,185,130,13,194,140,61,207,45,217,47,71,35,39,243,80,151,71,58,149,204,15,219,1,75,138,24,79,185,234,47,110,35,108,199,168,47,101,50,204,137,110,171,45,27,105,162,75,247,243,10,39,149,129,23,168,47,79,185,130,13,194,140,61,207,45,217,47,71,35,39,243,80,151,71,58,149,204,15,219,1,75,138,24,79,185,234,47,110,35,108,199,168
Best fitness found so far: 0.3942704004047004; k: 2.0
Generation: 55; 0.3942704004047004; k: 2.0; 117,48,52,84,149,129,53,59,31,71,117,39,229,110,248,75,247,3,106,134,244,29,73,71,155,84,149,129,53,224,192,61,35,120,179,110,131,75,185,250,146,55,205,75,247,3,106,149,129,184,73,54,35,79,219,106,186,226,12,61,61,234,188,249,67,113,52,104
Best fitness found so far: 0.3942704004047004; k: 2.0
Generation: 56; 0.3942704004047004; k: 2.0; 53,120,82,45,149,129,53,59,47,71,35,39,53,110,248,75,247,182,30,140,136,182,68,229,93,221,74,94,27,175,74,102,183,229
Best fitness found so far: 0.3942704004047004; k: 2.0
Generation: 57; 0.3942704004047004; k: 2.0; 53,48,82,84,149,129,53,179,47,71,35,39,137,110,248,75,41,243,159,153,188,229,58,188,249,67,113,207,84
Best fitness found so far: 0.3942704004047004; k: 2.0
Generation: 58; 0.3942704004047004; k: 2.0; 185,48,207,84,149,129,53,224,17,71,35,24,137,110,168,75,197,237,146,243,217,227,85,241,205,101,104,204,137,5,248,45,113,207,128,33,84,216,19,161,143,47,71,35,75,94,125,192,75,45,83,25,182,125,204,9,143,67,207,35,219,71,106,193,231,202,98,33,220,17,12,89,145,87,89,167,81,80,55,53,32,23,9,33,195,66,74,201,30,116,70,131,167,33,139,71,222,84,204,45,211,232,61,125,241,227,35,40,13,97,2,96,227,204,130,249,15,136,70,201,137,24,140,167,230,199,13,96,49,13,5,217,171
Best fitness found so far: 0.3942704004047004; k: 2.0
Generation: 59; 0.3942704004047004; k: 2.0; 117,48,107,84,149,129,53,224,17,71,35,39,137,110,226,75,136,47,71,35,39,137,110,248,75,162,105,152,206,161,139,55,106,235
Best fitness found so far: 0.3942704004047004; k: 2.0
Generation: 60; 0.3942704004047004; k: 2.0; 117,48,62,84,149,234,1,59,47,71,53,39,137,110,248,75,247,243,96,84,158,129,75,168,47,186,71,35,39,15,110,248,75,56,70,14,188,249,67,113,207,128,33,84,149,129,53,59,47,49,35,67,113,207,84
Best fitness found so far: 0.3942704004047004; k: 2.0
Generation: 61; 0.3942704004047004; k: 2.0; 117,48,52,84,149,129,53,59,47,71,117,39,229,110,248,75,247,3,106,149,129,137,73,97,35,140,167,106,193,226,84,149,129,53,59,47,71,117,39,54,110,118,172,247,45,106,149,244,39,90,110,219,75,31,243,205,84,149,129,75,193,47,83,209,60,97,211,96,74,201,68,147,125,45
Best fitness found so far: 0.3942704004047004; k: 2.0
Generation: 62; 0.3942704004047004; k: 2.0; 31,48,107,84,195,129,53,224,17,71,35,39,137,195,226,5,185,237,231,55,217,32,50,79,33,16,196,74,248,50,71,70,9,167,18,139,61,7,110
Best fitness found so far: 0.3942704004047004; k: 2.0
Generation: 63; 0.3942704004047004; k: 2.0; 117,48,62,84,149,234,1,59,47,71,53,39,137,110,248,75,247,243,9,34,68,129,75,29,111,76,156,96,223,118,74,106,70,227,22,185,35,242,137,223,129,86,73,66,148,30,54,85,35,113,37,97,192,154,74,211,194,59,106,99,84
Best fitness found so far: 0.3942704004047004; k: 2.0
Generation: 64; 0.3942704004047004; k: 2.0; 24,48,112,84,149,129,53,59,195,126,35,39,229,110,248,75,247,243,10,39,149,161,23,129,47,79,185,204,137,110,25,23,68,137,47,205,167,204,66,110,41,45,215,136,84,149,73,24,168,51,187,35,204,137,212,210,45,215,136,86,187,227,178,188,249,193,56,40,167,18,74,147,222,152,223,27,210,122,98,152,231,159,225,45,22,241,232,17,3,101,244,31,99,177,208,222,75,114,20,71,113,169,204,71,113,169,137,132,30,45,144,171,17,139,179,90,17,150,140,155,161,172,55,106,235
Best fitness found so far: 0.3942704004047004; k: 2.0
Generation: 65; 0.3942704004047004; k: 2.0; 31,48,107,84,149,129,53,224,17,71,35,39,137,110,226,75,185,237,146,243,217,204,77,110,248,59,47,71,35,39,53,110,248,75,247,182,30,140,136,182,68,229,93,221,74,94,27,175,74,102,183,229
Best fitness found so far: 0.3942704004047004; k: 2.0
Generation: 66; 0.3942704004047004; k: 2.0; 24,78,112,84,149,129,53,59,195,71,35,39,229,110,162,75,247,243,10,39,149,129,23,168,47,79,185,130,13,194,140,61,207,45,217,47,71,35,39,243,80,151,71,122,149,204,15,219,1,131,71,117,39,229,110,248,75,168,3,106,149,9,227,73,54,35,140,167,116,193,226,67,61,60,228,188,116,233,223,95,74,106,70,227,32,185,35,39,177,223,248,75,110,243,106,248,49,192,51,172,241,71,17,150,163,216,53,153,177,176,231,174,182,207,17,30,54,85,35,209,13,97,148,109,247,201,68,147,125,45
Best fitness found so far: 0.3942704004047004; k: 2.0
Generation: 67; 0.3942704004047004; k: 2.0; 184,48,182,84,23,129,53,59,47,71,35,39,137,110,248,75,105,70,231,206,161,50,55,222,70,152,167,235,167,81,128,55,154,32,9,194,33,222,196,74,201,79,125,70,87,167,149,77,177,41
Best fitness found so far: 0.3942704004047004; k: 2.0
Generation: 68; 0.3942704004047004; k: 2.0; 117,48,52,84,149,129,53,159,47,71,117,39,229,110,248,75,1,3,58,149,7,184,73,71,32,140,41,85,110,248,75,247,91,106,84,149,222,75,168,207,83,1,148,79,110,248,45,168,161,17,29,96,117,84,229,110,53,194,247,139,9,103,156,184,73,54,105,140,160,106,193,226,67,61,94,234,188,116,137,110,55,45,215,136,186,157,227,7,34,210,146,130,152,67,61,61,7,110,248,45,168,161,17,29,96,117,84,229,110,53,194,247,139,9,103,156,184,73,54,105,140,160,106,193,226,67,61,94,234,188
Best fitness found so far: 0.3942704004047004; k: 2.0
Generation: 69; 0.3942704004047004; k: 2.0; 117,48,107,84,149,129,53,224,17,246,35,39,137,110,226,75,247,237,53,59,181,6,35,39,198,110,248,75,247,73,94,31,248,45,39,136,17,185,96,21,146,130,128,46,47,171,67,113,207,84
Best fitness found so far: 0.3942704004047004; k: 2.0
Generation: 70; 0.3942704004047004; k: 2.0; 31,48,107,84,149,129,53,224,17,71,35,39,137,110,226,75,185,237,78,243,217,204,137,47,248,45,39,136,17,135,94,7,71,249,67,159,247,249,148,30,54,77,35,113,37,187,211,154,74,201,35,39,105,140,28,92,193,7,67,61,94,234,190,116,233,154,95,117,106,70,49,32,140,167,230,199,13,96,49,214,195,217,74
Best fitness found so far: 0.3942704004047004; k: 2.0
Generation: 71; 0.3942704004047004; k: 2.0; 11,48,107,84,69,129,53,59,213,71,35,39,137,110,248,75,247,243,106,82,65,146,208,125,205,71,8,150,78,155,228,75,247,243,76,84,7,129,196,73,71,192,140,69,106,110,248,75,247,243,106,84,149,129,75,168,47,83,35,148,79,110,248,45,140,161,17,129,146,130,152,185,61,61,7,9
Best fitness found so far: 0.3942704004047004; k: 2.0
Generation: 72; 0.3942704004047004; k: 2.0; 117,14,52,84,231,129,53,59,47,71,117,39,229,110,124,75,136,17,135,94,7,71,249,67,159,247,71,32,140,94,106,110,89,75,247,243,106,132,149,129,75,46,116,83,35,158,79,104,248,39,140,161,17,185,96,21,146,130,152,67,61,61,7,110
Best fitness found so far: 0.3942704004047004; k: 2.0
Generation: 73; 0.3942704004047004; k: 2.0; 24,48,112,84,149,129,53,59,195,71,35,39,229,110,162,75,36,243,10,39,61,73
Best fitness found so far: 0.3942704004047004; k: 2.0
Generation: 74; 0.3942704004047004; k: 2.0; 184,48,182,84,39,129,53,59,47,71,35,39,159,110,248,75,33,70,246,206,161,109,121,222,70,187,167,243,217,204,137,110,248,45,140,11,17,157,94,7,71,249,67,159,247,100,198,30,54,85,35,65,13,97,211,154,74,201,68,147,125,45,30,54,85,35,209,13,97,211
Best fitness found so far: 0.3942704004047004; k: 2.0
Generation: 75; 0.3942704004047004; k: 2.0; 143,48,182,84,149,129,53,59,47,71,35,39,137,110,248,75,247,243,106,84,149,129,75,168,47,13,35,204,137,110,217,45,215,136,188,157,173,223,188,32,111,159,181,100,56,39,243,21,118,170,247,243,106,15,219,120,244,138,186,79,185,204,47,247,243,106,84,149,129,195,120,47,83,35,204,153,187,248,177,247,42,62,84,149,129,75,168,30,83,185,188,137,201,248,45,75,168,47,101,225,59,138,117,48,52,84,149,129,53,59,47,71,117,39,229,110,188,75,201,3,106,134,244,184,73,45,35,84,36,129,53,224,17,71,35,39,179,108,131,75,185,149,146,55,205,204,137,110,248,28,239,136,17,135,94,7,155,249,67,159,247,52,32,140,234,173,110,248,149,142,243,106,84,149,129,75,46,50,25,47,158,79,104,248,39,140,161,17,122,136,21,146,130,152,67,61,61,7,110
Best fitness found so far: 0.3942704004047004; k: 2.0
Generation: 76; 0.3942704004047004; k: 2.0; 117,30,107,84,149,129,53,59,213,71,35,39,137,110,248,75,247,243,106,152,65,146,208,125,199,179,8,150,204,243,247,39,244,129,23,168,72,79,185,177,137,110,152,239,68,137,47,205,167,204,137,110,41,45,215,136,84,149,248,45,140,60,17,185,96,210,146,130,152,95,67,61,115,110
Best fitness found so far: 0.3942704004047004; k: 2.0
Generation: 77; 0.3942704004047004; k: 2.0; 31,46,107,84,149,129,53,224,17,71,35,39,137,110,60,75,249,41,9,84,85,129,75,199,47,193,90,35,39,15,110,248,75,56,70,52,188,249,67,113,207,244,33,168,216,19,71,200,2,71,35,31,39,125,96,75,45,83,232,182,125,204,108,199,168
Best fitness found so far: 0.3942704004047004; k: 2.0
Generation: 78; 0.3942704004047004; k: 2.0; 31,240,107,84,149,129,53,224,17,41,35,39,57,195,226,75,185,182,103,55,217,32,50,79,33,16,196,74,248,48,71,70,9,167,18,139,225,222,84,41,45,172,149,17,140,180,9,21,67,71,135,214,71,40,193,231,215,98,33,220,17,207,227,145,249,206,61,61,20,188,116,84,230,95,117,106,70,227,32,37,197,71,117,39,229,110,248,75,168,242,106,16,129,227,73,54,35,140,167,106,193,226,67,61,29,234,76,116,233,223,95,74,106,70,227,32,164,35,71,137,223,129,86,73,66,148,30,54,85,35,113,37,97,211,154,74,211,194,59,106,99,84
Best fitness found so far: 0.3942704004047004; k: 2.0
Generation: 79; 0.3942704004047004; k: 2.0; 24,48,112,84,149,129,53,59,195,71,35,39,229,110,248,75,247,243,10,39,149,129,23,168,47,79,185,204,137,131,25,239,68,137,47,205,167,204,137,110,130,49,215,136,84,149,73,24,168,51,83,35,204,170,110,210,45,215,136,86,157,227,178,188,249,193,159,40,167,18,74,147,222,152,195,27,57,122,98,2,231,159,225,32,22,241,232,17,3,101,244,31,99,177,208,222,75,114,20,71,113,169,204,132,122,45,144,171,212,90,249,15,240,150,149,129,136,59,47,149,35,39,229,110,248,185,226,3,171,149,129,184,3,54,105,140,28,106,193,226,67,61,61,234,188,116,233,154,24,117,106,70,49,32,192,63,216,149,227
Best fitness found so far: 0.3942704004047004; k: 2.0
Generation: 80; 0.3942704004047004; k: 2.0; 24,48,112,84,149,129,53,59,195,71,35,39,229,110,162,75,247,149,129,53,59,47,71,117,39,229,110,248,75,247,3,106,149,129,184,245,54,35,140,167,106,193,215,67,61,45
Best fitness found so far: 0.3942704004047004; k: 2.0
Generation: 81; 0.3942704004047004; k: 2.0; 190,48,112,84,149,129,53,59,195,126,35,39,229,110,248,75,247,243,10,39,215,85,23,168,47,79,185,204,137,110,25,23,68,137,47,205,167,204,66,110,219,45,215,136,84,149,73,24,168,51,9,35,204,137,212,210,45,215,136,86,187,227,178,188,249,193,159,40,167,18,74,147,222,152,195,27,109,122,98,159,231,159,225,241,22,241,232,17,3,190,244,31,99,177,131,222,75,114,20,71,179,169,189,71,113,169,137,132,30,45,144,171,17,90,179,71,17,150,249,15,61,6,67,137,24,140,22,230,199,1,190,49,91,58,217,74
Best fitness found so far: 0.3942704004047004; k: 2.0
Generation: 82; 0.3942704004047004; k: 2.0; 117,48,52,84,149,129,53,59,47,71,117,39,229,110,248,75,247,3,106,149,129,184,73,109,35,140,167,149,193,13,233,102,33,131,17,192,227,145,184,145,167,81,130,152,86,61,67,113,207,84
Best fitness found so far: 0.3942704004047004; k: 2.0
Generation: 83; 0.3942704004047004; k: 2.0; 117,48,52,126,149,129,53,59,131,71,185,39,229,155,248,75,213,60,171,149,129,227,73,54,35,76,167,106,114,226,67,61,46,111,76,156,233,223,95,74,106,70,227,5,185,59,47,71,35,39,137,56,248,75,247,243,106,146,248,45,39,136,17,185,96,21,146,130,152,67,127,61,7,110
Best fitness found so far: 0.3942704004047004; k: 2.0
Generation: 84; 0.3942704004047004; k: 2.0; 117,48,52,198,149,129,197,59,131,71,117,39,229,110,248,75,168,98,247,100,148,30,54,85,35,113,37,97,211,154,74,201,35,138,137,195,226,75,185,184,146,72,217,204,93,110,248,45,193,136,17,229,94,7,71,249,67,159,247,100,117,30,29,85,35,113,37,97,211,154,74,64,194,67,184,126,55,222,10,204,45,193,161,17,128,227,235
Best fitness found so far: 0.3942704004047004; k: 2.0
Generation: 85; 0.3942704004047004; k: 2.0; 143,48,182,84,149,129,53,59,47,71,35,39,137,110,248,75,247,243,106,84,149,129,75,168,47,13,48,122,137,110,217,45,215,136,188,157,59,223,188,32,111,159,181,100,56,39,243,21,248,170,247,243,106,15,74,231,244,138,186,13,233,98,33,131,17,172,227,145,184,128,167,81,128,55,154,32,9,194,33,222,215,74,201,79,125,70,241,167,18,77,177,41
Best fitness found so far: 0.3942704004047004; k: 2.0
Generation: 86; 0.3942704004047004; k: 2.0; 24,48,112,84,145,129,53,59,195,71,35,39,229,80,248,75,77,243,10,39,226,129,23,168,47,79,185,204,21,49,25,239,68,137,47,231,167,204,137,110,41,45,215,136,84,149,73,24,184,51,83,35,207,60,110,210,45,215,136,69,157,101,100,188,55,193,159,40,167,18,74,147,67,152,195,27,175,122,3,2,85,159,225,45,22,213,232,235,3,101,244,31,99,177,35,222,75,114,20,71,113,137,110,226,75,211,216,146,243,161,116,85,144,47,71,35,39,137,110,248,75,162,105,152,206,161,139,55,106,46
Best fitness found so far: 0.3942704004047004; k: 2.0
Generation: 87; 0.3942704004047004; k: 2.0; 164,240,207,84,149,129,27,224,189,71,35,39,137,110,168,75,197,237,146,208,217,69,85,228,215,101,104,204,137,5,248,45,215,136,157,157,197,55,39,163,23,247,243,21,143,149,192,17,125,48,87,38,167,81,80,55,168,116,23,79,33,165,177,74,33,181,131,70,234,167,94,161,71,222,84,234,45,211,232,61,125,241,227,35,40,13,97,2,194,227,204,200,101,15,136,36,67,48,24,140,167,102,199,13,96,48,128,198,149,161,53,59,131,71,117,198,229,110,248,75,168,3,96,130,249,201,26,28,20,188,116,233,49,95,99,106,70,227,32,37,63,2,106,84,105,129,94,94,47,71,113,144,137,173,248,45,247,136,129,17,59,47,182,217,151,137,173,248,45,51,136,63,87,241,71,17,150,210,120,31,205,177,176,231,133,145,47,238,241,245,55,201,68,222,74,102,7,170
Best fitness found so far: 0.3942704004047004; k: 2.0
Generation: 88; 0.3942704004047004; k: 2.0; 117,120,52,84,97,129,53,59,47,71,241,39,229,110,248,75,247,166,230,155,39,22,49,33,195,217,161,59,2,71,35,69,47,79,190,231,40,110,248,92,75,168,47,101,110,228,137,120,12,45,75,136,2,149,110,75,168,79,83,179,234,137,110,184,45,118,89,17,157,227,1,188,129,16,159,247,100,239,30,3,85,238,21,13,97,19,96,5,129,53,59,149,71,73,39,137,110,248,75,74,123,246,71,139,152,167,79,199,177,243,36,84,149,222,198,168,64,217,35,204,11,110,190,178,215,136,17,72,227,89,188,249,245,159,207,148,137,110
Best fitness found so far: 0.3942704004047004; k: 2.0
Generation: 89; 0.3942704004047004; k: 2.0; 117,48,52,84,149,129,53,59,47,71,117,219,229,110,248,75,247,3,106,149,129,184,73,163,35,197,167,106,193,3,58,149,211,184,73,71,32,140,69,143,110,248,75,247,150,106,84,149,222,75,36,167,118,1,148,79,110,156,45,168,161,17,29,96,152,206,161,139,55,222,10,13,45,247,15,17,128,227,218
Best fitness found so far: 0.3942704004047004; k: 2.0
Generation: 90; 0.3942704004047004; k: 2.0; 117,48,52,84,149,129,53,59,47,71,117,39,229,110,92,75,247,3,58,149,211,103,73,71,32,140,69,106,110,248,75,104,80,106,84,149,198,108,168,167,83,1,148,79,110,248,45,168,161,17,250,96,75,84,229,110,53,194,247,3,171,5,47,79,190,25,137,110,72,92,75,168,47,101,167,228,155,110,12,45,103,136,84,149,129,75,168,79,83,35,86,137,110,190,45,215,136,17,157,227,1,188,249,242,159,247,100,17,30,207,85,238,26,13,158,211,96,227,96,130,249,201,26,61,20,188,116,233,49,95,99,89,70,227,72,37,63,2,163,84,105,129,75,94,47,87,113,144,48,173,248,45,247,136,129,17,59,47,71,217,151,137,173,248,45,51,136,63,87,241,71,17,150,142,120,31,205,177,176,231,133,145,146,238,241,245,186,201,68,222,74,102,7,41
Best fitness found so far: 0.3942704004047004; k: 2.0
Generation: 91; 0.3942704004047004; k: 2.0; 117,48,52,84,149,129,185,59,15,71,117,39,229,110,248,75,247,3,106,105,129,184,73,40,32,140,69,106,110,248,75,247,243,106,84,149,209,179,168,47,67,35,148,6,110,248,45,161,17,38,96,110,146,130,152,67,61,61,127,154,95,117,106,70,49,32,192,63,216,167,227
Best fitness found so far: 0.3942704004047004; k: 2.0
Generation: 92; 0.3942704004047004; k: 2.0; 148,48,62,84,213,234,1,59,47,71,53,39,137,110,248,75,247,243,106,84,149,129,94,168,108,83,35,193,159,40,38,18,74,147,222,227,230,27,175,122,98,232,124,159,225,45,225,213,232,17,3,101,244,31,99,155,35,222,75,114,20,71,113,169,204,132,122,45,144,171,184,90,249,164,240,150,149,129,89,59,172,71,117,39,70,100,148,128,227,208
Best fitness found so far: 0.3942704004047004; k: 2.0
Generation: 93; 0.3942704004047004; k: 2.0; 145,48,107,84,149,129,171,224,17,71,219,39,137,110,226,75,21,237,146,61,7,110
Best fitness found so far: 0.3942704004047004; k: 2.0
Generation: 94; 0.3942704004047004; k: 2.0; 31,48,107,84,149,129,53,224,17,221,35,39,137,195,226,75,185,237,146,72,217,204,137,110,248,45,239,136,17,135,94,7,71,249,67,159,247,100,148,30,54,85,35,113,37,97,56,154,74,64,194,67,19,139,130,45,67,61,61,7,3
Best fitness found so far: 0.3942704004047004; k: 2.0
Generation: 95; 0.3942704004047004; k: 2.0; 193,48,107,84,149,129,53,224,17,71,35,39,137,110,226,75,247,237,146,243,217,227,85,144,205,101,225,204,137,5,1,59,49,71,7,39,137,99,248,75,222,243,250,84,149,129,75,217,247,146,230,54,35,79,219,106,193,126,12,61,61,234,196,249,126,245,25,84
Best fitness found so far: 0.3942704004047004; k: 2.0
Generation: 96; 0.3942704004047004; k: 2.0; 117,48,52,237,149,129,53,59,47,71,117,39,229,110,248,75,247,3,106,149,129,184,73,71,35,140,167,230,193,13,233,98,33,131,17,172,227,145,184,145,167,81,128,55,154,32,9,194,33,53,177,176,231,133,145,47,22,241,245,55,201,68,222,161,102,7,41
Best fitness found so far: 0.3942704004047004; k: 2.0
Generation: 97; 0.3942704004047004; k: 2.0; 117,106,52,84,149,129,53,59,47,71,117,39,229,110,248,75,247,3,106,149,129,184,73,71,35,140,167,106,193,40,233,59,47,71,147,39,137,110,248,75,105,105,152,206,161,139,55,106,235
Best fitness found so far: 0.3942704004047004; k: 2.0
Generation: 98; 0.3942704004047004; k: 2.0; 31,46,107,84,149,129,53,224,17,71,35,39,137,110,60,75,249,41,159,84,149,129,75,148,47,225,71,35,39,85,110,248,75,56,153,52,188,249,67,113,122,128,33,168,65,19,161,59,2,71,35,143,47,115,190,223,137,244,248,92,75,168,232,101,167,228,137,110,12,45,215,136,84,171,129,75,168,79,83,35,86,137,110,184,45,215,136,17,157,227,1,188,249,16,79,247,100,64,124,207,85,215,26,13,97,211,6,227,96,130,249,201,26,61,20,188,116,233,49,95,99,106,70,227,65,37,63,2,106,177,105,129,75,87,117,71,113,144,137,173,248,45,247,136,203,17,59,47,71,217,151,6,173,248,45,51,136,63,87,241,71,49,150,210,120,31,205,177,176,231,133,145,47,238,241,245,55,201,68,222,74,26,7,41
Best fitness found so far: 0.3942704004047004; k: 2.0
Generation: 99; 0.3942704004047004; k: 2.0; 117,48,52,204,149,129,53,59,47,71,117,39,229,110,248,75,247,3,106,149,129,115,73,11,206,140,167,106,193,3,58,149,211,184,73,71,150,140,69,143,110,248,75,247,150,106,84,149,210,11,84,167,118,1,148,79,110,248,75,168,161,17,29,96,25,84,229,110,53,148,96,74,201,68,147,125,45,148,96,74,201,68,147
Best fitness found so far: 0.3942704004047004; k: 2.0
Generation: 100; 0.3942704004047004; k: 2.0; 117,48,52,84,149,129,101,59,47,71,117,39,229,110,248,75,155,3,106,149,129,184,73,109,35,140,167,149,193,13,233,98,33,131,17,120,227,145,184,74,173,183,229
Best fitness found so far: 0.3942704004047004; k: 2.0
Generation: 101; 0.3942704004047004; k: 2.0; 31,46,107,84,149,129,233,179,17,71,35,39,137,110,60,75,249,41,9,84,149,129,75,215,47,225,71,35,39,15,238,248,75,56,70,52,188,249,190,179,207,128,33,67,159,23,100,247,109,156,85,35,242,210,5,38,21,106,201,32,147,77,14,21,124,90,247,128,244,92,241,149,178,212,59,47,110,97,231
Best fitness found so far: 0.3942704004047004; k: 2.0
Generation: 102; 0.3942704004047004; k: 2.0; 120,48,207,84,149,129,53,189,17,71,35,39,137,110,168,75,197,237,146,243,217,227,85,241,205,101,104,204,137,5,248,45,215,136,157,157,135,198,39,249,245,74,123,246,71,139,152,167,79,199,115,243,106,84,149,129,198,168,64,83,35,35,243,161,37,97,211,154,74,64,194,67,106,139,56,222,10,204,45,247,100,17,128,227,235
Best fitness found so far: 0.3942704004047004; k: 2.0
Generation: 103; 0.3942704004047004; k: 2.0; 117,134,52,84,149,129,53,59,47,71,117,39,229,110,152,75,247,3,106,149,129,184,73,124,73,140,4,106,110,248,75,247,243,106,84,149,129,75,168,47,83,35,148,79,110,248,45,140,161,17,185,96,21,2,35,39,137,110,226,75,247,237,146,243,217,209,13,97,148,96,74,201,68,147,125,45,148,123,74,201,68,147
Best fitness found so far: 0.3942704004047004; k: 2.0
Generation: 104; 0.3942704004047004; k: 2.0; 164,48,207,84,149,129,53,69,17,71,35,39,137,110,168,75,197,178,146,243,217,227,209,241,205,9,104,204,137,5,248,45,215,136,157,157,135,137,39,249,245,178,123,220,71,139,152,167,79,64,177,243,106,84,80,129,221,140,64,83,35,152,11,110,248,178,215,136,17,72,129,89,188,249,137,110,248,75,247,243,126,146,248,45,201,68,222,74,102,7,41
Best fitness found so far: 0.3942704004047004; k: 2.0
Generation: 105; 0.3942704004047004; k: 2.0; 117,82,107,84,149,129,53,224,17,71,35,39,137,110,226,75,211,237,146,207,161,227,85,141,205,101,225,204,137,186,248,45,215,136,157,157,135,58,39,249,245,2,50,229,110,230,75,224,3,106,149,110,250,75,247,89,9,84,149,129,75,168,47,140,71,35,39,15,110,248,75,56,70,89,188,249,67,113,133,55,25,84,216,142,161,59,47,71,35,39,39,125,248,75,45,199,232,182,125,204,9,226,67,71,35,189,71,106,193,231,177,98,33,16,220,207,89,59,20,71,117,39,229,110,248,75,247,3,106,149,129,184,73,97,2,96,227,41,130,249,15,61,36,67,112,24,140,22,230,199,1,190,49,91,58,217,74
Best fitness found so far: 0.3942704004047004; k: 2.0
Generation: 106; 0.3942704004047004; k: 2.0; 117,48,52,84,149,129,53,59,117,71,93,39,229,110,248,75,247,3,106,149,129,184,73,11,35,192,169,144,205,101,225,199,137,5,248,218,215,136,157,157,135,172,184,58,188,249,67,106,207,84
Best fitness found so far: 0.3942704004047004; k: 2.0
Generation: 107; 0.3942704004047004; k: 2.0; 31,48,107,84,149,129,53,224,17,71,35,39,137,195,226,75,84,204,45,211,232,61,125,241,227,9,40,13,122,2,96,227,204,130,249,15,61,36,67,137,236,140,114,230,199,13,96,49,214,245,217,74
Best fitness found so far: 0.3942704004047004; k: 2.0
Generation: 108; 0.3942704004047004; k: 2.0; 117,48,52,138,97,129,53,59,47,71,241,39,229,110,248,75,247,3,230,199,236,96,49,33,195,105,129,224,92,47,164,113,144,137,15,248,45,180,136,129,17,59,47,238,217,151,137,173,248,45,51,40,63,140,241,248,17,150,114,120,31,53,177,72,231,133,145,1,22,241,245,55,201,68,26,161,102,7,41
Best fitness found so far: 0.3942704004047004; k: 2.0
Generation: 109; 0.3942704004047004; k: 2.0; 228,48,52,84,149,129,53,59,47,236,117,39,229,110,4,75,1,3,42,149,211,184,73,71,32,140,69,143,110,248,84,39,129,53,59,47,71,35,39,137,110,248,75,33,213,3,206,161,50,55,222,70,152,167,235,139,109,89,236,7,110,149,161,53,59,158,136,117,198,229,110,248,75,234,3,106,149,58,227,112,146,35,140,167,106,39,137,110,248,75,33,213,3,206,161,50,55,222,70,152,167,235
Best fitness found so far: 0.3942704004047004; k: 2.0
Generation: 110; 0.3942704004047004; k: 2.0; 53,48,82,84,149,129,53,59,47,71,35,39,137,110,248,75,82,73,185,96,143,146,130,122,67,61,61,7,110
Best fitness found so far: 0.3942704004047004; k: 2.0
Generation: 111; 0.3942704004047004; k: 2.0; 117,48,107,84,149,129,53,224,17,71,35,39,137,110,226,75,247,237,146,243,217,227,162,43,205,101,225,204,137,5,248,45,215,136,157,157,135,58,39,249,129,143,123,246,71,139,39,229,110,248,75,247,3,230,199,13,11,49,33,195,217,74
Best fitness found so far: 0.3942704004047004; k: 2.0
Generation: 112; 0.3942704004047004; k: 2.0; 117,48,107,6,149,129,53,59,213,71,35,39,137,110,248,75,239,45,217,47,71,35,39,243,80,139,71,58,149,204,15,219,1,75,138,24,79,185,234,47,40,35,108,199,168,120,101,50,204,137,110,171,45,27,105,162,75,247,243,3,104,149,129,23,168,47,79,185,130,13,194,140,61,207,45,9,47,131,35,39,243,80,151,71,58,149,204,15,219,1,102,138,24,79,185,234,47,110,35,108,199,168
Best fitness found so far: 0.3942704004047004; k: 2.0
Generation: 113; 0.3942704004047004; k: 2.0; 164,48,207,84,149,129,53,224,17,71,35,39,137,110,168,75,197,237,146,173,217,69,28,241,75,101,104,204,137,5,77,45,243,57,37,97,211,154,74,64,194,67,106,139,55,222,10,65,45,247,100,17,128,227,235
Best fitness found so far: 0.3942704004047004; k: 2.0
Generation: 114; 0.3942704004047004; k: 2.0; 117,48,107,84,149,129,53,59,213,71,35,39,137,110,248,75,139,243,211,84,65,146,208,125,241,71,110,248,75,247,243,106,84,149,129,75,168,227,83,35,148,79,110,248,45,140,136,17,100,96,21,146,130,226,67,61,67,7,110
Best fitness found so far: 0.3942704004047004; k: 2.0
Generation: 115; 0.3942704004047004; k: 2.0; 24,48,112,84,149,129,53,59,107,71,35,39,229,110,248,75,247,243,10,39,149,129,23,168,47,79,185,80,137,110,25,239,68,137,47,199,167,204,137,110,41,45,215,136,84,149,73,24,168,51,83,35,204,137,110,210,45,215,103,204,157,227,74,201,68,147,125,45,30,54,85,35,209,13,17,164
Best fitness found so far: 0.3942704004047004; k: 2.0
Generation: 116; 0.3942704004047004; k: 2.0; 117,48,52,84,149,129,53,59,47,71,117,39,229,110,248,75,247,3,58,149,211,184,73,71,32,140,69,106,110,248,61,247,91,114,84,149,222,75,168,207,83,1,148,79,107,248,45,47,161,17,29,139,117,84,229,110,53,194,247,3,171,103,129,184,73,54,105,45,28,106,193,226,155,61,94,234,188,116,110
Best fitness found so far: 0.3942704004047004; k: 2.0
Generation: 117; 0.3942704004047004; k: 2.0; 117,48,107,84,149,129,53,59,213,71,35,39,137,110,248,75,247,243,106,152,65,146,208,248,241,222,8,150,204,26,10,39,244,129,23,124,47,68,185,177,137,110,152,239,10,137,47,205,167,204,137,110,4,45,215,136,84,149,44,24,168,51,80,179,107,137,110,243,45,215,136,86,157,227,178,188,229,45,159,242,167,158,74,147,222,152,135,27,57,122,98,2,231,159,225,45,22,241,232,3,164,225,129,5,73,54,123,140,28,106,23,226,175,74,102,183,229
Best fitness found so far: 0.3942704004047004; k: 2.0
Generation: 118; 0.3942704004047004; k: 2.0; 31,48,107,84,149,129,53,224,17,71,35,39,133,195,226,75,185,237,247,3,106,134,244,184,209,71,35,140,167,173,193,5,248,45,215,23,65,1,135,55,35,172,245,74,123,246,71,94,152,247,79,199,177,243,106,238,149,211,198,168,129,196,168,241,83,9,204,137,110,248,45,35,39,137,110,85,59,205,101,104,204,137,5,170,45,215,136,157,157,135,29,39,249,193,74,123,34,71,139,152,167,79,199,177,243,106,84,149,129,198,91,64,83,35,204,11,110,248,178,215,136,17,72,227,89,188,249,67,159,207,148,137,110
Best fitness found so far: 0.3942704004047004; k: 2.0
Generation: 119; 0.3942704004047004; k: 2.0; 22,48,47,84,149,129,53,59,149,71,73,39,137,110,28,75,247,146,243,187,209,13,164,246,96,74,201,68,147,60,45,112,234,84,23,129,250,99,206,71,187,39,137,110,153,75,105,70,152,206,161,139,55,222,71,204,227,209,241,205,101,104,204,137,5,248,45,215,136,149,157,135,137,39,249,245,228,123,220,71,139,152,171,79,199,177,243,106,84,149,129,221,140,64,83,35,100,11,110,248,178,215,136,17,72,129,89,188,249,67,186,190,171,137,110
Best fitness found so far: 0.3942704004047004; k: 2.0
Generation: 120; 0.3942704004047004; k: 2.0; 117,48,217,84,149,129,53,59,47,71,117,39,229,110,248,75,247,154,106,149,249,67,159,207,84
Best fitness found so far: 0.3942704004047004; k: 2.0
Generation: 121; 0.3942704004047004; k: 2.0; 117,82,107,84,149,129,53,224,17,71,35,39,137,110,226,75,211,237,146,207,144,227,85,144,205,101,134,204,137,5,248,45,215,227,157,157,135,58,208,249,245,74,50,229,110,230,75,247,3,106,149,110,223,75,241,89,9,84,149,129,75,168,47,140,71,35,39,15,110,248,75,56,70,14,188,249,67,112,207,55,25,84,216,112,129,59,47,71,35,39,39,125,248,75,45,199,232,182,125,204,9,226,67,71,35,219,71,106,193,231,177,98,33,16,17,207,89,60,87,70,167,67,229,55,53,32,23,79,33,195,196,175,201,30,116,70,131,115,33,139,71,222,84,204,45,211,232,61,84,241,227,35,40,227,97,247,96,227,68,130,249,15,136,36,67,137,24,129,250,99,47,71,35,39,137,110,153,75,105,70,152,206,161,139,55,222,10,204,45,247,100,2,128,227,235
Best fitness found so far: 0.3942704004047004; k: 2.0
Generation: 122; 0.3942704004047004; k: 2.0; 117,48,52,111,149,129,53,59,47,71,117,39,229,110,248,75,247,3,3,106,149,129,184,73,11,35,140,167,106,193,238,106,24,46,177,41
Best fitness found so far: 0.3942704004047004; k: 2.0
Generation: 123; 0.3942704004047004; k: 2.0; 232,48,52,84,149,129,37,59,47,71,117,39,229,110,248,75,247,194,106,149,129,184,156,109,162,140,167,150,206,161,139,55,222,10,204,45,65,100,17,128,227,235
Best fitness found so far: 0.3942704004047004; k: 2.0
Generation: 124; 0.3942704004047004; k: 2.0; 117,48,107,84,149,129,53,59,223,71,35,39,137,110,248,75,247,243,32,84,65,146,120,125,113,71,8,150,163,155,228,37,9,194,33,152,196,74,221,79,125,70,87,167,18,77,177,41
Best fitness found so far: 0.3942704004047004; k: 2.0
Generation: 125; 0.3942704004047004; k: 2.0; 164,48,207,84,149,129,53,224,17,71,83,39,137,20,168,75,197,237,146,243,217,227,85,241,205,101,104,204,137,237,25,45,215,136,157,157,135,55,39,245,46,123,229,110,248,75,247,246,106,204,247,184,73,54,35,79,219,122,193,126,12,61,61,5,176,249,67,245,207,84
Best fitness found so far: 0.3942704004047004; k: 2.0
Generation: 126; 0.3942704004047004; k: 2.0; 164,48,207,84,149,129,53,224,17,71,35,39,137,110,168,75,197,178,146,243,217,227,209,241,205,101,104,204,137,5,248,45,215,136,157,157,135,137,39,214,245,178,123,111,71,139,152,167,79,199,177,243,106,84,149,129,221,140,64,83,12,204,11,110,248,178,215,136,143,72,129,89,188,249,67,186,207,148,137,110
Best fitness found so far: 0.3942704004047004; k: 2.0
Generation: 127; 0.3942704004047004; k: 2.0; 117,48,52,84,149,129,53,59,47,71,117,39,229,110,248,125,247,3,106,111,129,184,73,11,35,140,167,120,209,3,58,41,211,184,73,71,216,140,69,143,110,248,172,247,150,106,84,149,222,75,84,53,224,17,71,35,39,137,110,168,188,197,178,146,243,217,227,209,241,205,101,104,204,137,5,248,45,215,136,157,157,135,137,39,249,245,178,123,220,71,139,152,167,79,95,177,243,106,84,149,129,221,140,64,83,35,204,11,110,248,153,215,136,17,72,129,89,60,249,67,186,6,148,137,203
Best fitness found so far: 0.3942704004047004; k: 2.0
Generation: 128; 0.3942704004047004; k: 2.0; 117,48,52,135,149,129,53,59,131,71,117,39,229,110,248,75,168,242,164,48,207,98,149,129,53,224,17,71,214,39,137,226,168,63,197,178,146,243,217,227,209,60,205,101,104,204,137,8,248,45,215,66,157,157,135,137,39,197,245,178,123,220,71,139,152,167,79,199,177,243,106,84,149,129,221,140,64,83,35,204,11,110,248,178,215,136,17,221,129,89,188,249,67,186,207,86,138,110
Best fitness found so far: 0.3942704004047004; k: 2.0
Generation: 129; 0.3942704004047004; k: 2.0; 161,92,107,84,149,129,53,224,17,71,35,39,137,110,226,75,211,237,146,243,146,227,85,144,205,101,225,204,137,5,248,45,215,154,157,157,219,58,39,249,245,74,123,229,110,248,208,247,3,106,149,247,177,85,144,133,101,225,233,137,5,248,45,215,140,157,157,135,73,39,249,245,74,123,246,71,139,152,167,79,199,177,41
Best fitness found so far: 0.3942704004047004; k: 2.0
Generation: 130; 0.3942704004047004; k: 2.0; 117,48,52,84,149,129,53,34,47,71,117,39,151,110,248,75,247,3,106,149,129,184,73,11,35,140,167,106,193,3,58,149,211,184,73,71,32,140,69,103,110,248,75,247,150,106,84,149,222,75,84,167,249,67,186,207,148,137,110
Best fitness found so far: 0.3942704004047004; k: 2.0
Generation: 131; 0.3942704004047004; k: 2.0; 117,48,52,84,149,129,53,59,47,71,117,39,229,110,248,75,247,3,106,149,129,184,73,11,35,140,167,106,17,125,21,124,90,138,128,244,92,241,149,178,240,59,47,110,97,224,162,168,47,101,44,204,137,110,248,45,215,136,17,244,19,222,143,163,51,35,204,206,184,73,45,140,136,140,157,227,54,188,210,67,159,23,100,17,30,156,85,35,242,210,43,38,21,164,201,32,147,123,14,21,124,90,247,128,244,92,241,149,178,240,59,47,110,97,108
Best fitness found so far: 0.3942704004047004; k: 2.0
Generation: 132; 0.3942704004047004; k: 2.0; 158,160,182,84,23,129,53,59,205,101,225,204,137,5,50,45,215,136,157,157,135,58,39,249,95,113,123,182,113,59,149,71,163,39,137,110,248,98,247,243,21,84,149,192,17,125,48,243,40,84
Best fitness found so far: 0.3942704004047004; k: 2.0
Generation: 133; 0.3942704004047004; k: 2.0; 117,48,52,84,149,129,53,59,47,71,117,39,229,110,248,75,247,3,114,149,129,184,73,71,35,140,167,106,193,13,233,98,33,55,222,10,204,234,247,15,17,128,227,225
Best fitness found so far: 0.3942704004047004; k: 2.0
Generation: 134; 0.3942704004047004; k: 2.0; 117,48,52,84,149,129,53,59,47,71,117,39,229,110,92,75,247,3,58,149,211,184,73,71,32,140,69,106,110,170,75,247,91,106,84,149,222,108,168,207,180,1,148,79,110,248,217,168,161,17,29,96,75,84,229,192,53,194,247,3,171,13,129,184,73,54,105,140,28,92,193,226,130,61,94,234,190,116,179,154,95,130,152,67,61,61,7,110
Best fitness found so far: 0.3942704004047004; k: 2.0
Generation: 135; 0.3942704004047004; k: 2.0; 117,48,52,84,149,129,53,59,47,71,117,39,229,110,248,75,247,3,106,134,244,184,73,71,35,140,167,173,193,5,248,45,215,136,157,157,135,55,121,172,245,107,123,246,71,139,152,167,95,199,177,243,106,238,160,129,198,168,59,47,71,117,39,229,72,248,75,95,3,106,149,129,184,73,11,35,192,85,238,205,101,225,199,137,5,51,45,215,136,157,157,135,58,39,249,245,74,123,246,190,92,152,167,79,199,177,41
Best fitness found so far: 0.3942704004047004; k: 2.0
Generation: 136; 0.3942704004047004; k: 2.0; 117,48,107,84,149,129,53,59,213,71,35,39,137,110,248,75,247,243,106,152,65,146,208,125,241,179,8,188,249,67,113,207,84
Best fitness found so far: 0.3942704004047004; k: 2.0
Generation: 137; 0.3942704004047004; k: 2.0; 117,48,52,84,3,129,53,59,47,71,117,39,229,110,248,75,247,3,106,149,129,39,137,110,10,75,31,243,205,84,149,129,75,193,47,83,126,60,97,211,96,74,201,68,147,125,142
Best fitness found so far: 0.3942704004047004; k: 2.0
Generation: 138; 0.3942704004047004; k: 2.0; 31,48,107,84,149,129,53,224,17,71,35,39,137,195,226,75,185,237,231,55,216,32,50,79,33,16,196,74,248,50,71,48,207,84,149,129,53,224,17,71,35,170,137,110,168,75,197,166,146,243,217,227,248,75,6,243,13,117,149,129,75,94,47,83,185,204,137,119,248,45,75,51,127,20,81,77,121,3,9,130,230,246,195,196,74,33,247,105,28,56,167,18,139,55,87,84,195,28,101,122,98,81,45,30,163
Best fitness found so far: 0.3942704004047004; k: 2.0
Generation: 139; 0.3942704004047004; k: 2.0; 31,48,107,84,149,129,53,224,179,71,35,39,137,195,226,75,185,237,247,3,106,192,244,184,209,71,94,140,167,173,193,5,248,45,131,136,65,157,135,55,39,172,245,74,123,246,71,94,152,247,79,199,57,243,106,238,149,211,198,168,24,83,191,204,51,110,183,178,215,136,17,139,227,89,188,249,97,148,109,74,219,68,147,125,45
Best fitness found so far: 0.3942704004047004; k: 2.0
Generation: 140; 0.3942704004047004; k: 2.0; 117,48,52,84,149,129,53,59,47,71,117,39,229,110,248,75,247,3,38,237,247,243,217,209,158,97,148,96,74,201,68,147,125,45,148,96,74,201,68,147
Best fitness found so far: 0.3942704004047004; k: 2.0
Generation: 141; 0.3942704004047004; k: 2.0; 180,48,182,84,149,129,53,59,47,71,35,39,211,110,248,75,247,243,106,84,149,129,75,168,47,13,35,204,137,110,55,45,215,136,184,48,182,84,23,129,53,173,47,71,35,39,137,162,248,75,33,70,195,206,167,50,55,222,70,125,167,72,139,109,89,236,227,193,39,100,211,125,21,124,90,247,128,244,92,241,149,178,173,59,47,110,97,108,75,168,47,101,44,41,137,110,248,45,59,136,17,149,129,222,143,47,51,35,163,206,110,73,118,140,136,17,157,65,195,188,249,67,159,23,100,17,30,156,85,35,242,210,5,38,21,225,201,32,84,77,14,21,124,90,247,128,244,92,241,149,178,240,59,47,110,97,4
Best fitness found so far: 0.3942704004047004; k: 2.0
Generation: 142; 0.3942704004047004; k: 2.0; 117,48,52,84,149,129,53,59,47,71,117,39,229,110,248,75,247,3,106,58,244,39,137,110,10,75,31,41,205,84,149,129,75,184,73,109,35,140,167,149,193,13,233,98,33,131,17,144,227,240,184,145,167,81,130,152,67,61,61,7,110,39,137,110,10,75,31,41,205,84,149,129,75,184,73,109,35,140,167,149,193,13,233,98
Best fitness found so far: 0.3942704004047004; k: 2.0
Generation: 143; 0.3942704004047004; k: 2.0; 53,120,82,45,69,129,53,59,47,71,35,39,53,110,248,75,247,50,227,73,54,35,140,25,106,193,226,67,61,29,161,76,116,233,223,95,74,106,70,227,32,185,35,71,137,223,129,86,73,66,148,30,54,85,35,113,37,97,211,154,74,211,194,59,106,99,84
Best fitness found so far: 0.3942704004047004; k: 2.0
Generation: 144; 0.3942704004047004; k: 2.0; 31,46,107,84,149,129,53,224,17,71,35,39,137,110,250,75,247,41,9,84,149,129,75,168,47,186,71,35,39,15,110,248,75,56,70,14,188,249,67,113,207,128,33,84,216,19,161,59,47,235,74,201,68,147,35,45
Best fitness found so far: 0.3942704004047004; k: 2.0
Generation: 145; 0.3942704004047004; k: 2.0; 164,48,207,84,149,129,53,224,17,71,35,39,137,110,168,75,188,166,146,243,153,69,248,75,6,243,58,84,149,129,75,94,47,83,185,204,137,119,248,45,75,51,127,20,81,77,121,111,9,130,230,246,195,196,74,33,247,21,70,56,167,72,226,55,177,178,195,28,101,122,98,241,227,35,40,13,97,2,157,47,204,130,249,15,61,36,67,137,24,140,167,230,199,68,96,49,214,195,217,74
Best fitness found so far: 0.3942704004047004; k: 2.0
Generation: 146; 0.3942704004047004; k: 2.0; 117,48,62,84,149,234,1,59,141,71,53,39,137,110,248,75,247,243,168,47,186,71,35,39,132,110,248,75,56,70,14,188,249,67,113,207,128,33,84,149,129,53,146,47,71,20,39,15,125,248,75,247,233,175,59,149,129,75,168,60,15,8,148,79,96,248,45,140,136,17,185,96,21,146,130,152,67,61,61,7,110
Best fitness found so far: 0.3942704004047004; k: 2.0
Generation: 147; 0.3942704004047004; k: 2.0; 117,48,52,84,97,129,53,59,47,71,241,39,229,110,248,75,39,218,155,248,79,168,60,106,149,129,227,73,4,35,91,167,106,193,226,67,27,29,111,122,156,233,223,95,74,106,70,54,22,185,35,71,137,223,129,86,73,66,148,86,54,66,35,113,37,89,211,154,74,211,194,59,106,99,84
Best fitness found so far: 0.3942704004047004; k: 2.0
Generation: 148; 0.3942704004047004; k: 2.0; 117,48,52,84,149,129,53,59,47,71,117,39,229,110,248,75,82,3,138,149,248,65,247,235,108,248,49,192,51,178,23,71,17,49,163,196,53,153,230,59,231,174,182,207,17,154,54,85,35,209,13,97,148,109,152,138,27,57,122,98,2,231,159,225,45,22,241,232,17,3,101,244,31,99,177,208,222,75,114,20,71,113,169,204,132,122,45,144,171,212,90,249,15,240,150,149,129,53,59,47,71,117,39,229,2,248,75,247,3,171,149,129,184,73,54,105,140,28,46,193,226,67,61,61,234,188,116,233,154,95,117,106,70,49,32,192,142,216,167,227
Best fitness found so far: 0.3942704004047004; k: 2.0
Generation: 149; 0.3942704004047004; k: 2.0; 13,48,207,84,149,129,53,224,17,71,35,39,137,110,168,75,206,237,146,243,217,227,85,241,205,101,104,204,137,5,248,45,215,136,157,157,135,3,39,249,245,74,123,246,71,40,152,167,79,199,177,243,106,84,149,129,198,168,64,83,35,204,11,110,248,178,215,136,96,72,227,89,188,249,67,159,207,148,137,110
Best fitness found so far: 0.3942704004047004; k: 2.0
Generation: 150; 0.3942704004047004; k: 2.0; 24,48,112,84,149,129,53,59,195,71,35,39,229,110,248,75,7,86,10,39,149,129,23,122,35,79,219,106,193,126,12,61,61,234,188,249,67,245,207,84
Best fitness found so far: 0.3942704004047004; k: 2.0
Generation: 151; 0.3942704004047004; k: 2.0; 24,48,112,84,149,129,53,59,195,71,35,39,229,95,248,75,7,243,40,39,149,129,23,168,47,79,185,177,137,110,25,239,68,137,47,205,167,204,137,110,41,45,215,136,84,149,73,24,168,51,83,35,186,137,110,210,45,215,136,86,157,227,178,188,153,45,159,40,167,18,74,147,222,152,195,209,57,122,98,2,231,159,225,45,46,241,232,3,82,149,129,229,110,248,75,133,77,106,149,129,184,73,54,35,140,167,119,71,226,67,61,16
Best fitness found so far: 0.3942704004047004; k: 2.0
Generation: 152; 0.3942704004047004; k: 2.0; 31,46,107,84,149,129,53,224,17,71,35,39,137,110,250,75,247,41,9,84,149,129,75,168,47,186,71,35,39,15,110,248,75,56,70,14,188,249,90,113,164,128,33,84,216,19,161,59,47,71,35,39,39,125,248,75,45,83,232,182,125,204,9,226,67,71,35,219,71,106,193,231,215,98,33,220,17,207,89,145,87,139,167,81,80,55,53,32,83,79,33,195,196,74,201,30,116,70,131,133,33,139,71,222,229,110,29,75,247,3,106,149,129,184,69,11,35,140,167,106,193,3,58,149,211,28,73,71,32,140,69,143,110,248,75,247,203,106,84,149,222,75,84,167,118,1,148,79,110,248,45,168,161,17,29,96,25,84,229,110,53,194,247,221,115,165,156,184,73,54,105,140,247,106,193,226,67,61,94,98,150,116,137,110,55,45,214,70,17,84,227,7,188,249,104,159,207,84
Best fitness found so far: 0.3942704004047004; k: 2.0
Generation: 153; 0.3942704004047004; k: 2.0; 117,48,52,84,149,129,71,59,47,71,117,39,229,110,248,75,247,154,144,149,129,184,73,71,32,140,69,106,110,248,75,247,243,238,95,79,129,75,168,47,83,89,148,79,110,248,45,140,232,17,185,96,129,146,130,184,205,167,81,80,55,53,32,23,37,33,195,196,74,201,30,34,70,131,167,33,139,71,222,84,204,45,211,232,221,125,241,227,35,40,13,80,2,96,227,203,49,249,15,61,36,63,137,24,140,107,230,199,13,96,49,214,195,217,74
Best fitness found so far: 0.3942704004047004; k: 2.0
Generation: 154; 0.3942704004047004; k: 2.0; 117,48,52,84,149,129,53,169,31,71,117,39,229,110,248,75,247,3,106,134,244,29,73,127,155,84,149,129,53,224,192,61,35,120,179,110,131,75,185,250,146,55,205,36,67,48,24,140,167,129,199,13,96,48,128,97,149,161,53,59,131,71,117,198,229,110,248,75,168,3,106,149,10,227,73,54,35,140,167,106,131,226,136,222,185,247,163,146,130,122,31,61,61,7,110
Best fitness found so far: 0.3942704004047004; k: 2.0
Generation: 155; 0.3942704004047004; k: 2.0; 117,146,52,84,149,129,53,59,47,236,117,39,229,110,248,75,242,3,58,149,211,98,73,71,32,29,96,25,84,229,110,53,194,247,179,161,165,156,184,103,54,105,140,247,106,193,226,67,61,94,234,188,116,137,110,55,45,215,70,17,84,227,7,188,249,104,159,207,28
Best fitness found so far: 0.3942704004047004; k: 2.0
Generation: 156; 0.3942704004047004; k: 2.0; 117,48,52,198,109,129,53,59,131,71,117,39,229,110,248,75,168,3,106,149,160,84
Best fitness found so far: 0.3942704004047004; k: 2.0
Generation: 157; 0.3942704004047004; k: 2.0; 24,48,112,84,149,129,53,59,195,126,35,39,229,110,248,75,247,175,10,39,149,129,23,168,47,13,185,204,137,110,58,23,68,137,47,205,167,72,66,110,41,45,215,136,84,45,73,24,168,51,110,35,120,119,212,210,45,215,136,86,142,216,178,188,249,193,159,40,167,18,74,147,222,152,195,27,57,122,98,2,231,159,225,45,22,241,232,17,3,101,244,31,99,170,208,222,75,114,20,71,113,169,204,71,23,169,168,75,197,166,146,243,217,227,248,75,6,243,130,84,149,129,75,94,47,83,185,204,137,119,248,45,75,51,127,111,81,77,121,3,9,130,230,246,195,196,74,33,247,105,70,56,167,18,139,55,177,84,195,28,101,122,98,81,86,30,163
Best fitness found so far: 0.3942704004047004; k: 2.0
Generation: 158; 0.3942704004047004; k: 2.0; 71,48,107,84,149,129,53,224,17,71,35,39,137,110,226,75,185,237,146,243,217,204,137,110,248,45,105,138,126,135,94,14,71,249,67,159,247,100,148,30,54,62,35,113,37,97,211,221,74,201,194,67,106,43,129,17,59,47,43,217,151,137,42,248,45,51,136,63,87,241,248,17,150,177,120,31,53,150,176,173,133,145,47,22,241,245,55,201,68,222,161,102,7,41
Best fitness found so far: 0.3942704004047004; k: 2.0
Generation: 159; 0.3942704004047004; k: 2.0; 164,48,207,84,149,129,53,224,17,71,35,39,137,110,168,75,197,178,146,243,217,227,209,241,205,101,104,204,137,5,245,45,215,136,157,157,135,137,39,249,245,178,123,85,35,113,37,97,32,154,74,211,194,59,106,99,84
Best fitness found so far: 0.3942704004047004; k: 2.0
Generation: 160; 0.3942704004047004; k: 2.0; 158,48,182,84,23,129,53,59,47,71,35,39,137,110,248,75,105,105,155,206,161,71,93,39,137,56,248,75,105,105,152,206,161,139,55,106,235
Best fitness found so far: 0.3942704004047004; k: 2.0
Generation: 161; 0.3942704004047004; k: 2.0; 31,46,107,84,149,129,53,224,17,71,35,39,137,110,60,100,249,41,9,84,149,129,187,215,47,225,71,35,39,15,110,248,75,56,70,52,188,249,67,113,207,128,33,168,216,19,161,59,2,39,167,39,39,125,96,75,45,83,232,182,125,204,7,226,191,71,35,219,215,163,193,231,110,248,75,247,243,106,214,247,133,58,188,132,67,113,207,84
Best fitness found so far: 0.3942704004047004; k: 2.0
Generation: 162; 0.3942704004047004; k: 2.0; 117,48,52,84,149,129,209,99,47,71,117,39,229,110,248,75,247,3,106,149,129,214,73,150,204,140,167,149,193,13,233,98,33,131,17,156,227,145,184,145,167,81,149,129,53,224,17,180,35,39,137,110,226,75,247,237,146,243,217,209,222,97,148,96,74,201,68,191,125,45,148,96,74,201,68,147
Best fitness found so far: 0.3942704004047004; k: 2.0
Generation: 163; 0.3942704004047004; k: 2.0; 117,48,107,84,149,129,53,59,213,71,35,39,137,110,248,40,247,210,106,84,65,146,208,125,241,71,8,150,78,155,228,75,247,243,76,202,149,129,196,168,243,83,9,204,137,110,248,45,35,39,137,110,248,75,6,243,58,84,149,129,75,168,47,66,185,204,137,119,248,45,75,168,127,20,81,77,55,3,9,130,230,246,195,196,74,33,247,105,70,56,167,18,139,227,85,144,205,101,225,112,137,5,80,95,215,81,157,157,135,58,39,249,245,210,50,229,110,230,75,247,3,106,149,110,250,75,247,20,9,84,149,129,75,168,47,140,71,35,39,15,110,248,142,56,70,14,188,249,67,113,207,55,25,84,216,142,161,59,47,71,35,39,39,125,248,75,45,199,41,182,125,204,9,226,67,71,35,219,71,106,193,231,177,98,239,16,17,207,89,145,87,89,167,67,229,55,53,32,23,79,33,195,196,74,201,30,116,70,131,115,33,139,71,222,84,204,45,95,232,61,84,241,227,35,40,227,97,247,96,227,68,130,249,15,136,36,67,137,24,140,167,61,199,150,96,49,121,195,217,74
Best fitness found so far: 0.3942704004047004; k: 2.0
Generation: 164; 0.3942704004047004; k: 2.0; 196,48,52,84,149,129,53,59,47,71,117,39,229,110,248,75,247,3,106,149,129,184,73,11,35,137,174,140,205,124,225,199,137,5,248,45,215,136,157,157,135,58,39,249,245,74,123,246,71,139,152,167,79,199,177,41
Best fitness found so far: 0.3942704004047004; k: 2.0
Generation: 165; 0.3942704004047004; k: 2.0; 117,48,62,84,149,234,1,59,47,71,53,39,137,45,248,75,247,152,9,84,149,129,75,168,47,186,71,35,39,15,110,248,75,56,72,129,89,188,249,116,186,207,148,137,110
Best fitness found so far: 0.3942704004047004; k: 2.0
Generation: 166; 0.3942704004047004; k: 2.0; 164,48,207,84,149,129,27,224,17,71,35,39,137,110,168,75,197,237,146,214,217,69,85,228,215,101,104,119,137,5,248,45,215,136,157,157,197,55,39,249,23,247,243,21,84,149,192,17,125,48,193,38,167,81,80,152,168,116,23,37,33,195,177,74,33,90,131,70,234,167,94,161,71,222,84,204,45,211,232,61,159,148,227,35,40,13,201,236,67,159,247,71,32,140,94,106,110,248,75,247,243,106,13,149,129,75,46,116,83,35,158,79,104,248,39,140,161,17,170,96,21,146,130,152,67,61,61,7,110
Best fitness found so far: 0.3942704004047004; k: 2.0
Generation: 167; 0.3942704004047004; k: 2.0; 31,46,107,84,149,129,233,224,17,71,35,39,137,110,60,75,249,41,9,84,158,129,75,215,47,225,71,35,39,15,110,248,75,180,70,52,175,249,190,113,207,128,33,117,216,19,161,207,60,71,84,39,39,125,73,75,45,83,232,182,125,205,158,84,45,129,53,224,96,71,35,231,137,195,124,75,185,180,248,13,217,246,50,79,33,138,250,56,61,7,110
Best fitness found so far: 0.3942704004047004; k: 2.0
Generation: 168; 0.3942704004047004; k: 2.0; 164,48,207,84,149,129,53,224,17,71,35,39,137,110,168,75,197,181,146,243,217,227,209,241,205,101,104,204,137,5,248,45,215,136,157,157,81,137,39,249,245,178,123,220,71,139,152,167,79,199,177,200,106,84,149,129,221,140,206,58,155,249,67,106,207,84
Best fitness found so far: 0.3942704004047004; k: 2.0
Generation: 169; 0.3942704004047004; k: 2.0; 164,48,207,84,149,129,53,224,17,71,35,39,137,110,168,75,197,178,146,243,81,227,209,241,205,101,104,204,137,5,71,35,39,137,195,226,75,185,237,231,55,150,32,50,79,33,16,196,74,248,50,71,70,9,167,18,139,130,222,84,239,45,172,149,17,125,180,9,21,67,71,135,214,71,125,193,231,215,84,33,220,17,207,227,145,249,206,61,61,20,188,116,84,154,95,117,106,70,227,32,37,150,211,157,105
Best fitness found so far: 0.3942704004047004; k: 2.0
Generation: 170; 0.3942704004047004; k: 2.0; 117,48,52,84,149,129,53,39,47,71,117,39,229,110,248,75,247,3,106,149,129,184,73,11,35,140,167,106,193,3,58,149,163,184,73,71,32,197,69,143,110,248,75,247,150,106,84,149,222,168,84,82,118,1,148,79,110,248,45,168,30,54,85,35,113,37,110,211,154,74,211,194,59,106,99,84
Best fitness found so far: 0.3942704004047004; k: 2.0
Generation: 171; 0.3942704004047004; k: 2.0; 31,46,107,84,149,129,233,224,17,71,35,39,137,110,60,75,249,41,9,61,149,129,75,215,47,225,71,35,39,15,110,248,75,56,70,52,188,204,190,113,207,128,33,168,216,19,161,207,22,169,84,39,39,125,96,75,45,83,232,182,125,205,158,84,45,129,53,224,17,71,35,231,200,195,65,75,185,237,248,13,217,32,50,79,33,138,196,56,248,195,71,70,9,167,234,139,130,222,31,41,45,172,149,48,183,66,9,21,67,71,135,214,71,106,225,243,215,98,33,220,17,49,12,145,249,206,61,61,20,188,6,84,154,95,117,130,37,227,32,31,150,211,215,37,247,243,106,134,149,129,246,108,47,83,35,148,79,110,175,45,119,161,17,224,96,210,146,106,149,10,227,112,174,35,140,211,106,209,226,136,68,185,96,21,146,65,122,67,140,7,7,110,149,161,53,59,131,71,117,198,229,110,248,180,234,3,203,149,10,227,112,54,35,140,167,65
Best fitness found so far: 0.3942704004047004; k: 2.0
Generation: 172; 0.3942704004047004; k: 2.0; 164,48,207,84,149,129,53,224,17,71,35,39,137,110,168,75,131,237,146,45,217,69,85,241,215,101,104,204,182,47,71,241,39,229,110,248,75,247,3,230,199,13,165,49,33,195,217,74
Best fitness found so far: 0.3942704004047004; k: 2.0
Generation: 173; 0.3942704004047004; k: 2.0; 117,48,52,84,149,129,53,59,47,71,117,39,229,110,248,75,247,3,106,134,244,138,73,71,35,140,167,220,193,5,248,45,215,136,157,157,135,55,39,172,245,74,110,137,212,210,45,215,136,86,187,227,178,188,249,193,159,40,167,18,74,147,222,41,195,27,57,67,98,2,231,159,225,45,22,193,62,17,58,101,244,31,99,177,208,222,75,114,20,71,113,169,204,71,113,169,38,132,30,45,144,171,17,90,179,71,17,27,101,155,31,172,171,230,137,147,182,204,210,104,245,74,60,67,18,74,8,182,229
Best fitness found so far: 0.3942704004047004; k: 2.0
Generation: 174; 0.3942704004047004; k: 2.0; 117,48,52,84,149,129,53,59,47,71,117,39,229,110,248,75,247,3,106,134,244,184,73,71,35,229,167,173,193,5,248,45,215,198,59,47,71,22,39,229,110,248,75,247,3,106,149,129,184,73,109,35,140,167,149,193,13,233,98,33,131,17,172,227,87,184,145,167,81,130,152,67,131,61,7,110
Best fitness found so far: 0.3942704004047004; k: 2.0
Generation: 175; 0.3942704004047004; k: 2.0; 164,48,207,84,149,129,53,224,17,71,35,39,137,110,168,75,197,166,40,243,217,227,248,75,6,195,120,86,200,35,204,153,92,248,177,247,42,62,84,149,129,75,168,30,83,185,188,84,201,248,45,75,168,178,101,42,204,137,110,248,45,162,136,67,157,102,37,151,249,17,195,196,74,200,159,105,70,152,206,161,139,55,211,84,204,45,247,100,17,128,227,43
Best fitness found so far: 0.3942704004047004; k: 2.0
Generation: 176; 0.3942704004047004; k: 2.0; 65,48,107,84,149,129,53,224,17,71,225,39,137,110,226,75,247,237,146,243,217,227,85,144,147,101,225,204,137,5,248,45,215,136,157,157,233,204,47,247,243,106,84,149,129,195,120,47,83,35,204,153,64,248,177,247,42,62,84,75,129,75,168,30,83,185,188,137,201,248,45,219,168,47,101,225,204,137,110,248,45,132,136,67,157,102,37,188,249,17,195,196,74,200,247,105,70,197,206,161,139,77,222,84,176,45,247,100,248,128,227,235
Best fitness found so far: 0.3942704004047004; k: 2.0
Generation: 177; 0.3942704004047004; k: 2.0; 117,48,52,84,149,129,53,59,47,71,117,39,229,110,248,75,247,3,106,149,244,39,137,110,10,223,95,74,30,70,227,32,185,35,39,137,223,248,75,153,243,106,248,49,192,64,178,241,71,17,150,101,216,238,153,177,176,231,194,182,207,17,30,54,85,35,209,13,97,148,109,74,201,68,147,125,45
Best fitness found so far: 0.3942704004047004; k: 2.0
Generation: 178; 0.3942704004047004; k: 2.0; 24,48,112,84,149,129,53,59,195,71,35,39,229,110,162,75,247,243,10,39,149,188,23,168,47,79,185,130,13,47,71,225,39,137,110,248,75,247,243,9,239,149,129,75,168,47,186,71,35,39,15,110,89,75,56,70,14,188,249,67,113,207,128,33,84,149,129,53,59,47,71,35,39,15,125,248,75,247,6,106,59,149,129,75,168,47,15,156,148,79,110,248,45,140,146,49,185,96,21,146,130,152,67,61,61,7,110
Best fitness found so far: 0.3942704004047004; k: 2.0
Generation: 179; 0.3942704004047004; k: 2.0; 31,46,107,84,149,129,53,224,17,71,35,39,137,110,60,75,249,41,9,84,149,129,93,215,47,225,71,35,140,167,149,193,13,233,98,33,131,17,172,227,145,184,201,195,81,130,152,67,61,61,7,118
Best fitness found so far: 0.3942704004047004; k: 2.0
Generation: 180; 0.3942704004047004; k: 2.0; 117,48,52,84,149,129,53,59,47,71,117,39,229,110,92,75,247,3,58,149,211,184,73,71,32,140,69,106,110,248,75,247,91,106,84,137,97,108,168,207,83,1,148,79,110,128,45,168,161,88,29,96,75,151,229,75,208,207,83,1,148,79,110,248,45,168,161,17,178,96,117,84,229,110,53,194,247,164,9,103,156,184,73,54,105,140,28,106,193,226,67,61,94,234,188,157,137,110,55,45,215,205,17,157,227,86,188,249,67,159,139,84
Best fitness found so far: 0.3942704004047004; k: 2.0
Generation: 181; 0.3942704004047004; k: 2.0; 117,48,107,84,149,129,53,59,213,71,35,39,241,110,248,75,83,243,106,84,65,146,208,125,241,71,8,150,78,155,240,75,247,243,76,84,2,129,196,168,243,83,9,204,137,110,248,45,35,39,137,110,85,137,205,101,104,204,137,5,170,45,126,136,157,157,135,29,39,249,193,102,128,34,108,139,152,167,79,199,177,243,180,84,149,129,198,168,64,83,85,241,205,214,104,204,137,5,248,108,215,136,157,157,119,55,39,249,245,74,123,50,71,139,152,167,79,199,177,243,106,201,149,129,198,168,64,83,35,204,11,110,248,178,215,136,17,72,227,89,96,249,67,159,207,148,137,110
Best fitness found so far: 0.3942704004047004; k: 2.0
Generation: 182; 0.3942704004047004; k: 2.0; 3,48,52,84,149,129,95,59,31,71,117,39,229,110,248,75,70,227,108,37,63,216,93,74
Best fitness found so far: 0.3942704004047004; k: 2.0
Generation: 183; 0.3942704004047004; k: 2.0; 31,232,107,84,149,129,53,224,17,71,35,39,179,110,226,75,38,121,146,17,72,227,89,188,249,154,159,207,148,137,110
Best fitness found so far: 0.3942704004047004; k: 2.0
Generation: 184; 0.3942704004047004; k: 2.0; 118,48,52,84,149,129,53,59,131,71,117,39,229,110,248,75,168,242,178,149,129,227,47,83,209,60,97,211,96,74,201,68,147,125,45
Best fitness found so far: 0.3942704004047004; k: 2.0
Generation: 185; 0.3942704004047004; k: 2.0; 22,48,47,84,149,129,53,59,149,71,73,39,137,110,248,75,247,243,21,84,204,130,249,15,89,36,67,48,107,140,167,230,49,13,96,48,80,198,149,161,53,59,131,133,117,198,184,110,248,75,234,3,106,149,10,227,211,54,35,140,167,106,17,71,4,39,137,110,226,75,247,237,4,243,217,209,13,97,148,96,74,201,68,147,125,45,148,96,74,201,68,147,243,21,84,204,130,249,15,89,36,67,48,107,140,167,230,49,13,96,48,80,198,149,161,53,59,131,133,117,198,184,110
Best fitness found so far: 0.3942704004047004; k: 2.0
Generation: 186; 0.3942704004047004; k: 2.0; 164,48,237,48,149,129,53,224,17,71,35,39,137,110,168,75,197,107,84,149,129,99,224,17,71,39,39,86,110,226,159,22,71,47,84,45,129,113,145,149,71,73,39,137,49,248,98,247,82,21,84,149,192,17,125,48,243,40,84
Best fitness found so far: 0.3942704004047004; k: 2.0
Generation: 187; 0.3942704004047004; k: 2.0; 53,48,82,84,149,129,53,59,47,71,35,39,137,110,248,75,247,243,126,146,248,45,201,68,222,74,135,61,150,196,74,201,30,116,171,129,248,45,215,136,17,131,135,134,246,195,196,216,208,247,105,206,227,167,18,154,55,177,84,55,28,145,122,98,81,45,30,163
Best fitness found so far: 0.3942704004047004; k: 2.0
Generation: 188; 0.3942704004047004; k: 2.0; 53,48,82,84,149,129,53,179,47,71,35,39,137,110,248,75,247,30,165,214,247,135,52,84,149,129,53,59,47,236,117,39,229,110,248,75,1,3,58,149,211,184,73,71,153,140,69,143,110,248,75,247,214,106,84,247,237,152,75,168,47
Best fitness found so far: 0.3942704004047004; k: 2.0
Generation: 189; 0.3942704004047004; k: 2.0; 31,48,107,84,149,129,53,224,17,71,35,39,137,110,226,75,185,237,146,243,217,204,137,250,248,45,74,201,79,125,224,87,167,18,32,177,41
Best fitness found so far: 0.3942704004047004; k: 2.0
Generation: 190; 0.3942704004047004; k: 2.0; 31,46,107,84,149,129,53,224,17,71,35,39,137,110,250,95,247,41,9,84,149,129,75,168,47,186,233,35,39,156,110,248,75,56,70,14,188,249,67,113,142,128,33,84,216,19,161,59,47,71,35,39,39,125,248,75,248,83,10,182,125,204,9,226,141,71,35,219,71,106,193,231,215,98,33,220,132,207,89,145,87,89,167,81,66,55,53,32,23,79,33,195,196,74,201,30,116,70,46,167,33,139,71,222,200,204,45,211,232,61,125,241,227,35,40,13,97,2,96,240,204,24,249,15,136,36,67,103,24,140,212,10,204,45,247,15,17,128,227,218
Best fitness found so far: 0.3942704004047004; k: 2.0
Generation: 191; 0.3942704004047004; k: 2.0; 117,48,52,84,149,129,53,59,47,236,117,39,229,110,248,75,1,3,58,149,211,11,73,71,76,156,233,223,95,74,106,70,227,22,115,35,71,137,223,129,86,73,66,26,30,54,85,35,113,37,233,211,154,74,125,194,59,106,99,84
Best fitness found so far: 0.3942704004047004; k: 2.0
Generation: 192; 0.3942704004047004; k: 2.0; 117,116,52,84,149,129,53,59,55,71,117,39,229,110,248,75,247,3,58,149,211,114,86,71,32,140,69,106,110,248,75,247,91,106,84,149,222,75,168,234,1,59,47,71,53,39,137,110,248,75,247,243,106,84,149,129,94,168,47,83,35,204,137,110,248,45,215,136,130,157,227,58,188,100,67,159,207,130
Best fitness found so far: 0.3942704004047004; k: 2.0
Generation: 193; 0.3942704004047004; k: 2.0; 117,48,107,84,149,129,99,224,17,71,39,39,147,110,226,75,22,71,47,84,149,129,113,59,149,71,73,39,137,110,248,98,247,243,21,84,149,199,17,125,48,243,40,20
Best fitness found so far: 0.3942704004047004; k: 2.0
Generation: 194; 0.3942704004047004; k: 2.0; 117,48,107,84,149,129,53,59,213,71,35,39,137,110,248,75,247,243,106,82,65,146,208,125,241,71,8,150,78,155,228,75,247,243,76,84,7,129,196,73,71,192,140,69,106,110,248,75,247,243,98,98,220,17,207,227,145,249,206,51,61,20,188,116,84,154,95,117,106,70,227,32,37,150,244,215,37,247,243,72,134,149,129,75,108,47,83,35,148,79,110,248,45,140,161,17,185,96,210,146,130,152,95,67,61,7,110
Best fitness found so far: 0.3942704004047004; k: 2.0
Generation: 195; 0.3942704004047004; k: 2.0; 117,48,62,84,149,234,1,59,47,71,53,39,137,110,248,75,247,243,227,84,149,129,75,168,47,186,71,35,39,15,110,248,75,56,70,14,188,249,67,113,207,128,33,84,33,131,17,240,227,145,184,201,195,81,130,152,207,116,85,7,118
Best fitness found so far: 0.3942704004047004; k: 2.0
Generation: 196; 0.3942704004047004; k: 2.0; 117,48,52,84,97,129,53,59,47,71,241,39,229,110,248,75,247,3,146,243,217,209,13,97,148,96,191,201,167,182,125,45,148,96,74,201,68,147
Best fitness found so far: 0.3942704004047004; k: 2.0
Generation: 197; 0.3942704004047004; k: 2.0; 24,48,112,84,149,129,53,59,195,71,35,39,229,110,248,75,247,243,10,39,149,129,23,168,47,79,185,204,137,110,25,4,68,137,47,205,167,204,137,110,41,45,42,136,84,149,73,24,168,51,90,195,204,137,110,210,45,215,136,86,157,229,178,188,249,193,159,40,167,18,74,147,222,152,195,27,57,122,98,2,231,159,225,45,22,241,232,17,3,101,244,31,99,177,37,222,75,33,20,71,113,169,204,82,122,201,144,158,212,90,249,15,240,150,149,129,53,59,47,71,117,39,229,110,248,75,247,3,171,149,129,184,106,62,129,195,73,11,35,192,85,144,154,242,225,199,137,5,248,45,215,136,157,33,135,58,46,249,245,234,123,246,71,139,152,167,79,199,177,41
Best fitness found so far: 0.3942704004047004; k: 2.0
Generation: 198; 0.3942704004047004; k: 2.0; 24,48,112,84,5,129,53,59,195,71,35,39,229,110,162,75,46,243,10,39,149,129,23,168,47,79,185,130,13,194,140,61,207,224,217,47,71,35,39,243,80,151,71,222,47,204,15,219,1,75,138,24,79,185,204,47,110,97,108,199,168,47,101,225,204,137,110,248,45,195,217,74
Best fitness found so far: 0.3942704004047004; k: 2.0
Generation: 199; 0.3942704004047004; k: 2.0; 126,48,107,84,149,129,53,224,17,71,35,39,137,110,226,175,247,237,146,243,196,209,13,68,148,96,74,201,177,70,125,45,148,96,74,201,84,149,129,53,59,195,71,35,39,229,80,248,75,77,243,10,39,226,129,23,168,47,79,185,204,21,110,25,239,68,137,173,205,167,204,137,110,41,45,215,209,84,149,73,24,168,51,83,181,207,137,110,210,45,215,201,69,157,101,178,188,249,193,159,40,167,18,74,147,222,152,195,27,175,141,98,2,85,159,225,45,22,38,232,17,3,101,244,31,99,177,35,222,75,114,20,71,113,169,204,132,122,45,144,5,212,90,249,15,240,150,149,129,53,59,47,71,117,23,229,100,17,128,227,208
Best fitness found so far: 0.3942704004047004; k: 2.0
Total time of execution of seed 9 : 83051938
Solution Fitness: -0.3942704004047004
Variables: random 8 eucledian moveNear moveNear split moveNear join join
