#
# A fatal error has been detected by the Java Runtime Environment:
#
#  SIGSEGV (0xb) at pc=0x00007f6af333c690, pid=9637, tid=140096667608832
#
# JRE version: Java(TM) SE Runtime Environment (8.0_51-b16) (build 1.8.0_51-b16)
# Java VM: Java HotSpot(TM) 64-Bit Server VM (25.51-b03 mixed mode linux-amd64 compressed oops)
# Problematic frame:
# V  [libjvm.so+0x899690]  Method::checked_resolve_jmethod_id(_jmethodID*)+0x20
#
# Failed to write core dump. Core dumps have been disabled. To enable core dumping, try "ulimit -c unlimited" before starting Java again
#
# If you would like to submit a bug report, please visit:
#   http://bugreport.java.com/bugreport/crash.jsp
#

---------------  T H R E A D  ---------------

Current thread (0x00007f6aec2d7800):  JavaThread "JDWP Transport Listener: dt_socket" daemon [_thread_in_vm, id=9659, stack(0x00007f6acc0b6000,0x00007f6acc1b7000)]

siginfo: si_signo: 11 (SIGSEGV), si_code: 1 (SEGV_MAPERR), si_addr: 0x0000000000000040

Registers:
RAX=0x0000000000000001, RBX=0x00007f6aec003210, RCX=0x00007f6af4469340, RDX=0x00007f6af3a41ba0
RSP=0x00007f6acc1b59d0, RBP=0x00007f6acc1b59e0, RSI=0x00007f6aec2d7800, RDI=0x0000000000000040
R8 =0x00007f6aa0004140, R9 =0x0000000000000000, R10=0x0000000000000030, R11=0x00007f6af3c03230
R12=0x0000000000000017, R13=0x0000000000000040, R14=0x00007f6aec2d7800, R15=0x00007f6acc1b5ae7
RIP=0x00007f6af333c690, EFLAGS=0x0000000000010202, CSGSFS=0x0000000000000033, ERR=0x0000000000000004
  TRAPNO=0x000000000000000e

Top of Stack: (sp=0x00007f6acc1b59d0)
0x00007f6acc1b59d0:   0000000000000074 00007f6aec003210
0x00007f6acc1b59e0:   00007f6acc1b5a50 00007f6af31cdf9e
0x00007f6acc1b59f0:   00007f6acc1b5a10 00007f6acc1b5a00
0x00007f6acc1b5a00:   00007f6aec2d7800 0000000000000000
0x00007f6acc1b5a10:   00007f6a00000000 0000000000000000
0x00007f6acc1b5a20:   00007f6acc1b5a40 00007f6af1f4de40
0x00007f6acc1b5a30:   0000000000000040 00007f6acc1b5ae7
0x00007f6acc1b5a40:   0000000000000006 00007f6acc1b5ae7
0x00007f6acc1b5a50:   00007f6acc1b5a80 00007f6af1d398c2
0x00007f6acc1b5a60:   00007f6acc1b5a80 0000000000000040
0x00007f6acc1b5a70:   00007f6acc1b5b50 0000000000000030
0x00007f6acc1b5a80:   00007f6acc1b5b10 00007f6af1d1aaa0
0x00007f6acc1b5a90:   00007f6acc1b5ac8 00007f6acc1b5ac0
0x00007f6acc1b5aa0:   00007f6acc1b5ab8 00007f6acc1b5adc
0x00007f6acc1b5ab0:   00000001a0003110 0000000000000000
0x00007f6acc1b5ac0:   0000000000000000 0000000000000000
0x00007f6acc1b5ad0:   00007f6aa0004880 f000100acc1b5b50
0x00007f6acc1b5ae0:   0100000000000007 0000000000000002
0x00007f6acc1b5af0:   000000000000000f 0000000000000002
0x00007f6acc1b5b00:   00000000000f0200 000000000000000f
0x00007f6acc1b5b10:   00007f6acc1b5d60 00007f6af1d259c6
0x00007f6acc1b5b20:   000028b000000013 00007f6af30f0200
0x00007f6acc1b5b30:   00007f6a98001070 0000000000000000
0x00007f6acc1b5b40:   00007f6acc1b5b50 00007f6acc1b5ce0
0x00007f6acc1b5b50:   00007f6aa0037c09 000000000000021f
0x00007f6acc1b5b60:   00007f6aa0033880 000000000000012c
0x00007f6acc1b5b70:   00007f6acc1b5ba0 00007f6aa0033880
0x00007f6acc1b5b80:   0000000000000000 000028b00000001c
0x00007f6acc1b5b90:   00007f6a00005c80 00007f6acc1b5ba0
0x00007f6acc1b5ba0:   6a7f000007000000 04000000106c31ec
0x00007f6acc1b5bb0:   0300000074736574 0000000000562928
0x00007f6acc1b5bc0:   ec6a7f0000010000 3c06000000006c31 

Instructions: (pc=0x00007f6af333c690)
0x00007f6af333c670:   55 48 89 e5 53 48 83 ec 08 48 85 ff 75 12 31 db
0x00007f6af333c680:   48 89 d8 48 83 c4 08 5b c9 c3 66 0f 1f 44 00 00
0x00007f6af333c690:   48 8b 1f 48 85 db 74 e6 48 83 fb 37 74 e0 48 8b
0x00007f6af333c6a0:   03 48 89 df ff 50 10 84 c0 0f 1f 80 00 00 00 00 

Register to memory mapping:

RAX=0x0000000000000001 is an unknown value
RBX=0x00007f6aec003210 is an unknown value
RCX=0x00007f6af4469340: <offset 0x219340> in /lib/x86_64-linux-gnu/libpthread.so.0 at 0x00007f6af4250000
RDX=0x00007f6af3a41ba0: <offset 0xf9eba0> in /usr/lib/jvm/java-8-oracle/jre/lib/amd64/server/libjvm.so at 0x00007f6af2aa3000
RSP=0x00007f6acc1b59d0 is pointing into the stack for thread: 0x00007f6aec2d7800
RBP=0x00007f6acc1b59e0 is pointing into the stack for thread: 0x00007f6aec2d7800
RSI=0x00007f6aec2d7800 is a thread
RDI=0x0000000000000040 is an unknown value
R8 =0x00007f6aa0004140 is an unknown value
R9 =0x0000000000000000 is an unknown value
R10=0x0000000000000030 is an unknown value
R11=0x00007f6af3c03230: <offset 0x197230> in /lib/x86_64-linux-gnu/libc.so.6 at 0x00007f6af3a6c000
R12=0x0000000000000017 is an unknown value
R13=0x0000000000000040 is an unknown value
R14=0x00007f6aec2d7800 is a thread
R15=0x00007f6acc1b5ae7 is pointing into the stack for thread: 0x00007f6aec2d7800


Stack: [0x00007f6acc0b6000,0x00007f6acc1b7000],  sp=0x00007f6acc1b59d0,  free space=1022k
Native frames: (J=compiled Java code, j=interpreted, Vv=VM code, C=native code)
V  [libjvm.so+0x899690]  Method::checked_resolve_jmethod_id(_jmethodID*)+0x20
V  [libjvm.so+0x72af9e]  jvmti_IsMethodSynthetic+0x2be
C  [libjdwp.so+0x258c2]  isMethodSynthetic+0x42
C  [libjdwp.so+0x6aa0]  methods1+0x1b0
C  [libjdwp.so+0x119c6]  debugLoop_run+0x2b6
C  [libjdwp.so+0x247ff]  attachThread+0x2f
V  [libjvm.so+0x797362]  JvmtiAgentThread::call_start_function()+0xc2
V  [libjvm.so+0xa5cbcf]  JavaThread::thread_main_inner()+0xdf
V  [libjvm.so+0xa5ccfc]  JavaThread::run()+0x11c
V  [libjvm.so+0x911048]  java_start(Thread*)+0x108
C  [libpthread.so.0+0x76aa]  start_thread+0xca


---------------  P R O C E S S  ---------------

Java Threads: ( => current thread )
  0x00007f6aec30c000 JavaThread "ReaderThread" [_thread_in_native, id=9671, stack(0x00007f6a934e2000,0x00007f6a935e3000)]
  0x00007f6aec2f0000 JavaThread "Service Thread" daemon [_thread_blocked, id=9669, stack(0x00007f6a93bfc000,0x00007f6a93cfd000)]
  0x00007f6aec2e4800 JavaThread "C1 CompilerThread3" daemon [_thread_blocked, id=9668, stack(0x00007f6a93cfd000,0x00007f6a93dfe000)]
  0x00007f6aec2e2800 JavaThread "C2 CompilerThread2" daemon [_thread_blocked, id=9667, stack(0x00007f6a93dfe000,0x00007f6a93eff000)]
  0x00007f6aec2e0000 JavaThread "C2 CompilerThread1" daemon [_thread_blocked, id=9666, stack(0x00007f6a93eff000,0x00007f6a94000000)]
  0x00007f6aec2de000 JavaThread "C2 CompilerThread0" daemon [_thread_blocked, id=9665, stack(0x00007f6ab002d000,0x00007f6ab012e000)]
  0x00007f6aa0001000 JavaThread "JDWP Command Reader" daemon [_thread_in_native, id=9663, stack(0x00007f6ab012e000,0x00007f6ab022f000)]
  0x00007f6aec2db000 JavaThread "JDWP Event Helper Thread" daemon [_thread_blocked, id=9662, stack(0x00007f6ab022f000,0x00007f6ab0330000)]
=>0x00007f6aec2d7800 JavaThread "JDWP Transport Listener: dt_socket" daemon [_thread_in_vm, id=9659, stack(0x00007f6acc0b6000,0x00007f6acc1b7000)]
  0x00007f6aec20a800 JavaThread "Signal Dispatcher" daemon [_thread_blocked, id=9656, stack(0x00007f6accf3c000,0x00007f6acd03d000)]
  0x00007f6aec1d3000 JavaThread "Finalizer" daemon [_thread_blocked, id=9655, stack(0x00007f6acd03d000,0x00007f6acd13e000)]
  0x00007f6aec1d1000 JavaThread "Reference Handler" daemon [_thread_blocked, id=9654, stack(0x00007f6acd13e000,0x00007f6acd23f000)]
  0x00007f6aec00e000 JavaThread "main" [_thread_blocked, id=9643, stack(0x00007f6af456e000,0x00007f6af466f000)]

Other Threads:
  0x00007f6aec1cc000 VMThread [stack: 0x00007f6acd23f000,0x00007f6acd340000] [id=9653]
  0x00007f6aec2f2800 WatcherThread [stack: 0x00007f6a93afb000,0x00007f6a93bfc000] [id=9670]

VM state:not at safepoint (normal execution)

VM Mutex/Monitor currently owned by a thread: None

Heap:
 PSYoungGen      total 261120K, used 41163K [0x000000076cd00000, 0x000000077cf00000, 0x00000007c0000000)
  eden space 258048K, 15% used [0x000000076cd00000,0x000000076f46e5d8,0x000000077c900000)
  from space 3072K, 25% used [0x000000077cc00000,0x000000077ccc4840,0x000000077cf00000)
  to   space 3072K, 0% used [0x000000077c900000,0x000000077c900000,0x000000077cc00000)
 ParOldGen       total 171008K, used 1976K [0x00000006c6600000, 0x00000006d0d00000, 0x000000076cd00000)
  object space 171008K, 1% used [0x00000006c6600000,0x00000006c67ee288,0x00000006d0d00000)
 Metaspace       used 6009K, capacity 6254K, committed 6400K, reserved 1056768K
  class space    used 688K, capacity 753K, committed 768K, reserved 1048576K

Card table byte_map: [0x00007f6adc832000,0x00007f6add000000] byte_map_base: 0x00007f6ad91ff000

Marking Bits: (ParMarkBitMap*) 0x00007f6af3a41660
 Begin Bits: [0x00007f6ab0330000, 0x00007f6ab4198000)
 End Bits:   [0x00007f6ab4198000, 0x00007f6ab8000000)

Polling page: 0x00007f6af468e000

CodeCache: size=245760Kb used=2798Kb max_used=2810Kb free=242961Kb
 bounds [0x00007f6add000000, 0x00007f6add2d0000, 0x00007f6aec000000]
 total_blobs=966 nmethods=667 adapters=221
 compilation: enabled

Compilation events (10 events):
Event: 13,002 Thread 0x00007f6aec2e0000  669       4       java.lang.StringBuilder::toString (17 bytes)
Event: 13,005 Thread 0x00007f6aec2e0000 nmethod 669 0x00007f6add1035d0 code [0x00007f6add103740, 0x00007f6add103ad8]
Event: 14,851 Thread 0x00007f6aec2de000  670       4       edu.ufpr.cluster.algorithm.Point::toString (70 bytes)
Event: 14,882 Thread 0x00007f6aec2de000 nmethod 670 0x00007f6add2c0590 code [0x00007f6add2c0800, 0x00007f6add2c1e98]
Event: 15,941 Thread 0x00007f6aec2e2800  671       4       sun.misc.FDBigInteger::leftShift (395 bytes)
Event: 15,947 Thread 0x00007f6aec2e2800 nmethod 671 0x00007f6add2af150 code [0x00007f6add2af2c0, 0x00007f6add2af7d8]
Event: 17,314 Thread 0x00007f6aec2e0000  672       4       java.lang.StringBuilder::append (8 bytes)
Event: 17,316 Thread 0x00007f6aec2e0000 nmethod 672 0x00007f6add2ab550 code [0x00007f6add2ab6c0, 0x00007f6add2aba18]
Event: 18,501 Thread 0x00007f6aec2de000  673       4       sun.misc.FDBigInteger::valueOfMulPow52 (449 bytes)
Event: 18,506 Thread 0x00007f6aec2de000 nmethod 673 0x00007f6add2a8e10 code [0x00007f6add2a8f80, 0x00007f6add2a9558]

GC Heap History (10 events):
Event: 13,005 GC heap before
{Heap before GC invocations=4 (full 0):
 PSYoungGen      total 74752K, used 66462K [0x000000076cd00000, 0x0000000772000000, 0x00000007c0000000)
  eden space 64512K, 99% used [0x000000076cd00000,0x0000000770bf9a28,0x0000000770c00000)
  from space 10240K, 19% used [0x0000000770c00000,0x0000000770dedf68,0x0000000771600000)
  to   space 10240K, 0% used [0x0000000771600000,0x0000000771600000,0x0000000772000000)
 ParOldGen       total 171008K, used 24K [0x00000006c6600000, 0x00000006d0d00000, 0x000000076cd00000)
  object space 171008K, 0% used [0x00000006c6600000,0x00000006c6606000,0x00000006d0d00000)
 Metaspace       used 5994K, capacity 6254K, committed 6400K, reserved 1056768K
  class space    used 687K, capacity 753K, committed 768K, reserved 1048576K
Event: 13,007 GC heap after
Heap after GC invocations=4 (full 0):
 PSYoungGen      total 74752K, used 2103K [0x000000076cd00000, 0x0000000772000000, 0x00000007c0000000)
  eden space 64512K, 0% used [0x000000076cd00000,0x000000076cd00000,0x0000000770c00000)
  from space 10240K, 20% used [0x0000000771600000,0x000000077180dc78,0x0000000772000000)
  to   space 10240K, 0% used [0x0000000770c00000,0x0000000770c00000,0x0000000771600000)
 ParOldGen       total 171008K, used 32K [0x00000006c6600000, 0x00000006d0d00000, 0x000000076cd00000)
  object space 171008K, 0% used [0x00000006c6600000,0x00000006c6608000,0x00000006d0d00000)
 Metaspace       used 5994K, capacity 6254K, committed 6400K, reserved 1056768K
  class space    used 687K, capacity 753K, committed 768K, reserved 1048576K
}
Event: 13,016 GC heap before
{Heap before GC invocations=5 (full 0):
 PSYoungGen      total 74752K, used 66505K [0x000000076cd00000, 0x0000000772000000, 0x00000007c0000000)
  eden space 64512K, 99% used [0x000000076cd00000,0x0000000770be4958,0x0000000770c00000)
  from space 10240K, 20% used [0x0000000771600000,0x000000077180dc78,0x0000000772000000)
  to   space 10240K, 0% used [0x0000000770c00000,0x0000000770c00000,0x0000000771600000)
 ParOldGen       total 171008K, used 32K [0x00000006c6600000, 0x00000006d0d00000, 0x000000076cd00000)
  object space 171008K, 0% used [0x00000006c6600000,0x00000006c6608000,0x00000006d0d00000)
 Metaspace       used 5994K, capacity 6254K, committed 6400K, reserved 1056768K
  class space    used 687K, capacity 753K, committed 768K, reserved 1048576K
Event: 13,018 GC heap after
Heap after GC invocations=5 (full 0):
 PSYoungGen      total 74752K, used 2384K [0x000000076cd00000, 0x0000000775000000, 0x00000007c0000000)
  eden space 64512K, 0% used [0x000000076cd00000,0x000000076cd00000,0x0000000770c00000)
  from space 10240K, 23% used [0x0000000770c00000,0x0000000770e54108,0x0000000771600000)
  to   space 2560K, 0% used [0x0000000774d80000,0x0000000774d80000,0x0000000775000000)
 ParOldGen       total 171008K, used 40K [0x00000006c6600000, 0x00000006d0d00000, 0x000000076cd00000)
  object space 171008K, 0% used [0x00000006c6600000,0x00000006c660a000,0x00000006d0d00000)
 Metaspace       used 5994K, capacity 6254K, committed 6400K, reserved 1056768K
  class space    used 687K, capacity 753K, committed 768K, reserved 1048576K
}
Event: 14,847 GC heap before
{Heap before GC invocations=6 (full 0):
 PSYoungGen      total 74752K, used 66896K [0x000000076cd00000, 0x0000000775000000, 0x00000007c0000000)
  eden space 64512K, 100% used [0x000000076cd00000,0x0000000770c00000,0x0000000770c00000)
  from space 10240K, 23% used [0x0000000770c00000,0x0000000770e54108,0x0000000771600000)
  to   space 2560K, 0% used [0x0000000774d80000,0x0000000774d80000,0x0000000775000000)
 ParOldGen       total 171008K, used 40K [0x00000006c6600000, 0x00000006d0d00000, 0x000000076cd00000)
  object space 171008K, 0% used [0x00000006c6600000,0x00000006c660a000,0x00000006d0d00000)
 Metaspace       used 5994K, capacity 6254K, committed 6400K, reserved 1056768K
  class space    used 687K, capacity 753K, committed 768K, reserved 1048576K
Event: 14,849 GC heap after
Heap after GC invocations=6 (full 0):
 PSYoungGen      total 131584K, used 2157K [0x000000076cd00000, 0x0000000775000000, 0x00000007c0000000)
  eden space 129024K, 0% used [0x000000076cd00000,0x000000076cd00000,0x0000000774b00000)
  from space 2560K, 84% used [0x0000000774d80000,0x0000000774f9b780,0x0000000775000000)
  to   space 2560K, 0% used [0x0000000774b00000,0x0000000774b00000,0x0000000774d80000)
 ParOldGen       total 171008K, used 40K [0x00000006c6600000, 0x00000006d0d00000, 0x000000076cd00000)
  object space 171008K, 0% used [0x00000006c6600000,0x00000006c660a000,0x00000006d0d00000)
 Metaspace       used 5994K, capacity 6254K, committed 6400K, reserved 1056768K
  class space    used 687K, capacity 753K, committed 768K, reserved 1048576K
}
Event: 14,868 GC heap before
{Heap before GC invocations=7 (full 0):
 PSYoungGen      total 131584K, used 131156K [0x000000076cd00000, 0x0000000775000000, 0x00000007c0000000)
  eden space 129024K, 99% used [0x000000076cd00000,0x0000000774af9b58,0x0000000774b00000)
  from space 2560K, 84% used [0x0000000774d80000,0x0000000774f9b780,0x0000000775000000)
  to   space 2560K, 0% used [0x0000000774b00000,0x0000000774b00000,0x0000000774d80000)
 ParOldGen       total 171008K, used 40K [0x00000006c6600000, 0x00000006d0d00000, 0x000000076cd00000)
  object space 171008K, 0% used [0x00000006c6600000,0x00000006c660a000,0x00000006d0d00000)
 Metaspace       used 5994K, capacity 6254K, committed 6400K, reserved 1056768K
  class space    used 687K, capacity 753K, committed 768K, reserved 1048576K
Event: 14,869 GC heap after
Heap after GC invocations=7 (full 0):
 PSYoungGen      total 131584K, used 900K [0x000000076cd00000, 0x000000077cf00000, 0x00000007c0000000)
  eden space 129024K, 0% used [0x000000076cd00000,0x000000076cd00000,0x0000000774b00000)
  from space 2560K, 35% used [0x0000000774b00000,0x0000000774be12e0,0x0000000774d80000)
  to   space 3072K, 0% used [0x000000077cc00000,0x000000077cc00000,0x000000077cf00000)
 ParOldGen       total 171008K, used 1729K [0x00000006c6600000, 0x00000006d0d00000, 0x000000076cd00000)
  object space 171008K, 1% used [0x00000006c6600000,0x00000006c67b07c0,0x00000006d0d00000)
 Metaspace       used 5994K, capacity 6254K, committed 6400K, reserved 1056768K
  class space    used 687K, capacity 753K, committed 768K, reserved 1048576K
}
Event: 14,897 GC heap before
{Heap before GC invocations=8 (full 0):
 PSYoungGen      total 131584K, used 129752K [0x000000076cd00000, 0x000000077cf00000, 0x00000007c0000000)
  eden space 129024K, 99% used [0x000000076cd00000,0x0000000774ad4d58,0x0000000774b00000)
  from space 2560K, 35% used [0x0000000774b00000,0x0000000774be12e0,0x0000000774d80000)
  to   space 3072K, 0% used [0x000000077cc00000,0x000000077cc00000,0x000000077cf00000)
 ParOldGen       total 171008K, used 1729K [0x00000006c6600000, 0x00000006d0d00000, 0x000000076cd00000)
  object space 171008K, 1% used [0x00000006c6600000,0x00000006c67b07c0,0x00000006d0d00000)
 Metaspace       used 5994K, capacity 6254K, committed 6400K, reserved 1056768K
  class space    used 687K, capacity 753K, committed 768K, reserved 1048576K
Event: 14,898 GC heap after
Heap after GC invocations=8 (full 0):
 PSYoungGen      total 261120K, used 786K [0x000000076cd00000, 0x000000077cf00000, 0x00000007c0000000)
  eden space 258048K, 0% used [0x000000076cd00000,0x000000076cd00000,0x000000077c900000)
  from space 3072K, 25% used [0x000000077cc00000,0x000000077ccc4840,0x000000077cf00000)
  to   space 3072K, 0% used [0x000000077c900000,0x000000077c900000,0x000000077cc00000)
 ParOldGen       total 171008K, used 1976K [0x00000006c6600000, 0x00000006d0d00000, 0x000000076cd00000)
  object space 171008K, 1% used [0x00000006c6600000,0x00000006c67ee288,0x00000006d0d00000)
 Metaspace       used 5994K, capacity 6254K, committed 6400K, reserved 1056768K
  class space    used 687K, capacity 753K, committed 768K, reserved 1048576K
}

Deoptimization events (2 events):
Event: 4,280 Thread 0x00007f6aec00e000 Uncommon trap: reason=unstable_if action=reinterpret pc=0x00007f6add25a060 method=java.util.ArrayList$ArrayListSpliterator.forEachRemaining(Ljava/util/function/Consumer;)V @ 39
Event: 11,184 Thread 0x00007f6aec00e000 Uncommon trap: reason=unstable_if action=reinterpret pc=0x00007f6add294dbc method=sun.misc.FloatingDecimal$BinaryToASCIIBuffer.dtoa(IJIZ)V @ 97

Internal exceptions (9 events):
Event: 0,029 Thread 0x00007f6aec00e000 Exception <a 'java/lang/NoSuchMethodError': Method sun.misc.Unsafe.defineClass(Ljava/lang/String;[BII)Ljava/lang/Class; name or signature does not match> (0x000000076cd12a38) thrown at [/HUDSON/workspace/8-2-build-linux-amd64/jdk8u51/3951/hotspot/src/shar
Event: 0,029 Thread 0x00007f6aec00e000 Exception <a 'java/lang/NoSuchMethodError': Method sun.misc.Unsafe.prefetchRead(Ljava/lang/Object;J)V name or signature does not match> (0x000000076cd12cc8) thrown at [/HUDSON/workspace/8-2-build-linux-amd64/jdk8u51/3951/hotspot/src/share/vm/prims/jni.cpp
Event: 0,152 Thread 0x00007f6aec00e000 Exception <a 'java/security/PrivilegedActionException'> (0x000000076d496070) thrown at [/HUDSON/workspace/8-2-build-linux-amd64/jdk8u51/3951/hotspot/src/share/vm/prims/jvm.cpp, line 1382]
Event: 0,152 Thread 0x00007f6aec00e000 Exception <a 'java/security/PrivilegedActionException'> (0x000000076d4963b8) thrown at [/HUDSON/workspace/8-2-build-linux-amd64/jdk8u51/3951/hotspot/src/share/vm/prims/jvm.cpp, line 1382]
Event: 0,152 Thread 0x00007f6aec00e000 Exception <a 'java/security/PrivilegedActionException'> (0x000000076d498a68) thrown at [/HUDSON/workspace/8-2-build-linux-amd64/jdk8u51/3951/hotspot/src/share/vm/prims/jvm.cpp, line 1382]
Event: 0,152 Thread 0x00007f6aec00e000 Exception <a 'java/security/PrivilegedActionException'> (0x000000076d498db0) thrown at [/HUDSON/workspace/8-2-build-linux-amd64/jdk8u51/3951/hotspot/src/share/vm/prims/jvm.cpp, line 1382]
Event: 0,275 Thread 0x00007f6aec00e000 Exception <a 'java/lang/NoSuchFieldError': method resolution failed> (0x000000076d9caf50) thrown at [/HUDSON/workspace/8-2-build-linux-amd64/jdk8u51/3951/hotspot/src/share/vm/prims/methodHandles.cpp, line 1125]
Event: 0,278 Thread 0x00007f6aec00e000 Exception <a 'java/lang/NoSuchFieldError': method resolution failed> (0x000000076d9da150) thrown at [/HUDSON/workspace/8-2-build-linux-amd64/jdk8u51/3951/hotspot/src/share/vm/prims/methodHandles.cpp, line 1125]
Event: 0,292 Thread 0x00007f6aec00e000 Exception <a 'java/lang/NoSuchMethodError': java.lang.Object.lambda$maxBy$24(Ljava/util/Comparator;Ljava/lang/Object;Ljava/lang/Object;)Ljava/lang/Object;> (0x000000076da72d08) thrown at [/HUDSON/workspace/8-2-build-linux-amd64/jdk8u51/3951/hotspot/src/sh

Events (10 events):
Event: 21,656 Executing VM operation: GetOrSetLocal
Event: 21,656 Executing VM operation: GetOrSetLocal done
Event: 22,127 Executing VM operation: GetOrSetLocal
Event: 22,127 Executing VM operation: GetOrSetLocal done
Event: 22,832 Executing VM operation: GetOrSetLocal
Event: 22,832 Executing VM operation: GetOrSetLocal done
Event: 22,854 Executing VM operation: GetOrSetLocal
Event: 22,854 Executing VM operation: GetOrSetLocal done
Event: 318,895 Executing VM operation: RedefineClasses
Event: 318,898 Executing VM operation: RedefineClasses done


Dynamic libraries:
00400000-00401000 r-xp 00000000 08:01 5115189                            /usr/lib/jvm/java-8-oracle/bin/java
00600000-00601000 rw-p 00000000 08:01 5115189                            /usr/lib/jvm/java-8-oracle/bin/java
00aa4000-00ac5000 rw-p 00000000 00:00 0                                  [heap]
6c6600000-6d0d00000 rw-p 00000000 00:00 0 
6d0d00000-76cd00000 ---p 00000000 00:00 0 
76cd00000-77cf00000 rw-p 00000000 00:00 0 
77cf00000-7c0000000 ---p 00000000 00:00 0 
7c0000000-7c00c0000 rw-p 00000000 00:00 0 
7c00c0000-800000000 ---p 00000000 00:00 0 
7f6a74000000-7f6a74021000 rw-p 00000000 00:00 0 
7f6a74021000-7f6a78000000 ---p 00000000 00:00 0 
7f6a78000000-7f6a78021000 rw-p 00000000 00:00 0 
7f6a78021000-7f6a7c000000 ---p 00000000 00:00 0 
7f6a7c000000-7f6a7c19a000 rw-p 00000000 00:00 0 
7f6a7c19a000-7f6a80000000 ---p 00000000 00:00 0 
7f6a80000000-7f6a80021000 rw-p 00000000 00:00 0 
7f6a80021000-7f6a84000000 ---p 00000000 00:00 0 
7f6a84000000-7f6a851ee000 rw-p 00000000 00:00 0 
7f6a851ee000-7f6a88000000 ---p 00000000 00:00 0 
7f6a88000000-7f6a88162000 rw-p 00000000 00:00 0 
7f6a88162000-7f6a8c000000 ---p 00000000 00:00 0 
7f6a8c000000-7f6a8c1d7000 rw-p 00000000 00:00 0 
7f6a8c1d7000-7f6a90000000 ---p 00000000 00:00 0 
7f6a934e2000-7f6a934e5000 ---p 00000000 00:00 0 
7f6a934e5000-7f6a938e4000 rw-p 00000000 00:00 0                          [stack:9671]
7f6a938e4000-7f6a938fa000 r-xp 00000000 08:01 3808051                    /usr/lib/jvm/java-8-oracle/jre/lib/amd64/libnet.so
7f6a938fa000-7f6a93afa000 ---p 00016000 08:01 3808051                    /usr/lib/jvm/java-8-oracle/jre/lib/amd64/libnet.so
7f6a93afa000-7f6a93afb000 rw-p 00016000 08:01 3808051                    /usr/lib/jvm/java-8-oracle/jre/lib/amd64/libnet.so
7f6a93afb000-7f6a93afc000 ---p 00000000 00:00 0 
7f6a93afc000-7f6a93bfc000 rw-p 00000000 00:00 0                          [stack:9670]
7f6a93bfc000-7f6a93bff000 ---p 00000000 00:00 0 
7f6a93bff000-7f6a93cfd000 rw-p 00000000 00:00 0                          [stack:9669]
7f6a93cfd000-7f6a93d00000 ---p 00000000 00:00 0 
7f6a93d00000-7f6a93dfe000 rw-p 00000000 00:00 0                          [stack:9668]
7f6a93dfe000-7f6a93e01000 ---p 00000000 00:00 0 
7f6a93e01000-7f6a93eff000 rw-p 00000000 00:00 0                          [stack:9667]
7f6a93eff000-7f6a93f02000 ---p 00000000 00:00 0 
7f6a93f02000-7f6a94000000 rw-p 00000000 00:00 0                          [stack:9666]
7f6a94000000-7f6a94021000 rw-p 00000000 00:00 0 
7f6a94021000-7f6a98000000 ---p 00000000 00:00 0 
7f6a98000000-7f6a98021000 rw-p 00000000 00:00 0 
7f6a98021000-7f6a9c000000 ---p 00000000 00:00 0 
7f6a9c000000-7f6a9c021000 rw-p 00000000 00:00 0 
7f6a9c021000-7f6aa0000000 ---p 00000000 00:00 0 
7f6aa0000000-7f6aa02be000 rw-p 00000000 00:00 0 
7f6aa02be000-7f6aa4000000 ---p 00000000 00:00 0 
7f6aa4000000-7f6aa4021000 rw-p 00000000 00:00 0 
7f6aa4021000-7f6aa8000000 ---p 00000000 00:00 0 
7f6aa8000000-7f6aa8021000 rw-p 00000000 00:00 0 
7f6aa8021000-7f6aac000000 ---p 00000000 00:00 0 
7f6aac000000-7f6aac021000 rw-p 00000000 00:00 0 
7f6aac021000-7f6ab0000000 ---p 00000000 00:00 0 
7f6ab002d000-7f6ab0030000 ---p 00000000 00:00 0 
7f6ab0030000-7f6ab012e000 rw-p 00000000 00:00 0                          [stack:9665]
7f6ab012e000-7f6ab0131000 ---p 00000000 00:00 0 
7f6ab0131000-7f6ab022f000 rw-p 00000000 00:00 0                          [stack:9663]
7f6ab022f000-7f6ab0232000 ---p 00000000 00:00 0 
7f6ab0232000-7f6ab8000000 rw-p 00000000 00:00 0                          [stack:9662]
7f6ab8000000-7f6ab8021000 rw-p 00000000 00:00 0 
7f6ab8021000-7f6abc000000 ---p 00000000 00:00 0 
7f6abc000000-7f6abc021000 rw-p 00000000 00:00 0 
7f6abc021000-7f6ac0000000 ---p 00000000 00:00 0 
7f6ac0000000-7f6ac0021000 rw-p 00000000 00:00 0 
7f6ac0021000-7f6ac4000000 ---p 00000000 00:00 0 
7f6ac4000000-7f6ac4021000 rw-p 00000000 00:00 0 
7f6ac4021000-7f6ac8000000 ---p 00000000 00:00 0 
7f6ac8000000-7f6ac8021000 rw-p 00000000 00:00 0 
7f6ac8021000-7f6acc000000 ---p 00000000 00:00 0 
7f6acc0ac000-7f6acc0b6000 r--s 00116000 08:01 4468223                    /usr/lib/jvm/java-8-oracle/jre/lib/ext/localedata.jar
7f6acc0b6000-7f6acc0b9000 ---p 00000000 00:00 0 
7f6acc0b9000-7f6acc1b7000 rw-p 00000000 00:00 0                          [stack:9659]
7f6acc1b7000-7f6acc1bb000 r-xp 00000000 08:01 3808020                    /usr/lib/jvm/java-8-oracle/jre/lib/amd64/libdt_socket.so
7f6acc1bb000-7f6acc3ba000 ---p 00004000 08:01 3808020                    /usr/lib/jvm/java-8-oracle/jre/lib/amd64/libdt_socket.so
7f6acc3ba000-7f6acc3bb000 rw-p 00003000 08:01 3808020                    /usr/lib/jvm/java-8-oracle/jre/lib/amd64/libdt_socket.so
7f6acc3bb000-7f6acc3c0000 r-xp 00000000 08:01 2760898                    /usr/lib/x86_64-linux-gnu/libXdmcp.so.6.0.0
7f6acc3c0000-7f6acc5bf000 ---p 00005000 08:01 2760898                    /usr/lib/x86_64-linux-gnu/libXdmcp.so.6.0.0
7f6acc5bf000-7f6acc5c0000 r--p 00004000 08:01 2760898                    /usr/lib/x86_64-linux-gnu/libXdmcp.so.6.0.0
7f6acc5c0000-7f6acc5c1000 rw-p 00005000 08:01 2760898                    /usr/lib/x86_64-linux-gnu/libXdmcp.so.6.0.0
7f6acc5c1000-7f6acc5c3000 r-xp 00000000 08:01 2760887                    /usr/lib/x86_64-linux-gnu/libXau.so.6.0.0
7f6acc5c3000-7f6acc7c3000 ---p 00002000 08:01 2760887                    /usr/lib/x86_64-linux-gnu/libXau.so.6.0.0
7f6acc7c3000-7f6acc7c4000 r--p 00002000 08:01 2760887                    /usr/lib/x86_64-linux-gnu/libXau.so.6.0.0
7f6acc7c4000-7f6acc7c5000 rw-p 00003000 08:01 2760887                    /usr/lib/x86_64-linux-gnu/libXau.so.6.0.0
7f6acc7c5000-7f6acc7e2000 r-xp 00000000 08:01 2762085                    /usr/lib/x86_64-linux-gnu/libxcb.so.1.1.0
7f6acc7e2000-7f6acc9e2000 ---p 0001d000 08:01 2762085                    /usr/lib/x86_64-linux-gnu/libxcb.so.1.1.0
7f6acc9e2000-7f6acc9e3000 r--p 0001d000 08:01 2762085                    /usr/lib/x86_64-linux-gnu/libxcb.so.1.1.0
7f6acc9e3000-7f6acc9e4000 rw-p 0001e000 08:01 2762085                    /usr/lib/x86_64-linux-gnu/libxcb.so.1.1.0
7f6acc9e4000-7f6accb17000 r-xp 00000000 08:01 2760883                    /usr/lib/x86_64-linux-gnu/libX11.so.6.3.0
7f6accb17000-7f6accd17000 ---p 00133000 08:01 2760883                    /usr/lib/x86_64-linux-gnu/libX11.so.6.3.0
7f6accd17000-7f6accd18000 r--p 00133000 08:01 2760883                    /usr/lib/x86_64-linux-gnu/libX11.so.6.3.0
7f6accd18000-7f6accd1c000 rw-p 00134000 08:01 2760883                    /usr/lib/x86_64-linux-gnu/libX11.so.6.3.0
7f6accd1c000-7f6accd1d000 rw-p 00000000 00:00 0 
7f6accd1d000-7f6accd39000 r--s 00393000 08:01 4468229                    /usr/lib/jvm/java-8-oracle/jre/lib/ext/cldrdata.jar
7f6accd39000-7f6accd3b000 r-xp 00000000 08:01 2758046                    /usr/lib/jayatana/libjayatanaag.so
7f6accd3b000-7f6accf3a000 ---p 00002000 08:01 2758046                    /usr/lib/jayatana/libjayatanaag.so
7f6accf3a000-7f6accf3b000 r--p 00001000 08:01 2758046                    /usr/lib/jayatana/libjayatanaag.so
7f6accf3b000-7f6accf3c000 rw-p 00002000 08:01 2758046                    /usr/lib/jayatana/libjayatanaag.so
7f6accf3c000-7f6accf3f000 ---p 00000000 00:00 0 
7f6accf3f000-7f6acd03d000 rw-p 00000000 00:00 0                          [stack:9656]
7f6acd03d000-7f6acd040000 ---p 00000000 00:00 0 
7f6acd040000-7f6acd13e000 rw-p 00000000 00:00 0                          [stack:9655]
7f6acd13e000-7f6acd141000 ---p 00000000 00:00 0 
7f6acd141000-7f6acd23f000 rw-p 00000000 00:00 0                          [stack:9654]
7f6acd23f000-7f6acd240000 ---p 00000000 00:00 0 
7f6acd240000-7f6acee5b000 rw-p 00000000 00:00 0                          [stack:9653]
7f6acee5b000-7f6acf033000 r--s 03d0c000 08:01 3808082                    /usr/lib/jvm/java-8-oracle/jre/lib/rt.jar
7f6acf033000-7f6acf5b3000 rw-p 00000000 00:00 0 
7f6acf5b3000-7f6acf833000 ---p 00000000 00:00 0 
7f6acf833000-7f6ad0000000 rw-p 00000000 00:00 0 
7f6ad0000000-7f6ad0021000 rw-p 00000000 00:00 0 
7f6ad0021000-7f6ad4000000 ---p 00000000 00:00 0 
7f6ad4000000-7f6ad4021000 rw-p 00000000 00:00 0 
7f6ad4021000-7f6ad8000000 ---p 00000000 00:00 0 
7f6ad8000000-7f6ad8021000 rw-p 00000000 00:00 0 
7f6ad8021000-7f6adc000000 ---p 00000000 00:00 0 
7f6adc007000-7f6adc02a000 r--s 001ba000 08:01 6456836                    /home/vdfontoura/.m2/repository/org/apache/commons/commons-math3/3.3/commons-math3-3.3.jar
7f6adc02a000-7f6adc02b000 ---p 00000000 00:00 0 
7f6adc02b000-7f6adc12b000 rw-p 00000000 00:00 0                          [stack:9652]
7f6adc12b000-7f6adc12c000 ---p 00000000 00:00 0 
7f6adc12c000-7f6adc22c000 rw-p 00000000 00:00 0                          [stack:9651]
7f6adc22c000-7f6adc22d000 ---p 00000000 00:00 0 
7f6adc22d000-7f6adc32d000 rw-p 00000000 00:00 0                          [stack:9650]
7f6adc32d000-7f6adc32e000 ---p 00000000 00:00 0 
7f6adc32e000-7f6adc42e000 rw-p 00000000 00:00 0                          [stack:9649]
7f6adc42e000-7f6adc42f000 ---p 00000000 00:00 0 
7f6adc42f000-7f6adc52f000 rw-p 00000000 00:00 0                          [stack:9648]
7f6adc52f000-7f6adc530000 ---p 00000000 00:00 0 
7f6adc530000-7f6adc630000 rw-p 00000000 00:00 0                          [stack:9647]
7f6adc630000-7f6adc631000 ---p 00000000 00:00 0 
7f6adc631000-7f6adc731000 rw-p 00000000 00:00 0                          [stack:9646]
7f6adc731000-7f6adc732000 ---p 00000000 00:00 0 
7f6adc732000-7f6adc886000 rw-p 00000000 00:00 0                          [stack:9645]
7f6adc886000-7f6adcd65000 ---p 00000000 00:00 0 
7f6adcd65000-7f6adcde7000 rw-p 00000000 00:00 0 
7f6adcde7000-7f6adcfff000 ---p 00000000 00:00 0 
7f6adcfff000-7f6add000000 rw-p 00000000 00:00 0 
7f6add000000-7f6add2d0000 rwxp 00000000 00:00 0 
7f6add2d0000-7f6aec000000 ---p 00000000 00:00 0 
7f6aec000000-7f6aec5af000 rw-p 00000000 00:00 0 
7f6aec5af000-7f6af0000000 ---p 00000000 00:00 0 
7f6af0000000-7f6af0003000 rw-p 00000000 00:00 0 
7f6af0003000-7f6af0004000 r--s 00000000 08:01 3151015                    /usr/share/java/jayatanaag.jar
7f6af0004000-7f6af000a000 r--s 00276000 08:01 7475610                    /home/vdfontoura/.m2/repository/org/uma/jmetal/jmetal-algorithm/5.0/jmetal-algorithm-5.0.jar
7f6af000a000-7f6af000d000 r--s 00016000 08:01 7475607                    /home/vdfontoura/.m2/repository/org/uma/jmetal/jmetal-exec/5.0/jmetal-exec-5.0.jar
7f6af000d000-7f6af0013000 r--s 00045000 08:01 7475604                    /home/vdfontoura/.m2/repository/org/hamcrest/hamcrest-all/1.3/hamcrest-all-1.3.jar
7f6af0013000-7f6af001d000 r--s 00338000 08:01 7475595                    /home/vdfontoura/.m2/repository/org/uma/jmetal/jmetal-core/5.0/jmetal-core-5.0.jar
7f6af001d000-7f6af0136000 rw-p 00000000 00:00 0 
7f6af0136000-7f6af0616000 ---p 00000000 00:00 0 
7f6af0616000-7f6af0622000 rw-p 00000000 00:00 0 
7f6af0622000-7f6af09d6000 ---p 00000000 00:00 0 
7f6af09d6000-7f6af09f0000 r-xp 00000000 08:01 3808046                    /usr/lib/jvm/java-8-oracle/jre/lib/amd64/libzip.so
7f6af09f0000-7f6af0bf0000 ---p 0001a000 08:01 3808046                    /usr/lib/jvm/java-8-oracle/jre/lib/amd64/libzip.so
7f6af0bf0000-7f6af0bf1000 rw-p 0001a000 08:01 3808046                    /usr/lib/jvm/java-8-oracle/jre/lib/amd64/libzip.so
7f6af0bf1000-7f6af0bfd000 r-xp 00000000 08:01 10490107                   /lib/x86_64-linux-gnu/libnss_files-2.21.so
7f6af0bfd000-7f6af0dfc000 ---p 0000c000 08:01 10490107                   /lib/x86_64-linux-gnu/libnss_files-2.21.so
7f6af0dfc000-7f6af0dfd000 r--p 0000b000 08:01 10490107                   /lib/x86_64-linux-gnu/libnss_files-2.21.so
7f6af0dfd000-7f6af0dfe000 rw-p 0000c000 08:01 10490107                   /lib/x86_64-linux-gnu/libnss_files-2.21.so
7f6af0dfe000-7f6af0e09000 r-xp 00000000 08:01 10490117                   /lib/x86_64-linux-gnu/libnss_nis-2.21.so
7f6af0e09000-7f6af1008000 ---p 0000b000 08:01 10490117                   /lib/x86_64-linux-gnu/libnss_nis-2.21.so
7f6af1008000-7f6af1009000 r--p 0000a000 08:01 10490117                   /lib/x86_64-linux-gnu/libnss_nis-2.21.so
7f6af1009000-7f6af100a000 rw-p 0000b000 08:01 10490117                   /lib/x86_64-linux-gnu/libnss_nis-2.21.so
7f6af100a000-7f6af1021000 r-xp 00000000 08:01 10490101                   /lib/x86_64-linux-gnu/libnsl-2.21.so
7f6af1021000-7f6af1220000 ---p 00017000 08:01 10490101                   /lib/x86_64-linux-gnu/libnsl-2.21.so
7f6af1220000-7f6af1221000 r--p 00016000 08:01 10490101                   /lib/x86_64-linux-gnu/libnsl-2.21.so
7f6af1221000-7f6af1222000 rw-p 00017000 08:01 10490101                   /lib/x86_64-linux-gnu/libnsl-2.21.so
7f6af1222000-7f6af1224000 rw-p 00000000 00:00 0 
7f6af1224000-7f6af122c000 r-xp 00000000 08:01 10490103                   /lib/x86_64-linux-gnu/libnss_compat-2.21.so
7f6af122c000-7f6af142b000 ---p 00008000 08:01 10490103                   /lib/x86_64-linux-gnu/libnss_compat-2.21.so
7f6af142b000-7f6af142c000 r--p 00007000 08:01 10490103                   /lib/x86_64-linux-gnu/libnss_compat-2.21.so
7f6af142c000-7f6af142d000 rw-p 00008000 08:01 10490103                   /lib/x86_64-linux-gnu/libnss_compat-2.21.so
7f6af142d000-7f6af1b11000 r--p 00000000 08:01 2759925                    /usr/lib/locale/locale-archive
7f6af1b11000-7f6af1b13000 r-xp 00000000 08:01 3808030                    /usr/lib/jvm/java-8-oracle/jre/lib/amd64/libnpt.so
7f6af1b13000-7f6af1d13000 ---p 00002000 08:01 3808030                    /usr/lib/jvm/java-8-oracle/jre/lib/amd64/libnpt.so
7f6af1d13000-7f6af1d14000 rw-p 00002000 08:01 3808030                    /usr/lib/jvm/java-8-oracle/jre/lib/amd64/libnpt.so
7f6af1d14000-7f6af1d4d000 r-xp 00000000 08:01 3808035                    /usr/lib/jvm/java-8-oracle/jre/lib/amd64/libjdwp.so
7f6af1d4d000-7f6af1f4c000 ---p 00039000 08:01 3808035                    /usr/lib/jvm/java-8-oracle/jre/lib/amd64/libjdwp.so
7f6af1f4c000-7f6af1f4e000 rw-p 00038000 08:01 3808035                    /usr/lib/jvm/java-8-oracle/jre/lib/amd64/libjdwp.so
7f6af1f4e000-7f6af1f58000 r-xp 00000000 08:01 3808053                    /usr/lib/jvm/java-8-oracle/jre/lib/amd64/libinstrument.so
7f6af1f58000-7f6af2157000 ---p 0000a000 08:01 3808053                    /usr/lib/jvm/java-8-oracle/jre/lib/amd64/libinstrument.so
7f6af2157000-7f6af2158000 rw-p 00009000 08:01 3808053                    /usr/lib/jvm/java-8-oracle/jre/lib/amd64/libinstrument.so
7f6af2158000-7f6af2182000 r-xp 00000000 08:01 3808026                    /usr/lib/jvm/java-8-oracle/jre/lib/amd64/libjava.so
7f6af2182000-7f6af2382000 ---p 0002a000 08:01 3808026                    /usr/lib/jvm/java-8-oracle/jre/lib/amd64/libjava.so
7f6af2382000-7f6af2384000 rw-p 0002a000 08:01 3808026                    /usr/lib/jvm/java-8-oracle/jre/lib/amd64/libjava.so
7f6af2384000-7f6af2391000 r-xp 00000000 08:01 3808040                    /usr/lib/jvm/java-8-oracle/jre/lib/amd64/libverify.so
7f6af2391000-7f6af2591000 ---p 0000d000 08:01 3808040                    /usr/lib/jvm/java-8-oracle/jre/lib/amd64/libverify.so
7f6af2591000-7f6af2593000 rw-p 0000d000 08:01 3808040                    /usr/lib/jvm/java-8-oracle/jre/lib/amd64/libverify.so
7f6af2593000-7f6af259a000 r-xp 00000000 08:01 10490162                   /lib/x86_64-linux-gnu/librt-2.21.so
7f6af259a000-7f6af2799000 ---p 00007000 08:01 10490162                   /lib/x86_64-linux-gnu/librt-2.21.so
7f6af2799000-7f6af279a000 r--p 00006000 08:01 10490162                   /lib/x86_64-linux-gnu/librt-2.21.so
7f6af279a000-7f6af279b000 rw-p 00007000 08:01 10490162                   /lib/x86_64-linux-gnu/librt-2.21.so
7f6af279b000-7f6af28a2000 r-xp 00000000 08:01 10490080                   /lib/x86_64-linux-gnu/libm-2.21.so
7f6af28a2000-7f6af2aa1000 ---p 00107000 08:01 10490080                   /lib/x86_64-linux-gnu/libm-2.21.so
7f6af2aa1000-7f6af2aa2000 r--p 00106000 08:01 10490080                   /lib/x86_64-linux-gnu/libm-2.21.so
7f6af2aa2000-7f6af2aa3000 rw-p 00107000 08:01 10490080                   /lib/x86_64-linux-gnu/libm-2.21.so
7f6af2aa3000-7f6af3751000 r-xp 00000000 08:01 4066339                    /usr/lib/jvm/java-8-oracle/jre/lib/amd64/server/libjvm.so
7f6af3751000-7f6af3951000 ---p 00cae000 08:01 4066339                    /usr/lib/jvm/java-8-oracle/jre/lib/amd64/server/libjvm.so
7f6af3951000-7f6af3a28000 rw-p 00cae000 08:01 4066339                    /usr/lib/jvm/java-8-oracle/jre/lib/amd64/server/libjvm.so
7f6af3a28000-7f6af3a6c000 rw-p 00000000 00:00 0 
7f6af3a6c000-7f6af3c2c000 r-xp 00000000 08:01 10490021                   /lib/x86_64-linux-gnu/libc-2.21.so
7f6af3c2c000-7f6af3e2c000 ---p 001c0000 08:01 10490021                   /lib/x86_64-linux-gnu/libc-2.21.so
7f6af3e2c000-7f6af3e30000 r--p 001c0000 08:01 10490021                   /lib/x86_64-linux-gnu/libc-2.21.so
7f6af3e30000-7f6af3e32000 rw-p 001c4000 08:01 10490021                   /lib/x86_64-linux-gnu/libc-2.21.so
7f6af3e32000-7f6af3e36000 rw-p 00000000 00:00 0 
7f6af3e36000-7f6af3e39000 r-xp 00000000 08:01 10490038                   /lib/x86_64-linux-gnu/libdl-2.21.so
7f6af3e39000-7f6af4038000 ---p 00003000 08:01 10490038                   /lib/x86_64-linux-gnu/libdl-2.21.so
7f6af4038000-7f6af4039000 r--p 00002000 08:01 10490038                   /lib/x86_64-linux-gnu/libdl-2.21.so
7f6af4039000-7f6af403a000 rw-p 00003000 08:01 10490038                   /lib/x86_64-linux-gnu/libdl-2.21.so
7f6af403a000-7f6af404f000 r-xp 00000000 08:01 4066333                    /usr/lib/jvm/java-8-oracle/lib/amd64/jli/libjli.so
7f6af404f000-7f6af424f000 ---p 00015000 08:01 4066333                    /usr/lib/jvm/java-8-oracle/lib/amd64/jli/libjli.so
7f6af424f000-7f6af4250000 rw-p 00015000 08:01 4066333                    /usr/lib/jvm/java-8-oracle/lib/amd64/jli/libjli.so
7f6af4250000-7f6af4268000 r-xp 00000000 08:01 10490154                   /lib/x86_64-linux-gnu/libpthread-2.21.so
7f6af4268000-7f6af4468000 ---p 00018000 08:01 10490154                   /lib/x86_64-linux-gnu/libpthread-2.21.so
7f6af4468000-7f6af4469000 r--p 00018000 08:01 10490154                   /lib/x86_64-linux-gnu/libpthread-2.21.so
7f6af4469000-7f6af446a000 rw-p 00019000 08:01 10490154                   /lib/x86_64-linux-gnu/libpthread-2.21.so
7f6af446a000-7f6af446e000 rw-p 00000000 00:00 0 
7f6af446e000-7f6af4492000 r-xp 00000000 08:01 10489993                   /lib/x86_64-linux-gnu/ld-2.21.so
7f6af4492000-7f6af4499000 r--s 0005e000 08:01 6173902                    /home/vdfontoura/.m2/repository/org/apache/commons/commons-lang3/3.3.2/commons-lang3-3.3.2.jar
7f6af4499000-7f6af449a000 r--s 00002000 08:01 7475601                    /home/vdfontoura/.m2/repository/org/apache/maven/doxia/doxia-sink-api/1.0/doxia-sink-api-1.0.jar
7f6af449a000-7f6af44c4000 r--s 001e9000 08:01 7475550                    /home/vdfontoura/.m2/repository/com/google/guava/guava/15.0/guava-15.0.jar
7f6af44c4000-7f6af456e000 rw-p 00000000 00:00 0 
7f6af456e000-7f6af4571000 ---p 00000000 00:00 0 
7f6af4571000-7f6af4673000 rw-p 00000000 00:00 0                          [stack:9643]
7f6af4673000-7f6af4674000 r--s 00002000 08:01 7475598                    /home/vdfontoura/.m2/repository/org/apache/maven/reporting/maven-reporting-api/3.0/maven-reporting-api-3.0.jar
7f6af4674000-7f6af467d000 r--s 00353000 08:01 7475592                    /home/vdfontoura/.m2/repository/org/uma/jmetal/jmetal-problem/5.0/jmetal-problem-5.0.jar
7f6af467d000-7f6af467f000 r--s 00009000 08:01 7475589                    /home/vdfontoura/.m2/repository/org/hamcrest/hamcrest-core/1.3/hamcrest-core-1.3.jar
7f6af467f000-7f6af4685000 r--s 00036000 08:01 7475553                    /home/vdfontoura/.m2/repository/junit/junit/4.11/junit-4.11.jar
7f6af4685000-7f6af468d000 rw-s 00000000 08:01 5116103                    /tmp/hsperfdata_vdfontoura/9637
7f6af468d000-7f6af468e000 rw-p 00000000 00:00 0 
7f6af468e000-7f6af468f000 r--p 00000000 00:00 0 
7f6af468f000-7f6af4691000 rw-p 00000000 00:00 0 
7f6af4691000-7f6af4692000 r--p 00023000 08:01 10489993                   /lib/x86_64-linux-gnu/ld-2.21.so
7f6af4692000-7f6af4693000 rw-p 00024000 08:01 10489993                   /lib/x86_64-linux-gnu/ld-2.21.so
7f6af4693000-7f6af4694000 rw-p 00000000 00:00 0 
7fffd7763000-7fffd7784000 rw-p 00000000 00:00 0                          [stack]
7fffd77f0000-7fffd77f2000 r--p 00000000 00:00 0                          [vvar]
7fffd77f2000-7fffd77f4000 r-xp 00000000 00:00 0                          [vdso]
ffffffffff600000-ffffffffff601000 r-xp 00000000 00:00 0                  [vsyscall]

VM Arguments:
jvm_args: -javaagent:/usr/share/java/jayatanaag.jar -agentlib:jdwp=transport=dt_socket,suspend=y,address=localhost:56845 -Dfile.encoding=UTF-8 
java_command: org.eclipse.jdt.internal.junit.runner.RemoteTestRunner -version 3 -port 38396 -testLoaderClass org.eclipse.jdt.internal.junit4.runner.JUnit4TestLoader -loaderpluginname org.eclipse.jdt.junit4.runtime -test edu.ufpr.jmetal.problem.RealDataInstanceFitnessFunction:test
java_class_path (initial): /home/vdfontoura/ge-clustering/target/test-classes:/home/vdfontoura/ge-clustering/target/classes:/home/vdfontoura/.m2/repository/com/google/guava/guava/15.0/guava-15.0.jar:/home/vdfontoura/.m2/repository/junit/junit/4.11/junit-4.11.jar:/home/vdfontoura/.m2/repository/org/hamcrest/hamcrest-core/1.3/hamcrest-core-1.3.jar:/home/vdfontoura/.m2/repository/org/uma/jmetal/jmetal-problem/5.0/jmetal-problem-5.0.jar:/home/vdfontoura/.m2/repository/org/uma/jmetal/jmetal-core/5.0/jmetal-core-5.0.jar:/home/vdfontoura/.m2/repository/org/apache/maven/reporting/maven-reporting-api/3.0/maven-reporting-api-3.0.jar:/home/vdfontoura/.m2/repository/org/apache/maven/doxia/doxia-sink-api/1.0/doxia-sink-api-1.0.jar:/home/vdfontoura/.m2/repository/org/apache/commons/commons-lang3/3.3.2/commons-lang3-3.3.2.jar:/home/vdfontoura/.m2/repository/org/apache/commons/commons-math3/3.3/commons-math3-3.3.jar:/home/vdfontoura/.m2/repository/org/hamcrest/hamcrest-all/1.3/hamcrest-all-1.3.jar:/home/vdfontoura/.m2/repository/org/uma/jmetal/jmetal-exec/5.0/jmetal-exec-5.0.jar:/home/vdfontoura/.m2/repository/org/uma/jmetal/jmetal-algorithm/5.0/jmetal-algorithm-5.0.jar:/home/vdfontoura/tools/eclipse/configuration/org.eclipse.osgi/207/0/.cp/:/home/vdfontoura/tools/eclipse/configuration/org.eclipse.osgi/206/0/.cp/:/usr/share/java/jayatanaag.jar
Launcher Type: SUN_STANDARD

Environment Variables:
JAVA_TOOL_OPTIONS=-javaagent:/usr/share/java/jayatanaag.jar 
PATH=/usr/local/sbin:/usr/local/bin:/usr/sbin:/usr/bin:/sbin:/bin:/usr/games:/usr/local/games
SHELL=/bin/bash
DISPLAY=:0.0

Signal Handlers:
SIGSEGV: [libjvm.so+0xaad540], sa_mask[0]=11111111011111111101111111111110, sa_flags=SA_RESTART|SA_SIGINFO
SIGBUS: [libjvm.so+0xaad540], sa_mask[0]=11111111011111111101111111111110, sa_flags=SA_RESTART|SA_SIGINFO
SIGFPE: [libjvm.so+0x90b6b0], sa_mask[0]=11111111011111111101111111111110, sa_flags=SA_RESTART|SA_SIGINFO
SIGPIPE: [libjvm.so+0x90b6b0], sa_mask[0]=11111111011111111101111111111110, sa_flags=SA_RESTART|SA_SIGINFO
SIGXFSZ: [libjvm.so+0x90b6b0], sa_mask[0]=11111111011111111101111111111110, sa_flags=SA_RESTART|SA_SIGINFO
SIGILL: [libjvm.so+0x90b6b0], sa_mask[0]=11111111011111111101111111111110, sa_flags=SA_RESTART|SA_SIGINFO
SIGUSR1: SIG_DFL, sa_mask[0]=00000000000000000000000000000000, sa_flags=none
SIGUSR2: [libjvm.so+0x90ccf0], sa_mask[0]=00100000000000000000000000000000, sa_flags=SA_RESTART|SA_SIGINFO
SIGHUP: [libjvm.so+0x90e040], sa_mask[0]=11111111011111111101111111111110, sa_flags=SA_RESTART|SA_SIGINFO
SIGINT: [libjvm.so+0x90e040], sa_mask[0]=11111111011111111101111111111110, sa_flags=SA_RESTART|SA_SIGINFO
SIGTERM: [libjvm.so+0x90e040], sa_mask[0]=11111111011111111101111111111110, sa_flags=SA_RESTART|SA_SIGINFO
SIGQUIT: [libjvm.so+0x90e040], sa_mask[0]=11111111011111111101111111111110, sa_flags=SA_RESTART|SA_SIGINFO


---------------  S Y S T E M  ---------------

OS:DISTRIB_ID=Ubuntu
DISTRIB_RELEASE=15.04
DISTRIB_CODENAME=vivid
DISTRIB_DESCRIPTION="Ubuntu 15.04"

uname:Linux 3.19.0-25-generic #26-Ubuntu SMP Fri Jul 24 21:17:31 UTC 2015 x86_64
libc:glibc 2.21 NPTL 2.21 
rlimit: STACK 8192k, CORE 0k, NPROC 63795, NOFILE 65536, AS infinity
load average:0,05 0,11 0,10

/proc/meminfo:
MemTotal:       16354788 kB
MemFree:        11507588 kB
MemAvailable:   13076868 kB
Buffers:          678596 kB
Cached:           768088 kB
SwapCached:            0 kB
Active:          3622444 kB
Inactive:         573080 kB
Active(anon):    2749936 kB
Inactive(anon):    65036 kB
Active(file):     872508 kB
Inactive(file):   508044 kB
Unevictable:          32 kB
Mlocked:              32 kB
SwapTotal:             0 kB
SwapFree:              0 kB
Dirty:               368 kB
Writeback:             0 kB
AnonPages:       2748892 kB
Mapped:           379692 kB
Shmem:             66140 kB
Slab:             488828 kB
SReclaimable:     442132 kB
SUnreclaim:        46696 kB
KernelStack:       10480 kB
PageTables:        36156 kB
NFS_Unstable:          0 kB
Bounce:                0 kB
WritebackTmp:          0 kB
CommitLimit:     8177392 kB
Committed_AS:    6980624 kB
VmallocTotal:   34359738367 kB
VmallocUsed:      135224 kB
VmallocChunk:   34359599552 kB
HardwareCorrupted:     0 kB
AnonHugePages:   1509376 kB
CmaTotal:              0 kB
CmaFree:               0 kB
HugePages_Total:       0
HugePages_Free:        0
HugePages_Rsvd:        0
HugePages_Surp:        0
Hugepagesize:       2048 kB
DirectMap4k:      211692 kB
DirectMap2M:    10196992 kB
DirectMap1G:     6291456 kB


CPU:total 8 (4 cores per cpu, 2 threads per core) family 6 model 45 stepping 7, cmov, cx8, fxsr, mmx, sse, sse2, sse3, ssse3, sse4.1, sse4.2, popcnt, avx, aes, clmul, ht, tsc, tscinvbit, tscinv

/proc/cpuinfo:
processor	: 0
vendor_id	: GenuineIntel
cpu family	: 6
model		: 45
model name	: Intel(R) Core(TM) i7-3820 CPU @ 3.60GHz
stepping	: 7
microcode	: 0x70b
cpu MHz		: 3699.984
cache size	: 10240 KB
physical id	: 0
siblings	: 8
core id		: 0
cpu cores	: 4
apicid		: 0
initial apicid	: 0
fpu		: yes
fpu_exception	: yes
cpuid level	: 13
wp		: yes
flags		: fpu vme de pse tsc msr pae mce cx8 apic sep mtrr pge mca cmov pat pse36 clflush dts acpi mmx fxsr sse sse2 ss ht tm pbe syscall nx pdpe1gb rdtscp lm constant_tsc arch_perfmon pebs bts rep_good nopl xtopology nonstop_tsc aperfmperf eagerfpu pni pclmulqdq dtes64 monitor ds_cpl vmx est tm2 ssse3 cx16 xtpr pdcm pcid dca sse4_1 sse4_2 x2apic popcnt tsc_deadline_timer aes xsave avx lahf_lm ida arat epb pln pts dtherm tpr_shadow vnmi flexpriority ept vpid xsaveopt
bugs		:
bogomips	: 7199.66
clflush size	: 64
cache_alignment	: 64
address sizes	: 46 bits physical, 48 bits virtual
power management:

processor	: 1
vendor_id	: GenuineIntel
cpu family	: 6
model		: 45
model name	: Intel(R) Core(TM) i7-3820 CPU @ 3.60GHz
stepping	: 7
microcode	: 0x70b
cpu MHz		: 3699.984
cache size	: 10240 KB
physical id	: 0
siblings	: 8
core id		: 0
cpu cores	: 4
apicid		: 1
initial apicid	: 1
fpu		: yes
fpu_exception	: yes
cpuid level	: 13
wp		: yes
flags		: fpu vme de pse tsc msr pae mce cx8 apic sep mtrr pge mca cmov pat pse36 clflush dts acpi mmx fxsr sse sse2 ss ht tm pbe syscall nx pdpe1gb rdtscp lm constant_tsc arch_perfmon pebs bts rep_good nopl xtopology nonstop_tsc aperfmperf eagerfpu pni pclmulqdq dtes64 monitor ds_cpl vmx est tm2 ssse3 cx16 xtpr pdcm pcid dca sse4_1 sse4_2 x2apic popcnt tsc_deadline_timer aes xsave avx lahf_lm ida arat epb pln pts dtherm tpr_shadow vnmi flexpriority ept vpid xsaveopt
bugs		:
bogomips	: 7199.66
clflush size	: 64
cache_alignment	: 64
address sizes	: 46 bits physical, 48 bits virtual
power management:

processor	: 2
vendor_id	: GenuineIntel
cpu family	: 6
model		: 45
model name	: Intel(R) Core(TM) i7-3820 CPU @ 3.60GHz
stepping	: 7
microcode	: 0x70b
cpu MHz		: 3699.984
cache size	: 10240 KB
physical id	: 0
siblings	: 8
core id		: 1
cpu cores	: 4
apicid		: 2
initial apicid	: 2
fpu		: yes
fpu_exception	: yes
cpuid level	: 13
wp		: yes
flags		: fpu vme de pse tsc msr pae mce cx8 apic sep mtrr pge mca cmov pat pse36 clflush dts acpi mmx fxsr sse sse2 ss ht tm pbe syscall nx pdpe1gb rdtscp lm constant_tsc arch_perfmon pebs bts rep_good nopl xtopology nonstop_tsc aperfmperf eagerfpu pni pclmulqdq dtes64 monitor ds_cpl vmx est tm2 ssse3 cx16 xtpr pdcm pcid dca sse4_1 sse4_2 x2apic popcnt tsc_deadline_timer aes xsave avx lahf_lm ida arat epb pln pts dtherm tpr_shadow vnmi flexpriority ept vpid xsaveopt
bugs		:
bogomips	: 7199.66
clflush size	: 64
cache_alignment	: 64
address sizes	: 46 bits physical, 48 bits virtual
power management:

processor	: 3
vendor_id	: GenuineIntel
cpu family	: 6
model		: 45
model name	: Intel(R) Core(TM) i7-3820 CPU @ 3.60GHz
stepping	: 7
microcode	: 0x70b
cpu MHz		: 3699.984
cache size	: 10240 KB
physical id	: 0
siblings	: 8
core id		: 1
cpu cores	: 4
apicid		: 3
initial apicid	: 3
fpu		: yes
fpu_exception	: yes
cpuid level	: 13
wp		: yes
flags		: fpu vme de pse tsc msr pae mce cx8 apic sep mtrr pge mca cmov pat pse36 clflush dts acpi mmx fxsr sse sse2 ss ht tm pbe syscall nx pdpe1gb rdtscp lm constant_tsc arch_perfmon pebs bts rep_good nopl xtopology nonstop_tsc aperfmperf eagerfpu pni pclmulqdq dtes64 monitor ds_cpl vmx est tm2 ssse3 cx16 xtpr pdcm pcid dca sse4_1 sse4_2 x2apic popcnt tsc_deadline_timer aes xsave avx lahf_lm ida arat epb pln pts dtherm tpr_shadow vnmi flexpriority ept vpid xsaveopt
bugs		:
bogomips	: 7199.66
clflush size	: 64
cache_alignment	: 64
address sizes	: 46 bits physical, 48 bits virtual
power management:

processor	: 4
vendor_id	: GenuineIntel
cpu family	: 6
model		: 45
model name	: Intel(R) Core(TM) i7-3820 CPU @ 3.60GHz
stepping	: 7
microcode	: 0x70b
cpu MHz		: 3699.984
cache size	: 10240 KB
physical id	: 0
siblings	: 8
core id		: 2
cpu cores	: 4
apicid		: 4
initial apicid	: 4
fpu		: yes
fpu_exception	: yes
cpuid level	: 13
wp		: yes
flags		: fpu vme de pse tsc msr pae mce cx8 apic sep mtrr pge mca cmov pat pse36 clflush dts acpi mmx fxsr sse sse2 ss ht tm pbe syscall nx pdpe1gb rdtscp lm constant_tsc arch_perfmon pebs bts rep_good nopl xtopology nonstop_tsc aperfmperf eagerfpu pni pclmulqdq dtes64 monitor ds_cpl vmx est tm2 ssse3 cx16 xtpr pdcm pcid dca sse4_1 sse4_2 x2apic popcnt tsc_deadline_timer aes xsave avx lahf_lm ida arat epb pln pts dtherm tpr_shadow vnmi flexpriority ept vpid xsaveopt
bugs		:
bogomips	: 7199.66
clflush size	: 64
cache_alignment	: 64
address sizes	: 46 bits physical, 48 bits virtual
power management:

processor	: 5
vendor_id	: GenuineIntel
cpu family	: 6
model		: 45
model name	: Intel(R) Core(TM) i7-3820 CPU @ 3.60GHz
stepping	: 7
microcode	: 0x70b
cpu MHz		: 3699.984
cache size	: 10240 KB
physical id	: 0
siblings	: 8
core id		: 2
cpu cores	: 4
apicid		: 5
initial apicid	: 5
fpu		: yes
fpu_exception	: yes
cpuid level	: 13
wp		: yes
flags		: fpu vme de pse tsc msr pae mce cx8 apic sep mtrr pge mca cmov pat pse36 clflush dts acpi mmx fxsr sse sse2 ss ht tm pbe syscall nx pdpe1gb rdtscp lm constant_tsc arch_perfmon pebs bts rep_good nopl xtopology nonstop_tsc aperfmperf eagerfpu pni pclmulqdq dtes64 monitor ds_cpl vmx est tm2 ssse3 cx16 xtpr pdcm pcid dca sse4_1 sse4_2 x2apic popcnt tsc_deadline_timer aes xsave avx lahf_lm ida arat epb pln pts dtherm tpr_shadow vnmi flexpriority ept vpid xsaveopt
bugs		:
bogomips	: 7199.66
clflush size	: 64
cache_alignment	: 64
address sizes	: 46 bits physical, 48 bits virtual
power management:

processor	: 6
vendor_id	: GenuineIntel
cpu family	: 6
model		: 45
model name	: Intel(R) Core(TM) i7-3820 CPU @ 3.60GHz
stepping	: 7
microcode	: 0x70b
cpu MHz		: 3699.984
cache size	: 10240 KB
physical id	: 0
siblings	: 8
core id		: 3
cpu cores	: 4
apicid		: 6
initial apicid	: 6
fpu		: yes
fpu_exception	: yes
cpuid level	: 13
wp		: yes
flags		: fpu vme de pse tsc msr pae mce cx8 apic sep mtrr pge mca cmov pat pse36 clflush dts acpi mmx fxsr sse sse2 ss ht tm pbe syscall nx pdpe1gb rdtscp lm constant_tsc arch_perfmon pebs bts rep_good nopl xtopology nonstop_tsc aperfmperf eagerfpu pni pclmulqdq dtes64 monitor ds_cpl vmx est tm2 ssse3 cx16 xtpr pdcm pcid dca sse4_1 sse4_2 x2apic popcnt tsc_deadline_timer aes xsave avx lahf_lm ida arat epb pln pts dtherm tpr_shadow vnmi flexpriority ept vpid xsaveopt
bugs		:
bogomips	: 7199.66
clflush size	: 64
cache_alignment	: 64
address sizes	: 46 bits physical, 48 bits virtual
power management:

processor	: 7
vendor_id	: GenuineIntel
cpu family	: 6
model		: 45
model name	: Intel(R) Core(TM) i7-3820 CPU @ 3.60GHz
stepping	: 7
microcode	: 0x70b
cpu MHz		: 3699.843
cache size	: 10240 KB
physical id	: 0
siblings	: 8
core id		: 3
cpu cores	: 4
apicid		: 7
initial apicid	: 7
fpu		: yes
fpu_exception	: yes
cpuid level	: 13
wp		: yes
flags		: fpu vme de pse tsc msr pae mce cx8 apic sep mtrr pge mca cmov pat pse36 clflush dts acpi mmx fxsr sse sse2 ss ht tm pbe syscall nx pdpe1gb rdtscp lm constant_tsc arch_perfmon pebs bts rep_good nopl xtopology nonstop_tsc aperfmperf eagerfpu pni pclmulqdq dtes64 monitor ds_cpl vmx est tm2 ssse3 cx16 xtpr pdcm pcid dca sse4_1 sse4_2 x2apic popcnt tsc_deadline_timer aes xsave avx lahf_lm ida arat epb pln pts dtherm tpr_shadow vnmi flexpriority ept vpid xsaveopt
bugs		:
bogomips	: 7199.66
clflush size	: 64
cache_alignment	: 64
address sizes	: 46 bits physical, 48 bits virtual
power management:



Memory: 4k page, physical 16354788k(11507588k free), swap 0k(0k free)

vm_info: Java HotSpot(TM) 64-Bit Server VM (25.51-b03) for linux-amd64 JRE (1.8.0_51-b16), built on Jun  8 2015 19:28:07 by "java_re" with gcc 4.3.0 20080428 (Red Hat 4.3.0-8)

time: Wed Sep  9 15:29:09 2015
elapsed time: 318 seconds (0d 0h 5m 18s)

