Generation: 0; 0.011138393704533543; k: 3.2; 97,249,36,10,158,24,27,114,144,197
Best fitness found so far: 0.011138393704533543; k: 3.2
Generation: 1; 0.13982340429783954; k: 7.4; 141,49,165,235,71
Best fitness found so far: 0.13982340429783954; k: 7.4
Generation: 2; 0.19159816467959837; k: 3.0; 141,49,174,35,185,55,217,69,6,246
Best fitness found so far: 0.19159816467959837; k: 3.0
Generation: 3; 0.22647438911128778; k: 3.0; 71,214,130,171,123,134,67,155,216,101,117,209,28,186,69,80,46,186,69
Best fitness found so far: 0.22647438911128778; k: 3.0
Generation: 4; 0.19159816467959837; k: 3.0; 42,241,84,152,193,25,237,184,162,1
Best fitness found so far: 0.22647438911128778; k: 3.0
Generation: 5; 0.22647438911128778; k: 3.0; 71,116,130,171,123,134,67,155,216,101,117,209,28,20,229,75,117,54,11
Best fitness found so far: 0.22647438911128778; k: 3.0
Generation: 6; 0.3284301610946503; k: 2.0; 17,19,137,71,35,217,171,123,137,68,155,216,101,23,209,125,186,135,80,46,121,184,119,21,197
Best fitness found so far: 0.3284301610946503; k: 2.0
Generation: 7; 0.313341979846598; k: 2.0; 185,48,106,84,149,129,119,21,115,87,213,138,249,119,21,115,87,213,138
Best fitness found so far: 0.3284301610946503; k: 2.0
Generation: 8; 0.3241401915195323; k: 2.0; 17,17,19,137,71,129,185,186,123,243,67,155,216,34,81,209,28,186,106,84,149,129,119,21,115,87,231
Best fitness found so far: 0.3284301610946503; k: 2.0
Generation: 9; 0.32720682343605423; k: 2.0; 145,49,174,35,185,235,15,36,35,184,21,115
Best fitness found so far: 0.3284301610946503; k: 2.0
Generation: 10; 0.3431404203160259; k: 2.0; 17,147,137,71,35,217,171,123,137,68,155,216,2,130,171,20,134,67,9,216,101,117,64,28,20,89,193,117,54,11,216,101,130,171,20,134,67,9,216,101,117,215,28,20,229,130,117,54,11
Best fitness found so far: 0.3431404203160259; k: 2.0
Generation: 11; 0.3965871610961521; k: 2.0; 185,48,106,84,17,19,137,71,35,127,27,123,21,115,87,213,138
Best fitness found so far: 0.3965871610961521; k: 2.0
Generation: 12; 0.34225538153333124; k: 2.0; 17,19,19,71,35,217,171,123,137,100,155,216,249,98,19,138,156,15,25,15,36,35,184,21,115
Best fitness found so far: 0.3965871610961521; k: 2.0
Generation: 13; 0.3577018768793938; k: 2.0; 42,123,84,99,193,5,11,216,101,33,171,20,134,139,26,155,101,55,71,35,217,171,123,195,165,99
Best fitness found so far: 0.3965871610961521; k: 2.0
Generation: 14; 0.3569625164122471; k: 2.0; 23,17,42,137,221,188,217,201,187,137,68,110,159,101,23,31,125,186,149,80,191,214,71,129,185,186,123,243,67,155,216,34,81,209,28,157,55,115,49,191,137,71,154,185,186,123,30,140,155,216,34,51,189,14,166,155,137,78,244,85
Best fitness found so far: 0.3965871610961521; k: 2.0
Generation: 15; 0.3569625164122471; k: 2.0; 167,17,42,137,71,188,217,201,123,137,34,110,159,101,23,31,125,186,135,80,37,121,222,69,124,177,60,69
Best fitness found so far: 0.3965871610961521; k: 2.0
Generation: 16; 0.3604197175592615; k: 2.0; 23,17,155,137,221,188,217,201,167,137,68,110,159,101,23,31,125,186,149,13,191,214,71,129,185,186,123,243,67,155,216,34,81,209,28,157,55,115,49,191,137,71,154,185,186,160,30,140,155,216,34,51,189,14,166,207,137,78,244,85
Best fitness found so far: 0.3965871610961521; k: 2.0
Generation: 17; 0.3965871610961521; k: 2.0; 185,48,106,84,17,19,137,71,35,127,27,123,21,115,87,213,138
Best fitness found so far: 0.3965871610961521; k: 2.0
Generation: 18; 0.3577018768793938; k: 2.0; 42,123,84,99,193,5,11,216,101,33,171,20,134,139,222,136,75,36,71,35,119,14,87,213,138
Best fitness found so far: 0.3965871610961521; k: 2.0
Generation: 19; 0.3729533611877363; k: 2.0; 132,123,84,99,193,5,87,216,101,87,171,20,134,139,222,28,186,121,142,184,119,21,62
Best fitness found so far: 0.3965871610961521; k: 2.0
Generation: 20; 0.3729533611877363; k: 2.0; 132,123,84,99,193,5,87,216,101,87,171,20,134,139,222,17,147,137,71,35,217,171,123,137,68,155,216,2,130,171,49,134,191,9,216,178,67,32,145,222,101,7,209,79,20,229,73,117,54,11,90,216,41,67,205,155,222,101,7,209,79,20,229,73
Best fitness found so far: 0.3965871610961521; k: 2.0
Generation: 21; 0.3729533611877363; k: 2.0; 164,123,84,99,193,35,87,216,101,87,171,20,134,139,222,125,119,149,80,191,214,217,128,9,135,55,247,32
Best fitness found so far: 0.3965871610961521; k: 2.0
Generation: 22; 0.3729533611877363; k: 2.0; 164,123,84,99,193,35,87,216,101,87,171,20,134,139,183,125,119,149,80,191,214,217,128,9,135,55,128,32
Best fitness found so far: 0.3965871610961521; k: 2.0
Generation: 23; 0.3604197175592615; k: 2.0; 73,17,155,137,221,188,217,201,233,137,68,110,55,220,20
Best fitness found so far: 0.3965871610961521; k: 2.0
Generation: 24; 0.3965871610961521; k: 2.0; 185,48,106,84,17,19,137,71,35,127,27,123,21,115,87,213,22
Best fitness found so far: 0.3965871610961521; k: 2.0
Generation: 25; 0.3965871610961521; k: 2.0; 185,48,106,84,17,19,137,71,35,127,27,123,21,115,87,213,244,35,217,171,131,137,199,197,216,101,68,93,216,101,23,209,125,186,135,80,46,121,175,9,135,80
Best fitness found so far: 0.3965871610961521; k: 2.0
Generation: 26; 0.3965871610961521; k: 2.0; 185,48,106,84,17,19,137,71,35,127,27,123,21,115,87,213,244,35,217,116,131,137,199,197,216,101,68,93,5,101,23,209,222,186,135,80,193,121,175,91,137,71,133,127,249,123,21,115,87,213,22
Best fitness found so far: 0.3965871610961521; k: 2.0
Generation: 27; 0.3965871610961521; k: 2.0; 185,48,106,84,17,19,137,71,221,127,27,123,21,115,17,213,138
Best fitness found so far: 0.3965871610961521; k: 2.0
Generation: 28; 0.3729533611877363; k: 2.0; 83,47,84,99,193,5,87,216,101,172,171,20,134,139,23,17,155,137,221,188,119,201,167,137,246,61,159,20,91,87,125,158,39,13,191,13,127,129,185,186,123,88,67,155,216,134,71,202,185,186,123,228,155,113,15,245,129,1,21,115,34,73,138,34,130,171,101,87,171,20,148,139,222,17,43,137,71,35,217,171,123,137,68,155,216,2,176,171,49,149,188,78,170,167,137,68,110,159,232,57,31,83,49,196,243,58,155,160,233,206,209,28,57,205,115,172,53,223,71,154,185,111,41,46,21,49,34,201,221,101,130,142,123,223
Best fitness found so far: 0.3965871610961521; k: 2.0
Generation: 29; 0.3729533611877363; k: 2.0; 144,97,84,228,193,35,87,216,101,87,19,20,134,139,183,172,93,158,93,191,151,217,157,55,21,49,34,167,137,246,110,159,20,23,87,125,158,39,13,99,40,32,129,185,186,123,88,67,155,84,9,161,250,78,161
Best fitness found so far: 0.3965871610961521; k: 2.0
Generation: 30; 0.3965871610961521; k: 2.0; 185,48,106,84,17,19,137,71,141,127,27,123,21,115,87,213,244,35,217,214,71,129,185,240,123,243,213,138,155,137,221,188,127,201,167,137,68,110,159,101,23,87,125,186
Best fitness found so far: 0.3965871610961521; k: 2.0
Generation: 31; 0.3965871610961521; k: 2.0; 101,48,106,84,17,19,137,71,35,127,89,123,21,115,87,213,128,35,217,116,131,137,50,197,216,227,139,100,17,147,243,71,115,180,240,123,158,68,155,216,142,189,171,49,149,34,119,170,167,137,68,110,159,232,232,31,125,196,34,172,58,110,121,18,113,92,69,133,4,137,206,182,123,93,171,29,137,95,243,67,155,157,34,40,115,28,157,96,40,121,186,99,40,127,129,185,223
Best fitness found so far: 0.3965871610961521; k: 2.0
Generation: 32; 0.3965871610961521; k: 2.0; 185,48,106,84,17,19,137,71,35,127,221,173,21,115,215,213,244,35,217,116,131,79,199,197,216,101,68,93,5,101,23,209,222,186,135,80,193,87,171,20,134,139,83,125,119,149,80,191,214,217,128,9,135,55,247,32
Best fitness found so far: 0.3965871610961521; k: 2.0
Generation: 33; 0.3965871610961521; k: 2.0; 185,48,106,186,17,19,137,71,35,127,221,123,21,115,87,213,244,240,202,243,18,138,155,137,221,188,217,201,167,137,68,110,69,101,74,87,153,46,205,37,121,222,247,124,177,60,69
Best fitness found so far: 0.3965871610961521; k: 2.0
Generation: 34; 0.3965871610961521; k: 2.0; 108,48,106,84,17,19,137,71,35,127,221,173,21,115,215,213,244,35,217,226,131,79,199,197,216,101,68,93,5,101,23,209,222,186,135,80,193,87,171,23,155,216,2,130,171,49,103,188,229,170,239,73,104,71,35,127,27,123,1,115,87,213,244,35,217,116,131,137,199,197,216,101,68,93,5,101,23,209,222,186,135,80,193,121,175,91,137,71,133,127,249,123,21,115,87,213,22
Best fitness found so far: 0.3965871610961521; k: 2.0
Generation: 35; 0.3965871610961521; k: 2.0; 185,48,106,84,33,19,137,71,35,127,27,123,21,115,87,213,244,35,217,171,131,137,199,220,166,98,220,123,88,67,155,130,134,71,167,103,186,123,228,155,113,15,245,173,1,21,211,34,73,138,34,130,171,101,87,171,20,148,139,222,17,120,137,71,35,35,171,93,201,148,137,68,110,159,101,142,31,125,240,233,236,191,214,71,180,185,186,123,205,155,249,192,245,154,197,21,115,34,233,138,9,60,171,117,81
Best fitness found so far: 0.3965871610961521; k: 2.0
Generation: 36; 0.3965871610961521; k: 2.0; 108,106,106,84,17,19,137,71,35,127,219,173,21,115,215,213,244,35,207,137,78,244,85
Best fitness found so far: 0.3965871610961521; k: 2.0
Generation: 37; 0.3965871610961521; k: 2.0; 121,52,106,84,17,19,137,71,35,127,89,123,21,115,87,213,128,35,217,116,131,137,174,40,216,227,139,6,9,147,243,71,92,131,137,4,20,206,171,123,92,171,29,137,95,243,67,155,48,34,202,115,28,157,53,115,121,186,150,9,114,123,36,160,155,216,2,102,171,49,149,221,78,170,167,225,217,155,86,135,216,169,39,13,191,13,127,129,185,186,123,88,67,155,216,134,71,202,73,186,123,228,155,8,15,245,129,1,21,115,175,73,138,237,130,171,123,223
Best fitness found so far: 0.3965871610961521; k: 2.0
Generation: 38; 0.3965871610961521; k: 2.0; 192,48,106,231,209,19,207,71,35,127,221,93,21,115,87,213,226,35,235,116,131,79,199,197,216,97,134,14,123,35,187,216,101,171,19,20,77,203,215,71,35,127,221,173,21,102,215,213,244,35,217,226,131,79,199,197,216,101,68,116,5,101,23,209,222,186,85,80,100,56,171,23,155,216,54,130,171,49,130,171,49,103,188,177,170,239,73,104,71,35,127,27,123,1,115,87,213,244,35,63,116,131,137,199,195,216,101,68,93,5,101,23,40,222,186,230,80,193,121,175,181,137,71,133,127,249,123,21,115,87,213,22
Best fitness found so far: 0.3965871610961521; k: 2.0
Generation: 39; 0.3965871610961521; k: 2.0; 185,48,106,18,17,19,137,71,35,127,27,123,21,115,87,213,244,35,217,127,221,197,21,115,87,213,16,35,31,136,247,96,236,191,214,195,80,185,186,123,85
Best fitness found so far: 0.3965871610961521; k: 2.0
Generation: 40; 0.3965871610961521; k: 2.0; 108,48,106,84,17,54,81,71,35,127,221,173,21,115,215,213,244,35,166,98,220,123,88,67,155,130,1,71,167,79,186,123,228,155,113,15,245,136,23,181,8,34,73,138,34,130,171,101,87,171,20,211,139,222,49,120,137,71,97,84,144,210,201,148,137,68,110,73,101,226,31,125,240,233,236,191,214,71,12,185,132,123,205,155,249,192,54,80,37,121,81,127,27,123,84,115,87,213,30,140,34,110,159,99,23,31,217,201,109,137,68,9,13,101,23,31,217,166,79,13,191,214,71,129,138
Best fitness found so far: 0.3965871610961521; k: 2.0
Generation: 41; 0.3965871610961521; k: 2.0; 192,48,106,84,209,19,137,71,35,127,221,93,21,115,195,213,244,35,74,116,131,79,199,197,76,97,135,99,123,35,187,216,101,171,19,20,77,174,99,71,35,127,221,173,92,69,137,131,250,206,171,123,92,171,29,122,95,243,67,155,157,149,40,115,136,96,17,155,44,221,188,119,167,167,183,237,30,140,31,108,232,90,88,21,207
Best fitness found so far: 0.3965871610961521; k: 2.0
Generation: 42; 0.3965871610961521; k: 2.0; 185,48,106,84,17,19,137,71,141,127,55,123,21,115,87,213,14,35,35,217,116,131,137,199,197,35,227,46,123,191,173,2,71,119,94,158,123,158,87,155,128,148,189,141,34,194,188,119,34,167,89,68,110,159,71,35,206,221,94,139,14,215,213,182,35,217,64,209,233,199,197,27,151,21,115,157,213,244,140,217,171,131,36,199,83,148,98,245,123,88,245,31,130,1,71,167,103,186,176,250,155,113,15,135,197,196,31,172,58,144,121,32,186,92,69,137,131,185,131,36,199,220,166,98,220,123,88,67,155,130,1,71,167,103,1,123,228,155,113,15,96,197,1,21,8,34,73,138,10,130,171,101,87,171,20,148,139,222,17,120,137,71,35,35,144,93,201,148,137,68,110,159,101,142,31,125,240,233,46,191,214,71,12,185,132,123,205,155,249,192,54,80,37,121,170,69,173,177,231,80
Best fitness found so far: 0.3965871610961521; k: 2.0
Generation: 43; 0.3965871610961521; k: 2.0; 70,48,106,84,17,19,137,71,35,127,27,123,21,115,247,213,244,35,32,116,131,137,210,197,216,227,169,123,88,173,243,71,89,2,240,123,158,68,155,169,142,189,171,34,149,188,119,34,167,137,68,48,192,84,9,19,137,83,35,127,221,173,21,97,55,213,244,35,217,19,131,87,216,101,87,171,20,134,168,183,125,93,224,205,191,214,217,23,87,125,150
Best fitness found so far: 0.3965871610961521; k: 2.0
Generation: 44; 0.3965871610961521; k: 2.0; 185,48,106,84,107,19,137,71,141,127,27,123,21,115,87,213,244,35,217,214,71,47,185,233,149,243,213,138,155,137,221,188,127,201,247,238,68,110,159,101,23,71,35,127,161,123,21,22,87,111,244,35,217,171,131,91,199,220,166,98,220,123,88,67,155,223,134,71,167,103,186,171,228,74,30,15,245,173,1,21,211,34,73,138,172,130,171,101,185,171,20,118,139,222,17,120,137,71,35,35,171,93,201,148,137,68,110,159,101,130,31,125,173,248,115,26,213,244,35,217,19,241,87,216,77,87,171,20,134,168,183,125,93,224,205,191,214,217,36,234,125,186
Best fitness found so far: 0.3965871610961521; k: 2.0
Generation: 45; 0.3965871610961521; k: 2.0; 185,48,106,84,105,19,137,71,35,127,221,123,21,115,87,213,244,35,31,136,247,129,49,149,188,110,25,167,137,68,110,159,232,232,31,125,237,34,172,58,144,121,18,186,92,116,137,4,250,71,35,127,27,123,21,26,87,213,244,35,217,87,125,66,39,13,99,40,127,129,185,223
Best fitness found so far: 0.3965871610961521; k: 2.0
Generation: 46; 0.3965871610961521; k: 2.0; 101,48,106,84,17,19,137,71,161,127,89,123,21,115,87,213,62,35,217,87,171,90,134,139,239,17,147,192,71,17,213,244,35,207,137,78,244,85
Best fitness found so far: 0.3965871610961521; k: 2.0
Generation: 47; 0.3965871610961521; k: 2.0; 192,48,106,84,209,19,11,71,129,127,221,93,21,115,87,213,244,35,74,116,131,79,199,40,102,103,188,229,170,166,73,68,160,4,95,113,113,125,155,157,35,40,115,28,157,96,40,121,186,99,40,127,129,187,223,71,35,30,221,173,21,115,215,213,244,35,217,226,131,79,199,82,176,101,130,93,5,101,23,209,222,164,135,31,193,87,1,23,155,216,2,130,171,49,82,200,229,170,239,73,68,160,35,95,113,113,125,156,157,35,40,115,28,72,96,40,121,186,99,40,127,129,185
Best fitness found so far: 0.3965871610961521; k: 2.0
Generation: 48; 0.3965871610961521; k: 2.0; 108,48,106,84,49,19,137,71,35,127,221,173,21,115,215,213,154,35,217,226,203,79,199,197,126,101,68,93,26,101,23,182,222,186,215,115,193,87,171,23,18,158,39,247,99,3,32,129,30,133,123,88,67,155,161,20,134,67,247,76,36,201,167,108,68,110,235,101,23,174,125,166,149,13,191,214,71,129,97,140,9,198,156,130,117,8,11,216,14,124,237,20,134,67,9,216,102,209,49,186,35,157,21,97,69,246,110,189,206,196,123,113,100,125,216,20,240,123,148,213,138,155,137,225,188,99,99,167,137,68,43,159,101,23,87,137,244
Best fitness found so far: 0.3965871610961521; k: 2.0
Generation: 49; 0.3965871610961521; k: 2.0; 101,48,106,84,17,19,137,171,35,127,89,123,21,115,169,213,128,35,217,116,131,137,50,197,216,227,139,100,17,147,243,71,115,180,240,123,158,68,155,24,142,189,171,49,149,173,119,170,167,137,68,110,186,232,232,31,125,196,34,172,58,110,121,18,113,92,69,133,4,137,206,182,104,233,100,29,137,95,22,67,155,157,34,40,115,28,157,96,161,121,186,99,40,127,129,185,223,89,123,21,115,169,213,128,35,217,116,131,137,50,197,216,227,139,100,17,147,243,71,115,180,240,123,158,68,155,24,142,189,171,49,149,173,119,170,167
Best fitness found so far: 0.3965871610961521; k: 2.0
Generation: 50; 0.3965871610961521; k: 2.0; 185,48,106,84,17,19,137,71,141,127,55,123,21,115,87,213,120,35,233,217,116,131,137,199,197,35,227,139,123,84,173,2,27,68,217,240,123,158,68,155,128,129,189,83,92,149,5,101,23,40,222,186,230,80,193,121,175,181,137,71,133,127,249,123,21,115,87,213,22
Best fitness found so far: 0.3965871610961521; k: 2.0
Generation: 51; 0.3965871610961521; k: 2.0; 194,48,106,84,17,239,137,71,35,127,27,123,21,115,87,213,30,140,34,110,159,62,86,31,217,201,61,137,140,9,159,101,23,7,136,166,149,13,228,214,71,129,97,186,27,123,21,115,171,135,134,67,9,156,210,62,83,220,20
Best fitness found so far: 0.3965871610961521; k: 2.0
Generation: 52; 0.3965871610961521; k: 2.0; 185,48,106,84,17,19,137,71,141,127,55,123,21,115,87,213,120,35,35,217,116,131,137,199,197,35,227,139,123,35,31,136,232,96,236,191,214,195,80,185,17,123,85
Best fitness found so far: 0.3965871610961521; k: 2.0
Generation: 53; 0.3965871610961521; k: 2.0; 185,52,106,84,17,19,137,71,9,127,55,123,21,115,87,213,120,35,35,217,116,131,35,217,87,171,90,134,139,131,17,147,192,71,83,245,199,123,156,68,53,216,100,130,247,49,134,191,9,216,178,55,185,186,228,193,54,246,216,101,87,19,20,229,189,183,202,227,158,93,191,151,217,86,158,16,49,34,167,137,40,170,159,250,23,87,18,158,39,90,99,3,32,129,146,186,86,88,121,133,21,9,57,14,58,35,206,171,29,118,100,125,175,123,232,244,189,216,50,81,161,28,48,26,142,21,120
Best fitness found so far: 0.3965871610961521; k: 2.0
Generation: 54; 0.3965871610961521; k: 2.0; 185,48,106,84,17,19,137,71,141,127,27,123,21,115,87,213,104,35,217,214,71,101,185,139,123,243,213,107,155,137,19,137,71,35,127,35,123,21,115,87,213,244,35,217,108,131,137,111,220,166,6,107,162,90,166,130,133,239,241,67,178,139
Best fitness found so far: 0.3965871610961521; k: 2.0
Generation: 55; 0.3965871610961521; k: 2.0; 185,48,106,84,33,19,137,71,35,127,27,123,21,115,157,213,244,140,217,171,131,36,199,220,100,98,245,123,88,114,155,130,1,71,167,20,97,176,228,155,4,15,170,197,176,185,169,160,55,28,125,134,216,80,124,4,20,37,67,247,86,158,140,141,242,18,230,92,184,45,1,35,206,171,123,84,204,216,216,166,152,126,20,134,157,81,168,222,60,217,124,10,186,9,112,239,51,250,218,127,74,151,243,59,155,121,172,21,121,69,137,221,191,116,171,123,118,100,125,216,24,23,171,20,9,67,9,227,27,197,80,220,143
Best fitness found so far: 0.3965871610961521; k: 2.0
Generation: 56; 0.3965871610961521; k: 2.0; 192,48,106,231,209,19,51,71,35,127,221,93,21,115,87,213,226,35,235,116,131,79,199,197,216,97,134,14,123,35,187,216,101,128,19,20,77,203,215,71,35,127,221,173,21,102,215,213,244,35,217,226,131,79,199,197,216,101,68,116,5,101,23,209,222,183,85,80,100,56,171,23,134,216,54,107,171,49,130,171,49,103,188,188,23,85,73,104,71,236,127,27,26,1,115,87,213,244,35,63,116,131,137,199,217,191,124,68,93,5,101,46,40,222,186,230,80,193,121,175,181,137,71,133,127,249,123,19,137,71,35,127,27,123,21,115,17,213,66,115,215,213,244,35,217,226,200,66,171,197,176,101,16,130,5,101,23,209,222,164,36,31,160,87,222,23,155,216,2,130,171,49,103,188,229,235,239,73,68,160,4,95,113,199,234,155,157,35,40,73,28,157,96,40,121,186,90,64,127,129,185
Best fitness found so far: 0.3965871610961521; k: 2.0
Generation: 57; 0.3965871610961521; k: 2.0; 185,48,106,84,17,19,137,71,35,127,27,123,21,115,87,213,30,140,34,110,159,99,23,31,217,201,167,137,68,9,159,101,23,31,125,166,149,13,220,214,71,129,73,186,107,243,67,155,216,220,12,209,28,33,25,129,49,239,137,71,154,48,92,84,17,19,137,38,221,127,233,123,21,115,17,213,138
Best fitness found so far: 0.3965871610961521; k: 2.0
Generation: 58; 0.3965871610961521; k: 2.0; 185,46,106,84,33,19,137,71,1,127,27,123,21,115,87,213,244,115,215,213,244,35,217,180,87,234,171,197,176,101,16,93,5,101,23,209,222,164,63,31,160,87,222,23,155,216,2,130,171,49,103,188,229,170,239,73,68,160,4,95,113,113,234,155,157,35,40,73,28,157,96,40,147,243,71,92,31,174,120,158,233,191,214,71,129,194,186,107,243,67,155,216,137,221,172,79,167,167,35,246,141,159,20,23,87,125,184,39,13,57,40,127,129,185,223
Best fitness found so far: 0.3965871610961521; k: 2.0
Generation: 59; 0.3965871610961521; k: 2.0; 185,156,106,84,89,19,11,71,121,127,27,123,21,115,247,213,244,35,217,116,57,137,199,197,216,227,139,123,84,173,243,71,89,95,45,123,158,68,21,169,142,249,123,34,149,188,119,34,167,137,68,66,159,232,224,31,125,196,34,172,38,144,16,18,186,92,69,137,4,6,206,21,123,120,72,248,160,95,243,202,155,47,80
Best fitness found so far: 0.3965871610961521; k: 2.0
Generation: 60; 0.3965871610961521; k: 2.0; 185,48,106,84,17,19,137,71,35,127,27,123,21,115,87,213,244,35,50,171,63,137,199,197,216,227,139,100,207,173,243,71,89,217,240,123,158,68,155,216,142,189,171,221,149,188,119,170,167,114,68,110,159,232,232,31,125,67,34,172,58,144,121,18,186,92,69,137,4,250,206,171,100,92,171,29,137,95,243,67,155,180,34,40,115,28,157,102,115,121,186,1,9,188,140,74,35,171,123,195,240,99
Best fitness found so far: 0.3965871610961521; k: 2.0
Generation: 61; 0.3965871610961521; k: 2.0; 108,48,106,54,49,19,137,71,35,127,221,173,21,115,49,213,244,35,23,6,164,116,199,197,216,101,10,93,26,101,23,209,222,186,135,115,193,87,171,23,155,216,108,130,171,61,103,188,229,124,239,73,177,160,4,95,179,144,97,84,99,193,35,250,159,69,87,19,20,48,139,153,3,32,129,30,186,123,88,67,31,84,20,134,67,247,76,36,201,167,233,219,110,235,101,23,174,125,166,149,13,191,214,183,129,97,140,9,198,156,130,117,183,11,216,14,124,121,20,99,67,9,216,102,209,49,186,35,157,21,9,69,246,81,206,206,165,123,113,100,125,216,166,130,171,20,134,67,82,156,210,246,55,220,247
Best fitness found so far: 0.3965871610961521; k: 2.0
Generation: 62; 0.3965871610961521; k: 2.0; 101,48,106,84,17,19,137,71,35,127,89,123,21,115,87,213,128,35,217,87,171,90,134,139,222,169,147,57,71,35,217,171,123,156,152,53,216,100,130,171,49,134,191,9,216,178,55,150,186,228,5,209,246,216,46,87,19,20,134,189,247,76,36,201,167,233,68,110,235,101,23,174,125,166,149,13,191,214,71,129,97,140,9,198,156,130,110,183,11,216,14,124,121,20,134,67,9,97,102,209,49,186,35,157,21,9,69,170,81,206,206,196,123,113,100,198,216,166,130,171,55,134,67,9,156,210,246,55,220,49
Best fitness found so far: 0.3965871610961521; k: 2.0
Generation: 63; 0.3965871610961521; k: 2.0; 101,48,106,84,17,19,137,71,35,127,89,123,21,115,87,213,128,35,217,116,43,106,50,87,213,73,186,107,213,128,35,217,116,43,21,50,87,213,138
Best fitness found so far: 0.3965871610961521; k: 2.0
Generation: 64; 0.3965871610961521; k: 2.0; 108,48,106,84,7,19,137,71,35,127,221,173,21,115,215,213,244,35,217,187,122,79,244,219,216,101,68,93,26,101,23,209,222,186,213,115,193,39,171,23,18,158,39,247,99,2,32,201,86,186,123,88,67,155,84,20,134,67,247,76,36,201,167,195,68,110,235,101,23,174,125,166,149,13,191,214,25,60,97,140,9,198,156,130,117,183,11,216,14,124,121,20,143,67,9,216,102,209,49,186,35,157,21,9,69,246,81,206,206,196,115,113,100,125,216,166,130,183,20,62,67,9,156,210,246,71,41,175,137,4,20,206,171,239,71,171,29,54,95,137,183,52,127,27,123,21,115,87,213,244,35,248,171,131,137,199,220,166,72,107,162,90,166,155,133,239,134,67,194,139
Best fitness found so far: 0.3965871610961521; k: 2.0
Generation: 65; 0.3965871610961521; k: 2.0; 101,48,106,84,17,19,137,71,35,127,89,123,21,115,87,23,244,35,217,214,71,129,20,240,123,184,213,138,155,137,221,188,188,99,70,137,215,110,159,101,23,207,199,244
Best fitness found so far: 0.3965871610961521; k: 2.0
Generation: 66; 0.3965871610961521; k: 2.0; 108,72,106,84,17,19,137,71,51,127,221,173,21,115,215,213,244,35,217,226,131,79,135,93,216,101,23,209,125,186,135,80,139,129,17,155,137,221,188,119,167,167,183,237,30,14,222,60,134,235,169,21,10
Best fitness found so far: 0.3965871610961521; k: 2.0
Generation: 67; 0.3965871610961521; k: 2.0; 185,204,106,84,17,19,137,71,35,127,221,123,21,115,87,213,244,35,217,142,131,79,199,197,216,211,68,93,83,157,23,209,222,72,219,80,193,136,232,83,137,176,133,121,221,188,188,99,67,113,129,185,108
Best fitness found so far: 0.3965871610961521; k: 2.0
Generation: 68; 0.3965871610961521; k: 2.0; 101,48,106,66,17,224,85,106,35,127,89,123,21,115,87,213,128,35,217,87,171,90,134,139,131,17,147,192,71,35,245,199,92,156,68,53,216,100,130,171,49,134,191,9,216,178,123,185,186,228,193,54,246,216,101,87,19,20,229,189,183,172,227,158,93,191,151,217,49,158,131,49,34,167,137,179,170,159,57,23,87,18,158,39,90,99,3,32,12,146,186,123,88,121,133,21,192,57,14,58,35,184,171,29,118,100,125,175,123,206,244,189,216,50,81,161,23,87,200,186
Best fitness found so far: 0.3965871610961521; k: 2.0
Generation: 69; 0.3965871610961521; k: 2.0; 76,48,106,84,17,19,137,71,35,127,89,123,21,115,87,213,128,35,217,116,131,137,174,40,216,160,2,95,179,144,97,84,99,193,35,234,159,69,87,19,20,134,139,153,49,93,32,217,131,123,80,34,130,171,49,224,188,229,170,133,137,68,110,164,28,113,31,125,196,144,243,242,155,94,233,241,209,28,157,205,115,147,183,223,47,154,199,111,41,46,134
Best fitness found so far: 0.3965871610961521; k: 2.0
Generation: 70; 0.3965871610961521; k: 2.0; 101,48,106,84,17,19,137,71,193,127,89,123,81,115,87,213,128,35,90,87,171,90,46,139,222,17,97,192,71,35,217,71,27,156,70,94,216,100,130,171,233,134,191,35,216,178,55,185,186,228,193,54,246,216,163,87,237,20,134,189,183,172,93,158,93,68,58,217,86,158,201,49,34,238,137,179,170,159,20,23,87,18,158,39,247,99,3,32,129,30,86,123,88,67,155,84,20,138,67,12,76,36,201,167,250,68,110,159,101,23,174,125,166,149,13,191,214,75,129,97,140,117,198,67,130,166,68,110,167,137,179,170,159,20,23,87,18,158,39,250,99,3,32,188,146,186,123,88,67,155,139,30,161,250,78,75
Best fitness found so far: 0.3965871610961521; k: 2.0
Generation: 71; 0.3965871610961521; k: 2.0; 43,48,106,84,17,19,137,71,141,127,181,123,41,115,87,213,244,35,217,214,71,129,131,240,123,16,17,19,137,71,35,127,219,173,21,115,44,213,150,35,207,46,57,185,48,106,84,17,19,137,71,35,127,37,123,21,115,87,213,138
Best fitness found so far: 0.3965871610961521; k: 2.0
Generation: 72; 0.3965871610961521; k: 2.0; 185,46,106,84,33,19,137,71,35,127,27,123,21,115,87,213,244,115,215,213,244,35,217,226,193,21,171,197,140,101,46,93,5,171,161,209,222,164,135,31,160,87,222,23,155,216,2,214,171,49,103,188,229,170,239,73,89,218,21,115,70,213,128,35,217,116,131,137,41,28,216,165,139,100,242,147,243,71,92,31,62,120,158,233,191,214,71,170,73,186,107,173,67,155,46,137,221,172,79,167,167,35,246,141,159,20,23,87,125,158,39,13,99,40,127,129,185,223,213,244,115,215,213,244,35,217,226,193,21,171,197,140,101,46,93,5,171,161,209,222,164,135,31,160,87,222,23,155,216,2,214,171,49,103,188,229,170,239,73,89,218,21,115,70,213,128,35,217,116,131,137,41,28,216,165,139,100,242,147,243,71,92,31,62,120,158,233,191,214,71,170,73,186,107,173,67,155,46,137,221,172,79,167,167,35,246,141,159,20,23,87,125
Best fitness found so far: 0.3965871610961521; k: 2.0
Generation: 73; 0.3965871610961521; k: 2.0; 185,48,106,84,17,19,137,71,35,127,27,123,21,115,87,213,30,140,34,110,159,99,23,31,115,215,213,244,35,217,226,131,79,68,93,216,101,23,209,125,186,135,80,46,121,175,9,135,80
Best fitness found so far: 0.3965871610961521; k: 2.0
Generation: 74; 0.3998722114221683; k: 2.0; 108,48,106,84,17,18,137,71,211,127,221,173,21,115,215,17,244,35,243,226,131,79,234,197,176,101,130,162,5,101,23,209,222,164,135,36,193,6,12,82,155,216,149,130,171,38,103,188,229,58,100,162,57,166,130,133,221,134,165,9,139,9,240,55,220,131,72,214,162,57,166,134,133,20,134,63,9,139
Best fitness found so far: 0.3998722114221683; k: 2.0
Generation: 75; 0.3998722114221683; k: 2.0; 94,48,106,84,17,18,3,71,211,127,221,173,21,115,215,17,244,35,243,196,137,71,35,127,27,123,21,115,87,213,138
Best fitness found so far: 0.3998722114221683; k: 2.0
Generation: 76; 0.3998722114221683; k: 2.0; 108,48,106,84,17,18,137,71,211,127,221,173,21,115,215,17,244,35,243,226,131,246,234,197,176,101,130,162,5,101,23,209,222,164,135,36,119,6,12,82,155,216,149,130,44,38,119,188,229,215,100,162,57,166,130,133,221,2,165,9,139,9,240,55,220,131,72,214,162,57,249,13,166,20,134,63,9,139
Best fitness found so far: 0.3998722114221683; k: 2.0
Generation: 77; 0.3998722114221683; k: 2.0; 94,48,106,84,17,18,3,71,211,127,221,173,21,115,215,17,244,35,243,196,137,71,35,127,93,5,101,23,240,222,186,135,80,193,121,175,91,107,94,133,127,249,123,21,115,87,213,176
Best fitness found so far: 0.3998722114221683; k: 2.0
Generation: 78; 0.3998722114221683; k: 2.0; 108,48,106,84,137,18,137,71,211,182,221,173,21,115,215,17,244,35,243,226,131,79,234,197,176,101,130,162,5,193,23,209,222,164,135,36,198,6,215,86,155,216,149,130,171,38,103,188,93,58,100,162,97,134,99,193,35,187,216,128,87,19,20,77,174,215,28,173,55,115,49,191,137,71,176,185,169,160,55,28,125,181,216,125,124,208,20,139,67,186,86,158,140,141,242,18,230,92,69,185,1,35,206,171,123,84,204,216,216,166,152,126,20,134,157,81,168,112,140,217,124,10,186,149,112,239,51,250,129,221,53,151,184,59,155,121,157,21,121,69,137,221,22,116,171,123,118,100,125,216,24,161,171,20,9,67,9,19,122,237,160,220,143
Best fitness found so far: 0.3998722114221683; k: 2.0
Generation: 79; 0.3998722114221683; k: 2.0; 94,48,106,84,17,18,3,71,211,127,221,173,21,115,215,17,244,35,243,196,7,93,5,101,23,209,222,186,135,80,193,87,171,118,155,36,175,130,171,49,103,188,204,216,239,179,104,115,35,127,205,123,1,136,87,213,244,35,217,116,13,137,3,197,216,122,158,93,5,101,23,209,222,186,163,80,20,201,139,183,17,155,84,221,188,105,136,197,137,230,216,2,215,171,183,23,214,171,216,178,141,32,196,222,101,7,209,79,67,132,198,62,54,150,82,216,195,134,139,153,49,93,32,217,201,123,80,34,130,171,49,103,188,229,170,239,137,68,110,164,28,113,31,125,196,144,243,58,155,94,233,241,209,28,131,205,115,152,183,223,101,154,35,111,41,125,234
Best fitness found so far: 0.3998722114221683; k: 2.0
Generation: 80; 0.3998722114221683; k: 2.0; 108,48,106,84,17,18,137,71,211,127,221,173,21,115,215,17,244,35,35,226,131,79,234,197,176,101,130,162,5,101,23,209,222,164,135,36,193,6,12,157,155,216,149,130,94,38,103,188,229,58,100,162,57,166,130,133,221,134,165,9,87,200,186
Best fitness found so far: 0.3998722114221683; k: 2.0
Generation: 81; 0.3998722114221683; k: 2.0; 94,172,106,246,17,18,3,71,211,127,221,173,21,115,215,17,244,35,243,196,7,93,5,101,23,209,222,186,135,80,193,87,171,118,155,36,175,226,171,49,103,188,204,216,239,179,104,115,35,127,205,121,1,136,87,213,244,35,217,116,207,137,3,197,216,122,158,93,5,101,23,209,222,186,163,80,69,201,139,10,155,216,201,130,94,163,103,188,229,58,100,162,57,166,130,133,221,246,165,9,87,200,186,226,171,49,103,188,204,216,239,179,104,115,35,127,205,121,1,136,87,213,244,35,217,116,207,137,3,197,216,122,158,93,5,101,23,209,222,186,163,80,69,201,139,10,155,216,201
Best fitness found so far: 0.3998722114221683; k: 2.0
Generation: 82; 0.3998722114221683; k: 2.0; 108,48,106,84,17,18,137,71,211,127,221,173,21,115,215,17,244,35,241,68,151,217,86,158,16,49,241,87,1,244,170,159,20,212,87,18,158,39,247,142,3,32,188,30,186,123,88,67,155,84,20,134,67,247,76,36,201,167,250,68,110,159,37,23,174,125,166,149,13,2,214,71,129,97,140,117,198,116,130,117,183,11,216,101,205,214,20,134,67,9,216,102,209,49,186,121,157,21,9,69,204,81,206,206,61,123,113,100,125,216,166,130,171,53,134,67,9,156,212,246,55,220,20
Best fitness found so far: 0.3998722114221683; k: 2.0
Generation: 83; 0.3998722114221683; k: 2.0; 94,48,106,144,17,18,41,71,211,127,221,173,21,115,3,17,244,35,248,196,121,71,35,127,47,106,240,17,211,174,45,35,122,89,140,21,115,87,213,128,233,38,78,131,137,141,197,188,56,139,64,31,147,201,195,93,129,185,233,125,196,34,21,49,34,201,123,30,209,118,224,159,31,167,31,245,16,135,80,37,121,222,87,124,92,60,69
Best fitness found so far: 0.3998722114221683; k: 2.0
Generation: 84; 0.3998722114221683; k: 2.0; 108,48,106,84,17,18,137,71,211,127,221,173,21,115,215,17,244,200,243,226,134,236,234,197,176,55,130,236,5,101,10,209,222,164,55,249,116,208,130,82,155,85,149,25,106,84,239,73,185,160,4,95,113,144,97,84,99,193,35,87,216,69,87,19,20,134,139,153,125,93,24,217,201,123,80,34,110,159,184,23,31,125,16,135,80,37,121,222,69,124,177,60,69,101,23,226,222,191,117,115,193,87,171,23,155,216,2,130,171,49,103,188
Best fitness found so far: 0.3998722114221683; k: 2.0
Generation: 85; 0.3998722114221683; k: 2.0; 94,48,106,84,17,18,3,71,211,127,221,173,123,115,215,17,244,35,26,196,180,93,5,101,103,209,222,186,135,80,193,239,171,23,61,33,52,130,66,60,103,173,204,216,239,179,104,115,35,135,232,123,115,63,87,213,244,35,217,116,13,137,3,197,52,242,68,93,5,101,23,209,222,186,163,150,20,134,139,233,17,78,84,221,229,72,216,197,82,177,242,2,249,171,183,23,214,171,216,178,244,105,180,20,212,87,84,250,39,247,142,3,32,188,30,186,123,88,67,155,84,20,134,67,247,76,36,201,167,250,68,110,159,35,126,210,123,21,115,87,213,22
Best fitness found so far: 0.3998722114221683; k: 2.0
Generation: 86; 0.3998722114221683; k: 2.0; 94,48,106,144,17,18,3,71,211,127,221,173,21,115,3,17,244,35,70,196,121,71,35,127,47,191,240,17,211,137,71,35,122,89,140,130,115,87,213,128,35,217,82,9,137,50,197,216,167,139,22,31,147,201,195,220,129,21,31,3,17,244,35,248,196,121,71,35,127,47,106,240,17,74,137,71,35,114,89,140,21,115,87,213,128,35,217,78,131,137,50,197,216,85,212,100,239,147,201,206,182,193,121,175,91,107,210,133,127,249,123,21,115,87,213,176
Best fitness found so far: 0.3998722114221683; k: 2.0
Generation: 87; 0.3998722114221683; k: 2.0; 94,172,106,246,17,18,3,71,211,127,221,173,117,115,215,17,244,35,243,183,7,93,5,101,23,209,222,186,119,38,193,87,171,118,155,36,175,105,171,58,103,188,204,216,77,179,104,115,35,127,205,110,1,136,87,97,244,35,217,116,207,234,3,197,224,180,158,93,5,93,23,209,173,186,163,15,69,201,139,10,155,216,201,130,94,163,103,188,229,58,100,162,57,166,130,133,221,177,165,9,87,69,186,226,171,49,103,188,204,216,239,179,104,135,35,127,205,121,113,31,125,196,36,193,27,123,21,115,87,188,244,180,217,214,71,47,185,77,123,243,213,138,155,137,221,129,127,201,167,238,41,110,17,101,145,71,35,127,27,123,21,134,87,213,195,35,147,111,95,91,152,220,166,98,220,123,86,67,155,223,213,186,129,103,71,171,228,74,92,15,245,103,1,21,211,34,73,138,34,191,143,101,87,171,150,118,139,29,17,241,137,168,22,35,171,93,201,148,137,31,110,210,101,154,31,125,106,221,7,191,214,91,71,89,186,157,205,243,99,192,245,154,66,21,115,103,24,170,15,60,111,117,81
Best fitness found so far: 0.3998722114221683; k: 2.0
Generation: 88; 0.3998722114221683; k: 2.0; 108,48,106,84,17,128,137,71,211,127,221,173,21,115,215,17,244,35,243,226,131,79,234,197,176,101,193,162,5,101,23,209,88,164,135,65,193,6,12,82,14,216,232,106,191,83,65,188,229,58,100,162,57,166,198,98,221,134,6,9,139,9,240,55,220,131,72,23,162,57,166,134,133,20,234,175,176,152,130,2,5,101,23,119,83,32,135,36,119,6,12,82,111,216,149,130,44,168,119,188,229,215,100,162,57,133,130,133,221,2,165,27,139,9,240,55,220,22,238,116,162,57,126,235,138,20,134,110,9,49,158,171,34,242,171,29,137,95,243,67,41,48,34,89,115,28,130,53,245,121,186,150,182,83,123,36,72,155,216,2,102,171,49,149,221,78,170,167,225,217,155,86,175,186,169,39,13,191,229,127,129,79,186,121,88,67,106,216,99,54,202,73,35,90,4,155,8,29,245,213,202,21,115,175,73,160,17,123,3,71,94,127,221,121,21,115,3,17,244,35,87,125,186
Best fitness found so far: 0.3998722114221683; k: 2.0
Generation: 89; 0.3998722114221683; k: 2.0; 108,48,106,84,17,18,137,71,211,127,221,173,21,115,215,17,244,200,243,226,134,236,234,197,176,55,130,210,5,58,10,209,222,164,55,249,116,178,130,82,155,85,149,24,106,172,239,73,185,137,71,211,127,31,173,21,115,215,67,244,115,3,17,114,35,248,214,206,71,35,67,47,91,240,17,211,137,186,230,122,64,140,21,115,87,213,128,35,5,78,131,137,119,167,31,125,16,89,80,37,55,121,87,55,188,140,180,35,171,123,195,13,99
Best fitness found so far: 0.3998722114221683; k: 2.0
Generation: 90; 0.3998722114221683; k: 2.0; 119,48,106,84,17,33,137,71,211,127,221,173,21,115,215,17,244,200,243,226,215,236,79,197,176,186,130,236,232,101,10,209,222,164,55,249,78,196,7,93,5,101,23,209,222,186,135,80,193,87,171,118,155,36,175,130,171,49,103,188,204,216,239,179,104,115,193,127,205,123,95,136,87,213,244,35,217,133,13,137,3,197,216,122,158,93,5,42,23,209,222,186,163,80,20,201,139,9,230,155,84,221,188,105,136,197,137,230,216,2,215,171,183,23,214,171,216,178,141,59,196,222,101,7,27,79,67,132,198,62,54,150,82,216,195,152,139,27,49,93,32,217,201,123,80,34,130,171,135,103,188,229,170,239,137,68,110,164,28,113,81,125,196,144,189,58,45,94,137,241,209,28,131,205,70,152,183,223,101,154,35,111,41,125,234
Best fitness found so far: 0.3998722114221683; k: 2.0
Generation: 91; 0.3998722114221683; k: 2.0; 94,48,106,84,17,18,3,71,211,127,221,173,243,115,215,17,244,35,243,26,122,93,5,101,23,209,222,186,135,59,193,87,171,118,155,36,175,130,171,49,103,164,204,216,239,179,42,74,231,127,205,123,1,58,87,213,244,35,146,116,209,117,21,197,216,122,12,215,5,101,23,209,35,128,27,123,21,59,87,216,166,130,171,53,134,67,144,90,212,114,55,220,20
Best fitness found so far: 0.3998722114221683; k: 2.0
Generation: 92; 0.3998722114221683; k: 2.0; 94,48,106,84,17,18,3,71,211,127,221,173,123,115,215,17,244,35,26,196,180,93,5,101,103,209,222,186,135,80,193,56,171,219,61,33,52,130,66,60,103,173,204,216,239,179,104,115,35,135,196,123,115,63,87,213,244,35,217,116,13,137,3,197,52,242,68,93,5,101,23,209,222,101,163,150,20,134,139,233,17,213,80,35,146,116,209,117,128,197,216,122,158,215,5,101,23,209,205,215,27,244,21,115,170,241,244,115,215,213,244,35,217,226,200,66,13,51,230,101,16,93,5,186,23,184,222,164,135,31,160,151,222,23,155,216,2,130,171,49,103,188,229,170,239,73,68,160,4,95,162,113,234,89,157,35,40,217,28,36,140,40,121,154,99,40,127,129,185
Best fitness found so far: 0.3998722114221683; k: 2.0
Generation: 93; 0.3998722114221683; k: 2.0; 113,172,106,144,17,18,3,71,211,127,221,173,21,115,3,17,166,35,248,196,121,229,35,136,102,106,240,17,211,137,71,35,122,89,140,54,115,87,213,128,35,217,78,131,137,50,167,31,125,16,149,80,37,121,16,87,124,120,127,221,173,21,167,215,17,244,35,243,196,137,71,136,249,149,171,29,54,117,137,183,52,127,27,123,21,115,87,146,25,198,217,212,234,137,199,119,248,196,241,55,35,127,47,106,240,17,211,137,100,35,122,89,140,21,115,87,213,207,35,217,78,131,24,50,197,216,167,139,110,31,147,201,195,115,129,185,190
Best fitness found so far: 0.3998722114221683; k: 2.0
Generation: 94; 0.3998722114221683; k: 2.0; 49,48,106,84,17,18,3,71,211,127,221,173,21,115,215,17,244,35,26,47,7,93,5,101,103,209,222,93,135,80,193,142,171,23,155,33,2,130,176,49,103,173,204,216,239,179,104,115,35,135,73,123,1,63,87,97,244,35,217,116,13,160,3,197,137,152,68,93,122,101,23,209,222,114,159,101,145,71,35,127,27,123,15,143,87,213,244,35,217,153,95,91,199,220,166,98,220,123,88,67,155,223,20,71,129,103,186,171,228,74,113,15,245,173,1,21,211,34,73,138,34,130,197,101,87,171,150,118,139,222,17,120,137,168,22,35,171,93,201,148,137,68,110,159,101,244,58,125,240,233,7,95,214,71,180,76,186,62,205,122,31,192,245,154,66,21,115,34,233,138,15,60,171,117,81
Best fitness found so far: 0.3998722114221683; k: 2.0
Generation: 95; 0.3998722114221683; k: 2.0; 94,48,106,84,17,18,3,71,211,127,221,173,21,115,115,17,186,35,26,196,7,93,5,101,103,116,222,186,219,80,193,142,171,210,155,4,2,102,171,202,103,173,204,216,239,179,104,115,35,135,249,123,1,63,87,106,244,35,217,116,13,137,3,197,146,115,215,17,244,35,13,226,131,79,234,35,217,161,208,233,199,197,216,16,12,93,203,101,13,99,67,127,129,185,108,35,26,196,7,93,5,101,103,116,222,186,219,80,193,142,171,210,155,4,2,102,171,202,103,173,204
Best fitness found so far: 0.3998722114221683; k: 2.0
Generation: 96; 0.3998722114221683; k: 2.0; 108,48,106,84,137,18,137,71,211,182,221,173,21,115,215,17,244,35,243,226,38,79,234,197,176,101,130,162,5,193,23,209,222,164,135,36,198,6,99,86,155,216,149,130,171,38,103,188,93,58,100,162,172,134,90,193,35,187,215,202,87,19,20,77,174,215,28,173,55,115,49,191,137,71,134,185,169,160,55,28,125,181,216,27,116,208,130,82,155,5,149,25,106,84,17,19,140,71,35,126,45,123,21,115,87,213,22
Best fitness found so far: 0.3998722114221683; k: 2.0
Generation: 97; 0.3998722114221683; k: 2.0; 108,48,106,84,17,18,137,71,211,127,221,173,21,115,215,17,244,200,243,226,131,236,40,238,176,55,130,236,143,101,10,209,222,164,103,136,87,208,130,82,155,216,67,244,115,3,17,114,181,248,196,121,71,174,67,47,106,240,17,211,137,71,230,122,64,140,21,115,87,213,113,243,79,133,131,137,119,167,31,125,16,89,80,37,55,121,87,189,188,22,180,35,171,123,195,231,99
Best fitness found so far: 0.3998722114221683; k: 2.0
Generation: 98; 0.3998722114221683; k: 2.0; 94,48,106,144,17,18,3,21,211,127,221,173,39,115,3,17,244,35,248,196,121,71,75,67,132,106,240,246,54,137,71,92,122,89,140,84,17,8,137,71,157,127,89,123,21,115,87,62,128,237,217,100,171,20,134,139,222,246,81,1,206,196,121,113,1,125,216,166,130,171,20,134,67,9,156,192,246,29,220,20
Best fitness found so far: 0.3998722114221683; k: 2.0
Generation: 99; 0.3998722114221683; k: 2.0; 94,48,106,84,17,18,3,71,211,127,221,173,21,115,215,17,244,35,243,196,92,93,5,249,136,87,213,244,35,159,116,130,137,3,168,36,193,230,12,4,194,216,149,130,87,213,128,35,217,116,43,106,84,87,213,138
Best fitness found so far: 0.3998722114221683; k: 2.0
Generation: 100; 0.3998722114221683; k: 2.0; 115,48,106,84,17,53,137,71,211,127,221,173,21,115,215,17,244,200,243,226,134,236,234,197,176,55,110,236,5,101,10,209,222,164,121,249,116,208,35,154,155,85,149,25,106,84,239,114,185,160,4,95,113,16,97,84,173,157,35,87,250,11,212,19,20,159,139,153,125,119,17,18,91,71,211,127,221,173,211,181,215,121,92,35,243,66,235,71,171,239,71,171,154,54,117,137,222,52,127,27,123,21,43,117,213,244,35,217,171,131,137,199,220,47,72,107,68,90,166,130,133,239,108,48,106,84,137,18,137,71,211,182,221,173,21,115,33,17,186,35,149,192,131,167,111,197,176,101,130,162,5,128,23,60,222,164,135,36,198,6,215,86,247,216,149,74,7,2,5,101,33,209,34,210,135,80,98,99,193,62,110,216,101,84,171,214,53,139,183,125,206,241,80
Best fitness found so far: 0.3998722114221683; k: 2.0
Generation: 101; 0.3998722114221683; k: 2.0; 136,48,106,84,17,18,3,71,211,127,221,173,21,115,215,17,244,35,243,196,7,214,5,101,23,209,222,186,135,80,193,87,7,23,155,33,2,130,171,49,103,188,204,176,237,179,104,115,35,49,27,123,1,136,87,213,244,35,217,116,13,137,3,73,151,160,4,95,113,206,97,84,99,193,35,87,122,69,3,19,20,134,139,249,125,93,24,217,201,123,242,34,110,159,184,23,31,125,16,135,80,37,121,222,130,124,177,227,69,101,23,226,222,215,117,115,193,87,171,23,155,216,2,130,171,49,178,188
Best fitness found so far: 0.3998722114221683; k: 2.0
Generation: 102; 0.3998722114221683; k: 2.0; 94,48,106,84,17,18,169,71,211,127,59,173,21,115,215,17,244,35,243,196,7,9,5,101,234,209,124,186,60,80,193,87,171,118,245,36,175,130,171,49,103,188,204,1,239,179,104,173,35,127,205,123,1,136,87,213,244,35,217,116,239,137,3,197,216,122,158,93,170,101,23,209,222,186,163,80,24,184,139,183,61,155,84,221,188,105,136,197,137,230,216,2,233,171,64,23,214,47,216,178,141,32,174,222,101,7,209,202,67,132,198,62,54,150,82,216,97,134,139,153,129,204,32,217,197,199,80,34,130,171,49,103,188,141,170,3,137,170,110,164,28,113,79,67,132,198,62,169,150,82,216,195,134,139,153,49,93,32,217,201,123,80,34,130,171,49,103,107,165,9,139,9,77,55,220,131,72,214,162,57,166,134,248,20,134,63,210,139
Best fitness found so far: 0.3998722114221683; k: 2.0
Generation: 103; 0.3998722114221683; k: 2.0; 30,48,106,84,95,128,3,71,211,127,221,173,21,115,215,192,244,35,69,196,139,10,155,216,201,130,94,163,103,47,222,58,100,162,57,166,130,213,231,246,165,9,87,200,186,226,62,49,103,183,204,216,239,179,6,115,106,127,205,121,1,136,87,213,244,35,217,116,207,137,3,197,216,122,158,93,5,101,23,209,222,186,163,80,69,201,117,10,73,216,201
Best fitness found so far: 0.3998722114221683; k: 2.0
Generation: 104; 0.3998722114221683; k: 2.0; 94,48,106,84,17,18,3,71,211,127,221,173,21,115,47,17,244,35,243,101,137,71,35,155,93,5,101,23,240,222,186,135,240,17,211,137,71,35,122,89,140,21,115,87,213,128,35,217,78,131,137,33,197,136,167,139,100,31,147,201,195,115,129,185,190
Best fitness found so far: 0.3998722114221683; k: 2.0
Generation: 105; 0.3998722114221683; k: 2.0; 212,48,106,84,17,18,3,71,211,127,221,78,21,115,215,17,244,35,183,58,73,19,20,134,139,153,125,93,24,217,201,123,1,34,110,159,184,23,31,125,16,135,80,37,152,222,69,124,177,60,69,101,23,226,222,191,117,115,49,87,171,23,155,216,200,130,171,49,103,188
Best fitness found so far: 0.3998722114221683; k: 2.0
Generation: 106; 0.3998722114221683; k: 2.0; 140,48,106,144,17,18,201,71,211,127,221,53,21,115,3,17,114,35,25,196,121,71,35,67,47,106,148,62,211,137,71,35,122,89,140,21,115,87,213,56,35,217,78,216,137,50,62,108,125,16,69,80,37,121,209,133,186,135,115,193,87,171,23,155,216,246,158,56,49,152,188,229,124,239,73,185,160,4,95,193,211,97,60,35,217,116,13,137,3,197,216,152,2,93,171,199,23,209,106,212,17,19,3,71,211,79,221,173,21,115,215,17,244,30,243,196,137,71,194,127,93,5,101,23,240,222,46,135,80,156,121,65,91,107,94,179,127,249,123,21,115,87,213,176
Best fitness found so far: 0.3998722114221683; k: 2.0
Generation: 107; 0.3998722114221683; k: 2.0; 108,48,106,84,137,18,137,71,211,182,221,173,21,115,215,17,244,35,243,226,131,241,234,197,176,101,130,162,5,128,23,62,222,164,135,123,198,6,215,86,155,216,149,130,171,38,103,188,93,58,100,162,97,134,99,193,236,187,216,5,87,40,20,77,174,215,28,173,94,115,49,196,142,71,176,69,169,160,55,28,125,181,216,84,124,208,20,34,67,186,197,158,5,180,242,97,157,92,69,137,71,35,35,144,93,52,148,221,173,21,115,215,61,244,35,243,226,131,79,234,197,176,101,130,162,5,128,23,62,222,164,135,36,198,6,215,86,155,216,149,130,171,38,103,188,93,58,100,162,97,134,99,193,35,187,216,128,87,19,20,77,174,215,28,173,94,115,49,196,142,71,176,100,169,160,55,28,125,181,216,84,124,208,20,168,67,186,197,158,140,141,81,97,230,92,69,137,71,10,35,144,93,201,148,137,68,110,159,101,142,31,125,240,233,236,191,214,230,12,185,132,123,24,180,8,192,54,80,37,90,159,69,173,177,231,80
Best fitness found so far: 0.3998722114221683; k: 2.0
Generation: 108; 0.3998722114221683; k: 2.0; 108,48,106,84,17,18,137,71,211,127,221,173,21,115,215,17,244,35,243,226,118,79,234,197,176,101,130,162,21,115,87,213,22
Best fitness found so far: 0.3998722114221683; k: 2.0
Generation: 109; 0.3998722114221683; k: 2.0; 30,48,106,84,17,128,3,161,211,127,221,173,21,115,215,17,244,35,100,74,7,93,5,101,23,209,222,210,135,80,193,56,171,23,50,33,2,189,127,49,103,188,204,216,239,49,44,208,25,127,27,123,249,136,87,149,244,208,217,116,13,208,3,197,216,87,68,92,230,199,23,209,222,242,163,80,97,134,139,23,66,155,84,221,188,65,65,197,137,230,216,195,215,171,188,18,214,126,216,7,48,231,196,76,101,7,209,79,67,23,126,222,164,135,36,198,6,12,82,155,226,149,30,171,38,103,243,190,58,5,128,23,59,222,164,135,36,198,6,215,86,227,216,149,74,7,2,5,101,33,209,34,210,135,21,17,99,193,62,110,216,101,84,171,214,53,139,183,125,206,241,80
Best fitness found so far: 0.3998722114221683; k: 2.0
Generation: 110; 0.3998722114221683; k: 2.0; 94,172,106,246,17,18,3,71,211,127,221,173,21,115,215,17,244,35,243,196,7,93,5,101,23,209,222,186,98,80,193,87,171,118,155,36,175,226,18,49,103,188,204,216,239,179,104,196,35,127,205,121,41,136,87,213,244,35,217,116,189,137,3,197,216,122,158,93,5,101,23,209,222,186,163,80,69,201,139,10,155,216,201,130,94,163,103,188,229,58,100,53,57,166,130,133,221,246,165,9,87,200,186,226,171,49,111,188,204,216,239,179,104,178,35,44,205,121,1,136,87,83,123,36,72,155,216,2,102,171,49,23,159,78,170,167,225,217,155,86,175,216,169,39,13,191,229,105,71,88,143,121,88,11,155,216,99,71,202,73,186,90,4,155,8,15,245,213,202,21,54,175,73,1,237,22,171,245,223
Best fitness found so far: 0.3998722114221683; k: 2.0
Generation: 111; 0.3998722114221683; k: 2.0; 108,48,106,84,137,18,137,71,211,182,221,173,21,115,215,17,244,35,243,226,131,79,234,197,176,101,130,162,5,37,23,209,222,164,135,36,198,6,215,86,155,216,149,130,171,38,103,188,8,58,100,162,97,134,99,193,35,187,216,128,87,19,20,77,175,215,28,108,55,115,49,191,137,71,176,185,169,160,55,28,125,12,245,103,124,208,20,139,67,186,86,158,56,141,242,18,230,92,69,71,211,25,29,173,21,115,215,17,244,35,243,226,153,246,134,63,164,62
Best fitness found so far: 0.3998722114221683; k: 2.0
Generation: 112; 0.3998722114221683; k: 2.0; 108,48,106,42,235,18,137,71,211,182,221,173,29,115,215,17,244,35,243,226,131,79,234,197,176,101,130,187,5,128,23,62,222,164,135,36,198,6,215,55,155,216,149,130,171,223,103,188,93,58,100,162,97,77,99,56,35,9,216,128,87,19,20,59,82,122,106,80,17,18,3,71,211,127,221,173,21,115,93,243,2,35,193,196,137,229,35,127,93,5,101,23,240,222,117,135,31,193,121,175,91,107,94,133,127,249,123,21,244,173,119,167,167,183,237,193,161,31,127,65,67,119,21,10
Best fitness found so far: 0.3998722114221683; k: 2.0
Generation: 113; 0.3998722114221683; k: 2.0; 212,48,106,84,17,18,3,71,211,127,221,78,21,115,215,17,226,35,243,196,92,93,5,101,239,234,241,186,135,80,129,172,171,118,155,36,175,130,110,49,103,188,204,216,239,179,104,115,165,127,205,123,1,136,87,213,244,35,217,116,13,137,3,197,128,122,158,93,5,101,217,189,222,186,163,80,20,201,139,183,17,12,84,133,30,105,136,197,83,197,10,20,215,171,183,4,214,171,216,178,141,125,196,106,101,218,209,237,25,132,198,62,54,26,82,216,195,134,46,153,49,93,32,217,201,246,80,204,130,171,49,155,188,229,170,122,137,68,9,216,178,5,176,186,228,193,54,246,216,101,87,237,20,218,189,183,30,93,158,93,68,151,217,86,158,16,49,34,238,43,179,232,159,161,23,87,158,201,39,247,99,166,32,129,42,235,123,101,67,155,84,20,134,67,247,76,36,215,17,244,35,243,196,7,93,5,101,23,209,222,186,135,80,193,87,171,118,155,36,175,226,171,58,103,188,204,216,77,179,104,115,35,127,205,121,1,136,87,97,244,35,217,116,207,137,3,197,216,122,158,93,5,101,23,209,222,186,163,80,69,201,139,10,155,216,25,130,67,163,103,188,229,58,100,162,57,166,130,133,221,177,165,9,87,69,186,226,171,49,103,188,204,216,239,179,104,135,35,127,59,121,1,136,87,213,80,35,217,116,130,11,216,101,179,171,20,134,67,9,216,102,209,49,186,121,157,21,9,38,5,81,206,206,196,123,113,100,125,216,166,2,171,20,134,67,9,156,128,246,55,220,20
Best fitness found so far: 0.3998722114221683; k: 2.0
Generation: 114; 0.3998722114221683; k: 2.0; 30,48,106,84,17,128,3,71,211,127,221,173,21,115,215,17,244,35,243,196,7,93,5,101,23,209,109,66,135,54,193,87,171,23,50,33,2,130,127,49,135,188,204,216,239,179,44,115,35,127,27,123,249,136,87,213,244,35,111,116,13,137,3,197,216,152,68,93,230,199,23,209,222,93,163,80,97,33,139,1,17,155,84,6,188,72,65,197,137,230,216,2,215,171,188,18,214,171,216,7,48,32,196,171,101,165,209,79,67,23,209,222,164,135,36,198,6,12,82,155,216,149,130,113,242,137,171,73,215,67,34,216,102,209,49,40,97,157,21,9,94,171,172,23,148,137,68,190,159,101,142,215,209,240,233,236,191,214,71,180,126,186,123,205,155,249,192,245,154,116,21,115,34,233,138,9,60,171,117,81
Best fitness found so far: 0.3998722114221683; k: 2.0
Generation: 115; 0.3998722114221683; k: 2.0; 94,48,106,84,17,18,3,71,211,127,221,173,21,95,215,17,244,35,243,198,7,93,5,101,23,209,68,186,135,80,193,149,112,118,27,222,172,130,171,246,139,188,204,216,239,179,104,188,35,127,58,82,1,153,87,213,132,35,217,116,13,137,81,197,216,20,111,183,28,101,23,233,222,186,163,80,236,115,71,45,32,174,125,166,149,28,20,214,71,129,97,140,79,198,67,130,182,13,27,113,101,124,171,73,215,67,86,216,102,209,49,40,121,157,21,9,94,171,93,201,148,161,68,137,159,101,142,215,125,240,233,236,191,214,71,180,185,186,123,205,155,249,192,245,154,55,21,115,34,233,138,9,60,171,117,81
Best fitness found so far: 0.3998722114221683; k: 2.0
Generation: 116; 0.3998722114221683; k: 2.0; 94,172,106,246,17,18,3,71,211,127,221,173,21,115,215,17,244,35,243,196,7,93,5,101,23,209,222,186,135,80,193,87,171,118,155,36,175,29,171,49,103,188,195,216,239,179,104,115,35,127,205,121,1,136,87,213,244,35,217,116,78,137,3,197,216,91,100,110,197,176,101,130,162,5,101,23,209,222,164,135,36,119,6,12,127,155,183,149,130,44,38,119,188,229,215,100,162,57,166,130,133,221,2,165,37,139,9,240,55,220,131,72,214,162,57,249,13,166,20,134,63,9,139
Best fitness found so far: 0.3998722114221683; k: 2.0
Generation: 117; 0.3998722114221683; k: 2.0; 108,48,106,84,137,18,137,71,211,182,221,173,21,115,215,17,244,35,243,226,131,79,234,197,176,101,130,162,5,128,23,62,222,164,135,229,198,6,215,86,155,216,149,130,171,38,103,188,93,58,213,162,97,134,99,193,35,187,216,128,87,240,20,77,174,215,28,173,94,115,169,196,142,71,176,69,169,160,55,39,125,181,244,84,232,208,20,34,67,224,197,158,140,141,242,97,230,92,69,137,71,35,81,144,93,201,148,137,68,110,159,175,142,31,125,240,189,236,191,214,230,12,185,132,198,62,54,150,158,244,35,137,186,244,48
Best fitness found so far: 0.3998722114221683; k: 2.0
Generation: 118; 0.3998722114221683; k: 2.0; 94,48,106,144,17,18,3,71,211,127,221,173,101,205,3,17,244,35,248,196,121,71,35,127,47,106,240,187,211,137,71,35,230,107,140,21,115,87,213,128,35,217,78,131,137,50,215,7,191,214,71,180,89,186,157,205,4,128,192,182,154,66,21,115,34,233,83,15,60,171,208,18
Best fitness found so far: 0.3998722114221683; k: 2.0
Generation: 119; 0.3998722114221683; k: 2.0; 108,48,106,84,137,18,137,71,211,182,221,173,21,115,215,17,244,35,15,51,131,79,234,35,217,161,208,233,199,197,216,5,67,93,16,101,13,99,155,127,129,173,241,15,215,17,230,35,202,196,7,93,5,171,23,209,222,186,135,80,193,87,171,118,155,36,137,221,173,37,167,167,183,130,30,140,31,108,232,83,88,20,241
Best fitness found so far: 0.3998722114221683; k: 2.0
Generation: 120; 0.3998722114221683; k: 2.0; 108,48,106,84,137,18,137,71,211,182,221,173,21,115,215,17,244,35,243,171,239,36,171,29,54,117,137,183,244,8,58,123,21,115,87,213,246,100,217,171,131,137,199,220,166,72,107,162,90,166,130,133,116,134,67,151,5
Best fitness found so far: 0.3998722114221683; k: 2.0
Generation: 121; 0.3998722114221683; k: 2.0; 94,48,106,138,17,18,3,71,211,127,221,173,21,115,93,17,244,35,193,196,137,229,35,127,93,5,101,23,240,222,221,135,29,194,121,175,91,44,94,133,127,32,188,30,186,123,88,67,155,84,20,134,67,247,76,36,201,167,250,124,110,159,37,243,174,125,166,149,41,2,214,71,118,97,140,117,198,116,130,117,46,11,216,205,205,214,20,134,67,146,216,102,209,49,186,121,23,21,194,69,204,106,206,206,61,123,113,100,125,216,166,130,7,53,134,67,80,156,212,132,2,238,20
Best fitness found so far: 0.3998722114221683; k: 2.0
Generation: 122; 0.3998722114221683; k: 2.0; 94,48,106,84,17,148,3,71,211,127,119,173,21,115,215,17,244,35,243,196,7,93,181,101,224,209,222,186,135,80,21,115,215,17,65,35,243,196,137,71,35,23,93,5,153,23,49,222,219,135,80,193,121,33,113,125,186
Best fitness found so far: 0.3998722114221683; k: 2.0
Generation: 123; 0.3998722114221683; k: 2.0; 108,204,106,84,195,18,137,71,211,127,221,173,21,115,215,17,244,200,243,119,15,236,234,87,137,229,35,81,93,84,101,23,240,222,117,135,29,193,121,175,91,107,94,133,127,249,123,21,221,173,119,26,167,183,237,193,161,31,108,232,67,119,21,10
Best fitness found so far: 0.3998722114221683; k: 2.0
Generation: 124; 0.3998722114221683; k: 2.0; 108,48,106,84,17,18,137,71,211,127,7,173,21,115,215,67,244,35,243,226,131,79,234,197,176,101,130,162,5,101,213,115,166,213,22
Best fitness found so far: 0.3998722114221683; k: 2.0
Generation: 125; 0.3998722114221683; k: 2.0; 94,48,106,84,17,18,3,71,211,127,221,173,21,115,215,17,244,35,243,18,7,93,5,101,23,209,222,186,135,124,215,87,112,118,155,36,172,130,171,49,103,188,204,216,239,179,104,115,120,127,205,123,1,153,87,213,71,35,57,116,170,137,3,197,216,122,158,69,5,101,23,209,222,186,163,80,20,201,139,183,50,155,84,4,188,105,25,197,137,20,216,2,215,161
Best fitness found so far: 0.3998722114221683; k: 2.0
Generation: 126; 0.3998722114221683; k: 2.0; 164,48,106,84,17,18,43,71,121,127,221,173,241,115,215,17,244,35,243,196,7,93,5,171,23,209,222,186,135,80,193,87,171,101,23,209,35,215,27,123,21,115,87,186,244,76,215,83,244,35,217,226,45,66,13,197,176,150,16,93,5,101,23,75,222,164,135,31,160,151,79,23,155,216,2,130,171,49,24,188,229,170,140,73,68,160,4,95,162,113,234,89,157,35,40,217,28,36,35,40,121,168,99,108,127,129,62
Best fitness found so far: 0.3998722114221683; k: 2.0
Generation: 127; 0.3998722114221683; k: 2.0; 138,48,106,84,17,18,137,71,211,127,221,173,21,115,215,17,244,35,243,226,189,79,234,197,131,101,78,208,5,101,201,209,222,164,135,36,198,6,12,136,48,106,84,17,18,3,71,211,127,221,173,21,115,215,17,244,35,243,196,7,93,5,117,23,202,222,186,135,213,193,87,7,205,155,164,2,130,171,49,103,188,72,216,237,179,104,115,35,49,27,123,1,136,242,213,244,184,217,241,13,137,67,197,216,152,68,64,5,101,23,209,49,186,45,80,181,147,139,23,7,155,222,24,44,172,136,50,137,230,13,2,215,229,183,23,214,85,20,178,141,32,196,222,101,7,210,53,135,80,193,87,171,118,155,36,175,56,6,49,103,188,67,216,239,179,121,33,35,127,205,123,1,94,87,14,244,209,1,216,102,174,49,186,121,157,21,229,69,184,81,206,206,196,121,113,100,125,216,166,130,65,20,134,67,9,156,212,246,55,220,20
Best fitness found so far: 0.3998722114221683; k: 2.0
Generation: 128; 0.3998722114221683; k: 2.0; 108,48,106,84,17,18,137,71,211,127,29,173,21,115,215,17,244,35,243,226,153,246,98,175,176,101,34,162,5,101,23,119,143,113,69,36,119,6,101,38,209,222,164,243,233,193,27,123,21,115,87,213,244,35,217,214,71,47,185,111,123,243,66,138,155,196,215,17,244,35,100,74,7,2,5,101,33,209,34,210,234,80,193,99,193,62,110,37,101,84,171,214,53,139,183,125,206,241,80
Best fitness found so far: 0.3998722114221683; k: 2.0
Generation: 129; 0.3998722114221683; k: 2.0; 94,184,106,84,17,18,91,71,211,92,221,173,21,115,215,17,244,35,243,196,137,71,96,239,71,171,29,54,117,8,183,11,127,58,112,216,195,23,139,153,49,145,32,217,201,123,4,34,130,171,49,20,188,229,170,239,137,94,110,164,28,196,155,173,177,231,54,20,100,139,183,17,155,7,4,28,105,136,197,53,101,216,2,215,167,183,23,214,171,216,178,141,32,196,222,101,141,1,79,67,27,198,62,54,150,158,244,206,137,186,244,85
Best fitness found so far: 0.3998722114221683; k: 2.0
Generation: 130; 0.3998722114221683; k: 2.0; 108,48,106,84,137,18,137,71,211,182,221,173,21,115,215,17,248,35,243,226,131,79,83,197,176,101,130,74,5,193,80,209,222,88,135,80,198,6,215,86,155,216,149,130,171,38,103,188,93,58,100,162,26,134,99,193,35,187,216,28,87,19,20,77,174,215,28,173,55,115,49,191,137,71,176,185,169,160,55,28,125,181,216,125,57,208,20,139,67,186,86,158,140,141,242,18,105,92,69,215,1,35,125,171,123,84,204,216,216,166,152,126,20,134,157,81,168,112,140,213,124,10,186,149,112,239,211,250,129,221,53,151,184,59,155,121,157,21,121,69,137,221,22,116,90,123,118,100,125,216,24,161,171,20,9,99,3,32,213,42,186,123,88,67,155,84,20,134,67,247,76,36,201,167,250,108,126,130,170,23,89,125,15,149,28,72,214,71,63,97,140,107,198,67,130,160,13,27,216,3,124,171,73,134,67,34,216,82,209,49,186,102,157,93,9,69,246,81,84,206,196,123,113,100,125,224,166,130,171,20,134,67,9,156,212,246,55,220,123
Best fitness found so far: 0.3998722114221683; k: 2.0
Generation: 131; 0.3998722114221683; k: 2.0; 94,48,106,144,17,18,3,21,49,127,221,173,21,115,3,17,244,35,248,196,121,71,75,67,47,106,240,17,211,137,71,92,122,89,24,84,17,19,137,71,157,127,89,123,21,43,87,111,128,35,217,223,171,20,134,139,222,157,144,40,71,35,217,171,123,137,68,71,211,127,221,173,21,115,215,17,108,200,243,226,131,236,234,197,176,55,130,236,5,134,10,209,222,164,55,249,116,208,130,82,161,216,149,25,106,84,17,19,140,71,35,126,210,123,21,115,87,213,22
Best fitness found so far: 0.3998722114221683; k: 2.0
Generation: 132; 0.3998722114221683; k: 2.0; 30,48,191,84,17,128,3,71,211,127,221,173,21,115,215,17,244,35,243,12,7,93,5,101,23,209,222,71,211,182,221,173,21,115,215,199,244,35,15,226,131,79,234,35,217,161,208,233,199,197,216,16,12,93,170,101,13,99,67,127,129,185,98
Best fitness found so far: 0.3998722114221683; k: 2.0
Generation: 133; 0.3998722114221683; k: 2.0; 94,48,106,84,17,18,3,71,211,127,221,173,21,115,215,17,244,35,243,196,137,71,35,23,93,5,101,23,240,198,186,135,80,193,121,175,18,107,94,13,127,237,205,8,214,130,171,49,20,188,229,170,239,217,68,110,164,28,48,246,185,196,144,243,58,155,206,233,95,209,28,131,205,115,152,183,223,101,154,35,111,41,125,234
Best fitness found so far: 0.3998722114221683; k: 2.0
Generation: 134; 0.3998722114221683; k: 2.0; 94,172,106,246,17,18,3,71,211,127,221,173,117,115,215,17,244,35,243,196,7,93,5,101,23,209,74,129,38,240,123,243,52,138,42,46,221,188,127,201,167,137,68,110,159,101,23,87,125,186
Best fitness found so far: 0.3998722114221683; k: 2.0
Generation: 135; 0.3998722114221683; k: 2.0; 108,48,106,84,133,18,137,71,211,182,221,173,241,115,215,17,244,35,15,226,131,79,234,35,217,161,208,233,199,197,216,16,12,93,170,101,13,99,67,37,121,222,69,124,177,60,69,101,23,209,95,186,135,227,193,87,171,23,173,216,2,130,171,49,103,188
Best fitness found so far: 0.3998722114221683; k: 2.0
Generation: 136; 0.3998722114221683; k: 2.0; 213,48,106,84,17,18,23,71,211,127,221,173,21,115,215,17,244,35,243,226,131,79,234,197,176,101,131,162,5,101,23,209,248,164,135,36,193,6,12,82,3,236,5,101,10,209,222,172,55,249,116,208,130,82,155,216,149,25,106,84,17,19,239,71,35,126,204,123,21,115,87,213,22
Best fitness found so far: 0.3998722114221683; k: 2.0
Generation: 137; 0.3998722114221683; k: 2.0; 94,22,106,3,17,18,3,71,211,127,119,173,21,115,215,17,244,35,243,196,7,93,181,101,224,209,222,186,135,80,21,115,215,17,244,35,243,196,137,71,35,23,93,5,101,23,8,222,186,135,80,193,121,175,18,107,184,133,127,224,205,8,214,217,23,87,125,186
Best fitness found so far: 0.3998722114221683; k: 2.0
Generation: 138; 0.3998722114221683; k: 2.0; 94,48,106,84,17,18,3,71,211,127,221,173,21,115,103,17,244,35,243,18,7,93,194,101,23,209,222,186,135,142,71,176,69,169,160,55,28,125,181,216,84,229,208,20,36,67,186,197,158,140,141,242,97,230,92,69,137,71,215,35,144,93,207,148,137,68,110,176,101,142,31,125,240,233,236,191,214,230,12,185,132,40,205,155,5,192,54,80,37,121,196,69,173,177,231,35
Best fitness found so far: 0.3998722114221683; k: 2.0
Generation: 139; 0.3998722114221683; k: 2.0; 94,48,106,84,17,18,3,71,211,127,221,173,57,115,215,17,100,35,243,250,92,238,152,101,23,234,181,112,135,80,193,87,171,18,155,36,92,130,110,49,103,188,204,216,239,179,104,115,66,127,205,123,1,221,87,213,72,35,217,200,13,137,3,197,216,122,158,58,181,101,23,92,105,186,163,20,102,201,139,183,17,155,84,221,74,105,136,176,137,230,10,209,215,171,183,23,214,171,216,233,141,1,11,243,101,177,209,79,67,132,143,62,54,150,115,215,132,244,35,35,226,131,79,234,197,235,101,80,106,5,101,23,209,222,164,193,228,193,6,12,157,17,155,84,221,188,221,65,197,157,225,20,2,250,143,183,23,214,140,216,178,141,114,91,222,211,7,209,79,67,134,198,62,54,3,82,94,106,106,144,17,88,3,238,211,127,221,173,43,80,3,17,244,68,151,196,149,71,75,67,47,106,240,17,211,137,71,92,42,89,140,84,93,19,137,123,27,34,130,228,49,155,188,229,170,239,137,68,112,152,178,55,185,186,228,193,54,246,216,148,87,237,20,109,42,183,172,93,158,93,68,151,217,86,48,16,49,34,194,43,179,178,159,161,10,87,18,158,5,247,96,3,32,129,42,186,211,88,67,155,84,20,134,67,247,197,104,201,167,250,108,98,176,248,32,174,125,153,68,28,9,214,71,175,97,140,79,198,67,130,117,13,27,113,101,124,205,73,215,67,34,216,117,209,49,40,121,157,21,9,178,171,93,43,148,137,68,137,159,101,142,215,125,240,88,236,191,214,71,180,185,186,123,234,211,236,192,245,154,55,21,115,34,233,138,12,60,171,117,81
Best fitness found so far: 0.3998722114221683; k: 2.0
Generation: 140; 0.3998722114221683; k: 2.0; 94,48,106,3,17,18,3,71,211,127,221,173,21,115,215,17,244,35,243,196,7,93,5,84,234,209,190,186,130,80,193,87,171,118,155,36,175,130,171,49,103,188,204,1,239,179,104,115,35,127,205,123,1,136,87,213,244,35,217,116,239,137,3,197,216,122,158,93,169,101,23,209,222,186,163,80,20,184,100,183,61,155,84,221,188,105,136,197,237,230,216,2,215,171,183,23,169,47,216,178,140,32,196,222,101,7,176,121,67,132,198,203,54,159,173,216,97,134,139,153,129,204,32,217,97,134,139,23,17,70,84,45,188,65,65,119,137,230,216,2,215,169,188,18,214,126,216,7,48,231,196,76,101,7,209,79,156,210,209,222,32,135,36,120,6,12,82,155,216,149,144,88,38,29,188,93,58,100,162,57,12,130,133,115,139,122,17,155,111,221,245,119,167,167,183,237,73,140,31,108,232,106,84,122,19,175,73,35,127,221,173,139,93,215,5,244,35,137,186,244,85
Best fitness found so far: 0.3998722114221683; k: 2.0
Generation: 141; 0.3998722114221683; k: 2.0; 108,48,106,84,17,18,137,71,211,127,221,173,21,115,215,17,244,35,243,226,131,246,234,197,176,101,130,162,5,101,23,209,17,4,186
Best fitness found so far: 0.3998722114221683; k: 2.0
Generation: 142; 0.3998722114221683; k: 2.0; 164,48,106,84,17,18,43,71,121,127,83,173,241,115,215,17,244,35,243,196,7,93,5,171,23,209,222,163,135,80,193,237,171,118,155,36,137,221,173,37,167,167,183,188,137,230,45,2,215,171,183,23,214,171,216,178,141,32,196,222,101,7,107,53,135,80,215,87,104,118,155,36,175,10,110,49,103,188,142,216,239,179,104,97,35,105,205,225,1,94,87,14,247,210,217,116,223,137,3,197,216,122,158,93,5,152,23,88,222,186,163,80,20,201,139,51,132,155,84,194,30,105,136,197,137,14,10,212,215,171,183,30,214,171,216,57,166,166,196,106,101,132,209,79,67,132,198,48,54,150,82,216,186,183,139,122,49,154,32,217,201,123,75,34,130,171,49,103,218,229,170,205,137,68,110,164,234,113,31,165,196,144,243,58,155,94,233,241,209,28,131,205,115,152,183,194,101,154,35,19,137,180,141,127,236,123,21,249,87,213,244,35,19,220,68,122,38,240,123,243,213,138,155,46,221,188,127,201,167,137,68,110,159,101,23,87,125,186
Best fitness found so far: 0.3998722114221683; k: 2.0
Generation: 143; 0.3998722114221683; k: 2.0; 108,160,106,84,17,18,137,71,157,127,221,173,21,115,215,17,244,35,243,226,131,27,123,21,115,87,213,175,35,217,171,131,137,111,220,166,72,107,212,101,182,134,166,23,17,155,167,61,55,72,65,197,54,228,9,216,178,58,147,109
Best fitness found so far: 0.3998722114221683; k: 2.0
Generation: 144; 0.3998722114221683; k: 2.0; 30,48,106,84,17,128,3,71,211,127,221,173,21,115,215,192,244,35,243,196,7,58,5,101,23,102,222,210,135,75,193,87,171,58,111,33,211,130,127,67,88,21,241
Best fitness found so far: 0.3998722114221683; k: 2.0
Generation: 145; 0.3998722114221683; k: 2.0; 94,48,106,135,17,183,3,71,211,127,221,173,21,115,215,17,244,35,243,196,137,71,35,127,93,5,101,23,240,222,186,214,28,234,142,115,152,183,194,116,154,35,19,137,225,141,127,44,123,21,115,87,213,152,2,93,72,199,23,209,106,84,17,18,115,71,211,79,221,173,21,115,215,17,244,35,243,196,137,71,194,127,93,5,101,23,240,222,186,135,80,156,121,100,91,107,94,38,127,249,123,21,115,87,164,176
Best fitness found so far: 0.3998722114221683; k: 2.0
Generation: 146; 0.3998722114221683; k: 2.0; 94,48,106,144,17,18,3,21,59,127,221,173,21,115,3,17,244,35,150,196,121,71,75,67,47,106,240,17,211,137,71,92,122,89,140,84,17,19,137,105,157,127,89,123,21,115,87,213,128,35,217,87,171,20,134,139,222,157,144,40,71,211,127,221,173,21,115,215,4,244,35,243,226,131,79,234,197,176,101,130,201,5,101,17,209,222,164,135,36,193,6,12,82,117,216,149,130,171,38,103,19,229,58,100,162,57,166,130,133,221,134,165,9,139,9,240,55,220,131,72,214,162,57,166,134,133,20,134,63,9,139
Best fitness found so far: 0.3998722114221683; k: 2.0
Generation: 147; 0.3998722114221683; k: 2.0; 140,48,106,144,17,18,3,71,211,127,221,53,21,115,3,17,114,35,152,183,194,207,154,35,19,13,225,141,127,44,123,4,115,87,213,99,35,217,220,68,129,97,240,123,62,52,138,155,46,221,75,127,201,167,137,159,110,159,101,23,87,125,186
Best fitness found so far: 0.3998722114221683; k: 2.0
Generation: 148; 0.3998722114221683; k: 2.0; 94,48,106,138,17,18,3,71,211,127,221,173,21,115,93,17,244,35,219,196,167,229,64,127,72,179,101,23,217,222,151,135,29,193,121,175,30,107,94,23,127,249,123,134,221,114,119,4,167,183,143,193,72,31,108,232,67,46,121,175,9,223,163,197,216,101,68,93,216,103,23
Best fitness found so far: 0.3998722114221683; k: 2.0
Generation: 149; 0.3998722114221683; k: 2.0; 108,48,106,84,17,18,137,71,211,127,221,173,227,115,215,17,244,200,243,25,134,236,234,197,176,55,130,236,5,101,10,209,222,164,55,249,116,208,212,82,155,85,149,25,106,84,239,73,165,160,4,95,113,221,97,84,99,91,107,94,133,127,249,123,208,160,87,213,138
Best fitness found so far: 0.3998722114221683; k: 2.0
Generation: 150; 0.3998722114221683; k: 2.0; 16,48,106,84,17,18,3,71,211,127,221,78,21,10,215,17,244,35,74,166,72,107,162,90,166,130,133,239,134,4,151,139
Best fitness found so far: 0.3998722114221683; k: 2.0
Generation: 151; 0.3998722114221683; k: 2.0; 108,48,106,120,17,18,137,71,211,127,221,173,21,115,215,17,244,200,193,101,23,209,196,186,135,80,193,87,171,87,155,36,175,226,171,49,103,188,20,242,239,179,104,115,35,117,205,121,231,136,87,213,244,103,217,116,207,137,3,197,216,122,158,93,12,12,98,209,222,72,163,80,69,201,221,10,155,216,201,130,94,163,103,188,229,58,100,162,72,166,130,156,221,246,165,107,87,200,186,226,171,49,103,188,204,216,239,179,104,115,151,146,205,121,1,136,87,213,244,35,217,116,207,137,229,197,13,199,88,93,66,101,23,73,222,186,163,80,69,201,139,36,155,216,201
Best fitness found so far: 0.3998722114221683; k: 2.0
Generation: 152; 0.3998722114221683; k: 2.0; 221,48,106,144,17,18,3,71,231,127,221,173,21,115,3,17,244,35,248,196,121,71,35,127,47,106,240,17,74,137,71,100,114,89,46,21,115,87,202,128,35,217,78,131,137,50,197,65,197,157,230,20,2,250,143,183,23,165,140,216,178,141,32,91,222,244,7,209,71,67,134,198,62,54,3,152,94,48,106,144,17,88,30,238,211,127
Best fitness found so far: 0.3998722114221683; k: 2.0
Generation: 153; 0.3998722114221683; k: 2.0; 94,172,106,246,17,18,3,71,211,127,221,173,117,115,215,17,244,35,243,196,7,93,5,73,23,228,222,186,135,80,193,87,171,118,155,36,175,226,171,58,103,233,42,216,77,179,104,82,216,44,134,152,153,49,93,32,211,227,144,80,34,130,171,49,103,188,229,170,239,137,68,110,39,28,113,31,125,27,48,106,144,197,123,53,83,59,127,221,173,21,115,9,17,244,35,32,125,186
Best fitness found so far: 0.3998722114221683; k: 2.0
Generation: 154; 0.3998722114221683; k: 2.0; 94,48,106,138,17,18,3,71,211,202,221,173,21,115,93,17,244,35,219,196,137,229,35,127,72,179,34,27,234,222,117,135,29,193,121,249,121,107,94,23,127,249,123,42,221,173,157,167,167,183,143,193,72,31,108,197,67,46,121,175,9,135,181,197,216,6,68,93,216,101,94,101,23,240,222,186,135,66,193,240,27,32,186
Best fitness found so far: 0.3998722114221683; k: 2.0
Generation: 155; 0.3998722114221683; k: 2.0; 94,48,106,84,17,18,3,71,211,127,221,173,21,115,215,17,244,35,245,204,92,93,5,101,23,234,222,140,135,80,193,87,171,118,155,36,175,130,110,49,103,188,204,216,239,179,149,115,35,52,205,123,180,136,87,213,244,35,217,116,13,137,3,206,216,122,158,93,5,236,23,92,135,186,163,80,3,201,75,183,17,155,84,221,30,105,196,197,137,230,10,95,215,171,183,23,214,41,216,178,141,177,196,94,101,218,188,79,67,132,198,62,54,150,79,216,195,94,139,153,49,201,250,20,2,22,80,34,49,171,49,103,188,229,170,239,137,68,110,77,28,113,31,205,196,144,243,58,155,121,71,35,127,47,191,240,17,211,137,138,35,122,89,140,130,115,87,213,177,35,217,136,9,137,50,197,166,167,139,22,31,147,201,195,220,129,21,205,3,17,244,35,248,228,121,71,102,127,47,106,240,17,74,137,71,35,114,89,140,21,115,199,213,128,35,217,78,131,137,50,136,216,85,212,100,46,147,201,206,182,193,121,175,91,105,210,133,127,27,123,21,115,87,75,176
Best fitness found so far: 0.3998722114221683; k: 2.0
Generation: 156; 0.3998722114221683; k: 2.0; 108,48,106,210,17,18,137,71,211,127,221,173,21,115,215,17,244,200,50,76,134,236,234,197,176,55,130,236,5,101,10,209,137,164,55,249,116,208,130,82,155,85,149,25,106,84,239,73,185,112,241,95,113,144,97,84,99,157,35,87,216,11,212,19,20,159,139,153,125,119,198,18,91,164,211,127,221,173,134,181,215,17,92,35,243,196,53,71,171,239,71,171,29,54,117,137,222,52,127,27,123,21,221,117,213,244,35,5,154,23,209,222,164,215,36,193,6,12,157,155,216,149,130,94,38,103,188,229,58,100,162,57,166,130,133,221,134,165,9,121,249,186
Best fitness found so far: 0.3998722114221683; k: 2.0
Generation: 157; 0.3998722114221683; k: 2.0; 94,48,106,144,17,18,3,71,211,127,221,173,21,115,3,17,244,35,41,196,121,71,35,127,47,106,240,17,74,137,71,35,114,89,140,21,215,87,213,128,35,217,78,131,188,204,216,239,179,44,115,35,127,27,123,249,136,87,213,244,35,217,60,13,137,223,197,216,152,68,93,230,199,23,209,222,186,163,80,97,134,139,23,17,155,84,221,188,72,241,197,137,230,216,2,215,171,188,18,214,171,216,7,48,32,196,171,101,7,209,79,67,221,209,222,164,135,36,198,6,12,82,155,216,149,241,171,38,103,206,93,58,100,162,57,166,130,133,73,139,122,17,155,137,221,173,119,167,167,183,237,30,140,31,108,232,37,88,21,10
Best fitness found so far: 0.3998722114221683; k: 2.0
Generation: 158; 0.3998722114221683; k: 2.0; 94,172,106,246,17,18,3,156,211,127,221,173,117,115,215,17,244,35,243,196,7,93,5,101,23,209,222,32,135,80,193,87,171,118,155,36,152,226,171,58,103,188,111,216,77,179,104,115,35,127,47,121,1,136,87,97,244,35,217,116,207,137,3,197,153,122,54,93,5,101,28,209,222,26,149,80,69,201,139,10,155,216,201,213,94,162,90,166,130,133,239,134,67,151,139
Best fitness found so far: 0.3998722114221683; k: 2.0
Generation: 159; 0.3998722114221683; k: 2.0; 94,48,106,84,17,18,3,111,211,127,221,173,21,115,215,17,244,35,243,196,92,93,5,101,23,234,7,186,113,80,193,87,171,118,155,36,175,130,110,49,103,188,240,216,239,179,104,240,35,127,205,123,1,136,87,213,20,178,141,32,139,222,101,7,98,79,67,133,198,233,3,53,94,216,195,67,57,155,222,101,162,179,79,67,113,73
Best fitness found so far: 0.3998722114221683; k: 2.0
Generation: 160; 0.3998722114221683; k: 2.0; 42,48,106,105,17,18,3,71,211,127,221,173,21,95,215,17,244,35,243,18,7,93,5,101,130,101,23,219,125,166,41,28,72,214,71,129,97,140,107,175,124,182,160,13,27,216,3,124,70,73,134,67,34,216,82,209,49,186,121,157,176,9,69,246,81,84,206,196,123,113,100,125,224,166,130,171,20,134,44,9,156,212,246,55,220,118
Best fitness found so far: 0.3998722114221683; k: 2.0
Generation: 161; 0.3998722114221683; k: 2.0; 30,48,106,138,57,128,3,71,211,127,221,173,21,115,215,192,244,35,243,196,7,23,102,101,73,102,222,210,135,144,166,130,133,221,134,184,9,87,200,186
Best fitness found so far: 0.3998722114221683; k: 2.0
Generation: 162; 0.3998722114221683; k: 2.0; 94,48,106,144,17,18,3,21,211,127,221,173,21,115,3,17,244,35,248,196,121,71,75,67,47,83,240,17,53,148,136,92,122,89,140,84,17,6,137,43,157,127,89,123,21,115,87,213,128,35,217,87,59,20,134,139,222,157,144,40,71,35,246,134,63,9,62
Best fitness found so far: 0.3998722114221683; k: 2.0
Generation: 163; 0.3998722114221683; k: 2.0; 94,48,106,84,241,18,133,71,211,127,221,173,21,95,215,17,244,35,243,18,7,93,5,101,23,209,222,186,135,80,127,69,112,118,155,36,172,130,171,49,232,188,204,216,239,179,121,115,35,127,63,123,1,153,87,213,132,35,217,116,13,137,3,197,216,87,158,247,5,101,110,209,222,186,163,80,20,201,139,103,17,155,84,4,188,105,136,197,137,20,216,2,215,171,249,103,214,171,84,178,141,242,196,199,137,136,141,127,27,186,21,115,87,213,244,61,28,214,71,129,185,240,123,237,213,138,23,137,221,188,240,201,167,137,68,110,159,101,23,80,125,186
Best fitness found so far: 0.3998722114221683; k: 2.0
Generation: 164; 0.3998722114221683; k: 2.0; 94,48,106,180,17,18,3,71,211,127,221,173,21,115,215,17,244,35,245,196,92,93,5,101,23,234,233,140,135,80,193,87,171,118,155,36,175,130,110,49,103,85,204,216,239,179,149,115,35,112,205,123,180,177,223,213,244,33,217,116,96,137,3,197,216,122,158,93,5,101,23,92,222,186,163,80,3,201,139,183,17,155,84,221,78,105,196,197,137,230,10,95,215,171,183,23,214,171,216,178,141,77,196,213,101,218,209,79,67,132,175,62,135,36,193,27,123,21,115,87,69,244,35,217,214,71,47,185,233,123,243,213,138,155,137,221,129,127,201,167,238,68,125,159,101,145,71,35,127,27,123,21,94,87,213,244,35,217,153,95,23,199,220,166,98,220,123,88,67,155,223,209,71,129,103,186,171,228,74,85,15,245,173,1,125,211,34,37,138,226,130,171,101,172,171,150,118,139,222,17,120,137,168,22,35,171,93,201,148,137,68,110,159,101,244,31,125,240,87,7,191,214,71,180,89,186,157,205,122,31,192,88,85,66,231,115,34,233,138,15,60,171,117,81
Best fitness found so far: 0.3998722114221683; k: 2.0
Generation: 165; 0.3998722114221683; k: 2.0; 94,48,106,144,17,18,3,21,211,127,221,173,189,115,3,17,244,35,248,196,121,71,75,67,47,241,240,17,211,137,71,92,122,38,140,84,17,19,137,25,157,127,89,123,21,115,89,213,128,35,217,87,171,20,134,139,222,157,144,167,137,68,110,159,101,23,87,161,186
Best fitness found so far: 0.3998722114221683; k: 2.0
Generation: 166; 0.3998722114221683; k: 2.0; 30,48,106,84,17,128,3,71,211,127,221,173,21,115,215,17,244,35,100,186,7,93,5,101,23,209,222,210,135,80,193,87,171,23,50,33,2,220,127,49,103,188,204,216,239,49,52,208,35,127,27,123,249,25,87,213,244,144,217,249,13,208,184,197,216,152,68,92,230,199,23,209,222,186,163,80,97,134,139,23,17,155,84,71,188,65,65,197,137,230,216,2,215,171,188,18,214,126,216,7,48,231,196,76,101,7,209,79,94,48,106,144,17,18,3,71,211,127,221,173,21,115,3,17,114,35,248,196,121,71,35,67,102,106,240,17,211,137,71,70,122,89,221,21,115,87,213,128,35,217,78,131,137,50,167,100,125,29,149,165,127,121,16,87,124,188,127,221,173,21,143,215,17,244,35,243,196,137,71,171,239,149,171,29,189,117,137,183,52,127,27,44,21,115,87,110,244,198,217,212,131,137,199,220,166,72,107,162,90,166,130,133,239,134,67,151,139
Best fitness found so far: 0.3998722114221683; k: 2.0
Generation: 167; 0.3998722114221683; k: 2.0; 108,48,106,84,17,18,137,71,211,127,221,173,21,115,215,17,244,35,243,226,131,246,234,197,176,101,130,162,5,101,23,12,222,164,135,36,119,6,12,82,155,216,149,130,44,60,119,188,229,215,100,162,57,166,130,133,14,2,165,9,139,9,240,55,220,244,170,159,20,212,87,18,158,39,216,142,3,1,188,30,186,123,88,67,155,84,20,134,67,247,76,36,201,167,250,171,110,159,37,23,174,125,166,149,13,2,214,71,129,97,140,83,198,116,130,117,183,11,216,101,205,214,20,134,67,9,216,102,65,49,186,121,157,21,9,69,204,81,63,70,118,123,113,100,125,216,166,130,171,53,134,67,9,156,212,246,55,25,20
Best fitness found so far: 0.3998722114221683; k: 2.0
Generation: 168; 0.3998722114221683; k: 2.0; 94,92,106,84,17,18,3,71,211,127,153,173,21,25,215,17,244,35,243,18,7,93,5,101,23,209,222,186,135,80,193,223,112,118,155,222,57,130,171,49,139,188,204,216,239,72,66,115,35,127,58,123,1,153,87,213,132,35,217,116,13,137,3,197,216,122,111,247,5,101,23,66,222,186,163,80,20,201,139,163,17,128,6,4,188,105,136,24,137,20,216,2,215,171,249,21,214,171,216,178,141,78,196,199,137,108,141,127,187,123,21,115,137,71,137,71,211,127,221,173,21,115,215,17,244,200,243,226,131,236,234,197,176,15,130,236,5,101,10,209,222,43,55,249,116,208,130,82,155,216,149,25,106,84,17,19,140,71,29,126,210,123,21,115,87,213,22
Best fitness found so far: 0.3998722114221683; k: 2.0
Generation: 169; 0.3998722114221683; k: 2.0; 94,48,106,84,17,18,3,71,211,127,221,173,21,95,215,17,244,35,243,85,7,93,5,101,23,117,11,186,135,80,193,149,112,118,155,222,172,130,171,49,139,188,220,26,239,192,104,115,35,127,224,82,1,153,87,213,132,35,217,116,13,137,133,197,216,20,111,247,28,101,23,233,222,186,163,80,236,201,139,115,17,155,6,4,188,105,136,197,137,20,216,2,215,171,167,21,214,131,216,178,178,242,120,221,173,21,115,3,17,244,230,17,244,35,133,196,7,93,93,101,23,209,161,186,135,80,193,87,63,23,239,33,2,130,171,49,103,81,204,216,239,212,104,115,35,127,221,239,1,136,87,102,244,225,14,116,13,137,3,30,216,152,159,93,5,101,23,209,222,86,163,131,20,134,199,23,17,155,84,62,188,72,227,173,137,230,216,2,215,171,183,23,214,171,216,178,141,32,196,222,101,7,98,79,67,229,198,62,3,53,94,216,195,67,57,155,222,101,162,179,79,67,62,73
Best fitness found so far: 0.3998722114221683; k: 2.0
Generation: 170; 0.3998722114221683; k: 2.0; 94,48,106,144,17,18,3,71,211,127,221,173,21,240,3,17,244,35,70,196,121,71,35,127,47,191,32,17,211,137,71,35,122,89,140,130,115,87,213,128,149,217,82,9,137,50,197,216,221,139,22,31,55,201,195,220,129,21,31,3,17,244,35,248,196,94,136,35,127,47,106,240,17,27,137,71,35,114,89,140,21,98,87,213,128,35,217,78,131,137,50,158,216,85,212,100,239,147,201,206,182,193,121,175,84,17,18,3,71,211,127,176,173,241,115,16,17,244,35,243,196,7,93,5,171,23,209,222,186,135,80,193,87,171,213,155,36,137,221,173,37,167,167,183,130,30,140,31,108,76,67,88,132,241
Best fitness found so far: 0.3998722114221683; k: 2.0
Generation: 171; 0.3998722114221683; k: 2.0; 30,48,106,84,17,128,3,71,211,127,221,173,21,115,215,17,244,35,243,196,7,93,5,101,23,209,222,223,135,80,193,87,171,23,50,33,2,130,127,49,103,188,204,216,239,179,44,115,35,127,27,123,249,136,87,213,244,35,217,116,13,137,3,197,216,152,68,93,230,199,23,209,222,186,163,80,97,134,139,23,17,155,84,221,188,72,65,197,137,230,216,135,215,171,188,18,214,45,216,7,48,32,196,171,101,7,209,79,67,23,209,222,164,135,36,198,6,12,82,155,191,149,130,171,38,103,188,93,58,100,162,57,166,130,133,115,139,122,17,155,137,221,173,117,167,167,183,237,30,140,31,108,232,67,88,21,10
Best fitness found so far: 0.3998722114221683; k: 2.0
Generation: 172; 0.3998722114221683; k: 2.0; 108,48,106,84,203,18,137,71,211,127,31,173,21,115,215,67,244,115,3,17,114,115,35,127,27,123,1,136,87,213,96,35,217,116,13,63,3,197,216,152,68,93,5,164,23,209,222,186,163,80,130,134,139,23,17,155,84,6,63,72,136,197,137,230,216,2,215,54,17,23,214,171,216,178,141,32,196,222,101,7,209,79,67,229,198,62,54,150,94,216,195,67,205,155,222,101,162,179,79,36,113,73
Best fitness found so far: 0.3998722114221683; k: 2.0
Generation: 173; 0.3998722114221683; k: 2.0; 68,48,106,84,17,18,3,71,211,127,221,78,21,115,215,17,244,35,243,196,92,93,5,101,23,234,241,186,135,80,23,122,171,222,155,36,175,130,110,49,103,188,204,216,239,179,104,115,35,127,205,123,1,136,87,213,49,35,217,116,13,137,3,197,128,122,158,93,5,101,23,189,222,186,163,80,20,201,139,183,17,12,84,133,30,137,136,197,137,197,10,95,215,165,183,59,214,171,216,178,141,125,196,106,101,143,209,79,67,132,198,62,54,26,82,216,27,134,139,231,49,192,32,217,201,123,80,160,130,171,49,155,188,229,170,239,137,68,9,216,178,55,185,169,228,193,54,49,216,101,87,188,20,218,189,183,172,93,158,93,68,151,217,86,158,16,49,102,238,43,179,178,159,161,23,157,18,158,39,237,99,211,43,129,42,186,123,88,67,155,108,20,134,67,247,92,38,201,167,250,108,126,176,145,23,174,125,166,149,28,191,214,71,129,97,140,79,3,67,130,117,13,27,216,101,124,171,243,101,23,226,163,191,201,156,193,87,14,23,155,216,2,130,171,49,103,151
Best fitness found so far: 0.3998722114221683; k: 2.0
Generation: 174; 0.3998722114221683; k: 2.0; 212,48,106,84,17,18,3,71,211,127,221,78,21,115,157,17,244,35,183,196,73,32,217,229,123,80,216,110,159,184,23,31,125,16,94,80,37,121,222,69,124,177,245,69,104,23,209,222,186,135,115,193,87,171,23,37,216,2,102,171,49,103,188
Best fitness found so far: 0.3998722114221683; k: 2.0
Generation: 175; 0.3998722114221683; k: 2.0; 124,48,106,84,17,18,137,71,211,127,221,173,21,115,215,17,244,35,243,226,131,79,234,98,70,101,130,162,26,101,23,209,222,205,135,36,193,27,123,21,115,87,213,244,5,217,214,71,47,185,213,123,243,213,74,155,137,221,129,127,201,117,238,68,81,159,101,145,71,51,127,27,123,21,94,87,213,244,35,217,153,95,91,199,70,166,98,220,123,88,67,155,223,209,71,129,103,186,171,228,74,113,21,214,171,216,178,178,242,196,199,244,85
Best fitness found so far: 0.3998722114221683; k: 2.0
Generation: 176; 0.3998722114221683; k: 2.0; 94,48,106,84,17,18,3,71,211,127,221,173,21,115,215,17,100,35,243,196,221,183,152,101,23,234,181,112,135,80,193,87,171,118,155,51,92,130,110,49,103,21,204,216,239,245,104,115,66,127,205,123,1,136,87,213,244,35,217,200,13,137,3,72,216,122,158,58,181,101,23,92,105,186,163,20,19,201,139,183,17,155,84,221,74,146,136,176,137,230,10,209,215,171,183,32,214,171,216,233,141,82,11,106,101,218,209,79,67,132,143,62,54,150,115,215,132,168,35,35,226,131,79,107,197,235,101,80,162,5,101,23,209,222,164,10,215,193,6,12,157,17,155,84,221,188,221,65,197,157,230,20,2,250,105,53,183,214,140,216,178,141,32,91,222,211,7,209,79,67,134,198,62,54,3,82,94,48,106,144,17,88,3,224,211,127,221,173,43,80,3,17,244,68,186,196,121,71,75,67,47,106,240,17,211,137,71,70,42,89,140,84,17,19,137,148,157,127,89,123,79,115,139,213,128,35,217,216,20,209,49,186,121,157,21,9,69,246,81,206,206,195,123,113,100,125,16,89,80,37,121,16,87,179,188,39,180,35,171,123,215,243,99
Best fitness found so far: 0.3998722114221683; k: 2.0
Generation: 177; 0.3998722114221683; k: 2.0; 108,48,106,84,17,18,137,71,211,127,221,173,21,115,215,17,244,35,243,226,131,161,234,197,176,101,130,80,5,101,229,198,62,54,150,70,216,195,190,205,186,249,136,87,213,244,35,217,116,13,137,3,197,216,152,178,236,230,230,23,121,222,186,163,80,85,134,139,23,17,155,84,61,55,72,65,197,54,228,9,216,178,55,147,72
Best fitness found so far: 0.3998722114221683; k: 2.0
Generation: 178; 0.3998722114221683; k: 2.0; 94,48,106,123,17,118,3,71,211,127,221,173,21,115,19,17,244,35,74,85,7,93,5,101,31,209,222,246,135,80,167,87,189,93,155,36,175,130,171,23,121,188,204,120,219,179,18,66,35,127,89,123,30,139,87,174,244,35,146,116,209,117,3,197,216,122,158,215,79,101,23,141,35,127,228,123,21,115,87,213,244,115,215,213,244,35,217,226,200,70,171,197,113,101,16,164,32,101,23,209,222,164,135,31,160,87,222,23,155,106,2,130,171,49,103,188,229,236,239,147,68,160,4,95,113,113,234,155,157,35,40,129,28,157,221,239,171,23,61,80,52,130,66,60,103,147,204,216,239,179,104,115,35,135,232,123,115,63,230,213,244,35,217,116,13,137,3,197,52,242,68,93,5,101,23,209,222,186,163,150,20,134,139,233,17,78,84,221,229,72,216,197,82,177,242,2,249,171,183,23,214,68,216,178,244,105,180,20,212,87,84,250,39,247,142,3,32,188,30,186,123,88,67,129,84,20,134,67,247,130,36,201,167,250,68,110,159,35,126,210,78,21,180,87,213,22
Best fitness found so far: 0.3998722114221683; k: 2.0
Generation: 179; 0.3998722114221683; k: 2.0; 108,48,106,84,17,18,137,71,211,247,221,173,21,115,215,17,244,35,243,226,131,79,234,197,176,101,237,162,5,101,23,209,222,164,135,36,198,6,12,82,155,216,149,130,171,38,103,188,93,58,100,162,57,166,130,133,115,145,96,17,95,137,221,219,119,167,167,183,237,30,140,31,108,232,67,144,97,84,99,157,35,30,216,11,212,19,20,159,139,153,125,119,46,18,91,71,211,127,221,173,211,181,215,17,92,35,243,196,235,71,136,239,71,171,29,54,117,137,56,52,185,27,123,21,115,71,213,244,35,217,171,131,137,199,220,166,72,107,162,159,166,130,133,239,134,67,151,139
Best fitness found so far: 0.3998722114221683; k: 2.0
Generation: 180; 0.3998722114221683; k: 2.0; 94,48,106,51,17,18,3,71,211,127,221,173,21,115,215,17,244,35,243,196,137,87,35,127,93,5,101,23,240,216,152,68,64,5,101,23,209,49,186,45,80,181,134,139,23,7,155,222,221,44,172,136,50,137,230,110,2,215,229,145,23,214,171,82,178,141,32,196,222,101,7,209,53,135,80,193,87,171,118,155,36,175,56,6,49,103,188,204,216,239,179,121,115,35,127,205,123,1,94,87,14,244,35,34,216,102,126,49,186,121,157,219,9,69,199,81,206,206,196,121,113,100,125,216,166,130,171,20,134,67,9,156,232,246,55,220,20
Best fitness found so far: 0.3998722114221683; k: 2.0
Generation: 181; 0.3998722114221683; k: 2.0; 108,48,106,84,137,18,137,71,211,182,221,173,21,115,215,17,244,35,243,124,238,246,234,197,176,101,130,48,185,193,23,209,61,164,135,36,198,190,215,86,155,81,149,130,222,186,135,115,193,9,171,138,155,216,2,94,171,49,123,188,229,124,239,73,8,160,4,95,113,144,97,84,122,161,35,87,114,69,211,19,106,84,17,18,137,71,211,127,221,173,21,115,215,17,226,35,243,226,131,79,234,197,176,101,130,162,5,101,229,198,62,54,150,94,216,195,190,205,155,164,101,162,57,79,67,113,73
Best fitness found so far: 0.3998722114221683; k: 2.0
Generation: 182; 0.3998722114221683; k: 2.0; 108,48,106,42,137,18,137,71,211,182,221,173,29,115,215,17,244,35,243,226,131,79,163,197,176,101,130,187,5,128,23,211,127,221,173,21,115,215,17,244,200,243,226,131,83,234,197,176,55,154,236,5,101,10,209,222,164,55,249,116,247,130,82,155,216,149,217,106,84,17,19,140,71,35,126,210,123,21,115,87,213,84
Best fitness found so far: 0.3998722114221683; k: 2.0
Generation: 183; 0.3998722114221683; k: 2.0; 136,48,106,84,17,18,3,71,211,127,221,173,21,115,215,17,244,35,243,196,7,93,5,44,207,209,222,186,135,80,193,87,7,23,155,33,2,130,66,49,103,188,204,216,237,179,104,115,35,49,27,123,1,136,87,213,244,35,66,116,13,137,3,197,216,152,68,64,149,136,23,209,49,186,126,80,20,44,139,23,17,155,84,221,141,72,3,197,137,230,216,2,215,171,109,23,214,171,216,178,141,32,196,222,73,7,209,53,135,80,193,87,10,118,155,77,139,10,110,49,103,188,204,216,239,179,104,115,35,127,205,123,1,94,87,14,244,35,217,116,13,137,3,240,222,186,135,154,193,121,175,91,107,20,133,127,249,63,21,115,87,213,176
Best fitness found so far: 0.3998722114221683; k: 2.0
Generation: 184; 0.3998722114221683; k: 2.0; 90,70,106,84,245,18,7,126,211,127,221,173,21,115,215,17,244,35,243,196,59,71,35,23,93,94,101,23,240,222,186,135,66,193,121,27,66,186
Best fitness found so far: 0.3998722114221683; k: 2.0
Generation: 185; 0.3998722114221683; k: 2.0; 108,136,106,84,17,18,137,71,211,127,221,173,21,115,215,17,244,200,243,226,134,236,234,197,176,55,210,236,16,101,10,40,222,164,55,249,141,248,225,82,155,85,149,25,106,84,239,73,216,160,80,95,113,144,97,124,99,180,35,61,216,11,212,19,20,159,139,153,125,119,17,18,91,71,211,127,221,173,211,181,3,17,92,35,243,11,235,173,21,115,3,17,114,35,248,196,121,71,35,67,47,106,240,17,211,137,71,35,122,89,140,21,115,87,213,128,35,217,78,131,137,50,167,31,125,16,89,80,37,121,16,87,124,188,140,180,35,171,123,195,240,99
Best fitness found so far: 0.3998722114221683; k: 2.0
Generation: 186; 0.3998722114221683; k: 2.0; 94,48,106,84,17,183,3,71,211,127,221,173,21,115,215,17,244,35,243,196,137,71,35,187,93,5,101,23,240,222,186,214,28,131,142,115,22,183,194,101,154,35,19,137,225,53,127,44,123,21,115,87,213,244,35,217,220,68,129,38,240,123,243,52,177,155,46,197,188,127,201,167,137,68,162,159,101,23,87,160,186
Best fitness found so far: 0.3998722114221683; k: 2.0
Generation: 187; 0.3998722114221683; k: 2.0; 108,48,106,42,137,18,137,71,211,182,221,173,29,115,215,17,244,35,243,226,50,79,234,197,176,86,130,46,5,19,23,117,222,164,135,36,198,6,215,55,155,216,149,130,171,38,103,188,93,58,100,162,97,134,99,56,35,187,216,128,87,19,20,18,174,215,28,173,94,125,49,196,142,71,176,69,47,160,55,28,125,181,216,84,124,208,20,34,67,186,197,158,140,141,242,97,199,92,62,137,71,35,35,144,93,146,148,137,68,13,62,101,142,70,125,150,108,1,20,214,230,12,185,139,123,205,171,205,192,192,244,35,243,196,7,205,102,101,73,102,222,210,135,75,193,87,171,23,50,33,113,125,186
Best fitness found so far: 0.3998722114221683; k: 2.0
Generation: 188; 0.3998722114221683; k: 2.0; 30,48,106,84,95,128,3,71,211,127,221,173,21,115,215,192,244,35,243,196,7,23,102,101,73,193,161,1,108,232,67,119,21,10
Best fitness found so far: 0.3998722114221683; k: 2.0
Generation: 189; 0.3998722114221683; k: 2.0; 220,48,106,84,17,18,43,71,121,127,221,173,241,115,215,17,244,35,243,196,7,93,5,171,23,209,222,17,18,3,71,199,127,221,53,21,115,3,17,114,48,25,196,121,71,35,67,47,106,227,17,211,137,71,35,122,89,148,21,115,87,213,56,35,217,78,216,107,50,155,108,125,16,51,80,37,121,127,133,16,135,115,193,106,171,23,22,216,246,95,171,198,103,186,229,124,239,73,185,160,4,95,113,211,97,84,99,193,35,59,216,96,87,19,20,134,139,153,125,14,32,217,201,123,80,34,110,200,184,23,31,125,16,135,80,37,196,222,69,124,5,60,69,101,62,209,95,186,135,227,193,87,171,23,155,216,2,130,171,49,103,188
Best fitness found so far: 0.3998722114221683; k: 2.0
Generation: 190; 0.3998722114221683; k: 2.0; 30,48,106,84,243,128,3,71,211,127,247,173,21,115,127,17,244,35,100,130,171,38,103,188,93,158,100,162,97,134,99,193,35,147,216,128,87,19,20,14,174,231,28,173,94,115,49,196,229,71,176,69,169,160,55,113,125,153,216,34,124,208,20,36,67,191,197,158,140,141,242,97,230,92,69,137,71,111,35,144,93,37,148,137,68,140,159,101,142,31,125,225,233,236,191,214,230,12,185,132,40,207,239,36,19,130,144,49,30,188,163,221,239,179,104,115,35,127,205,123,1,136,87,213,244,35,217,116,13,137,3,197,128,122,158,93,123,101,23,250,156,186,163,80,20,201,139,183,17,12,84,133,30,105,136,118,137,197,181,205,215,171,182,4,214,171,216,178,141,125,196,106,101,218,173,79,149,132,198,62,54,26,82,7,195,134,104,153,49,93,32,217,39,163,80,25,130,70,49,155,188,229,170,239,137,68,9,216,178,55,30,186,228,193,143,246,216,101,87,237,20,86,189,233,165,93,158,183,46,151,100,86,158,16,52,208,197,216,152,131,201,230,230,23,121,222,247,163,155,182,134,111,23,17,155,167,61,55,72,65,86,54,59,9,179,178,103,147,109
Best fitness found so far: 0.3998722114221683; k: 2.0
Generation: 191; 0.3998722114221683; k: 2.0; 171,48,106,84,17,128,3,71,211,127,221,173,21,115,215,17,244,35,243,127,7,230,5,75,23,209,169,105,135,80,193,87,171,23,50,33,2,25,127,49,21,105,204,216,239,184,44,115,35,127,27,196,249,136,87,213,244,35,217,78,13,84,3,145,183,152,68,93,199,239,23,209,222,186,163,80,97,134,139,23,17,26,84,221,188,72,56,244,137,230,216,2,215,171,236,18,214,171,216,7,48,104,209,222,164,55,249,116,208,130,82,155,193,149,25,106,84,17,19,32,71,35,126,210,123,21,115,87,213,22
Best fitness found so far: 0.3998722114221683; k: 2.0
Generation: 192; 0.3998722114221683; k: 2.0; 30,48,106,84,17,128,3,71,211,127,221,173,53,115,215,17,244,35,243,196,7,93,5,101,23,49,222,210,135,80,193,87,152,23,50,33,2,130,127,49,47,188,204,216,239,182,44,115,177,127,219,123,249,79,199,3,71,211,127,221,173,21,115,215,17,244,35,211,196,137,28,35,41,93,5,101,23,240,16,186,135,80,193,121,175,91,107,94,133,127,249,123,21,115,87,213,176
Best fitness found so far: 0.3998722114221683; k: 2.0
Generation: 193; 0.3998722114221683; k: 2.0; 108,48,106,84,203,18,137,71,211,127,29,173,21,115,215,17,244,35,243,226,153,246,234,175,176,101,61,162,5,101,23,119,143,113,135,36,226,6,101,38,209,222,103,243,233,193,27,123,21,240,87,213,244,194,217,214,71,47,185,111,123,243,66,138,155,210,135,75,193,87,171,23,50,33,90,125,186
Best fitness found so far: 0.3998722114221683; k: 2.0
Generation: 194; 0.3998722114221683; k: 2.0; 30,48,106,84,17,128,3,71,211,127,221,173,21,115,215,192,244,35,243,196,7,93,5,101,23,102,222,210,39,75,193,60,171,23,50,33,211,130,127,49,4,188,204,183,239,182,44,115,192,127,219,123,249,136,26,213,244,35,217,116,13,192,182,154,66,21,115,34,233,83,15,60,171,208,81
Best fitness found so far: 0.3998722114221683; k: 2.0
Generation: 195; 0.3998722114221683; k: 2.0; 192,48,106,234,17,33,137,71,211,127,221,173,21,115,215,17,244,200,243,226,215,236,234,197,176,70,130,236,5,101,10,209,222,164,55,249,80,208,130,173,21,241,233,17,94,10,243,196,80,18,5,249,136,87,213,244,35,11,116,13,137,184,238,43,7,178,7,240,23,87,53,158,39,247,99,3,32,237,42,186,123,88,67,155,70,20,134,67,247,76,36,156,167,250,108,204,130,101,217,219,125,166,149,28,72,214,71,129,97,140,107,198,67,130,160,106,27,216,83,186,171,73,134,67,34,216,82,209,49,186,121,157,73,9,69,217,81,84,206,196,123,113,100,125,224,166,156,171,20,129,67,9,156,212,246,55,220,118
Best fitness found so far: 0.3998722114221683; k: 2.0
Generation: 196; 0.3998722114221683; k: 2.0; 108,48,106,84,137,18,137,71,211,182,221,173,21,115,215,17,244,35,15,226,131,79,234,35,217,161,208,233,1,197,216,16,12,93,170,101,13,99,67,127,127,221,173,21,91,215,17,244,35,243,196,137,71,35,127,27,123,21,115,87,213,138
Best fitness found so far: 0.3998722114221683; k: 2.0
Generation: 197; 0.3998722114221683; k: 2.0; 108,48,106,84,17,18,137,71,211,127,221,173,121,115,215,17,244,200,56,226,131,79,234,197,176,101,87,213,244,35,217,116,13,137,3,197,66,152,68,93,5,101,23,209,222,186,163,80,20,134,27,233,17,78,84,221,87,72,122,197,137,190,30,2,215,171,183,23,214,171,216,178,141,32,139,222,101,7,209,79,67,229,111,62,54,150,94,122,195,154,192,245,154,94,21,115,34,233,189,9,60,171,117,81
Best fitness found so far: 0.3998722114221683; k: 2.0
Generation: 198; 0.3998722114221683; k: 2.0; 108,48,106,84,137,18,137,71,211,182,221,173,21,115,215,17,244,35,243,226,131,246,234,197,176,101,130,48,185,193,23,209,109,164,135,36,198,190,215,86,155,216,149,130,222,246,115,126,193,229,171,23,155,216,2,94,171,238,123,188,229,110,239,73,8,160,4,95,113,144,97,84,99,193,35,87,216,69,75,19,20,134,139,153,125,26,32,217,201,213,80,34,110,159,184,23,31,125,16,135,80,37,121,222,69,124,225,245,69,1,41,209,222,186,135,115,193,87,131,125,16
Best fitness found so far: 0.3998722114221683; k: 2.0
Generation: 199; 0.3998722114221683; k: 2.0; 94,48,106,84,17,18,3,71,29,127,221,173,123,115,215,17,244,35,26,196,180,93,71,101,103,209,222,186,58,80,193,239,7,26,61,33,52,130,66,60,103,173,204,216,239,179,104,115,35,135,232,123,115,63,87,213,244,35,34,116,13,137,3,197,52,242,68,93,5,101,23,209,222,186,163,150,7,134,139,233,17,78,84,221,229,72,216,197,82,73,242,2,189,171,183,23,214,171,216,178,244,77,180,20,212,87,84,250,39,247,142,3,32,151,30,186,123,88,67,155,84,20,91,67,88,76,87,200,46,123,115,215,17,244,35,26,196,180,93,71,101,103,209,222,186,58,80,193,239,7,26,61,33,52,130,66,60,103,173,204,216,239,179,104,115,35,135,232,123,115,63,87,213,244,35,34,116,13,137,3,197,52,242,68,93,5,101,23,209,222,186,163,150,7,134,139,233,17,78,84,221,229,72,216,197,82,73,242,2,189,171,183,23,214,171,216,178
Best fitness found so far: 0.3998722114221683; k: 2.0
Total time of execution of seed 9 : 93838981
Solution Fitness: -0.3998722114221683
Variables: random 6 eucledian moveBetween split moveAverage moveBetween join moveAverage join
