Generation: 0; 0.009300327111616472; k: 2.0; 131,44,41,247,207,48,139,232,215,74,100,92,209,146
Best fitness found so far: 0.009300327111616472; k: 2.0
Generation: 1; 0.28817063037709; k: 2.0; 219,90,198,115,23,211,45,230,123,14,144,58,106,2
Best fitness found so far: 0.28817063037709; k: 2.0
Generation: 2; 0.29356941009867565; k: 2.0; 243,222,112,211,167,136,115,100,245
Best fitness found so far: 0.29356941009867565; k: 2.0
Generation: 3; 0.2339617511048091; k: 2.0; 219,90,6,115,23,211,45,230,77,83,243,118,187,155,150,9
Best fitness found so far: 0.29356941009867565; k: 2.0
Generation: 4; 0.34304680071916865; k: 2.1; 85,116,199,60,3,142,159,204,189,208
Best fitness found so far: 0.34304680071916865; k: 2.1
Generation: 5; 0.34304680071916865; k: 2.1; 85,116,199,60,3,142,159,204,189,208
Best fitness found so far: 0.34304680071916865; k: 2.1
Generation: 6; 0.33455814106794574; k: 2.0; 166,17,225,87,57,175,179
Best fitness found so far: 0.34304680071916865; k: 2.1
Generation: 7; 0.3257434041901546; k: 2.0; 56,93,118,65,51,102,161,176,249,85,246,243,222,112,211,167,171,115,100,219,90
Best fitness found so far: 0.34304680071916865; k: 2.1
Generation: 8; 0.3496734034760879; k: 2.0; 56,93,118,90,51,243,127,208,221,236,125,178,89,229,56,140
Best fitness found so far: 0.3496734034760879; k: 2.0
Generation: 9; 0.34304680071916865; k: 2.1; 85,116,199,60,3,142,159,204,189,208
Best fitness found so far: 0.3496734034760879; k: 2.0
Generation: 10; 0.33455814106794574; k: 2.0; 166,17,225,87,57,175,179
Best fitness found so far: 0.3496734034760879; k: 2.0
Generation: 11; 0.35575436620513945; k: 2.0; 124,243,225,140,197,157,183,61,87,80,198,115,23,211,45,230,67,14,13,58,74,2
Best fitness found so far: 0.35575436620513945; k: 2.0
Generation: 12; 0.3582579622411261; k: 2.0; 85,116,199,149,3,67,163,197,161,160,97,131,161,139,249,155,127,21,54
Best fitness found so far: 0.3582579622411261; k: 2.0
Generation: 13; 0.34304680071916865; k: 2.1; 75,166,199,60,3,142,159,204,189,208
Best fitness found so far: 0.3582579622411261; k: 2.0
Generation: 14; 0.3703861989321192; k: 2.0; 23,23,18,44,221,208,221,236,125,178,89,229,56,140
Best fitness found so far: 0.3703861989321192; k: 2.0
Generation: 15; 0.33455814106794574; k: 2.0; 166,17,225,87,57,175,179
Best fitness found so far: 0.3703861989321192; k: 2.0
Generation: 16; 0.33949670251910086; k: 2.0; 56,124,65,65,51,111,63,164,249,85,246,28,85,18,208
Best fitness found so far: 0.3703861989321192; k: 2.0
Generation: 17; 0.37859859729961587; k: 2.0; 166,17,164,87,57,211,45,230,77,83,189,208
Best fitness found so far: 0.37859859729961587; k: 2.0
Generation: 18; 0.35575436620513945; k: 2.0; 124,243,225,140,197,197,135,61,87,110,210,115,23,211,225,87,57,29,179
Best fitness found so far: 0.37859859729961587; k: 2.0
Generation: 19; 0.35575436620513945; k: 2.0; 124,243,225,140,197,197,183,61,87,80,198,115,23,211,45,230,67,14,199,123,3,142,159,204,249,124,83,174,90,18,208
Best fitness found so far: 0.37859859729961587; k: 2.0
Generation: 20; 0.3566587180339866; k: 2.0; 85,116,199,60,77,83,85,139,3,228
Best fitness found so far: 0.37859859729961587; k: 2.0
Generation: 21; 0.36020539224349857; k: 2.0; 75,166,199,65,45,63,77,83,113,24
Best fitness found so far: 0.37859859729961587; k: 2.0
Generation: 22; 0.3599297977411544; k: 2.0; 75,166,32,60,3,142,159,204,189,163,77,211,45,230,77,83,85,139,83,85
Best fitness found so far: 0.37859859729961587; k: 2.0
Generation: 23; 0.35575436620513945; k: 2.0; 124,243,225,140,233,157,183,61,87,80,198,115,23,211,45,14,51,115,150,57,45,230,60,83,172,65,135,156,139
Best fitness found so far: 0.37859859729961587; k: 2.0
Generation: 24; 0.35575436620513945; k: 2.0; 124,243,225,140,197,197,183,61,223,80,198,115,23,211,196,230,67,14,199,123,20,199,14,161,176,229,56,140
Best fitness found so far: 0.37859859729961587; k: 2.0
Generation: 25; 0.37859859729961587; k: 2.0; 166,17,164,87,57,211,45,230,77,83,189,208
Best fitness found so far: 0.37859859729961587; k: 2.0
Generation: 26; 0.35575436620513945; k: 2.0; 124,243,225,140,25,197,183,61,223,80,222,115,23,207,45,230,88,67,199,113,24
Best fitness found so far: 0.37859859729961587; k: 2.0
Generation: 27; 0.3715852926900842; k: 2.0; 63,243,225,140,197,197,183,61,95,95,225,140,197,197,183,61
Best fitness found so far: 0.37859859729961587; k: 2.0
Generation: 28; 0.35575436620513945; k: 2.0; 124,243,225,140,197,197,183,61,223,80,198,115,23,211,13,230,67,197,197,230,142,17,225,87,57,175,179
Best fitness found so far: 0.37859859729961587; k: 2.0
Generation: 29; 0.35575436620513945; k: 2.0; 130,243,225,140,149,197,183,61,223,80,198,115,115,77,211,147,230,216,84,85,60,83,85,61,177,80,198,115,23,115,77,211
Best fitness found so far: 0.37859859729961587; k: 2.0
Generation: 30; 0.3733860731924422; k: 2.0; 63,243,225,140,197,197,183,211,225,87
Best fitness found so far: 0.37859859729961587; k: 2.0
Generation: 31; 0.3733860731924422; k: 2.0; 63,243,225,140,197,197,197,211,225,87
Best fitness found so far: 0.37859859729961587; k: 2.0
Generation: 32; 0.35575436620513945; k: 2.0; 156,243,225,140,25,197,183,61,223,80,216,115,23,211,45,230,67,67,199,123,206,74,102,166,135,199,123,190,199,109,167,207,115,243,240,140,197,197,183,61,22,132,198,115,23,184,192,230,198,115,23,211,204,96,208
Best fitness found so far: 0.37859859729961587; k: 2.0
Generation: 33; 0.3680706755617674; k: 2.1; 240,243,188,140,197,197,183,61,87,113,198,115,23,211,29,230,52,14,4,123,3,23,184,192,230,198,115,23,211,204,96,208
Best fitness found so far: 0.37859859729961587; k: 2.0
Generation: 34; 0.35703159238820403; k: 2.0; 230,176,31,140,197,197,183,61,223,80,198,90,223,211,45,215,67,225,199,123,156,1,155,161,229,65,246,157,181,45,140,197,197,183,192,174,80,198,112,200,211,220,230,67,39,12,123,3,4,217,204,139,3,228
Best fitness found so far: 0.37859859729961587; k: 2.0
Generation: 35; 0.35575436620513945; k: 2.0; 124,243,225,140,197,197,183,61,87,80,198,115,23,211,45,230,67,14,199,223,3,142,159,204,249,124,83,174,90,18,79
Best fitness found so far: 0.37859859729961587; k: 2.0
Generation: 36; 0.3703861989321192; k: 2.0; 76,23,18,44,221,208,221,236,125,178,89,229,56,140
Best fitness found so far: 0.37859859729961587; k: 2.0
Generation: 37; 0.37859859729961587; k: 2.0; 166,17,164,87,57,211,45,230,77,83,189,208
Best fitness found so far: 0.37859859729961587; k: 2.0
Generation: 38; 0.37859859729961587; k: 2.0; 166,17,164,87,57,211,45,230,77,83,189,208
Best fitness found so far: 0.37859859729961587; k: 2.0
Generation: 39; 0.35703159238820403; k: 2.0; 230,176,31,140,197,197,183,61,223,80,198,90,223,211,238,215,44,225,199,123,156,1,155,161,229,65,246,157,181,45,140,197,223,80,204,115,23,211,192,230,197,197,183,61,223,80,134,211,112,112,67,14,161,176,249,89,229,56,140
Best fitness found so far: 0.37859859729961587; k: 2.0
Generation: 40; 0.3703861989321192; k: 2.0; 76,23,18,44,221,208,221,236,125,178,89,229,56,140,76,23,18,44,221,208,221,236,125,178,89,229
Best fitness found so far: 0.37859859729961587; k: 2.0
Generation: 41; 0.3680706755617674; k: 2.1; 240,243,188,140,197,197,183,61,87,203,198,115,23,211,211,192,74,21,243,225,140,25,197,183,61,223,60,222,115,23,211,45,230,67,67,199,123,206,74,102,167,135,199,123,215,199,102,167,207,115,23,91,45,230,77,163,85,131,3,228
Best fitness found so far: 0.37859859729961587; k: 2.0
Generation: 42; 0.3733860731924422; k: 2.0; 85,243,225,140,197,197,197,211,225,87
Best fitness found so far: 0.37859859729961587; k: 2.0
Generation: 43; 0.3680706755617674; k: 2.1; 36,243,188,140,197,197,183,61,87,113,198,115,75,166,199,78,45,63,77,83,113,24
Best fitness found so far: 0.37859859729961587; k: 2.0
Generation: 44; 0.3680706755617674; k: 2.1; 240,243,188,140,197,197,183,61,73,113,198,115,154,198,7,90,204,189,208
Best fitness found so far: 0.37859859729961587; k: 2.0
Generation: 45; 0.3680706755617674; k: 2.1; 240,243,188,140,139,197,183,61,87,113,198,115,23,124,29,105,52,61,223,80,198,90,23,211,45,215,87,184,199,42,20,199,14,161,229,65,175,111,121,1,103,243,229,65,221,197,183,61,223,133,198,90,223,119,45,215,44,225,199,123,18,1,114,161,229,65,246,157,181,45,68,197,197,208
Best fitness found so far: 0.37859859729961587; k: 2.0
Generation: 46; 0.37859859729961587; k: 2.0; 166,17,164,87,57,211,45,230,77,83,189,208
Best fitness found so far: 0.37859859729961587; k: 2.0
Generation: 47; 0.37859859729961587; k: 2.0; 166,17,164,87,57,211,45,230,77,83,189,188,140,197,197,183,61,73,113,198,115,154,198,7,122
Best fitness found so far: 0.37859859729961587; k: 2.0
Generation: 48; 0.3703861989321192; k: 2.0; 76,23,18,44,221,208,221,236,125,178,89,229,56,140,211,23,18,44,163,77,83,189,208
Best fitness found so far: 0.37859859729961587; k: 2.0
Generation: 49; 0.37859859729961587; k: 2.0; 166,17,164,87,57,211,45,230,77,83,189,188,140,197,250,183,61,73,113,198,115,154,198,7,122
Best fitness found so far: 0.37859859729961587; k: 2.0
Generation: 50; 0.37859859729961587; k: 2.0; 144,17,164,87,57,211,45,230,77,83,189,188,140,197,250,140,197,197,183,211,225,87
Best fitness found so far: 0.37859859729961587; k: 2.0
Generation: 51; 0.37859859729961587; k: 2.0; 166,17,164,87,57,211,45,230,77,83,189,188,140,197,250,183,61,73,113,198,115,154,23,18,44,221,208,221,236,125,178,89,229,56,140,76,23,208,44,172,208,31,236,125,178,89,229
Best fitness found so far: 0.37859859729961587; k: 2.0
Generation: 52; 0.37859859729961587; k: 2.0; 166,17,164,87,57,211,45,230,77,83,189,208
Best fitness found so far: 0.37859859729961587; k: 2.0
Generation: 53; 0.37859859729961587; k: 2.0; 144,17,164,87,143,211,45,230,69,83,189,188,203,197,250,140,197,211,115,230,77,83,189,208
Best fitness found so far: 0.37859859729961587; k: 2.0
Generation: 54; 0.37859859729961587; k: 2.0; 166,17,164,87,57,211,45,230,37,83,189,188,140,197,197,183,61,73,113,198,115,154,198,227,140,197,197,183,61,196,113,198,115,247,39,140,89,197,209,131,241,41,198,44,23,211,29,230,52,61
Best fitness found so far: 0.37859859729961587; k: 2.0
Generation: 55; 0.37859859729961587; k: 2.0; 144,17,164,87,57,106,45,230,77,83,189,188,140,197,250,140,197,176,157,3,45,140,197,223,80,204,204,23,211,192,230,197,191,183,127,162,144,12,9,236,211,225,226
Best fitness found so far: 0.37859859729961587; k: 2.0
Generation: 56; 0.37859859729961587; k: 2.0; 54,17,164,18,57,211,45,230,77,243,189,188,140,197,247,183,61,73,113,198,115,154,23,87
Best fitness found so far: 0.37859859729961587; k: 2.0
Generation: 57; 0.37859859729961587; k: 2.0; 70,17,164,87,57,211,45,230,77,83,189,188,140,197,250,215,101,73,65,198,115,154,90,209,211,187,215,160,225,204,123,54,124,243,218,122,5,197,183,207,2,140,139,231,202,67,211,45,230,67,176,18,114,192,142,17,19,197,183,61,169,113,198,173,247,157,29,105,126,13,223,140,198,188,6,244,197,183,140,197,250,140,197,197,86,211,225,39,229
Best fitness found so far: 0.37859859729961587; k: 2.0
Generation: 58; 0.37859859729961587; k: 2.0; 166,17,159,87,57,211,45,230,77,83,189,188,140,197,250,240,2,2,215,54,231,202,67,211,184,45,199,3,142,83,50,189,208
Best fitness found so far: 0.37859859729961587; k: 2.0
Generation: 59; 0.37859859729961587; k: 2.0; 166,227,164,87,57,211,45,230,77,83,189,158,25,197,250,240,243,188,140,125,197,57,211,75,90,77,83,189,188,140,139,198,115,230,77,83,189,158,25,197,250,240,243,188,140,125,197,57,211,180,90,77,83,189,188,156,162,28,115,154,110,94,122
Best fitness found so far: 0.37859859729961587; k: 2.0
Generation: 60; 0.37859859729961587; k: 2.0; 75,17,164,87,57,211,45,230,77,83,189,188,140,197,250,183,61,73,113,198,115,154,23,18,44,221,208,221,236,125,178,95,164,87,57,211,45,230,77,83,189,188,140,197,154,41,145,188,140,197,250,240,243,188,15,197,144,212,131,198,115,154,198,52,24,145,188,140,197,250,25,243,236,32,197,144,65,131,44,172,208,31,236,125,178,23,216,89,229,56,132,76,37,130,44,26,153,187,60,125,209,89,193
Best fitness found so far: 0.37859859729961587; k: 2.0
Generation: 61; 0.37859859729961587; k: 2.0; 61,235,164,87,57,211,45,230,77,83,189,188,140,197,131,183,115,178,89,229,122
Best fitness found so far: 0.37859859729961587; k: 2.0
Generation: 62; 0.37859859729961587; k: 2.0; 166,17,164,126,57,211,45,230,59,83,189,188,140,197,250,240,243,188,140,197,197,183,36,87,41,198,48,56,140,76,23,179,164
Best fitness found so far: 0.37859859729961587; k: 2.0
Generation: 63; 0.37859859729961587; k: 2.0; 166,17,164,87,5,211,45,230,77,83,55,158,249,197,250,240,243,188,101,174,197,57,211,180,77,83,189,158,25,197,250,240,243,188,140,125,197,57,211,180,90,77,83,189,188,140,139,234,115,154,198,7,122
Best fitness found so far: 0.37859859729961587; k: 2.0
Generation: 64; 0.37859859729961587; k: 2.0; 166,17,164,87,57,211,171,230,77,83,189,188,140,197,63,146,61,153,230,119,237,4,123,206,23,248,192,230,198,115,23,197,197,183,61,95,95,198,75,200,82,113,230,132,14,197,83,189,188,140,197,198,115,118,198,7,122
Best fitness found so far: 0.37859859729961587; k: 2.0
Generation: 65; 0.37859859729961587; k: 2.0; 41,113,119,87,155,211,45,230,133,83,189,188,140,197,146,43,125,178,89,211,210,230,67,14,18,123,192,142,17,225,87,57,202,73,113,198,115,154,198,227,140,197,197,183,61,196,131,198,115,247,39,140,62,197,209,131,241,58,198,44,23,173,29,230,52,61
Best fitness found so far: 0.37859859729961587; k: 2.0
Generation: 66; 0.37859859729961587; k: 2.0; 229,17,164,87,57,211,45,230,77,83,189,188,140,197,250,183,61,73,113,1,115,154,215,18,44,221,208,76,23,18,44,221,208,221,236,125,178,89,230,77,83,189,208
Best fitness found so far: 0.37859859729961587; k: 2.0
Generation: 67; 0.37859859729961587; k: 2.0; 166,17,164,87,57,211,45,230,77,83,189,188,140,197,250,46,230,77,83,189,188,140,51,250,17,164,196,57,211,45,230,77,83,189,221,117,197,19,45,230,47,77,83,189,208
Best fitness found so far: 0.37859859729961587; k: 2.0
Generation: 68; 0.37859859729961587; k: 2.0; 250,129,164,87,57,211,45,230,77,83,189,233,140,197,250,45,221,208,221,236,125,178,89,175,18,44,221,208,221,236,125,178,212,229,56,142,76,23,66,243,161,140,51,14,57,211,45,14,77,226,189,188,140,197,245,183,61,60,142
Best fitness found so far: 0.37859859729961587; k: 2.0
Generation: 69; 0.37859859729961587; k: 2.0; 166,17,164,87,109,211,45,230,77,83,189,188,140,197,250,183,61,73,189,188,140,197,250,215,101,217,65,198,115,154,90,209,211,187,215,137,225,204,71,54,124,243,200,122,5,197,100,207,2,215,139,231,67,67,211,45,230,67,14,18,123,192,142,17,225,87,57,202,129,164
Best fitness found so far: 0.37859859729961587; k: 2.0
Generation: 70; 0.37859859729961587; k: 2.0; 70,245,164,87,57,211,45,230,77,83,189,188,140,197,215,215,101,73,65,198,115,154,90,209,32,57,215,56,225,14,123,54,124,243,209,122,5,197,183,207,2,215,229,56,140,76,23,18,44,221,153,221,236,125,178,89,229
Best fitness found so far: 0.37859859729961587; k: 2.0
Generation: 71; 0.37859859729961587; k: 2.0; 144,17,164,87,143,211,45,230,77,83,189,188,140,197,250,140,197,77,205,146,188,140,197,250,183,61,60,36,54,189,208,188,140,197,250,183
Best fitness found so far: 0.37859859729961587; k: 2.0
Generation: 72; 0.37859859729961587; k: 2.0; 166,17,164,87,5,211,45,230,77,83,51,158,25,197,250,240,180,188,211,69,230,77,83,189,208
Best fitness found so far: 0.37859859729961587; k: 2.0
Generation: 73; 0.37859859729961587; k: 2.0; 166,133,164,87,57,211,45,230,77,83,189,188,140,197,19,45,230,77,83,189,72,140,194,250,183,61,73,113,187,125,154,70,18,44,221,208,221,236,67,108,89,229,56,143,211,45,50,77,83,189,188,140,197,250,140,197,197,86,211,225,199,229
Best fitness found so far: 0.37859859729961587; k: 2.0
Generation: 74; 0.37859859729961587; k: 2.0; 22,17,164,87,57,211,45,230,77,83,189,188,140,197,146,183,125,178,221,208,221,236,125,178,212,229,56,155,76,178,18,243,161,150,7,197,202,61,91,197,197,197,211,225,87
Best fitness found so far: 0.37859859729961587; k: 2.0
Generation: 75; 0.37859859729961587; k: 2.0; 61,17,164,87,221,211,45,230,77,83,189,188,140,102,146,183,125,178,89,244,56,140,76,23,247,44,221,208,221,236,125,178,89,175,18,44,221,208,221,236,125,238,89,161,56,142,76,23,18,243,188,140,7,19,202,5,91,197,197,197,211,225,87
Best fitness found so far: 0.37859859729961587; k: 2.0
Generation: 76; 0.37859859729961587; k: 2.0; 101,17,164,126,57,211,45,230,107,83,123,188,140,52,41,240,243,181,140,197,197,183,36,87,41,198,229,56,140,76,23,208,44,172,208,18,236,125,178,153,178,89,229,56,106,17,164,126,167,211,45,230,77,83,241,188,6,72,250,240,243,47,140,197,197,183,36,87,196,45,230,77,243,189,208
Best fitness found so far: 0.37859859729961587; k: 2.0
Generation: 77; 0.37859859729961587; k: 2.0; 70,17,164,87,57,211,45,230,77,83,189,188,140,197,250,215,101,73,65,198,115,154,90,209,41,187,152,160,225,204,222,54,124,243,218,122,5,197,183,207,2,140,139,231,202,67,211,45,230,67,176,246,114,192,223,17,19,197,183,61,169,211,184,45,199,5,113,83,50,189,208
Best fitness found so far: 0.37859859729961587; k: 2.0
Generation: 78; 0.37859859729961587; k: 2.0; 166,17,164,87,57,211,45,230,77,98,189,188,140,197,206,102,243,188,140,197,154,139,231,29,67,211,45,60,67,54,124,243,117,122,5,197,183,207,2,215,139,231,202,10,164,184,45,199,3,142,83,72,189,208
Best fitness found so far: 0.37859859729961587; k: 2.0
Generation: 79; 0.37859859729961587; k: 2.0; 106,17,164,126,167,211,45,230,219,83,189,188,6,72,250,240,243,47,140,197,39,183,61,240,5,188,94,197,35,65,131,232,115,154,198,3,73,76,104,18,243,188,110,197,197,202,61,91,44,197,42,211,225,87,250,240,243,47,140,197,39,183,61,240,5,188,94,197,35,65,131,232,115,154,198,3,73,76,104
Best fitness found so far: 0.37859859729961587; k: 2.0
Generation: 80; 0.37859859729961587; k: 2.0; 188,95,164,87,57,211,45,230,77,83,189,188,211,197,250,145,61,23,183,211,179,94,87,57,211,45,230,77,65,189,89,28,197,250,117
Best fitness found so far: 0.37859859729961587; k: 2.0
Generation: 81; 0.37859859729961587; k: 2.0; 234,167,164,87,57,211,45,55,77,83,189,188,140,197,250,183,61,171,134,198,115,197,94,247,85,29,85,243,225,140,197,197,198,8,77,83,189,158,25,164,250,72,243,188,140,125,40,57,161,136,127,77,188,230,188,140,39,183,61,240,243,188,94,197,35,65,131,198,115,154,228,3,140,76,104,208
Best fitness found so far: 0.37859859729961587; k: 2.0
Generation: 82; 0.37859859729961587; k: 2.0; 166,51,164,87,57,211,45,230,77,83,145,188,140,197,250,240,243,188,140,197,144,65,131,198,115,50,198,97,211,45,230,69,197,85,43,125,178,89,229,56,140,172,23,18,49,89,229,56,140
Best fitness found so far: 0.37859859729961587; k: 2.0
Generation: 83; 0.37859859729961587; k: 2.0; 166,167,164,24,57,211,45,55,77,83,189,188,140,197,250,183,61,128,134,198,115,197,173,247,93,29,85,214,225,140,197,197,198,8,77,83,189,158,103,144,250,72,243,188,238,125,197,57,211,136,127,77,56,230,188,121,39,183,61,240,197,188,198,115,197,173,247,85,29,105,116,13,223,140,198,188,10,197,197,160,61,36,113,198,115,189,58
Best fitness found so far: 0.37859859729961587; k: 2.0
Generation: 84; 0.37859859729961587; k: 2.0; 106,17,164,126,57,211,45,230,77,83,189,188,85,72,250,240,243,188,196,197,197,183,36,87,41,198,229,56,245,111,23,208,44,172,208,31,52,125,178,138,178,89,229,140,197,250,183,61,128,134,198,115,197,173,247,85,29,85,243,225,140,197,181,45,8,77,83,189,83,25,197,250,72,243,188,140,125,10,57,211,180,127,77,188,230,188,140,248,198,115,154,198,7,122
Best fitness found so far: 0.37859859729961587; k: 2.0
Generation: 85; 0.37859859729961587; k: 2.0; 41,17,119,87,155,211,231,230,237,83,189,188,140,197,146,43,125,178,89,211,210,241,67,14,18,123,192,142,17,225,77,83,189,208
Best fitness found so far: 0.37859859729961587; k: 2.0
Generation: 86; 0.37859859729961587; k: 2.0; 70,71,164,87,57,211,45,230,77,83,189,248,140,197,250,215,7,73,65,198,115,154,104,209,211,187,215,160,225,204,123,54,124,243,218,122,5,197,183,207,2,204,139,143,202,67,36,45,230,67,176,18,114,60,142,167,19,197,183,61,169,113,213,173,247,157,29,105,126,199,223,140,64,188,6,244,197,183,140,197,250,140,197,197,86,211,45,75,77,83,241,188,140,53,250,66,221,132,221,236,125,178,89,175,18,44,147,208,221,236,125,178,212,103,56,142,76,23,18,212,161,140,7,58,247,83,91,197,197,197,211,225,87
Best fitness found so far: 0.37859859729961587; k: 2.0
Generation: 87; 0.37859859729961587; k: 2.0; 106,17,164,126,57,211,45,230,77,83,119,188,140,72,41,240,243,181,140,197,197,183,36,87,41,2,229,56,140,76,23,208,44,172,208,31,236,74,178,33,178,89,229,77,106,17,164,126,183,51,178,89,46,199,208,221,236,107,108,89,229,56,140,6,23,208,44,172,208,31,236,125,178,11,229,44,221,244,221,236,107,108,89,229,56,140,246,23,208,44,172,208
Best fitness found so far: 0.37859859729961587; k: 2.0
Generation: 88; 0.37859859729961587; k: 2.0; 144,17,164,87,57,211,45,230,77,83,189,188,140,197,146,183,125,217,191,229,56,140,76,23,18,44,235,208,221,236,125,178,89,229
Best fitness found so far: 0.37859859729961587; k: 2.0
Generation: 89; 0.37859859729961587; k: 2.0; 166,93,164,87,57,211,45,230,77,83,189,188,140,197,197,183,221,208,51,236,54,119,89,110,240,243,72,140,96,144,65,131,198,92,154,182,97,211,45,230,69,202,19,188,234,197,250,190,197,211,37,230,225,83,189,208
Best fitness found so far: 0.37859859729961587; k: 2.0
Generation: 90; 0.37859859729961587; k: 2.0; 166,167,164,87,57,211,45,55,125,83,189,188,140,197,250,183,61,128,134,198,36,197,173,247,85,29,85,243,225,140,197,197,198,8,77,164,189,158,25,147,250,72,243,188,132,125,197,57,146,136,127,77,188,208,188,140,39,183,61,240,243,188,94,197,35,65,131,198,115,154,198,125,178,89,175,18,44,97,208,221,236,125,178,45,1,56,249,76,23,18,243,188,140,7,197,244,61,91,197,197,197,211,225,87
Best fitness found so far: 0.37859859729961587; k: 2.0
Generation: 91; 0.37859859729961587; k: 2.0; 144,17,164,87,57,211,45,230,77,83,189,188,140,197,250,140,229,56,140,76,23,208,44,172,208,31,236,125,178,23,216,89,25,243,236,32,197,144,65,131,198,115
Best fitness found so far: 0.37859859729961587; k: 2.0
Generation: 92; 0.37859859729961587; k: 2.0; 166,17,164,87,57,211,45,230,181,83,189,188,140,197,197,183,61,11,113,198,115,154,198,227,140,19,197,183,61,196,24,209,115,247,24,140,89,197,222,131,121,41,198,44,23,211,29,118,52,61
Best fitness found so far: 0.37859859729961587; k: 2.0
Generation: 93; 0.37859859729961587; k: 2.0; 151,17,164,87,57,211,45,230,77,83,145,188,140,197,250,240,243,188,140,197,144,144,131,198,115,154,198,140,24,145,188,95,40,115,200,82,113,230,132,73,197,197,165,85,223,80,39,211,20,230,67,60,3,195,159,249,189,208
Best fitness found so far: 0.37859859729961587; k: 2.0
Generation: 94; 0.37859859729961587; k: 2.0; 166,95,164,87,57,211,45,230,77,83,189,188,140,197,154,41,145,188,97,197,250,240,243,188,140,197,197,65,131,198,123,170,198,52,24,145,93,140,197,250,25,240,243,188,140,197,197,183,131,87,168,198,115,191,211,29,230,52,61
Best fitness found so far: 0.37859859729961587; k: 2.0
Generation: 95; 0.37859859729961587; k: 2.0; 166,17,164,87,57,211,45,230,77,83,189,188,140,82,250,240,243,188,157,181,5,140,197,223,57,204,204,57,211,45,230,188,83,181,188,140,197,250,183,61,60,87
Best fitness found so far: 0.37859859729961587; k: 2.0
Generation: 96; 0.37859859729961587; k: 2.0; 202,17,119,87,57,211,5,230,77,83,107,188,140,197,250,25,243,64,32,187,105,65,131,198,115
Best fitness found so far: 0.37859859729961587; k: 2.0
Generation: 97; 0.37859859729961587; k: 2.0; 144,17,164,87,143,211,45,230,77,83,189,188,140,197,250,183,61,60,87
Best fitness found so far: 0.37859859729961587; k: 2.0
Generation: 98; 0.37859859729961587; k: 2.0; 166,95,164,87,159,211,45,230,77,83,189,188,140,197,250,145,61,23,44,45,187,67,14,20,43,177,54,115,23,76,23,18,78,221,208,221,157,170,115,116,223,80,189,188,140,197,250,183,61,73,44,198,115,154,198,7,122
Best fitness found so far: 0.37859859729961587; k: 2.0
Generation: 99; 0.37859859729961587; k: 2.0; 166,17,164,87,57,211,171,230,77,83,189,188,140,197,250,43,61,123,230,119,87,4,123,206,23,248,192,230,198,115,23,164,197,197,197,211,225,87
Best fitness found so far: 0.37859859729961587; k: 2.0
Generation: 100; 0.37859859729961587; k: 2.0; 166,17,164,87,57,211,45,230,47,83,189,188,140,197,197,183,61,73,113,198,115,154,198,227,140,197,197,183,11,196,113,83,155,188,140,99,250,240,183,188,140,197,78,183,36,87,41,198,46,56,140,76,220,112,44,172,211,31,236,125,178,23,178,89,250,56,140,76,23,18,44,221,153,221,236,125,178,89,229,56,140,76,220,112,44,172,211,31,236,125,178,23,178
Best fitness found so far: 0.37859859729961587; k: 2.0
Generation: 101; 0.37859859729961587; k: 2.0; 61,17,164,240,57,211,45,230,77,83,189,188,140,197,146,56,125,178,89,244,56,248,76,23,18,57,221,208,221,236,125,25,89,175,18,44,221,208,221,236,125,178,211,196,56,142,76,23,18,65,83,140,152,197,198,245,17,53,126,57,211,45,230,77,83,189,188,140,72,250,238,243,188,140,197,197,183,36,216,106,97,211,45,230,69,34,19,188,32,197,174,190,197,211,37,230,77,83,189,208
Best fitness found so far: 0.37859859729961587; k: 2.0
Generation: 102; 0.37859859729961587; k: 2.0; 166,17,164,87,57,211,45,230,77,83,189,188,140,197,250,240,243,188,140,197,197,183,131,87,41,198,115,23,230,128,83,189,188,140,197,146,183,125,25,89,229,56,140,76,23,18,44,221,208,221,236,125,178,89,229
Best fitness found so far: 0.37859859729961587; k: 2.0
Generation: 103; 0.37859859729961587; k: 2.0; 166,17,164,87,57,211,57,230,77,83,189,188,140,197,250,183,191,204,113,166,17,42,87,57,127,45,230,77,83,125,178,89,229,56,140,76,23,18,49,89,199,56,140
Best fitness found so far: 0.37859859729961587; k: 2.0
Generation: 104; 0.37859859729961587; k: 2.0; 166,17,164,87,57,211,45,230,37,83,189,188,140,197,197,183,61,73,113,198,115,154,198,227,140,197,197,183,61,23,87
Best fitness found so far: 0.37859859729961587; k: 2.0
Generation: 105; 0.37859859729961587; k: 2.0; 166,17,164,87,57,211,45,230,47,83,239,188,140,197,197,183,61,73,113,198,115,154,198,227,140,197,197,183,61,196,113,198,115,247,39,140,62,197,209,131,241,41,198,58,219,102,29,230,52,61
Best fitness found so far: 0.37859859729961587; k: 2.0
Generation: 106; 0.37859859729961587; k: 2.0; 166,95,164,87,187,211,45,230,77,83,189,188,140,197,54,183,61,128,134,198,49,197,35,247,68,29,85,243,225,140,197,197,189,197,69,113,162,222,23,211,146,148,46,140,197,250,178,197,239,183,17,191,87,87,223,211,45,125,77,83,197,250,240,243,188,140,197,197,183,182,208
Best fitness found so far: 0.37859859729961587; k: 2.0
Generation: 107; 0.37859859729961587; k: 2.0; 166,17,164,87,57,211,45,230,37,83,189,188,140,197,197,183,61,73,113,198,115,154,198,227,140,77,243,189,188,140,197,187,183,61,73,113,198,115,154,23,87
Best fitness found so far: 0.37859859729961587; k: 2.0
Generation: 108; 0.37859859729961587; k: 2.0; 61,17,164,87,57,211,45,230,77,83,189,188,140,197,131,183,125,178,13,229,56,140,105,23,18,44,211,45,230,77,83,189,188,140,197,250,240,243,188,140,197,197,183,182,208
Best fitness found so far: 0.37859859729961587; k: 2.0
Generation: 109; 0.37859859729961587; k: 2.0; 166,17,164,87,5,211,45,230,77,83,55,158,25,197,250,240,243,188,140,125,197,57,211,44,200,98,211,9,118,56,140
Best fitness found so far: 0.37859859729961587; k: 2.0
Generation: 110; 0.37859859729961587; k: 2.0; 166,95,164,87,57,211,45,230,77,83,189,188,140,197,250,183,61,128,134,213,115,197,173,247,68,29,105,120,13,223,140,188,140,38,154,139,231,223,67,211,45,230,67,14,18,52,192,142,92,34,87,98,202,179,164
Best fitness found so far: 0.37859859729961587; k: 2.0
Generation: 111; 0.37859859729961587; k: 2.0; 61,17,164,87,57,181,45,230,77,83,189,188,140,197,146,183,125,29,189,208
Best fitness found so far: 0.37859859729961587; k: 2.0
Generation: 112; 0.37859859729961587; k: 2.0; 166,17,164,87,57,211,45,230,77,83,189,188,140,197,102,183,107,73,113,140,115,154,23,189,188,167,197,40,140,197,69,113,162,115,23,211,223,55,46,140,197,250,140,197,239,183,211,179,87,87,57,211,236,230,77,83,189,242,167,197,85,140
Best fitness found so far: 0.37859859729961587; k: 2.0
Generation: 113; 0.37859859729961587; k: 2.0; 106,17,164,126,173,211,45,230,77,83,189,108,140,72,250,240,3,17,140,197,197,183,36,87,41,198,229,56,140,76,23,208,44,172,90,31,236,125,190,23,133,89,229,56,140,76,198,245,200,82,113,230,187,14,197,197,183,61,128,134,198,115,197,173,247,85,29,191,243,225,140,223,197,197,211,48,87
Best fitness found so far: 0.37859859729961587; k: 2.0
Generation: 114; 0.37859859729961587; k: 2.0; 144,17,164,87,57,211,45,230,77,83,189,188,140,197,55,140,197,197,183,211,83,189,188,140,197,250,240,243,188,140,197,197,183,131,243,41,198,115,23,211,104,230,52,61
Best fitness found so far: 0.37859859729961587; k: 2.0
Generation: 115; 0.37859859729961587; k: 2.0; 166,17,164,87,57,211,45,230,77,83,189,188,140,197,197,183,61,73,113,250,45,230,77,83,189,188,136,51,125,183,61,73,113,246,125,76,31,18,80,221,208,221,236,151,108,183,221,73,113,219,67,154,198,7,122
Best fitness found so far: 0.37859859729961587; k: 2.0
Generation: 116; 0.37859859729961587; k: 2.0; 166,17,164,87,109,211,45,230,77,83,163,188,140,162,250,183,61,73,113,198,115,154,23,18,44,128,208,221,236,104,178,188,140,197,184,183,61,73,113,198,226,154,23,18,44,221,208,221,236,125,178,89,229,56,140,76,23,208,44,172,208,31,236,125,178,89,229
Best fitness found so far: 0.37859859729961587; k: 2.0
Generation: 117; 0.37859859729961587; k: 2.0; 41,17,119,87,155,211,231,230,133,83,189,188,140,197,146,43,125,178,89,211,210,174,98,211,9,118,56,82
Best fitness found so far: 0.37859859729961587; k: 2.0
Generation: 118; 0.37859859729961587; k: 2.0; 166,95,164,87,57,211,45,230,181,83,189,188,140,197,250,183,61,128,161,198,115,197,173,247,235,29,105,120,13,223,140,198,188,10,197,197,183,61,85,157,29,105,31,13,223,80,77,145,189,134
Best fitness found so far: 0.37859859729961587; k: 2.0
Generation: 119; 0.37859859729961587; k: 2.0; 41,17,119,87,155,211,231,230,133,83,189,188,140,197,146,43,125,178,89,211,210,241,67,14,18,123,192,142,17,225,87,197,183,61,73,113,250,118,230,77,83,189,188,140,51,125,183,61,7,113,246,125,76,70,18,80,221,208,221,236,151,108,89,229,56,140,6,50,208,44,172,208,8,236,125,178,118,91
Best fitness found so far: 0.37859859729961587; k: 2.0
Generation: 120; 0.37859859729961587; k: 2.0; 202,17,119,87,57,211,133,230,77,83,107,188,140,197,85,167,125,178,89,229,56,122,76,23,18,49,89,202,179,164
Best fitness found so far: 0.37859859729961587; k: 2.0
Generation: 121; 0.37859859729961587; k: 2.0; 61,17,164,87,57,211,45,230,77,83,189,188,140,197,131,183,125,178,227,229,56,154,52,90,4,230,3,9,184,45,199,3,142,83,72,189,208
Best fitness found so far: 0.37859859729961587; k: 2.0
Generation: 122; 0.37859859729961587; k: 2.0; 166,93,19,87,57,211,45,230,93,83,189,188,140,197,197,183,221,87,57,211,171,4,77,83,189,188,52,197,250,183,61,188,230,119,237,4,220,206,23,248,192,134,198,115,35,197,197,134,61,95,95,198,115,200,82,113,230,132,14,197,197,165,85,223,80,23,211,20,230,67,60,3,195,159,249,189,133
Best fitness found so far: 0.37859859729961587; k: 2.0
Generation: 123; 0.37859859729961587; k: 2.0; 160,17,164,48,57,211,45,230,77,83,189,188,167,197,250,140,197,159,67,162,115,23,104,70,154,195,23,208,44,172,120,31,236,125,178,23,178,144,229,56,140,76,23,18,44,221,153,221,236,125,13,89,229
Best fitness found so far: 0.37859859729961587; k: 2.0
Generation: 124; 0.37859859729961587; k: 2.0; 71,17,164,87,57,211,45,230,65,83,189,188,140,197,32,183,61,73,113,205,115,87,174,211,45,230,135,83,189,208
Best fitness found so far: 0.37859859729961587; k: 2.0
Generation: 125; 0.37859859729961587; k: 2.0; 214,95,164,87,57,211,45,230,221,83,189,188,140,197,250,183,183,128,134,2,115,197,173,247,68,29,105,120,13,60,140,198,188,10,94,23,44,45,80,67,14,236,43,177,54,71,23,76,220,116,78,229,208,3,236,170,115,61,223,80,44,143,98,211,9,118,87,57,211,45,230,65,83,189,188,140,197,250,224,61,73,113,140,247,154,235,18,44,221,175,221,236,39,178,89,229,56,140,1,23,208,44,219,208,31,236,125,178,230,133,83,189,208,170,115,61,223,80,44,143,98,211,9,118,87,57,211,45,230,65,83,189,188,140,197,250,224,61,73,113,140,247
Best fitness found so far: 0.37859859729961587; k: 2.0
Generation: 126; 0.37859859729961587; k: 2.0; 166,27,164,87,57,211,45,230,77,83,189,188,171,197,250,240,243,188,140,197,197,183,131,87,41,108,89,229,56,140,6,23,208,245,172,210,31,236,125,178,179,229,44,221,208,221,236,107,108,89,229,56,140,6,23,208,44,172,208
Best fitness found so far: 0.37859859729961587; k: 2.0
Generation: 127; 0.37859859729961587; k: 2.0; 106,17,164,126,57,11,45,230,77,83,189,188,85,72,250,240,243,188,140,197,197,163,191,108,41,198,229,56,245,76,23,208,44,172,208,31,236,125,178,138,178,164,87,57,211,45,230,77,83,189,208
Best fitness found so far: 0.37859859729961587; k: 2.0
Generation: 128; 0.37859859729961587; k: 2.0; 139,17,119,87,57,211,45,230,77,83,189,188,140,197,146,43,125,178,89,229,56,140,76,23,18,164,87,154,211,45,230,77,83,189,188,206,197,250,145,61,23,44,45,230,77,83,189,188,206,197,250,145,61,23,44,45,187,67,14,236,43,177,54,115,23,76,220,62,78,221,208,221,236,53,115,61,223,80,44,200,243,211,9,118,56,140
Best fitness found so far: 0.37859859729961587; k: 2.0
Generation: 129; 0.37859859729961587; k: 2.0; 6,17,164,87,57,211,45,230,77,83,145,188,174,197,250,240,243,188,140,96,144,62,131,198,107,154,198,46,211,45,230,235,220,230,77,83,189,208
Best fitness found so far: 0.37859859729961587; k: 2.0
Generation: 130; 0.37859859729961587; k: 2.0; 166,17,164,87,57,211,57,230,77,83,189,188,140,197,250,183,191,71,113,166,17,164,87,57,211,45,230,77,83,189,211,45,230,77,83,189,188,82,25,146,43,125,64,89,229,56,140,76,23,18,164,222,57,211,45,230,77,79,189,188,206,197,250,234,61,23,44,45,187,67,14,236,43,177,54,115,23,76,220,116,78,40,208,221,236,170,115,111,223,80,44,247,98,211,9,118,56,140
Best fitness found so far: 0.37859859729961587; k: 2.0
Generation: 131; 0.37859859729961587; k: 2.0; 166,167,164,87,57,211,209,55,77,83,189,188,140,197,250,117,188,140,197,197,183,182,208
Best fitness found so far: 0.37859859729961587; k: 2.0
Generation: 132; 0.37859859729961587; k: 2.0; 178,17,164,87,57,211,45,230,77,83,189,188,55,197,250,140,197,183,204,2,154,99,65,209,67,170,45,230,67,14,18,123,192,106,17,225,94,140,197,39,183,61,240,178,230,142,132,42
Best fitness found so far: 0.37859859729961587; k: 2.0
Generation: 133; 0.37859859729961587; k: 2.0; 166,17,164,87,57,211,45,230,77,83,189,188,140,197,250,183,144,17,164,87,143,211,45,230,77,83,189,188,140,134,8,140,197,197,86,211,225,199,229
Best fitness found so far: 0.37859859729961587; k: 2.0
Generation: 134; 0.37859859729961587; k: 2.0; 166,17,164,87,57,211,45,230,77,83,189,188,140,197,250,140,197,239,183,211,225,212
Best fitness found so far: 0.37859859729961587; k: 2.0
Generation: 135; 0.37859859729961587; k: 2.0; 166,17,164,87,57,211,159,230,77,83,155,188,140,197,250,183,158,73,113,145,142,162,199,18,243,81,108,229,56,140,76,198,245,200,82,113,230,99,14,197,197,165,85,119,80,23,211,20,230,239,60,90,195,159,249,145,208
Best fitness found so far: 0.37859859729961587; k: 2.0
Generation: 136; 0.37859859729961587; k: 2.0; 144,17,164,87,57,211,45,230,77,83,189,188,75,197,250,140,197,107,113,162,115,23,211,223,35,46,89,229,113,244,76,23,4,243,188,60,152,197,202,113,83,189,188,140,197,250,45,218,77,83,122,188,140,51,250,183,61,73,113,140,125,154,70,18,44,221,208,221,236,39,108,89,229,56,140,6,23,208,44,172,208,31,236,125,178,89,229
Best fitness found so far: 0.37859859729961587; k: 2.0
Generation: 137; 0.37859859729961587; k: 2.0; 166,17,164,87,109,211,45,230,77,83,189,188,140,197,250,183,61,73,113,198,115,154,23,18,44,128,140,152,250,240,243,188,14,197,197,183,94,87,41,198,229,56,97,76,85,208,44,172,208,31,236,216,178,173,247,5,29,165,236,225,140,197,197,197,81,48,87
Best fitness found so far: 0.37859859729961587; k: 2.0
Generation: 138; 0.37859859729961587; k: 2.0; 166,17,164,87,171,211,45,230,77,83,145,188,140,197,250,240,243,188,140,96,242,65,131,198,115,154,85,97,211,45,230,69,220,19,188,234,250,183,61,73,202,140,125,154,70,18,44,221,208,221,236,39,108,89,229,56,140,6,23,217,44,172,208,188,236,125,178,89,229
Best fitness found so far: 0.37859859729961587; k: 2.0
Generation: 139; 0.37859859729961587; k: 2.0; 166,17,159,87,57,211,45,230,77,83,189,188,203,197,250,240,243,188,57,211,45,230,77,83,189,188,140,197,250,183,61,60,87
Best fitness found so far: 0.37859859729961587; k: 2.0
Generation: 140; 0.37859859729961587; k: 2.0; 106,17,54,126,57,211,45,230,77,83,123,188,140,72,41,240,243,181,140,197,197,183,187,87,41,198,101,56,70,76,214,208,44,172,208,31,236,125,178,33,178,89,229,56,106,17,164,126,167,211,45,230,77,83,241,188,6,72,250,240,243,47,140,197,197,183,36,87,129,234,229,56,171,76,23,208,44,72,77,83,189,214,140,8,250,240,243,188,140,197,66,183,36,87,41,198,229,56,140,76,23,208,44,75,208,31,236,17,178,23,178,89,229,56,140,76,23,18,44,221,153,221,236,125,178,89,229
Best fitness found so far: 0.37859859729961587; k: 2.0
Generation: 141; 0.37859859729961587; k: 2.0; 166,17,164,87,57,211,45,230,37,83,189,188,140,197,197,183,61,73,113,198,115,154,198,227,140,197,13,183,61,196,113,148,115,247,39,140,89,197,83,189,208
Best fitness found so far: 0.37859859729961587; k: 2.0
Generation: 142; 0.37859859729961587; k: 2.0; 144,17,164,87,57,211,45,230,77,83,189,188,167,197,250,140,197,69,113,24,115,23,211,70,154,52,90,4,230,81,16,97,230,67,197,89,211,29,118,52,221,197,250,140,197,183
Best fitness found so far: 0.37859859729961587; k: 2.0
Generation: 143; 0.37859859729961587; k: 2.0; 20,17,164,87,143,211,133,230,69,83,189,188,203,197,250,140,197,211,45,230,77,165,189,188,140,197,146,183,125,178,89,244,56,140,76,23,170,44,221,208,221,236,125,178,89,175,18,44,221,208,221,236,125,178,89,229,56,220,76,23,201,243,188,140,60,197,202,88,91,197,197,179,173,225,87
Best fitness found so far: 0.37859859729961587; k: 2.0
Generation: 144; 0.37859859729961587; k: 2.0; 144,17,164,87,57,211,45,230,77,83,189,188,167,197,250,140,197,69,113,162,115,23,211,70,154,96,90,4,170,115,153,223,80,197,197,183,221,73,113,198,115,154,198,33,122
Best fitness found so far: 0.37859859729961587; k: 2.0
Generation: 145; 0.37859859729961587; k: 2.0; 202,17,119,87,57,211,45,230,77,83,189,188,140,197,146,43,125,178,89,229,56,140,76,23,18,164,87,57,211,157,230,77,83,238,188,93,197,250,145,61,211,45,230,77,23,175,208
Best fitness found so far: 0.37859859729961587; k: 2.0
Generation: 146; 0.37859859729961587; k: 2.0; 166,17,164,87,57,211,45,230,77,83,189,188,140,82,250,240,243,188,157,181,5,164,197,223,80,178,144,229,56,140,76,23,18,44,221,153,221,236,125,178,89,229
Best fitness found so far: 0.37859859729961587; k: 2.0
Generation: 147; 0.37859859729961587; k: 2.0; 166,17,164,87,57,211,45,230,77,83,145,188,140,197,250,97,243,188,126,197,144,65,167,198,115,154,97,49,44,128,208,221,236,232,178,188,202,225,17,164,87,57,93,45,230,77,23,175,208
Best fitness found so far: 0.37859859729961587; k: 2.0
Generation: 148; 0.37859859729961587; k: 2.0; 166,85,164,87,57,211,45,230,77,83,145,188,140,197,250,240,243,188,140,96,135,65,131,198,115,115,198,230,77,83,189,208
Best fitness found so far: 0.37859859729961587; k: 2.0
Generation: 149; 0.37859859729961587; k: 2.0; 166,17,164,87,57,211,45,230,77,83,145,188,140,197,250,240,243,188,11,197,144,65,131,198,115,153,183,91,225,87,197,250,240,243,188,11,197,144,65,131,198,115,153,183,91
Best fitness found so far: 0.37859859729961587; k: 2.0
Generation: 150; 0.37859859729961587; k: 2.0; 144,17,164,87,57,211,45,230,77,83,189,188,140,197,250,140,197,183,105,2,154,50,231,209,67,211,45,230,67,14,189,188,152,197,197,183,61,73,113,250,45,230,77,83,189,188,140,51,125,134,61,73,113,246,125,76,70,18,80,221,208,221,236,151,108,89,229,56,140,181,23,205,44,150,208,31,236,125,178,89,91
Best fitness found so far: 0.37859859729961587; k: 2.0
Generation: 151; 0.37859859729961587; k: 2.0; 144,17,164,87,57,211,45,230,77,83,189,188,140,197,209,140,197,183,105,2,154,139,231,209,67,211,81,230,67,14,18,123,192,42,211,225,87
Best fitness found so far: 0.37859859729961587; k: 2.0
Generation: 152; 0.37859859729961587; k: 2.0; 166,17,164,87,57,211,45,230,77,83,189,188,129,197,250,45,230,132,42
Best fitness found so far: 0.37859859729961587; k: 2.0
Generation: 153; 0.37859859729961587; k: 2.0; 70,245,164,87,57,211,45,230,77,83,189,188,140,197,215,215,101,73,65,198,115,154,233,209,211,187,215,56,225,14,123,54,124,243,117,122,5,197,183,207,61,95,95,198,115,200,82,113,230,132,14,197,197,165,85,223,80,23,118,192,230,67,60,3,195,159,249,189,208
Best fitness found so far: 0.37859859729961587; k: 2.0
Generation: 154; 0.39582617040546875; k: 2.0; 144,17,164,87,57,211,45,211,179,115,87,57,16,45,230,77,83,189,188,167,197,250,140
Best fitness found so far: 0.39582617040546875; k: 2.0
Generation: 155; 0.37859859729961587; k: 2.0; 166,17,164,87,57,211,45,230,139,238,189,188,140,197,250,183,61,73,113,140,115,154,215,18,188,140,197,197,183,172,73,113,198,115,154,126,227,140,197,197,183,61,172,113,198,115,247,39,140,62,197,209,131,208,41,198,44,23,211,29,230,52,61
Best fitness found so far: 0.39582617040546875; k: 2.0
Generation: 156; 0.37859859729961587; k: 2.0; 166,17,164,87,243,211,125,230,77,83,189,188,140,197,250,241,230,77,83,189,188,140,51,250,183,61,73,113,140,125,55,70,18,44,221,208,221,236,39,108,89,229,56,140,6,23,208,44,172,19,4,236,191,140,241,144,65,131,70,115,154,198,7,24,145,188,140,197,250,240,243,188,140,197,144,65,81,198,115
Best fitness found so far: 0.39582617040546875; k: 2.0
Generation: 157; 0.37859859729961587; k: 2.0; 243,17,164,87,57,211,45,230,77,83,189,188,140,197,250,45,221,208,221,66,125,178,89,175,72,243,188,140,125,197,57,211,180,127,77,188,230,188,140,248,198,115,154,198,7,122
Best fitness found so far: 0.39582617040546875; k: 2.0
Generation: 158; 0.37859859729961587; k: 2.0; 144,17,164,87,57,106,45,230,77,83,189,188,140,197,250,140,134,198,115,197,173,247,56,29,105,120,13,223,140,198,188,193,197,197,183,61,36,113,224,115,189,58
Best fitness found so far: 0.39582617040546875; k: 2.0
Generation: 159; 0.37859859729961587; k: 2.0; 166,17,164,222,57,211,45,230,77,83,189,208
Best fitness found so far: 0.39582617040546875; k: 2.0
Generation: 160; 0.37859859729961587; k: 2.0; 166,17,164,87,57,211,45,230,77,83,189,188,140,197,1,47,140,197,197,183,36,187,196,198,229,56,171,13,23,208,44,172,189,31,236,125,178,138,178,89,229,56,140,76,23,18,44,221,153,16,236,125,87
Best fitness found so far: 0.39582617040546875; k: 2.0
Generation: 161; 0.37859859729961587; k: 2.0; 144,17,164,87,143,211,45,230,69,83,189,188,203,197,250,140,197,211,54,230,77,247,183,61,73,113,198,115,132,23,87
Best fitness found so far: 0.39582617040546875; k: 2.0
Generation: 162; 0.39582617040546875; k: 2.0; 144,17,164,87,153,211,45,211,179,115,87,57,16,140,197,69,113,216,115,23,211,223,189,46,140,197,250,140,197,239,183,211,190,87,87,57,211,45,230,77,83,189,188,167,197,250,140
Best fitness found so far: 0.39582617040546875; k: 2.0
Generation: 163; 0.37859859729961587; k: 2.0; 106,17,164,126,173,211,45,230,77,83,189,108,140,72,250,240,3,17,140,197,197,183,36,87,41,198,229,56,140,76,23,208,44,172,90,31,236,125,190,23,178,89,229,56,140,76,198,245,200,82,113,230,187,14,197,230,65,122,189,188,140,197,250,183,46,73,113,140,115,154,23,18,44,221,175,221,236,39,178,89,229,56,140,6,23,208,21,172,208,31,236,125,178,102,133,83,189,208
Best fitness found so far: 0.39582617040546875; k: 2.0
Generation: 164; 0.37859859729961587; k: 2.0; 166,17,164,87,57,211,45,230,77,98,189,188,140,197,206,102,243,188,140,197,154,139,231,209,216,211,45,120,117,14,18,167,197,250,140
Best fitness found so far: 0.39582617040546875; k: 2.0
Generation: 165; 0.39582617040546875; k: 2.0; 144,17,164,84,153,211,45,211,179,115,87,57,16,140,197,69,113,138,115,23,211,223,224,46,140,197,92,140,169,239,183,211,190,87,87,140
Best fitness found so far: 0.39582617040546875; k: 2.0
Generation: 166; 0.39582617040546875; k: 2.0; 144,17,164,84,153,211,45,211,179,115,87,207,16,140,197,69,113,138,115,23,211,223,224,46,140,197,92,140,169,239,183,211,218,87,87,140
Best fitness found so far: 0.39582617040546875; k: 2.0
Generation: 167; 0.39582617040546875; k: 2.0; 79,17,164,84,153,211,45,211,179,200,87,57,16,140,205,69,113,211,115,23,87,57,211,45,230,77,83,189,161,140,87,57,239,45,230,77,83,189,188,140,242,19,45,230,47,77,83,233,183
Best fitness found so far: 0.39582617040546875; k: 2.0
Generation: 168; 0.39582617040546875; k: 2.0; 144,17,164,87,153,211,45,211,179,115,87,57,16,140,197,69,113,221,116,23,211,223,189,46,85,59,250,140,197,11,183,211,190,212,87,57,115,250,198,55,140,224,197,183,163,238,113,198,115,107,39,140,62,197,209,104,241,41,198,140,197,223,80,204,204,23,211,192,230,197,191,183,127,162,144,244,9,236,211,225,226
Best fitness found so far: 0.39582617040546875; k: 2.0
Generation: 169; 0.39582617040546875; k: 2.0; 144,17,164,87,153,211,45,211,179,115,87,57,214,140,197,69,113,216,115,23,211,105,189,46,140,197,250,227,197,239,183,211,190,87,197,36,211,45,230,77,206,211,179,115,87,57,16,45,166,61,164,63,57,61,73,113,140,115,154,198,227,140,197,197,183,61,196,113,198,115,247,39,140,89,204,209,131,241,41,198,44,23,193,29,230,52,61
Best fitness found so far: 0.39582617040546875; k: 2.0
Generation: 170; 0.39582617040546875; k: 2.0; 144,17,164,84,153,211,45,211,129,115,87,57,16,140,197,27,113,89,131,17,164,87,57,107,45,211,179,115,87,57,16,45,230,77,83,189,23,26,16,230,52,212
Best fitness found so far: 0.39582617040546875; k: 2.0
Generation: 171; 0.39582617040546875; k: 2.0; 144,17,164,87,9,211,45,211,69,115,85,57,16,140,163,69,110,216,44,23,211,223,189,142,108,199,18,243,142,108,199,146,221,208,221,236,125,178,89,203,132,42
Best fitness found so far: 0.39582617040546875; k: 2.0
Generation: 172; 0.39582617040546875; k: 2.0; 96,17,164,87,57,211,45,211,179,115,87,57,18,45,230,77,83,189,210,20,43,177,54,249,12,76,212,234,197,250,140,197,211,37,230,77,83,189,208
Best fitness found so far: 0.39582617040546875; k: 2.0
Generation: 173; 0.39582617040546875; k: 2.0; 43,17,164,84,153,211,45,211,179,200,87,57,16,140,205,69,184,123,115,23,38,57,212,211,45,211,241,115,87,57,16,45,105,77,83,189,23,26,29,136,52,211,69,115,87,57,16,169,136,69,113,216,115,23,211,223,189,46,14,243,250,140,76,114,183,219,190,103,87,154,211,45,230,36,87,189,188,173
Best fitness found so far: 0.39582617040546875; k: 2.0
Generation: 174; 0.39582617040546875; k: 2.0; 32,17,164,87,153,211,45,211,61,115,87,57,16,140,197,69,113,221,116,23,211,223,189,46,85,197,250,140,197,188,16,135,190,87,87,57,115,154,198,150,61,140,62,197,209,131,39,197,183,61,196,113,8,115,247,39,140,99,116,209,131,241,210,67,44,115,223,151,78,52,61
Best fitness found so far: 0.39582617040546875; k: 2.0
Generation: 175; 0.39582617040546875; k: 2.0; 144,17,164,87,9,211,45,211,69,115,121,57,16,140,163,69,110,216,115,23,211,223,189,46,197,144,65,131,198,115,154,198,191,83,45,196,247,39,140,155,197,209,131,241,41,198,44,58,211,29,230,52,61
Best fitness found so far: 0.39582617040546875; k: 2.0
Generation: 176; 0.39582617040546875; k: 2.0; 213,17,164,87,153,211,45,211,69,115,87,57,16,140,197,197,250,205,190,183,208,2,154,153,54,209,67,211,45,230,67,14,18,235,192,142,17,225,188,99,197,39,66,61,240,93,188,61,197,35,65,52,242,158,154,173,3,140,42,104,164,84,77,206,70,160,54,197,198,115,12,69,113,216,183,57,228,140,164,84,77
Best fitness found so far: 0.39582617040546875; k: 2.0
Generation: 177; 0.39582617040546875; k: 2.0; 131,17,164,87,57,211,45,211,179,115,131,57,168,45,230,77,83,189,23,20,43,177,54,115,23,76,23,18,78,221,55,189,236,170,115,169,100,70,121,91,198,44,247,160,29,118,52,221,197,211,45,211,179,115,87,57,16,140,197,69,113,221,116,23,211,223,189,46,85,59,250,140,197,228,183,211,190,212,87,57,115,250,198,55,140,224,122,183,198,171,113,198,115,199,39,140,62,213,209,104,241,41,198,140,197,223,80,204,204,23,211,192,230,197,191,183,127,135,144,244,9,236,211,225,226
Best fitness found so far: 0.39582617040546875; k: 2.0
Generation: 178; 0.39582617040546875; k: 2.0; 144,17,164,84,153,211,45,21,129,115,87,57,16,140,197,27,88,89,131,7,164,87,57,10,45,211,179,115,113,89,131,17,164,87,57,107,174,211,179,115,87,57,16,45,230,77,83,189,23,26,16,230,52,212
Best fitness found so far: 0.39582617040546875; k: 2.0
Generation: 179; 0.39582617040546875; k: 2.0; 186,17,164,84,153,211,45,211,69,115,87,57,16,65,197,69,113,211,115,189,80,121,91,198,44,247,211,29,82,52,221,197,250,224,197,183
Best fitness found so far: 0.39582617040546875; k: 2.0
Generation: 180; 0.39582617040546875; k: 2.0; 131,17,164,87,57,211,45,211,179,115,131,57,16,45,230,77,83,189,23,20,23,26,29,227,10,250,197,183,61,196,113,4,115,247,39,140,62,197,209,131,241,13,198,44,58,211,29,230,52,61
Best fitness found so far: 0.39582617040546875; k: 2.0
Generation: 181; 0.39582617040546875; k: 2.0; 131,137,164,87,57,211,45,211,179,115,87,57,16,45,230,77,83,189,23,20,43,177,54,115,23,76,23,18,17,164,87,153,211,45,211,69,115,87,72,16,138,197,69,113,203,64,125
Best fitness found so far: 0.39582617040546875; k: 2.0
Generation: 182; 0.39582617040546875; k: 2.0; 79,165,164,84,153,211,45,211,19,115,115,57,148,140,142,69,113,241,115,23,87,57,211,45,230,77,83,4,188,235,242,19,53,173,3,140,89,104,18,243,39,110,197,197,202,61,186,21,197,42,211,225,87
Best fitness found so far: 0.39582617040546875; k: 2.0
Generation: 183; 0.39582617040546875; k: 2.0; 131,17,164,87,57,211,45,211,179,115,87,57,54,45,166,17,16,140,93,69,113,211,165,23,87,57,211,45,230,77,83,189,188,140,242,19,45,230,47,77,83,233,183
Best fitness found so far: 0.39582617040546875; k: 2.0
Generation: 184; 0.39582617040546875; k: 2.0; 144,17,164,87,153,211,45,211,179,115,3,57,16,140,197,69,113,201,26,116,23,22,9,107,46,192,107,250,140,197,11,183,211,190,141,87,42,156,86,196,89,4,170,150,61,140,87,197,19,131,125,67,183,61,114,194,85,115,204,39,140,79,197,209,131,241,207,171,44,115,158,151,78,52,61
Best fitness found so far: 0.39582617040546875; k: 2.0
Generation: 185; 0.39582617040546875; k: 2.0; 144,17,164,87,153,211,45,211,179,115,99,57,216,140,197,69,113,216,115,163,211,56,189,94,140,197,250,140,197,236,150,225,226
Best fitness found so far: 0.39582617040546875; k: 2.0
Generation: 186; 0.39582617040546875; k: 2.0; 79,17,164,84,153,211,45,211,179,115,221,57,16,140,197,69,113,211,115,174,87,115,128,188,197,39,184,22,240,93,188,94,119,35,65,131,198,115,154,163,3,239,183,211,60,234,11,140
Best fitness found so far: 0.39582617040546875; k: 2.0
Generation: 187; 0.39582617040546875; k: 2.0; 144,17,164,87,153,211,45,211,179,115,87,57,16,140,197,69,113,216,115,248,211,223,189,46,140,197,250,227,197,239,183,211,28,87,87,110,211,45,230,77,17,164,87,153,211,45,211,156,115,87,57,16,140,197,69,67,14,18,75,192,142,17,225,152,83,202,179,164
Best fitness found so far: 0.39582617040546875; k: 2.0
Generation: 188; 0.39582617040546875; k: 2.0; 144,17,164,87,153,211,45,211,69,115,87,57,16,140,197,55,55,89,115,23,211,11,197,69,113,216,115,23,211,223,189,46,223,197,250,140,197,239,183,211,190,87,87,57,211,45,230,77,83,189,71,167,176,250,61
Best fitness found so far: 0.39582617040546875; k: 2.0
Generation: 189; 0.39582617040546875; k: 2.0; 131,17,164,87,17,211,45,211,179,115,131,57,16,45,230,77,83,189,23,231,113,177,54,115,23,76,23,18,129,132,55,189,236,170,115,169,100,80,121,91,107,144,17,164,87,153,14,138,211,179,135,87,57,16,140,197,69,113,221,116,23,211,223,189,46,85,59,250,140,197,11,183,211,40,212,141,57,115,250,198,55,140,224,197,183,163,238,113,198,115,107,39,140,62,197,209,104,241,41,198,140,197,223,80,204,204,23,95,192,230,197,191,183,127,162,144,244,9,236,211,225,180
Best fitness found so far: 0.39582617040546875; k: 2.0
Generation: 190; 0.39582617040546875; k: 2.0; 144,17,164,87,153,211,45,211,69,115,87,57,16,140,197,69,113,42,69,113,203,132,161
Best fitness found so far: 0.39582617040546875; k: 2.0
Generation: 191; 0.39582617040546875; k: 2.0; 131,17,164,87,57,211,45,211,179,115,87,57,16,45,230,77,83,189,23,20,55,57,16,45,166,17,164,87,57,211,45,90,77,179,189,188,121,197,198,115,154,84,115,87,246,16,45,230,84,56,189,188,167,197,250,140
Best fitness found so far: 0.39582617040546875; k: 2.0
Generation: 192; 0.39582617040546875; k: 2.0; 144,17,164,87,77,211,45,211,179,115,87,57,214,140,197,69,113,216,115,23,211,105,189,39,215,197,250,227,197,239,183,211,190,87,197,36,211,45,230,77,206,211,179,115,145,57,16,45,141,61,164,63,57,2,73,113,140,115,154,198,227,51,189,164,87,143,211,45,230,69,83,189,188,203,197,250,87,182,211,115,186,77,67,189,208
Best fitness found so far: 0.39582617040546875; k: 2.0
Generation: 193; 0.39582617040546875; k: 2.0; 131,13,164,87,57,211,45,211,179,115,55,57,16,45,166,17,164,87,57,211,167,211,69,115,87,197,36,105,2,154,153,54,209,67,211,45,230,67,14,18,113,192,106,17,225,188,78,197,201,189,61,240,93,188,94,197,35,65,131,198,115,154,173,3,221,76,104,18,243,39,110,197,197,202,61,186,21,197,42,211,225,87
Best fitness found so far: 0.39582617040546875; k: 2.0
Generation: 194; 0.39582617040546875; k: 2.0; 68,17,164,87,11,211,45,211,69,115,87,57,16,140,197,199,113,203,113,138,115,23,211,223,224,46,140,197,92,140,169,239,183,231,190,87,87,140
Best fitness found so far: 0.39582617040546875; k: 2.0
Generation: 195; 0.39582617040546875; k: 2.0; 131,13,164,87,57,211,45,211,179,115,55,57,16,45,166,17,164,87,57,211,45,90,170,150,61,140,62,197,209,70,241,197,25,61,196,108,132,110,115,115,23,222,223,189,46,197,144,65,38,198,115,154,146,207,83,45,230,38,226,79,210,23,197,250,140,226,211,37,224,247,83,189,246
Best fitness found so far: 0.39582617040546875; k: 2.0
Generation: 196; 0.39582617040546875; k: 2.0; 26,17,164,87,23,211,45,211,179,115,87,57,214,140,197,69,113,216,229,23,211,105,189,100,140,197,250,77,197,239,183,211,190,87,197,36,211,45,47,115,206,45,211,179,115,87,57,16,140,197,69,113,57,115,23,211,223,189,46,140,237,198,115,154,23,248,44,181,208,221,236,125,73,224,229,248,140,76,23,208,44,178,97,31,236,125,178,89,229
Best fitness found so far: 0.39582617040546875; k: 2.0
Generation: 197; 0.39582617040546875; k: 2.0; 144,17,164,87,153,211,45,211,179,115,87,57,16,140,197,69,113,221,116,23,211,223,189,46,85,197,217,140,197,11,183,211,190,87,87,57,115,154,198,55,113,203,132,161
Best fitness found so far: 0.39582617040546875; k: 2.0
Generation: 198; 0.39582617040546875; k: 2.0; 144,109,164,87,139,211,45,211,179,115,87,57,16,140,197,69,113,216,115,13,197,223,189,46,140,48,198,115,154,23,4,44,181,208,221,236,125,73,224,229,56,140,76,23,208,44,172,97,31,236,181,178,89,229
Best fitness found so far: 0.39582617040546875; k: 2.0
Generation: 199; 0.39582617040546875; k: 2.0; 226,17,164,84,153,211,45,211,179,115,115,57,16,140,197,69,21,112,144,23,87,57,211,198,230,77,83,242,188,235,242,19,45,230,47,77,83,84,183,242,188,235,242,19,45,230,47,77
Best fitness found so far: 0.39582617040546875; k: 2.0
Total time of execution of seed 10 : 65704464
Solution Fitness: -0.39582617040546875
Variables: uniform 0 eucledian split split join moveAverage join
