Generation: 0; 0.007001843663900903; k: 2.0; 203,54,59
Best fitness found so far: 0.007001843663900903; k: 2.0
Generation: 1; 0.32462021668004654; k: 2.0; 78,215,65,15,227,176,239,200,79,94,197,24,86
Best fitness found so far: 0.32462021668004654; k: 2.0
Generation: 2; 0.29016067573925536; k: 2.0; 39,209,115,73,161,151,107,19,85,16,175,10,138,235,225,41,192,191,2
Best fitness found so far: 0.32462021668004654; k: 2.0
Generation: 3; 0.32489732214517175; k: 2.0; 170,185,124,186,131,39,209,226,73,161,151,107,19,85,16,175,10,138,235,155,41,192,191,2
Best fitness found so far: 0.32489732214517175; k: 2.0
Generation: 4; 0.30543420316174963; k: 2.0; 170,185,124,186,131,39,209,220,73,161,151,107,19,85,16,175,10,249,235,155,41,192,191,172,149,84,75,116,98,17,247,204
Best fitness found so far: 0.32489732214517175; k: 2.0
Generation: 5; 0.34350220399990866; k: 2.0; 170,106,124,186,131,39,209,226,73,161,147,115,73,161,151,107,19,85,16,175,10,138,228,225,41,192,191,2
Best fitness found so far: 0.34350220399990866; k: 2.0
Generation: 6; 0.36627936678285095; k: 2.0; 52,14,51,3,151,73,161,151,107,19,231,16,175,10,138,230,225,41,192,52,20,245,157
Best fitness found so far: 0.36627936678285095; k: 2.0
Generation: 7; 0.36495432632010866; k: 2.0; 170,185,124,186,131,112,209,226,73,161,151,107,19,85,16,175,10,138,235,155,41,73,161,151,107,19,85,16,175,10,138,15,117,46,171,249,189
Best fitness found so far: 0.36627936678285095; k: 2.0
Generation: 8; 0.36495432632010866; k: 2.0; 170,185,124,186,131,112,209,226,73,161,151,107,19,85,16,175,10,138,235,155,41,73,12
Best fitness found so far: 0.36627936678285095; k: 2.0
Generation: 9; 0.42016700223600295; k: 2.0; 39,209,115,104,161,151,107,19,85,16,9,10,138,235,117,175,171,161,151,216,19,85,16,132,161,170,185,157,186,131,39,209,226,73,205,151,107,19,85,16,175,10,138,131,206,196,164,19
Best fitness found so far: 0.42016700223600295; k: 2.0
Generation: 10; 0.42016700223600295; k: 2.0; 39,191,115,104,161,151,107,19,85,16,9,10,138,235,117,175,171,161,151,216,19,85,16,132,161,170,185,157,186,131,39,230,226,13,4,151,107,19,85,16,48,10,138,131,206,196,164,19
Best fitness found so far: 0.42016700223600295; k: 2.0
Generation: 11; 0.4058652694546064; k: 2.0; 77,202,207,38,139,147,115,165,161,151,183,118,153,86,165,179,55,183,19,85,86,185,124,186,131,112,194,226,73,161,151,51,19,85,16,175,10,138,235,155,41,73,12
Best fitness found so far: 0.42016700223600295; k: 2.0
Generation: 12; 0.42016700223600295; k: 2.0; 39,191,115,104,161,151,107,19,195,16,9,10,138,235,117,175,171,161,151,216,19,85,16,132,161,170,185,150,186,131,39,230,226,13,4,151,139,147,217,73,161,151,107,190,85,65,29
Best fitness found so far: 0.42016700223600295; k: 2.0
Generation: 13; 0.42016700223600295; k: 2.0; 39,191,115,104,161,146,107,19,195,16,9,10,138,235,117,175,171,161,151,216,19,45,16,210,15,170,185,150,186,131,39,230,226,163,4,151,139,147,217,73,110,151,107,190,85,42,249,73,249,151,107,26
Best fitness found so far: 0.42016700223600295; k: 2.0
Generation: 14; 0.42016700223600295; k: 2.0; 39,191,110,104,161,1,107,19,195,16,9,10,138,235,117,175,171,161,151,216,19,9,20,132,161,170,71,150,155,131,39,230,226,13,4,150,139,98,19,85,16,175,10,138,228,225,41,30,191,2
Best fitness found so far: 0.42016700223600295; k: 2.0
Generation: 15; 0.42016700223600295; k: 2.0; 39,191,115,104,161,146,107,19,195,16,9,10,138,235,117,175,216,161,151,238,19,45,16,210,15,170,217,150,186,131,39,230,226,163,4,151,139,147,217,73,110,151,218,190,85,42,1,152,46,153,139,229
Best fitness found so far: 0.42016700223600295; k: 2.0
Generation: 16; 0.42016700223600295; k: 2.0; 39,209,115,104,161,151,107,19,85,16,9,10,138,235,117,175,171,161,151,216,19,85,16,168,161,170,85,157,186,131,187,19,20,139,147,115,165,161,151,183,156,153,86,165,179,55,183,19,85,86,185,124,186,131,112,102,226,73,161,151,51,19,85,16,175,10,138,66,239,249,73,12
Best fitness found so far: 0.42016700223600295; k: 2.0
Generation: 17; 0.42016700223600295; k: 2.0; 39,191,115,104,161,151,107,19,195,16,9,10,138,235,117,175,39,161,151,216,19,173,16,132,202,170,71,150,155,67,151,107,104,85,16,175,10,138,131,206,196,164,19
Best fitness found so far: 0.42016700223600295; k: 2.0
Generation: 18; 0.42016700223600295; k: 2.0; 246,127,115,104,161,146,107,19,195,16,9,10,138,235,197,175,216,161,151,65,19,45,16,210,75,170,217,51,186,131,39,86,226,163,4,151,139,147,217,73,110,151,218,1,167,42,1,104,161,146,107,19,195,16,9,10,138,235,117,175,171,161,151,146,19,45,16,210,15,170,185,150,186,131,39,230,226,17,4,25,205,147,74,100,204,121
Best fitness found so far: 0.42016700223600295; k: 2.0
Generation: 19; 0.42016700223600295; k: 2.0; 39,209,115,104,161,151,107,19,85,16,9,10,82,235,117,175,171,161,151,103,19,175,171,228,151,216,19,45,16,210,15,170,185,53,218,131,39,230,226,163,4,206,139,147,217,73,223,151,107,190,163,42,249,73,249,231,107,26
Best fitness found so far: 0.42016700223600295; k: 2.0
Generation: 20; 0.42016700223600295; k: 2.0; 39,191,115,104,161,151,165,129,195,16,63,10,138,235,117,175,171,161,151,216,16,135,64,82,86,39,185,124,227,131,226,164,220,87,161,184,233,205,85,151,183,213,85,86,233,179,29,183,168,230,88,35,4,151,139,147,217,73,110,20,107,190,138,42,249,73,249,151,107,26
Best fitness found so far: 0.42016700223600295; k: 2.0
Generation: 21; 0.42016700223600295; k: 2.0; 211,191,115,104,161,146,75,19,195,16,9,10,138,250,117,175,216,161,166,27,16,9,146,138,235,105,19,85,16,9,10,202,235,224,32,209,161,151,216,44,38,16,168,161,170,185,157,186,131,187,19,102,41,62,124,186,131,112,148,226,73,108,151,35,200,85,16,38,10,138,235,155,141,73,12
Best fitness found so far: 0.42016700223600295; k: 2.0
Generation: 22; 0.42016700223600295; k: 2.0; 39,191,110,104,241,1,107,19,195,16,9,10,154,235,212,175,171,161,151,216,19,9,151,216,19,156,142,168,161,170,85,157,186,131,239,19,98,106,147,115,165,161,33,183,156,173,201,165,179,55,183,19,85,86,185,124,186,174,112,102,226,117,175,171,161,151,103,19,175,171,228,222,216,19,45,16,210,15,170,185,53,133,131,39,230,226,163,4,206,139,147,217,73,214,151,107,190,163,42,249,73,249,231,107,26
Best fitness found so far: 0.42016700223600295; k: 2.0
Generation: 23; 0.42016700223600295; k: 2.0; 39,191,110,104,247,1,107,19,195,16,9,10,138,235,117,175,171,161,151,216,55,184,20,203,161,24,115,121,155,131,39,230,226,13,4,150,139,119,19,85,16,175,10,138,228,235,155,41,97,175,10,81,241,69,109,190,41,191,81
Best fitness found so far: 0.42016700223600295; k: 2.0
Generation: 24; 0.42016700223600295; k: 2.0; 157,191,115,104,161,146,107,19,195,16,9,10,138,235,117,92,171,228,247,216,19,10,125,235,117,175,20,10,198,128,155,131,219,143,177,33,16,125,215,42,237,225,127,155,131,219
Best fitness found so far: 0.42016700223600295; k: 2.0
Generation: 25; 0.42016700223600295; k: 2.0; 39,191,115,104,161,151,107,19,137,16,9,10,138,235,117,192,171,161,151,85,19,216,13,180,99,230,161,170,185,157,186,131,187,19,148,86,185,124,186,131,112,105,226,73,161,130,51,19,24,16,175,10,138,235,48,41,243,12
Best fitness found so far: 0.42016700223600295; k: 2.0
Generation: 26; 0.42016700223600295; k: 2.0; 10,209,115,104,161,151,77,19,85,16,9,10,138,235,117,175,171,161,151,204,19,85,16,132,161,170,185,157,186,131,239,194,200,19,209,20,132,163,209,196,179,155,131,59,230,226,188,19,215,172,198,10,53,235,126,46,42,158,222,72,242,107,240,78,139,142,237,225,98
Best fitness found so far: 0.42016700223600295; k: 2.0
Generation: 27; 0.42016700223600295; k: 2.0; 39,191,110,104,161,1,107,19,195,16,9,10,138,235,117,117,175,171,161,151,216,206,85,16,168,161,134,41,73,12
Best fitness found so far: 0.42016700223600295; k: 2.0
Generation: 28; 0.42016700223600295; k: 2.0; 172,209,115,104,161,151,107,19,85,16,9,10,138,235,151,175,117,175,161,151,110,19,45,16,210,15,170,185,150,186,174,39,230,226,63,4,151,155,147,217,73,110,151,107,190,85,42,179,73,249,151,107,173,19,85,16,9,243,138,235,117,175,171,161,175,244,19,243,16,168,161,170,185,157,186,57,187,2,39,191,115,154,161,151,107,19,195,44,127,38,138,235,117,175,246,161,130,216,19,85,64,132,161,159,185,150,186,131,39,230,226,84,4,151,139,147,217,73,47,151,119,190,126,65,29
Best fitness found so far: 0.42016700223600295; k: 2.0
Generation: 29; 0.42016700223600295; k: 2.0; 39,209,115,104,21,151,107,19,85,16,9,10,82,235,3,175,171,161,151,249,19,175,59,228,151,216,19,45,16,210,15,191,110,104,161,1,107,19,195,16,91,10,138,235,117,117,175,171,161,151,216,206,85,16,168,161,170,77,157,186,131,187,19,20,139,147,84,30,161,151,183,156,80,86,165,179,55,183,94,85,86,185,124,186,82,112,102,226,73,161,151,26,19,85,16,175,10,4,66,239,249,73,193
Best fitness found so far: 0.42016700223600295; k: 2.0
Generation: 30; 0.42016700223600295; k: 2.0; 39,191,115,104,161,151,107,19,195,16,89,10,138,235,117,100,171,161,56,216,19,85,16,53,239,206,216,150,155,10,151,216,85,45,16,210,15,170,185,46,221,10,138,235,155,41,73,12,39,191,115,104,161,146,107,19,195,16,9,197,138,235,117,204,171,161,151,217,85,45,16,210,15
Best fitness found so far: 0.42016700223600295; k: 2.0
Generation: 31; 0.42016700223600295; k: 2.0; 39,191,115,104,207,151,165,129,195,16,63,10,138,235,117,130,171,161,151,216,216,135,64,82,86,39,185,60,227,131,226,164,220,87,161,184,233,205,85,51,8,213,85,218,57,179,29,183,168,230,88,35,210,15,170,66,150,64,131,39,230,226,21,3,133,133,151,107,200,74,100,204,81,10,214,235,161,146,157,19,195,16,9,10,138,189,213,3,171,246,83,216,19
Best fitness found so far: 0.42016700223600295; k: 2.0
Generation: 32; 0.42016700223600295; k: 2.0; 39,209,115,104,161,151,107,19,85,16,9,10,138,235,117,175,171,161,151,103,19,85,73,110,151,218,1,85,42,1,104,161,146,107,19,195,16,9,10,138,235,117,175,171,161,151,146,19,45,16,210,15,170,185,150,186,131,59,230,226,17,4,25,139,147,217,73,110,151,107,190,85,42,62,73,249,151,107,117,19,85,195,9,206,114,140,117,175,171,161,175,216,5,85,16,229,161,170,185,157,186,156,187,19,85,86,213,124,186,131,112,178,226,72,58,151,51,11,85,8,175,129,138,235,134,41,73,12
Best fitness found so far: 0.42016700223600295; k: 2.0
Generation: 33; 0.42016700223600295; k: 2.0; 39,191,25,104,15,151,107,19,195,16,9,10,138,235,117,175,171,18,177,85,138,235,117,175,171,161,178,216,19,45,107,19,65,16,227,19,85,161,94,138,228,155,29,73,19,197,86,165,138,207,34,155,10,138,103,225,41,192,117,138,15,189,46,153,139,229
Best fitness found so far: 0.42016700223600295; k: 2.0
Generation: 34; 0.42016700223600295; k: 2.0; 39,191,110,104,247,1,107,19,195,16,9,10,138,225,117,175,59,161,151,216,19,184,20,132,161,206,71,121,155,131,39,230,226,13,4,150,139,119,127,158,16,175,10,138,228,235,155,41,97,161,52,123,204,209,133,148,161,151,107,194,85,16,34,10,138,235,117,175,171,161,151,175,19,85,16,132,161,170,185,157,186,131,39,65,226,235,190,85,42,14,73,249,151,104,117,19,85,195,9,206,114,140,117,175,171,47,175,216,19,85,16,229,161,170,185,157,186,156,187,38,85,86,213,130,186,131,112,178,226,72,42,151,51,11,85,8,175,129,32,235,134,41,73,12
Best fitness found so far: 0.42016700223600295; k: 2.0
Generation: 35; 0.42016700223600295; k: 2.0; 246,127,115,104,161,146,107,19,195,16,9,10,138,235,197,175,216,161,249,65,19,45,16,210,75,170,217,51,186,131,5,86,226,163,4,151,139,147,217,29,110,151,218,1,167,200,93,100,204,51
Best fitness found so far: 0.42016700223600295; k: 2.0
Generation: 36; 0.42016700223600295; k: 2.0; 39,191,110,104,161,1,107,19,195,16,9,10,138,235,223,175,65,161,151,216,19,9,20,132,161,170,71,150,155,131,39,16,226,13,4,150,240,78,139,8,237,225,127
Best fitness found so far: 0.42016700223600295; k: 2.0
Generation: 37; 0.42016700223600295; k: 2.0; 184,191,115,104,161,151,107,19,195,16,9,10,138,235,117,192,171,161,151,216,19,85,16,248,220,170,164,123
Best fitness found so far: 0.42016700223600295; k: 2.0
Generation: 38; 0.42016700223600295; k: 2.0; 39,191,110,104,161,1,107,19,11,16,9,135,138,235,117,46,12,161,151,216,19,9,20,132,161,209,93,150,155,131,174,230,226,13,19,85,148,198,10,53,235,69,109,42,158,66,72,151,107,240,78,139,142,237,30,138,235,204,204,12,161,151,216,85,45,16,210,15
Best fitness found so far: 0.42016700223600295; k: 2.0
Generation: 39; 0.42016700223600295; k: 2.0; 39,191,115,104,161,146,107,19,195,16,9,10,138,235,117,175,73,66,239,249,73,193
Best fitness found so far: 0.42016700223600295; k: 2.0
Generation: 40; 0.42016700223600295; k: 2.0; 39,191,115,104,161,146,107,19,195,16,9,10,138,235,117,175,151,107,200,93,5,204,158
Best fitness found so far: 0.42016700223600295; k: 2.0
Generation: 41; 0.42016700223600295; k: 2.0; 39,191,115,104,161,146,107,19,195,16,9,10,138,235,117,175,171,228,151,216,19,45,16,210,15,170,231,53,218,131,39,230,116,116,155,41,237,194,146,200,79,113,157,139,74,25,228,119,20,192,191,113
Best fitness found so far: 0.42016700223600295; k: 2.0
Generation: 42; 0.42016700223600295; k: 2.0; 43,191,215,104,161,1,107,19,195,16,9,20,138,235,173,117,175,171,105,151,216,206,85,90,168,27,134,77,157,163,167,161,151,216,19,173,16,132,1,170,71,150,155,67,151,107,104,85,16,175,10,138,131,206,196,164,19
Best fitness found so far: 0.42016700223600295; k: 2.0
Generation: 43; 0.42016700223600295; k: 2.0; 8,209,115,104,161,151,107,19,85,16,9,10,9,235,224,175,144,161,196,216,19,85,16,168,161,170,87,157,186,16,187,19,175,10,25,235,9,10,138,235,117,114,92,195,112,9,249,191,115,104,161,151,133,19,195,16,88,10,159,235,117,175,108,10,198,235,155,229,219,143,141,85,92,194,200,200,79,113,157,24,23
Best fitness found so far: 0.42016700223600295; k: 2.0
Generation: 44; 0.42016700223600295; k: 2.0; 39,191,115,104,161,151,107,19,195,16,9,10,138,235,116,192,171,161,151,39,19,85,16,248,220,9,10,138,235,117,175,171,161,2,216,19,85,16,53,125,170,71,150,155,119,45,230,226,13,49,150,139,147,150,73,88,131,112,209,214,73,161,151,123,19,85,16,175,10,138,244,84,41,73,199
Best fitness found so far: 0.42016700223600295; k: 2.0
Generation: 45; 0.42016700223600295; k: 2.0; 39,191,25,104,161,151,107,19,195,16,9,10,138,235,117,175,171,161,177,85,16,125,215,107,19,67,16,9,167,138,235,117,175,171,228,151,216,19,45,16,233,15,78,107,19,85,16,9,10,138,235,164,175,171,111,151,6,19,85,16,168,218,170,85,157,37,131,187,19,171,139,147,115,165,161,73,205,156,153,239,165,179,16,217,65,16,148,19,126,212,19,85,84,153,10,249,10,69,109,1,200,191,167,9,86,39,185,151,107,19,65,16,175
Best fitness found so far: 0.42016700223600295; k: 2.0
Generation: 46; 0.42016700223600295; k: 2.0; 39,191,110,104,161,1,107,19,195,16,9,10,138,235,157,204,175,171,161,151,47,206,85,16,168,161,170,77,157,206,131,216,19,97,16,132,161,170,71,150,155,131,236,230,226,67,4,150,139,147,150,207,161,161,196,185,157,186,131,39,230,226,13,208,151,107,19,85,16,48,10,138,131,206,196,164,19
Best fitness found so far: 0.42016700223600295; k: 2.0
Generation: 47; 0.42016700223600295; k: 2.0; 39,191,115,104,161,151,107,19,195,16,9,10,138,235,117,175,39,161,151,216,247,173,16,132,202,170,71,150,155,67,107,19,98,16,158
Best fitness found so far: 0.42016700223600295; k: 2.0
Generation: 48; 0.42016700223600295; k: 2.0; 39,191,115,215,161,146,107,19,195,16,9,10,138,235,213,3,189,161,88,216,19,45,35,246,15,15,53,150,64,150,39,230,226,163,242,133,133,123,245,200,74,120,117,112,209,226,73,161,19,107,19,79,16,156,153,151,107,19,85,16,48,10,138,131,206,196,164,19
Best fitness found so far: 0.42016700223600295; k: 2.0
Generation: 49; 0.42016700223600295; k: 2.0; 29,191,110,104,161,1,107,19,195,16,9,10,144,235,117,175,171,161,109,216,236,239,20,132,161,20,71,150,155,131,39,230,226,13,4,150,139,98,19,85,245,157
Best fitness found so far: 0.42016700223600295; k: 2.0
Generation: 50; 0.42016700223600295; k: 2.0; 157,191,115,104,205,146,107,19,195,16,9,10,138,235,117,175,171,228,151,216,19,45,16,210,15,131,107,19,85,16,9,10,138,235,164,175,171,111,151,6,19,85,16,168,161,170,85,157,37,131,187,19,249,139,166,115,165,161,73,205,156,153,86,165,179,16,217,205,16,148,19,40,212,19,85,16,153,10,249,115,104,161,146,107,19,195,16,9,10,138,235,117,204,171,161,209,36,85,45,16,210,15,170,185,46,221,10,138,235,155,41,73,12,175,191,115,104,161,146,107,19,188,16,9,10,189,235,117,204,171,161,151,216,85,45,16,210,15
Best fitness found so far: 0.42016700223600295; k: 2.0
Generation: 51; 0.42016700223600295; k: 2.0; 39,191,115,104,161,151,107,19,195,16,109,10,138,235,123,175,171,161,165,216,19,85,16,132,161,170,185,150,186,131,39,230,226,13,4,151,139,147,93,73,161,151,107,19,195,16,9,10,138,235,241,175,145,161,151,216,159,41,30,125,2
Best fitness found so far: 0.42016700223600295; k: 2.0
Generation: 52; 0.42016700223600295; k: 2.0; 39,209,115,104,161,146,107,19,195,16,9,10,138,235,117,175,171,228,151,216,19,45,16,52,178,245,157
Best fitness found so far: 0.42016700223600295; k: 2.0
Generation: 53; 0.42016700223600295; k: 2.0; 244,191,115,182,161,146,107,19,195,16,9,10,138,235,213,3,171,161,151,19,169,16,222,10,219,116,155,41,239,194,200,19,209,20,132,234,209,196,228,4,131,125,230,226,13,19,213,172,198,10,53,157,162,46,42,158,234,72,242,107,213,78,139,142,237,225,127
Best fitness found so far: 0.42016700223600295; k: 2.0
Generation: 54; 0.42016700223600295; k: 2.0; 39,209,115,104,161,151,107,19,85,121,9,10,138,235,117,175,171,161,151,216,19,85,16,168,138,232,131,39,230,226,163,4,138,235,85,175,39,161,151,216,19,173,16,132,202,170,71,150,155,67,107,19,98,16,30,10,219,122,106,244,73,41,41,34,132,68,82,34,132
Best fitness found so far: 0.42016700223600295; k: 2.0
Generation: 55; 0.42016700223600295; k: 2.0; 39,209,115,104,29,151,107,19,85,16,119,10,214,235,117,175,171,15,36,179,41,161,161,129,185,124,58,107,245,85,16,107,19,85,148,175,10,29,191,2
Best fitness found so far: 0.42016700223600295; k: 2.0
Generation: 56; 0.42016700223600295; k: 2.0; 39,209,115,104,161,151,107,19,85,16,9,10,138,235,117,175,171,161,151,73,153,231,132,26
Best fitness found so far: 0.42016700223600295; k: 2.0
Generation: 57; 0.42016700223600295; k: 2.0; 39,191,25,104,161,151,107,19,195,16,9,10,138,235,117,175,171,82,177,85,16,125,215,132,234,209,196,228,155,131,103,230,226,13,19,169,172,142,10,148,235,97,46,42,158,222,72,242,107,240,78,139,142,237,225,127
Best fitness found so far: 0.42016700223600295; k: 2.0
Generation: 58; 0.42016700223600295; k: 2.0; 77,191,115,104,161,151,107,129,179,16,63,10,138,235,117,175,171,161,151,200,16,64,234,9,86,39,46,151,138,242,117,175,171,161,151,216,19,85,16,132,161,170,185,150,186,131,14,230,226,13,4,151,139,147,217,73,161,151,107,190,85,65,29
Best fitness found so far: 0.42016700223600295; k: 2.0
Generation: 59; 0.42016700223600295; k: 2.0; 172,209,115,104,161,151,107,19,85,16,9,10,138,235,151,235,117,175,114,120,123,161,129,185,124,58,107,42,85,210,107,19,85,148,175,10,138,197,9,72,194,249,13
Best fitness found so far: 0.42016700223600295; k: 2.0
Generation: 60; 0.42016700223600295; k: 2.0; 78,191,115,104,161,146,107,19,195,16,9,10,76,235,141,175,171,161,151,110,19,45,16,210,15,170,23,150,186,131,9,230,226,246,4,151,139,147,181,73,110,151,107,190,85,42,179,73,249,151,107,9,222,85,16,2,10,138,198,117,175,171,161,175,216,19,85,16,168,161,170,185,157,186,156,187,19,39,191,115,104,161,34,107,19,195,16,9,38,138,235,211,65,171,161,130,119,134,151,107,149,85,117,175,10,138,131,206,196,164,19
Best fitness found so far: 0.42016700223600295; k: 2.0
Generation: 61; 0.42016700223600295; k: 2.0; 39,191,115,104,161,151,107,129,195,16,63,10,138,235,117,175,20,161,151,216,19,85,16,9,10,138,235,224,175,144,161,151,216,19,85,16,168,161,170,68,157,186,16,74,19,175,10,128,235,1,41,73,12
Best fitness found so far: 0.42016700223600295; k: 2.0
Generation: 62; 0.42016700223600295; k: 2.0; 39,209,115,104,161,151,107,19,85,106,9,10,138,235,224,175,144,161,196,216,19,85,205,168,161,13,87,157,186,16,104,161,151,107,19,195,16,9,10,69,235,117,122,39,161,97,216,19,173,16,132,202,170,80,150,155,67,107,19,98,16,15,10,219,116,155,41,73,194,200,200,79,113,18,24,219
Best fitness found so far: 0.42016700223600295; k: 2.0
Generation: 63; 0.42016700223600295; k: 2.0; 39,185,110,104,161,1,107,19,195,16,9,10,138,235,157,204,175,127,44,138,228,225,41,192,191,2
Best fitness found so far: 0.42016700223600295; k: 2.0
Generation: 64; 0.42016700223600295; k: 2.0; 39,191,115,104,161,151,107,129,195,16,9,10,138,235,159,175,171,161,171,15,36,94,41,97,161,129,185,124,58,184,245,85,91,107,125,85,148,175,69,138,197,9,46,194,10,83,244,225,41,31,52,20,245,207,171,15,36,94,41,161,161,129,185,124,58,107,245,85,91,107,19,117,148,175,69,138,197,9,46,194,10,138,108,182,41,192,52,128
Best fitness found so far: 0.42016700223600295; k: 2.0
Generation: 65; 0.42016700223600295; k: 2.0; 77,191,115,104,161,151,107,129,179,16,63,10,138,235,117,175,171,161,151,200,16,64,19,9,86,39,185,107,19,195,16,9,10,138,235,117,117,175,171,161,151,216,206,85,16,168,161,170,77,157,186,131,187,19,20,139,147,84,165,115,241,183,156,184,86,165,178,55,178,19,85,86,185,124,186,131,112,102,217,136,161,151,26,215,85,1,40,10,73,66,239,249,235,155,41,73,30
Best fitness found so far: 0.42016700223600295; k: 2.0
Generation: 66; 0.42016700223600295; k: 2.0; 36,191,115,104,161,146,107,19,195,16,9,10,138,235,117,72,171,161,214,216,19
Best fitness found so far: 0.42016700223600295; k: 2.0
Generation: 67; 0.42016700223600295; k: 2.0; 39,191,115,104,161,151,107,19,195,16,245,10,125,235,117,175,20,10,198,235,155,131,219,143,177,85,16,236,215,47,228,225,41,192,191,1,107,19,195,16,9,10,138,235,117,175,6,161,151,216,19,204,20,170,185,150,64,131,39,230,244,163,242,133,133,151,107,200,74,192,204,81
Best fitness found so far: 0.42016700223600295; k: 2.0
Generation: 68; 0.42016700223600295; k: 2.0; 36,191,115,104,141,146,211,19,195,16,9,10,138,235,166,243,171,161,214,216,85,156,16,210,15,117,185,83,151,73,161,10,138,131,206,196,164,19
Best fitness found so far: 0.42016700223600295; k: 2.0
Generation: 69; 0.42016700223600295; k: 2.0; 39,191,115,17,213,146,107,19,195,16,9,10,138,65,213,3,171,105,151,216,81,108,16,210,15,170,185,63,64,131,39,230,226,163,242,133,133,19,107,218,103,161,168,106,150,155,34,39,16,226,10,138,203,225,41,143,117,138,15,152,46,153,232,229
Best fitness found so far: 0.42016700223600295; k: 2.0
Generation: 70; 0.42016700223600295; k: 2.0; 39,209,115,104,161,151,107,19,125,16,85,10,82,235,117,120,171,161,151,103,19,175,171,150,155,118,107,19,165,16,15,10,114,122,155,244,73,41,41,34,132,68,82,166,132
Best fitness found so far: 0.42016700223600295; k: 2.0
Generation: 71; 0.42016700223600295; k: 2.0; 39,209,115,104,87,151,107,19,27,16,9,10,138,235,117,19,85,81,9,10,202,235,224,175,171,161,151,216,44,38,16,168,161,170,185,157,186,131,187,19,85,124,185,124,186,7,132,148,226,73,108,151,51,19,131,187,19,102,41,62,124,186,131,112,148,226,73,108,151,51,19,144,16,38,10,138,235,155,41,73,12,209,115,104,87,151,107,19,27,16,9,10,138,235,117,19,85,81,9,10,202,235,224,175,171,161,151,216,44,38,16,168,161,170,185,157,186,131,187,19,85,124,185,124,186,7,132,148,226,73,108,151,51,19,131,187,19,102,41,62,124,186,131,112,148,226,73
Best fitness found so far: 0.42016700223600295; k: 2.0
Generation: 72; 0.42016700223600295; k: 2.0; 39,191,115,104,161,146,85,19,195,16,9,10,138,235,213,3,171,161,216,216,19,45,35,210,15,209,151,107,19,195,126,42,123,248,235,117,175,39,193,151,216,19,173,161,132,202,170,71,150,155,7,202,107,175,10,171,235,155,41,73,161,151,228,32,145,134,68,201
Best fitness found so far: 0.42016700223600295; k: 2.0
Generation: 73; 0.42016700223600295; k: 2.0; 39,217,115,104,137,151,107,19,195,16,9,10,138,235,117,175,171,161,151,216,19,85,152,88,35,4,151,128,40,217,73,110,34,107,155,249,42,249,73,249,147,107,26
Best fitness found so far: 0.42016700223600295; k: 2.0
Generation: 74; 0.42016700223600295; k: 2.0; 39,191,110,104,161,1,107,19,195,16,9,10,138,235,117,117,175,171,105,151,236,206,85,115,104,161,146,107,19,195,16,9,10,138,235,240,175,151,107,200,93,100,3,166
Best fitness found so far: 0.42016700223600295; k: 2.0
Generation: 75; 0.42016700223600295; k: 2.0; 39,191,245,104,165,151,107,19,195,16,9,10,248,235,117,175,79,193,151,216,19,173,16,132,202,170,71,150,200,7,85,148,120,10,4,218,214,73,161,151,123,34,85,16,175,10,138,244,155,41,73,12
Best fitness found so far: 0.42016700223600295; k: 2.0
Generation: 76; 0.42016700223600295; k: 2.0; 39,191,115,104,161,151,107,19,195,16,9,10,138,245,107,19,231,16,176,10,138,230,225,41,192,52,178,245,157
Best fitness found so far: 0.42016700223600295; k: 2.0
Generation: 77; 0.42016700223600295; k: 2.0; 39,191,115,104,7,151,107,19,195,16,9,10,48,235,117,175,20,10,198,235,155,131,219,143,177,85,16,150,45,131,39,230,173,13,41,51,108
Best fitness found so far: 0.42016700223600295; k: 2.0
Generation: 78; 0.42016700223600295; k: 2.0; 39,1,110,104,161,1,107,19,195,16,193,10,138,100,117,117,175,171,161,151,216,206,85,16,168,161,170,77,157,186,131,26,19,20,139,147,84,165,115,151,183,156,146,86,165,74,55,105,19,85,86,185,124,186,131,112,102,226,122,161,151,26,215,85,1,40,10,73,66,239,249,235,155,41,191,161,151,107,19,195,16,9,10,138,235,117,175,171,161,151,194,19,85,16,132,161,170,185,168,186,131,39,173,63,132,193,170,71,120,104,92,249,19,169,14,222,10,219,116,155,41,151,194,200,19,99,20,132,123,209,196,228,224,131,125,230,226,13,19,169,185,198,10,53,235,97,143,42,158,222,72,242,107,240,78,139,142,98,225,127
Best fitness found so far: 0.42016700223600295; k: 2.0
Generation: 79; 0.42016700223600295; k: 2.0; 39,191,110,104,161,1,107,19,195,16,9,10,138,235,157,204,175,171,161,151,47,206,85,16,104,161,151,107,19,195,16,237,73,194,146,200,79,113,157,24,74,100,204,119,85,192,191,113
Best fitness found so far: 0.42016700223600295; k: 2.0
Generation: 80; 0.42016700223600295; k: 2.0; 127,191,245,104,161,151,107,19,195,16,9,10,248,235,117,175,39,212,151,216,19,173,16,74,202,170,71,150,155,67,202,107,90,85,198,175,224,138,131,206,196,74,151,107,107,19,231,16,176,10,138,230,225,41,192,204,20,155,131,219,143,141,85,151,194,200,200,79,113,157,24,219
Best fitness found so far: 0.42016700223600295; k: 2.0
Generation: 81; 0.42016700223600295; k: 2.0; 39,191,110,104,161,211,107,19,195,16,9,10,138,235,117,74,171,161,151,105,19,9,20,132,161,206,71,180,155,131,39,230,226,13,4,150,139,98,19,85,16,123,10,138,228,235,155,41,20,161,52,16,204,209,133,148,175,10,138,90,248,46,194,249,185,111,124,186,16,175,182,138,244,26,41,73,8
Best fitness found so far: 0.42016700223600295; k: 2.0
Generation: 82; 0.42016700223600295; k: 2.0; 39,191,115,104,119,146,107,19,195,16,9,40,138,235,117,175,171,110,151,225,41,192,117,138,15,189,46,153,139,25
Best fitness found so far: 0.42016700223600295; k: 2.0
Generation: 83; 0.42016700223600295; k: 2.0; 39,209,115,104,161,151,107,19,85,16,9,10,137,235,224,175,144,161,196,216,19,85,16,168,161,170,87,157,186,16,187,19,175,10,128,235,9,10,138,235,117,175,39,161,151,216,176,173,16,132,193,170,71,150,155,175,171,161,151,216,19,9,20,132,161,209,71,131,155,131,39,79,226,13,19,85,148,198,10,53,224,53,46,42,158,222,72,151,107,232,78,139,142,237,225,127
Best fitness found so far: 0.42016700223600295; k: 2.0
Generation: 84; 0.42016700223600295; k: 2.0; 39,209,115,104,161,151,107,19,85,106,9,10,138,235,10,138,235,249,100,171,161,56,216,19,85,126,53,125,170,216,150,155,10,16,48,10,138,84,206,196,164,16,175,10,138,131,206,196,30,19
Best fitness found so far: 0.42016700223600295; k: 2.0
Generation: 85; 0.42016700223600295; k: 2.0; 39,191,110,104,161,1,107,19,195,16,9,10,138,235,157,204,175,171,40,151,47,206,85,16,168,161,170,77,157,186,131,100,19,85,16,132,161,170,71,150,155,227,39,230,226,147,186,150,139,147,150,207,227,151,188,190,85,73,161,114,107,166,85,16,175,10,138,228,225,41,155,10,16,48,10,138,131,206,196,69,19
Best fitness found so far: 0.42016700223600295; k: 2.0
Generation: 86; 0.42016700223600295; k: 2.0; 39,191,115,104,161,151,107,19,85,16,9,10,138,235,117,175,235,155,41,97,161,52,123,204,180,133,148,161,211,107,19,85,16,230,10,138,235,117,175,171,161,151,216,19,85,16,132,161,170,185,157,186,131,39,65,226,235,116,151,107,19,85,16,229,10,138,131,179,196,164,143
Best fitness found so far: 0.42016700223600295; k: 2.0
Generation: 87; 0.42016700223600295; k: 2.0; 39,191,110,104,247,1,107,19,195,16,9,10,138,235,117,175,171,161,151,216,19,184,20,132,161,206,71,121,155,131,39,230,226,157,4,150,95,119,19,85,211,175,10,138,228,235,152,41,97,41,52,123,204,209,133,148,161,151,107,19,85,16,230,10,138,235,117,175,171,161,151,216,19,85,16,132,161,170,185,21,43,131,39,65,226,235,205,151,107,19,85,16,171,10,138,131,179,196,164,143
Best fitness found so far: 0.42016700223600295; k: 2.0
Generation: 88; 0.42016700223600295; k: 2.0; 39,191,115,191,161,151,107,19,195,16,9,10,138,235,117,175,171,161,151,194,19,85,16,132,177,170,185,150,186,131,39,133,97,132,193,170,71,131,104,92,249,19,169,16,222,10,219,116,155,41,239,194,200,19,209,20,132,234,209,196,228,155,131,125,230,78,13,19,169,132,198,10,53,235,97,179,29,75,19,85,86,165,138,99,155,13,86,194,103,52,155,41,192,191,2
Best fitness found so far: 0.42016700223600295; k: 2.0
Generation: 89; 0.42016700223600295; k: 2.0; 39,191,115,104,161,146,107,19,195,16,9,10,138,235,213,3,171,161,151,216,19,150,16,210,15,132,161,170,71,150,155,131,39,230,226,107,200,93,100,204,158
Best fitness found so far: 0.42016700223600295; k: 2.0
Generation: 90; 0.42016700223600295; k: 2.0; 36,209,115,104,161,151,107,19,85,16,9,10,138,235,151,175,117,69,171,161,151,216,19,53,20,238,161,209,71,131,155,131,39,230,226,13,19,85,148,34,10,53,235,53,46,42,158,222,72,151,29,146,107,125,195,16,31,10,138,235,117,175,216,161,151,130,19,45,179,16,175,10,138,230,225,41,192,52,53,138,220,170,190,187,19,49,86,37,138,207,155,13,99,13,138,233,155,41,192,191,165,161,151,183,118,46,151,165,179,55,202,19,85,28,22,33,186,131,112,22,214,73,161,151,51,19,85,78,175,10,137,235,236,41,73,12
Best fitness found so far: 0.42016700223600295; k: 2.0
Generation: 91; 0.42016700223600295; k: 2.0; 39,191,110,104,161,1,107,19,195,16,9,10,138,235,215,175,171,161,151,216,19,9,20,160,161,170,93,150,155,131,39,16,226,10,136,93,225,41,192,117,161,146,107,19,195,16,9,10,175,235,245,3,245,161,151,216,19,229,16,210,15,132,85,170,71,150,155,131,39,230,226,13,4,65,139,98,19,85,16,175,10,138,228,111,41,30,125,2
Best fitness found so far: 0.42016700223600295; k: 2.0
Generation: 92; 0.42016700223600295; k: 2.0; 39,209,115,104,161,151,107,19,85,16,9,10,90,15,117,175,171,161,151,103,209,85,16,132,161,170,84,230,226,163,4,151,139,147,217,73,110,151,107,190,157,42,249,73,249,151,107,26
Best fitness found so far: 0.42016700223600295; k: 2.0
Generation: 93; 0.42016700223600295; k: 2.0; 39,191,115,104,161,151,107,19,195,16,9,10,138,235,117,234,171,161,151,216,19,85,16,248,186,115,112,209,226,73,17,239,107,19,168,4,175,19,85,86,53,138,52,155,29,93,19,85,86,165,138,207,155,67,41,27,138,196,155,41,192,191,165,89,151,183,118,153,151,17,179,55,183,144,56,28,22,74,140,131,138,235,117,176,171,161,131,216,19,85,16,168,72,186,131,140,151,107,19,65,16,246,19,85,86,13,138,52,9,41,192,6,2
Best fitness found so far: 0.42016700223600295; k: 2.0
Generation: 94; 0.42016700223600295; k: 2.0; 110,231,115,104,161,151,107,19,85,16,9,10,214,235,117,175,171,161,151,216,19,62,56
Best fitness found so far: 0.42016700223600295; k: 2.0
Generation: 95; 0.42016700223600295; k: 2.0; 39,191,110,104,161,1,107,19,195,16,9,10,138,235,117,175,171,161,151,216,19,9,20,132,161,151,71,150,42,131,39,16,41,13,4,150,240,78,139,164,19
Best fitness found so far: 0.42016700223600295; k: 2.0
Generation: 96; 0.42016700223600295; k: 2.0; 39,191,115,104,161,151,107,19,195,16,9,10,138,235,117,175,39,161,151,216,19,173,16,132,202,170,188,150,155,67,107,19,98,164,15,225,219,116,155,41,73,194,205,200,104,113,157,24,139,35,150,73,88,131,112,209,214,73,161,151,123,19,5,16,175,10,138,244,155,41,73,199
Best fitness found so far: 0.42016700223600295; k: 2.0
Generation: 97; 0.42016700223600295; k: 2.0; 39,191,110,104,161,1,107,19,195,16,9,10,138,235,157,204,175,171,161,151,47,206,19,16,168,161,162,77,49,186,131,136,19,85,16,70,161,170,71,150,155,158,39,230,226,67,4,150,139,129,89,207,161,151,188,190,77,248,161,114,107,19,85,16,175,85,114,9,10,214,235,117,175,54,161,151,216,19,67,188,242,98,16,6,10,219,116,155,41,73,194,244,200,79,113,157,24,223,100,204,2,145,192,191,113,116,155,41,73,194,244,200,79,113
Best fitness found so far: 0.42016700223600295; k: 2.0
Generation: 98; 0.42016700223600295; k: 2.0; 39,191,245,104,161,151,107,19,195,16,9,10,48,235,117,204,74,193,151,216,139,171,16,132,202,170,71,150,155,67,202,107,104,85,195,16,9,10,138,235,197,175,216,161,151,65,19,142,16,210,75,52,106,51,186,131,39,86,72,163,4,151,139,147,217,73,110,151,218,1,167,42,1,104,161,146,107,19,195,16,9,10,138,235,117,175,171,161,151,146,19,45,16,210,15,170,185,150,186,131,39,230,226,17,4,25,205,147,74,100,204,121
Best fitness found so far: 0.42016700223600295; k: 2.0
Generation: 99; 0.42016700223600295; k: 2.0; 39,191,115,104,161,146,107,19,195,16,9,10,138,235,213,219,171,161,151,216,19,45,35,210,15,170,185,150,64,131,39,230,226,163,242,133,133,151,245,200,74,100,117,112,209,226,73,161,19,107,47,206,19,16,168,161,170,77,7,186,131,216,19,85,16,70,161,170,71,150,246,79,39,230,226,67,4,150,139,129,89,207,161,151,188,190,194,178,161,114,107,19,85,16,175,85,16,9,10,214,235,28,175,26,209,151,216,19,73,56,206,19,16,168,161,170,77,7,186,131,216,19,85,16,70,161,170,71,150,246,79,39,230,226,67,4,150,139,129,89,207,161,151
Best fitness found so far: 0.42016700223600295; k: 2.0
Generation: 100; 0.42016700223600295; k: 2.0; 39,191,245,104,209,151,107,19,195,126,9,10,248,235,117,175,39,193,151,216,19,173,16,132,202,170,71,150,155,67,202,188,219
Best fitness found so far: 0.42016700223600295; k: 2.0
Generation: 101; 0.42016700223600295; k: 2.0; 39,191,115,104,161,151,107,19,195,16,9,10,138,90,186,131,187,19,102,41,62,124,186,131,112,148,226,73,108,151,51,19,85,16,38,10,138,97,155,41,73,12
Best fitness found so far: 0.42016700223600295; k: 2.0
Generation: 102; 0.42016700223600295; k: 2.0; 39,209,115,104,161,151,107,19,85,16,9,10,138,235,31,175,117,175,10,138,235,117,194,171,228,151,216,19,45,141,210,167,170,185,239,218,131,39,230,226,163,4,151,139,147,217,73,223,151,107,190,85,42,249,73,249,231,107,26
Best fitness found so far: 0.42016700223600295; k: 2.0
Generation: 103; 0.42016700223600295; k: 2.0; 197,191,110,104,161,1,107,19,67,16,9,10,60,235,215,175,153,161,151,216,181,9,20,103,161,170,106,150,155,131,39,16,226,10,191,115,104,161,146,75,19,195,219,9,10,138,250,117,175,177,161,166,27,16,9,10,138,201,105,19,85,16,9,10,202,235,224,175,158,161,151,216,44,38,16,168,161,170,185,157,186,131,187,19,102,41,62,168,186,131,112,148,226,73,108,151,51,19,85,25,38,10,138,235,155,41,73,12
Best fitness found so far: 0.42016700223600295; k: 2.0
Generation: 104; 0.42016700223600295; k: 2.0; 39,209,115,104,161,151,107,19,85,16,9,10,214,235,161,146,2,19,195,16,9,10,138,235,213,3,191,246,83,216,19,45,14,210,15,170,185,150,64,211,39,139,226,163,24,133,43,151,189,200,74,100,153,81,211,13,235,161,146,57,161,63,49,9,10,52,235,213,3,171,53,83,213,115,104,201,151,168,19,195,16,239,224,138,10,117,85,39,161,151,216,19,173,135,121,202,223,71,150,155,67,188,19,98,16,6,10,219,116,155,41,73,194,146,200,79,113,157,85,151,194,200,200,79,113,157,24,180
Best fitness found so far: 0.42016700223600295; k: 2.0
Generation: 105; 0.42016700223600295; k: 2.0; 126,209,115,104,29,151,107,19,85,16,137,10,214,235,117,175,171,15,36,94,41,136,161,129,185,124,58,107,245,6,91,107,19,85,148,85,16,9,10,202,235,224,175,171,161,71,216,44,38,16,168,161,166,185,157,186,131,187,155,85,124,185,124,186,131,112,148,226,73,108,151,89,19,85,90,38,10,138,235,1,41,73,12
Best fitness found so far: 0.42016700223600295; k: 2.0
Generation: 106; 0.42016700223600295; k: 2.0; 39,191,110,104,161,231,107,19,195,16,9,10,138,235,117,175,171,161,151,216,19,9,102,16,9,174,138,79,117,204,171,161,151,216,85,45,16,210,177
Best fitness found so far: 0.42016700223600295; k: 2.0
Generation: 107; 0.42016700223600295; k: 2.0; 39,191,115,104,161,146,107,19,195,16,9,10,138,235,117,204,171,161,151,216,85,45,16,210,15,170,185,46,220,10,138,235,155,41,73,12,39,91,115,72,161,146,107,19,195,16,9,10,138,235,117,204,171,161,151,216,85,45,16,210,15
Best fitness found so far: 0.42016700223600295; k: 2.0
Generation: 108; 0.42016700223600295; k: 2.0; 39,191,115,104,77,146,107,19,195,16,9,190,138,235,164,175,171,29,151,216,19,45,16,52,15,170,185,150,186,131,39,230,226,163,159,151,139,28,217,73,171,228,151,216,19,45,16,210,15,170,185,53,218,55,39,230,226,163,4,151,139,40,217,73,223,151,107,190,85,42,249,73,23,231,107,19
Best fitness found so far: 0.42016700223600295; k: 2.0
Generation: 109; 0.42016700223600295; k: 2.0; 39,191,115,104,161,151,133,19,195,16,63,10,159,235,117,175,108,10,198,235,155,131,219,143,141,85,151,194,200,200,79,113,157,191,115,104,161,151,107,129,195,16,9,10,138,235,117,175,171,161,151,216,19,85,16,132,161,170,105,150,35,131,39,230,155,36,65,161,6,16,200,7,85,148,120,10,205,239,248,240,158,249,183
Best fitness found so far: 0.42016700223600295; k: 2.0
Generation: 110; 0.42016700223600295; k: 2.0; 39,191,115,104,161,146,107,19,195,16,9,10,138,235,135,175,171,161,151,216,19,4,186,210,15,170,185,150,186,131,39,230,161,163,4,85,16,175,10,138,66,239,249,109,101,218,161,151,64,19,115,245,161,151,236,18,85,86,165,245,29,124,19,85,86,165,138,99,116,13,86,194,138,52,155,41,192,191,2
Best fitness found so far: 0.42016700223600295; k: 2.0
Generation: 111; 0.42016700223600295; k: 2.0; 246,127,115,104,161,146,107,19,195,16,9,10,138,235,197,175,216,161,151,65,19,45,16,210,75,170,217,51,186,131,39,86,226,163,4,151,233,147,217,73,110,151,218,1,167,42,1,104,161,146,107,19,195,16,9,10,138,235,20,132,161,209,71,131,155,131,39,230,226,13,19,85,148,198,10,53,235,53,46,42,158,222,72,151,107,75,78,139,142,237,225,53
Best fitness found so far: 0.42016700223600295; k: 2.0
Generation: 112; 0.42016700223600295; k: 2.0; 39,191,110,104,161,1,107,19,195,16,9,10,138,235,117,175,180,161,151,216,19,9,20,132,13,209,108,150,155,131,39,230,226,13,19,85,148,198,10,53,235,248,46,219,158,222,72,117,175,171,161,151,146,19,45,16,210,111,170,75,150,186,131,39,132,226,17,4,151,139,147,217,73,227,151,107,190,243,42,62,73,249,151,107,215,19,117,16,144,170,185,157,186,156,187,242,85,86,213,124,186,131,144,178,226,61,161,151,51,11,85,8,175,10,138,235,220,41,73,12
Best fitness found so far: 0.42016700223600295; k: 2.0
Generation: 113; 0.42016700223600295; k: 2.0; 157,191,115,104,161,146,107,19,195,16,9,10,138,235,117,175,171,228,151,216,19,45,16,210,15,78,107,19,85,16,9,10,138,235,164,175,171,111,151,6,19,85,16,168,161,44,85,200,186,131,187,19,20,139,147,115,165,161,73,183,156,153,33,165,179,55,183,54,169,86,185,124,152,131,147,217,122,110,151,107,33,85,42,249,73,249,151,131,133
Best fitness found so far: 0.42016700223600295; k: 2.0
Generation: 114; 0.42016700223600295; k: 2.0; 116,191,115,104,161,151,107,19,93,16,9,10,86,235,117,175,171,56,151,216,19,85,161,132,161,170,71,150,163,131,9,10,48,235,157,204,175,171,161,151,47,206,85,16,168,161,170,77,157,186,131,216,19,85,16,132,161,170,71,150,155,131,39,230,226,67,52,150,144,147,150,207,161,170,188,190,85,73,175,114,107,19,85,16,175,10,138,228,225,41,30,191,2
Best fitness found so far: 0.42016700223600295; k: 2.0
Generation: 115; 0.42016700223600295; k: 2.0; 211,191,115,104,161,146,107,19,195,16,9,10,138,235,117,175,216,154,151,238,19,45,30,210,40,3,217,51,186,131,39,230,226,163,4,151,139,61,217,73,110,151,218,1,85,42,1,104,161,146,107,19,195,16,9,10,138,235,117,175,171,161,151,146,19,45,138,210,15,170,185,150,186,73,39,230,226,17,4,25,139,147,217,73,110,151,107,245,85,42,62,73,249,151,107,117,19,85,195,76,206,114,95,38,175,171,161,175,216,19,85,16,229,161,95,185,157,186,156,187,73,85,87,213,124,186,131,19
Best fitness found so far: 0.42016700223600295; k: 2.0
Generation: 116; 0.42016700223600295; k: 2.0; 211,191,115,104,161,146,75,19,195,16,9,10,138,250,117,175,216,161,166,27,16,9,198,138,235,105,19,85,16,9,10,202,235,224,175,209,161,79,216,44,38,16,107,245,114,91,107,19,85,148,175,69,138,197,248,46,27,193,138,108,225,41,124,185,107,245,85,66,107,19,165,148,175,156,138,197,9,46,194,249,13
Best fitness found so far: 0.42016700223600295; k: 2.0
Generation: 117; 0.42016700223600295; k: 2.0; 39,191,25,104,161,151,107,19,195,16,9,10,138,235,117,175,171,192,52,20,245,207,171,105,36,94,41,161,161,90,185,124,58,107,245,85,91,107,19,85,148,63,69,138,197,9,46,194,10,138,108,56,41,192,52,20
Best fitness found so far: 0.42016700223600295; k: 2.0
Generation: 118; 0.42016700223600295; k: 2.0; 39,191,110,32,161,1,107,19,195,16,9,10,138,235,117,117,175,171,161,151,216,206,85,231,168,161,170,77,157,186,98,187,19,20,139,233,84,165,118,151,183,107,19,231,16,176,10,138,230,225,41,192,52,20,245,157
Best fitness found so far: 0.42016700223600295; k: 2.0
Generation: 119; 0.42016700223600295; k: 2.0; 235,191,115,155,161,151,107,19,195,16,9,10,138,235,30,175,145,161,175,171,161,151,216,200,79,113,157,24,219
Best fitness found so far: 0.42016700223600295; k: 2.0
Generation: 120; 0.42016700223600295; k: 2.0; 39,191,115,104,161,151,107,19,195,16,9,10,138,235,152,175,39,161,151,216,19,170,185,150,186,131,39,230,226,177,244,151,139,174,217,73,227,151,28,190,243,42,62,73,249,151,107,215,19,117,16,144,170,185,157,186,156,187,19,39,86,213,124,186,131,144,178,226,73,161,151,51,11,97,8,175,10,138,235,155,41,73,12
Best fitness found so far: 0.42016700223600295; k: 2.0
Generation: 121; 0.42016700223600295; k: 2.0; 151,191,115,104,161,151,107,19,195,16,9,10,138,235,117,192,171,161,73,223,151,107,190,163,42,249,73,249,231,107,26
Best fitness found so far: 0.42016700223600295; k: 2.0
Generation: 122; 0.42016700223600295; k: 2.0; 39,191,115,104,161,151,107,19,195,16,9,10,138,235,117,175,39,170,151,216,19,173,16,132,202,170,71,150,155,67,10,25,235,241,175,241,161,151,216,159,41,30,125,2
Best fitness found so far: 0.42016700223600295; k: 2.0
Generation: 123; 0.42016700223600295; k: 2.0; 39,239,115,104,187,151,107,19,195,16,5,10,138,235,226,163,242,161,14,107,190,85,73,161,114,107,19,85,16,175,10,138,228,230,41,30,191,2
Best fitness found so far: 0.42016700223600295; k: 2.0
Generation: 124; 0.42016700223600295; k: 2.0; 39,209,115,104,29,151,107,19,85,16,119,10,90,235,117,175,171,15,36,94,41,136,161,129,185,124,58,107,245,6,91,107,19,85,148,175,69,138,197,248,46,27,10,138,108,225,41,124,58,107,245,85,154,107,19,165,148,175,156,138,197,9,46,155,27,65,60,85,16,200,7,137,148,120,10,138,23,214,73,161,151,123,34,153,16,175,10,138,244,155,41,73,12
Best fitness found so far: 0.42016700223600295; k: 2.0
Generation: 125; 0.42016700223600295; k: 2.0; 14,191,115,104,161,151,107,19,195,16,235,10,138,235,117,100,70,161,56,216,19,85,16,53,125,170,216,150,155,10,71,74,155,131,39,230,119,67,4,150,139,147,150,207,161,2,188,190,85,73,161,114,107,19,75,16,175,10,138,228,137,41,30,191,2
Best fitness found so far: 0.42016700223600295; k: 2.0
Generation: 126; 0.42016700223600295; k: 2.0; 39,13,115,104,161,146,107,19,195,16,9,10,138,235,117,115,104,161,146,107,19,195,16,9,10,138,235,213,3,171,161,151,216,19,150,16,210,15,132,161,170,71,131,155,131,39,230,226,192,4,150,139,98,19,85,16,175,10,138,228,111,10,30,173,2
Best fitness found so far: 0.42016700223600295; k: 2.0
Generation: 127; 0.42016700223600295; k: 2.0; 172,191,115,104,161,146,193,19,195,16,9,10,90,125,12,175,216,161,151,94,19,45,16,108,40,170,217,51,186,131,39,72,226,163,4,151,110,147,217,181,110,151,72,1,85,17,221,104,161,146,28,19,195,16,9,219
Best fitness found so far: 0.42016700223600295; k: 2.0
Generation: 128; 0.42016700223600295; k: 2.0; 39,209,115,104,29,151,107,19,85,16,119,10,214,235,117,175,19,15,36,94,41,136,161,107,19,195,16,9,164,138,235,117,175,171,161,151,216,19,184,20,132,161,160,71,135,155,131,39,230,226,13,4,150,139,119,19,85,16,175,10,187,228,235,155,41,97,161,198,123,204,235,133,148,161,151,107,19,85,16,230,200,138,235,117,175,171,161,151,216,171,85,16,86,161,170,234,172,187,45,39,65,226,235,205,151,107,19,85,16,175,10,138,228,154,196,164,143
Best fitness found so far: 0.42016700223600295; k: 2.0
Generation: 129; 0.42016700223600295; k: 2.0; 39,191,110,32,161,1,107,19,195,16,9,10,20,235,117,117,175,171,161,151,216,206,85,231,168,161,170,77,157,186,98,187,19,20,139,147,84,165,118,151,183,156,153,86,165,179,112,42,249,73,249,231,107,226
Best fitness found so far: 0.42016700223600295; k: 2.0
Generation: 130; 0.42016700223600295; k: 2.0; 39,191,115,104,161,146,107,19,195,16,9,10,138,235,117,175,171,161,151,216,19,45,107,19,113,88,175,19,207,161,13,138,228,155,29,73,19,197,86,165,138,207,34,224,10,138,109,225,41,192,117,138,15,189,46,228,225,41,29,191,2
Best fitness found so far: 0.42016700223600295; k: 2.0
Generation: 131; 0.42016700223600295; k: 2.0; 159,191,115,104,161,151,107,19,195,16,9,10,138,235,117,100,171,161,242,159,41,30,125,2
Best fitness found so far: 0.42016700223600295; k: 2.0
Generation: 132; 0.42016700223600295; k: 2.0; 6,209,115,104,161,151,107,19,85,16,9,10,138,235,224,175,144,161,196,216,19,43,16,168,161,170,87,157,186,16,187,19,175,10,128,235,19,46,106,206,10,138,235,133,175,83,161,196,216,19,34,16,227,161,205,87,157,186,143,167,19,175,10,240,15,188,118,138,3,3,10,39,161,161,216,19,230,11,80,84,151,139,147,111,73,161,151,107,190,85,30,29
Best fitness found so far: 0.42016700223600295; k: 2.0
Generation: 133; 0.42016700223600295; k: 2.0; 39,209,115,104,151,151,107,19,85,146,9,10,214,235,161,146,157,19,195,16,9,10,138,235,213,3,39,246,83,216,19,45,14,210,15,170,22,150,64,131,39,139,226,163,242,133,133,151,189,200,74,100,204,81,211,214,235,161,146,157,19,63,49,9,10,52,235,213,3,171,53,83,216,115,104,161,125,107,19,195,16,239,10,109,235,139,85,39,161,178,216,19,173,186,121,202,170,71,208,155,67,188,19,98,16,6,10,219,116,155,215,73,24,146,200,79,175,171,161,126,85,85,125,215,138,228,225,41,53,191,79
Best fitness found so far: 0.42016700223600295; k: 2.0
Generation: 134; 0.42016700223600295; k: 2.0; 5,191,110,104,241,1,107,19,195,16,9,10,154,235,190,175,128,161,151,216,19,9,151,216,19,85,108,168,27,193,77,185,132,227,244,226,164,220,87,161,184,233,19,85,151,183,14,85,86,165,142,29,183,22,85,86,59,234
Best fitness found so far: 0.42016700223600295; k: 2.0
Generation: 135; 0.42016700223600295; k: 2.0; 211,191,115,104,161,146,75,19,195,16,9,10,138,250,117,175,216,161,166,27,16,9,10,138,235,105,19,85,16,218,10,202,235,169,175,209,161,151,19,20,38,16,168,177,170,185,8,197,10,219,116,155,41,73,194,146,200,79,113,157,24,74,100,228,119,20,192,191,113
Best fitness found so far: 0.42016700223600295; k: 2.0
Generation: 136; 0.42016700223600295; k: 2.0; 39,191,115,104,161,151,107,19,195,16,9,10,125,235,117,175,108,10,191,115,104,161,151,107,157,195,16,9,10,138,235,117,175,171,161,151,216,19,85,16,132,161,170,71,150,155,131,39,230,226,13,4,150,139,147,150,73,161,151,107,190,85,10,161,114,107,19,85,16,175,10,138,228,232,41,30,191,2
Best fitness found so far: 0.42016700223600295; k: 2.0
Generation: 137; 0.42016700223600295; k: 2.0; 39,191,110,104,161,241,107,19,195,16,9,10,138,235,117,101,171,161,19,216,3,9,20,132,161,25,71,150,155,131,175,230,226,13,19,85,148,198,10,100,235,248,46,105,158,222,72,151,107,240,78,16,132,202,170,71,150,155,67,107,19,98,16,15,10,219,122,155,244,73,66,41,34,132,68,82,34,36
Best fitness found so far: 0.42016700223600295; k: 2.0
Generation: 138; 0.42016700223600295; k: 2.0; 39,209,115,104,29,151,107,19,85,16,119,10,214,235,117,175,171,15,36,94,41,161,161,129,185,124,58,107,245,85,91,107,19,85,226,175,69,138,197,9,46,194,10,138,99,225,41,192,52,20,245,207,171,141,36,94,41,161,161,129,185,124,58,107,245,15,170,185,83,151,73,161,151,107,19,231,16,176,10,138,230,225,41,192,52,20,245,157
Best fitness found so far: 0.42016700223600295; k: 2.0
Generation: 139; 0.42016700223600295; k: 2.0; 39,1,10,104,161,146,107,19,13,16,9,40,138,235,117,175,171,161,151,92,19,45,16,210,15,142,212,150,186,131,142,237,225,127
Best fitness found so far: 0.42016700223600295; k: 2.0
Generation: 140; 0.42016700223600295; k: 2.0; 39,239,115,104,187,151,107,19,195,16,5,10,138,235,226,163,242,133,133,151,107,200,93,100,26
Best fitness found so far: 0.42016700223600295; k: 2.0
Generation: 141; 0.42016700223600295; k: 2.0; 172,191,115,104,161,146,193,19,195,16,9,10,90,235,12,175,216,161,223,94,19,145,16,210,40,170,217,51,186,131,39,230,226,94,4,151,110,147,217,181,110,151,72,76,85,42,1,47,161,236,107,19,195,16,9,10,138,235,70,175,171,161,151,156,19,45,16,210,15,170,185,150,186,114,39,147,226,17,4,25,139,156,195,73,88,151,28,190,85,211,249,174,249,158,22,117,19,85,172,9,206,28,140,117,175,171,161,160,138,235,155,41,73,12
Best fitness found so far: 0.42016700223600295; k: 2.0
Generation: 142; 0.42016700223600295; k: 2.0; 96,209,115,104,161,151,107,19,85,16,9,10,214,210,161,146,157,19,195,16,9,10,138,235,207,3,191,246,86,216,19,45,14,210,15,170,185,150,64,131,39,50,15,163,242,133,133,151,19
Best fitness found so far: 0.42016700223600295; k: 2.0
Generation: 143; 0.42016700223600295; k: 2.0; 39,191,245,104,209,151,107,19,195,126,9,10,248,235,117,175,39,193,151,216,19,173,16,132,202,170,71,150,149,67,202,107,175,10,170,71,15,155,131,39,230,226,13,205,150,108,98,19,73,16,175,10,138,228,111,173,246,227,202,170,135,207,155,67,107,19,98,171,172,10,219,122,155,244,73,41,206,34,132,68,82,34,240
Best fitness found so far: 0.42016700223600295; k: 2.0
Generation: 144; 0.42016700223600295; k: 2.0; 39,191,115,104,161,151,107,19,195,16,9,10,138,235,117,175,39,161,151,216,19,73,223,151,107,190,85,42,249,73,23,171,107,26
Best fitness found so far: 0.42016700223600295; k: 2.0
Generation: 145; 0.42016700223600295; k: 2.0; 4,209,115,104,161,151,107,19,85,16,9,10,138,235,224,175,144,161,151,216,19,85,16,168,161,151,107,19,195,16,9,10,248,235,117,175,39,193,151,216,19,173,16,132,202,170,71,138,155,67,202,107,90,85,198,175,105,138,131,206,196,81,151,194,107,19,231,16,176,10,138,230,225,41,192,204,20,245,157
Best fitness found so far: 0.42016700223600295; k: 2.0
Generation: 146; 0.42016700223600295; k: 2.0; 39,191,115,104,161,146,107,19,195,16,9,10,138,235,163,3,22,161,151,216,19,45,16,210,15,170,185,150,79,131,39,230,226,163,242,133,133,151,107,200,74,100,204,81
Best fitness found so far: 0.42016700223600295; k: 2.0
Generation: 147; 0.42016700223600295; k: 2.0; 76,191,245,104,161,151,107,19,195,16,9,10,248,235,117,175,39,193,151,216,152,173,16,132,202,59,71,150,155,67,164,107,104,85,198,175,224,138,131,206,145,131,39,230,226,13,56,150,139,98,19,85,16,146,10,138,68,235,155,41,73,161,52,16,145,209,133,148,175,10,138,169,248,46,194,249,185,111,124,186,16,20,182,138,244,130,41,73,8
Best fitness found so far: 0.42016700223600295; k: 2.0
Generation: 148; 0.42016700223600295; k: 2.0; 72,15,245,104,209,151,107,19,195,126,9,10,248,235,117,175,39,193,151,216,19,173,16,30,161,151,216,85,117,50,210,15,170,185,46,221,10,138,235,155,41,73,12,39,191,115,104,161,146,107,19,195,41,9,10,138,235,117,204,171,161,25,216,85,45,16,153,15
Best fitness found so far: 0.42016700223600295; k: 2.0
Generation: 149; 0.42016700223600295; k: 2.0; 39,191,110,248,161,1,107,19,195,16,9,10,138,235,117,175,171,161,151,216,19,9,20,132,161,206,71,121,155,131,39,230,226,146,240,150,139,98,19,85,16,175,10,138,228,235,155,41,73,234,52,16,204,209,133,124,186,131,112,102,226,73,161,201,51,19,85,136,175,10,138,66,239,249,73,12
Best fitness found so far: 0.42016700223600295; k: 2.0
Generation: 150; 0.42016700223600295; k: 2.0; 143,191,115,104,161,151,107,19,195,16,9,10,138,235,117,175,39,150,58,195,19,173,186,55,202,170,71,150,155,67,188,19,98,16,6,104,161,151,107,19,85,16,9,10,138,209,151,232,221,175,171,83,151,216,200,79,26,157,24,219
Best fitness found so far: 0.42016700223600295; k: 2.0
Generation: 151; 0.42016700223600295; k: 2.0; 39,209,115,104,161,151,107,19,85,16,9,10,138,235,117,7,171,133,151,107,200,74,224,227,81
Best fitness found so far: 0.42016700223600295; k: 2.0
Generation: 152; 0.42016700223600295; k: 2.0; 127,191,245,104,161,151,107,19,109,16,9,5,248,235,117,175,39,193,151,216,19,173,16,132,202,170,13,150,155,67,202,107,183,40,198,175,224,138,131,217,73,110,151,107,190,85,42,249,73,249,14,107,26,127,191,245,104,161,151,107,19,109,16,9,5,248,235,117,175,39,193,151,216,19,173,16,132,202,170,13,150,155,67,202,107,183,40
Best fitness found so far: 0.42016700223600295; k: 2.0
Generation: 153; 0.42016700223600295; k: 2.0; 39,191,235,104,161,146,107,19,195,16,9,10,138,235,117,175,151,26,200,93,100,117,175,39,161,151,216,19,173,16,132,202,170,71,150,155,67,151,83,104,85,16,175,10,138,131,206,196,164,19
Best fitness found so far: 0.42016700223600295; k: 2.0
Generation: 154; 0.42016700223600295; k: 2.0; 77,191,115,2,161,151,107,129,195,126,63,10,138,235,74,175,171,161,151,200,166,149,19,9,86,39,185,151,135,19,65,16,175,94,138,235,130,175,171,161,151,216,19,9,106,132,161,209,71,107,155,131,39,230,226,13,24,85,148,198,10,245,235,248,46,42,158,222,72,151,107,240,78,11,168,237,225,127
Best fitness found so far: 0.42016700223600295; k: 2.0
Generation: 155; 0.42016700223600295; k: 2.0; 39,191,165,104,161,146,107,19,195,16,9,10,76,235,141,175,171,161,151,246,19,242,16,210,15,170,63,49,9,10,52,235,213,3,21,53,83,216,115,104,161,151,107,107,195,16,239,10,138,235,117,85,39,161,151,216,19,173,186,121,202,170,71,150,155,67,188,19,98,16,6,10,219,116,155,41,73,194,216,200,79,113,157,24,74,145,228,119,20,192,191,66
Best fitness found so far: 0.42016700223600295; k: 2.0
Generation: 156; 0.42016700223600295; k: 2.0; 39,191,115,104,161,151,107,19,195,16,9,10,138,235,117,192,175,161,151,216,19,85,16,248,220,170,164,191
Best fitness found so far: 0.42016700223600295; k: 2.0
Generation: 157; 0.42016700223600295; k: 2.0; 207,209,115,104,201,151,107,19,85,16,9,10,138,235,3,175,144,161,196,216,19,10,138,235,21,192,171,161,151,216,19,85,16,248,220,170,164,19
Best fitness found so far: 0.42016700223600295; k: 2.0
Generation: 158; 0.42016700223600295; k: 2.0; 121,191,115,104,161,146,107,19,195,16,9,190,138,235,213,124,111,161,151,216,19,150,16,210,15,132,161,26,71,186,155,131,39,230,238,13,205,150,10,138,242,117,117,191,171,161,151,216,26,85,16,168,24,170,77,157,186,131,187,19,20,139,147,84,165,161,151,220,156,22,86,165,179,55,183,19,85,86,185,124,186,131,112,102,116,73,39,151,26,19,85,16,175,10,73,124,239,249,185,193
Best fitness found so far: 0.42016700223600295; k: 2.0
Generation: 159; 0.42016700223600295; k: 2.0; 39,191,245,104,209,151,107,19,195,126,9,10,248,235,117,175,39,193,151,216,19,173,16,132,16,35,10,138,235,117,175,171,161,151,216,19,85,16,132,161,170,71,150,155,131,27,230,226,13,4,150,139,147,150,73,80,151,107,190,85,73,179,114,107,19,85,16,175,10,138,228,225,41,248,182,2
Best fitness found so far: 0.42016700223600295; k: 2.0
Generation: 160; 0.42016700223600295; k: 2.0; 39,209,115,104,161,151,107,19,85,16,9,10,138,235,112,175,171,161,151,216,19,85,16,132,161,170,185,157,186,155,131,39,230,119,67,4,150,139,147,150,207,161,2,188,190,85,73,56,114,186,19,85,16,39,10,138,228,225,41,30,203,2
Best fitness found so far: 0.42016700223600295; k: 2.0
Generation: 161; 0.42016700223600295; k: 2.0; 39,191,115,104,161,151,107,19,195,16,9,10,138,235,241,175,145,161,151,216,202,41,10,138,230,225,41,192,52,20,245,157
Best fitness found so far: 0.42016700223600295; k: 2.0
Generation: 162; 0.42016700223600295; k: 2.0; 39,209,115,104,161,151,107,19,85,16,9,10,138,235,117,175,171,161,151,103,19,242,133,133,104,107,200,74,192,159,81
Best fitness found so far: 0.42016700223600295; k: 2.0
Generation: 163; 0.42016700223600295; k: 2.0; 36,191,115,104,161,146,107,19,195,16,9,10,128,235,117,204,171,161,214,216,85,45,16,210,15,170,185,83,151,73,124,243,226,112,178,226,72,58,151,51,46,85,203,175,207,138,235,134,41,73,138,235,161,11,151,107,200,93,100,204,158
Best fitness found so far: 0.42016700223600295; k: 2.0
Generation: 164; 0.42016700223600295; k: 2.0; 39,191,115,104,161,116,107,19,195,16,9,10,138,235,117,112,171,161,151,216,19,85,16,132,161,170,185,150,10,138,235,117,175,171,161,151,103,19,85,16,132,161,170,64,85,229,185,124,186,131,112,102,80,73,161,201,51,19,85,16,177,164,161,161,129,185,85,58,107,246,94,91,107,19,85,148,175,69,138,197,246,46,194,10,138,108,197,41,192,52,115,245,128,171,15,36,94,41,73,54,129,185,124,58,115,245,85,91,107,19,85,148,175,69,138,59,49,46,194,10,138,108,225,41,192,52,20
Best fitness found so far: 0.42016700223600295; k: 2.0
Generation: 165; 0.42016700223600295; k: 2.0; 39,209,115,104,161,151,107,19,85,16,9,10,138,235,117,175,171,161,215,151,175,117,175,171,161,151,216,200,79,113,157,24,219
Best fitness found so far: 0.42016700223600295; k: 2.0
Generation: 166; 0.42016700223600295; k: 2.0; 39,191,115,104,161,146,107,19,195,16,9,10,138,235,117,221,132,161,206,71,121,155,131,39,230,226,13,4,150,139,98,19,85,16,175,10,138,228,235,163,41,73,161,52,16,204,209,133,148,175,10,138,90,248,46,194,249,185,111,124,186,16,175,182,138,244,155,41,73,156
Best fitness found so far: 0.42016700223600295; k: 2.0
Generation: 167; 0.42016700223600295; k: 2.0; 39,191,115,191,161,151,107,19,21,16,39,10,138,235,117,175,171,161,151,194,19,85,16,36,161,170,185,150,186,131,39,173,63,132,193,170,71,131,104,92,249,19,91,16,85,10,219,116,155,41,239,194,200,19,209,20,132,234,209,196,228,155,123,125,230,226,13,19,169,172,198,221,53,205,97,46,42,158,222,72,242,107,240,78,139,142,237,225,127
Best fitness found so far: 0.42016700223600295; k: 2.0
Generation: 168; 0.42016700223600295; k: 2.0; 39,191,115,104,161,151,107,129,195,16,9,10,138,235,117,175,171,161,151,228,19,85,16,49,161,170,105,150,155,131,39,230,155,27,65,248,85,16,217,73,110,151,218,1,167,42,3,104,161,146,107,19,195,16,9,36,138,235,117,175,171,161,151,146,19,45,212,210,15,170,185,150,186,237,39,230,226,32,4,25,205,147,74,100,204,6
Best fitness found so far: 0.42016700223600295; k: 2.0
Generation: 169; 0.42016700223600295; k: 2.0; 39,209,115,104,161,146,107,19,195,16,9,10,138,235,107,19,195,16,9,10,138,235,117,192,171,161,151,216,19,85,19,248,220,170,164,19
Best fitness found so far: 0.42016700223600295; k: 2.0
Generation: 170; 0.42016700223600295; k: 2.0; 211,191,115,104,161,146,75,19,195,16,9,10,138,250,117,175,216,161,166,27,16,9,10,138,235,105,19,85,16,9,10,202,235,224,175,209,195,151,216,44,149,226,168,161,170,10,198,235,155,131,219,143,177,85,16,70,215,138,228,225,3,144,189,2,104,161,146,75,19,195,16,9,10,138,250,117,175,216,161,166,27,16,9,10,138,235,105,19,85,16,9,10,202,235,224,175,209,195,151
Best fitness found so far: 0.42016700223600295; k: 2.0
Generation: 171; 0.42016700223600295; k: 2.0; 39,191,115,104,161,151,107,19,195,16,9,10,138,235,117,175,190,161,151,187,19,20,139,147,84,165,112,151,183,156,153,86,165,179,55,123,19,85,86,10,124,186,131,112,102,166,73,100,51,19,39,16,38,10,138,235,155,41,73,12
Best fitness found so far: 0.42016700223600295; k: 2.0
Generation: 172; 0.42016700223600295; k: 2.0; 77,191,115,104,161,151,107,129,195,16,63,10,138,235,117,53,171,161,151,200,16,64,66,9,86,39,185,151,107,19,65,16,175,245,147,212,19,85,16,175,10,181,10,69,109,1,41,191,81
Best fitness found so far: 0.42016700223600295; k: 2.0
Generation: 173; 0.42016700223600295; k: 2.0; 39,209,115,104,29,151,107,19,85,16,119,10,214,235,117,175,248,49,36,94,41,161,161,129,185,124,58,69,179,85,91,107,19,85,148,175,69,138,197,9,46,194,10,138,108,225,41,192,52,20,245,207,171,15,36,94,41,161,119,129,185,101,58,107,51,85,91,107,19,85,148,175,235,224,175,144,161,151,216,74,85,16,168,161,170,87,157,186,16,187,19,175,10,128,235,160,41,73,12
Best fitness found so far: 0.42016700223600295; k: 2.0
Generation: 174; 0.42016700223600295; k: 2.0; 39,239,115,104,187,151,107,19,195,16,5,10,138,235,61,34,155,10,138,203,225,41,192,117,138,15,189,46,153,139,229
Best fitness found so far: 0.42016700223600295; k: 2.0
Generation: 175; 0.42016700223600295; k: 2.0; 39,249,110,104,161,1,107,19,195,16,9,10,138,235,106,204,175,171,161,151,47,206,19,16,168,161,170,77,7,186,131,216,19,85,200,70,161,170,71,150,196,131,4,230,226,67,4,150,139,132,89,207,161,151,188,190,194,73,161,114,107,19,85,16,100,204,158
Best fitness found so far: 0.42016700223600295; k: 2.0
Generation: 176; 0.42016700223600295; k: 2.0; 39,13,115,104,161,146,107,19,195,16,9,10,138,235,117,175,216,161,151,130,103,43,179,16,176,10,138,230,225,41,192,52,123,194,9,10,138,235,117,175,151,107,200,93,100,204,158,41,192,52,123,194,9,10,138,235,117,175,151,107,200,93
Best fitness found so far: 0.42016700223600295; k: 2.0
Generation: 177; 0.42016700223600295; k: 2.0; 39,209,115,104,161,151,107,19,85,16,9,10,214,235,161,146,157,19,195,6,9,10,138,245,213,3,171,246,83,146,107,19,195,16,9,10,33,235,117,204,171,161,214,216,85,45,16,210,15,170,185,83,151,73,124,141,131,112,178,226,72,58,151,51,46,85,8,175,207,138,235,134,41,73,12
Best fitness found so far: 0.42016700223600295; k: 2.0
Generation: 178; 0.42016700223600295; k: 2.0; 230,191,115,104,161,146,107,19,195,16,9,10,138,235,49,5,151,87,106,186,16,187,19,175,10,128,235,1,41,73,12
Best fitness found so far: 0.42016700223600295; k: 2.0
Generation: 179; 0.42016700223600295; k: 2.0; 39,191,25,104,161,151,77,19,195,16,9,10,138,235,117,175,171,161,177,85,161,151,216,46,45,16,210,7
Best fitness found so far: 0.42016700223600295; k: 2.0
Generation: 180; 0.42016700223600295; k: 2.0; 39,191,115,104,161,151,107,19,195,16,9,10,138,235,117,175,171,161,136,216,19,85,16,53,125,170,71,150,155,119,39,159,226,13,4,150,139,147,150,73,88,131,114,209,214,73,8,151,123,19,85,16,175,10,249,10,69,109,1,200,191,81,142,86,39,43,151,107,19,65,109,175
Best fitness found so far: 0.42016700223600295; k: 2.0
Generation: 181; 0.42016700223600295; k: 2.0; 39,191,110,104,161,1,107,19,195,16,9,10,138,235,117,119,110,151,107,34,85,42,62,73,249,151,107,117,19,85,39,120,10,138,235,117,175,171,161,175,216,68,85,16,168,161,170,117,157,186,156,187,19,85,86,94,124,186,131,112,178,226,73,46,194,78,189
Best fitness found so far: 0.42016700223600295; k: 2.0
Generation: 182; 0.42016700223600295; k: 2.0; 44,191,110,104,161,1,107,19,195,16,9,10,138,235,32,175,171,161,151,216,19,9,20,19,85,16,9,41,91,235,151,175,117,175,171,161,151,216,19,9,20,132,161,234,71,131,155,131,39,230,226,13,19,85,148,198,10,53,135,178,46,42,158,222,72,151,107,240,78,139,142,237,225,127
Best fitness found so far: 0.42016700223600295; k: 2.0
Generation: 183; 0.42016700223600295; k: 2.0; 51,209,115,104,161,151,107,19,85,16,83,10,86,235,70,175,171,161,151,103,19,139,16,135,161,170,64,85,229,185,124,186,131,112,102,226,36,161,201,51,189,85,16,175,167,138,66,239,249,112,101,73,161,151,64,19,115,245,161,153,151,17,179,55,183,127,222,28,22,124,186,22,112,48,226,59,161,197,129,208,94,107,199,74,100,204,119,20,192,191,113
Best fitness found so far: 0.42016700223600295; k: 2.0
Generation: 184; 0.42016700223600295; k: 2.0; 39,209,115,104,161,151,107,19,85,16,9,10,138,235,182,175,117,175,171,161,151,216,19
Best fitness found so far: 0.42016700223600295; k: 2.0
Generation: 185; 0.42016700223600295; k: 2.0; 246,127,115,167,65,146,107,19,195,16,9,10,138,235,197,175,216,161,151,161,1,178,19,195,16,9,10,138,235,117,175,171,161,151,216,19,9,20,132,161,170,71,150,65,131,39,16,226,13,4,150,240,78,139,8,237,225,127
Best fitness found so far: 0.42016700223600295; k: 2.0
Generation: 186; 0.42016700223600295; k: 2.0; 39,191,110,104,161,1,107,19,195,16,9,10,138,235,157,204,135,39,230,226,163,242,133,195,151,107,200,74,100,204,81,46,222,235,161,146,157,19,195,16,9,10,138,239,213,3,171,246,83,216,19
Best fitness found so far: 0.42016700223600295; k: 2.0
Generation: 187; 0.42016700223600295; k: 2.0; 38,191,115,104,161,146,107,19,195,16,9,10,76,235,56,175,171,161,151,110,19,45,16,210,15,170,185,107,186,131,39,230,96,63,4,151,139,147,217,73,110,151,107,190,85,42,179,73,249,151,107,117,19,85,16,9,10,138,235,117,175,171,161,175,23,19,85,16,168,161,170,185,157,94,156,187,19,60,138,115,104,243,151,107,19,195,16,9,38,138,235,117,175,171,161,37,216,171,85,64,132,161,170,185,150,186,131,39,218,247,13,4,151,139,147,217,207,47,151,119,190,85,151,194,49,200,140,113,63,24,219
Best fitness found so far: 0.42016700223600295; k: 2.0
Generation: 188; 0.42016700223600295; k: 2.0; 39,209,115,104,161,151,107,19,85,106,111,10,138,235,224,175,144,161,196,216,19,85,16,168,161,170,87,157,186,16,167,19,175,10,128,94,188,10,138,207,3,10,39,161,161,216,52,173,16,132,193,170,71,131,155,92,238,19,169,16,169,10,219,116,125,41,239,194,200,19,209,20,132,106,209,196,131,155,158,125,230,226,13,19,169,172,198,10,53,79,53,46,42,158,222,72,242,107,240,78,139,142,237,225,127
Best fitness found so far: 0.42016700223600295; k: 2.0
Generation: 189; 0.42016700223600295; k: 2.0; 39,191,115,104,161,151,107,19,195,16,9,10,125,235,117,175,108,10,198,235,155,131,219,143,141,85,151,225,41,150,132,71,150,155,67,188,19,98,174,96,10,219,116,155,41,73,102,158,200,79,113,157,24,80,100,228,119,20,192,191,113
Best fitness found so far: 0.42016700223600295; k: 2.0
Generation: 190; 0.42016700223600295; k: 2.0; 39,191,110,104,161,1,107,19,195,16,9,10,138,235,157,204,179,171,161,151,47,206,85,215,104,161,63,107,86,195,16,9,10,86,235,117,175,171,24,151,216,19,85,161,132,161,170,71,150,45,131,39,230,173,13,41,73,53
Best fitness found so far: 0.42016700223600295; k: 2.0
Generation: 191; 0.42016700223600295; k: 2.0; 39,191,115,104,161,151,107,19,195,16,9,230,138,235,117,100,171,161,56,216,19,85,16,53,125,151,216,19,45,16,210,15,170,185,150,186,131,39,230,226,163,48,151,139,147,217,73,110,151,107,190,85,42,189,73,249,151,107,26
Best fitness found so far: 0.42016700223600295; k: 2.0
Generation: 192; 0.42016700223600295; k: 2.0; 39,209,115,104,161,151,243,19,197,16,9,10,138,235,137,175,171,161,151,216,232,43,69,161,151,107,19,191,76,24,160,219,235,211,41,170,185,123,242,138,235,117,175,171,161,151,216,19,45,107,19,65,16,175,19,85,161,13,138,228,155,196,73,19,197,86,165,138,207,34,155,77,138,80,225,41,192,117,138,15,189,46,153,139,229
Best fitness found so far: 0.42016700223600295; k: 2.0
Generation: 193; 0.42016700223600295; k: 2.0; 39,29,110,104,161,1,107,19,195,16,9,10,138,235,117,175,171,161,151,216,19,9,20,132,161,143,71,76,155,131,209,115,104,161,151,107,19,85,16,9,10,138,235,117,175,171,161,151,103,19,146,16,132,161,170,64,157,186,131,115,209,226,103,205,151,107,66,85,16,175,10,138,131,206,196,164,19
Best fitness found so far: 0.42016700223600295; k: 2.0
Generation: 194; 0.42016700223600295; k: 2.0; 39,191,115,104,79,151,181,19,195,16,147,10,138,235,117,175,171,161,151,216,19,85,16,132,161,170,71,19,155,131,39,224,226,13,4,150,191,147,150,73,161,151,107,190,85,206,161,114,107,19,85,16,175,10,138,228,225,41,30,191,2
Best fitness found so far: 0.42016700223600295; k: 2.0
Generation: 195; 0.42016700223600295; k: 2.0; 39,191,110,104,161,1,107,19,195,16,9,10,138,235,117,175,171,161,151,116,19,9,20,132,111,206,71,121,155,131,39,230,226,13,4,4,139,98,198,85,16,175,10,138,228,235,155,41,73,161,52,16,204,216,19,173,16,132,202,138,71,150,155,67,107,19,98,16,15,10,219,122,155,244,147,41,143,34,132,68,232,34,132
Best fitness found so far: 0.42016700223600295; k: 2.0
Generation: 196; 0.42016700223600295; k: 2.0; 39,191,115,182,161,146,107,19,195,16,9,10,138,235,117,186,171,161,153,146,19,45,16,210,15,170,185,150,186,131,39,230,226,17,4,151,139,147,217,73,110,151,107,190,85,42,62,154,104,151,107,117,19,85,16,9,10,138,235,117,175,171,161,175,216,19,85,16,168,161,170,185,157,186,156,187,19,85,86,213,138,235,215,175,171,161,151,216,19,9,20,103,161,193,106,150,155,131,39,16,226,10,72,52,225,41,192,117,138,15,152,46,153,139,229
Best fitness found so far: 0.42016700223600295; k: 2.0
Generation: 197; 0.42016700223600295; k: 2.0; 39,191,115,104,161,151,107,19,195,16,9,10,138,235,117,67,171,161,151,187,19,20,204,147,84,165,112,151,183,156,153,163,242,133,133,151,245,200,74,100,117,112,209,226,73,161,19,162,19,65,16,135,19,85,86,106,185,124,227,131,226,209,220,73,161,151,233,19,85,15,227,176,239,164,215,96,197,24,205
Best fitness found so far: 0.42016700223600295; k: 2.0
Generation: 198; 0.42016700223600295; k: 2.0; 39,209,115,104,161,151,107,19,85,16,151,10,214,235,117,151,107,19,85,16,9,10,138,235,117,219,34,161,151,216,19,85,16,168,161,170,185,157,186,131,187,19,85,86,185,39,186,131,112,105,226,73,161,151,51,19,85,16,175,10,138,235,155,41,73,12
Best fitness found so far: 0.42016700223600295; k: 2.0
Generation: 199; 0.42016700223600295; k: 2.0; 39,209,115,104,161,151,107,19,85,16,9,10,138,10,162,175,211,161,151,103,19,63,16,132,161,170,50,157,186,131,115,209,226,103,205,151,107,66,85,16,235,117,182,200,161,151,130,63,45,231,16,175,10,232,230,225,41,129,52,20,194,157
Best fitness found so far: 0.42016700223600295; k: 2.0
Total time of execution of seed 4 : 95431169
Solution Fitness: -0.42016700223600295
Variables: uniform 4 chebyshev split moveNear split join join
