Generation: 0; -1.0; k: 0.0; 89,98,64,5,155,185
Best fitness found so far: -1.0; k: 0.0
Generation: 1; 0.3094430607717539; k: 8.9; 62,57,167,192,101,189,119,177,89,224,1,206,143,155,189
Best fitness found so far: 0.3094430607717539; k: 8.9
Generation: 2; 0.46618654858295266; k: 3.0; 225,182,210,70,31,22,129,50,207,154,128,116,37,63,38,70,117,128
Best fitness found so far: 0.46618654858295266; k: 3.0
Generation: 3; 0.6776165392528517; k: 2.0; 193,233,95,76,245,125,9,44,245,221,37,84,1
Best fitness found so far: 0.6776165392528517; k: 2.0
Generation: 4; 0.5991732382049023; k: 2.0; 71,95,76,245,11,9,35
Best fitness found so far: 0.6776165392528517; k: 2.0
Generation: 5; 0.5780894816970508; k: 2.7; 225,57,167,192,101,189,119,177,89,111,114,10,154,145,218
Best fitness found so far: 0.6776165392528517; k: 2.0
Generation: 6; 0.7368903153411368; k: 2.0; 225,182,210,70,31,22,129,50,207,17,47,109,15,100,237,46,184
Best fitness found so far: 0.7368903153411368; k: 2.0
Generation: 7; 0.7464914723757914; k: 2.0; 62,57,167,192,101,189,119,177,89,224,1,206,143,130,84,35,245,139,68,101,87,167,101,219
Best fitness found so far: 0.7464914723757914; k: 2.0
Generation: 8; 0.694936416185336; k: 2.0; 216,182,210,70,31,22,129,50,207,240,161,219,11,9,35
Best fitness found so far: 0.7464914723757914; k: 2.0
Generation: 9; 0.7067963134917645; k: 2.1; 225,182,210,57,167,192,101,189,119,177,89,111,114,10,154,145,218
Best fitness found so far: 0.7464914723757914; k: 2.0
Generation: 10; 0.7464914723757914; k: 2.0; 62,57,167,192,101,189,119,177,89,224,1,206,143,130,234,35,245,139,68,101,59,143,74,233,156,76,245,32,39,44,152,207,167,29,99,32,62,57,167,192,101,189,119,177,89
Best fitness found so far: 0.7464914723757914; k: 2.0
Generation: 11; 0.7464914723757914; k: 2.0; 62,57,167,192,101,189,119,177,89,224,1,206,143,130,84,35,245,69,9,44,237,46,210
Best fitness found so far: 0.7464914723757914; k: 2.0
Generation: 12; 0.6805224488020014; k: 2.0; 220,159,142,109,119,177,89,224,1,206,143,37,47,125,134,240,161,59,177,27,123,8,42
Best fitness found so far: 0.7464914723757914; k: 2.0
Generation: 13; 0.7464914723757914; k: 2.0; 62,57,167,192,101,189,119,177,89,224,1,206,143,130,234,35,245,139,68,101,59,143,74,233,156,76,245,32,39,44,152,207,250,29,99,32,62,57,207,185,156,177,89,224,1,206,143,130,84,35,56,139,68,101,226,44,109,237,181,173,112,40
Best fitness found so far: 0.7464914723757914; k: 2.0
Generation: 14; 0.7464914723757914; k: 2.0; 62,125,167,192,101,189,119,177,89,224,1,206,143,130,234,35,245,139,57,178,59,220,127,157,60,101,189,119,139,89,224,1,206,143,130,84,35,245,139,68,101,226,44,109,237,181,173,99,32
Best fitness found so far: 0.7464914723757914; k: 2.0
Generation: 15; 0.8607627012017396; k: 2.0; 201,246,208,249,153,191,109,237,101,189,119,177,89,224,1,206,143,130,234,35,245,139,245,145
Best fitness found so far: 0.8607627012017396; k: 2.0
Generation: 16; 0.7984754750363645; k: 2.1; 62,125,167,192,101,189,119,177,89,226,1,206,143,130,234,35,245,139,103,169,210,70,31,137,61,176,76,53,21,159,142,243,15,36,237,122,99,172,51
Best fitness found so far: 0.8607627012017396; k: 2.0
Generation: 17; 0.8607627012017396; k: 2.0; 226,246,208,249,153,191,109,237,101,189,119,177,89,224,1,206,143,130,234,35,207,116,161,247,11,9,35
Best fitness found so far: 0.8607627012017396; k: 2.0
Generation: 18; 0.7984754750363645; k: 2.1; 62,57,167,192,101,189,119,177,83,16,1,206,143,230,234,35,71,139,68,101,59,11,74,233,159,76,245,139,39,44,152,207,167,29,99,32,62,57,30,31,22,192,101,189,119,177,89,224,1,168,88,130,84,88,245,139,101,189,119,31,89,224,103,206,143,130,71,95,76,245,239
Best fitness found so far: 0.8607627012017396; k: 2.0
Generation: 19; 0.8607627012017396; k: 2.0; 226,246,208,249,153,191,109,237,101,189,119,177,89,224,1,206,143,130,234,35,36,104,132,99,180,129
Best fitness found so far: 0.8607627012017396; k: 2.0
Generation: 20; 0.8137155773025618; k: 2.2; 113,125,167,192,101,189,119,231,89,224,1,206,143,95,234,35,245,139,57,178,189,119,177,52,51,1,177,143,130,234,35,245,139,103,169,210,235,196,42,49,176,188,177,89,224,84,193,233,95,76,74,143,9,44,213,232,37,84,1,35,8,139,57,178,189
Best fitness found so far: 0.8607627012017396; k: 2.0
Generation: 21; 0.8607627012017396; k: 2.0; 201,246,208,249,153,191,109,237,101,189,119,177,89,224,1,206,143,130,234,35,245,139,245,231,230,234,35,71,139,68,101,59,11,74,233,159,76,41,139,39,44,152,207,167,29,99,32,62,57,30,246,22,192,101,189,119,177,89,224,1,168,88,156,84,88,192,139,101,189,119,31,194,224,103,206,143,130,71,95,76,245,239
Best fitness found so far: 0.8607627012017396; k: 2.0
Generation: 22; 0.8137155773025618; k: 2.2; 36,57,167,192,101,189,119,31,89,224,63,206,143,130,88,35,95,139,68,206,143,37,47,92,134,240,161,59,245,150,134,42,76,53,16,80,142,109,15,36,237,122,99,180,129
Best fitness found so far: 0.8607627012017396; k: 2.0
Generation: 23; 0.8607627012017396; k: 2.0; 201,246,208,249,153,191,109,237,101,189,119,177,89,224,1,206,143,35,234,35,245,139,245,231,230,234,35,71,139,68,101,59,10,74,233,159,76,41,229,39,44,152,207,167,29,192,52,218
Best fitness found so far: 0.8607627012017396; k: 2.0
Generation: 24; 0.8607627012017396; k: 2.0; 226,246,208,249,153,191,109,237,101,189,119,177,89,224,1,206,143,130,234,35,36,104,132,99,170,71,139,68,101,144,11,74,233,159,76,245,139,164,232,155,177,9,74,1,206,143,130,234,35,245,139,63,101,59,143,180,233,156,186,130,32,39,44,35,207,167,10,99,189,62,57,167,64,101,189,151,177,122
Best fitness found so far: 0.8607627012017396; k: 2.0
Generation: 25; 0.8738090492414999; k: 2.0; 113,170,58,192,233,31,89,224,103,196,143,130,109,237,101,189,119,177,89,224,1,206,143,130,234,35,245,139,245,145
Best fitness found so far: 0.8738090492414999; k: 2.0
Generation: 26; 0.8607627012017396; k: 2.0; 201,246,208,249,153,191,109,237,101,34,119,177,89,224,1,206,143,130,234,35,245,139,245,231,230,234,35,71,139,16,101,7,11,74,233,111,76,41,139,39,166,152,207,165,29,99,195,62,71,120,246,22,192,38,189,115,234,85,24,224,57,4,59,220,172,157,60,26,189,39,139,89,224,1,115,143,45,55,35,245,139,68,189,176,143,27,18,8,104,9,44,244,98,162,1,206,143,154,84,107,245,139,68,189,18,143,27,18,8,104,148,236,109,136,201,226,135,27,30,154,42,112,70,100,22,191,109,237,101,34,119,177,89,224,1,206,143,130,234,35,245,139
Best fitness found so far: 0.8738090492414999; k: 2.0
Generation: 27; 0.8607627012017396; k: 2.0; 51,10,208,249,153,191,109,237,101,189,119,177,89,224,1,206,217,130,234,35,36,104,132,99,177,83,16,1,206,143,230,234,35,71,139,68,204,144,11,31,80,250,176,188,177,89,32,39,44,152,105,97,29,190,192,248,57,16,78,99,32,62,57,36,237,122,159,77,243,15,36,42,122,99,180,244
Best fitness found so far: 0.8738090492414999; k: 2.0
Generation: 28; 0.8738090492414999; k: 2.0; 113,170,58,213,233,31,131,224,103,196,143,130,109,237,101,189,119,177,89,224,1,206,143,130,234,35,245,76,41,229,39,44,152,207,167,29,45,52,218
Best fitness found so far: 0.8738090492414999; k: 2.0
Generation: 29; 0.8738090492415; k: 2.0; 51,10,208,249,153,191,109,237,101,192,53,146,119,231,89,224,1,145,143,130,234,35,245,160,57,178,172,220,128,148,135,148,57,243,101,166,217,163,11,120,177,52,51,1,177,143,162,175,35,245,139,214,169,210,235,38,42,50,139,101,189,41,31,194,224,103,206,143,199,71,95,16,245,14
Best fitness found so far: 0.8738090492415; k: 2.0
Generation: 30; 0.8607627012017396; k: 2.0; 201,246,208,249,153,191,109,237,101,189,119,177,89,224,1,206,143,130,234,35,245,139,160,231,230,234,35,71,139,18,101,109,237,101,34,119,177,177,224,1,206,143,130,234,35,245,139,245,94,230,234,35,71,139,16,101,7,11,74,233,111,76,41,139,39,166,152,207,167,29,99,195,62,57,120,127,22,192,101,189,115,234,85,245,224,57,4,118,47,172,157,60,26,189,39,139,89,224,125,115,156,45,84,184,245,139,68,207,176,143,27,18,8,104,63,61,109,214,201,226,145,27,91,103,42,123,70,31,22
Best fitness found so far: 0.8738090492415; k: 2.0
Generation: 31; 0.8607627012017396; k: 2.0; 159,246,208,249,153,191,109,237,101,189,119,177,89,224,1,206,143,35,234,35,245,139,154,231,230,234,45,210,104,76,101,59,229,74,233,159,76,41,37,39,44,152,207,167,71,178,68,101,59,10,74,233,159,76,41,229,39,44,152,98,167,52,192,52,218,246,208,249,153,191,109,237,101,189,119,177,89,102,204,206,143,109,119,35,245,139,245,231
Best fitness found so far: 0.8738090492415; k: 2.0
Generation: 32; 0.8738090492414999; k: 2.0; 230,170,58,213,233,31,131,224,103,196,143,130,109,237,101,189,119,177,89,224,1,206,177,130,234,35,245,76,41,229,39,44,192,190,189,119,231,167,224,1,206,143,95,234,35,11,139,70,178,189,119,177,52,51,1,227,143,162,234,225,245,139,167,169,210,235,196,42,49,27,188,1,206,85,35,234,35,245,139,245,73,230,234,177,71,29,204,101,59,10,74,233,159,76,41,229,39,44,152,207,167,29,180,81,218
Best fitness found so far: 0.8738090492415; k: 2.0
Generation: 33; 0.8738090492415; k: 2.0; 226,246,208,249,153,191,109,237,101,189,119,187,89,224,1,215,79,130,233,31,131,224,103,196,143,130,109,237,3,189,119,177,89,224,1,206,143,10,234,35,245,76,41,229,237,44,152,207,167,29,45,52,218
Best fitness found so far: 0.8738090492415; k: 2.0
Generation: 34; 0.8625534766559457; k: 2.0; 113,125,167,192,101,7,87,231,113,125,167,192,101,189,119,231,89,109,1,206,61,130,234,35,77,139,57,117,59,59,177,223,122,53,131,94,181,27,18,8,104,148,20,109,214,87,226,145,156,229,247,247,112,70,31,22
Best fitness found so far: 0.8738090492415; k: 2.0
Generation: 35; 0.8625534766559457; k: 2.0; 113,125,167,192,101,7,87,231,25,125,167,192,101,189,119,231,89,109,1,206,61,130,234,35,77,139,57,117,130,64,35,6,193,61,196,18,8,104,180,195,109,109,201,4,145,83,129,163,101,20,217,2,201,9,43,27,123,166,43,250,239,224,83
Best fitness found so far: 0.8738090492415; k: 2.0
Generation: 36; 0.8738090492415; k: 2.0; 51,10,208,249,153,191,109,237,101,192,53,146,119,231,89,224,1,145,143,130,234,35,245,160,57,178,172,220,128,124,135,148,57,214,101,166,217,163,11,120,177,52,58,1,177,143,162,175,35,119,177,89,224,1,206,143,130,234,23,233,139,245,231,230,234,35,71,139,16,101,7,67,74,167,111,18,41,139,39,166,152,207,167,29,170,195,124,57,120,246,22,192,101,10,115,234,144,245,224,186,4,59,220,172,157,60,26,189,39,139,89,224,1,115,143,156,84,35,245,139,68,189,176,143,27,18,8,104,148,20,109,214,229,226,145,27,229,247,247,112,70,31,185
Best fitness found so far: 0.8738090492415; k: 2.0
Generation: 37; 0.8738090492415; k: 2.0; 69,10,208,249,135,191,109,237,101,192,53,146,119,231,89,224,1,145,143,130,234,35,245,160,57,178,172,220,44,206,207,167,26,99,189,62,57,167,64,101,189,151,177,207
Best fitness found so far: 0.8738090492415; k: 2.0
Generation: 38; 0.8738090492415; k: 2.0; 51,204,208,249,153,191,109,237,101,192,53,146,119,231,89,224,1,145,143,130,234,35,245,160,57,178,172,89,128,148,135,148,57,243,101,166,217,163,11,120,177,52,82,1,177,143,162,175,35,245,139,214,169,22,235,38,42,50,153,191,109,237,101,189,119,177,165,64,97,206,143,130,234,35,181,173,245,231,230,250,167,18,83
Best fitness found so far: 0.8738090492415; k: 2.0
Generation: 39; 0.8738090492415; k: 2.0; 51,184,208,249,153,191,109,237,101,249,243,146,119,231,89,224,1,145,143,130,234,35,56,160,43,178,78,153,191,109,237,19,189,119,177,89,224,1,206,143,35,234,162,132,139,245,231
Best fitness found so far: 0.8738090492415; k: 2.0
Generation: 40; 0.8738090492415; k: 2.0; 51,184,208,249,153,191,109,237,101,249,145,146,119,231,89,224,1,145,143,130,234,35,56,160,43,178,29,153,191,109,237,177,9,74,4,206,143,130,234,80,245,139,63,101,225,143,149,149,210,136,130,32,39,44,133,189,119,177,89,111,1,206,143,35,192,35,245,139,245,53,230,234,35,71,93,68,101,32,10,197,233,159,76,40,90,184,44,152,207,167,8,192,52,218
Best fitness found so far: 0.8738090492415; k: 2.0
Generation: 41; 0.8738090492415; k: 2.0; 51,10,208,249,153,191,109,237,101,192,53,146,119,231,89,224,1,145,143,130,234,35,245,160,107,178,172,220,128,148,135,148,57,243,101,130,112,75,36,104,132,99,99,177,94,106,1,206,143,230,234,35,71,139,68,204,144,71,31,80,250,176,188,177,246,217,136,201,226,135,27,63,154,207,112,70,31,22
Best fitness found so far: 0.8738090492415; k: 2.0
Generation: 42; 0.8738090492415; k: 2.0; 51,10,208,249,153,191,109,237,101,192,29,146,119,231,89,224,227,145,143,130,234,35,245,115,57,178,172,220,128,124,135,148,57,214,101,166,217,163,176,159,231
Best fitness found so far: 0.8738090492415; k: 2.0
Generation: 43; 0.8738090492415; k: 2.0; 201,246,208,249,153,191,109,237,101,189,101,189,119,177,89,224,1,206,143,35,134,35,118,139,236,231,190,234,35,71,139,68,174,59,10,74,233,159,76,41,229,44,206,207,167,26,99,211,62,57,167,64,101,189,151,177,207
Best fitness found so far: 0.8738090492415; k: 2.0
Generation: 44; 0.8738090492415; k: 2.0; 51,10,208,249,153,191,109,237,227,192,29,146,119,231,97,224,1,145,143,130,234,35,245,160,57,178,172,220,75,124,135,148,76,41,131,39,44,152,207,167,29,45,149,218
Best fitness found so far: 0.8738090492415; k: 2.0
Generation: 45; 0.8738090492415; k: 2.0; 75,10,208,183,29,191,109,237,101,242,53,146,119,129,89,224,1,145,143,130,234,55,245,160,237,178,172,220,245,160,160,178,172,98,75,124,135,122
Best fitness found so far: 0.8738090492415; k: 2.0
Generation: 46; 0.8738090492415; k: 2.0; 3,184,208,249,153,191,109,237,101,249,145,146,119,231,89,224,1,145,143,130,234,35,56,225,43,7,233,231,113,125,167,192,101,189,119,231,25,26,167,192,101,189,119,231,89,109,147,206,61,130,234,35,207,139,57,117,130,64,35,6,193,61,140,194,8,104,180,195,80,109,201,4,145,83,184,163,101,20,217,2,246,9,43,27,123,166,43,250,239,224,188
Best fitness found so far: 0.8738090492415; k: 2.0
Generation: 47; 0.8738090492415; k: 2.0; 51,232,208,3,153,191,145,237,101,249,243,146,119,231,89,224,1,145,143,130,234,35,237,160,43,12,57,163,101,166,217,1,11,176,188,57,10,29
Best fitness found so far: 0.8738090492415; k: 2.0
Generation: 48; 0.8738090492415; k: 2.0; 51,184,208,249,153,191,109,237,101,192,53,146,119,226,139,224,55,145,143,130,234,35,56,160,43,178,161,220,128,124,135,148,57,62,169,166,217,163,11,120,177,52,58,141,53,245,188,57,178,172,220,128,148,135,148,57,243,101,166,217,163,11,2,188,57,158,29,48,139,108,178,63,126,74,192,53,245,188,57,178,172,220,128,156,135,148,57,243,101,166,217,163,11
Best fitness found so far: 0.8738090492415; k: 2.0
Generation: 49; 0.8738090492415; k: 2.0; 51,135,208,249,153,191,109,237,101,249,145,146,119,231,89,224,213,145,143,130,234,35,106,160,43,178,29,153,191,39,237,177,9,74,99,206,105,130,121,197,95,93,63,76,41,229,39,189,88,19,243,224,1,206,48,237,115,178,63,219,74,192,53,159,75,159,78,44,152,197,167,85,70,8,148,135,148,57,243,101,130,112,35,76,104,132,99,85,177,89,183,1,206,143,202,234,63,233,14,68,204,144,71,52,191,62,237,101,192,148,146,119,231,123,224,227,145,104,130,33,35,245,115,57,178,172,220,128,124,135,148,57,214,101,166,217,198,176,159,231
Best fitness found so far: 0.8738090492415; k: 2.0
Generation: 50; 0.8738090492415; k: 2.0; 51,184,208,249,153,191,109,237,101,249,145,146,119,231,49,224,213,145,143,130,234,35,56,160,43,246,29,153,191,6,237,177,9,74,4,206,105,99,234,80,245,139,63,89,41,229,24,189,165,19,245,160,26,84,172,220,128,124,135,148,163,214,184,104,249,153,191,109,237,101,192,53,146,201,184,89,166,1,145,143,130,234,35,247,160,223,178,161,220,24,91,135,127,10,232,88,159,76,116,229,49,6,165,77,89,36,1,156,143,12,234,35,245,139,237,1,59,101,240,83,139,154,178,172,220,177,223,135,148,57,94,181,187,217,163,193,9,35
Best fitness found so far: 0.8738090492415; k: 2.0
Generation: 51; 0.8738090492415; k: 2.0; 140,10,208,249,153,191,109,237,69,30,53,146,119,231,89,224,1,147,143,130,234,35,245,160,107,130,172,220,138,22,135,148,57,243,101,130,112,35,36,104,132,99,99,177,89,183,1,206,101,245,234,35,233,58,68,204,144,71,203,191,62,237,101,192,89,192,29,146,119,231,89,224,1,145,143,130,234,35,245,160,57,178,131,220,128,124,135,148,57,214,101,166,217,163,11,120,177,52,58,1,177,143,198,175,35,8,177,89,224,1,206,87,130,124,23,233,139,245,231,93,95,130,109,237,11,189,158,65,200,224,166,206,143,130,234,35,245,9,245,145
Best fitness found so far: 0.8738090492415; k: 2.0
Generation: 52; 0.8738090492415; k: 2.0; 51,10,208,249,153,191,109,182,101,192,29,146,119,231,89,224,1,145,61,130,234,35,245,160,57,178,172,220,233,124,135,148,57,214,101,166,217,163,11,120,177,52,58,1,177,143,198,175,35,119,177,89,224,1,206,143,130,90,23,233,24,245,231,196,128,130,109,237,101,189,158,65,89,35,56,160,43,178,29,153,191,109,163,177,9,74,4,206,175,130,234,80,245,139,63,101,225,143,149,149,210,136,130,32,39,29,133,189,119,177,89,111,1,206,143,35,192,229,245,139,245,70,230,234,35,71,93,68,101,32,10,197,233,159,199,40,90,72,44,152,207,167,8,192,52,218,89,224,1,145,61,130,234,35,245,160,57,178,172,220,233,124
Best fitness found so far: 0.8738090492415; k: 2.0
Generation: 53; 0.8738090492415; k: 2.0; 51,10,208,249,153,191,109,237,101,192,29,146,119,231,89,224,1,145,143,130,234,55,245,160,236,68,172,220,75,124,135,148,57,214,101,151,186,163,11,199,94,52,58,1,177,26,208,175,7,119,13,89,102,1,206,143,208,234,23,62,139,245,231,196,136,162,109,145,200,68,105,65,89,224,117,130,178,35,6,235,35,57,178,189
Best fitness found so far: 0.8738090492415; k: 2.0
Generation: 54; 0.8738090492415; k: 2.0; 51,184,208,60,153,191,109,237,101,192,93,146,119,226,89,224,1,145,143,130,234,35,203,160,43,178,109,237,227,192,29,146,119,231,97,224,1,145,143,130,234,35,245,160,57,178,172,220,75,167,135,218,76,41,73,39,44,152,247,167,29,45,149,218
Best fitness found so far: 0.8738090492415; k: 2.0
Generation: 55; 0.8738090492415; k: 2.0; 75,232,208,183,159,191,109,237,211,142,53,146,119,231,89,219,1,55,15,130,234,35,245,188,57,247,229,237,191,109,166,101,142,53,146,119,231,89,224,1,145,143,103,234,35,35,160,57,178,29,220,128,148,135,148,57,243,240,166,217,163,128,156,135,148,57,243,101,166,217,163,11
Best fitness found so far: 0.8738090492415; k: 2.0
Generation: 56; 0.8738090492415; k: 2.0; 51,184,208,249,153,191,109,237,101,109,53,146,119,231,89,224,1,145,143,130,234,35,25,160,43,178,161,220,128,44,135,148,153,214,212,166,125,163,11,120,177,52,58,1,177,194,162,175,35,119,177,89,224,7,206,143,130,230,23,233,139,246,231,145,75,35,71,139,14,101,7,218
Best fitness found so far: 0.8738090492415; k: 2.0
Generation: 57; 0.8738090492415; k: 2.0; 51,184,208,168,21,191,109,237,101,192,107,146,119,231,89,224,1,145,143,130,234,35,56,207,43,178,161,220,128,124,135,148,57,214,101,187,217,163,11,43,177,52,186,1,177,194,162,166,35,119,177,124,102,1,206,143,130,234,23,198,139,245,231,230,199,77,71,139,16,101,103,51,74,167,111,120,137,139,158,166,47,238,192,29,3,51,124,132,120,246,22,192,101,54,122,234,144,245,224,186,4,59,54,136,157,60,26,189,39,139,49,224,165,115,143,156,5,136,245,139,247,191,90,191,109,237,94,249,145,146,119,231,125,224,213,145,143,130,234,35,177,160,59,49,29,153,191,109,237,177,9,74,241,206,105,130,234,80,245,139,63,76,41,229,39,59,165,19,89,224,1,206,48,134,108,178,63,126,74,192,53,245,42,29,178,172,220,220,148,135,148,57,243,20,166,217,163,11,2,188,152,178,29,48,139,108,178,63,126,74,192,53,79,188,57,178,172,220,104,148,135,148,57,243,86,166,217,163,11
Best fitness found so far: 0.8738090492415; k: 2.0
Generation: 58; 0.8738090492415; k: 2.0; 75,10,208,183,29,191,109,237,101,242,53,146,119,129,89,224,1,145,143,130,234,55,245,160,57,178,172,220,178,189
Best fitness found so far: 0.8738090492415; k: 2.0
Generation: 59; 0.8738090492415; k: 2.0; 75,10,208,183,29,191,109,237,101,242,53,146,119,129,169,224,1,145,143,130,234,55,245,160,57,178,172,220,245,160,57,109,237,26,249,79,101,119,231,89,224,1,145,89,130,234,35,56,160,43,178,69,129,38
Best fitness found so far: 0.8738090492415; k: 2.0
Generation: 60; 0.8738090492415; k: 2.0; 51,184,208,249,153,191,109,237,101,249,145,146,119,231,89,224,213,145,143,130,234,35,57,160,43,178,48,153,14,207,237,177,9,74,4,206,105,130,234,80,245,139,63,42,41,229,39,143,130,234,35,245,139,245,145
Best fitness found so far: 0.8738090492415; k: 2.0
Generation: 61; 0.8738090492415; k: 2.0; 51,184,208,249,153,191,109,237,101,249,145,146,119,231,89,224,1,145,143,130,234,35,56,160,43,178,47,153,191,109,237,177,9,127,4,124,143,130,234,231,74,234,45,210,139,62,220,16,31,22,192,210,183,119,177,41,224,1,168,56,139,243,88,245,139,101,100,38,31,89,11,103,206,143,130,109,237,225,189,164,177,38,103,1,193,143,130,30,35,245,139,35,41
Best fitness found so far: 0.8738090492415; k: 2.0
Generation: 62; 0.8738090492415; k: 2.0; 69,10,208,36,45,191,109,237,101,192,167,146,119,231,89,224,1,145,143,130,234,35,245,160,57,55,172,220,178,166,217,163,11,120,177,52,58,1,177,143,198,175,35,119,177,89,224,1,206,191,130,234,23,233,139,245,231,196,128,130,12,237,101,189,158,225,89,224,166,117,166,130,49,35,245,9,245,121
Best fitness found so far: 0.8738090492415; k: 2.0
Generation: 63; 0.8738090492415; k: 2.0; 208,184,208,249,153,191,109,237,101,249,129,146,119,231,89,224,213,145,143,130,244,35,105,160,43,178,192,43,146,119,231,89,224,1,29,143,130,234,35,56,160,43,178,161,220,128,124,135,148,57,214,18,190,217,163,11,120,177,52,49,1,177,194,162,175,35,119,177,89,224,1,206,143,130,234,23,233,139,245,231,230,234,35,71,139,16,101,7,51,74,54,111,18,41,139,158,166,152,207,192,29,170,195,124,57,120,246,22,192,101,10,115,234,144,42,224,186,4,59,220,172,157,60,26,189,39,139,89,224,1,115,143,156,5,136,245,139,68,189,176,143,27,35,8,39,44,152,207,167,29,45,9,218
Best fitness found so far: 0.8738090492415; k: 2.0
Generation: 64; 0.8738090492415; k: 2.0; 51,184,208,249,153,176,109,237,101,192,53,146,119,226,139,224,55,145,143,130,234,35,56,160,43,178,161,220,94,124,135,148,57,62,169,166,217,163,11,120,177,52,58,141,53,245,188,57,178,172,220,128,148,135,148,57,243,101,166,217,245,209,57,178,220,114,13,148,135,148,57,243,164,166,217,75,11,176,137,242,250,101,136,201,160,135,64,242,154,208,145
Best fitness found so far: 0.8738090492415; k: 2.0
Generation: 65; 0.8738090492415; k: 2.0; 51,184,208,249,153,191,109,237,101,192,53,146,179,226,139,224,55,145,143,130,6,35,56,160,43,178,161,220,128,124,135,148,57,62,55,35,217,163,11,10,208,183,159,191,109,237,101,142,53,112,207,104,89,224,1,145,143,130,234,35,245,160,57,178,172,215,131,129,135,181,57,243,101,166,54,144,73,159,188,242,250,113,125,167,192,101,189,1,231,52,109,136,114,228,130,234,35,77,139,250,117,31,225,1,177,194,31,175,35,119,177,89,224,1,26,143,166,234,23,233,139,50,231,230,49,243,71,139,11,164,53,51,74,50,111,18,41,139,9,166,152,207,114,29,39,195,166,57,120,103,22,192,101,135,115,234,144,229,97,186,4,59,14,172,108,60,26,189,39,139,236,224,1,199,66,156,5,136,245,139,183,189,176,143,9,59,8,39,44,152,207,248,29,45,52,218
Best fitness found so far: 0.8738090492415; k: 2.0
Generation: 66; 0.8738090492415; k: 2.0; 86,246,208,249,153,191,109,237,101,189,101,189,119,202,89,224,1,206,143,35,134,35,118,139,236,231,190,234,35,143,139,68,174,59,10,74,233,223,76,41,229,44,206,207,177,89,224,1,26,160,36,84,88,185,139,101,189,119,31,89,208,145,143,15,234,35,245,160,57,178,172,220,128,148,135,148,57,243,101,166,217,163,11,111,188,242,250,101,136,201,226,135,27,242,139,208,230
Best fitness found so far: 0.8738090492415; k: 2.0
Generation: 67; 0.8738090492415; k: 2.0; 51,10,208,249,153,191,109,237,101,192,215,146,119,231,89,224,1,145,143,130,234,35,245,160,164,178,172,220,211,124,135,156,57,214,101,232,217,163,11,120,177,61,58,1,177,143,162,175,35,119,177,89,224,1,206,143,130,234,23,233,139,245,231,230,234,35,71,139,177,101,7,67,237,99,111,169,41,139,214,166,152,207,94,29,170,195,175,57,120,246,22,57,101,10,126,234,144,245,224,186,4,59,220,172,157,60,74,30,159,76,41,139,39,39,19,214,171,151,217,163,11,190,177,52,58,1,177,143,198,175,7,119,13,55,224,1,244,143,130,178,23,62,139,245,231,45,128,130,109,82,101,189,63,65,22,224,219,206,143,130,234,35,245,53,22,192,210,183,119,177,89,224,1,168,56,139,84,88,185,139,101,189,119,31,89,224,63,206,143,130,109,237,205,189,119,177,89,172,147,206,124,130,107,35,245,139,67,74
Best fitness found so far: 0.8738090492415; k: 2.0
Generation: 68; 0.8738090492415; k: 2.0; 75,10,208,183,159,191,109,237,101,142,53,146,163,231,237,224,1,145,143,130,234,35,245,160,57,136,172,220,128,148,217,148,57,243,205,166,217,37,11,88,215,242,208,11,136,12,111,135,109,237,188
Best fitness found so far: 0.8738090492415; k: 2.0
Generation: 69; 0.8738090492415; k: 2.0; 75,10,208,183,159,191,109,237,101,142,53,146,119,231,89,219,1,55,15,130,248,35,245,188,57,247,229,149,191,109,166,101,142,53,146,119,231,89,224,1,145,143,103,234,35,245,160,57,178,172,220,128,148,240,148,57,243,101,166,217,163,11,176,188,242,250,101,136,201,226,135,27,242,212,208,145
Best fitness found so far: 0.8738090492415; k: 2.0
Generation: 70; 0.8738090492415; k: 2.0; 51,184,208,249,153,191,109,242,101,109,53,146,119,231,13,224,1,145,143,130,234,35,56,160,43,178,161,220,128,44,135,148,57,214,212,192,145,189,119,231,25,125,74,192,101,189,119,231,89,109,1,206,61,130,234,35,77,139,57,117,130,64,35,6,193,61,196,194,8,104,180,195,219,109,201,4,145,83,129,163,204,38
Best fitness found so far: 0.8738090492415; k: 2.0
Generation: 71; 0.8738090492415; k: 2.0; 51,184,208,249,153,6,109,237,101,249,145,146,115,231,89,224,1,145,143,130,234,35,56,160,43,178,47,153,191,109,237,177,9,127,4,206,143,130,234,80,245,129,63,101,159,143,149,149,210,10,59,32,39,44,210,189,37,177,89,111,1,206,143,35,192,35,245,139,245,76,230,234,99,32,62,190,243,246,22,192,101,189,119,177,89,212,72,168,19,156,84,183,192,177,101,53,119,31,194,224,103,206,143,130,71,95,76,245,239
Best fitness found so far: 0.8738090492415; k: 2.0
Generation: 72; 0.8738090492415; k: 2.0; 51,184,33,249,153,191,109,237,101,109,53,146,119,231,89,224,1,145,143,130,234,35,56,160,43,178,161,220,128,44,135,148,57,214,212,166,217,163,141,120,177,52,58,1,245,194,162,175,35,119,177,89,224,1,206,143,130,234,100,233,140,246,159,230,234,35,71,139,86,101,7,59,74,167,111,18,41,139,158,166,152,207,192,29,170,195,124,57,120,246,22,192,101,30,115,234,144,146,224,186,133,59,220,158,221,134,26,189,39,139,95,224,1,99,143,156,5,136,245,139,68,189,93,143,199,154,8,39,44,152,150,167,29,45,52,249,39,191,109,239,101,36,119,177,89,224,1,212,143,130,234,128,205,174,145,242,147,68,138,201,226,135,139,16,101,7,231,74,167,111,18,41,139,158,166,152,207,192,29,170,195,124,57,120,246,22,192,101,30,115,234,144,245,224,186,133,59,220,114,157,60,26,189,39,139,89,224,47,99,143,156,5,136,245,139,68,189,85,143,27,154,8,39,44,152,150,9,29,45,52,249,63,191,109,239,101,36,119,177,89,224,1,212,143,130,234,35,205,174,145,242,142,101,138,201,226,135,27,242,139,208,122
Best fitness found so far: 0.8738090492415; k: 2.0
Generation: 73; 0.8738090492415; k: 2.0; 51,204,218,249,153,191,109,237,101,164,53,146,119,231,89,224,1,145,143,130,234,35,245,160,57,178,172,89,128,148,135,148,57,243,101,215,217,163,11,120,177,52,82,1,177,143,162,175,35,245,244,214,169,22,235,38,153,50,153,191,109,237,101,189,119,177,165,64,97,206,143,130,234,35,181,173,245,231,230,125,6,18,101,189,1,231,89,109,124,114,228,130,234,35,77,139,57,117,31,59,177,183,122,221,226,94,60,140,18,8,104,148,20,109,214,220,226,145,156,229,247,247,141,94,178,22,148,57,243,101,215,217,163,11,120,177,52,82,1,177,143,162,175,35,245
Best fitness found so far: 0.8738090492415; k: 2.0
Generation: 74; 0.8738090492415; k: 2.0; 51,184,208,249,153,191,97,237,101,19,53,146,119,231,89,224,1,145,143,130,234,35,56,160,206,163,161,220,128,136,79,148,84,5,88,159,76,97,229,49,224,165,177,213,36,22,146,143,103,234,35,245,29,86,1,59,101,134,83,160,35,226,164,30,148,230,234,45,157,139,62,8,16,211,22,192,226,183,191,109,237,101,142,195,189,119,129,89,224,1,145,143,130,234,100,245,160,57,178,172,34,123,148,27,38,37,165,101,166,217,177,11,176,70,19,250,113,125,167,192,101,189,213,231,153,191,109,146,177,9,74,99,206,105,130,121,212,95,93,63,76,41,229,39,189,88,19,243,224,1,206,48,155,108,178,63,126,74,34,53,159,75,192,78,44,152,99,161,85,70,8,229,159,191,109,237,101,142,53,146,119,231,89,224,1,39,143,103,234,35,245,169,57,178,172,220,128,148,135,148,57,243,101,166,217,163,11,176,188,242,250,101,136,201,226,135,27,242,78,208,145
Best fitness found so far: 0.8738090492415; k: 2.0
Generation: 75; 0.8738090492415; k: 2.0; 75,10,208,183,159,191,109,237,101,142,53,146,119,231,89,224,1,145,143,130,234,35,158,160,57,178,172,220,128,148,135,148,57,243,205,82,101,189,105,65,22,224,219,206,143,130,234,35,245,53,22,192,210,183,119,177,89,224,1,168,56,139,84,88,185,139,101,189,119,31,89,224,234,206,143,130,109,237,205,189,200,177,108,23,1,206,124,130,107,35,245,147,67,3
Best fitness found so far: 0.8738090492415; k: 2.0
Generation: 76; 0.8738090492415; k: 2.0; 75,10,143,183,159,166,109,237,101,142,53,146,119,231,89,219,1,55,15,130,228,35,245,188,87,178,172,220,128,101,249,243,146,119,231,89,224,1,145,143,130,234,35,56,160,43,178,69,204,38
Best fitness found so far: 0.8738090492415; k: 2.0
Generation: 77; 0.8738090492415; k: 2.0; 51,184,208,168,21,191,109,237,101,192,107,146,119,231,89,224,1,145,143,130,234,35,56,207,43,178,161,220,128,124,135,148,57,211,101,166,217,163,18,120,177,52,186,1,177,194,162,175,35,119,177,89,211,1,206,143,130,234,23,198,139,119,231,89,224,1,145,143,130,47,35,56,160,43,178,29,110,224,109,237,177,9,74,2,24,234,130,234,80,245,139,63,101,225,143,149,149,210,136,130,32,224,176,133,226,119,177,89,111,1,206,127,35,192,35,134,139,245,53,230,234,35,71,93,68,71,32,112,197,233,159,76,40,82,184,44,229,207,167,8,192,10,89
Best fitness found so far: 0.8738090492415; k: 2.0
Generation: 78; 0.8738090492415; k: 2.0; 51,189,208,249,153,191,109,237,101,4,145,146,119,231,89,224,1,145,143,130,234,35,56,130,234,35,245,195,57,178,172,220,128,148,135,181,57,243,101,166,217,163,11,176,188,242,250,113,125,167,192,101,143,1,231,89,109,158,114,228,130,192,35,77,139,57,117,31,59,177,223,122,164,131,94,181,27,18,8,104,221,20,109,214,220,207,145,156,229,247,247,43,94,220,22
Best fitness found so far: 0.8738090492415; k: 2.0
Generation: 79; 0.8738090492415; k: 2.0; 75,10,208,183,159,191,109,237,101,142,53,146,119,231,73,219,1,55,15,130,228,35,245,188,57,178,172,220,128,148,135,148,57,245,236,166,119,177,89,224,1,206,177,130,234,35,245,76,41,146,49,44,171,190,189,119,231,167,224,237,206,72,95,234,35,141,139,70,178,118,119,177,52,201,137,227,143,162,249,225,245,139,167,169,210,53,196,207,1,145,143,103,234,35,245,160,57,178,172,243,128,148,135,148,57,243,101,166,217,163,11,176,188,242,250,101,136,201,226,135,27,242,212,208,224
Best fitness found so far: 0.8738090492415; k: 2.0
Generation: 80; 0.8738090492415; k: 2.0; 51,184,208,45,153,191,109,237,101,192,53,146,119,231,89,224,1,145,143,130,234,35,56,160,131,178,161,220,75,130,32,82,44,213,33,230,234,35,71,31,176,224,103,157,197,130,109,237,101,3,119,177,89,224,1,206,177,130,234,35,152,76,41,67,39,44,192,190,189,120,231,167,11,1,206,116,194,71,139,16,101,7,11,74,89,111,66,234,139,234,35,71,139,68,204,144,197,31,80,250,176,188,177,246,217,136,201,226,135,208,63,154,207,112,205,146,22
Best fitness found so far: 0.8738090492415; k: 2.0
Generation: 81; 0.8738090492415; k: 2.0; 201,246,208,249,153,191,109,237,101,189,101,189,119,177,89,224,1,206,143,35,134,35,118,139,236,231,190,234,35,71,139,68,172,59,10,74,233,159,76,41,71,44,206,207,177,89,224,1,26,56,36,84,88,185,139,101,189,119,31,89,122,234,206,143,130,109,237,205,11,119,177,11,23,57,68,21,220,75,124,135,40,57,214,101,151,186,163,11,199,94,133,58,1,177,26,198,175,7,119,13,89,90,1,206,143,208,234,23,62,139,245,231,196,136,130,109,145,101,68,105,65,89,224,166,206,210,130,234,35,245,206,22,192,210,183,119,66,89,224,1,168,56,139,84,88,185,139,101,189,119,31,89,224,84,187,143,130,109,237,101,189,119,177,89,23,1,206,143,77,107,35,245,139,67,145
Best fitness found so far: 0.8738090492415; k: 2.0
Generation: 82; 0.8738090492415; k: 2.0; 51,184,208,249,153,191,109,237,101,19,229,146,119,231,89,224,1,145,143,130,234,35,56,160,223,178,161,220,128,124,79,148,10,232,88,159,76,115,229,49,6,165,177,187,36,22,131,143,103,102,35,245,51,221,1,59,101,221,83,139,35,226,164,181,72,230,234,45,157,139,62,220,16,31,22,192,226,183,191,109,237,101,142,195,146,119,129,89,122,1,145,143,130,234,100,49,160,57,178,172,220,128,148,135,181,57,165,101,166,217,163,31,176,188,242,250,113,125,167,192,101,189,1,231,3,109,1,114,228,130,234,35,77,139,57,117,31,59,177,183,122,221,131,36,1,29,143,103,234,35,245,170,86,1,61,101,240,83,139,154,178,11,220,177,206,135,148,57,94,181,187,217,163,193,9,35
Best fitness found so far: 0.8738090492415; k: 2.0
Generation: 83; 0.8738090492415; k: 2.0; 146,184,208,249,153,191,109,237,101,249,145,136,119,231,89,54,1,145,223,130,234,35,131,225,43,7,233,74,113,237,68,101,87,167,225,219
Best fitness found so far: 0.8738090492415; k: 2.0
Generation: 84; 0.8738090492415; k: 2.0; 51,184,208,249,153,191,109,237,101,192,53,146,119,226,139,224,55,145,143,130,234,35,56,160,43,178,217,220,128,124,51,148,57,62,73,60,217,163,11,120,177,52,58,141,53,245,188,78,178,172,250,128,148,135,104,57,230,101,166,217,163,11,2,188,57,158,29,48,139,108,178,63,126,169,192,53,245,188,75,178,172,220,128,156,135,148,57,55,242,166,170,139,101,110,119,31,89,224,92,240,143,130,109,237,101,157,119,20,89,23,1,206,175,130,107,11,245,139,67,145
Best fitness found so far: 0.8738090492415; k: 2.0
Generation: 85; 0.8738090492415; k: 2.0; 51,10,208,249,153,191,109,237,101,30,53,146,119,231,89,224,1,124,143,130,234,35,245,160,107,178,172,140,128,148,135,148,57,243,101,130,112,203,36,104,132,99,228,191,94,106,1,206,154,202,234,35,233,14,68,204,144,71,153,191,62,237,217,192,83,146,119,177,123,224,227,145,143,130,234,35,245,115,57,178,172,220,128,124,135,148,57,214,101,166,217,163,176,159,231
Best fitness found so far: 0.8738090492415; k: 2.0
Generation: 86; 0.8738090492415; k: 2.0; 75,10,208,183,159,191,109,237,101,142,53,176,207,104,89,224,1,145,143,130,234,35,245,160,57,178,172,220,131,148,135,181,57,243,101,166,217,163,11,159,188,242,250,113,43,167,192,101,189,1,231,51,109,1,144,228,130,234,35,77,139,250,117,31,225,198,177,194,31,175,35,119,177,89,224,1,206,143,11,234,23,233,139,245,231,230,234,160,71,139,16,164,7,145,74,167,101,192,167,146,71,231,89,144,1,145,228,130,48,35,245,160,57,178,172,220,74,188,143,130,234,35,245,160,57,178,172,220,131,148,135,181,57,243,101,166,217,163,11,159,188,242,250,113,43,167,192,101,189,1,231,51,109,1,144,228,130,234,35,77,139,250,117,31,225,198,177,194,31
Best fitness found so far: 0.8738090492415; k: 2.0
Generation: 87; 0.8738090492415; k: 2.0; 51,184,208,249,153,191,9,237,101,192,53,146,119,226,89,224,1,145,173,130,234,35,203,160,19,178,161,4,128,124,205,148,57,62,101,166,233,163,11,120,128,52,157,198,177,185,162,175,35,119,177,89,224,20,184,1,206,143,147,186,35,101,132,245,234,35,245,139,124,76,6,129,35,104,4,104,170,71,139,68,95,132,11,147,233,159,76,245,139,120,177,182,51,1,177,55,162,175,35,245,139,214,169,210,144,38,7,152,159,50,189,41,31,194,224,103,102,190,177,52,58,77,177,143,198,175,7,119,13,89,224,1,192,143,130,29,23,62,139,179,65,196,128,130,109,206,41,189,105,65,22,224,219,206,143,102,234,35,245,145,22,59,210,121,119,177,89,224,240,36,56,225,65,48,185,139,188,189,249,153,18,84,237,101,249,243,146,119,231,89,224,1,145,143,130,219,35,56,197,43,178,69,21,38
Best fitness found so far: 0.8738090492415; k: 2.0
Generation: 88; 0.8738090492415; k: 2.0; 201,246,208,249,153,191,109,237,101,189,101,189,119,177,89,224,1,206,143,35,134,35,118,139,236,231,190,234,35,71,139,129,89,224,1,145,51,130,234,55,245,160,57,178,172,220,245,67,181,215,172,220,75,124,135,39,118,214,82,101,189,146,65,89,224,166,206,52,130,234,35,174,159,105,163,210,183,119,177,164,224,1,168,56,139,43,88,185,139,101,189,119,31,89,224,234,206,143,82,109,237,101,189,119,213,89,23,137,206,143,130,107,35,245,139,67,203
Best fitness found so far: 0.8738090492415; k: 2.0
Generation: 89; 0.8738090492415; k: 2.0; 188,170,58,213,233,31,131,224,103,196,197,130,109,237,101,3,119,177,89,224,1,206,177,130,234,35,152,76,41,67,39,44,192,190,189,120,231,167,11,1,206,116,194,71,139,16,101,7,11,74,89,111,66,242,139,208,127,39,44,192,190
Best fitness found so far: 0.8738090492415; k: 2.0
Generation: 90; 0.8738090492415; k: 2.0; 51,184,208,9,153,191,109,237,101,184,53,146,119,231,89,224,1,145,143,130,234,35,56,160,118,178,161,220,128,124,135,148,57,214,101,166,217,163,11,123,177,52,58,1,177,194,162,175,35,119,177,89,224,1,206,143,130,234,23,233,139,245,231,230,234,123,71,139,16,101,7,51,157,167,111,18,41,139,158,166,152,207,192,220,167,124,135,148,57,214,101,179,217,163,8,120,177,52,58,1,89,194,162,175,35,119,177,89,224,1,206,143,130,234,130,82,139,245,231,230,234,35,71,139,16,101,7,61,74,167,111,18,41,213,158,166,152,207,192,29,170,195,124,24,120,246,22,192,18,10,115,234,144,245,224,186,4,59,220,188,12,60,145,189,39,139,89,224,1,115,143,156,5,136,245,139,68,189,176,143,46,59,8,39,44,152,207,167,29,45,52,218
Best fitness found so far: 0.8738090492415; k: 2.0
Generation: 91; 0.8738090492415; k: 2.0; 51,184,208,249,153,191,197,237,101,249,145,146,119,231,89,224,213,145,143,130,234,35,56,160,43,178,29,153,191,109,237,177,9,74,4,206,105,130,234,80,245,139,63,76,41,229,39,118,165,19,89,224,1,206,48,139,108,105,57,12,74,192,53,159,198,32,39,44,152,99,167,85,25,8,229,228,30,51,95,80,210,37,185,239,237,31,181,37,235,1,30,168,56,139,49,44,185,139,101,189,135,31,69,224,234,206,143,130,229,237,205,189,119,165,89,23,1,206,153,130,107,35,245,147,67,74
Best fitness found so far: 0.8738090492415; k: 2.0
Generation: 92; 0.8738090492415; k: 2.0; 140,10,208,183,29,191,109,237,101,242,53,151,119,129,89,224,67,145,143,130,234,55,245,160,57,178,172,220,245,160,195,215,172,220,75,124,135,39,47,171,82,169,189,105,170,89,224,3,206,52,130,234,35,245,159,105,163,210,183,119,177,240,224,1,124,56,139,84,88,185,19,89,128,148,135,148,57,243,101,146,119,231,89,219,210,55,61,130,234,35,245,188,57,178,172,220,128,93,135,148,57,243,101,166,217,1,11,176,188,224,10,29
Best fitness found so far: 0.8738090492415; k: 2.0
Generation: 93; 0.8738090492415; k: 2.0; 51,184,208,249,153,191,109,184,101,249,145,146,119,231,89,224,213,145,143,130,142,35,56,160,43,246,29,153,77,6,237,177,9,74,4,206,105,130,234,130,245,139,63,89,131,229,24,189,165,19,245,160,26,178,172,91,128,124,152,183,57,214,244,166,217,163,11,120,177,52,58,1,177,143,198,175,6,119,177,89,224,1,206,143,130,119,23,233,139,245,231,196,128,130,80,237,101,189,158,225,62,230,234,45,157,139,62,220,16,31,22,192,226,183,191,109,232,101,142,195,189,119,129,89,15,1,102,91,130,234,100,245,160,57,178,172,220,128,148,135,38,37,165,101,166,217,163,11,176,188,242,250,113,125,167,192,101,226,213,231,65,109,1,209,228,130,179,35,145,139,57,117,31,22
Best fitness found so far: 0.8738090492415; k: 2.0
Generation: 94; 0.8738090492415; k: 2.0; 51,10,208,249,153,191,109,237,131,30,53,146,119,231,89,224,225,147,143,130,234,35,139,62,220,188,31,22,192,210,183,117,177,89,224,1,168,56,71,76,88,245,139,101,100,176,31,143,11,103,206,143,65,109,160,43,178,78,153,191,109,237,19,189,119,177,89,224,1,206,143,35,234,162,18,139,245,231
Best fitness found so far: 0.8738090492415; k: 2.0
Generation: 95; 0.8738090492415; k: 2.0; 51,184,208,249,153,191,109,237,101,192,53,146,119,226,139,224,55,145,143,130,234,35,51,160,43,178,89,56,1,206,153,128,93,35,245,147,196,74
Best fitness found so far: 0.8738090492415; k: 2.0
Generation: 96; 0.8738090492415; k: 2.0; 51,76,208,249,153,191,109,237,101,19,53,146,61,231,89,224,207,145,143,130,234,35,60,160,233,163,161,220,128,136,79,148,84,5,88,159,76,115,229,49,6,165,177,187,36,22,146,143,103,234,35,245,59,114,112,59,101,221,83,160,35,226,164,181,72,230,234,45,181,139,62,220,16,31,22,192,226,183,191,109,237,101,142,195,189,146,119,231,21,224,1,145,143,236,234,35,245,160,57,184,172,220,128,45,135,180,57,243,101,166,217,163,111,176,188,242,250,101,136,201,226,135,27,242,212,208,145,217,163,111,176,188,242,250,101,136,201,226,135
Best fitness found so far: 0.8738090492415; k: 2.0
Generation: 97; 0.8738090492415; k: 2.0; 51,10,208,249,153,191,109,237,101,229,53,146,119,231,89,224,1,145,143,130,234,35,245,160,57,178,172,152,162,124,135,148,57,186,101,166,217,107,208,120,177,51,190,1,91,143,162,175,130,119,177,135,224,1,206,183,143,18,18,8,104,148,20,109,115,229,226,199,27,229,247,247,112,70,31,185
Best fitness found so far: 0.8738090492415; k: 2.0
Generation: 98; 0.8738090492415; k: 2.0; 75,10,208,183,159,166,109,237,101,142,53,146,119,231,89,219,1,55,15,130,228,35,245,188,57,178,172,220,128,149,135,242,57,243,101,166,119,177,89,224,1,170,177,130,234,35,245,93,153,94,109,237,177,9,74,4,206,143,130,234,80,245,139,63,101,225,143,149,149,210,112,130,32,92,27,133,189,119,177,89,111,24,206,143,35,192,35,245,139,245,53,230,234,35,71,93,68,101,32,10,197,233,159,76,201,90,184,44,152,207,167,8,192,52,218
Best fitness found so far: 0.8738090492415; k: 2.0
Generation: 99; 0.8738090492415; k: 2.0; 51,10,208,249,153,191,109,237,101,192,29,146,119,231,89,224,1,145,143,130,234,35,245,160,57,178,172,220,75,124,135,148,57,214,101,151,217,104,11,120,246,157,58,24,177,143,198,164,7,119,13,89,229,1,206,143,130,234,23,62,139,245,50,196,128,130,109,82,17,189,105,65,89,21,166,206,143,130,234,35,245,31,158,165,210,183,119,177,89,224,1,168,101,166,217,163,11,120,177,52,58,1,177,143,198,175,35,119,177,128,224,1,206,143,130,234,23,233,139,245,231,196,128,122,109,237,101,189,158,65,62,224,166,189,143,130,234,35,245,9,93,145
Best fitness found so far: 0.8738090492415; k: 2.0
Generation: 100; 0.8738090492415; k: 2.0; 51,10,208,249,153,191,109,237,227,192,29,146,119,231,97,224,1,145,143,130,234,35,245,160,57,71,172,220,75,124,135,148,76,41,131,39,44,152,207,167,29,45,149,135,148,57,92,101,166,217,163,11,120,177,52,82,1,177,143,162,175,35,245,139,214,169,22,235,38,42,50,153,191,109,237,101,189,119,191,165,64,191,206,143,130,234,43,181,173,245,231,230,250,167,18,83,143,130,234,35,245,160,57,71,172,220,75,124,135,148,76,41,131,39,44,152,207,167,29,45,149,135,148,57,92,101,166,217,163,11,120,177,52,82,1,177,143,162,175,35,245,139,214,169,22,235,38,42,50,153,191,109,237,101,189,119,191,165,64,191,206,143,130,234,43
Best fitness found so far: 0.8738090492415; k: 2.0
Generation: 101; 0.8738090492415; k: 2.0; 75,10,208,183,75,191,109,237,101,242,53,146,119,129,89,224,1,145,143,130,194,55,245,160,57,32,172,220,245,160,57,215,172,220,75,124,135,39,47,214,82,101,189,105,57,178,105,220,128,156,135,148,57,243,101,166,217,163,11
Best fitness found so far: 0.8738090492415; k: 2.0
Generation: 102; 0.8738090492415; k: 2.0; 51,184,208,249,153,191,109,237,101,192,53,146,119,231,89,224,1,145,185,130,114,35,56,160,223,178,230,220,128,124,135,148,10,242,131,159,234,35,245,14,22,192,210,183,119,177,89,224,1,168,56,153,84,88,185,139,101,189,119,31,89,122,234,206,143,130,109,237,205,189,119,177,11,23,1,206,124,130,107,31,143,11,103,206,143,130,109,50,225,189,150,177,38,103,1,206,182,130,55,35,3,130,193,145
Best fitness found so far: 0.8738090492415; k: 2.0
Generation: 103; 0.8738090492415; k: 2.0; 51,184,208,249,153,191,109,237,1,29,53,146,119,231,89,224,1,145,143,130,234,35,56,170,43,178,161,220,128,124,135,148,57,214,77,166,217,217,11,120,177,23,58,1,177,194,162,175,35,119,177,89,224,1,206,143,130,100,23,233,121,245,231,230,234,64,71,139,102,101,7,51,74,167,111,18,127,31,158,166,152,207,192,29,170,218,124,57,120,246,22,192,101,10,115,234,144,245,224,186,4,59,211,172,157,244,26,189,39,139,89,177,187,185,1,191,143,103,234,160,245,139,86,1,59,86,221,13,139,35,226,180,181,231,230,130,45,210,139,62,220,16,31,22,220,57,183,113,177,59,224,1,168,56,139,243,88,245,139,101,100,22,228,217,11,103,200,143,130,109,237,225,189,164,177,38,103,1,206,143,130,234,180,245,214,35,145
Best fitness found so far: 0.8738090492415; k: 2.0
Generation: 104; 0.8738090492415; k: 2.0; 51,184,208,249,153,191,3,237,101,19,53,146,119,231,89,224,1,245,143,130,234,35,56,160,223,178,161,8,128,124,135,148,10,155,101,192,29,146,84,231,89,224,79,145,143,130,234,35,245,115,57,178,172,220,225,124,135,148,196,15,130,109,82,217,122,239,65,247,224,137,206,46,159,234,35,245,177,177,192,210,183,119,177,89,224,235,168,56,139,84,88,170,139,101,189,119,31,89,224,234,223,143,130,109,71,101,189,119,177,89,23,1,206,143,130,107,35,245,139,67,145
Best fitness found so far: 0.8738090492415; k: 2.0
Generation: 105; 0.8738090492415; k: 2.0; 51,184,208,249,153,191,109,237,101,192,53,146,119,226,139,34,121,145,143,130,234,35,56,160,43,239,161,220,128,124,135,148,57,62,169,166,217,148,11,120,177,52,36,141,53,245,188,57,178,172,220,128,148,135,148,57,243,155,166,217,163,130,12,35,245,43,188,178,172,220,44,229,39,44,152,207,44,29,180,81,173
Best fitness found so far: 0.8738090492415; k: 2.0
Generation: 106; 0.8738090492415; k: 2.0; 201,246,208,249,153,191,109,237,149,189,101,189,119,177,89,224,103,206,143,35,134,35,245,139,245,231,230,234,35,71,139,68,101,42,58,74,233,159,76,60,191,44,206,207,167,26,99,145,62,57,167,35,136,14,68,204,144,71,153,191,62,237,101,238,29,143,119,231,123,224,227,145,147,130,234,35,245,115,57,178,172,220,32,124,135,148,57,214,101,166,217,163,176,159,231
Best fitness found so far: 0.8738090492415; k: 2.0
Generation: 107; 0.8738090492415; k: 2.0; 51,184,208,249,153,191,109,237,101,249,145,146,119,231,89,224,213,145,143,130,244,35,105,103,43,178,29,153,191,102,237,177,9,74,4,206,105,130,234,80,245,139,63,76,41,229,39,59,164,19,89,224,1,82,48,139,108,178,63,126,74,192,44,185,2,175,35,119,112,89,224,1,152,1,206,143,35,245,160,57,178,172,220,128,124,135,148,57,214,101,166,217,87,11,120,89,220,58,198,177,143,198,213,35,94,177,89,224,1,206,143,240,234,23,233,139,245,96,196,128,130,109,117,80,189,158,65,89,224,166,206,143,130,234,166,33,102,245,72
Best fitness found so far: 0.8738090492415; k: 2.0
Generation: 108; 0.8738090492415; k: 2.0; 75,10,208,183,159,191,109,237,135,142,53,146,119,129,89,224,53,145,17,159,234,35,245,160,57,178,172,192,128,148,135,181,57,243,101,166,217,163,11,176,188,242,250,113,125,167,164,101,189,1,231,89,109,1,114,228,130,234,35,77,139,57,117,31,59,177,223,122,197,131,94,181,27,18,8,104,30,20,109,214,220,226,145,156,229,247,30,43,94,31,22
Best fitness found so far: 0.8738090492415; k: 2.0
Generation: 109; 0.8738090492415; k: 2.0; 51,184,208,249,153,191,109,237,101,232,145,146,193,231,89,224,213,145,143,130,234,35,56,160,43,178,105,153,246,199,115,177,9,74,4,206,105,130,184,80,245,216,63,125,41,229,39,224,1,215,79,116,233,31,131,224,103,196,40,130,109,237,101,189,119,177,89,224,1,18,143,10,234,35,245,76,201,229,237,44,152,207,204,29,45,52,218
Best fitness found so far: 0.8738090492415; k: 2.0
Generation: 110; 0.8738090492415; k: 2.0; 51,232,208,3,153,191,37,237,101,249,243,146,119,231,17,224,1,145,143,130,234,35,56,97,43,178,69,101,20,217,2,201,9,43,27,139,68,189,176,143,27,59,8,178,44,101,57,167,56,160,223,178,161,220,186,130,32,82,44,213,82,167,10,99,189,73,57,167,64,101,189,151,177,207
Best fitness found so far: 0.8738090492415; k: 2.0
Generation: 111; 0.8738090492415; k: 2.0; 75,10,208,183,29,191,109,237,221,242,53,146,119,129,89,224,1,145,143,130,234,55,245,160,57,176,172,220,245,160,57,215,172,220,75,124,135,39,47,214,250,101,189,105,65,89,224,166,206,52,130,234,35,245,34,105,163,210,183,119,177,89,224,1,168,53,146,119,231,89,224,1,160,30,130,234,35,245,160,57,178,172,144,164,181,135,148,57,243,238,96,217,163,11,120,177,52,51,57,177,143,162,175,35,245,139,214,169,210,235,38,42,50,110,101,189,41,31,194,224,103,206,143,199,71,225,16,245,14
Best fitness found so far: 0.8738090492415; k: 2.0
Generation: 112; 0.8738090492415; k: 2.0; 51,184,208,249,153,191,109,237,101,19,53,146,33,66,89,224,1,145,143,130,234,35,21,160,223,178,161,220,128,124,79,148,10,8,88,159,76,115,229,49,6,157,250,187,36,22,191,143,103,234,35,245,139,86,1,59,101,221,83,139,35,29,164,181,110,230,234,45,157,139,62,220,16,31,22,192,226,183,191,109,37,248,142,195,146,119,129,89,224,1,145,143,130,234,100,245,160,218
Best fitness found so far: 0.8738090492415; k: 2.0
Generation: 113; 0.8738090492415; k: 2.0; 75,10,208,183,29,191,109,237,233,242,53,237,101,192,53,146,119,231,89,224,95,145,143,130,234,35,245,150,57,178,172,69,128,222,135,148,57,243,116,166,217,163,11,120,177,52,206,192,130,234,23,122,139,245,149,196,128,130,109,82,101,189,105,65,14,224,166,206,52,130,234,35,245,159,22,163,210,183,119,205,89,224,1,168,56,139,84,88,185,130,101,189,119,31,89,224,234,206,143,130,109,237,101,189,119,213,89,23,137,234,143,130,16,35,64,139,67,145
Best fitness found so far: 0.8738090492415; k: 2.0
Generation: 114; 0.8738090492415; k: 2.0; 51,184,208,249,153,191,9,237,101,192,53,146,79,226,89,224,1,145,173,130,234,35,6,160,19,178,161,181,128,124,205,148,57,62,101,166,233,163,11,120,128,52,157,198,177,185,162,175,35,119,177,89,224,1,184,1,206,143,167,249,35,101,132,245,234,35,245,139,124,76,6,129,35,104,4,104,170,71,139,68,42,144,11,147,233,159,204,245,139,120,177,195,146,1,177,101,162,175,35,245,139,214,169,210,144,38,7,152,139,50,189,41,31,45,224,103,206,190,177,52,58,1,215,143,198,50,7,119,13,89,35,1,192,143,130,234,23,62,139,152,36,242,128,130,109,118,101,189,105,65,22,224,219,206,143,137,234,35,245,53,21,116,124,121,119,177,89,224,237,36,56,225,65,44,185,139,101,189,119,88,69,65,234,206,143,130,109,237,205,244,119,165,44,23,1,206,153,130,107,35,245,147,67,68
Best fitness found so far: 0.8738090492415; k: 2.0
Generation: 115; 0.8738090492415; k: 2.0; 250,10,208,249,217,191,109,237,85,192,29,146,119,231,89,224,1,145,143,130,234,35,245,120,13,178,172,220,128,135,135,148,57,214,101,166,217,163,11,120,64,59,184,1,177,180,198,175,35,119,177,89,224,1,206,143,130,234,23,233,139,245,231,95,128,130,192,228,193,195,177,57,60,246,22,192,101,35,242,234,144,245,224,222,4,59,120,186,133,59,24,158,157,60,26,245,39,139,89,224,131,33,143,156,5,136,74,139,68,189,176,143,27,154,8,39,44,152,150,167,150,45,52,249,63,191,109,239,101,36,119,177,89,224,1,212,143,130,234,35,205,174,145,242,147,101,138,201,226,135,27,242,139,208,122
Best fitness found so far: 0.8738090492415; k: 2.0
Generation: 116; 0.8738090492415; k: 2.0; 51,10,208,249,153,191,109,237,101,192,29,146,119,231,89,224,227,145,143,130,234,35,245,179,57,178,172,220,128,126,135,148,196,15,250,109,82,217,143,130,234,35,245,150,57,178,172,89,128,148,135,148,57,243,101,166,217,163,11,120,177,52,112,233,130,234,23,122,139,245,231,196,128,130,109,110,101,189,105,65,89,224,166,29,63,130,234,35,245,159,22,163,210,183,119,177,89,224,1,168,56,139,84,88,185,139,101,189,119,31,89,224,234,118,143,130,109,237,219,189,119,213,89,23,137,206,143,130,107,35,245,124,67,145
Best fitness found so far: 0.8738090492415; k: 2.0
Generation: 117; 0.8738090492415; k: 2.0; 113,125,167,192,99,7,233,231,113,125,167,192,101,189,119,231,25,125,167,192,101,189,119,231,89,109,1,206,61,130,234,35,77,139,31,117,130,64,218,6,193,188,196,194,8,167,85,151,8,200,135,148,57,243,101,130,112,35,76,104,132,99,85,177,89,183,1,216,143,202,234,63,233,14,173,204,144,71,52,191,62,237,101,192,148,146,119,231,123,224,227,145,104,130,33,35,245,115,57,178,172,220,128,10,135,148,57,67,101,166,217,130,176,159,74,167,192,101,189,119,231,25,125,167,192,101,189,119,231,89,109,1,206,61,130,234,35,77,139,31,117,130,64,218,6,193,188,196,194,8,167,85,151,8,200,135,148,57,243,101,130,112,35,76,104,132,99,85,177,89,183,1,216,143,202,234,63,233,14,173,204,144,71,52,191,62,237,101,192,148,146,119,231,123,224,227,145,104
Best fitness found so far: 0.8738090492415; k: 2.0
Generation: 118; 0.8738090492415; k: 2.0; 51,10,208,249,153,191,109,237,101,192,53,146,119,231,89,224,89,145,143,130,234,35,245,160,57,178,172,220,128,124,135,148,57,214,101,178,217,163,11,99,177,52,58,1,177,143,162,175,35,119,177,89,224,131,206,143,130,234,23,233,139,245,231,230,234,35,71,139,16,101,7,67,74,167,111,18,221,139,39,166,152,207,167,29,170,195,124,57,120,139,22,192,101,10,115,234,144,245,224,186,4,59,220,172,157,60,26,189,39,139,89,224,1,115,143,173,84,35,245,98,94,106,1,27,143,202,234,35,233,14,68,204,144,71,153,191,62,237,101,192,29,146,41,231,123,224,227,145,143,130,234,35,245,115,57,178,172,220,128,124,135,148,57,214,101,166,55,163,176,159,231
Best fitness found so far: 0.8738090492415; k: 2.0
Generation: 119; 0.8738090492415; k: 2.0; 69,10,208,36,135,191,109,237,101,192,167,146,119,231,89,224,1,145,143,130,234,35,185,107,130,234,35,23,139,245,129
Best fitness found so far: 0.8738090492415; k: 2.0
Generation: 120; 0.8738090492415; k: 2.0; 51,184,208,249,153,191,109,237,101,249,145,146,119,231,89,224,213,145,143,130,234,35,56,160,43,178,169,153,191,109,237,177,12,74,99,206,105,130,121,80,95,93,169,238,143,198,175,35,119,177,230,224,64,206,143,130,234,23,233,139,245,231,196,128,130,80,241,77,189,158,225,89,224,166,206,166,130,49,35,245,9,245,121
Best fitness found so far: 0.8738090492415; k: 2.0
Generation: 121; 0.8738090492415; k: 2.0; 51,184,208,249,153,191,109,237,101,249,145,146,119,161,89,224,1,145,143,130,234,35,56,160,43,178,47,153,191,109,237,177,9,127,4,206,143,130,234,80,245,139,63,101,200,143,149,149,210,136,143,130,234,35,245,160,208,178,172,220,128,148,135,148,57,243,101,130,10,75,36,104,132,99,99,177,94,106,1,206,143,36,234,35,233,99,68,204,144,71,153,191,62,237,101,192,29,146,119,231,123,224,227,145,143,130,234,35,245,115,57,178,172,54,128,124,135,148,57,214,101,166,179,163,176,159,231
Best fitness found so far: 0.8738090492415; k: 2.0
Generation: 122; 0.8738090492415; k: 2.0; 75,10,208,183,159,166,109,237,101,142,53,146,119,231,89,219,1,55,15,130,228,35,245,188,57,120,139,220,128,149,135,188,104,243,101,166,119,177,89,224,1,206,177,130,234,35,245,93,41,146,7,44,192,190,189,119,231,167,224,237,178,72,112,234,35,141,139,153,191,62,237,101,192,148,146,130,231,123,224,227,39,104,130,124,35,245,115,57,199,172,62,63,191,109,239,101,36,119,177,89,224,1,212,143,130,234,35,205,174,145,242,147,101,138,201,226,40,27,242,139,208,122
Best fitness found so far: 0.8738090492415; k: 2.0
Generation: 123; 0.8738090492415; k: 2.0; 51,10,208,249,153,191,109,237,101,192,29,146,119,231,89,224,1,145,143,130,234,35,245,160,57,178,172,220,75,124,135,223,57,214,101,151,210,204,190,41,177,233,58,1,177,143,198,175,7,119,13,89,224,1,206,143,130,234,23,62,139,245,231,196,190,185,120,231,167,224,1,32,116,239,71,139,16,101,94,11,74,89,111,66,234,201,181,166,152,207,59,184,99,242,62,57,232,211,213,224,101,129,73,234,85,84,188,215,206,160,192,161,31,89,224,103,196,86,89,109,237,1,206,143,35,205,35,118,139,236,231,190,138,35,71,139,68,174,246,10,74,233,159,76,182,229,44,206,207,167,26,78,211,62,57,167,156,101,189,216,177,207,152,76,41,229,39,44,192,190,185,120,231,167,224,1,32,116,148,71,139,16,101,94,11,74,89,111,66,234,201,39,166,152,207,59,184,99,242,62,57,232,205,213,224,101,129,73,234,85,242,188,215,4,160,192,161,31,43,224,103,196,143,89,109,97,9,206,143,35,205,35,118,139,236,231,190,142,35
Best fitness found so far: 0.8738090492415; k: 2.0
Generation: 124; 0.8738090492415; k: 2.0; 75,10,208,183,159,191,109,237,101,142,53,146,119,231,89,219,1,55,15,130,234,35,180,188,57,247,229,228,39,109,166,101,142,53,146,38,231,89,224,1,145,143,103,234,35,245,160,57,243,101,130,112,75,50,104,132,99,99,177,94,106,1,206,143,230,234,35,71,139,68,204,144,71,31,3,250,176,188,177,246,217,136,209,226,154,27,63,154,207,112,70,31,22
Best fitness found so far: 0.8738090492415; k: 2.0
Generation: 125; 0.8738090492415; k: 2.0; 230,170,58,213,233,31,131,224,157,196,197,130,109,237,101,3,57,177,79,224,37,206,177,240,234,35,152,76,41,229,39,44,192,190,189,120,231,167,224,1,145,143,130,234,35,224,112,107,164,196,220,128,148,135,148,57,223,101,130,112,75,36,65,132,99,99,177,246,106,1,206,143,230,234,35,71,139,68,204,144,71,31,80,130,176,188,177,246,217,136,201,226,135,27,108,98,207,112,70,31,22
Best fitness found so far: 0.8738090492415; k: 2.0
Generation: 126; 0.8738090492415; k: 2.0; 201,246,208,249,153,191,109,237,101,189,101,189,119,177,89,224,1,206,143,35,134,35,245,139,245,231,230,152,35,71,139,68,48,59,244,178,118,119,177,52,201,1,227,143,162,249,225,245,139,167,169,210,53,196,42,7,63,188,1,206,85,35,22,132,99,170,71,68,68,101,134,83,139,18,240,154,220,177,223,135,148,57,94,181,130,217,5,193,9,35,134,83,139
Best fitness found so far: 0.8738090492415; k: 2.0
Generation: 127; 0.8738090492415; k: 2.0; 51,10,208,249,153,191,109,237,101,192,215,146,119,106,89,224,1,145,143,130,234,35,245,150,57,178,172,84,247,124,135,148,57,214,101,232,168,163,11,120,177,61,58,1,226,143,162,175,35,119,64,241,76,1,63,143,130,234,23,233,139,245,231,230,234,35,71,139,92,101,7,67,74,134,111,18,41,139,39,166,152,207,94,29,170,195,175,164,120,246,22,57,101,10,126,234,144,245,224,186,4,59,220,185,157,1,206,143,130,45,35,245,139,245,145
Best fitness found so far: 0.8738090492415; k: 2.0
Generation: 128; 0.8738090492415; k: 2.0; 69,10,208,36,135,191,109,237,101,192,167,146,119,231,89,224,1,145,143,130,234,35,245,195,124,57,120,246,22,192,101,10,115,234,144,245,224,222,4,59,166,172,157,60,26,86,39,159,89,174,1,115,143,12,5,136,245,139,68,159,176,143,232,59,8,57,44,114,164,167,29,45,52,218
Best fitness found so far: 0.8738090492415; k: 2.0
Generation: 129; 0.8738090492415; k: 2.0; 75,10,208,183,159,191,109,237,101,137,53,146,119,231,89,224,1,145,143,130,234,35,245,160,57,178,172,220,128,148,135,148,39,243,101,166,217,163,11,176,188,242,250,101,136,201,119,172,89,128,148,135,148,57,75,101,166,217,163,11,120,177,52,206,143,130,234,23,122,19,245,231,196,128,130,109,82,101,189,105,65,32,224,166,206,52,130,246,35,245,159,22,163,210,183,119,125,18,224,1,168,56,139,84,88,185,139,101,189,119,31,38,224,234,206,143,130,109,237,101,189,119,213,89,23,137,206,143,130,126,35,245,139,193,145
Best fitness found so far: 0.8738090492415; k: 2.0
Generation: 130; 0.8738090492415; k: 2.0; 51,10,208,249,153,191,109,237,101,179,19,146,119,231,89,224,227,145,143,130,234,35,245,115,57,178,172,220,182,130,108,35,3,176,35,145
Best fitness found so far: 0.8738090492415; k: 2.0
Generation: 131; 0.8738090492415; k: 2.0; 40,204,208,249,153,191,109,237,101,192,53,146,129,231,89,224,1,145,143,130,234,35,245,150,57,178,172,89,128,148,135,148,57,243,101,166,217,163,11,120,177,68,206,143,130,234,23,122,139,245,231,196,128,130,109,82,16,189,105,65,89,224,166,206,52,130,234,35,245,159,22,163,210,183,119,177,89,224,1,168,68,139,80,245,139,63,76,41,229,39,39,164,19,89,224,1,82,48,139,231,178,63,126,74,192,177,185,162,32,143,119,177,89,224,1,152,1,206,143,250,52,90,245,139,245,145
Best fitness found so far: 0.8738090492415; k: 2.0
Generation: 132; 0.8738090492415; k: 2.0; 51,184,208,249,153,191,109,237,101,19,53,146,119,231,89,224,1,145,143,130,234,35,56,160,223,178,161,220,128,124,135,207,10,232,218,159,76,115,229,49,6,165,177,187,36,1,191,143,103,186,35,245,139,86,1,59,101,221,83,139,35,226,164,193,231,230,234,45,210,125,133,107,178,172,158,128,148,135,116,57,243,101,12,112,75,36,59,10,74,25,242,76,41,229,44,206,207,167,130,99,211,62,57,197,95,145,189,119,231,229,125,167,197,101,189,89,231,89,109,1,206,61,130,234,35,77,125,57,112,130,178,35,71,235,139,225,178,189
Best fitness found so far: 0.8738090492415; k: 2.0
Generation: 133; 0.8738090492415; k: 2.0; 113,125,167,192,99,7,233,231,113,125,167,192,101,189,119,231,25,125,167,192,101,189,119,231,89,109,1,206,95,130,234,35,77,139,57,117,130,64,35,6,193,61,196,194,8,104,180,195,109,109,201,4,145,83,129,148,101,20,217,2,241,9,43,93,63,76,41,229,39,96,88,19,243,224,1,206,48,237,108,178,63,126,74,192,53,159,75,192,78,44,205,99,167,85,70,180,229,159,191,109,237,101,142,142,82,119,231,89,224,1,145,143,103,234,35,245,160,57,178,172,159,189,148,213,148,57,243,101,166,217,163,74,236,188,242,250,101,136,201,226,135,27,242,212,208,145
Best fitness found so far: 0.8738090492415; k: 2.0
Generation: 134; 0.8738090492415; k: 2.0; 51,184,208,249,153,191,109,237,101,192,53,146,119,231,89,224,1,145,143,130,234,35,56,160,43,119,161,220,128,124,135,148,175,26,101,166,217,163,11,120,177,52,58,1,177,194,162,183,191,109,237,101,92,29,146,119,231,89,224,1,145,231,130,234,35,138,160,57,178,172,220,75,12,191,148,57,214,186,151,217,163,11,120,201,248,58,1,177,143,119,175,7,159,59,89,224,1,119,143,20,234,23,62,139,245,231,196,128,130,109,82,101,241,105,65,89,224,166,206,143,130,234,35,245,177,22,192,210,183,119,177,89,224,1,168,56,139,84,88,185,146,101,189,119,31,68,224,234,169,143,130,109,237,101,189,123,177,89,24,1,206,143,13,166,217,163,176,159,231
Best fitness found so far: 0.8738090492415; k: 2.0
Generation: 135; 0.8738090492415; k: 2.0; 40,250,208,249,153,191,109,237,101,192,53,146,119,231,89,224,1,145,143,130,234,35,245,150,57,178,172,89,128,148,135,148,57,243,101,87,217,163,11,120,177,52,206,143,130,234,4,122,139,245,231,196,128,130,109,82,101,189,105,65,34,224,237,101,34,119,177,125,224,239,206,143,145,234,35,29,139,129,231,230,234,35,71,5,16,101,7,216,74,233,128,230,41,228,39,166,152,207,167,29,228,195,62,81,120,246,22,78,101,23,115,98,85,201,224,57,141,91,220,172,157,241,4,189,39,139,89,224,1,115,143,226,84,35,245,139,154,189,176,35,245,76,41,229,39,37,152,207,167,29,45,172,218
Best fitness found so far: 0.8738090492415; k: 2.0
Generation: 136; 0.8738090492415; k: 2.0; 75,10,208,183,159,191,109,237,101,142,53,146,119,231,43,219,1,55,15,130,234,35,245,188,57,178,172,220,128,84,135,152,57,243,101,166,177,89,132,1,206,30,130,234,231,206,139,245,90
Best fitness found so far: 0.8738090492415; k: 2.0
Generation: 137; 0.8738090492415; k: 2.0; 51,184,208,249,153,191,3,92,101,19,53,146,119,231,89,224,1,245,143,130,234,35,56,160,223,178,161,130,15,124,135,148,10,210,88,159,76,115,229,185,6,165,46,187,36,243,191,143,103,234,86,101,189,119,231,89,109,102,109,83,102,234,248,77,229,57,117,130,190,35,192,193,61,165,18,40,104,180,195,154,109,157,120,145,83,129,207,101,76,150,18,187,104,105,195,109,109,36,227,145,191,130,124,35,245,115,57,178,172,221,215,124,135,148,184,214,101,166,152,163,176,159,231
Best fitness found so far: 0.8738090492415; k: 2.0
Generation: 138; 0.8738090492415; k: 2.0; 51,10,208,249,153,226,109,237,101,192,53,146,119,231,89,224,1,145,143,130,234,35,140,160,57,178,172,211,128,124,135,148,57,214,243,166,217,35,11,120,177,71,174,1,177,143,85,175,35,119,177,89,224,1,206,143,130,234,23,233,139,245,231,230,234,35,71,139,16,101,7,67,74,167,111,18,41,88,39,166,152,207,167,29,170,195,53,57,120,246,22,192,101,10,115,238,144,245,224,186,4,59,220,172,157,18,26,189,39,139,89,224,1,115,143,156,84,35,245,139,68,189,176,143,27,18,8,104,148,20,109,214,229,226,145,27,84,247,247,112,70,31,52,130,234,35,245,159,22,163,210,108,239,177,89,224,1,168,56,139,84,88,185,139,101,189,119,31,89,224,234,206,143,130,109,237,101,189,119,213,89,3,137,206,143,130,107,35,245,139,67,145
Best fitness found so far: 0.8738090492415; k: 2.0
Generation: 139; 0.8738090492415; k: 2.0; 75,10,208,183,159,191,109,237,205,142,53,146,163,154,237,224,1,145,143,130,234,35,154,160,57,178,172,220,128,148,217,148,57,243,205,166,217,37,11,88,215,242,208,11,136,12,226,135,109,237,101,142,130,146,119,231,159,224,43,7,233,231,113,125,167,192,101,189,124,231,25,26,167,192,101,189,119,231,89,56,147,206,88,141,234,35,207,139,57,117,130,64,184,6,193,227,140,194,8,104,121,195,80,109,201,4,241,83,184,163,101,20,68,2,246,9,43,27,123,166,43,250,239,224,188
Best fitness found so far: 0.8738090492415; k: 2.0
Generation: 140; 0.8738090492415; k: 2.0; 51,184,208,81,153,191,109,237,101,249,145,146,119,231,89,224,213,145,143,130,234,35,154,160,43,178,29,153,191,214,101,232,217,142,11,120,177,61,169,1,177,143,162,175,35,119,177,89,195,1,206,143,130,234,23,233,139,245,231,230,234,35,71,139,16,7,7,67,74,81,111,18,41,139,39,166,152,28,94,29,170,195,56,57,56,246,22,57,101,10,126,234,144,245,224,186,4,59,220,172,157,60,74,30,159,76,41,139,39,44,152,207,167,29,13,32,62,190,30,246,22,192,101,189,119,177,89,212,1,168,19,156,84,103,79,139,101,53,78,31,194,226,103,206,143,130,71,95,76,245,239
Best fitness found so far: 0.8738090492415; k: 2.0
Generation: 141; 0.8738090492415; k: 2.0; 173,184,208,249,153,191,109,237,101,19,53,146,119,231,89,224,1,145,143,220,234,35,56,160,206,163,161,220,128,136,79,148,84,5,88,159,76,115,229,49,6,165,177,187,36,22,146,143,103,234,35,245,29,3,1,158,101,221,220,128,124,135,148,57,214,101,166,217,87,88,120,89,52,58,1,177,143,198,213,35,94,177,89,224,1,206,143,240,234,23,233,139,245,231,196,128,130,109,117,80,189,158,65,89,224,166,206,143,130,234,170,33,102,245,72
Best fitness found so far: 0.8738090492415; k: 2.0
Generation: 142; 0.8738090492415; k: 2.0; 51,10,208,249,153,191,109,137,101,192,11,146,119,231,89,224,1,145,143,130,234,35,245,160,57,178,172,220,35,124,135,153,191,109,237,101,192,53,146,119,231,89,141,1,145,143,130,234,35,245,160,57,178,172,220,128,124,135,148,57,214,101,166,217,163,143,176,37,52,58,1,177,143,162,175,35,119,177,89,224,1,206,143,130,234,23,233,139,245,231,230,234,35,223,139,87,101,7,67,74,167,111,18,41,139,39,166,152,207,167,29,170,195,124,57,120,246,22,192,101,10,115,233,144,245,224,186,4,59,220,172,157,8,26,189,39,139,89,224,123,115,143,156,84,104,245,139,68,189,176,143,27,147,8,104,148,20,109,214,229,226,145,27,229,247,247,112,70,31,185,29,170,195,124,57,120,246,22,192,101,10,115,233,144,245,224,186,4,59,220,172,157,8,26,189,39,139,89,224,123,115,143,156,84,104,245,139,68,189,176,143,27,147,8,104,148,20,109,214,229,226,145,27,229
Best fitness found so far: 0.8738090492415; k: 2.0
Generation: 143; 0.8738090492415; k: 2.0; 113,125,167,192,99,7,91,231,113,125,167,192,101,189,119,231,25,125,167,192,101,189,119,231,89,109,1,206,61,130,234,35,77,139,57,117,92,64,35,6,193,61,196,194,8,104,180,195,109,109,201,4,145,83,129,163,101,74,217,2,195,9,43,27,227,40,43,250,194,197,188,125,167,192,99,7,91,231,113,125,167,192,101,189,119,231,25,125,167,192,101,189,119,231,89,109,1,206,61,130,234,35,77,139,57,117,92,64,35,6,193,61,196,194,8,104,180,195,109,109,201,4,145,83,129
Best fitness found so far: 0.8738090492415; k: 2.0
Generation: 144; 0.8738090492415; k: 2.0; 69,10,208,249,135,191,109,237,101,192,53,146,119,231,89,224,1,145,143,130,12,35,245,160,57,178,172,220,44,11,2,188,57,178,29,48,139,108,178,63,126,74,192,53,245,188,57,178,172,220,128,148,135,32,57,243,101,166,217,163,82
Best fitness found so far: 0.8738090492415; k: 2.0
Generation: 145; 0.8738090492415; k: 2.0; 69,10,208,249,135,191,109,237,101,192,53,146,119,231,89,224,1,145,143,130,234,35,246,160,57,178,172,220,44,206,207,167,26,99,189,62,57,167,64,245,160,217,178,172,220,44,92,39,44,152,207,167,29,150,81,218
Best fitness found so far: 0.8738090492415; k: 2.0
Generation: 146; 0.8738090492415; k: 2.0; 51,10,208,249,153,191,109,237,101,192,29,146,119,231,89,224,1,145,143,130,234,35,245,160,57,178,172,220,128,61,170,148,57,214,101,166,217,163,11,120,177,52,233,1,177,180,198,175,35,119,177,89,224,1,206,143,130,234,23,233,139,224,166,206,143,130,234,35,245,9,245,145
Best fitness found so far: 0.8738090492415; k: 2.0
Generation: 147; 0.8738090492415; k: 2.0; 69,90,58,213,233,31,131,224,103,196,197,130,109,237,101,3,119,177,89,224,1,206,177,130,234,35,152,76,65,67,39,44,192,225,189,120,231,167,11,1,206,116,194,71,139,16,101,7,11,74,89,228,66,234,112,139,245,53,230,234,35,71,93,68,101,32,10,197,233,159,76,40,90,184,44,152,207,167,8,192,52,218
Best fitness found so far: 0.8738090492415; k: 2.0
Generation: 148; 0.8738090492415; k: 2.0; 51,244,208,249,213,191,109,237,101,19,53,146,119,231,89,224,1,145,133,130,234,35,76,160,223,178,161,220,128,124,79,148,10,232,88,159,76,115,229,49,6,11,120,177,52,184,1,228,143,198,175,35,65,177,89,224,1,150,143,130,234,23,233,139,245,231,196,128,130,109,237,101,189,158,65,89,224,166,206,42,130,234,35,245,240,245,145
Best fitness found so far: 0.8738090492415; k: 2.0
Generation: 149; 0.8738090492415; k: 2.0; 51,184,208,249,153,191,109,237,101,19,53,146,119,231,89,224,1,145,143,130,234,35,56,160,206,163,161,154,128,136,79,148,84,5,88,159,76,115,229,179,6,165,177,187,36,50,146,226,103,234,206,143,130,234,80,245,139,63,101,225,143,149,149,210,136,130,32,39,44,35,189,129,177,89,111,1,206,143,230,192,35,245,158,245,53,230,234,35,71,93,68,101,32,147,197,233,159,76,40,90,184,44,152,207,167,8,192,52,218
Best fitness found so far: 0.8738090492415; k: 2.0
Generation: 150; 0.8738090492415; k: 2.0; 51,10,208,249,183,191,109,237,101,119,29,146,119,231,89,224,1,145,231,130,234,35,138,160,57,178,172,220,75,211,77,153,191,214,85,151,217,204,11,45,201,52,58,1,171,184,208,249,153,46,109,237,101,249,145,146,119,231,87,224,213,145,172,130,66,35,105,160,43,178,29,153,191,122,197,177,243,74,148,135,148,148,10,232,88,66,76,116,229,49,6,165,177,89,36,1,191,143,103,234,35,245,139,86,1,59,101,152,83,139,151,178,98,211,177,223,135,148,57,94,181,187,217,163,193,9,35
Best fitness found so far: 0.8738090492415; k: 2.0
Generation: 151; 0.8738090492415; k: 2.0; 40,204,208,36,153,191,109,237,101,192,53,146,119,231,89,224,1,145,185,130,234,35,66,150,57,178,172,238,128,143,135,148,57,243,101,166,217,163,11,120,177,52,206,143,130,234,23,27,139,245,231,196,128,130,109,82,101,189,105,232,89,224,166,137,52,130,234,35,245,159,22,224,210,183,119,177,89,224,1,168,56,242,84,88,153,139,101,189,119,31,89,13,168,224,1,192,143,130,234,23,62,139,179,231,196,128,130,109,82,101,189,105,65,22,208,219,206,143,130,234,35,245,53,22,192,210,121,119,177,89,224,1,168,56,139,84,44,185,139,101,189,119,31,69,224,234,140,143,196,109,16,205,189,119,165,89,23,1,206,153,130,126,35,245,147,67,74
Best fitness found so far: 0.8738090492415; k: 2.0
Generation: 152; 0.8738090492415; k: 2.0; 51,135,208,249,153,191,109,237,101,249,145,146,65,231,89,224,185,145,143,130,234,35,106,160,43,178,29,153,191,39,237,177,9,74,99,206,105,130,121,197,95,93,63,76,41,229,39,189,88,19,243,224,1,206,48,237,115,178,63,219,74,192,53,47,75,159,78,44,8,197,167,85,59,8,148,135,148,57,100,101,130,112,35,76,10,132,99,85,177,89,74,1,206,143,202,234,9,233,14,68,167,144,71,52,191,62,237,101,36,148,146,26,231,123,224,227,145,104,130,33,35,89,224,1,26,143,19,195,35,56,160,43,178,69,101,20,217,2,50,9,43,27,123,166,43,59,177
Best fitness found so far: 0.8738090492415; k: 2.0
Generation: 153; 0.8738090492415; k: 2.0; 51,137,208,249,153,191,109,237,101,249,145,51,119,181,89,114,213,145,143,130,234,35,75,160,43,178,29,153,202,39,237,177,9,74,99,206,105,130,121,197,95,93,63,76,41,32,39,189,88,19,243,224,1,206,48,88,115,178,63,219,74,192,53,159,75,159,78,44,152,197,167,85,70,8,148,135,148,57,50,101,130,112,35,76,104,132,99,85,222,89,183,1,206,143,202,234,63,233,14,68,97,144,71,52,191,62,228,101,192,148,39,119,231,123,224,100,230,234,35,71,139,16,101,221,231,74,167,111,18,41,139,158,85,152,207,192,29,170,195,124,57,120,246,22,192,101,30,115,80,144,75,224,44,133,59,220,158,157,60,26,189,39,139,89,224,29,99,143,156,80,136,245,139,68,189,176,143,27,154,8,39,44,152,150,167,29,45,52,249,63,191,244,239,33,36,119,177,89,224,119,212,143,130,186,35,205,174,228,242,147,101,138,160,226,135,27,242,139,208,15
Best fitness found so far: 0.8738090492415; k: 2.0
Generation: 154; 0.8738090492415; k: 2.0; 51,184,208,249,153,191,109,237,101,192,53,146,119,226,89,224,1,145,73,130,234,35,203,17,224,1,145,143,130,152,35,56,160,43,178,69,101,20,217,2,201,9,43,27,139,68,171,176,143,27,178,8,57,199,114,34,167,29,45,104,218
Best fitness found so far: 0.8738090492415; k: 2.0
Generation: 155; 0.8738090492415; k: 2.0; 51,184,208,249,153,191,109,237,101,19,53,146,119,231,89,224,1,145,143,130,234,35,56,160,223,178,237,220,128,213,135,148,10,232,88,159,76,115,229,49,6,70,177,187,36,1,191,143,103,234,35,245,139,191,1,59,101,221,83,139,35,226,164,165,231,230,234,45,210,139,62,220,16,136,65,4,206,143,130,234,80,245,139,63,101,200,143,149,197,210,48,130,32,39,44,210,189,119,177,89,111,1,149,143,35,192,35,245,139,230,53,230,234,35,71,105,68,101,32,10,197,233,159,76,40,90,184,44,89,195,167,8,192,95,218
Best fitness found so far: 0.8738090492415; k: 2.0
Generation: 156; 0.8738090492415; k: 2.0; 28,184,208,249,153,191,109,237,101,192,53,146,119,231,89,224,1,145,143,130,234,35,56,160,131,178,161,220,186,63,32,82,44,162,190,160,234,35,71,5,16,101,6,216,74,207,128,47,41,139,39,166,65,207,250,29,228,195,62,91,120,246,22,192,101,189,206,234,85,201,224,57,141,79,220,188,71,241,185,172,89,128,148,135,148,57,243,101,166,13,163,11,120,177,52,82,1,177,85,162,175,48,180,66,214,169,43,235,38,42,50,153,237,109,237,101,189,119,88,165,64,97,206,143,130,234,35,31,173,181,231,230,16,167,18,83
Best fitness found so far: 0.8738090492415; k: 2.0
Generation: 157; 0.8738090492415; k: 2.0; 51,10,208,249,153,191,109,237,101,192,29,146,119,231,89,224,227,145,143,130,234,35,245,169,57,178,172,220,128,124,135,148,196,15,130,109,82,217,122,100,65,247,224,84,206,143,130,234,35,245,31,22,192,210,183,119,177,89,224,199,168,4,53,146,119,162,94,224,71,145,143,130,149,35,56,160,163,178,161,220,128,124,135,148,57,62,169,166,217,163,11,120,83,52,58,141,53,245,188,57,178,172,220,128,148,135,148,57,200,101,166,217,163,11,2,188,57,158,29,48,139,108,178,63,126,74,86,53,245,66,57,178,172,20,128,156,135,148,57,243,101,166,217,163,11
Best fitness found so far: 0.8738090492415; k: 2.0
Generation: 158; 0.8738090492415; k: 2.0; 51,10,208,249,153,191,109,237,101,30,53,146,119,231,89,224,1,147,143,130,234,35,245,160,107,178,172,220,175,249,135,148,57,243,101,130,112,75,36,104,132,99,99,177,94,106,1,206,143,202,234,35,233,159,68,204,144,71,160,43,12,57,163,84,166,217,1,11,176,188,57,10,29
Best fitness found so far: 0.8738090492415; k: 2.0
Generation: 159; 0.8738090492415; k: 2.0; 75,10,208,183,159,191,109,237,101,142,53,146,119,231,89,219,1,55,15,130,228,35,245,188,57,178,237,220,128,148,249,148,233,2,113,237,68,101,87,167,225,189
Best fitness found so far: 0.8738090492415; k: 2.0
Generation: 160; 0.8738090492415; k: 2.0; 51,10,208,249,153,191,109,237,101,192,53,146,119,231,89,224,1,145,23,130,234,35,26,160,76,178,169,220,128,148,135,148,57,243,101,166,217,163,80,120,177,52,226,14,177,143,162,175,35,245,139,214,169,210,144,55,42,50,139,101,189,41,31,194,224,103,206,190,177,4,58,1,177,143,198,175,7,119,13,89,224,1,192,143,130,234,23,237,90,192,53,146,119,231,89,224,96,145,143,130,12,35,245,160,57,178,172,220,44,229,39,58,152,207,167,29,180,81,218
Best fitness found so far: 0.8738090492415; k: 2.0
Generation: 161; 0.8738090492415; k: 2.0; 170,184,208,249,153,191,109,237,101,249,145,146,119,231,89,54,1,145,223,130,234,35,56,123,43,35,91,139,11,204,144,71,31,80,250,176,188,177,246,217,136,201,226,135,27,96,154,207,112,70,31,22
Best fitness found so far: 0.8738090492415; k: 2.0
Generation: 162; 0.8738090492415; k: 2.0; 69,10,208,249,135,191,109,237,143,192,53,146,119,231,89,224,223,145,143,130,234,35,245,160,57,178,172,220,128,124,135,148,121,62,101,166,217,163,11,120,177,52,58,1,3,185,76,175,35,119,83,89,92,1,206,1,206,143,219,234,35,245,139,245,145
Best fitness found so far: 0.8738090492415; k: 2.0
Generation: 163; 0.8738090492415; k: 2.0; 51,10,208,249,153,191,3,237,101,192,29,146,119,231,89,224,227,145,143,130,234,35,125,167,192,101,189,1,231,89,109,1,114,228,130,234,35,77,139,57,117,31,172,177,223,122,53,131,94,181,27,18,8,22,148,20,109,214,220,226,145,156,229,247,247,43,94,31,22
Best fitness found so far: 0.8738090492415; k: 2.0
Generation: 164; 0.8738090492415; k: 2.0; 75,10,208,183,159,191,109,237,101,142,53,146,163,231,237,224,1,145,143,130,234,35,152,160,57,223,57,214,101,151,210,204,11,120,177,233,58,1,177,143,198,175,7,119,13,89,224,1,206,143,130,234,23,62,139,245,231,196,128,130,109,82,101,189,105,65,89,31,166,206,143,130,234,35,245,31,22,192,210,183,35,56,117,43,178,78,153,191,109,237,19,176,119,177,15,224,1,206,249,35,234,162,121,139,245,231
Best fitness found so far: 0.8738090492415; k: 2.0
Generation: 165; 0.8738090492415; k: 2.0; 201,246,208,249,185,191,109,237,101,189,101,189,119,177,89,224,1,206,143,35,134,35,118,139,236,231,190,234,35,71,247,68,174,59,10,74,233,159,76,41,229,44,206,207,167,26,99,118,62,139,208,145
Best fitness found so far: 0.8738090492415; k: 2.0
Generation: 166; 0.8738090492415; k: 2.0; 3,184,208,249,153,191,109,237,101,249,145,146,119,231,89,224,1,145,143,130,234,35,56,225,43,7,233,231,113,125,167,192,101,189,119,231,25,239,167,192,101,121,119,231,103,109,147,206,61,130,234,161,207,139,57,117,130,64,35,6,193,61,140,194,8,104,180,195,80,109,201,4,145,83,184,80,32,176,63,192,246,217,136,201,43,45,27,63,154,207,173,70,31,22
Best fitness found so far: 0.8738090492415; k: 2.0
Generation: 167; 0.8738090492415; k: 2.0; 51,137,208,249,153,191,109,237,101,249,71,146,119,231,89,224,1,145,143,130,234,35,56,160,153,191,109,237,101,192,53,146,47,231,89,53,1,145,185,130,234,35,56,160,223,178,230,220,128,124,135,148,10,232,116,159,234,35,245,53,22,194,210,183,119,99,89,224,1,168,56,153,84,20,185,139,101,56,119,31,89,122,234,206,31,130,109,237,205,189,119,177,11,23,1,206,124,130,107,59,245,147,67,74
Best fitness found so far: 0.8738090492415; k: 2.0
Generation: 168; 0.8738090492415; k: 2.0; 51,244,208,249,9,51,109,227,101,19,53,146,119,231,89,224,1,145,143,130,234,35,21,160,206,163,161,220,128,136,79,148,188,5,88,159,76,115,229,117,6,165,177,187,36,22,146,143,103,234,35,245,29,86,1,59,101,221,83,160,35,226,164,144,72,230,234,45,157,139,62,220,16,162,22,192,226,183,191,109,237,101,142,195,189,119,129,89,224,27,145,143,130,234,100,245,160,57,178,172,220,128,238,135,38,37,165,92,166,217,163,11,176,80,242,250,113,125,167,192,104,189,213,231,65,109,1,114,228,130,179,35,77,139,57,117,31,22
Best fitness found so far: 0.8738090492415; k: 2.0
Generation: 169; 0.8738090492415; k: 2.0; 51,184,208,249,153,191,109,237,101,192,53,96,119,226,139,224,55,145,143,130,234,35,56,160,183,111,161,220,128,146,135,148,162,62,169,166,217,207,11,120,177,197,58,141,243,245,188,57,169,172,220,128,148,135,148,57,243,101,166,217,163,11,2,188,57,158,29,48,139,108,178,63,126,74,192,53,245,188,57,178,172,108,234,144,245,224,186,4,59,220,136,157,60,26,189,39,139,89,224,1,237,143,156,5,136,245,139,153,136,90,237,101,34,119,174,163,180,239,206,143,145,234,35,29,139,245,83,240,40,99,189,62,150,167,64,101,189,151,186,207
Best fitness found so far: 0.8738090492415; k: 2.0
Generation: 170; 0.8738090492415; k: 2.0; 51,184,208,249,153,191,109,237,101,192,53,146,119,226,139,224,55,145,143,130,234,35,56,160,43,178,161,220,128,124,135,148,57,62,169,166,217,213,124,120,177,52,58,141,53,245,188,57,178,172,220,128,148,248,148,57,243,101,167,217,163,11,2,188,57,158,25,48,139,51,178,63,210,144,38,42,50,139,101,189,41,31,194,7,103,206,190,177,52,58,1,177,143,198,175,7,119,13,89,224,1,192,143,130,234,23,62,139,179,193,196,128,130,211,82,101,189,105,65,22,224,219,206,143,130,67,35,245,129,22,192,210,121,119,177,89,224,1,208,224,139,84,44,185,139,105,189,119,31,69,224,234,206,143,130,109,109,205,189,119,228,89,23,1,206,153,130,107,35,245,147,67,74
Best fitness found so far: 0.8738090492415; k: 2.0
Generation: 171; 0.8738090492415; k: 2.0; 51,184,208,249,59,191,109,237,101,249,145,146,119,101,89,224,1,145,143,130,234,35,56,160,43,178,29,153,100,109,237,39,139,89,224,1,115,143,156,5,136,245,199,153,191,90,237,101,34,119,177,163,224,239,206,143,145,234,35,29,23,245,231,230,234,35,71,5,42,101,7,90,74,233,128,230,41,139,39,166,152,207,167,29,192,195,62,2,186,246,22,192,101,189,115,234,85,201,224,57,141,64,220,172,220,73,4,189,39,139,89,224,1,115,143,226,84,35,245,139,68,189,152,35,180,76,41,183,39,37,152,207,167,29,45,26,218
Best fitness found so far: 0.8738090492415; k: 2.0
Generation: 172; 0.8738090492415; k: 2.0; 51,184,208,249,153,191,9,237,101,192,53,146,119,226,89,224,1,145,173,130,234,35,203,160,19,178,161,4,128,124,205,148,57,62,101,166,39,44,152,99,167,85,70,8,229,228,30,51,95,80,166,37,185,239,44,120,181,37,235,1,153,245,118,10,161,59,243,232,132,8,218
Best fitness found so far: 0.8738090492415; k: 2.0
Generation: 173; 0.8738090492415; k: 2.0; 51,148,208,249,153,191,109,237,101,19,53,146,119,231,89,224,1,145,143,130,234,35,56,160,223,178,161,220,128,124,135,148,10,232,213,159,76,16,229,19,6,165,177,187,132,1,191,143,103,234,35,245,139,86,4,59,70,2,83,139,35,226,164,181,231,230,234,45,10,197,233,159,76,40,90,184,44,152,207,190,192,192,52,218
Best fitness found so far: 0.8738090492415; k: 2.0
Generation: 174; 0.8738090492415; k: 2.0; 51,184,208,249,153,191,109,237,101,19,53,146,119,231,89,224,1,145,143,130,234,35,56,160,223,178,161,220,128,124,135,148,10,232,88,159,76,115,229,49,6,165,177,187,36,1,191,143,103,234,35,245,139,86,1,59,135,221,101,139,35,207,164,181,231,230,234,45,210,192,62,220,16,221,22,151,210,183,139,177,89,224,1,168,56,157,243,57,178,172,220,128,124,135,148,57,214,101,166,217,163,11,120,75,52,58,1,137,143,31,175,35,119,177,89,224,79,206,143,130,234,23,233,139,245,236,196,128,130,109,237,185,189,158,65,89,224,166,206,143,130,234,35,245,9,245,145
Best fitness found so far: 0.8738090492415; k: 2.0
Generation: 175; 0.8738090492415; k: 2.0; 230,170,58,213,143,31,131,224,103,196,197,130,109,237,101,3,119,177,89,224,1,206,177,135,234,35,152,76,18,43,39,44,192,190,185,120,231,167,224,1,32,116,194,71,139,16,157,94,34,74,89,111,66,234,201,39,166,152,207,59,184,99,144,62,57,186,205,213,224,101,129,73,234,85,84,188,215,4,160,192,211,31,89,224,103,196,143,89,109,237,1,206,143,35,205,35,118,139,236,231,190,142,35,71,139,68,174,59,10,74,233,159,76,182,229,44,206,207,34,26,78,199,62,57,167,64,101,227,151,177,207,152,76,41,229,39,44,192,190,185,120,231,167,224,195,32,116,194,71,139,16,101,94,11,74,89,111,66,234,201,39,166,152,207,59,184,99,163,231,159,224,1,145,143,130,234,35,245,160,57,178,158,220,128,148,135,148,188,243,101,166,217,163,11,176,188,242,250,111,201,201,226,135,27,242,139,208,88
Best fitness found so far: 0.8738090492415; k: 2.0
Generation: 176; 0.8738090492415; k: 2.0; 51,184,208,249,153,191,89,237,101,249,145,146,119,231,89,224,1,145,143,130,234,35,56,160,43,178,29,153,191,109,237,177,9,74,4,206,143,130,234,80,245,139,63,159,225,143,149,149,210,136,130,32,39,44,133,189,119,177,89,111,1,206,143,35,192,35,245,139,245,53,230,234,35,56,93,68,101,32,10,197,233,159,76,40,136,43,162,69,66,20,21,2,50,9,43,27,61,166,43,250,177
Best fitness found so far: 0.8738090492415; k: 2.0
Generation: 177; 0.8738090492415; k: 2.0; 201,246,208,249,153,191,109,237,101,189,101,189,119,177,89,224,1,206,143,35,134,35,118,139,236,231,190,234,35,71,139,68,174,59,10,74,233,159,76,41,229,44,92,207,177,89,224,1,26,56,36,84,88,185,139,101,144,152,207,167,29,180,81,218
Best fitness found so far: 0.8738090492415; k: 2.0
Generation: 178; 0.8738090492415; k: 2.0; 207,184,208,249,153,191,109,237,101,249,145,146,119,231,89,54,1,145,223,130,234,35,56,225,43,7,233,101,87,167,225,219
Best fitness found so far: 0.8738090492415; k: 2.0
Generation: 179; 0.8738090492415; k: 2.0; 51,10,208,249,153,191,109,237,101,192,29,146,203,231,89,224,227,145,143,130,76,35,188,24,57,178,66,21,128,124,135,148,196,15,130,109,82,217,122,239,65,247,224,166,206,143,58,234,35,245,31,22,192,210,92,119,177,89,224,235,218,56,139,84,88,170,139,101,189,119,31,89,224,234,206,143,130,109,242,250,101,136,201,226,135,27,242,212,208,223
Best fitness found so far: 0.8738090492415; k: 2.0
Generation: 180; 0.8738090492415; k: 2.0; 51,184,208,249,153,191,109,237,223,19,53,146,119,231,89,224,1,145,143,130,164,35,160,160,206,163,161,220,128,136,106,148,250,5,88,218,76,115,229,49,6,165,177,187,75,224,206,143,103,234,35,245,109,86,1,59,101,221,83,160,35,70,164,243,72,230,234,45,3,139,62,101,189,101,135,119,177,89,224,1,206,143,35,134,35,245,139,245,231,230,234,135,71,139,68,101,59,10,74,233,159,76,41,229,44,223,207,167,26,231,189,62,57,167,64,101,189,27,177,207
Best fitness found so far: 0.8738090492415; k: 2.0
Generation: 181; 0.8738090492415; k: 2.0; 75,10,208,183,159,191,109,237,101,142,53,146,163,186,237,224,1,145,143,130,234,35,218,14,57,178,172,220,128,148,217,148,57,243,205,7,217,37,11,88,215,242,208,11,90,12,226,135,109,73,101,142,53,146,119,231,159,224,189,62,150,167,64,101,189,151,177,207
Best fitness found so far: 0.8738090492415; k: 2.0
Generation: 182; 0.8738090492415; k: 2.0; 206,10,208,30,153,191,109,237,101,192,215,146,119,231,89,224,1,145,143,130,234,35,73,160,57,178,172,220,6,124,135,148,57,214,101,232,217,163,11,120,177,61,58,1,177,143,162,175,35,119,3,105,224,1,206,143,130,234,23,233,139,245,231,230,234,35,71,139,16,179,7,67,74,99,111,18,41,85,39,181,130,217,5,226,9,35,134,1,114,228,130,234,35,77,139,57,117,31,59,177,183,122,221,127,94,181,140,27,8,104,148,20,109,212,24,226,145,156,229,31,247,141,52,178,22,148,57,214,101,232,217,163,11,120,177,61,58,1,177,143,162,175,35,119,3,105,224,1
Best fitness found so far: 0.8738090492415; k: 2.0
Generation: 183; 0.8738090492415; k: 2.0; 51,184,208,249,153,191,109,229,101,19,53,146,119,231,89,224,1,145,143,130,234,35,56,160,223,178,161,55,182,130,234,166,245,245,57,247,141,237,191,109,166,101,142,53,146,119,231,89,224,1,145,143,103,234,35,245,160,57,178,172,220,128,148,135,148,64,243,101,166,217,163,11,176,188,242,250,123,136,201,226,135,27,242,212,208,145
Best fitness found so far: 0.8738090492415; k: 2.0
Generation: 184; 0.8738090492415; k: 2.0; 51,32,208,249,153,191,109,237,101,192,53,146,119,231,89,224,1,145,143,130,234,35,56,160,43,178,161,220,128,124,135,148,226,214,101,166,217,163,11,120,177,52,58,1,177,194,162,175,35,119,177,89,245,139,107,189,176,143,27,107,8,57,44,114,1,167,29,122,52,218
Best fitness found so far: 0.8738090492415; k: 2.0
Generation: 185; 0.8738090492415; k: 2.0; 51,10,208,249,153,191,109,237,101,30,53,146,81,231,89,224,1,147,143,130,234,35,245,160,107,178,172,220,128,148,135,148,57,221,101,130,112,75,220,104,132,99,99,177,94,106,1,206,143,202,234,35,233,14,68,204,131,233,153,191,62,237,101,208,29,146,204,231,123,224,227,53,146,119,231,89,224,1,147,143,130,234,35,245,160,107,178,51,220,128,148,135,148,57,28,101,178,112,75,36,230,132,99,99,177,94,106,1,206,143,202,234,35,233,14,50,204,144,55,153,191,62,237,101,192,114,146,93,231,123,224,56,145,16,130,234,35,245,115,57,178,172,220,128,124,135,148,57,214,101,115,217,163,185,159,231
Best fitness found so far: 0.8738090492415; k: 2.0
Generation: 186; 0.8738090492415; k: 2.0; 51,10,208,249,183,191,109,237,101,92,29,146,119,231,89,224,1,145,231,130,234,35,138,175,57,178,172,220,75,211,191,153,63,19,65,151,217,174,11,45,201,52,58,1,51,184,208,249,153,46,109,242,212,208,145
Best fitness found so far: 0.8738090492415; k: 2.0
Generation: 187; 0.8738090492415; k: 2.0; 75,10,208,183,159,191,21,237,101,142,53,146,119,231,89,224,1,145,143,130,234,35,245,160,224,23,133,220,128,148,135,148,57,243,101,166,217,163,11,176,188,242,250,101,136,201,226,135,27,242,139,36,227,145,191,130,124,35,245,115,98,178,132,220,128,124,135,148,184,214,101,166,152,163,176,159,231
Best fitness found so far: 0.8738090492415; k: 2.0
Generation: 188; 0.8738090492415; k: 2.0; 51,184,208,249,153,191,109,237,101,19,53,146,119,231,89,224,1,175,143,130,234,35,56,160,223,178,161,220,128,124,135,148,10,232,175,159,76,115,229,49,6,165,177,60,36,1,191,143,103,234,35,245,139,86,1,59,101,221,83,139,172,98,75,213,135,122
Best fitness found so far: 0.8738090492415; k: 2.0
Generation: 189; 0.8738090492415; k: 2.0; 51,184,208,213,153,191,109,237,101,249,145,146,119,231,89,224,213,145,143,130,234,35,56,160,62,178,29,153,191,10,237,177,9,74,99,206,105,130,121,80,95,243,101,166,217,163,11
Best fitness found so far: 0.8738090492415; k: 2.0
Generation: 190; 0.8738090492415; k: 2.0; 25,10,208,249,183,191,109,237,101,92,29,146,119,231,89,9,1,145,231,130,234,35,138,160,57,178,172,220,75,3,119,177,89,224,1,206,177,130,234,35,152,76,41,68,39,44,192,190,189,120,231,167,11,1,206,116,115,71,139,16,101,7,11,74,89,111,66,234,139,234,35,71,139,68,204,203,84,31,80,250,176,188,177,246,25,136,201,226,135,208,63,154,207,112,70,146,22
Best fitness found so far: 0.8738090492415; k: 2.0
Generation: 191; 0.8738090492415; k: 2.0; 75,10,208,183,159,191,109,237,101,142,53,146,119,231,89,219,1,55,15,130,228,35,245,188,214,178,172,220,211,148,135,148,18,243,101,166,119,138,89,224,164,206,177,130,234,35,245,76,41,146,39,44,192,190,189,119,55,37,224,237,206,72,95,234,35,141,139,70,111,118,223,177,52,201,1,227,143,162,249,225,245,139,247,169,210,53,196,42,7,63,188,1,206,85,130,234,35,101,160,43,178,161,220,128,44,112,148,57,230,212,166,217,163,11,120,177,52,58,1,177,194,162,175,35,119,177,101,224,1,206,143,130,234,23,233,139,246,231,230,234,35,155,139,16,101,7,231,74,167,111,223,41,139,158,166,152,207,192,29,170,195,124,57,120,246,22,192,101,30,115,234,144,245,224,186,133,59,220,158,157,60,26,189,39,139,89,224,1,99,143,156,5,136,245,139,68,239,176,143,27,154,8,39,44,152,150,167,68,45,52,249,63,191,109,239,101,36,119,177,89,224,1,212,22,130,234,35,205,174,145,242,147,101,138,201,226,109,27,242,139,208,122
Best fitness found so far: 0.8738090492415; k: 2.0
Generation: 192; 0.8738090492415; k: 2.0; 51,184,208,249,153,191,207,237,101,192,53,146,119,231,89,224,139,145,185,130,234,35,56,160,223,178,131,220,128,124,135,148,10,232,116,159,234,35,245,53,55,192,210,164,119,177,39,67,1,168,132,153,84,88,185,139,101,89,219,1,55,15,45,234,35,245,188,57,247,229,121,191,129,166,101,142,53,216,119,231,89,224,1,145,143,204,234,35,245,160,57,178,172,220,128,148,135,148,48,243,101,166,217,157,11,176,188,242,7,204,136,201,63,9,27,242,212,57,145
Best fitness found so far: 0.8738090492415; k: 2.0
Generation: 193; 0.8738090492415; k: 2.0; 146,184,167,103,153,191,135,237,101,249,145,146,119,231,89,54,1,145,223,130,234,35,56,225,43,84,88,185,12,89,128,148,135,148,57,243,101,166,217,163,11,120,101,52,82,130,177,143,162,175,56,124,66,214,169,43,235,38,42,50,153,191,109,237,101,189,119,88,165,64,97,206,143,130,234,166,181,173,181,231,147,16,167,18,83
Best fitness found so far: 0.8738090492415; k: 2.0
Generation: 194; 0.8738090492415; k: 2.0; 40,60,208,249,153,191,109,237,101,192,53,146,119,231,89,224,1,145,143,130,234,35,245,150,57,178,172,89,128,148,135,148,57,243,101,166,217,163,11,120,177,52,206,215,130,234,39,122,139,245,154,196,128,158,109,82,101,189,105,65,89,224,153,206,141,130,234,35,245,189,22,163,210,183,119,177,89,224,1,168,56,139,84,88,104,139,101,189,119,31,89,224,234,206,143,130,109,237,101,189,119,213,236,23,137,206,143,130,107,224,1,145,143,130,234,35,245,160,57,178,158,220,128,148,135,148,236,243,101,114,217,163,11,176,188,242,250,101,201,201,226,135,27,242,139,208,145
Best fitness found so far: 0.8738090492415; k: 2.0
Generation: 195; 0.8738090492415; k: 2.0; 14,108,208,183,159,191,109,237,101,142,53,146,119,231,163,219,1,55,15,130,234,35,245,188,185,178,172,142,53,146,119,231,89,224,171,145,143,130,119,35,245,105,57,178,172,220,128,224,1,206,143,130,234,23,233,139,245,231,159,234,164,71,139,91,101,7,67,74,99,111,18,157,139,39,166,152,207,94,29,170,195,175,57,164,246,22,57,101,10,126,234,144,245,224,186,4,59,220,172,87,60,74,30,70,76,41,139,39,44,152,207,167,29,99,32,62,190,30,246,22,192,101,189,119,177,89,212,1,168,19,156,84,103,192,139,101,53,119,31,129,224,103,206,143,130,71,95,76,55,239
Best fitness found so far: 0.8738090492415; k: 2.0
Generation: 196; 0.8738090492415; k: 2.0; 51,10,208,249,153,191,109,237,101,192,53,146,119,231,89,224,99,145,143,130,234,35,245,160,57,178,172,220,128,124,231,230,234,35,71,139,68,101,59,10,74,233,159,76,41,229,44,206,207,167,26,99,189,62,2,167,64,101,189,151,177,207,192,53,146,119,231,89,224,99,145,143,130,234,35,245,160,57,178,172,220,128,124,231,230,234,35,71,139,68,101,59,10,74,233,159,76,41,229,44,206,207,167,26,99,189,62,2,167,64,101,189
Best fitness found so far: 0.8738090492415; k: 2.0
Generation: 197; 0.8738090492415; k: 2.0; 75,10,208,183,29,191,107,237,101,242,53,146,119,129,89,224,1,145,143,130,234,55,245,160,143,178,176,220,27,160,160,178,172,98,75,124,135,122
Best fitness found so far: 0.8738090492415; k: 2.0
Generation: 198; 0.8738090492415; k: 2.0; 51,184,208,249,153,191,109,237,101,249,145,146,119,231,89,224,1,145,143,130,234,35,151,177,207,152,76,41,229,39,44,192,190,185,120,231,233,224,1,32,116,194,71,139,16,101,94,11,76,89,111,66,234,201,39,166,152,207,59,184,99,242,62,57,21,205,213,163,101,129,73,234,85,84,188,215,4,160,192,161,31,89,224,103,196,143,89,109,175,1,174,143,126,205,35,118,139,236,231,190,142,35,119,231,89,224,1,145,143,130,234,35,151,177,207,152,76
Best fitness found so far: 0.8738090492415; k: 2.0
Generation: 199; 0.8738090492415; k: 2.0; 75,10,208,183,29,191,109,237,101,242,53,146,119,129,89,224,67,145,143,130,234,55,245,160,57,178,172,220,245,160,57,180,172,220,75,124,135,39,17,214,82,101,102,103,65,89,224,44,206,52,130,234,188,245,57,105,163,210,183,119,177,89,224,1,168,56,139,84,88,185,172,89,128,216,135,148,57,243,101,166,217,163,11,120,177,52,82,1,177,143,162,175,56,216,66,214,247,43,235,38,166,63,153,191,109,237,101,189,119,88,165,64,97,190,143,3,234,35,181,173,181,231,230,16,167,18,83
Best fitness found so far: 0.8738090492415; k: 2.0
Total time of execution of seed 1 : 1498801
Solution Fitness: -0.8738090492415
Variables: random 10 eucledian split moveAverage moveAverage split split moveNear join join join
