Generation: 0; -1.0; k: 3.8; 97,249,36,10,158,24,27,114,144,197
Best fitness found so far: -1.0; k: 3.8
Generation: 1; 0.03947277041821412; k: 6.9; 97,121,184,21,9
Best fitness found so far: 0.03947277041821412; k: 6.9
Generation: 2; 0.3553044380661512; k: 9.0; 139,30,144,198,189,107,155,190,99,191,123,141,99,72,132,87,37
Best fitness found so far: 0.3553044380661512; k: 9.0
Generation: 3; 0.5273163661293168; k: 2.0; 100,84,152,167,133,199,13,33,195,80,119,21,155
Best fitness found so far: 0.5273163661293168; k: 2.0
Generation: 4; 0.5213832639319753; k: 2.0; 100,84,152,167,133,187,13,108,195,80,119,21,155
Best fitness found so far: 0.5273163661293168; k: 2.0
Generation: 5; 0.5553937148381937; k: 2.0; 222,30,144,198,189,107,155,190,99,191,157,132,49,232
Best fitness found so far: 0.5553937148381937; k: 2.0
Generation: 6; 0.4996132211653781; k: 2.0; 149,129,249,220,195,199,29,125,9,6
Best fitness found so far: 0.5553937148381937; k: 2.0
Generation: 7; 0.5684650004515549; k: 2.0; 139,232,144,5,189,235,155,190,197,191,133,199,13,33,195,237,74,185,48,152,167,246,199,69,40,195,237,74,201,7,14,229
Best fitness found so far: 0.5684650004515549; k: 2.0
Generation: 8; 0.5684650004515549; k: 2.0; 139,232,144,5,189,235,155,190,197,191,133,199,13,33,195,237,74,185,224,152,9,6
Best fitness found so far: 0.5684650004515549; k: 2.0
Generation: 9; 0.5684650004515549; k: 2.0; 139,232,144,5,189,145,155,190,197,191,133,199,13,33,195,237,74,185,48,199,29,125,9,249
Best fitness found so far: 0.5684650004515549; k: 2.0
Generation: 10; 0.5758557315191363; k: 2.0; 139,49,234,5,189,111,155,190,197,191,133,199,13,33,195,237,74,185,165,235,49,49,144,5,189,235,155,190,197,191,133,199,13,33,195,237,74,185
Best fitness found so far: 0.5758557315191363; k: 2.0
Generation: 11; 0.5758557315191363; k: 2.0; 139,49,234,5,189,111,155,190,197,191,133,199,13,33,195,237,74,185,165,235,49,49,144,5,189,235,155,190,197,191,133,199,21,155,189,107,155,177,84,152,167,134,199,13
Best fitness found so far: 0.5758557315191363; k: 2.0
Generation: 12; 0.5684650004515549; k: 2.0; 139,232,144,5,189,235,155,190,197,191,19,199,13,33,195,237,74,185,48,152,54,246,81,59,209,7,135
Best fitness found so far: 0.5758557315191363; k: 2.0
Generation: 13; 0.5758557315191363; k: 2.0; 139,49,234,5,189,111,155,190,197,191,133,199,13,33,195,237,74,185,165,235,49,49,110,51,107
Best fitness found so far: 0.5758557315191363; k: 2.0
Generation: 14; 0.5684650004515549; k: 2.0; 139,232,144,5,189,235,155,190,197,191,133,199,13,83,47,237,74,185,48,152,86,201,199,149,129,175,220,17,19,137,71,35,198,189,107,238,190,175,191,197,144,198,225,107,155,105,177,107,155,49,197,191,17,172,49,226,157,155
Best fitness found so far: 0.5758557315191363; k: 2.0
Generation: 15; 0.5945877423892506; k: 2.0; 216,202,93,63,17,172,123,231,153,46,119,36,167,133,199,184,33,223,237,74,175,150,217,155,190,155,190,107,155,190,99,191,21,132,191,185,3,13,160,12
Best fitness found so far: 0.5945877423892506; k: 2.0
Generation: 16; 0.5758557315191363; k: 2.0; 139,49,234,5,189,111,155,190,197,191,133,199,13,33,195,237,74,235,155,190,197,191,133,199,13,33,134,237,74,185
Best fitness found so far: 0.5945877423892506; k: 2.0
Generation: 17; 0.5758557315191363; k: 2.0; 139,49,234,5,189,111,155,190,197,191,133,199,13,33,195,237,74,185,165,235,220,191,133,234,207,72,195,237,74,185,55,152,116,246,199,69,40,175,150,217,101,190,155,190,220,135,59,199,145,33,191,15,154,96,115,223,33,13,62,68,17
Best fitness found so far: 0.5945877423892506; k: 2.0
Generation: 18; 0.5796362348534609; k: 2.0; 139,178,234,5,189,111,155,190,9,191,133,199,13,33,189,12
Best fitness found so far: 0.5945877423892506; k: 2.0
Generation: 19; 0.5945877423892506; k: 2.0; 216,202,93,63,17,172,123,231,153,46,119,36,167,133,65,184,33,223,237,74,175,150,217,155,190,155,190,111,155,190,9,191,133,199,13,33,189,237,74,185,71,235,237,56,185,209,7,135,184,33,223,237,74,175,150,217,155,190,155,190,111,155,190,9,191,133,199,13,33,189,237,74
Best fitness found so far: 0.5945877423892506; k: 2.0
Generation: 20; 0.5945877423892506; k: 2.0; 216,202,93,63,17,172,123,231,153,1,119,36,167,133,65,184,33,223,237,74,175,150,217,155,190,155,190,111,155,190,9,104,133,199,13,33,189,237,74,185,71,235,237,56,185,209,7,135,184,49,12,13,33,189,12
Best fitness found so far: 0.5945877423892506; k: 2.0
Generation: 21; 0.5945877423892506; k: 2.0; 146,202,93,63,17,172,123,231,153,46,119,36,167,133,65,184,33,223,237,74,175,150,217,155,190,155,190,111,155,190,9,191,57,199,13,33,189,197,191,133,199,13,33,195,175,74,185,119,200,49,49,110,51,92
Best fitness found so far: 0.5945877423892506; k: 2.0
Generation: 22; 0.5945877423892506; k: 2.0; 216,202,93,63,17,217,123,231,153,46,119,36,167,133,199,184,33,223,237,74,175,150,51,155,106,155,190,107,155,190,99,191,21,195,49,234,5,189,111,155,190,197,191,133,199,13,33,195,237,200,185,165,235,50,127,80,5,129,45,155,218,237,191,133,199,191,243,19,13,123,220
Best fitness found so far: 0.5945877423892506; k: 2.0
Generation: 23; 0.5945877423892506; k: 2.0; 146,202,93,63,17,172,123,231,153,46,119,36,167,133,65,184,33,223,237,74,175,150,217,155,190,155,190,111,155,190,9,86,185,165,200,49,49,110,51,92
Best fitness found so far: 0.5945877423892506; k: 2.0
Generation: 24; 0.5945877423892506; k: 2.0; 146,202,93,63,17,172,123,231,153,46,119,36,167,133,65,184,33,223,237,74,175,150,217,155,190,140,190,111,155,133,9,150,185,165,142,49,49,110,51,92
Best fitness found so far: 0.5945877423892506; k: 2.0
Generation: 25; 0.5945877423892506; k: 2.0; 146,202,93,63,17,172,123,231,153,46,119,36,167,133,65,184,33,48,237,74,175,150,217,155,190,155,190,111,155,190,9,191,153,1,106,92,167,133,65,184,33,223,37,74,27,150,146,60,76,191,190,111,155,190,9,104,133,199,13,33,189,237,74,185,71,235,216,56,185,209,7,135,184,49,12,50,33,189,12
Best fitness found so far: 0.5945877423892506; k: 2.0
Generation: 26; 0.5945877423892506; k: 2.0; 202,202,93,63,17,172,123,231,153,46,119,36,167,133,199,184,33,223,237,74,175,150,217,155,190,155,190,107,155,139,49,234,5,189,111,155,190,197,191,133,199,13,33,195,237,74,185,81,235,220,191,32,234,207,187,226,237,74,185,55,152,116,246,112,69,40,175,150,217,101,156,237,135,9,98,36,237,191,39,199,101,206,199,136,33,13
Best fitness found so far: 0.5945877423892506; k: 2.0
Generation: 27; 0.5945877423892506; k: 2.0; 216,202,93,63,17,172,123,231,153,46,119,36,167,133,199,184,33,223,237,74,205,150,217,155,190,155,190,189,111,155,190,133,191,133,199,61,33,195,237,74,185,165,114,49,49,144,5,189,161,177,190,197,191,133,199,21,155,37,114,155,116,4,152,167,134,199,200,49,49,49,110,51,92
Best fitness found so far: 0.5945877423892506; k: 2.0
Generation: 28; 0.5945877423892506; k: 2.0; 146,202,93,63,17,172,123,231,153,46,119,36,167,133,65,184,33,48,237,74,175,150,217,155,190,155,190,111,19,190,9,191,153,1,106,92,167,88,65,184,33,223,37,74,27,150,146,60,76,191,190,111,155,63,9,226,133,199,13,33,189,237,248,185,71,235,216,56,199,13,33,195,237,185,185,165,235,49,150,49,247,144,5,155,240,220,135,59,199,145,33,191,15,154,96,115,223,33,13,62,68,17
Best fitness found so far: 0.5945877423892506; k: 2.0
Generation: 29; 0.5945877423892506; k: 2.0; 154,56,93,63,17,217,123,231,153,46,119,36,167,133,199,184,33,223,237,74,55,150,51,155,106,155,190,107,155,190,99,191,21,195,49,234,5,189,111,155,190,197,191,30,199,13,33,247,237,139,185,189,95,155,190,197,191,28,199,13,33,195,237,74,185,25,37,49,49,144,5,189,45,155,131,237,90,133,199,191,133,199,13,33,36,227,133,65,184,65,183,237,74,175,201,39,155,190,155,190,111,155,190,9,104,133,199,13,219,189,237,74,185,71,235,237,56,15,209,7,135,175,49,12,11,33,189,140
Best fitness found so far: 0.5945877423892506; k: 2.0
Generation: 30; 0.5945877423892506; k: 2.0; 202,202,93,63,17,172,123,231,153,46,119,36,167,133,199,184,33,223,237,74,175,150,217,155,202,155,185
Best fitness found so far: 0.5945877423892506; k: 2.0
Generation: 31; 0.5945877423892506; k: 2.0; 146,202,93,63,17,172,123,231,153,46,209,36,167,133,65,184,33,48,237,74,175,150,217,155,190,155,109,111,155,190,9,191,153,1,51,236,167,133,65,184,33,223,33,223,237,74,219,150,217,155,190,155,190,237,74,185,90,74,50,48,80,5,189,22,155,100,129,191,133,199,80,133,246,175,107,8
Best fitness found so far: 0.5945877423892506; k: 2.0
Generation: 32; 0.5945877423892506; k: 2.0; 216,202,93,63,17,172,123,231,153,46,119,36,243,133,199,184,33,223,237,74,205,150,217,155,190,155,190,189,111,155,190,133,191,133,199,61,33,195,237,74,185,20,114,49,49,144,5,189,161,177,190,197,191,133,199,21,155,37,114,155,116,212,125,167,134,199,133,199,13,33,195,162,188,185,224,152,4,235,49,17,148,247,144,191,221,199,243,33,195,237,188,185,165,209,49,12,13,33,189,12
Best fitness found so far: 0.5945877423892506; k: 2.0
Generation: 33; 0.5945877423892506; k: 2.0; 146,202,93,63,17,172,123,231,153,46,119,36,147,133,65,184,197,48,237,74,175,150,217,155,190,155,190,111,19,190,9,229,153,1,106,92,167,88,65,184,33,223,37,74,27,150,93,60,76,207,190,124,129,249,9,246,133,199,13,33,189,237,248,181,71,235,49,133,144,5,92,235,155,190,197,191,133,4,21,155,189,107,155,177,84,22,56,134,199,13
Best fitness found so far: 0.5945877423892506; k: 2.0
Generation: 34; 0.5945877423892506; k: 2.0; 216,70,93,63,17,172,123,231,27,46,119,36,167,133,65,184,33,223,145,74,175,150,217,155,190,155,190,111,155,23,9,191,133,199,13,33,179,223,74,185,71,235,237,56,185,209,128,135,184,33,13,33,195,237,74,185
Best fitness found so far: 0.5945877423892506; k: 2.0
Generation: 35; 0.5945877423892506; k: 2.0; 231,202,93,63,17,172,123,231,153,46,119,36,167,133,199,184,33,223,237,74,175,150,217,155,194,155,81,107,155,10,49,234,5,189,111,155,190,197,191,133,29,13,33,195,237,198,185,81,235,220,191,32,140,207,187,226,237,74,174,55,152,116,246,112,33,195,237,85,205,128,235,49,179,144,37,109,235,126,190,197,217,199,146,33,2,221,74,185,4,235,49,132,49,211,144,191,124,175,239,2,171,24,49,190,111,155,184,9,191,133,89,13,65,9,191,153,128,105,92,167,88,65,184,33,223,37,74,27,150,146,60,76,221,190,53,190,7,9,226,133,199,13,33,189,237,248,185,71,14,216,56,199,127,33,7,58,185,185,165,235,49,150,49,180,144,24,80,240,220,135,59,199,145,33,191,160,223,96,115,223,148,11,62,68,17
Best fitness found so far: 0.5945877423892506; k: 2.0
Generation: 36; 0.5945877423892506; k: 2.0; 146,202,93,63,17,172,123,231,153,46,165,36,167,133,65,184,33,223,237,74,175,150,217,155,190,155,190,249,234,190,44,191,57,37,171,33,189,136,191,133,229,248,33,195,82,13,190,197,191,133,79,13,140,195,169,237,191,39,199,101,206,18,136,33,13
Best fitness found so far: 0.5945877423892506; k: 2.0
Generation: 37; 0.5945877423892506; k: 2.0; 216,202,93,63,17,172,123,231,153,46,119,36,211,133,65,184,33,223,237,74,175,150,217,155,190,155,120,111,155,190,9,191,133,199,13,237,189,237,74,218,71,235,179,33,195,237,74,185,81,235,41,28,32,165,207,187,5,209,74,185,46,152,116,120,158,233,32,175,111,205,190,9,125,131,195
Best fitness found so far: 0.5945877423892506; k: 2.0
Generation: 38; 0.5945877423892506; k: 2.0; 216,202,93,237,17,172,123,231,153,46,119,36,167,133,65,184,33,223,237,74,9,150,217,155,190,60,190,111,155,190,250,191,133,118,13,33,189,57,74,185,71,235,237,56,58,209,66,135,184,141,223,237,74,141,150,217,244,190,155,190,111,155,190,9,234,33,195,237,198,154,81,235,220,58,32,140,149,187,226,237,199,78,55,87,116,211,112,67,126,221,150,205,128,235,49,179,144,37,109,235,126,190,197,83,220,146,33,2,246,74,70,4,235,49,16,49,211,144,236,124,175,239,2,171,24,49,214,111,155,184,9,191,133,89,13,217,9,191,153,224,48,92,167,88,113,184,33,223,37,78,27,150,146,60,76,191,190,53,190,7,9,226,133,199,13,33,173,241,248,185,71,14,216,56,199,127,33,7,58,182,185,165,110,49,214,49,180,144,185,80,240,220,135,23,199,151,33,191,160,140,207,68,25,237,74,174,55,152,116,246,112,33,191,237,85,205,128,173,49,179,144,37,109,235,3,190,197,217,199,146,33,2,221,74,185,4,235,49,132,49,211,76,191,124,175,239,2,171,24,49,8,111,155,184,9,191,247,89,13,65,9,191,153,128,105,92,167,88,65,184,33,223,37,74,27,150,146,60,76,212,190,53,190,7,9,226,133,199,13,33,189,237,248,185,71,14,216,56,199,127,33,7,58,185,185,165,235,49,150,49,180,144,24,80,240,220,135,59,199,145,33,191,160,223,96,115,223,148,11,62,68,17
Best fitness found so far: 0.5945877423892506; k: 2.0
Generation: 39; 0.5945877423892506; k: 2.0; 146,202,93,63,17,172,123,231,153,1,119,36,167,133,65,184,33,48,25,74,93,150,217,155,190,155,190,111,155,13,250,189,58,191,201,227,228,33,195,175,74,185,171,200,49,190,111,155,104,9,191,133,199,13,33,36,237,74
Best fitness found so far: 0.5945877423892506; k: 2.0
Generation: 40; 0.5945877423892506; k: 2.0; 216,202,93,237,17,172,123,231,45,46,119,36,167,133,65,184,33,223,237,74,9,150,217,155,190,60,190,111,155,190,109,191,133,118,13,33,173,57,74,185,71,235,237,56,56,209,66,135,184,141,223,237,161,141,150,217,244,190,155,7,31,223,190,9,234,33,195,237,198,154,81,235,32,58,32,140,170,187,226,237,199,78,55,87,116,211,112,219,126,221,150,205,113,26,49,179,144,37,109,235,126,190,197,83,220,177,33,2,72,74,70,4,50,49,16,49,211,226,236,124,175,239,2,171,24,49,214,111,155,184,9,191,133,89,13,217,9,243,19,13,70,220
Best fitness found so far: 0.5945877423892506; k: 2.0
Generation: 41; 0.5945877423892506; k: 2.0; 216,202,93,63,119,172,123,231,153,46,119,36,167,133,199,184,33,223,237,74,205,150,27,155,190,155,190,98,111,155,190,133,191,133,199,67,33,195,249,74,58,165,114,49,49,144,5,189,161,177,190,197,191,94,199,119,36,167,133,199,184,33,223,124,196,205,150,217,155,190,155,190,189,111,155,190,133,191,133,199,61,33,195,194,157,185,116,5,49,49,227,122,189,147,177,199,13,237,189,2,74,110,71,235,237,126,185,196,7,147,40,33,223,237,74,175,122,199,216,133,199,23,10,13
Best fitness found so far: 0.5945877423892506; k: 2.0
Generation: 42; 0.5945877423892506; k: 2.0; 146,202,93,63,17,172,123,231,153,46,119,36,167,133,65,184,33,48,237,74,175,150,153,155,66,155,190,111,19,190,9,229,153,1,106,92,167,88,65,213,33,119,96,74,133,56,184,33,223,237,74,175,150,217,169,250,155,9,111,155,190,9,191,133,246,98,187,172,127,60,62,235,49,49,144,123,231,153,46,119,36,187,99,112,212,33,223,237,74,175,150,217,155,190,155,190,111,155,158,9,191,133,199,13,237,81,237,74,127,71,235,237,56,185,196,7,135,40,238,200,169,32,234,245,187,226,237,74,185,55,152,220,246,112,69,40,203,150,10,101,156,237,135,9,98,36,237,191,39,199,101,206,199,136,33,13,191,133,246,98,187,172,127,60,62,235,49,49,144,123,231,153,46,119,36,187,99,112,212,33,223,237,74,175,150,217,155,190,155,190,111,155,158,9,191,133,199,13,237,81,237,74,127,71,235,237,56,185,196,7,135,40,238,200
Best fitness found so far: 0.5945877423892506; k: 2.0
Generation: 43; 0.5945877423892506; k: 2.0; 146,134,93,105,17,172,123,231,153,46,119,36,167,133,65,184,77,48,237,74,175,150,217,155,190,155,190,75,155,190,111,19,190,9,31,88,119,206,92,167,88,65,184,33,25,37,76,27,150,146,60,46,191,190,111,155,63,9,226,133,199,13,33,189,22,248,185,71,235,216,219,199,13,33,195,183,185,185,24,235,178,90,49,247,144,5,44,90,220,135,59,199,145,33,191,15,154,120,115,223,231,13,157,68,17
Best fitness found so far: 0.5945877423892506; k: 2.0
Generation: 44; 0.5945877423892506; k: 2.0; 146,202,93,63,17,172,79,231,153,46,11,36,167,133,63,184,33,223,237,74,219,150,217,155,190,155,190,237,9,185,250,235,50,48,80,5,189,22,155,100,129,191,133,217,155,200,155,236,111,31,190,9,59,153,1,106,92,167,133,65,184,33,223,37,74,221,150,34,60,76,191,190,52,155,190,105,104,133,199,13,33,87,237,74,185,71,235,216,56,158,223,7,135,33,135,117,74,185,165,235,49,49,144,5,92,235,155,190,149,191,133,199,21,155,189,107,202,177,84,152,167,134,199,197
Best fitness found so far: 0.5945877423892506; k: 2.0
Generation: 45; 0.5945877423892506; k: 2.0; 146,202,93,63,17,172,123,231,59,46,209,36,167,133,65,184,33,48,237,74,175,150,217,155,190,120,109,242,26,213,9,191,153,1,51,236,80,133,65,184,175,154,226,115,223,33,13,244,191,21,67,191,185,145,13,160,156,237,7,112,98,36,237,191,39,199,101,206,18,136,33,13
Best fitness found so far: 0.5945877423892506; k: 2.0
Generation: 46; 0.5945877423892506; k: 2.0; 84,202,203,63,17,242,123,231,153,46,119,36,167,133,65,184,33,223,237,74,175,35,217,155,190,155,190,111,168,190,9,191,133,199,13,33,189,237,74,185,71,235,31,82,185,209,7,135,184,33,223,36,44,133,65,184,33,48,237,53,175,150,217,187,190,19,190,111,19,190,182,191,74,1,106,92,167,150,126,155,190,155,190,197,153,10,9,191,133,199,196,237,189,237,74,31,71,235,11,97,185,196,20,135,40,33,114,237,134,118,60,155,189,107,123,177,84,22,56,134,83,13
Best fitness found so far: 0.5945877423892506; k: 2.0
Generation: 47; 0.5945877423892506; k: 2.0; 146,182,93,63,17,172,123,231,185,46,119,36,243,133,65,184,33,48,237,74,175,150,235,155,190,155,190,111,155,190,9,191,38,1,106,92,167,133,65,184,33,223,37,74,27,150,146,60,76,191,190,52,155,190,68,104,133,199,13,33,189,237,74,185,71,235,216,56,158,84,7,135,33,135,117,74,185,165,235,49,49,144,5,92,235,155,190,247,191,133,199,21,155,189,107,202,177,84,108,167,134,199,13
Best fitness found so far: 0.5945877423892506; k: 2.0
Generation: 48; 0.5945877423892506; k: 2.0; 195,202,93,63,31,172,123,231,153,46,165,36,167,133,65,184,33,223,237,74,175,150,217,155,190,155,190,249,234,190,44,156,57,37,171,33,189,136,191,133,229,248,63,17,172,123,231,153,46,81,36,167,133,65,184,33,223,237,74,175,150,217,155,190,155,190,111,155,190,9,191,133,199,13,237,189,237,74,110,12,235,237,56,185,209,7,135,160,33,223,237,101,175,150,199,216,133,199,13,33,13
Best fitness found so far: 0.5945877423892506; k: 2.0
Generation: 49; 0.5945877423892506; k: 2.0; 146,202,93,63,17,172,123,231,153,46,119,36,167,133,65,184,33,223,33,74,175,150,217,155,190,155,190,188,99,190,9,7,185,165,200,49,49,61,33,195,237,74,185,20,156,49,63
Best fitness found so far: 0.5945877423892506; k: 2.0
Generation: 50; 0.5945877423892506; k: 2.0; 248,202,93,63,17,172,123,231,153,46,225,36,167,133,231,184,33,223,237,74,175,150,217,155,10,155,9,111,155,190,9,191,133,246,98,187,29,127,60,62,235,49,49,144,123,231,153,46,119,36,187,185,119,200,49,49,110,51,92
Best fitness found so far: 0.5945877423892506; k: 2.0
Generation: 51; 0.5945877423892506; k: 2.0; 216,202,93,237,17,172,123,231,153,46,119,36,167,133,65,184,33,223,237,74,9,150,217,155,190,60,190,111,221,79,250,71,133,118,13,46,214,146,74,185,71,235,89,56,80,158,66,135,184,17,223,237,184,141,150,217,244,190,155,5,111,155,190,9,234,33,195,237,198,154,81,235,220,106,32,140,149,187,226,237,199,78,55,44,116,211,112,67,126,221,150,205,128,235,49,179,144,110,109,235,126,190,197,83,220,146,33,2,246,74,70,78,112,49,16,153,211,144,155,124,175,12,2,171,24,49,165,111,114,184,9,191,133,89,13,217,9,191,153,224,57,92,67,88,113,184,204,223,37,78,27,150,146,60,76,191,190,53,190,7,154,155,133,199,13,33,173,241,248,185,71,14,216,145,199,127,33,7,58,182,185,165,110,226,214,49,180,154,40,190,9,191,223,33,74,62,68,157
Best fitness found so far: 0.5945877423892506; k: 2.0
Generation: 52; 0.5945877423892506; k: 2.0; 216,202,93,63,17,172,123,231,153,46,119,1,167,133,65,184,97,223,237,74,9,150,217,155,190,155,190,111,80,124,197,191,133,118,166,33,189,237,74,185,71,243,237,154,185,209,237,135,184,141,223,11,58,98,150,209,244,190,155,221,111,155,189,237,74,185,71,235,237,154,185,209,51,135,184,141,223,168,58,98,150,209,244,190,155,190,111,155,190,203,234,33,195,237,225,129,81,235,220,191,32,140,149,187,214,237,199,78,55,142,116,246,112,33,195,237,115,59,128,235,49,179,144,241,109,235,126,169,197,44,199,228,33,2,246,12,185,4,249,49,132,49,211,49,132,144,37,189,235,155,190,76,217,199,146,33,25,221,74,185,4,235,49,17,49,247,144,191,12,199,13,33,195,237,188,185,185,52,152,236,6
Best fitness found so far: 0.5945877423892506; k: 2.0
Generation: 53; 0.5945877423892506; k: 2.0; 216,202,93,63,17,172,123,231,153,46,119,36,167,133,65,184,33,223,237,74,175,150,217,155,190,155,190,111,155,190,183,191,133,199,13,237,189,237,74,110,71,235,13,33,195,237,74,185,81,14,167,133,63,184,33,223,237,74,219,150,217,155,190,155,190,237,74,185,250,76,50,48,80,5,189,198,155,100,129,191,133,199,191,133,246,175,107,8
Best fitness found so far: 0.5945877423892506; k: 2.0
Generation: 54; 0.5945877423892506; k: 2.0; 202,202,93,63,17,172,123,231,153,46,241,36,167,133,199,184,33,223,237,74,175,150,217,155,190,155,190,189,22,155,100,237,191,133,199,199,184,33,223,237,74,94,150,217,155,190,155,190,107,155,139,49,234,5,189,111,155,190,197,191,133,199,13,33,195,237,74,185,81,235,220,191,32,234,207,187,226,237,74,185,55,152,116,246,112,214,40,175,150,217,101,156,237,135,9,192,36,237,191,39,199,101,206,199,136,33,13
Best fitness found so far: 0.5945877423892506; k: 2.0
Generation: 55; 0.5945877423892506; k: 2.0; 216,202,93,237,17,172,123,231,153,46,119,36,167,133,65,184,33,223,237,74,9,150,217,155,190,60,190,111,155,190,250,191,133,118,13,33,189,234,74,185,71,235,237,56,112,209,66,135,184,141,223,237,74,141,150,217,244,190,155,190,173,155,190,43,234,33,76,237,198,154,81,235,220,236,32,140,149,187,226,237,199,78,55,87,116,211,112,67,126,221,150,205,128,235,49,179,144,37,109,235,126,190,197,83,220,146,33,2,246,74,70,4,235,49,16,49,211,144,236,124,175,239,2,171,206,49,214,111,155,184,9,191,239,89,13,217,208,191,153,224,48,92,167,88,113,184,33,223,37,78,27,150,146,159,76,191,190,53,190,7,146,202,93,63,17,172,123,231,153,46,117,36,167,133,9,184,103,48,116,74,175,150,217,20,190,201,190,33,19,190,9,191,153,1,106,92,167,136,65,184,33,223,37,74,27,248,156,60,75,185,4,235,44,49,49,191,133,199,13,33,134,237,74,185,133,65,184,33,223,237,74,9,150,217,155,190,60,190,111,155,190,250,191,133,118,13,33,189,234,74,185,71,235,237,56,112,209,66,135,184,141,223,237,74,141,150,217,244,190,155,190,173,155,190,43,234,33,76,237,198,154,81,235,220,236,32,140,149,187,226,237,199,78,55,87,116,211,112,67,126,221,150,205,128,235,49,179,144,37,109,235,126,190,197,83,220,146,33,2,246,74,70,4,235,49,16,49,211,144,236,124,175,239,2,171,206,49,214,111,155,184,9,191,239,89,13,217,208,191,153,224,48,92,167,88,113,184,33,223,37,78,27,150,146,159,76,191,190,53,190,7,146,202,93,63,17,172,123,231,153,46
Best fitness found so far: 0.5945877423892506; k: 2.0
Generation: 56; 0.5945877423892506; k: 2.0; 216,162,93,63,193,172,123,231,153,46,119,36,167,133,199,144,33,223,237,74,175,150,217,155,190,155,190,107,155,190,99,191,21,67,191,185,3,13,90,74,50,48,80,5,189,22,155,100,129,191,133,199,80,133,246,48,31,8
Best fitness found so far: 0.5945877423892506; k: 2.0
Generation: 57; 0.5945877423892506; k: 2.0; 35,202,93,63,17,172,123,231,153,46,119,36,167,133,65,184,33,223,237,74,175,150,217,155,190,155,190,249,234,190,9,191,57,153,171,33,189,136,191,133,229,248,33,195,82,13,84,197,191,133,79,13,140,175,169,70,195,131,74,185,20,114,49,49,144,196,189,161,177,190,197,191,133,199,21,155,37,114,219,116,95,152,167,134,199,133,13,13,36,229,130,188,119,224,152,236,7,133,191,133,156,82,33,195,237,74,185,165,114,49,49,144,5,189,161,177,190,242,191,133,199,119,36,167,133,199,184,33,223,237,74,205,150,217,155,190,155,190,189,111,155,190,133,191,133,199,61,33,195,237,74,185,20,210,49,49
Best fitness found so far: 0.5945877423892506; k: 2.0
Generation: 58; 0.5945877423892506; k: 2.0; 216,92,93,63,17,172,123,231,153,46,119,36,167,133,65,184,33,223,237,74,9,150,217,200,190,155,130,111,155,190,9,25,133,118,133,33,189,245,74,185,71,235,237,56,185,209,129,135,184,141,223,237,74,175,150,217,244,190,155,190,111,155,190,9,234,33,195,237,87,129,81,235,220,191,123,140,149,121,226,237,199,237,55,225,116,173,112,216,70,93,63,235,172,123,231,237,46,119,241,167,133,65,184,33,223,145,74,145,150,217,155,190,155,34,65,155,190,9,161,133,237,13,63,229,46,123,231,153,217,119,36,167,133,65,184,33,48,237,74,175,150,217,155,190,155,190,111,19,190,9,31,88,1,206,92,167,125,65,184,33,25,37,74,27,150,146,98,76,191,190,111,155,110,9,226,133,199,13,33,189,22,248,185,71,235,216,56,199,13,33,162,183,185,185,24,235,49,150,49,247,144,5,106,240,7,135,59,85,14,33,191,15,154,96,115,223,231,18,54,68,17
Best fitness found so far: 0.5945877423892506; k: 2.0
Generation: 59; 0.5945877423892506; k: 2.0; 154,56,93,63,17,217,123,231,153,46,119,36,167,133,199,184,33,223,237,74,55,150,51,155,106,155,190,107,155,190,99,191,21,195,49,234,5,189,111,155,190,197,191,30,199,13,33,247,237,139,185,189,95,155,190,197,191,28,199,13,33,195,237,84,213,7,37,49,49,144,5,189,45,155,131,237,80,133,199,250,133,199,13,33,36,227,133,65,184,65,183,239,74,175,238,222,155,221,155,190,111,155,190,9,104,133,199,13,219,189,237,74,104,71,235,237,56,15,209,7,135,175,225,12,11,33,123,231,153,46,119,36,167,133,199,184,33,223,237,74,175,150,217,155,190,189,190,107,155,140,99,191,21,132,191,185,3,13,185,7,5,189,235,155,45,155,147,191,191,133,199,130,133,199,187,122,13
Best fitness found so far: 0.5945877423892506; k: 2.0
Generation: 60; 0.5945877423892506; k: 2.0; 146,202,93,63,17,172,63,231,185,46,197,36,167,133,65,184,33,48,237,74,175,150,217,155,190,155,190,196,155,201,242,191,193,1,106,34,167,62,220,205,33,223,37,74,27,150,146,60,76,191,190,52,155,142,105,104,133,199,13,33,189,237,73,159,71,235,56,56,158,225,7,135,33,247,117,74,177,165,235,147,49,144,185,250,212,50,178,80,5,189,22,155,100,129,191,133,199,191,133,57,223,107,8
Best fitness found so far: 0.5945877423892506; k: 2.0
Generation: 61; 0.5945877423892506; k: 2.0; 146,202,233,15,7,172,215,231,185,46,119,36,167,63,65,184,33,223,237,74,175,150,217,155,190,155,195,185,68,190,9,191,80,155,190,202,179,246,190,133,246,133,223,61,33,195,237,164,248,20,163,49,246,43,5,186,161,116,190,179,57,238,241,234,155,37,153,46,225,36,167,133,231,184,33,223,237,74,175,46,1,155,250,155,11,111,155,190,66,191,133,246,22,187,29,8,60,62,235,49,49,144,123,231,153,46,119,36,187,133,189,184,33,223,237,74,175,150,126,155,190,155,190,202,155,10,238,191,133,199,13,237,192,237,74,110,71,235,11,56,185,196,20,135,40,33,114,175,190,9,191,133,246,98,187,29,127,49,134,235,49,200,144,123,139,153,46,222,195,187,133,65,16,33,223,237,74,175,150,217,155,190,155,190,106,155,190,40,30,133,199,13,237,245,237,74,220,111,59,153,145,244,191,160,223,96,115,223,148,199,62,68,17
Best fitness found so far: 0.5945877423892506; k: 2.0
Generation: 62; 0.5945877423892506; k: 2.0; 216,202,93,63,17,172,123,231,153,46,119,36,167,133,199,144,33,223,237,74,55,150,217,155,190,155,190,107,155,190,99,191,21,67,191,185,3,13,160,156,237,135,9,98,36,237,191,39,46,119,36,167,133,199,184,33,223,237,74,175,150,51,155,106,155,190,107,155,190,99,191,185,195,49,234,5,189,111,155,190,121,191,133,199,13,33,195,237,200,185,165,235,50,127,80,5,129,45,155,218,237,191,133,199,191,243,19,13,123,235
Best fitness found so far: 0.5945877423892506; k: 2.0
Generation: 63; 0.5945877423892506; k: 2.0; 146,6,93,60,17,172,123,231,153,46,119,36,167,133,65,184,33,168,237,74,175,150,217,155,190,155,190,111,205,190,9,86,185,111,155,190,9,173,133,152,98,108,199,13,24,146,235,185,71,235,237,56,185,209,128,135,184,33,223,237,74,21,155,214,107,155,177,84,152,167,134,199,13
Best fitness found so far: 0.5945877423892506; k: 2.0
Generation: 64; 0.5945877423892506; k: 2.0; 208,202,93,63,17,172,13,231,153,46,119,36,167,133,231,184,33,223,237,74,175,150,217,155,190,155,9,111,155,2,9,191,154,152,98,134,199,13,185,62,235,238,49,144,41,189,135,155,190,197,155,133,199,111,184,190,197,191,133,199,13,33,195,237,200,234,76,235,50,127,80,5,129,45,155,218,237,191,133,199,191,243,19,13,127,220
Best fitness found so far: 0.5945877423892506; k: 2.0
Generation: 65; 0.5945877423892506; k: 2.0; 146,202,93,63,17,197,49,231,153,46,119,36,167,133,65,184,33,223,197,69,175,150,217,155,2,155,190,111,63,17,172,123,231,23,187,119,36,167,133,74,184,33,223,237,74,175,150,217,155,247,155,9,153,142,190,9,191,190,142,155,63,9,226,66,43,13,33,189,237,248,185,71,175,111,181,190,9,125,131,195
Best fitness found so far: 0.5945877423892506; k: 2.0
Generation: 66; 0.5945877423892506; k: 2.0; 216,130,93,63,17,97,123,231,49,46,119,36,167,133,65,184,145,223,145,74,175,150,217,155,190,155,25,111,155,190,75,191,195,199,13,33,189,223,181,185,205,235,237,56,185,181,133,65,184,33,48,237,74,175,150,217,155,190,155,190,210,19,190,9,191,153,1,106,92,167,234,65,184,33,155,37,43,33,189,203
Best fitness found so far: 0.5945877423892506; k: 2.0
Generation: 67; 0.5945877423892506; k: 2.0; 146,202,233,57,37,172,123,231,153,46,119,36,167,133,245,184,33,223,237,74,175,150,217,155,190,155,190,111,18,190,9,191,50,155,190,189,111,155,190,133,53,133,89,61,33,195,237,74,227,20,163,49,9,144,44,189,161,116,190,197,57,133,241,234,155,37,114,155,116,4,152,167,134,199,133,208,13,33,195,130,188,185,224,141,236,6,17,172,123,231,153,46,119,41,219,33,195,237,188,185,165,235,49,49,144,37,189,235,155,190,197,217,199,13,85,40,237,77,185,4,235,49,242,49,247,144,5,189,173,10,106,92,167,88,65,213,33,223,96,74,133,56,184,33,223,237,74,175,150,217,155,250,155,9,111,155,190,9,191,133,246,98,187,29,127,60,155,235,49,49,144,123,231,153,46,119,183,187,99,112,212,33,223,237,74,175,150,217,155,190,155,190,111,170,190,9,191,133,199,240,43,81,237,74,127,71,235,237,56,185,196,7,135,40,152,223,237,1,175,122,199,216,22,199,58,33,13
Best fitness found so far: 0.5945877423892506; k: 2.0
Generation: 68; 0.5945877423892506; k: 2.0; 216,202,93,63,17,172,123,231,153,46,119,36,167,133,199,184,33,223,237,74,205,150,217,155,190,155,190,189,111,155,199,191,63,235,175,177,8
Best fitness found so far: 0.5945877423892506; k: 2.0
Generation: 69; 0.5945877423892506; k: 2.0; 130,202,93,63,17,172,123,231,217,46,119,36,167,133,65,184,33,158,237,74,39,150,217,155,190,155,152,179,205,190,207,72,122,237,74,185,55,152,116,246,112,69,40,175,41,217,101,190,155,190,220,135,59,199,145,199,13,33,247,237,139,185,96,95,14,190,197,191,28,199,13,33,195,237,74,38,195,37,49,49,144,107,202,45,155,131,237,90,133,199,249,133,199,13,57,36,227,133,65,184,65,183,237,74,175,201,39,155,190,155,190,111,155,83,9,104,133,199,13,219,189,237,74,185,71,235,237,56,15,209,7,135,175,49,12,11,33,189,140
Best fitness found so far: 0.5945877423892506; k: 2.0
Generation: 70; 0.5945877423892506; k: 2.0; 146,202,93,63,17,172,123,231,153,46,209,36,167,133,65,184,33,48,237,74,175,150,217,155,190,120,109,111,26,190,9,159,181,1,51,185,80,133,65,205,15,47,226,115,223,33,13,62,68,17,184,15,65,166,33,168,237,74,175,150,217,155,68,155,190,111,205,190,9,86,31,195
Best fitness found so far: 0.5945877423892506; k: 2.0
Generation: 71; 0.5945877423892506; k: 2.0; 216,202,93,63,17,172,123,231,153,46,119,36,167,133,231,184,213,223,237,74,175,150,73,155,190,155,9,111,155,190,9,191,133,152,98,202,199,198,45,28,191,187,199,234,33,135,237,138,185,165,235,49,49,144,5,92,235,155,190,90,155,189,107,155,177,84,152,167,134,199,13
Best fitness found so far: 0.5945877423892506; k: 2.0
Generation: 72; 0.5945877423892506; k: 2.0; 214,202,93,63,17,172,123,231,153,46,119,36,167,133,65,184,167,223,237,74,9,150,217,155,190,155,190,111,155,190,191,201,227,228,33,195,175,74,185,205,200,49,190,111,155,104,9,191,133,199,13,33,36,237,74
Best fitness found so far: 0.5945877423892506; k: 2.0
Generation: 73; 0.5945877423892506; k: 2.0; 216,202,93,63,17,172,123,231,153,1,119,36,167,133,65,184,33,223,237,74,175,150,217,155,190,155,190,111,155,190,9,199,13,250,46,197,191,201,227,228,33,195,175,74,185,171,203,235,190,111,155,104,9,191,133,199,192,33,36,237,74
Best fitness found so far: 0.5945877423892506; k: 2.0
Generation: 74; 0.5945877423892506; k: 2.0; 216,202,93,237,17,172,123,231,153,46,119,36,167,133,65,184,33,223,237,74,9,150,217,155,190,60,190,201,189,190,250,191,133,38,13,33,189,57,74,185,71,235,237,230,58,209,66,135,184,141,223,237,239,141,150,217,244,190,155,190,111,155,71,9,234,38,38,237,198,126,171,235,220,58,32,140,93,187,226,237,199,78,18,87,210,211,112,67,126,221,150,205,128,235,49,179,144,37,109,235,126,190,197,83,220,69,33,2,246,74,70,4,235,49,16,49,223,144,236,124,175,239,2,171,24,49,214,111,155,184,9,191,133,89,13,217,9,164,153,224,48,92,167,88,113,184,33,223,37,78,27,150,146,60,22,191,190,53,190,7,9,226,133,199,13,33,110,241,248,185,71,14,216,56,199,127,33,7,4,182,185,165,110,49,214,49,180,144,185,80,240,220,135,23,199,151,33,191,160,140,207,68,25,237,74,174,55,152,131,246,112,33,191,237,85,205,128,173,49,179,5,37,109,235,3,190,197,217,199,146,33,2,221,74,185,4,235,49,231,131,211,76,128,124,175,181,28,171,24,49,8,111,155,184,63,191,247,89,13,65,9,191,153,128,105,92,167,111,155,190,133,191,133,199,61,33,195,194,74,185,116,114,49,247,227,122,189,161,177,190,197,191,133,199,111,155,37,114,219,210,4,154,167,134,132,210,199,13,36,229,130,188,205,224,10,236,6,133,191,133,199,61,33,231,104,74,185,165,143,49,49,144,5,189,161,193,190,197,191,133,199,116,46,167,133,199,184,233,193,237,74,63,150,217,155,190,155,190,189,111,197,190,133,191,133,199,61,33,195,237,74,185,20,114,49,49,199,127,33,7,4,182,185,165,110,49,214,49,180,144,185,80,240,220,135,23,199,151,33,191,160,140,207,68,25,237,74,174,55,152,131,246,112,33,191,237,85,205,128,173,49,179,5,37,109,235,3,190,197,217,199,146,33,2,221,74,185,4,235,49,231
Best fitness found so far: 0.5945877423892506; k: 2.0
Generation: 75; 0.5945877423892506; k: 2.0; 84,202,93,63,69,172,123,231,153,46,119,36,167,133,65,184,33,68,237,74,175,150,217,155,190,155,190,111,168,95,9,191,133,229,13,33,189,237,74,185,71,235,237,82,185,209,7,135,184,33,190,36,44,133,65,184,33,48,237,74,175,150,217,187,190,155,190,111,19,190,215,85,190,111,155,190,81,235,220,191,35,234,207,187,226,237,74,185,55,152,219,246,112,69,32,175,111,205,190,9,125,185,195
Best fitness found so far: 0.5945877423892506; k: 2.0
Generation: 76; 0.5945877423892506; k: 2.0; 216,202,93,63,17,172,123,231,153,46,119,36,167,133,199,184,33,223,237,74,175,150,217,155,190,155,190,107,155,190,99,199,13,33,189,237,248,181,71,235,49,177,144,5,92,69,155,190,197,191,133,4,21,155,189,107,155,135,84,22,56,134,199,13
Best fitness found so far: 0.5945877423892506; k: 2.0
Generation: 77; 0.5945877423892506; k: 2.0; 146,202,93,63,17,172,123,231,153,46,119,36,3,133,65,184,33,168,237,74,175,150,217,155,30,155,190,150,217,101,156,155,109,179,205,190,207,72,33,237,74,185,55,152,116,246,112,155,40,175,150,217,101,190,155,190,220,135,59,51,145,33,33,235,15,154,96,115,73,33,13,233,68,8
Best fitness found so far: 0.5945877423892506; k: 2.0
Generation: 78; 0.5945877423892506; k: 2.0; 216,70,93,63,135,172,123,231,27,46,119,36,167,133,65,184,33,223,145,74,175,150,217,155,190,155,236,7,223,74,185,71,235,237,56,185,96,128,93,184,33,13,33,195,237,74,185
Best fitness found so far: 0.5945877423892506; k: 2.0
Generation: 79; 0.5945877423892506; k: 2.0; 216,202,93,63,17,172,123,231,153,46,119,36,167,133,65,184,33,223,237,74,175,150,217,155,190,155,190,223,155,190,9,191,133,200,235,237,82,185,209,7,135,184,33,223,36,44,133,65,184,33,6,237,74,175,150,113,187,190,155,188,111,19,190,9,191,153,1,106,92,167,88,65,184,33,223,37,23,206,150,146,104,76,99,190,183,155,7,9,226,133,199,13,33,189,237,248,185,71,14,216,160,199,13,33,7,226,185,185,165,235,49,150,49,115,144,24,80,240,220,135,59,199,145,33,191,160,243,96,115,223,148,13,61,68,17
Best fitness found so far: 0.5945877423892506; k: 2.0
Generation: 80; 0.5945877423892506; k: 2.0; 146,202,113,63,17,172,123,231,153,46,119,36,167,133,65,184,33,223,237,74,175,150,217,155,190,155,190,249,234,190,9,191,57,37,171,33,189,208,191,133,229,248,33,195,82,10,190,197,191,133,79,13,140,195,169,70,185
Best fitness found so far: 0.5945877423892506; k: 2.0
Generation: 81; 0.5945877423892506; k: 2.0; 216,202,93,63,17,172,123,236,153,46,119,36,167,133,65,184,33,223,237,74,175,150,217,155,198,155,200,111,243,190,9,191,133,199,13,106,189,237,74,185,138,235,237,217,155,190,155,190,191,133,199,13,33,195,175,74,185,119,185,49,83,110,51,92
Best fitness found so far: 0.5945877423892506; k: 2.0
Generation: 82; 0.5945877423892506; k: 2.0; 146,202,93,63,17,172,123,231,153,46,119,36,167,133,65,184,33,223,181,74,175,150,217,155,190,155,190,188,56,190,9,86,185,169,70,185
Best fitness found so far: 0.5945877423892506; k: 2.0
Generation: 83; 0.5945877423892506; k: 2.0; 146,202,233,57,37,172,123,231,153,46,119,36,167,133,65,184,33,223,237,74,175,150,217,155,190,105,190,111,155,190,9,191,50,155,190,189,111,129,190,133,75,133,223,61,33,195,237,74,227,20,163,49,49,144,5,189,161,199,190,56,57,206,241,234,155,37,114,155,116,4,5,167,134,199,133,208,13,33,195,130,188,185,224,152,159,6,17,172,123,231,123,231,153,46,209,36,167,133,65,184,33,48,237,74,175,150,217,155,190,155,109,111,64,217,9,191,231,1,51,236,167,133,65,184,33,223,33,223,237,74,18,150,217,155,190,155,190,237,74,185,215,74,190,150,217,101,156,237,135,9,98,36,237,191,147,91,243,206,18,136,33,13
Best fitness found so far: 0.5945877423892506; k: 2.0
Generation: 84; 0.5945877423892506; k: 2.0; 248,202,93,63,17,172,215,231,153,46,225,36,209,133,231,184,33,223,237,74,175,150,217,155,250,155,9,111,155,190,9,191,56,250,111,155,91,9,106,133,41,76,164,189,237,74,185,71,235,237,157,222,209,7,92,184,243,125,13,33,189,12
Best fitness found so far: 0.5945877423892506; k: 2.0
Generation: 85; 0.5945877423892506; k: 2.0; 216,80,93,63,17,172,123,231,27,46,119,36,167,133,65,184,33,223,145,74,175,150,217,155,190,155,190,111,155,190,9,191,133,199,13,33,189,223,74,185,71,189,237,56,163,209,128,135,184,33,223,237,74,175,150,207,41,145,169,70,185
Best fitness found so far: 0.5945877423892506; k: 2.0
Generation: 86; 0.5945877423892506; k: 2.0; 146,202,93,63,23,172,123,231,185,46,119,36,167,133,65,184,33,48,237,74,175,150,217,155,190,155,190,111,155,31,9,191,153,232,106,92,167,133,65,184,33,223,57,74,27,190,75,191,195,199,13,33,189,223,27,185,71,248,237,56,185,209,128,135,191,120,26,13,33,195,237,135,185,165,235,49,49,243,57,107
Best fitness found so far: 0.5945877423892506; k: 2.0
Generation: 87; 0.5945877423892506; k: 2.0; 120,202,93,63,17,172,123,231,185,46,119,36,167,133,65,184,33,48,237,74,175,150,217,155,190,155,190,111,74,185,71,235,237,56,185,92,128,135,15,33,195,237,74,175,150,217,89,190,143,49,110,51,51
Best fitness found so far: 0.5945877423892506; k: 2.0
Generation: 88; 0.5945877423892506; k: 2.0; 31,70,93,63,17,172,123,231,27,46,119,36,167,133,65,184,33,223,145,74,175,150,217,155,190,155,212,193,54,190,9,191,133,199,13,33,189,223,74,185,71,235,237,100,185,209,128,135,194,33,162,237,74,175,150,217,89,181,143,49,110,51,51
Best fitness found so far: 0.5945877423892506; k: 2.0
Generation: 89; 0.5945877423892506; k: 2.0; 146,202,93,63,17,172,123,231,153,46,119,36,167,133,65,184,33,48,237,74,175,150,217,155,190,155,190,111,19,190,9,229,153,1,106,92,167,88,65,213,33,223,96,74,133,56,184,33,223,237,6,175,150,217,155,175,150,217,155,190,155,190,188,99,190,9,86,185,165,200,49,49,200,51,217,155,190,155,190,17,234,190,9,38,57,236,74,33,189,136,191,133,229,248,33,195,237,10,190,197,191,133,79,13,140,217,169,70,185
Best fitness found so far: 0.5945877423892506; k: 2.0
Generation: 90; 0.5945877423892506; k: 2.0; 248,202,93,63,17,172,123,231,153,46,225,36,167,133,83,184,125,223,237,74,175,150,217,155,250,155,9,111,155,190,44,190,133,246,176,187,29,127,60,62,235,67,49,154,237,76,153,46,119,129,249,9,226,133,199,13,33,189,237,248,181,71,235,216,56,199,113,103,195,237,185,132,165,35,49,150,49,250,144,5,155,240,220,135,59,199,145,33,191,15,154,96,115,223,33,13,62,68,221
Best fitness found so far: 0.5945877423892506; k: 2.0
Generation: 91; 0.5945877423892506; k: 2.0; 216,202,93,63,119,172,123,231,153,46,119,36,167,133,199,184,33,223,237,74,205,160,217,155,190,155,190,98,111,210,190,49,191,133,199,61,33,240,249,74,58,165,114,49,206,144,164,189,161,177,190,166,191,101,237,119,36,167,133,199,184,33,223,124,196,205,150,81,228,190,155,190,189,111,155,190,133,246,133,199,61,33,195,231,153,46,119,70,167,133,63,184,33,17,237,74,219,150,217,155,190,155,221,237,74,185,95,235,50,48,80,5,189,22,155,181,129,191,133,17,93,133,246,175,107,8
Best fitness found so far: 0.5945877423892506; k: 2.0
Generation: 92; 0.5945877423892506; k: 2.0; 216,202,93,63,139,172,123,231,153,46,193,36,167,133,231,184,213,223,237,74,175,150,73,155,26,155,9,111,155,190,9,191,133,150,217,24,190,155,109,111,235,200,9,191,153,1,51,236,167,133,235,184,71,223,33,223,124,74,219,150,217,103,190,5,190,237,74,185,71,16,50,48,80,5,189,247,155,100,129,191,133,199,13,162,9,191,153,224,48,92,167,88,113,42,33,223,37,78,27,150,146,60,76,191,171,53,190,7,138,226,133,199,13,211,173,241,248,185,71,14,216,56,199,127,33,96,58,182,185,165,110,49,214,15,180,181,185,80,240,220,135,23,199,13,33,191,191,140,207,68,218,237,74,174,55,152,116,246,112,33,191,237,85,205,128,173,49,179,144,37,109,235,3,190,197,75,199,146,33,2,221,74,185,4,235,49,132,49,211,76,76,124,107,239,2,71,24,49,8,111,155,184,54,191,247,89,13,65,9,191,153,128,105,92,167,88,61,184,33,223,37,74,27,150,146,230,76,212,190,53,190,7,9,226,133,199,13,33,189,237,15,185,174,14,216,56,199,245,33,7,58,185,185,165,235,49,150,49,180,144,24,80,240,220,87,59,199,145,33,191,160,223,96,115,163,148,11,62,68,17
Best fitness found so far: 0.5945877423892506; k: 2.0
Generation: 93; 0.5945877423892506; k: 2.0; 88,202,93,63,17,172,123,231,185,46,119,36,167,133,65,184,33,48,237,74,175,150,217,155,190,155,190,111,155,190,23,191,153,1,106,92,167,133,65,184,79,223,37,74,27,150,146,60,76,82,190,52,155,190,105,216,153,46,119,36,167,133,199,184,33,223,237,74,175,150,217,155,194,155,81,107,155,10,26,234,5,189,111,155,190,197,191,133,29,191,133,199,13,33,189,237,74
Best fitness found so far: 0.5945877423892506; k: 2.0
Generation: 94; 0.5945877423892506; k: 2.0; 216,202,93,63,17,172,123,231,153,46,119,36,167,133,65,184,33,223,237,74,175,150,217,155,190,155,190,111,155,190,9,191,133,199,13,33,189,237,74,185,71,235,237,56,81,209,7,135,184,33,223,185,74,175,150,33,195,237,135,185,165,235,49,49,243,57,107
Best fitness found so far: 0.5945877423892506; k: 2.0
Generation: 95; 0.5945877423892506; k: 2.0; 84,202,93,63,17,172,123,231,153,46,119,36,167,133,65,184,33,223,237,74,109,150,217,155,190,155,190,111,168,190,9,191,133,199,13,33,189,237,87,11,71,30,237,122,185,209,7,135,184,33,223,36,44,133,65,184,33,48,237,74,175,150,217,187,190,155,190,111,19,190,9,191,113,20,106,155,228,155,190,111,155,190,9,191,133,199,13,223,189,237,74
Best fitness found so far: 0.5945877423892506; k: 2.0
Generation: 96; 0.5945877423892506; k: 2.0; 146,202,93,63,17,172,123,231,153,46,165,36,113,133,65,184,33,223,237,74,175,150,217,155,190,155,190,249,234,190,44,69,57,37,171,33,189,136,191,123,231,153,46,119,36,167,133,199,113,33,223,237,74,205,150,217,155,190,155,190,64,111,155,190,133,191,133,199,61,33,195,249,74,58,165,114,49,49,144,5,189,161,177,190,197,191,133,199,119,36,167,133,199,184,33,55,124,196,205,150,217,155,190,155,190,134,111,155,190,133,191,133,59,61,33,195,194,74,185,116,233,41,49,227,122,189,161,177,83,197,191,133,199,111,195,37,114,219,14,4,154,167,134,199,210,199,13,36,229,130,188,205,224,10,15,6,59,191,133,199,61,33,195,237,74,185,165,143,213,49,144,5,189,161,115,190,197,191,130,199,119,36,167,133,199,184,33,193,237,74,63,150,217,155,190,155,120,189,111,197,190,133,191,98,199,61,248,195,237,74,185,20,246,49,49
Best fitness found so far: 0.5945877423892506; k: 2.0
Generation: 97; 0.5945877423892506; k: 2.0; 216,202,93,63,17,172,123,46,153,46,119,36,167,133,199,184,33,223,237,74,205,150,217,155,190,155,190,98,111,155,190,133,191,133,199,61,33,195,237,74,185,165,114,49,49,144,5,189,161,177,185,197,158,133,199,119,36,167,133,199,184,33,223,237,74,170,150,217,155,190,155,190,189,111,155,190,133,191,133,199,61,239,195,237,74,185,20,114,49,49,144,196,189,161,177,190,197,191,133,199,21,155,37,114,219,116,4,152,167,134,199,133,159,149,143,229,130,188,185,224,152,236,68,133,191,133,199,61,33,195,129,74,185,165,114,49,21,144,5,189,161,19,190,197,78,13,33,195,237,74,225
Best fitness found so far: 0.5945877423892506; k: 2.0
Generation: 98; 0.5945877423892506; k: 2.0; 146,202,93,63,187,172,123,231,153,46,209,191,167,133,65,184,33,48,237,74,175,150,217,155,190,120,109,111,26,20,9,191,153,1,51,236,80,133,65,184,15,154,226,115,223,74,203,81,235,220,191,209,7,190,89,191,182,78,13,33,195,237,74,225
Best fitness found so far: 0.5945877423892506; k: 2.0
Generation: 99; 0.5945877423892506; k: 2.0; 146,202,93,249,17,172,181,231,153,46,119,36,167,133,65,184,33,48,243,74,175,150,217,155,190,155,190,111,19,190,9,229,153,1,106,92,167,54,65,213,33,223,96,74,133,56,184,33,223,237,74,175,150,202,155,250,155,9,111,155,190,9,191,133,158,98,199,61,33,195,237,74,185,165,143,49,49,144,5,189,120,177,190,197,191,133,199,119,36,167,133,199,184,126,193,237,74,63,32,217,155,190,155,190,189,111,197,190,224,191,133,199,61,33,195,237,74,197,20,119,49,49
Best fitness found so far: 0.5945877423892506; k: 2.0
Generation: 100; 0.5945877423892506; k: 2.0; 216,202,93,63,17,172,123,231,153,46,119,36,167,133,199,184,33,223,237,74,191,150,217,155,190,155,190,98,111,155,190,133,191,133,199,61,33,195,237,74,185,165,114,49,49,144,5,107,161,177,190,197,116,133,199,119,36,167,133,199,184,33,223,143,74,205,150,217,155,190,155,190,189,111,155,190,215,247,133,199,61,33,195,237,74,22,20,114,49,49,144,196,189,161,177,190,197,191,133,199,21,155,37,114,219,116,4,129,167,134,199,133,113,13,36,229,130,188,185,224,152,236,6,133,191,133,199,61,33,195,237,74,185,165,114,49,141,144,5,189,216,70,93,63,17,172,123,231,27,46,119,36,167,133,65,184,33,86,145,74,175,150,135,155,190,155,190,191,155,190,9,191,133,199,13,33,189,223,74,206,71,235,237,56,185,209,128,135,184,33,223,237,74,175,150,217,89,190,67,49,110,51,51
Best fitness found so far: 0.5945877423892506; k: 2.0
Generation: 101; 0.5945877423892506; k: 2.0; 146,202,93,63,17,172,123,231,153,46,119,36,167,133,65,184,33,158,237,74,175,150,217,155,190,155,190,179,91,190,207,72,195,237,183,185,55,152,116,6,112,69,40,175,150,217,101,207,155,190,220,135,59,199,145,119,33,235,15,154,31,115,135,33,13,233,68,18
Best fitness found so far: 0.5945877423892506; k: 2.0
Generation: 102; 0.5945877423892506; k: 2.0; 216,202,93,237,17,172,123,231,153,46,119,36,167,133,65,184,33,223,237,74,9,150,217,155,190,60,190,111,155,190,250,191,133,118,13,33,189,57,74,185,71,235,237,56,119,209,66,135,184,141,223,237,74,141,150,217,21,190,155,42,111,155,190,9,234,33,195,237,198,154,81,235,220,58,32,140,149,187,226,237,199,78,86,87,116,211,112,67,126,221,150,205,128,235,204,179,144,37,109,235,104,166,197,83,220,146,221,2,246,74,70,4,235,49,16,49,76,144,236,124,175,25,145,171,24,49,221,169,155,184,9,191,133,89,13,217,9,168,153,224,48,92,167,88,113,184,33,223,37,78,27,150,146,60,76,58,190,77,165,7,9,226,133,199,227,33,173,241,248,185,71,14,216,56,199,127,33,7,58,182,185,165,110,114,214,49,180,13,185,80,240,220,135,61,199,129,11,191,160,140,207,68,25,237,74,174,55,152,116,246,112,233,191,237,85,205,128,173,49,179,144,37,109,235,3,190,197,217,199,146,33,171,221,74,185,29,235,49,132,49,211,76,191,124,175,239,2,171,24,49,8,111,155,184,9,191,247,89,13,65,9,191,153,128,105,92,167,88,65,184,33,223,37,74,27,150,146,35,76,212,190,53,190,7,9,198,133,199,100,33,189,237,248,185,71,14,224,56,199,127,33,7,58,185,185,165,235,49,150,49,180,144,24,80,240,220,135,59,199,129,33,191,160,223,96,115,250,148,11,62,68,4
Best fitness found so far: 0.5945877423892506; k: 2.0
Generation: 103; 0.5945877423892506; k: 2.0; 216,202,93,63,17,172,123,231,153,46,119,36,167,133,231,184,33,223,237,74,175,150,217,155,104,155,9,114,155,190,9,191,133,175,150,217,155,28,155,9,111,38,115,9,26,133,246,98,155,190,155,190,249,234,190,9,191,57,60,171,33,189,136,191,133,227,248,33,195,82,10,74,197,8,35,79,13,140,158,169,70,185
Best fitness found so far: 0.5945877423892506; k: 2.0
Generation: 104; 0.5945877423892506; k: 2.0; 248,202,93,63,27,172,123,231,153,46,225,36,167,133,231,184,33,223,237,74,175,150,217,155,250,155,9,111,155,190,9,191,133,246,98,187,245,127,60,62,235,49,49,144,123,231,153,46,119,60,187,133,65,184,69,40,175,150,217,101,190,155,190,220,135,59,199,145,33,33,159,76,106,96,115,135,33,121,233,68,18
Best fitness found so far: 0.5945877423892506; k: 2.0
Generation: 105; 0.5945877423892506; k: 2.0; 248,202,93,63,17,172,123,231,153,46,225,36,167,133,231,184,33,223,237,74,175,150,217,155,250,155,9,111,155,190,9,191,133,246,98,146,29,236,60,62,235,49,49,144,123,231,153,46,119,36,187,133,65,184,33,223,237,134,175,135,184,33,13,33,195,237,74,185
Best fitness found so far: 0.5945877423892506; k: 2.0
Generation: 106; 0.5945877423892506; k: 2.0; 216,202,143,63,3,172,123,231,153,46,119,36,167,133,231,184,213,223,237,74,175,150,73,155,26,155,9,111,155,190,9,191,133,150,217,155,190,155,109,111,235,200,9,191,153,38,51,236,167,133,235,184,33,223,33,223,237,74,219,150,217,187,29,127,60,243,235,49,49,144,123,231,153,46,60,36,187,99,199,212,33,223,237,98,175,150,217,155,190,155,190,111,155,89,9,191,133,199,13,237,81,237,74,127,71,235,237,56,185,196,7,135,40,33,223,237,74,175,122,199,216,22,199,58,33,13
Best fitness found so far: 0.5945877423892506; k: 2.0
Generation: 107; 0.5945877423892506; k: 2.0; 146,202,93,33,17,172,123,231,185,46,117,36,167,133,65,184,33,48,237,74,175,150,217,155,190,155,234,111,155,190,9,191,223,1,106,92,167,133,65,184,33,223,37,74,27,150,146,60,76,191,190,155,190,155,190,111,155,190,9,86,121,165,200,49,49,110,51,92
Best fitness found so far: 0.5945877423892506; k: 2.0
Generation: 108; 0.5945877423892506; k: 2.0; 216,202,93,63,119,172,123,231,153,46,119,36,167,133,199,184,33,223,237,74,205,150,217,155,190,155,190,98,202,202,93,63,241,172,123,231,153,46,119,36,167,133,199,184,33,223,215,74,175,150,217,155,202,155,185
Best fitness found so far: 0.5945877423892506; k: 2.0
Generation: 109; 0.5945877423892506; k: 2.0; 146,202,93,57,17,172,123,231,153,46,119,36,167,133,65,184,33,168,237,74,175,150,217,155,190,155,237,56,185,209,7,121,184,136,12,13,33,189,12
Best fitness found so far: 0.5945877423892506; k: 2.0
Generation: 110; 0.5945877423892506; k: 2.0; 248,202,93,63,17,172,123,231,153,46,225,36,167,133,231,184,33,223,237,74,175,150,217,155,28,155,9,111,155,190,9,191,133,246,98,187,29,127,60,134,235,226,49,144,123,139,153,46,222,195,187,133,65,184,155,190,197,191,61,4,21,155,189,107,155,85,84,202,56,134,199,13
Best fitness found so far: 0.5945877423892506; k: 2.0
Generation: 111; 0.5945877423892506; k: 2.0; 146,202,93,63,17,172,123,231,153,46,119,36,167,133,65,184,33,223,237,74,175,150,131,155,190,160,190,249,234,190,9,191,57,37,171,33,189,136,191,133,229,204,2,153,46,119,36,151,133,65,184,33,7,235,74,165,96,49,49,243,57,107
Best fitness found so far: 0.5945877423892506; k: 2.0
Generation: 112; 0.5945877423892506; k: 2.0; 216,202,93,63,17,172,123,231,153,46,119,36,243,223,199,184,33,223,237,74,205,150,217,155,190,155,190,189,111,155,190,133,191,133,199,61,167,133,65,184,48,48,237,74,70,150,96,155,190,155,109,111,90,115,9,212,137,1,156,236,167,133,65,184,33,223,101,223,237,74,219,150,217,155,190,155,190,237,74,185,90,74,50,48,80,5,103,22,155,100,129,191,133,143,80,133,246,175,107,8
Best fitness found so far: 0.5945877423892506; k: 2.0
Generation: 113; 0.5945877423892506; k: 2.0; 49,188,93,63,17,172,123,231,153,46,119,36,167,133,65,184,33,223,237,74,9,150,217,155,190,155,8,111,155,190,9,191,133,118,13,33,189,237,74,185,71,235,237,49,95,5,189,161,116,190,212,116,238,241,60,15,37,153,46,225,36,167,133,231,15,145,223,237,74,81,150,217,155,250,155,208,142,155,190,9,191,133,246,197,187,29,127,60,62,235,49,49,144,123,231,153,223,119,36,187,133,65,184,33,223,186,74,175,150,126,155,190,155,190,111,226,190,9,191,133,199,13,237,189,24,74,110,71,176,237,56,185,196,7,135,40,155,114,237,74,175,122,199,216,133,199,53,104,128
Best fitness found so far: 0.5945877423892506; k: 2.0
Generation: 114; 0.5945877423892506; k: 2.0; 231,202,93,63,17,172,123,231,153,46,209,36,167,133,199,184,33,223,237,74,175,150,217,155,190,155,81,107,155,10,49,234,5,189,140,155,190,240,191,133,131,13,33,195,70,74,185,81,5,220,191,32,234,207,187,226,237,74,185,55,152,116,246,112,69,32,175,111,205,22,9,125,185,195
Best fitness found so far: 0.5945877423892506; k: 2.0
Generation: 115; 0.5945877423892506; k: 2.0; 216,202,93,63,17,172,13,231,153,46,1,36,167,133,231,184,33,223,237,204,175,150,217,155,190,155,9,111,155,2,9,191,154,147,98,134,75,13,185,91,235,49,49,144,41,189,135,155,190,197,155,133,199,111,155,190,197,191,133,199,13,33,195,237,200,234,165,235,50,127,80,5,6,45,155,218,237,191,133,199,191,243,19,13,123,164
Best fitness found so far: 0.5945877423892506; k: 2.0
Generation: 116; 0.5945877423892506; k: 2.0; 216,202,93,63,85,172,123,231,153,46,119,36,167,133,231,184,211,223,241,74,175,150,217,155,190,155,9,111,155,190,9,191,133,144,98,202,199,198,185,28,64,49,49,144,5,189,64,155,190,37,74,27,150,146,60,76,101,113,52,155,190,105,82,133,199,13,33,135,237,74,185,71,113,28,56,158,223,7,135,33,135,249,215,177,31,235,182,49,144,32,222,235,155,190,179,191,102,248,21,3,13,185,51,5,189,235,138,2,155,147,191,191,133,199,130,133,199,13,33,13
Best fitness found so far: 0.5945877423892506; k: 2.0
Generation: 117; 0.5945877423892506; k: 2.0; 216,202,93,63,235,172,123,231,153,46,119,36,167,133,231,184,213,223,237,74,175,150,73,155,26,155,9,111,244,190,9,149,133,150,217,155,190,155,109,111,235,200,9,191,153,1,51,211,192,133,235,184,33,223,10,223,237,74,219,150,217,103,190,5,190,237,105,185,71,16,50,48,197,5,145,22,155,100,129,215,231,78,46,119,36,167,63,65,184,33,223,239,74,175,6,217,155,248,155,190,236,68,190,146,191,86,155,190,189,198,246,190,133,246,133,11,132,33,195,237,164,248,20,163,49,49,95,5,189,161,116,190,212,57,169,241,60,155,37,153,50,225,223,167,133,231,193,33,223,237,74,156,150,217,155,250,27,150,146,60,76,191,190,52,155,190,105,104,133,199,13,33,189,237,74,185,71,235,216,56,250,223,7,135,33,135,117,74,185,165,235,49,111,144,123,92,235,155,190,156,191,133,199,21,155,189,107,202,177,84,107,167,134,199,13
Best fitness found so far: 0.5945877423892506; k: 2.0
Generation: 118; 0.5945877423892506; k: 2.0; 146,202,93,63,31,172,123,231,153,46,119,36,167,133,65,184,33,48,237,74,155,150,217,155,144,225,67,111,19,190,9,229,153,234,106,92,167,2,186,213,33,223,96,74,91,56,150,139,223,116,74,108,150,217,155,250,155,9,189,155,190,9,191,133,117,98,22,29,127,36,62,235,8,49,144,123,231,153,46,119,36,187,99,112,212,47,198,185,28,64,49,49,3,5,189,135,155,190,250,111,155,6
Best fitness found so far: 0.5945877423892506; k: 2.0
Generation: 119; 0.5945877423892506; k: 2.0; 216,202,93,63,17,172,183,231,153,46,175,36,167,133,65,184,33,223,237,74,175,150,217,155,190,155,190,111,243,190,9,191,133,199,13,106,189,155,74,185,71,36,167,133,231,184,33,223,237,30,175,150,217,155,190,155,9,111,155,190,9,191,133,152,98,134,199,13,185,62,235,169,49,144,5,189,135,155,190,197,155,133,199,21,155,190,107,155,177,84,152,98
Best fitness found so far: 0.5945877423892506; k: 2.0
Generation: 120; 0.5945877423892506; k: 2.0; 146,202,93,63,17,172,79,231,153,46,229,36,167,133,65,184,33,48,237,74,155,70,217,155,144,155,67,111,19,186,9,229,153,1,106,32,167,2,65,213,33,223,96,74,91,56,184,33,223,116,74,175,150,217,155,250,155,9,189,155,111,9,79,133,142,190,9,159,190,142,155,63,9,226,66,199,13,33,189,237,248,185,71,235,216,56,199,13,33,195,237,185,185,165,235,25,194,49,247,144,5,74,240,220,132,59,199,101,33,200,233,154,96,189,218,33,13,62,68,173
Best fitness found so far: 0.5945877423892506; k: 2.0
Generation: 121; 0.5945877423892506; k: 2.0; 216,202,93,63,17,82,123,231,153,1,119,36,167,133,65,184,33,223,237,74,175,150,217,155,190,155,190,111,155,190,9,33,223,37,13,33,189,6
Best fitness found so far: 0.5945877423892506; k: 2.0
Generation: 122; 0.5945877423892506; k: 2.0; 216,70,93,63,17,172,123,231,27,46,119,36,167,133,65,184,145,223,145,74,175,150,217,155,190,155,218,111,155,190,75,191,195,199,13,33,189,223,27,178,71,235,237,56,185,209,128,207,191,133,26,13,33,195,237,135,26,165,235,49,231,153,46,119,36,167,133,65,184,33,223,237,74,43,150,217,155,190,155,190,111,155,190,9,191,133,118,13,63,189,237,74,185,71,235,237,56,185,209,66,135,184,54,223,237,74,175,150,43,244,190,155,190,111,155,190,9,234,33,195,237,198,129,81,235,220,191,32,140,149,187,226,137,199,78,55,152,116,246,112,33,195,237,150,205,128,235,49,179,144,37,109,51,126,190,197,83,199,146,33,2,246,74,185,4,235,79,132,49,211,144,236,124,175,239,2,171,24,49,246,111,155,184,9,191,133,89,13,65,9,191,153,128,48,92,24,47,113,184,33,223,37,24,27,150,146,60,76,221,190,242,190,7,9,226,133,54,13,33,173,241,156,185,71,14,216,56,199,127,33,7,202,43,185,165,235,49,214,49,180,95,45,80,240,220,135,223,199,151,33,191,81,223,31,115,134,159,11,62,68,17
Best fitness found so far: 0.5945877423892506; k: 2.0
Generation: 123; 0.5945877423892506; k: 2.0; 146,202,233,63,17,172,123,231,153,46,119,36,167,133,65,184,33,223,237,74,175,150,217,155,190,155,190,111,155,190,9,191,50,155,190,51,111,155,15,133,191,133,223,61,33,195,237,74,185,20,114,49,49,144,5,189,161,116,190,197,191,133,173,21,155,37,114,155,116,4,152,167,134,222,133,208,13,33,195,130,188,185,224,152,236,6,17,172,155,26,155,16,111,4,190,9,149,133,150,103,155,190,155,109,111,235,200,9,191,153,182,51,211,81,133,235,184,33,223,144,223,237,74,219,184,217,103,190,5,190,237,200,185,71,16,50,48,197,5,145,22,155,100,129,215,231,185,46,119,36,163,63,65,184,33,223,237,74,35,150,217,155,248,155,190,236,68,190,103,191,86,155,190,189,198,246,190,133,246,133,11,61,241,195,237,32,248,20,163,49,49,95,5,189,161,116,190,102,57,238,241,190,155,37,194,46,225,36,167,133,231,193,33,223,237,74,175,150,217,155,250,155,163,142,73,190,9,191,232,246,158,187,29,127,60,62,235,49,49,144,123,231,200,223,119,199,187,133,65,184,33,223,186,74,219,150,21,155,190,155,190,111,155,190,9,191,133,199,13,237,189,237,74,9,71,176,237,56,185,196,7,135,40,216,114,237,74,175,122,199,216,133,199,23,104,13
Best fitness found so far: 0.5945877423892506; k: 2.0
Generation: 124; 0.5945877423892506; k: 2.0; 146,202,93,63,17,172,123,231,153,46,209,36,167,133,65,184,33,48,237,74,175,150,217,155,190,155,109,194,155,190,9,191,153,1,51,236,167,133,65,123,231,153,46,225,36,167,86,231,184,33,223,237,74,95,150,217,155,188,155,211,111,155,190,9,26,133,246,98,155,190,43,240,249,234,190,9,191,217,60,171,33,189,136,191,133,229,248,33,195,82,10,74,197,8,35,58,13,140,101,169,70,237
Best fitness found so far: 0.5945877423892506; k: 2.0
Generation: 125; 0.5945877423892506; k: 2.0; 216,202,93,63,17,172,123,231,153,46,119,36,167,133,231,184,33,223,237,74,35,165,217,155,190,155,9,111,155,190,9,191,133,6,9,134,199,13,185,131,235,49,49,144,5,201,135,155,190,197,155,133,199,21,243,242,107,184,33,158,53,74,175,150,217,155,190,155,236,179,205,190,50,140,195,237,74,185,55,152,116,246,98,155,170,175,150,217,68,121,107,8
Best fitness found so far: 0.5945877423892506; k: 2.0
Generation: 126; 0.5945877423892506; k: 2.0; 216,220,93,63,17,172,123,231,153,46,119,36,167,63,53,184,33,223,237,74,205,150,217,155,190,155,190,98,111,155,190,132,191,133,199,61,33,195,237,74,185,165,114,49,202,144,15,189,152,177,190,197,191,133,199,119,36,167,133,199,184,33,223,237,74,205,150,217,155,190,155,133,189,111,155,190,133,191,133,199,244,33,45,237,74,185,20,114,49,49,56,208,223,7,209,33,135,193,74,177,31,235,49,49,144,67,92,36,155,190,179,191,133,248,21,3,13,185,51,5,189,235,155,45,155,2,191,191,133,199,216,133,199,151,33,167,177,190,197,191,133,199,119,36,167,133,199,184,33,223,237,74,205,150,217,155,190,155,133,189,111,155,190,133,191,133,199,244,33,45
Best fitness found so far: 0.5945877423892506; k: 2.0
Generation: 127; 0.5945877423892506; k: 2.0; 146,202,93,63,17,172,123,231,153,46,119,36,167,133,65,184,33,223,237,74,247,150,217,155,190,155,190,111,155,190,9,191,57,199,13,33,189,197,191,133,199,13,33,185,55,152,116,246,112,69,40,175,150,217,101,190,97,190,220,135,59,186,145,33,33,235,15,154,96,115,135,33,30,233,68,18
Best fitness found so far: 0.5945877423892506; k: 2.0
Generation: 128; 0.5945877423892506; k: 2.0; 84,156,93,63,33,172,5,231,129,46,119,26,167,133,65,184,33,223,187,74,175,150,217,155,190,155,190,152,168,190,9,191,133,199,91,100,189,188,185,224,152,236,6,133,191,102,199,88,133,195,237,74,185,165,114,49,49,83,5,189,197,177,190,197,191,133,243,119,36,73,32,199,184,100,223,237,74,205,150,106,155,190,155,190,169,111,155,231,153,36,119,36,167,133,65,184,33,223,237,74,175,150,217,155,190,155,190,111,155,190,9,191,133,199,13,33,189,248,74,185,71,235,237,56,185,194,7,135,184,33,223,237,74,175,150,217,155,190,155,190,111,55,246,9,191,133,199,13,33,189,237,74
Best fitness found so far: 0.5945877423892506; k: 2.0
Generation: 129; 0.5945877423892506; k: 2.0; 216,70,93,63,17,172,123,231,127,46,119,36,35,133,65,184,33,223,145,74,175,150,217,155,190,155,190,111,155,190,9,191,133,27,150,146,60,26,185,4,235,49,49,49,191,133,199,13,33,134,237,74,185
Best fitness found so far: 0.5945877423892506; k: 2.0
Generation: 130; 0.5945877423892506; k: 2.0; 146,202,233,15,37,172,215,231,185,46,119,36,167,63,65,184,33,223,237,74,175,150,217,155,190,155,195,185,68,190,9,191,80,155,190,202,179,246,190,133,246,133,223,61,33,195,237,164,206,20,163,49,49,43,5,189,161,116,190,179,57,238,241,234,155,37,157,46,225,36,167,48,237,74,175,21,217,155,190,155,190,196,155,190,242,191,153,1,106,243,167,133,207,184,238,223,37,74,27,150,146,108,76,191,190,52,155,190,105,104,133,199,13,90,189,237,74,185,71,235,155,56,158,223,40,135,33,135,117,74,177,165,235,49,49,144,5,92,235,215,190,156,191,133,248,21,155,209,75,135
Best fitness found so far: 0.5945877423892506; k: 2.0
Generation: 131; 0.5945877423892506; k: 2.0; 216,202,93,237,17,172,79,231,97,46,119,36,167,133,65,184,33,223,237,74,9,150,217,155,190,60,167,111,155,79,250,191,133,118,13,33,214,146,74,185,71,235,89,56,58,158,66,135,184,172,223,237,74,93,150,217,244,190,155,5,111,155,190,9,234,33,195,237,198,39,81,235,220,58,32,140,121,187,226,237,199,78,55,151,116,211,112,67,106,221,150,205,128,235,49,179,144,37,109,235,126,190,197,83,220,146,33,2,246,74,70,78,235,49,16,153,211,144,236,124,175,12,2,171,24,49,214,111,114,184,9,191,133,89,13,217,9,190,153,224,57,215,167,88,113,184,204,223,37,78,27,150,217,60,76,191,190,53,190,7,9,155,133,199,13,33,173,241,248,185,71,14,216,145,199,127,33,7,58,182,185,192,110,226,214,49,180,144,185,80,240,220,135,23,199,151,33,191,160,140,207,94,25,237,74,147,55,152,116,246,112,33,130,237,181,205,128,214,191,179,144,239,109,235,3,190,197,217,183,146,33,2,221,74,185,4,235,49,132,49,211,76,191,124,175,158,194,171,24,49,8,111,186,184,9,74,175,150,34,155,190,155,190,111,155,23,9,191,133,199,13,33,179,223,192,185,71,235,237,56,185,133,128,135,184,33,240,33,195,237,74,185
Best fitness found so far: 0.5945877423892506; k: 2.0
Generation: 132; 0.5945877423892506; k: 2.0; 101,202,93,63,17,172,123,231,153,46,119,36,167,133,231,184,33,223,237,74,175,150,77,155,190,155,9,111,155,190,9,191,133,6,9,72,199,13,181,131,235,49,15,144,5,189,135,155,190,113,155,133,199,166,155,242,167,133,63,184,33,223,237,74,219,150,217,155,190,155,190,237,74,185,250,235,50,48,80,5,189,22,155,100,129,27,133,199,191,133,246,175,107,8
Best fitness found so far: 0.5945877423892506; k: 2.0
Generation: 133; 0.5945877423892506; k: 2.0; 84,202,93,63,17,172,123,231,153,46,119,36,167,133,65,184,33,223,237,74,107,150,217,195,190,155,190,111,168,190,9,191,133,199,13,33,189,237,74,190,9,86,185,165,200,49,49,200,51,217,155,190,155,190,65,234,235,9,38,57,37,74,33,189,136,191,49,229,248,33,195,82,10,190,197,191,133,79,13,140,217,169,70,185
Best fitness found so far: 0.5945877423892506; k: 2.0
Generation: 134; 0.5945877423892506; k: 2.0; 146,202,93,63,17,172,123,231,153,46,119,36,167,133,65,184,33,223,221,74,175,150,217,155,190,155,190,189,237,74,185,71,235,216,56,185,209,7,135,184,49,12,98,33,189,12
Best fitness found so far: 0.5945877423892506; k: 2.0
Generation: 135; 0.5945877423892506; k: 2.0; 216,202,93,63,17,172,123,231,153,46,119,36,167,133,31,184,33,223,237,74,175,150,43,155,190,155,9,111,155,190,9,191,133,5,155,240,220,135,59,146,145,33,191,15,154,247,223,223,33,13,62,68,17
Best fitness found so far: 0.5945877423892506; k: 2.0
Generation: 136; 0.5945877423892506; k: 2.0; 216,202,93,63,17,172,123,231,153,46,225,1,31,133,65,184,39,223,237,74,9,150,217,155,190,155,190,111,80,190,197,68,225,118,166,33,189,237,74,185,71,235,237,154,185,209,237,135,184,141,223,155,58,33,150,209,244,190,155,190,111,155,190,91,213,33,195,237,225,129,81,235,220,191,32,140,149,187,226,237,199,78,55,152,116,246,112,33,195,237,150,59,128,235,49,179,144,241,109,235,170,190,197,83,199,146,33,2,70,12,185,4,235,49,132,49,211,49,179,144,37,189,235,155,190,76,217,199,146,33,25,221,74,185,4,235,49,17,49,247,144,191,12,199,13,33,195,237,188,185,185,83,185,46,152,116,246,112,69,32,175,175,205,190,9,152,131,195
Best fitness found so far: 0.5945877423892506; k: 2.0
Generation: 137; 0.5945877423892506; k: 2.0; 146,202,93,63,17,172,123,231,165,46,119,36,167,133,65,184,33,48,237,74,175,150,217,155,190,155,190,131,155,190,9,191,153,1,106,92,167,133,65,184,33,223,37,74,27,150,208,60,76,191,190,52,155,190,105,104,133,199,73,33,189,237,74,208,71,20,176,56,158,223,7,135,33,135,117,74,185,165,235,49,52,144,87,92,235,155,190,156,191,133,199,21,155,189,107,202,177,84,152,167,134,81,13
Best fitness found so far: 0.5945877423892506; k: 2.0
Generation: 138; 0.5945877423892506; k: 2.0; 216,202,93,63,17,172,123,231,153,46,119,36,167,133,65,184,33,223,237,74,9,150,217,155,190,155,190,111,155,190,57,191,1,118,13,33,189,237,74,185,71,235,237,56,185,209,66,135,184,141,223,237,74,175,150,217,155,221,155,190,111,248,190,9,234,33,195,237,198,129,81,235,220,191,32,140,149,187,226,237,199,78,55,152,116,246,200,91,195,237,150,205,1,235,49,179,144,37,109,235,126,190,197,223,105,146,33,2,246,74,147,4,235,49,132,49,211,245,236,124,175,239,2,171,24,49,210,111,155,184,9,158,133,89,13,65,9,191,153,128,48,92,167,143,113,184,33,223,37,24,27,150,146,60,76,221,190,53,190,7,23,226,133,199,13,33,173,241,248,185,71,14,216,56,190,127,33,7,50,182,185,165,211,49,214,49,180,144,45,80,240,220,235,223,199,151,33,191,160,223,31,115,223,44,11,62,68,17
Best fitness found so far: 0.5945877423892506; k: 2.0
Generation: 139; 0.5945877423892506; k: 2.0; 216,202,93,63,17,172,13,231,153,46,119,36,167,133,231,184,33,223,237,74,175,150,217,155,190,155,182,111,155,2,9,191,154,151,98,134,199,13,185,62,235,49,49,144,41,189,135,155,190,197,155,133,233,111,155,190,197,191,133,199,13,164,36,237,200,234,165,235,50,33,189,237,248,169,121,205,49,133,144,5,92,235,155,190,197,191,133,4,21,155,189,107,155,177,84,22,56,134,199,13
Best fitness found so far: 0.5945877423892506; k: 2.0
Generation: 140; 0.5945877423892506; k: 2.0; 216,202,93,63,17,172,123,231,153,46,99,36,167,133,231,184,33,223,237,74,175,150,217,155,190,155,9,111,155,190,9,191,133,152,98,134,199,13,77,7,235,49,49,144,5,189,135,155,190,197,155,133,80,5,112,186,122,100,129,191,133,199,94,133,246,175,107,8
Best fitness found so far: 0.5945877423892506; k: 2.0
Generation: 141; 0.5945877423892506; k: 2.0; 216,70,93,63,17,172,123,231,27,46,119,36,167,133,65,184,33,223,145,74,175,150,217,155,190,155,190,227,133,65,184,65,183,237,74,175,201,39,155,190,155,190,111,155,190,9,104,133,199,13,219,189,237,74,185,193,235,237,56,15,209,7,135,175,49,12,11,33,185,140
Best fitness found so far: 0.5945877423892506; k: 2.0
Generation: 142; 0.5945877423892506; k: 2.0; 146,202,93,63,17,172,123,231,153,46,119,36,167,133,65,184,33,223,237,74,175,150,217,155,190,155,190,111,155,190,9,86,185,165,154,184,33,223,237,74,175,150,136,155,190,69,9,111,155,190,9,191,223,33,74,173,68,149
Best fitness found so far: 0.5945877423892506; k: 2.0
Generation: 143; 0.5945877423892506; k: 2.0; 110,202,93,63,213,172,123,231,143,46,119,36,167,133,51,184,33,223,237,74,175,150,217,155,190,155,99,111,155,190,211,10,185,33,223,37,155,27,150,194,65,76,177,169,124,129,249,9,226,133,199,13,244,189,237,234,181,71,235,216,95,199,187,155,190,155,190,111,155,190,9,191,57,199,13,33,117,197,191,139,199,113,33,195,175,74,185,119,200,49,49,110,153,92
Best fitness found so far: 0.5945877423892506; k: 2.0
Generation: 144; 0.5945877423892506; k: 2.0; 146,202,118,63,17,172,37,231,153,46,119,36,167,133,65,184,33,223,197,74,175,150,217,155,190,155,190,111,63,17,172,123,231,153,46,119,36,167,133,146,184,33,223,237,224,156,191,133,199,21,155,189,107,202,177,84,152,167,134,199,13,237,224,156,191,133,199,21,155,189,107,202,177,84
Best fitness found so far: 0.5945877423892506; k: 2.0
Generation: 145; 0.5945877423892506; k: 2.0; 145,202,93,63,17,172,123,231,153,46,119,36,167,133,65,184,33,158,237,74,175,150,217,155,190,155,190,179,205,190,207,72,195,237,74,185,55,179,116,246,112,69,40,121,150,217,212,190,155,190,155,116,212,125,167,134,199,133,199,13,33,236,162,188,185,35,152,4,235,49,17,148,247,144,191,208,199,242,109,195,237,188,185,165,209,49,12,13,26,189,12
Best fitness found so far: 0.5945877423892506; k: 2.0
Generation: 146; 0.5945877423892506; k: 2.0; 216,202,93,63,17,172,123,231,153,46,119,36,167,133,199,184,33,223,237,74,205,150,217,155,190,155,190,189,111,40,190,133,191,133,160,236,29,195,237,74,185,20,114,49,49,144,5,189,161,177,190,197,191,133,199,21,155,37,114,155,116,4,152,167,134,199,133,199,190,9,38,57,37,74,33,189,136,191,133,229,248,33,195,82,10,190,197,191,133,79,13,140,217,169,70,185
Best fitness found so far: 0.5945877423892506; k: 2.0
Generation: 147; 0.5945877423892506; k: 2.0; 146,202,93,63,17,172,123,231,153,46,119,36,167,133,65,184,33,48,237,74,175,150,217,155,190,155,190,177,19,190,9,229,153,1,106,210,167,212,65,213,33,223,235,74,133,56,169,33,223,237,74,175,150,217,155,250,155,9,111,155,190,122,191,13,246,98,187,29,127,60,62,235,58,49,144,123,179,153,230,119,36,216,99,112,212,33,223,237,209,7,135,184,49,12,13,33,189,12
Best fitness found so far: 0.5945877423892506; k: 2.0
Generation: 148; 0.5945877423892506; k: 2.0; 202,202,93,63,17,172,123,231,153,46,119,36,167,133,199,184,33,223,237,74,175,150,217,155,190,155,190,107,155,139,49,91,5,189,111,155,190,197,45,133,199,13,220,195,173,74,203,81,14,39,191,209,7,190,197,241,182,78,13,156,9,98,58,33,191,84,74,101,206,18,136,229,13
Best fitness found so far: 0.5945877423892506; k: 2.0
Generation: 149; 0.5945877423892506; k: 2.0; 146,202,93,63,17,172,123,231,185,46,119,36,167,133,65,184,33,48,5,74,53,150,217,155,190,155,190,111,155,190,9,191,153,1,106,92,167,133,65,184,33,223,37,74,27,150,146,60,76,191,190,27,139,190,105,104,133,199,13,33,189,237,74,185,104,235,49,56,158,223,7,135,33,135,117,74,185,165,235,49,49,144,5,92,235,155,190,156,140,217,169,70,185
Best fitness found so far: 0.5945877423892506; k: 2.0
Generation: 150; 0.5945877423892506; k: 2.0; 216,202,93,63,17,172,123,231,153,46,119,36,167,133,65,184,33,223,237,74,175,150,217,155,190,155,190,111,155,190,9,191,133,199,13,237,189,237,74,110,71,235,237,56,185,209,9,135,184,33,223,209,74,175,49,199,216,133,199,13,9,227,133,199,172,118,189,132,74
Best fitness found so far: 0.5945877423892506; k: 2.0
Generation: 151; 0.5945877423892506; k: 2.0; 216,202,93,63,17,172,123,231,57,46,119,36,167,133,65,184,33,223,237,74,175,150,217,155,190,155,190,111,155,190,9,191,133,23,13,237,189,237,74,110,71,235,63,33,238,237,74,185,81,235,202,191,32,150,207,187,5,123,231,27,46,119,36,167,133,65,184,33,223,145,74,118,150,13,155,210,155,190,97,155,160,9,100,237,191,133,150,191,32,19,13,33,220
Best fitness found so far: 0.5945877423892506; k: 2.0
Generation: 152; 0.5945877423892506; k: 2.0; 216,202,93,63,17,172,123,231,153,46,119,36,167,133,231,184,33,243,237,74,175,150,217,155,190,155,9,111,155,190,9,191,133,152,98,134,199,8,185,7,235,49,49,55,5,189,12,155,190,197,155,133,199,21,130,204,188,13,118,62,71,49,49,144,5,189,135,155,190,197,155,133,10,21,155,242,107,155,177,84,190,155,190,249,234,190,9,191,57,37,171,33,218,136,93,133,9,191,223,33,74,62,68,176
Best fitness found so far: 0.5945877423892506; k: 2.0
Generation: 153; 0.5945877423892506; k: 2.0; 146,202,93,63,17,172,121,231,153,46,209,36,167,133,65,184,33,48,237,74,175,240,217,155,190,145,109,111,142,217,9,191,72,1,51,236,167,133,65,184,33,223,33,223,237,223,237,74,175,150,217,155,250,155,9,111,155,190,44,190,133,167,98,187,29,181,60,62,235,67,49,154,237,227,153,46,119,36,187,133,65,184,33,246,199,184,79,223,237,74,175,150,217,46,74,155,190,189,218,155,100,237,166,133,150,191,32,143,13,33,8
Best fitness found so far: 0.5945877423892506; k: 2.0
Generation: 154; 0.5945877423892506; k: 2.0; 222,202,93,63,17,172,123,231,153,46,119,36,167,133,65,184,33,203,237,74,175,150,217,155,190,155,190,111,243,190,9,191,133,99,13,106,189,237,74,185,71,235,237,217,155,190,102,220,111,19,190,9,195,153,1,9,92,167,88,65,184,33,17,172,123,231,153,46,129,36,195,133,65,184,33,223,237,74,175,150,217,155,190,155,120,111,155,190,9,191,133,199,13,118,189,237,74,218,71,235,179,33,195,237,74,185,81,235,41,28,17,165,207,187,5,209,74,185,46,40,116,120,158,233,32,175,111,205,129,9,125,131,195
Best fitness found so far: 0.5945877423892506; k: 2.0
Generation: 155; 0.5945877423892506; k: 2.0; 216,202,93,63,17,172,123,231,153,46,119,36,211,133,65,184,33,223,237,74,175,150,37,155,190,155,120,111,155,98,202,199,198,185,28,64,49,49,144,5,67,193,155,190,190,111,155,139,9,104,133,41,134,33,189,237,193,238,71,235,237,157,185,3,83,92,184,49,12,13,33,189,12
Best fitness found so far: 0.5945877423892506; k: 2.0
Generation: 156; 0.5945877423892506; k: 2.0; 146,202,93,63,17,172,91,231,153,46,119,36,167,133,65,184,33,48,25,74,175,150,217,185,86,185,95,200,49,49,110,51,92
Best fitness found so far: 0.5945877423892506; k: 2.0
Generation: 157; 0.5945877423892506; k: 2.0; 146,202,93,63,17,172,123,231,153,46,119,36,167,133,65,184,33,48,25,74,175,150,217,155,190,155,16,111,155,190,9,191,153,177,106,65,167,133,65,184,33,223,37,74,27,225,146,153,76,191,190,111,155,190,9,104,219,33,203,147,74,175,89,217,155,250,155,9,111,155,190,233,191,133,246,98,187,29,127,60,62,235,49,49,144,123,231,64,46,119,15,187,133,65,75,233,223,237,74,175,150,217,155,190,155,190,219,155,190,9,191,133,199,13,237,18,132,74,110,71,235,237,56,185,174,7,135,40,33,223,237,74,197,46,119,36,77,133,231,176,33,223,237,248,175,150,217,155,190,155,9,111,155,190,9,191,54,6,9,134,220,13,185,131,235,49,49,144,143,189,135,155,190,137,155,133,199,21,155,242,107,184,33,158,161,74,175,150,217,155,190,155,190,179,96,190,207,72,195,237,74,185,55,152,116,246,112,155,40,175,150,217,101,190,155,190,220,135,59,199,145,33,79,235,15,154,96,115,73,33,13,233,68,227
Best fitness found so far: 0.5945877423892506; k: 2.0
Generation: 158; 0.5945877423892506; k: 2.0; 146,202,93,63,17,217,123,231,153,46,209,36,163,133,65,184,33,48,237,74,175,150,217,155,190,120,109,111,26,190,9,191,153,1,51,236,80,133,65,184,147,9,229,153,1,106,92,167,88,65,213,33,239,96,176,133,56,184,33,223,237,74,175,150,217,155,250,155,9,111,155,115,101,191,133,246,98,187,29,127,60,62,235,49,49,144,123,231,153,46,119,36,187,40,97,212,33,132,237,74,175,150,217,155,190,155,190,111,155,190,9,191,133,199,13,237,81,237,74,127,71,235,237,56,185,196,7,135,40,33,223,237,74,175,122,199,216,22,199,34,33,13,153,46
Best fitness found so far: 0.5945877423892506; k: 2.0
Generation: 159; 0.5945877423892506; k: 2.0; 146,202,93,63,17,172,123,231,153,46,119,36,147,133,65,184,197,48,237,74,175,150,217,155,190,155,190,111,19,190,9,145,153,1,106,92,7,88,65,184,33,223,37,74,27,150,93,60,76,207,190,124,129,249,9,25,133,199,159,33,189,237,248,181,71,235,49,133,144,5,92,235,155,187,197,191,133,4,21,155,189,107,155,177,84,183,56,134,170,13
Best fitness found so far: 0.5945877423892506; k: 2.0
Generation: 160; 0.5945877423892506; k: 2.0; 216,70,93,63,227,172,247,231,27,46,119,36,167,133,65,184,33,223,145,74,175,150,217,155,190,155,190,111,182,190,9,84,133,199,13,33,189,223,74,185,71,235,230,56,185,50,48,80,5,189,22,155,100,129,191,133,199,80,133,131,175,107,8
Best fitness found so far: 0.5945877423892506; k: 2.0
Generation: 161; 0.5945877423892506; k: 2.0; 248,202,93,63,17,172,123,231,153,46,225,36,167,133,231,184,33,223,237,74,175,150,197,155,250,155,9,111,107,190,9,135,155,190,197,155,133,199,111,155,190,197,191,133,199,13,66,195,237,200,234,165,235,50,84,80,5,129,228,155,218,237,200,133,141,191,243,19,13,123,220
Best fitness found so far: 0.5945877423892506; k: 2.0
Generation: 162; 0.5945877423892506; k: 2.0; 63,202,93,63,17,172,123,231,153,46,209,36,167,133,65,184,33,48,237,74,175,25,217,155,190,155,109,111,155,190,9,191,153,1,51,236,167,133,65,184,33,223,33,85,237,74,219,150,217,209,190,155,190,93,63,17,172,41,231,196,46,119,36,167,133,231,177,33,223,237,101,65,150,217,75,190,8,9,111,155,190,9,12,223,33,74,62,68,176
Best fitness found so far: 0.5945877423892506; k: 2.0
Generation: 163; 0.5945877423892506; k: 2.0; 146,202,93,63,17,172,215,231,237,46,119,36,107,133,65,184,33,223,241,74,23,150,217,155,190,155,190,249,37,190,109,191,57,37,171,33,218,136,191,133,9,191,223,33,74,62,114,176
Best fitness found so far: 0.5945877423892506; k: 2.0
Generation: 164; 0.5945877423892506; k: 2.0; 146,202,93,63,17,172,123,231,153,46,119,36,167,133,65,184,33,158,237,74,175,150,217,155,190,155,190,179,205,149,207,72,195,237,74,85,178,44,116,246,112,69,191,150,150,217,101,123,231,153,46,119,36,167,133,199,184,33,223,237,74,175,89,200,49,190,111,155,190,9,191,133,58,55,33,189,237,74
Best fitness found so far: 0.5945877423892506; k: 2.0
Generation: 165; 0.5945877423892506; k: 2.0; 146,202,93,63,17,172,123,231,153,46,119,16,167,133,65,184,33,158,237,74,175,150,217,155,190,155,190,179,205,190,207,72,195,228,74,185,55,152,116,246,21,69,40,175,150,217,101,190,221,190,220,135,193,199,145,33,33,63,15,233,96,150,135,33,31,190,106,191,133,4,21,155,189,107,155,177,84,22,186,134,199,13,177,84,22,186,134,199,13
Best fitness found so far: 0.5945877423892506; k: 2.0
Generation: 166; 0.5945877423892506; k: 2.0; 84,202,93,63,17,172,123,231,153,46,119,36,167,133,65,184,33,223,237,74,175,150,217,155,190,155,190,111,47,190,9,191,133,199,13,33,189,237,74,185,71,101,237,40,185,209,7,135,184,33,223,36,44,133,65,184,33,93,63,17,172,206,231,153,46,243,250,167,133,65,184,33,223,237,74,195,150,217,155,190,21,190,111,155,190,9,191,57,199,13,33,189,197,191,133,199,13,33,195,175,74,185,119,200,49,49,110,51,92
Best fitness found so far: 0.5945877423892506; k: 2.0
Generation: 167; 0.5945877423892506; k: 2.0; 216,202,93,237,17,172,123,231,153,46,119,36,167,133,65,184,33,223,237,74,9,150,217,155,190,60,190,111,155,190,250,126,133,118,13,128,189,57,158,185,71,235,237,56,58,209,66,135,184,141,223,237,74,141,150,217,244,190,155,190,111,233,190,9,234,33,195,237,198,154,81,108,220,58,32,140,149,187,226,237,199,78,55,87,59,211,112,67,126,221,112,205,128,235,49,179,144,37,109,235,126,190,197,83,220,146,33,2,246,74,70,4,182,49,16,49,211,144,236,177,175,239,2,171,24,49,214,82,155,184,9,191,133,89,13,217,9,191,237,224,50,92,167,88,113,184,33,223,37,78,27,150,146,60,76,191,190,53,146,7,9,226,133,199,13,33,173,241,248,185,71,14,216,168,199,127,33,7,58,182,29,165,195,237,74,227,20,163,49,49,144,5,189,161,116,190,197,57,133,241,234,155,37,114,210,116,4,152,167,134,199,133,208,13,33,77,130,188,185,224,152,57,6,17,172,123,231,153,46,119,41,13,33,195,237,188,185,165,235,49,49,144,37,66,235,155,190,197,217,199,13,87,195,237,74,185,4,235,49,242,49,247,144,5,189,173,10,190,172,191,133,199,13,140,195,150,74,205
Best fitness found so far: 0.5945877423892506; k: 2.0
Generation: 168; 0.5945877423892506; k: 2.0; 216,202,93,63,17,172,123,231,153,46,119,36,167,133,199,144,33,223,231,74,175,150,87,155,190,155,190,107,155,190,99,191,21,87,191,172,123,231,153,215,88,125,167,221,65,184,33,48,237,74,175,150,24,155,190,155,190,33,19,190,9,191,153,205,106,92,167,88,65,184,33,223,37,74,27,150,146,182,75,185,4,29,49,49,49,191,133,199,13,33,134,237,74,185
Best fitness found so far: 0.5945877423892506; k: 2.0
Generation: 169; 0.5945877423892506; k: 2.0; 248,202,93,63,17,172,123,231,153,46,225,36,167,133,59,184,151,223,237,74,175,150,217,155,28,155,9,205,150,122,155,13,155,190,189,74,155,190,133,40,133,58,61,33,195,237,74,185,165,114,49,49,144,5,189,161,223,190,197,191,133,199,21,155,37,114,155,116,4,152,210,134,199,200,49,49,49,110,51,92
Best fitness found so far: 0.5945877423892506; k: 2.0
Generation: 170; 0.5945877423892506; k: 2.0; 154,56,93,63,17,217,123,231,153,46,119,36,167,133,199,184,33,223,237,74,55,150,51,155,106,155,190,107,155,190,99,191,21,195,49,234,5,189,111,155,190,197,191,30,199,13,33,247,237,139,185,189,95,155,190,197,191,28,199,13,33,195,237,74,129,25,37,49,49,144,5,189,45,155,131,237,90,133,199,191,133,199,13,103,36,227,133,65,184,65,179,237,74,175,201,71,155,190,155,190,111,155,190,9,236,133,199,13,219,189,237,74,185,71,235,56,56,15,209,7,135,175,49,12,11,33,189,140
Best fitness found so far: 0.5945877423892506; k: 2.0
Generation: 171; 0.5945877423892506; k: 2.0; 146,202,93,63,17,172,123,231,153,46,97,36,167,133,65,184,33,223,237,74,175,150,217,155,190,155,190,111,155,190,9,191,57,199,13,164,189,197,191,76,80,225,52,155,190,105,104,133,236,13,33,135,237,74,185,71,113,155,56,158,223,7,135,33,135,117,74,177,31,235,49,30,144,32,92,235,155,190,179,191,133,248,21,3,13,185,46,5,189,235,155,45,155,147,191,191,133,199,130,133,199,13,200,13
Best fitness found so far: 0.5945877423892506; k: 2.0
Generation: 172; 0.5945877423892506; k: 2.0; 154,56,93,63,17,217,123,231,153,46,119,36,217,133,199,184,203,223,237,74,55,150,51,155,106,155,213,63,14,190,99,191,21,195,184,101,223,237,74,175,150,36,67,133,199,184,33,223,237,74,175,150,217,155,190,155,190,107,155,139,49,91,5,189,111,155,190,53,191,133,159,13,33,195,173,74,203,81,235,220,191,209,7,170,197,191,186,78,13,33,195,237,74,225
Best fitness found so far: 0.5945877423892506; k: 2.0
Generation: 173; 0.5945877423892506; k: 2.0; 146,202,93,63,17,172,123,231,185,46,197,36,167,133,65,184,33,48,237,74,175,150,217,155,190,155,190,196,182,190,242,191,153,79,146,141,167,133,65,184,33,223,37,74,27,150,146,60,76,191,190,111,168,190,9,191,133,199,93,100,189,188,185,224,152,236,6,133,191,102,199,88,33,195,237,74,185,165,118,49,49,83,5,189,161,177,190,197,191,133,243,119,36,73,133,199,184,33,223,237,74,205,150,217,155,190,155,190,189,111,155,190,133,191,133,199,61,130,242,237,74,185,20,114,49,49
Best fitness found so far: 0.5945877423892506; k: 2.0
Generation: 174; 0.5945877423892506; k: 2.0; 216,202,93,63,119,172,123,231,153,46,119,36,167,133,199,184,151,223,237,74,205,150,217,155,190,155,190,98,111,196,190,133,191,133,199,61,33,195,249,74,58,165,114,49,49,144,5,172,123,231,153,46,119,36,167,133,170,184,33,223,197,74,170,150,75,155,190,155,180,22,63,17,172,123,231,153,46,119,36,167,133,146,183,33,223,237,74,175,150,217,161,190,155,65,111,142,190,9,191,223,33,74,96,68,176
Best fitness found so far: 0.5945877423892506; k: 2.0
Generation: 175; 0.5945877423892506; k: 2.0; 216,202,93,63,17,172,123,231,153,46,119,36,17,133,65,184,33,223,237,74,175,150,217,155,190,155,190,111,243,190,9,80,133,199,9,130,189,237,74,185,71,235,237,217,155,31,155,190,43,19,190,9,195,235,1,106,92,237,88,128,184,33,76,37,63,27,150,93,60,76,191,190,124,37,249,9,99,133,199,13,33,189,237,248,181,71,199,13,33,195,237,74,185,25,37,49,49,144,5,189,45,155,131,237,90,98,139,191,133,199,13,33,36,227,133,65,184,65,183,237,74,175,201,39,155,187,44,190,111,155,190,9,104,133,199,144,219,189,237,237,185,71,32,237,56,15,209,7,135,175,49,12,11,33,189,160
Best fitness found so far: 0.5945877423892506; k: 2.0
Generation: 176; 0.5945877423892506; k: 2.0; 216,202,93,63,17,172,123,231,153,46,119,36,167,133,65,184,33,223,237,74,175,150,217,155,190,155,190,111,155,190,9,191,133,199,13,237,189,237,74,110,71,242,224,56,185,209,7,135,94,33,223,237,46,175,150,199,216,133,49,13,33,234,190,9,191,57,37,94,33,218,136,191,133,9,191,223,33,49,62,68,176
Best fitness found so far: 0.5945877423892506; k: 2.0
Generation: 177; 0.5945877423892506; k: 2.0; 146,202,93,63,17,172,169,231,153,46,119,246,167,133,65,184,33,168,237,74,175,150,217,155,30,155,190,150,217,101,156,156,135,9,98,36,190,111,155,104,9,191,133,199,13,33,36,237,168
Best fitness found so far: 0.5945877423892506; k: 2.0
Generation: 178; 0.5945877423892506; k: 2.0; 216,202,93,63,17,172,123,231,153,46,119,36,167,133,231,184,213,223,237,74,175,150,73,155,190,155,9,111,155,162,9,191,72,152,98,202,199,198,185,28,191,200,199,234,33,135,237,138,185,165,235,49,108,144,5,92,235,155,190,197,191,23,199,90,155,189,107,155,15,84,152,237,156,175,122,114,216,120,199,23,33,13
Best fitness found so far: 0.5945877423892506; k: 2.0
Generation: 179; 0.5945877423892506; k: 2.0; 216,202,93,237,17,172,127,231,153,46,119,36,167,133,65,184,33,223,237,74,9,150,217,155,190,60,190,111,155,76,250,191,133,118,158,33,185,57,74,185,241,235,237,56,58,209,66,135,184,141,124,237,74,141,150,217,244,190,155,190,111,155,190,9,234,33,195,237,109,154,81,235,67,58,32,140,149,187,226,237,199,78,55,87,116,211,3,67,126,221,246,205,128,235,49,179,144,37,109,235,126,190,197,224,220,146,98,2,246,74,70,4,235,49,16,49,211,144,236,124,49,144,123,231,153,46,119,36,187,133,189,184,33,223,237,74,175,44,126,155,190,155,190,202,155,10,9,191,133,199,13,237,189,237,74,110,71,235,11,56,185,196,20,135,40,33,114,237,134,198,122,155,189,107,155,177,84,22,56,134,199,13
Best fitness found so far: 0.5945877423892506; k: 2.0
Generation: 180; 0.5945877423892506; k: 2.0; 146,202,93,63,17,172,123,231,185,46,197,36,167,133,65,184,33,48,237,74,175,150,1,155,190,155,190,30,155,201,242,191,193,1,106,92,167,62,43,205,33,223,37,74,27,165,146,60,76,33,223,187,74,175,150,217,155,190,155,190,111,168,224,9,191,133,199,93,100,189,188,185,224,152,42,6,136,191,102,199,88,33,195,237,74,185,165,114,90,49,83,5,189,161,177,191,197,191,133,243,119,36,73,133,199,184,33,83,237,74,205,150,217,155,190,155,190,189,4,155,190,133,191,133,199,61,33,242,237,74,185,20,114,49,49
Best fitness found so far: 0.5945877423892506; k: 2.0
Generation: 181; 0.5945877423892506; k: 2.0; 146,202,93,63,17,172,123,231,153,46,119,36,167,133,63,184,33,223,237,74,219,150,217,155,190,155,150,237,74,185,133,79,13,140,195,169,237,191,39,199,101,206,18,136,33,41
Best fitness found so far: 0.5945877423892506; k: 2.0
Generation: 182; 0.5945877423892506; k: 2.0; 202,202,93,63,17,172,123,231,153,46,119,36,167,133,199,184,33,223,237,74,175,150,217,155,190,155,190,107,155,139,184,2,48,237,74,148,150,162,155,190,155,190,111,155,190,9,191,153,1,106,92,167,133,65,184,33,223,37,74,27,150,198,60,76,191,190,52,173,190,105,12,133,199,13,208,189,193,74,185,71,235,190,56,158,223,7,135,33,135,117,117,185,165,137,49,49,144,5,92,235,155,190,235,191,133,199,21,155,189,111,202,177,84,152,167,134,199,13
Best fitness found so far: 0.5945877423892506; k: 2.0
Generation: 183; 0.5945877423892506; k: 2.0; 216,70,93,63,17,172,123,231,27,46,119,156,167,133,65,184,33,223,145,74,175,150,217,155,190,155,190,111,167,23,9,191,101,199,13,41,175,235,217,155,190,155,9,111,155,190,9,191,223,33,74,62,68,204
Best fitness found so far: 0.5945877423892506; k: 2.0
Generation: 184; 0.5945877423892506; k: 2.0; 146,202,93,63,17,172,215,231,153,46,119,36,167,133,65,184,249,223,241,74,175,150,33,155,190,155,130,50,234,190,9,191,57,37,171,33,218,136,191,133,9,191,223,33,74,62,45,81,147,191,191,133,199,130,243,199,13,152,13
Best fitness found so far: 0.5945877423892506; k: 2.0
Generation: 185; 0.5945877423892506; k: 2.0; 27,202,93,237,17,172,123,231,153,46,119,36,167,133,65,184,33,223,237,19,9,150,217,155,190,60,190,111,155,79,250,191,133,118,13,33,214,146,74,185,71,235,89,56,58,119,66,135,184,141,223,237,74,141,150,217,244,190,155,5,111,131,190,9,234,33,195,237,198,154,81,235,220,58,32,140,149,187,117,27,199,78,55,87,116,211,112,67,126,221,150,205,128,155,190,155,190,189,22,155,100,237,191,133,199,191,144,19,13,33,8
Best fitness found so far: 0.5945877423892506; k: 2.0
Generation: 186; 0.5945877423892506; k: 2.0; 146,202,93,63,17,172,39,231,153,46,119,36,167,133,65,184,33,223,115,74,175,150,131,155,190,155,190,249,234,245,9,191,57,37,171,33,45,136,191,133,229,248,2,153,46,119,36,167,247,65,184,209,7,235,74,193,70,30,155,41,155,190,111,155,190,9,191,57,199,13,66,189,197,111,142,190,9,191,223,33,74,62,68,176
Best fitness found so far: 0.5945877423892506; k: 2.0
Generation: 187; 0.5945877423892506; k: 2.0; 84,156,93,63,33,172,5,231,153,46,119,36,167,133,65,184,33,223,187,74,73,150,217,155,190,145,190,111,108,190,9,191,133,199,93,100,189,188,185,224,152,236,6,133,191,102,9,88,33,195,237,74,185,165,114,49,167,83,5,189,161,177,190,197,191,133,243,119,36,73,133,199,184,33,223,237,74,205,5,217,155,190,155,190,189,111,155,190,133,191,133,220,209,33,156,237,74,185,20,114,49,49
Best fitness found so far: 0.5945877423892506; k: 2.0
Generation: 188; 0.5945877423892506; k: 2.0; 115,70,93,63,17,172,123,231,27,46,237,36,167,133,65,184,145,223,145,74,175,150,11,155,190,155,190,127,155,190,75,129,195,199,13,33,189,223,27,51,71,235,237,56,33,223,237,74,175,150,217,155,190,155,190,111,127,190,9,104,133,199,13,33,230,237,144,185,71,235,237,56,185,209,7,121,184,210,12,13,33,189,12
Best fitness found so far: 0.5945877423892506; k: 2.0
Generation: 189; 0.5945877423892506; k: 2.0; 28,202,93,63,53,172,123,231,153,46,119,36,167,133,65,184,33,223,237,79,41,150,131,155,190,155,190,249,234,190,9,191,57,37,171,33,189,136,191,133,229,248,2,153,91,119,36,167,170,65,184,33,7,104,74,175,211,190,9,104,133,199,13,33,230,237,144,92,71,132,237,56,185,209,7,121,184,136,12,13,33,189,158,199,13,33,230,237,144,92,71,132,237,56,185,209,7,121,184,136,12,13,33
Best fitness found so far: 0.5945877423892506; k: 2.0
Generation: 190; 0.5945877423892506; k: 2.0; 56,202,93,63,119,172,123,231,153,46,119,36,167,133,199,149,33,223,237,74,205,150,217,155,190,155,190,98,111,155,190,84,34,133,199,61,33,9,191,154,152,98,134,199,13,185,62,235,49,49,144,41,189,135,155,140,197,155,133,199,115,155,190,197,191,133,199,13,33,195,237,200,234,165,235,50,127,80,5,129,45,155,218,237,191,133,84,191,243,19,13,123,220
Best fitness found so far: 0.5945877423892506; k: 2.0
Generation: 191; 0.5945877423892506; k: 2.0; 216,202,93,75,17,172,123,231,153,151,119,36,167,133,65,184,33,223,237,74,175,150,217,155,190,155,155,111,155,190,9,191,133,199,13,237,189,237,74,110,71,235,237,3,185,209,7,135,194,33,223,237,74,43,150,199,216,133,199,13,33,13
Best fitness found so far: 0.5945877423892506; k: 2.0
Generation: 192; 0.5945877423892506; k: 2.0; 146,202,93,63,17,172,123,231,153,46,119,36,167,133,65,184,33,48,237,74,175,150,187,155,190,155,96,111,19,190,9,229,211,1,106,92,167,88,65,213,33,223,96,74,133,56,184,33,223,237,74,175,150,217,155,250,155,9,111,155,190,9,191,133,246,98,187,60,127,49,62,235,49,49,144,123,231,153,46,119,36,187,99,112,212,238,223,237,74,175,150,217,155,190,155,190,111,155,53,9,191,133,199,13,237,81,237,74,127,71,235,237,199,13,24,146,235,38,71,235,237,71,57,204,128,135,184,33,223,237,74,21,155,189,107,155,177,205,152,167,134,199,13
Best fitness found so far: 0.5945877423892506; k: 2.0
Generation: 193; 0.5945877423892506; k: 2.0; 216,202,93,57,17,172,123,231,153,1,119,36,167,133,65,14,33,223,59,74,175,150,217,155,190,155,10,111,155,151,9,104,133,43,13,33,230,237,217,155,190,155,190,111,168,190,9,191,133,199,27,100,189,237,238,185,71,235,237,82,185,209,7,135,184,33,223,36,44,133,45,184,33,7,237,74,175,150,104,187,190,155,190,98,163,190,9,191,153,1,106,92,167,88,110,102,33,223,37,74,27,150,190,21,76,99,190,111,155,7,9,211,133,199,13,33,189,239,248,185,71,14,216,176,199,13,33,7,237,185,185,165,235,49,150,191,247,197,24,80,240,220,135,59,199,145,33,191,160,147,96,34,223,153,46,119,36,174,133,199,152,22,223,14,74,175,150,217,155,190,155,190,107,155,190,99,191,21,132,191,185,3,13,160,12
Best fitness found so far: 0.5945877423892506; k: 2.0
Generation: 194; 0.5955833183436258; k: 2.0; 216,202,93,63,119,172,123,158,153,46,119,36,167,133,199,194,79,223,237,42,205,150,217,155,190,155,77,98,71,155,190,133,191,217,199,61,33,195,249,74,58,165,114,133,49,157,5,189,161,177,190,197,191,133,199,119,36,167,133,199,113,33,223,124,196,205,150,217,155,190,155,190,189,111,155,190,133,191,133,199,61,33,195,194,74,185,116,114,49,49,227,122,189,161,177,81,205,191,133,199,111,155,37,114,219,15,4,154,167,134,199,210,199,13,36,229,130,166,205,224,15,236,6,133,191,133,199,107,33,195,113,74,185,243,143,49,44,155,5,107,17,177,233,197,191,133,199,119,36,167,133,199,184,138,193,237,74,32,150,183,133,65,184,33,188,237
Best fitness found so far: 0.5955833183436258; k: 2.0
Generation: 195; 0.5955833183436258; k: 2.0; 216,202,93,63,119,172,79,158,153,46,119,36,167,133,199,194,79,223,27,42,205,150,217,155,190,155,77,7,71,155,190,133,191,217,199,61,33,195,249,74,58,165,212,133,49,157,5,189,161,177,190,133,191,243,199,119,36,167,133,199,113,33,223,124,196,205,150,217,155,190,155,190,189,111,155,190,237,205,175,150,152,155,190,155,146,196,155,201,242,191,193,1,106,92,167,62,43,205,33,223,37,74,27,150,146,60,76,89,190,52,155,142,105,104,133,199,13,33,189,237,74,159,39,235,56,56,158,223,7,135,33,196,117,74,177,165,119,147,49,144,5,92,235,155,190,156,191,133,248,21,155,209,75,135
Best fitness found so far: 0.5955833183436258; k: 2.0
Generation: 196; 0.5945877423892506; k: 2.0; 216,202,93,63,17,172,123,31,153,46,119,36,167,133,65,184,33,223,237,74,175,150,219,155,190,155,190,111,155,206,9,191,85,199,13,237,189,237,74,119,172,79,158,153,46,119,36,167,133,199,194,79,223,27,34,205,150,217,155,190,155,77,50,71,155,190,133,191,217,199,61,33,195,249,74,58,165,212,35,49,157,5,189,161,177,190,133,191,243,199,119,36,167,133,199,113,33,223,124,196,205,150,217,155,190,155,190,189,111,155,190,237,205,175,150,152,224,142,155,250,196,187,201,242,191,193,1,106,92,167,62,43,205,33,120,37,74,27,150,146,60,76,89,190,52,155,142,105,105,133,199,13,33,189,237,74,159,39,235,56,56,158,223,118,213,233,196,117,74,177,165,119,147,49,144,5,92,235,72,190,156,73,133,248,21,155,209,75,135
Best fitness found so far: 0.5955833183436258; k: 2.0
Generation: 197; 0.5955833183436258; k: 2.0; 216,202,93,63,119,172,123,158,153,46,119,36,167,133,199,194,79,223,237,42,205,150,217,155,190,155,77,98,71,155,190,133,191,217,199,201,33,195,249,204,58,165,114,133,49,157,5,189,161,177,190,197,191,133,199,119,36,167,133,199,113,33,223,124,196,205,150,217,155,179,155,190,189,111,155,190,133,191,133,199,61,33,195,194,74,185,116,114,43,49,227,61,189,161,177,81,205,191,133,199,111,155,37,134,109,111,235,200,9,191,153,1,223,211,81,2,235,184,33,223,33,223,26,74,219,150,217,103,190,5,190,237,200,185,71,16,50,48,197,5,145,22,155,100,129,215,231,185,46,119,36,167,63,205,131,33,223,237,74,175,150,217,155,248,155,190,236,169,190,103,191,86,155,190,189,198,246,190,133,12,133,172,61,33,195,237,164,248,20,163,49,49,95,5,189,161,116,190,212,57,238,241,60,155,37,153,46,225,36,167,133,119,193,33,124,237,74,75,150,19,155,250,155,163,142,155,190,9,191,133,246,197,187,29,127,60,62,235,49,49,144,123,231,153,30,119,36,187,133,65,184,213,223,186,74,175,150,126,141,190,155,190,111,28,190,9,191,133,199,13,237,189,46,74,110,71,176,237,56,123,196,7,51,40,216,114,237,74,175,122,199,216,133,199,23,104,13
Best fitness found so far: 0.5955833183436258; k: 2.0
Generation: 198; 0.5955833183436258; k: 2.0; 216,202,93,63,119,172,79,158,153,46,119,36,167,133,199,194,79,223,27,42,205,150,217,155,190,150,188,7,71,155,190,133,191,217,199,61,33,195,181,217,155,190,155,190,189,157,155,100,237,191,133,199,191,32,19,13,33,8
Best fitness found so far: 0.5955833183436258; k: 2.0
Generation: 199; 0.5945877423892506; k: 2.0; 216,202,93,237,17,172,123,231,153,46,119,36,167,133,65,184,33,223,237,74,9,150,217,155,190,60,190,111,155,38,250,191,133,118,13,208,156,146,74,185,71,129,89,56,58,158,66,135,184,141,223,164,74,141,150,217,244,190,155,5,111,155,190,9,8,33,195,237,198,15,81,121,233,58,32,140,149,187,226,237,199,78,55,87,116,211,127,67,126,221,150,205,128,235,49,179,144,37,109,235,126,170,197,83,220,146,33,2,246,74,70,78,235,49,32,153,211,144,236,124,175,12,2,171,24,49,214,111,114,184,9,191,133,89,13,217,156,191,153,224,57,92,167,88,113,184,204,223,37,78,27,179,111,60,76,149,190,53,190,7,9,155,133,199,13,33,173,241,248,185,71,14,216,73,199,52,33,7,58,182,185,165,110,226,214,49,180,144,185,80,240,220,135,23,199,151,33,191,160,140,134,94,25,237,74,174,55,76,116,246,112,33,191,237,85,194,128,173,191,179,144,239,109,235,3,190,197,217,73,146,33,2,221,74,185,4,235,49,132,49,211,76,191,124,175,239,194,171,24,49,8,111,111,184,9,107,247,52,13,65,220,191,153,128,105,92,191,121,54,184,146,223,37,74,27,150,81,60,109,212,43,53,213,7,9,149,133,199,13,33,189,237,248,185,71,14,216,56,111,127,155,104,155,217,155,190,155,78,196,155,190,211,86,185,165,200,7,1,158,233,33,195,237,74,82,209,7,29
Best fitness found so far: 0.5955833183436258; k: 2.0
Total time of execution of seed 9 : 56074365
Solution Fitness: -0.5955833183436258
Variables: random 10 eucledian moveAverage moveBetween split split moveBetween moveNear moveBetween moveAverage join join join
