Generation: 0; 0.0; k: 0.0; 127,167,179,142,154,128,55,91,142,209,19,13
Best fitness found so far: 0.0; k: 0.0
Generation: 1; 0.5138078858758275; k: 3.0; 130,43,246,47,27
Best fitness found so far: 0.5138078858758275; k: 3.0
Generation: 2; 0.33757272107596936; k: 8.8; 239,178,28,60,159,65,143,209,245,126,246
Best fitness found so far: 0.5138078858758275; k: 3.0
Generation: 3; 0.5289054353740588; k: 2.0; 154,197,2,143,79,245,117,89,139,6,233,40
Best fitness found so far: 0.5289054353740588; k: 2.0
Generation: 4; 0.5098648235964618; k: 2.7; 25,97,55,78,189,156,245,117,89,79,202,50,106,29,244,68,140
Best fitness found so far: 0.5289054353740588; k: 2.0
Generation: 5; 0.5078895410047302; k: 2.0; 135,71,241,108,115,207,197
Best fitness found so far: 0.5289054353740588; k: 2.0
Generation: 6; 0.5693138929719012; k: 2.0; 207,70,226,144,143,156,245,50,89,82,248,85,66,165,136,60,219,213,241,108,115,207,179,103
Best fitness found so far: 0.5693138929719012; k: 2.0
Generation: 7; 0.48358750130840633; k: 3.6; 6,228,77,125,191,236,33,82,248,85,240,165,118,60,219,213,241,108,115,207,197
Best fitness found so far: 0.5693138929719012; k: 2.0
Generation: 8; 0.5799273649819586; k: 2.0; 88,60,155,200,141,215,155,131,47,83,243,209,179,15
Best fitness found so far: 0.5799273649819586; k: 2.0
Generation: 9; 0.5693138929719012; k: 2.0; 175,70,226,144,143,1,245,50,89,82,248,85,66,108,136,60,219,207,39,53,177,73,163,244,49,210,108,119,233,219,1,243
Best fitness found so far: 0.5799273649819586; k: 2.0
Generation: 10; 0.5693138929719012; k: 2.0; 207,70,226,144,143,156,245,50,89,82,248,85,22
Best fitness found so far: 0.5799273649819586; k: 2.0
Generation: 11; 0.5917721367550779; k: 2.0; 135,71,241,108,135,71,241,108,115,207,197
Best fitness found so far: 0.5917721367550779; k: 2.0
Generation: 12; 0.5748265646572971; k: 2.0; 209,113,79,245,141,89,139,198,53,81,148,45,195,12,13,131,47,223,151,200,126,215,155,131,148,47,138,5,177,145,47
Best fitness found so far: 0.5917721367550779; k: 2.0
Generation: 13; 0.5799273649819586; k: 2.0; 88,60,155,200,141,215,155,131,195,83,243,209,179,15
Best fitness found so far: 0.5917721367550779; k: 2.0
Generation: 14; 0.5693138929719012; k: 2.0; 20,70,226,144,143,1,245,50,89,82,248,85,66,108,136,60,26,207,39,53,177,64,163,134,43,156,146,50,158,82,248,178,221,60,159,25,138,209,152,126,62,64,34,180,118,137,82,15,221,34,70,221,112,45,195,81,60,159,58,143,209,245,36,197,209,245,243,28,70,76,86,108,115,207,178
Best fitness found so far: 0.5917721367550779; k: 2.0
Generation: 15; 0.5748265646572971; k: 2.0; 154,113,79,245,141,89,139,198,53,81,148,45,195,12,13,131,47,223,151,200,146,215,155,131,148,47,138,5,177,145,168,117,60,139,6,233,27,148,45,195
Best fitness found so far: 0.5917721367550779; k: 2.0
Generation: 16; 0.5748265646572971; k: 2.0; 17,113,79,245,141,89,139,198,53,81,92,45,195,85,168,113,79,179,123,84,168,221,120,189,215,155,131,74,28,243,120,179,197,85,168,113,79,179,123,84,168,221,120,53,81,92,45,195,85,168,113,79,179,123,84,168,221,120
Best fitness found so far: 0.5917721367550779; k: 2.0
Generation: 17; 0.5748265646572971; k: 2.0; 17,113,79,245,141,89,139,198,53,81,92,45,133,85,84,113,79,179,123,84,168,221,120,9,215,116,131,40,50,248,82,172,174,22,145,40,50,89,82,165
Best fitness found so far: 0.5917721367550779; k: 2.0
Generation: 18; 0.5799273649819586; k: 2.0; 88,60,155,200,141,215,155,131,47,83,243,209,8,30,64,163,28,145,243,209,179,15,209
Best fitness found so far: 0.5917721367550779; k: 2.0
Generation: 19; 0.5799273649819586; k: 2.0; 88,60,155,200,141,215,155,131,47,83,243,209,8,30,64,163,242,106,29,244,68,140
Best fitness found so far: 0.5917721367550779; k: 2.0
Generation: 20; 0.5823523097993273; k: 2.0; 209,170,100,245,141,89,139,198,53,81,148,155,200,223,132,165,239,47,189,174,155,127,44,28,243,31,4,48,77,168,113,79,179,123,142,168,221,120,119,179,155,156,74,28,213,168,179,197,82,248,85,66,108,145,182,219,249,243,71,177,128,4,79,245,101,186,212,9,53,125,109,128,148,240,165,136,60,237,96,117
Best fitness found so far: 0.5917721367550779; k: 2.0
Generation: 21; 0.5823523097993273; k: 2.0; 209,170,100,245,141,89,139,198,53,81,148,15,200,223,132,165,106,47,189,174,155,166,44,28,243,31,4,48,77,109,113,79,179,123,129,168,221,120,119,179,155,156,74,28,213,168,179,185,82,248,85,66,108,145,182,219,249,243,198,177,128,4,222,245,101,186,212,9,53,125,68,128,148,247,165,136,60,237,133,88
Best fitness found so far: 0.5917721367550779; k: 2.0
Generation: 22; 0.5917721367550779; k: 2.0; 135,71,241,108,135,71,241,108,115,207,245,50,225,201,248,85,42,108,103,120,219,207,128,142,159,13,49,241,168,81,207,226
Best fitness found so far: 0.5917721367550779; k: 2.0
Generation: 23; 0.5833878954774232; k: 2.0; 209,127,79,245,115,89,133,198,53,81,9,45,195,12,217,131,47,5,151,200,126,215,155,131,148,47,138,248,154,66,129,136,60,219,118,132,108,187,213,208,112,191,131,47,89,82,248,136,60,219,213,241,83,115,207,179,107
Best fitness found so far: 0.5917721367550779; k: 2.0
Generation: 24; 0.5823523097993273; k: 2.0; 209,170,100,245,39,89,139,198,53,81,148,15,47,223,132,171,106,47,189,174,33,166,132,28,207,31,4,48,77,109,113,79,179,123,129,168,221,120,119,48,113,79,83,141,89,139,198,53,81,148,45,84,159,13,215,113,131,148,47,138,5,177,197,47
Best fitness found so far: 0.5917721367550779; k: 2.0
Generation: 25; 0.5823523097993273; k: 2.0; 209,170,100,245,141,89,139,198,53,81,148,15,200,223,132,171,106,47,189,174,33,166,132,28,243,31,84,48,77,109,113,79,179,123,129,168,221,120,119,179,155,156,74,28,213,120,179,185,82,248,85,66,108,145,182,234,235,58,76,244,179,155,6,74,28,213,168,179,185,82,248,85,66,108,145,180,219,98,106
Best fitness found so far: 0.5917721367550779; k: 2.0
Generation: 26; 0.5823523097993273; k: 2.0; 209,170,100,245,141,89,139,198,53,81,148,15,79,160,132,92,115,166,85,103
Best fitness found so far: 0.5917721367550779; k: 2.0
Generation: 27; 0.5917721367550779; k: 2.0; 135,71,241,129,135,71,241,108,115,207,245,50,225,201,248,85,244,68,126
Best fitness found so far: 0.5917721367550779; k: 2.0
Generation: 28; 0.5917721367550779; k: 2.0; 135,71,241,129,135,71,241,108,115,207,245,170,225,201,248,115,142,245,50,225,201,248,85,244,68,126
Best fitness found so far: 0.5917721367550779; k: 2.0
Generation: 29; 0.5917721367550779; k: 2.0; 135,71,241,129,135,71,241,108,115,207,245,170,225,201,248,115,142,245,50,76,206,248,85,219,249,11,81,148,45,195,159,13,131,66,243,196,36,212
Best fitness found so far: 0.5917721367550779; k: 2.0
Generation: 30; 0.5917721367550779; k: 2.0; 135,71,241,129,229,71,241,108,115,207,245,170,225,201,248,115,142,245,50,76,206,248,85,158,249,11,81,207,156,74,180,213,3,179,234,120,97,207,128,29,159,13,49,241,63,81,108,66,177,2,163,215,100,242,144,143,108,216,233,219,1,243
Best fitness found so far: 0.5917721367550779; k: 2.0
Generation: 31; 0.5833878954774232; k: 2.0; 209,127,79,245,115,89,133,198,53,81,9,45,195,12,217,131,47,5,151,200,126,215,155,187,148,47,138,7,154,66,129,136,60,202,129,136,165,155,117,196,192,155,131,47,83,243,209,248,85,74,108,136,60,219,207,39,53,216,126,77,149,135,154,136,115,219,87,156,74,28,213,168,179,197,90,245,85,66,108,145,182,219,249,163,152,33,82,248,212,240,24,53,147,156,245,117,89,124,210,242,40,197,207,179,103
Best fitness found so far: 0.5917721367550779; k: 2.0
Generation: 32; 0.5833878954774232; k: 2.0; 209,127,79,245,1,89,133,198,53,81,9,45,195,12,217,131,47,5,151,200,126,215,155,131,148,47,138,248,154,66,129,136,60,219,118,132,108,187,213,208,132,128,131,47,106,236,62,174,33,166,132,28,207,31,168,54,77,235,113,79,38,212,31,168,150,120,81,62,45,195,210,165,131,47,5,151,167,126,215,155,216,149,200,141,215,208,131,197,83,165,177,244,85,174,154,136,115,153,207,153,74,180,213,168,179,107,120,65,207,229,29,159,13,49,241,63,81,108,66,177,203,163,215,100,242,144,143,108,216,228,219,1,243
Best fitness found so far: 0.5917721367550779; k: 2.0
Generation: 33; 0.5917721367550779; k: 2.0; 157,71,241,108,135,71,241,108,115,207,245,50,225,201,88,85,42,108,103,120,219,79,128,143,159,28,207,31,4,48,113,109,113,184,30,243,220,238,85,15,108,136,247,219,28,39,53,216,126,77,149,62,235,48,31,144,32,89,93,136,240,219,176,95,243,77,219
Best fitness found so far: 0.5917721367550779; k: 2.0
Generation: 34; 0.5917721367550779; k: 2.0; 135,71,241,129,135,71,241,108,115,207,245,170,225,201,248,115,142,245,50,225,201,248,85,116,210,126
Best fitness found so far: 0.5917721367550779; k: 2.0
Generation: 35; 0.5917721367550779; k: 2.0; 135,71,241,108,135,71,241,108,115,132,245,50,225,201,248,85,42,108,103,120,219,132,128,88,171,95,49,151,42,108,103,120,219,132,128
Best fitness found so far: 0.5917721367550779; k: 2.0
Generation: 36; 0.5917721367550779; k: 2.0; 135,71,241,129,229,71,241,108,115,207,245,170,225,201,248,115,142,245,50,76,206,248,85,158,249,11,81,207,156,74,180,179,3,179,234,120,97,207,236,29,140,13,49,241,100,81,108,66,177,2,163,215,100,242,144,143,108,216,233,219,1,243
Best fitness found so far: 0.5917721367550779; k: 2.0
Generation: 37; 0.5917721367550779; k: 2.0; 135,71,241,198,135,71,241,108,115,132,245,50,225,201,248,85,42,208,84,159,13,215,113,12,148,47,138,5,221,120,119,179,127,156,74,174,191,208,179,185,218,248,85,236,108,145,182,219,5,106,76,244,68,140,145,243,193,75,179,209
Best fitness found so far: 0.5917721367550779; k: 2.0
Generation: 38; 0.5917721367550779; k: 2.0; 135,71,241,108,135,71,241,108,115,132,245,50,225,201,248,85,42,108,103,27,219,207,128,88,171,71,241,108,115,207,245,170,109,201,248,115,55,176,50,18,84,95,221,120,92,81,92,45,195,74,192,113,79
Best fitness found so far: 0.5917721367550779; k: 2.0
Generation: 39; 0.5917721367550779; k: 2.0; 135,71,241,129,229,71,241,108,115,207,245,170,225,201,248,115,142,26,50,76,206,248,25,158,249,11,81,207,156,48,47,216,82,248,136,92,43,213,241,83,115,50,97,107
Best fitness found so far: 0.5917721367550779; k: 2.0
Generation: 40; 0.5917721367550779; k: 2.0; 135,71,241,129,135,96,223,108,115,207,245,170,225,201,248,115,8,245,50,135,25,248,85,244,116,171,189,177,159,19,44,28,243,31,4,132,77,109,113,79,226,123,241,63,81,3,179,79,120,97,207,18,84,95,221,120,53,81,185,81,115,153,207,153,31,180,213,168,179,107,160,19,207,229,152,220,13,138,241,63,81,38,66,64,108,107,93,212,108,115,207,197
Best fitness found so far: 0.5917721367550779; k: 2.0
Generation: 41; 0.5917721367550779; k: 2.0; 135,71,241,108,135,81,241,108,115,207,245,50,225,201,248,220,42,198,240,31,9,45,195,12,217,131,47,5,151,152,126,215,109,131,214,47,138,248,154,66,129,136,60,219,118,81,108,187,213,208,108,20,71,241,108,115,207,197
Best fitness found so far: 0.5917721367550779; k: 2.0
Generation: 42; 0.5917721367550779; k: 2.0; 135,71,241,108,41,71,241,108,115,207,245,50,225,201,56,85,42,215,103,120,3,77,70,107,150,120,81,62,71,110,93,43,136,47,5,7,167,126,215,21,188,149,21,141,215,208,131,135,71,241,108,135,71,241,108,115,207,4,50,225,201,248,85,42,108,103,120,219,207,128,14,89,133,198,53,81,9,160,195,12,217,75,47,5,151,85,126,137,155,169,148,47,92,248,154,66,129,136,179,146,118,132,108,187,217,208,132,128,131,191,177,169,245,170,33,170,132,28,109,1,168,54,175,166,113,79,38,212,232,180,150,120,81,62,45,195,148,165,250,39,56,151,180,126,215,155,216,149,200,174,215,106,131,197,83,228,177,244,55,231,48,155,200,223,47,165,239,47,163,178,191,127,44,70,88,207,31,168,164,77,139,20,79,179,129,31,168,221,108,103,31,114,79,128,142,159,28,207,31,4,157,113,109,113,184,184,168,203,245,182,21,201,248,85,42,108,103,246,219,13,128,142,159,28,217,31,4,48,85,244,12,171,189,77,60,38,44,28,243,31,4,150,190,109,113,79,122,123,241,63,81,108,66,177,108,107,2,60,108,37,207,197,71,241,108,135,71,241,108,115,207,4,50,225,201,248,85,42,108,103,120,219,207,128,14,89,133,198,53,81,9,160,195,12,217,75,47,5,151,85,126,137,155,169,148,47,92,248,154,66,129,136,179,146,118,132,108,187,217,208,132,128,131,191,177,169,245,170,33,170,132,28,109,1,168,54,175,166,113,79,38,212,232,180,150,120,81,62,45,195,148,165,250,39,56,151,180,126,215,155,216,149,200,174,215,106,131,197,83,228,177,244,55,231,48,155,200,223,47,165,239,47,163,178,191,127,44,70,88,207,31,168,164,77,139,20,79,179,129,31,168,221,108,103,31,114,79,128,142,159,28,207,31,4,157,113,109,113,184,184,168,203,245,182,21,201,248,85,42,108,103,246,219,13,128,142,159,28,217,31,4,48,85,244,12,171,189,77,60,38,44,28,243,31,4,150,190,109,113,79,122,123,241,63,81,108,66,177,108,107,2,60,108
Best fitness found so far: 0.5917721367550779; k: 2.0
Generation: 43; 0.5917721367550779; k: 2.0; 135,71,241,129,135,71,241,108,27,207,245,50,225,201,248,85,242,68,213,3,132,128,72,47,106,238,62,174,33,46,132,129,207,31,8,54,77,235,113,79,85,212,31,168,150,60,81,62,45,71,241,108,113,71,35,108,115,132,245,50,225,201,248,180,42,108,103,27,219,207,128,88,22,71,142,247,115,207,245,177,244,55,231,48,79,158,223,132,165,239,47,163,178,191,127,44,70,88,207,31,168,164,77,236,113,79,179,129,31,168,36,120,81,148,38,195,12,217,131,102,79,214,200,197,132,155,135,223,67,138,248,32,219,129,89,89,219,213,120,128,219,141,126,215,155,216,149,194,141,215,106,131,197,83,1,177,244
Best fitness found so far: 0.5917721367550779; k: 2.0
Generation: 44; 0.5917721367550779; k: 2.0; 135,71,241,129,135,71,241,108,27,207,245,50,225,201,248,85,242,68,213,126,132,128,98,47,106,238,62,180,33,159,28,207,31,4,18,113,109,77,184,184,168,163,245,50,21,201,248,85,42,108,103,120,219,13,9,142,159,28,217,31,4,48,85,244,116,171,189,77,60,38,44,28,243,31,4,150,77,109,113,79,226,123,241,63,81,108,128,177,108,191,2,60,108,37,207,197
Best fitness found so far: 0.5917721367550779; k: 2.0
Generation: 45; 0.5917721367550779; k: 2.0; 157,71,241,108,135,71,241,108,115,167,245,50,225,201,102,85,124,108,103,120,60,79,128,235,193,164,66,31,4,48,47,89,128,201,136,92,43,213,241,83,249,11,81,207,156,124,180,213,3,179,234,120,97,207,173,29,245,50,76,228,221,85,66,88,143,115,153,207,203,134,87,213,168,179,229,120,250,65,204,29,142,134,50,76,206,70,44,158,96,198,81,207,50,80,183,3,221,179,118,120,97,207,128,29,159,13,167,61,65,81,108,66,177,25,215,230,100,242,227,143,55,66,234,219,1,29
Best fitness found so far: 0.5917721367550779; k: 2.0
Generation: 46; 0.5917721367550779; k: 2.0; 135,71,241,129,135,96,223,108,115,207,65,170,225,201,60,115,8,245,50,135,25,248,85,244,116,171,189,177,159,19,44,28,243,31,4,132,107,109,113,79,226,123,241,63,29,3,179,79,120,97,207,18,84,95,221,78,53,81,185,81,115,153,207,153,31,180,213,168,179,107,160,19,207,229,152,220,13,138,241,63,81,38,66,64,108,107,93,212,197
Best fitness found so far: 0.5917721367550779; k: 2.0
Generation: 47; 0.5917721367550779; k: 2.0; 157,41,241,108,135,71,241,108,115,207,245,50,225,201,248,85,133,108,103,120,219,79,128,225,197,28,207,31,4,18,113,109,113,184,130,168,163,245,50,21,201,216,85,42,108,103,125,219,13,128,142,84,28,207,31,4,48,113,109,113,184,115,207,197
Best fitness found so far: 0.5917721367550779; k: 2.0
Generation: 48; 0.5917721367550779; k: 2.0; 135,71,241,216,229,71,241,108,61,207,245,170,225,201,40,115,142,150,50,76,206,248,85,158,249,11,81,207,15,74,60,179,108,2,177,108,107,93,145,182,219,5,106,76,244,100,140,171,243,193,75,179,209
Best fitness found so far: 0.5917721367550779; k: 2.0
Generation: 49; 0.5917721367550779; k: 2.0; 135,71,241,12,229,71,241,108,115,207,245,170,225,201,248,115,142,245,50,76,157,1,85,179,107,157,1,85,179
Best fitness found so far: 0.5917721367550779; k: 2.0
Generation: 50; 0.5917721367550779; k: 2.0; 135,71,181,129,135,96,241,218,115,207,245,170,225,201,248,115,8,245,50,225,201,248,85,244,68,42,189,77,60,166,25,117,243,31,4,132,71,241,108,115,207,245,50,225,201,248,85,244,68,92
Best fitness found so far: 0.5917721367550779; k: 2.0
Generation: 51; 0.5917721367550779; k: 2.0; 135,71,241,108,41,71,241,108,115,207,245,50,225,201,168,85,42,66,103,120,3,77,128,107,150,120,81,62,71,110,210,43,131,47,108,151,167,126,215,155,188,149,21,116,215,208,131,135,71,241,108,135,71,241,108,115,207,245,50,225,201,248,85,42,108,103,165,219,207,128,1,89,133,198,53,81,9,160,195,12,217,75,47,5,151,137,126,215,155,169,148,47,138,248,152,66,129,136,179,219,118,24,108,187,217,208,132,128,131,191,215,236,245,170,33,170,132,28,109,31,168,54,93,166,113,79,38,212,232,168,150,120,106,43,45,195,210,165,250,39,56,151,180,126,215,155,216,149,200,141,215,106,131,197,83,228,177,244,55,231,48,155,200,223,47,165,239,47,163,178,191,127,44,70,88,207,31,168,164,77,139,66,79,179,129,31,168,221,120,81,148,38,195,12,169,131,102,79,66,200,120,85,42,108,103,27,219,207,128,88,171,71,241,108,115,207,245,170,109,201,248,115,55,16,50,18,84,95,221,120,92,81,92,45,195,74,192,113,79
Best fitness found so far: 0.5917721367550779; k: 2.0
Generation: 52; 0.5917721367550779; k: 2.0; 135,71,241,129,135,96,241,218,115,207,245,170,225,201,248,115,8,245,50,225,201,248,85,244,166,42,189,77,60,166,25,117,243,31,4,132,77,138,214,79,179,123,129,160,221,120,119,175,155,156,74,17,213,60,10,185,82,248,184,40,152,223,247,219,155,113,59,71,120,119,179,155,156,74,17,213,168,179,185,82,248,184,86,108,145,247,219,155,200,236,215,155,159,47,83,130,209,179,15
Best fitness found so far: 0.5917721367550779; k: 2.0
Generation: 53; 0.5917721367550779; k: 2.0; 135,71,241,129,229,71,241,108,115,207,61,170,225,201,248,115,142,26,50,76,206,92,25,158,180,166,113,79,38,214,232,168,150,120,81,62,45,195,210,165,250,39,56,34,180,126,215,155,216,149,39,141,215,106,75,197,83,1,177,244,55,231,48,155,237,223,132,165,239,47,163,178,191,127,44,70,88,207,31,168,164,10,236,77,128,179,129,31,168,221,120,81,148,38,195,12,217,30,102,79,214,200,197,227,219,1,243
Best fitness found so far: 0.5917721367550779; k: 2.0
Generation: 54; 0.5917721367550779; k: 2.0; 135,71,241,108,41,71,241,108,115,207,245,50,225,201,56,85,42,215,103,120,3,77,70,107,150,120,162,62,71,110,93,43,136,47,5,7,167,126,215,21,188,149,21,141,215,208,131,135,71,241,108,135,71,241,108,115,207,4,50,9,201,248,196,42,50,103,183,219,207,128,14,89,133,198,53,81,9,160,195,12,217,75,47,5,151,85,126,137,181,135,71,241,108,135,71,248,108,115,132,246,247,225,201,248,85,42,108,103,120,219,2,128,88,146,95,197,213,103,108,103,74,219,220,128
Best fitness found so far: 0.5917721367550779; k: 2.0
Generation: 55; 0.5917721367550779; k: 2.0; 135,125,241,129,135,96,241,108,115,207,245,170,225,201,248,115,8,245,50,225,201,248,85,244,68,214,84,77,60,166,76,28,243,96,4,247,77,69,113,79,222,193,129,168,221,120,119,179,155,156,74,17,213,168,159,13,49,164,106,202,207,226
Best fitness found so far: 0.5917721367550779; k: 2.0
Generation: 56; 0.5917721367550779; k: 2.0; 135,71,241,18,229,71,241,108,115,207,245,170,225,201,248,115,142,245,50,76,206,132,128,88,171,95,36,100,68,248,93,183,245,50,76,228,221,85,66,152,143,115,153,207,156,134,87,213,146,179,229,120,62,207,204,29,142,134,1,76,206,70,85,158,96,198,81,207,50,74,183,213,3,179,234,120,97,207,128,29,159,13,49,241,45,81,108,66,177,115,215,45,221,242,144,143,206,216,234,219,1,243,81,207,50,74,183,213,3,179,234,120,97,207,128,29,159,13,49,241,45,81
Best fitness found so far: 0.5917721367550779; k: 2.0
Generation: 57; 0.5917721367550779; k: 2.0; 157,71,241,108,135,71,241,108,115,207,245,50,225,201,88,85,42,108,115,85,42,208,84,159,13,21,101,12,206,211,138,5,221,120,119,179,127,156,74,174,180,9,45,195,12,217,131,47,233,104,230,200,215,1,131,148,146,198,248,196,66,133,136,60,219,203,63,159,241,33,115,70,197,131,71,241,108,118,13,241,108,115,132,245,50,225,201,248,85,42,108,103,120,219,232,128,88,171,95,49,180,219,248,178,116,135,71,241,108,115,207,197
Best fitness found so far: 0.5917721367550779; k: 2.0
Generation: 58; 0.5917721367550779; k: 2.0; 135,71,241,198,135,71,241,108,115,132,245,50,225,201,248,85,42,208,84,30,13,21,106,12,213,47,138,5,196,120,119,179,127,156,74,174,180,9,45,195,12,217,131,47,5,151,95,126,215,248,115,89,245,50,18,84,89,235,210,242,208,197,207,179,103
Best fitness found so far: 0.5917721367550779; k: 2.0
Generation: 59; 0.5917721367550779; k: 2.0; 135,71,241,129,135,71,241,108,115,207,245,170,225,201,248,115,11,245,226,17,100,148,85,78,242,81,207,158,74,113,79,168,237,129,168,221,120,179,33,39,248,85,66,124,145,182,219,5,49,76,60,219,203,191,71,241,33,115,207,197,131,47,5,104,200,126,215,1,131,148,146,198
Best fitness found so far: 0.5917721367550779; k: 2.0
Generation: 60; 0.5917721367550779; k: 2.0; 135,71,241,129,135,71,241,108,115,207,245,170,225,201,248,115,142,245,50,76,206,248,85,219,135,71,241,207,135,120,241,71,115,207,245,170,74,201,248,115,8,245,50,77,201,248,85,118,68,214,189,67,60,242,92,28,243,43,4,132,239,218,219,79,179,123,129,168,221,120,83,33,201,248,85,66,124,145,18,84,95,221,120,110,81,185,215,115,153,207,153,31,180,213,168,179,128,120,129,113,229,152,220,63,144,241,63,81,38,66,64,108,107,93,174,108,44,207,197
Best fitness found so far: 0.5917721367550779; k: 2.0
Generation: 61; 0.5917721367550779; k: 2.0; 135,71,241,108,135,71,241,108,115,207,245,50,225,201,248,85,42,108,103,120,219,207,128,34,89,133,198,53,81,232,160,195,12,217,75,47,5,125,13,126,215,155,169,148,47,138,248,154,66,129,136,71,241,108,19,71,241,108,115,207,197
Best fitness found so far: 0.5917721367550779; k: 2.0
Generation: 62; 0.5917721367550779; k: 2.0; 135,71,241,129,135,71,241,108,115,207,245,50,225,201,248,85,197,68,213,150,132,128,72,47,106,238,62,174,217,166,132,129,207,31,8,54,77,235,113,54,38,212,2,168,150,209,81,62,45,195,210,165,169,47,5,151,170,126,215,155,216,149,79,141,215,208,131,197,189,165,28,244,85,132,115,136,115,153,207,153,74,1,213,168,179,107,193,65,17,19,29,159,13,153,241,63,117,201,244,34,126,177,244,85,174,154,151,170,126,215,155,216,149,248,141,215,119,131,13,83,165,177,244,85,132,154,136,115,153,207,153,74,94,213,168,85,107,193,65,207,19,193,84,13,49,8,63,90,18,244,68,126,177,244,85,174,154,136,115,153,207,153,230,119,213,165,181,107
Best fitness found so far: 0.5917721367550779; k: 2.0
Generation: 63; 0.5917721367550779; k: 2.0; 215,71,241,129,135,61,241,108,201,207,245,170,225,201,248,115,8,245,50,225,201,248,85,244,68,144,189,77,60,56,92,28,243,31,4,132,77,218,115,207,197
Best fitness found so far: 0.5917721367550779; k: 2.0
Generation: 64; 0.5917721367550779; k: 2.0; 135,71,241,129,229,71,241,108,115,207,245,170,225,201,248,115,142,245,241,118,50,76,206,248,104,245,249,11,81,148,45,195,159,13,66,207,245,170,225,76,248,115,142,245,50,76,206,248,85,158,249,11,114,173,156,74,180,132,77,220,214,49,13,135,139,182,64
Best fitness found so far: 0.5917721367550779; k: 2.0
Generation: 65; 0.5917721367550779; k: 2.0; 135,71,241,108,135,81,241,108,115,207,245,50,225,201,248,220,42,198,53,81,80,45,39,195,74,182,113,9
Best fitness found so far: 0.5917721367550779; k: 2.0
Generation: 66; 0.5917721367550779; k: 2.0; 157,71,241,108,135,71,241,108,115,167,245,50,225,201,248,85,124,108,103,120,219,79,128,235,193,7,207,31,4,48,47,89,128,248,115,132,79,247,238,201,248,85,42,108,103,120,219,132,128,88,171,95,197,213,42,108,103,188,219,220,128
Best fitness found so far: 0.5917721367550779; k: 2.0
Generation: 67; 0.5917721367550779; k: 2.0; 135,71,241,129,135,71,241,108,115,207,245,125,225,201,248,115,82,142,245,50,225,201,248,85,133,231,103,120,215,29,128,142,159,207,245,170,225,201,248,115,142,245,245,50,175,84,6,221,120,53,81,162,186,195,218,182,113,79
Best fitness found so far: 0.5917721367550779; k: 2.0
Generation: 68; 0.5917721367550779; k: 2.0; 135,71,241,12,229,71,241,108,115,207,245,170,225,201,248,115,142,245,50,76,157,1,85,158,249,11,81,74,156,74,180,219,79,128,93,159,103,120,219,79,128,143,159,28,207,31,4,30,83,27,168,244,210,218,5,108,216,62,167,132,128,88,171,89
Best fitness found so far: 0.5917721367550779; k: 2.0
Generation: 69; 0.5917721367550779; k: 2.0; 135,71,241,108,135,71,241,108,115,207,245,50,225,201,248,85,42,108,103,120,219,207,128,142,150,120,81,62,71,195,210,43,131,47,5,151,35,126,215,155,216,149,21,141,183,208,131,36,83,49,241,168,81,207,195
Best fitness found so far: 0.5917721367550779; k: 2.0
Generation: 70; 0.5917721367550779; k: 2.0; 135,71,241,129,229,71,241,108,115,207,245,170,225,201,248,115,142,26,50,76,206,248,25,158,249,182,113,79,38,212,232,168,168,120,81,62,45,33,210,165,250,39,56,34,180,126,215,155,216,149,200,191,131,47,89,82,248,136,60,219,185,241,83,115,196,179,107
Best fitness found so far: 0.5917721367550779; k: 2.0
Generation: 71; 0.5917721367550779; k: 2.0; 135,71,241,129,135,71,241,108,115,207,245,170,225,201,248,230,11,245,140,17,201,248,85,135,11,81,207,156,74,126
Best fitness found so far: 0.5917721367550779; k: 2.0
Generation: 72; 0.5917721367550779; k: 2.0; 135,71,241,129,135,71,123,108,115,207,245,170,225,201,248,5,142,167,206,248,85,245,50,225,225,248,85,244,68,152
Best fitness found so far: 0.5917721367550779; k: 2.0
Generation: 73; 0.5917721367550779; k: 2.0; 157,71,241,108,135,71,241,108,115,207,245,50,225,201,88,85,42,202,132,245,50,225,201,248,85,42,208,84,159,13,21,101,12,213,47,138,5,221,120,119,179,127,156,74,174,180,9,45,195,12,217,131,112,5,151,103,126,215,1,102,184,146,198,248,46,66,104,136,60,219,118,63,71,241,33,115,207,197
Best fitness found so far: 0.5917721367550779; k: 2.0
Generation: 74; 0.5917721367550779; k: 2.0; 135,71,151,129,135,71,241,108,115,207,245,170,225,201,248,115,142,245,50,76,107,248,85,219,135,136,241,129,135,61,241,109,74,207,245,170,225,201,248,115,8,245,50,77,201,204,85,244,68,214,189,162,60,242,92,28,243,31,4,132,77,71,241,129,205,71,241,108,115,207,245,170,225,201,248,115,7,245,50,225,225,248,85,239,68,126
Best fitness found so far: 0.5917721367550779; k: 2.0
Generation: 75; 0.5917721367550779; k: 2.0; 135,71,241,129,135,71,241,108,115,207,245,170,109,201,248,115,142,238,246,18,84,95,38,120,53,85,133,231,244,68,126
Best fitness found so far: 0.5917721367550779; k: 2.0
Generation: 76; 0.5917721367550779; k: 2.0; 66,71,241,216,229,71,101,108,115,207,245,170,225,201,40,115,142,150,153,207,156,42,108,103,89,231,104,128,243,159,13,49,164,2,108,135,71,241,108,115,207,245,50,15,201,248,85,133,108,117,120,219,229,128,142,159,28,207,31,4,18,113,109,113,184,130,168,163,245,50,21,201,248,85,174,207,103,120,219,13,128,142,159,42,207,183,4,48,113,109,113,184,30,219,163,102,106,29,76,145,53
Best fitness found so far: 0.5917721367550779; k: 2.0
Generation: 77; 0.5917721367550779; k: 2.0; 135,185,241,198,135,71,241,108,115,132,245,50,225,201,248,85,42,208,84,159,13,215,113,12,213,47,138,5,221,120,119,179,19,156,74,174,180,208,230,185,218,123,242,236,108,145,182,203,5,106,76,178,128,140,145,243,193,75,135,71,241,117,115,207,245,197,220,201,248,115,212,245,140,12,118,248,85,84,11,81,207,156,199,180,213,3,179,242,120,97,207,128,29,159,229,49,241,63,81,108,66,177,2,163,215,100,242,143,143,108,216,233,229,241,108,135,71,131,108,115,132,245,50,225,201,189,85,42,83,103,208,15,47,223,202,171,106,236,189,174,33,226,180,28,207,31,168,54,77,127,207,16
Best fitness found so far: 0.5917721367550779; k: 2.0
Generation: 78; 0.5917721367550779; k: 2.0; 135,71,241,216,229,71,241,108,115,207,245,170,135,201,40,115,144,150,158,77,195,248,85,158,249,11,81,207,15,74,180,159,13,131,66,243,196,147,50,76,125,233,219,1,243
Best fitness found so far: 0.5917721367550779; k: 2.0
Generation: 79; 0.5917721367550779; k: 2.0; 157,41,241,108,135,71,241,108,115,207,245,50,225,201,248,85,133,108,103,120,219,79,128,142,217,28,207,31,4,18,113,109,184,184,203,167,163,245,50,21,201,248,85,42,108,103,120,219,13,128,142,159,28,207,31,4,48,113,109,113,184,30,219,163,102,156,74,180,132,77,220,214,49,13,168,139,182,210
Best fitness found so far: 0.5917721367550779; k: 2.0
Generation: 80; 0.5917721367550779; k: 2.0; 135,71,241,129,1,71,241,108,115,27,245,170,225,201,248,115,142,82,50,76,206,248,25,158,249,11,81,148,156,120,47,245,170,234,201,248,175,142,201,50,18,84,134,211,124,145,182,219,5,64,111,244,68,140,145,243,193,75,179,209
Best fitness found so far: 0.5917721367550779; k: 2.0
Generation: 81; 0.5917721367550779; k: 2.0; 135,71,241,108,135,71,177,108,115,207,245,50,225,51,248,85,42,108,103,120,3,159,62,49,241,168,215,182,210
Best fitness found so far: 0.5917721367550779; k: 2.0
Generation: 82; 0.5917721367550779; k: 2.0; 135,71,241,129,135,71,39,108,115,207,97,170,225,201,248,115,50,225,201,6,85,42,108,103,120,219,207,128,71,241,108,135,71,241,108,115,207,197
Best fitness found so far: 0.5917721367550779; k: 2.0
Generation: 83; 0.5917721367550779; k: 2.0; 135,71,241,198,135,71,241,108,115,132,245,50,225,201,248,85,42,208,84,159,13,122,101,12,90,47,138,5,221,120,119,107,127,153,74,174,45,9,108,103,208,219,132,128
Best fitness found so far: 0.5917721367550779; k: 2.0
Generation: 84; 0.5917721367550779; k: 2.0; 135,71,241,129,135,71,241,108,115,207,245,170,225,201,248,115,142,245,50,206,248,85,158,115,11,81,173,156,74,180,132,77,220,214,49,13,168,139,182,237
Best fitness found so far: 0.5917721367550779; k: 2.0
Generation: 85; 0.5917721367550779; k: 2.0; 135,71,241,129,229,71,241,108,115,207,175,170,225,201,248,115,142,245,50,76,180,248,224,158,249,11,81,207,213,168,179,229,120,62,207,204,29,142,204,50,76,206,70,85,158,96,198,81,207,50,45,164,213,3,179,234,120,145,207,128,29,52,175,49,241,45,21,108,66,141,115,215,215,100,242,144,143,108,216,234,219,1,120
Best fitness found so far: 0.5917721367550779; k: 2.0
Generation: 86; 0.5917721367550779; k: 2.0; 66,113,241,216,229,71,241,108,115,207,245,170,225,201,40,115,142,150,153,207,156,42,108,103,89,231,104,128,243,159,13,49,164,2,202,207,216,170,109,201,248,175,142,245,50,18,222,85,66,46,145,182,219,230,64,54,244,68,140,145,243,193,75,179,209
Best fitness found so far: 0.5917721367550779; k: 2.0
Generation: 87; 0.5917721367550779; k: 2.0; 157,41,241,108,135,71,241,108,115,207,245,50,121,201,248,85,133,199,103,120,219,79,183,142,159,28,207,31,4,18,113,168,113,184,130,50,163,245,50,21,201,248,85,42,108,103,120,219,13,73,142,159,28,207,31,4,48,115,207,245,170,109,107,248,175,142,245,50,18,84,85,66,124,145,182,219,5,64,54,244,68,53,145,243,193,75,179,209
Best fitness found so far: 0.5917721367550779; k: 2.0
Generation: 88; 0.5917721367550779; k: 2.0; 157,71,241,108,135,71,227,108,145,207,245,50,191,201,88,85,42,108,115,222,42,38,84,159,13,21,101,165,247,207,138,5,221,120,2,179,184,156,74,174,180,9,45,195,12,217,131,21,5,104,200,126,215,1,131,135,71,241,108,228,249,245,50,225,201,248,85,42,108,103,120,219,207,128,142,159,103,49,241,168,81,207,226
Best fitness found so far: 0.5917721367550779; k: 2.0
Generation: 89; 0.5917721367550779; k: 2.0; 135,139,241,129,135,61,241,108,115,207,245,170,225,201,248,115,8,215,103,89,231,161,128,151,159,13,49,164,25,202,207,226
Best fitness found so far: 0.5917721367550779; k: 2.0
Generation: 90; 0.5917721367550779; k: 2.0; 157,71,241,108,135,71,241,108,115,167,245,50,225,201,248,85,124,108,103,120,219,79,128,52,193,164,207,31,4,48,47,89,128,130,136,201,248,85,42,108,103,70,219,132,128,88,171,95,231,213,42,108,103,16,219,220,128
Best fitness found so far: 0.5917721367550779; k: 2.0
Generation: 91; 0.5917721367550779; k: 2.0; 6,71,241,129,135,96,241,218,115,207,245,170,225,201,234,115,8,245,50,84,95,230,220,53,81,92,39,167,74,182,113,79
Best fitness found so far: 0.5917721367550779; k: 2.0
Generation: 92; 0.5917721367550779; k: 2.0; 157,71,241,108,135,71,241,108,115,167,245,75,225,201,248,85,124,108,150,180,219,79,128,202,221,73,207,31,4,219,47,89,55,248,136,65,8,245,50,135,25,248,246,244,116,171,95,135,71,241,108,135,71,241,108,115,207,197
Best fitness found so far: 0.5917721367550779; k: 2.0
Generation: 93; 0.5917721367550779; k: 2.0; 135,71,241,108,135,71,241,108,115,207,247,50,225,201,248,85,154,108,103,120,219,207,74,34,89,42,108,103,208,15,172,223,202,171,106,236,189,60,33,166,180,28,207,31,168,5,144,211,207,226
Best fitness found so far: 0.5917721367550779; k: 2.0
Generation: 94; 0.5917721367550779; k: 2.0; 157,71,241,108,135,71,241,108,115,207,245,50,225,201,88,85,42,108,115,85,42,208,106,159,13,21,88,12,206,113,138,5,21,182,119,179,127,156,74,174,180,9,45,195,12,217,131,47,5,104,211,126,215,1,131,148,146,198,248,46,66,133,136,60,219,203,63,71,241,33,115,207,197,131,47,207,128,29,159,13,49,241,45,81,108,66,177,115,215,215,235,242,144,143,108,216,234,219,1,243
Best fitness found so far: 0.5917721367550779; k: 2.0
Generation: 95; 0.5917721367550779; k: 2.0; 135,71,241,129,135,71,241,108,115,207,67,170,109,201,248,115,207,245,170,225,201,248,115,8,39,50,225,25,159,85,244,116,171,189,77,159,166,44,216,243,31,4,132,77,14,113,79,226,123,241,63,81,3,179,234,120,97,207,124,29,140,13,97,241,137,81,155,66,58,2,112,215,100,242,144,143,108,216,233,219,1,243,201,248,115,8,39,50,225,25,159,85,244,116,171,189,77,159,166,44,216,243,31,4,132,77,14,113,79,226,123,241,63,81,3,179,234,120,97,207
Best fitness found so far: 0.5917721367550779; k: 2.0
Generation: 96; 0.5917721367550779; k: 2.0; 135,71,241,198,135,71,195,108,115,132,245,50,225,201,248,85,42,81,84,76,13,107,113,12,213,47,237,5,221,120,119,179,127,156,74,174,180,208,230,185,218,123,242,236,108,145,182,92,5,106,76,27,68,140,145,243,193,75,135,71,241,117,115,207,245,170,71,201,248,115,11,33,140,12,118,248,85,244,183,81,207,156,74,180,213,3,179,234,120,97,207,128,29,159,229,49,241,63,81,108,66,177,2,163,215,100,242,143,241,108,115,132,245,50,225,201,119,60,42,159,62,221,241,168,81,182,54
Best fitness found so far: 0.5917721367550779; k: 2.0
Generation: 97; 0.5917721367550779; k: 2.0; 66,71,241,216,229,71,23,108,115,207,245,170,225,201,40,115,142,150,153,207,77,236,113,79,179,129,31,168,41,120,81,148,38,195,12,217,131,102,79,214,200,165,132,155,135,223,67,138,248,32,152,129,89,29,219,213,120,128,41,12,126,215,155,216,28,194,141,215,106,131,138,83,1,177,244
Best fitness found so far: 0.5917721367550779; k: 2.0
Generation: 98; 0.5917721367550779; k: 2.0; 135,71,241,129,71,71,241,108,115,207,245,170,109,201,248,175,142,245,8,18,84,85,66,124,145,182,219,5,115,207,245,50,225,95,248,85,42,108,103,120,219,207,128,142,159,13,49,241,168,80,207,226
Best fitness found so far: 0.5917721367550779; k: 2.0
Generation: 99; 0.5917721367550779; k: 2.0; 135,71,241,216,229,71,241,108,115,207,245,170,135,201,40,115,142,150,76,77,195,248,85,158,249,11,81,207,15,34,180,159,246,131,136,60,219,118,81,108,187,213,208,108,20,71,241,108,115,207,197
Best fitness found so far: 0.5917721367550779; k: 2.0
Generation: 100; 0.5917721367550779; k: 2.0; 135,71,241,108,135,71,241,108,115,207,245,50,225,201,248,85,42,108,103,120,219,207,128,142,150,120,29,62,71,195,156,43,131,47,5,151,167,126,215,155,216,149,21,141,215,208,131,197,83,165,207,250,205,174,154,248,115,142,40,50,205,55,244,85,243,152,143,51,110,207,156,134,51,213,54,179,229,120,75,207,128,29,159,13,49,241,231,242,228,143,90,127,233,210,115,207,197
Best fitness found so far: 0.5917721367550779; k: 2.0
Generation: 101; 0.5917721367550779; k: 2.0; 135,71,241,129,135,96,241,218,115,207,245,170,225,201,248,115,8,245,50,225,22,248,85,244,68,181,189,77,60,142,44,117,243,31,4,132,217,126
Best fitness found so far: 0.5917721367550779; k: 2.0
Generation: 102; 0.5917721367550779; k: 2.0; 135,9,241,129,15,71,241,108,115,162,245,170,225,201,248,115,142,245,50,225,225,248,85,244,179,107,193,65,207,19,29,159,13,68,241,63,116,85,244,68,126,177,58,85,174,154,136,115,153,207,153,230,119,213,168,181,107
Best fitness found so far: 0.5917721367550779; k: 2.0
Generation: 103; 0.5917721367550779; k: 2.0; 157,199,241,108,135,71,241,108,115,167,245,50,225,201,248,85,49,108,103,120,219,68,128,235,193,28,207,31,4,48,47,207,128,248,136,92,43,213,241,102,106,29,18,145,140
Best fitness found so far: 0.5917721367550779; k: 2.0
Generation: 104; 0.5917721367550779; k: 2.0; 135,71,241,129,229,71,241,108,115,207,245,170,225,201,204,115,213,26,50,18,196,248,25,158,249,166,110,66,38,212,232,168,150,237,81,62,45,195,210,165,250,39,56,34,180,244,136,155,216,149,200,141,44,106,131,197,83,1,177,244,55,231,48,155,237,223,132,165,239,47,163,178,191,127,44,70,88,207,31,168,164,10,236,32,128,179,129,31,168,221,120,81,148,38,243,12,217,30,102,79,214,142,10,97,225,225,248,85,244,68,126
Best fitness found so far: 0.5917721367550779; k: 2.0
Generation: 105; 0.5917721367550779; k: 2.0; 157,71,241,168,135,71,241,108,115,207,245,50,225,201,88,85,42,108,103,48,17,79,128,143,199,28,237,31,4,48,113,202,113,184,30,243,7,238,85,15,108,136,247,248,28,39,158,77,195,55,85,158,218,11,81,207,15,74,180,6,10,131,66,243,196,36,212
Best fitness found so far: 0.5917721367550779; k: 2.0
Generation: 106; 0.5917721367550779; k: 2.0; 135,71,241,129,135,61,241,108,115,207,3,170,225,201,248,115,164,245,50,225,201,248,85,244,68,147,189,77,60,166,92,224,243,31,4,132,77,218,113,79,179,123,188,168,221,231,179,33,218,248,85,102,124,249,182,219,5,106,76,244,68,140,145,243,193,75,179,209
Best fitness found so far: 0.5917721367550779; k: 2.0
Generation: 107; 0.5917721367550779; k: 2.0; 135,71,241,129,135,71,241,108,115,207,245,170,225,201,248,115,142,245,50,76,206,248,51,219,135,71,241,17,135,61,241,158,207,207,80,170,225,201,248,115,8,246,50,77,201,248,85,244,68,214,189,67,60,242,92,28,243,31,4,132,77,218,113,79,179,123,129,168,221,120,59,33,201,248,116,11,248,85,42,108,103,120,219,79,128,142,159,28,207,31,4,48,113,109,157,184,30,49,163,102,106,29,76,145,140
Best fitness found so far: 0.5917721367550779; k: 2.0
Generation: 108; 0.5917721367550779; k: 2.0; 135,177,241,129,135,71,241,108,27,207,245,50,225,201,248,85,242,68,213,126,132,128,72,47,78,238,47,174,33,46,132,129,72,31,8,54,77,235,113,79,85,227,31,168,150,209,81,62,45,71,241,108,113,71,35,108,115,132,245,50,225,201,108,145,207,245,50,225,201,88,85,42,108,115,85,42,208,84,159,13,21,2,12,247,204,138,5,221,120,2,179,184,156,74,174,180,9,45,195,12,217,131,47,5,104,200,144,215,1,131,148,146,232,248,46,66,82,239,83,104,50,97,107
Best fitness found so far: 0.5917721367550779; k: 2.0
Generation: 109; 0.5917721367550779; k: 2.0; 157,71,241,108,135,71,241,18,145,207,245,50,225,201,88,85,42,108,115,85,71,241,198,135,71,241,18,115,132,245,50,225,201,248,85,42,208,84,159,143,215,113,59,213,47,17,91,64,120,119,179,127,156,74,174,180,208,230,185,157,123,242,61,108,145,182,219,177,106,76,27,68,140,145,118,193,75,135,71,241,135,86,207,245,170,225,201,155,115,11,245,140,101,118,248,131,244,60,81,207,156,74,242,213,3,179,234,241,108,237,132,245,50,225,201,248,85,236,13,84,159,33,21,212,12,213,47,138,5,71,120,188,179,127,156,74,174,180,9,156,195,12,217,131,47,5,151,8,126,215,1,131,148,146,198,248,46,66,104,136,60,219,118,63,123,241,33,115,36,197,140,145,118,193,75,135,71,241,135,86,207,245,170,225,201,155,115,11,245,140,101,118,248,131,244,60,81,207,156,74,242,213,3,179,234,241,108,237,132,245,50,225,201,248,85,236,13,84,159,33,21,212,12,213,47,138,5,71,120,188,179,127,156,74,174,180,9,156,195,12,217,131,47,5,151,8,126,215,1,131,148,146,198,248,46,66,104,136,60,219,118,63,123,241
Best fitness found so far: 0.5917721367550779; k: 2.0
Generation: 110; 0.5917721367550779; k: 2.0; 157,41,241,108,135,71,241,108,115,207,245,50,225,201,248,85,133,108,103,188,219,79,128,142,159,28,207,93,4,18,113,109,69,184,184,168,79,245,220,123,201,151,85,42,108,103,120,219,13,128,142,159,28,217,31,4,48,85,244,116,171,189,77,60,38,44,36,243,66,71,241,216,229,71,241,108,229,207,187,204,225,201,40,115,142,150,153,117,156,42,108,103,89,231,104,196,243,159,13,49,164,2,202,207,226
Best fitness found so far: 0.5917721367550779; k: 2.0
Generation: 111; 0.5917721367550779; k: 2.0; 18,71,241,108,135,71,3,108,115,207,245,50,225,201,88,85,106,129,103,120,18,3,179,172,120,134,207,128,29,159,13,49,241,63,81,108,66,177,2,163,215,100,242,71,143,235,146,148,219,1,243
Best fitness found so far: 0.5917721367550779; k: 2.0
Generation: 112; 0.5917721367550779; k: 2.0; 157,41,241,108,135,71,241,108,115,207,245,50,225,201,248,85,185,231,103,73,215,79,128,142,159,207,108,115,207,197
Best fitness found so far: 0.5917721367550779; k: 2.0
Generation: 113; 0.5917721367550779; k: 2.0; 135,71,241,108,135,71,241,108,103,207,237,50,225,156,74,180,150,3,179,234,120,97,207,236,29,234,13,49,241,100,81,108,66,177,2,163,215,100,242,144,143,108,33,233,219,144,243
Best fitness found so far: 0.5917721367550779; k: 2.0
Generation: 114; 0.5917721367550779; k: 2.0; 135,71,241,129,229,71,241,108,115,207,245,170,63,201,248,185,142,245,6,76,206,207,245,50,225,201,248,17,149,157,103,120,5,135,71,241,108,115,207,170,170,225,201,248,232,142,10,50,216,225,248,85,31,68,126
Best fitness found so far: 0.5917721367550779; k: 2.0
Generation: 115; 0.5917721367550779; k: 2.0; 157,41,241,108,135,71,241,108,115,207,245,50,225,201,248,25,178,200,103,120,219,79,128,142,159,28,207,31,4,189,113,109,171,184,100,168,163,241,108,115,238,245,170,225,208,248,191,142,245,191,233,206,248,85,219,249,11,81,148,45,195,159,13,131,66,243,196,36,212
Best fitness found so far: 0.5917721367550779; k: 2.0
Generation: 116; 0.5917721367550779; k: 2.0; 157,71,241,108,135,71,241,108,115,207,245,50,225,201,248,85,124,156,103,120,219,79,128,235,193,28,207,31,4,48,47,89,82,248,136,182,43,213,241,76,115,50,97,107
Best fitness found so far: 0.5917721367550779; k: 2.0
Generation: 117; 0.5917721367550779; k: 2.0; 157,71,241,108,135,71,241,108,115,207,245,50,225,201,248,85,124,180,103,120,135,71,241,129,15,71,241,108,115,207,245,170,225,201,68,115,142,245,50,225,225,248,85,244,68,126,108,135,71,241,108,115,207,245,50,225,201
Best fitness found so far: 0.5917721367550779; k: 2.0
Generation: 118; 0.5917721367550779; k: 2.0; 135,71,241,12,229,71,241,108,115,207,245,170,225,201,248,115,142,245,50,76,144,1,85,158,249,11,81,74,156,63,180,219,79,128,143,191,28,142,245,50,18,112,95,221,120,53,81,28,45,195,74,192,113,79
Best fitness found so far: 0.5917721367550779; k: 2.0
Generation: 119; 0.5917721367550779; k: 2.0; 135,71,241,198,135,71,241,108,115,132,245,50,225,201,248,85,42,218,84,95,13,215,113,12,213,47,138,5,221,120,119,179,127,156,74,174,180,208,230,185,218,123,242,236,108,145,230,219,5,106,76,128,68,140,145,243,36,75,135,71,241,117,115,207,245,170,225,201,193,115,11,245,140,12,118,248,68,244,11,81,207,156,74,180,213,5,179,234,120,111,207,128,29,149,62,186,32,162,23,136,210,155,117,141,192,155,131,47,98,243,170,238,85,15,145,136,247,99,28,39,96,175,126,77,105,62,106,199,31,233,93,47,89,82,248,103,120,219,207,128,142,159,62,49,241,168,81,96,226
Best fitness found so far: 0.5917721367550779; k: 2.0
Generation: 120; 0.5917721367550779; k: 2.0; 135,71,241,129,135,71,241,108,115,207,209,170,109,201,248,175,142,245,50,18,84,85,7,181,145,182,219,126,64,54,244,68,140,145,243,193,207,128,238,159,13,49,241,168,81,207,226
Best fitness found so far: 0.5917721367550779; k: 2.0
Generation: 121; 0.5917721367550779; k: 2.0; 135,71,241,129,135,71,241,108,115,207,245,170,225,201,248,115,142,245,50,225,225,248,85,244,68,126
Best fitness found so far: 0.5917721367550779; k: 2.0
Generation: 122; 0.5917721367550779; k: 2.0; 157,71,241,108,135,71,241,108,145,207,245,50,225,201,88,85,42,108,115,85,42,208,110,159,13,48,101,12,247,207,138,5,221,71,241,108,115,167,245,50,78,201,248,85,124,77,118,120,219,79,128,202,193,28,207,31,4,219,47,89,128,184,136,65,8,245,50,135,25,248,246,244,116,171,189,117,159,19,44,28,243,31,4,132,77,109,173,79,226,123,241,63,81,3,179,79,120,97,207,18,84,95,221,218,53,81,185,188,115,153,207,249,31,152,213,168,179,79,187,19,207,136,152,220,13,138,241,63,81,38,66,64,108,101,93,212,108,115,207,213
Best fitness found so far: 0.5917721367550779; k: 2.0
Generation: 123; 0.5917721367550779; k: 2.0; 157,71,241,108,135,71,241,108,115,207,245,50,225,201,248,85,2,108,114,120,250,79,128,142,74,28,207,31,4,48,113,109,113,169,72,219,181,102,106,47,76,31,4,48,47,89,82,248,136,70,43,24,214,83,115,50,97,107,241,108,115,207,245,50,225,201,248,85,2,108,114,120,250,79,128,142,74,28,207,31,4,48,113,109,113,169,72,219,181,102,106,47,76,31,4,48,47,89,82,248,136,70
Best fitness found so far: 0.5917721367550779; k: 2.0
Generation: 124; 0.5917721367550779; k: 2.0; 135,71,241,129,135,71,241,108,115,207,245,170,225,201,204,115,11,245,117,17,201,248,85,244,11,81,207,156,74,180,213,3,179,234,120,97,207,128,29,159,229,147,241,63,81,108,66,177,2,163,215,100,242,85,158,107
Best fitness found so far: 0.5917721367550779; k: 2.0
Generation: 125; 0.5917721367550779; k: 2.0; 135,113,241,129,15,71,241,108,115,207,245,170,225,201,248,115,245,140,17,172,201,85,244,11,81,207,156,195,180,213,3,179,234,120,97,207,172,29,159,229,49,137,63,81,108,66,177,2,134,215,44,242,144,143,108,153,37,136,72,43,213,241,83,115,50,97,107
Best fitness found so far: 0.5917721367550779; k: 2.0
Generation: 126; 0.5917721367550779; k: 2.0; 135,71,241,108,135,71,241,108,115,132,245,50,225,201,248,85,42,108,103,120,85,133,108,103,120,219,79,128,142,159,28,207,31,4,18,113,109,113,184,130,168,163,197,50,21,201,248,85,42,108,103,120,72,13,128,142,159,28,207,241,224,48,113,109,113,193,30,130,163,102,106,29,76,145,53,113,109,113,184,130,168,163,197,50,21,201,248,85,42,108,103,120,72,13,128,142,159,28,207,241
Best fitness found so far: 0.5917721367550779; k: 2.0
Generation: 127; 0.5917721367550779; k: 2.0; 157,41,241,108,135,71,241,108,115,142,245,50,225,201,182,85,133,231,103,120,206,225,170,248,85,242,68,213,150,60,128,72,47,106,238,62,174,33,166,132,129,207,31,8,54,138,235,113,79,38,212,31,168,150,209,81,62,45,220,210,227,131,47,5,151,30,126,5,155,216,149,248,141,215,208,131,197,83,165,177,244,85,132,154,136,115,153,207,153,74,94,213,168,179,107,72,65,207,19,29,159,13,49,241,63,117,85,244,68,126,177,244,85,174,154,136,115,153,207,153,230,119,213,168,181,107
Best fitness found so far: 0.5917721367550779; k: 2.0
Generation: 128; 0.5949317188628357; k: 2.0; 135,71,195,3,229,71,241,108,115,207,245,170,225,76,219,115,225,201,248,115,142,245,50,225,201,248,85,244,54,126
Best fitness found so far: 0.5949317188628357; k: 2.0
Generation: 129; 0.5917721367550779; k: 2.0; 135,71,241,129,135,71,241,108,27,207,245,50,225,201,248,85,242,145,213,126,132,128,72,47,106,238,245,125,173,14,248,115,11,142,36,50,74,225,248,85,28,145,126
Best fitness found so far: 0.5949317188628357; k: 2.0
Generation: 130; 0.5917721367550779; k: 2.0; 196,71,241,198,225,71,241,108,115,132,245,50,225,201,248,85,42,208,172,159,143,215,113,152,213,54,17,91,41,120,119,179,127,156,116,174,180,208,230,185,218,123,242,236,108,3,182,219,177,106,78,27,68,143,145,56,193,75,135,71,241,208,86,207,245,170,225,201,141,115,11,224,140,101,118,248,131,244,11,81,207,156,74,242,213,3,179,234,135,71,241,108,115,207,245,50,225,201,176,85,42,108,103,120,219,207,128,142,159,13,49,241,168,81,207,226
Best fitness found so far: 0.5949317188628357; k: 2.0
Generation: 131; 0.5949317188628357; k: 2.0; 135,71,195,3,229,71,241,108,115,207,245,170,225,76,219,115,225,201,248,115,142,245,50,225,81,73,153,207,153,31,180,213,168,243,107,160,19,207,229,152,220,13,138,241,63,81,38,66,64,108,107,93,56,149,115,207,197
Best fitness found so far: 0.5949317188628357; k: 2.0
Generation: 132; 0.5917721367550779; k: 2.0; 135,71,241,216,229,71,241,108,115,207,245,170,225,201,40,115,225,150,50,76,206,248,85,158,249,11,115,142,245,50,76,206,55,85,219,249,11,81,98,45,195,159,13,131,66,243,196,36,212
Best fitness found so far: 0.5949317188628357; k: 2.0
Generation: 133; 0.5917721367550779; k: 2.0; 135,71,241,108,135,71,241,108,57,132,245,50,225,201,248,60,42,159,62,68,214,189,67,60,242,92,28,243,31,163,132,77,218,113,163,179,123,129,168,221,120,59,33,186,248,85,134,124,145,88,219,5,69,76,244,68,123,145,108,193,75,179,209
Best fitness found so far: 0.5949317188628357; k: 2.0
Generation: 134; 0.5917721367550779; k: 2.0; 135,71,241,129,135,71,241,108,115,207,245,170,225,201,248,115,142,245,50,164,2,202,207,226
Best fitness found so far: 0.5949317188628357; k: 2.0
Generation: 135; 0.5949317188628357; k: 2.0; 135,71,195,3,229,71,241,108,115,207,75,170,37,76,219,115,147,201,248,115,142,245,50,215,201,248,85,71,198,220,115,19,245,170,225,194,8,115,142,245,50,225,46,248,118,116,210,126
Best fitness found so far: 0.5949317188628357; k: 2.0
Generation: 136; 0.5917721367550779; k: 2.0; 135,71,241,15,135,71,241,238,115,207,245,170,109,201,248,175,142,245,151,18,84,85,66,124,145,182,219,5,64,54,244,68,140,145,243,193,75,179,209
Best fitness found so far: 0.5949317188628357; k: 2.0
Generation: 137; 0.5949317188628357; k: 2.0; 135,71,195,3,229,71,241,108,115,207,245,170,225,236,69,115,225,201,248,115,142,245,50,225,81,73,153,207,153,31,180,213,168,243,107,160,19,207,229,152,220,13,138,241,63,81,38,66,64,108,107,87,132,140,201,225,201,204,85,42,42,219,163,102,106,29,183,145,115
Best fitness found so far: 0.5949317188628357; k: 2.0
Generation: 138; 0.5949317188628357; k: 2.0; 135,71,195,3,229,71,241,108,115,207,245,170,225,76,219,115,225,201,248,115,29,245,50,225,223,219,163,102,106,29,76,145,53,245,170,225,76,219,115
Best fitness found so far: 0.5949317188628357; k: 2.0
Generation: 139; 0.5917721367550779; k: 2.0; 135,71,241,129,229,71,241,108,63,207,245,205,225,201,248,115,142,245,50,118,50,76,206,248,104,245,249,11,245,170,33,170,132,28,109,31,168,54,175,166,113,79,38,212,17,168,150,120,81,62,45,195,210,165,250,39,56,151,13,126,215,203,216,149,200,141,215,106,131,197,184,228,177,244,55,231,48,155,200,223,47,165,239,47,163,178,191,127,44,177,88,207,31,168,88,77,139,20,79,179,129,31,39,221,120,81,148,202,151,162,217,131,102,79,66,150,197,132,155,135,223,67,138,248,32,219,129,64,29,219,213,120,122,41,22,126,215,155,216,132,49,141,118,106,94,197,217,1,99,244
Best fitness found so far: 0.5949317188628357; k: 2.0
Generation: 140; 0.5949317188628357; k: 2.0; 135,187,195,3,229,71,241,108,115,207,245,100,225,76,219,115,225,201,248,115,142,245,50,225,81,73,153,207,166,31,180,213,168,243,107,160,19,207,229,152,220,13,138,241,63,81,38,66,64,108,107,93,56,149,2,207,109,224,214,47,138,248,154,66,129,136,60,219,118,81,108,187,213,208,108,20,71,241,108,198,207,197
Best fitness found so far: 0.5949317188628357; k: 2.0
Generation: 141; 0.5949317188628357; k: 2.0; 132,187,195,3,229,71,241,108,115,207,245,100,225,76,219,115,225,201,248,115,162,58,50,225,81,73,153,207,166,31,180,213,168,178,107,160,19,207,229,152,220,13,138,241,63,81,38,132,128
Best fitness found so far: 0.5949317188628357; k: 2.0
Generation: 142; 0.5949317188628357; k: 2.0; 135,71,195,3,229,71,29,63,115,207,211,125,213,76,219,115,225,201,101,115,142,245,50,225,81,73,153,207,153,78,34,213,168,243,107,160,19,207,2,152,231,225,201,107,115,8,245,50,225,118,248,50,244,116,171,189,77,76,166,44,28,243,213,4,132,77,109,113,79,226,123,241,63,81,108,104,177,108,107,93,60,108,37,207,197
Best fitness found so far: 0.5949317188628357; k: 2.0
Generation: 143; 0.5949317188628357; k: 2.0; 135,71,195,3,229,71,241,168,115,207,245,170,225,76,219,115,207,201,248,115,142,245,50,131,81,73,153,207,153,150,180,213,168,243,107,160,19,207,2,152,196,13,138,241,63,81,139,66,64,108,130,93,56,149,155,245,140,12,118,248,85,244,11,81,207,156,74,86,213,3,179,234,120,97,207,128,29,159,210,49,125,63,81,108,66,177,2,163,215,100,242,76,203,108,30,233,229,1,243
Best fitness found so far: 0.5949317188628357; k: 2.0
Generation: 144; 0.6058178046615134; k: 2.0; 135,14,195,3,229,71,241,108,115,207,245,170,225,76,219,115,225,201,248,115,29,245,50,18,84,95,221,120,53,76,125,248,85,158,107
Best fitness found so far: 0.6058178046615134; k: 2.0
Generation: 145; 0.5949317188628357; k: 2.0; 247,71,195,3,229,71,167,108,115,207,245,170,225,236,227,115,225,201,248,115,142,245,50,225,95,73,153,77,153,188,180,213,168,143,107,160,19,207,229,246,220,13,138,196,63,81,156,66,64,248,85,158,249,11,81,207,15,74,180,159,13,131,66,243,196,168,13,138,241,63,81,156,66,64,248,244,177,79,11,81,160,15,74,180,159,13,76,128,103,49,185,4,76,245,92,85,66,88,143,170,246,207,203,134,187,213,168,179,229,120,41,216,155,194,47,215,106,131,197,83,1,177,69
Best fitness found so far: 0.6058178046615134; k: 2.0
Generation: 146; 0.5949317188628357; k: 2.0; 227,105,195,3,229,71,241,108,115,207,245,100,225,76,219,115,121,201,248,115,162,135,71,195,101,229,194,12,168,38,207,245,170,117,76,219,115,225,201,3,115,62,225,50,120,81,73,153,207,153,78,180,213,168,201,218,160,19,207,2,152,62,129,135,71,241,108,115,207,245,170,225,201,248,115,11,245,140,17,201,248,85,135,11,81,207,156,74,219,122
Best fitness found so far: 0.6058178046615134; k: 2.0
Generation: 147; 0.5984597789349928; k: 2.0; 247,71,195,3,229,71,167,99,121,207,245,170,225,38,227,240,225,201,248,115,142,245,50,225,81,73,153,77,153,188,180,213,168,56,167,160,19,207,229,207,245,170,225,76,124,115,225,201,248,115,29,245,50,225,223,219,163,102,106,29,76,145,53,245,170,225,76,219,115
Best fitness found so far: 0.6058178046615134; k: 2.0
Generation: 148; 0.6058178046615134; k: 2.0; 135,224,195,3,229,71,241,168,115,207,245,170,225,76,219,115,73,201,248,115,142,245,50,225,81,73,153,207,153,78,180,61,118,243,230,57,19,207,2,152,231,13,167,241,63,81,139,211,85,42,108,103,27,219,207,128,88,171,71,241,108,115,207,245,170,186,76,248,115,55,176,50,18,84,95,221,120,92,81,92,45,210,74,192,113,79
Best fitness found so far: 0.6058178046615134; k: 2.0
Generation: 149; 0.5949317188628357; k: 2.0; 247,131,195,3,23,71,167,108,241,207,245,170,225,236,227,185,225,201,248,115,142,245,115,201,248,115,142,245,50,18,84,89,177,210,242,40,197,207,179,103
Best fitness found so far: 0.6058178046615134; k: 2.0
Generation: 150; 0.6058178046615134; k: 2.0; 36,248,195,3,229,71,167,108,115,207,245,170,201,236,227,115,225,201,248,115,142,245,50,225,20,73,153,77,153,188,180,213,168,143,107,160,219,132,73,153,207,153,64,180,25,193,243,107,160,218,220,13,138,241,63,190,38,132,128
Best fitness found so far: 0.6058178046615134; k: 2.0
Generation: 151; 0.6058178046615134; k: 2.0; 247,80,195,3,229,71,167,108,115,207,245,170,225,236,227,240,225,201,248,115,142,245,50,225,81,73,153,77,153,220,134,213,168,243,167,160,19,207,156,185,220,13,138,241,63,81,156,66,64,248,244,177,79,11,95,160,15,74,180,159,13,131,128,103,49,185,4,76,245,92,177,66,88,143,132,246,207,203,134,187,213,168,179,229,120,41,216,155,141,141,215,106,131,107,83,115,207,245,170,225,209,60,115,225,201,248,43,142,245,50,225,81,73,153,207,153,31,180,52,168,243,107,160,19,207,229,152,122,13,138,241,63,81,38,66,64,108,107,93,56,149,115,66,197
Best fitness found so far: 0.6058178046615134; k: 2.0
Generation: 152; 0.6058178046615134; k: 2.0; 135,14,195,3,229,71,241,108,115,207,245,170,225,76,219,115,225,201,33,115,88,245,50,18,84,95,221,120,53,76,125,46,232,195,3,229,71,241,108,115,12,245,170,1,236,69,115,225,201,248,115,198,245,50,225,81,219,153,207,153,31,180,66,206,8,209,240,56,149,155,148,227,217,242,59,57,103,120
Best fitness found so far: 0.6058178046615134; k: 2.0
Generation: 153; 0.6058178046615134; k: 2.0; 135,224,195,3,155,71,241,168,115,207,249,170,225,76,219,115,73,201,248,115,142,245,50,8,81,73,114,207,153,78,180,128,118,243,230,57,19,118,136,152,231,13,167,9,63,81,103,211,144,42,108,103,59,219,207,128,88,171,71,241,108,115,207,67,170,17,76,248,115,55,176,50,18,229,71,241,108,115,207,245,117,225,236,69,115,225,201,248,82,142,245,50,169,81,73,153,207,153,128,180,213,168,243,107,160,19,190,31,180,213,168,232,107,160,19,207,5,152,220,13,244,241,63,81,38,66,149,108,174,33,250,108,115,207,109
Best fitness found so far: 0.6058178046615134; k: 2.0
Generation: 154; 0.6058178046615134; k: 2.0; 135,14,195,3,229,71,241,108,115,207,245,170,225,76,219,115,225,201,248,115,179,245,50,18,158,247
Best fitness found so far: 0.6058178046615134; k: 2.0
Generation: 155; 0.6058178046615134; k: 2.0; 135,224,195,3,155,71,241,168,115,207,249,170,225,76,219,115,73,201,248,115,142,245,50,8,81,73,114,207,86,78,180,128,118,243,230,57,115,207,245,100,225,76,219,115,225,201,248,115,142,245,50,225,81,73,153,207,166,31,180,213,168,197,107,160,19,207,229,152,220,13,138,241,63,133,38,66,64,108,107,93,56,175,2,207,109,224,214,47,138,248,154,66,129,136,60,219,118,81,108,187,213,161,108,20,71,241,108,198,207,197
Best fitness found so far: 0.6058178046615134; k: 2.0
Generation: 156; 0.6058178046615134; k: 2.0; 226,52,30,3,229,71,241,168,115,207,245,170,225,76,219,115,219,201,248,115,142,192,153,134,180,167,133,201,88,160,199,207,2,152,62,148,219,241,63,81,65,66,208,108,209,93,120,51,155,134,236,217,237,4,108,103,120,219,132,128,207,139,189,180,213,168,4,218,160,19,159,2,152,62,69,11,241,227,139,169,66,221,108,209,172,56,30,155,161,227,217,242,4,57,103,193,243,107,160,218,220,13,53,241,63,190,38,132,128
Best fitness found so far: 0.6058178046615134; k: 2.0
Generation: 157; 0.6058178046615134; k: 2.0; 135,58,195,3,229,71,241,108,115,207,245,125,225,76,219,115,225,201,209,115,88,245,50,18,84,95,221,221,241,232,115,64,245,170,225,236,82,225,225,201,248,115,142,245,217,225,81,73,153,192,83,31,180,213,168,138,107,160,19,36,31,148,223,125,129,107,243,177,207,5,152,14,2,138,241,63,13,103,3,229,71,241,108,115,207,245,100,225,76,245,30,121,142,116,115,162,135,71,195,101,229,71,12,168,117,207,245,170,117,76,41,115,225,201,3,115,62,51,50,127,81,73,153,207,153,78,180,183,215,201,218,160,19,207,141,152,62,94,11,241,63,81,169,66,64,108,209,93,56,149,155,161,83,236,242,37,108,103,49,219,132,128,207,153,78,180,213,27,201,173,160,19,207,2,110,228,103,120,78,177,128,235,193,28,230,192,4,48,170,138,214,248,136,92,43,207,153,78,180,167,23,201,88,160,211,207,2,152,62,94,47,241,63,81,65,66,131,108,209,93,56,51,242,161,227,217,242,77,108,103,120,219,132,128,207,153,78,180,213,168,201,218,160,19,220,2,152,62,94,11,241,227,81,169,66,221,108,209,172,56,149,155,161,227,217,242,4,57,103,120
Best fitness found so far: 0.6058178046615134; k: 2.0
Generation: 158; 0.6058178046615134; k: 2.0; 135,58,195,3,229,71,241,108,115,207,245,125,225,76,219,115,225,201,209,115,88,245,50,18,84,95,221,221,241,232,115,64,245,170,225,180,82,225,225,201,248,115,162,245,217,225,81,247,153,48,83,31,180,213,168,138,107,50,19,36,31,148,223,125,129,107,243,177,207,5,152,14,230,13,103,3,229,71,241,108,115,207,245,100,83,76,245,115,231,195,248,115,162,135,221,195,101,229,71,12,168,115,207,245,170,117,76,41,144,225,201,3,115,62,51,83,149,81,130,153,245,153,78,180,183,168,201,218,8,201,77,50,18,150,89,177,210,127,173,93,207,179,103,80,103,223,136,71,241,108,115,207,231,100,83,76,245,115,121,195,248,115,162,135,71,195,101,229,71,12,168,115,207,245,170,56,100,41,144,225
Best fitness found so far: 0.6058178046615134; k: 2.0
Generation: 159; 0.6058178046615134; k: 2.0; 137,60,195,3,155,71,241,168,115,207,171,170,225,76,219,115,185,246,248,115,233,245,50,227,155,73,114,207,153,78,180,61,118,117,96,57,19,118,2,152,231,111,167,241,63,212,103,20,144,172,108,103,59,89,207,128,88,171,139,241,239,230,207,67,180,17,76,75,115,55,176,50,18,154,160,19,207,185,152,62,10,11,59,182,81,169,66,222,170,1,65,69,28,225,122,248,115,198,8,21,66,81,219,182,207,153,31,180,33,212,16,119,115,56,149,118,165,231,194,5,151,240,126,215,155,216,149,243,176,215,114,229,52,83,96,207,244,205,174,249,18,115,142,245,73,205,55,96,85,66,111,143,69,229,71,241,108,115,207,245,170,225,76,219,115,225,171,33,115,88,245,50,27,84,95,221,120,53,76,125,46,232,195,3,243,71,241,108,115,12,245,170,1,236,69,54,225,201,248,115,198,245,50,225,81,71,234,3,229,164,241,178,74,207,75,143,37,195,40,115,147,201,128,58,142,55,50,215,203,138,199,221,95,66,182,127,14,71,168,180,64,45,195,12,217,77,47,5,151,200,126,215,210,131,148,236,198,126,46,66,104,7,60,219,196,63,71,241,33,62,248,141,142,51,50,225,81,73,153,207,190,78,180,82,168,85,107,20,19,207,2,152,62,109,138,241,63,81,139,66,64,108,247,93,56,149,107,161,149,217,242,42,108,103,120,219,250,128
Best fitness found so far: 0.6058178046615134; k: 2.0
Generation: 160; 0.6058178046615134; k: 2.0; 135,58,195,3,157,71,241,108,115,207,245,125,225,76,219,115,225,201,33,115,105,245,50,18,84,95,221,120,53,20,125,53,232,195,3,229,71,241,108,115,12,222,170,1,30,201,71,115,240,245,196,225,87,73,54,207,153,31,180,213,168,243,107,160,19,207,31,180,223,168,179,107,36,19,207,5,57,177,13,138,241,63,13,195,3,142,71,210,108,115,221,245,52,225,76,219,115,121,201,248,68,162,135,71,195,16,108,115,80,85,170,225,153,7,229,225,201,199,55,87,111,50,18,189,58,221,120,53,81,179,101,229,71,12,168,124,207,245,170,117,159,219,238,83,201,173,115,62,51,9,225,132,171,82,207,153,134,20,167,23,201,49,38,199,91,2,152,62,94,219,241,63,81,65,66,79,108,136,93,56,51,155,13,227,217,14,4,229,186,195,29,104,181,79
Best fitness found so far: 0.6058178046615134; k: 2.0
Generation: 161; 0.6058178046615134; k: 2.0; 247,234,195,3,229,71,167,108,115,207,245,170,225,236,227,240,215,201,15,115,142,245,50,225,81,73,31,77,100,220,134,213,168,243,167,160,98,207,205,185,248,115,162,216,217,225,244,247,153,48,231,31,238,64,168,138,107,8,19,36,31,148,223,102,64,38,243,177,92,154,152,197,230,13,103,3,229,71,241,108,115,207,245,100,83,51,9,63,12,203,206,144,138,108,103,59,219,207,128,88,208,71,241,108,39,247,67,170,17,76,52,115,55,176,50,118,229,71,241,108,35,207,245,117,179,236,69,85,225,105,203,82,142,245,50,131,84,73,18,207,153,128,180,101,168,243,107,160,19,19,31,180,213,182,207,153,31,180,66,212,137,119,115,56,24,118,73,231,194,72,151,106,90,215,155,216,149,243,58,215,114,170,52,83,103,207,244,205,174,249,18,115,142,245,147,205,163,96,223,126,219,127,66,11,81,168,15,74,180,159,91,185,66,209,196,84,212
Best fitness found so far: 0.6058178046615134; k: 2.0
Generation: 162; 0.6058178046615134; k: 2.0; 2,222,195,3,229,71,241,113,115,207,245,170,167,236,69,115,225,201,248,115,221,245,50,225,3,147,158,207,153,128,180,66,206,200,1,37,152,220,13,138,241,63,13,15,3,201,71,241,108,115,207,245,100,225,102,25,115,121,201,248,115,162,135,71,7,101,229,71,12,132,115,138,245,63,117,76,79,50,21,201,248,85,42,108,103,90,219,119,128,191,159,199,207,31,64,48,113,92,113,177,30,219,163,205,106,73,76,81,53
Best fitness found so far: 0.6058178046615134; k: 2.0
Generation: 163; 0.6058178046615134; k: 2.0; 135,58,195,3,229,71,61,108,115,207,245,125,225,76,219,115,225,201,33,115,88,185,50,18,84,95,221,71,94,232,115,207,245,207,225,236,69,115,225,201,248,115,142,245,217,225,81,73,86,207,83,31,180,213,168,45,107,160,19,36,31,148,223,168,129,107,243,177,207,5,152,14,145,138,241,101,153,103,3,229,71,241,108,55,207,245,100,83,76,245,115,121,195,248,115,162,135,71,72,101,229,71,12,168,115,207,245,170,117,76,41,144,225,201,3,115,62,51,50,178,81,73,153,207,153,78,180,183,168,201,169,160,19,77,50,18,150,89,177,230,127,173,13,244,241,122,81,38,66,55,108,173,7,101,229,71,12,168,115,30,245,63,117,76,145,115,20,185,3,115,77,28,194,127,81,73,9,77,153,78,197,213,168,201,184,160,19,207,2,152,62,94,11,126,63,81,169,103,64,221,209,93,56,238,155,161,37,217,242,59,108,103,120,43,132,128,49,195,78,180,183,168,201,173,160,66,207,118,152,62,94,11,128,63,196,123,66,64,132,207,93,106,46,155,161,227,217,59,4,43,202,120,101,229,71,12,168,115,30,245,63,117,76,145,115,20,185,3,115,77,28,194,127,81,73,9,77,153,78,197,213,168,201,184,160,19,207,2,152,62,94,11,126,63,81,169,103,64,221,209,93,56,238,155,161
Best fitness found so far: 0.6058178046615134; k: 2.0
Generation: 164; 0.6058178046615134; k: 2.0; 36,248,195,3,229,71,167,108,115,207,249,170,201,236,227,115,225,201,248,115,142,245,50,225,20,73,152,77,173,93,207,179,103,80,103,223,136,71,241,108,115,207,231,100,83,76,74,115,121,195,248,115,162,135,71,195,101,229,71,12,168,115,207,245,170,56,100,202,144,225
Best fitness found so far: 0.6058178046615134; k: 2.0
Generation: 165; 0.6058178046615134; k: 2.0; 196,224,75,3,155,71,241,168,115,207,151,170,225,76,219,115,73,246,248,115,152,35,50,240,239,73,114,147,81,78,180,61,118,176,230,57,19,118,120,152,92,74,108,103,59,219,207,128,88,116,161,132,122,230,207,67,180,28,48,248,115,55,176,199,207,154,160,19,207,111,152,23,10,11,184,182,81,169,66,222,170,96,236,69,28,225,201,248,192,198,8,21,240,183,18,182,134,153,31,180,119,212,16,119,115,56,149,118,245,125,73,81,73,229,207,190,81,139,211,85,42,108,103,27,219,207,128,88,171,71,241,108,115,207,158,170,186,76,248,115,55,233,38,18,84,95,221,120,173,81,92,45,210,74,192,113,79
Best fitness found so far: 0.6058178046615134; k: 2.0
Generation: 166; 0.6058178046615134; k: 2.0; 111,222,195,3,231,71,241,113,115,207,245,170,167,236,69,115,225,201,248,115,221,117,50,127,37,73,48,77,153,78,180,213,168,156,218,160,19,207,2,152,62,94,11,126,63,81,169,66,64,221,209,93,56,238,155,161,227,217,242,59,108,103,120,219,132,128,207,195,78,180,210,18,201,173,160,66,207,118,152,62,94,11,128,63,81,75,66,64,132,209,93,115,219,155,161,227,217,110,223,97,202,120
Best fitness found so far: 0.6058178046615134; k: 2.0
Generation: 167; 0.6058178046615134; k: 2.0; 183,224,55,72,155,71,241,168,115,207,151,170,225,76,219,115,73,246,248,115,152,235,50,240,239,73,222,207,153,78,180,61,118,176,230,57,19,118,120,152,92,84,171,109,59,202,218,128,88,171,161,132,122,231,207,233,180,28,106,248,115,55,65,50,18,154,115,19,207,111,152,23,10,11,184,179,81,169,66,222,170,1,236,69,119,225,30,248,192,198,8,21,225,183,73,153,207,190,78,180,82,168,89,107,20,19,207,2,152,62,109,138,241,136,81,139,66,64,108,247,93,56,149,107,161,149,217,242,42,108,103,120,219,250,128
Best fitness found so far: 0.6058178046615134; k: 2.0
Generation: 168; 0.6058178046615134; k: 2.0; 247,80,195,3,229,71,167,108,115,207,245,170,225,236,227,240,225,201,248,115,142,184,126,73,81,73,153,77,153,181,134,213,168,243,167,160,19,207,98,185,220,13,138,206,63,90,156,66,64,248,244,177,205,11,95,160,15,74,180,159,13,101,128,102,49,185,4,76,245,92,177,66,219,115,225,215,248,115,117,245,50,225,81,73,153,207,153,1,15,108,144,207,197
Best fitness found so far: 0.6058178046615134; k: 2.0
Generation: 169; 0.6058178046615134; k: 2.0; 111,222,195,3,231,71,241,113,27,207,245,170,167,236,69,115,225,201,118,115,189,245,115,249,58,123,153,207,153,31,180,66,206,139,207,135,3,125,71,241,168,115,207,249,170,233,76,219,115,73,201,248,115,147,106,95,82,248,158,71,207,86,78,214,128,69,243,180,168,66,221,108,139,121,56,30,81,34,227,217,242,207,245,170,225,76,219,115,225,201,248,115,179,128,50,143,84,95,221,120,53,76,190,248,156,197,221,108,139,121,56,30,81,34,227,217,242,207,245,170,225,76,219,115,225,201,248,115,179,128,50,143,84,95,221,120,53,76,190,248,156
Best fitness found so far: 0.6058178046615134; k: 2.0
Generation: 170; 0.6058178046615134; k: 2.0; 162,52,30,3,229,71,241,168,119,207,245,170,225,76,219,115,219,201,248,115,142,192,153,134,180,167,133,201,88,160,199,207,2,152,62,148,219,241,63,81,65,66,208,108,209,93,120,51,155,134,236,102,8,4,108,103,120,219,132,141,158,139,189,180,213,168,110,218,160,19,159,2,152,62,147,11,241,227,139,169,66,221,108,209,172,56,125,155,161,227,184,203,227,115,225,201,248,115,142,245,50,225,20,73,53,77,80,188,36,213,168,143,107,160,219,132,73,153,20,237,56,180,25,224
Best fitness found so far: 0.6058178046615134; k: 2.0
Generation: 171; 0.6058178046615134; k: 2.0; 135,224,195,3,155,71,241,168,51,207,249,170,225,76,177,115,73,201,248,115,142,9,50,225,81,73,224,207,49,174,42,61,118,243,137,57,250,159,77,64,173,106,88,241,107,85,167,207,196,152,62,17,185,241,118,81,139,66,64,108,209,133,56,71,241,108,115,46,24,170,137,236,69,115,211,201,248,66,114,245,50,225,65,73,153,207,153,227,180,213,168,243,107,160,19,112,175,1,220,236,138,241,63,81,38,66,64,184,107,87,132,140,129,225,201,204,85,42,42,173,163,102,106,29,69,206,223
Best fitness found so far: 0.6058178046615134; k: 2.0
Generation: 172; 0.6058178046615134; k: 2.0; 135,174,195,3,155,71,241,168,115,207,249,170,225,76,177,115,73,201,248,115,142,245,50,225,81,127,224,207,49,249,180,61,118,243,119,57,250,118,77,18,173,106,88,241,107,49,167,236,198,126,46,228,104,136,168,162,14,63,71,241,33,115,207,250
Best fitness found so far: 0.6058178046615134; k: 2.0
Generation: 173; 0.6058178046615134; k: 2.0; 36,248,195,3,229,71,167,108,115,207,245,170,201,236,43,115,225,201,248,115,142,20,50,225,20,73,153,77,153,76,124,213,168,143,107,45,210,139,66,64,108,18,213,56,149,155,161,149,217,242,42,108,103,246,219,24,37,108,103,31,219,132,128,207,153,133,180,165,27,201,173,160,19,207,2,183,108,242,120,219,177,128,235,107,28,207,192,173,220,170,138,214,248,136,92,179,213,241,83,115,199,97,107
Best fitness found so far: 0.6058178046615134; k: 2.0
Generation: 174; 0.6058178046615134; k: 2.0; 135,14,195,3,229,71,241,108,177,207,245,170,225,76,219,115,225,201,33,115,88,245,50,18,84,88,221,120,53,76,125,14,232,207,3,201,107,241,108,115,12,245,170,1,236,69,115,19,201,230,115,198,245,50,225,81,219,153,3,117,71,241,108,115,221,217,50,225,3,118,158,207,153,31,180,66,206,7,1,5,235,220,13,138,241,63,13,41,3,232,71,241,108,11,133,245,100,225,43,54,115,121,201,248,115,162,135,71,116,101,229,71,12,168,115,138,245,63,117,76,145,50,21,201,248,71,128,108,158,120,219,119,128,191,159,28,207,31,64,48,113,92,113,177,30,219,163,205,106,73,76,81,53
Best fitness found so far: 0.6058178046615134; k: 2.0
Generation: 175; 0.6058178046615134; k: 2.0; 125,224,195,3,223,71,241,168,115,207,249,170,225,76,241,115,171,201,248,115,142,215,50,152,92,73,244,207,153,137,170,244,236,227,225,225,201,248,113,142,55,50,151,55,73,153,240,153,148,6,153,31,180,229,152,8,44,171,56,149,155,114,227,164,242,59,57,151,124,76,5,115,171,201,248,115,142,215,50,152,92,73,114,207,153,245,59,201,236,227,225,225,201,248,219,39,181,67,170,17,76,52,115,55,176,50,118,229,71,241,108,35,207,245,117,179,47,69,85,225,105,203,82,142,245,50,58,84,73,18,207,153,128,180,101,168,243,107,160,19,19,31,195,213,182,207,153,31,180,66,212,137,119,115,56,24,118,73,231,194,72,151,106,90,215,155,216,149,243,47,215,114,170,52,83,103,207,244,205,174,249,18,115,142,245,147,205,163,96,223,126,219,127,66,11,81,168,15,74,180,159,91,185,193,209,196,84,212
Best fitness found so far: 0.6058178046615134; k: 2.0
Generation: 176; 0.6058178046615134; k: 2.0; 135,224,195,3,155,71,241,198,115,207,249,170,225,76,219,115,73,246,248,115,142,245,50,227,239,73,177,207,153,78,180,61,118,179,230,57,19,118,2,152,231,13,167,162,63,81,103,211,144,42,108,103,59,219,207,128,88,171,249,241,225,76,241,115,73,201,248,115,142,215,50,50,92,73,114,207,153,70,53,128,118,243,230,57,19,118,136,208,231,13,232,9,63,81,103,211,144,120,108,28,59,219,207,128,110,171,71,241,115,115,122,121,170,17,76,248,176,30,219,163,205,106,29,76,81,53
Best fitness found so far: 0.6058178046615134; k: 2.0
Generation: 177; 0.6058178046615134; k: 2.0; 135,58,195,3,229,71,241,108,115,207,245,125,225,76,219,115,225,201,209,115,88,245,50,18,84,95,221,221,241,232,115,64,245,170,225,220,82,120,225,201,248,115,162,245,217,225,81,247,85,48,83,31,180,19,168,3,107,50,19,36,31,148,223,125,129,107,243,177,207,5,152,14,230,13,103,3,229,71,241,108,115,207,245,100,231,76,245,115,231,195,248,115,162,135,221,195,101,229,71,12,168,115,207,245,170,117,76,41,245,217,225,81,73,153,207,83,31,180,102,168,243,175,160,19,101,31,148,223,168,129,107,243,107,207,5,152,14,145,138,241,63,13,24,3,229,71,241,220,115,18,84,95,221,120,53,76,125,248,85,21
Best fitness found so far: 0.6058178046615134; k: 2.0
Generation: 178; 0.6058178046615134; k: 2.0; 247,80,55,3,239,71,167,158,115,207,245,170,225,236,245,235,225,201,10,115,142,184,50,225,81,73,153,13,153,220,138,214,168,243,167,160,19,207,156,185,220,13,138,206,63,58,156,149,64,248,244,177,79,11,95,160,15,74,180,159,13,101,128,102,49,185,4,76,245,92,177,66,245,170,1,236,128,115,225,201,164,97,198,245,50,225,137,240,153,207,153,31,180,66,206,200,209,240,56,149,133,29,53,88,34,244,58,115,141,245,50,225,81,73,153,77,153,222,180,213,168,56,167,160,19,159,229,207,245,170,36,76,85,95,225,201,248,115,27,245,50,225,223,219,151,161,202,29,76,196,53,245,170,225,237,219,115
Best fitness found so far: 0.6058178046615134; k: 2.0
Generation: 179; 0.6058178046615134; k: 2.0; 135,58,195,3,229,71,241,108,115,207,245,125,225,76,219,115,225,201,142,115,88,245,50,46,84,95,221,221,241,232,115,64,245,92,74,108,95,59,219,207,128,88,171,161,132,122,230,207,67,180,28,48,24,9,55,227,75,242,4,57,103,120
Best fitness found so far: 0.6058178046615134; k: 2.0
Generation: 180; 0.6058178046615134; k: 2.0; 196,134,55,3,155,71,241,168,115,207,151,170,145,76,149,115,249,246,248,115,152,35,50,240,239,73,114,207,153,78,180,61,118,176,230,57,19,118,120,152,92,74,108,103,59,219,96,128,194,171,161,132,122,230,207,67,180,28,48,248,115,55,176,50,18,154,160,19,207,111,152,23,10,11,184,182,81,169,66,222,194,1,236,161,28,225,201,248,192,219,115,73,246,248,115,50,85,202,80,22,245,50,112,201,219,85,42,108,130,120,219,119,128,58,10,28,207,31,64,48,113,92,113,177,112,176,50,18,229,71,241,108,115,246,245,117,28,236,189,115,50,201,248,221,142,71,50,169,81,73,238,207,159,60,49,185,168,108,107,47,19,190,160,180,213,168,232,148,160,89,175,5,152,64,162,244,241,122,81,107,141,55,108,173,7,101,229,71,12,168,115,30,245,63,117,76,176,147,20,42,3,210,149,28,50,127,119,73,48,201,101,229,71,12,168,51,138,245,63,117,76,55,50,59,201,168,21,42,108,103,120,219,119,128,191,159,28,215,31,64,48,113,92,113,57,30,219,163,112,106,73,12,81,159,22,245,50,112,201,219,85,42,108,130,120,219,119,128,58,10,28,207,31,64,48,113,92,113,177,112,176,50,18,229,71,241,108,115,246,245,117,28,236,189,115,50,201,248,221,142,71,50,169,81,73,238,207,159,60,49,185,168,108,107,47,19,190,160,180,213,168,232,148,160,89,175,5,152,64,162,244,241,122,81,107,141,55,108,173,7,101,229,71,12,168,115,30,245,63,117,76,176,147,20,42,3,210,149,28,50,127,119,73,48,201,101,229,71,12,168,51,138,245,63,117
Best fitness found so far: 0.6058178046615134; k: 2.0
Generation: 181; 0.6058178046615134; k: 2.0; 101,224,195,3,155,71,241,168,115,207,249,170,225,76,177,115,73,201,248,115,142,245,50,227,81,73,114,207,49,49,69,115,31,6,248,115,160,245,217,217,201,73,153,207,83,31,172,213,168,243,175,160,19,36,31,148,129,78,227,180,213,168,101,107,160,19,247,175,1,220,236,138,241,63,81,38,136,64,184,107,87,132,140,129,225,201,204,85,42,13,173,163,102,106,29,69,206,223
Best fitness found so far: 0.6058178046615134; k: 2.0
Generation: 182; 0.6058178046615134; k: 2.0; 137,24,195,3,155,71,241,168,115,207,171,170,225,76,219,115,73,246,248,115,233,245,50,227,155,73,114,207,153,78,31,61,45,179,230,57,19,242,2,152,231,111,167,241,63,212,103,20,144,172,154,103,59,219,207,128,81,1,92,26,239,230,207,67,180,107,177,13,138,241,63,13,195,3,229,71,210,138,32,207,106,187,110,71,118,243,242,57,19,207,2,177,26,13,167,241,63,81,17,211,85,42,108,103,27,1,155,128,88,171,71,132,108,235,207,245,177,186,76,248,115,91,229,11,196,84,213,3,133,92,81,92,92,186,86,29,174,113,79,157,71,241,108,115,207,245,125,225,76,219,115,225,201,20,115,120,245,50,18,84,245,56,120,53
Best fitness found so far: 0.6058178046615134; k: 2.0
Generation: 183; 0.6058178046615134; k: 2.0; 135,224,55,3,155,71,241,168,115,207,151,120,225,76,219,115,73,246,248,115,50,85,81,67,134,132,50,21,201,219,85,42,108,103,120,219,119,128,191,103,28,207,31,184,48,113,207,245,100,225,149,245,30,121,142,116,115,35,135,71,195,101,229,71,12,168,117,207,245,170,117,76,41,115,225,201,3,115,62,51,50,127,32,73,153,207,153,31,180,183,215,201,217,160,19,207,141,152,62,245,11,241,49,81,169,66,64,108,209,93,56,214,155,163,83,236,242,234,108,103,49,219,132,128,207,153,78,180,213,27,201,173,160,19,207,2,110,228,103,120,78,177,128,235,193,28,230,192,4,13,170,138,191,248,136,92,43,207,153,148,180,167,232,201,88,160,211,207,2,152,62,235,47,241,63,81,65,66,131,108,209,93,222,51,242,161,227,217,242,73,108,103,120,219,132,35,207,153,78,180,213,168,201,218,160,19,172,2,152,62,94,11,192,227,81,169,66,221,108,209,172,56,149,155,161,227,217,242,4,57,141,39
Best fitness found so far: 0.6058178046615134; k: 2.0
Generation: 184; 0.6058178046615134; k: 2.0; 135,224,195,3,229,71,241,168,115,207,245,170,225,76,219,115,73,201,248,115,142,186,50,225,81,221,153,207,153,78,110,71,118,243,230,57,20,207,2,152,26,13,167,241,63,81,61,211,85,132,108,206,27,78,207,128,50,105,71,207,245,125,225,76,219,115,225,201,33,115,88,245,185,18,205,22,221,71,101,232,115,207,84,170,225,169,69,115,225,50,248,115,207,151,120,135,76,219,115,73,246,39,115,50,198,161,143,134,245,36,21,243,219,85,237,108,103,120,219,119,128,191,103,28,207,31,250,48,113,92,113,177,55,176,50,15,229,208,241,85,115,240,245,117,225,236,98,115,50,201,248,114,142,71,50,169,78,73,87,207,159,128,180,185,168,243,107,113,19,21,160,180,213,168,232,148,141,221,175,5,152,220,13,244,241,122,114,38,66,55,108,173,7,101,229,71,12,168,115,30,245,63,47,76,145,245,20,185,3,115,62,28,50,127,81,73,48,64,153,78,180,213,168,201,218,118,19,207,2,152,62,94,11,126,63,81,169,66,64,221,209,93,56,238,235,161,227,217,242,59,108,103,175,219,132,128,207,195,78,180,183,168,201,173,160,10,207,118,152,62,92,11,128,63,81,75,66,64,132,178,93,106,219,118,50,227,217,110,4,43,202,120
Best fitness found so far: 0.6058178046615134; k: 2.0
Generation: 185; 0.6058178046615134; k: 2.0; 135,224,55,3,155,71,241,168,115,207,151,170,225,76,219,115,73,246,248,115,142,35,50,240,239,73,114,207,153,78,108,115,180,245,170,225,76,219,115,225,201,248,115,179,245,50,44,158,247
Best fitness found so far: 0.6058178046615134; k: 2.0
Generation: 186; 0.6058178046615134; k: 2.0; 141,58,195,3,229,71,135,108,115,207,245,125,225,76,219,115,225,201,33,115,88,245,50,65,84,95,221,120,53,20,125,186,232,195,3,229,71,241,108,115,12,222,170,82,231,69,115,225,201,248,115,4,245,21,225,81,219,153,207,153,31,180,66,212,16,209,21,56,149,118,106,231,197,65,151,167,126,215,155,216,149,80,176,215,114,229,197,83,96,247,244,205,174,249,248,115,142,245,50,205,55,96,177,66,152,143,249,11,81,152,92,73,114,207,153,245,170,201,236,227,225,225,201,248,219,142,245,50,151,55,73,153,138,153,76,248,153,31,180,229,206,8,209,128,56,149,155,68,227,217,242,59,57,103,124,76,241,115,171,201,248,115,142,155,50,152,92,73,105,207,153,245,170,201,236,227,225,225,201,188,219,142,245,50,151,55,67,153,240,153,76,207,153,31,180,229,206,8,51,171,56,149,155,148
Best fitness found so far: 0.6058178046615134; k: 2.0
Generation: 187; 0.6058178046615134; k: 2.0; 135,58,195,3,229,71,129,108,115,207,245,125,225,76,219,115,225,201,33,115,88,245,50,127,84,95,221,228,94,232,211,245,245,170,225,236,69,115,48,201,248,115,40,245,217,225,81,73,153,207,83,127,77,213,168,91,107,160,19,36,31,10,223,168,231,107,243,177,127,25,103,14,145,138,241,114,78,103,3,229,71,241,108,115,207,168,100,83,76,245,115,121,195,248,56,162,135,224,195,101,229,71,12,168,115,207,225,76,219,115,225,201,248,115,179,245,93,18,84,95,221,120,53,76,125,248,85,197
Best fitness found so far: 0.6058178046615134; k: 2.0
Generation: 188; 0.6058178046615134; k: 2.0; 135,224,195,3,13,71,241,138,115,207,249,170,225,76,219,115,73,201,42,115,220,245,50,41,81,21,114,11,238,78,180,167,118,243,230,57,19,152,2,152,231,13,167,241,63,248,115,142,55,50,215,203,138,199,221,95,66,104,127,156,71,168,161,128,3,195,12,115,207,75,143,37,2,40,115,147,166,128,115,142,55,50,215,203,138,199,221,95,66,179,92,14,71,168,180,171,45,195,12,217,131,47,5,151,200,126,215,210,60,148,236,198,126,46,66,104,159,60,219,196,63,71,241,33,115,248,115,142,51,50,225,81,73,153,207,153,78,35,82,168,85,107,20,19,207,2,152,62,13,138,241,63,81,139,113,64,57,209,93,56,149,107,161,149,217,242,42,108,103,120,219,250,128
Best fitness found so far: 0.6058178046615134; k: 2.0
Generation: 189; 0.6058178046615134; k: 2.0; 247,234,195,3,229,71,167,108,115,207,245,170,225,236,227,240,215,201,202,115,142,245,50,225,81,73,31,62,100,220,134,213,168,243,167,160,98,207,205,185,248,115,162,216,217,225,244,190,153,48,231,31,238,64,168,138,120,8,19,36,31,148,223,102,235,38,243,177,92,154,152,197,230,244,103,3,229,71,241,108,115,207,245,100,83,51,9,63,12,167,206,144,138,108,103,59,28,207,128,88,208,161,241,108,39,247,67,152,17,151,52,115,55,176,50,118,229,71,215,108,35,207,245,117,179,236,69,85,225,105,203,82,142,245,50,131,84,58,18,64,153,128,180,101,168,243,107,160,19,189,31,180,213,182,90,153,31,180,66,212,137,119,115,56,24,118,73,231,194,72,230,57,19,118,136,208,231,13,232,9,63,81,103,71,144,120,108,28,59,219,207,128,13,171,71,241,115,115,122,121,170,28,221,248,176,30,227,196,205,106,29,76,81,53,142,245,50,225,81,73,31,62,100,220,134,213,168,243,167,160,98,207,205,185,248,115,162,216,217,225,244,190,153,48,231,31,238,64,168,138,120,8,19,36,31,148,223,102,235,38,243,177,92,154,152,197,230,244,103,3,229,71,241,108,115,207,245,100,83,51,9
Best fitness found so far: 0.6058178046615134; k: 2.0
Generation: 190; 0.6058178046615134; k: 2.0; 131,14,195,3,229,71,241,108,115,207,245,170,225,76,219,115,225,201,248,115,29,245,196,18,84,95,221,120,53,76,125,248,85,158,107
Best fitness found so far: 0.6058178046615134; k: 2.0
Generation: 191; 0.6058178046615134; k: 2.0; 135,58,195,3,157,71,241,108,115,207,245,125,225,76,219,115,225,201,10,115,120,245,50,18,84,167,221,120,53,218,125,46,165,247,3,229,71,241,108,115,12,222,170,1,30,179,248,115,240,245,196,225,87,73,54,45,153,31,180,102,168,243,107,160,19,207,31,180,223,168,166,107,36,19,207,5,57,158,13,138,241,63,13,195,3,185,71,210,108,115,221,245,100,75,76,219,115,121,144,248,230,162,135,71,208,16,108,115,174,85,170,225,153,7,229,225,201,199,55,29,111,50,18,189,58,221,120,53,81,179,101,229,71,12,168,124,207,245,170,117,76,219,238,225,201,3,115,62,15,8,225,81,171,82,207,153,134,180,167,23,201,49,30,199,207,2,152,62,94,219,241,63,81,65,66,184,108,136,93,5,152,14,145,138,241,63,13,24,3,229,71,241,220,115,18,84,95,221,120,53,76,125,248,85,21
Best fitness found so far: 0.6058178046615134; k: 2.0
Generation: 192; 0.6058178046615134; k: 2.0; 63,222,195,3,231,71,241,113,27,207,245,170,167,236,69,115,225,201,248,115,189,245,82,249,130,151,153,207,153,31,73,201,215,115,142,115,207,249,128,225,76,177,115,73,201,246,115,142,245,50,31,221,73,224,207,49,249,180,61,118,243,137,57,250,118,77,237,173,106,88,241,107,144,167,207,91,152,62,175,138,241,235,81,88,66,64,200,209,93,56,149,155,161,224,217,242,42,108,103,246,219,77,37,108,103,31,241,88,212,52,20,151,172,108,103,59,219,207,128,88,171,85,241,239,238,9,219,115,129,201,248,20,142,172,50,225,53,81,92,45,77,74,192,182,174
Best fitness found so far: 0.6058178046615134; k: 2.0
Generation: 193; 0.6058178046615134; k: 2.0; 135,224,55,3,155,71,241,168,115,207,151,120,225,76,219,115,73,246,248,115,50,85,81,73,134,245,50,21,201,219,189,42,108,103,120,219,119,128,17,103,28,207,54,61,48,113,92,113,177,55,176,50,18,229,151,153,207,153,31,180,66,206,139,207,162,152,94,13,108,187,207,245,157,224,249,170,225,76,219,115,73,201,248,115,142,245,46,110,108,107,146,56,174,115,212,197
Best fitness found so far: 0.6058178046615134; k: 2.0
Generation: 194; 0.6058178046615134; k: 2.0; 211,224,195,3,155,71,241,168,115,207,249,170,225,76,219,115,73,201,248,115,142,245,50,8,220,73,195,207,172,78,180,128,158,243,230,57,115,207,245,232,225,76,219,115,225,201,248,115,142,245,99,225,81,73,153,207,166,31,180,213,168,197,107,160,19,207,229,152,220,13,138,241,63,133,21,19,207,2,152,62,13,138,241,63,81,139,66,64,108,72,93,56,149,155,108,149,217,89,42,108,103,120,219,132,138
Best fitness found so far: 0.6058178046615134; k: 2.0
Generation: 195; 0.6058178046615134; k: 2.0; 247,80,195,3,229,71,167,108,115,207,245,170,225,236,227,240,225,201,248,115,142,184,50,225,81,189,153,77,153,220,134,213,168,243,167,160,19,207,156,185,220,13,138,202,63,58,156,66,64,248,244,177,79,11,95,160,15,74,180,159,13,101,128,102,49,185,4,76,245,105,139,66,245,62,1,199,69,115,225,201,248,115,198,245,50,225,137,219,117,207,153,31,180,201,46,38,199,246,2,152,62,94,219,52,63,81,32,66,79,108,136,93,56,51,155,118,44,217,14,168,229,186,195,29,104,181,79
Best fitness found so far: 0.6058178046615134; k: 2.0
Generation: 196; 0.6058178046615134; k: 2.0; 135,224,195,3,57,71,241,168,115,207,249,170,225,76,219,115,91,246,248,115,119,245,42,120,239,73,114,207,88,29,180,61,118,179,230,172,83,118,123,4,231,174,249,18,115,142,245,12,205,55,96,85,66,111,133,66,11,81,168,15,74,180,159,91,185,66,243,196,114,212
Best fitness found so far: 0.6058178046615134; k: 2.0
Generation: 197; 0.6058178046615134; k: 2.0; 135,224,195,3,229,71,241,168,203,207,245,170,225,76,219,115,73,201,248,115,142,192,163,134,180,167,23,201,88,160,199,207,2,152,62,148,219,241,63,81,65,66,208,108,209,93,56,51,155,134,227,217,237,4,108,103,120,139,132,128,207,139,189,180,168,115,207,171,170,225,76,219,115,73,246,248,115,233,245,117,227,28,101,114,207,153,78,180,61,87,179,138,57,19,118,2,212,231,111,64,241,6,212,103,20,144,172,108,103,59,219,71,128,153,171,92,241,239,230,207,67,180,250,6,248,115,55,176,50,18,154,160,214,207,111,152,62,10,11,59,182,81,169,66,222,170,1,236,69,28,176,201,248,243,198,8,21,225,81,219,182,207,153,31,180,66,89,16,119,31,56,149,118,165,231,14,5,156,167,168,215,155,216,149,195,101,229,71,59,51,13,207,245,170,117,76,41,115,225,201,3,26,62,70,50,127,81,188,99,207,153,196,180,183,168,201,218,160,19,207,141,152,62,94,11,241,63,81,9,66,159,108,209,93,56,149,108,161,183,217,242,37,108,199,126,219,132,128,207,153,78,180,213,27,144,173,160,19,207,2,110,108,103,72,219,177,128,235,193,28,1,159,4,48,170,138,214,248,136,165,43,213,241,83,115,199,97,107
Best fitness found so far: 0.6058178046615134; k: 2.0
Generation: 198; 0.6058178046615134; k: 2.0; 135,14,195,3,43,71,241,108,115,207,245,170,225,76,219,115,225,201,248,115,29,245,66,18,84,95,221,120,53,76,125,248,85,158,107
Best fitness found so far: 0.6058178046615134; k: 2.0
Generation: 199; 0.6058178046615134; k: 2.0; 2,222,195,3,229,71,241,113,115,207,245,170,167,236,69,115,225,201,248,115,171,245,50,225,81,118,153,207,153,31,180,66,206,200,207,5,152,220,13,138,241,63,13,195,3,98,71,241,108,115,207,245,100,225,43,219,115,121,201,248,177,162,135,71,7,101,1,30,201,248,115,240,245,196,225,87,73,54,207,153,31,151,213,168,243,107,181,19,207,31,180,223,168,179,116,36,19,207,20,57,177,13,138,189,63,13,68,72,229,71,210,108,115,221,245,100,225,76,219,115,121,201,68,115,162,135,71,195,16,108,115,80,85,170,163,153,7,229,225,201,199,55,29,111,50,18,189,58,221,120,53,81,179,101,229,71,12,168,124,197,245,170,117,76,16,238,225,201,3,115,62,51,52,225,81,171,82,207,153,134,180,167,23,201,49,160,199,207,2,152,62,94,219,241,63,81,65,66,79,108,136,93,56,51,155,161,227,217,237,4,229,103,205,21,132,128,207,139,78,37,117,168,65,218,203,19,159,2,152,62,94,11,241,2,139,169,66,221,108,209,172,56,30,155,237,227,217,242,4,57,103,224
Best fitness found so far: 0.6058178046615134; k: 2.0
Total time of execution of seed 6 : 33648362
Solution Fitness: -0.6058178046615134
Variables: random 4 eucledian split moveBetween moveAverage join split join split join
