Generation: 0; 0.0; k: 0.0; 161,211,82,129,203,50,65,210,212,86,133,28,115,232,57
Best fitness found so far: 0.0; k: 0.0
Generation: 1; 0.3518995156703957; k: 3.0; 217,138,215,93,33,89,157,60,167,246,231,9,62
Best fitness found so far: 0.3518995156703957; k: 3.0
Generation: 2; 0.3844971207667313; k: 3.0; 17,154,234,79,69,9,17,200,86,41,59,116,209,22,116
Best fitness found so far: 0.3844971207667313; k: 3.0
Generation: 3; 0.35374923155325566; k: 4.9; 185,184,56,109,111,232,169
Best fitness found so far: 0.3844971207667313; k: 3.0
Generation: 4; 0.4713909481794277; k: 2.0; 217,157,215,93,33,89,157,126,229,139,25,125,143,150,7,170,44
Best fitness found so far: 0.4713909481794277; k: 2.0
Generation: 5; 0.556378907691358; k: 2.0; 200,34,146,89,157,126,229,139,25,195,105,209,103,116,33,89,157,60,167,86,41,195,214
Best fitness found so far: 0.556378907691358; k: 2.0
Generation: 6; 0.5667821898798864; k: 2.0; 217,109,215,4,33,89,157,126,229,131,33,190,81
Best fitness found so far: 0.5667821898798864; k: 2.0
Generation: 7; 0.5663514470796667; k: 2.0; 217,157,215,93,33,89,157,126,229,139,25,125,143,215,18,33,89,157,60,167,86
Best fitness found so far: 0.5667821898798864; k: 2.0
Generation: 8; 0.49436452401620884; k: 2.0; 200,34,146,89,157,126,229,185,25,195,105,209,195,105,8,103,116,33,196,157,62
Best fitness found so far: 0.5667821898798864; k: 2.0
Generation: 9; 0.5663514470796667; k: 2.0; 217,157,215,93,33,89,157,126,229,139,25,125,218,215,34,146,89,157,126,229,139,18,195,105,209,103,116,33,89,157,60,167,86,41,195,214
Best fitness found so far: 0.5667821898798864; k: 2.0
Generation: 10; 0.5663514470796667; k: 2.0; 217,157,215,93,33,89,157,126,229,139,25,125,143,215,18,33,89,29,93,33,42,205,63,201,207,217,140
Best fitness found so far: 0.5667821898798864; k: 2.0
Generation: 11; 0.5663514470796667; k: 2.0; 217,157,215,93,107,89,157,126,229,139,25,125,143,215,18,60,114,102,225,63,62,172,134,57,228,143,181,7,170,44,62,73,249,236,66,160,150,7,170,44
Best fitness found so far: 0.5667821898798864; k: 2.0
Generation: 12; 0.5738492674953992; k: 2.0; 200,68,146,89,157,126,229,228,143,94,111,126,229,185,25,195,105,209,195,105,8,103,116,33,196,190,60,167,86,30,191,69,143,183,246,201,207,217,66
Best fitness found so far: 0.5738492674953992; k: 2.0
Generation: 13; 0.6221545644141104; k: 2.0; 200,34,146,89,157,23,97,139,25,66,217,157,67,93,33,89,157,126,229,139,25,125,143,150,7,140,157,126,229,248,25,195,250,128,146,33,89,157,220,167,61,41,195,105
Best fitness found so far: 0.6221545644141104; k: 2.0
Generation: 14; 0.6144415451691391; k: 2.0; 200,34,205,89,157,126,229,139,25,195,86,95,50,100,49,198,185,89,157,126,229,131,33,190,81
Best fitness found so far: 0.6221545644141104; k: 2.0
Generation: 15; 0.6144415451691391; k: 2.0; 200,34,205,89,157,126,229,139,25,195,86,95,50,100,33,89,157,60,167,86,41,238,138,215,93,46,89,157,126,229,195,105,209,103,116,84,89,23,60,167,86,117,195,105
Best fitness found so far: 0.6221545644141104; k: 2.0
Generation: 16; 0.6144415451691391; k: 2.0; 200,34,205,89,157,91,229,139,25,195,86,95,50,100,33,89,157,60,167,86,41,238,138,215,93,227,217,137,139,193,3,105,209,103,116,33,89,3,60,167,206,56,195,214
Best fitness found so far: 0.6221545644141104; k: 2.0
Generation: 17; 0.6144415451691391; k: 2.0; 200,34,205,89,157,126,229,139,25,195,86,95,50,235,10,2,139,52,62,63,217,140,212,235,10,2
Best fitness found so far: 0.6221545644141104; k: 2.0
Generation: 18; 0.6144415451691391; k: 2.0; 207,34,205,89,157,126,45,139,25,195,86,95,50,179,49,198,185,89,157,224,215,56,167,86
Best fitness found so far: 0.6221545644141104; k: 2.0
Generation: 19; 0.6144415451691391; k: 2.0; 200,34,205,89,157,126,229,139,25,195,86,95,50,100,33,89,157,60,167,96,93,238,138,116,33,196,56,60,167,86,30,191,69,143,183,246,201,150,224,33,89,170,100,139,25,125,197,150,131,170,157,126,229,185,25,195,105,209,195,105,8,103,116,33,196,65,21
Best fitness found so far: 0.6221545644141104; k: 2.0
Generation: 20; 0.6185356591868019; k: 2.0; 102,7,146,89,157,126,209,200,89,198
Best fitness found so far: 0.6221545644141104; k: 2.0
Generation: 21; 0.6144415451691391; k: 2.0; 200,34,160,89,157,126,229,139,157,195,86,95,50,20,49,198,185,89,157,126,229,131,33,190,241,248,25,195,250,128,146,33,89,157,220,167,183,41,195,108,235,202,2
Best fitness found so far: 0.6221545644141104; k: 2.0
Generation: 22; 0.6185356591868019; k: 2.0; 102,7,146,89,157,126,209,200,89,198
Best fitness found so far: 0.6221545644141104; k: 2.0
Generation: 23; 0.6144415451691391; k: 2.0; 200,34,5,89,157,126,229,139,157,130,86,95,50,111,49,198,76,47,157,126,229,131,33,113,241,248,25,245,164,7,146,18,212,167,193,36,62,227,72,92,2
Best fitness found so far: 0.6221545644141104; k: 2.0
Generation: 24; 0.6144415451691391; k: 2.0; 200,218,215,89,157,126,229,139,25,195,86,95,50,203,33,7,146,89,157,126,209,200,89,198
Best fitness found so far: 0.6221545644141104; k: 2.0
Generation: 25; 0.6144415451691391; k: 2.0; 200,34,205,89,157,91,187,139,25,195,86,95,167,100,33,7,157,60,167,86,197,238,209,215,93,227,217,103,116,84,65,184,21,167,86,109,195,34,250,89,157,85,229,139,25,195,86,95,50,229,139,25,125,22,215,146,33,89,29,205,249,222,161,160,228,11,64,149,104,133,215,235,10,2,139,52,62,227,217,191,212,43,10,44
Best fitness found so far: 0.6221545644141104; k: 2.0
Generation: 26; 0.6221545644141104; k: 2.0; 200,34,146,89,157,23,97,139,25,66,217,157,67,93,33,89,157,126,229,139,25,125,143,150,7,140,157,126,229,248,25,195,250,128,146,33,89,157,220,167,61,168,33,143,53,8,30,235,209,93,48,7,58,155,229,169,156,182,178,34,89,106,60,243,208,229,195,105,138,34,127,118,181,63
Best fitness found so far: 0.6221545644141104; k: 2.0
Generation: 27; 0.6144415451691391; k: 2.0; 200,34,205,89,95,126,229,139,29,195,86,95,50,100,33,89,157,10,60,99,86,41,195,105
Best fitness found so far: 0.6221545644141104; k: 2.0
Generation: 28; 0.6144415451691391; k: 2.0; 82,34,160,89,157,126,229,139,157,195,249,95,50,100,49,198,185,62,143,215,18,128,89,29,73,249,222,64,171,150,3,89,157,126,229,139,250,18,110,215,146,33,89,160,76,249,111,6,102
Best fitness found so far: 0.6221545644141104; k: 2.0
Generation: 29; 0.6144415451691391; k: 2.0; 200,218,205,119,157,126,229,139,25,195,86,95,50,100,41,195,105
Best fitness found so far: 0.6221545644141104; k: 2.0
Generation: 30; 0.6144415451691391; k: 2.0; 207,34,30,89,157,126,45,139,25,195,86,95,6,246,70,31,172,34,205,89,157,126,203,139,25,195,86,95,50,235,10,2,139,52,62,63,217,140,212,235,10,2
Best fitness found so far: 0.6221545644141104; k: 2.0
Generation: 31; 0.6144415451691391; k: 2.0; 207,34,120,89,157,126,45,139,25,205,86,95,219,246,49,31,185,89,157,224,215,89,157,126,229,139,159,18,110,215,146,33,89,5,204,249,66,228,59,150,3,64,18,105,133,212,235,10,2,107,89,157,247,229,135,208,190,81
Best fitness found so far: 0.6221545644141104; k: 2.0
Generation: 32; 0.63909399994494; k: 2.0; 21,195,72,95,199,100,33,89,157,60,167,86,41,238,22,215,39,46,89,201,126,229,164,105,209,148,139,207,125,22,215,146,33,105,29,205,249,161,161,160,150,11,64,149,104,133,89,157,220,122,183,41,195,105,215,146,33,105,29,205,249,161,161,160
Best fitness found so far: 0.63909399994494; k: 2.0
Generation: 33; 0.6144415451691391; k: 2.0; 200,34,160,89,157,126,229,139,157,195,132,95,50,20,49,198,185,89,157,188,229,131,33,190,155,248,25,89,157,126,229,139,47,195,86,50,108,49,229,79,242,10,120
Best fitness found so far: 0.63909399994494; k: 2.0
Generation: 34; 0.6144415451691391; k: 2.0; 200,34,205,89,157,91,229,174,25,195,86,95,50,86,33,7,157,60,129,95,195
Best fitness found so far: 0.63909399994494; k: 2.0
Generation: 35; 0.6144415451691391; k: 2.0; 200,34,205,89,157,91,229,174,25,195,86,95,50,100,72,7,157,149,223,85,41,238,217,191,143,150,7,65,157,126,229,248,25,195,250,128,146,33,89,157,220,167,61,41,195,105,200,34,205,89,157,91,229,174,25,195,86,95,50,100,72,7,157,149,223,85,41,238,217,191,143,150,7,65,157,126
Best fitness found so far: 0.63909399994494; k: 2.0
Generation: 36; 0.6144415451691391; k: 2.0; 200,34,205,89,157,91,229,139,25,195,86,95,50,100,33,89,89,157,60,167,86,41,238,138,215,93,46,89,157,126,229,134,93,209,103,157,126,241,158,72,3,245,7,18,60,85,102,198,230,62,172,134,57,213,143,45,7,170,44,62,94,250,210,186,9,137,200,244,34,88,89,157,91,229,139,164,195,86,95,50,100,33,7,157,60,229,161,41,125,138,65,93,227,217,103,116,84,76,184,60,167,86,109,195,105
Best fitness found so far: 0.63909399994494; k: 2.0
Generation: 37; 0.63909399994494; k: 2.0; 21,195,72,95,199,100,33,89,157,60,167,86,41,238,22,215,39,46,89,201,201,229,164,105,209,148,139,207,125,22,215,146,163,105,29,205,249,161,161,160,150,11,64,149,104,173
Best fitness found so far: 0.63909399994494; k: 2.0
Generation: 38; 0.63909399994494; k: 2.0; 21,195,72,95,199,100,33,89,157,60,167,86,41,238,22,215,39,46,7,201,126,229,164,105,209,148,139,207,125,22,215,146,33,105,29,205,249,161,161,160,150,11,64,149,104,133,89,157,220,122,183,41,195,105,215,146,33,105,46,205,56,161,161,160
Best fitness found so far: 0.63909399994494; k: 2.0
Generation: 39; 0.63909399994494; k: 2.0; 21,195,72,95,199,100,33,89,75,60,167,86,41,238,22,215,220,179,89,201,201,229,164,104,209,148,139,207,125,52,215,146,41,238,22,215,39,46,7,201,126,58,164,105,209,148,139,207,125,135,215,146,33,174,29,205,249,161,161,160,150,11,90,149,104,133,89,157,220,122,183,41,195,105,215,146,33,243,46,205,56,161,161,160
Best fitness found so far: 0.63909399994494; k: 2.0
Generation: 40; 0.63909399994494; k: 2.0; 21,195,72,95,199,100,33,89,75,60,167,86,41,238,22,215,220,179,89,201,201,229,164,104,209,148,139,207,125,52,215,146,41,65,22,215,39,46,7,201,126,58,164,105,209,148,139,207,125,135,215,146,33,174,29,205,249,161,161,160,150,11,90,53,104,133,89,157,220,122,183,41,195,105,215,146,33,243,220,6,246,70,31,185,234,157,224,215,89,157,183,73,105,222,228,160,6,3,70,149,105,131,212,246,10,117,57,157,220,128,49,41,195,105
Best fitness found so far: 0.63909399994494; k: 2.0
Generation: 41; 0.63909399994494; k: 2.0; 21,195,72,95,199,100,33,89,157,60,167,86,91,238,22,215,39,46,89,201,201,229,164,105,209,148,146,207,125,22,215,146,212,105,29,205,180,161,200,89,198
Best fitness found so far: 0.63909399994494; k: 2.0
Generation: 42; 0.63909399994494; k: 2.0; 21,195,72,95,199,100,33,89,157,60,167,86,41,238,22,250,229,64,25,125,22,76,146,211,89,29,205,249,222,111,5,24,11,64,149,104,133,212,235,10,2,139,52,30,19,217,191,212,5,66,126,229,100,169,217,37,41,116,151
Best fitness found so far: 0.63909399994494; k: 2.0
Generation: 43; 0.63909399994494; k: 2.0; 21,195,72,95,199,100,33,89,157,60,167,86,91,238,22,215,39,46,89,201,201,229,164,105,209,148,146,204,125,22,215,146,212,105,29,205,8,60,167,86,41,238,22,215,220,26,195,201,201,4,164,230,209,148,139,207,125,52,215,146,41,65,22,215,39,46,70,201,126,58,164,105,209,148,139,207,125,135,121,146,33,174,29,176,249,161,161,160,150,11,90,53,104,133,89,157,220,122,183,41,195,105,215,146,33,243,220,6,246,209,31,185,234,167,136,215,89,157,183,73,105,222,228,160,6,3,70,149,105,131,212,246,10,117,57,157,220,128,49,41,195,105
Best fitness found so far: 0.63909399994494; k: 2.0
Generation: 44; 0.63909399994494; k: 2.0; 21,195,72,95,199,100,33,89,157,60,167,86,41,238,10,215,39,46,7,201,126,229,164,105,209,148,139,207,125,22,215,146,33,229,248,25,204,96,128,170,33,183,157,86,50,100,49,198,159,68,146,89,157,126,229,228,143,237,111,157,102
Best fitness found so far: 0.63909399994494; k: 2.0
Generation: 45; 0.63909399994494; k: 2.0; 21,195,72,95,57,100,33,89,157,60,167,86,91,238,22,215,56,46,89,201,201,229,117,105,209,148,146,204,125,22,215,133,212,178,29,235,8,149,167,86,41,238,164,131,220,67,37,245,201,60,164,230,209,148,139,207,125,52,215,201,41,65,22,74,39,46,70,87,250,58,164,46,205,56,161,161,160
Best fitness found so far: 0.63909399994494; k: 2.0
Generation: 46; 0.63909399994494; k: 2.0; 21,195,72,95,199,100,33,89,75,60,167,86,41,238,22,215,46,179,89,201,201,229,164,120,206,148,139,70,125,52,215,135,41,238,22,88,148,137,7,201,126,58,164,105,209,148,139,172,150,33,89,157,60,167,86,41,238,22,215,39,46,7,201,181,229,164,105,209,148,139,199,206,22,215,146,33,229,248,25,195,96,165,146,217,180,45,220,105,209,148,63,114,125,22,215,146,66,105,29,203,65,161,161,160,150,11,64,149,104,8,32,157,220,186,36,249,195,105,215,146,63,151,29,205,249,161,161,160
Best fitness found so far: 0.63909399994494; k: 2.0
Generation: 47; 0.63909399994494; k: 2.0; 21,195,72,95,199,100,33,89,157,60,167,86,41,178,22,215,39,83,217,201,5,164,139,86,95,50,100,105,7,157,60,229,161,41,125,138,65,93,227,217,103,211,84,18,184,60,167,139,207,125,22,215,146,33,229,248,25,195,27,128,146,33,183,157,220,167,61,6,195,105
Best fitness found so far: 0.63909399994494; k: 2.0
Generation: 48; 0.63909399994494; k: 2.0; 21,195,72,95,199,100,33,89,157,60,167,86,41,238,22,215,39,83,217,201,126,229,164,105,209,100,33,89,184,60,13,86,41,238,22,215,39,172,89,201,126,229,164,105,209,101,139,207,125,22,215,146,33,185,29,54,249,161,161,160,150,11,1,149,246,133,89,157,220,122,183,41,195,105,207,146,33,109,29,205,210,172,161,160
Best fitness found so far: 0.63909399994494; k: 2.0
Generation: 49; 0.63909399994494; k: 2.0; 21,195,72,95,199,100,33,89,157,240,167,86,41,238,164,105,209,151,146,207,154,22,215,213,87,105,29,205,234,209,110,89,198
Best fitness found so far: 0.63909399994494; k: 2.0
Generation: 50; 0.63909399994494; k: 2.0; 21,195,72,200,199,100,33,19,157,60,167,86,91,238,22,215,75,46,89,77,248,220,164,105,209,148,146,56,157,60,74,86,41,238,10,152,39,46,7,38,56,229,164,105,209,148,139,118,125,55,215,24,33,229,237,96,90,96,128,170,33,183,157,86,50,100,49,198,159,32,146,89,157,126,229,228,124,89,157,60,167,86,226,238,22,215,202,46,165,201,67,229,164,153,205,249,161,161,160,150,94,132,235,104,108,93,157,220,222,183,41,195,35,104,20,33,243,245,205,65,161,161,160,229,228,124,89,157,60,167,86,226,238,22,215,202,46,165,201,67,229,164,153,205,249,161,161,160
Best fitness found so far: 0.63909399994494; k: 2.0
Generation: 51; 0.63909399994494; k: 2.0; 21,195,72,95,199,100,33,89,157,60,167,86,41,238,22,215,39,83,217,201,126,229,192,105,209,150,114,207,125,231,247,50,138,111,52,151,1,135,119,89,84,195,72,95,199,100,33,106,157,60,167,4,41,238,22,215,39,46,245,227,217,191,212,43,10,184
Best fitness found so far: 0.63909399994494; k: 2.0
Generation: 52; 0.63909399994494; k: 2.0; 21,195,72,95,199,100,33,89,157,60,167,231,41,238,10,215,39,46,7,201,126,229,164,105,209,148,139,207,125,22,215,146,33,129,248,25,204,96,90,170,33,183,157,86,50,100,49,143,159,68,146,89,157,126,229,228,143,237,185,89,157,224,81,56,8,86
Best fitness found so far: 0.63909399994494; k: 2.0
Generation: 53; 0.63909399994494; k: 2.0; 21,195,72,95,199,100,33,89,157,60,167,86,91,238,22,215,56,46,89,201,201,229,164,105,209,148,146,204,125,22,215,133,212,105,29,205,8,60,167,86,41,238,22,131,220,67,195,245,201,60,164,230,209,148,139,134,125,52,215,201,41,65,22,74,39,46,70,87,126,58,164,89,209,148,139,207,125,135,121,23,33,174,29,176,249,161,27,185,105,11,161,160
Best fitness found so far: 0.63909399994494; k: 2.0
Generation: 54; 0.63909399994494; k: 2.0; 21,195,72,95,199,100,33,89,203,60,167,86,41,238,10,215,39,46,7,38,126,191,164,105,101,148,139,238,22,48,110,228,143,195,7,214,111,126,73,135,207,123,9,137,200,244,105,139,145,3,70,149,105,120,212,240,10,92,90,52,106,227,54,140,212,248,10,2
Best fitness found so far: 0.63909399994494; k: 2.0
Generation: 55; 0.63909399994494; k: 2.0; 21,195,72,95,199,100,33,89,157,60,167,86,41,238,22,215,39,46,89,201,201,211,164,105,209,148,139,207,100,33,89,157,60,179,86,91,238,22,215,56,46,89,71,201,229,164,105,209,148,146,7,125,22,215,133,212,105,29,205,8,191,167,86,41,238,22,131,220,67,195,9,201,60,164,161,209,148,245,138,125,52,215,201,41,186,165,74,39,46,70,87,126,58,164,89,209,148,139,207,125,135,121,60,33,174,29,37,249,161,161,185,105,11,161,160
Best fitness found so far: 0.63909399994494; k: 2.0
Generation: 56; 0.63909399994494; k: 2.0; 21,195,72,95,199,100,33,89,75,60,167,86,41,238,22,215,46,179,89,201,201,229,164,120,206,148,139,70,125,169,215,135,41,238,22,88,27,137,7,201,126,58,164,22,209,148,107,172,92,162,157,220,159,97,180,25,12,217,157,67,93,33,89,157,126,229,139,122,125,143,249,7,140,157,126,229,248,25,159,250,128,146,33,239,157,220,167,27,41,195,105
Best fitness found so far: 0.63909399994494; k: 2.0
Generation: 57; 0.63909399994494; k: 2.0; 21,195,72,95,101,100,33,89,157,60,167,86,123,238,22,250,12,146,116,162,89,29,205,249,222,77,160,150,168,70,46,81,133,212,246,10,185,139,52,62,162,217,129,193,235,10,2,58,104,127,118,56,145,48,44,89,155,64,229,139,25,195,221,95,133,50,195,86,63,238,22,215,39,46,207,201,126,97,164,104,187,148,139,207,90,186,125,22,76,146,211,89,29,24,249,222,111,5,24,11,64,149,104,133,212,235,10,2,139,56,30,19,217,191,212,5,66,126,229,100,169,217,37,41,116,94,217,191,212,5,66,126,229,63
Best fitness found so far: 0.63909399994494; k: 2.0
Generation: 58; 0.63909399994494; k: 2.0; 21,195,72,95,199,100,33,89,79,60,167,86,41,238,22,215,220,207,21,201,67,229,164,104,209,148,139,207,5,26,144,146,41,65,22,215,39,46,7,232,126,194,164,105,209,148,187,207,125,202,243,45,33,174,29,205,45,208,161,160,177,249,222,161,160,150,3,70,46,81,133,212,188,10,185,218,52,62,207,217,129,193,235,184,2,218,205,222,161,88,150,84,132,149,202,133,212,231,92,39,46,7,200,126,229,164,105,209,157,139,118,125,22,215,24,188,229,237,228,90,96,128,170,33,98,95,199,100,69,75,157,60,167,86,41,238,22,250,232,126,11,80,214,217,177,41,138,151
Best fitness found so far: 0.63909399994494; k: 2.0
Generation: 59; 0.63909399994494; k: 2.0; 21,135,72,95,199,100,33,89,157,60,167,86,41,238,22,215,39,46,240,201,126,229,132,105,209,101,139,207,125,22,215,146,33,105,135,205,249,161,161,160,150,11,64,149,35,133,89,157,97,122,183,41,129,105,207,146,174,109,29,205,210,161,161,160
Best fitness found so far: 0.63909399994494; k: 2.0
Generation: 60; 0.63909399994494; k: 2.0; 21,195,67,95,199,100,133,89,157,60,167,86,91,238,22,215,58,178,217,209,148,187,207,125,135,243,146,33,174,52,88,227,217,191,212,43,10,168
Best fitness found so far: 0.63909399994494; k: 2.0
Generation: 61; 0.63909399994494; k: 2.0; 21,195,72,95,199,100,33,89,75,60,167,86,41,63,22,215,220,179,106,201,201,174,164,104,209,148,139,207,191,52,215,27,41,173,22,241,46,129,7,201,126,58,164,105,209,205,139,207,220,139,215,146,33,174,29,205,107,161,76,160,196,183,167,176,153,195,23
Best fitness found so far: 0.63909399994494; k: 2.0
Generation: 62; 0.63909399994494; k: 2.0; 21,195,72,155,199,100,33,89,157,60,167,86,123,238,12,250,232,146,33,162,89,29,165,146,131,183,157,220,105,209,148,139,207,125,37,215,146,33,105,29,205,249,161,161,160,150,11,64,149,13,8,121,157,220,79,36,249,195,90,136,146,63,105,3,205,249,161,161,160,146,167,86,41,238,22,215,68,46,89,201,202,229,164,25,195,86,95,238,100,33,89,157,60,167,86,41,238,138,236,93,46,89,157,126,229,139,25,125,132,150,7,140,157,126,229,220,119,13,196,128,89,33,89,157,220,167,92,41,195,52
Best fitness found so far: 0.63909399994494; k: 2.0
Generation: 63; 0.63909399994494; k: 2.0; 21,195,72,95,199,100,203,89,75,60,167,86,41,238,22,215,220,151,89,90,201,140,164,106,209,148,139,64,102,7,146,89,157,71,209,200,89,198
Best fitness found so far: 0.63909399994494; k: 2.0
Generation: 64; 0.63909399994494; k: 2.0; 21,155,72,95,199,100,33,89,157,60,167,86,41,238,22,215,39,46,170,201,245,120,198,102,21,50,41,49,198,76,47,157,196,229,24,169,198,3,89,157,126,229,209,33,122,183,41,227,105,226,208,33,243,46,205,56,161,161,160,47,157,196,229,24,169,198,3,89,157,126,229,209,33
Best fitness found so far: 0.63909399994494; k: 2.0
Generation: 65; 0.63909399994494; k: 2.0; 21,27,72,95,199,100,33,89,157,60,167,86,41,238,22,215,39,46,7,201,126,229,164,105,209,58,139,199,125,204,215,146,168,124,11,64,219,142,167,86,123,238,22,108,134,180,176,162,89,23,205,22,222,104,160,150,3,70,46,151,132,182,246,106,185,139,42,62,162,217,129,228,235,10,2,218,205,226,102,126,229,139,51,195,237,95,118,232,186,84,157,204,136,86,41,8,22,48,110,228,143,195,7,170,134,34,239,135,207,132,159,137,200,244,105,78,145,3,181,36,249,195,165,37,61,63,105,29,205,249,161,161,243
Best fitness found so far: 0.63909399994494; k: 2.0
Generation: 66; 0.63909399994494; k: 2.0; 21,115,72,95,199,100,33,89,197,60,167,86,41,183,22,215,39,46,89,201,126,229,164,105,209,101,139,207,125,22,215,146,33,105,29,205,147,215,146,230,89,174,16,175,222,235,182,150,63,44,15,247,133,218,235,10,172,56,52,88,227,217,191,212,43,10,168
Best fitness found so far: 0.63909399994494; k: 2.0
Generation: 67; 0.63909399994494; k: 2.0; 21,195,72,95,199,100,33,89,75,60,167,86,41,238,22,215,220,179,89,201,201,140,164,104,209,148,139,207,191,52,215,152,41,14,22,241,46,129,7,201,126,58,164,183,209,205,139,207,125,139,215,146,197,174,29,89,157,1,167,34,41,238,22,215,39,46,7,201,126,229,164,105,209,148,139,199,125,22,215,146,33,229,248,25,195,96,165,146,33,183,157,220,230,209,148,139,207,125,22,215,231,33,105,29,168,249,161,161,160,150,11,64,149,104,8,143,157,220,79,36,249,195,105,215,146,63,105,29,205,249,161,161,160
Best fitness found so far: 0.63909399994494; k: 2.0
Generation: 68; 0.63909399994494; k: 2.0; 21,99,72,95,199,100,33,89,157,60,167,86,91,238,22,215,39,152,129,126,229,164,105,209,148,139,207,46,22,215,146,33,127,218,205,249,161,161,160,150,11,64,149,104,133,89,157,220,122,183,41,195,105,215,146,33,105,46,205,56,161,161,160
Best fitness found so far: 0.63909399994494; k: 2.0
Generation: 69; 0.63909399994494; k: 2.0; 206,239,72,185,199,100,33,89,157,60,167,86,41,33,22,215,39,46,89,201,202,229,164,25,195,29,95,238,100,33,89,157,60,167,86,10,238,138,215,93,46,161,157,126,229,139,25,125,132,150,7,140,157,126,229,248,119,13,196,128,89,41,238,22,215,39,29,1,201,201,229,164,105,122,148,139,207,125,22,215,149,163,94,29,157,126,186,139,25,125,143,150,7,250,7,169,112,212,42,16,36,52,229,61,105,192,229,33,25,77,95,215,146,211,89,29,205,249,222,161,5,150,11,64,149,104,133,212,226,10,2,139,52,62,227,102,191,212,5,66,126,229,139,169,217,37,41,233,233
Best fitness found so far: 0.63909399994494; k: 2.0
Generation: 70; 0.63909399994494; k: 2.0; 21,195,72,95,199,100,33,89,157,60,167,86,41,238,22,215,39,13,217,201,126,229,164,86,41,238,22,215,39,46,89,227,217,191,212,43,10,174
Best fitness found so far: 0.63909399994494; k: 2.0
Generation: 71; 0.63909399994494; k: 2.0; 21,195,72,95,199,100,33,89,157,60,75,86,41,238,22,215,39,83,249,16,126,157,164,39,209,148,25,95,199,100,33,131,157,60,167,86,126,238,109,127,5,46,89,201,201,111,164,105,209,167,146,207,154,224,224,215,56,166,231
Best fitness found so far: 0.63909399994494; k: 2.0
Generation: 72; 0.63909399994494; k: 2.0; 21,195,72,95,199,100,33,89,157,240,167,86,41,238,22,215,39,29,1,201,201,235,164,105,122,148,139,207,155,22,215,149,163,94,29,157,126,186,119,25,125,109,150,7,250,7,169,114,212,26,193,36,69,229,61,105,2,229,64,25,77,22,215,146,211,89,29,205,249,222,161,5,150,11,64,149,104,133,212,235,10,2,139,66,62,227,102,191,212,5,66,126,98,139,169,217,37,41,231,86,41,238,10,215,39,46,7,201,126,249,161,161,160,150,10,232,149,104,133,89,157,220,122,183,41,195,105,215,69,33,105,46,205,56,161,161,125
Best fitness found so far: 0.63909399994494; k: 2.0
Generation: 73; 0.63909399994494; k: 2.0; 21,195,72,95,199,100,33,89,75,60,167,86,41,238,22,215,220,179,15,201,201,229,164,104,209,148,139,207,69,52,215,218,84,132,149,202,133,212,47,92,36,62,227,217,92,212,43,10,2
Best fitness found so far: 0.63909399994494; k: 2.0
Generation: 74; 0.63909399994494; k: 2.0; 21,195,72,188,199,100,33,89,157,240,167,86,41,238,22,215,39,29,1,18,201,229,144,105,122,148,139,207,125,22,215,149,163,94,29,157,126,186,105,106,64,33,243,220,54,117,70,31,185,234,121,250,32
Best fitness found so far: 0.63909399994494; k: 2.0
Generation: 75; 0.63909399994494; k: 2.0; 21,195,72,239,199,100,81,89,157,195,167,86,41,238,22,215,39,46,234,201,126,229,164,104,187,148,139,207,125,22,125,22,76,146,211,89,29,205,249,222,111,5,24,11,110,14,104,133,212,62,10,2,139,52,30,19,217,191,212,5,66,126,229,100,169,217,72,95,199,100,33,89,157,60,167,86,41,128,22,215,39,46,7,96,126,229,164,105,209,148,139,207,125,22,215,146,35,105,165,16,231,161,161,160,150,11,64,149,76,133,89,157,220,87,183,41,195,105,215,249,33,105,46,89,56,161,161,161
Best fitness found so far: 0.63909399994494; k: 2.0
Generation: 76; 0.63909399994494; k: 2.0; 138,195,72,155,199,100,33,89,157,60,167,86,123,238,22,250,232,146,33,162,89,128,165,146,131,183,157,220,105,209,148,139,207,125,37,215,146,139,105,29,205,249,161,161,160,150,11,64,149,61,8,121,157,220,79,36,249,195,90,215,146,63,105,3,205,220,161,161,160,146,131,183,157,220,105,209,148,139,207,135,37,22,247,50,138,111,89,229,139,162,205,89,157,126,45,139,148,195,15,123,50,241,49,198,232,224,237,224,215,56,166,231
Best fitness found so far: 0.63909399994494; k: 2.0
Generation: 77; 0.63909399994494; k: 2.0; 21,195,67,95,51,100,33,89,157,60,167,86,91,238,22,215,39,46,21,201,201,229,164,104,209,148,139,207,101,52,171,146,41,119,22,10,118,46,7,87,126,58,178,217,209,148,187,207,125,135,243,146,33,174,52,88,227,217,191,212,101,85,168
Best fitness found so far: 0.63909399994494; k: 2.0
Generation: 78; 0.63909399994494; k: 2.0; 177,195,72,95,199,100,33,89,157,60,167,86,41,178,22,215,39,148,217,201,215,164,139,86,95,50,100,105,7,75,60,229,161,34,125,138,244,93,227,217,103,211,84,18,184,60,167,139,207,125,22,215,146,33,229,248,60,167,86,41,238,67,215,39,46,89,201,201,229,202,105,209,148,139,207,125,22,215,146,163,105,29,205,104,204,161,47,150,11,13,149,104,173
Best fitness found so far: 0.63909399994494; k: 2.0
Generation: 79; 0.63909399994494; k: 2.0; 162,249,72,95,199,205,33,89,157,60,167,86,41,238,22,215,39,46,133,201,245,17,198,102,21,145,187,25,195,174,140,201,126,50,164,105,192,229,64,234,161,22,200,146,119,221,29,205,249,222,161,5,222,11,60,167,86,41,238,22,250,23,126,229,112,169,217,136,41,138,151
Best fitness found so far: 0.63909399994494; k: 2.0
Generation: 80; 0.63909399994494; k: 2.0; 121,195,72,95,199,100,33,89,75,60,167,86,41,238,22,215,220,179,89,201,201,140,164,104,209,148,139,207,125,241,215,152,41,238,188,206,191,129,7,201,126,58,228,105,219,205,139,207,125,139,215,146,33,174,29,215,39,116,89,201,201,229,164,105,209,148,139,207,125,22,215,146,163,105,29,157,126,229,139,25,125,143,150,7,140,157,126,229,248,64,195,126,128,146,33,89,157,220,167,61,41,195,105
Best fitness found so far: 0.63909399994494; k: 2.0
Generation: 81; 0.63909399994494; k: 2.0; 21,195,72,95,119,100,33,89,157,60,167,86,41,238,22,215,181,46,89,201,201,229,164,105,209,148,139,207,125,22,215,146,163,105,29,205,249,161,161,160,179,11,64,149,75,60,167,86,41,238,22,215,220,156,89,201,114,229,164,104,209,148,139,207,125,52,215,146,146,238,123,215,39,34,7,201,126,162,164,105,209,148,120,207,216,135,215,28,33,174,96,23,60,75,86,84,162,105
Best fitness found so far: 0.63909399994494; k: 2.0
Generation: 82; 0.63909399994494; k: 2.0; 21,195,72,95,199,100,33,89,157,60,167,86,237,238,10,215,39,46,7,38,126,229,164,105,209,148,139,118,125,22,215,24,33,229,237,228,90,96,128,94,33,183,157,86,50,100,49,198,159,32,146,89,245,126,229,228,143,89,64,60,167,86,91,238,22,215,39,46,89,201,67,229,147,105,205,249,173,161,160,150,94,148,139,207,125,52,215,146,41,47,22,98,39,46,70,201,126,58,164,105,209,148,139,207,125,135,121,146,40,174,93,176,249,114,161,160,215,11,90,177,104,133,89,157,220,122,183,41,138,74,215,146,33,243,177,6,246,209,31,185,234,167,136,215,89,157,183,73,105,222,228,160,6,98,70,149,105,207,212,246,10,117,57,234,41,128,49,41,195,105
Best fitness found so far: 0.63909399994494; k: 2.0
Generation: 83; 0.63909399994494; k: 2.0; 50,195,72,95,199,100,33,89,75,60,167,86,41,238,22,215,220,179,89,201,201,229,164,69,209,148,139,207,125,52,215,146,41,68,22,83,39,46,233,201,126,58,164,113,209,148,105,207,250,135,10,146,33,174,29,124,249,161,161,160,150,11,90,69,104,133,89,219,175,133,212,235,148,92,139,52,106,6,89,140,29,89,157,60,167,86,41,238,22,215,39,46,239,201,126,229,164,105,209,148,139,207,125,22,215,146,33,229,115,25,195,96,128,146,33,183,157,23,146,61,6,195,105
Best fitness found so far: 0.63909399994494; k: 2.0
Generation: 84; 0.63909399994494; k: 2.0; 21,195,72,95,199,100,33,89,157,60,245,86,41,238,176,215,39,46,7,201,126,229,164,105,209,58,139,199,125,22,215,146,168,229,248,25,195,96,165,146,202,148,139,207,125,188,215,146,33,229,248,25,113,96,128,170,33,183,157,86,50,3,49,198,159,68,146,89,157,126,229,228,139,207,48,135,215,28,33,174,89,23,60,167,86,84,162,105
Best fitness found so far: 0.63909399994494; k: 2.0
Generation: 85; 0.63909399994494; k: 2.0; 206,239,72,185,199,200,33,89,157,60,167,86,41,238,22,215,39,46,89,35,233
Best fitness found so far: 0.63909399994494; k: 2.0
Generation: 86; 0.63909399994494; k: 2.0; 21,195,72,95,199,100,33,89,157,60,183,86,41,238,22,215,39,46,7,201,126,229,164,105,209,148,139,207,125,22,215,146,70,105,29,205,249,161,161,233,150,11,64,83,104,133,89,157,220,189,44,29,86,201,201,229,164,105,122,148,211,207,125,22,215,149,163,94,29,15,126,186,139,25,167,143,150,7,202,7,169,112,212,26,16,36,52,229,50,105,192,229,64,25,77,22,215,146,211,89,29,205,249,222,161,5,150,11,223,149,104,133,212,235,10,2,139,167,62,227,102,138,212,5,66,126,229,139,169,217,37,41,138,233
Best fitness found so far: 0.63909399994494; k: 2.0
Generation: 87; 0.63909399994494; k: 2.0; 21,195,72,95,199,100,33,89,157,60,167,86,41,238,22,250,229,64,25,125,216,76,146,211,89,29,205,249,222,111,5,24,11,64,149,197,133,212,235,10,2,139,52,30,19,74,191,212,5,66,126,50,100,169,217,37,53,116,162,33,89,95
Best fitness found so far: 0.63909399994494; k: 2.0
Generation: 88; 0.63909399994494; k: 2.0; 21,195,72,95,199,100,33,89,157,60,167,86,41,238,10,215,184,122,7,201,126,229,164,78,209,148,139,207,125,22,215,146,33,29,248,25,204,96,128,170,33,183,157,155,74,100,49,198,159,68,146,16,157,126,229,228,143,237,111,157,222,25,157,183,136,86,82,238,22,57,110,228,143,170,7,170,111,132,73,135,207,123,9,137,200,244,86,78,145,34,70,149,105,120,212,235,10,92,90,52,31,227,41,140,212,85,10,139,207,125,12,54,226,41,238,22,215,148,46,7,118,127,58,164,176,62,148,139,172,150,176,70,49,16,133,212,37,10,2,133,223,49,115,107,33,228,215,29,205,107,161,225,28,196,157,90,149,211,165,164,105,209,148,139,207,226,135,218,174,33,174,29,205,249,161,154,209,178,11,223,149,104,133,89,216,80,122,183,41,227,247,226,208,33,67,46,223,56,34,161,160
Best fitness found so far: 0.63909399994494; k: 2.0
Generation: 89; 0.63909399994494; k: 2.0; 21,195,72,95,199,100,33,89,157,60,167,86,41,238,22,215,39,83,217,201,126,229,122,105,209,148,29,207,125,22,247,50,138,111,89,229,139,169,205,183,157,81,200,157,160,234,157,126,229,139,157,130,86,95,50,111,49,199,100,33,89,189,60,167,86,123,238,22,168,170,146,33,162,89,231,205,249,222,161,160,150,3,70,46,105,209,148,146,207,232,60,40,140,50,111,49,198,1,150
Best fitness found so far: 0.63909399994494; k: 2.0
Generation: 90; 0.63909399994494; k: 2.0; 21,195,72,95,45,100,119,89,75,60,167,86,177,238,32,215,220,225,89,201,201,229,164,211,139,148,139,199,47,33,89,157,60,167,86,242,238,22,215,132,83,217,201,111,164,60,86,95,50,100,105,2,157,60,229,161,41,125,138,65,93,227,211,103,211,84,18,184,60,167,86,109,209,105
Best fitness found so far: 0.63909399994494; k: 2.0
Generation: 91; 0.63909399994494; k: 2.0; 21,195,72,95,199,100,33,89,157,60,167,86,91,238,22,215,167,86,41,238,22,250,198,146,33,162,157,220,167,176,153,182,23
Best fitness found so far: 0.63909399994494; k: 2.0
Generation: 92; 0.63909399994494; k: 2.0; 21,195,72,95,199,100,33,89,157,60,29,86,41,238,22,215,21,195,72,95,185,187,33,89,157,242,167,86,41,238,22,215,39,46,120,201,126,229,164,105,209,148,86,109,163,105
Best fitness found so far: 0.63909399994494; k: 2.0
Generation: 93; 0.63909399994494; k: 2.0; 21,195,72,197,199,100,33,89,157,60,167,86,41,238,22,215,39,46,7,216,132,229,164,105,209,148,139,199,125,22,215,146,33,229,248,25,195,157,60,167,86,41,238,22,215,39,46,89,227,217,191,212,43,10,184
Best fitness found so far: 0.63909399994494; k: 2.0
Generation: 94; 0.63909399994494; k: 2.0; 61,221,72,95,199,100,33,89,157,60,167,86,91,238,22,215,165,38,127,207,238,22,33,39,46,89,201,201,229,164,83,209,148,139,207,125,22,215,146,163,105,29,205,249,161,161,160,150,11,141,149,104,173
Best fitness found so far: 0.63909399994494; k: 2.0
Generation: 95; 0.63909399994494; k: 2.0; 21,195,72,95,199,100,33,89,157,60,167,86,41,238,10,215,39,46,7,201,211,249,161,161,160,150,10,232,149,207,200,89,157,199,122,183,41,195,105,232,29,195,123,95,50,100,33,89,157,10,175,101,52,62,139,217,183,212,235,119,2,229,164,105,209,148,146,207,63,9,163,146,33,89,174,158
Best fitness found so far: 0.63909399994494; k: 2.0
Generation: 96; 0.63909399994494; k: 2.0; 21,195,72,95,199,100,33,89,75,60,167,86,41,238,22,215,220,179,89,201,201,229,164,228,206,148,139,207,125,52,215,146,41,191,187,215,148,46,7,201,126,58,164,105,209,148,139,172,150,127,46,66,16,133,212,37,10,2,133,33,183,157,86,50,100,49,198,159,32,146,89,157,126,229,228,143,89,157,60,167,86,91,238,250,215,39,46,89,201,13,187,164,105,205,249,161,180,160,150,93,132,235,104,108,93,157,220,222,183,41,195,35,104,20,33,243,245,205,65,161,161,160
Best fitness found so far: 0.63909399994494; k: 2.0
Generation: 97; 0.63909399994494; k: 2.0; 21,195,72,95,199,100,33,89,79,60,167,86,41,238,22,215,220,224,21,201,67,229,164,104,209,148,139,66,5,26,18,146,144,65,22,215,39,46,7,232,126,194,119,105,209,148,187,207,125,135,243,45,33,174,29,205,209,148,86,109,163,105
Best fitness found so far: 0.63909399994494; k: 2.0
Generation: 98; 0.63909399994494; k: 2.0; 21,195,67,95,199,100,33,89,157,60,167,86,65,238,22,215,39,46,89,201,201,229,164,105,205,249,161,161,160,150,139,64,102,7,146,89,157,126,209,200,89,166
Best fitness found so far: 0.63909399994494; k: 2.0
Generation: 99; 0.63909399994494; k: 2.0; 21,195,72,95,199,100,33,89,157,60,167,86,41,238,22,215,39,83,217,201,126,229,164,67,209,148,139,207,125,22,247,50,138,111,117,229,139,169,205,89,157,126,200,157,160,89,157,182,219,139,157,130,175,95,50,111,49,198,76,47,136,126,229,131,33,190,243,161,161,160
Best fitness found so far: 0.63909399994494; k: 2.0
Generation: 100; 0.63909399994494; k: 2.0; 21,195,72,95,199,100,33,89,157,60,167,86,123,238,22,250,232,146,33,162,89,29,205,249,200,161,178,150,3,70,46,81,220,122,183,41,195,105,215,146,196,98,29,205,249,161,161,160
Best fitness found so far: 0.63909399994494; k: 2.0
Generation: 101; 0.63909399994494; k: 2.0; 239,195,67,95,199,100,133,89,157,60,167,86,91,238,22,215,39,46,89,201,67,229,164,105,205,249,161,161,160,150,94,90,235,162,108,93,157,220,214,183,41,195,35,215,20,209,243,245,105,209,148,139,156,125,135,215,212,33,4,29,8,249,161,119,208,150,11,234,149
Best fitness found so far: 0.63909399994494; k: 2.0
Generation: 102; 0.63909399994494; k: 2.0; 21,195,72,95,199,100,123,89,157,115,167,86,123,238,54,250,12,146,33,162,89,29,205,249,222,180,160,150,168,70,46,81,133,212,246,10,185,139,52,62,162,217,129,193,235,10,2,218,104,127,118,189,145,48,44,89,171,134,229,139,22,215,39,116,89,201,201,229,164,105,209,148,139,207,219,22,215,146,163,105,29,157,126,229,38,219,125,143,150,7,77,157,126,229,248,124,195,126,178,207,33,89,157,220,167,61,41,195,105
Best fitness found so far: 0.63909399994494; k: 2.0
Generation: 103; 0.63909399994494; k: 2.0; 21,195,72,95,199,100,33,89,157,60,167,86,41,238,22,215,39,46,7,201,126,229,164,105,209,58,139,199,125,22,215,146,25,229,248,25,195,96,165,146,202,148,139,207,125,22,215,146,33,107,37,25,204,96,128,170,33,183,157,86,50,3,49,198,159,68,146,89,157,126,229,228,143,88,111,157,102
Best fitness found so far: 0.63909399994494; k: 2.0
Generation: 104; 0.63909399994494; k: 2.0; 21,195,67,95,199,100,33,89,157,60,167,86,65,238,22,215,39,46,92,212,31,4,2
Best fitness found so far: 0.63909399994494; k: 2.0
Generation: 105; 0.63909399994494; k: 2.0; 21,195,72,95,199,100,33,29,75,60,167,86,41,238,22,215,220,2,89,201,201,140,164,104,209,148,139,207,125,52,215,152,41,14,22,241,39,129,7,115,126,58,164,105,209,107,139,207,125,139,215,146,33,120,29,205,107,161,105,160,196,11,90,149,211,165,11,157,220,89,62,161,170,161,160,150,3,70,46,105,209,148,146,207,232,60,74,140,50,111,49,198,1,210
Best fitness found so far: 0.63909399994494; k: 2.0
Generation: 106; 0.63909399994494; k: 2.0; 21,57,72,95,199,100,33,89,93,60,167,86,123,238,22,250,232,146,33,162,89,29,107,249,64,212,160,150,150,70,164,104,187,61,139,46,125,22,125,22,76,146,211,89,11,205,249,222,111,5,15,11,64,149,104,133,212,235,10,2,139,52,30,19,227,191,212,5,66,126,229,100,169,217,37,41,116,151,217,191,212,5,66,126,229,83
Best fitness found so far: 0.63909399994494; k: 2.0
Generation: 107; 0.63909399994494; k: 2.0; 21,195,72,95,199,100,33,89,157,240,167,86,41,63,22,215,39,116,192,201,201,143,164,105,122,148,139,207,125,22,215,158,163,94,29,157,126,186,139,25,125,143,150,7,250,7,146,112,212,47,16,36,62,227,217,92,212,31,231,161,35,134
Best fitness found so far: 0.63909399994494; k: 2.0
Generation: 108; 0.63909399994494; k: 2.0; 21,195,72,248,179,100,33,89,157,240,167,86,41,238,22,215,39,95,118,232,33,84,157,204,136,86,41,238,22,176,156,46,230,107,126,197,131,105,243,145,139,25,43,22,215,146,33,80,29
Best fitness found so far: 0.63909399994494; k: 2.0
Generation: 109; 0.63909399994494; k: 2.0; 21,195,72,95,199,100,33,199,157,240,167,86,41,238,22,215,39,29,1,201,201,229,164,105,122,148,241,207,125,179,48,149,163,94,29,157,126,186,139,25,125,143,150,7,81,7,169,112,212,26,187,36,52,229,61,105,192,229,64,25,77,22,215,146,211,89,29,205,249,222,161,5,150,11,64,149,184,133,212,235,10,2,139,52,62,227,102,191,212,5,66,4,229,139,169,217,37,41,138,72,95,213,100,33,89,93,60,167,118,123,238,22,250,232,146,33,78,89,29,107,249,64,161,160,150,3,70,46,50,133,212,246,155,185,31,52,62,162,248,129,47,235,10,2,166,205,226,102,126,229,41,41,238,22,215,39,46,89,201,126,229,164,105,41,148,139,207,125,22,215,146,33,105,78,205,7,161,130,1,150,11,117,149,104,133,89,157,238,122,183,196,210,105,239,146,67,105,29,205,249,93,161,160
Best fitness found so far: 0.63909399994494; k: 2.0
Generation: 110; 0.63909399994494; k: 2.0; 21,145,72,95,45,100,33,89,75,60,167,86,177,238,22,215,220,225,89,201,201,99,164,104,209,148,139,207,125,52,220,159,176,153,195,23
Best fitness found so far: 0.63909399994494; k: 2.0
Generation: 111; 0.63909399994494; k: 2.0; 21,195,72,95,199,100,33,89,157,60,167,86,91,238,22,215,39,46,89,201,139,199,206,22,215,146,33,229,248,25,195,96,165,146,217,180,45,220,105,209,148,63,114,125,22,215,146,66,105,29,203,65,161,83,160,150,62,64,149,44,8,32,157,220,186,36,249,195,105,215,124,63,151,29,205,249,161,161,160
Best fitness found so far: 0.63909399994494; k: 2.0
Generation: 112; 0.63909399994494; k: 2.0; 21,195,72,95,199,100,33,89,157,60,167,86,41,238,250,215,39,46,7,201,126,153,164,105,42,148,139,207,215,22,215,146,33,229,248,25,204,96,128,170,33,183,157,86,113,100,49,198,86,68,146,89,157,126,229,212,47,92,36,62,227,217,92,212,43,52,2
Best fitness found so far: 0.63909399994494; k: 2.0
Generation: 113; 0.63909399994494; k: 2.0; 21,195,72,95,199,100,33,89,157,60,167,86,91,238,22,215,39,144,89,201,201,229,164,1,209,148,146,207,125,22,215,146,212,105,128,19,199,100,245,72,157,60,167,86,41,238,140,215,39,46,7,235,126,229,164,105,209,148,139,118,125,22,215,24,33,229,237,150,90,96,128,170,33,183,36,86,50,100,49,198,159,105,146,89,157,126,229,212,143,89,157,60,167,86,164,238,22,215,39,46,89,201,67,229,164,105,205,249,161,161,160,12,94,132,235,104,108,93,157,220,222,183,41,195,35,104,20,33,243,245,205,65,161,161,160
Best fitness found so far: 0.63909399994494; k: 2.0
Generation: 114; 0.63909399994494; k: 2.0; 21,195,72,95,199,25,33,89,157,195,167,86,41,238,22,215,39,46,7,201,126,229,164,104,146,86,89,62,158
Best fitness found so far: 0.63909399994494; k: 2.0
Generation: 115; 0.63909399994494; k: 2.0; 38,195,72,95,199,100,33,89,157,60,167,86,41,238,22,215,39,116,133,203,245,17,198,102,21,49,187,25,195,174,140,201,126,50,164,105,192,229,64,25,24,22,215,146,194,89,29,21,195,72,95,199,100,33,89,157,60,167,43,41,238,22,250,232,126,52,179,169,217,136,41,138,151
Best fitness found so far: 0.63909399994494; k: 2.0
Generation: 116; 0.63909399994494; k: 2.0; 50,195,72,95,199,100,33,89,75,60,141,86,41,238,22,215,220,179,89,65,201,166,164,69,209,148,139,207,125,52,215,146,167,86
Best fitness found so far: 0.63909399994494; k: 2.0
Generation: 117; 0.63909399994494; k: 2.0; 210,195,72,95,119,100,33,89,157,60,167,86,91,238,22,215,39,46,89,121,204,229,250,105,209,148,146,204,125,22,215,99,212,105,29,215,98,229,232,199,195,157,183,50,100,33,89,157,10,2,101,62,62,238,217,183,233,235,119,2,229,164,105,209,148,146,207,195,137,50,146,33,89,174,215,9,33,240,29,112,107,161,76,160,196,11,90,149,211,165,107,157,220,89,62,161,170,86,183,238,77,250,244,146,33,162,157,220,159,97,180,25,60,217,236,67,93,33,89,157,126,229,139,122,125,143,150,7,9,157,126,229,248,25,159,250,128,146,33,239,157,220,167,188,41,195,105
Best fitness found so far: 0.63909399994494; k: 2.0
Generation: 118; 0.63909399994494; k: 2.0; 21,195,72,95,199,100,33,89,157,60,167,86,123,238,22,250,170,146,33,162,89,231,205,249,222,161,160,150,3,70,91,105,209,89,170,60,167,86,41,238,22,250,23,126,37,200,138,151
Best fitness found so far: 0.63909399994494; k: 2.0
Generation: 119; 0.63909399994494; k: 2.0; 21,195,72,95,199,100,33,89,179,60,167,136,41,238,22,215,220,136,21,201,201,229,164,104,209,181,139,207,5,52,215,146,66,65,22,215,39,46,73,87,126,58,164,185,209,148,187,207,125,135,243,146,33,174,29,166,45,161,161,160,150,167,86,126,238,109,215,5,46,204,201,201,229,164,105,209,148,222,207,154,22,215,85,212,105,29,205,234,209,200,89,198
Best fitness found so far: 0.63909399994494; k: 2.0
Generation: 120; 0.63909399994494; k: 2.0; 21,181,72,155,199,100,33,89,157,60,167,86,123,238,22,250,232,146,33,162,89,29,165,146,131,183,157,220,105,209,148,139,207,125,37,215,77,33,105,29,205,249,161,161,160,150,11,64,149,61,8,121,157,220,79,36,249,195,90,215,146,63,105,3,129,249,161,161,89,157,220,122,183,85,195,105,106,98,33,243,220,54,117,70,31,24,234,23,250,32
Best fitness found so far: 0.63909399994494; k: 2.0
Generation: 121; 0.63909399994494; k: 2.0; 21,195,72,95,199,100,33,89,157,240,167,86,41,238,22,215,39,116,192,201,83,229,164,105,122,148,238,22,215,39,46,89,201,67,229,164,105,205,249,161,161,160,241,94,90,235,104,108,93,157,236,222,183,41,195,78,215,20,33,243,245,205,65,161,161,160
Best fitness found so far: 0.63909399994494; k: 2.0
Generation: 122; 0.63909399994494; k: 2.0; 21,195,72,95,199,100,33,89,157,60,167,86,41,238,22,215,39,46,89,201,201,229,164,105,71,148,139,207,125,22,222,146,163,105,29,205,249,161,161,160,30,11,64,219,142,167,158,123,238,22,108,232,146,176,162,89,23,205,249,222,104,160,150,3,70,46,151,132,182,246,106,185,139,42,62,162,217,129,228,235,10,2,218,205,226,102,126,229,139,51,195,237,95,118,232,186,84,157,204,136,86,41,8,22,48,110,228,143,195,249,170,134,126,239,135,207,132,76,137,200,244,105,78,145,169,102,135,10,146,33,132,29,124,249,161,161,160,150,11,90,149,211,38,89,219,175,18,212,235,148,92,139,52,106,211,89,88,212,94,10,2
Best fitness found so far: 0.63909399994494; k: 2.0
Generation: 123; 0.63909399994494; k: 2.0; 21,115,72,95,199,100,33,74,157,60,167,86,41,238,22,215,39,46,89,201,126,122,163,157,220,167,61,41,195,105
Best fitness found so far: 0.63909399994494; k: 2.0
Generation: 124; 0.63909399994494; k: 2.0; 21,195,72,95,199,100,33,89,157,60,167,86,179,238,106,250,12,146,33,162,89,29,178,249,222,180,213,150,168,70,46,81,133,212,246,10,185,139,52,62,162,217,129,193,208,10,2,218,104,127,118,210,145,48,145,89,155,64,229,139,25,195,223,95,133,50,195,33,209,148,139,207,16,135,215,212,33,71,29,205,249,161,161,160,150,248,234,149
Best fitness found so far: 0.63909399994494; k: 2.0
Generation: 125; 0.63909399994494; k: 2.0; 21,195,72,95,199,100,33,89,157,60,167,201,41,238,22,215,39,46,7,82,245,17,198,102,21,145,187,25,195,174,95,214,100,202,89,157,60,173,86,220,238,7,157,60,229,161,41,125,138,13,93,227,34,103,211,84,18,184,60,167,86,109,195,105
Best fitness found so far: 0.63909399994494; k: 2.0
Generation: 126; 0.63909399994494; k: 2.0; 21,195,72,95,199,100,33,89,75,60,167,86,41,238,22,215,220,179,89,98,201,229,49,120,206,148,139,207,125,52,54,226,41,238,22,215,148,46,7,118,209,58,164,176,62,7,139,172,150,143,70,66,16,133,212,37,10,2,133,223,20,115,142,33,228,215,29,205,107,161,225,53,196,189,90,149,211,165,164,105,209,148,139,207,226,135,215,174,33,174,29,205,249,232,154,56,178,11,223,149,104,133,89,216,80,122,183,41,227,247,226,58,33,185,46,205,56,161,161,5
Best fitness found so far: 0.63909399994494; k: 2.0
Generation: 127; 0.63909399994494; k: 2.0; 105,195,72,95,199,100,33,49,75,60,167,86,41,238,22,215,220,179,89,201,201,87,164,104,209,148,139,207,125,218,215,152,82,238,22,215,39,129,7,201,137,58,164,105,209,205,139,207,125,19,215,146,33,174,29,95,62,100,33,89,75,60,167,86,41,238,22,215,220,179,89,201,201,140,241,104,209,148,139,203,191,52,215,152,41,14,63,241,46,129,7,190,126,189,164,105,91,205,139,207,155,139,215,146,203,174,29,205,107,161,76,162,196,157,90,149,211,165,164,105,209,148,139,207,125,135,215,146,33,174,29,205,249,161,161,160,178,11,90,149,104,21,89,216,80,122,183,41,227,105,226,208,33,68,46,205,56,161,62,189
Best fitness found so far: 0.63909399994494; k: 2.0
Generation: 128; 0.63909399994494; k: 2.0; 21,57,72,95,199,100,33,89,75,60,167,86,41,238,22,215,220,179,89,201,247,140,164,104,209,148,139,207,191,52,215,152,41,21,22,241,46,129,7,32,126,58,164,105,209,205,170,207,125,139,215,146,33,174,29,205,107,161,76,133,89,157,220,122,183,43,195,105,215,146,33,105,46,205,56,161,161,160
Best fitness found so far: 0.63909399994494; k: 2.0
Generation: 129; 0.63909399994494; k: 2.0; 21,195,72,95,199,100,33,89,157,60,167,86,41,238,10,215,39,46,7,201,143,229,164,105,209,148,224,128,125,22,215,146,74,229,248,25,178,96,128,146,33,183,157,220,167,118,6,195,105
Best fitness found so far: 0.63909399994494; k: 2.0
Generation: 130; 0.63909399994494; k: 2.0; 21,195,72,95,199,100,33,89,79,60,167,86,41,238,166,215,220,178,21,201,67,229,224,104,209,148,139,52,242,26,144,146,41,65,22,215,39,46,7,232,126,194,128,105,209,148,187,207,125,135,243,70,33,174,29,205,45,208,161,160,177,249,222,161,160,150,162,89,29,205,62,130,104,160,6,3,70,46,81,132,212,241,10,185,139,52,62,150,217,129,193,235,10,2,218,205,226,102,126,229,139,249,210,237,95,118,232,195,84,157,204,43,120,41,229,22,48,250,228,143,195,7,170,111,126,73,135,207,123,9,137,200,244,105,30,145,3,70,149,105,120,212,235,10,92,90,52,106,227,41,140,162,248,10,16
Best fitness found so far: 0.63909399994494; k: 2.0
Generation: 131; 0.63909399994494; k: 2.0; 21,99,72,95,199,100,33,89,157,60,167,86,91,238,22,215,39,50,89,14,248,201,44,241,164,157,224,49,63,35,231
Best fitness found so far: 0.63909399994494; k: 2.0
Generation: 132; 0.63909399994494; k: 2.0; 21,195,72,95,199,100,33,89,75,60,167,86,41,238,22,215,220,179,89,201,201,140,164,104,209,21,139,207,125,52,64,152,41,238,22,189,210,129,7,168,126,58,164,105,209,205,136,207,249,161,50,160,178,11,90,149,104,133,89,216,80,122,183,41,227,105,226,208,33,243,46,205,56,161,161,160
Best fitness found so far: 0.63909399994494; k: 2.0
Generation: 133; 0.63909399994494; k: 2.0; 21,195,72,152,199,100,33,89,157,60,167,86,41,238,22,215,39,46,7,201,126,229,26,150,22,250,232,98,33,162,157,220,167,231,153,195,23
Best fitness found so far: 0.63909399994494; k: 2.0
Generation: 134; 0.63909399994494; k: 2.0; 21,195,72,95,199,100,203,89,157,60,167,86,41,238,22,215,12,151,89,47,201,217,247,104,209,164,104,209,148,139,203,193,52,215,152,41,14,157,105,46,129,7,190,126,189,164,105,211,226,139,207,155,139,215,193,33,174,29,205,107,161,76,162,241,157,90,149,211,165,164,105,209,148,139,207,125,135,215,146,33,174,29,205,249,161,161,160,178,11,90,149,104,133,37,216,80,122,183,41,227,105,226,208,33,243,46,132,56,161,161,160
Best fitness found so far: 0.63909399994494; k: 2.0
Generation: 135; 0.63909399994494; k: 2.0; 111,195,72,95,199,100,33,89,157,60,167,86,41,238,22,215,39,83,223,229,50,25,195,96,165,243,33,183,157,220,105,209,148,139,207,125,140,215,146,33,103,29,205,249,12,161,160,150,11,64,149,104,6,143,157,220,79,36,249,195,105,215,146,63,105,29,205,249,161,161,160
Best fitness found so far: 0.63909399994494; k: 2.0
Generation: 136; 0.63909399994494; k: 2.0; 21,195,72,95,79,100,33,59,157,60,167,86,91,238,22,215,39,157,79,167,175,223,151,138,215,138,46,89,201,126,247,164,180,192,229,139,205,187,147,215,146,230,89,174,221,175,222,161,60,150,63,64,15,247,133,218,235,10,172,56,52,88,227,217,191,212,43,10,100,33,89,157,195,50,86,166,238,22,215,196,46,7,240,126,229,166,104,187,125,139,204,201,22,125,22,76,203,211,89,29,205,249,222,111,5,24,11,64,149,104,133,212,235,10,2,37,52,30,19,217,191,212,197,66,126,229,100,169,217,37,41,31,151,217,191,212,5,66,126,229,100
Best fitness found so far: 0.63909399994494; k: 2.0
Generation: 137; 0.63909399994494; k: 2.0; 21,195,72,95,199,100,33,89,119,225,167,86,41,238,22,215,39,83,217,201,5,164,60,7,201,181,229,164,105,209,148,139,183,206,22,65,146,33,229,248,25,195,96,165,219,217,180,45,220,105,209,148,63,121,125,244,215,146,66,105,29,203,65,161,161,209,150,11,27,149,104,8,32,157,220,138,36,249,195,105,215,146,63,151,29,205,249,161,161,160
Best fitness found so far: 0.63909399994494; k: 2.0
Generation: 138; 0.63909399994494; k: 2.0; 21,195,72,95,199,100,33,89,157,60,167,86,9,238,128,250,232,146,176,162,89,29,205,249,222,104,160,150,3,70,46,81,132,212,246,10,234,139,52,62,162,217,129,193,33,228,215,139,31,212,157,86,123,238,22,250,163,208,39,83,217,201,5,170,60,86,192,50,100,105,79,157,93,229,161,226,4,138,65,93,227,217,103,211,84,18,184,19,167,86,109,195,105
Best fitness found so far: 0.63909399994494; k: 2.0
Generation: 139; 0.63909399994494; k: 2.0; 179,195,72,95,199,100,33,89,157,60,167,86,123,238,22,250,12,146,33,162,89,29,205,249,222,180,160,150,168,70,46,81,133,212,246,10,185,139,52,234,162,217,129,193,235,10,2,218,104,127,118,189,145,48,44,89,155,64,229,139,25,195,143,95,133,50,195,33,97,157,79,167,175,223,151,138,215,164,46,89,201,126,247,202,183,139,207,125,22,215,157,33,229,248,25,204,96,128,170,33,183,157,86,50,3,49,198,159,46,146,89,157,126,229,228,143,169,111,157,12,238,22,250,12,146,33,162,89,29,205,249,222,180,160,150,168,70,46,81,133,212,246,10,185,139,52,234,162,217,129,193,235,10,2,218,104,127,118,189,145,48,44,89,155,64,229,139,25,195,143,95,133
Best fitness found so far: 0.63909399994494; k: 2.0
Generation: 140; 0.63909399994494; k: 2.0; 21,195,72,95,199,100,33,89,79,60,157,86,41,238,22,215,220,207,21,201,67,229,164,104,209,148,139,207,5,26,144,146,41,65,22,215,39,46,7,232,126,194,164,105,209,148,187,207,125,135,243,45,33,174,29,205,45,208,161,160,177,249,222,161,27,150,3,46,89,14,248,220,164,38,209,148,146,207,232,195,40,140,50,111,49,198,1,47,167,126,229,131,33,190,241,248,25,195,216,17,146,33,89,162,158,167,135,41,195,105,209,148,146,207,232,195,40,44,50,111,93,21,1,47
Best fitness found so far: 0.63909399994494; k: 2.0
Generation: 141; 0.63909399994494; k: 2.0; 21,195,72,95,199,100,33,89,157,60,167,86,123,238,22,250,232,146,33,162,89,29,205,249,222,161,160,94,3,70,226,81,133,212,246,10,56,139,52,62,162,217,129,193,235,10,2,218,64,226,102,126,229,139,205,249,161,161,85,150,11,90,149,104,133,89,157,13,122,183,41,195,105,215,146,33,243,46,205,56,161,161,136
Best fitness found so far: 0.63909399994494; k: 2.0
Generation: 142; 0.63909399994494; k: 2.0; 21,195,72,95,217,100,33,89,157,60,167,91,189,238,22,250,232,146,33,162,89,29,113,249,222,161,160,150,3,70,233,81,133,212,246,155,185,31,52,62,162,239,129,193,219,10,2,218,205,226,102,100,33,89,157,60,167,86,41,20,22,215,39,74,150,118,217,191,212,43,10,216
Best fitness found so far: 0.63909399994494; k: 2.0
Generation: 143; 0.63909399994494; k: 2.0; 21,195,72,95,199,100,33,89,157,60,167,86,41,238,10,100,33,220,157,60,167,86,123,47,22,250,12,146,33,174,14,62,205,14,222,151,160,150,168,70,46,132,133,212,246,10,185,125,52,192,162,217,56,177,235,10,142,115,187,127,118,189,145,48,98,89,49,198,185,202,157,224,130,56,167,207
Best fitness found so far: 0.63909399994494; k: 2.0
Generation: 144; 0.63909399994494; k: 2.0; 21,195,72,95,199,100,33,89,79,60,167,86,41,238,22,215,220,207,21,201,67,229,164,104,209,148,139,81,5,26,144,146,41,65,22,215,39,46,7,232,20,194,164,105,209,148,187,99,125,135,243,45,33,174,29,205,45,208,161,38,177,249,58,147,160,150,3,70,46,204,133,212,188,10,185,218,52,62,162,217,129,193,235,184,159,218,205,222,86,41,238,22,131,123,67,195,245,201,60,164,230,209,148,139,207,125,52,215,201,41,65,22,74,39,46,70,87,221,58,164,89,209,148,139,207,125,135,121,146,33,174,29,68,249,43,161,185,105,11,161,160
Best fitness found so far: 0.63909399994494; k: 2.0
Generation: 145; 0.63909399994494; k: 2.0; 21,195,72,95,199,100,33,89,157,60,167,86,91,238,22,215,39,33,190,241,248,25,195,250,128,1,33,89,157,220,167,183,41,195,108,235,202,85
Best fitness found so far: 0.63909399994494; k: 2.0
Generation: 146; 0.63909399994494; k: 2.0; 21,195,72,95,199,100,33,89,79,60,167,86,41,238,22,215,220,207,21,201,67,229,164,104,209,148,139,207,5,26,144,146,41,138,22,215,39,46,7,232,126,194,164,105,209,89,138,207,125,135,243,45,33,174,29,205,45,208,161,160,177,249,222,161,160,150,3,70,46,81,133,212,188,10,185,218,161,62,132,217,129,193,235,184,2,218,205,222,215,39,83,217,201,5,164,60,86,95,50,100,105,7,157,36,229,161,41,125,138,65,93,126,217,103,211,84,18,184,60,167,86,89,195,105
Best fitness found so far: 0.63909399994494; k: 2.0
Generation: 147; 0.63909399994494; k: 2.0; 21,99,72,95,199,100,33,89,157,60,153,86,91,238,22,215,39,118,89,14,248,229,197,105,206,7,146,207,145,215,60,146,220,105,29,205,160,150,160,64,163,104,133,212,235,10,2,182,52,88,227,180,25,199,217,157,67,93,33,89,157,126,229,139,122,125,143,150,7,140,157,126,229,248,25,159,250,128,146,33,239,157,220,167,61,41,195,105
Best fitness found so far: 0.63909399994494; k: 2.0
Generation: 148; 0.63909399994494; k: 2.0; 21,195,72,95,199,100,33,89,157,60,167,86,41,238,22,215,39,46,7,148,126,229,75,167,86,91,238,22,215,39,46,147,71,201,229,131,105,209,148,146,207,195,9,50,146,33,89,28,158,89,215,98,229,232,29,195,86,95,50,100,33,89,157,10,2,101,52,62,238,217,183,212,235,119,2,229,152,227,209,148,146,207,195,9,50,106,33,89,174,158
Best fitness found so far: 0.63909399994494; k: 2.0
Generation: 149; 0.63909399994494; k: 2.0; 21,195,72,95,199,100,33,89,157,60,167,86,41,238,22,215,39,46,89,108,201,229,164,105,209,148,139,135,125,22,222,146,163,105,29,205,249,161,161,160,30,221,64,219,142,167,185,123,238,22,108,232,146,176,162,89,23,205,249,222,104,160,150,3,70,46,81,132,212,246,10,185,139,250,62,162,217,129,228,235,10,2,218,205,226,102,221,229,139,97,117,237,95,118,232,195,84,157,204,136,86,41,238,22,48,110,228,143,195,7,170,111,126,73,135,207,123,9,137,200,249,222,111,5,24,11,64,149,104,202,212,235,10,2,139,52,30,19,217,191,212,70,66,126,229,100,169,217,37,191,89,151,217,191,212,5,66,126,229,100
Best fitness found so far: 0.63909399994494; k: 2.0
Generation: 150; 0.63909399994494; k: 2.0; 21,195,72,95,199,100,33,89,157,60,167,86,41,238,22,250,229,57,25,215,146,167,86,91,238,22,215,39,46,89,14,248,229,164,105,209,148,146,207,125,173,215,146,212,105,29,168,180,161,69,99,112,209,148,139,25,125,22,215,146,33,126,29,207,249,222,161,160,150,84,132,149,202,128,212,47,92,36,62,227,217,92,212,43,10,2
Best fitness found so far: 0.63909399994494; k: 2.0
Generation: 151; 0.63909399994494; k: 2.0; 21,195,72,95,199,100,33,89,157,60,167,86,41,238,10,130,39,46,7,201,126,238,164,40,209,148,139,27,125,22,215,146,33,229,82,25,204,96,128,170,202,183,157,86,50,136,49,198,123,68,146,89,157,126,229,32,143,237,111,157,102
Best fitness found so far: 0.63909399994494; k: 2.0
Generation: 152; 0.63909399994494; k: 2.0; 21,195,72,95,199,100,33,89,79,60,167,86,41,238,22,215,220,207,21,201,79,229,164,104,209,148,139,207,82,26,144,146,41,144,22,215,39,46,7,232,126,194,164,105,209,148,187,207,125,135,243,45,33,174,29,205,82,208,161,160,177,161,9
Best fitness found so far: 0.63909399994494; k: 2.0
Generation: 153; 0.63909399994494; k: 2.0; 21,195,72,95,199,100,33,89,157,240,167,86,41,238,22,215,39,116,192,201,201,229,75,105,122,148,139,207,125,22,215,94,163,94,29,157,126,186,139,137,125,143,150,7,250,7,174,90,226,47,16,36,62,227,217,92,147,31,231,161,163,94
Best fitness found so far: 0.63909399994494; k: 2.0
Generation: 154; 0.63909399994494; k: 2.0; 21,195,72,95,199,100,33,89,157,60,167,86,91,238,22,215,32,46,89,14,248,229,164,105,209,148,146,207,125,173,215,146,212,105,29,205,180,161,197,164,112,187,148,139,25,125,22,215,146,33,126,29,143,237,137,157,102
Best fitness found so far: 0.63909399994494; k: 2.0
Generation: 155; 0.63909399994494; k: 2.0; 229,195,72,95,199,100,33,89,157,60,167,86,41,238,22,215,39,126,217,201,126,13,164,105,209,148,199,207,105,2,247,50,138,111,89,229,139,162,205,167,157,126,45,143,53,8,30,212,209,93,48,7,58,155,229,169,156,182,178,34,89,106,154,243,208,157,126,45,79,36,249,195,105,215,146,63,39,29,205,116,161,161,160
Best fitness found so far: 0.63909399994494; k: 2.0
Generation: 156; 0.63909399994494; k: 2.0; 21,195,72,95,199,100,33,89,157,60,5,86,91,238,22,215,39,46,139,201,10,216
Best fitness found so far: 0.63909399994494; k: 2.0
Generation: 157; 0.63909399994494; k: 2.0; 21,195,72,95,199,100,33,89,75,60,167,86,41,238,22,215,220,179,89,201,201,140,55,104,209,148,139,203,191,52,215,152,41,14,157,241,46,129,7,190,94,135,164,105,211,205,139,207,155,139,215,146,33,174,29,205,107,161,76,162,196,157,90,149,211,165,164,105,209,148,139,207,125,135,215,146,33,174,29,205,249,161,161,160,215,146,230,90,29,205,175,222,161,160,150,63,64,80,247,133,218,235,10,172,56,52,88,211,217,191,212,43,10,168
Best fitness found so far: 0.63909399994494; k: 2.0
Generation: 158; 0.63909399994494; k: 2.0; 21,195,72,95,199,100,33,89,157,60,167,86,123,238,138,250,163,215,39,83,217,201,5,164,60,86,95,50,100,105,7,157,60,229,161,41,125,138,65,93,227,217,103,211,84,18,184,22,250,23,126,229,112,169,217,136,41,138,151
Best fitness found so far: 0.63909399994494; k: 2.0
Generation: 159; 0.63909399994494; k: 2.0; 21,195,72,95,199,100,33,89,99,60,167,86,91,238,22,215,105,209,148,187,207,125,135,243,146,33,174,29,205,45,161,161,160,150,96,90,6,104,133,89,157,220,122,183,85,195,105,106,146,33,243,220,54,117,70,31,185,234,157,250,32
Best fitness found so far: 0.63909399994494; k: 2.0
Generation: 160; 0.63909399994494; k: 2.0; 21,195,72,95,45,100,33,89,75,60,167,86,177,238,22,215,220,225,89,201,201,229,164,104,209,148,131,207,125,52,215,146,41,238,22,157,39,46,7,103,11,64,149,104,173
Best fitness found so far: 0.63909399994494; k: 2.0
Generation: 161; 0.63909399994494; k: 2.0; 21,195,72,95,199,100,183,89,75,60,167,86,81,238,22,215,220,28,89,72,201,140,164,104,182,151,101,52,125,52,215,152,41,14,22,241,39,129,7,201,28,136,164,105,209,207,139,94,125,139,215,146,192,174,29,112,107,161,76,160,185,11,90,149,211,165,107,157,220,89,62,161,170,86,183,238,77,250,133,146,33,162,157,220,159,97,180,25,60,217,157,51,86,33,89,157,126,229,139,122,125,143,150,7,140,157,126,229,248,25,159,250,128,146,33,239,157,220,167,61,41,39,46,89,201,244,229,164,32,209,148,139,207,125,22,215,146,33,105,25,195,86,117,50,147,49,157,126,229,228,35,220,43,126,41,87,105
Best fitness found so far: 0.63909399994494; k: 2.0
Generation: 162; 0.63909399994494; k: 2.0; 121,195,72,95,199,100,33,89,79,60,167,86,41,238,22,215,220,207,21,201,67,229,164,104,106,148,139,207,5,26,144,146,41,65,22,215,39,46,7,232,126,194,164,105,119,148,187,207,125,135,243,45,33,174,29,205,45,208,161,160,177,249,222,161,181,125,3,176,46,81,133,212,188,10,185,218,52,62,162,217,207,158,235,184,2,218,205,222,161,160,150,84,132,149,202,133,212,47,168,229,248,25,195,96,165,146,202,148,139,207,125,22,215,146,33,229,248,25,204,96,199,170,33,183,157,12,106,3,49,198,159,198,146,89,157,126,229,228,143,237,111,157,102
Best fitness found so far: 0.63909399994494; k: 2.0
Generation: 163; 0.63909399994494; k: 2.0; 21,195,72,95,199,100,33,89,157,60,167,86,91,238,22,215,39,46,89,201,201,229,164,205,209,148,146,207,125,200,157,160,130,157,126,229,139,157,130,86,95,50,111,49,198,76,47,136,126,229,131,33,190,241,248,25,195,250,7,146,112,212,47,16,36,62,21,125,92,212,31,4,2
Best fitness found so far: 0.63909399994494; k: 2.0
Generation: 164; 0.63909399994494; k: 2.0; 21,195,72,95,199,100,33,89,157,60,167,86,41,238,22,215,39,46,89,201,201,229,164,105,209,148,160
Best fitness found so far: 0.63909399994494; k: 2.0
Generation: 165; 0.63909399994494; k: 2.0; 21,195,72,95,199,100,33,89,75,60,167,86,41,238,22,215,220,156,89,201,201,229,164,104,209,148,139,207,125,52,215,146,146,238,22,215,39,34,102,215,195,46,89,201,201,229,164,105,209,148,139,207,115,22,222,146,163,105,29,205,249,161,161,160,30,76,64,219,142,167,86,123,238,22,108,232,146,176,162,89,23,205,249,222,104,160,150,8,70,46,81,132,212,246,10,185,139,155,62,162,217,129,228,235,10,2,218,205,226,102,8,229,139,51,195,237,95,222,232,195,84,157,204,136,86,41,238,22,48,110,228,143,195,7,198,111,126,73,135,50,123,9,31,200,244,105,78,145,3,63,149,105,120,212,235,10,92,90,52,31,227,41,140,212,248,10,72
Best fitness found so far: 0.63909399994494; k: 2.0
Generation: 166; 0.63909399994494; k: 2.0; 21,195,72,95,199,100,33,89,157,60,167,86,41,238,22,250,23,126,116,37,169,217,136,41,149,202,133,212,47,92,36,62,227,217,92,212,43,10,2
Best fitness found so far: 0.63909399994494; k: 2.0
Generation: 167; 0.63909399994494; k: 2.0; 21,195,72,170,199,100,33,89,157,240,167,86,41,238,22,215,39,116,192,121,201,229,218,87,122,148,139,207,125,22,215,177,163,94,29,157,126,186,139,25,125,143,150,7,129,7,146,93,212,47,16,36,62,180,217,92,212,31,231,161,163,89,157,158,167,183,41,195,105,209,148,12,207,232,37,40,140,50,111,49,198,1,17
Best fitness found so far: 0.63909399994494; k: 2.0
Generation: 168; 0.63909399994494; k: 2.0; 21,195,72,95,199,100,33,89,157,60,193,86,41,238,10,215,14,46,7,201,126,229,164,105,209,148,139,245,125,22,215,146,33,229,248,56,204,96,128,170,33,183,157,155,50,100,49,198,159,68,146,16,157,126,229,228,143,237,111,157,195,84,157,183,136,86,82,19,22,57,110,228,143,170,7,170,111,132,73,135,85,123,9,137,200,244,86,78,145,3,70,149,105,120,212,235,10,92,90,52,31,135,60,167,86,41,238,22,215,39,83,217,201,126,65,164,67,209,148,139,207,125,22,34,50,138,111,89,229,139,169,205,89,157,126,200,157,160,89,212,126,229,250,157,130,86,95,50,111,49,198,76,47,136,126,229,131,33,223,101,248,25,183,250,7,146,112,212,47,16,36,62,227,125,92,212,31,4,110,33,89,157,60,193,86,41,238,10,215,14,46,7,201,126,229,164,105,209,148,139,245,125,22,215,146,33,229,248,56,204,96,128,170,33,183,157,155,50,100,49,198,159,68,146,16,157,126,229,228,143,237,111,157,195,84,157,183,136,86,82,19,22,57,110,228,143,170,7,170,111,132,73,135,85,123,9,137,200,244,86,78,145,3
Best fitness found so far: 0.63909399994494; k: 2.0
Generation: 169; 0.63909399994494; k: 2.0; 21,195,72,95,79,100,33,59,157,60,167,86,91,238,22,215,39,157,79,167,175,62,100,33,89,157,60,167,86,41,238,243,250,232,126,229,112,169,135,136,41,138,151
Best fitness found so far: 0.63909399994494; k: 2.0
Generation: 170; 0.63909399994494; k: 2.0; 166,195,72,95,199,100,33,89,157,60,167,86,23,238,22,250,232,146,33,17,89,29,150,96,245,6,104,133,89,157,220,122,183,85,2,105,22,64,33,243,220,54,117,70,242,185,234,157,250,32
Best fitness found so far: 0.63909399994494; k: 2.0
Generation: 171; 0.63909399994494; k: 2.0; 21,195,72,95,199,100,33,89,157,60,167,86,91,238,22,215,39,64,14,104,192,89,157,220,214,183,41,195,105,215,146,33,105,29,205,249,161,161,160
Best fitness found so far: 0.63909399994494; k: 2.0
Generation: 172; 0.63909399994494; k: 2.0; 21,99,72,95,199,100,33,89,157,60,49,86,91,238,22,215,39,118,89,235,10,92,90,52,106,227,41,140,212,248,10,91,95,199,100,33,89,157,60,49,86,91
Best fitness found so far: 0.63909399994494; k: 2.0
Generation: 173; 0.63909399994494; k: 2.0; 21,17,72,95,27,100,33,89,157,200,167,86,41,238,22,250,23,70,229,112,19,217,136,41,96,18,100,33,89,157,60,212,109,10,185,139,173,62,162,217,129,228,235,10,2,218,205,226,102,126,155,139,51,195,237,46,118,232,26,84,157,204,136,86,41,238,22,48,110,228,143,195,7,170,111,126,73,135,207,248,9,179,200,244,105,78,145,3,52,149,105,120,212,235,10,92,90,52,31,227,41,140,212,248,10,72
Best fitness found so far: 0.63909399994494; k: 2.0
Generation: 174; 0.63909399994494; k: 2.0; 21,195,72,95,199,100,33,89,157,60,167,86,41,238,22,215,164,39,209,148,25,95,89,100,33,131,157,249,167,86,126,11,109,215,5,46,89,201,201,229,164,105,209,148,146,207,154,22,215,1,212,105,29,205,234,209,200,89,198
Best fitness found so far: 0.63909399994494; k: 2.0
Generation: 175; 0.63909399994494; k: 2.0; 192,195,72,95,199,100,33,89,157,60,167,86,91,238,22,215,56,46,89,201,201,229,164,8,142,148,146,204,125,22,215,133,212,105,29,205,240,60,167,86,41,238,22,131,220,67,195,245,201,60,189,230,209,148,139,114,125,52,35,201,41,65,22,74,39,46,229,232,199,195,86,183,50,100,33,89,157,224,2,101,129,141,238,217,183,212,235,119,208,229,164,105,209,148,146,207,220,137,50,146,33,89,165,158
Best fitness found so far: 0.63909399994494; k: 2.0
Generation: 176; 0.63909399994494; k: 2.0; 21,99,72,95,191,100,33,89,157,60,167,86,91,238,22,215,40,140,209,111,49,198,12,47
Best fitness found so far: 0.63909399994494; k: 2.0
Generation: 177; 0.63909399994494; k: 2.0; 21,195,72,95,199,100,33,89,157,60,167,86,41,238,22,215,39,46,89,201,201,104,164,105,209,148,139,207,125,22,92,146,131,105,29,205,249,161,161,160,237,11,64,46,142,167,86,123,238,22,108,232,146,176,81,89,23,205,249,222,104,160,150,48,70,46,151,132,182,246,106,185,139,42,62,162,217,129,45,235,10,2,218,205,226,102,126,229,139,51,195,237,95,118,232,186,84,157,204,189,86,41,8,22,48,110,228,143,195,7,170,134,112,239,135,207,132,76,137,200,244,105,78,145,3,70,36,249,195,215,39,46,89,201,201,229,164,105,209,148,139,240,125,22,215,146,163,75,193,56,249,161,161,214,150,11,64,149,104,173
Best fitness found so far: 0.63909399994494; k: 2.0
Generation: 178; 0.63909399994494; k: 2.0; 41,195,72,95,199,100,33,44,203,60,167,86,41,238,10,215,39,124,7,38,126,208,164,105,209,148,139,118,125,22,215,24,33,198,237,228,90,96,128,170,33,72,112,169,217,136,41,96,199,100,33,89,157,60,153,86,41,20,22,162,39,74,150,227,217,191,212,43,10,216
Best fitness found so far: 0.63909399994494; k: 2.0
Generation: 179; 0.63909399994494; k: 2.0; 21,195,72,95,199,100,33,89,157,60,167,86,41,238,22,250,232,225,22,215,39,83,217,201,126,229,164,62,209,148,139,207,125,231,247,92,138,111,89,151,139,191,205,89,166,122,45,139,25,195,223,123,50,241,46,198,185,89,157,224,215,56,8,86
Best fitness found so far: 0.63909399994494; k: 2.0
Generation: 180; 0.63909399994494; k: 2.0; 21,195,72,95,199,100,33,29,157,60,167,86,41,238,22,215,39,46,215,39,118,89,14,248,229,38,105,209,7,146,207,64,215,150,146,220,105,29,205,160,150,160,64,163,104,133,212,235,10,2,56,52,88,214,217,191,212,43,10,168,100,33,29,157,60
Best fitness found so far: 0.63909399994494; k: 2.0
Generation: 181; 0.63909399994494; k: 2.0; 187,195,72,95,199,100,55,89,75,60,167,86,41,238,22,215,220,179,89,201,201,140,164,104,209,148,139,203,191,52,82,152,41,14,157,229,46,129,7,190,126,189,164,105,148,205,94,207,205,139,215,146,33,174,29,205,107,6,76,162,22,111,146,33,89,107
Best fitness found so far: 0.63909399994494; k: 2.0
Generation: 182; 0.63909399994494; k: 2.0; 21,195,72,95,79,100,33,59,157,60,167,86,91,238,22,215,39,247,79,167,175,223,151,75,215,138,46,89,201,228,247,164,87,192,229,139,205,125,147,215,146,230,245,174,205,175,222,161,160,150,63,64,15,247,133,218,235,10,66,56,52,88,227,176,191,212,3,139,207,125,52,215,201,41,220,142,74,39,46,70,87,250,58,164,46,205,56,161,161,160
Best fitness found so far: 0.63909399994494; k: 2.0
Generation: 183; 0.63909399994494; k: 2.0; 21,115,72,95,199,100,33,89,157,60,167,86,41,238,22,215,39,46,89,8,126,229,70,46,81,133,212,246,10,185,218,52,59,162,212,129,193,235,43,2,218,205,222,161,160,190,84,132,149,71,133,212,47,92,36,62,227,217,92,212,43,52,2
Best fitness found so far: 0.63909399994494; k: 2.0
Generation: 184; 0.63909399994494; k: 2.0; 21,195,72,95,199,100,33,59,157,60,167,86,91,238,22,215,39,46,89,121,201,229,250,105,209,148,136,204,125,22,215,146,142,105,29,215,98,47,172,139,207,125,22,215,146,33,93,29,205,249,161,161,25,150,11,27,14,104,192,89,157,220,68,225,53,196,157,90,149,211,165,164,105,209,148,139,207,226,135,144,174,33,174,122,205,249,161,154,56,178,11,223,149,104,133,89,216,80,122,183,41,227,247,226,208,33,185,46,205,56,161,161,160
Best fitness found so far: 0.63909399994494; k: 2.0
Generation: 185; 0.63909399994494; k: 2.0; 21,195,72,95,199,100,33,89,157,60,167,86,91,238,22,215,39,46,89,201,166,4,164,105,209,148,146,207,195,9,201,146,33,89,174,158,89,215,209,229,232,29,195,86,95,50,100,33,89,171,10,2,101,52,208,238,162,14,29,15,121,222,180,160,150,168,70,46,132,133,212,246,10,185,139,52,62,162,217,56,193,235,10,2,218,187,127,118,189,145,48,98,89,49,198,185,202,157,224,237,56,167,86
Best fitness found so far: 0.63909399994494; k: 2.0
Generation: 186; 0.63909399994494; k: 2.0; 21,195,72,95,199,100,49,89,75,60,167,86,31,238,22,215,220,179,89,201,201,229,121,120,206,71,139,207,125,47,215,146,41,238,22,46,15,149,87,58,164,105,209,148,139,172,150,176,70,66,16,4,212,37,10,2,133,223,232,115,142,33,228,215,139,31,212,157,86,123,238,22,250,163,215,39,83,189,201,5,164,182,86,95,50,100,105,79,157,60,229,161,226,211,138,65,93,227,208,103,174,84,18,184,39,167,86,109,195,105
Best fitness found so far: 0.63909399994494; k: 2.0
Generation: 187; 0.63909399994494; k: 2.0; 206,239,72,185,199,100,33,89,157,60,167,86,41,238,22,215,39,46,89,201,70,229,164,25,195,86,95,238,173,33,89,73,100,33,89,157,60,167,86,41,238,22,250,23,126,37,41,138,151
Best fitness found so far: 0.63909399994494; k: 2.0
Generation: 188; 0.63909399994494; k: 2.0; 21,17,72,95,199,100,131,89,157,200,167,86,41,83,22,250,23,84,229,112,67,217,136,41,96,199,100,33,89,157,60,167,86,41,20,124,6,123,99,86,41,83,22,250,23,84,229,112,67,217,136,41
Best fitness found so far: 0.63909399994494; k: 2.0
Generation: 189; 0.63909399994494; k: 2.0; 138,101,72,95,199,100,33,89,157,240,167,86,41,238,22,215,39,29,1,201,201,229,164,105,122,148,139,207,125,41,238,22,250,229,64,25,215,146,33,12,29,205,249,161,202,160,6,11,64,149,104,133,89,157,220,122,126,41,195,105,215,146,33,105,46,205,56,161,161,160
Best fitness found so far: 0.63909399994494; k: 2.0
Generation: 190; 0.63909399994494; k: 2.0; 21,195,72,95,199,100,33,89,157,60,167,101,211,238,22,215,39,46,89,201,126,229,164,105,209,148,139,207,125,22,215,60,33,105,29,205,128,161,161,160,150,11,64,149,104,133,89,157,220,122,183,41,195,215,1,212,105,108,205,234,209,200,29,198
Best fitness found so far: 0.63909399994494; k: 2.0
Generation: 191; 0.63909399994494; k: 2.0; 21,195,72,95,199,100,33,89,157,60,167,86,41,178,22,215,39,83,217,201,5,164,139,86,95,50,100,105,7,157,60,229,161,41,125,138,16,93,227,217,103,211,84,18,184,60,167,139,207,125,22,215,207,33,229,248,135,195,27,128,146,33,183,157,220,167,61,6,195,105
Best fitness found so far: 0.63909399994494; k: 2.0
Generation: 192; 0.63909399994494; k: 2.0; 206,239,72,185,223,100,33,89,157,60,167,86,41,238,22,215,39,46,89,141,202,229,164,25,195,86,95,201,100,33,89,157,60,167,86,41,238,138,215,93,46,89,157,126,229,139,25,125,132,150,7,140,157,161,161,160
Best fitness found so far: 0.63909399994494; k: 2.0
Generation: 193; 0.63909399994494; k: 2.0; 21,195,72,95,199,100,33,89,157,60,167,86,41,238,10,215,39,77,7,91,126,249,161,161,160,132,139,207,125,158,215,146,33,229,248,25,195,27,128,146,33,183,157,220,167,61,6,195,105
Best fitness found so far: 0.63909399994494; k: 2.0
Generation: 194; 0.63909399994494; k: 2.0; 21,195,72,248,199,100,33,89,157,240,167,86,41,238,22,215,39,116,192,201,201,229,218,87,122,148,139,207,125,22,215,94,163,94,29,157,126,186,139,25,125,143,150,7,232,7,218,112,212,47,16,36,62,180,239,92,212,31,231,161,163,89,157,158,167,183,174,195,105,209,78,12,207,232,195,40,174,50,209,148,146,207,195,9,50,146,33,138,165,158
Best fitness found so far: 0.63909399994494; k: 2.0
Generation: 195; 0.63909399994494; k: 2.0; 21,195,72,95,199,100,33,89,157,60,167,86,41,178,22,215,39,83,217,201,5,164,139,86,95,50,100,105,7,157,203,229,161,4,226,22,247,50,138,182,89,229,139,162,205,89,157,126,45,143,53,8,30,235,209,93,48,7,58,155,229,169,156,182,178,34,89,106,123,243,208,157,126,45,127,29,195,86,72,185,196,49,31,185,89,157,224,215,89,173,126,229,139,159,18,110,215,146,241,89,29,76,249,130,228,160,105,3,64,204,105,133,212,235,10,2,33,89,157,247,229,131,33,190,81
Best fitness found so far: 0.63909399994494; k: 2.0
Generation: 196; 0.63909399994494; k: 2.0; 21,195,72,95,199,100,33,89,157,60,167,86,41,238,22,215,39,46,7,201,245,17,198,102,21,145,187,25,195,174,95,214,100,202,89,157,60,160,86,220,238,138,145,93,167,226,91,238,22,215,113,46,89,201,67,229,164,105,205,249,161,161,160,150,117,132,235,154,108,93,157,220,222,183,41,24,35,104,20,33,243,245,205,65,161,161,160
Best fitness found so far: 0.63909399994494; k: 2.0
Generation: 197; 0.63909399994494; k: 2.0; 21,195,72,95,199,100,33,89,157,60,167,86,41,238,22,215,39,46,7,201,126,229,164,105,209,58,139,89,125,22,163,146,168,229,248,25,195,96,229,146,202,148,15,207,125,22,215,146,33,229,248,25,204,96,128,10,10,6,157,86,50,3,39,83,217,201,126,229,164,105,209,148,139,207,125,231,247,50,156,111,89,151,139,169,205,89,166,122,45,139,25,195,223,123,50,241,115,198,185,89,157,224,215,56,8,86
Best fitness found so far: 0.63909399994494; k: 2.0
Generation: 198; 0.63909399994494; k: 2.0; 21,195,72,95,199,100,33,89,157,60,167,86,41,238,22,215,39,46,89,201,201,229,164,105,209,148,139,207,125,22,215,146,163,18,29,205,249,161,161,137,150,11,64,149,145,187,25,195,174,108,201,126,50,164,105,192,229,66,25,161,22,215,146,194,123,29,205,249,222,161,5,211,11,64,80,104,133,212,235,10,2,139,52,30,19,217,191,24,5,199,126,79,139,169,168,37,20,138,151
Best fitness found so far: 0.63909399994494; k: 2.0
Generation: 199; 0.63909399994494; k: 2.0; 206,239,72,185,199,100,33,89,157,60,167,86,41,238,22,215,39,46,89,201,202,229,164,25,71,86,95,238,100,196,89,157,60,167,86,22,238,156,215,93,46,89,157,126,229,98,25,125,132,150,7,140,7,157,5,229,72,41,125,138,65,225,227,217,103,145,84,18,184,231,167,86,109,51,105
Best fitness found so far: 0.63909399994494; k: 2.0
Total time of execution of seed 3 : 24837145
Solution Fitness: -0.63909399994494
Variables: uniform 8 chebyshev join moveNear join split moveBetween join
