Generation: 0; -1.0; k: 0.0; 93,225,175,7,106,105,192,223
Best fitness found so far: -1.0; k: 0.0
Generation: 1; 0.4342892762355041; k: 2.9; 123,175,134,91,165,189,121,41,133,94,139,240,141
Best fitness found so far: 0.4342892762355041; k: 2.9
Generation: 2; 0.47127095192355783; k: 2.0; 94,29,36,167,25,146,123,182,136,230,65,9,3,138,155
Best fitness found so far: 0.47127095192355783; k: 2.0
Generation: 3; 0.6341792995590874; k: 2.0; 73,96,79,167,133,233,25,146,123,182,64,230,65,85,3,138,52
Best fitness found so far: 0.6341792995590874; k: 2.0
Generation: 4; 0.6341792995590874; k: 2.0; 73,96,79,167,133,233,25,146,123,182,64,230,65,85,3,138,203,99,67,193,37,101,164,108,121
Best fitness found so far: 0.6341792995590874; k: 2.0
Generation: 5; 0.6482052400287864; k: 2.0; 46,105,147,87,57,7,233
Best fitness found so far: 0.6482052400287864; k: 2.0
Generation: 6; 0.6341792995590874; k: 2.0; 73,96,79,167,133,233,25,146,123,182,64,230,65,85,3,31,88,180,17,56,64,203,99,105
Best fitness found so far: 0.6482052400287864; k: 2.0
Generation: 7; 0.6341792995590874; k: 2.0; 73,96,79,167,133,13,25,146,123,182,64,230,119,182,87,230,7,233
Best fitness found so far: 0.6482052400287864; k: 2.0
Generation: 8; 0.6341792995590874; k: 2.0; 73,32,79,167,133,13,25,146,123,152,22,130,110
Best fitness found so far: 0.6482052400287864; k: 2.0
Generation: 9; 0.6973820633565163; k: 2.0; 132,123,102,63,31,15,155,227,105
Best fitness found so far: 0.6973820633565163; k: 2.0
Generation: 10; 0.6341792995590874; k: 2.0; 73,96,99,167,133,233,25,146,123,182,36,230,65,85,155,138,203,196,67,193,37,108,77,123,152,22,130,110
Best fitness found so far: 0.6973820633565163; k: 2.0
Generation: 11; 0.6887552928262275; k: 2.0; 73,217,99,167,133,233,25,146,123,182,36,230,65,85,81,7,195
Best fitness found so far: 0.6973820633565163; k: 2.0
Generation: 12; 0.6887552928262275; k: 2.0; 73,31,99,59,133,233,25,146,123,182,36,230,65,85,247,138,53,99,67,193,37,108,77,101,199,246,126,203,99,194,137,69,59,51,167,6,199,197,65,60,241,58,152,22,170,47
Best fitness found so far: 0.6973820633565163; k: 2.0
Generation: 13; 0.6973820633565163; k: 2.0; 132,123,102,63,31,15,155,227,105
Best fitness found so far: 0.6973820633565163; k: 2.0
Generation: 14; 0.694650973910125; k: 2.0; 94,96,79,193,133,59,25,146,123,182,64,230,6,199,197,47,85,3,138,210,99,161,193,37,101,199,246,126,203,99,193,137,176,142,7,233
Best fitness found so far: 0.6973820633565163; k: 2.0
Generation: 15; 0.6973820633565163; k: 2.0; 132,123,102,63,31,15,155,227,105
Best fitness found so far: 0.6973820633565163; k: 2.0
Generation: 16; 0.694650973910125; k: 2.0; 94,96,79,193,133,59,25,146,123,182,66,230,6,199,197,174,85,3,138,210,204,94,193,37,101,199,246,126,203,99,193,198,176,203,99,3,193,13,39,55,231,99,67,162,53,31,15,174,55,56,129,29,95,33
Best fitness found so far: 0.6973820633565163; k: 2.0
Generation: 17; 0.694650973910125; k: 2.0; 73,96,79,193,133,59,25,146,123,182,64,230,6,199,197,47,85,3,138,203,110,96,101,167,133,233,137,146,123,182,36,230,100,85,173,118,203,105,197,173,162,34,58,114,143,80,146,63,31,2,230,65,85,210,138,65,25,79,95,25,146,123,176,70,154,87,57,7,233
Best fitness found so far: 0.6973820633565163; k: 2.0
Generation: 18; 0.6973820633565163; k: 2.0; 132,123,102,63,31,15,155,227,105
Best fitness found so far: 0.6973820633565163; k: 2.0
Generation: 19; 0.6973820633565163; k: 2.0; 132,123,102,63,31,15,155,227,105
Best fitness found so far: 0.6973820633565163; k: 2.0
Generation: 20; 0.694650973910125; k: 2.0; 94,96,79,193,133,59,25,146,123,182,64,30,6,63,197,16,85,3,138,207,99,161,193,37,249,89,85,3,138,203,99,79,148,37,101,199,224,107,36,230,65,85,3,229,100,166,6,203,222,100,28,5,7,233
Best fitness found so far: 0.6973820633565163; k: 2.0
Generation: 21; 0.6973820633565163; k: 2.0; 132,123,102,63,31,15,155,227,105
Best fitness found so far: 0.6973820633565163; k: 2.0
Generation: 22; 0.694650973910125; k: 2.0; 73,96,79,193,133,59,25,146,123,182,64,230,78,199,193,47,85,76,138,203,99,169,17,37,3,130,7,114,136,59,25,146,123,182,3,138,207,99,161,193,37,249,89,85,3,138,203,99,79,148,37,162,199,224,107,36,244,65,85,3,229,100,166,6,203,222,100,28,5,7,145
Best fitness found so far: 0.6973820633565163; k: 2.0
Generation: 23; 0.694650973910125; k: 2.0; 73,96,79,193,133,134,25,146,123,182,64,230,92,74,186,204,85,225,230,6,199,197,47,85,3,138,226,160,161,58,18,101,1,224,126,203,99,193,137,228,85,59,96,80,51,133,59,69,86,123,182,64,230,6,48,11,199,166,3,109,203,99,79,31,37,101,199
Best fitness found so far: 0.6973820633565163; k: 2.0
Generation: 24; 0.6973820633565163; k: 2.0; 132,123,102,63,31,15,155,227,105
Best fitness found so far: 0.6973820633565163; k: 2.0
Generation: 25; 0.694650973910125; k: 2.0; 94,96,79,193,111,59,25,146,123,182,66,230,6,163,197,215,85,3,138,210,104,94,183,37,101,189,246,126,28,99,193,198,176,203,99,3,94,96,79,193,133,59,52,146,123,182,66,230,6,199,197,102,85,3,138,210,204,94,168,37,101,199,246,126,28,99,193,38,176,203,99,3,86,13,39,7,231,99,67,162,53,31,15,174,55,56,129,29,95,36
Best fitness found so far: 0.6973820633565163; k: 2.0
Generation: 26; 0.694650973910125; k: 2.0; 94,96,79,193,133,59,25,146,123,182,66,90,199,197,47,85,3,172,6,199,197,79,85,3,89,226,160,161,74,18,69,1,246,126,203,99
Best fitness found so far: 0.6973820633565163; k: 2.0
Generation: 27; 0.6973820633565163; k: 2.0; 132,123,102,63,31,15,215,227,105
Best fitness found so far: 0.6973820633565163; k: 2.0
Generation: 28; 0.8478356275515104; k: 2.0; 132,123,102,63,31,15,155,227,105,102,63,31,15
Best fitness found so far: 0.8478356275515104; k: 2.0
Generation: 29; 0.6973820633565163; k: 2.0; 132,123,102,63,31,15,155,227,105
Best fitness found so far: 0.8478356275515104; k: 2.0
Generation: 30; 0.694650973910125; k: 2.0; 94,96,79,28,133,59,25,146,123,182,66,230,6,219,197,174,53,6,199,240,174,85,3,138,210,191,94,193,37,101,199,168,126,203,99,127,198,176,203,146,184,193,37,152,215,211,215
Best fitness found so far: 0.8478356275515104; k: 2.0
Generation: 31; 0.694650973910125; k: 2.0; 175,116,79,193,133,59,25,146,123,182,64,230,6,48,197,150,146,74,52,64,230,6,139,197,47,172,3,138,203,184,126,35,11,228,11,153,67,193,37,95,22,176,129,175,116,79,193,133,59,25,146
Best fitness found so far: 0.8478356275515104; k: 2.0
Generation: 32; 0.6973820633565163; k: 2.0; 132,123,102,63,31,15,155,227,105
Best fitness found so far: 0.8478356275515104; k: 2.0
Generation: 33; 0.7335357251778212; k: 2.0; 104,123,102,63,31,15,155,227,105
Best fitness found so far: 0.8478356275515104; k: 2.0
Generation: 34; 0.8478356275515104; k: 2.0; 132,123,102,63,31,15,155,227,105,102,63,31,15
Best fitness found so far: 0.8478356275515104; k: 2.0
Generation: 35; 0.8263546888620696; k: 2.0; 132,123,74,63,31,15,155,227,105,74,63,31,15
Best fitness found so far: 0.8478356275515104; k: 2.0
Generation: 36; 0.6973820633565163; k: 2.0; 132,123,102,63,31,15,155,227,105
Best fitness found so far: 0.8478356275515104; k: 2.0
Generation: 37; 0.694650973910125; k: 2.0; 94,96,79,193,133,59,223,146,123,182,66,245,6,219,197,174,85,3,211,210,204,191,163,37,101,199,78,126,203,94,72,79,193,51,59,25,59,123,62,64,230,6,122,197,47,133,32,25,146,123,182,64,233,6,63,9,15,155,227,105,79,193,133,59,223,146,123,182
Best fitness found so far: 0.8478356275515104; k: 2.0
Generation: 38; 0.694650973910125; k: 2.0; 73,96,79,193,133,59,25,146,123,182,64,230,6,199,197,47,85,3,138,168,110,96,101,167,133,233,137,146,123,182,36,230,100,137,173,35,203,193,197,173,3,2,226,59,161,193,18,101,1,246,126,203,75
Best fitness found so far: 0.8478356275515104; k: 2.0
Generation: 39; 0.694650973910125; k: 2.0; 73,96,79,193,133,59,25,146,123,182,164,230,6,199,197,47,85,3,138,168,110,96,101,167,246,233,137,146,123,182,36,230,100,137,173,35,203,105,197,173,108,34,58,114,143,80,114,173,69,2,230,59,25,146,123,182,66,230,6,60,197,174,131,3,14,210,99,94,203,187,211,47,60
Best fitness found so far: 0.8478356275515104; k: 2.0
Generation: 40; 0.694650973910125; k: 2.0; 32,96,79,193,133,59,25,146,123,182,64,230,6,155,197,199,189,3,138,156,99,178,149,31,101,199,246,126,203,99,193,146,123,154,36,230,236,91,36,230,65,85,103,61,93,185,21,193,63,48,18,137,152,59,96,79,193,133,59,167,142,233,25,206,123,182,182,230,65,126,3,138,228,233
Best fitness found so far: 0.8478356275515104; k: 2.0
Generation: 41; 0.6973820633565163; k: 2.0; 132,123,102,63,31,15,155,227,105
Best fitness found so far: 0.8478356275515104; k: 2.0
Generation: 42; 0.6973820633565163; k: 2.0; 132,123,102,63,31,15,155,227,105
Best fitness found so far: 0.8478356275515104; k: 2.0
Generation: 43; 0.7233859029169956; k: 2.0; 21,123,212,63,155,29,105
Best fitness found so far: 0.8478356275515104; k: 2.0
Generation: 44; 0.8738090492415; k: 2.0; 132,123,102,63,31,221,155,227,105
Best fitness found so far: 0.8738090492415; k: 2.0
Generation: 45; 0.7335357251778212; k: 2.0; 94,123,102,63,31,15,155,227,105
Best fitness found so far: 0.8738090492415; k: 2.0
Generation: 46; 0.7869863461355905; k: 2.0; 159,123,144,63,31,63,31,15,155,227,105
Best fitness found so far: 0.8738090492415; k: 2.0
Generation: 47; 0.8738090492415; k: 2.0; 132,123,102,63,31,191,155,227,105
Best fitness found so far: 0.8738090492415; k: 2.0
Generation: 48; 0.8738090492415; k: 2.0; 132,123,102,63,31,221,155,227,105
Best fitness found so far: 0.8738090492415; k: 2.0
Generation: 49; 0.7336304359836918; k: 2.0; 132,123,102,63,31,191,101,15,155,227,105
Best fitness found so far: 0.8738090492415; k: 2.0
Generation: 50; 0.8738090492415; k: 2.0; 132,123,102,63,31,221,155,227,105
Best fitness found so far: 0.8738090492415; k: 2.0
Generation: 51; 0.8738090492415; k: 2.0; 132,123,102,63,31,191,155,227,105
Best fitness found so far: 0.8738090492415; k: 2.0
Generation: 52; 0.8738090492415; k: 2.0; 132,123,102,63,31,221,155,227,105
Best fitness found so far: 0.8738090492415; k: 2.0
Generation: 53; 0.8738090492415; k: 2.0; 132,123,102,63,31,221,155,227,105
Best fitness found so far: 0.8738090492415; k: 2.0
Generation: 54; 0.7335357251778212; k: 2.0; 94,123,102,63,31,15,155,227,105
Best fitness found so far: 0.8738090492415; k: 2.0
Generation: 55; 0.8738090492415; k: 2.0; 132,123,102,63,31,221,155,227,105
Best fitness found so far: 0.8738090492415; k: 2.0
Generation: 56; 0.7767092230725658; k: 2.0; 132,123,102,63,31,63,31,79,155,227,105
Best fitness found so far: 0.8738090492415; k: 2.0
Generation: 57; 0.8738090492415; k: 2.0; 132,123,102,63,31,221,155,227,105
Best fitness found so far: 0.8738090492415; k: 2.0
Generation: 58; 0.8738090492415; k: 2.0; 132,123,102,63,31,221,155,227,105
Best fitness found so far: 0.8738090492415; k: 2.0
Generation: 59; 0.8738090492415; k: 2.0; 132,123,102,63,31,221,155,227,105
Best fitness found so far: 0.8738090492415; k: 2.0
Generation: 60; 0.8738090492415; k: 2.0; 132,123,102,63,31,191,155,227,105
Best fitness found so far: 0.8738090492415; k: 2.0
Generation: 61; 0.8738090492415; k: 2.0; 132,123,102,63,31,157,155,63,31,221,155,227,105
Best fitness found so far: 0.8738090492415; k: 2.0
Generation: 62; 0.8384191099895745; k: 2.0; 132,123,102,63,31,15,155,15,155,227,105,74,63,31,15
Best fitness found so far: 0.8738090492415; k: 2.0
Generation: 63; 0.8738090492415; k: 2.0; 132,123,102,63,31,191,155,227,105
Best fitness found so far: 0.8738090492415; k: 2.0
Generation: 64; 0.8738090492415; k: 2.0; 132,123,102,63,31,139,155,227,105,102,125,132,123,102,63,31,155,155,227,105,63,31,155,155
Best fitness found so far: 0.8738090492415; k: 2.0
Generation: 65; 0.8738090492415; k: 2.0; 132,123,102,63,31,139,155,103,105,102,125,132,123,102,63,31,155,155,227,221,155,227,105
Best fitness found so far: 0.8738090492415; k: 2.0
Generation: 66; 0.8285679785533804; k: 2.0; 152,123,102,63,31,139,155,227,105,102,63,132,123,40,63,31,155,155,227,105,63,31,81,155,92,105
Best fitness found so far: 0.8738090492415; k: 2.0
Generation: 67; 0.8622860323569673; k: 2.0; 132,123,102,63,31,221,155,50,155,147,105,203,31,81,155,92,105
Best fitness found so far: 0.8738090492415; k: 2.0
Generation: 68; 0.8738090492415; k: 2.0; 132,123,102,63,31,191,155,227,245
Best fitness found so far: 0.8738090492415; k: 2.0
Generation: 69; 0.860161579871202; k: 2.0; 132,123,102,63,31,221,155,227,105,63,31,155,155
Best fitness found so far: 0.8738090492415; k: 2.0
Generation: 70; 0.8738090492415; k: 2.0; 132,123,102,63,31,211,155,227,105
Best fitness found so far: 0.8738090492415; k: 2.0
Generation: 71; 0.8738090492415; k: 2.0; 132,120,102,63,31,221,31,139,155,228,105,102,63,82,55,102,63,159,123,144,63,17,63,31,15,155,92,105
Best fitness found so far: 0.8738090492415; k: 2.0
Generation: 72; 0.8738090492414999; k: 2.0; 132,123,102,63,31,221,155,217,155,155,31,219,155,227,105
Best fitness found so far: 0.8738090492415; k: 2.0
Generation: 73; 0.8738090492414999; k: 2.0; 132,123,102,63,31,191,155,227,31,63,31,15,155,92,105
Best fitness found so far: 0.8738090492415; k: 2.0
Generation: 74; 0.8738090492415; k: 2.0; 132,123,102,63,31,221,155,227,105
Best fitness found so far: 0.8738090492415; k: 2.0
Generation: 75; 0.8738090492415; k: 2.0; 132,123,102,63,31,221,155,227,105
Best fitness found so far: 0.8738090492415; k: 2.0
Generation: 76; 0.8738090492415; k: 2.0; 132,123,102,63,31,221,155,37,105
Best fitness found so far: 0.8738090492415; k: 2.0
Generation: 77; 0.8738090492415; k: 2.0; 132,123,102,63,31,191,155,227,105
Best fitness found so far: 0.8738090492415; k: 2.0
Generation: 78; 0.8738090492415; k: 2.0; 132,123,102,63,31,221,155,227,105
Best fitness found so far: 0.8738090492415; k: 2.0
Generation: 79; 0.8738090492415; k: 2.0; 132,123,102,63,31,221,155,227,105
Best fitness found so far: 0.8738090492415; k: 2.0
Generation: 80; 0.8738090492415; k: 2.0; 132,123,102,63,31,221,155,227,105
Best fitness found so far: 0.8738090492415; k: 2.0
Generation: 81; 0.8738090492415; k: 2.0; 132,123,102,63,31,221,155,227,105
Best fitness found so far: 0.8738090492415; k: 2.0
Generation: 82; 0.8738090492415; k: 2.0; 132,123,102,63,31,221,155,227,105,192,123,102,63,31,221,155,227,105
Best fitness found so far: 0.8738090492415; k: 2.0
Generation: 83; 0.8738090492415; k: 2.0; 132,123,102,57,31,139,155,103,183,102,125,132,123,102,63,31,155,240,31,15,155,227,105,47,63,63,121,191,155,227,105
Best fitness found so far: 0.8738090492415; k: 2.0
Generation: 84; 0.8738090492415; k: 2.0; 132,123,102,63,31,221,155,227,105
Best fitness found so far: 0.8738090492415; k: 2.0
Generation: 85; 0.8738090492415; k: 2.0; 132,123,102,63,11,191,155,227,105
Best fitness found so far: 0.8738090492415; k: 2.0
Generation: 86; 0.8738090492415; k: 2.0; 132,123,102,63,31,221,155,227,105
Best fitness found so far: 0.8738090492415; k: 2.0
Generation: 87; 0.8738090492415; k: 2.0; 132,123,102,63,31,221,155,37,105
Best fitness found so far: 0.8738090492415; k: 2.0
Generation: 88; 0.8738090492415; k: 2.0; 132,123,102,63,31,191,155,227,105
Best fitness found so far: 0.8738090492415; k: 2.0
Generation: 89; 0.8738090492415; k: 2.0; 132,123,102,63,11,191,155,227,105
Best fitness found so far: 0.8738090492415; k: 2.0
Generation: 90; 0.8738090492415; k: 2.0; 132,123,102,63,31,221,155,227,105
Best fitness found so far: 0.8738090492415; k: 2.0
Generation: 91; 0.8738090492415; k: 2.0; 132,123,102,63,31,191,155,227,245
Best fitness found so far: 0.8738090492415; k: 2.0
Generation: 92; 0.8738090492415; k: 2.0; 132,123,102,63,31,191,155,227,245
Best fitness found so far: 0.8738090492415; k: 2.0
Generation: 93; 0.8738090492415; k: 2.0; 132,123,102,63,31,221,155,227,105
Best fitness found so far: 0.8738090492415; k: 2.0
Generation: 94; 0.8738090492415; k: 2.0; 132,123,102,63,31,221,155,227,105
Best fitness found so far: 0.8738090492415; k: 2.0
Generation: 95; 0.8738090492415; k: 2.0; 132,123,102,63,31,191,155,227,105
Best fitness found so far: 0.8738090492415; k: 2.0
Generation: 96; 0.8738090492415; k: 2.0; 132,123,102,63,31,221,155,187,105
Best fitness found so far: 0.8738090492415; k: 2.0
Generation: 97; 0.8738090492415; k: 2.0; 132,123,102,63,31,221,155,227,105
Best fitness found so far: 0.8738090492415; k: 2.0
Generation: 98; 0.8738090492415; k: 2.0; 132,123,102,63,31,221,155,51,237,15,155,152,105,102,63,31,15
Best fitness found so far: 0.8738090492415; k: 2.0
Generation: 99; 0.8738090492415; k: 2.0; 132,123,102,57,31,191,155,227,105
Best fitness found so far: 0.8738090492415; k: 2.0
Generation: 100; 0.8738090492415; k: 2.0; 132,123,102,63,31,221,155,227,105
Best fitness found so far: 0.8738090492415; k: 2.0
Generation: 101; 0.8738090492415; k: 2.0; 132,123,102,63,31,221,155,227,105
Best fitness found so far: 0.8738090492415; k: 2.0
Generation: 102; 0.8738090492415; k: 2.0; 132,123,102,63,31,221,155,227,245
Best fitness found so far: 0.8738090492415; k: 2.0
Generation: 103; 0.8738090492415; k: 2.0; 132,123,102,63,31,221,155,227,105
Best fitness found so far: 0.8738090492415; k: 2.0
Generation: 104; 0.8738090492415; k: 2.0; 132,123,102,63,31,221,155,37,105
Best fitness found so far: 0.8738090492415; k: 2.0
Generation: 105; 0.8738090492415; k: 2.0; 132,123,102,63,31,221,155,227,105
Best fitness found so far: 0.8738090492415; k: 2.0
Generation: 106; 0.8738090492415; k: 2.0; 132,123,102,63,31,221,155,227,105
Best fitness found so far: 0.8738090492415; k: 2.0
Generation: 107; 0.8738090492415; k: 2.0; 132,123,102,63,11,191,155,227,105
Best fitness found so far: 0.8738090492415; k: 2.0
Generation: 108; 0.8738090492415; k: 2.0; 132,123,102,63,89,157,155,63,31,221,15,221,155,227,105
Best fitness found so far: 0.8738090492415; k: 2.0
Generation: 109; 0.8738090492415; k: 2.0; 132,123,102,63,31,221,155,227,105
Best fitness found so far: 0.8738090492415; k: 2.0
Generation: 110; 0.8738090492415; k: 2.0; 132,123,102,63,31,221,155,227,105
Best fitness found so far: 0.8738090492415; k: 2.0
Generation: 111; 0.8738090492415; k: 2.0; 132,123,102,63,31,221,155,227,105
Best fitness found so far: 0.8738090492415; k: 2.0
Generation: 112; 0.8738090492415; k: 2.0; 132,123,102,63,31,181,155,227,105
Best fitness found so far: 0.8738090492415; k: 2.0
Generation: 113; 0.8738090492415; k: 2.0; 132,123,102,63,31,191,155,227,105
Best fitness found so far: 0.8738090492415; k: 2.0
Generation: 114; 0.8738090492415; k: 2.0; 132,113,102,63,31,191,155,227,105
Best fitness found so far: 0.8738090492415; k: 2.0
Generation: 115; 0.8738090492415; k: 2.0; 132,123,102,63,31,191,155,227,105
Best fitness found so far: 0.8738090492415; k: 2.0
Generation: 116; 0.8738090492415; k: 2.0; 132,123,102,63,31,221,155,227,245
Best fitness found so far: 0.8738090492415; k: 2.0
Generation: 117; 0.8738090492415; k: 2.0; 132,123,102,63,31,221,155,227,105
Best fitness found so far: 0.8738090492415; k: 2.0
Generation: 118; 0.8738090492415; k: 2.0; 132,123,102,63,31,221,155,227,105
Best fitness found so far: 0.8738090492415; k: 2.0
Generation: 119; 0.8738090492415; k: 2.0; 132,123,102,63,31,221,155,227,105
Best fitness found so far: 0.8738090492415; k: 2.0
Generation: 120; 0.8738090492415; k: 2.0; 132,123,102,183,31,191,155,227,105
Best fitness found so far: 0.8738090492415; k: 2.0
Generation: 121; 0.8738090492415; k: 2.0; 62,123,102,63,31,221,155,227,105
Best fitness found so far: 0.8738090492415; k: 2.0
Generation: 122; 0.8738090492415; k: 2.0; 132,123,102,63,31,191,155,227,105
Best fitness found so far: 0.8738090492415; k: 2.0
Generation: 123; 0.8738090492415; k: 2.0; 132,123,102,63,31,221,155,227,105
Best fitness found so far: 0.8738090492415; k: 2.0
Generation: 124; 0.8738090492415; k: 2.0; 132,123,102,63,31,191,155,227,245
Best fitness found so far: 0.8738090492415; k: 2.0
Generation: 125; 0.8738090492415; k: 2.0; 132,123,182,63,31,221,155,227,105
Best fitness found so far: 0.8738090492415; k: 2.0
Generation: 126; 0.8738090492415; k: 2.0; 132,123,102,63,31,221,155,227,105
Best fitness found so far: 0.8738090492415; k: 2.0
Generation: 127; 0.8738090492415; k: 2.0; 132,123,102,63,31,191,155,227,245
Best fitness found so far: 0.8738090492415; k: 2.0
Generation: 128; 0.8738090492415; k: 2.0; 132,123,102,63,31,221,155,227,105
Best fitness found so far: 0.8738090492415; k: 2.0
Generation: 129; 0.8738090492415; k: 2.0; 132,123,102,63,31,221,155,227,105
Best fitness found so far: 0.8738090492415; k: 2.0
Generation: 130; 0.8738090492415; k: 2.0; 132,123,102,63,31,191,155,227,105
Best fitness found so far: 0.8738090492415; k: 2.0
Generation: 131; 0.8738090492415; k: 2.0; 132,123,102,63,31,221,155,227,105
Best fitness found so far: 0.8738090492415; k: 2.0
Generation: 132; 0.8738090492415; k: 2.0; 132,123,102,63,31,211,155,227,105
Best fitness found so far: 0.8738090492415; k: 2.0
Generation: 133; 0.8738090492415; k: 2.0; 132,123,182,63,31,221,155,227,105
Best fitness found so far: 0.8738090492415; k: 2.0
Generation: 134; 0.8738090492415; k: 2.0; 132,123,102,63,31,221,155,227,105
Best fitness found so far: 0.8738090492415; k: 2.0
Generation: 135; 0.8738090492415; k: 2.0; 132,123,102,105,31,191,155,227,105
Best fitness found so far: 0.8738090492415; k: 2.0
Generation: 136; 0.8738090492415; k: 2.0; 132,123,102,63,31,221,155,227,105
Best fitness found so far: 0.8738090492415; k: 2.0
Generation: 137; 0.8738090492415; k: 2.0; 132,123,102,63,31,221,155,227,105
Best fitness found so far: 0.8738090492415; k: 2.0
Generation: 138; 0.8738090492415; k: 2.0; 132,123,102,63,31,191,155,227,105
Best fitness found so far: 0.8738090492415; k: 2.0
Generation: 139; 0.8738090492415; k: 2.0; 132,123,102,63,31,191,155,227,105
Best fitness found so far: 0.8738090492415; k: 2.0
Generation: 140; 0.8738090492415; k: 2.0; 132,123,102,63,31,221,155,37,105
Best fitness found so far: 0.8738090492415; k: 2.0
Generation: 141; 0.8738090492415; k: 2.0; 132,123,102,63,31,191,155,227,105
Best fitness found so far: 0.8738090492415; k: 2.0
Generation: 142; 0.8738090492415; k: 2.0; 132,123,102,63,31,221,155,227,105
Best fitness found so far: 0.8738090492415; k: 2.0
Generation: 143; 0.8738090492415; k: 2.0; 132,123,37,63,31,221,155,227,105
Best fitness found so far: 0.8738090492415; k: 2.0
Generation: 144; 0.8738090492415; k: 2.0; 132,123,102,63,31,221,155,227,105
Best fitness found so far: 0.8738090492415; k: 2.0
Generation: 145; 0.8738090492415; k: 2.0; 132,123,22,123,31,221,155,227,105
Best fitness found so far: 0.8738090492415; k: 2.0
Generation: 146; 0.8738090492415; k: 2.0; 132,123,102,63,31,221,155,227,105
Best fitness found so far: 0.8738090492415; k: 2.0
Generation: 147; 0.8738090492415; k: 2.0; 132,123,102,63,31,221,155,227,105
Best fitness found so far: 0.8738090492415; k: 2.0
Generation: 148; 0.8738090492415; k: 2.0; 132,123,102,63,31,221,155,227,105
Best fitness found so far: 0.8738090492415; k: 2.0
Generation: 149; 0.8738090492415; k: 2.0; 132,223,102,63,31,191,155,227,105
Best fitness found so far: 0.8738090492415; k: 2.0
Generation: 150; 0.8738090492415; k: 2.0; 132,123,102,63,31,221,155,227,105
Best fitness found so far: 0.8738090492415; k: 2.0
Generation: 151; 0.8738090492415; k: 2.0; 132,123,102,63,31,191,155,227,105
Best fitness found so far: 0.8738090492415; k: 2.0
Generation: 152; 0.8738090492415; k: 2.0; 132,123,102,63,31,191,155,227,105
Best fitness found so far: 0.8738090492415; k: 2.0
Generation: 153; 0.8738090492415; k: 2.0; 132,123,102,63,31,191,155,227,105
Best fitness found so far: 0.8738090492415; k: 2.0
Generation: 154; 0.8738090492415; k: 2.0; 132,123,182,63,31,221,155,227,15
Best fitness found so far: 0.8738090492415; k: 2.0
Generation: 155; 0.8738090492415; k: 2.0; 132,123,102,63,41,221,155,227,105
Best fitness found so far: 0.8738090492415; k: 2.0
Generation: 156; 0.8738090492415; k: 2.0; 132,123,102,63,31,221,155,227,105
Best fitness found so far: 0.8738090492415; k: 2.0
Generation: 157; 0.8738090492415; k: 2.0; 132,123,102,63,31,221,155,227,105
Best fitness found so far: 0.8738090492415; k: 2.0
Generation: 158; 0.8738090492415; k: 2.0; 132,123,102,177,31,191,155,227,105
Best fitness found so far: 0.8738090492415; k: 2.0
Generation: 159; 0.8738090492415; k: 2.0; 132,123,102,63,31,221,155,227,105
Best fitness found so far: 0.8738090492415; k: 2.0
Generation: 160; 0.8738090492415; k: 2.0; 132,123,102,63,31,221,155,37,105
Best fitness found so far: 0.8738090492415; k: 2.0
Generation: 161; 0.8738090492415; k: 2.0; 132,123,102,63,31,221,155,227,105
Best fitness found so far: 0.8738090492415; k: 2.0
Generation: 162; 0.8738090492415; k: 2.0; 22,123,102,63,31,191,155,227,105
Best fitness found so far: 0.8738090492415; k: 2.0
Generation: 163; 0.8738090492415; k: 2.0; 132,123,102,63,31,221,155,227,105
Best fitness found so far: 0.8738090492415; k: 2.0
Generation: 164; 0.8738090492415; k: 2.0; 132,123,102,63,31,221,155,227,245
Best fitness found so far: 0.8738090492415; k: 2.0
Generation: 165; 0.8738090492415; k: 2.0; 132,123,102,63,31,221,155,227,105
Best fitness found so far: 0.8738090492415; k: 2.0
Generation: 166; 0.8738090492415; k: 2.0; 132,123,182,63,31,221,155,227,105
Best fitness found so far: 0.8738090492415; k: 2.0
Generation: 167; 0.8738090492415; k: 2.0; 132,123,102,249,31,221,155,227,105
Best fitness found so far: 0.8738090492415; k: 2.0
Generation: 168; 0.8738090492415; k: 2.0; 132,123,102,63,31,221,155,227,105
Best fitness found so far: 0.8738090492415; k: 2.0
Generation: 169; 0.8738090492415; k: 2.0; 132,123,102,63,31,221,155,227,105
Best fitness found so far: 0.8738090492415; k: 2.0
Generation: 170; 0.6987865597719337; k: 2.0; 132,157,155,63,31,221,15,221,155,49,105
Best fitness found so far: 0.8738090492415; k: 2.0
Generation: 171; 0.8738090492415; k: 2.0; 132,123,102,63,31,221,155,227,105
Best fitness found so far: 0.8738090492415; k: 2.0
Generation: 172; 0.8738090492415; k: 2.0; 132,123,102,63,31,221,155,227,105
Best fitness found so far: 0.8738090492415; k: 2.0
Generation: 173; 0.8738090492415; k: 2.0; 132,123,102,63,11,191,155,227,105
Best fitness found so far: 0.8738090492415; k: 2.0
Generation: 174; 0.8738090492415; k: 2.0; 132,123,102,63,31,211,155,227,105
Best fitness found so far: 0.8738090492415; k: 2.0
Generation: 175; 0.8738090492415; k: 2.0; 132,123,102,63,31,221,155,227,105
Best fitness found so far: 0.8738090492415; k: 2.0
Generation: 176; 0.8738090492415; k: 2.0; 132,123,102,63,31,221,155,227,105
Best fitness found so far: 0.8738090492415; k: 2.0
Generation: 177; 0.8738090492415; k: 2.0; 132,123,102,105,31,191,155,227,105
Best fitness found so far: 0.8738090492415; k: 2.0
Generation: 178; 0.8738090492415; k: 2.0; 132,123,177,63,31,221,155,227,105
Best fitness found so far: 0.8738090492415; k: 2.0
Generation: 179; 0.8738090492415; k: 2.0; 132,123,102,63,31,221,155,227,105
Best fitness found so far: 0.8738090492415; k: 2.0
Generation: 180; 0.8738090492415; k: 2.0; 132,123,102,63,31,191,155,227,105
Best fitness found so far: 0.8738090492415; k: 2.0
Generation: 181; 0.8738090492415; k: 2.0; 132,123,102,63,31,221,155,227,105
Best fitness found so far: 0.8738090492415; k: 2.0
Generation: 182; 0.8738090492415; k: 2.0; 132,123,102,63,11,191,155,227,105
Best fitness found so far: 0.8738090492415; k: 2.0
Generation: 183; 0.8738090492415; k: 2.0; 132,123,102,63,31,221,155,227,105
Best fitness found so far: 0.8738090492415; k: 2.0
Generation: 184; 0.8738090492415; k: 2.0; 132,123,102,63,31,221,155,227,105
Best fitness found so far: 0.8738090492415; k: 2.0
Generation: 185; 0.8738090492415; k: 2.0; 132,123,102,63,31,191,155,227,105
Best fitness found so far: 0.8738090492415; k: 2.0
Generation: 186; 0.8738090492415; k: 2.0; 132,123,102,63,31,221,155,227,245
Best fitness found so far: 0.8738090492415; k: 2.0
Generation: 187; 0.8738090492415; k: 2.0; 132,123,102,63,31,221,155,227,105
Best fitness found so far: 0.8738090492415; k: 2.0
Generation: 188; 0.8738090492415; k: 2.0; 132,123,102,63,31,221,155,227,105
Best fitness found so far: 0.8738090492415; k: 2.0
Generation: 189; 0.8626372536354173; k: 2.0; 132,5,102,63,31,139,155,227,105,102,125,132,123,102,63,31,155,155,227,105,63,31,31,221,155,187,105
Best fitness found so far: 0.8738090492415; k: 2.0
Generation: 190; 0.8738090492415; k: 2.0; 132,123,102,63,31,221,155,227,105
Best fitness found so far: 0.8738090492415; k: 2.0
Generation: 191; 0.8738090492415; k: 2.0; 132,123,102,63,31,221,155,227,105
Best fitness found so far: 0.8738090492415; k: 2.0
Generation: 192; 0.8738090492415; k: 2.0; 132,123,102,63,31,191,155,227,105
Best fitness found so far: 0.8738090492415; k: 2.0
Generation: 193; 0.8738090492415; k: 2.0; 132,123,102,63,31,221,155,227,105
Best fitness found so far: 0.8738090492415; k: 2.0
Generation: 194; 0.8738090492415; k: 2.0; 132,123,102,63,31,191,85,227,105
Best fitness found so far: 0.8738090492415; k: 2.0
Generation: 195; 0.8738090492415; k: 2.0; 132,123,102,63,31,221,155,227,105
Best fitness found so far: 0.8738090492415; k: 2.0
Generation: 196; 0.8738090492415; k: 2.0; 132,123,102,63,31,221,155,227,105
Best fitness found so far: 0.8738090492415; k: 2.0
Generation: 197; 0.8738090492415; k: 2.0; 132,123,102,63,31,221,155,227,105
Best fitness found so far: 0.8738090492415; k: 2.0
Generation: 198; 0.8738090492415; k: 2.0; 132,123,102,63,31,221,155,227,105
Best fitness found so far: 0.8738090492415; k: 2.0
Generation: 199; 0.8738090492415; k: 2.0; 132,123,102,63,31,221,155,227,105
Best fitness found so far: 0.8738090492415; k: 2.0
Total time of execution of seed 5 : 1350374
Solution Fitness: -0.8738090492415
Variables: uniform 8 eucledian split moveAverage moveAverage moveAverage split join join moveBetween
