Generation: 0; 0.1489192206842655; k: 2.0; 123,41,68,140,101,107,220,98,69
Best fitness found so far: 0.1489192206842655; k: 2.0
Generation: 1; 0.6009699054913513; k: 2.0; 202,28,14,47,67,142,165,201,187,30,64,205,191,128,30,32,28,92,89,75
Best fitness found so far: 0.6009699054913513; k: 2.0
Generation: 2; 0.39810734835840994; k: 9.0; 202,28,172,47,67,142,165,201,187,30,64,36,13,161,13
Best fitness found so far: 0.6009699054913513; k: 2.0
Generation: 3; 0.5768818130972488; k: 2.1; 51,33,72,51,33,101,107,220,98,224
Best fitness found so far: 0.6009699054913513; k: 2.0
Generation: 4; 0.5768818130972488; k: 2.1; 99,195,17,111,117,201,187,30,64,134,227,128,78,145,28,92,37,177,181
Best fitness found so far: 0.6009699054913513; k: 2.0
Generation: 5; 0.6100139708564064; k: 2.0; 150,119,180,200,103,168,241,121,9,17,184,225,69,219,114,196,191,204,26,80,19,225,69,219,114
Best fitness found so far: 0.6100139708564064; k: 2.0
Generation: 6; 0.6100139708564064; k: 2.0; 150,119,180,200,103,168,241,121,9,17,244,225,69,219,114,196,191,204,26,145,19,225,69,241,114
Best fitness found so far: 0.6100139708564064; k: 2.0
Generation: 7; 0.6501546322311073; k: 2.0; 71,5,116,122,119,90,81,110,53,90,57,49,219,26,68,110,25,90,79,49,91,26,41,35,211,97,39,1,37,2,29
Best fitness found so far: 0.6501546322311073; k: 2.0
Generation: 8; 0.6156672033773964; k: 2.0; 5,119,180,200,103,168,241,121,9,44,244,225,69,210,187,30,64,239,216,19,187,1,37,236,154
Best fitness found so far: 0.6501546322311073; k: 2.0
Generation: 9; 0.6539721171253794; k: 2.0; 171,78,79,60,91,26,41,85,72,64,36,13,161,13
Best fitness found so far: 0.6539721171253794; k: 2.0
Generation: 10; 0.6757797617053716; k: 2.0; 150,75,180,200,103,168,241,121,9,17,75,180,200,103,168,241
Best fitness found so far: 0.6757797617053716; k: 2.0
Generation: 11; 0.6539721171253794; k: 2.0; 171,78,79,60,91,26,41,85,72,64,36,13,161,187,30,186,240,114,196,220,204,26,79,19,225,69,162,239,37,19,187,172,96,216,180,37,210,181
Best fitness found so far: 0.6757797617053716; k: 2.0
Generation: 12; 0.6964323083973667; k: 2.0; 228,209,14,161,67,142,67,201,187,185,81,205,205,128,205,111,26,145,19,225,69,241,114
Best fitness found so far: 0.6964323083973667; k: 2.0
Generation: 13; 0.6539721171253794; k: 2.0; 171,78,79,60,67,26,41,85,72,64,180,200,103,168,241,166,9,44,244,225,13,238,161,234,5,92,101,48,11,81,87,154,48,11,51,75,80,128,152,69,219,114
Best fitness found so far: 0.6964323083973667; k: 2.0
Generation: 14; 0.6757797617053716; k: 2.0; 150,75,180,200,103,168,241,121,9,17,75,180,18,58,245,99
Best fitness found so far: 0.6964323083973667; k: 2.0
Generation: 15; 0.6964323083973667; k: 2.0; 228,209,14,161,67,142,87,201,187,185,81,205,205,128,205,111,232,145,85,111,64,36,13,161,13
Best fitness found so far: 0.6964323083973667; k: 2.0
Generation: 16; 0.7298017950945799; k: 2.0; 174,24,180,167,241,121,37,17,88,180,18,58,245,99
Best fitness found so far: 0.7298017950945799; k: 2.0
Generation: 17; 0.6887552928262275; k: 2.0; 66,119,234,200,103,168,241,121,9,17,30,130,239,217,19,187,42,208,44,13,238,72,168,5,92,101,72,64
Best fitness found so far: 0.7298017950945799; k: 2.0
Generation: 18; 0.7121946557270522; k: 2.0; 150,75,180,200,103,168,241,121,9,17,75,180,200,185,155,91,219,26,236,247,25,205,79,49,91,79,60,91,144,41,224,245,220,109,103,246,126,65,64,223,13,155,91,219,26,236,247,99,205,79,153,91,79,178,91,170,213,39,245,99
Best fitness found so far: 0.7298017950945799; k: 2.0
Generation: 19; 0.6887552928262275; k: 2.0; 66,119,234,200,103,168,241,121,9,17,30,130,239,112,19,25,1,37,236,154
Best fitness found so far: 0.7298017950945799; k: 2.0
Generation: 20; 0.7121946557270522; k: 2.0; 150,75,180,200,103,168,241,121,9,17,75,180,110,185,196,208,160,60,210,218,203,159,48,73,66,75,224,211,97,39,158,39,187,42,208,67,241,121,9,17,75,180,110,185,196,208,160,60,210,218,203,159,48,73,66,75,224,211,97,39,158,39,187
Best fitness found so far: 0.7298017950945799; k: 2.0
Generation: 21; 0.7121946557270522; k: 2.0; 171,75,180,200,103,168,241,121,9,17,75,180,62,185,196,239,201,187,30,22,220,59,21,204,19,92,142,165,201,187,150,64,205,184,145,150,65,245,175,19,225,61,219,114
Best fitness found so far: 0.7298017950945799; k: 2.0
Generation: 22; 0.7298017950945799; k: 2.0; 174,24,180,167,241,121,37,17,88,150,238,180,200,103,168,241,121,9,17,75,180,200,103,139
Best fitness found so far: 0.7298017950945799; k: 2.0
Generation: 23; 0.7298017950945799; k: 2.0; 174,24,180,167,241,121,37,17,88,180,210,169,203,159,48,162,66,108
Best fitness found so far: 0.7298017950945799; k: 2.0
Generation: 24; 0.7298017950945799; k: 2.0; 174,24,180,167,241,121,37,17,88,180,229,169,203,159,48,35,133,114,169,9,155,184,85,79,60,67,237,226,105,241,64,180,52,137,168,19,166,103,168,167,100,9,17,84,65,239,197,225,249,196,91,160,91,210,166,203,1,48,73,68,108
Best fitness found so far: 0.7298017950945799; k: 2.0
Generation: 25; 0.7298017950945799; k: 2.0; 51,24,180,167,241,121,37,17,88,150,203,241,144
Best fitness found so far: 0.7298017950945799; k: 2.0
Generation: 26; 0.7298017950945799; k: 2.0; 57,190,180,167,241,121,37,17,88,180,210,169,8,221,153,234,103,168,241,121,9,17,184,225,128,205,147,225,69,236,187,34,106,239,101,85,72,64,36,13,161,13
Best fitness found so far: 0.7298017950945799; k: 2.0
Generation: 27; 0.7298017950945799; k: 2.0; 174,24,180,167,241,121,37,17,88,180,210,242,225,69,121,37,1,151,168,8,56,239,53,127,30,214,234,43
Best fitness found so far: 0.7298017950945799; k: 2.0
Generation: 28; 0.7298017950945799; k: 2.0; 57,190,180,167,241,121,37,17,88,180,210,169,8,221,163,234,234,172,30,22,155,142,243,211,12,23,43,165,85,208,64,113,149,36,203,25,90,3,1,37,236,154
Best fitness found so far: 0.7298017950945799; k: 2.0
Generation: 29; 0.7298017950945799; k: 2.0; 212,24,65,176,131,121,37,17,88,180,210,174,187,185,81,205,205,128,235,40,103,168,241,121,160,17,248,9,26,118,19,225,69,162,165,129,187,117,60,229,38,3,18,91,210,169,68,159,159,205,205,128,205,111,26,45,19,225,69,241,43
Best fitness found so far: 0.7298017950945799; k: 2.0
Generation: 30; 0.7298017950945799; k: 2.0; 197,24,180,167,241,121,37,77,24,150,203,241,168,241,175,223,17,184,225,212,216,194,199,219,131,226,21,94,64,36,13,206,187,94,100,240,92,127,220,139,22,73,212,250,95
Best fitness found so far: 0.7298017950945799; k: 2.0
Generation: 31; 0.7298017950945799; k: 2.0; 174,120,180,167,27,121,97,17,88,180,210,201,187,168,131,121,9,17,75,231,160,185,196,210,201,187,30,30,86,211,121,9,121,25,200,103,168,242,166,239,219,183,236,247,99,205,79,153,91,117,108,112,170,109,39,86,99
Best fitness found so far: 0.7298017950945799; k: 2.0
Generation: 32; 0.7298017950945799; k: 2.0; 174,24,180,167,27,121,37,17,88,180,210,201,187,185,81,205,205,128,225,239,201,165,30,22,239,59,130,243,19,92,142,165,201,187,150,64,205,184,145,218,73,200,103,139
Best fitness found so far: 0.7298017950945799; k: 2.0
Generation: 33; 0.7769665380734411; k: 2.0; 174,24,180,167,241,241,121,119,17,75,180,18,58,33,151,45,228,41,85,221,64,73,200,103,168,209,166,103,39,181,101,237,170,1,71,39,131,39,187
Best fitness found so far: 0.7769665380734411; k: 2.0
Generation: 34; 0.7769665380734411; k: 2.0; 174,24,180,167,241,241,121,119,17,75,180,153,58,33,151,45,228,41,85,221,64,73,200,103,207,209,166,103,39,181,101,237,170,1,71,39,180,210,9,17,121,27,64,185,123,239,201,87,237,22,234,59,24,180,167,131,55,37,17,88,180,210,201,187,71,81,205,205,128,205,111,26,45,19,225,69,116,43
Best fitness found so far: 0.7769665380734411; k: 2.0
Generation: 35; 0.7769665380734411; k: 2.0; 174,24,180,167,241,241,121,119,17,100,180,18,58,33,151,45,228,41,85,127,64,73,200,103,168,209,166,103,249,181,101,237,170,1,93,27,121,37,17,250,180
Best fitness found so far: 0.7769665380734411; k: 2.0
Generation: 36; 0.7769665380734411; k: 2.0; 174,24,180,167,241,241,149,119,17,100,180,238,58,33,151,45,228,41,85,127,64,73,200,103,168,209,202,103,249,181,101,237,170,1,93,114,169,9,155,184,85,79,60,67,237,226,105,112,64,180,52,137,168,19,166,103,117,167,61,9,209,84,65,239,197,225,249,196,91,160,91,210,166,203,1,21,73,68,108
Best fitness found so far: 0.7769665380734411; k: 2.0
Generation: 37; 0.7769665380734411; k: 2.0; 174,24,180,167,241,241,121,119,17,75,180,18,58,33,151,45,228,76,85,221,64,73,200,103,168,5,166,180,210,169,8,221,153,53,187,30,22,220,60,21,211,12,23,83,165,103,187,150,206,111,225,69,107,242
Best fitness found so far: 0.7769665380734411; k: 2.0
Generation: 38; 0.7769665380734411; k: 2.0; 174,24,180,167,241,241,121,119,17,100,180,18,58,33,239,167,229,98,37,17,88,180,210,201,187,71,81,109,205,227,205,111,26,45,19,225,69,241,43
Best fitness found so far: 0.7769665380734411; k: 2.0
Generation: 39; 0.7769665380734411; k: 2.0; 174,24,180,167,241,241,121,119,17,75,180,18,58,33,151,45,83,41,85,221,64,73,200,103,168,180,210,169,8,221,227,104,116,30,103,139
Best fitness found so far: 0.7769665380734411; k: 2.0
Generation: 40; 0.7769665380734411; k: 2.0; 174,24,180,167,241,241,121,119,17,75,180,18,58,33,151,45,83,41,85,221,64,73,200,103,168,180,210,169,8,221,227,104,184
Best fitness found so far: 0.7769665380734411; k: 2.0
Generation: 41; 0.7769665380734411; k: 2.0; 32,24,180,167,241,241,121,29,75,100,180,18,58,33,151,45,228,41,138,127,64,203,180,52,137,168,113,151,103,153,74,148,221,17,30,65,195,197,225,97,196,208,160,91,210,166,31,105,49,70,54,52,137,168,19,166,148,168,167,211,9,17,84,65,239,137,137,249,198,91,160,91,210,166,203,1,48,73,68,108
Best fitness found so far: 0.7769665380734411; k: 2.0
Generation: 42; 0.7769665380734411; k: 2.0; 236,24,180,167,241,241,149,119,17,100,180,238,58,158,151,45,228,41,85,127,64,73,182,103,168,96,202,104,249,181,101,237,170,1,93,114,169,9,155,184,85,79,60,184,237,226,105,204,64,180,52,183,43
Best fitness found so far: 0.7769665380734411; k: 2.0
Generation: 43; 0.7769665380734411; k: 2.0; 174,24,180,167,241,241,121,119,17,75,144,153,58,33,151,45,19,41,85,221,161,73,154,103,207,209,166,152,160,181,101,237,170,1,243,39,80,210,9,17,121,27,64,185,123,113,119,17,108,180,153,58,33,151,45,228,41,85,202,64,189,200,103,207,209,133,103,28,181,101,237,170,1,222,39,81,210,125,17,121,27,64,185,131,23,43,141,212,208,153,33,75,45,228,41,203,126,64,154,200,103,109,103,2,13,17,79,60,136,26,231,71,72,64,52,68,103,168,241,166,5,117,8,100,246,130,30,71,12,197,52,31,95,208,13,91,210,143,88,103,63,73,79,108
Best fitness found so far: 0.7769665380734411; k: 2.0
Generation: 44; 0.7769665380734411; k: 2.0; 233,24,80,167,241,241,121,119,17,75,180,18,223,33,151,45,168,241,175,9,17,184,225,78,8,221,227,104,184
Best fitness found so far: 0.7769665380734411; k: 2.0
Generation: 45; 0.7769665380734411; k: 2.0; 174,24,180,167,241,241,121,119,17,75,180,18,58,33,151,45,228,76,85,221,64,73,200,103,168,5,166,180,210,169,8,240,153,53,187,30,22,220,195,197,225,97,196,208,160,91,89,166,31,105,49,70,142,27,137,168,15,166,148,168,167,44,9,17,84,65,239,198,137,61,198,91,12,91,210,166,203,1,48,73,68,108,198,91,12,91,210,166
Best fitness found so far: 0.7769665380734411; k: 2.0
Generation: 46; 0.7769665380734411; k: 2.0; 174,24,180,167,241,241,121,29,75,100,180,18,58,33,151,45,228,41,138,127,64,73,187,219,26,121,68,121,91,96,166,180,2,103,242,37,71,26,135,247,25,45,235,120,91,170,150,91,131,88,246,246,58,103,168,209,166,103,249,19,171,237,210,1,93,27,121,37,17,108,94,235,120,91,79,150,91,226,88,180,246,58,103,168,209,166,103,249,19,37,17,88,180,80,11,81,191,101,100,39
Best fitness found so far: 0.7769665380734411; k: 2.0
Generation: 47; 0.7769665380734411; k: 2.0; 174,24,180,167,225,241,121,159,17,100,180,18,58,33,151,45,228,220,85,127,63,84,65,239,197,225,249,196,81,109,127,148,205,111,26,45,241,121,119,17,75,24,71,58,33,151,45,228,193,85,93,64,73,80,187,207,209,166,103,39,181,109,237,170,61,71,39,180,210,9,17,227,27,64,185,123,239,201,87,17,22,234,143,24,180,139,86,55,220,17,88,180,210,201,187,182,81,205,205,128,205,111,16,45,19,225,110,116,73
Best fitness found so far: 0.7769665380734411; k: 2.0
Generation: 48; 0.7769665380734411; k: 2.0; 174,24,180,167,241,241,121,119,17,75,180,153,58,33,40,45,100,233,85,221,213,73,237,170,1,135,39,180,210,9,17,121,27,64,250,48,239,201,87,233,22,234,59,24,180,167,51,55,37,17,241,180,210,201,187,71,81,205,205,128,205,111,26,45,19,225,76,149,37,17,107,241,121,119,219,100,180,18,107,162,239,167,229,234,132,17,88,180,5,240,118,71,250,228,56,239,53,155,30,214,234,199
Best fitness found so far: 0.7769665380734411; k: 2.0
Generation: 49; 0.7769665380734411; k: 2.0; 74,24,180,248,241,241,121,119,17,75,180,153,58,33,151,45,228,41,48,221,128,73,200,169,207,206,166,103,101,114,101,85,103,207,84,166,26,230,213,131,237,170,1,71,39,180,27,50,49,83,142,64,185,123,239,201,205,56,199,234,59,24,162,167,131,55,37,17,140,180,210,112,242,71,91,206,18,91,210,26,184,151,149,119,144,100,168,223,100,82,231,121,37,17,250,180
Best fitness found so far: 0.7769665380734411; k: 2.0
Generation: 50; 0.7769665380734411; k: 2.0; 174,24,180,167,241,241,121,119,17,75,180,153,168,232,104,148,35,20,211,149,17,84,65,10,137,247,249,27,53,13,30,50,220,190,31,75,23,103,139
Best fitness found so far: 0.7769665380734411; k: 2.0
Generation: 51; 0.7769665380734411; k: 2.0; 92,24,180,23,241,241,145,119,17,115,180,18,58,33,43,59,229,149,37,17,107,241,121,119,219,100,180,18,58,121,239,167,17,75,180,18,58,33,65,45,161,41,85,221,64,73,200,103,168,150,166,103,177,181,72,64,52,19,103,168,241,166,5,117,141,100,41,17,30,71,239,197,225,187,95,208,9,91,210,143,88,210,141,212,79,108
Best fitness found so far: 0.7769665380734411; k: 2.0
Generation: 52; 0.7769665380734411; k: 2.0; 212,24,180,167,241,241,139,29,75,100,180,18,58,167,115,55,37,17,88,41,210,201,187,71,146,205,205,198,92,133,26,45,19,225,69,116,137,48,151,171,228,41,237,214,71,13,24,217,78,161,76,103,39,181,173,237,1,30,71,77,117,39,187
Best fitness found so far: 0.7769665380734411; k: 2.0
Generation: 53; 0.7769665380734411; k: 2.0; 13,24,180,167,241,241,121,119,17,75,180,153,3,33,151,196,228,9,85,221,64,73,152,103,207,189,166,148,120,181,151,237,170,1,71,39,180,145,9,17,121,27,64,185,68,239,201,162,237,22,234,17,88,180,210,242,225,69,121,37,1,151,168,8,43,239,245,127,30,218,234,243,175,68,12,166,211,165,201,196,19,97,220,146,246,241,144,168,129,183,139,17,184,225,128,205,44,225,138,23,76,1,151,153
Best fitness found so far: 0.7769665380734411; k: 2.0
Generation: 54; 0.7769665380734411; k: 2.0; 174,24,180,167,241,241,121,119,17,75,180,153,58,33,151,45,228,41,85,221,64,73,200,20,207,209,166,103,39,181,101,237,170,1,97,39,180,210,184,17,121,27,64,185,123,200,147,241,168,199,234,180,18,58,33,60,45,228,41,85,221,64,73,200,103,204,3,166,79,39,181,100,237,170,30,71,39,117,39,187,41,85,221,64,73,200,20,207,209,166,103,39,181,101,237,170,1,97,39,180,210,184,17,121,27
Best fitness found so far: 0.7769665380734411; k: 2.0
Generation: 55; 0.7769665380734411; k: 2.0; 238,24,180,167,139,241,121,164,9,100,180,18,58,48,151,171,228,41,237,127,64,73,24,22,207,126,166,201,39,181,101,237,170,130,119,39,180,210,9,17,121,27,64,185,188,239,201,87,237,22,234,59,215,170,167,115,55,37,17,91,41,210,201,187,225,81,205,205,198,92,111,26,45,19,210,169,8,221,227,104,184
Best fitness found so far: 0.7769665380734411; k: 2.0
Generation: 56; 0.7769665380734411; k: 2.0; 236,24,180,167,241,241,149,119,17,100,180,238,58,158,151,45,228,169,85,127,64,73,182,124,239,68,202,104,249,181,101,237,187,150,161,152,191,185,241,45
Best fitness found so far: 0.7769665380734411; k: 2.0
Generation: 57; 0.7769665380734411; k: 2.0; 174,24,180,71,241,241,121,119,17,75,180,18,125,225,151,45,175,41,85,136,64,73,200,103,168,180,210,169,221,64,236,245,5,240,42,180,182,241,241,121,224,17,100,180,18,58,71,26,27,247,136,109,79,30,91,127,131,224,184,236,101,205,169,231,145,19,225,69,173,233,202,9,155,121,144,125,60,67,26,124,105,241,226,12,52,137,168,161,243,208,52,74,100,206,17,17,65,7,134,27,126,185,123,239,8,87,17,22,234,27,64,185,2,202,43,141,212,204,153,53,187,207,22,163,190,147,211,187,30,22,220,40,21,211,12,93,83,165,103,187,222,74,111,197,69,213,176
Best fitness found so far: 0.7769665380734411; k: 2.0
Generation: 58; 0.7769665380734411; k: 2.0; 174,24,180,167,241,241,121,119,17,100,180,18,213,71,26,236,247,176,32,65,49,91,79,47,195,184,71,39,180,210,9,17,121,27,64,185,123,239,201,87,237,22,234,59,24,180,167,131,55,37,17,88,180,210,201,187,161,81,205,205,23,205,111,26,45,31,225,69,116,10
Best fitness found so far: 0.7769665380734411; k: 2.0
Generation: 59; 0.7769665380734411; k: 2.0; 174,24,180,167,241,241,121,119,17,75,144,153,58,33,151,45,19,41,85,221,161,93,164,103,207,209,166,152,160,181,101,237,170,1,243,39,80,210,9,65,121,27,64,185,123,113,119,17,108,180,153,58,33,151,45,228,41,85,202,64,189,200,103,207,209,133,115,28,181,101,237,170,1,222,39,81,210,125,17,121,27,64,185,131,23,43,141,212,208,153,79,75,45,228,41,68,126,64,154,200,103,109,127,2,13,17,79,60,136,26,231,71,72,64,52,68,103,233,241,143,5,117,8,100,246,130,30,71,1,197,52,31,95,42,13,91,15,143,88,103,4,73,79,179
Best fitness found so far: 0.7769665380734411; k: 2.0
Generation: 60; 0.7769665380734411; k: 2.0; 197,24,180,167,241,241,121,119,17,75,180,153,130,57,151,45,92,233,85,204,64,73,200,103,207,9,237,123,146,19,201,237,170,1,71,210,180,27,50,17,121,27,64,185,125,239,201,241,204,177,234,59,24,115,121,68,121,25,17,166,180,2,103,142,37,71,26,135,180,167,241,241,121,119,17,75,180,153,58,33,151,45,228,41,85,202,64,73,200,103,207,209,133,103,39,88,101,237,170,1,71,39,180,210,9,17,121,27,64,185,131,23,43,89,212,208,153,53,247,207,221,220,190,147,44,23,103,90
Best fitness found so far: 0.7769665380734411; k: 2.0
Generation: 61; 0.7769665380734411; k: 2.0; 174,24,180,167,241,241,121,119,229,100,178,18,200,33,239,249,229,98,37,238,180,121,119,17,75,180,18,58,33,94,45,228,41,111,26,45,19,225,69,209,43
Best fitness found so far: 0.7769665380734411; k: 2.0
Generation: 62; 0.7769665380734411; k: 2.0; 174,24,180,167,241,241,121,224,17,100,180,18,58,71,88,236,247,136,109,79,49,91,79,131,195,184,225,101,26,169,14,145,19,225,69,173,233,13,9,155,121,144,132,60,163,26,124,105,241,226,12,52,85,168,161,166,205,198,92,32,26,45,19,225,226,116,43,48,151,171,228,41,237,214,64,14,24,217,168,161,76,103,39,181,173,237,1,26,71,77,117,39,187
Best fitness found so far: 0.7769665380734411; k: 2.0
Generation: 63; 0.7769665380734411; k: 2.0; 174,24,180,167,241,241,121,119,17,75,180,153,58,33,151,45,228,41,59,24,73,167,131,65,37,17,140,180,210,127,242,71,81,233,18,91,210,26,184,85,79,60,67,167,41,105,241,64,180,110,236,168,161,166,103,168,74,100,9,17,30,65,7,197,225,187,76,141,160,91,4,166,132,1,48,73,173,66,90,23,167,241,241,121,119,17,75,180,153,58,33,151,45,228,41,59,24,73,167,131,65,37,17,140,180,210,127,242,71,81,233,18,91,210,26,184,85,79,60,67,167,41,105,241,64,180,110,236,168,161,166,103,168,74,100,9,17,30,65,7,197,225,187,76,141,160,91,4,166,132,1,48,73,173,66,90
Best fitness found so far: 0.7769665380734411; k: 2.0
Generation: 64; 0.7769665380734411; k: 2.0; 174,24,180,167,231,241,121,29,75,100,180,18,58,33,151,45,228,41,138,127,64,73,187,168,26,121,68,121,91,250,166,216,2,103,126,183,71,26,175,247,25,45,235,120,91,109,150,91,131,88,246,246,58,103,168,140,166,103,249,19,171,237,170,1,93,27,121,37,17,250,56,235,120,91,79,150,91,131,88,180,246,82,103,168,209,166,103,249,19,37,233,87,221,149,114,200,103,116,97,244,158,16,187,42,208,216
Best fitness found so far: 0.7769665380734411; k: 2.0
Generation: 65; 0.7769665380734411; k: 2.0; 174,24,180,167,195,241,121,119,17,75,180,153,58,33,196,45,228,41,85,202,146,57,17,103,207,209,133,103,39,181,29,18,170,1,71,39,180,210,9,17,121,27,64,185,131,85,197,165,212,93,153,53,187,74,162,220,190,147,17,75,180,153,235,33,151,45,228,41,85,202,210,201,187,185,81,7,8,128,133,77,26,147,19,180,69,168,63
Best fitness found so far: 0.7769665380734411; k: 2.0
Generation: 66; 0.7769665380734411; k: 2.0; 174,24,180,167,225,241,121,119,17,100,180,18,58,33,151,45,88,180,210,169,71,184
Best fitness found so far: 0.7769665380734411; k: 2.0
Generation: 67; 0.7769665380734411; k: 2.0; 174,24,180,2,241,241,121,119,179,100,180,18,58,33,151,45,128,73,85,127,64,73,187,168,121,121,68,121,25,17,166,180,90,189,142,37,71,26,64,73,36,151,168,209,202,103,249,181,158,169,170,1,93,143,169,9,155,179,85,79,103,67,237,226,105,112,64,215,141,137,168,19,166,103,117,167,61,9,209,29,249,198,91,131,91,210,166,203,1,178,73,68,108,241,241,121,119,179,100,180,18,58,33,151,45,128,73,85,127,64,73,187,168,121,121,68,121,25,17,166,180,90,189,142,37,71,26,64,73,36,151,168,209,202,103,249,181,158,169,170,1,93,143,169,9,155,179,85,79,103,67,237,226,105,112,64,215,141,137,168,19,166,103,117,167,61,9,209,29,249,198,91,131,91,210,166,203,1,178,73,68
Best fitness found so far: 0.7769665380734411; k: 2.0
Generation: 68; 0.8386903667335455; k: 2.0; 36,23,180,167,241,241,17,146,65,239,137,137,249,198,91,160,91,210,166,203,1,48,73,68,108
Best fitness found so far: 0.8386903667335455; k: 2.0
Generation: 69; 0.7769665380734411; k: 2.0; 89,24,180,167,241,241,121,29,75,100,180,18,58,33,151,45,250,41,138,127,64,73,187,168,26,121,68,121,91,17,166,96,2,212,126,37,71,26,135,247,25,45,235,120,91,79,150,91,131,173,117,246,58,58,168,209,166,103,249,19,38,237,170,1,93,27,121,37,17,250,135,235,153,58,3,151,45,228,41,85,202,64,192,200,103,207,209,133,161,39,181,101,237,170,1,119,39,81,210,179,17,43,27,64,185,131,23,43,141,212,208,153,53,187,207,22,220,190,147,211,23,103,90
Best fitness found so far: 0.8386903667335455; k: 2.0
Generation: 70; 0.7769665380734411; k: 2.0; 174,24,180,167,241,241,121,224,101,100,180,18,58,71,26,236,170,136,109,79,81,91,79,150,195,184,225,178,205,169,107,145,19,85,69,173,233,191,9,155,121,107,125,85,67,178,124,105,241,226,94,52,60,168,161,219,208,168,33,151,45,111,41,138,127,35,73,189,212,226,249,68,121,34,246,241,64,180,52,137,218,203,110,154,141,66,75,224,211,97,39,14,39,42,42,208,54,241,121,9,19,14,239,203,185,196,208,161,37,210,218,74,52,10,15,4,19,92,142,17,210,187,129,157,180,200,103,139
Best fitness found so far: 0.8386903667335455; k: 2.0
Generation: 71; 0.8386903667335455; k: 2.0; 36,23,180,167,241,241,17,146,65,239,137,137,249,198,91,160,91,210,166,203,1,203,180,52,137,168,1,151,103,188,74,46,221,17,30,65,195,205,225,97,228,208,127,91,210,166,130,105,49,70,54,52,42,168,19,166,148,108,75,150,9,17,84,122,239,137,137,249,198,91,160,91,212,208,153,53,187,30,22,98,190,21,211,23,103,139
Best fitness found so far: 0.8386903667335455; k: 2.0
Generation: 72; 0.7769665380734411; k: 2.0; 174,24,180,167,241,241,121,119,17,75,180,153,58,33,126,45,228,41,203,126,64,73,200,103,109,103,2,13,78,32,60,78,5,41,71,72,64,52,19,103,168,241,166,5,117,141,154,246,17,30,71,239,197,225,187,244,208,160,91,210,62,153,145,63,73,79,175
Best fitness found so far: 0.8386903667335455; k: 2.0
Generation: 73; 0.8386903667335455; k: 2.0; 36,23,180,167,241,146,17,146,65,239,137,137,249,198,91,160,91,210,166,203,1,203,180,52,137,168,1,151,103,188,74,46,221,121,27,64,185,123,239,201,162,237,22,234,17,167,49,210,242,225,71,121,37,1,151,168,8,43,239,245,127,30,233,234,59,175,68,12,166,211,165,201,196,150,97,220,146,246,241,144,168,129,38,139,219,184,225,128,205,94,225,138,23,76,1,151,168
Best fitness found so far: 0.8386903667335455; k: 2.0
Generation: 74; 0.8386903667335455; k: 2.0; 36,23,180,167,241,241,17,146,65,239,137,137,249,198,91,160,91,210,166,203,1,48,73,168,241,175,9,17,184,225,78,42,138,164,151,53,88,180,210,169,33,110
Best fitness found so far: 0.8386903667335455; k: 2.0
Generation: 75; 0.8386903667335455; k: 2.0; 36,23,105,167,241,146,17,146,65,239,137,137,249,198,179,160,91,210,166,203,1,203,180,52,137,168,1,151,203,37,1,151,168,8,43,239,245,127,30,233,234,59,175,68,12,166,219,165,201,196,150,205,220,146,61,241,144,168,129,38,139,219,184,225,128,205,94,225,94,23,76,1,151,244
Best fitness found so far: 0.8386903667335455; k: 2.0
Generation: 76; 0.7769665380734411; k: 2.0; 174,24,180,167,241,241,121,119,17,100,180,18,58,33,151,163,228,41,85,141,147,73,187,152,26,167,131,241,37,10,140,180,210,76,242,7,81,233,151,91,210,26,12,85,250,60,67,122,41,105,241,158,52,38,198,168,161,199,234,59,24,162,167,131,55,37,17,140,180,210,112,244,71,91,233,18,91,210,26,184,151,149,119,9,100,180,226,58,226,78,167,241,121,37,17,41,180,210,216
Best fitness found so far: 0.8386903667335455; k: 2.0
Generation: 77; 0.8386903667335455; k: 2.0; 36,23,135,167,241,146,17,146,65,239,137,117,149,198,91,160,91,210,166,203,1,203,180,52,137,168,1,151,203,37,1,151,228,8,43,239,184
Best fitness found so far: 0.8386903667335455; k: 2.0
Generation: 78; 0.8386903667335455; k: 2.0; 139,23,180,167,241,241,17,146,65,239,137,137,249,198,91,160,91,210,166,203,1,85,187,212,26,145,68,121,91,105,241,64,180,52,137,85,19,166,109,24,167,100,9,71,116,65,239,197,225,19,196,184,128,194,65,64,187,42,208,110
Best fitness found so far: 0.8386903667335455; k: 2.0
Generation: 79; 0.8386903667335455; k: 2.0; 139,23,180,167,241,241,17,146,65,239,137,137,249,198,91,160,91,210,166,203,36,85,187,212,26,121,119,160,75,180,18,58,33,44,45,228,41,34,26,195,19,225,69,209,43
Best fitness found so far: 0.8386903667335455; k: 2.0
Generation: 80; 0.8386903667335455; k: 2.0; 36,23,180,167,241,241,17,146,65,239,137,137,41,198,91,160,91,210,187,30,22,220,151,225,211,23,103,214
Best fitness found so far: 0.8386903667335455; k: 2.0
Generation: 81; 0.8386903667335455; k: 2.0; 36,23,40,167,241,241,17,146,65,239,137,137,249,198,91,160,91,55,187,30,22,220,141,225,16,26,145,205,111,26,45,19,225,69,116,43
Best fitness found so far: 0.8386903667335455; k: 2.0
Generation: 82; 0.8386903667335455; k: 2.0; 139,23,180,167,241,241,17,146,65,239,137,137,249,198,91,160,91,210,166,203,194,85,95,212,26,145,68,121,91,105,241,64,245,127,30,233,234,59,175,68,81,166,211,165,201,196,129,97,220,146,246,184,144,230,129,38,139,219,211,18,237,22,234,59,24,180,167,131,55,7,17,88,180,210,201,187,71,81,205,220,154,205,85,221,64,73,200,103,57,209,166,103,39,181,101,237,170,1,71,39,131,39,187
Best fitness found so far: 0.8386903667335455; k: 2.0
Generation: 83; 0.8386903667335455; k: 2.0; 36,23,180,167,241,146,17,146,65,239,137,137,249,198,91,160,85,210,166,203,1,203,180,4,19,92,142,33,142,36,23,180,167,241,58,17,146,65,239,137,137,249,190,109,160,91,210,166,203,1,48,73,201,241,204,199,234,226,24,133,167,225,138,23,48,162,151,168
Best fitness found so far: 0.8386903667335455; k: 2.0
Generation: 84; 0.8386903667335455; k: 2.0; 36,23,40,167,241,241,17,146,65,239,137,137,241,198,91,160,116,55,187,30,22,220,141,225,168,232,43,162,245,127,30,233,234,59,175,68,12,166,211,165,201,196,150,97,250,80,246,241,144,168,129,38,222,219,184,11,128,68,94,225,138,17,76,1,151,168
Best fitness found so far: 0.8386903667335455; k: 2.0
Generation: 85; 0.8386903667335455; k: 2.0; 36,23,180,167,241,146,17,146,65,239,137,137,49,198,91,160,85,210,166,203,1,203,180,159,137,168,241,121,119,17,75,180,153,58,158,151,45,152,41,85,221,64,73,200,9,207,209,166,45,39,181,101,151,170,1,71,39,180,210,9,17,121,27,64,185,123,239,201,241,237,199,234,59,24,180,167,131,55,37,17,88,180,54,22,187,71,81,233,18,149,36,169,68,159,159,151,134,228,41,85,127,64,175,182,103,168,39,202,104,249,181,53,167,170,1,93,114,169,9,153,184,148,79,60,184,237,226,166,204,64,180,52,183,43,241,121,119,17,75,180,153,58,158,151,45,152,41,85,221,64,73,200,9,207,209,166,45,39,181,101,151,170,1,71,39,180,210,9,17,121,27,64,185,123,239,201,241,237,199,234,59,24,180,167,131,55,37,17,88,180,54,22,187,71,81,233,18,149,36,169,68,159,159,151,134,228,41,85,127,64,175,182,103,168,39,202,104,249,181,53,167,170,1,93,114,169,9,153,184,148,79,60,184,237,226
Best fitness found so far: 0.8386903667335455; k: 2.0
Generation: 86; 0.8738090492414999; k: 2.0; 139,23,118,167,15,241,17,146,65,239,137,137,249,198,91,160,11,210,166,203,36,85,187,212,26,16,119,160,73,180,19,198,41,105,241,64,180,103,235
Best fitness found so far: 0.8738090492414999; k: 2.0
Generation: 87; 0.8386903667335455; k: 2.0; 36,23,180,167,241,146,17,146,65,239,137,137,249,198,91,160,85,210,166,203,1,203,69,116,43
Best fitness found so far: 0.8738090492414999; k: 2.0
Generation: 88; 0.8386903667335455; k: 2.0; 36,23,180,167,241,241,17,146,65,239,137,137,249,198,109,160,91,210,166,203,1,48,73,201,241,204,199,234,226,71,137,137,134,162,91,160,85,210,166,203,226,203,244,4,19,92,142,33,122,187,129,157,180,200,103,235
Best fitness found so far: 0.8738090492414999; k: 2.0
Generation: 89; 0.8386903667335455; k: 2.0; 36,103,105,167,241,146,189,146,65,239,113,17,249,198,7,160,135,210,64,203,70,203,58,52,186,72,117,151,91,37,102,72,168,8,209,98,245,127,30,233,25,110,175,68,54,19,92,165,201,196,150,15,220,146,61,241,144,168,129,138,27,49,49,225,128,228,121,91,105,177,243,245,56,30,233,79,59,249,22,194,150,165,201,247,77,205,220,146,166,211,165,201,196,129,97,220,146,246,241,144,230,129,38,139,219,184,225,128,205,94,225,138,23,76,1,151,168
Best fitness found so far: 0.8738090492414999; k: 2.0
Generation: 90; 0.8738090492414999; k: 2.0; 139,23,118,167,15,241,17,146,65,239,81,137,157,198,91,160,17,210,166,203,36,85,187,212,26,16,119,160,73,180,17,146,65,239,137,137,9,198,91,114,91,210,37,203,36,58,81,109,205,148,205,111,198,120,241,121,119,17,180,180,175,58,33,151,45,228,193,85,93,85,73,80,243,207,209,166,103,39,181,101,237,170,61,71,159,150,152,9,17,121,27,64,185,32,239,215,122,17,150,234,59,24,180,139,131,55,220,17,97,180,210,111,174,71,81,146,205,128,205,111,16,45,19,225,240,116,43
Best fitness found so far: 0.8738090492414999; k: 2.0
Generation: 91; 0.8738090492414999; k: 2.0; 139,23,118,167,15,241,17,146,65,239,81,137,157,198,91,160,17,210,166,203,36,85,127,212,126,16,85,160,73,180,17,146,36,239,137,137,9,198,91,114,91,210,37,17,91,160,91,210,187,30,15,220,17,88,180,190,216
Best fitness found so far: 0.8738090492414999; k: 2.0
Generation: 92; 0.8738090492414999; k: 2.0; 139,23,118,167,15,16,17,146,65,239,81,137,157,198,91,160,17,210,166,203,36,85,187,212,26,16,119,160,73,180,17,146,65,239,137,137,9,198,91,114,91,9,37,203,36,58,81,109,205,148,205,111,198,120,241,121,119,20,180,180,175,58,33,151,45,228,193,85,242,225,71,121,33,1,151,168,8,6,239,48,127,109,233,234,59,95,68,12,166,245,165,201,89,150,97,220,182,146,17,146,118,44,151,137,249,198,160,160,79,111,166,203,1,203,138,4,151,135,66,33,142,234,23,180,167,241,58,17,146,65,239,27,137,249,190,141,160,91,210,166,35,1,93,73,25,92,142,33,142,109,129,57,180,182,153,139
Best fitness found so far: 0.8738090492414999; k: 2.0
Generation: 93; 0.8738090492414999; k: 2.0; 139,23,118,167,15,241,17,146,65,239,81,137,157,198,91,160,17,210,166,203,36,85,13,212,126,16,85,160,73,180,17,146,36,239,137,137,9,198,91,114,43,210,37,17,91,160,91,210,187,30,176,75,180,18,58,244,175,30,42,37,63,88,180,210,169,239,184
Best fitness found so far: 0.8738090492414999; k: 2.0
Generation: 94; 0.8738090492414999; k: 2.0; 16,23,118,167,15,241,17,146,65,239,81,137,157,198,91,160,17,210,166,203,36,85,187,212,26,16,119,160,73,189,17,146,65,239,137,218,9,198,91,114,91,210,136,203,36,58,81,109,205,148,205,111,198,120,241,19,119,17,47,180,175,58,33,151,45,228,246,85,93,85,73,103,139
Best fitness found so far: 0.8738090492414999; k: 2.0
Generation: 95; 0.8386903667335455; k: 2.0; 36,23,105,167,241,146,17,146,65,239,137,137,249,198,179,160,91,210,166,203,1,203,180,52,137,168,1,151,203,37,1,151,168,8,43,239,245,127,30,233,137,249,198,179,160,91,210,116,203,70,203,58,52,186,72,128,151,91,37,102,151,168,8,8,239,245,127,30,233,25,58,175,68,12,166,92,165,201,196,150,15,220,146,25,241,144,138,129,124,27,219,184,247,128,205,40,225,94,23,76,1,151,244
Best fitness found so far: 0.8738090492414999; k: 2.0
Generation: 96; 0.8738090492414999; k: 2.0; 139,23,118,167,15,241,17,146,65,239,81,137,157,198,91,160,17,210,166,203,36,85,187,212,26,16,119,160,73,180,17,124,65,239,137,108,9,198,91,114,250,210,37,203,36,213,81,109,205,138,205,111,231,120,241,121,119,17,180,180,175,58,33,151,45,228,193,101,93,85,73,80,243,207,209,166,103,39,181,101,237,170,61,71,159,150,152,139
Best fitness found so far: 0.8738090492414999; k: 2.0
Generation: 97; 0.8738090492414999; k: 2.0; 102,23,53,167,241,241,17,146,65,239,137,182,249,198,109,110,91,210,166,203,1,48,148,201,241,239,137,137,249,198,91,160,79,210,166,203,1,167,88,98,94,168,1,151,103,188,74,46,221,17,40,93,195,205,225,146,228,198,109,160,91,210,166,203,1,48,73,201,241,204,147,234,226,24,153,167,131,55,37,133,140,180,210,231,242,74,81,233,18,60,210,26,184,85,79,60,13,167,41,105,241,64,180,135,137,168,161,166,103,168,74,100,9,17,149,65,7,197,225,187,76,141,160,91,4,232,203,1,48,73,173,66,119,23,109,110,91,210,166,203,1,48,148,201,241,239,137,137,249,198,91,160,79,210,166,203,1,167,88,98,94,168,1,151,103,188,74,46,221,17,40,93,195,205,225,146,228,198,109,160,91,210,166,203,1,48,73,201,241,204,147,234,226,24,153,167,131,55,37,133,140,180,210,231,242,74,81,233,18,60,210,26,184,85,79,60,13,167,41,105,241,64,180,135,137,168,161,166,103,168,74,100,9,17,149,65,7,197,225,187,76,141,160,91,4,232,203,1,48,73,173,66,119,23
Best fitness found so far: 0.8738090492414999; k: 2.0
Generation: 98; 0.8738090492414999; k: 2.0; 139,23,118,167,15,16,17,146,65,239,81,137,157,198,91,160,17,210,166,203,1,209,187,212,26,57,91,72,85,210,166,203,222,203,180,97,19,92,91,194,65,64,135,167,241,34,92,17,140,180,186,196
Best fitness found so far: 0.8738090492414999; k: 2.0
Generation: 99; 0.8738090492414999; k: 2.0; 102,23,53,167,241,241,17,146,65,239,137,182,249,198,109,110,91,210,166,203,1,48,148,201,241,239,137,137,249,198,16,160,79,174,166,203,1,167,88,98,94,112,1,151,103,188,74,46,221,17,40,93,195,205,128,146,228,198,109,160,91,210,166,203,1,48,73,201,241,14,147,234,244,24,153,167,131,55,37,133,140,4,210,91,242,1,231,244
Best fitness found so far: 0.8738090492414999; k: 2.0
Generation: 100; 0.8738090492414999; k: 2.0; 139,23,118,167,15,241,17,146,65,239,81,137,157,198,91,160,17,210,166,83,36,85,13,212,126,16,85,160,73,220,17,137,249,199,91,160,91,210,166,203,1,48,73,168,241,175,9,17,184,225,78,42,138,164,151,53,88,155,210,169,33,110
Best fitness found so far: 0.8738090492414999; k: 2.0
Generation: 101; 0.8738090492414999; k: 2.0; 16,173,118,167,15,241,17,146,65,239,81,137,157,198,177,160,17,210,166,203,51,85,187,33,26,16,119,160,73,189,17,146,65,239,137,218,9,198,91,114,91,210,136,203,36,58,81,109,69,148,205,111,198,120,241,19,119,17,218,180,175,58,33,151,45,228,173,19,92,142,33,142,187,129,199,180,200,127,139
Best fitness found so far: 0.8738090492414999; k: 2.0
Generation: 102; 0.8738090492414999; k: 2.0; 130,81,118,167,15,241,153,146,181,239,81,137,157,198,91,50,17,210,178,123,36,85,13,212,185,203,222,203,180,97,19,228,206,194,65,64,111,192,180,121,92,17,121,228,17,180,180,10,58,33,49,45,228,193,14,71,81,233,207,91,210,26,123,77,79,60,13,87,41,105,241,64,180,135,192,149,127,166,39,168,74,100,9,20,112,65,75,180,18,58,244,167,174,42,37,63,88,180,210,169,176,184
Best fitness found so far: 0.8738090492414999; k: 2.0
Generation: 103; 0.8738090492414999; k: 2.0; 139,23,118,167,15,241,17,146,65,239,81,137,7,198,91,160,17,210,166,83,36,85,13,212,161,16,85,57,35,220,17,137,249,199,91,160,91,40,166,203,1,187,37,168,241,223,48,17,41,225,112,152,138,164,151,53,88,155,210,169,33,167,241,241,17,146,65,239,205,137,249,198,91,160,231,210,235,203,1,4,187,97,26,91,68,121,24,81,137,157,198,91,50,17,210,178,123,36,85,13,212,35,203,91,195,146,60,148,71,56,35,198,91,160,91,210,166,203,1,48,73,191,168,69,116,43
Best fitness found so far: 0.8738090492414999; k: 2.0
Generation: 104; 0.8738090492414999; k: 2.0; 102,23,53,167,241,241,17,146,65,239,137,182,249,198,109,110,147,210,166,203,172,48,148,201,241,239,137,137,249,145,6,160,79,194,166,203,1,167,88,98,94,168,1,201,93,188,74,161,221,17,101,60,195,205,225,146,228,198,109,141,167,241,241,17,146,65,239,137,137,249,198,109,160,85,210,166,203,1,48,73,201,241,204,24,234,226,24,116,167,131,55,37,133,159,6,210,246,58,95,42
Best fitness found so far: 0.8738090492414999; k: 2.0
Generation: 105; 0.8738090492414999; k: 2.0; 139,23,118,167,15,241,17,146,65,99,81,137,57,198,91,160,17,210,166,203,36,17,146,65,239,137,137,249,198,91,160,91,55,187,30,22,220,141,225,16,26,145,205,111,26,45,19,225,69,177,43
Best fitness found so far: 0.8738090492414999; k: 2.0
Generation: 106; 0.8738090492414999; k: 2.0; 139,23,193,125,241,241,17,146,65,179,71,137,249,198,91,35,55,210,166,203,1,209,200,212,26,198,91,160,85,210,166,203,222,203,180,97,19,92,91,41,198,212,160,233,210,187,30,22,220,92,171,229,153,103,214
Best fitness found so far: 0.8738090492414999; k: 2.0
Generation: 107; 0.8738090492414999; k: 2.0; 102,23,53,167,241,241,17,146,65,239,137,182,249,198,109,110,147,210,166,203,1,48,148,201,241,239,137,137,217,198,91,160,79,194,166,148,1,167,88,247,94,168,1,201,93,188,74,127,221,17,40,60,195,205,225,146,228,198,109,160,45,210,166,154,111,48,73,201,241,204,147,40,167,241,241,17,96,222,239,137,137,232,116,91,160,91,210,93,241,14,106,175,180,7,175,58,33,126,45,228,208,85,149,225,71,121,33,1,151,246,241,221,230,129,38,139,219,16,225,128,205,94,79,138,23,45,1,151,168
Best fitness found so far: 0.8738090492414999; k: 2.0
Generation: 108; 0.8738090492414999; k: 2.0; 16,23,118,167,93,241,17,146,65,239,81,137,157,198,91,160,17,200,166,203,53,85,34,212,26,16,119,103,81,157,239,197,91,160,17,96,219,203,164,85,34,86,26,16,119,160,248,189,17,155,65,239,137,218,9,198,91,114,91,210,136,198,36,58,81,187,129,83,180,200,127,139
Best fitness found so far: 0.8738090492414999; k: 2.0
Generation: 109; 0.8738090492414999; k: 2.0; 16,23,118,167,141,241,17,146,65,239,87,137,157,198,91,160,17,210,194,203,36,85,187,86,26,16,119,160,73,189,17,146,65,239,137,89,9,198,91,114,91,210,136,203,36,58,81,109,205,148,205,111,198,120,241,19,119,17,47,180,175,58,33,151,103,213,167,85,93,85,73,200,127,182,58,81,109
Best fitness found so far: 0.8738090492414999; k: 2.0
Generation: 110; 0.8738090492414999; k: 2.0; 102,23,53,167,241,241,17,146,65,239,137,182,31,198,109,110,147,210,166,203,1,48,2,201,241,239,137,137,249,198,91,160,50,194,166,203,1,167,88,98,94,168,1,30,22,220,108,225,198,91,160,173,210,50,203,1,85,153,212,131,145,68,121,91,105,241,2,137,52,137,85,19,166,243,5,167,213,75,55,116,65,239,197,225,19,202,184,128,194,65,64,187,167,241,78,37,17,213,180,186,196
Best fitness found so far: 0.8738090492414999; k: 2.0
Generation: 111; 0.8738090492414999; k: 2.0; 16,23,118,167,15,241,17,146,65,239,81,137,9,198,91,160,17,210,166,203,36,85,187,212,26,16,69,160,73,91,114,82,210,179,203,36,58,81,109,69,148,205,111,198,120,241,19,119,17,218,42,175,58,33,151,45,228,173,19,92,142,33,142,187,129,182,180,200,127,139
Best fitness found so far: 0.8738090492414999; k: 2.0
Generation: 112; 0.8738090492414999; k: 2.0; 139,197,118,167,15,241,17,146,65,239,81,137,7,198,91,160,17,210,166,83,36,85,13,212,161,114,85,57,35,220,17,137,249,199,91,160,91,40,166,203,1,168,37,168,241,172,48,17,137,225,112,122,138,164,151,53,88,155,210,169,33,167,241,241,17,146,65,239,205,137,249,198,91,160,231,210,235,203,1,4,187,97,26,91,68,121,24,81,137,157,42,91,50,17,210,178,11,36,57,13,212,35,203,91,195,146,60,148,71,56,35,198,91,160,91,210,166,203,1,48,73,191,168,69,116,43,81,137,7,198,91,160,17,210,166,83,36,85,13,212,161,114,85,57,35,220,17,137,249,199,91,160,91,40,166,203,1,168,37,168,241,172,48,17,137,225,112,122,138,164,151,53,88,155,210,169,33,167,241,241,17,146,65,239,205,137,249,198,91,160,231,210,235,203,1,4,187,97,26,91,68,121,24,81,137,157,42,91,50,17,210,178,11,36,57,13,212,35,203,91,195,146,60,148,71,56,35,198,91
Best fitness found so far: 0.8738090492414999; k: 2.0
Generation: 113; 0.8738090492414999; k: 2.0; 16,137,118,167,15,241,17,146,65,239,81,137,157,198,91,160,17,210,78,203,36,28,36,114,91,183,54,146,65,239,81,24,157,198,91,160,17,100,166,203,36,120,187,112,26,16,130,160,234,180,17,146,65,45,137,107,9,216,91,148,47,9,37,59,36,110,181,20,205,97,223,111,198,120,241,14,119,17,180,180,38,29,33,151,45,228,237,85,149,225,193,121,194,1,151,246,154,144,230,129,38,114,219,184,225,128,111,219,165,114,247,149,45,133,90,231,218,144,184,128,194,149,64,105,42,208,110
Best fitness found so far: 0.8738090492414999; k: 2.0
Generation: 114; 0.8738090492414999; k: 2.0; 139,23,118,167,15,241,17,146,65,239,81,137,247,198,223,160,17,210,98,203,91,210,166,111,36,85,187,227,26,121,119,160,75,180,18,58,33,44,45,228,240,82,26,195,19,225,247,54,55,210,52,203,1,13,149,212,72,16,207,160,85,210,166,203,222,192,141,97,19,92,91,200,127,139
Best fitness found so far: 0.8738090492414999; k: 2.0
Generation: 115; 0.8738090492414999; k: 2.0; 16,173,118,167,15,241,17,146,237,239,81,137,157,198,177,160,17,210,166,203,51,85,187,155,3,16,119,160,73,189,17,146,65,125,137,218,9,194,91,114,92,158,167,24,234,42,146,181,239,81,137,73,198,91,50,17,210,178,123,36,85,13,212,218,65,239,36,225,19,196,184,128,194,234,64,105,93,119,151,73,229,17,146,226,239,172,218,9,198,91,114,91,81,109,205,148,31,34,198,226,241,19,119,30,47,167,241,241,17,54,65,239,137,137,41,198,44,160,124,210,187,30,22,153,92,225,48,153,103,214,65,125,137,218,9,194,91,114,92,158,167,24,234,42,146,181,239,81,137,73,198,91,50,17,210,178,123,36,85,13,212,218,65,239,36,225,19,196,184
Best fitness found so far: 0.8738090492414999; k: 2.0
Generation: 116; 0.8738090492414999; k: 2.0; 16,23,118,167,15,241,17,146,65,239,81,137,191,198,91,160,17,210,166,203,36,85,187,212,164,17,8,160,73,8,17,146,18,250,137,218,15,36,217,114,54,163,136,203,36,58,235,167,15,241,37,146,245,239,81,137,157,198,91,160,17,210,166,203,36,85,187,212,26,16,119,160,115,189,12,146,206,214,137,127,9,198,91,178,91,210,160,203,36,174,81,109,205,148,205,111,179,208,241,19,119,17,177,213,175,53,33,151,19,228,246,170,93,135,73,46,139
Best fitness found so far: 0.8738090492414999; k: 2.0
Generation: 117; 0.8738090492414999; k: 2.0; 16,23,118,167,15,241,41,146,65,239,81,137,157,198,91,160,17,210,166,203,56,78,86,212,26,16,123,17,91,160,91,210,187,95,176,75,180,18,58,244,97,30,143,157,63,88,180,210,169,239,184
Best fitness found so far: 0.8738090492414999; k: 2.0
Generation: 118; 0.8738090492414999; k: 2.0; 16,173,118,167,15,241,17,146,237,239,81,157,157,198,177,160,17,210,166,203,51,85,187,33,3,16,119,28,73,189,17,146,67,125,137,218,9,194,91,114,92,158,175,172,234,153,146,181,239,81,137,157,198,91,50,17,210,178,123,36,85,13,212,218,65,239,36,225,124,196,184,128,194,234,64,105,93,181,73,103,139
Best fitness found so far: 0.8738090492414999; k: 2.0
Generation: 119; 0.8738090492414999; k: 2.0; 139,23,118,167,15,241,17,146,65,239,81,137,157,198,91,160,17,210,166,203,36,85,2,212,126,16,85,160,73,180,17,146,36,239,137,137,198,198,91,114,91,210,37,17,91,160,91,210,13,212,126,16,85,122,73,220,17,137,249,27,91,160,91,210,166,203,1,48,73,168,241,183,9,17,184,225,78,42,138,164,151,53,88,155,210,169,33,110
Best fitness found so far: 0.8738090492414999; k: 2.0
Generation: 120; 0.8738090492414999; k: 2.0; 107,173,118,167,15,241,17,146,237,239,81,137,157,8,127,160,17,210,166,203,51,85,187,33,26,16,119,160,73,189,17,146,65,125,137,218,9,198,91,114,92,158,167,24,234,153,146,181,239,81,137,114,198,91,50,17,210,178,123,36,85,189,146,65,74,81,137,157,198,91,160,17,210,166,203,36,85,187,212,26,16,119,160,73,180,17,146,65,239,137,137,9,198,2,114,91,9,37,203,36,156,81,109,205,148,120,111,198,120,241,121,245,197,180,180,90,58,33,100,45,228,193,85,242,225,71,121,33,1,57,168,8,6,239,48,127,109,77,50,160,25,210,78,212,36,215,187,212,26,88,88,180,210,169,176,184
Best fitness found so far: 0.8738090492414999; k: 2.0
Generation: 121; 0.8738090492414999; k: 2.0; 245,23,118,167,15,241,17,146,65,239,81,137,157,198,91,160,17,210,246,203,36,85,187,212,26,16,119,160,55,180,17,146,65,76,137,137,9,198,91,114,22,210,37,203,36,58,81,109,205,148,224,111,198,120,241,121,119,17,135,180,175,58,132,151,45,228,193,85,93,85,73,80,243,207,209,166,103,39,181,101,237,170,61,71,159,150,152,9,17,121,27,64,185,32,239,215,122,17,150,234,59,24,180,139,131,55,220,17,97,180,210,111,174,71,81,203,36,85,187,227,205,36,198,133,241,121,119,17,180,153,162,23,118,153,160,240,17,146,65,239,81,54,157,198,91,63,17,210,166,203,113,85,187,38,26,16,132,160,73,143,17,146,65,239,137,137,9,198,91,114,91,9,37,203,36,42,81,103,205,97,177,111,198,120,241,121,115,20,180,70,175,58,33,151,45,228,208,85,242,225,226,121,33,1,151,246,241,144,230,129,38,139,219,184,225,128,205,163,225,138,23,76,1,151,168,205,148,224,111,198,120,241,121,119,17,135,180,175
Best fitness found so far: 0.8738090492414999; k: 2.0
Generation: 122; 0.8738090492414999; k: 2.0; 139,23,233,167,241,241,17,146,13,239,141,167,249,198,91,160,55,210,166,203,154,242,187,212,26,91,125,160,91,65,239,111,124,120,241,121,119,193,227,180,175,58,33,151,45,228,193,41,93,85,126,80,243,218,209,166,103,39,181,101,236,170,31,71,159,150,152,90,17,121,27,17,185,32,239,215,91,160,91,210,166,203,1,48,73,67,94
Best fitness found so far: 0.8738090492414999; k: 2.0
Generation: 123; 0.8738090492414999; k: 2.0; 16,23,118,167,15,241,17,146,65,239,81,137,157,198,91,160,17,210,78,203,36,28,187,212,38,88,88,180,91,114,43,210,37,17,91,160,19,210,187,30,176,75,190,18,58,244,175,30,42,49,63,88,180,210,169,239,184
Best fitness found so far: 0.8738090492414999; k: 2.0
Generation: 124; 0.8738090492414999; k: 2.0; 47,173,118,167,15,241,17,146,237,239,81,137,157,198,177,160,17,210,166,203,51,85,187,237,26,16,119,160,73,189,17,146,80,125,137,218,9,235,91,114,92,158,167,24,234,153,146,181,239,81,137,157,198,91,50,17,210,178,151,103,188,74,46,221,17,40,93,195,46,128,146,228,198,109,160,91,210,166,203,1,48,73,201,241,14,147,234,244,146,153,167,131,55,37,133,140,4,210,91,242,1,231,244,51
Best fitness found so far: 0.8738090492414999; k: 2.0
Generation: 125; 0.8738090492414999; k: 2.0; 16,23,118,167,15,241,17,146,65,54,81,137,157,198,91,160,17,210,166,203,36,85,187,212,26,16,119,160,73,189,17,245,65,239,137,218,9,198,91,114,91,210,136,203,36,58,81,109,205,148,205,111,198,120,63,19,119,17,47,180,175,58,33,151,103,213,167,133,93,85,73,30,22,220,108,225,198,62,160,173,178,50,205,111,198,120,163,121,119,20,201,180,175,58,33,151,45,228,193,138,23,76,1,151
Best fitness found so far: 0.8738090492414999; k: 2.0
Generation: 126; 0.8738090492414999; k: 2.0; 231,23,113,167,241,146,95,146,65,239,137,137,249,198,91,160,91,210,132,203,1,112,180,242,137,168,1,35,103,60,3,46,112,121,27,1,58,81,72,205,148,205,111,198,144,31,121,166,212,180,180,175,58,33,151,222,228,193,138,149,130,1,151
Best fitness found so far: 0.8738090492414999; k: 2.0
Generation: 127; 0.8738090492414999; k: 2.0; 139,23,118,167,15,241,17,146,65,239,81,137,39,198,91,160,91,210,166,83,36,41,13,212,161,16,85,76,35,220,17,72,249,199,143,26,16,40,166,203,203,187,37,168,227,223,194,17,147,111,112,152,152,164,151,53,88,155,210,169,90,167,156,57,21,146,65,239,125,154,5,198,91,160,231,210,203,36,28,36,114,91,16,5,146,2,27,81,133,157,198,91,160,112,100,166,203,36,120,187,217,75,144,130,160,168,43,17,146,65,45,137,107,9,216,143,148,91,9,37,181,36,110,181,20,205,97,223,111,198,120,241,14,119,20,247,180,175,58,33,151,45,228,237,85,149,225,71,121,33,1,151,246,241,144,230,129,181,139,17,184,225,128,132,28,136,203,36,174,81,201,205,148,205,111,179,208,241,73,169,17,108,180,175,58,33,151,45,228,246,85,93,181,73,103,139
Best fitness found so far: 0.8738090492414999; k: 2.0
Generation: 128; 0.8738090492414999; k: 2.0; 202,23,53,167,241,241,17,146,231,239,137,182,249,198,109,110,147,210,166,203,215,48,148,201,241,77,137,137,217,198,91,160,79,194,166,148,1,167,88,247,94,168,1,201,93,188,74,127,221,17,40,60,195,205,225,146,228,198,109,160,45,210,166,154,111,48,73,201,241,204,147,40,167,240,241,17,97,222,239,137,137,24,116,91,160,91,210,93,241,14,106,175,38,7,175,58,33,126,45,228,208,85,149,225,71,250,33,1,205,111,19,119,17,47,180,32,58,33,151,66,213,167,85,93,85,73,30,22,220,108,21,198,91,160,173,210,50,203,1,85,70,86,26,145,178,58,165,105,241,2,180,52,137,89,19,166,243,5,167,21,75,71,116,3,239,197,225,19,202,184,128,194,108,64,187,167,241,200,23,17,213,180,186,196
Best fitness found so far: 0.8738090492414999; k: 2.0
Generation: 129; 0.8738090492414999; k: 2.0; 102,23,53,167,241,241,17,146,65,239,137,182,249,198,109,110,91,210,166,203,1,48,176,201,241,239,137,137,249,198,91,160,79,210,228,203,1,229,8,98,94,168,1,151,103,188,92,46,221,17,147,93,195,205,225,108,228,198,109,160,91,210,166,203,1,48,73,201,241,204,145,234,226,24,153,50,131,55,143,133,204,180,210,231,242,74,139,233,18,60,210,26,110,85,79,60,13,167,41,105,241,64,180,246,137,168,161,128,26,60,74,100,9,98,149,65,7,197,225,187,76,141,160,91,4,126,17,1,48,73,173,66,119,144,109,110,197,210,166,203,1,48,198,91,160,17,210,78,110,170,28,187,212,26,88,88,180,210,169,176,184
Best fitness found so far: 0.8738090492414999; k: 2.0
Generation: 130; 0.8738090492414999; k: 2.0; 139,23,118,167,15,241,17,146,65,99,81,137,157,198,91,160,17,210,166,203,36,119,175,184,189,17,211,220,108,225,198,91,160,173,210,50,203,1,85,153,212,26,93,68,121,233,105,241,2,180,52,137,85,19,166,182,5,167,21,75,72,116,23,239,197,86,19,202,184,128,194,65,64,187,167,241,78,37,17,213,180,186,196,220,108,225,198,91,160,173,210,50,203,1,85,153,212,26,93,68,121,233,105,241,2,180,52,137,85,19,166,182,5,167,21,75,72,116,23,239,197,86,19,202
Best fitness found so far: 0.8738090492414999; k: 2.0
Generation: 131; 0.8738090492414999; k: 2.0; 139,23,118,167,15,241,17,146,65,99,81,137,157,198,91,160,17,210,166,203,36,197,160,31,189,189,146,65,239,137,218,9,198,91,114,91,16,17,110,65,239,81,69,157,198,91,160,17,100,166,203,36,120,187,38,26,16,130,160,168,180,17,146,91,160,17,210,166,180,97,85,187,212,26,16,119,160,115,189,93,146,65,239,137,127,9,198,91,178,91,210,158,203,36,13,81,109,176,148,205,111,179,208,114,19,119,17,108,180,175,53,33,147,45,228,246,170,93,135,100,103,188
Best fitness found so far: 0.8738090492414999; k: 2.0
Generation: 132; 0.8738090492414999; k: 2.0; 139,23,118,167,111,16,17,146,65,239,81,137,157,198,91,160,17,210,158,203,36,85,95,212,26,218,119,160,73,114,17,146,214,239,137,137,9,198,91,114,91,9,37,203,210,58,81,109,205,148,205,111,190,7,241,121,119,20,180,180,175,58,33,151,45,228,106,85,242,225,71,121,197,1,151,168,8,6,239,154,127,109,233,234,59,247,68,12,166,245,165,201,205,111,198,108,241,19,76,1,151,244,160,17,210,158,203,36,85,95,212,26,218,119,160
Best fitness found so far: 0.8738090492414999; k: 2.0
Generation: 133; 0.8738090492414999; k: 2.0; 139,81,118,140,15,241,17,146,181,239,81,137,157,198,91,50,17,210,178,123,36,85,21,212,126,203,222,203,180,97,19,92,91,241,65,64,135,167,180,121,92,17,15,97,17,146,181,239,81,137,178,198,91,50,192,210,178,123,36,85,196,212,126,203,86,203,180,97,184,92,139,23,118,167,15,241,17,146,65,239,137,137,57,198,91,160,11,210,166,156,36,85,198,228,26,16,12,160,73,180,19,198,105,105,241,76,180,131,235
Best fitness found so far: 0.8738090492414999; k: 2.0
Generation: 134; 0.8738090492414999; k: 2.0; 16,43,118,167,15,241,41,146,65,239,81,137,157,198,91,160,17,210,166,203,36,85,86,212,26,16,123,36,85,196,212,126,203,222,203,180,97,19,92,139,92,118,167,15,241,17,146,65,239,137,137,64,198,183,32,11,210,166,156,36,85,187,212,26,146,210,115,65,155,181,137,249
Best fitness found so far: 0.8738090492414999; k: 2.0
Generation: 135; 0.8738090492414999; k: 2.0; 102,23,53,167,241,241,17,146,65,239,137,182,249,198,109,110,147,210,166,203,1,48,148,201,241,239,137,137,249,198,91,160,79,194,166,161,1,167,88,98,230,168,1,201,93,188,74,127,221,17,40,60,195,205,225,146,228,198,109,160,45,210,166,69,111,48,73,201,241,204,147,241,167,241,241,17,146,65,107,218,9,198,91,114,91,210,136,203,36,58,81,109,205,148,205,111,24,108,175,19,76,1,151,244
Best fitness found so far: 0.8738090492414999; k: 2.0
Generation: 136; 0.8738090492414999; k: 2.0; 139,23,118,167,15,16,17,146,65,239,81,137,157,198,91,160,17,210,224,203,36,85,187,227,205,36,198,120,241,121,119,17,180,180,162,58,33,151,45,228,193,50,17,210,178,30,36,85,13,212,126,203,91,195,146,65,239,71,137,35,198,91,160,91,210,166,24,1,91,73,191,168,69,116,213,50,17,210,178,30,36,85,13,212,126,203,91,195,146,65,239,71,137,35,198,91,160,91,210,166,24,1,91
Best fitness found so far: 0.8738090492414999; k: 2.0
Generation: 137; 0.8738090492414999; k: 2.0; 139,23,118,167,15,241,17,146,65,239,81,137,157,198,91,160,17,210,156,203,36,85,187,212,26,91,68,121,24,81,137,157,198,91,50,17,210,178,123,36,85,13,212,35,65,91,195,146,60,248,71,56,35,198,91,160,210,88,166,203,1,48,73,191,168,69,116,43
Best fitness found so far: 0.8738090492414999; k: 2.0
Generation: 138; 0.8738090492414999; k: 2.0; 102,23,53,167,241,241,17,146,65,239,137,182,249,198,109,110,91,210,166,203,1,100,148,201,241,239,38,137,249,198,16,160,79,174,166,203,1,167,88,98,212,112,1,151,103,188,191,46,221,17,40,93,195,205,128,146,228,198,109,160,91,210,166,203,59,24,180,94,131,55,220,17,97,180,232,111,174,71,81,146,205,128,205,111,16,45,19,225,240,35,43
Best fitness found so far: 0.8738090492414999; k: 2.0
Generation: 139; 0.8738090492414999; k: 2.0; 16,23,118,167,19,241,17,146,65,239,81,137,157,198,113,160,17,210,166,203,49,85,187,212,26,134,119,160,73,189,17,146,65,82,137,218,91,84,91,114,91,210,136,203,36,58,197,109,205,148,118,167,15,241,17,146,65,239,81,137,157,198,91,160,17,128,78,203,36,150,187,212,143,16,14,160,73,229,17,146,65,239,107,218,9,198,91,114,91,210,136,203,36,58,81,109,206,245,205,111,198,108,241,19,76,1,151,244
Best fitness found so far: 0.8738090492414999; k: 2.0
Generation: 140; 0.8738090492414999; k: 2.0; 16,23,18,167,15,241,17,146,65,49,81,192,5,198,91,160,17,210,166,203,36,85,34,212,26,16,119,160,81,137,157,197,91,160,17,96,166,203,164,85,34,111,26,16,119,160,92,189,17,155,65,71,137,218,9,69,91,20,199,210,136,203,36,118,81,86,205,187,249,99,19,119,2,13,180,43,58,33,151,66,213,167,85,93,85,73,30,22,220,108,108,198,91,244,173,234,50,203,70,85,153,212,155,145,68,58,165,105,241,2,180,129,137,89,19,166,243,5,210,21,75,216,116,65,239,197,225,230,202,184,128,194,108,64,187,42,241,5,23,203,213,180,186,196,155,65,239,137,218,9,198,91,114,91,210,136,203,36,58,81,109,205,112,36,28,187,212,26,16,119,151,73,229,17,146,226,239,107,218,9,198,91,114,91,81,109,205,148,31,34,198,131,241,19,206,163,47,167,241,241,17,146,65,239,137,137,41,198,44,160,233,210,187,30,22,75,92,127,48,153,103,214
Best fitness found so far: 0.8738090492414999; k: 2.0
Generation: 141; 0.8738090492414999; k: 2.0; 102,23,53,167,241,241,17,146,65,239,137,182,249,198,109,110,91,210,166,203,1,48,148,201,241,239,137,137,249,158,91,160,79,210,228,203,1,73,88,98,94,168,1,151,103,188,74,46,221,17,147,93,195,205,225,21,228,198,109,160,91,210,166,159,1,48,73,238,241,204,147,234,226,24,153,106,243,55,143,133,140,180,96,107,242,93,139,233,18,60,210,26,184,85,79,60,13,167,41,105,241,64,180,135,137,168,161,67,103,60,74,100,9,17,96,65,7,207,225,187,76,141,160,91,4,126,17,1,48,73,173,66,119,144,109,110,197,210,166,203,1,48,148,201,204,239,137,137,249,182,91,160,79,210,166,203,1,167,88,98,94,85,18,223,174,167,241,17,17,146,139,239,2,128,249,198,91,160,55,221,166,134,1,242,187,212,114,91,125,236,91,65,239,197,116,19,202,118,128,194,65,64,243,42,33,110
Best fitness found so far: 0.8738090492414999; k: 2.0
Generation: 142; 0.8738090492414999; k: 2.0; 16,23,118,167,15,241,17,146,65,239,81,137,157,198,91,160,17,210,166,203,49,85,187,212,26,16,119,160,217,189,17,146,50,239,137,218,91,84,91,114,91,210,136,203,36,58,197,109,205,148,205,111,198,120,241,19,119,17,47,180,175,58,33,151,103,213,167,85,93,103,73,157,22,220,111,225,198,91,160,173,210,50,161,114,85,153,212,26,145,68,49,91,105,241,2,202,52,137,37,203,36,110,81,20,205,97,205,111,198,120,241,33,119,181,180,180,76,58,33,151,12,228,208,85,242,225,241,17,146,65,239,137,182,249,198,75,110,91,210,166,187,1,48,148,201,241,239,136,137,249,198,179,160,79,174,166,203,1,167,202,98,94,112,1,151,103,188,74,46,221,17,40,93,195,205,128,172,228,198,109,160,91,210,166,203,1,155,73,201,241,14,147,234,244,162,153,167,131,55,37,133,57,4,210,91,242,1,231,244,50,239,137,218,91,84,91,114,91,210,136,203,36,58,197,109,205,148,205,111,198,120,241,19,119,17,47,180,175,58,33,151,103,213,167,85,93,103,73,157,22,220,111,225,198,91,160,173,210,50,161,114,85,153,212,26,145,68,49,91,105,241,2,202,52,137,37,203,36,110,81,20,205,97,205,111,198,120,241,33,119,181,180
Best fitness found so far: 0.8738090492414999; k: 2.0
Generation: 143; 0.8738090492414999; k: 2.0; 139,23,118,167,15,71,17,146,65,239,81,137,157,198,91,160,17,210,116,203,36,85,187,212,26,156,146,65,239,137,147,9,39,91,30,91,227,37,28,1,58,81,72,205,148,205,111,198,144,163,121,119,20,180,198,175,58,33,151,222,228,186,196
Best fitness found so far: 0.8738090492414999; k: 2.0
Generation: 144; 0.8738090492414999; k: 2.0; 139,23,118,167,15,241,17,146,65,239,81,137,233,198,91,70,17,210,114,203,36,83,16,212,167,212,119,22,73,180,117,124,65,239,126,16,85,160,73,180,17,146,36,239,81,142,9,198,91,114,250,210,37,17,91,160,91,210,187,30,17,220,86,137,137,249,198,91,160,11,210,166,203,36,79,187,78,127,106,58,158,45,66,6,167,241,146,210,172,65,76,233,137,249,83,16,212,167,212,119,22,73,180,117,124,65,239,126,16,85,160,73,180,17,146,36,239,81,142,9,198,91,114,250,210,37,17,91
Best fitness found so far: 0.8738090492414999; k: 2.0
Generation: 145; 0.8738090492414999; k: 2.0; 16,23,118,167,15,241,17,146,65,239,81,137,197,198,91,160,17,210,166,203,36,85,187,212,26,16,119,160,73,232,17,57,65,41,137,218,9,198,91,114,91,210,88,203,36,58,81,109,205,143,205,111,198,120,241,19,119,17,47,180,175,58,33,151,103,213,167,129,93,85,73,30,22,220,76,121,198,91,160,173,210,50,203,1,85,153,212,26,145,68,121,91,105,241,2,180,52,137,85,19,166,243,5,167,21,75,71,116,64,239,197,225,19,65,64,135,192,180,121,92,17,121,228,17,180,180,10,58,33,49,45,228,193,85,93,60,14,180,43,111,174,71,11,107,213,128,205,111,16,45,19,225,69,116,43
Best fitness found so far: 0.8738090492414999; k: 2.0
Generation: 146; 0.8738090492414999; k: 2.0; 139,23,118,167,161,241,17,146,65,24,81,137,105,198,91,160,17,210,166,203,36,119,233,184,189,17,146,65,136,137,218,9,137,137,9,198,109,114,43,210,37,17,135,94,91,210,187,30,176,75,180,18,133,244,175,30,42,37,63,88,118,210,169,239,184
Best fitness found so far: 0.8738090492414999; k: 2.0
Generation: 147; 0.8738090492414999; k: 2.0; 16,23,118,167,15,241,17,146,65,239,81,137,157,198,91,160,17,210,166,203,49,85,187,212,26,16,119,160,73,189,17,146,65,239,137,218,91,84,91,114,91,210,136,203,36,81,197,109,205,148,205,111,198,120,241,19,119,17,47,180,175,58,33,151,103,213,167,183,93,85,73,79,22,220,108,225,198,91,160,78,210,50,203,114,85,153,212,26,145,68,49,91,105,241,2,202,52,137,37,203,36,110,81,20,205,198,91,37,17,64,166,203,36,85,187,212,26,16,119,160,73,180,17,146,65,239,160,137,9,198,91,106,91,210,37,185,36,58,34,109,205,148,205,111,124,116,241,121,169,193,180,180,195,58,33,151,45,228,193,41,93,132,126,80,243,218,209,166,103,39,181,101,237,119,31,71,159,150,152,9,17,121,27,200,185,32,239,215,91,160,91,210,166,203,1,48,188,67,108
Best fitness found so far: 0.8738090492414999; k: 2.0
Generation: 148; 0.8738090492414999; k: 2.0; 139,23,118,167,15,241,17,146,65,239,81,137,233,198,91,70,17,5,166,203,36,85,197,91,160,17,96,166,203,164,85,154,212,26,16,119,160,73,189,17,155,65,239,137,218,180,198,91,114,91,210,136,203,36,58,57,109,205,112,249,164,19,157,209,47,180,175,58,33,151,66,213,167,85,93,85,73,30,22,220,108,108,198,91,160,173,210,50,203,70,85,153,88,202,145,68,58,165,30,241,2,180,52,137,89,19,166,243,5,221,21,75,216,116,65,239,197,225,6,202,184,218,194,108,64,108,42,241,5,23,17,238,180,186,196,155,65,239,137,218,9,198,91,114,91,210,136,39,36,58,79,109,205,112,249,111,19,119,60,47,180,175,63,244,151,66,213,167,85,93,85,73,30,22,220,108,108,198,91,160,173,210,50,203,70,85,213,212,155,145,68,58,165,105,241
Best fitness found so far: 0.8738090492414999; k: 2.0
Generation: 149; 0.8738090492414999; k: 2.0; 102,23,53,167,241,241,17,146,65,239,137,182,249,198,109,110,91,210,166,203,1,48,148,201,241,239,137,137,249,198,91,160,79,210,166,203,1,167,88,98,50,168,1,151,103,73,74,46,221,17,40,93,195,205,225,146,228,198,109,160,91,210,166,203,1,48,73,212,241,204,147,77,226,24,153,167,131,55,37,133,140,86,210,231,242,74,81,233,18,60,210,26,184,85,79,60,13,167,41,105,241,64,180,135,137,168,161,166,115,168,74,100,9,17,36,65,7,197,225,187,76,141,160,91,4,232,203,1,48,200,173,66,119,23,109,110,172,210,99,203,1,48,148,30,241,239,137,137,249,83,91,160,79,210,166,203,1,167,88,98,94,168,1,151,103,188,74,46,221,17,40,93,195,132,225,146,220,198,109,160,91,210,166,203,1,48,73,201,241,205,147,234,226,24,153,167,131,55,37,250,140,180,210,231,242,74,81,233,18,88,210,26,184,85,79,60,13,167,41,105,241,64,180,135,137,168,161,166,103,217,74,189,9,17,149,65,7,59,225,187,76,141,160,91,4,232,203,1,48,73,173,210,166,203,36,85,187,212,26,16,119,160,73,180,17,124,65,239,15,108,9,198,172,114,250,210,37,203,46,213,81,109,205,43,205,111,82,120,241,121,119,17,180,180,175,239,33,151,45,228,193,101,93,85,73,80,243,207,209,166,103,235,181,101,237,170,61,71,159,150,152,139
Best fitness found so far: 0.8738090492414999; k: 2.0
Generation: 150; 0.8738090492414999; k: 2.0; 139,23,118,167,15,241,17,146,65,239,163,137,7,198,91,160,17,210,166,83,36,85,13,212,161,16,85,57,233,220,17,137,33,199,91,160,91,40,166,191,1,187,37,168,241,84,48,17,41,225,112,152,66,164,151,53,88,155,210,169,33,167,241,76,1,151,168
Best fitness found so far: 0.8738090492414999; k: 2.0
Generation: 151; 0.8738090492414999; k: 2.0; 139,23,153,68,15,241,17,146,111,179,81,137,157,13,91,160,17,210,166,83,97,85,196,83,126,16,26,145,205,111,26,178,19,225,69,145,43
Best fitness found so far: 0.8738090492414999; k: 2.0
Generation: 152; 0.8738090492414999; k: 2.0; 139,23,233,167,241,241,17,146,13,239,137,167,249,198,91,160,55,210,166,203,1,162,187,212,26,91,125,64,91,65,22,197,116,106,123,187,129,199,180,200,127,139
Best fitness found so far: 0.8738090492414999; k: 2.0
Generation: 153; 0.8738090492414999; k: 2.0; 139,23,118,167,15,241,17,146,65,99,81,137,157,198,91,160,17,210,166,203,36,119,160,73,189,17,146,65,239,137,218,9,198,91,114,91,210,136,203,36,58,198,160,15,10,111,227,203,111,16,138,4,151,135,66,33,142,234,37,180,167,32,58,17,146,65,239,207,137,249,190,141,160,91,210,137,157,198,91,50,17,210,178,147,36,85,13,212,126,203,91,195,146,65,172,71,137,35,217,91,160,91,210,166,203,1,48,73,191,168,69,116,43
Best fitness found so far: 0.8738090492414999; k: 2.0
Generation: 154; 0.8738090492414999; k: 2.0; 57,23,118,167,15,241,17,146,65,239,81,137,157,198,91,160,17,210,98,203,36,85,4,212,26,16,119,160,73,180,17,21,65,239,137,119,9,198,242,114,70,210,37,203,36,58,81,109,3,237,205,111,198,120,241,121,228,17,180,180,25,58,33,151,45,228,193,85,93,85,14,80,243,65,239,137,14,107,198,31,114,91,210,37,203,36,58,81,201,8,148,205,111,198,120,241,121,228,17,180,33,25,139,23,174,167,241,241,17,146,139,239,2,128,249,198,91,160,55,210,166,149,1,155,187,20,116,91,125,236,27,184,239,197,116,19,202,184,128,194,65,64,105,42,208,6
Best fitness found so far: 0.8738090492414999; k: 2.0
Generation: 155; 0.8738090492414999; k: 2.0; 139,11,118,68,15,241,17,146,111,179,231,137,157,198,91,160,17,210,166,83,97,85,13,212,126,16,85,160,73,220,17,137,249,199,91,160,91,210,166,203,1,48,73,168,132,27,9,17,184,194,78,42,236,170,151,225,65,239,81,137,157,198,91,160,13,210,166,203,1,209,187,212,26,57,91,72,85,132,166,203,222,203,180,97,19,92,91,194,48,64,135,167,241,234,92,17,140,239,186,196
Best fitness found so far: 0.8738090492414999; k: 2.0
Generation: 156; 0.8738090492414999; k: 2.0; 130,81,158,167,15,241,153,146,181,239,81,137,157,198,137,50,17,210,178,123,36,85,13,212,185,203,222,203,222,97,19,228,206,194,65,64,111,15,35,17,146,156,239,81,137,157,198,91,137,157,198,91,50,17,210,178,123,36,85,13,212,227,203,91,195,146,65,143,201,162,237,22,234,17,167,49,73,242,17,71,121,100,231,173,50,247,142,33,142,160,207,157,180,138,127,139
Best fitness found so far: 0.8738090492414999; k: 2.0
Generation: 157; 0.8738090492414999; k: 2.0; 139,23,78,167,241,241,17,146,145,239,137,137,249,198,91,160,55,210,166,203,1,242,187,22,159,91,125,205,91,65,239,197,102,19,196,184,109,198,250,64,145,67,16,45,19,227,69,116,43
Best fitness found so far: 0.8738090492414999; k: 2.0
Generation: 158; 0.8738090492414999; k: 2.0; 139,23,118,167,15,241,17,146,65,239,81,137,157,83,91,160,17,210,98,203,36,126,93,212,26,16,119,160,73,180,17,21,65,244,137,119,10,198,91,114,213,181,186,196
Best fitness found so far: 0.8738090492414999; k: 2.0
Generation: 159; 0.8738090492414999; k: 2.0; 139,23,118,167,111,16,17,146,65,239,81,137,29,198,91,160,17,210,158,203,36,85,187,96,26,218,119,160,73,114,17,146,65,239,137,137,9,198,91,114,115,9,37,118,36,58,81,109,229,148,205,111,198,120,241,121,119,20,180,180,241,175,9,17,184,225,78,42,138,164,151,53,88,185,210,169,33,167,241,241,17,146,115,239,137,137,249,198,91,160,55,44,166,203,1,4,187,212,26,91,68,121,24,224,91,160,91,210,187,30,109,220,17,88,180,190,243
Best fitness found so far: 0.8738090492414999; k: 2.0
Generation: 160; 0.8738090492414999; k: 2.0; 16,173,118,167,15,46,161,146,65,239,81,137,157,198,177,160,17,210,166,203,51,85,187,33,26,16,119,160,73,189,17,146,65,239,137,218,9,198,91,114,91,210,37,203,36,58,81,109,205,133,205,111,198,120,241,92,180,186,196
Best fitness found so far: 0.8738090492414999; k: 2.0
Generation: 161; 0.8738090492414999; k: 2.0; 139,23,118,167,95,241,17,146,65,239,81,137,157,198,91,160,17,210,166,203,36,85,187,212,80,16,119,160,13,180,17,146,65,239,160,137,9,198,91,114,173,210,37,185,240,58,81,109,205,148,205,111,124,120,241,65,239,137,137,64,198,91,89,11,210,166,157,156,54,187,212,26,16,119,160,73,180,19,198,41,105,241,23,180,58,235
Best fitness found so far: 0.8738090492414999; k: 2.0
Generation: 162; 0.8738090492414999; k: 2.0; 102,23,53,167,241,241,17,146,65,239,137,182,249,198,239,110,147,210,166,203,1,48,148,201,241,105,137,137,249,198,91,160,79,194,166,203,108,241,19,76,1,151,70
Best fitness found so far: 0.8738090492414999; k: 2.0
Generation: 163; 0.8738090492414999; k: 2.0; 139,23,118,167,15,241,49,146,65,239,81,137,7,198,91,160,17,210,166,23,36,85,13,212,161,16,85,57,73,220,17,137,249,199,91,160,91,40,166,203,1,48,22,168,241,223,9,17,182,225,78,152,138,164,136,53,88,155,210,169,110,167,241,241,17,146,65,239,137,137,249,198,91,160,55,210,13,203,112,4,187,97,26,91,68,121,24,224,91,160,91,131,187,30,22,220,204,207,65,195,205,225,97,201,208,127,91,210,151,184,105,49,70,160,17,210,166,203,36,85,187,212,26,147,194,160,73,180,17,42,65,239,137,137,9,198,91,114,91,9,37,203,36,58,81,109,205,148,205,119,198,16,241,121,119,20,180,180,175,58,33,151,45,228,193,85,242,225,71,121,33,1,151,168,8,6,239,48,127,109,233,49,59,95,68,12,166,209,165,201,89,150,97,220,182,146,17,146,118,44,151,137,249,198,160,160,79,111,166,203,1,203,211,4,151,135,75,33,142,234,23,180,167,241,58,17,146,65,239,27,137,209,190,141,160,91,210,166,35,1,40,73,25,92,142,33,142,109,129,57,180,182,153,139
Best fitness found so far: 0.8738090492414999; k: 2.0
Generation: 164; 0.8738090492414999; k: 2.0; 174,23,118,29,15,241,17,146,65,239,81,137,157,198,91,160,17,210,78,203,36,28,187,212,26,16,119,160,73,107,17,146,65,239,107,218,141,198,91,114,91,210,136,203,36,58,200,109,205,148,205,215,158,62,241,19,157,1,151,160,17,210,10,203,36,119,160,184,189,17,146,65,239,137,218,9,119,91,114,91,16,17,146,126,239,81,137,157,198,91,198,17,100,166,203,36,120,187,38,44,16,130,160,168,180,87,146,66,45,137,107,198,216,91,148,91,9,37,59,36,135,81,20,205,97,223,111,12,120,241,232,119,17,180,180,165,58,33,196,45,228,208,85,149,145,71,121,33,1,151,246,241,144,42,129,121,27,64,185,123,239,94,158,237,199,234,59,24,180,137,131,55,236,9,88,180,210,201,187,136,81,154,18,149,83,226,68,119,159,73,107,205
Best fitness found so far: 0.8738090492414999; k: 2.0
Generation: 165; 0.8738090492414999; k: 2.0; 139,23,118,167,15,241,85,146,65,99,81,137,57,198,91,160,17,210,166,203,36,17,146,65,239,137,137,249,198,65,239,165,137,249,198,91,160,91,210,132,203,1,12,180,242,137,168,1,35,103,226,3,46,93,121,27,232,185,175,239,99,137,35,198,91,160,91,210,166,56,1,48,73,191,168,69,137,43
Best fitness found so far: 0.8738090492414999; k: 2.0
Generation: 166; 0.8738090492414999; k: 2.0; 139,111,118,167,15,241,17,146,65,239,81,137,157,198,91,160,17,210,166,203,36,85,187,212,26,16,119,236,44,180,17,146,65,239,137,137,9,198,91,70,91,210,37,203,180,58,81,109,205,148,205,111,243,120,241,121,119,17,180,180,26,58,33,13,45,228,193,85,93,85,73,38,243,207,209,166,103,39,181,101,237,170,61,71,159,150,152,9,17,121,27,64,185,32,239,215,122,17,150,77,59,246,180,139,131,55,220,17,97,224,210,111,174,71,81,146,205,128,205,111,16,45,19,225,240,116,43
Best fitness found so far: 0.8738090492414999; k: 2.0
Generation: 167; 0.8738090492414999; k: 2.0; 108,23,118,167,15,16,17,146,65,239,81,137,157,198,91,160,17,210,166,203,36,85,187,38,26,16,130,160,73,180,17,146,205,239,137,137,9,198,91,114,42,9,37,203,89,110,144,20,205,97,205,111,198,51,241,121,119,20,180,180,175,58,33,96,45,228,208,85,242,225,71,121,33,1,151,246,241,83,36,102,13,212,160,16,85,160,71,173,17,137,249,63,91,160,101,40,166,203,1,48,73,168,156,175,9,17,184,225,78,42,138,164,151,53,88,155,210,18,73,167,23,241,17,146,65,239,137,137,249,198,91,160,55,210,166,203,1,4,187,212,26,91,83,121,24,224,91,119,91,210,187,30,109,220,17,44,180,190,99
Best fitness found so far: 0.8738090492414999; k: 2.0
Generation: 168; 0.8738090492414999; k: 2.0; 130,81,158,167,15,241,153,146,181,239,81,137,157,198,91,50,17,210,178,123,36,183,13,212,116,65,239,197,225,19,196,184,128,194,234,109,105,42,208,17,146,65,239,207,137,249,190,77,160,91,210,222,35,210,22,203,36,20,81,72,205,148,198,111,126,105,185,19,119,140,47,105,175,58,33,151,103,140,167,85,19,85,73,30,22,56,108,225,21,3,160,173,210,50,216,1,72,153,212,26,145,68,121,8,105,241,2,180,52,137,85,19,166,243,128,167,91,75,180,116,65,239,94,225,19,202,132,128,194,180,64,187,167,110,78,37,170,213,180,186,196
Best fitness found so far: 0.8738090492414999; k: 2.0
Generation: 169; 0.8738090492414999; k: 2.0; 41,23,53,167,241,241,17,146,65,239,137,182,249,198,109,110,91,210,166,203,1,48,148,201,241,239,137,137,249,198,69,160,79,174,166,203,1,151,88,98,94,112,1,151,103,188,74,163,221,17,40,93,195,183,128,146,50,198,112,160,91,29,118,203,1,48,54,236,210,166,203,1,48,73,196,6,69,116,43
Best fitness found so far: 0.8738090492414999; k: 2.0
Generation: 170; 0.8738090492414999; k: 2.0; 102,23,53,167,241,241,185,146,65,239,137,182,11,198,109,110,147,210,166,203,1,203,138,4,151,135,66,33,142,234,23,180,167,241,58,207,146,65,188,27,137,249,190,141,160,91,210,166,35,35,140,73,25,92,142,33,142,109,129,57,180,182,153,139
Best fitness found so far: 0.8738090492414999; k: 2.0
Generation: 171; 0.8738090492414999; k: 2.0; 139,23,118,167,15,241,17,146,65,239,81,137,157,83,91,160,17,210,98,203,36,126,93,212,241,146,210,172,65,76,181,137,249
Best fitness found so far: 0.8738090492414999; k: 2.0
Generation: 172; 0.8738090492414999; k: 2.0; 139,23,118,167,15,241,17,146,65,239,81,137,233,198,91,70,17,210,166,203,36,85,187,212,26,212,119,160,26,198,142,229,129,199,180,200,243,139,146,65,239,81,137,233,198,91,70,17,210,166
Best fitness found so far: 0.8738090492414999; k: 2.0
Generation: 173; 0.8738090492414999; k: 2.0; 139,81,118,167,15,241,17,146,181,239,81,137,157,198,91,50,17,210,178,123,36,85,196,212,126,203,222,203,180,113,19,92,139,23,118,167,15,241,17,146,65,31,137,137,174,198,91,160,11,210,16,119,160,73,187,19,198,41,105,241,64,180,103,235
Best fitness found so far: 0.8738090492414999; k: 2.0
Generation: 174; 0.8738090492414999; k: 2.0; 139,23,118,167,15,16,17,146,65,239,81,137,157,198,91,160,75,210,166,203,36,85,187,212,26,16,119,160,73,180,17,146,65,43,137,137,9,198,91,96,91,9,37,203,36,58,81,109,205,148,20,111,198,120,167,121,119,20,180,180,175,58,33,151,45,228,193,85,242,225,71,121,33,1,151,168,8,6,239,48,127,109,117,142,59,95,68,12,166,245,165,201,89,150,97,220,182,146,17,146,118,44,151,137,249,198,160,160,79,111,166,203,1,203,138,4,151,135,224,239,142,234,23,180,167,241,205,111,187,119,17,47,180,175,88,33,151,66,74,167,85,93,85,73,30,22,220,108,225,198,91,9,173,210,50,203,1,85,153,212,26,145,200,58,165,220,241,2,180,52,156,89,19,166,243,196,167,21,75,71,116,65,239,197,225,19,202,184,128,194,108,64,187,167,241,200,23,17,213,180,186,196
Best fitness found so far: 0.8738090492414999; k: 2.0
Generation: 175; 0.8738090492414999; k: 2.0; 139,81,118,167,15,241,153,146,181,239,81,137,157,198,143,50,17,210,178,123,36,85,173,59,126,240,222,203,203,97,19,228,206,85,93,85,73,157,22,220,108,225,198,91,160,173,210,125,76,114,85,153,212,156,145,68,49,91,105,241,2,202,43,137,37,203,36,110,81,20,217,97,205,111,198,120,241,121,119,181,180,180,76,58,33,151,12,228,208,85,240,225,71,121,33,1,151,246,241,170,230,129,38,139,219,35,225,189,205,94,225,138,242,76,1,151,168
Best fitness found so far: 0.8738090492414999; k: 2.0
Generation: 176; 0.8738090492414999; k: 2.0; 139,23,233,167,241,241,17,146,65,239,137,137,249,198,91,160,55,210,166,203,1,242,187,212,113,91,125,236,91,65,239,197,116,19,196,202,128,194,26,145,68,121,91,33,241,2,180,52,137,85,19,166,243,5,167,24,75,214,116,65,239,197,225,19,202,184,128,131,65,64,187,167,241,78,37,170,213,221,186,196
Best fitness found so far: 0.8738090492414999; k: 2.0
Generation: 177; 0.8738090492414999; k: 2.0; 139,23,118,167,15,241,17,146,115,239,81,137,37,198,231,160,17,210,166,203,36,85,13,3,92,16,85,160,17,210,78,203,36,28,187,212,26,88,88,180,234,169,176,184
Best fitness found so far: 0.8738090492414999; k: 2.0
Generation: 178; 0.8738090492414999; k: 2.0; 139,23,118,167,189,241,17,146,65,124,217,137,157,198,91,160,131,210,166,203,36,85,187,212,26,16,119,160,202,185,90,146,65,239,137,137,9,198,91,114,91,210,37,203,36,58,81,109,205,148,205,111,198,120,241,121,119,17,180,180,175,58,17,180,180,162,23,76,153,14,16,17,225,65,239,81,137,157,55,91,160,17,210,166,203,36,85,187,38,26,16,130,160,73,180,17,146,65,239,137,137,9,198,91,114,91,9,37,95,36,158,81,103,205,97,177,111,198,120,160,121,115,20,180,180,175,58,33,151,45,228,208,85,242,225,226,121,33,1,151,121,241,144,230,129,38,139,219,184,61,128,205,94,17,138,23,76,1,151,142
Best fitness found so far: 0.8738090492414999; k: 2.0
Generation: 179; 0.8738090492414999; k: 2.0; 139,23,118,167,111,16,17,146,65,239,81,137,157,198,91,160,17,210,158,203,36,85,187,212,26,218,119,160,73,158,17,146,65,164,137,137,9,198,91,239,137,119,9,198,91,19,91,210,37,249,19,58,81,109,205,148,205,110,198,165,241,121,217,17,180,180,25,58,33,151,45,228,193,85,93,85,14,80,183,207,209,166,103,39,181,101,237,10,81,149,159,150,199,154,55,121,33,64,89,32,239,61,122,82,150,234,59,24,180,139,131,55,220,142,97,180,54,111,174,107,81,66,205,124,205,111,219,165,201,247,149,205,133,90,231,218,144,184,128,194,40,64,105,42,208,110
Best fitness found so far: 0.8738090492414999; k: 2.0
Generation: 180; 0.8738090492414999; k: 2.0; 182,23,118,227,15,241,17,146,65,24,137,137,249,198,91,160,87,210,166,203,36,85,187,212,26,16,119,160,73,180,19,165,41,105,241,64,180,57,36,13,1,71,39,53,210,9,17,121,27,64,185,123,239,201,241,237,199,234,59,24,180,137,131,55,37,17,123,180,210,201,187,71,81,233,18,149,210,226,68,159,159,73,1,244
Best fitness found so far: 0.8738090492414999; k: 2.0
Generation: 181; 0.8738090492414999; k: 2.0; 16,23,193,167,15,241,17,146,65,239,81,137,63,198,91,160,17,210,78,203,36,28,187,26,217,16,119,196,73,229,17,146,226,239,107,218,9,76,234,114,91,81,109,205,148,31,34,198,226,241,19,119,149,47,167,198,91,160,173,210,50,203,50,85,153,212,26,145,68,58,165,105,241,2,180,52,137,89,19,166,181,5,167,21,75,71,116,65,239,197,225,19,202,184,128,194,244,64,187,167,241,200,23,17,213,180,100,196,146,226,239,107,218,9,76,234,114,91,81,109,205,148,31,34,198,226,241,19,119,149,47,167,198,91
Best fitness found so far: 0.8738090492414999; k: 2.0
Generation: 182; 0.8738090492414999; k: 2.0; 139,23,118,167,15,241,17,146,65,239,81,137,185,198,91,160,17,210,166,203,36,85,127,212,126,9,146,65,239,71,137,249,160,247,133,55,210,52,203,1,13,149,212,26,198,39,160,85,210,166,203,222,192,141,97,19,92,91,200,127,139
Best fitness found so far: 0.8738090492414999; k: 2.0
Generation: 183; 0.8738090492414999; k: 2.0; 139,23,118,68,15,241,17,146,111,179,81,137,157,198,91,160,17,210,166,83,97,85,13,212,126,16,85,230,73,220,17,137,249,199,91,160,91,210,166,86,1,48,73,168,146,186,198,91,160,91,201,187,97,22,220,141,225,16,26,145,205,111,26,45,19,225,69,177,109
Best fitness found so far: 0.8738090492414999; k: 2.0
Generation: 184; 0.8738090492414999; k: 2.0; 16,231,118,167,15,241,17,146,65,239,81,137,157,198,91,160,17,210,78,203,151,28,187,212,26,16,119,160,73,229,17,146,220,239,107,218,9,198,91,114,91,210,80,17,180,180,10,58,33,151,45,228,193,85,93,60,14,180,43,111,174,71,11,107,205,128,205,111,16,45,19,225,69,116,43
Best fitness found so far: 0.8738090492414999; k: 2.0
Generation: 185; 0.8738090492414999; k: 2.0; 139,23,118,167,15,241,17,146,65,244,81,137,157,198,91,160,17,210,142,203,36,119,160,73,189,17,146,65,131,137,218,9,198,137,114,149,210,136,203,36,58,198,160,15,225,111,227,203,111,16,138,4,151,135,66,33,142,234,40,180,167,32,58,17,146,65,239,207,137,249,190,141,160,91,210,222,35,210,22,203,36,111,81,72,205,148,205,111,198,105,185,19,119,140,47,105,175,161,33,151,126,247,167,85,19,85,73,71,22,220,108,225,21,3,160,173,13,50,216,1,72,153,212,26,145,68,121,91,235,241,2,180,52,137,230,160,125,210,166,203,36,85,175,4,223,16,85,160,73,240,248,101,151,88,1,71,39,53,210,9,31,121,27,64,185,138,239,201,241,237,199,234,59,24,37,137,131,55,37,250,53,187,30,109
Best fitness found so far: 0.8738090492414999; k: 2.0
Generation: 186; 0.8738090492414999; k: 2.0; 16,23,118,167,15,241,41,146,65,239,81,137,157,53,91,160,17,210,166,203,2,85,86,212,26,16,123,36,85,196,212,126,203,222,203,180,97,19,92,139,23,118,167,91,50,17,210,178,123,36,85,13,212,227,203,91,195,146,65,143,201,162,237,22,234,17,167,88,210,242,17,71,121,37,231,173,234,92,142,149,142,160,129,157,180,200,127,139
Best fitness found so far: 0.8738090492414999; k: 2.0
Generation: 187; 0.8738090492414999; k: 2.0; 74,23,53,167,241,241,17,146,65,239,137,182,83,198,109,110,91,210,166,203,1,48,148,201,241,239,137,137,249,198,16,160,8,174,166,203,25,167,88,98,191,112,1,151,103,188,74,27,221,17,40,93,195,205,99,146,228,198,109,160,91,210,166,203,233,198,91,160,17,210,98,203,36,85,187,212,26,68,232,160,19,180,17,21,65,75,137,119,170,198,186,114,91,2,37,203,36,58,81,36,205,66,205,111,111,193,71,81,62,205,128,205,111,16,45,19,225,240,225,43
Best fitness found so far: 0.8738090492414999; k: 2.0
Generation: 188; 0.8738090492414999; k: 2.0; 139,23,118,167,15,241,17,146,65,239,81,137,233,198,91,70,17,210,166,203,36,85,187,212,26,212,119,130,194,180,17,124,65,239,137,99,67,198,85,210,120,203,127,106,58,158,45,66,244,30,241,191,17,205,111,198,120,241,217,119,17,218,99,175,58,33,151,45,228,173,19,92,154,33,91,160,85,210,166,203,222,203,180,97,19,92,90,200,127,139
Best fitness found so far: 0.8738090492414999; k: 2.0
Generation: 189; 0.8738090492414999; k: 2.0; 16,23,193,167,15,21,17,146,65,239,81,137,217,123,91,160,17,210,78,203,36,28,187,212,100,3,119,151,73,229,17,4,226,239,107,218,133,35,91,114,91,239,81,137,157,198,91,160,17,210,166,203,36,85,187,212,26,16,119,160,73,189,17,146,65,239,137,218,9,198,91,114,185,210,136,203,36,58,81,109,40,148,205,163,198,120,241,19,119,17,47,180,175,58,33,151,45,228,87,85,93,85,73,103,139
Best fitness found so far: 0.8738090492414999; k: 2.0
Generation: 190; 0.8738090492414999; k: 2.0; 139,23,118,167,15,241,17,146,65,239,81,152,157,83,91,105,199,210,98,203,36,249,181,91,160,55,210,166,203,1,242,187,212,26,91,125,236,91,65,239,177,41,19,196,184,56,194,65,38,105,236,208,110
Best fitness found so far: 0.8738090492414999; k: 2.0
Generation: 191; 0.8738090492414999; k: 2.0; 169,23,118,167,15,241,17,146,65,239,81,137,157,198,91,160,17,210,98,203,36,85,187,212,26,16,119,160,73,180,17,21,65,239,137,119,9,198,91,114,91,160,17,210,166,203,135,85,34,212,26,16,119,160,73,189,17,155,65,50,137,103,9,198,91,114,91,210,136,203,36,58,81,109,205,112,205,111,19,119,17,47,180,175,58,33,151,66,213,167,85,93,85,73,30,22,220,108,225,198,91,160,173,210,50,203,1,85,153,212,161,143,68,58,165,195,241,2,180,52,137,89,19,166,47,5,167,21,75,71,116,34,239,197,225,19,202,184,128,194,108,64,187,167,241,217,23,17,213,180,186,196
Best fitness found so far: 0.8738090492414999; k: 2.0
Generation: 192; 0.8738090492414999; k: 2.0; 139,23,118,167,15,16,17,146,197,239,81,137,157,198,91,160,17,210,12,203,213,209,187,212,26,57,91,72,85,210,166,203,222,203,180,52,19,92,35,194,65,64,135,167,241,34,92,17,140,180,186,156,23,118,167,15,16,17,146,197,239,81,137,157,198,91,160,17,210,12,203,213,209,187,212,26,57,91,72,85
Best fitness found so far: 0.8738090492414999; k: 2.0
Generation: 193; 0.8738090492414999; k: 2.0; 139,23,118,167,15,16,17,146,65,239,81,137,157,198,91,160,17,210,166,203,1,209,187,212,26,57,91,72,85,210,166,203,222,203,43
Best fitness found so far: 0.8738090492414999; k: 2.0
Generation: 194; 0.8738090492414999; k: 2.0; 16,23,118,203,81,241,17,146,65,239,81,137,157,198,91,160,17,210,166,203,36,85,130,212,26,154,130,160,73,189,17,52,65,239,137,218,68,241,17,106,65,239,81,137,157,234,91,160,17,210,166,26,36,85,187,94,232,17,119,160,73,189,17,146,65,239,137,218,9,198,91,114,54,246,136,203,20,58,81,109,205,148,205,34,198,226,241,19,119,30,47,167,241,241,17,146,65,168,137,137,72,198,44,218,233,210,187,30,22,220,92,225,211,153,116,99
Best fitness found so far: 0.8738090492414999; k: 2.0
Generation: 195; 0.8738090492414999; k: 2.0; 36,23,13,167,241,241,17,146,65,239,137,137,249,198,109,160,91,210,166,203,1,48,73,244,198,233,199,234,250,24,133,167,225,138,142,187,129,83,180,200,208,131,239,137,137,249,198,109,160,91,210,166,203,1,48,73,244,198,233,199,234,139
Best fitness found so far: 0.8738090492414999; k: 2.0
Generation: 196; 0.8738090492414999; k: 2.0; 16,23,118,167,15,241,17,146,65,239,81,137,249,198,91,160,17,210,166,203,65,85,187,212,26,16,119,160,73,189,17,146,65,239,137,218,91,84,91,114,91,210,136,203,36,58,197,109,230,148,205,111,198,120,241,19,119,17,47,180,175,58,33,151,103,213,167,85,43,85,73,157,227,180,32,58,33,151,66,213,167,85,93,175,230,30,188,220,141,108,198,91,160,173,210,197,203,70,85,153,212,155,145,68,58,165,105,241,2,180,52,137,89,19,166,243,5,210,117,75,216,116,65,239,197,225,230,202,218,128,194,108,64,187,42,241,5,23,17,107,180,186,142,155,65,239,137,218,9,198,91,114,91,210,136,203,36,58,81,109,205,122,249,111,19,119,60,47,180,175,58,33,151,66,213,42,85,93,85,73,30,22,220,108,108,198,91,160,173,210,50,203,70,85,153,99,155,145,68,58,165,105,241
Best fitness found so far: 0.8738090492414999; k: 2.0
Generation: 197; 0.8738090492414999; k: 2.0; 139,23,118,167,15,241,17,146,65,239,81,137,7,198,91,160,17,210,138,83,36,91,210,166,203,1,48,73,222,168,69,116,43
Best fitness found so far: 0.8738090492414999; k: 2.0
Generation: 198; 0.8738090492414999; k: 2.0; 16,23,118,167,15,241,17,146,65,239,81,137,157,198,91,160,17,210,166,108,36,85,34,212,139,16,119,160,81,137,157,197,91,226,17,96,166,203,164,85,34,212,26,16,119,160,73,189,17,155,65,154,137,27,9,119,91,114,173,210,136,240,36,140,81,109,205,112,249,104,19,119,60,47,180,175,58,33,151,66,213,167,85,93,85,73,30,22,220,108,108,198,91,160,173,210,50,203,70,85,153,212,155,145,68,58,165,105,241,2,180,52,137,89,18,166,244,5,210,21,75,216,116,65,239,197,91,210,166,203,1,48,73,191,168,69,116,43
Best fitness found so far: 0.8738090492414999; k: 2.0
Generation: 199; 0.8738090492414999; k: 2.0; 139,23,118,167,15,156,17,146,65,99,81,137,57,213,91,160,17,240,166,203,36,198,109,160,91,210,166,203,1,48,73,201,241,14,147,234,244,24,153,167,131,55,37,133,140,4,210,91,242,1,231,244
Best fitness found so far: 0.8738090492414999; k: 2.0
Total time of execution of seed 2 : 2531032
Solution Fitness: -0.8738090492414999
Variables: uniform 10 chebyshev split split moveNear moveAverage moveBetween join join moveBetween
