Generation: 0; 0.014222240353927922; k: 6.0; 165,236,45,131,5,219,150,101,35,201,213,209,162,246,163,212,239
Best fitness found so far: 0.014222240353927922; k: 6.0
Generation: 1; 0.3129529785152466; k: 2.0; 102,18,195,123,233,81,155,180,238,222,66,34,144,187,1,203,248,45,170,22
Best fitness found so far: 0.3129529785152466; k: 2.0
Generation: 2; 0.2547701952279884; k: 2.0; 73,193,212,145,209,11,89,47,137,115,186,205,124,167,158
Best fitness found so far: 0.3129529785152466; k: 2.0
Generation: 3; 0.3118395931595012; k: 2.0; 175,38,115,168,115,147,235,76,131
Best fitness found so far: 0.3129529785152466; k: 2.0
Generation: 4; 0.3129529785152466; k: 2.0; 102,18,195,123,233,81,155,180,238,222,66,34,144,187,1,203,76,131
Best fitness found so far: 0.3129529785152466; k: 2.0
Generation: 5; 0.3129529785152466; k: 2.0; 102,18,195,123,233,81,155,180,238,222,66,34,144,187,1,65,222,168,67,134,90,143,222,151,182,49,243,162,17,72,133,19,47,137,105,186,165,138,96,161,49,17
Best fitness found so far: 0.3129529785152466; k: 2.0
Generation: 6; 0.31531618077422063; k: 2.0; 73,193,212,82,209,11,89,47,137,115,187,205,124,4,86,146,130,116,141,63,68,170,46,163,98,29
Best fitness found so far: 0.31531618077422063; k: 2.0
Generation: 7; 0.3241004878054886; k: 2.0; 73,193,212,145,55,11,89,47,137,248,45,170,242
Best fitness found so far: 0.3241004878054886; k: 2.0
Generation: 8; 0.3437638734696087; k: 2.0; 73,193,49,77,209,11,89,47,137,115,186,205,124,4,11,146,47,137,165,186,205,115,219,235,184,131
Best fitness found so far: 0.3437638734696087; k: 2.0
Generation: 9; 0.3256272379080712; k: 2.0; 102,18,195,123,233,81,155,180,238,234,66,34,144,187,1,174,248,45,170,187,1,129,143,36,34,144,187,1,129,143
Best fitness found so far: 0.3437638734696087; k: 2.0
Generation: 10; 0.3604197175592615; k: 2.0; 107,193,119,77,209,11,89,47,81,155,180,238,222,66,34,144,44,1,203,248,147,235,67,141,76,141
Best fitness found so far: 0.3604197175592615; k: 2.0
Generation: 11; 0.3752750104343975; k: 2.0; 43,193,236,77,77,11,89,47,81,155,180,238,123,233,81,155,180,238,222,5,178,144,187,1,203,248,226,1,129,143,66,34,144,11,187,129,204
Best fitness found so far: 0.3752750104343975; k: 2.0
Generation: 12; 0.3752750104343975; k: 2.0; 43,193,236,77,77,11,89,47,81,225,180,238,123,233,81,67,180,238,222,200,178,144,187,1,203,248,226,1,129,143,66,34,144,11,187,129,45,42,250
Best fitness found so far: 0.3752750104343975; k: 2.0
Generation: 13; 0.3752750104343975; k: 2.0; 190,193,236,77,77,11,89,47,81,225,180,238,123,233,81,67,123,155,180,98,222
Best fitness found so far: 0.3752750104343975; k: 2.0
Generation: 14; 0.3752750104343975; k: 2.0; 43,193,236,77,77,11,89,47,175,155,180,238,123,233,81,155,49,77,209,11,89,47,193,115,186,205,124,94,76
Best fitness found so far: 0.3752750104343975; k: 2.0
Generation: 15; 0.3752750104343975; k: 2.0; 141,193,236,77,77,11,89,217,21,155,68,203,248,160,129,144,187,137,165,186,157,104,147,235,207,131
Best fitness found so far: 0.3752750104343975; k: 2.0
Generation: 16; 0.37609989961104734; k: 2.0; 43,193,105,77,77,11,89,47,81,155,180,238,123,233,81,155,180,238,138,5,129,143,66,34,144,11,241,129,45,42,250
Best fitness found so far: 0.37609989961104734; k: 2.0
Generation: 17; 0.3752750104343975; k: 2.0; 190,193,236,77,77,11,89,47,81,225,180,238,123,233,81,38,209,156,7,214,137,75,186,205,94,4,11,146,47,137,165,239,63,115,146,106,59,122,187,1,65,222,168,72,5,90,238,91,155,180
Best fitness found so far: 0.37609989961104734; k: 2.0
Generation: 18; 0.37609989961104734; k: 2.0; 43,193,105,77,77,11,89,47,81,155,180,238,123,233,81,155,180,238,138,5,129,143,66,137,115,244,186,205,123,225
Best fitness found so far: 0.37609989961104734; k: 2.0
Generation: 19; 0.37609989961104734; k: 2.0; 43,193,5,77,63,11,199,47,175,155,180,238,123,233,81,155,49,203,136,147,235,67,147,7,141
Best fitness found so far: 0.37609989961104734; k: 2.0
Generation: 20; 0.37609989961104734; k: 2.0; 48,239,105,77,77,11,75,47,81,155,180,238,123,233,73,81,215,38,209,11,89,47,137,115,165,158,63,42,3,196,59,144,187,1,65,225,168,72,182,90,238,222,110,241,57,134,19,18,9,185
Best fitness found so far: 0.37609989961104734; k: 2.0
Generation: 21; 0.37609989961104734; k: 2.0; 48,193,235,77,31,11,89,207,77,115,186,73,233,109,38,112,11,89,97,137,81,170,231,205,146,19,246,155,92,74,73,81,49,179,209,11,193,236,77,77,220,89,195,81,225,180,238,123,233,116,38,209,156,7,134,137,75,186,82,94,4,11,146,47,137,165,239,128,115,146,106,59,122,187,1,45,222,168,72,5,90,238,91,155,27
Best fitness found so far: 0.37609989961104734; k: 2.0
Generation: 22; 0.37609989961104734; k: 2.0; 43,193,105,77,77,11,89,47,81,150,180,238,193,233,193,236,77,77,11,89,217,21,155,68,203,248,160,129,144,187,137,165,77,221,11,89,207,137,115
Best fitness found so far: 0.37609989961104734; k: 2.0
Generation: 23; 0.37609989961104734; k: 2.0; 43,193,105,77,77,11,89,47,81,155,180,238,123,17,81,155,56,155,19,115,183,147,16,76,1
Best fitness found so far: 0.37609989961104734; k: 2.0
Generation: 24; 0.37609989961104734; k: 2.0; 43,193,5,77,63,11,61,47,175,155,168,238,123,233,81,2,49,203,136,147,235,67,158,236,77,77,11,89,47,81,155,180,238,63,11,61,47,175,155,168,238,123,233,81,155,49,203,136,147,235,67,158,236,77,77,11,89,47,81,155,180,238,45,216,196,54,129,134,215,219,129
Best fitness found so far: 0.37609989961104734; k: 2.0
Generation: 25; 0.37609989961104734; k: 2.0; 177,239,105,77,77,11,229,47,81,155,180,238,236,77,77,11,89,47,81,155,196,238,123,233,222,38,180,135,138,135,134,137,75,249,82,94
Best fitness found so far: 0.37609989961104734; k: 2.0
Generation: 26; 0.37609989961104734; k: 2.0; 231,193,105,77,77,11,89,47,81,155,180,238,123,233,81,19,180,155,19,176,27,66,34,182,90,238,222,47,81,155,180,238,82,37,72,7,180,238,123,233,81,223,117,170,77,77,11,89,63,25,150,180,238,123,233,131,155,178,155,19,66,236,77,107,115,165,158,63,42,3,196,59,34,144,8,1,197,157,115,168,115,42,222
Best fitness found so far: 0.37609989961104734; k: 2.0
Generation: 27; 0.37609989961104734; k: 2.0; 43,193,105,77,77,11,89,47,81,155,180,238,123,233,232,45,47,81,155,180,30,82,180,246,157,115,126,115,11,121
Best fitness found so far: 0.37609989961104734; k: 2.0
Generation: 28; 0.37609989961104734; k: 2.0; 43,193,105,77,77,11,89,47,81,150,180,238,193,233,176,236,97,77,157,77,225,77,11,75,47,181,183,180,238,123,233,73,81,8,38,209,109,216,47,137,69,165,161,111,73,34,196,239,9,36,170,77,77,11,89,47,81,155,180,117,123,233,81,155,180,113,19,238,222,40,238,222,66,109,144,82,39
Best fitness found so far: 0.37609989961104734; k: 2.0
Generation: 29; 0.37609989961104734; k: 2.0; 9,193,170,77,77,11,89,47,81,155,180,238,123,233,81,155,180,155,174,238,222,40,238,222,66,109,144,82,214,223,38,209,11,216,47,132,115,165,173,63,42,34,196,199,137,176,168,53,238,222,66,34,221,50,89,207,137,115
Best fitness found so far: 0.37609989961104734; k: 2.0
Generation: 30; 0.37609989961104734; k: 2.0; 48,239,105,77,77,11,75,47,81,155,180,238,123,233,31,81,215,38,209,11,89,47,137,115,165,158,63,42,3,196,59,144,187,1,105,77,200,145,89,47,81,155,180,200,123,45,81,155,76,155,68,238,222,66,34,65,236,53,203,248,146,168,205,72,47,81,56,180,238,79,205,94,77,11,76,47,137,149,161,123,115,196,106,59,122,187,1,65,222,168,72,55,90,238,91,155,180
Best fitness found so far: 0.37609989961104734; k: 2.0
Generation: 31; 0.38110500843912803; k: 2.0; 236,193,105,77,77,11,89,47,81,155,205,238,123,233,81,155,180,238,138,5,146,196,139,144,187,1,233,9,155,180,238,138,104,138,5,171,117,179,168,53,238,216,66,34,93,82,1,246,157,115,180,115,11,77,11,183,47,81,5,234,238,123,233,81,231,88,155,19,238,222,40,238,222,66,109,76,82,214,68,121,115,168,136,56,206
Best fitness found so far: 0.38110500843912803; k: 2.0
Generation: 32; 0.38110500843912803; k: 2.0; 236,193,105,77,77,11,89,47,81,155,205,238,123,233,52,155,180,233,138,5,146,196,139,144,187,1,233,9,155,180,194,138,104,138,5,171,117,179,168,53,238,150,187,1,114,15,200
Best fitness found so far: 0.38110500843912803; k: 2.0
Generation: 33; 0.38110500843912803; k: 2.0; 43,193,105,77,77,11,89,232,81,155,199,238,123,83,81,155,180,155,19,32,93,119,56,115,198,224,180,155,81,114,180,170,123,64,81,51,140,155,19,193,237,77,52,11,89,217,243,155,237,203,248,160,45,144,205,137,165,12,221,11,89,207,137,149,182,81,150,180,238,123,233,81,155,196,107,19,193,236,77,52,11,89,105,68,155,203,248,190,126,205,72,47,81,56,180,48,79,205,94,77,11,20,98,137,149,219,123,115,196,55,193,235,77,27,11,182,207,247,115,186,73,233,109,143,17,180,38,132,2,111,248,115,168,22,238,241,66,34,144,82,99,203,248,115,168,136,56,206
Best fitness found so far: 0.38110500843912803; k: 2.0
Generation: 34; 0.38110500843912803; k: 2.0; 236,63,105,77,77,11,89,47,81,155,205,238,123,233,164,155,180,233,138,5,146,196,139,144,187,1,233,9,155,180,218,138,104,244,5,171,117,179,113,53,238,150,187,1,31,190,89,207,137,115,186,73,233,66,21,77,11,89,97,89,83,21,155,40,203,242,160,88,222,66,34,144,8,1,197,157,115,168,115,198,224
Best fitness found so far: 0.38110500843912803; k: 2.0
Generation: 35; 0.38110500843912803; k: 2.0; 236,193,105,77,77,11,89,47,81,155,205,238,123,233,81,155,99,238,138,5,146,196,139,83,187,1,233,9,155,180,238,138,104,7,5,171,117,179,168,53,238,216,66,34,93,136,1,246,157,115,180,115,11,77,11,155,182,193,236,77,52,11,89,54,68,155,203,248,190,126,205,72,47,81,56,116,48,79,205,94,77,11,76,238,137,149,219,123,115,196,55,59,122,187,63,93,222,168,86,5,143,130,91,155,180
Best fitness found so far: 0.38110500843912803; k: 2.0
Generation: 36; 0.38110500843912803; k: 2.0; 236,193,105,77,77,11,89,47,81,155,205,238,123,233,52,155,11,89,207,137,115,222,73,233,60,21,49,11,89,97,89,217,21,155,40,203,242,160,88,222,66,34,180,238,222,200,178,144,187,16,203,248,226,1,129,143,66,34,139,7,203,138,45,137,250
Best fitness found so far: 0.38110500843912803; k: 2.0
Generation: 37; 0.38110500843912803; k: 2.0; 236,193,105,77,77,11,89,47,81,155,205,238,157,233,244,155,180,238,138,5,164,196,139,144,187,35,238,137,66,109,144,82,214,223,248,115,168,136,242,206
Best fitness found so far: 0.38110500843912803; k: 2.0
Generation: 38; 0.38110500843912803; k: 2.0; 43,193,105,77,77,11,89,232,81,155,199,238,123,83,211,155,180,155,64,32,227,192,136,56,206
Best fitness found so far: 0.38110500843912803; k: 2.0
Generation: 39; 0.38110500843912803; k: 2.0; 236,193,105,77,77,11,139,47,81,155,205,238,123,233,52,155,180,233,138,172,146,80,139,144,187,1,233,9,155,30,153,248,123,233,52,155,180,233,138,5,146,196,139,144,187,1,233,32,155,137,194,138,104,208,5,171,247
Best fitness found so far: 0.38110500843912803; k: 2.0
Generation: 40; 0.38110500843912803; k: 2.0; 236,193,105,77,77,11,139,132,81,155,205,238,123,188,212,155,180,51,221,11,89,63,250,155,180,8,233,10,53,83,211,155,180,155,64,32,227,192,136,56,206
Best fitness found so far: 0.38110500843912803; k: 2.0
Generation: 41; 0.38110500843912803; k: 2.0; 236,205,105,77,77,11,89,47,81,120,205,238,123,233,52,155,11,193,105,77,77,31,89,47,81,155,180,108,82,164,81,17,180,238,138,233,204,155,180,233,138,81,55,196,139,144,187,1,233,126,155,180,179,138,104,244,5,171,117,179,113,180,238,217,188,105,77,77,11,89,47,81,155,205,238,123,81,81,155,180,238,138,5,146,143,139,144,187,1,233,185,222,180,20,210,203,138,5,171,93,179,168,53,238,216,66,34,215,104,1,246,157,115,180,115,11,164,11,183,47,110,5,180,238,238,214,110,153,34,144,8,1,121,140,115,168,115,9,55
Best fitness found so far: 0.38110500843912803; k: 2.0
Generation: 42; 0.38110500843912803; k: 2.0; 236,193,105,77,77,11,209,47,81,155,205,238,123,233,81,155,99,238,138,5,146,196,139,83,187,207,233,9,155,180,238,138,104,7,5,171,117,179,168,53,238,216,243,34,93,136,1,246,10,115,180,115,133,77,11,155,182,193,236,77,230,11,89,54,127,155,203,248,190,126,205,72,47,81,56,116,48,229,205,94,77,11,76,238,137,149,219,123,115,196,55,59,138,5,171,117,179,168,53,238,150,187,101,114,15,200
Best fitness found so far: 0.38110500843912803; k: 2.0
Generation: 43; 0.38110500843912803; k: 2.0; 236,193,105,77,77,11,89,47,81,155,205,238,123,233,81,155,180,105,138,5,146,106,139,144,187,1,233,185,222,180,20,210,203,173,5,171,93,179,168,53,236,193,105,75,169,11,139,47,239,155,225,238,123,233,52,155,239,233,189,5,146,196,139,155,187,1,233,157,115,168,115,198,205
Best fitness found so far: 0.38110500843912803; k: 2.0
Generation: 44; 0.38110500843912803; k: 2.0; 236,193,105,77,45,11,199,217,81,155,205,238,81,233,52,155,180,233,138,5,146,159,214,155,180,124,248,226,147,230,189,52,178,173,201,73,76,224,212,35,209,125,89,121,219,19,213,69,67,4,131,184,144,187,90,32,222,174,239,14,175,115,68,151,133,49,243,209,17,112,113,197,221,11,89,47,81,155,205,238,123,233,81,155,147,238,138,5,146,196,139,144,187,1,79,51,177,11,20,138,203,138,5,171,64,179,48,53,238,216,66,35,215,82,1,246,88,115,180,115,11,247,139,144,187,1,233,235,197,59,194,138,104,138,5,171,230,179,168,53,238,200,187,1,114,15,200
Best fitness found so far: 0.38110500843912803; k: 2.0
Generation: 45; 0.38110500843912803; k: 2.0; 236,193,105,230,77,11,89,127,123,155,205,238,123,233,100,155,180,238,138,28,146,196,56,144,187,236,233,9,155,180,238,138,145,87,5,115,31,179,232,53,238,216,66,174,93,82,1,246,157,115,180,115,11,77,11,182,113,81,5,36,238,123,233,240,231,26,37,19,238,222,40,238,18,66,139,144,80,134,233,220,73,69,182,49,243,209,172,72,19,197,229,190,163,24,29,53,238,216,66,174,93
Best fitness found so far: 0.38110500843912803; k: 2.0
Generation: 46; 0.38110500843912803; k: 2.0; 236,193,105,77,77,11,239,217,81,155,205,238,81,233,52,155,180,219,218,238,89,121,219,19,213,69,152,4,131,184,144,171,90,90,219,147,16,76,1
Best fitness found so far: 0.38110500843912803; k: 2.0
Generation: 47; 0.38110500843912803; k: 2.0; 14,193,105,77,169,11,139,47,239,155,205,238,123,233,52,155,220,236,205,45,77,77,11,89,47,243,120,205,238,123,233,52,155,11,193,105,77,77,31,136,47,81,155,180,73,82,164,81,17,180,238,138,233,204,155,180,233,138,81,55,196,139,144,187,1,233,126,155,180,179,138,104,238,94,171,117,179,113,180,66,217,188,105,247,182,11,89,47,81,155,205,238,123,81,81,155,180,238,138,5,146,143,139,144,187,1,233,185,222,180,20,210,203,220,5,171,93,179,168,53,238,216,66,34,215,104,1,246,95,117,180,115,11,164,11,183,47,110,5,180,238,238,214,110,153,34,144,8,1,121,137,115,168,115,232,55
Best fitness found so far: 0.38110500843912803; k: 2.0
Generation: 48; 0.38110500843912803; k: 2.0; 236,193,105,77,77,11,89,197,21,40,205,238,123,233,52,155,180,10,138,5,146,228,139,144,105,11,146,47,160,64,239,36,230,146,106,59,122,187,1,45,222,168,120,101,90,238,91,155,27
Best fitness found so far: 0.38110500843912803; k: 2.0
Generation: 49; 0.38110500843912803; k: 2.0; 236,193,105,77,77,11,139,47,81,155,205,238,123,233,52,155,180,233,138,5,146,80,139,144,187,1,71,9,155,30,153,248,226,148,230,189,52,178,173,201,96,144,241,212,219,209,238,89,121,219,19,213,69,56,4,131,105,144,47,81,155,205,238,123,233,52,155,180,233,138,5,146,196,139,144,187,1,233,9,155,180,208,69,160,208,5,171,95
Best fitness found so far: 0.38110500843912803; k: 2.0
Generation: 50; 0.38110500843912803; k: 2.0; 236,63,105,77,27,11,89,47,81,155,211,238,123,193,164,155,180,233,165,147,115,196,139,224,161,193,83,213,150,143,191,47,144,155,21,238,225,187,137,209,186,183,174,147,80,114,222,182,48,143,82,1,246,157,115,180,218,205,238,123,204,52,66,11,193,105,77,77,11,89,47,247,213,14,238,82,66,81,17,180,238,138,233,164,155,180,233,138,5,55,196,139,144,187,1,233,126,155,180,179,138,104,57,5,171,117,179,113,247,238,146,131,139,144,187,1,136,139,155,180,194,2,161,225
Best fitness found so far: 0.38110500843912803; k: 2.0
Generation: 51; 0.38110500843912803; k: 2.0; 236,193,185,77,77,11,89,47,3,155,205,238,123,233,52,170,85,177,138,5,146,196,139,144,15,1,233,9,155,90,194,138,104,149,94,233,143,21,77,11,113,53,238,213,187,1,31,27,167,198,137,207,128,54,233,66,21,77,11,89,90,89,83,21,155,40,149,242,160,88,222,66,34,144,227,1,83,157,244,149,115,233,193,236,77,9,66,34,117,7,239,129,100,95,250
Best fitness found so far: 0.38110500843912803; k: 2.0
Generation: 52; 0.38110500843912803; k: 2.0; 236,63,105,77,77,11,89,47,81,155,205,238,123,233,164,155,3,149,190,109,68,141
Best fitness found so far: 0.38110500843912803; k: 2.0
Generation: 53; 0.38110500843912803; k: 2.0; 236,193,105,77,77,11,89,47,129,155,205,238,123,233,81,150,180,238,185,91,146,40,139,144,187,1,233,185,87,217,20,138,203,138,5,171,93,179,168,53,238,216,66,235,21,141,225,164,47,81,81,13,238,123,122,52,155,180,233,138,5,146,52,120,144,187,64,233,9,155,180,194,138,104,22,105,177,77,11,89,47,81,155,205,223,123,233,52,155,159,233,138,9,146,196,139,144,182,138,5,146,196,139,89,14,1,208,190,19,180,155,224,97,149,69,10,95
Best fitness found so far: 0.38110500843912803; k: 2.0
Generation: 54; 0.38685893398193083; k: 2.0; 236,63,105,77,77,11,89,47,81,212,205,238,123,215,138,230,208,5,171,95,123,215
Best fitness found so far: 0.38685893398193083; k: 2.0
Generation: 55; 0.38110500843912803; k: 2.0; 236,193,105,77,77,11,139,47,81,155,205,238,123,233,52,155,180,233,197,169,45,44,5,29
Best fitness found so far: 0.38685893398193083; k: 2.0
Generation: 56; 0.38110500843912803; k: 2.0; 236,193,105,77,77,11,199,217,81,155,205,238,81,103,74,155,180,233,138,171,5,26,196,139,180,73,78,11,185,63,159,155,180,152,175,140,193,233,9,23,180,218,138,104,244,5,171,117,179,40,53,238,150,187,250,175,190,167,104,137,207,186,54,233,66,21,77,11,33,97,89,83,21,155,40,203,242,160,88,175,66,34,144,8,1,83,157,115,168,115,233,193,236,77,9,66,34,139,7,239,75,45,95,250,81,103,74,155,180,233,138,171,5,26,196,139,180,73,78,11,185,63,159,155,180,152,175,140,193,233,9,23,180,218,138,104,244,5,171,117,179,40,53,238,150,187,250,175,190,167,104,137,207,186,54,233,66,21,77,11,33,97,89,83,21,155,40,203,242,160,88,175,66,34,144,8,1,83,157,115,168,115,233,193,236,77,9,66,34,139
Best fitness found so far: 0.38685893398193083; k: 2.0
Generation: 57; 0.38110500843912803; k: 2.0; 234,193,105,77,77,11,89,47,81,155,205,238,95,233,52,155,180,233,138,5,146,196,139,144,38,1,233,9,155,180,194,138,104,138,81,155,205,238,123,233,164,155,180,233,138,5,146,196,139,219,187,1,233,9,155,180,218,138,104,244,5,12,117,179,113,53,224,150,187,1,31,190,89,207,137,115,221,73,233,66,21,77,11,89,97,123,83,10,155,40,203,88,148,88,138,66,34,144,8,1,197,1,115,39,250,198,224
Best fitness found so far: 0.38685893398193083; k: 2.0
Generation: 58; 0.38110500843912803; k: 2.0; 236,141,105,77,77,11,89,47,81,155,205,238,123,233,52,155,159,233,217,5,146,196,139,144,33,1,233,9,187,1,233,9,155,180,194,138,222,138,5,171,117,53,168,53,207,150,178,173,201,96,144,248,212,19,245,125,89,139,6,19,213,195,67,4,131,184,144,187,90,26,222,37,72,14,90,115,68,151,119,49,243,209,17,72,113,197,72,45,163,5,29
Best fitness found so far: 0.38685893398193083; k: 2.0
Generation: 59; 0.38110500843912803; k: 2.0; 236,193,105,77,77,11,89,47,81,155,205,238,139,233,52,155,180,233,138,5,146,196,139,144,38,1,233,9,155,180,194,138,104,138,81,155,205,80,123,233,164,155,18,233,138,5,146,228,139,219,187,1,233,205,238,81,233,52,155,211,233,138,171,146,229,214,155,121,55,165,148,77,77,11,228,44,154,210,165,239,221,106,144,89,188,154,225
Best fitness found so far: 0.38685893398193083; k: 2.0
Generation: 60; 0.38110500843912803; k: 2.0; 236,193,105,77,77,11,199,47,81,155,191,238,157,233,244,155,242,238,138,5,164,196,139,144,187,35,238,137,66,65,144,82,189,180,233,138,139,201,196,139,144,187,1,89,9,155,180,124,248,226,148,230,189,52,178,173,201,96,144,241,212,19,209,125,89,121,219,19,213,69,56,4,131,186,144,187,90,26,222,5,72,14,90,115,222,151,27,49,243,209,17,72,227,197,72,45,163,5,29
Best fitness found so far: 0.38685893398193083; k: 2.0
Generation: 61; 0.38110500843912803; k: 2.0; 236,193,105,77,77,11,199,217,81,155,205,238,81,233,52,155,180,233,138,5,146,159,214,67,61,124,248,226,147,230,135,52,178,173,201,73,220,241,89,47,81,155,205,238,141,221,164,155,180,193,8,5,146,196,221,205,94,77,235,76,238,137,35,219,123,115,196,55,28,122,187,63,93,222,168,86,5,191,28,91,155,180
Best fitness found so far: 0.38685893398193083; k: 2.0
Generation: 62; 0.38110500843912803; k: 2.0; 236,193,105,77,77,11,199,217,81,155,169,238,81,233,52,155,180,233,138,5,146,159,29,67,180,124,248,226,147,230,135,75,178,173,201,73,243,241,89,47,81,155,112,238,141,221,164,155,180,233,8,139,146,196,221,95,206,63,24,68,23,238,233,180,73,221,163,89,63,159,79,180,238,175,107,81,190,109,21,141
Best fitness found so far: 0.38685893398193083; k: 2.0
Generation: 63; 0.38685893398193083; k: 2.0; 236,63,105,77,195,11,89,47,81,212,205,238,123,215,138,90,162,89,106,219,77,77,11,89,215,81,155,205,238,123,233,168,155,228,233,118,4,146,196,221,144,97,1,134,139,244,40,194,2,24,246
Best fitness found so far: 0.38685893398193083; k: 2.0
Generation: 64; 0.38685893398193083; k: 2.0; 236,63,105,77,195,11,89,47,81,212,205,238,123,215,138,90,162,226,106,219,157,77,11,89,76,81,155,205,238,123,233,168,155,228,233,232,155,13,233,198,163,146,233,214,155,180,124,248,59,148,230,189,52,130,207,201,4,95,241,212,19,90,125,89,121,219,77,77,11,12,215,81,155,205,238,123,233,168,155,228,233,118,11,146,196,139,144,97,1,134,139,155,40,194,2,166,246
Best fitness found so far: 0.38685893398193083; k: 2.0
Generation: 65; 0.38685893398193083; k: 2.0; 236,63,105,77,195,11,89,47,81,212,205,238,123,215,138,90,162,226,106,219,157,77,11,89,76,81,155,95,238,123,233,168,155,228,233,232,155,13,233,198,163,146,233,214,155,180,124,248,59,148,154,189,52,130,89,201,4,95,241,212,19,90,167,89,121,219,77,77,11,95,166,81,155,205,238,123,233,168,155,228,233,123,233,52,155,25,233,157,5,146,196,139,155,187,1,233,157,115,168,115,198,224
Best fitness found so far: 0.38685893398193083; k: 2.0
Generation: 66; 0.38685893398193083; k: 2.0; 236,63,105,77,77,11,89,47,81,2,205,238,123,215,174,230,201,4,95,241,212,19,90,125,89,121,219,16,214,11,12,215,81,155,205,238,123,107,168,155,228,233,118,11,146,196,139,144,97,1,134,99,155,40,194,2,6,246
Best fitness found so far: 0.38685893398193083; k: 2.0
Generation: 67; 0.38685893398193083; k: 2.0; 236,63,105,77,195,11,89,47,81,212,205,238,123,215,138,90,162,89,106,219,227,77,69,67,4,131,184,144,103,90,26,222,174,237,63,175,105,130,151,229,49,243,209,17,112,113,197,77,11,89,94,200,60,205,238,208,233,81,12,180,238,138,197,34,108,11,241,129,45,42,250,241,129,45,237
Best fitness found so far: 0.38685893398193083; k: 2.0
Generation: 68; 0.38685893398193083; k: 2.0; 236,63,105,77,77,11,89,47,37,212,205,238,123,215,180,155,81,114,180,170,123,64,81,155,124,155,19,201,168,136,81,155,180,40,123,199,81,155,55,238,138,5,170,196,59,144,224,1,225,9,219,180,238,138,48,178,217
Best fitness found so far: 0.38685893398193083; k: 2.0
Generation: 69; 0.38685893398193083; k: 2.0; 236,63,105,77,195,11,89,47,35,212,205,238,123,215,138,90,185,89,106,219,77,77,11,89,215,81,155,205,238,123,233,168,155,186,233,196,139,144,97,1,134,139,155,40,194,2,166,237
Best fitness found so far: 0.38685893398193083; k: 2.0
Generation: 70; 0.38685893398193083; k: 2.0; 236,75,105,77,77,11,89,47,81,2,205,238,123,215,174,230,201,4,95,241,59,19,90,78,89,250,219,16,214,11,12,214,81,155,38,238,123,107,168,155,233,9,155,30,153,248,123,233,52,155,41,233,138,5,146,196,101,144,192,1,233,32,155,137,220,138,104,208,5,47,233,157,5,146,196,139,155,187,1,233,157,115,168,115,198,224
Best fitness found so far: 0.38685893398193083; k: 2.0
Generation: 71; 0.38685893398193083; k: 2.0; 164,1,105,77,77,11,1,152,37,212,205,238,123,215,180,155,81,114,180,170,123,64,81,155,78,155,19,201,168,136,81,155,229,144,241,212,219,81,238,89,121,219,19,213,69,56,211,187,184,144,171,87,90,52,219,81,238,89,121,219,19,213,69,56,211,131,184,144,171,90,73,52,147,16,76,1,170,123,64,81,20,78,155,19,104,168,136,81,155,211,144,241,212,219,81,241,89,121
Best fitness found so far: 0.38685893398193083; k: 2.0
Generation: 72; 0.38685893398193083; k: 2.0; 26,1,105,77,77,11,1,152,37,212,15,238,123,215,180,155,98,114,180,170,123,191,81,155,78,155,19,201,168,136,81,12,229,144,241,212,219,81,238,89,121,174,19,213,69,56,202,187,184,144,171,87,90,52,219,81,238,89,121,219,19,213,69,56,211,131,184,144,171,90,73,52,147,16,76,1,170,123,64,81,20,78,155,19,104,168,136,81,155,75,144,241,212,219,81,5,146,196,139,144,187,193,170,213,203,11,89,47,81,155,21,126,123,187,137,84,232,157,175,147,77,207,109
Best fitness found so far: 0.38685893398193083; k: 2.0
Generation: 73; 0.38685893398193083; k: 2.0; 236,75,105,77,77,11,89,47,81,2,205,238,123,215,174,230,201,4,95,241,59,19,90,78,89,250,219,16,214,11,12,214,81,155,38,238,123,107,98,155,233,9,155,30,153,248,123,233,57,155,41,233,138,5,146,196,101,144,192,1,233,32,155,137,220,233,191,155,242,233,242,155,44,233,118,163,162,208,106,219,222,77,86,67,4,131,8,144,103,196,26,161,174,237,63,175,105,130,151,229,49,243,209,17,52,61,123,77,11,89,94,144,60,205,144,95
Best fitness found so far: 0.38685893398193083; k: 2.0
Generation: 74; 0.38685893398193083; k: 2.0; 236,63,105,77,195,11,89,47,81,212,157,238,123,215,138,90,162,226,106,219,157,77,144,187,212,233,9,38,30,153,248,226,6,230,189,52,178,173,201,85,144,241,212,219,209,54,89,26,219,19,213,69,56,4,150,184,16,205,238,123,233,191,155,228,233,232,155,13,190,198,125,146,233,214,155,180,124,248,59,16,230,189,52,130,37,19,174,222,40,238,202,66,139,195,80,134,200,9,155,233,194,138,16,208,31,171,95
Best fitness found so far: 0.38685893398193083; k: 2.0
Generation: 75; 0.38685893398193083; k: 2.0; 236,63,105,77,195,11,89,47,81,212,205,238,123,215,138,90,162,89,106,219,47,77,11,200,179,188,155,205,246,123,233,64,155,228,233,40,4,146,196,193,105,77,169,11,174,47,121,140,77,189,11,12,215,81,155,205,238,112,233,122,155,228,233,118,11,146,219,227,77,186,67,4,131,184,144,143,196,26,222,174,237,63,175,50,130,151,169,21,243,209,17,132,113,197,23,185,89,94,243,60,220,238,208,233,92,12,180,238,138,197,34,108,11,241,129,209,42,250,241,129,45,247,228,233,118,11
Best fitness found so far: 0.38685893398193083; k: 2.0
Generation: 76; 0.38685893398193083; k: 2.0; 236,75,105,77,77,11,89,47,81,2,205,238,123,215,174,230,201,27,168,241,59,148,94,78,89,250,219,124,214,23,74,193,81,155,38,238,123,107,168,155,233,9,155,30,123,64,81,155,78,155,19,201,168,136,81,13,24,144,70,95,219,81,44,89,249,219,19,141,69,56,211,131,184,144,171,90,90,52,147,16,170,1,170,115,64,81,170,171,59,144,224,1,19,213,69,56,4,69,184,247,187,90,26,222,174,72,14,222,115,222,166,182,49,243,209,196,72,227,134,1,45,163,5,29
Best fitness found so far: 0.38685893398193083; k: 2.0
Generation: 77; 0.38685893398193083; k: 2.0; 236,5,105,77,195,11,89,137,81,212,205,238,123,215,138,90,162,226,106,219,157,128,11,54,76,181,155,161,238,30,18,168,129,41,233,107,155,13,233,198,49,154,250,214,155,180,156,107,59,148,230,189,52,130,207,240,32,95,241,212,19,90,125,230,121,140,45,189,114,12,142,81,155,205,25,12,233,68,155,228,233,171,11,217,118,4,110,56,221,144,205,240,123,233,75,155,228,233,232,155,13,233,198,163,146,233,214,155,196,46,248,59,23,230,189,52,130,207,201,4,95,58,212,19,90,125,89,49,219,77,77,11,12,215,247,110,83,238,123,233,168,106,228,233,118,11,149,160,161,63,97,153,134,208,155,40,194,19,166,246,105,77,195,11,89,137,81,212,228,235,232,155,13,233,198,163,146,233,214,155,180,124,248,59,148,230,189,52,130,207,201,4,95,241,94,19,90,125,89,121,219,77,77,11,12,215,81,155,205,238,123,233,168,155,228,233,118,11,146,196,139,144,97,1,134,139,155,40,194,2,166,246
Best fitness found so far: 0.38685893398193083; k: 2.0
Generation: 78; 0.38685893398193083; k: 2.0; 236,63,105,77,195,11,161,47,81,212,205,238,45,215,138,90,162,226,242,69,157,128,60,89,76,81,191,113,238,123,233,168,59,41,233,166,155,13,233,198,12,146,233,214,155,49,124,248,59,148,18,69,117,105,130,140,5,146,196,139,144,187,71,233,56,107,180,218,197,121,45,163,5,29
Best fitness found so far: 0.38685893398193083; k: 2.0
Generation: 79; 0.38685893398193083; k: 2.0; 236,75,105,77,77,11,89,47,81,2,173,238,123,215,174,230,33,4,95,241,59,19,11,78,89,78,89,121,200,16,214,11,12,215,81,155,205,238,123,107,168,247,135,9,217,30,153,248,123,233,52,155,41,233,138,43,146,196,101,144,192,1,233,32,155,137,194,138,104,33,205,238,112,233,122,155,228,233,118,11,146,118,94,146,82,221,11,97,1,134,139,244,40,194,2,24,246
Best fitness found so far: 0.38685893398193083; k: 2.0
Generation: 80; 0.38685893398193083; k: 2.0; 236,63,105,77,195,11,89,47,81,212,205,238,123,215,138,90,162,165,83,240,105,77,77,11,1,152,37,212,205,238,110,215,183,155,81,114,180,170,69,64,81,155,78,200,19,201,168,136,81,155,229,144,241,212,219,81,33,89,121,219,19,213,69,56,211,187,174,144,171,87,90,52,219,81,238,89,121,219,19,165,122,56,211,131,184,144,171,90,73,248,147,16,76,23,170,123,64,81,21,77,11,89,180,89,83,203,155,178,203,105,160,6,9,66,34,144,8,153,197,157,115,187,56,184,224
Best fitness found so far: 0.38685893398193083; k: 2.0
Generation: 81; 0.38685893398193083; k: 2.0; 236,63,105,77,57,11,89,47,81,212,205,238,11,215,138,90,150,226,214,219,198,77,234,89,76,129,155,95,238,123,233,168,24,144,96,212,219,81,238,89,236,219,19,141,69,56,211,131,184,144,238,89,121,162,19,213,69,56,211,131,184,138,104,244,35,171,117,179,113,53,224,150,123,1,203,190,89,207,137,80,106,73,15,66,21,77,229,182,180,89,83,69,155,178,203,40,160,107,9,66,201,144,8,1,197,157,115,187,56,12,224
Best fitness found so far: 0.38685893398193083; k: 2.0
Generation: 82; 0.38685893398193083; k: 2.0; 120,1,105,77,75,11,89,152,37,212,205,238,123,215,180,155,81,114,180,106,123,64,81,155,186,155,123,77,11,89,94,144,60,205,144,95
Best fitness found so far: 0.38685893398193083; k: 2.0
Generation: 83; 0.38685893398193083; k: 2.0; 236,63,105,77,195,11,89,47,81,212,205,238,123,70,138,90,162,5,106,219,47,44,11,55,179,188,155,205,196,123,233,168,155,228,233,118,4,146,196,83,105,77,169,11,174,47,239,155,195,238,123,233,52,155,239,233,157,5,146,196,139,155,187,1,233,47,81,132,187,238,123,215,138,90,162,155,5,219,157,57,116,89,76,81,16,155,187,1,86,185,115,168,193,139,224
Best fitness found so far: 0.38685893398193083; k: 2.0
Generation: 84; 0.38685893398193083; k: 2.0; 63,1,105,77,77,216,1,152,37,212,205,238,123,150,180,155,81,114,180,170,123,2,81,118,45,155,19,201,168,116,81,155,175,144,8,147,219,81,238,89,205,238,123,215,138,90,162,21,106,219,157,77,11,89,60,81,155,205,238,123,233,168,155,228,233,232,155,13,233,198,163,146,233,188,155,180,124,248,59,148,230,189,52,14,207,215,82,179,76,157,130,180,85,11,164,102,34,38,81,174,234,238,123,233,247,231,26,155,69,100,198,224,180,215,47,156,155,140,209,123,233,164,155,159,233,138,5,128,196,128,144,187,1,233,235,197,180,194,138,104,138,5,171,124,102,168,57,238,150,187,1,114,15,27
Best fitness found so far: 0.38685893398193083; k: 2.0
Generation: 85; 0.38685893398193083; k: 2.0; 236,63,105,77,77,11,149,47,81,2,205,238,123,215,174,230,201,4,84,241,212,19,193,125,89,121,219,16,214,11,12,215,81,155,223,227,123,107,168,155,228,11,12,215,103,155,205,238,123,107,92,155,233,9,155,30,153,248,123,233,52,155,41,222,138,40,40,196,101,144,192,1,233,32,155,137,194,114,104,208,5,47,38
Best fitness found so far: 0.38685893398193083; k: 2.0
Generation: 86; 0.38685893398193083; k: 2.0; 236,63,105,77,195,11,249,47,81,212,205,238,123,215,138,90,162,89,106,219,77,153,34,144,8,135,232,53,238,216,66,34,93,82,1,246,186,211,180,9,11,77,84,183,47,81,5,208,238,123,158,81,231,20,17,19,174,222,40,238,202,66,139,195,80,213,233,9,7,5,171,117,179,168,181,24,216,66,34,93,104,1,246,34,175,180,115,47,77,6,120,182,193,236,77,226,11,89,206,73,155,163,248,190,170,205,72,135,81,32,116,48,79,139,239,81,155,205,74,35,233,197,16,180,233,138,5,146,31,139,144,187,144,233,9,116,180,133,248,226,148,230,189,52,178,173,201,104,105,241,2,19,209,125,89,121,219,19,213,242,166,4,230,184,111,69,90,70,222,46,72,14,90,115,222,151,182,49,243,209,172,72,227,234,244,40,133,2,24,246
Best fitness found so far: 0.38685893398193083; k: 2.0
Generation: 87; 0.38685893398193083; k: 2.0; 236,63,105,185,195,11,89,47,81,212,157,238,123,215,138,90,162,226,106,219,157,77,144,187,212,233,9,38,30,153,248,226,6,230,189,52,118,158,201,85,144,241,212,219,209,54,89,26,219,19,213,69,56,4,150,184,16,205,238,123,233,191,155,228,233,232,155,13,190,198,125,146,233,166,155,180,124,235,59,220,144,103,90,26,222,174,132,63,99,105,130,151,229,49,120,69,117,105,130,151,5,146,196,139,144,103,71,245,56,5,180,58,197,121,45,163,5,29
Best fitness found so far: 0.38685893398193083; k: 2.0
Generation: 88; 0.38685893398193083; k: 2.0; 236,75,105,77,77,41,89,47,99,2,205,238,123,215,174,230,201,4,95,241,59,19,90,78,89,49,219,155,205,54,123,140,89,76,81,155,205,238,43,233,168,155,157,100,232,82,13,233,198,163,56,60,188,155,180,142,248,59,19,230,19,213,69,43,202,187,184,147,171,87,90,52,219,81,238,45,142,219,19,213,216,56,231,131,184,144,27,90,73,52,147,16,76,1,170,123,64,81,20,78,11,19,214,168,136,81,155,75,144,241,212,58,81,5,146,196,139,187,14,193,170,100,203,11,89,47,81,155,21,126,238,187,137,84,232,157,175,147,77,207,109,205,238,123,215,138,90,162,21,106,219,157,77,11,89,76,214,155,205,238,123,32,168,155,157,233,232,82,13
Best fitness found so far: 0.38685893398193083; k: 2.0
Generation: 89; 0.38685893398193083; k: 2.0; 71,63,105,77,119,11,89,47,81,212,205,238,123,215,164,90,162,226,106,219,157,77,146,89,76,200,155,95,238,123,96,168,155,228,191,232,155,13,233,198,163,171,95,123,215
Best fitness found so far: 0.38685893398193083; k: 2.0
Generation: 90; 0.38685893398193083; k: 2.0; 236,75,105,134,77,11,89,47,81,2,205,238,71,215,174,180,201,46,95,241,59,19,90,63,89,121,219,16,214,11,9,155,81,114,180,170,200,64,81,155,124,155,216,27,81,136,167,206,180,40,220,199,205,72,47,184,71,116,48,79,205,72,77,208,76,19,137,139,155,187,1,233,157,115,168,235,198,224
Best fitness found so far: 0.38685893398193083; k: 2.0
Generation: 91; 0.38685893398193083; k: 2.0; 236,63,105,77,195,11,89,47,35,212,205,238,209,215,138,90,185,84,11,101,121,81,155,205,238,123,108,168,71,63,105,198,4,11,89,47,81,212,205,238,123,215,164,90,162,226,106,219,239,77,11,240,124,81,68,129,238,123,96,230,155,138,233,221,155,13,233,198,163,210,1,129,81,66,34,139,7,203,138,45,137,183
Best fitness found so far: 0.38685893398193083; k: 2.0
Generation: 92; 0.38685893398193083; k: 2.0; 236,63,105,77,195,11,89,47,81,212,205,238,123,215,138,90,250,21,106,219,157,77,11,89,76,81,99,106,77,123,233,168,155,228,233,232,155,13,233,198,163,146,233,188,155,180,124,248,59,148,230,189,52,14,207,215,138,16,208,31,171,95
Best fitness found so far: 0.38685893398193083; k: 2.0
Generation: 93; 0.38685893398193083; k: 2.0; 236,63,105,77,195,11,89,47,81,212,205,238,145,215,138,90,162,226,106,219,23,69,105,101,195,11,89,47,81,212,205,238,123,215,138,90,162,73,83,219,77,77,11,89,215,81,155,180,145,239,155,205,238,123,233,52,155,239,233,157,5,146,196,139,155,187,1,233,227,115,168,115,198,224
Best fitness found so far: 0.38685893398193083; k: 2.0
Generation: 94; 0.38685893398193083; k: 2.0; 236,63,105,77,195,11,89,47,81,212,205,238,11,215,138,90,208,226,106,219,198,77,11,89,76,160,155,95,238,123,233,103,155,228,79,232,155,152,37,212,205,18,123,215,180,155,81,114,180,170,123,125,193,155,78,155,19,201,168,136,81,155,96,144,237,212,219,81,238,89,121,219,19,213,69,56,211,131,184,5,104,244,196,139,144,187,183,233,199,155,180,168,136,56,242
Best fitness found so far: 0.38685893398193083; k: 2.0
Generation: 95; 0.38685893398193083; k: 2.0; 236,63,25,77,195,11,89,47,81,212,187,238,21,215,138,140,162,154,106,27,113,241,11,89,13,122,16,205,238,123,138,104,208,154,47,233,157,5,146,196,139,155,187,1,233,157,115,168,115,198,224
Best fitness found so far: 0.38685893398193083; k: 2.0
Generation: 96; 0.38685893398193083; k: 2.0; 236,63,105,77,77,11,89,47,39,212,205,238,123,215,180,155,81,114,180,101,11,33,47,81,139,187,238,5,177,138,140,162,155,106,103,166,77,11,4,76,122,16,205,238,189,233,152,155,242,233,242,155,44,233,118,163,46,89,106,60,225,206,86,67,4,131,15,45,103,196,219,222,17,237,63,175,105,130,151,81,49,243,209,17,52,61,197,77,11,89,94,144,145,241,144,95,67,4,131,8,45,103,196,26,222,174,237,125,175,105,130
Best fitness found so far: 0.38685893398193083; k: 2.0
Generation: 97; 0.38685893398193083; k: 2.0; 236,63,105,77,195,11,89,47,81,212,205,238,123,215,138,90,162,226,106,219,157,181,144,187,212,233,9,38,30,58,233,39,212,205,238,123,86,100,155,81,114,180,101,33,64,107,155,113,155,216,114,168,153,81,155,223,40,123,199,81,155,55,238,138,39,170,157,123,239,54,7,180,62,138,183,54,196,139,41,187,56,146,19,183,116,237,229,34,139,48,203,237,112,42,103
Best fitness found so far: 0.38685893398193083; k: 2.0
Generation: 98; 0.38685893398193083; k: 2.0; 26,1,105,77,211,11,1,152,37,212,15,88,123,215,180,155,98,114,180,20,123,191,81,155,78,214,19,201,168,136,81,117,229,144,245,212,219,81,238,241,121,174,19,213,69,56,202,187,184,144,171,87,90,216,219,81,238,89,121,219,19,213,69,56,211,131,184,144,171,90,73,52,147,16,76,1,170,123,64,81,20,78,155,16,104,168,136,81,155,75,144,79,212,219,81,5,146,196,139,144,187,193,170,236,116,237,229,34,141,48,203,237,230,42,250
Best fitness found so far: 0.38685893398193083; k: 2.0
Generation: 99; 0.38685893398193083; k: 2.0; 236,63,105,77,195,16,7,52,81,212,205,238,123,215,150,90,127,229,106,219,157,128,11,89,76,176,155,4,238,11,233,234,210,123,233,188,219,19,213,69,56,4,165,184,144,171,250,90,52,106,113,76,1
Best fitness found so far: 0.38685893398193083; k: 2.0
Generation: 100; 0.38685893398193083; k: 2.0; 236,63,105,77,195,11,161,47,81,212,205,238,45,215,138,90,162,226,242,69,157,128,60,89,76,81,155,113,238,123,233,168,155,205,238,123,107,168,155,233,9,155,30,153,55,123,233,52,155,41,233,158,5,146,2,101,144,192,1,233,82,155,137,194,138,104,33,205,238,112,233,122,155,228,233,118,11,146,118,4,146,82,221,144,97,1,134,139,244,40,194,2,24,246
Best fitness found so far: 0.38685893398193083; k: 2.0
Generation: 101; 0.38685893398193083; k: 2.0; 236,75,105,77,77,11,89,47,81,2,205,238,247,215,174,180,201,46,95,241,59,19,90,98,243,47,81,132,187,238,123,215,138,90,162,51,5,219,157,142,116,89,76,81,16,155,187,1,86,157,115,168,46,139,224
Best fitness found so far: 0.38685893398193083; k: 2.0
Generation: 102; 0.38685893398193083; k: 2.0; 236,75,105,77,109,11,89,47,81,2,205,238,123,215,174,230,201,4,95,241,59,19,90,78,89,250,219,16,214,11,12,117,51,155,38,238,123,107,168,155,233,9,195,30,153,248,123,233,52,155,41,233,138,5,146,196,101,144,192,1,233,32,155,137,220,77,189,11,12,215,81,37,205,140,81,190,109,21,141,2,205,238,123,215,174,230,201,4,95,241,59,19,90,78,89,250,219,16,214,11,12,117,51,155,38,238,123,107,168,155,233,9,195,30,153,248,123,233,52,155,41,233,138,5,146,196,101,144,192,1,233,32,155,137,220,77,189,11,12,215,81
Best fitness found so far: 0.38685893398193083; k: 2.0
Generation: 103; 0.38685893398193083; k: 2.0; 236,159,165,77,211,11,89,47,81,2,205,8,35,215,174,230,201,4,95,13,212,19,90,125,89,121,213,105,214,11,12,215,81,155,63,173,201,96,144,241,240,19,209,125,89,121,219,19,213,130,56,4,68,184,144,187,90,26,222,174,72,217,90,115,222,151,189,49,243,209,17,231,108,197,72,229,163,5,213,121,219,19,213,14,56,4,131,184,241,187,90,26,222,174,72,217,90,115,74,151,218,49,243,209
Best fitness found so far: 0.38685893398193083; k: 2.0
Generation: 104; 0.38685893398193083; k: 2.0; 236,63,105,77,195,11,89,47,81,212,157,238,123,215,138,90,162,226,106,219,157,77,144,187,212,233,9,38,30,153,248,226,6,230,189,52,178,173,201,228,144,68,212,219,209,54,89,26,219,19,213,69,56,4,150,184,16,205,238,123,233,191,155,228,233,232,155,215,138,90,162,226,106,219,157,77,11,89,76,184,51,95,63,12,89,193,155,228,233,232,155,13,233,198,82,146,233,214,155,180,110
Best fitness found so far: 0.38685893398193083; k: 2.0
Generation: 105; 0.38685893398193083; k: 2.0; 236,75,105,77,31,11,89,47,81,202,205,238,123,215,174,230,201,4,50,130,59,19,90,78,89,121,219,205,180,11,12,215,81,202,205,50,67,233,168,155,228,233,118,11,146,196,139,144,231,1,134,176,155,40,194,2,166,246
Best fitness found so far: 0.38685893398193083; k: 2.0
Generation: 106; 0.38685893398193083; k: 2.0; 126,63,105,77,195,11,89,47,81,132,187,238,123,215,138,90,162,155,5,219,157,98,116,198,76,81,16,1,147,139,244,40,186,165,24,246
Best fitness found so far: 0.38685893398193083; k: 2.0
Generation: 107; 0.38685893398193083; k: 2.0; 236,63,105,77,195,11,89,47,81,212,205,238,123,215,138,90,162,31,106,219,47,77,11,200,179,188,155,205,246,123,247,64,155,228,233,40,4,146,196,193,105,77,169,11,174,47,121,140,77,189,11,12,215,120,155,4,238,112,233,122,248,228,233,118,150,188,1,191,190,205,201,137,80,221,73,233,135,21,77,11,89,180,89,83,69,155,178,203,183,55,1,9,66,34,144,8,1,197,157,115,187,56,205,224,63,105,77,195,11,89,47,81,212,205,238,123,215,138,90,162,31,106
Best fitness found so far: 0.38685893398193083; k: 2.0
Generation: 108; 0.38685893398193083; k: 2.0; 236,63,105,77,199,11,89,47,81,212,187,238,123,215,138,90,162,144,106,3,122,48,101,89,76,39,16,205,238,123,233,191,76,228,233,242,155,44,233,127,163,63,218,29,195,11,249,47,68,183,205,238,178,215,138,90,162,165,83,235,77,77,11,89,215,81,155,205,145,123,201,168,155,228,233,89,47,81,212,205,238,123,215,138,90,162,22,106,91,157,77,11,97,76,81,155,95,238,123,233,58,155,228,128,232,1,13,50,198,163,146,233,224,155,180,124,189,59,82,154,189,52,130,89,201,57,112,241,215,19,90,106,89,237,219,77,77,187,41,166,81,155,205,238,123,233,168,155,228,143,147,233,52,155,25,233,127,5,146,196,139,155,187,238,233,157,115,168,115,6,224
Best fitness found so far: 0.38685893398193083; k: 2.0
Generation: 109; 0.38685893398193083; k: 2.0; 120,1,105,77,77,11,89,152,37,212,205,238,123,215,180,155,81,114,90,170,123,87,81,155,155,205,238,123,233,168,155,228,233,232,13,13,233,45,163,116,220,214,155,69,218,236,59,148,43,189,15,130,133,201,4,95,241,212,159,90,125,89,121,219,77,77,11,237,121,81,155,205,238,123,108,168,120,63,105,77,4,11,89,47,81,212,205,238,123,215,164,90,162,226,106,91,157,77,11,240,76,81,68,129,238,123,96,168,155,228,233,67,155,217,233,198,163,246,1,129,143,66,34,139,47,203,197,45,137,250
Best fitness found so far: 0.38685893398193083; k: 2.0
Generation: 110; 0.38685893398193083; k: 2.0; 120,1,105,77,77,11,89,152,37,212,205,18,123,215,180,155,81,114,180,170,123,64,81,155,203,155,19,201,168,136,90,162,226,106,219,157,77,144,187,212,233,9,38,30,153,248,226,220,230,189,52,178,173,201,96,144,241,212,219,209,54,89,121,155,13,233,198,163,146,233,214,155,84,124,248,59,148,230,189,89,130,207,240,4,95,26,153,19,174,125,95,121,140,77,189,178,12,215,89,37,250,140,81,190,109,21,141
Best fitness found so far: 0.38685893398193083; k: 2.0
Generation: 111; 0.38685893398193083; k: 2.0; 236,75,105,77,77,41,89,47,81,2,205,238,123,215,174,230,201,4,95,241,79,19,139,78,89,49,219,155,205,138,123,140,52,7,180,62,138,5,212,187,238,123,215,138,140,162,155,106,64,122,77,11,89,76,122,10,205,238,123,233,191,155,242,233,242,155,44,233,118,163,162,89,106,219,225,77,86,67,4,131,8,144,96,196,26,222,174,237,63,164,42,130,183,229,84,243,209,17,52,61,197,77,11,89,94,144,150,205,144,95
Best fitness found so far: 0.38685893398193083; k: 2.0
Generation: 112; 0.38685893398193083; k: 2.0; 236,63,105,77,195,11,89,47,35,212,205,238,123,215,138,90,27,89,106,219,77,77,11,89,215,81,155,205,238,123,233,202,155,186,233,48,139,144,97,1,52,147,16,76,1,230,123,63,105,77,162,11,89,47,35,141,205,130,209,215,138,90,185,89,106,47,81,5,234,159,179,233,81,231,139,155,25,115,198,6,180,155,47,99
Best fitness found so far: 0.38685893398193083; k: 2.0
Generation: 113; 0.38685893398193083; k: 2.0; 120,1,105,77,77,11,89,47,37,212,205,238,123,215,180,155,81,155,180,170,123,64,96,90,26,222,174,237,69,175,105,130,207,5,146,161,139,144,43,71,233,56,85,180,75,197,121,45,163,5,29
Best fitness found so far: 0.38685893398193083; k: 2.0
Generation: 114; 0.38685893398193083; k: 2.0; 236,75,105,77,77,11,89,47,81,2,205,238,123,215,174,230,201,27,95,249,59,148,14,78,12,196,51,124,214,11,74,193,101,155,38,238,123,107,199,155,233,137,155,30,110,64,141,99,78,155,19,201,168,136,81,13,24,144,241,212,162,81,238,89,236,219,19,141,69,56,211,131,184,165,171,90,90,154,147,16,76,164,170,228,123,81,155,47,81,212,205,238,37,215,138,90,162,89,106,219,77,77,11,89,78,81,155,205,238,123,233,168,155,228,233,118,4,146,101,221,144,103,244,134,139,244,40,232,2,24,246
Best fitness found so far: 0.38685893398193083; k: 2.0
Generation: 115; 0.38685893398193083; k: 2.0; 120,1,105,77,77,11,89,152,39,212,205,238,69,215,180,155,81,114,180,170,123,64,104,155,185,59,19,201,195,136,81,155,96,144,241,198,219,81,238,89,121,219,77,208,26,154,99,196,138,123,140,52,7,45,62,138,5,54,196,139,41,187,56,146,19,236,116,237,229,34,139,7,203,237,215,42,250
Best fitness found so far: 0.38685893398193083; k: 2.0
Generation: 116; 0.38685893398193083; k: 2.0; 236,63,105,53,195,11,89,47,81,212,99,238,123,215,146,90,162,129,106,219,157,77,11,89,76,81,155,205,238,32,233,168,155,228,36,116,155,13,233,198,163,20,233,188,163,180,124,248,59,148,188,189,52,14,207,215,82,179,76,157,115,180,226,11,164,102,5,38,81,84,234,236,63,209,77,195,11,232,155,13,233,198,163,146,130,214,155,180,124,248,59,23,177,189,182,130,207,201,4,95,58,212,19,90,125,89,49,219,77,117,11,12,215,81,155,205,238,123,233,168,106,228,233,118,11,146,249,161,144,97,1,248,223,155,40,194,2,166,246
Best fitness found so far: 0.38685893398193083; k: 2.0
Generation: 117; 0.38685893398193083; k: 2.0; 236,63,105,77,195,11,89,47,35,212,205,238,209,215,138,90,185,89,106,47,81,5,156,238,179,233,81,231,88,155,25,115,198,11,180,155,19,246
Best fitness found so far: 0.38685893398193083; k: 2.0
Generation: 118; 0.38685893398193083; k: 2.0; 236,75,105,77,77,11,89,47,81,2,205,238,123,215,102,230,36,4,95,241,59,19,90,78,89,123,219,16,214,11,12,214,18,155,38,238,123,107,168,155,233,9,115,168,115,249,224
Best fitness found so far: 0.38685893398193083; k: 2.0
Generation: 119; 0.38685893398193083; k: 2.0; 236,209,105,77,195,11,89,47,81,212,187,238,123,25,138,90,162,155,127,64,122,77,11,89,76,122,16,205,238,123,233,138,235,228,233,242,155,44,233,118,163,162,89,106,219,227,77,69,67,4,131,139,144,103,196,26,222,99,237,63,175,105,130,151,229,52,178,173,201,96,144,236,212,19,209,125,41,121,219,19,213,14,56,4,131,184,144,187,90,26,237,73,72,217,90,115,222,151,182,49,243,209,17,100,108,4,72,229,163,5,213,121,219,19,213,14,56,4,131,184,144,187,90,26,222,174,72,217,90,115,222,151,182,49,209,54,89,121,219,19,213,69,56,4,131,160,144,171,250,90,52,147,5,76,1
Best fitness found so far: 0.38685893398193083; k: 2.0
Generation: 120; 0.38685893398193083; k: 2.0; 236,63,105,77,77,11,89,47,39,212,205,238,123,215,180,155,81,114,180,101,33,64,107,155,113,11,107,166,3,22,128,233,9,155,30,164,248,125,233,52,155,244,233,122,5,177,196,101,144,192,241,233,32,26,137,194,138,104,53,185,83,27
Best fitness found so far: 0.38685893398193083; k: 2.0
Generation: 121; 0.38685893398193083; k: 2.0; 120,227,105,77,69,11,89,152,37,212,137,238,69,215,180,155,81,114,180,170,123,64,104,155,185,59,19,77,237,136,89,155,162,144,241,164,221,64,238,167,121,219,60,208,26,155,99,27,138,5,146,81,155,205,29,123,157,168,155,233,222,155,30,153,248,123,233,52,155,41,186,138,5,146,196,101,144,192,136,232,32,155,137,194,138,104,33,134,238,112,233,122,155,228,233,118,11,146,118,4,146,82,221,104,208,5,17,233,157,5,146,196,139,155,19,1,186,157,115,177,36,198,91
Best fitness found so far: 0.38685893398193083; k: 2.0
Generation: 122; 0.38685893398193083; k: 2.0; 236,75,105,77,77,41,89,47,81,2,205,238,123,215,174,230,201,4,95,241,59,19,90,78,89,49,219,155,209,138,123,140,52,7,180,62,138,5,54,177,139,41,187,56,146,19,236,116,237,229,34,139,7,203,237,215,115,196,55,59,122,187,63,93,222,168,86,5,143,130,91,155,180
Best fitness found so far: 0.38685893398193083; k: 2.0
Generation: 123; 0.38685893398193083; k: 2.0; 236,63,105,77,77,11,89,47,39,212,205,238,123,215,180,155,110,114,180,101,33,64,107,155,113,155,19,201,163,136,81,155,223,40,123,199,81,155,55,238,138,5,170,157,123,239,54,7,180,62,138,183,54,73,139,41,187,56,146,19,236,116,237,229,34,139,157,203,105,77,195,11,89,47,81,212,225,238,139,215,138,90,165,226,106,219,157,163,11,89,126,81,125,205,238,30,233,224,191,41,233,188,155,13,233,198,49,154,233,214,155,239,156,107,59,9,230,213,107,217,207,240,4,233,241,212,19,117,125,230,121,64,77,189,86,12,142,81,155,205,238,112,233,122,155,52,92,118,63,164,118,4,146,199,221,144,205,197,123,82,168,155,228,132,232,155,13,233,198,163,146,62,214,155,180,124,248,145,23,230,240,119,130,207,201,4,95,58,212,19,90,125,89,49,219,77,77,11,12,215,81,155,205,238,123,233,211,106,228,206,54,11,146,160,161,144,97,1,134,208,155,40,194,144,166,246
Best fitness found so far: 0.38685893398193083; k: 2.0
Generation: 124; 0.38685893398193083; k: 2.0; 236,63,105,248,195,11,89,47,81,212,205,238,123,215,138,90,162,165,83,219,77,165,11,89,52,81,155,205,145,123,201,168,105,228,233,89,47,81,212,205,238,123,215,138,90,162,226,106,91,157,77,11,97,33,141,155,95,238,123,233,168,155,96,168,155,228,233,21,155,13,233,198,163,146,111,112,244,180,124,201,59,148,154,189,52,130,89,201,4,95,170,212,89,232,81,155,25,173,153,83,211,155,94,155,64,32,227,192,136,56,206,63,105,248,195,11,89,47,81,212,205,238,123,215,138,90,162,165,83,219,77,165,11,89,52,81,155,205,145,123,201,168,105,228,233,89,47,81,212,205,238,123,215,138,90,162,226,106,91,157,77,11,97,33,141,155,95,238,123,233,168,155,96,168,155,228,233,21,155,13,233,198,163,146,111,112,244,180,124,201,59,148,154,189,52
Best fitness found so far: 0.38685893398193083; k: 2.0
Generation: 125; 0.38685893398193083; k: 2.0; 236,63,105,53,195,241,89,47,81,212,205,238,123,215,138,90,159,129,106,219,157,8,11,89,189,81,155,205,238,123,230,168,155,228,233,116,155,13,233,198,163,20,233,188,155,180,124,248,59,148,230,189,9,14,207,215,247,123,76,157,115,180,85,11,164,102,34,38,81,84,234,236,63,105,77,195,11,89,104,81,212,205,238,159,215,150,90,162,119,106,219,157,128,11,89,76,81,155,4,238,123,233,168,155,41,233,188,155,13,233,198,163,146,233,214,155,180,124,248,9,148,27,11,171,31,233,44,163,162,89,106,219,225,206,86,67,4,38,8,45,103,196,26,222,174,237,63,175,105,130,151,238,49,243,209,17,52,61,197,205,11,89,242,144,60,44,79,25,67,4,131,8,67,103,61,26,222,174,237,63,175,244,130
Best fitness found so far: 0.38685893398193083; k: 2.0
Generation: 126; 0.38685893398193083; k: 2.0; 236,75,105,77,77,11,89,47,81,2,5,128,123,215,174,230,201,27,95,241,59,148,197,78,89,250,219,124,214,11,135,193,81,155,38,15,123,107,168,131,233,9,155,30,123,64,81,155,78,155,19,201,168,136,81,155,187,238,233,149,115,168,115,198,224
Best fitness found so far: 0.38685893398193083; k: 2.0
Generation: 127; 0.38685893398193083; k: 2.0; 236,63,105,77,195,11,89,47,81,212,187,238,123,215,138,140,159,155,81,2,205,238,123,215,174,230,201,4,95,241,212,19,90,125,89,121,219,16,214,11,12,116,81,155,205,238,123,107,168,155,228,233,118,11,146,131,139,144,97,2,134,99,155,40,194,2,6,246
Best fitness found so far: 0.38685893398193083; k: 2.0
Generation: 128; 0.38685893398193083; k: 2.0; 71,63,105,77,99,11,89,47,81,212,205,238,123,215,164,90,162,226,106,219,157,77,11,89,76,81,155,95,238,123,96,168,155,228,233,232,155,13,233,198,44,146,233,112,244,180,124,201,59,148,154,189,52,130,89,201,4,95,241,123,215,138,90,162,155,106,151,81,155,205,238,123,233,52,155,180,233,138,37,146,196,139,144,187,1,233,9,155,180,194,138,104,138,222,122,54,179,168,53,107,150,187,1,114,135,200
Best fitness found so far: 0.38685893398193083; k: 2.0
Generation: 129; 0.38685893398193083; k: 2.0; 246,63,105,77,195,11,249,47,205,212,205,238,123,215,138,90,162,89,106,219,77,153,34,169,8,179,232,53,238,216,66,34,93,82,1,195,186,211,180,9,20,77,84,183,47,81,123,208,238,123,158,81,231,20,201,19,174,222,40,185,202,66,139,195,80,213,24,9,7,5,171,51,249,151,181,93,216,66,246,93,104,1,246,194,115,94,115,47,77,11,120,182,193,236,33,226,11,89,206,73,144,163,248,190,170,205,72,47,81,205,116,48,79,139,239,81,155,205,236,35,233,13,46,180,233,138,5,123,14,139,144,187,144,233,9,116,180,133,248,226,148,230,189,144,178,173,201,96,176,151,2,19,209,125,10,69,219,19,213,242,166,4,230,184,111,69,90,70,222,46,72,14,90,75,222,92,182,49,243,209,172,186,227,116,236,63,105,77,77,11,89,39,37,212,205,238,36,19,180,155,161,114,180,170,123,64,81,155,125,155,19,201,168,136,81,155,168,40,123,199,27,155,113,238,138,40,53,2,24,246
Best fitness found so far: 0.38685893398193083; k: 2.0
Generation: 130; 0.38685893398193083; k: 2.0; 126,63,105,77,195,11,89,47,81,132,187,238,123,215,138,90,82,219,91,238,112,121,219,123,208,26,159,99,27,138,5,216,37,139,83,187,1,67,242,56,180,238,138,67,7,5,171,242,179,168,53,238,216,150,180,147,60,233,56,241,129,45,124,99,241,129,45,237
Best fitness found so far: 0.38685893398193083; k: 2.0
Generation: 131; 0.38685893398193083; k: 2.0; 120,1,105,77,59,11,89,152,37,212,205,238,123,245,180,155,82,114,180,205,238,123,215,150,90,162,229,106,219,157,128,11,89,76,176,155,80,238,123,233,167,155,123,117,200,219,19,213,69,56,4,203,184,144,171,250,58,52,147,180,76,1
Best fitness found so far: 0.38685893398193083; k: 2.0
Generation: 132; 0.38685893398193083; k: 2.0; 206,63,105,77,195,11,161,47,81,212,205,238,45,215,138,90,162,226,242,69,1,89,60,89,177,81,155,162,238,123,233,168,155,41,233,124,52,13,233,198,163,146,233,214,155,49,242,248,59,148,18,189,207,248,207,44,4,95,188,212,19,90,125,98,72,140,56,189,75,12,215,81,61,150,238,112,233,122,155,228,233,118,155,180,168,136,56,242
Best fitness found so far: 0.38685893398193083; k: 2.0
Generation: 133; 0.38685893398193083; k: 2.0; 177,63,105,77,195,11,89,47,81,212,187,238,123,215,196,90,70,177,106,205,101,123,215,138,90,162,226,106,91,157,77,11,141,76,81,155,95,238,168,9,110,192,228,128,136,152,13,164,198,163,94,233,224,155,89,68,81,2,205,238,123,215,174,230,201,4,95,241,59,19,90,78,89,121,219,230,239,11,12,215,81,155,205,238,123,107,168,155,233,9,155,30,153,248,123,233,52,155,41,13,138,5,146,196,101,144,192,1,233,32,155,160,194,138,104,208,5,47,38
Best fitness found so far: 0.38685893398193083; k: 2.0
Generation: 134; 0.38685893398193083; k: 2.0; 126,19,105,77,195,11,89,47,81,132,187,238,123,215,138,90,162,155,106,219,157,57,11,89,76,81,16,205,238,168,233,191,155,228,233,232,155,13,233,198,195,146,233,166,155,180,124,248,59,16,230,94,52,130,160,19,174,222,40,238,202,66,165,195,80,134,233,9,155,233,194,89,47,81,212,205,73,123,215,138,90,162,89,106,157,227,77,69,67,4,131,184,144,103,90,26,222,174,237,63,175,105,130,151,229,49,243,209,17,112,13,10,129,4,146,196,198,144,97,1,134,139,244,40,194,19,24,246
Best fitness found so far: 0.38685893398193083; k: 2.0
Generation: 135; 0.38685893398193083; k: 2.0; 236,63,105,77,195,11,89,47,81,212,187,238,123,215,138,90,162,155,106,64,122,77,11,89,76,122,16,205,238,123,233,191,155,228,233,242,155,44,233,118,163,162,89,106,219,227,20,69,102,4,131,184,144,103,196,26,222,174,37,63,175,105,167,151,229,49,243,209,17,112,113,197,77,11,89,94,200,60,205,238,208,196,81,12,180,238,138,113,34,108,11,241,129,45,188,250,212,129,45,247
Best fitness found so far: 0.38685893398193083; k: 2.0
Generation: 136; 0.38685893398193083; k: 2.0; 236,63,105,77,195,11,89,77,81,217,205,238,123,215,138,90,162,226,106,219,157,77,144,187,212,233,9,111,30,153,248,123,6,192,189,52,178,173,201,96,146,241,212,219,209,56,89,121,33,19,213,69,56,4,84,184,144,171,250,90,52,106,16,76,1
Best fitness found so far: 0.38685893398193083; k: 2.0
Generation: 137; 0.38685893398193083; k: 2.0; 236,63,105,77,195,11,89,47,81,212,205,238,123,215,138,90,162,226,106,219,187,77,11,91,76,81,155,205,238,123,233,168,155,228,233,232,155,13,233,198,163,249,233,214,155,52,178,180,62,138,5,54,196,11,41,238,56,153,19,236,71,237,229,186,139,197,203,149,215,5,250,155,205,238,123,233,168,155,228,233,232,155,13,233,198,163,249
Best fitness found so far: 0.38685893398193083; k: 2.0
Generation: 138; 0.38685893398193083; k: 2.0; 120,1,105,77,77,11,89,152,37,212,205,238,123,215,88,155,226,114,180,170,123,64,104,155,78,59,19,201,168,136,81,155,96,144,76,60,219,81,187,112,121,219,123,11,202
Best fitness found so far: 0.38685893398193083; k: 2.0
Generation: 139; 0.38685893398193083; k: 2.0; 236,63,105,77,195,11,89,47,81,212,187,238,123,215,36,140,162,155,140,64,122,77,11,89,76,122,16,205,238,123,233,191,155,242,233,242,155,44,233,118,163,162,89,106,219,225,77,86,67,4,131,8,144,103,196,26,222,97,11,89,47,81,212,205,238,123,215,94,225,162,226,106,219,157,77,11,89,76,81,68,95,72,123,96,168,155,228,233,67,155,13,127,198,163,146,125,112,244,180,124,201,59,148,154,22,52,130,89,201,4,95,189,212,89,81,81,155,25,173,192,83,211,143,180,155,64,32,227,192,136,56,206
Best fitness found so far: 0.38685893398193083; k: 2.0
Generation: 140; 0.38685893398193083; k: 2.0; 236,63,105,77,195,111,89,47,81,212,205,238,123,215,138,90,162,226,106,219,157,77,188,89,76,90,155,205,238,123,233,168,155,89,47,183,202,205,238,123,81,174,230,201,4,95,130,59,19,35,78,89,102,204,16,180,11,12,215,81,155,205,238,123,107,168,155,233,9,155,30,194,248,211,233,52,27,244,233,138,5,177,196,101,144,192,130,233,32,155,137,220,138,104,208,185,47,27
Best fitness found so far: 0.38685893398193083; k: 2.0
Generation: 141; 0.38685893398193083; k: 2.0; 236,63,105,77,81,11,249,47,81,212,205,238,213,215,138,90,162,89,104,219,77,153,34,144,8,179,232,199,238,216,66,34,31,82,161,52,186,211,180,9,11,77,84,183,47,81,5,208,238,123,158,13,231,20,201,99,174,222,40,238,202,66,139,195,80,213,233,9,7,5,171,117,179,168,181,238,216,172,111,93,104,1,246,34,10,237,115,47,77,11,250,182,193,236,77,226,11,55,206,98,155,163,149,190,170,205,72,47,81,147,116,48,79,139,239,81,155,116,238,35,233,197,46,180,233,138,224,146,31,139,144,187,144,233,9,116,180,133,248,226,148,200,189,144,118,163,162,208,106,219,35,77,194,67,4,235,8,144,103,196,2,161,174,237,63,175,105,130,151,229,49,243,209,17,52,61,123,77,11,89,94,144,60,205,200,95
Best fitness found so far: 0.38685893398193083; k: 2.0
Generation: 142; 0.38685893398193083; k: 2.0; 236,63,105,77,195,11,89,47,81,212,205,238,123,215,138,90,162,226,106,219,157,128,220,89,76,81,155,205,238,123,233,168,201,41,233,188,155,13,116,198,163,146,214,214,116,180,124,248,59,148,230,189,52,130,207,240,4,228,241,212,19,90,201,168,136,81,155,180,40,123,199,81,155,55,238,138,5,170,196,59,144,5,1,19,213,115,56,4,69,184,144,159,90,26,222,174,72,14,90,115,62,151,182,15,243,209,196,72,227,134,1,45,163,127,29
Best fitness found so far: 0.38685893398193083; k: 2.0
Generation: 143; 0.38685893398193083; k: 2.0; 236,63,105,77,195,11,89,47,81,212,187,238,123,215,138,90,162,155,106,219,157,77,11,89,76,81,16,205,238,186,233,191,172,228,233,232,74,13,233,198,163,146,233,214,155,180,124,248,59,16,230,189,8,68,207,201,4,95,241,77,77,11,198,67,81,155,91,238,81,103,52,155,180,233,138,171,5,146,196,139,97,73,221,235,89,63,159,155,180,56,175,140,149,219,123,115,196,55,59,122,187,230,93,222,168,86,5,143,130,91,155,180
Best fitness found so far: 0.38685893398193083; k: 2.0
Generation: 144; 0.38685893398193083; k: 2.0; 236,73,105,77,195,11,89,47,81,212,187,238,123,215,138,90,162,155,194,219,157,77,11,89,76,215,16,205,238,93,26,191,155,70,233,232,155,13,233,198,163,75,233,214,155,180,237,248,59,158,230,70,139,147,207,201,4,95,241,111,77,250,198,217,81,45,163,11,89,152,37,212,205,238,123,215,180,155,81,114,180,170,123,64,81,155,186,155,19,201,159,151,81,155,96,144,241,212,147,61,76,197,170,123,64,176,155,78,155,19,201,168,136,81,155,96,144,241,118,219,81,238,89,121,89,76
Best fitness found so far: 0.38685893398193083; k: 2.0
Generation: 145; 0.38685893398193083; k: 2.0; 236,161,105,77,195,11,89,47,81,212,187,238,123,215,138,90,162,155,106,154,122,77,11,89,76,122,16,22,238,123,186,191,235,228,233,242,155,81,155,95,238,123,233,59,182,228,121,233,141,40,174,105,101,60,192,1,233,32,155,137,194,114,228,208,5,47,38
Best fitness found so far: 0.38685893398193083; k: 2.0
Generation: 146; 0.38685893398193083; k: 2.0; 120,1,105,77,77,11,89,152,37,212,205,18,197,215,180,155,81,114,180,170,123,125,193,155,78,155,19,201,168,136,81,155,55,144,241,212,219,81,238,89,121,219,19,213,69,56,211,131,209,17,52,61,123,65,94,89,94,144,60,205,144,95
Best fitness found so far: 0.38685893398193083; k: 2.0
Generation: 147; 0.38685893398193083; k: 2.0; 236,63,105,77,195,11,89,47,81,212,11,238,123,215,138,90,162,226,106,219,157,128,11,89,131,81,155,205,238,30,233,168,191,41,233,188,155,13,233,183,49,154,233,214,239,239,156,107,59,148,61,189,52,217,207,240,4,95,241,212,19,117,125,230,48,79,205,72,77,208,76,238,137,99,219,123,115,196,55,59,122,187,194,93,222,168,86,5,143,130,91,155,180
Best fitness found so far: 0.38685893398193083; k: 2.0
Generation: 148; 0.38685893398193083; k: 2.0; 236,63,105,77,195,11,89,47,81,212,187,238,123,215,138,90,162,155,106,225,122,48,52,89,166,122,16,205,238,123,233,191,208,228,233,242,155,44,233,118,163,63,218,77,195,11,249,47,68,212,205,238,178,223,138,90,162,25,83,219,77,77,11,89,215,81,155,205,145,123,201,168,155,141,233,89,47,81,212,205,238,123,193,138,90,162,80,106,91,157,77,11,97,76,81,155,95,238,123,233,219,155,228,128,232,1,13,164,81,163,4,233,224,155,180,124,125,59,82,154,189,52,130,89,131,4,112,241,124,19,90,106,89,237,219,77,77,142,41,166,81,155,205,17,185,233,168,155,228,233,147,233,52,155,25,233,127,5,146,196,139,155,157,77,11,89,76,81,155,205,238,123,233,168,155,228,233,232,195,13,233,198,163,146,233,214,155,180,124,248,59,148,230,189,52,130,207,201,4,111,241,212,19,90,125,89,121,219,77,77,11,12,181,81,155,205,238,83,233,168,155,228,233,118,11,146,196,139,144,97,1,134,139,155,40,194,2,166,246
Best fitness found so far: 0.38685893398193083; k: 2.0
Generation: 149; 0.38685893398193083; k: 2.0; 236,63,105,77,195,11,229,47,205,212,205,238,123,215,138,90,162,89,106,219,77,153,34,78,8,179,232,53,238,216,66,34,93,39,154,195,186,211,180,9,187,165,84,90,47,195,235,208,238,123,158,225,231,20,201,19,182,222,241,128,202,66,226,195,248,213,24,9,7,5,72,51,43,168,181,93,216,66,246,93,104,1,237,194,115,180,115,47,77,177,120,6,193,6,33,226,11,89,206,73,144,163,248,245,124,205,72,47,81,205,79,48,239,81,155,205,238,35,233,197,46,180,233,138,5,146,126,139,144,187,144,236,234,111,180,133,159,226,148,230,189,52,178,173,188,6,105,241,2,19,209,125,50,121,219,19,213,242,166,143,28,184,111,69,90,70,222,46,72,14,90,229,141,151,182,49,243,246,172,72,75,197,72,45,163,169,29
Best fitness found so far: 0.38685893398193083; k: 2.0
Generation: 150; 0.38685893398193083; k: 2.0; 236,167,105,77,195,11,89,47,15,212,205,238,209,215,138,90,185,89,151,146,81,5,234,238,157,219,54,136,156,12,215,81,120,205,238,123,107,224,155,45,233,118,11,146,196,139,41,89,47,81,11,139,47,81,155,122,238,123,29,149,155,15,233,138,5,146,196,113,144,187,1,233,55,155,180,168,136,56,242,118,11,146,196,139,41,89,47,81,11,139,47
Best fitness found so far: 0.38685893398193083; k: 2.0
Generation: 151; 0.38685893398193083; k: 2.0; 236,63,105,77,195,11,89,47,81,212,229,238,123,215,200,90,162,89,8,219,227,77,196,67,4,131,184,144,103,90,26,222,174,237,63,99,105,130,151,229,49,243,209,17,112,113,197,228,11,89,94,200,60,205,238,146,31,139,144,187,144,198,9,116,180,133,248,226,148,230,189,52,178,104,201,96,177,241,121,19,209,125,89,121,219,19,213,19,166,4,205,184,138,69,90,70,222,159,72,14,90,115,222,151,182,49,243,209,172,72,227,197,72,45,163,5,29
Best fitness found so far: 0.38685893398193083; k: 2.0
Generation: 152; 0.38685893398193083; k: 2.0; 229,75,105,77,77,11,89,47,81,2,205,238,123,215,174,230,122,27,95,241,59,148,90,78,89,250,219,249,214,11,74,193,81,155,38,238,241,32,168,166,233,1,155,30,123,64,81,155,78,155,19,201,168,136,81,13,24,144,241,212,219,81,238,89,44,219,19,141,69,56,211,22,244,144,171,90,90,52,147,16,76,1,170,96,238,81,155,78,155,230,201,168,136,81,155,96,144,241,215,219,81,238,89,121
Best fitness found so far: 0.38685893398193083; k: 2.0
Generation: 153; 0.38685893398193083; k: 2.0; 120,145,105,77,77,11,89,152,37,212,205,18,123,215,180,155,81,156,187,106,233,9,38,30,153,117,226,6,230,189,52,178,173,206,96,37,87,212,219,209,54,89,121,219,136,81,155,180,40,123,199,189,155,55,238,108,5,170,196,59,144,224,1,225,9,219,180,238,138,48,211,217
Best fitness found so far: 0.38685893398193083; k: 2.0
Generation: 154; 0.38685893398193083; k: 2.0; 236,63,105,77,77,11,89,47,81,2,205,13,123,215,218,230,201,4,95,241,212,19,135,125,89,121,219,16,214,219,157,77,138,199,76,81,155,205,238,123,233,168,155,228,233,150,60,201,233,45,185,146,233,89,155,180,124,74,59,148,230,189,52,130,38,201,4,95,241,36,19,90,199,89,121,219,77,77,11,237,121,81,155,248,238,123,233,168,71,63,105,77,119,11,89,47,81,212,205,238,246,215,164,90,162,226,202,219,58,5,11,89,76,81,68,95,238,123,96,168,155,228,233,67,155,13,233,198,163,116,241,112,244,43,124,201,224,148,154,42,52,130,89,201,4,95,241,212,89,232,81,155,25,173,192,83,211,155,180,155,4,248,227,192,115,102,206
Best fitness found so far: 0.38685893398193083; k: 2.0
Generation: 155; 0.38685893398193083; k: 2.0; 120,1,105,77,77,11,89,47,37,212,205,238,123,215,180,155,81,114,180,170,123,64,30,155,124,155,19,201,168,136,11,155,180,140,198,224
Best fitness found so far: 0.38685893398193083; k: 2.0
Generation: 156; 0.38685893398193083; k: 2.0; 236,63,165,53,195,11,89,47,81,212,205,238,123,215,138,90,162,129,106,219,157,77,11,235,76,81,155,205,238,123,233,168,155,228,233,116,155,13,233,198,163,20,90,162,226,106,219,157,77,102,139,76,81,155,95,31,12,233,193,155,48,233,232,155,13,233,198,163,146,233,214,155,180,110
Best fitness found so far: 0.38685893398193083; k: 2.0
Generation: 157; 0.38685893398193083; k: 2.0; 236,75,105,77,77,11,89,47,81,162,205,238,123,215,174,230,201,4,95,131,100,144,187,90,26,222,174,72,217,90,115,222,169,182,49,243,209
Best fitness found so far: 0.38685893398193083; k: 2.0
Generation: 158; 0.38685893398193083; k: 2.0; 236,63,105,77,195,11,229,47,205,212,205,238,123,215,138,90,162,89,106,219,77,153,34,169,8,179,232,53,238,216,66,34,93,82,154,195,186,211,180,9,20,165,84,90,47,81,235,95,238,123,197,81,231,20,114,19,174,222,241,128,202,66,139,195,248,95,24,9,7,5,171,51,43,168,181,93,158,66,246,93,104,1,246,194,115,180,115,47,77,11,120,182,213,210,33,226,11,89,81,13,24,144,241,212,219,81,177,89,236,219,19,141,69,56,211,131,184,144,171,90,90,52,147,16,76,1,170,123,64,33,198,78,155,44,201,175,136,81,155,96,144,10,212,219,81,238,89,121
Best fitness found so far: 0.38685893398193083; k: 2.0
Generation: 159; 0.38685893398193083; k: 2.0; 236,63,105,77,195,11,89,47,81,212,187,238,123,215,138,140,162,155,106,27,10,241,11,89,51,122,16,205,238,124,138,199,208,5,47,238,123,215,174,230,201,27,95,241,59,148,90,78,89,250,219,124,214,11,135,193,81,155,38,33,123,107,168,155,233,9,148,30,123,64,81,155,78,155,19,201,168,136,81,13,24,144,241,212,219,22,238,89,236,219,19,141,218,56,211,131,184,144,171,90,90,34,108,11,41,77,45,42,250,67,200,45,135
Best fitness found so far: 0.38685893398193083; k: 2.0
Generation: 160; 0.38685893398193083; k: 2.0; 236,63,105,77,195,11,89,47,81,212,11,238,123,215,138,90,162,226,106,219,157,128,11,89,126,238,155,205,238,81,228,168,191,41,233,188,155,222,233,198,49,154,233,214,155,239,93,107,59,148,230,189,52,217,207,240,88,95,241,212,19,117,125,230,121,64,77,189,86,12,142,81,155,205,238,112,233,122,155,228,191,118,63,217,118,4,146,56,87,144,205,197,123,233,168,155,228,132,202,155,13,233,198,163,146,62,214,155,180,124,248,59,23,230,189,119,130,207,201,4,95,58,212,19,90,125,89,49,219,77,77,11,12,74,81,155,199,238,123,233,80,106,228,233,118,11,146,160,161,20,95,241,13,19,90,167,89,121,219,77,77,11,95,166,81,155,205,238,123,233,103,155,228,230,123,233,230,155,25,233,157,5,146,67,225,155,237,1,233,157,115,168,115,198,224
Best fitness found so far: 0.38685893398193083; k: 2.0
Generation: 161; 0.38685893398193083; k: 2.0; 116,75,105,77,77,11,89,47,81,2,205,238,123,215,174,230,201,133,159,226,148,230,189,52,178,173,201,6,105,241,2,19,209,125,89,229,219,19,213,242,166,143,230,184,111,225,3,70,222,46,72,14,168,229,141,151,189,49,243,246,172,72,227,197,72,45,163,169,29
Best fitness found so far: 0.38685893398193083; k: 2.0
Generation: 162; 0.38685893398193083; k: 2.0; 26,1,105,77,77,11,1,152,87,212,241,238,123,215,180,155,201,114,180,170,123,191,81,155,78,155,19,201,168,136,81,12,229,173,241,212,60,81,238,89,121,174,19,213,69,56,202,187,184,59,171,87,90,162,219,81,238,89,121,219,19,213,69,56,211,131,184,144,171,90,73,52,147,16,76,1,170,175,201,81,190,109,21,141
Best fitness found so far: 0.38685893398193083; k: 2.0
Generation: 163; 0.38685893398193083; k: 2.0; 236,63,105,77,195,11,89,47,81,212,205,238,123,215,138,90,162,165,83,219,77,77,11,89,215,81,155,205,145,123,201,168,21,228,233,89,47,81,212,205,238,123,215,138,90,162,226,106,91,211,77,11,97,76,81,155,95,238,123,233,168,155,228,128,232,63,13,164,235,163,146,37,224,155,180,124,248,59,82,154,189,52,130,89,201,4,95,241,212,19,140,167,116,237,219,77,77,11,123,215,174,230,201,27,95,241,59,148,90,78,81,250,219,124,214,11,74,235,81,155,246,238,123,107,168,155,233,9,155,30,123,221,81,155,78,155,19,201,168,136,81,13,3,144,241,212,219,81,238,89,236,219,19,141,69,56,247,131,184,144,171,82,90,52,147,16,76,1,170,123,174,81,155,127,155,19,18,168,136,81,155,190,144,241,212,219,81,238,89,121
Best fitness found so far: 0.38685893398193083; k: 2.0
Generation: 164; 0.38685893398193083; k: 2.0; 236,63,105,77,195,11,89,47,81,212,205,238,123,215,138,90,162,226,106,219,157,77,11,89,76,81,155,95,238,123,233,168,155,228,233,232,155,86,233,198,163,146,233,214,155,180,124,248,59,118,154,189,218,130,89,201,4,95,241,212,19,90,167,89,121,219,77,240,11,95,166,81,155,205,238,123,233,168,155,228,233,123,233,52,155,25,233,157,5,146,196,198,163,146,233,214,155,180,124,248,59,148,230,189,52,130,207,201,4,95,241,207,19,90,125,89,121,219,77,77,11,12,215,107,155,205,123,123,233,168,155,228,233,118,11,146,196,139,144,97,1,134,139,149,40,194,2,166,246
Best fitness found so far: 0.38685893398193083; k: 2.0
Generation: 165; 0.38685893398193083; k: 2.0; 236,63,105,77,195,11,89,47,81,212,11,238,123,215,138,90,14,226,106,219,157,128,11,89,126,81,155,205,238,30,233,168,191,41,233,188,155,13,233,198,49,154,233,214,155,239,156,107,59,148,230,189,73,217,207,240,4,95,193,212,19,117,125,230,121,64,77,189,86,12,142,81,165,205,238,112,233,122,155,228,233,118,63,217,118,4,146,56,221,144,205,197,123,233,36,155,228,132,232,155,66,233,28,163,146,62,209,155,180,124,71,59,23,230,189,119,130,207,201,4,95,58,212,19,114,180,170,123,191,81,155,78,155,19,201,168,136,81,12,229,144,241,212,219,81,238,89,121,174,19,213,151,56,202,187,184,144,171,161,90,52,219,81,238,89,121,182,19,213,69,56,211,131,184,144,171,90,73,52,28,16,76,1,170,123,64,81,20,78,155,19,104,194,136,81,155,75,215,17,212,219,81,5,146,196,139,144,148,193,170,213,203,11,89,47,219,155,21,126,123,187,137,84,232,157,175,147,77,207,161
Best fitness found so far: 0.38685893398193083; k: 2.0
Generation: 166; 0.38685893398193083; k: 2.0; 236,63,105,77,195,11,89,47,81,212,205,238,123,215,138,90,162,89,106,219,77,153,34,144,8,179,35,53,238,216,129,34,93,82,1,246,186,81,155,38,238,123,23,98,155,197,9,155,162,134,248,123,233,57,155,41,233,138,5,146,156,101,144,220,1,233,32,155,137,220,233,191,155,242,233,242,155,44,233,77,163,162,208,106,219,222,77,86,67,4,131,8,144,227,196,26,161,174,237,63,175,105,130,151,229,49,243,218,17,52,61,123,157,11,89,94,144,60,205,144,95
Best fitness found so far: 0.38685893398193083; k: 2.0
Generation: 167; 0.38685893398193083; k: 2.0; 25,129,105,77,195,11,89,47,15,212,205,238,209,215,138,90,185,89,237,75,81,5,234,238,179,124,49,196,74,193,81,155,38,238,123,107,168,155,233,137,46,30,123,64,38,155,78,155,19,201,168,136,81,13,24,16,241,212,219,81,223,89,236,219,19,141,69,56,211,131,184,165,171,23,90,52,147,16,76,1,170,123,123,81,155,78,155,19,201,168,136,81,155,168,144,241,212,133,81,238,89,121,201,168,136,81,13,24,16,241,212,219,81,223,89,236,219,19,141,69,56,211,131,184,165,171,23,90,52,147,16,76,1,170,123,123,81,155,78,155,19,201,168,136,81,155,168,144,241,212,133,81
Best fitness found so far: 0.38685893398193083; k: 2.0
Generation: 168; 0.38685893398193083; k: 2.0; 120,1,105,77,77,11,89,152,37,212,205,238,123,215,180,155,81,114,180,170,123,64,104,155,78,59,19,201,168,136,81,155,96,144,241,198,219,144,238,89,232,219,162,44,26,155,99,193,138,42,100,37,139,83,187,1,67,242,56,180,238,138,104,7,5,188,242,179,149,219,123,115,196,55,59,122,187,63,93,222,168,86,5,143,130,91,155,180,37,139,83,187,1,67,242,56,180,238,138,104,7,5,188,242,179,149
Best fitness found so far: 0.38685893398193083; k: 2.0
Generation: 169; 0.38685893398193083; k: 2.0; 236,63,105,77,195,11,229,47,205,212,205,238,123,215,138,90,162,89,106,219,77,153,34,169,8,179,232,53,238,216,66,34,93,82,154,195,186,211,180,9,20,165,84,90,47,81,235,43,238,123,158,81,231,20,201,19,174,151,241,128,202,66,139,195,248,213,24,9,7,5,171,51,145,168,181,93,216,66,246,93,104,1,246,194,115,180,127,47,77,11,120,182,193,236,33,226,11,89,206,73,144,163,248,245,170,205,72,47,81,205,116,48,239,111,155,205,238,35,233,11,145,129,45,42,250,188,129,45,237
Best fitness found so far: 0.38685893398193083; k: 2.0
Generation: 170; 0.38685893398193083; k: 2.0; 236,63,105,77,195,11,89,47,81,212,187,238,123,215,138,90,107,155,106,64,122,77,11,89,76,249,16,205,238,123,233,191,235,228,5,171,51,195,168,181,93,216,66,246,93,104,1,246,96,115,180,115,47,187,188,120,182,193,236,10,226,123,89,206,73,129,163,248,245,170,205,72,47,81,205,116,48,132,81,106,205,238,35,233,197,46,180,233,138,5,146,31,139,144,187,144,233,9,105,180,133,159,226,148,230,189,52,178,173,201,6,105,241,2,19,209,125,89,121,219,19,213,242,55,143,230,184,111,69,90,70,222,33,72,14,90,229,141,151,166,49,243,246,172,72,227,197,72,45,163,169,29
Best fitness found so far: 0.38685893398193083; k: 2.0
Generation: 171; 0.38685893398193083; k: 2.0; 236,55,105,77,195,11,89,47,81,212,205,238,123,215,138,90,162,165,83,84,154,77,11,89,139,244,40,250,206,24,246
Best fitness found so far: 0.38685893398193083; k: 2.0
Generation: 172; 0.38685893398193083; k: 2.0; 236,41,105,77,195,11,89,47,81,212,187,238,123,215,138,140,162,155,106,64,77,77,11,89,76,122,16,205,238,123,233,159,155,5,171,51,43,168,181,93,216,66,246,93,104,89,246,203,115,133,115,47,77,11,120,182,76,236,33,226,11,89,206,73,144,163,248,245,170,205,72,47,81,205,116,48,239,81,155,205,238,35,233,197,46,180,233,138,5,146,31,36,144,187,3,233,9,40,180,133,159,226,212,230,189,192,178,78,201,6,105,202,2,19,209,125,89,121,219,19,213,242,166,153,230,31,111,69,90,70,222,46,72,14,90,229,141,151,182,40,243,246,172,72,227,197,72,45,163,169,29,144,187,3,233,9,40,180,133,159
Best fitness found so far: 0.38685893398193083; k: 2.0
Generation: 173; 0.38685893398193083; k: 2.0; 236,63,105,77,195,11,159,47,81,212,187,238,123,215,138,90,162,226,106,219,157,77,11,89,76,81,155,95,238,123,233,168,171,228,233,232,155,13,233,198,163,146,233,214,155,180,124,248,59,148,154,189,52,130,89,201,34,95,241,212,19,90,167,89,121,219,77,77,11,95,156,81,112,205,238,123,233,168,155,102,233,123,233,4,42,25,233,157,5,146,196,139,155,187,1,233,81,155,162,144,241,198,219,150,238,167,121,219,60,208,26,155,99,27,138,5,146,159,55,238,138,5,170,157,123,29,54,7,180,62,138,183,54,196,139,41,187,56,146,19,236,199,237,229,34,139,162,203,237,112,42,250
Best fitness found so far: 0.38685893398193083; k: 2.0
Generation: 174; 0.38685893398193083; k: 2.0; 120,191,190,77,77,11,89,152,37,212,37,238,123,215,180,155,81,114,180,170,123,64,81,155,186,155,11,201,159,136,81,155,96,144,241,212,147,16,76,197,170,73,64,81,155,78,184,162,76,106,219,157,128,250,89,225,81,155,205,238,30,233,168,155,41,233,188,155,198,52,198,203,238,137,149,219,123,223,196,55,59,122,139,63,93,222,168,86,18,143,130,91,155,180
Best fitness found so far: 0.38685893398193083; k: 2.0
Generation: 175; 0.38685893398193083; k: 2.0; 236,41,105,77,195,11,89,47,81,212,187,238,179,215,138,90,162,155,106,64,122,77,11,89,76,122,16,205,238,123,233,191,155,228,233,242,155,44,233,118,163,162,60,106,219,227,77,69,67,4,131,184,144,103,196,26,222,174,237,63,175,105,130,151,229,49,243,209,230,52,61,197,77,11,89,94,144,60,205,144,95
Best fitness found so far: 0.38685893398193083; k: 2.0
Generation: 176; 0.38685893398193083; k: 2.0; 236,63,105,77,147,11,89,52,81,212,205,238,123,215,150,90,162,119,106,219,157,128,11,150,76,81,155,4,238,123,233,168,155,41,233,188,155,13,233,198,163,146,233,214,155,180,124,248,187,212,233,9,38,30,153,248,226,6,230,189,52,178,173,201,96,144,241,212,219,209,120,89,121,155,13,233,198,53,146,233,214,155,86,124,248,59,148,230,189,89,130,207,240,4,95,134,212,19,90,125,95,121,140,77,189,11,12,215,81,37,205,140,81,190,109,21,141
Best fitness found so far: 0.38685893398193083; k: 2.0
Generation: 177; 0.38685893398193083; k: 2.0; 54,1,105,77,77,81,1,152,129,212,205,238,123,215,180,155,81,186,180,170,123,64,81,118,78,155,19,201,44,116,81,155,229,144,142,147,219,81,238,140,223,219,19,199,67,215,211,187,184,202,43,87,90,52,73,4,195,89,121,219,19,213,243,178,196,72,227,134,1,172,163,5,29
Best fitness found so far: 0.38685893398193083; k: 2.0
Generation: 178; 0.38685893398193083; k: 2.0; 236,63,105,77,195,11,89,47,81,212,205,238,123,215,138,90,162,89,106,219,63,153,34,144,8,179,232,53,238,216,66,34,93,5,146,196,139,144,197,71,233,56,5,180,218,72,121,45,163,5,29
Best fitness found so far: 0.38685893398193083; k: 2.0
Generation: 179; 0.38685893398193083; k: 2.0; 126,63,105,77,217,11,89,47,81,132,187,238,123,190,138,90,162,155,5,219,157,209,116,232,76,81,16,155,187,1,86,124,115,168,115,139,224
Best fitness found so far: 0.38685893398193083; k: 2.0
Generation: 180; 0.38685893398193083; k: 2.0; 120,33,105,77,77,11,89,152,37,212,205,18,123,215,180,155,81,114,154,170,123,64,81,155,78,155,19,30,168,136,81,155,96,144,233,9,155,180,124,248,226,111,230,189,52,178,173,201,149,144,241,41,19,209,171,89,51,219,19,213,69,161,163,131,184,134,187,90,117,222,174,72,14,90,115,222,119,182,18,243,209,90,72,227,197,72,216,37,139,83,187,1,67,242,56,180,238,138,98,240,5,171,201,179,168,53,238,216,150,21,147,137,233,56,242,129,45,42,99,241,129,45,237
Best fitness found so far: 0.38685893398193083; k: 2.0
Generation: 181; 0.38685893398193083; k: 2.0; 236,5,105,77,195,11,89,137,81,212,205,238,123,215,138,90,162,226,106,219,157,128,11,89,76,181,112,197,104,30,233,168,137,41,233,99,155,13,233,198,49,36,233,214,155,180,156,107,59,148,230,189,66,99,207,160,32,95,241,212,19,90,125,193,121,140,77,189,114,12,142,81,155,205,25,12,233,122,155,228,233,171,11,217,5,4,110,56,221,144,205,238,123,233,130,155,228,233,232,155,13,233,198,163,146,233,214,155,196,46,248,59,78,230,189,49,130,207,201,4,95,58,212,19,90,125,89,49,219,77,77,11,12,129,109,155,205,238,123,233,168,106,228,233,118,234,149,160,161,63,97,153,134,208,155,40,194,19,81,246,105,77,195,11,89,137,81,212,205,238,123,215,138,90,162,226,106,219,157,128,11,67,76,181,155,205,238,52,233,168,155,41,233,107,155,13,233,198,49,154,233,214,155,180,156,107,59,148,230,189,52,214,207,240,32,95,241,178,116,90,126,230,121,140,77,189,101,12,142,81,155,205,25,12,233,122,155,228,233,171,11,217,118,4,110,56,221,144,145,238,123,233,26,155,228,238,232,46,13,233,198,163,146,207,214,155,196,46,248,59,23,230,189,52,130,207,201,4,95,58,212,19,90,187,89,49,219,77,77,11,12,180,109,155,205,238,123,89,121,219,205,180,11,12,215,34,155,205,238,67,107,136,155,233,129,155,30,194,248,211,16,183,155,244,233,138,238,115,222,151,182,49,243,209,17,101,108,197,72,229,163,72,213,121,219,238,213,14,56,4,131,100,144,187,90,26,222,174,72,217,90,22,222,151,182,49,243,209
Best fitness found so far: 0.38685893398193083; k: 2.0
Generation: 182; 0.38685893398193083; k: 2.0; 236,163,105,77,77,11,39,47,81,202,205,238,123,215,174,230,201,4,95,130,19,19,90,233,89,121,219,16,180,11,12,215,81,155,205,238,123,107,168,155,233,9,155,157,238,123,215,138,90,162,226,106,219,157,77,144,187,212,188,9,38,30,153,248,226,34,230,189,52,178,173,201,77,144,241,212,219,209,54,89,26,219,19,213,69,56,115,150,184,16,205,238,123,233,126,192,228,233,232,155,13,190,198,125,146,233,214,155,180,124,248,59,16,230,189,219,130,37,19,174,222,40,238,202,66,139,195,80,134,200,9,155,233,194,209,16,208,31,171,95,230,201,4,95,130,19,19,90,233,89,121,219,16,180,11,12,215,81,155,205,238,123,107,168,155,233,9,155,157,238,123,215,138,90,162,226,106,219,157,77,144,187,212,188,9,38,30,153,248,226,34,230,189,52,178,173,201,77,144,241,212,219,209,54,89,26,219,19,213,69,56,115,150,184,16,205,238,123,233,126,192,228,233,232,155,13,190,198,125,146,233,214,155,180,124,248,59,16,230,189,219,130,37,19,174,222,40,238,202,66,139,195,80,134,200,9,155,233,194
Best fitness found so far: 0.38685893398193083; k: 2.0
Generation: 183; 0.38685893398193083; k: 2.0; 236,63,80,77,157,11,89,47,81,212,205,238,123,215,138,90,104,89,229,219,227,77,69,67,145,131,69,155,44,52,118,90,162,89,106,219,185,77,69,67,4,131,184,144,103,196,26,222,174,237,63,175,212,130,151,206,49,243,209,232,112,113,197,204,11,89,94,4,60,205,238,246
Best fitness found so far: 0.38685893398193083; k: 2.0
Generation: 184; 0.38685893398193083; k: 2.0; 236,63,105,77,195,226,89,47,81,212,205,238,123,215,138,90,162,89,8,219,227,77,59,67,35,131,179,221,103,90,26,222,174,237,29,99,13,130,151,229,49,92,209,17,112,113,197,68,11,20,94,200,60,205,238,72,233,81,12,180,238,140,197,34,108,11,97,1,134,99,155,40,194,111,249,11,174,47,121,140,77,189,11,12,215,81,155,205,238,112,233,122,155,228,233,118,11,146,219,227,77,186,67,4,131,184,144,143,196,26,222,174,237,63,175,50,130,151,169,21,243,209,17,132,113,197,23,185,89,94,243,60,220,238,77,233,92,109,180,238,138,197,34,143,11,241,129,209,42,188,197,129,45,247,24,233,118,11
Best fitness found so far: 0.38685893398193083; k: 2.0
Generation: 185; 0.38685893398193083; k: 2.0; 151,63,105,44,195,11,89,47,81,212,205,238,123,215,138,90,162,21,106,219,157,77,11,89,76,81,155,205,238,123,233,168,155,228,233,232,217,13,233,198,163,146,233,188,1,44,124,248,59,148,194,189,52,14,207,215,82,179,76,157,115,180,85,11,164,102,34,38,81,84,234,238,123,233,247,231,88,155,69,115,198,224,180,215,47,81,155,205,209,123,233,164,155,99,233,138,5,128,196,33,144,187,1,233,235,197,180,194,138,104,138,5,171,124,179,168,57,238,150,187,138,230,208,5,145,95,123,215
Best fitness found so far: 0.38685893398193083; k: 2.0
Generation: 186; 0.38685893398193083; k: 2.0; 120,145,105,77,77,11,89,152,37,212,205,18,123,215,180,155,81,156,187,106,233,9,38,30,153,131,226,6,230,189,52,178,173,201,96,144,241,212,219,157,54,81,11,113,152,37,212,205,18,123,232,16,155,81,114,180,170,123,125,193,155,78,155,19,201,168,136,18,155,96,144,241,212,219,81,238,89,121,36,19,197,69,56,211,131,184,5,104,244,196,139,144,187,183,233,55,155,180,168,136,242,242
Best fitness found so far: 0.38685893398193083; k: 2.0
Generation: 187; 0.38685893398193083; k: 2.0; 64,1,105,77,77,11,1,152,37,212,205,238,123,215,180,155,81,114,43,170,123,64,81,155,78,155,19,201,168,136,81,155,232,144,241,80,219,81,187,184,144,171,87,90,52,219,81,238,89,121,219,19,213,69,56,211,131,184,144,171,90,73,52,147,16,76,1,170,123,64,81,20,78,155,19,104,168,136,81,155,211,144,241,212,219,154,241,89,121
Best fitness found so far: 0.38685893398193083; k: 2.0
Generation: 188; 0.38685893398193083; k: 2.0; 177,63,105,77,195,11,89,47,81,212,187,238,123,215,160,90,162,177,106,205,101,123,215,138,90,162,226,106,91,157,77,11,97,76,81,155,95,238,168,233,168,34,228,128,136,63,13,164,198,163,94,233,224,155,180,151,248,59,82,154,189,52,130,89,245,4,95,241,212,19,90,167,89,237,55,77,77,11,95,126,81,155,205,238,123,233,168,155,228,233,147,233,52,155,25,233,127,5,146,196,139,155,205,37,123,233,168,155,157,233,232,82,13
Best fitness found so far: 0.38685893398193083; k: 2.0
Generation: 189; 0.38685893398193083; k: 2.0; 236,63,105,77,195,11,89,52,81,212,205,238,123,215,150,90,162,119,106,219,157,128,11,89,76,81,155,4,183,123,233,168,155,41,233,188,155,13,225,198,163,146,233,214,238,180,124,248,59,148,230,189,52,130,207,240,4,95,237,212,19,90,125,189,121,140,77,189,11,12,215,81,155,205,140,81,190,109,150,141
Best fitness found so far: 0.38685893398193083; k: 2.0
Generation: 190; 0.38685893398193083; k: 2.0; 236,63,105,77,195,11,89,47,81,212,187,238,123,215,75,90,162,155,106,64,122,89,101,89,248,122,16,12,238,123,233,191,235,228,233,242,155,44,233,118,163,63,218,77,195,11,249,47,68,212,205,238,178,215,138,53,162,165,233,219,77,52,147,16,76,1,247,123,64,81,155,78,155,19,201,168,136,81,155,96,144,241,212,219,81,238,89,121
Best fitness found so far: 0.38685893398193083; k: 2.0
Generation: 191; 0.38685893398193083; k: 2.0; 198,55,25,77,195,11,187,47,81,212,205,238,123,215,138,90,162,165,83,160,77,77,11,89,215,81,155,205,145,158,107,205,238,12,233,52,155,128,233,157,5,233,196,139,155,129,1,109,157,115,168,115,198,11,89,47,81,212,187,238,123,215,51,108,162,177,106,21,122,77,11,126,202,122,16,205,220,123,7,191,155,228,233,69,155,44,52,158,90,162,89,106,219,185,77,69,67,4,131,184,144,103,196,26,222,174,237,63,175,105,130,151,206,49,243,209,232,50,113,197,204,11,89,94,200,60,205,238,246
Best fitness found so far: 0.38685893398193083; k: 2.0
Generation: 192; 0.38685893398193083; k: 2.0; 236,63,105,77,195,11,89,47,81,212,187,238,123,215,138,90,162,155,106,64,122,236,11,89,76,122,16,205,238,123,233,191,155,233,168,155,186,109,196,139,144,97,1,134,26,155,240,194,2,166,237
Best fitness found so far: 0.38685893398193083; k: 2.0
Generation: 193; 0.38685893398193083; k: 2.0; 236,63,105,77,195,11,89,47,81,212,187,238,123,215,138,90,162,163,106,64,122,48,101,89,76,122,16,205,238,123,233,191,235,228,233,242,155,44,233,118,163,63,218,53,195,11,249,47,68,212,205,238,178,215,138,90,162,165,83,219,77,77,11,147,215,81,155,205,145,123,168,168,155,228,233,229,47,81,212,205,169,154,215,138,90,162,80,106,91,157,178,11,97,84,81,155,95,238,123,233,194,155,228,128,232,1,57,164,198,163,146,233,115,177,25,198,91
Best fitness found so far: 0.38685893398193083; k: 2.0
Generation: 194; 0.38685893398193083; k: 2.0; 236,63,105,77,195,11,89,47,81,212,205,238,123,215,138,90,162,236,106,219,157,128,199,89,76,81,155,205,180,30,233,168,155,250,89,225,226,155,205,238,30,233,168,155,41,233,188,155,13,52,198,203,154,233,214,155,180,156,107,59,148,230,189,52,77,207,240,4,95,241,212,19,90,125,230,4,140,77,189,11,12,142,244,155,205,238,112,233,4,155,228,233,118,37,217,118,4,146,56,221,144,205,238,123,233,168,155,228,233,232,155,13,233,198,163,121,233,214,155,180,21,248,59,23,230,189,52,164,207,201,4,102,58,59,19,90,125,129,20,219,172,247,11,12,236,81,155,205,238,222,233,28,153,228,67,118,11,142,160,161,144,221,1,166,208,3,135,194,2,166,246
Best fitness found so far: 0.38685893398193083; k: 2.0
Generation: 195; 0.38685893398193083; k: 2.0; 236,63,105,77,195,11,89,47,51,212,205,238,123,155,138,90,162,165,83,219,77,77,11,89,215,36,155,205,66,185,121,106,47,81,5,234,90,179,233,81,231,88,155,25,115,198,11,180,155,19,246
Best fitness found so far: 0.38685893398193083; k: 2.0
Generation: 196; 0.38685893398193083; k: 2.0; 236,63,105,77,195,11,89,47,81,212,205,238,123,215,138,80,162,226,106,219,157,77,11,89,76,81,155,40,238,123,233,173,155,228,233,232,155,13,233,30,163,146,233,214,155,180,124,248,59,193,154,189,52,130,89,201,4,95,241,212,108,168,42,63,105,77,4,11,89,47,81,212,205,238,123,215,164,90,131,226,106,219,157,77,11,240,76,81,68,129,238,123,96,168,155,228,233,67,155,13,233,198,163,246,1,129,54,66,34,139,7,203,74,45,137,250
Best fitness found so far: 0.38685893398193083; k: 2.0
Generation: 197; 0.38685893398193083; k: 2.0; 177,63,105,77,195,11,89,47,81,212,187,238,123,215,138,90,162,177,106,205,101,123,215,138,90,162,226,106,91,157,77,11,97,76,81,155,95,238,168,233,168,34,228,128,136,63,13,164,198,163,62,233,224,155,57,124,105,59,82,154,189,52,130,121,201,4,233,241,138,19,90,167,89,237,55,77,77,35,95,126,81,155,205,238,123,233,168,155,228,233,147,233,52,155,25,233,127,170,146,196,139,155,187,238,233,149,115,168,115,198,224
Best fitness found so far: 0.38685893398193083; k: 2.0
Generation: 198; 0.38685893398193083; k: 2.0; 236,5,105,77,27,11,89,137,81,212,205,238,123,215,144,90,162,75,106,219,157,128,11,89,76,181,155,205,238,30,233,168,155,41,233,107,155,13,233,198,49,154,233,214,155,180,156,107,59,148,205,189,52,130,207,240,32,41,241,212,19,90,125,230,121,140,77,189,114,12,142,81,80,40,25,12,233,136,155,228,233,171,11,217,88,4,110,56,221,144,205,238,123,233,168,155,228,233,232,155,13,233,198,119,146,233,214,155,196,46,248,59,23,230,189,52,130,207,201,4,95,58,212,19,90,125,89,49,219,77,77,11,11,215,109,155,154,238,123,233,168,106,228,233,118,11,149,160,161,63,97,153,134,208,14,221,144,205,238,123,233,168,155,228,233,232,155,13,233,198,163,121,233,118,155,180,124,248,59,23,230,189,52,164,207,139,4,102,58,212,19,90,125,28,20,219,238,247,11,12,215,81,39,205,238,123,233,168,153,228,233,118,11,146,160,161,144,221,1,37,208,155,40,194,2,166,246
Best fitness found so far: 0.38685893398193083; k: 2.0
Generation: 199; 0.38685893398193083; k: 2.0; 199,63,105,77,195,11,89,47,35,212,217,238,209,215,138,90,185,89,106,47,81,5,234,173,201,96,144,241,212,19,209,125,89,4,219,19,213,69,161,4,131,184,134,187,90,117,228,174,72,14,90,209,222,119,182,49,243,209,15,72,44,197,52,178,163,5,29
Best fitness found so far: 0.38685893398193083; k: 2.0
Total time of execution of seed 7 : 90538454
Solution Fitness: -0.38685893398193083
Variables: uniform 4 chebyshev split moveAverage moveAverage moveBetween join join
