Generation: 0; 0.025165727514221147; k: 3.8; 97,249,36,10,158,24,27,114,144,197
Best fitness found so far: 0.025165727514221147; k: 3.8
Generation: 1; 0.3040616369052434; k: 7.4; 141,49,165,235,71
Best fitness found so far: 0.3040616369052434; k: 7.4
Generation: 2; 0.13190994866516365; k: 7.6; 103,153,213,138,249,71,161,14
Best fitness found so far: 0.3040616369052434; k: 7.4
Generation: 3; 0.3829476421742108; k: 3.2; 177,72,57,245,105,90,197,132,49,133,86,51,200,212,131,217,153
Best fitness found so far: 0.3829476421742108; k: 3.2
Generation: 4; 0.5463087079857865; k: 2.0; 17,19,137,71,35,102,171,123,137,67,155,211,101,23,209,28,186,105,90,197,132,49,133,86,51,200,212,131,217,153
Best fitness found so far: 0.5463087079857865; k: 2.0
Generation: 5; 0.5234694517328872; k: 2.2; 77,211,184,105,103
Best fitness found so far: 0.5463087079857865; k: 2.0
Generation: 6; 0.5234694517328872; k: 2.2; 77,211,184,105,103
Best fitness found so far: 0.5463087079857865; k: 2.0
Generation: 7; 0.5187501767478854; k: 2.0; 227,85,130,68,41,154,97,77,211,184,105,201
Best fitness found so far: 0.5463087079857865; k: 2.0
Generation: 8; 0.5186377053752935; k: 2.1; 80,233,121,10,239,102,201,106,141,167,155,155
Best fitness found so far: 0.5463087079857865; k: 2.0
Generation: 9; 0.5463087079857865; k: 2.0; 17,19,97,38,35,102,171,123,137,67,155,211,101,23,209,143,186,105,90,197,132,49,133,86,51,200,186,125,80,46,229,172
Best fitness found so far: 0.5463087079857865; k: 2.0
Generation: 10; 0.5463087079857865; k: 2.0; 17,19,77,71,35,102,171,123,137,67,155,211,97,23,209,28,186,105,90,197,132,203,133,86,51,200,212,131,217,9,27,231,167,220,51,107,204,25
Best fitness found so far: 0.5463087079857865; k: 2.0
Generation: 11; 0.5234694517328872; k: 2.2; 77,211,184,105,103
Best fitness found so far: 0.5463087079857865; k: 2.0
Generation: 12; 0.5463087079857865; k: 2.0; 17,19,77,71,35,102,155,123,137,67,155,211,97,23,209,28,186,105,90,197,132,203,133,86,51,200,212,131,217,9,27,231,167,220,51,107,68,220,28,186,125,125,148,250,218
Best fitness found so far: 0.5463087079857865; k: 2.0
Generation: 13; 0.6156728195095875; k: 2.0; 137,132,35,198,191,92,137,109,53,216,209,28,125,125,148,5,72,27,231,167,155
Best fitness found so far: 0.6156728195095875; k: 2.0
Generation: 14; 0.5485206406123609; k: 2.0; 77,26,205,100,63,132,35,171,231,125,137,229,91,216,101,213,209,28,186,125,86,46,186,172,28,186,125,148,123,137,19,137,184,35,166,171,123,179,67,58,171,171,125,137,67,91,216,101,23,209,28,129,125,148,46,186,172,28,186,125,22,123,137,187,137,184,35,137,4,91,59,101,172,148,46,46,172,28,186,125,148,46,121
Best fitness found so far: 0.6156728195095875; k: 2.0
Generation: 15; 0.575022191609366; k: 2.0; 29,246,171,125,137,177,91,216,101,213,209,28,186,125,171,167,132,40,170,188,74,125,137,67,91,216,101,23,209,28,186,125,148,123,160,12,184,35,117,171,123,137,67,91,56,77,211,10,105,201
Best fitness found so far: 0.6156728195095875; k: 2.0
Generation: 16; 0.5577234797676559; k: 2.0; 77,169,184,90,197,132,203,133,95,51,200,90,197,61,239,133,137,67,155,211,97,88,209,28,186,105,90,197,132,203,133,86,51,134,212,131,217,9,123,231,137,46,35,166,171,125,145,67,134,75,232,23,64,63,186,80,109,249,71,81,27,67,86,5,89,25,199,236,109,60,171,167,176,66,156,188,31,141,5,102,122,106,96,167,111,155
Best fitness found so far: 0.6156728195095875; k: 2.0
Generation: 17; 0.5577234797676559; k: 2.0; 77,169,184,90,197,132,203,133,95,51,200,90,197,137,207,3,216,101,143
Best fitness found so far: 0.6156728195095875; k: 2.0
Generation: 18; 0.5613752025660643; k: 2.0; 17,19,137,71,35,102,171,123,137,178,155,211,37,23,209,28,186,105,212,131,217,9,27,231,73,220,51,107,204,22
Best fitness found so far: 0.6156728195095875; k: 2.0
Generation: 19; 0.5779888432865319; k: 2.0; 17,128,77,71,35,102,171,123,137,67,155,211,97,23,47,28,126,105,90,197,132,203,133,86,51,134,212,131,217,9,27,231,87,46,35,166,171,125,145,67,91,75,209,23,8,63,186,80,109,249,123,185,187,248,184,35,137,4,5,59,101,172,148,46,46,172,28,186,125,148,30,126,63,186,80,109,249,123,185,187,248,184,35,137,4,5,59,101,172,148,46,46,172,28,186
Best fitness found so far: 0.6156728195095875; k: 2.0
Generation: 20; 0.6156728195095875; k: 2.0; 137,132,35,198,191,92,137,109,53,216,209,28,125,125,148,5,28,19,137,2,35,102,171,123,137,67,155,211,37,23,209,28,186,105,90,197,170,197,133,236,51,200,209,225,217,60,20,249,96,80,71,78
Best fitness found so far: 0.6156728195095875; k: 2.0
Generation: 21; 0.5779888432865319; k: 2.0; 17,128,77,71,35,102,171,123,137,67,155,211,97,23,47,28,126,105,90,197,132,223,133,86,51,134,212,152,217,9,27,231,87,46,35,166,171,125,145,67,91,75,101,49,8,63,22,80,109,249,123,185,187,47,184,31,137,4,5,209,101,172,148,46,48,245,28,186,125,148,30,126,63,186,80,109,249,123,223,187,248,125,148,46,186,172,28,186,125,22,77,211,141,105,201,187,47,184,35,120,4,5,59,101,172,148,46,46,172,28,186,125,148,30,126,63,186,80,109,249,123,211,114,23,21,28,186,105,212,131,217,9,27,231,73,155,211,97,23,209,70,168,94,90,229,132,203,133,86,51,147,212,131,217,9,27,231,137,63,99,166,171,125,145,9,91,75,232,23,64,63,186,80,109,249,71,81,27,67,86,5,219,3,199,236,109,60,82,167,176,66,156,188,65,98,5,241,243,106,67,167,155,155
Best fitness found so far: 0.6156728195095875; k: 2.0
Generation: 22; 0.6156728195095875; k: 2.0; 137,132,35,198,191,92,137,109,53,216,209,28,125,125,148,5,112,19,137,2,35,123,137,19,242,184,35,166,171,235,27,101,236,155
Best fitness found so far: 0.6156728195095875; k: 2.0
Generation: 23; 0.6156728195095875; k: 2.0; 137,132,35,198,191,92,137,109,53,216,209,28,125,125,148,5,72,27,101,62,19,28,90,125,148,15,236,20,73,186,103,148,123,90,93,233
Best fitness found so far: 0.6156728195095875; k: 2.0
Generation: 24; 0.5941407734864921; k: 2.0; 17,19,223,71,117,102,243,123,137,218,155,211,97,23,209,28,186,105,125,148,46,121
Best fitness found so far: 0.6156728195095875; k: 2.0
Generation: 25; 0.6156728195095875; k: 2.0; 62,132,35,198,191,92,137,109,53,216,209,133,125,125,148,5,72,27,101,220,100,92,137,155,191,103
Best fitness found so far: 0.6156728195095875; k: 2.0
Generation: 26; 0.6259164166810799; k: 2.0; 29,246,171,125,137,177,91,216,101,45,209,28,79,125,171,75,132,40,170,16,74,125,137,184,69,137,4,91,59,86,172,217,215,148,209,28,186,105,90,197,86,203,142,86,51,134,212,131,161,50,155,231,137,184,184,73,103
Best fitness found so far: 0.6259164166810799; k: 2.0
Generation: 27; 0.6259164166810799; k: 2.0; 29,246,171,125,137,177,91,216,101,45,209,28,79,125,171,75,132,40,170,16,74,125,137,184,69,137,4,146,59,218,104,3,215,28,126,105,218,23
Best fitness found so far: 0.6259164166810799; k: 2.0
Generation: 28; 0.6259164166810799; k: 2.0; 45,246,131,125,137,177,91,216,101,45,209,28,79,125,171,75,132,40,170,244,74,125,137,184,69,137,4,91,59,86,172,217,215,244,209,28,186,105,90,197,86,203,142,86,51,134,212,131,161,50,155,231,137,184,213,186,50,90,197,78,28,124,122,177,202,71,84,193,136,140,49,171,176,137,28,186,105,32,23,105,28,186,94,90,186,50,90,197,78,28,124,122,177,202,71,84,193
Best fitness found so far: 0.6259164166810799; k: 2.0
Generation: 29; 0.6259164166810799; k: 2.0; 45,246,131,125,137,177,169,216,101,45,209,28,79,125,171,75,132,40,170,122,74,192,137,184,69,49,4,91,59,86,172,217,215,244,209,28,186,105,90,197,86,203,142,86,51,134,212,131,161,50,155,49,137,160,213,186,50,80,147,249,123,185,187,47,184,35,137,123,5,97,55,172,148,46,117,64,28,186,125,148,30,126,63,186,80,109,249,123,185,187,248,125,148,112,186,172,102,186,125,193,77,211,141,105,177,187,47,184,123,137,19,242,184,35,166,15
Best fitness found so far: 0.6259164166810799; k: 2.0
Generation: 30; 0.6259164166810799; k: 2.0; 29,246,171,125,137,177,91,216,75,45,209,28,79,125,171,75,132,40,170,16,122,125,137,120,13,46,172,28,44,125,148,46,121
Best fitness found so far: 0.6259164166810799; k: 2.0
Generation: 31; 0.6259164166810799; k: 2.0; 29,246,171,125,137,177,91,216,101,45,209,28,79,125,171,75,26,135,122,210,183,171,123,173,67,103,91,68,101,23,209,28,186,125,49,45,86,51,30,18,131,234,153
Best fitness found so far: 0.6259164166810799; k: 2.0
Generation: 32; 0.6259164166810799; k: 2.0; 29,246,171,125,137,177,91,216,101,45,209,28,79,125,171,75,132,40,170,16,74,211,137,216,209,28,125,125,244,5,72,126,24,132,169,125,137,229,91,216,101,20,211,28,223,125,9,11,186,42,39,24,11,123,137,77,137,184,35,72,108,128,113,225,32,129,101,62,19,28,90,89,148,143,236,176,28,51,159,197,71,90,228,160
Best fitness found so far: 0.6259164166810799; k: 2.0
Generation: 33; 0.6259164166810799; k: 2.0; 154,246,71,125,137,177,91,21,237,45,209,28,79,125,171,75,132,40,65,16,74,39,137,184,69,137,4,91,59,86,172,217,215,148,209,28,92,105,195,59,86,172,217,215,52,209,60,186,105,195,169,86,203,142,2,138,155,212,137,184,184,73,103,125,137,177,91,21,237,45,209,28,79,125,171,75,132,40,65,16,74,39,137,184,69,137,4,91,59,86,172,217,215,148,209,28,92,105,195,59,86,172,217
Best fitness found so far: 0.6259164166810799; k: 2.0
Generation: 34; 0.6259164166810799; k: 2.0; 45,246,131,125,137,177,23,216,101,45,209,28,79,125,171,75,132,40,170,122,74,192,137,184,167,49,4,180,59,86,172,171,123,179,67,174,171,191,125,137,67,91,115,81,5,86,39,238,35,67,171,123,67,67,50,211,97,171,209,28,186,105,90,197,86,68,137,128,69,134,31,88,59,206,172,153,131,234,153
Best fitness found so far: 0.6259164166810799; k: 2.0
Generation: 35; 0.6259164166810799; k: 2.0; 29,246,171,125,137,177,91,216,101,45,209,28,79,125,171,75,58,40,170,117,74,227,137,195,69,137,4,146,59,218,104,3,179,28,126,105,226,246,171,125,137,177,91,216,101,45,209,28,79,125,214,75,132,40,170,16,74,241,160,184,69,137,4,91,211,86,203,142,217,138,155,212,125,65,184,73,103
Best fitness found so far: 0.6259164166810799; k: 2.0
Generation: 36; 0.6259164166810799; k: 2.0; 94,246,131,125,137,177,69,216,101,45,209,28,79,125,171,75,82,40,170,244,74,125,137,184,69,174,193,91,59,86,172,153,215,232,209,28,186,199,90,197,18,203,142,86,51,134,212,131,68,50,155,36,137,184,213,186,50,182,171,123,137,127,155,211,97,23,47,125,137,120,13,46,172,28,44,125,148,64,121
Best fitness found so far: 0.6259164166810799; k: 2.0
Generation: 37; 0.6259164166810799; k: 2.0; 29,32,171,125,137,177,91,216,101,45,209,28,79,125,47,75,26,135,122,197,31,203,207,86,51,134,212,131,161,236,155,231,76,184,213,186,50,107,24,123,137,204,155,127,34,23,79,28,87,105,150,23
Best fitness found so far: 0.6259164166810799; k: 2.0
Generation: 38; 0.6259164166810799; k: 2.0; 29,246,171,125,137,177,91,216,101,45,209,28,79,125,171,75,132,40,83,16,74,211,137,216,209,49,125,125,244,5,12,126,24,132,60,125,137,229,91,216,94,20,211,28,223,153,203,116,86,51,165,212,131,161,75,155,231,151,184,213,186,50,70,171,123,87,178,155,211,97,23,47,234,106,105,218,87
Best fitness found so far: 0.6259164166810799; k: 2.0
Generation: 39; 0.6259164166810799; k: 2.0; 45,246,131,125,137,242,91,216,101,45,209,28,79,125,171,75,132,40,215,163,209,192,113,137,2,206,123,137,20,242,184,35,166,171,235,27,101,236,155
Best fitness found so far: 0.6259164166810799; k: 2.0
Generation: 40; 0.6259164166810799; k: 2.0; 29,62,171,125,137,177,91,216,101,45,209,28,79,125,171,75,132,40,28,16,74,211,137,216,209,28,44,125,96,5,72,56,24,132,105,125,137,229,91,216,101,20,211,28,223,125,9,11,105,195,169,86,203,32,217,138,117,212,137,184,15,73,103
Best fitness found so far: 0.6259164166810799; k: 2.0
Generation: 41; 0.6259164166810799; k: 2.0; 45,246,131,125,137,177,169,216,101,45,209,28,79,125,87,75,132,40,170,122,74,192,137,184,69,49,4,67,103,91,209,28,125,125,148,5,112,19,189,168,6,163,19,154,210,137,28,75,123,137,19,139,184,35,51,171,123,113,201,82,171,191,116,137,207,197,216,35,23,209,166,11,59,129,172,217,215,244,209,28,186,97,90,197,86,123,142,86,40,102,212,196,161,50,166,49,137,197,213,186,50,80,147,249,123,185,187,174,184,195,26,115,5,97,55,172,148,46,187,64,170,186,30,148,30,126,63,186,233,109,249,123,185,187,248,125,82,112,186,69,102,186,125,28,186,125,148,30,126,176,69,1,109,61,57,212,76,248,125,82
Best fitness found so far: 0.6259164166810799; k: 2.0
Generation: 42; 0.6259164166810799; k: 2.0; 94,246,131,125,217,177,201,216,27,45,209,28,209,125,171,195,212,40,123,244,195,68,136,250,69,134,125,45,87,67,35,50,247,125,135,67,28,75,122,74,192,137,184,69,49,110,180,59,86,172,171,123,130,67,174,171,49,125,137,67,91,63,81,171,50,116,137,207,197,67,35,23,48,82,129,109,35,3,113,201
Best fitness found so far: 0.6259164166810799; k: 2.0
Generation: 43; 0.6259164166810799; k: 2.0; 45,246,131,56,137,177,169,216,101,45,209,28,79,125,171,75,132,40,162,95,67,192,102,184,69,49,109,91,125,201,71,200,216,101,196,168,28,223,240,115,76,186,172,157,234,175,91,227,101,45,209,28,79,178,171,75,132,40,170,16,74,125,137,184,69,137,4,146,59,218,104,3,215,28,126,143,218,23
Best fitness found so far: 0.6259164166810799; k: 2.0
Generation: 44; 0.6259164166810799; k: 2.0; 45,246,131,125,137,177,169,216,101,45,209,28,79,125,171,75,132,240,68,122,74,192,137,184,69,49,4,180,59,86,172,162,123,179,67,111,171,191,125,137,67,91,63,81,5,209,39,129,35,179,171,123,67,133,50,211,97,171,209,209,8,186,78,90,197,13,203,142,86,30,134,212,131,161,50,155,49,197,78,28,124,122,177,202,71,84,42,136,140,49,171,81,137,28,186,243,32,23,73,147,186,94,90,186,98,90,197,78,28,194,122,141,202,71,84,193,183,93,137,184,131,161,250,77,231,137,184,213,102,50,88,197,78,28,124,122,177,45,71,84,83,136,140,49,171,176,137,28,186,243
Best fitness found so far: 0.6259164166810799; k: 2.0
Generation: 45; 0.6259164166810799; k: 2.0; 45,246,131,125,133,77,169,216,101,45,209,28,79,125,119,75,242,40,170,241,74,192,173,135,69,49,4,61,59,86,172,217,215,212,40,170,244,195,68,136,128,69,134,125,45,87,67,35,50,247,81,135,67,86,75,147,23,8,115,185,80,109,249,123,207,131,248,124,35,46,39,34,112,59,172,148,46,34,18,28,56,125,148,30,37,24,186,110,125,98,113,91,158,133,219,137,228,182,125,93,54,228,53,156,186,63,202,65,243,9,137,93,150,96,40,239,205,67,58,205,171,125,6,67,19,235,125,137,248,148,123,137,19,185,184,35,197,152,123,113,67,174,171,191,139,137,207,91,56,35,23,209,39,3,125,211,79,105,201
Best fitness found so far: 0.6259164166810799; k: 2.0
Generation: 46; 0.6259164166810799; k: 2.0; 29,246,171,125,137,177,91,216,101,45,209,28,79,125,171,75,132,40,170,16,74,125,137,184,69,137,4,91,59,86,1,217,215,148,59,143,148,46,46,18,28,102,125,148,203,248,169,186,110,189,153,113,91,123,133,219,137,167,182,125,93,221,35,49,56,147,63,202,62,37,28,43,89,148,105,48,176,28,51,156,202,113,33,228,5
Best fitness found so far: 0.6259164166810799; k: 2.0
Generation: 47; 0.6259164166810799; k: 2.0; 45,246,131,125,137,177,91,216,101,45,209,28,231,125,219,75,132,40,170,201,113,84,137,184,69,98,4,205,184,123,125,39,64,91,63,81,5,209,39,77,28,247,105,90,101,191,203,195,86,51,165,212,131,161,75,155,231,137,184,213,186,50,107,233,123,243,178,155,211,235,27,101,236,155
Best fitness found so far: 0.6259164166810799; k: 2.0
Generation: 48; 0.6259164166810799; k: 2.0; 45,112,131,149,137,177,169,216,101,45,209,28,79,125,171,75,132,40,170,122,74,192,137,184,184,35,166,171,235,79,125,171,75,132,40,100,16,74,125,137,114,69,137,4,91,59,20,97,217,215,148,4,28,170,105,195,169,86,203,142,217,138,134,212,80,184,184,73,103
Best fitness found so far: 0.6259164166810799; k: 2.0
Generation: 49; 0.6259164166810799; k: 2.0; 94,246,131,125,137,177,69,216,27,45,209,28,79,125,171,75,132,40,170,244,74,68,137,128,69,134,4,225,59,86,172,153,215,197,94,203,113,86,250,140,219,125,243,26,205,100,63,132,205,171,238,125,82,119,108,216,23,166,209,89,125,125,148,5,136,128,227,71,35,1,192,185,5,10,155,214,56,88,169,28,100,72,90,197,132,203,128,92,232,134,192,125,160,46,121
Best fitness found so far: 0.6259164166810799; k: 2.0
Generation: 50; 0.6259164166810799; k: 2.0; 19,246,131,125,137,177,23,216,101,45,209,28,79,125,171,75,132,40,170,122,74,192,137,184,167,57,4,180,59,86,172,171,123,179,67,174,171,191,125,137,67,91,115,81,5,86,39,238,117,67,171,123,67,74,74,211,97,22,209,28,186,105,90,197,86,68,137,128,69,134,31,88,59,125,172,153,131,234,153
Best fitness found so far: 0.6259164166810799; k: 2.0
Generation: 51; 0.6259164166810799; k: 2.0; 153,32,1,125,137,177,91,216,101,45,209,28,79,125,171,75,26,135,85,198,183,171,123,173,67,103,26,135,122,21,183,171,123,173,67,103,91,209,28,54,42,148,5,112,19,137,168,35,123,137,51,200,241,18,217,153
Best fitness found so far: 0.6259164166810799; k: 2.0
Generation: 52; 0.6259164166810799; k: 2.0; 45,246,131,125,137,177,169,216,101,45,209,28,79,125,171,75,132,40,170,122,74,152,137,184,224,49,4,180,59,86,172,171,123,76,108,128,113,225,91,216,101,5,19,28,90,89,109,113,91,158,133,219,31,28,182,236,93,54,131,169,83,186,147,202,65,243,134,137,93,18,96,40,239,199,67,58,123,171,125,33,67,19,235,125,137,248,148,12,137,19,185,184,35,197,152,123,113,67,246,171,191,139,137,207,172,125,171,75,222,135,122,118,183,171
Best fitness found so far: 0.6259164166810799; k: 2.0
Generation: 53; 0.6259164166810799; k: 2.0; 94,246,131,125,137,177,69,216,101,45,209,28,79,125,171,75,132,40,170,244,74,125,137,184,69,174,209,28,79,125,171,75,132,40,170,122,215,192,137,184,184,35,166,171,235,27,101,236,155
Best fitness found so far: 0.6259164166810799; k: 2.0
Generation: 54; 0.6259164166810799; k: 2.0; 45,246,131,125,137,177,91,216,101,45,209,28,231,125,219,75,132,40,170,16,74,68,137,184,69,98,62,91,59,202,172,217,242,244,209,28,186,105,90,197,86,203,142,80,51,134,168,131,240,50,155,231,137,82,211,186,50,90,197,78,28,124,122,166,209,28,79,125,148,5,181,128,76,171,146,102,192,123,5,89,155,217,138,155,212,125,65,184,73,69
Best fitness found so far: 0.6259164166810799; k: 2.0
Generation: 55; 0.6259164166810799; k: 2.0; 29,246,171,125,137,177,91,216,9,45,209,28,79,125,171,75,58,40,170,100,74,227,137,195,69,137,213,110,59,218,104,3,179,28,126,105,226,246,171,163,137,177,91,216,101,45,182,28,79,125,214,75,79,40,126,16,94,241,160,184,69,137,4,91,211,86,203,142,217,138,155,212,197,169,203,88,86,51,25,212,2,217,50,155,231,167,184,184,73,103
Best fitness found so far: 0.6259164166810799; k: 2.0
Generation: 56; 0.6259164166810799; k: 2.0; 94,246,131,125,133,67,69,216,75,45,71,28,79,125,171,75,132,40,170,163,74,223,137,184,69,101,4,8,125,245,111,79,210,183,171,123,173,67,103,91,1,186,105,90,118,183,171,19,173,205,103,212,209,28,125,125,148,5,112,19,244,168,6,163,19,154,240,137,236,243,116,137,19,53,184,35,51,171,123,113,201,82,171,191,116,137,207,178,216,35,210,209,82,106,109,23,3,113,201
Best fitness found so far: 0.6259164166810799; k: 2.0
Generation: 57; 0.6259164166810799; k: 2.0; 94,246,131,125,137,177,69,216,75,45,209,28,79,125,171,75,132,40,170,244,74,93,137,34,131,161,220,73,103
Best fitness found so far: 0.6259164166810799; k: 2.0
Generation: 58; 0.6259164166810799; k: 2.0; 45,246,131,125,133,177,169,216,101,45,209,28,79,125,119,75,242,40,170,241,74,192,173,184,69,49,4,91,59,86,172,75,215,244,209,28,58,105,90,197,86,203,142,86,51,125,247,131,249,50,144,49,137,130,150,212,50,80,147,185,184,248,137,4,156,211,86,203,153,39,138,155,212,169,86,203,142,217,138,155,212,137,184,184,45,103
Best fitness found so far: 0.6259164166810799; k: 2.0
Generation: 59; 0.6259164166810799; k: 2.0; 29,246,171,125,137,177,91,216,101,45,209,28,79,125,171,75,132,40,170,121
Best fitness found so far: 0.6259164166810799; k: 2.0
Generation: 60; 0.6259164166810799; k: 2.0; 74,246,131,125,137,177,169,216,101,45,209,28,79,125,171,75,132,240,68,122,89,192,137,184,69,238,4,180,16,74,125,140,184,69,137,4,146,59,161,104,84,215,28,126,105,218,23
Best fitness found so far: 0.6259164166810799; k: 2.0
Generation: 61; 0.6259164166810799; k: 2.0; 45,246,131,125,137,177,23,216,101,45,209,28,79,125,171,75,132,40,170,195,74,192,137,184,167,28,4,180,236,210,89,186,3,212,63,158,128,108,198,191,201,137,109,53,216,209,104,125,125,148,5,112,19,137,147,35,123,165,51,200,212,18,217,165
Best fitness found so far: 0.6259164166810799; k: 2.0
Generation: 62; 0.6259164166810799; k: 2.0; 45,246,131,125,137,177,23,216,101,45,241,28,79,125,171,75,132,40,191,122,74,192,137,184,167,73,4,239,205,194,16,91,171,125,178,67,88,235,125,88,248,148,123,249,154,137,224,91,216,75,156,209,28,33,125,158,75,132,40,170,16,57,125,137,38,69,137,4,146,212,131,158,38,108,210,87,56,216,50,134,51,135,67,28,75,84,23,184,115,234,77,145,249,123,63,187,248,138,35,66,39,34,212,59,143,168,46,46,18,28,102,125,148,203,60,169,186,110,189,153,93,91,123,133,219,137,109,182,125,193,221,148,30,89,63,186,80,109,249,123,195,169,86,203,142,217,138,155,142,137,184,184,240,103
Best fitness found so far: 0.6259164166810799; k: 2.0
Generation: 63; 0.6259164166810799; k: 2.0; 45,30,131,56,137,177,169,216,101,45,209,28,79,125,171,75,246,40,170,57,74,192,137,184,69,49,4,223,59,216,69,217,215,244,209,30,186,69,90,209,86,203,211,6,245,183,212,131,161,50,155,49,137,197,213,186,50,80,147,249,123,211,37,174,184,68,5,72,87,101,62,19,28,109,125,163,170,236,18,89,67,103,40,131,236,128,108,210,87,67,35,50,247,133,86,174,218,212,45,246,131,125,137,197,169,137,101,45,209,28,79,125,171,75,132,40,170,122,74,192,137,184,69,49,4,91,59,86,172,217,215,244,209,192,19,137,2,35,123,137,20,242,184,222,17,171,235,27,101,236,155
Best fitness found so far: 0.6259164166810799; k: 2.0
Generation: 64; 0.6259164166810799; k: 2.0; 45,246,131,125,137,177,169,216,101,45,209,28,79,125,171,75,242,40,170,122,74,192,173,166,172,49,4,91,59,86,172,217,215,244,209,28,58,105,90,197,86,203,142,67,88,235,125,88,248,148,74,249,154,137,224,91,216,75,156,209,28,79,125,158,75,132,40,208,16,74,48,137,38,69,137,4,146,212,131,158,128,56,210,87,56,35,50,134,210,135,67,28,75,234,23,8,115,187,77,145,249,123,63,198,248,138,35,192,39,34,212,59,143,148,46,46,18,28,102,125,148,203,126,169,186,110,189,153,113,91,123,133,219,137,167,182,125,93,221,35,49,3,147,146,202,100,19,28,43,89,148,141,236,176,28,51,156,202,113,33,78,5
Best fitness found so far: 0.6259164166810799; k: 2.0
Generation: 65; 0.6259164166810799; k: 2.0; 187,246,131,125,137,177,169,216,191,45,209,28,79,125,171,145,132,40,170,122,74,192,199,159,69,52,86,159,134,11,72,165,26,205,152,63,3,192,171,231,181,48,119,133,216,77,103,209,68,223,125,86,76,186,231,157,39,175,148,156,231,171,222,119,26,205,100,46,137,4,91,59,86,172,217,215,250,170,16,74,125,137,184,69,137,137,91,59,86,172,217,215,148,11,28,181,105,90,197,86,203,142,86,51,134,212,131,182,50,155,231,137,184,184,73,103
Best fitness found so far: 0.6259164166810799; k: 2.0
Generation: 66; 0.6259164166810799; k: 2.0; 160,246,131,125,137,177,91,216,101,45,209,28,79,125,219,75,132,40,170,244,74,84,137,184,69,137,4,91,59,202,172,217,215,203,209,28,186,185,90,197,86,203,142,80,51,134,168,131,240,50,155,231,137,184,211,186,50,90,197,78,28,124,122,166,209,28,125,125,148,5,247,128,227,71,161,102,192,123,5,10,155,21,86,88,237,28,100,72,90,197,174,203,133,102,7,134,125,171,75,132,40,170,244,74,68,137,128,69,134,31,88,59,206,172,153,131,30,122,125,137,120,233,46,172,28,42,52,89,19,77,71,117,102,221,234,35
Best fitness found so far: 0.6259164166810799; k: 2.0
Generation: 67; 0.6259164166810799; k: 2.0; 45,238,131,125,137,177,169,216,101,45,209,28,79,125,171,75,132,40,170,122,74,192,137,184,69,49,204,91,59,86,172,49,4,180,59,86,172,171,123,179,67,174,171,9,81,137,67,91,115,81,148,209,39,129,35,115,171,123,188,67,80,211,97,171,209,28,186,167,80,197,86,125,151,86,51,25,212,158,137,109,23,216,107,28,125,125,148,5,247,122,178,71,35,102,158,123,204,87,155,211,56,36,197,248,87,105,130,120,132,203,133,86,225,134,212,39,217,66,27,231,87,46,86,118,186,156,209,186,39,148,91,151,19,137,184,35,151,171,19,98,109,9,216,209,28,125,125,148,159,181,31,101,185,19,28,90,205,148,47,236,20,191,135,103,148,123,90,93,233
Best fitness found so far: 0.6259164166810799; k: 2.0
Generation: 68; 0.6259164166810799; k: 2.0; 94,246,131,125,137,177,69,216,75,45,117,28,79,125,171,75,132,40,170,244,74,223,137,184,69,174,4,8,125,245,46,79,210,183,171,123,173,67,103,91,69,49,69,137,73,91,59,86,172,217,215,148,209,28,92,105,145,207,86,80,142,217,138,155,212,137,184,184,73,103,46,79,210,183,171,123,173,67,103,91,69,49,69,137,73,91,59,86,172,217
Best fitness found so far: 0.6259164166810799; k: 2.0
Generation: 69; 0.6259164166810799; k: 2.0; 29,246,171,125,137,177,91,216,101,45,209,28,205,125,171,75,70,40,179,16,74,201,137,184,155,21,56,88,197,28,100,185,90,219,132,203,133,92,232,134,63,168,9,91,59,60,172,113,215,244,96,28,186,114,72,197,18,203,142,86,113,134,158,131,161,50,112,231,137,184,213,186,50,226,171,123,137,67,155,125,31,105,226,199,51,144,18,201,28,79,125,171,75,70,40,179,16,74,201,137,184,155,21,56,88,209,28,79,41,62,75,132,40,170,122,74,192,137,184,167,49,4,180,59,86,172,171,123,179,67,174,171,191,210,137,67,91,115,81,5,86,39,238,35,67,171,123,67,67,50,211,97,30,209,28,186,105,90,197,82,68,137,128,69,134,243,88,59,206,172,153,131,234,153
Best fitness found so far: 0.6259164166810799; k: 2.0
Generation: 70; 0.6259164166810799; k: 2.0; 29,38,171,125,137,177,91,216,101,45,209,28,79,125,171,75,132,40,239,16,74,201,137,184,155,21,56,88,197,28,100,185,107,197,132,203,133,92,232,134,59,70,118,91,59,9,228,153,215,244,96,28,186,34,90,197,75,137,184,69,137,4,214,59,86,172,217,215,148,209,183,186,105,195,169,86,203,76,217,138,155,212,137,184,184,73,103
Best fitness found so far: 0.6259164166810799; k: 2.0
Generation: 71; 0.6259164166810799; k: 2.0; 45,246,131,125,137,177,169,216,101,45,209,28,79,125,171,75,242,40,170,165,74,192,173,184,42,49,4,91,59,86,172,217,215,244,209,28,58,105,90,197,86,203,142,86,51,125,247,131,100,50,155,49,137,160,213,212,50,80,147,249,123,185,187,47,184,35,137,123,5,248,55,172,148,46,110,64,28,186,125,148,137,184,69,137,4,91,169,86,203,142,217,104,155,212,125,65,184,73,103
Best fitness found so far: 0.6259164166810799; k: 2.0
Generation: 72; 0.6259164166810799; k: 2.0; 29,246,171,125,137,177,91,116,101,45,209,28,79,125,171,75,132,40,170,16,74,211,162,245,59,28,125,125,244,5,72,126,24,132,169,125,137,229,151,216,101,20,211,28,54,125,9,11,186,29,32,171,125,137,177,91,216,101,45,209,28,79,125,171,75,26,135,122,118,183,171,123,173,67,103,91,204,28,125,125,148,5,112,146,137,168,35,123,178,51,200,212,18,217,153
Best fitness found so far: 0.6259164166810799; k: 2.0
Generation: 73; 0.6259164166810799; k: 2.0; 45,246,131,125,137,177,169,216,101,45,209,28,79,125,171,75,242,40,170,239,74,98,173,184,69,49,4,91,59,86,172,217,215,244,209,28,63,66,90,197,86,203,142,86,51,125,247,240,100,160,80,49,137,160,213,212,50,80,147,249,123,185,187,47,184,35,65,123,5,175,55,172,148,46,110,64,28,186,91,216,171,20,211,28,223,125,9,11,186,42,39,214,11,213,109,53,216,209,28,125,27,148,224,112,19,164,80,141,102,243,123,137,218,155,211,97,231,209,217,186,105,90,147,250,203,18,131,234,74
Best fitness found so far: 0.6259164166810799; k: 2.0
Generation: 74; 0.6259164166810799; k: 2.0; 29,246,171,125,137,177,215,216,101,45,209,28,79,125,171,75,132,40,196,16,74,125,137,184,69,249,4,40,170,244,186,68,136,128,69,134,125,170
Best fitness found so far: 0.6259164166810799; k: 2.0
Generation: 75; 0.6259164166810799; k: 2.0; 45,246,131,125,137,177,169,216,105,45,209,28,79,125,171,75,132,240,170,122,74,192,137,213,69,49,69,137,4,91,59,86,172,217,215,134,107,24,123,50,204,155,211,34,23,79,28,126,250,218,23
Best fitness found so far: 0.6259164166810799; k: 2.0
Generation: 76; 0.6259164166810799; k: 2.0; 104,246,131,125,183,177,91,216,101,45,209,28,231,125,219,75,132,40,125,93,160,170,49,3,132,226,202,62,19,28,43,89,148,115,150,176,28,51,156,202,113,33,228,5
Best fitness found so far: 0.6259164166810799; k: 2.0
Generation: 77; 0.6259164166810799; k: 2.0; 29,246,171,125,211,177,91,216,101,45,209,28,79,125,171,75,26,135,122,210,183,171,123,173,67,103,91,68,101,208,209,28,186,125,49,45,248,51,132,40,170,233,74,197,171,19,211,56,103,204,102,235,174,235,160,161,121
Best fitness found so far: 0.6259164166810799; k: 2.0
Generation: 78; 0.6259164166810799; k: 2.0; 160,246,131,17,137,177,91,216,101,45,209,28,79,115,219,75,132,40,170,244,74,84,231,184,69,137,4,91,59,202,172,217,115,244,156,28,186,105,8,197,86,203,61,80,51,134,168,131,240,50,155,231,137,184,184,184,73,103
Best fitness found so far: 0.6259164166810799; k: 2.0
Generation: 79; 0.6259164166810799; k: 2.0; 94,246,131,125,137,177,69,216,27,45,209,28,79,125,171,75,132,40,76,244,74,42,137,128,69,134,4,66,59,86,172,153,215,197,94,3,141,86,98,140,194,125,119,26,205,100,234,132,131,171,231,125,201,186,200,216,93,103,209,168,112,125,86,76,238,172,157,176,175,51,159,231,171,32,151,93,125,22,76,186,68,157,39,175,148,159,231,171,221,119,26,205,100,46,132,205,171,155,125,186,105,226,59,51,228,18,201
Best fitness found so far: 0.6259164166810799; k: 2.0
Generation: 80; 0.6259164166810799; k: 2.0; 187,246,131,125,137,177,169,216,101,45,209,28,79,125,171,145,132,40,170,122,74,192,199,49,4,91,59,86,172,217,215,244,209,28,58
Best fitness found so far: 0.6259164166810799; k: 2.0
Generation: 81; 0.6259164166810799; k: 2.0; 29,246,171,125,137,177,91,216,101,45,209,28,79,125,171,75,58,40,111,117,74,227,216,195,69,137,4,146,59,218,104,59,86,172,171,123,179,67,174,171,191,241,137,67,91,115,81,148,179,39,182,35,67,171,123,188,67,50,211,97,171,209,28,186,105,90,197,86,203,142,86,51,25,23,131,137,109,23,216,107,28,125,125,148,84,247,122,178,71,35,75,158,123,242,87,155,211,56,23,157,28,192,105,97,120,132,203,133,86,232,134,212,206,217,66,27,231,87,46,86,118,186,156,209,186,39,148,91,151,19,137,184,35,151,171,19,98,109,9,216,209,28,125,125,148,5,72,31,101,62,19,28,90,125,148,15,236,20,191,135,103,148,123,90,93,233
Best fitness found so far: 0.6259164166810799; k: 2.0
Generation: 82; 0.6259164166810799; k: 2.0; 45,246,131,125,137,177,169,216,101,45,209,28,79,125,171,75,230,240,68,122,74,192,137,45,69,209,28,79,125,171,75,132,40,170,122,74,192,137,184,36,49,229,180,59,86,172,171,123,76,139,128,113,225,91,214,101,5,19,28,90,171,146,56,14,176,28,51,187,197,71,3,228,160
Best fitness found so far: 0.6259164166810799; k: 2.0
Generation: 83; 0.6259164166810799; k: 2.0; 29,152,171,125,137,177,91,216,101,45,201,28,79,125,171,75,132,40,170,16,74,211,137,189,209,28,125,125,244,5,72,126,24,132,169,125,137,229,91,216,101,20,30,28,223,125,9,11,186,42,39,24,11,210,137,77,137,184,35,72,108,128,113,225,17,129,101,62,19,28,90,89,148,143,236,176,28,51,69,197,220,90,228,61,171,231,125,201,119,200,216,93,103,209,168,112,125,86,76,186,172,157,176,175,51,159,231,171,74,151,186,125,22,77,211,141,105,201,187,47,184,35,83,4,185,59,101,153,148,46,46,172,28,186,125,104,30,43,63,186,80,109,249,123,106,187,248,125,170
Best fitness found so far: 0.6259164166810799; k: 2.0
Generation: 84; 0.6259164166810799; k: 2.0; 29,246,171,125,137,177,91,216,101,45,209,28,79,125,171,75,58,40,170,117,74,227,137,195,69,137,78,178,59,218,104,3,179,28,126,105,161,15,91,216,75,246,209,28,191,83,171,75,132,40,170,16,6,242,161,128,69,134,4,225,59,86,172,153,215,197,94,203,113,86,250,140,20,125,243,26,151,100,63,218,139,171,231,125,201,119,200,216,144,166,209,28,184,23,148,5,176,128,227,71,35,1,192,68,5,10,155,21,56,88,141,28,68,229,90,197,132,203,124,122,186,134,59,131,9,91,59,86,172,214,215,244,209,101,186,105,90,101,153,203,28,86,51,134,212,131,161,75,155,231,97,184,213,186,50,107,171,138,101,77,19,82,66,125,148,217,236,20,191,186,103,148,123,90,93,233
Best fitness found so far: 0.6259164166810799; k: 2.0
Generation: 85; 0.6259164166810799; k: 2.0; 45,246,131,125,137,177,91,216,101,45,209,28,79,125,171,75,132,40,170,244,74,125,137,184,69,137,4,91,78,86,172,217,215,244,170,16,74,125,137,184,69,137,137,91,59,86,172,217,215,148,11,209,28,79,125,171,75,132,40,170,230,122,125,137,120,13,46,172,95,44,242,148,46,23
Best fitness found so far: 0.6259164166810799; k: 2.0
Generation: 86; 0.6259164166810799; k: 2.0; 59,68,131,125,137,177,91,216,101,45,209,28,79,125,171,75,132,40,170,233,155,72,126,228,132,95,125,137,229,91,216,18,20,211,28,223,125,225,45,246,131,125,137,177,126,216,188,45,209,28,79,125,171,75,132,40,170,122,74,192,137,184,36,49,4,180,59,86,172,171,178,76,108,128,113,225,91,195,101,5,29,28,90,89,146,38,14,176,28,51,187,89,71,88,228,160,137,229,91,216,18,20,211,28,223,125,225,45,246,131,125,137,177,126,216,188,45,209,28,79,125,171,75,132,40,170,122,74,192,137,184,36,49,4,180,59,86,172,171,178,76,108,128,113,225,91,195
Best fitness found so far: 0.6259164166810799; k: 2.0
Generation: 87; 0.6259164166810799; k: 2.0; 45,246,131,56,137,177,169,216,101,45,145,28,79,125,171,75,132,40,170,57,74,192,218,55,69,49,109,91,125,201,119,200,216,101,126,26,212,223,240,115,76,186,172,157,234,175,148,45,246,131,125,137,6,91,216,101,45,81,28,79,125,227,75,132,40,170,244,74,125,137,184,69,137,15,91,59,86,172,217,215,244,170,16,74,125,137,184,69,137,137,233,141,86,172,177,215,58,11,28,181,105,235,197,86,203,142,86,51,190,133,86,232,134,134,206,217,66,27,231,87,46,86,118,186,156,209,186,3,148,91,151,19,137,125,35,151,125,19,52,82,44,216,209,116,125,125,112,182,72,31,101,62,42,28,90,110,148,15,143,20,191,135,103,148,123,90,106,233
Best fitness found so far: 0.6259164166810799; k: 2.0
Generation: 88; 0.6259164166810799; k: 2.0; 45,112,131,125,137,177,169,216,101,45,209,28,79,125,171,75,132,40,170,122,74,192,137,184,184,63,166,171,235,27,101,236,140
Best fitness found so far: 0.6259164166810799; k: 2.0
Generation: 89; 0.6259164166810799; k: 2.0; 45,246,131,125,133,177,169,216,247,45,209,28,79,125,119,75,162,40,170,241,74,192,173,184,69,49,42,91,59,86,172,217,215,244,209,28,58,171,90,197,86,138,142,86,51,125,211,131,249,50,144,49,137,160,213,212,50,80,96,185,184,69,137,4,91,211,15,52,181,159,134,11,72,119,26,205,13,63,3,191,171,231,181,218,119,200,216,101,103,209,68,223,125,86,76,186,231,157,39,175,148,159,231,171,221,119,26,205,75,46,132,205,171,155,125,186,105,226,199,51,228,18,201
Best fitness found so far: 0.6259164166810799; k: 2.0
Generation: 90; 0.6259164166810799; k: 2.0; 45,246,131,125,55,177,91,216,101,45,209,28,79,125,171,75,132,40,170,9,74,125,137,184,69,137,4,91,59,135,172,217,45,246,131,125,137,177,169,118,101,45,209,28,79,125,171,75,132,41,217,122,74,192,137,184,69,49,4,180,59,86,172,171,123,179,183,174,171,191,125,137,156,91,63,81,5,209,39,129,35,179,171,123,67,23,50,211,97,171,31,209,28,161,61,90,197,86,250,142,86,51,51,212,131,161,50,155,49,137,160,213,186,50,80,147,249,123,185,187,47,184,35,80,123,5,97,55,102,148,46,117,23,28,186,232,148,30,126,233,65,80,109,249,51,185,187,248,125,148,112,186,172,212,186,125,193,77,211,20,105,177,187,47,184,123,16,19,242,184,35,178,15
Best fitness found so far: 0.6259164166810799; k: 2.0
Generation: 91; 0.6259164166810799; k: 2.0; 160,246,131,125,137,177,91,216,101,45,209,28,79,125,219,75,132,40,231,244,74,247,137,184,69,137,4,91,59,28,79,125,171,75,132,40,170,16,74,204,137,184,69,137,4,91,59,86,172,217,215,148,209,28,186,105,195,169,86,101,142,217,138,155,212,137,184,184,73,76
Best fitness found so far: 0.6259164166810799; k: 2.0
Generation: 92; 0.6259164166810799; k: 2.0; 94,246,131,125,137,177,69,216,101,45,209,28,219,125,171,75,132,40,170,244,74,125,137,184,144,174,4,176,59,86,172,246,215,244,209,28,9,105,90,197,18,203,142,86,51,134,212,126,161,50,155,231,137,184,213,186,50,53,150,18,105,90,197,86,203,142,86,51,97,212,131,14,109,23,216,107,28,125,125,148,5,247,122,178,71,35,102,122,149,59,87,194,211,56,62,197,28,192,105,112,250,132,203,212,131,92,50,155,231,137,184,184,250,103
Best fitness found so far: 0.6259164166810799; k: 2.0
Generation: 93; 0.6259164166810799; k: 2.0; 45,246,131,125,137,177,169,216,101,45,209,28,79,125,171,75,242,40,170,122,74,98,194,184,69,49,4,91,49,86,172,106,215,244,209,28,70,116,90,197,86,97,28,79,125,171,75,132,40,170,57,74,160,218,184,69,49,109,91,125,201,141,200,216,101,126,209,28,223,240,115,76,186,172,157,234,175,148,159,231,171,221,119,26,205,7,4,132,205,171,155,81,186,105,177,86,51,30,141,156
Best fitness found so far: 0.6259164166810799; k: 2.0
Generation: 94; 0.6259164166810799; k: 2.0; 45,246,131,125,137,177,23,216,101,45,209,28,79,125,3,75,132,40,170,122,74,192,137,184,167,49,4,239,205,194,58,91,171,211,6,67,88,235,125,88,4,54,123,249,154,137,224,91,216,75,156,209,28,79,125,158,75,132,40,170,16,74,125,137,38,69,137,4,61,16,131,158,128,108,210,87,56,35,222,134,51,135,67,28,75,84,43,8,115,234,77,145,249,123,63,187,248,138,35,111,215,28,150,105,218,23
Best fitness found so far: 0.6259164166810799; k: 2.0
Generation: 95; 0.6259164166810799; k: 2.0; 94,246,131,125,137,217,69,216,75,45,209,28,79,125,171,75,132,40,170,224,74,32,137,201,165,174,4,8,191,92,143,109,159,216,112,28,125,125,20,194,72,126,24,238,185,141,137,229,75,215,232,20,211,28,223,125,178,92,186,234,39,175,223,123,137,77,137,184,35,72,239,128,113,225,32,216,101,62,88,209,214,61,163,90,197,132,203,133,86,51,134,205,131,217,9,123,231,113,46,35,166,171,125,145,67,134,75,232,23,128,63,137,80,243,249,205,81,27,67,168,193,152,25,199,236,157,147,171,167,176,66,156,188,31,141,5,129,195,83,21,52,111,247,75,215,232,20,211,28,223,125,178,92,186,234,39,175,223,123,137,77,137,184,35,72,239,128,113,225,32,216,101,62,88,209,214,61,163,90,197,132,203,133,86,51,134,205,131,217,9,123,231,113
Best fitness found so far: 0.6259164166810799; k: 2.0
Generation: 96; 0.6259164166810799; k: 2.0; 45,246,131,56,137,177,169,216,101,45,209,28,79,125,171,75,132,40,31,91,74,192,192,184,205,49,4,91,114,216,202,43,215,244,209,28,186,247,70,211,97,50,129,28,186,71,28,102,125,148,114,126,169,186,110,226,153,168,91,123,141,96,28,167,182,125,93,221,170,49,3,132,63,202,62,19,38,43,89,148,141,150,78,28,169,216,101,45,209,28,79,125,171,75,132,40,170,122,242,192,137,115,36,49,159,180,59,86,172,171,123,76,97,128,113,225,91,216,101,5,19,229,90,89,146,38,14,176,28,51,187,197,71,88,127,160
Best fitness found so far: 0.6259164166810799; k: 2.0
Generation: 97; 0.6259164166810799; k: 2.0; 94,246,131,65,65,177,69,216,101,45,209,28,79,125,171,75,82,40,69,244,74,125,137,184,69,174,193,91,59,86,172,153,215,97,209,28,186,199,90,197,18,203,142,86,51,134,212,131,68,50,155,36,234,184,213,186,50,182,171,169,125,137,229,90,216,101,20,211,28,223,125,9,11,186,42,39,24,11,137,109,53,216,209,28,125,125,148,221,112,19,164,200,141,102,243,123,137,218,155,211,97,231,209,217,226,105,90,86,51,203,18,131,209,74
Best fitness found so far: 0.6259164166810799; k: 2.0
Generation: 98; 0.6259164166810799; k: 2.0; 60,246,131,125,217,177,69,216,27,45,193,28,79,125,171,75,132,40,170,244,74,163,142,128,173,134,31,88,59,206,125,83,171,75,127,135,122,118,183,171,123,173,223,103,91,209,28,125,125,148,5,186,19,42,168,35,149,137,51,200,212,18,217,153,123,137,106,155,211,34,23,201,28,126,105,218,23
Best fitness found so far: 0.6259164166810799; k: 2.0
Generation: 99; 0.6259164166810799; k: 2.0; 43,246,131,125,137,177,169,216,101,45,209,28,79,125,171,75,132,240,68,122,74,98,161,225,171,125,137,88,197,78,28,124,122,177,167,71,84,83,136,140,49,128,176,78,28,186,243
Best fitness found so far: 0.6259164166810799; k: 2.0
Generation: 100; 0.6259164166810799; k: 2.0; 29,32,171,125,137,177,91,216,65,45,209,28,79,125,47,75,26,135,122,118,244,171,123,173,67,103,91,209,28,125,125,148,5,112,19,244,168,6,163,19,179,210,137,28,75,123,137,19,53,184,35,51,171,123,113,201,82,171,191,116,137,207,197,216,35,23,209,166,108,59,216,172,217,215,244,209,28,218,97,90,197,86,123,142,86,95,183,212,196,198,50,110,49,137,197,213,186,50,80,147,249,123,185,187,147,184,195,26,115,5,97,55,172,148,46,117,64,170,186,125,148,30,126,63,186,233,109,249,123,185,187,248,125,148,184,184,35,166,171,235,241,101,236,155
Best fitness found so far: 0.6259164166810799; k: 2.0
Generation: 101; 0.6259164166810799; k: 2.0; 45,30,131,56,137,177,169,216,101,45,209,28,79,125,171,75,240,40,170,57,74,192,137,184,69,49,4,223,59,216,172,217,71,219,209,30,186,139,90,209,86,214,192,137,184,103
Best fitness found so far: 0.6259164166810799; k: 2.0
Generation: 102; 0.6259164166810799; k: 2.0; 160,246,131,125,137,177,155,216,101,45,209,28,79,125,219,75,132,40,231,235,74,84,137,184,69,137,4,91,185,202,172,217,215,244,209,28,186,105,90,197,86,203,142,80,51,134,69,131,240,50,155,231,137,184,128,186,61,90,197,129,28,124,122,166,209,28,125,125,148,5,247,128,129,223,103,81,209,28,125,125,148,5,186,19,137,168,35,123,137,51,200,212,18,217,153,172,125,171,75,3,135,122,118,183,171
Best fitness found so far: 0.6259164166810799; k: 2.0
Generation: 103; 0.6259164166810799; k: 2.0; 45,246,131,125,137,177,169,216,101,45,209,28,63,125,171,75,132,40,170,122,226,192,142,217,171,198,209,28,186,105,90,197,86,203,142,86,51,137,212,131,161,50,155,231,137,184,184,73,103
Best fitness found so far: 0.6259164166810799; k: 2.0
Generation: 104; 0.6259164166810799; k: 2.0; 29,32,171,125,137,177,91,216,101,45,209,28,79,125,47,75,26,135,122,118,183,176,123,173,67,103,91,209,28,222,125,148,5,112,19,244,168,6,163,19,154,210,137,50,243,123,137,19,53,184,35,51,171,123,113,201,153
Best fitness found so far: 0.6259164166810799; k: 2.0
Generation: 105; 0.6259164166810799; k: 2.0; 178,30,131,56,137,177,169,231,101,45,209,28,79,125,171,75,132,40,170,217,74,192,137,184,69,67,117,223,138,216,172,217,215,244,209,30,186,97,90,67,86,203,211,86,155,183,212,131,161,50,155,49,137,197,213,196,50,80,182,249,216,209,28,125,125,148,28,125,125,148,5,247,128,227,71,35,1,69,37,5,10,137,229,91,216,101,20,81,50,223,125,159,11,186,42,220,24,11,123,137,77,137,184,179,72,108,128,113,225,32,129,101,62,19,28,217,89,148,143,236,176,28,51,159,197,71,90,228,160
Best fitness found so far: 0.6259164166810799; k: 2.0
Generation: 106; 0.6259164166810799; k: 2.0; 94,246,131,125,137,177,7,216,27,25,209,28,79,125,171,75,132,40,210,244,206,133,105,125,137,177,148,216,101,45,209,28,79,125,171,75,132,40,170,190,74,192,137,184,184,35,166,171,235,27,101,167,155
Best fitness found so far: 0.6259164166810799; k: 2.0
Generation: 107; 0.6259164166810799; k: 2.0; 44,246,71,125,137,177,91,216,101,45,209,28,79,125,171,75,20,40,170,239,81,125,137,184,69,137,4,91,59,92,90,88,42,39,175,94,123,137,77,137,184,8,21,108,123,113,67,174,171,191,96,210,145,91,213,235,23,239,39,129,26,148,46,221,159,28,236,205,244,17,237,224,137,184,35,91,4,91,59,101,169,95,13,117,172,28,56,125,148,46,121,123,137,77,137,184,35,171,108,123,113,67,174,120,191,96,137,67,91,213,235,23,239,39,129,125,148,46,221,159,28,236,205,244,17,171,224,75,132,40,170,16,74,148,137,184,69,137,4,146,59,218,104,3,215,28,126,105,218,23
Best fitness found so far: 0.6259164166810799; k: 2.0
Generation: 108; 0.6259164166810799; k: 2.0; 94,246,131,125,137,177,69,216,211,45,209,28,79,125,171,75,132,40,170,244,209,93,137,184,131,161,50,23,80,109,249,123,184,26,206,246,131,189,137,177,69,216,75,45,59,86,172,171,96,177,67,174,72,191,125,137,50,91,115,81,242,226,39,238,121,67,213,123,67,67,50,30,97,171,185,28,186,105,90,197,86,68,137,128,70,134,31,88,59,206,172,153,131,234,153
Best fitness found so far: 0.6259164166810799; k: 2.0
Generation: 109; 0.6259164166810799; k: 2.0; 45,246,131,125,227,177,169,216,101,45,209,28,79,125,171,75,132,240,170,122,74,192,137,184,235,49,4,180,59,86,172,171,123,179,67,174,171,191,125,137,67,91,202,81,5,209,39,129,205,179,171,123,67,67,50,211,97,16,74,125,99,184,69,139,4,141,59,86,172,246,215,148,107,28,92,105,195,169,86,203,142,217,222,155,212,137,184,184,73,200
Best fitness found so far: 0.6259164166810799; k: 2.0
Generation: 110; 0.6259164166810799; k: 2.0; 29,246,171,125,137,177,91,216,75,45,209,28,79,125,171,100,132,40,170,16,74,125,137,184,69,137,4,146,212,131,158,128,108,209,87,67,35,50,136,125,135,67,28,75,147,23,64,115,234,80,137,177,169,179,101,45,209,28,79,125,171,75,132,40,170,122,74,171,125,137,177,91,216,101,45,209,28,79,125,171,201,26,172,122,79,183,171,196,173,67,103,91,209,189,168,228,148,5,112,123,137,168,35,123,137,51,200,212,18,217,153
Best fitness found so far: 0.6259164166810799; k: 2.0
Generation: 111; 0.6259164166810799; k: 2.0; 45,136,131,125,137,177,169,216,101,90,209,28,79,125,171,75,244,240,170,122,74,210,137,184,69,49,4,180,59,86,172,171,123,179,67,174,171,23,5,137,67,91,63,81,5,209,209,28,235,105,135,160,46,121
Best fitness found so far: 0.6259164166810799; k: 2.0
Generation: 112; 0.6259164166810799; k: 2.0; 29,32,171,125,137,177,91,216,165,45,209,28,79,125,47,75,26,135,122,197,31,203,207,86,51,134,212,242,137,236,155,231,76,184,213,186,50,107,24,97,137,123,9,67,174,172,23,125,137,50,190,115,81,5,226,209,238,35,67,171,123,67,67,126,211,97,171,209,28,186,105,90,116,86,68,137,128,70,134,31,88,59,206,172,153,131,62,153
Best fitness found so far: 0.6259164166810799; k: 2.0
Generation: 113; 0.6259164166810799; k: 2.0; 29,246,171,125,137,177,91,216,101,45,209,28,79,125,171,75,70,40,179,16,190,168,172,184,155,248,56,88,197,28,100,185,90,197,132,203,243,92,232,242,59,131,9,91,186,80,109,61,57,185,56,248,125,170
Best fitness found so far: 0.6259164166810799; k: 2.0
Generation: 114; 0.6259164166810799; k: 2.0; 144,246,171,125,137,177,91,216,75,45,209,28,79,125,25,75,132,40,170,16,74,125,124,184,15,137,4,146,212,131,158,98,108,210,87,67,35,50,247,125,135,67,28,75,147,23,8,115,234,80,159,249,123,63,187,248,124,35,217,39,34,182,232,172,148,46,46,18,28,102,125,199,30,126,24,186,110,125,153,113,181,182,133,219,21,28,182,125,93,221,228,49,196,137,184,171,125,137,177,91,216,101,45,209,28,13,125,171,75,114,40,170,16,74,54,137,78,69,137,4,91,13,86,172,217,215,148,209,28,186,105,195,169,86,215,32,217,138,117,212,6,184,184,31,103
Best fitness found so far: 0.6259164166810799; k: 2.0
Generation: 115; 0.6259164166810799; k: 2.0; 29,246,171,125,211,177,91,216,75,45,209,28,79,125,171,75,132,40,170,16,74,125,137,228,69,137,4,146,212,131,158,128,108,210,87,99,35,50,247,125,135,67,28,75,147,23,100,115,234,80,109,249,123,63,187,248,186,35,66,39,34,182,59,172,148,46,46,84,28,102,125,148,30,126,24,186,110,125,153,113,91,158,133,219,137,28,182,125,93,221,228,49,196,147,63,202,34,137,19,217,55,52,96,40,239,205,167,58,205,129,125,6,163,19,72,125,137,9,148,123,137,19,53,184,35,249,171,123,113,67,70,171,191,125,137,207,91,216,35,23,209,160,66,121
Best fitness found so far: 0.6259164166810799; k: 2.0
Generation: 116; 0.6259164166810799; k: 2.0; 201,246,131,125,137,177,23,216,101,45,83,28,79,125,171,75,132,40,170,122,74,192,137,184,167,49,4,239,205,194,58,137,171,125,6,67,88,235,34,88,248,148,123,249,154,137,250,91,216,75,156,209,28,79,125,158,75,132,40,170,16,74,125,137,38,69,137,4,146,212,131,158,128,108,210,87,56,35,50,134,234,216,67,28,75,84,23,8,115,234,77,145,249,211,63,187,248,138,20,66,39,34,212,59,143,148,46,46,18,28,102,125,148,203,241,169,186,110,189,153,113,91,123,133,219,137,167,182,125,93,221,170,122,74,192,199,184,69,52,86,159,134,11,72,119,26,205,100,222,3,228,171,231,181,48,119,200,216,101,103,209,68,155,125,86,76,186,231,157,39,175,148,159,231,171,221,119,26,43,100,46,132,205,171,155,125,186,105,226,199,51,228,18,201
Best fitness found so far: 0.6259164166810799; k: 2.0
Generation: 117; 0.6259164166810799; k: 2.0; 29,246,171,47,13,177,91,216,101,45,209,28,79,125,171,75,132,40,170,16,74,211,137,216,209,28,119,125,194,5,12,126,24,132,169,125,137,229,102,176,233,20,211,28,243,125,223,11,186,42,39,24,11,137,217,138,155,212,7,184,184,73,103
Best fitness found so far: 0.6259164166810799; k: 2.0
Generation: 118; 0.6259164166810799; k: 2.0; 29,246,171,125,33,177,91,131,101,45,209,28,79,125,171,75,132,40,170,16,74,125,137,1,69,137,152,91,59,86,172,217,215,148,209,28,186,105,114,197,86,203,142,86,51,134,212,131,161,50,155,131,125,137,177,169,216,101,45,209,28,79,125,171,75,132,40,170,246,190,31,178,184,241,209,28,93,125,148,5,72,27,101,62,19,28,90,125,186,15,236,210,89,186,33,212,63,33,128,123,198,191,201,137,109,53,216,209,104,125,79,127,5,112,52,137,168,35,123,165,51,200,212,18,217,153
Best fitness found so far: 0.6259164166810799; k: 2.0
Generation: 119; 0.6259164166810799; k: 2.0; 29,246,171,125,137,177,91,216,101,45,209,28,79,125,171,75,132,40,170,16,74,211,188,216,209,28,125,125,244,5,12,126,24,132,169,125,137,229,91,216,101,20,211,28,223,125,9,11,186,42,39,24,11,137,109,53,216,209,28,125,125,175,221,112,102,50,88,197,78,28,124,122,177,202,71,84,83,89,140,49,171,176,137,28,186,243,32,23,73,28,186,94,90,186,50,90,197,78,28,34,122,177,202,71,84,137,74,185,137,184,131,161,50,155,231,137,184,213,102,50,240,197,78,28,124,122,177,114,71,84,83,136,94,49,171,176,137,28,186,243
Best fitness found so far: 0.6259164166810799; k: 2.0
Generation: 120; 0.6259164166810799; k: 2.0; 29,246,171,125,137,177,91,216,101,45,209,28,79,125,171,75,26,135,122,210,183,187,248,125,148,246,186,172,102,186,39,193,77,193,141,105,152,187,47,42,123,137,19,242,177,35,166,15
Best fitness found so far: 0.6259164166810799; k: 2.0
Generation: 121; 0.6259164166810799; k: 2.0; 29,246,126,125,137,177,91,216,101,45,209,28,79,125,171,75,132,40,241,16,74,125,137,88,69,137,4,146,59,218,104,3,215,28,126,105,218,155
Best fitness found so far: 0.6259164166810799; k: 2.0
Generation: 122; 0.6259164166810799; k: 2.0; 45,246,131,125,137,177,169,216,101,45,209,13,79,100,171,75,132,40,170,123,108,210,87,67,35,229,136,110,135,67,28,75,147,23,8,115,234,80,109,249,123,184,26,103
Best fitness found so far: 0.6259164166810799; k: 2.0
Generation: 123; 0.6259164166810799; k: 2.0; 45,246,131,125,137,177,169,216,101,45,209,133,79,125,119,75,242,40,170,122,74,192,173,184,69,49,4,91,59,86,172,217,46,244,209,28,58,105,90,39,86,203,142,86,51,125,247,131,249,50,58,49,137,160,213,212,50,80,147,249,123,185,187,47,184,35,137,123,5,97,55,174,148,124,196,64,28,186,125,175,30,126,63,137,184,213,186,50,107,233,123,243,178,155,211,97,23,47,234,106,105,218,87
Best fitness found so far: 0.6259164166810799; k: 2.0
Generation: 124; 0.6259164166810799; k: 2.0; 245,246,131,56,137,177,169,216,101,45,209,28,79,125,171,75,132,40,25,95,74,192,218,184,69,49,109,91,125,212,71,200,216,101,196,168,28,223,240,115,76,186,172,157,234,175,148,248,231,86,203,142,80,51,134,168,250,240,50,155,231,137,184,211,186,50,90,197,20,192,84,122,166,95,68,79,125,148,5,247,128,227,214,191,102,210,248,49,89,155,21,158,88,237,186,100,98,233,197,132,203,133,102,232,134,5,131,159,96,47,42,123,228,19,242,177,35,166,15
Best fitness found so far: 0.6259164166810799; k: 2.0
Generation: 125; 0.6259164166810799; k: 2.0; 45,2,131,233,137,177,169,216,101,45,209,28,79,125,171,75,132,40,170,160,181,192,137,134,69,49,4,91,59,216,172,217,215,244,209,28,186,97,90,220,86,203,142,86,51,183,212,131,161,50,155,49,137,197,213,8,50,80,147,249,23,185,187,174,184,68,26,115,5,244,55,173,148,46,132,84,170,186,125,148,192,126,63,186,233,109,51,187,197,71,88,228,160
Best fitness found so far: 0.6259164166810799; k: 2.0
Generation: 126; 0.6259164166810799; k: 2.0; 29,32,171,125,137,177,91,36,97,45,209,28,79,125,47,75,26,135,122,118,244,27,123,173,67,68,91,209,28,125,125,148,5,112,19,244,168,6,163,19,154,210,137,28,75,123,137,19,53,184,35,51,171,123,113,145,82,171,191,225,137,207,197,216,35,23,209,166,129,59,216,172,217,215,244,209,28,186,97,90,197,86,123,142,86,162,183,212,196,161,50,110,49,137,197,213,186,86,203,142,86,51,125,247,131,249,50,58,49,137,160,213,212,50,80,147,249,123,185,187,47,184,35,137,123,5,97,55,172,148,124,196,64,28,186,125,148,30,126,63,186,80,109,249,123,195,169,86,203,142,194,170,155,116,137,184,209,227,122,3,51,107,204,22,65,79,125,119,75,242,26,170,122,74,192,173,184,69,49,204,91,250,86,172,244,215,244,209,28,58
Best fitness found so far: 0.6259164166810799; k: 2.0
Generation: 127; 0.6259164166810799; k: 2.0; 227,246,131,125,137,177,169,91,101,180,205,28,79,125,171,75,132,240,68,122,74,192,137,97,69,49,41,180,59,86,172,171,246,179,67,215,177,165,216,101,45,209,28,79,125,171,75,132,40,31,91,74,192,192,130,69,49,4,91,59,216,202,217,215,244,209,28,186,137,127,211,97,50,129,28,149,71,28,102,125,148,203,126,169,186,110,189,153,168,91,123,141,219,137,167,126,125,93,221,76,49,3,132,63,202,62,19,28,43,89,148,141,150,176,237,51,156,202,113,33,228,5
Best fitness found so far: 0.6259164166810799; k: 2.0
Generation: 128; 0.6259164166810799; k: 2.0; 94,246,131,125,217,177,121,216,133,45,209,28,79,125,171,195,212,40,170,244,220,68,136,128,69,134,125,45,87,67,35,76,247,125,135,84,28,75,147,23,8,115,185,80,109,249,123,63,187,248,124,35,66,39,34,112,59,172,137,93,35,96,40,239,205,67,57,205,171,125,6,67,19,165,125,137,248,148,123,137,11,185,184,35,197,152,123,113,67,174,171,191,139,137,207,91,56,35,23,209,39,129,125,211,10,105,201
Best fitness found so far: 0.6259164166810799; k: 2.0
Generation: 129; 0.6259164166810799; k: 2.0; 29,246,171,125,137,177,91,216,101,45,209,28,79,125,171,75,132,40,170,16,236,211,137,216,209,28,125,125,244,5,12,26,24,132,169,125,73,229,91,190,99,20,211,97,223,125,67,28,75,147,23,8,115,234,80,109,249,123,184,26,103
Best fitness found so far: 0.6259164166810799; k: 2.0
Generation: 130; 0.6259164166810799; k: 2.0; 94,246,131,125,137,177,69,216,27,45,209,28,79,15,171,75,132,40,170,178,74,99,137,128,69,134,4,225,59,86,208,153,215,197,94,52,113,86,38,69,192,125,243,26,87,100,63,249,123,120,36,248,125,148,112,186,172,102,186,125,193,77,211,141,105,177,187,47,184,123,137,19,242,184,35,166,15
Best fitness found so far: 0.6259164166810799; k: 2.0
Generation: 131; 0.6259164166810799; k: 2.0; 29,246,126,125,137,177,91,216,101,140,55,28,79,125,171,75,58,40,170,117,74,227,137,70,69,137,4,146,59,218,104,3,179,28,126,105,226,5,234,125,137,177,91,216,101,45,209,1,79,125,214,75,132,40,170,16,74,241,160,184,69,137,4,91,143,48,203,5,217,138,41,135,67,28,75,147,23,8,115,55,80,109,249,123,184,26,103
Best fitness found so far: 0.6259164166810799; k: 2.0
Generation: 132; 0.6259164166810799; k: 2.0; 45,246,131,125,165,177,169,216,101,45,209,28,79,125,107,75,132,40,37,122,74,192,137,184,69,49,20,180,59,86,172,171,123,207,67,174,171,191,81,31,67,91,115,81,148,209,39,129,35,67,171,123,188,165,50,211,138,149,209,150,186,105,90,197,133,203,142,86,51,25,23,131,14,109,23,216,107,28,125,125,148,5,247,122,178,71,35,102,31,149,59,87,1,211,56,200,212,18,217,153,172,125,171,75,26,135,122,118,183,171
Best fitness found so far: 0.6259164166810799; k: 2.0
Generation: 133; 0.6259164166810799; k: 2.0; 8,246,131,125,137,177,169,216,101,45,209,28,79,125,171,75,132,40,170,122,74,192,137,184,69,49,4,180,59,86,172,247,123,179,67,174,171,191,125,137,67,91,115,81,5,209,39,129,35,67,171,123,67,9,50,211,153,139,137,85,46,172,73,186,125,139,30,126,198,197,80,109,134,123,185,140,248,125,115,46,186,213,28,186,125,22,220,211,141,164,201,177,47,161,35,137,81,123,59,101,172,148,103,46,172,154,186,125,146,30,126,88,186,80,109,249,188,84,108,182,10,239
Best fitness found so far: 0.6259164166810799; k: 2.0
Generation: 134; 0.6259164166810799; k: 2.0; 94,246,131,125,137,177,69,216,3,45,209,28,79,125,171,75,132,40,170,178,74,68,137,128,69,134,4,225,59,86,208,153,215,197,179,52,113,235,125,137,248,148,123,137,19,185,184,35,234,152,123,113,67,174,171,191,139,137,207,91,56,35,88,209,39,129,125,211,10,105,201
Best fitness found so far: 0.6259164166810799; k: 2.0
Generation: 135; 0.6259164166810799; k: 2.0; 45,246,131,125,137,177,91,216,101,45,209,28,79,125,171,75,132,40,170,244,74,125,137,184,69,137,15,91,59,84,172,217,215,244,170,16,74,125,137,248,69,137,137,233,141,86,172,139,215,148,11,28,181,105,150,197,86,203,142,197,216,35,23,209,82,129,109,23,3,113,201
Best fitness found so far: 0.6259164166810799; k: 2.0
Generation: 136; 0.6259164166810799; k: 2.0; 29,246,171,125,137,177,91,216,101,45,209,28,79,125,171,75,132,40,170,16,69,201,137,184,155,21,56,88,197,28,100,117,90,197,132,203,133,92,232,33,59,131,9,91,59,161,172,153,215,244,96,28,186,34,90,197,18,203,142,86,222,214,109,249,123,195,169,41,203,142,194,138,155,116,137,184,16,8,122,3,51,107,7,22,28,79,190,119,75,242,40,170,122,74,192,173,184,69,49,129,91,59,86,172,217,215,105,209,28,58
Best fitness found so far: 0.6259164166810799; k: 2.0
Generation: 137; 0.6259164166810799; k: 2.0; 29,218,171,215,137,177,91,216,75,45,209,28,79,125,171,75,132,40,99,16,122,125,137,120,37,46,172,28,44,52,171,19,77,71,117,102,221,234,35
Best fitness found so far: 0.6259164166810799; k: 2.0
Generation: 138; 0.6259164166810799; k: 2.0; 94,246,131,125,109,177,201,216,27,45,209,28,79,125,171,195,212,40,170,244,160,68,136,128,69,134,125,45,112,67,90,50,239,125,135,67,34,75,147,23,8,115,38,80,109,249,123,63,116,248,124,35,66,39,34,112,59,172,148,46,46,18,28,56,125,148,30,37,24,186,110,125,153,113,91,158,133,219,59,28,182,125,93,54,228,205,60,129,97,23,209,217,186,105,90,80,51,166,18,131,118,74
Best fitness found so far: 0.6259164166810799; k: 2.0
Generation: 139; 0.6259164166810799; k: 2.0; 94,246,131,125,137,67,69,216,75,45,71,28,79,125,171,75,132,40,170,244,64,223,137,184,69,174,4,8,125,28,46,79,210,183,171,123,167,67,103,182,153,101,23,209,28,209,145,129,35,67,171,246,67,67,50,211,32,171,209,28,210,63,90,197,169,203,88,86,51,25,212,2,217,50,155,231,137,184,184,73,103
Best fitness found so far: 0.6259164166810799; k: 2.0
Generation: 140; 0.6259164166810799; k: 2.0; 45,246,131,125,137,177,169,216,101,45,135,28,5,125,171,75,132,240,13,122,74,192,250,184,69,49,29,211,59,86,172,51,161,55,67,111,171,191,125,137,67,91,63,81,5,209,39,129,35,131,152,123,67,67,50,211,97,171,209,209,8,186,78,90,197,13,203,142,86,76,134,212,131,60,50,155,49,156,160,48,186,50,80,147,249,123,185,222,47,184,35,164,249,5,131,161,75,155,231,137,184,213,115,50,107,171,123,243,67,155,211,97,23,28,28,68,105,123,23
Best fitness found so far: 0.6259164166810799; k: 2.0
Generation: 141; 0.6259164166810799; k: 2.0; 45,246,131,125,137,177,169,216,101,45,209,28,79,125,171,75,132,240,68,122,74,192,137,184,69,238,4,180,59,86,14,171,123,179,67,111,171,191,125,137,67,212,63,81,5,187,39,129,35,179,171,202,71,84,193,74,93,137,40,131,161,27,96,231,137,184,213,102,50,88,184,69,49,110,180,59,86,107,171,123,130,67,195,171,62,125,137,238,91,63,81,171,7,116,137,207,197,216,35,23,209,82,129,109,126,3,113,201
Best fitness found so far: 0.6259164166810799; k: 2.0
Generation: 142; 0.6259164166810799; k: 2.0; 94,246,131,125,137,217,69,46,75,45,209,28,79,125,171,75,132,40,170,244,74,223,137,184,69,36,4,8,191,92,143,109,159,216,152,28,125,125,20,5,118,126,24,26,185,82,137,229,91,215,232,20,211,192,137,184,36,49,175,180,59,86,172,171,197,76,150,128,113,225,91,216,133,5,19,158,90,89,146,38,14,176,28,51,187,197,71,88,228,160
Best fitness found so far: 0.6259164166810799; k: 2.0
Generation: 143; 0.6259164166810799; k: 2.0; 29,246,171,125,137,177,91,216,101,45,209,28,79,125,171,75,132,40,170,16,74,201,137,45,155,146,56,88,197,28,100,185,90,197,132,203,133,92,232,134,59,131,9,91,59,172,172,153,215,244,96,28,186,34,90,197,18,203,142,86,113,134,212,198,209,50,155,231,195,184,213,186,50,107,171,205,248,67,155,178,92,186,234,31,175,223,123,137,77,137,184,35,72,108,128,113,225,32,216,101,62,88,209,168,61,105,90,197,132,203,133,86,29,134,205,131,217,9,123,231,113,46,35,166,171,125,145,67,134,75,232,23,128,13,137,80,243,249,71,81,27,67,86,106,181,25,199,51,109,147,171,167,176,66,156,188,31,141,5,129,195,29,96,167,111,155
Best fitness found so far: 0.6259164166810799; k: 2.0
Generation: 144; 0.6259164166810799; k: 2.0; 45,246,131,125,137,177,91,216,101,45,209,28,79,125,171,75,132,40,170,233,74,197,125,153,113,91,158,133,219,137,28,182,125,93,54,228,53,196,186,63,202,65,243,9,137,93,35,96,40,239,205,7,58,205,171,125,6,67,19,235,125,137,248,148,123,137,19,185,83,35,197,152,123,113,67,174,171,191,139,137,207,91,56,35,23,209,39,129,72,211,10,105,201
Best fitness found so far: 0.6259164166810799; k: 2.0
Generation: 145; 0.6259164166810799; k: 2.0; 132,246,171,125,137,177,91,216,39,45,209,28,79,125,171,75,132,40,170,16,74,37,137,216,174,28,125,125,187,5,12,126,24,132,169,32,18,229,91,216,101,20,211,28,223,125,9,9,186,42,39,24,11,137,109,53,216,209,28,125,125,148,221,112,19,164,80,141,102,243,123,137,218,155,211,97,231,209,217,186,178,90,86,51,203,18,131,25,74
Best fitness found so far: 0.6259164166810799; k: 2.0
Generation: 146; 0.6259164166810799; k: 2.0; 29,246,171,125,137,177,91,216,101,45,209,28,79,125,171,75,132,40,170,16,74,125,137,244,69,137,4,91,59,86,172,217,90,148,209,28,186,105,90,197,86,203,142,86,51,134,212,131,137,184,35,72,108,128,113,225,32,129,101,16,137,51,200,92,18,217,153
Best fitness found so far: 0.6259164166810799; k: 2.0
Generation: 147; 0.6259164166810799; k: 2.0; 94,246,131,125,137,177,69,216,233,45,209,28,79,125,171,75,132,40,170,231,74,68,137,128,69,134,4,225,59,86,208,153,215,197,94,52,113,86,38,26,40,125,243,26,87,100,63,132,205,171,231,101,168,35,123,137,51,200,212,18,217,153,172,125,171,143,26,135,122,118,183,175
Best fitness found so far: 0.6259164166810799; k: 2.0
Generation: 148; 0.6259164166810799; k: 2.0; 45,246,131,125,157,177,169,216,101,45,209,28,79,125,171,75,242,40,170,66,74,192,173,184,69,160,4,91,59,86,172,217,215,244,209,28,58,105,90,197,86,203,142,86,184,125,247,131,100,50,155,49,137,160,213,212,50,80,147,249,148,185,187,47,184,35,137,198,5,97,55,176,148,46,110,64,28,186,208,148,30,125,63,186,80,109,249,123,66,169,86,203,142,217,138,155,212,137,205,184,73,155,239,39,129,125,148,46,221,159,28,56,205,244,148,237,224,137,184,35,91,4,91,59,101,169,95,13,46,172,28,44,125,33,46,121,123,137,77,137,184,196,140,108,123,113,67,29,171,191,96,137,67,91,74,235,23,239,197,129,125,148,46,221,159,28,236,205,244,17,237,224,137,184,35,91,4,134,59,101,169,95,13,46,172,28,44
Best fitness found so far: 0.6259164166810799; k: 2.0
Generation: 149; 0.6259164166810799; k: 2.0; 45,246,131,125,137,177,169,216,101,45,209,28,79,125,171,75,132,40,170,122,74,156,178,184,241,209,28,93,125,148,5,72,27,101,62,19,28,90,125,186,15,236,210,89,186,3,212,63,158,128,108,198,191,201,137,54,53,216,38,104,125,125,148,5,112,19,137,209,28,125,125,148,5,112,19,114,71,224,102,243,123,36,218,155,211,97,23,209,217,186,105,90,238,51,30,18,131,118,74,74,156,178,184,241,209,28,93,125,148,5,72,27,101,62,19,28,90,125,186
Best fitness found so far: 0.6259164166810799; k: 2.0
Generation: 150; 0.6259164166810799; k: 2.0; 29,32,171,125,137,177,91,216,101,45,37,28,79,125,133,40,26,135,122,118,68,171,123,173,67,103,91,209,28,125,125,96,5,112,207,89,72,108,99,113,225,32,129,238,62,19,60,217,89,148,143,46,172,176,44,242,148,46,23
Best fitness found so far: 0.6259164166810799; k: 2.0
Generation: 151; 0.6259164166810799; k: 2.0; 29,246,171,125,137,177,91,216,75,45,209,28,79,125,171,75,132,40,170,16,122,205,171,231,125,201,151,34,216,23,166,209,28,125,125,148,5,247,128,227,71,35,1,26,185,5,10,137,40,91,216,101,20,81,50,223,125,9,11,186,42,39,24,11,123,34,77,137,184,179,72,108,128,34,225,32,129,101,62,19,28,217,89,148,143,236,176,28,28,159,197,71,90,228,160
Best fitness found so far: 0.6259164166810799; k: 2.0
Generation: 152; 0.6259164166810799; k: 2.0; 160,246,131,125,137,177,91,216,101,45,209,28,79,125,219,75,132,40,170,244,168,237,137,184,69,137,4,91,123,202,172,217,215,244,209,28,186,105,90,245,86,203,142,80,51,148,168,131,240,50,96,231,137,184,211,186,85,90,197,78,28,124,122,166,31,5,125,125,148,5,79,125,171,75,132,40,170,57,74,192,137,184,69,49,4,223,59,216,242,217,215,244,209,30,186,97,90,209,86,203,211,86,146,183,193,131,161,50,155,49,137,197,213,186,50,80,147,249,123,185,37,174,184,68,5,72,87,101,62,19,28,109,125,163,170,236,18,89,80,103,40,131,81,128,108,210,87,67,35,50,247,133,52,232,218,212,131,217,9,113,108,35,250,86,227,186,156,157,186,162,148,91,185,19,199,184,35,32,171,191,237,137,67,91,111,129,169,93,69,129,125,194,46,186,172,28,154,125,22,123,153,139,137,184,46,172,73,181,125,148,135,126,198,197,80,109,249,123,185,140,248,125,14,46,186,213,28,186,125,22,152,211,145,105,198,177,47,49,35,137,81,5,59,101,172,148,46,46,172,28,186,125,148,30,130,63,186,80,109,249,123,84,187,182,125,239
Best fitness found so far: 0.6259164166810799; k: 2.0
Generation: 153; 0.6259164166810799; k: 2.0; 45,30,131,56,137,177,169,216,101,45,209,28,79,125,171,75,240,40,170,57,74,192,137,184,69,49,4,113,59,216,172,217,71,219,25,30,186,209,90,80,86,203,211,86,51,183,212,12,236,50,2,49,137,69,216,27,45,209,28,79,125,171,75,132,40,170,244,74,68,189,128,69,134,4,91,59,86,172,153,215,197,94,203,231,116,159,140,219,125,119,26,205,100,63,132,205,171,231,125,201,63,138,216,93,103,209,168,112,125,86,76,186,168,17,176,175,51,159,231,171,74,151,186,125,22,77,234,141,105,201,187,47,89,35,137,4,61,59,101,172,148,46,46,172,28,186,125,104,30,126,63,108,80,109,186,123,168,187,248,125,170
Best fitness found so far: 0.6259164166810799; k: 2.0
Generation: 154; 0.6259164166810799; k: 2.0; 29,246,171,125,137,177,91,216,173,45,209,28,79,125,171,75,132,40,170,16,74,125,137,184,69,137,4,91,59,7,172,217,215,148,178,28,137,105,28,169,86,158,142,217,233,166,130,151,19,211,56,23,209,28,235,62,125,160,46,121
Best fitness found so far: 0.6259164166810799; k: 2.0
Generation: 155; 0.6259164166810799; k: 2.0; 29,246,171,125,137,177,91,216,101,45,209,28,79,125,171,75,132,40,58,207,74,125,137,184,69,137,125,242,184,69,137,137,91,59,86,172,71,215,148,11,28,181,105,90,197,86,203,142,86,51,134,212,131,34,50,155,231,137,184,184,73,103
Best fitness found so far: 0.6259164166810799; k: 2.0
Generation: 156; 0.6259164166810799; k: 2.0; 94,246,131,125,23,177,201,216,27,45,209,28,79,125,171,75,212,40,170,244,195,68,136,128,69,142,125,137,177,24,216,101,45,143,28,79,125,214,75,132,40,170,16,39,241,160,184,87,137,4,91,249,86,203,142,217,138,155,212,58,65,151,73,103
Best fitness found so far: 0.6259164166810799; k: 2.0
Generation: 157; 0.6259164166810799; k: 2.0; 29,246,171,125,137,177,91,216,101,45,209,28,79,125,171,75,132,40,170,16,74,201,219,184,27,21,97,88,197,28,100,185,90,197,132,86,95,183,212,196,24,109,110,49,137,197,213,105,247,80,147,249,123,185,187,129,168,195,26,115,5,97,55,172,148,46,117,64,170,23,125,148,30,126,63,66,233,109,249,28,185,187,248,125,148,112,186,69,102,186,125,28,186,125,148,30,126,176,69,80,109,61,57,212,76,248,125,170
Best fitness found so far: 0.6259164166810799; k: 2.0
Generation: 158; 0.6259164166810799; k: 2.0; 45,246,131,125,137,177,169,216,101,45,209,28,79,125,119,75,242,40,170,122,74,192,173,184,69,49,4,91,59,86,172,217,215,244,209,28,58,28,90,197,86,203,142,86,51,125,247,131,249,50,58,49,137,160,86,212,50,80,147,249,123,185,187,47,184,35,137,123,5,97,55,172,148,124,196,64,28,186,125,148,30,147,63,186,80,109,249,123,195,169,86,203,142,194,138,155,116,137,184,184,227,122,3,51,107,204,22,28,79,125,119,75,242,40,170,122,74,192,173,184,69,49,4,50,59,86,172,217,215,244,209,28,58
Best fitness found so far: 0.6259164166810799; k: 2.0
Generation: 159; 0.6259164166810799; k: 2.0; 160,246,131,125,137,177,91,216,101,45,209,28,79,125,219,75,132,40,231,244,90,197,86,203,142,86,51,134,212,131,161,50,155,212,137,160,213,186,50,80,147,249,97,185,187,47,184,35,137,123,5,97,55,102,148,46,117,64,28,186,147,148,30,126,63,65,80,203,249,51,185,187,248,125,148,112,186,172,212,186,125,193,77,245,141,105,177,187,47,184,123,16,19,242,184,35,166,15
Best fitness found so far: 0.6259164166810799; k: 2.0
Generation: 160; 0.6259164166810799; k: 2.0; 210,246,131,125,137,177,169,216,101,45,209,28,79,100,171,75,198,40,170,122,180,192,137,184,36,169,159,180,59,198,172,171,123,76,108,128,113,71,91,216,101,5,19,234,90,89,146,38,14,176,28,51,187,197,73,123,228,83,45,209,28,79,125,155,75,132,40,170,45,209,28,83,125,42,131,86,40,170,164,74,125,137,132,69,137,113,91,66,204,244,74,68,137,128,69,134,31,88,59,206,172,153,192,234,153
Best fitness found so far: 0.6259164166810799; k: 2.0
Generation: 161; 0.6259164166810799; k: 2.0; 45,246,131,125,165,177,169,216,101,45,209,28,79,125,171,75,132,40,194,122,74,192,137,184,189,49,4,180,164,86,172,171,123,207,67,174,171,191,81,31,67,248,115,81,200,209,39,129,84,67,171,123,188,165,50,211,138,171,209,250,186,105,90,197,86,69,142,86,51,25,212,131,14,109,23,216,107,28,59,125,148,5,247,122,178,71,224,102,122,149,59,87,177,211,56,23,197,28,192,105,241,160,184,69,137,4,91,211,86,203,142,217,138,155,212,125,65,184,73,103,56,23,197,28,192,105,241,160,184,69,137,4,91,211,86,203,142,217,138,155
Best fitness found so far: 0.6259164166810799; k: 2.0
Generation: 162; 0.6259164166810799; k: 2.0; 160,246,16,125,137,177,91,216,101,45,209,28,131,115,219,75,132,40,170,244,76,84,231,184,69,98,4,91,59,202,172,217,215,244,209,28,186,105,8,197,86,203,61,86,51,134,168,131,240,50,123,231,166,184,211,186,50,90,197,18,28,124,145,166,93,28,28,79,125,171,75,132,40,170,57,74,52,137,184,69,49,4,91,59,148,172,217,215,244,209,28,186,97,101,211,97,171,209,28,186,105,90,197,86,185,137,128,69,134,31,202,59,246,172,117,131,234,153
Best fitness found so far: 0.6259164166810799; k: 2.0
Generation: 163; 0.6259164166810799; k: 2.0; 45,246,131,56,137,177,169,216,101,45,119,28,135,125,171,75,132,40,170,95,74,192,218,184,69,49,109,91,125,201,71,200,113,189,196,168,64,223,240,115,193,186,172,157,234,175,148,248,231,86,203,142,80,51,134,168,250,240,50,155,231,210,184,211,186,50,90,197,28,192,84,122,59,95,68,79,125,148,5,247,128,227,214,191,102,192,123,5,89,155,21,158,88,237,28,100,98,233,197,51,134,159,131,161,50,155,231,137,184,213,186,193,90,197,78,28,124,122,177,202,71,84,247,136,140,49,171,176,137,28,186,105,32,23,105,28,186,94,90,186,50,191,197,52,28,124,122,177,202,71,84,193
Best fitness found so far: 0.6259164166810799; k: 2.0
Generation: 164; 0.6259164166810799; k: 2.0; 29,246,171,125,137,177,91,216,75,45,209,28,79,125,171,75,132,40,170,16,74,125,182,221,184,69,137,4,80,212,131,7,128,108,210,87,67,186,80,109,249,107,185,187,5,182,148,246,195,172,102,186,39,193,77,193,141,105,177,187,47,42,123,137,19,242,177,35,166,15
Best fitness found so far: 0.6259164166810799; k: 2.0
Generation: 165; 0.6259164166810799; k: 2.0; 45,246,131,125,137,177,91,216,101,45,209,28,231,125,219,75,132,40,170,201,74,84,137,184,69,237,4,174,184,123,125,39,142,91,63,81,5,209,39,8,28,247,50,90,101,153,203,191,86,51,165,212,131,161,75,155,231,120,184,213,186,50,107,233,123,243,178,155,211,97,23,47,125,137,229,91,216,18,20,211,28,223,125,225,174,186,41,39,24,24,123,137,77,137,184,35,72,108,128,113,225,32,129,101,112,137,51,200,92,18,76,153
Best fitness found so far: 0.6259164166810799; k: 2.0
Generation: 166; 0.6259164166810799; k: 2.0; 45,246,131,125,133,177,169,216,101,45,209,28,79,125,119,75,242,40,170,241,74,192,173,58,69,49,4,91,59,86,172,217,122,177,202,206,83,124,209
Best fitness found so far: 0.6259164166810799; k: 2.0
Generation: 167; 0.6259164166810799; k: 2.0; 45,246,131,56,137,177,169,216,101,45,209,28,79,125,171,75,132,40,156,57,13,192,137,10,148,209,220,92,105,195,169,86,203,142,217,138,155,212,137,184,184,73,103
Best fitness found so far: 0.6259164166810799; k: 2.0
Generation: 168; 0.6259164166810799; k: 2.0; 94,246,131,125,137,177,69,216,45,45,209,28,79,125,99,75,132,40,170,40,74,45,137,184,131,161,50,155,231,137,184,213,102,50,88,197,78,28,124,122,177,202,231,84,83,27,130,49,171,176,137,28,238,243,204,187,73,28,159,94,90,186,50,90,197,26,28,124,122,177,146,67,67,50,211,97,171,209,22,59,37,78,90,197,13,203,142,86,51,91,209,6,51,50,155,49,137,160,103,186,50,80,147,249,221,185,222,47,184,35,137,249,154,97,55,102,148,46,117,64,28,186,147,148,30,126,63,48,80,109,249,111,185,187,248,22,148,112,186,172,212,186,125,193,107,242,78,137,101,155,211,34,23,79,28,126,105,218,23
Best fitness found so far: 0.6259164166810799; k: 2.0
Generation: 169; 0.6259164166810799; k: 2.0; 45,246,131,56,137,177,169,76,101,45,209,28,79,125,171,75,132,40,31,91,74,192,215,184,212,49,4,91,59,216,202,217,215,10,209,215,186,247,70,211,186,50,129,28,186,71,178,102,125,148,203,71,169,186,47,189,153,168,163,123,141,219,137,167,182,125,93,221,170,49,3,132,63,202,175,209,28,79,125,78,84,132,40,170,16,74,211,137,216,128,28,125,125,244,5,12,126,24,132,169,125,137,229,91,216,101,20,86,44,223,125,9,11,186,42,39,24,11,149,109,53,216,209,28,12,125,148,221,112,19,164,80,141,102,243,123,137,218,155,211,97,231,209,217,186,105,90,11,51,203,18,136,234,74
Best fitness found so far: 0.6259164166810799; k: 2.0
Generation: 170; 0.6259164166810799; k: 2.0; 29,246,171,125,241,177,53,216,75,45,209,28,79,125,171,75,163,40,96,230,122,125,137,120,131,217,154,113,108,35,250,86,227,249,156,157,186,175,148,91,185,19,199,184,155,32,21,191,172,137,69,91,216,129,169,178,69,129,125,194,46,123,172,38,154,125,22,123,153,139,137,184,46,172,73,186,125,148,30,126,198,197,80,109,249,123,185,140,248,125,197,46,186,213,28,186,125,22,152,211,141,105,201,177,229,49,35,108,7,5,59,101,172,148,46,46,172,28,186,125,148,30,126,63,186,80,109,249,123,84,187,182,125,239
Best fitness found so far: 0.6259164166810799; k: 2.0
Generation: 171; 0.6259164166810799; k: 2.0; 45,246,131,125,137,177,169,216,101,45,209,28,79,125,171,75,132,40,194,123,74,192,137,184,69,49,4,180,59,86,172,171,123,179,67,145,171,191,81,137,67,91,115,81,148,209,39,129,35,67,171,123,188,67,88,211,97,171,209,28,186,155,90,197,86,203,142,86,51,97,212,131,137,109,23,216,107,28,125,125,148,5,247,122,178,226,35,102,158,178,204,87,155,211,56,217,138,125,212,137,184,126,73,214
Best fitness found so far: 0.6259164166810799; k: 2.0
Generation: 172; 0.6259164166810799; k: 2.0; 45,30,131,56,137,177,169,216,57,45,209,28,79,125,171,75,240,40,170,57,209,192,239,184,69,122,4,223,59,216,172,217,176,219,209,30,186,97,90,209,86,203,211,86,51,183,212,131,236,50,155,135,137,197,213,186,50,235,147,249,123,185,37,174,184,68,5,72,87,101,62,19,28,109,125,163,31,236,62,29,28,103,222,131,236,128,108,210,87,67,35,50,247,142,86,232,218,212,131,217,9,113,201,35,250,86,25,151,156,157,186,175,148,91,185,19,199,184,90,32,171,191,172,137,67,91,151,129,169,178,2,129,125,199,46,2,172,28,154,125,22,123,153,139,137,85,149,172,73,186,125,139,30,126,198,197,80,109,134,123,185,15,69,174,4,91,59,86,172,153,215,244,209,28,186,105,115,197,250,203,142,86,51,134,212,131,161,50,155,231,189,184,213,186,50,172,171,123,137,67,155,211,97,23,47,28,126,105,218,23
Best fitness found so far: 0.6259164166810799; k: 2.0
Generation: 173; 0.6259164166810799; k: 2.0; 45,246,131,125,137,177,169,216,101,45,209,28,79,125,171,75,41,40,170,148,74,192,137,184,69,49,4,180,59,86,172,171,123,179,67,174,171,191,125,137,67,91,115,81,5,209,39,129,35,67,171,123,67,67,50,211,97,171,209,28,186,105,146,234,142,203,142,86,51,25,212,131,217,169,155,231,137,30,37,24,186,110,125,109,113,14,158,133,219,31,28,182,125,93,54,228,169,196,186,10,35,65,243,9,137,93,95,96,40,239,205,67,58,205,104,125,6,67,19,235,214,137,157,128,12,137,18,185,184,35,197,152,123,113,67,246,171,191,139,137,207,172,125,171,75,222,135,122,118,183,170
Best fitness found so far: 0.6259164166810799; k: 2.0
Generation: 174; 0.6259164166810799; k: 2.0; 154,246,71,125,137,177,91,216,101,170,209,28,79,125,171,75,132,40,170,239,74,125,137,184,69,137,4,91,59,92,90,88,42,39,175,57,123,137,77,137,184,35,140,108,123,113,67,174,171,191,96,137,67,91,213,130,23,70,39,129,125,148,46,221,159,28,236,205,244,17,237,145,137,184,35,91,4,91,59,101,169,95,13,231,172,56,44,125,148,46,121,123,137,77,184,184,35,140,108,123,113,67,174,171,191,96,137,147,91,213,235,23,239,39,129,125,148,46,221,159,28,236,171,244,197,237,224,137,184,35,91,4,91,179,101,21,95,104,46,172,171,136,209,8,186,78,90,197,16,121,142,86,51,134,212,105,126,50,155,175,223,123,137,77,137,184,35,72,108,128,113,225,32,36,101,22,245,209,168,61,105,90,197,132,203,133,86,51,134,205,127,217,9,123,231,113,46,244,166,171,125,145,137,33,226,232,23,160,63,137,80,243,249,71,81,27,67,86,106,181,25,199,236,109,147,171,167,29,66,156,188,31,141,5,129,114,83,96,167,111,155
Best fitness found so far: 0.6259164166810799; k: 2.0
Generation: 175; 0.6259164166810799; k: 2.0; 2,246,131,125,137,177,53,216,101,45,209,28,79,125,171,195,62,40,145,122,74,192,173,184,69,49,4,91,59,86,172,217,6,5,247,37,19,71,229,102,76,140,137,67,105,104,197,132,203,209,136,123,82,77,132,184,35,72,108,128,89,225,32,129,101,123,137,51,200,92,18,217,153
Best fitness found so far: 0.6259164166810799; k: 2.0
Generation: 176; 0.6259164166810799; k: 2.0; 29,246,171,125,137,177,43,216,101,45,213,28,79,125,171,75,132,40,10,16,46,201,137,184,155,21,56,88,197,28,100,185,90,197,132,203,133,92,232,134,59,131,9,91,84,161,172,153,14,244,96,28,186,34,90,197,18,203,142,86,113,134,212,69,174,193,91,59,86,172,153,215,183,209,28,186,199,90,197,18,203,142,86,51,134,212,131,68,50,155,36,137,184,213,186,50,182,171,123,194,127,155,211,97,23,47,125,137,120,171,46,172,28,44,125,148,64,121
Best fitness found so far: 0.6259164166810799; k: 2.0
Generation: 177; 0.6259164166810799; k: 2.0; 94,246,131,125,217,177,201,216,27,45,127,28,79,125,171,195,212,40,170,244,232,68,136,128,69,134,121,45,87,67,63,50,247,125,135,67,28,75,147,23,8,115,185,80,109,87,123,63,187,248,110,35,66,39,34,112,59,172,148,103,46,18,28,56,125,148,30,37,24,186,110,125,153,113,91,158,133,219,84,28,182,125,93,54,228,136,196,186,63,186,65,243,9,137,93,61,96,40,239,205,67,58,205,171,125,6,23,19,235,125,240,248,148,123,137,19,185,184,35,80,152,123,113,67,174,171,191,139,137,207,91,143,35,23,209,39,129,125,79,125,171,75,132,40,170,122,74,192,137,184,69,165,4,91,59,232,172,217,215,35,209,192,19,137,126,35,123,137,20,242,184,35,7,206,235,175,101,236,155
Best fitness found so far: 0.6259164166810799; k: 2.0
Generation: 178; 0.6259164166810799; k: 2.0; 94,246,131,125,149,177,69,216,159,45,209,28,79,125,171,75,132,40,170,244,74,93,137,184,182,161,75,155,110,137,184,170,102,50,88,197,78,28,124,122,177,202,138,155,212,77,65,184,109,103
Best fitness found so far: 0.6259164166810799; k: 2.0
Generation: 179; 0.6259164166810799; k: 2.0; 94,246,131,125,137,177,69,216,75,45,209,28,79,125,99,75,132,40,170,40,92,45,137,184,131,161,50,155,231,137,184,213,102,50,88,197,78,28,124,122,177,202,71,84,83,136,130,49,171,176,137,28,150,243,32,23,73,28,186,94,221,186,50,197,197,26,28,124,122,177,146,67,67,50,211,97,171,241,22,59,37,78,90,197,13,203,142,86,51,91,212,6,161,50,155,49,137,160,213,42,50,80,147,249,221,185,222,47,184,35,137,249,192,97,55,72,148,46,170,64,28,186,147,148,30,126,217,79,125,171,75,26,135,122,118,183,171,209,220,67,103,91,209,28,125,125,148,5,112,19,137,168,35,123,137,51,200,212,18,217,153
Best fitness found so far: 0.6259164166810799; k: 2.0
Generation: 180; 0.6259164166810799; k: 2.0; 172,30,131,56,137,177,169,216,233,45,209,28,79,125,171,75,132,40,170,57,74,192,137,184,69,67,4,223,59,216,172,217,215,244,209,30,186,97,190,67,86,203,235,86,155,183,212,131,161,50,155,49,137,197,213,191,50,80,182,164,216,209,28,72,125,148,5,112,19,114,71,53,102,243,123,137,217,155,211,97,23,209,217,186,105,90,152,51,70,50,247,125,135,67,28,75,226,48,1,115,117,140,109,249,123,63,187,248,124,35,66,39,34,182,54,172,148,46,46,18,84,102,125,148,30,126,24,186,110,125,153,113,91,158,31,219,137,28,182,125,52,221,228,49,196,241,63,66,65,137,19,217,93,35,87,40,235,205,67,58,205,3,125,6,163,19,72,125,137,248,227,123,137,19,53,184,35,249,171,123,113,67,70,171,191,125,137,207,91,216,35,23,24,39,129,109,211,3,105,201
Best fitness found so far: 0.6259164166810799; k: 2.0
Generation: 181; 0.6259164166810799; k: 2.0; 45,246,131,125,137,177,169,216,101,45,209,28,79,125,171,75,132,240,170,122,83,192,137,184,69,49,110,159,59,86,72,108,99,75,225,32,226,238,249,19,60,217,89,148,143,57,176,28,51,159,197,155,90,228,160
Best fitness found so far: 0.6259164166810799; k: 2.0
Generation: 182; 0.6259164166810799; k: 2.0; 45,246,211,56,137,177,169,216,101,45,51,28,79,125,171,75,132,40,170,95,74,192,218,184,69,49,109,91,125,201,71,200,216,101,196,168,28,223,240,115,76,186,172,157,234,235,45,209,28,39,125,171,75,26,135,122,118,183,170,123,173,67,103,91,209,28,125,125,148,5,112,19,137,168,35,123,137,51,200,212,18,217,153
Best fitness found so far: 0.6259164166810799; k: 2.0
Generation: 183; 0.6259164166810799; k: 2.0; 94,246,131,125,137,177,69,216,27,45,209,28,233,125,171,75,68,40,170,244,74,68,137,128,69,134,4,225,59,86,172,153,120,197,88,203,113,86,250,140,219,125,226,246,171,125,137,177,209,216,131,172,225,20,113,233,101,45,209,167,145,125,171,75,69,40,170,233,74,197,171,19,211,56,180,204,88,124,215,125,160,161,121
Best fitness found so far: 0.6259164166810799; k: 2.0
Generation: 184; 0.6259164166810799; k: 2.0; 29,246,171,125,137,177,91,216,101,45,209,28,79,125,171,75,58,40,170,50,74,227,137,195,69,137,4,146,59,218,104,3,179,28,34,105,226,246,171,125,137,177,91,216,95,125,137,177,113,216,101,45,209,28,145,125,171,75,132,40,170,233,74,197,171,19,211,56,23,204,102,178,71,35,102,122,237,59,87,194,211,56,23,146,28,192,125,112,250,132,203,212,90,161,50,155,231,137,184,184,73,103,125,137,177,91,216,95,125,137
Best fitness found so far: 0.6259164166810799; k: 2.0
Generation: 185; 0.6259164166810799; k: 2.0; 2,246,141,125,137,242,169,216,101,45,209,28,79,125,171,75,242,40,170,122,74,32,173,184,69,49,4,91,59,86,172,217,148,5,247,37,100,72,90,197,132,172,128,92,232,134,59,131,9,91,59,86,172,7,215,244,209,219,186,105,90,101,153,203,116,86,51,134,212,131,161,75,155,231,137,184,213,186,50,107,171,123,243,67,155,211,97,23,47,28,187,105,218,23
Best fitness found so far: 0.6259164166810799; k: 2.0
Generation: 186; 0.6259164166810799; k: 2.0; 94,246,131,125,217,177,201,216,27,45,209,28,79,125,171,195,212,40,170,244,195,68,187,128,69,134,125,45,87,241,35,50,247,125,177,69,216,27,45,209,28,79,125,117,75,132,40,170,244,74,68,137,128,69,134,31,88,59,206,172,153,131,234,153
Best fitness found so far: 0.6259164166810799; k: 2.0
Generation: 187; 0.6259164166810799; k: 2.0; 29,142,171,125,137,177,91,216,75,45,209,28,79,125,171,75,132,40,170,16,202,125,137,184,69,137,4,36,212,131,7,128,108,210,87,67,186,80,109,249,107,185,187,248,125,148,246,186,172,4,186,39,193,77,193,225,105,177,187,47,42,123,137,19,210,177,88,166,15
Best fitness found so far: 0.6259164166810799; k: 2.0
Generation: 188; 0.6259164166810799; k: 2.0; 160,246,131,125,137,177,91,216,101,45,209,28,79,115,219,75,132,90,170,47,104,84,231,184,69,116,219,91,59,202,172,217,215,38,209,28,186,105,40,197,86,203,61,204,51,134,55,131,240,50,155,231,137,184,75,186,50,90,197,78,28,119,122,166,93,28,125,125,148,5,247,128,227,71,161,102,192,81,84,61,155,21,86,88,237,28,100,211,90,197,132,203,133,137,120,13,199,172,28,157,52,171,19,77,71,117,40,221,186,35
Best fitness found so far: 0.6259164166810799; k: 2.0
Generation: 189; 0.6259164166810799; k: 2.0; 94,246,131,125,137,232,69,216,27,45,209,28,79,125,171,95,132,40,170,178,74,244,209,28,13,105,90,197,29,203,142,81,51,134,248,131,60,50,155,231,137,184,213,186,50,182,171,123,137,67,155,211,97,23,47,28,74,105,218,23
Best fitness found so far: 0.6259164166810799; k: 2.0
Generation: 190; 0.6259164166810799; k: 2.0; 45,246,131,125,137,177,169,216,101,45,209,28,79,125,1,75,132,40,194,122,74,192,227,184,69,49,4,180,59,67,172,171,123,179,67,174,171,191,81,137,67,91,115,81,148,209,67,129,35,67,171,123,188,67,50,211,97,171,209,28,186,105,90,150,86,203,142,86,51,25,212,131,137,109,23,216,107,28,125,125,148,5,247,122,178,71,35,102,158,123,204,87,155,211,134,23,197,28,192,105,112,5,132,203,133,86,91,134,212,6,217,165,27,231,137,184,69,49,4,180,59,86,172,37,149,179,67,174,163,191,125,137,67,91,115,81,5,209,39,129,35,67,171,123,67,67,50,211,97,171,83,28,96,105,90,197,116,203,142,86,51,25,212,131,217,50,155,231,137,184,184,73,74
Best fitness found so far: 0.6259164166810799; k: 2.0
Generation: 191; 0.6259164166810799; k: 2.0; 43,246,131,125,137,177,169,216,101,45,209,28,79,125,171,75,132,240,59,122,74,192,137,184,171,125,137,170,244,74,125,137,213,69,137,4,91,59,1,172,217,215,244,170,16,74,125,137,184,69,137,137,91,59,86,172,217,215,148,211,28,181,217,90,197,86,203,142,86,51,72,212,131,161,50,155,231,137,184,184,73,103
Best fitness found so far: 0.6259164166810799; k: 2.0
Generation: 192; 0.6259164166810799; k: 2.0; 29,142,171,125,137,177,207,216,75,45,209,28,79,125,185,75,132,40,170,16,202,125,137,184,69,137,4,243,67,103,91,209,28,125,125,148,5,112,19,244,168,6,163,19,154,210,137,28,75,123,137,19,53,184,35,51,171,123,113,201,82,171,191,137,137,207,197,216,35,23,209,166,129,59,216,172,217,215,244,209,28,80,18,90,197,86,123,142,86,95,183,212,196,161,50,110,49,137,197,213,186,39,80,147,249,123,185,187,174,232,195,26,115,5,97,55,172,51,46,117,64,170,186,125,148,30,126,63,211,233,109,249,123,185,187,248,125,148,112,186,69,102,186,125,28,186,125,148,30,126,176,69,204,109,61,57,212,76,248,125,170
Best fitness found so far: 0.6259164166810799; k: 2.0
Generation: 193; 0.6259164166810799; k: 2.0; 94,246,131,125,137,177,69,216,27,45,209,78,79,125,171,75,132,40,170,244,74,68,137,128,69,134,41,91,59,86,172,59,215,197,94,203,141,86,159,140,219,125,119,26,205,100,63,132,205,171,231,125,201,119,200,216,93,103,209,168,112,142,86,76,186,172,157,176,175,51,79,125,16,75,132,40,170,16,74,125,137,184,69,166,4,91,59,86,172,217,215,148,209,209,71,105,195,169,132,203,142,217,138,155,212,137,184,184,73,169
Best fitness found so far: 0.6259164166810799; k: 2.0
Generation: 194; 0.6259164166810799; k: 2.0; 94,200,131,125,137,177,69,216,219,45,209,28,79,125,171,75,132,40,170,244,74,93,137,184,131,161,50,155,118,137,184,213,102,50,88,154,78,28,124,122,177,202,71,146,83,136,117,49,171,176,137,28,232,243,32,23,73,28,186,94,90,186,50,90,86,51,125,247,131,249,50,144,49,137,160,213,212,50,80,147,185,184,69,137,4,91,211,86,203,153,39,198,247,212,149,65,130,73,103
Best fitness found so far: 0.6259164166810799; k: 2.0
Generation: 195; 0.6259164166810799; k: 2.0; 111,246,171,125,137,177,215,216,101,45,209,28,79,125,171,75,132,170,122,69,192,137,53,69,49,110,220,59,86,172,171,123,130,181,174,171,49,125,137,67,154,63,81,80,191,116,137,207,197,99,35,23,209,82,129,109,23,3,113,201
Best fitness found so far: 0.6259164166810799; k: 2.0
Generation: 196; 0.6259164166810799; k: 2.0; 45,246,131,125,137,177,169,216,101,45,209,28,79,125,171,75,242,40,170,12,74,192,173,184,69,49,4,91,59,86,172,217,215,244,131,161,125,155,49,137,160,217,186,50,80,147,249,123,185,187,47,184,35,137,249,5,97,33,172,148,46,117,64,28,186,125,148,30,126,63,186,68,109,249,123,185,187,248,125,148,112,186,172,102,186,125,193,77,211,141,105,177,187,47,184,123,58,19,242,184,101,166,15
Best fitness found so far: 0.6259164166810799; k: 2.0
Generation: 197; 0.6259164166810799; k: 2.0; 45,70,131,125,137,177,169,216,101,45,209,28,79,125,171,75,132,240,170,122,74,192,137,184,69,49,110,180,59,86,172,211,123,130,67,174,171,49,176,137,67,91,147,81,171,191,116,137,155,231,76,184,213,186,50,107,24,123,137,204,155,211,159,23,79,28,126,105,198,23
Best fitness found so far: 0.6259164166810799; k: 2.0
Generation: 198; 0.6259164166810799; k: 2.0; 76,246,66,125,137,177,91,216,101,45,209,28,79,125,171,75,58,40,219,50,74,227,137,248,69,137,4,146,59,218,104,3,179,28,126,105,226,246,171,177,91,140,131,125,137,169,113,216,101,176,209,28,145,125,171,75,132,40,170,233,74,197,171,19,211,56,23,204,102,235,105,125,160,161,121
Best fitness found so far: 0.6259164166810799; k: 2.0
Generation: 199; 0.6259164166810799; k: 2.0; 29,246,171,125,137,177,91,216,101,45,209,28,79,125,171,75,132,40,59,16,74,211,137,216,209,28,125,125,244,5,72,126,24,223,169,125,137,229,91,216,101,20,211,28,141,125,9,15,217,215,148,209,28,92,105,195,169,86,203,142,217,138,155,212,137,184,137,73,103
Best fitness found so far: 0.6259164166810799; k: 2.0
Total time of execution of seed 9 : 27514271
Solution Fitness: -0.6259164166810799
Variables: random 6 chebyshev moveAverage split join moveBetween join join join
