Generation: 0; 0.021885248664967112; k: 6.0; 165,236,45,131,5,219,150,101,35,201,213,209,162,246,163,212,239
Best fitness found so far: 0.021885248664967112; k: 6.0
Generation: 1; 0.5155565575677193; k: 2.0; 102,18,195,123,233,81,155,180,238,222,66,34,144,187,1,203,248,45,170,22
Best fitness found so far: 0.5155565575677193; k: 2.0
Generation: 2; 0.47773428673118; k: 2.0; 228,154,184,194,123,24,225,17,209,11,89,47,137,115,186,205,240,167,158
Best fitness found so far: 0.5155565575677193; k: 2.0
Generation: 3; 0.442996707703356; k: 3.1; 228,154,184,194,123,24,225,200,181,68,63,82,216,96,126,183,118,209,129,207,34,74
Best fitness found so far: 0.5155565575677193; k: 2.0
Generation: 4; 0.5471491993003027; k: 2.0; 228,154,184,194,123,24,225,200,181,1,203,248,161,170,22
Best fitness found so far: 0.5471491993003027; k: 2.0
Generation: 5; 0.5155565575677193; k: 2.0; 102,18,195,123,233,81,155,180,238,222,66,221,144,187,1,203,248,45,170,22
Best fitness found so far: 0.5471491993003027; k: 2.0
Generation: 6; 0.54799579196993; k: 2.0; 228,154,184,194,123,250,225,17,209,11,89,47,42,115,186,205,240,167,158
Best fitness found so far: 0.54799579196993; k: 2.0
Generation: 7; 0.5692327470020542; k: 2.0; 19,18,195,173,233,81,155,180,59,243,34,144,187,68,248,45,35,22
Best fitness found so far: 0.5692327470020542; k: 2.0
Generation: 8; 0.5692327470020542; k: 2.0; 215,18,195,173,233,81,155,180,59,243,34,144,187,34,144,187,68,63,158,216,96,126,183,32,209,129,207,34,147
Best fitness found so far: 0.5692327470020542; k: 2.0
Generation: 9; 0.5692327470020542; k: 2.0; 19,18,195,173,233,81,155,180,59,243,34,144,206,68,29,3,65,91,54,17,209,225,17,209,11,89,47,42,42,181,194,11,79,244,249,209
Best fitness found so far: 0.5692327470020542; k: 2.0
Generation: 10; 0.5692327470020542; k: 2.0; 19,18,195,173,83,81,155,180,27,193,34,144,60,95,29,3,65,91,54,17,209,187,83,9,233,81,155,180,59,243,34,144,187,159,144,233,68,63,158,216,96,126,183,32,209,129,207,18,42,45,181,194,175,79,244,249,29
Best fitness found so far: 0.5692327470020542; k: 2.0
Generation: 11; 0.5692327470020542; k: 2.0; 19,18,195,173,233,81,155,180,59,243,34,144,206,81,29,3,65,91,54,17,209,248,17,209,11,89,189,42,42,181,194,11,79,248,45,19,18,195,173,233,81,155,180,59,243,34,144,206,68,29,3,65,131,54,90,209,210,17,209,11,89,47,42,74,181,194,11,79,244,249,209
Best fitness found so far: 0.5692327470020542; k: 2.0
Generation: 12; 0.5692327470020542; k: 2.0; 215,18,195,173,233,81,155,180,59,243,34,144,187,34,144,187,68,63,158,216,96,71,183,32,209,129,207,34,207,69,56,102,76,180,157
Best fitness found so far: 0.5692327470020542; k: 2.0
Generation: 13; 0.59029411083189; k: 2.0; 215,18,195,173,233,81,155,19,18,195,18,195,173,233,81
Best fitness found so far: 0.59029411083189; k: 2.0
Generation: 14; 0.5692327470020542; k: 2.0; 235,18,195,173,233,81,155,180,59,243,34,159,144,184,44,229,218,216,96,126,183,32,209,18,195,134,233,81,155,186,59,243,34,66,173,68,29,3,65,91,177,17,209,11,89,47,11,115,100,163,212,177,248,45,154,99,242,103,36
Best fitness found so far: 0.59029411083189; k: 2.0
Generation: 15; 0.5692327470020542; k: 2.0; 19,18,195,173,233,81,35,165,59,243,34,159,173,68,29,3,65,91,54,17,180,238,222,68,63,158,216,96,126,183,32,209,39,207,34,204,98,4,140,203,81,155,180,119,222,66,34,66,71,1,203,248,32,154,99,30,103,234,196,47,85,222,12,29,62,153,245,186,102,124,162,246,176,129,184,34,109,98,4,244,244
Best fitness found so far: 0.59029411083189; k: 2.0
Generation: 16; 0.5827173751947237; k: 2.0; 215,18,69,56,233,81,155,19,233,143,249,180,174,243,138
Best fitness found so far: 0.59029411083189; k: 2.0
Generation: 17; 0.59029411083189; k: 2.0; 215,18,195,41,233,81,155,19,18,195
Best fitness found so far: 0.59029411083189; k: 2.0
Generation: 18; 0.59029411083189; k: 2.0; 19,18,195,173,83,81,243
Best fitness found so far: 0.59029411083189; k: 2.0
Generation: 19; 0.59029411083189; k: 2.0; 192,18,195,173,233,81,35,29,128,65,91,54,17,209,73,89,47,11,115,56,205,124,162,155,180,238,222,66,34,104,187,1,203,248,16,154,85,90,103,36,196,161,85,222,20,29,145,90
Best fitness found so far: 0.59029411083189; k: 2.0
Generation: 20; 0.59029411083189; k: 2.0; 215,18,195,173,233,81,155,19,18,195,81,155,180,59,243,34,144,187,34,144,187,68,63,158,41,96,126,183,32,209,71,207,34,147
Best fitness found so far: 0.59029411083189; k: 2.0
Generation: 21; 0.59029411083189; k: 2.0; 125,18,195,173,233,81,155,19,18,195,18,154,99,90,103,36,196,145,130,224,12,29,183,40,218,186,29,9,204,179,163,212,48,248,224,117,107,137,181,209,203,248,161,169,22
Best fitness found so far: 0.59029411083189; k: 2.0
Generation: 22; 0.59029411083189; k: 2.0; 226,18,195,173,233,81,155,19,50,195,216,52,144,187,178,144,184,129,34,215,199,137,181,183,33,198,158,68,38,143,216,96,87,183,32,187,83,81,243
Best fitness found so far: 0.59029411083189; k: 2.0
Generation: 23; 0.59029411083189; k: 2.0; 41,18,195,173,233,81,155,19,50,195,216,52,144,187,178,58,184,129,34,215,199,137,181,183,33,198,158,68,91,143,216,96,87,183,32,187,83,81,32,120,129,193,34,147
Best fitness found so far: 0.59029411083189; k: 2.0
Generation: 24; 0.59029411083189; k: 2.0; 215,42,195,173,233,81,155,19,18,195,81,84,183,176,209,159,25,34,90,1,81,155,180,59,63,244,249,29
Best fitness found so far: 0.59029411083189; k: 2.0
Generation: 25; 0.59029411083189; k: 2.0; 218,18,195,164,233,21,155,19,18,195,54,17,194,11,52,159,11,115,56,205,124,18,195,203,233,81,155,19,18,195,243,52,144,187,104,59,184,129,247,24,216,66,181,201,33,110,158,84,93,158,216,69,89,183,32,187,152,1,18,83,45,59,194,226,79,33,249,29,223,229,155,154,197,246,34,144,206,210,29,3,65,91,54,96,43,155,127,238,128,66,88,218,143,68,63,76,216,172,126,17,32,108,129,226,130,85,111
Best fitness found so far: 0.59029411083189; k: 2.0
Generation: 26; 0.59029411083189; k: 2.0; 48,162,140,173,233,21,13,19,18,195,110,209,225,226,209,72,89,248,217,117,107,137,181,209,86,248,33,110,158,68,38,143,133,96,87,57,32,222,129,13,99,112,103,36,196,145,28,224,12,29,183,40,115,169,45,103,80,184,37,161,250,225,17,2,11,89,233,42,45,9,39,220,154,244,111,29
Best fitness found so far: 0.59029411083189; k: 2.0
Generation: 27; 0.59029411083189; k: 2.0; 42,18,195,173,233,81,155,19,18,195,81,155,179,59,243,34,144,187,34,103,187,37,63,158,41,46,126,18,195,173,49,81,155,19,18,195,81,233,57,155,180,87,201,33,249,174,68,135,201,33,249,158,68,91,213,204,181,52
Best fitness found so far: 0.59029411083189; k: 2.0
Generation: 28; 0.59029411083189; k: 2.0; 230,18,195,173,233,81,155,19,18,195,18,195,155,161,59,243,83,81,32,120,129,130,34,147,155,19,18,195,18,195,155,161,59,243,83,81,32,120,129,130
Best fitness found so far: 0.59029411083189; k: 2.0
Generation: 29; 0.59029411083189; k: 2.0; 88,18,195,164,233,21,155,19,62,195,61,233,81,155,180,87,222,33,249,174,68,135,201,33,249,158,68,91,52,204,181,52
Best fitness found so far: 0.59029411083189; k: 2.0
Generation: 30; 0.59029411083189; k: 2.0; 215,18,195,173,233,81,155,19,18,195
Best fitness found so far: 0.59029411083189; k: 2.0
Generation: 31; 0.59029411083189; k: 2.0; 215,18,195,173,233,81,155,19,18,195,81,93,83,176,209,86,25,34,191,1,81,155,180,59,243,34,144,187,68,248,132,195,173,233,81,155,19,24,195,18,154,99,18,103,36,196,145,130,224,12,29,183,230,249,180,174,243,149
Best fitness found so far: 0.59029411083189; k: 2.0
Generation: 32; 0.59029411083189; k: 2.0; 52,18,195,173,233,81,155,19,18,195,243,52,170,187,178,144,45,181,98,195,17,129,81,69,164,18,195,166,233,81,44,180,117,72,34,103,38,12,248,45,207,155,136,18,195,18,220,173,17,209,11,129,49,195,115,62,163,223,177,248,45,154,99,242,131,78
Best fitness found so far: 0.59029411083189; k: 2.0
Generation: 33; 0.59029411083189; k: 2.0; 215,18,195,173,233,81,155,19,18,195,81,155,84,93,158,216,96,89,183,32,187,152,207,18,51,2,59,194,64,79,244,249,29,223,229,77,216,96,191,198,32,121,163,175,18,144,184,199,42,74,181,129,11,79,244,249,105,1,187,152,207,18,51,2,59,194,179
Best fitness found so far: 0.59029411083189; k: 2.0
Generation: 34; 0.59029411083189; k: 2.0; 81,18,195,173,233,116,155,19,18,195,18,195,36,17,85,222,20,18,195,81,84,183,117,209,159,25,34,246,113,81,155,180,75,36
Best fitness found so far: 0.59029411083189; k: 2.0
Generation: 35; 0.59029411083189; k: 2.0; 215,18,95,173,49,81,155,19,18,195,81,233,81,155,106,87,201,33,249,158,68,93,62,81,155,19,18,195,18,77,249,180,174,243,138
Best fitness found so far: 0.59029411083189; k: 2.0
Generation: 36; 0.59029411083189; k: 2.0; 179,18,195,173,87,81,155,19,18,195,243,52,87,35,240,144,184,74,123,84,216,66,181,201,33,42,158,68,198,158,216,96,87,183,198,187,129,76,18,42,41,17,194,150,79,81,249,195,110,209,225,202,209,72,89,248,217,117,107,137,181,209,86,248,33,110,158,68,38,143,133,96,87,57,32,222,129,13,236,112,103,36,203,145,205,224,12,29,176,40,115,169,45,103,80,184,37,161,250,225,17,2,11,89,233,42,45,9,39,220,154,244,111,29,201,33,42,158,68,198,158,216,96,87,183,198,187
Best fitness found so far: 0.59029411083189; k: 2.0
Generation: 37; 0.59029411083189; k: 2.0; 215,18,195,173,233,81,155,19,18,195,81,98,180,40,243,34,144,187,34,144,87,182,63,195,249,180,174,243,138
Best fitness found so far: 0.59029411083189; k: 2.0
Generation: 38; 0.59029411083189; k: 2.0; 125,18,195,173,233,81,175,19,18,195,110,195,173,208,209,11,89,156,114,115,100,163,68,195,45,35,12
Best fitness found so far: 0.59029411083189; k: 2.0
Generation: 39; 0.59029411083189; k: 2.0; 226,18,195,173,233,81,155,19,18,195,216,52,144,187,178,144,184,129,34,24,199,137,181,183,33,110,158,195,38,143,216,96,87,183,137,187,129,207,18,42,45,180,59,243,34,155,17,68,195,159,233,211,26,180,215,173,233,81,126,18,195,209,233,81,155,19,18,195
Best fitness found so far: 0.59029411083189; k: 2.0
Generation: 40; 0.59029411083189; k: 2.0; 215,18,195,173,233,81,37,19,18,195,81,155,180,59,243,34,144,215,34,144,187,68,63,4,41,96,126,13,99,112,103,36,29,145,150,224,12,95,183,186,115,186,45,99,80,76,37,161,250,204,33,144,145
Best fitness found so far: 0.59029411083189; k: 2.0
Generation: 41; 0.59029411083189; k: 2.0; 192,18,195,173,233,81,35,29,128,65,91,54,33,249,174,68,135,201,33,249,158,68,91,62,204,181,52
Best fitness found so far: 0.59029411083189; k: 2.0
Generation: 42; 0.59029411083189; k: 2.0; 223,18,195,173,233,81,155,19,18,195,243,52,87,187,240,144,184,129,123,84,216,66,175,201,33,110,158,68,93,158,216,96,87,183,198,187,129,76,18,42,45,121,194,150,79,82,147
Best fitness found so far: 0.59029411083189; k: 2.0
Generation: 43; 0.59029411083189; k: 2.0; 223,18,195,173,233,81,155,19,18,195,243,52,87,187,240,144,133,44,123,84,216,66,181,201,158,68,38,161,133,96,87,57,32,222,129,153,99,112,103,36,196,145,28,224,12,29,183,40,115,169,45,103,80,184,34,161,250,225,17,2,11,89,233,42,45,9,39,220,154,244,111,29
Best fitness found so far: 0.59029411083189; k: 2.0
Generation: 44; 0.59029411083189; k: 2.0; 48,162,140,173,233,21,123,19,18,195,110,209,225,226,209,72,89,248,217,117,107,137,181,95,86,248,33,110,158,68,38,143,133,96,87,57,219,222,129,13,99,112,103,36,196,145,28,224,12,29,165,40,115,169,45,103,80,184,37,161,250,225,17,243,145
Best fitness found so far: 0.59029411083189; k: 2.0
Generation: 45; 0.59029411083189; k: 2.0; 223,18,195,173,233,81,155,19,18,195,243,52,144,187,178,144,184,129,123,24,32,187,129,207,18,171,45,180,59,243,34,101,187,68,195,140,233,211,26,180,153,173,233,81,155,180,59,243,180,144,171,223,7,40,115,186,138,124,162,246,163,212,239,248,45,154,99,90,103,36
Best fitness found so far: 0.59029411083189; k: 2.0
Generation: 46; 0.59029411083189; k: 2.0; 215,18,195,173,233,81,155,19,18,195
Best fitness found so far: 0.59029411083189; k: 2.0
Generation: 47; 0.59029411083189; k: 2.0; 215,18,195,173,233,81,155,19,18,195,46,217,173,17,209,11,89,156,11,115,100,163,146,248,248,45,154,99,242,17,209,11,89,181,245,124,140,68,63,158,216,96,126,183,44,209,129,207,34,147
Best fitness found so far: 0.59029411083189; k: 2.0
Generation: 48; 0.59029411083189; k: 2.0; 81,18,195,173,155,81,155,19,18,195
Best fitness found so far: 0.59029411083189; k: 2.0
Generation: 49; 0.59029411083189; k: 2.0; 240,18,195,173,233,81,155,19,18,195,88,126,144,197,178,144,45,181,98,195,144,129,81,69,148,18,195,166,233,81,44,37,117,72,81,107,19,18,195
Best fitness found so far: 0.59029411083189; k: 2.0
Generation: 50; 0.59029411083189; k: 2.0; 226,18,195,173,233,81,155,19,50,195,216,52,162,187,178,1,249,129,125,215,199,137,181,183,33,198,158,68,38,143,81,155,19,18,195,243,52,144,187,14,144,184,129,247,24,216,66,181,201,33,110,158,84,93,158,216,96,89,183,32,187,152,207,18,51,45,59,194,129,79,244,249,29,223,229,122,216,96,191,183,32,121,129,175,18,42,45,59,194,179,79,244,173,242,62,40,115,186,138,124,162,104,163,212,239,248,45,154,99,90,24,36
Best fitness found so far: 0.59029411083189; k: 2.0
Generation: 51; 0.59029411083189; k: 2.0; 52,18,195,173,233,81,155,19,18,195,88,52,144,49,81,155,19,18,195,81,233,81,155,180,176,72,33,249,173,184,81,27,19,66,195
Best fitness found so far: 0.59029411083189; k: 2.0
Generation: 52; 0.59029411083189; k: 2.0; 215,18,195,173,145,81,155,19,18,195,81,155,183,176,232,162,108,129,13,99,112,103,36,196,145,28,224,12,29,183,40,115,69,45,103,80,184,37,161,250,225,41,233,81,155,19,18,195
Best fitness found so far: 0.59029411083189; k: 2.0
Generation: 53; 0.59029411083189; k: 2.0; 231,18,195,203,233,81,155,19,18,195,243,160,144,187,104,144,184,118,247,24,216,66,181,201,33,110,158,84,93,158,216,98,9,183,32,187,152,207,18,83,45,59,194,226,79,244,249,29,223,229,155,154,197,246,34,144,206,210,29,3,65,91,89,183,32,187,152,207,18,51,45,59,194,64,188,244,249,29,223,229,122,216,96,191,183,32,121,129,175,18,42,45,59,194,175,79,244,173,242,62,40,115,186,138,124,162,246,163,212,239,248,126,242,99,90,103,36
Best fitness found so far: 0.59029411083189; k: 2.0
Generation: 54; 0.59029411083189; k: 2.0; 6,18,195,173,233,81,155,19,18,195,87,40,175,73,233,81,61,19,18,165,81,155,180,59,243,34,144,98,34,144,187,68,63,158,132,76,50,183,32,209,233,21,19,19,18,195,110,195,173,208,240,147
Best fitness found so far: 0.59029411083189; k: 2.0
Generation: 55; 0.59029411083189; k: 2.0; 215,18,195,173,233,81,155,64,18,195,18,195,150,17,209,11,129,156,122,115,100,163,112,194,64,79,244,24,90,76,229,77,216,87,191,183,32,121,129,175,18,144,18,72,164,233,21,155,19,18,195,84,39,52
Best fitness found so far: 0.59029411083189; k: 2.0
Generation: 56; 0.59029411083189; k: 2.0; 215,18,195,173,117,81,155,14,100,195,81,73,180,59,142,34,144,187,34,144,187,68,63,158,41,96,126,183,32,209,71,5,143,216,96,87,183,32,187,129,207,18,223,149,216,59,243,34,155,18,195,173,233,245,155,180,59,243,27,144,187,68,170,45,35,22
Best fitness found so far: 0.59029411083189; k: 2.0
Generation: 57; 0.59029411083189; k: 2.0; 125,132,195,173,233,81,155,19,18,195,183,166,132
Best fitness found so far: 0.59029411083189; k: 2.0
Generation: 58; 0.59029411083189; k: 2.0; 215,18,195,173,233,81,155,19,18,195,18,195,173,17,209,11,89,156,11,115,100,163,233,81,155,180,182,222
Best fitness found so far: 0.59029411083189; k: 2.0
Generation: 59; 0.59029411083189; k: 2.0; 215,42,195,197,211,81,155,19,18,195,81,84,183,176,209,79,25,34,133,42,81,155,180,59,63,244,34,144,187,34,127,6,68,63,158,41,96,15,81,155,180,59,104,34,202,97,34,144,187,68,250,158,41,96,126,183,32,209,71,207,34,166,33,110,158,110
Best fitness found so far: 0.59029411083189; k: 2.0
Generation: 60; 0.59029411083189; k: 2.0; 52,18,195,173,233,81,155,19,18,195,243,52,170,187,178,144,45,181,71,195,17,129,81,69,148,18,195,166,233,81,44,180,117,72,34,103,38,12,248,45,207,75,239
Best fitness found so far: 0.59029411083189; k: 2.0
Generation: 61; 0.59029411083189; k: 2.0; 48,18,140,173,233,21,155,19,18,195,110,209,225,17,209,11,89,111,18,124,140,233,183,46,209,71,207,34,216
Best fitness found so far: 0.59029411083189; k: 2.0
Generation: 62; 0.59029411083189; k: 2.0; 223,18,195,179,233,81,155,19,18,195,243,52,87,187,240,144,184,129,123,24,216,66,181,201,73,110,158,68,93,158,216,96,87,183,198,187,129,76,181,201,33,110,158,68,184,164,216,96,87,183,198,187,129,76,97,42,107,59,194,247,30,144,187,183,214,76
Best fitness found so far: 0.59029411083189; k: 2.0
Generation: 63; 0.59029411083189; k: 2.0; 215,18,195,173,233,81,155,19,18,195,18,222,173,17,209,11,7,156,11,115,100,163,223,248,248,45,81,99,169,201,17,209,248,79,209,11,89,189,62,93,181,194,163,79,232,173,19,18,195,173,233,81,155,180,59,243,34,144,206,68,29,3,214,184,164,90,209,96,126,183,176,209,129,15,34,126
Best fitness found so far: 0.59029411083189; k: 2.0
Generation: 64; 0.59029411083189; k: 2.0; 192,18,195,173,233,81,35,29,128,65,91,54,17,209,73,89,47,201,44,56,205,124,162,195,173,233,81,248,71,154,99,242,103,36
Best fitness found so far: 0.59029411083189; k: 2.0
Generation: 65; 0.59029411083189; k: 2.0; 215,18,195,173,233,81,155,19,18,195,18,222,173,17,209,11,89,156,11,115,100,163,223,96,191,183,122,82,129,175,141,89,45,59,126,175,218,244,249,208,18,195,18,222,173,17,209,11,89,156,11,115,100,163,223,96,191,183,122,82,129,175,141,89,45,59,126,175,218
Best fitness found so far: 0.59029411083189; k: 2.0
Generation: 66; 0.59029411083189; k: 2.0; 243,18,195,203,233,81,69,19,18,195,243,52,117,187,21,107,184,129,247,249,216,66,181,201,33,241,70,226,91,58,11,115,44,163,122,53,248,80,154,222,242,162,36
Best fitness found so far: 0.59029411083189; k: 2.0
Generation: 67; 0.59029411083189; k: 2.0; 52,18,195,173,233,26,155,19,18,195,88,161,144,16,178,144,45,181,98,195,144,129,81,106,148,18,195,166,233,81,44,37,117,72,174,103,187,12,27,45,81,243,34,144,145
Best fitness found so far: 0.59029411083189; k: 2.0
Generation: 68; 0.59029411083189; k: 2.0; 215,18,195,173,233,81,155,19,18,195,81,93,128,58,18,195
Best fitness found so far: 0.59029411083189; k: 2.0
Generation: 69; 0.59029411083189; k: 2.0; 192,18,195,173,233,81,35,29,128,65,54,54,17,209,73,89,47,11,44,56,205,15,162,195,173,233,41,155,180,59,243,226,144,173,29,62,40,115,186,138,124,148,246,163,34,144,6,68,63,158,41,163,15,232,32,35,71,207,34,147,89,47,11,44,56,205,15,162
Best fitness found so far: 0.59029411083189; k: 2.0
Generation: 70; 0.59029411083189; k: 2.0; 88,18,195,164,233,21,155,19,18,195,137,195,71,208,34,144,59,194,64,38,244,249,29,223,229,77,216,96,191,183,32,202,129,175,18,144,184,199,42,74,181,129,11,79,244,249,209,32,187,152,207,18,51,2,59,194,64
Best fitness found so far: 0.59029411083189; k: 2.0
Generation: 71; 0.59029411083189; k: 2.0; 223,18,195,173,233,81,155,19,18,195,216,52,144,187,178,210,184,87,177,24,199,137,181,201,33,110,158,68,17,143,216,96,87,183,32,187,129,216,18,223,232,180,59,243,34,155,18,195,173,233,245,155,173,59,244,249,29
Best fitness found so far: 0.59029411083189; k: 2.0
Generation: 72; 0.59029411083189; k: 2.0; 81,18,195,173,233,81,111,19,68,195,18,195,173,17,209,11,89,156,11,115,100,248,72,177,248,45,154,18,195,41,211,94,155,54,203,19,18,195,88,52,144,193,178,144,204,181,98,57,144,129,81,69,148,18,18,195,164,233,21,155,19,18,195,110,195,11,208,144,147
Best fitness found so far: 0.59029411083189; k: 2.0
Generation: 73; 0.59029411083189; k: 2.0; 52,18,195,173,233,81,155,19,18,195,88,52,144,49,81,155,19,248,248,45,154,99,128,17,209,11,89,181,245,124,127,68,63,17,216,96,126,183,44,209,129,207,34,147
Best fitness found so far: 0.59029411083189; k: 2.0
Generation: 74; 0.59029411083189; k: 2.0; 215,18,195,173,233,81,155,19,18,195,195,173,233,81,155,64,18,195,102,195,173,17,209,11,129,91,122,115,100,81,155,19,18,207,18,195,173,233,81
Best fitness found so far: 0.59029411083189; k: 2.0
Generation: 75; 0.59029411083189; k: 2.0; 218,18,195,164,233,21,155,19,18,195,54,17,194,11,52,159,209,115,56,205,124,18,172,203,233,81,155,19,18,195,243,52,144,187,104,59,184,129,247,24,216,66,181,16,33,110,158,84,97,158,216,69,89,183,32,187,152,1,18,83,45,59,194,226,79,33,249,223,223,229,155,154,197,246,34,119,206,226,68,36,3,65,121,54,17,209,225,143,209,11,134,110,18,80,140,233,81,155,180,182,222
Best fitness found so far: 0.59029411083189; k: 2.0
Generation: 76; 0.59029411083189; k: 2.0; 215,18,195,173,233,81,155,19,18,195,81,155,180,59,243,34,226,187,34,157,187,37,63,76,41,96,126,183,115,209,71,207,201,17,209,248,79,209,198,163,189,62,93,181,194,163,79,21,155,19,18,195,130,207,173,4,95,147
Best fitness found so far: 0.59029411083189; k: 2.0
Generation: 77; 0.59029411083189; k: 2.0; 244,18,195,173,233,81,155,19,18,195,243,52,144,187,178,144,45,181,158,68,38,143,216,96,87,31,32,187,83,81,243,81,155,19,18,195,243,52,144,187,178,144,45,181,158,68,38,143,216
Best fitness found so far: 0.59029411083189; k: 2.0
Generation: 78; 0.59029411083189; k: 2.0; 215,18,195,173,233,81,155,19,18,195,181,183,118,198,158,68,38,143,216,96,87,140,250,187,217,81,243
Best fitness found so far: 0.59029411083189; k: 2.0
Generation: 79; 0.59029411083189; k: 2.0; 88,18,195,164,233,21,155,19,18,195,29,145,187
Best fitness found so far: 0.59029411083189; k: 2.0
Generation: 80; 0.59029411083189; k: 2.0; 223,18,195,173,87,81,155,19,18,195,243,52,87,187,240,144,184,129,123,84,216,66,181,201,34,84,158,68,93,167,216,227,87,183,200,187,129,76,18,42,45,141,194,150,79,81,249,141,68,229,122,216,96,191,109,52,144,187,122,46,184,197,247,249,216,66,181,201,33,241,158,226,36,202,17,209,225,17,209,11,89,181,245,124,140,68,63,158,181,201,33,38,34,144,145,233,81,155,19,18,195,243,237,144
Best fitness found so far: 0.59029411083189; k: 2.0
Generation: 81; 0.59029411083189; k: 2.0; 215,18,195,173,233,81,155,19,18,195,18,145,173,17,209,11,234,156,11,115,100,45,180,59,243,34,155,18,195,173,233,245,155,180,59,243,27,144,187,157,170,45,35,22
Best fitness found so far: 0.59029411083189; k: 2.0
Generation: 82; 0.59029411083189; k: 2.0; 48,162,140,173,233,21,33,19,232,195
Best fitness found so far: 0.59029411083189; k: 2.0
Generation: 83; 0.59029411083189; k: 2.0; 215,18,195,173,49,81,155,19,18,195,81,233,81,155,180,87,201,33,249,174,68,33,201,204,195,173,232,81,155,19,18,195,243,52,144,187,178,144,96,129,123,24,216,66,181,201,33,110,17,144,145,233,81,155,19,18,195,243,52,144
Best fitness found so far: 0.59029411083189; k: 2.0
Generation: 84; 0.59029411083189; k: 2.0; 215,18,195,173,233,81,155,19,18,195,18,195,184,124,180,145,240,75
Best fitness found so far: 0.59029411083189; k: 2.0
Generation: 85; 0.59029411083189; k: 2.0; 223,18,195,173,233,81,155,19,18,195,243,52,87,129,196,144,184,129,31,19,18,195,81,155,243,59,243,10,173,233,81,155,167,18,195
Best fitness found so far: 0.59029411083189; k: 2.0
Generation: 86; 0.59029411083189; k: 2.0; 215,18,125,173,165,81,155,64,18,215,46,195,173,17,209,11,129,156,122,175,187,129,207,18,223,45,180,76,243,34,163,18,195,173,233,245,155,180,59,243,27,144,187,68,170,45,35,22
Best fitness found so far: 0.59029411083189; k: 2.0
Generation: 87; 0.59029411083189; k: 2.0; 223,18,195,203,233,81,155,19,18,195,243,30,144,187,183,164,233,21,155,19,91,195,110,195,11,208,68,198
Best fitness found so far: 0.59029411083189; k: 2.0
Generation: 88; 0.59029411083189; k: 2.0; 223,18,195,173,233,81,155,19,18,195,243,51,144,187,178,197,184,129,34,215,15,147,181,183,33,198,158,68,38,143,216,96,87,102,32,187,83,81,243
Best fitness found so far: 0.59029411083189; k: 2.0
Generation: 89; 0.59029411083189; k: 2.0; 201,18,195,173,233,81,155,19,18,195,18,195,155,180,59,243,34,144,158,68,248,45,42,45,181,194,11,34,18,195,173,233,81,155,13,18,195,88,52,144,49,81,155,19,18,195,81,233,81,155,180,87,201,33,249,158,68,93,62,84,203,52
Best fitness found so far: 0.59029411083189; k: 2.0
Generation: 90; 0.59029411083189; k: 2.0; 215,42,195,173,233,56,155,19,18,195,99,84,183,176,209,79,25,34,133,1,182,155,180,54,63,244,34,144,187,34,144,6,68,63,18,41,87,194,76,73,244,249,29
Best fitness found so far: 0.59029411083189; k: 2.0
Generation: 91; 0.59029411083189; k: 2.0; 223,186,195,173,87,81,155,19,18,195,243,52,87,187,240,144,192,129,123,84,216,66,181,201,33,84,158,157,72,158,193,96,87,183,198,187,129,76,18,42,45,17,194,150,79,179,249,29,68,229,102,216,96,191,109,52,144,187,21,46,184,129,247,249,216,66,181,201,33,241,158,226,91,192,173,233,81,155,19,18,195,81,155,180,77,243,34,144,121,34,144,187,68,63,158,128,76,126,183,32,209,233,21,155,19,18,195,110,195,173,63,240,147,195,173,87,81,155,19,18,195,243,52,87,187,240,144,192,129,123,84,216,66,181,201,33,84,158,157,72,158,193,96,87,183,198,187,129,76,18,42,45,17,194,150,79,179,249,29,68,229,102,216,96,191,109,52,144,187,21,46,184,129
Best fitness found so far: 0.59029411083189; k: 2.0
Generation: 92; 0.59029411083189; k: 2.0; 48,162,140,173,229,21,13,19,18,195,110,209,225,226,209,72,89,248,217,117,107,137,233,81,155,19,18,195,18,195,173,17,154,11,89,156,11,115,100,165,223,90,248,45,235,99,242,103,36
Best fitness found so far: 0.59029411083189; k: 2.0
Generation: 93; 0.59029411083189; k: 2.0; 125,132,195,17,233,81,155,19,18,195
Best fitness found so far: 0.59029411083189; k: 2.0
Generation: 94; 0.59029411083189; k: 2.0; 144,18,195,203,233,81,69,19,18,195,243,30,144,187,183,166,132
Best fitness found so far: 0.59029411083189; k: 2.0
Generation: 95; 0.59029411083189; k: 2.0; 215,18,195,173,233,81,155,14,18,195,81,155,180,59,142,34,144,187,34,144,187,68,63,158,29,96,126,183,195
Best fitness found so far: 0.59029411083189; k: 2.0
Generation: 96; 0.59029411083189; k: 2.0; 125,18,195,173,233,81,155,19,18,195,18,154,99,90,103,180,196,249,130,224,12,81,183,40,218,186,29,9,204,129,27,19,66,195
Best fitness found so far: 0.59029411083189; k: 2.0
Generation: 97; 0.59029411083189; k: 2.0; 215,18,195,173,233,81,155,19,18,195,81,155,180,59,243,34,144,187,34,11,89,111,18,174,140,233,81,155,6,182,220
Best fitness found so far: 0.59029411083189; k: 2.0
Generation: 98; 0.59029411083189; k: 2.0; 125,18,195,173,233,81,155,19,18,195,18,154,99,90,103,180,196,249,130,224,12,81,183,40,218,186,29,9,51,136,163,212,48,248,224,117,107,137,185,209,203,248,18,42,195,173,233,81,155,91,18,195,81,84,183,176,209,79,25,34,133,1,81,155,180,59,151,244,34,90,187,34,144,6,68,63,158,41,96,15,5,32,209,71,207,34,147
Best fitness found so far: 0.59029411083189; k: 2.0
Generation: 99; 0.59029411083189; k: 2.0; 223,18,195,203,233,81,155,19,18,230
Best fitness found so far: 0.59029411083189; k: 2.0
Generation: 100; 0.59029411083189; k: 2.0; 215,18,195,173,233,81,155,64,18,195,18,195,173,17,81,18,195,173,233,81,155,19,18,195,18,195,173,239,85,222,20,29,145,90,195,173,17,81,18,195,173,233,81,155,19,18,195,18,195,173
Best fitness found so far: 0.59029411083189; k: 2.0
Generation: 101; 0.59029411083189; k: 2.0; 52,18,195,50,233,81,155,19,18,195,88,52,144,49,81,155,19,18,195,173,233,14,155,19,18,195,243,52,170,59,178,144,126,181,98,195,17,129,209,69,148,18,195,166,233,81,44,180,117,72,34,103,38,163,248,45,207,34,147
Best fitness found so far: 0.59029411083189; k: 2.0
Generation: 102; 0.59029411083189; k: 2.0; 52,18,195,173,233,81,71,19,18,195,88,52,144,49,144,187,100,170,45,35,22
Best fitness found so far: 0.59029411083189; k: 2.0
Generation: 103; 0.59029411083189; k: 2.0; 52,18,195,173,233,81,155,19,18,195,88,52,144,193,178,144,45,181,98,195,19,18,195,173,83,81,243
Best fitness found so far: 0.59029411083189; k: 2.0
Generation: 104; 0.59029411083189; k: 2.0; 215,18,195,173,233,81,155,19,18,195,81,155,180,59,243,34,144,187,34,103,187,37,63,158,41,96,126,183,115,209,71,207,201,17,209,248,79,209,11,89,189,62,93,181,194,163,79,248,173,19,18,195,173,233,81,163,180,160,243,115,186,45,99,80,184,37,161,250,225,17,144,142
Best fitness found so far: 0.59029411083189; k: 2.0
Generation: 105; 0.59029411083189; k: 2.0; 213,18,195,203,233,81,155,19,18,195,243,52,144,187,104,144,184,129,87,24,216,66,229,201,160,110,81,155,180,59,63,244,249,29
Best fitness found so far: 0.59029411083189; k: 2.0
Generation: 106; 0.59029411083189; k: 2.0; 215,18,195,173,233,81,155,19,18,195,17,195,155,115,59,243,34,144,187,68,246,153,173,233,215,155,180,59,243,180,144,173,29,7,40,115,186,138,124,162,246,163,212,239,248,45,213,197,150,103,36
Best fitness found so far: 0.59029411083189; k: 2.0
Generation: 107; 0.59029411083189; k: 2.0; 144,18,195,203,233,81,69,19,106,195
Best fitness found so far: 0.59029411083189; k: 2.0
Generation: 108; 0.59029411083189; k: 2.0; 223,18,195,218,233,81,155,19,18,230,243,52,144,187,14,144,184,129,32,89,216,66,181,201,33,241,158,216,133,122,216,96,89,183,32,187,154,207,18,51,2,149,1,233,115,155,19,18,195,110,195,173,34,240,147
Best fitness found so far: 0.59029411083189; k: 2.0
Generation: 109; 0.59029411083189; k: 2.0; 230,18,195,173,233,81,155,19,18,195,21,195,155,46,59,243,34,78,158,68,12,45,42,45,181,194,11,235,244,249,29,81,155,19,18,195,21,195,155,46,59
Best fitness found so far: 0.59029411083189; k: 2.0
Generation: 110; 0.59029411083189; k: 2.0; 215,42,195,173,233,81,169,19,18,195,81,84,183,166,132
Best fitness found so far: 0.59029411083189; k: 2.0
Generation: 111; 0.59029411083189; k: 2.0; 19,154,195,173,77,81,243,34,180,145
Best fitness found so far: 0.59029411083189; k: 2.0
Generation: 112; 0.59029411083189; k: 2.0; 52,18,195,173,233,81,155,19,18,195,243,180,59,142,34,144,187,148,144,187,68,15,158,41,96,126,90,32,209,71,207,34,201,33,110,215,17
Best fitness found so far: 0.59029411083189; k: 2.0
Generation: 113; 0.59029411083189; k: 2.0; 125,18,195,173,233,81,155,19,18,195
Best fitness found so far: 0.59029411083189; k: 2.0
Generation: 114; 0.59029411083189; k: 2.0; 223,18,195,173,87,81,155,19,202,195,159,52,87,187,240,144,184,129,123,84,216,66,181,147,33,238,158,68,93,158,216,96,87,66,198,187,129,76,18,42,45,17,194,150,79,81,249,29,68,229,122,216,96,191,88,52,144,187,21,46,184,129,247,249,216,66,181,201,33,241,158,226,91,202,17,209,223,17,209,11,59,243,34,144,187,34,144,187,68,63,158,41,96,126,183,32,209,71,207,34,147,173,87,81,155,19,202,195,159,52,87,187,240,144,184,129,123,84,216,66,181,147,33,238,158,68,93,158,216,96,87,66,198,187,129,76,18,42,45,17,194,150,79,81,249,29,68,229,122,216,96,191,88,52,144,187,21,46,184,129,247,249,216,66,181,201,33,241,158,226,91,202,17,209,223,17,209,11,59,243
Best fitness found so far: 0.59029411083189; k: 2.0
Generation: 115; 0.59029411083189; k: 2.0; 223,18,195,173,233,81,155,19,18,195,137,30,144,170,178,4,184,129,34,24,199,137,181,201,33,110,158,68,93,143,216,96,87,183,32,187,129,207,18,42,45,180,59,243,167,155,187,68,195,140,233,211,206,180,153,222
Best fitness found so far: 0.59029411083189; k: 2.0
Generation: 116; 0.59029411083189; k: 2.0; 223,50,195,173,233,81,155,19,18,195,243,52,87,187,240,144,117,126,123,194,216,66,181,201,33,110,158,68,93,158,216,96,87,183,198,187,129,157,18,42,45,52,194,90,113,81,155,180,59,63,244,249,29
Best fitness found so far: 0.59029411083189; k: 2.0
Generation: 117; 0.59029411083189; k: 2.0; 215,18,195,173,233,81,155,64,18,195,18,195,173,17,209,11,129,156,19,18,195,110,209,225,17,209,11,89,111,18,124,140,233,81,155,10,182,175
Best fitness found so far: 0.59029411083189; k: 2.0
Generation: 118; 0.59029411083189; k: 2.0; 125,132,195,173,233,81,155,19,18,195,18,195
Best fitness found so far: 0.59029411083189; k: 2.0
Generation: 119; 0.59029411083189; k: 2.0; 81,18,195,173,233,81,155,19,18,195,18,13,173,17,195,173,220,81,155,19,18,195,18,195,155,180,59,243,34,144,158,2,232,45,156,45,181,194,11,152,21,249,29
Best fitness found so far: 0.59029411083189; k: 2.0
Generation: 120; 0.59029411083189; k: 2.0; 215,18,195,173,145,81,155,19,18,195,81,117,183,176,209,162,222,129,13,99,19,106,195,141,77,81,243,34,180,145,155,19,18
Best fitness found so far: 0.59029411083189; k: 2.0
Generation: 121; 0.59029411083189; k: 2.0; 48,162,140,173,233,21,13,19,18,195,110,209,225,226,185,72,89,28,217,117,107,137,181,209,86,180,33,110,158,68,38,220,133,96,87,57,228,222,129,13,99,112,103,36,196,230,28,76,12,29,183,40,239,169,110,103,80,53,37,161,250,225,17,2,11,120,233,42,45,9,39,220,81,155,19,18,195,18,222,173,172,209,11,89,156,11,115,100,163,223,248,248,45,154,99,86,32,209,11,89,181,245,124,140,68,63,158,227,96,126,183,44,209,129,207,34,147
Best fitness found so far: 0.59029411083189; k: 2.0
Generation: 122; 0.59029411083189; k: 2.0; 215,18,195,173,49,81,155,19,18,195,81,233,81,155,180,87,201,33,249,24,216,66,181,201,33,110,158,73,93,164,216,96,87,183,198,187,129,76,18,212,45,59,194,247,30,144,187,183,166,76
Best fitness found so far: 0.59029411083189; k: 2.0
Generation: 123; 0.59029411083189; k: 2.0; 19,106,195,173,233,81,243,34,144,145
Best fitness found so far: 0.59029411083189; k: 2.0
Generation: 124; 0.59029411083189; k: 2.0; 125,132,195,173,233,81,155,19,18,195,18,154,99,90,22
Best fitness found so far: 0.59029411083189; k: 2.0
Generation: 125; 0.59029411083189; k: 2.0; 215,18,195,173,233,81,155,19,18,195,81,155,183,176,209,129,25,18,195,173,233,81,155,19,18,195,87,194,175,73,244,249,29
Best fitness found so far: 0.59029411083189; k: 2.0
Generation: 126; 0.59029411083189; k: 2.0; 215,18,195,173,233,81,155,19,18,155,180,95,85,18,195,227,233,81,155,1,18,195,81,93,183,176,209,159,25,34,45,1,227,155,180,30,194,143,144,187,68,248,34,35,7,34,45,1,227,155,180
Best fitness found so far: 0.59029411083189; k: 2.0
Generation: 127; 0.59029411083189; k: 2.0; 223,18,195,173,233,81,155,19,18,195,243,200,144,187,25,34,144,18,150,173,233,81,155,19,18,195,17,195,155,85,16,243,34,144,187,68,248,203,248,128,154,85,90,249,36,94,161,85,222,116,29,145,90
Best fitness found so far: 0.59029411083189; k: 2.0
Generation: 128; 0.59029411083189; k: 2.0; 223,18,195,203,233,81,155,19,18,230,243,216,144,1,14,144,184,129,32,24,216,81,155,19,18,195,243,52,144,187,178,144,45,181,98,195,17,105,81,69,148,18,195,166,233,81,44,180,117,72,34,103,187,12,248,45,206,132
Best fitness found so far: 0.59029411083189; k: 2.0
Generation: 129; 0.59029411083189; k: 2.0; 43,18,195,173,233,81,155,14,18,195,81,155,180,45,142,34,144,187,34,144,187,68,63,158,41,96,126,183,32,209,183,97,110,139,68,38,143,178,96,11,183,32,187,195,207,18,171,45,180,59,243,34,155,187,68,195,140,233,211,26,180,153,173,233,81,155,180,59,243,180,144,180,87,193
Best fitness found so far: 0.59029411083189; k: 2.0
Generation: 130; 0.59029411083189; k: 2.0; 48,162,140,173,233,21,13,19,134,195,110,209,225,226,209,72,89,248,217,117,107,137,181,209,86,248,33,123,205,49,81,155,19,18,195,81,233,200,155,180,87,201,40,249,158,211,93,159,84,88,52
Best fitness found so far: 0.59029411083189; k: 2.0
Generation: 131; 0.59029411083189; k: 2.0; 223,114,195,218,233,81,155,19,18,230,243,52,144,187,14,144,184,129,32,89,216,66,181,201,33,241,158,216,93,122,216,96,89,183,32,187,152,207,18,51,2,149,194,145
Best fitness found so far: 0.59029411083189; k: 2.0
Generation: 132; 0.59029411083189; k: 2.0; 215,250,195,173,49,81,155,19,18,195,126,233,155,19,18,195,243,52,170,187,178,144,45,181,98,195,17,129,81,69,148,18,195,166,233,81,44,180,117,114,34,103,38,12,248,45,207,160,147
Best fitness found so far: 0.59029411083189; k: 2.0
Generation: 133; 0.59029411083189; k: 2.0; 144,18,195,203,233,81,69,204,18,195
Best fitness found so far: 0.59029411083189; k: 2.0
Generation: 134; 0.59029411083189; k: 2.0; 223,18,195,173,233,81,155,19,18,195,243,52,110,209,225,169,209,11,89,111,18,165,140,233,81,155,10,182,175
Best fitness found so far: 0.59029411083189; k: 2.0
Generation: 135; 0.59029411083189; k: 2.0; 52,18,195,173,233,81,155,19,18,195,243,52,170,187,178,144,174,181,98,195,64
Best fitness found so far: 0.59029411083189; k: 2.0
Generation: 136; 0.59029411083189; k: 2.0; 215,18,195,173,233,81,155,19,18,195,81,188,180,59,148,34,144,187,34,144,148,68,63,158,41,96,126,183,32,209,71,246,165,75,239
Best fitness found so far: 0.59029411083189; k: 2.0
Generation: 137; 0.59029411083189; k: 2.0; 52,18,75,173,233,81,155,19,18,195
Best fitness found so far: 0.59029411083189; k: 2.0
Generation: 138; 0.59029411083189; k: 2.0; 19,106,195,173,233,81,155,19,18,195,18,195,215,17,85,222,20,18,195,193,84,183,117,209,159,25,34,90,113,81,155,82,59,63,244,249,29
Best fitness found so far: 0.59029411083189; k: 2.0
Generation: 139; 0.59029411083189; k: 2.0; 52,18,195,173,233,81,155,19,18,195,243,52,144,187,178,11,89,181,245,124,140,68,63,158,216,96,126,183,44,209,129,207,34,147
Best fitness found so far: 0.59029411083189; k: 2.0
Generation: 140; 0.59029411083189; k: 2.0; 215,18,195,173,233,46,155,14,18,195,81,155,180,91,142,34,144,187,34,84,187,68,63,158,41,216,126,183,32,209,183,97,110,158,68,38,143,216,96,87,183,8,187,129,207,18,233,45,180,59,243,47,156,187,68,195,140,233,211,26,180,153,173,233,81,155,180,59,243,180,144,163,223,7,40,115,186,138,245,124,36,68,63,158,216,96,74,183,102,209,129,207,34,147
Best fitness found so far: 0.59029411083189; k: 2.0
Generation: 141; 0.59029411083189; k: 2.0; 192,18,180,173,233,81,35,29,128,65,91,54,145,209,73,89,47,11,44,56,205,124,162,195,173,233,81,155,238,59,93,226,144,173,29,62,40,114,186,138,124,148,246,163,212,239,248,45,154,57,83,45,59,194,182,119,33,249,29,223,229,132,154,197,246,34,144,206,210,58,108,65,91,72,96,43,155,127,238,128,66,88,218,143,68,63,76,216,172,126,17,32,108,129,177,130,85,111
Best fitness found so far: 0.59029411083189; k: 2.0
Generation: 142; 0.59029411083189; k: 2.0; 125,18,195,173,233,81,155,19,18,195,18,189,99,74,103,36,196,145,187,224,149,29,183,40,218,186,244,9,204,179,163,212,48,248,224,117,107,137,181,209,203,248,161,169,22
Best fitness found so far: 0.59029411083189; k: 2.0
Generation: 143; 0.59029411083189; k: 2.0; 41,18,195,173,133,81,155,19,50,195,216,52,79,187,178,58,184,21,34,194,199,137,239,183,33,249,180,174,243,138
Best fitness found so far: 0.59029411083189; k: 2.0
Generation: 144; 0.59029411083189; k: 2.0; 223,18,195,173,233,81,155,19,18,195,243,52,87,187,240,144,184,129,123,24,216,66,181,201,160,1,81,215,180,59,63,244,249,29,18,195,243,52,87,187,240,144,184,129,123,24,216,66,181,201,160,1,81,215,180,59,63,244,249
Best fitness found so far: 0.59029411083189; k: 2.0
Generation: 145; 0.59029411083189; k: 2.0; 88,18,195,164,233,21,155,19,18,195,137,225,173,208,34,144,173,68,29,3,158,91,102,146,155,19,50,195,216,52,245,187,178,144,17,243,34,34,226,68,36,3,65,91,54,17,209,225,17,209,58,134,110,18,124,91,233,81,155,173,182,91
Best fitness found so far: 0.59029411083189; k: 2.0
Generation: 146; 0.59029411083189; k: 2.0; 223,18,195,173,233,81,155,19,18,195,243,52,87,187,240,144,170,129,123,24,216,66,181,76,33,110,158,68,93,164,216,18,195
Best fitness found so far: 0.59029411083189; k: 2.0
Generation: 147; 0.59029411083189; k: 2.0; 45,18,195,173,233,81,35,29,128,65,91,123,154,99,242,173,36
Best fitness found so far: 0.59029411083189; k: 2.0
Generation: 148; 0.59029411083189; k: 2.0; 223,18,195,203,53,81,155,19,18,230,243,52,144,187,14,144,184,129,32,24,216,66,181,209,33,241,73,216,93,37,216,96,89,183,32,101,152,207,18,51,2,149,194,64,79,244,249,29,202,60,77,216,96,191,183,32,144,129,175,18,144,18,187,164,209,11,129,156,122,115,100,163,223,177,248,45,145,99,242,103,36
Best fitness found so far: 0.59029411083189; k: 2.0
Generation: 149; 0.59029411083189; k: 2.0; 215,18,195,173,233,81,155,19,18,195,215,18,195,173,66,160,155,19,18,115,100,163,223,177,248,45,154,99,242,103,14
Best fitness found so far: 0.59029411083189; k: 2.0
Generation: 150; 0.59029411083189; k: 2.0; 218,18,195,164,233,21,155,19,18,195,54,17,194,11,52,159,236,115,29,205,113,18,195,203,233,81,131,205,18,195,243,52,144,187,104,59,71,129,247,24,216,66,181,201,33,110,158,84,93,158,216,69,89,183,32,187,152,2,181,83,45,59,194,226,79,33,249,29,223,72,155,154,197,246,34,144,206,210,29,3,65,91,54,96,43,155,29,238,128,66,88,218,143,68,63,76,216,172,126,234,32,108,129,226,175,79,244,249,208
Best fitness found so far: 0.59029411083189; k: 2.0
Generation: 151; 0.59029411083189; k: 2.0; 223,18,195,173,233,81,155,19,18,195,243,52,87,143,240,144,184,129,123,24,195,68,248,203,248,128,154,85,90,175,36,94,161,85,222,20,29,145,90
Best fitness found so far: 0.59029411083189; k: 2.0
Generation: 152; 0.59029411083189; k: 2.0; 223,18,195,116,233,81,155,19,18,195,243,179,144,187,14,144,184,129,247,24,216,66,181,201,33,241,158,5,93,158,216,96,89,183,32,187,152,207,18,51,2,59,194,64,79,244,50,29,223,229,77,216,96,191,115,32,121,129,175,18,144,184,199,42,117,181,129,11,79,244,64,87,183,198,187,129,76,18,42,45,52,194,150,103,82,249,29,68,229,122,216,77,191,109,68,187,129,175,18,42,45,14,84,175,83,34,144,187,68,248,34,35,22
Best fitness found so far: 0.59029411083189; k: 2.0
Generation: 153; 0.59029411083189; k: 2.0; 192,84,195,173,83,81,35,29,128,65,91,54,17,209,73,89,47,11,115,56,205,124,162,155,162,181,90,103,36,196,145,130,229,12,29,183,40,218,186,109,9,204,179,219,212,48,248,224,21,107,149,220,209,203,248,161,169,22
Best fitness found so far: 0.59029411083189; k: 2.0
Generation: 154; 0.59029411083189; k: 2.0; 215,18,195,173,49,81,155,19,18,195,81,233,81,155,81,155,19,18,195,81,84,183,176,209,159,25,34,222,1,81,155,180,59,63,244,249,29
Best fitness found so far: 0.59029411083189; k: 2.0
Generation: 155; 0.59029411083189; k: 2.0; 215,18,195,173,233,81,155,64,18,195,18,195,150,17,209,11,203,186,122,115,100,163,112,194,64,79,244,24,90,76,36
Best fitness found so far: 0.59029411083189; k: 2.0
Generation: 156; 0.59029411083189; k: 2.0; 215,18,195,173,145,81,155,19,18,195,81,10,182,175
Best fitness found so far: 0.59029411083189; k: 2.0
Generation: 157; 0.59029411083189; k: 2.0; 223,18,195,203,233,81,155,19,18,230,243,216,144,187,14,144,184,129,32,24,216,31,181,201,33,241,158,216,93,223,216,96,89,183,247,187,152,207,18,51,2,149,194,64,79,244,249,29,223,229,77,216,96,191,183,32,121,120,175,4,132,18,187,164,248,21,155,19,18,188,110,180,129,207,201,171,45,180,59,243,34,155,187,68,195,140,233,211,26,180,153,173,183,81,1,180,59,243,180,144,173,223,7,40,115,186,138,124,162,246,163,212,30,248,45,154,99,90,103,36
Best fitness found so far: 0.59029411083189; k: 2.0
Generation: 158; 0.59029411083189; k: 2.0; 223,18,195,173,233,81,155,19,18,195,243,200,87,187,240,144,184,129,123,24,216,66,92,201,33,110,158,68,93,158,216,96,87,183,198,194,247,79,244,249,29,68,237,122,216,96,191,1,32,187,129,175,18,42,45,87,194,175,79,244,249,148
Best fitness found so far: 0.59029411083189; k: 2.0
Generation: 159; 0.59029411083189; k: 2.0; 192,18,195,173,233,81,35,29,128,65,91,54,17,209,73,89,80,11,249,56,205,124,162,195,173,85,81,155,180,59,243,226,144,173,29,62,40,115,186,138,124,148,246,163,212,239,248,239,248,45,71,3,90,103,36
Best fitness found so far: 0.59029411083189; k: 2.0
Generation: 160; 0.59029411083189; k: 2.0; 215,18,195,173,233,21,155,19,18,195,110,195,173,173,209,11,89,156,247,115,85,222,102,124,62,35
Best fitness found so far: 0.59029411083189; k: 2.0
Generation: 161; 0.59029411083189; k: 2.0; 215,42,195,173,233,81,155,19,18,195,81,84,183,176,209,159,195,73,129,81,82,148,18,195,166,233,81,44,180,117,72,34,103,187,12,248,45,206,154
Best fitness found so far: 0.59029411083189; k: 2.0
Generation: 162; 0.59029411083189; k: 2.0; 223,18,195,173,233,81,155,19,18,195,243,52,87,187,240,144,184,129,169,102,236,66,92,201,33,110,158,67,93,158,216,96,87,183,195,173,233,81,155,19,18,93,243,52,144,187,64,34,144,173,180,162,222
Best fitness found so far: 0.59029411083189; k: 2.0
Generation: 163; 0.59029411083189; k: 2.0; 223,18,195,203,233,81,155,19,18,195,72,52,144,187,14,144,184,129,247,24,216,66,181,201,33,241,90,137,18,195,19,18,195,72,52,144,187,14,144,184,129,247,24,216,66,181,201,33,241,90,137,18,195
Best fitness found so far: 0.59029411083189; k: 2.0
Generation: 164; 0.59029411083189; k: 2.0; 223,18,195,173,87,81,155,19,18,195,243,52,87,187,240,144,184,129,123,84,216,66,181,201,33,135,158,68,93,226,216,96,87,183,158,187,129,76,18,42,45,17,194,150,216,81,183,198,187,129,76,18,42,45,59,194,247,79,209,113,29,68,114,74,216,96,191,90,32,148,129,175,18,42,45,87,194,175,79,244,249,29
Best fitness found so far: 0.59029411083189; k: 2.0
Generation: 165; 0.59029411083189; k: 2.0; 50,18,195,173,233,81,155,19,18,195,216,52,144,187,178,144,184,129,34,24,201,137,181,201,33,110,158,68,93,143,216,96,87,183,32,187,129,207,18,42,45,180,68,63,158,41,96,15,3,32,209,71,207,34,147
Best fitness found so far: 0.59029411083189; k: 2.0
Generation: 166; 0.59029411083189; k: 2.0; 215,18,195,173,233,81,155,64,18,195,18,195,173,233,81,243,34,144,145
Best fitness found so far: 0.59029411083189; k: 2.0
Generation: 167; 0.59029411083189; k: 2.0; 144,18,195,203,233,81,69,19,18,195,243,52,144,187,21,144,184,129,247,249,216,66,181,201,33,241,158,65,91,54,17,209,225,79,209,11,89,46,18,124,140,233,81,155,10,215,18,195,173,30,81,155,19,18,195,81,233,81,155,180,87,193
Best fitness found so far: 0.59029411083189; k: 2.0
Generation: 168; 0.59029411083189; k: 2.0; 215,18,195,173,233,81,155,19,18,195,18,195,155,180,59,243,34,144,187,68,4,45,103,38,12,248,45,207,34,147
Best fitness found so far: 0.59029411083189; k: 2.0
Generation: 169; 0.59029411083189; k: 2.0; 215,18,195,173,233,81,155,19,18,195,18,240,97,17,209,11,89,156,11,115,100,163,223,248,248,195,173,233,81,243,34,37,145
Best fitness found so far: 0.59029411083189; k: 2.0
Generation: 170; 0.59029411083189; k: 2.0; 218,18,195,164,233,21,155,19,18,195,54,17,194,11,193,159,11,115,248,45,42,45,181,194,11,235,33,249,29
Best fitness found so far: 0.59029411083189; k: 2.0
Generation: 171; 0.59029411083189; k: 2.0; 215,18,195,173,233,81,155,19,18,195,18,195,173,17,209,11,89,156,63,158,41,96,126,183,115,107,71,207,201,17,209,248,210,209,11,89,189,62,93,181,194,163,79,248,173,19,18,195,173,233,81,155,180,59,243,34,144,206,68,29,37,65,184,54,90,209,95,126,183,176,209,129,15,34,32
Best fitness found so far: 0.59029411083189; k: 2.0
Generation: 172; 0.59029411083189; k: 2.0; 215,92,195,173,233,81,155,164,18,195,158,216,96,87,183,198,187,129,76,22,207,45,59,193,247,79,244,249,29,68,229,108,216,96,191,1,32,187,129,175,18,42,45,87,194,175,79,244,249,29
Best fitness found so far: 0.59029411083189; k: 2.0
Generation: 173; 0.59029411083189; k: 2.0; 81,18,195,173,233,81,155,19,18,195,18,195,19,106,195,173,77,79,243,34,180,145,240,147
Best fitness found so far: 0.59029411083189; k: 2.0
Generation: 174; 0.59029411083189; k: 2.0; 230,18,15,173,233,81,155,19,18,195,18,195,70,180,59,133,132
Best fitness found so far: 0.59029411083189; k: 2.0
Generation: 175; 0.59029411083189; k: 2.0; 215,44,195,173,233,81,155,64,18,195,18,195,173,227,209,11,129,156,138,115,100,163,223,177,248,45,154,99,242,81,155,19,18,195,18,154,99,90,103,36,196,145,130,224,12,29,183,40,218,186,29,9,204,179,163,212,48,248,224,117,107,137,181,209,59,248,161,169,22
Best fitness found so far: 0.59029411083189; k: 2.0
Generation: 176; 0.59029411083189; k: 2.0; 215,18,195,173,233,81,155,19,18,195,17,223,155,115,59,243,34,144,187,68,248,203,248,128,154,85,90,103,36,94,161,248,222,187,240,144,184,129,123,84,216,66,181,201,20,84,158,68,93,158,216,96,87,183,198,187,129,76,196,42,45,17,194,150,79,81,249,29,68,229,122,216,215,191,120,52,185,187,21,46,184,129,247,216,216,66,181,201,33,241,158,226,91,202,17,209,225,17,209,11,89,117,245,124,140,68,63,158,216,96,217,183,32,209,129,207,34,147
Best fitness found so far: 0.59029411083189; k: 2.0
Generation: 177; 0.59029411083189; k: 2.0; 88,18,195,164,233,21,155,19,18,195,213,225,173,208,34,144,173,68,29,3,158,140,102,17,209,225,89,63,11,115,100,173,212,53,173,233,81,155,19,18,174,243,96,87,183,32,187,129,207,18,42,147,180,59,243,34,155,187,68,195,124,233,211,26,180,6,173,233,81,155,180,97,243,180,144,173,29,7,40,75,186,138,124,162,9,163,212,239,248,45,71,99,90,103,36
Best fitness found so far: 0.59029411083189; k: 2.0
Generation: 178; 0.59029411083189; k: 2.0; 215,18,195,173,233,81,155,19,18,195,18,195,155,180,59,243,34,144,187,68,248,45,42,45,181,194,11,79,244,249,29
Best fitness found so far: 0.59029411083189; k: 2.0
Generation: 179; 0.59029411083189; k: 2.0; 144,18,195,203,233,81,69,19,18,195,243,52,164,187,21,144,184,129,17,209,11,129,156,122,115,100,163,112,194,64,79,244,24,202,76,229,77,216,87,191,143,32,121,129,175,18,144,18,72,63,233,21,155,177,18,195,224,195,180,208,235,147
Best fitness found so far: 0.59029411083189; k: 2.0
Generation: 180; 0.59029411083189; k: 2.0; 114,18,195,173,233,81,155,19,18,195,18,154,99,90,103,132,195,173,233,37,155,19,18,195,18,154,113,90,220,36,196,145,130,224,12,29,183,40,249,180,174,28,149
Best fitness found so far: 0.59029411083189; k: 2.0
Generation: 181; 0.59029411083189; k: 2.0; 52,18,195,221,233,81,155,19,18,195,243,52,87,187,240,144,184,103,123,28,216,66,92,63,33,110,158,68,93,158,216,96,87,183,198,98,129,76,18,42,45,223,18,195,225,233,81,155,19,18,195,243,30,144,187,183,166,132
Best fitness found so far: 0.59029411083189; k: 2.0
Generation: 182; 0.59029411083189; k: 2.0; 223,18,195,203,233,81,155,19,18,195,246,52,144,187,14,144,184,129,247,24,216,66,181,201,33,110,158,84,93,158,216,96,89,183,32,187,152,207,18,51,45,59,194,64,79,244,249,29,223,229,122,216,96,170,183,32,121,129,175,18,42,45,59,194,175,79,244,173,132,62,40,115,186,138,102,242,246,163,212,239,248,45,158,68,38,143,216,96,87,183,32,167,83,81,243
Best fitness found so far: 0.59029411083189; k: 2.0
Generation: 183; 0.59029411083189; k: 2.0; 52,18,195,173,233,81,155,19,18,195,88,52,70,49,81,155,19,18,195,81,233,81,155,180,87,201,110,195,173,122,240,147
Best fitness found so far: 0.59029411083189; k: 2.0
Generation: 184; 0.59029411083189; k: 2.0; 125,18,195,173,233,81,155,19,18,195,18,154,99,90,224,180,196,249,130,224,12,81,183,40,19,186,29,86,204,179,163,212,48,248,224,117,107,137,195,173,233,81,155,14,18,195,81,155,180,59,142,34,144,187,232,144,187,68,63,158,41,84,126,183,22,209,71,207,34,201,15,66,158,17,68,63,158,41,84,126,183,22,209,71,207,34,201,15,66
Best fitness found so far: 0.59029411083189; k: 2.0
Generation: 185; 0.59029411083189; k: 2.0; 223,18,195,203,233,81,155,19,18,195,243,52,230,187,14,144,184,233,11,155,19,18,195,18,195,36,17,85,222,20,18,195,81,84,183,117,209,159,25,34,90,113,81,155,180,59,174,244,249,29
Best fitness found so far: 0.59029411083189; k: 2.0
Generation: 186; 0.59029411083189; k: 2.0; 215,174,195,173,233,81,155,19,18,195,18,195,183,32,121,129,175,18,132,119,187,164,221,21,155,19,223,195,141,180,80,243,34,144,187,68,248,45,35,22
Best fitness found so far: 0.59029411083189; k: 2.0
Generation: 187; 0.59029411083189; k: 2.0; 233,18,195,173,233,81,155,19,18,195,243,52,87,143,161,209,86,248,18,195
Best fitness found so far: 0.59029411083189; k: 2.0
Generation: 188; 0.59029411083189; k: 2.0; 215,18,195,173,233,81,155,19,18,195,81,93,41,176,209,159,25,34,173,1,81,66,181,201,33,241,158,84,133,36,216,40,195,183,32,187,152,207,18,99,131,59,194,64,79,244,249,22,223,229,77,216,96,191,183,102,121,168,175,18,144,2,199,42,74,181,129,160,79,244,249,142,32,187,152,207,18,51,2,123,215,18,195,179,233,81,190,64,18,195,18,195,20,17,209,11,129,156,122,217,100,81,155,19,128,195,18,195,130,233,148
Best fitness found so far: 0.59029411083189; k: 2.0
Generation: 189; 0.59029411083189; k: 2.0; 125,132,195,29,233,81,155,19,18,195,18,154,99,90,103,36,104,145,130,224,12,9,63,195,110,195,173,218,240,147
Best fitness found so far: 0.59029411083189; k: 2.0
Generation: 190; 0.59029411083189; k: 2.0; 215,18,195,173,9,81,155,64,116,195,18,195,173,17,209,11,129,156,122,115,100,81,155,19,18,195,124,162,246,165,75,239
Best fitness found so far: 0.59029411083189; k: 2.0
Generation: 191; 0.59029411083189; k: 2.0; 52,18,195,173,233,81,155,19,18,195,88,52,144,193,178,144,45,181,160,57,144,129,130,69,148,18,18,195,164,121,21,155,19,203,195,180,144,173,223,240,40,115,213,138,124,162,246,163,212,239,248,45,154,99,90,103,36
Best fitness found so far: 0.59029411083189; k: 2.0
Generation: 192; 0.59029411083189; k: 2.0; 48,80,140,173,233,21,13,19,18,195,110,209,225,226,209,72,28,248,217,117,107,137,181,209,43,248,33,110,158,70,38,143,133,96,87,57,32,222,129,13,99,112,103,36,196,145,81,155,19,18,1
Best fitness found so far: 0.59029411083189; k: 2.0
Generation: 193; 0.59029411083189; k: 2.0; 41,18,195,173,233,81,155,19,50,195,216,52,144,187,178,58,184,129,34,215,199,137,245,183,33,198,158,68,91,143,216,96,87,183,32,187,83,81,32,123,145,240,147
Best fitness found so far: 0.59029411083189; k: 2.0
Generation: 194; 0.59029411083189; k: 2.0; 157,18,140,173,233,21,155,19,18,195,43,209,225,17,209,11,89,111,18,124,144,18,195,203,233,207,69,19,18,195,243,52,144,187,21,144,184,129,247,249,216,66,181,201,33,241,158,226,91,54,6,209,225,17,73,11,89,161,245,124,140,68,63,158,216,96,126,205,32,209,129,207,34,147
Best fitness found so far: 0.59029411083189; k: 2.0
Generation: 195; 0.59029411083189; k: 2.0; 223,18,195,203,233,81,155,19,18,195,243,52,144,47,14,144,233,81,155,72,34,195,18,154,99,90,103,36,196,145,130,224,12,29,183,40,76,186,29,9,204,179,163,212,48,67,224,117,107,137,181,219,203,41,161,169,22
Best fitness found so far: 0.59029411083189; k: 2.0
Generation: 196; 0.59029411083189; k: 2.0; 223,18,195,203,233,81,155,19,18,230,243,216,144,187,14,144,184,129,32,24,216,66,181,201,33,241,158,216,93,223,216,96,89,183,32,187,152,207,18,51,81,149,97,64,79,244,249,29,53,246,77,216,96,191,183,212,121,129,175,18,132,18,187,88,233,21,155,185,18,195,110,180,59,243,34,144,187,68,195,173,233,129,155,19,18,195,158,52,144,187,178,97,184,129,34,24,199,137,56,183,33,110,191,68,38,143,216,8,192,7,32,222,129,13,99,112,103,36,196,145,28,224,12,29,183,40,115,186,45,103,80,184,37,161,250,225,17,211,11,89,47,42,45,9,39,220,154,244,249,29,180,59,243,34,144,187,68,195,173,233,129
Best fitness found so far: 0.59029411083189; k: 2.0
Generation: 197; 0.59029411083189; k: 2.0; 52,18,195,221,233,81,155,19,18,195,191,56,144,193,107,144,45,46,98,116,144,129,53,69,173,18,195,166,233,81,128,37,117,72,29,103,187,12,194,45,190,184,87,244,24,216,66,181,201,33,241,158,84,93,15,216,96,149,183,32,187,152,207,18,99,131,59,194,64,79,244,249,22,223,229,77,216,96,191,183,102,121,129,175,18,144,184,199,42,74,181,129,160,79,244,249,209,32,173,208,209,11,89,156,247,115,150,235,68,195,45,35,22
Best fitness found so far: 0.59029411083189; k: 2.0
Generation: 198; 0.59029411083189; k: 2.0; 223,18,195,173,233,81,155,19,18,195,243,52,87,187,240,144,184,129,123,84,195,66,181,72,33,110,158,68,93,158,216,96,87,183,198,187,129,76,18,42,45,52,194,150,79,82,249,29,68,246,122,216,96,85,109,32,187,129,175,18,24,216,66,181,201,33,110,158,68,93,164,216,96,87,93,198,187,129,76,18,42,45,246,194,247,30,144,187,183,166,76
Best fitness found so far: 0.59029411083189; k: 2.0
Generation: 199; 0.59029411083189; k: 2.0; 6,18,195,173,233,81,249,19,18,195,18,195,155,180,59,243,34,144,158,68,248,45,42,45,1,194,11,235,244,249,29
Best fitness found so far: 0.59029411083189; k: 2.0
Total time of execution of seed 7 : 19833165
Solution Fitness: -0.59029411083189
Variables: random 4 chebyshev split moveNear join
