Generation: 0; 0.02516497878975611; k: 3.8; 97,249,36,10,158,24,27,114,144,197
Best fitness found so far: 0.02516497878975611; k: 3.8
Generation: 1; 0.3820893020921405; k: 7.4; 141,49,165,235,71
Best fitness found so far: 0.3820893020921405; k: 7.4
Generation: 2; 0.4665423733416181; k: 3.0; 123,190,82,46,249,220,119,127,11,73
Best fitness found so far: 0.4665423733416181; k: 3.0
Generation: 3; 0.4689779558537441; k: 3.0; 77,25,199,236,109,60,171,167,132,46,170,188,31,215,224,215
Best fitness found so far: 0.4689779558537441; k: 3.0
Generation: 4; 0.5446852334479528; k: 2.0; 185,84,149,184,119,21,155
Best fitness found so far: 0.5446852334479528; k: 2.0
Generation: 5; 0.536782284449304; k: 2.0; 46,249,220,119,225,11,73
Best fitness found so far: 0.5446852334479528; k: 2.0
Generation: 6; 0.5456511365650366; k: 2.0; 77,51,49,165,205,127,11,73
Best fitness found so far: 0.5456511365650366; k: 2.0
Generation: 7; 0.5456511365650366; k: 2.0; 77,51,49,165,205,127,11,73
Best fitness found so far: 0.5456511365650366; k: 2.0
Generation: 8; 0.5211409550079684; k: 2.0; 50,229,231,167,5,21,155
Best fitness found so far: 0.5456511365650366; k: 2.0
Generation: 9; 0.5599595493830374; k: 2.0; 46,249,50,229,231,167,5,21,155
Best fitness found so far: 0.5599595493830374; k: 2.0
Generation: 10; 0.5781590517922236; k: 2.0; 86,190,82,46,249,220,119,117,11,154,9,46,249,220,167,73
Best fitness found so far: 0.5781590517922236; k: 2.0
Generation: 11; 0.562761287663837; k: 2.0; 123,190,82,67,249,220,141,46,249,220,92,72,17
Best fitness found so far: 0.5781590517922236; k: 2.0
Generation: 12; 0.5545847411228552; k: 2.0; 63,39,67,188,93,231,167,3,51,39,204,75,142,3,106,243,72,17
Best fitness found so far: 0.5781590517922236; k: 2.0
Generation: 13; 0.5654746934611972; k: 2.0; 216,39,235,202,27,231,167,3,247,75,73
Best fitness found so far: 0.5781590517922236; k: 2.0
Generation: 14; 0.5654746934611972; k: 2.0; 216,39,235,202,27,231,167,3,149,75,73
Best fitness found so far: 0.5781590517922236; k: 2.0
Generation: 15; 0.5687388093130055; k: 2.0; 148,190,176,173,249,220,91,46,249,220,158,107,249,220,91,46,249
Best fitness found so far: 0.5781590517922236; k: 2.0
Generation: 16; 0.5668130760146733; k: 2.0; 63,39,67,188,93,16,167,3,51,155,172,202,130,220,119
Best fitness found so far: 0.5781590517922236; k: 2.0
Generation: 17; 0.5687388093130055; k: 2.0; 148,190,176,173,249,45,143,46,249,220,158,107,249,220,91,87,46,249,220,92,72,17
Best fitness found so far: 0.5781590517922236; k: 2.0
Generation: 18; 0.5851234045241356; k: 2.0; 49,165,150,57,91,209,93,231,167,3,51,107,204,75,80,205,127,11,73
Best fitness found so far: 0.5851234045241356; k: 2.0
Generation: 19; 0.5769259766903903; k: 2.0; 216,39,235,80,27,61,167,3,247,155,172,202,176,65,130,50,229,219,167,50,229,231,167,5,226,127,246,125,167,155
Best fitness found so far: 0.5851234045241356; k: 2.0
Generation: 20; 0.5769259766903903; k: 2.0; 216,39,235,80,27,61,167,3,247,155,172,202,176,46,249,107,119,165,231,33,3,247,155,172,202,232,49,165,235,71,107,165,241,237
Best fitness found so far: 0.5851234045241356; k: 2.0
Generation: 21; 0.5769259766903903; k: 2.0; 216,39,235,80,27,61,167,3,247,155,172,202,176,65,130,50,188,219,167,43,186,167,3,51,107,202,130,220,119
Best fitness found so far: 0.5851234045241356; k: 2.0
Generation: 22; 0.5851234045241356; k: 2.0; 49,165,150,57,91,209,93,231,167,3,51,107,204,75,80,205,127,11,73
Best fitness found so far: 0.5851234045241356; k: 2.0
Generation: 23; 0.5781590517922236; k: 2.0; 86,190,82,235,249,220,119,117,11,154,9,46,249,220,167,73
Best fitness found so far: 0.5851234045241356; k: 2.0
Generation: 24; 0.5769259766903903; k: 2.0; 216,39,235,80,27,61,167,3,247,155,172,202,176,46,249,107,119,165,231,183,75,134,107,73
Best fitness found so far: 0.5851234045241356; k: 2.0
Generation: 25; 0.5851234045241356; k: 2.0; 49,165,150,57,91,209,93,231,167,3,51,107,204,75,80,205,127,11,81,244,24,128,135,155,172,202,176,120,48,64,27,231,167,130,10,235
Best fitness found so far: 0.5851234045241356; k: 2.0
Generation: 26; 0.5851234045241356; k: 2.0; 49,165,150,57,91,209,93,231,167,3,51,107,204,75,202,205,127,155,172,202,176,65,210,50,227,219,204,71
Best fitness found so far: 0.5851234045241356; k: 2.0
Generation: 27; 0.5851234045241356; k: 2.0; 49,165,150,57,91,209,93,231,167,3,51,107,204,75,80,205,127,11,73
Best fitness found so far: 0.5851234045241356; k: 2.0
Generation: 28; 0.5851234045241356; k: 2.0; 49,165,150,57,91,209,93,231,167,3,51,107,204,75,80,205,127,216,39,235,223,27,61,167,3,247,155,172,202,176,65,130,50,188,219,167,110,20,167,3,51,107,202,130,220,119
Best fitness found so far: 0.5851234045241356; k: 2.0
Generation: 29; 0.5851234045241356; k: 2.0; 126,165,150,57,91,209,93,231,167,3,51,107,204,75,249,7,167,73
Best fitness found so far: 0.5851234045241356; k: 2.0
Generation: 30; 0.5851234045241356; k: 2.0; 49,165,150,57,91,209,93,231,167,3,51,107,66,75,80,205,127,11,81,244,24,128,135,155,172,202,12,91,130,203,220,15,44,48,75,116,3,220,243,92,205,3,99,119,85,231,33,3,247,63,200,202,202,106,220,220,91,46,249,220,16,121,22,235,91,150,185,31,75,118,231,240,3,51,107,220,36,27,205,127,11,73
Best fitness found so far: 0.5851234045241356; k: 2.0
Generation: 31; 0.5851234045241356; k: 2.0; 49,165,150,57,91,209,93,231,167,3,51,107,204,75,80,205,127,247,66,202,176,65,235,247,155,44,233,231,46,182,220,119,156,222,83
Best fitness found so far: 0.5851234045241356; k: 2.0
Generation: 32; 0.5851234045241356; k: 2.0; 49,165,150,33,7,209,93,231,167,3,101,107,204,75,80,205,155,44,233,235,23,27,157,167,56,247,155,172,147,34,142,3,106,243,72,17
Best fitness found so far: 0.5851234045241356; k: 2.0
Generation: 33; 0.5851234045241356; k: 2.0; 49,165,240,57,91,9,93,231,19,3,51,107,204,75,190,231,167,3,37,125,59,75,80,98,142,11,73
Best fitness found so far: 0.5851234045241356; k: 2.0
Generation: 34; 0.5851234045241356; k: 2.0; 49,165,150,57,91,209,93,231,167,3,51,107,66,75,80,205,127,11,99,231,33,199,63,155,172,202,130,220,127,69,2,75,73
Best fitness found so far: 0.5851234045241356; k: 2.0
Generation: 35; 0.5851234045241356; k: 2.0; 49,147,150,57,91,209,93,231,167,3,205,107,66,75,90,205,127,11,81,244,137,128,135,155,47,202,12,235,130,203,231,67,75,134,61,167,3,247,155,172,202,176,65,130,50,229,219,167,71,202,12,235,130,203,231,67,75,134,61,167,3,247,155
Best fitness found so far: 0.5851234045241356; k: 2.0
Generation: 36; 0.5851234045241356; k: 2.0; 150,165,150,243,91,209,93,81,167,3,51,107,204,75,62,75,127,121,204,125,167,155
Best fitness found so far: 0.5851234045241356; k: 2.0
Generation: 37; 0.5851234045241356; k: 2.0; 49,165,150,177,91,209,93,231,167,3,51,227,66,75,59,245,127,11,81,170,24,128,7,155,137,234,235,91,21,1,83,15,44,217,75,116,3,220,127,239,73
Best fitness found so far: 0.5851234045241356; k: 2.0
Generation: 38; 0.5851234045241356; k: 2.0; 49,165,150,57,91,209,93,231,167,3,51,107,204,75,57,75,127,11,81,86,67,172,202,176,65,130,50,188,219,167,110,20,169,3,51,107,202,130,220,119
Best fitness found so far: 0.5851234045241356; k: 2.0
Generation: 39; 0.5851234045241356; k: 2.0; 49,165,150,57,91,244,93,231,89,3,51,202,176,120,247,15,172,202,176,65,130,50,249,220,91,238,249
Best fitness found so far: 0.5851234045241356; k: 2.0
Generation: 40; 0.5851234045241356; k: 2.0; 150,165,150,243,91,209,93,81,167,3,51,107,204,75,62,75,127,121,204,221,202,63,186,167,3,51,121,219,187,167,155
Best fitness found so far: 0.5851234045241356; k: 2.0
Generation: 41; 0.5851234045241356; k: 2.0; 49,165,150,150,91,209,93,231,167,3,61,107,204,75,80,205,127,11,81,244,24,128,135,29,172,202,176,120,48,64,27,185,160,130,10,147,217,3,247,8,172,202,231,65,77,158,242,141,204,191,80,228,250,135,39,235,223,27,209,93,231,167,3,123,107,123,75,80,205,127,124,99,231,33,199,63,155,172,202,130,220,127,69,2,221,73
Best fitness found so far: 0.5851234045241356; k: 2.0
Generation: 42; 0.5851234045241356; k: 2.0; 49,165,150,57,91,209,93,231,167,3,51,107,204,75,202,205,127,155,172,202,176,9,93,231,19,3,51,107,204,75,190,176,120,179,175,171,68,38,221,202,93,186,167,3,51,121,168,187,167,155
Best fitness found so far: 0.5851234045241356; k: 2.0
Generation: 43; 0.5851234045241356; k: 2.0; 49,165,175,57,91,209,93,231,167,3,51,107,204,75,80,205,127,92,81,34,24,128,135,29,172,202,104,120,48,64,27,231,1,130,10,231,167,3,247,155,172,202,231,65,150,57,91,209,244,24,128,135,155,128,202,12,91,130,19,93,231,167,3,37,231,167,130,57,66
Best fitness found so far: 0.5851234045241356; k: 2.0
Generation: 44; 0.5851234045241356; k: 2.0; 49,165,150,57,91,209,93,231,167,3,51,107,66,75,80,108,127,11,185,244,175,29,110,122,190,176,120,75,119,81,231,185,3,247,238,26,202,223
Best fitness found so far: 0.5851234045241356; k: 2.0
Generation: 45; 0.5851234045241356; k: 2.0; 49,165,150,57,91,209,93,231,167,3,51,107,204,75,80,205,127,216,39,235,223,27,61,167,3,247,155,172,202,176,65,130,50,188,219,167,110,20,167,3,51,107,202,130,220,119
Best fitness found so far: 0.5851234045241356; k: 2.0
Generation: 46; 0.5851234045241356; k: 2.0; 49,165,150,57,91,209,93,231,167,3,51,107,66,75,80,205,127,11,81,244,24,128,135,155,37,114,12,91,130,203,220,15,44,48,75,116,3,220,243,92,205,3,148,119,85,231,241,3,247,63,200,202,202,106,220,220,91,46,249,88,16,121,22,235,91,150,185,229,161,167,71
Best fitness found so far: 0.5851234045241356; k: 2.0
Generation: 47; 0.5851234045241356; k: 2.0; 49,165,150,57,91,209,93,231,167,3,51,107,204,75,99,205,127,216,39,235,223,56,61,167,3,247,155,150,57,87,209,93,87,167,3,150,57,91,209,93,231,167,3,51,107,204,75,202,205,127,155,172,202,176,65,107,50,227,129,204,71
Best fitness found so far: 0.5851234045241356; k: 2.0
Generation: 48; 0.5851234045241356; k: 2.0; 53,69,240,57,91,209,93,231,167,3,51,107,204,75,85,205,176,249,220,91,46,30,220,158,49,165,14,218,91,202,54,83,221,196,51,107,204,75,75,85,205,176,249,220,99,46,122,220,158,58,165,14,49,91,202,54,83,247,196,51,107,204,75,17,48,122,230,220,119
Best fitness found so far: 0.5851234045241356; k: 2.0
Generation: 49; 0.5851234045241356; k: 2.0; 92,165,150,57,207,209,93,231,167,3,51,107,66,75,80,205,127,11,185,244,137,128,81,244,24,172,215,199,172,202,176,120,247,15,172,202,176,65,130,168,88,107,204,234,211,163,158,167,24
Best fitness found so far: 0.5851234045241356; k: 2.0
Generation: 50; 0.5851234045241356; k: 2.0; 49,165,150,57,91,209,53,231,167,3,51,107,204,75,80,154,44,184,3,135,155,172,10,176,120,204,165,150,57,91,209,93,231,167,3,51,107,204,5,238,167,127,155,172,190,63,173,226,220,91,206,249,3,37,248,134,75,245,98,115,11,9
Best fitness found so far: 0.5851234045241356; k: 2.0
Generation: 51; 0.5851234045241356; k: 2.0; 49,165,150,57,91,209,93,231,167,3,51,107,66,75,80,205,127,11,96,244,137,128,130,13,47,202,12,235,130,203,51,107,204,75,202,205,127,56,249,220,57,49,165,14,150,185,31,75,118,231,162,3,51,107,220,36,27,158,127,11,73
Best fitness found so far: 0.5851234045241356; k: 2.0
Generation: 52; 0.5851234045241356; k: 2.0; 49,131,150,57,7,209,93,231,167,3,51,107,204,75,124,205,155,44,233,229,46,182,167,3,51,107,204,75,80,205,127,6,39,235,223,27,61,167,3,247,155,172,202,176,65,130,50,188,219,167,110,20,167,3,51,221,202,130,220,119
Best fitness found so far: 0.5851234045241356; k: 2.0
Generation: 53; 0.5851234045241356; k: 2.0; 49,165,150,57,91,209,93,231,167,3,51,107,204,75,80,9,127,11,6,244,24,128,135,209,172,202,176,120,27,231,172,202,150,57,91,209,93,231,167,3,51,117,204,75,12,80,239,216,39,235,223,27,61,167,3,247,67,172,202,176,65,130,58,188,219,167,110,20,169,3,220,119
Best fitness found so far: 0.5851234045241356; k: 2.0
Generation: 54; 0.5851234045241356; k: 2.0; 49,165,150,57,91,209,93,61,167,3,51,107,2,75,80,205,127,11,81,244,24,25,135,155,172,202,12,91,130,203,220,26,132,231,75,116,3,220,243,92,205,3,148,119,85,231,33,3,247,63,200,202,21,106,220,220,231,167,3,37,210,59,75,195,98,142,11,219
Best fitness found so far: 0.5851234045241356; k: 2.0
Generation: 55; 0.5851234045241356; k: 2.0; 206,165,150,57,207,209,93,231,167,3,51,107,94,75,80,108,127,11,185,244,175,29,98,75,190,176,231,167,3,51,120,61,157,3,190,155,172,202,116,46,249,107,119,165,231,183,248,134,93,235,24,80,157,167,84,247,155,172,147,34,142,7,30
Best fitness found so far: 0.5851234045241356; k: 2.0
Generation: 56; 0.5851234045241356; k: 2.0; 49,165,150,57,91,209,93,231,167,3,51,107,204,180,80,205,127,11,81,244,24,207,209,93,231,22,3,51,107,94,75,80,108,127,11,185,244,175,128,213,75,190,176,149,75,119,81,231,185,3,247,155,106,156,165,144,15,207,209,93,185,167,3,51,107,66,75,80,205,127,11,136,61,137,128,81,244,24,172,135,155,172,101,176,120,247,15,172,202,151,65,130,50,249,195,91,46,249
Best fitness found so far: 0.5851234045241356; k: 2.0
Generation: 57; 0.5851234045241356; k: 2.0; 49,165,150,3,91,209,3,231,167,3,51,107,66,75,80,205,184,6,80,108,106,11,185,244,175,128,110,75,190,176,124,75,119,81,231,50,3,247,155,172,202,142
Best fitness found so far: 0.5851234045241356; k: 2.0
Generation: 58; 0.5851234045241356; k: 2.0; 49,165,150,57,91,209,93,231,167,3,51,107,66,75,27,49,165,150,57,91,209,93,236,167,3,51,107,204,75,80,205,127,11,73
Best fitness found so far: 0.5851234045241356; k: 2.0
Generation: 59; 0.5851234045241356; k: 2.0; 22,165,150,57,207,209,93,231,167,3,239,107,66,75,213,205,212,69,185,244,81,244,24,128,152,155,172,202,176,120,48,155,27,231,167,130,212,235
Best fitness found so far: 0.5851234045241356; k: 2.0
Generation: 60; 0.5851234045241356; k: 2.0; 49,165,150,57,197,209,93,231,167,3,51,107,204,75,80,81,44,184,3,135,155,172,239,176,120,61,157,3,190,155,172,202,235,46,128,135,29,172,202,176,120,48,64,27,231,167,130,10,231,217,3,247,155,172,202,231,88,77,51,185,84,204,68,80,205,216,135,39,235,223,27,61,167,3,27,155,150,57,218,209,195,87,136,3,13,107,204,232,80,205,127,205,127,11,73
Best fitness found so far: 0.5851234045241356; k: 2.0
Generation: 61; 0.5851234045241356; k: 2.0; 49,165,150,57,91,209,137,231,167,3,51,107,204,75,80,205,18,141,39,235,130,50,188,219,167,110,20,167,3,51,27,202,130,220,119
Best fitness found so far: 0.5851234045241356; k: 2.0
Generation: 62; 0.5851234045241356; k: 2.0; 49,165,240,57,91,9,93,231,19,3,51,107,204,75,190,231,167,3,37,125,59,246,13,130,11,170,15,92,38,75,116,3,220,243,92,169,24,99,119,85,183,33,3,247,215,172,202,202,173,121,24,128,135,155,128,202,12,91,130,209,93,231,167,3,37,107,134,50,80,98,115,49,95,35,54,119,165,243,50,3,203,155,112,202,130,220,119,226,119,124,235,52,167,3,51,107,204,75,80,205,11
Best fitness found so far: 0.5851234045241356; k: 2.0
Generation: 63; 0.5851234045241356; k: 2.0; 49,29,240,57,91,209,93,231,167,3,51,107,204,75,213,86,167,91,51,107,66,75,80,205,127,11,81,139,137,128,135,8,47,202,12,235,130,203,231,67,75,134,107,73
Best fitness found so far: 0.5851234045241356; k: 2.0
Generation: 64; 0.5851234045241356; k: 2.0; 49,29,240,57,179,209,93,231,167,3,51,107,204,75,190,176,120,200,207,173,231,231,167,100,167,3,51,107,94,75,93,231,167,3,51,107,204,153,80,205,127,11,73
Best fitness found so far: 0.5851234045241356; k: 2.0
Generation: 65; 0.5851234045241356; k: 2.0; 49,165,150,57,91,209,93,231,167,3,51,107,204,75,171,219,145,71
Best fitness found so far: 0.5851234045241356; k: 2.0
Generation: 66; 0.5851234045241356; k: 2.0; 206,165,150,57,207,209,93,231,167,3,51,107,94,75,80,108,127,98,185,244,175,29,183,75,190,117,62,167,3,51,107,204,75,202,205,127,177,249,220,158,49,165,28,49,91,202,54,83,167,3,51,107,204,75,57,53,127,11,81,244,24,216,135,155,172,202,176,45,208,15,172,202,176,65,22,50,229,219,121,71
Best fitness found so far: 0.5851234045241356; k: 2.0
Generation: 67; 0.5851234045241356; k: 2.0; 49,165,150,57,91,209,93,231,167,3,51,107,204,75,202,205,175,31,172,61,176,65,210,50,227,219,231,19,3,51,107,204,75,190,163,120,87,175,171,68,38,221,202,93,51,107,66,75,80,12,41,11,81,244,24,128,135,155,152,202,12,145,217,203,220,15,92,16,75,116,3,220,203,92,205,89,99,119,85,231,33,3,247,172,172,202,202,173,119,165,231,33,40,73,155,172,32,230,220,119
Best fitness found so far: 0.5851234045241356; k: 2.0
Generation: 68; 0.5851234045241356; k: 2.0; 22,165,150,153,207,209,93,231,167,3,239,107,66,75,80,205,212,240,57,91,209,93,231,167,3,51,107,204,75,190,176,250,75,153
Best fitness found so far: 0.5851234045241356; k: 2.0
Generation: 69; 0.5851234045241356; k: 2.0; 53,35,240,57,91,209,93,231,167,3,51,107,204,75,152,205,176,249,220,91,46,249,220,158,58,165,14,49,91,202,54,83,247,158,51,107,204,75,17,48,122,230,112,119
Best fitness found so far: 0.5851234045241356; k: 2.0
Generation: 70; 0.5851234045241356; k: 2.0; 49,165,150,57,91,244,93,231,89,3,51,107,48,75,80,175,231,167,3,51,107,66,240,80,12,127,240,81,244,24,128,135,155,226,202,12,145,130,203,220,15,92,220,91,9,191,106,57,156,165,14,9,91,169,54,186,167,3,51,107,204,75,152,183,223,74,231,167,130,10,235,212
Best fitness found so far: 0.5851234045241356; k: 2.0
Generation: 71; 0.5851234045241356; k: 2.0; 22,165,150,57,207,209,93,231,167,3,239,107,66,75,80,205,212,69,185,244,137,130,88,31,205,118,165,139,186,38,3,41,107,202,130,220,119,205,212,69,185,244
Best fitness found so far: 0.5851234045241356; k: 2.0
Generation: 72; 0.5851234045241356; k: 2.0; 49,165,150,57,91,209,93,231,167,3,51,42,66,25,80,205,127,11,81,1,8,128,135,106,172,202,12,91,130,13,247,155,220,119
Best fitness found so far: 0.5851234045241356; k: 2.0
Generation: 73; 0.5851234045241356; k: 2.0; 49,165,150,57,207,209,93,231,167,3,51,107,94,75,80,7,127,80,185,244,175,29,110,75,190,176,149,75,6,81,231,185,3,247,238,235,130,229,231,67,75,43,61,167,3,247,155
Best fitness found so far: 0.5851234045241356; k: 2.0
Generation: 74; 0.5851234045241356; k: 2.0; 49,165,240,57,91,9,93,231,19,3,51,107,204,75,190,176,120,200,175,171,68,38,66,202,51,199,167,3,51,121,204,226,167,155
Best fitness found so far: 0.5851234045241356; k: 2.0
Generation: 75; 0.5851234045241356; k: 2.0; 49,165,150,57,91,209,93,231,167,3,51,107,204,5,238,205,127,155,172,152,151,173,249,220,91,179,249,220,204,197,165,14,244,95,202,54,186,167,3,51,231,33,152,247,155,172,158,107,204,65,127,11,73
Best fitness found so far: 0.5851234045241356; k: 2.0
Generation: 76; 0.5851234045241356; k: 2.0; 48,165,150,33,7,209,93,231,167,3,101,107,204,75,80,205,155,33,199,150,57,91,209,93,231,167,3,51,107,169,75,80,86,158,167,73
Best fitness found so far: 0.5851234045241356; k: 2.0
Generation: 77; 0.5851234045241356; k: 2.0; 94,165,150,57,91,209,93,231,167,3,51,107,204,75,80,205,127,247,204,75,57,75,112,11,190,244,194,216,135,27,231,167,3,247,155,172,202,231,65,108,51,185,158,188,141,220,91,161,249
Best fitness found so far: 0.5851234045241356; k: 2.0
Generation: 78; 0.5851234045241356; k: 2.0; 49,165,150,57,207,209,93,231,167,3,51,107,94,75,80,108,160,11,185,244,175,29,110,155,172,190,176,120,247,15,172,202,176,65,130,245,249,195,91,46,249
Best fitness found so far: 0.5851234045241356; k: 2.0
Generation: 79; 0.5851234045241356; k: 2.0; 49,105,150,57,91,209,93,231,167,3,51,107,66,75,80,12,127,11,81,244,24,128,135,155,152,202,12,145,130,112,220,15,92,144,95,116,3,220,243,92,205,89,99,119,85,231,81,68,247,155,172,75,17,48,122,244,220,119
Best fitness found so far: 0.5851234045241356; k: 2.0
Generation: 80; 0.5851234045241356; k: 2.0; 49,165,150,57,91,209,93,231,167,3,51,107,66,135,80,205,127,163,81,244,24,128,135,155,128,202,12,91,130,19,93,231,167,3,37,3,37,125,59,75,239,98,142,140,73
Best fitness found so far: 0.5851234045241356; k: 2.0
Generation: 81; 0.5851234045241356; k: 2.0; 49,165,240,57,91,9,93,231,19,3,51,107,204,75,216,176,120,200,175,171,226,38,221,202,93,78,167,3,249
Best fitness found so far: 0.5851234045241356; k: 2.0
Generation: 82; 0.5851234045241356; k: 2.0; 49,165,150,57,7,209,93,231,167,48,51,107,204,205,127,216,39,235,104,180,61,167,3,247,155,150,57,87,209,93,87,167,3,145,107,204,232,80,205,127,205,127,29,73
Best fitness found so far: 0.5851234045241356; k: 2.0
Generation: 83; 0.5851234045241356; k: 2.0; 49,165,240,57,91,209,93,231,167,3,51,107,204,75,190,176,120,200,205,127,216,39,235,223,27,234,167,3,247,155,150,57,112,209,93,87,167,3,13,107,204,232,80,205,127,205,127,11,173
Best fitness found so far: 0.5851234045241356; k: 2.0
Generation: 84; 0.5851234045241356; k: 2.0; 49,165,150,57,91,209,93,231,167,3,51,107,204,140,80,81,44,184,3,135,155,172,239,55,120,61,157,3,190,155,172,202,176,46,249,107,119,165,231,178,248,134,27,47,219,3,247,155,172,167,181,148,107,204,143,80,218,200,52,81,244,24,128,135,155,245,201,176,120,48,146
Best fitness found so far: 0.5851234045241356; k: 2.0
Generation: 85; 0.5851234045241356; k: 2.0; 95,165,150,57,91,209,93,231,167,3,51,107,204,75,80,205,127,53,231,167,3,51,107,204,75,80,205,127,86,39,235,223,27,61,167,3,247,155,172,202,176,65,130,50,188,219,167,110,20,167,3,51,124,202,130,220,47
Best fitness found so far: 0.5851234045241356; k: 2.0
Generation: 86; 0.5987125264864168; k: 2.0; 103,165,240,57,91,91,209,93,231,167,3,51,107,204,75,80,205,127,247,165,219,176,65,235,247,155,44,53,231,167,182,242,27,231,167,243,10,235
Best fitness found so far: 0.5987125264864168; k: 2.0
Generation: 87; 0.5851234045241356; k: 2.0; 110,165,150,57,91,209,39,231,167,3,51,107,204,75,57,75,149,127,247,165,219,176,65,235,136,155,44,53,231,167,182,242,27,231,167,243,10,235
Best fitness found so far: 0.5987125264864168; k: 2.0
Generation: 88; 0.5851234045241356; k: 2.0; 110,165,150,57,91,209,39,231,167,3,51,107,204,75,57,238,127,11,81,216,61,167,13,247,155,172,202,12,65,41,49,234,150,57,91,209,93,231,167,3,51,107,204,75,80,75,127,11,81,244,189,128,135,155,172,62,149,120,27,231,208,18,176,176,130,73,229,219,167,71
Best fitness found so far: 0.5987125264864168; k: 2.0
Generation: 89; 0.5851234045241356; k: 2.0; 49,165,150,57,91,209,93,231,167,3,51,107,204,75,80,205,127,216,39,235,223,73
Best fitness found so far: 0.5987125264864168; k: 2.0
Generation: 90; 0.5851234045241356; k: 2.0; 49,165,150,57,91,209,93,231,167,3,51,107,204,75,80,205,217,63,81,244,24,128,51,107,244,75,80,205,73
Best fitness found so far: 0.5987125264864168; k: 2.0
Generation: 91; 0.5851234045241356; k: 2.0; 126,165,150,69,91,209,93,231,167,3,51,107,66,75,80,12,127,11,81,244,24,128,135,155,236,202,12,145,250,203,220,15,92,109,176,249,220,91,46,249,113,158,49,21,15,116,91,202,54,83,243,196,51,133,204,75,120,9,64,27,57,167,130,172,235
Best fitness found so far: 0.5987125264864168; k: 2.0
Generation: 92; 0.5851234045241356; k: 2.0; 53,165,150,57,91,244,93,231,89,3,51,107,48,75,80,205,127,11,149,75,153
Best fitness found so far: 0.5987125264864168; k: 2.0
Generation: 93; 0.5851234045241356; k: 2.0; 49,165,150,57,91,209,93,231,167,3,51,107,184,75,84,81,44,250,3,161,172,172,111,176,120,61,157,3,4,81,34,164,159,135,155,172,202,176,64,133,231,172,14,176,176,127,11,175,81,55,220,135,155,119,202,60,120,27,231,76,202,176,81,167,3,51,107,204,75,62,75,127,11,81,244,24,216,176,65,14,50,141,219,121,143
Best fitness found so far: 0.5987125264864168; k: 2.0
Generation: 94; 0.5851234045241356; k: 2.0; 22,165,150,57,207,209,93,231,167,3,239,107,66,75,80,205,212,69,185,244,137,128,236,244,135,196,135,155,172,202,107,204,75,57,75,127,11,81,216,75,167,13,247,87,143,21,173,249,220,91,46,172,220,158,49,165,14,49,95,202,54,186,167,3,66,231,152,61,247,20,24,158,107,49,75,10,3,106,46,205,124,247,155,200,104
Best fitness found so far: 0.5987125264864168; k: 2.0
Generation: 95; 0.5851234045241356; k: 2.0; 234,165,150,57,57,209,93,231,167,3,51,107,66,75,72,89,127,11,81,244,24,128,135,155,58,202,12,147,72,203,82,15,44,213,167,182,3,77,7,92,61,3,90,21,73
Best fitness found so far: 0.5987125264864168; k: 2.0
Generation: 96; 0.5851234045241356; k: 2.0; 49,165,150,57,91,209,93,231,167,3,97,107,204,75,57,75,127,11,81,244,24,216,135,157,127,11,81,244,137,128,135,155,47,172,24,235,130,203,174,67,75,134,183,73
Best fitness found so far: 0.5987125264864168; k: 2.0
Generation: 97; 0.5851234045241356; k: 2.0; 49,165,150,57,91,209,93,231,223,3,51,107,204,180,80,205,127,11,81,244,96,207,209,93,231,167,3,51,107,94,75,80,108,127,11,185,244,175,128,148,75,190,176,149,75,119,81,231,185,198,247,162,155,156,127,11,81,244,164,189,135,155,172,202,176,150,27,231,172,202,176,176,127,11,81,244,24,128,135,155,172,119,60,120,27,231,172,202,176,224,130,73,229,219,167,71
Best fitness found so far: 0.5987125264864168; k: 2.0
Generation: 98; 0.5987125264864168; k: 2.0; 103,165,240,57,91,91,145,93,231,167,3,51,107,204,75,80,205,127,247,165,219,176,65,235,247,155,12,53,231,167,182,242,67,231,167,243,10,235
Best fitness found so far: 0.5987125264864168; k: 2.0
Generation: 99; 0.5987125264864168; k: 2.0; 103,165,240,57,91,91,209,93,231,167,3,51,107,179,75,80,205,127,247,165,219,176,65,235,247,155,44,53,231,127,56,249,220,158,49,165,14,150,185,31,75,118,231,162,3,51,107,220,36,27,220,127,3,73,80,205,127,247,165,219,176,65,235,247,155,44,53
Best fitness found so far: 0.5987125264864168; k: 2.0
Generation: 100; 0.5851234045241356; k: 2.0; 11,165,150,57,91,209,93,231,167,3,51,107,204,5,238,205,127,155,172,190,151,173,249,220,91,44,249,220,158,197,165,14,238,95,202,54,186,167,3,51,231,33,3,247,155,184,158,107,204,65,167,220,220,73,60,186,167,76,121,107,128,151,198,220,216,39,235,80,81,61,215,226,135,155,172,127,176,120,37,64,27,165,167,130,10,138
Best fitness found so far: 0.5987125264864168; k: 2.0
Generation: 101; 0.5987125264864168; k: 2.0; 103,29,240,57,91,91,209,93,231,167,3,51,107,29,75,80,205,127,247,165,219,176,65,235,247,90,250,53,231,127,18,249,220,158,49,165,14,150,185,31,75,200,231,162,41,51,107,220,36,42,220,127,3,73,80,205,127,247,165,75,176,65,235,3,155,150,57,91,64,93,231,167,3,51,107,204,75,80,205,127,11,73
Best fitness found so far: 0.5987125264864168; k: 2.0
Generation: 102; 0.5987125264864168; k: 2.0; 103,77,240,57,91,91,209,93,231,167,3,51,107,204,75,80,205,127,247,165,219,176,65,235,247,155,44,53,231,167,182,242,27,231,167,150,185,31,190,118,231,240,186,167,3,41,70,212,130,50,119
Best fitness found so far: 0.5987125264864168; k: 2.0
Generation: 103; 0.5851234045241356; k: 2.0; 49,29,240,57,91,209,93,231,167,3,51,107,204,75,190,176,51,107,204,75,190,176,149,75,153
Best fitness found so far: 0.5987125264864168; k: 2.0
Generation: 104; 0.5987125264864168; k: 2.0; 103,29,240,57,91,91,209,93,231,167,3,51,107,29,75,80,205,127,247,165,219,176,65,235,101,90,250,53,231,127,18,249,220,158,49,199,14,150,94,31,75,200,231,162,41,51,83,220,36,42,220,127,84,73,80,205,127,247,165,75,176,65,235,3,155,150,57,91,64,93,231,167,3,51,107,204,75,80,205,127,11,73
Best fitness found so far: 0.5987125264864168; k: 2.0
Generation: 105; 0.5851234045241356; k: 2.0; 49,165,150,150,91,209,93,231,167,3,61,107,204,75,80,205,204,11,242,244,24,128,135,29,172,202,176,120,48,64,27,231,167,130,10,231,217,3,247,108,172,202,231,65,77,51,128,84,26,68,80,205,186,135,249,235,223,27,61,167,192,130,155,241,150,57,91,209,93,231,167,3,51,107,204,75,80,75,130,88,31,205,118,231,240,186,167,3,41,65,202,130,220,119
Best fitness found so far: 0.5987125264864168; k: 2.0
Generation: 106; 0.5851234045241356; k: 2.0; 49,165,150,57,91,244,93,231,167,103,51,107,48,75,80,205,127,11,81,3,99,119,85,231,211,3,247,63,200,202,202,178,220,220,91,46,249,220,16,121,22,235,91,150,185,31,75,118,231,240,3,51,107,100,36,27,205,127,11,73
Best fitness found so far: 0.5987125264864168; k: 2.0
Generation: 107; 0.5851234045241356; k: 2.0; 99,165,150,150,91,209,93,231,167,3,61,107,204,75,80,205,127,11,81,51,24,128,135,29,172,202,176,120,48,64,27,185,167,130,10,231,217,3,247,171,172,202,231,65,77,158,185,84,204,68,80,228,250,135,39,235,223,27,209,93,231,167,3,51,107,66,75,80,205,204,217
Best fitness found so far: 0.5987125264864168; k: 2.0
Generation: 108; 0.5987125264864168; k: 2.0; 103,165,240,57,91,91,209,93,231,167,3,51,247,179,75,80,205,127,247,165,219,176,94,235,209,155,231,53,231,127,56,249,220,158,49,165,14,150,185,31,75,118,231,185,3,103,107,220,51,107,192,3,80,234,127,11,29,172,202,176,198,48,64,27,231,171,1,10,231,217,3,247,207,199,202,231,65,77,146,185,84,204,68,222,205,250,135,39,83,92,27,149,167,3,247,155,150,39,218,209,195,87,136,3,13,26,32,232,80,205,187,205,190,11,73
Best fitness found so far: 0.5987125264864168; k: 2.0
Generation: 109; 0.5987125264864168; k: 2.0; 103,165,240,57,91,91,209,93,231,167,3,51,247,179,75,80,205,127,247,165,219,176,94,235,209,155,44,53,231,127,56,249,220,158,49,165,14,150,185,79,75,118,231,162,3,51,107,220,47,107,192,3,80,234,209,93,231,167,3,125,107,90,75,80,39,44,184,3,135,224,172,239,27,177,61,41,3,147,155,172,202,22,98,220,243,92,205,24,99,119,85,231,149,128,247,155,172,202,202,81,121,24,145,135,155,84,202,12,91,130,209,93,231,244,3,37,107,134,75,165,98,140,28,58
Best fitness found so far: 0.5987125264864168; k: 2.0
Generation: 110; 0.5987125264864168; k: 2.0; 103,29,240,57,91,91,209,93,231,167,3,51,107,29,75,80,205,127,247,165,219,176,65,235,247,90,250,53,231,127,18,249,220,158,49,62,14,179,185,31,75,200,231,162,41,51,107,66,75,80,205,127,11,81,244,24,128,135,155,172,202,12,147,162,206,220,15,44,213,75,116,3,125,7,92,61,3,90,21,120,231,33,3,247,63,173,249,220,91,46,191,34,158,49,165,14,49,91,202,54,241,167,3,51,107,204,75,167,183,223,27,231,167,130,10,235,235,98,155,199,219,3,247,155,172,167,3,148,107,204,143,57,246,200,52,81,244,24,128,135,155,133,201,176,120,48,214,220,15,44,213,75,116,3,125,7,92,61,3,90,21,120,231,33,3,247,63,173,249,220
Best fitness found so far: 0.5987125264864168; k: 2.0
Generation: 111; 0.5987125264864168; k: 2.0; 103,165,240,57,91,91,209,93,231,167,215,51,247,179,75,80,205,127,247,165,219,46,94,235,209,155,231,53,231,127,56,249,167,73
Best fitness found so far: 0.5987125264864168; k: 2.0
Generation: 112; 0.5987125264864168; k: 2.0; 103,29,240,57,91,91,209,93,231,167,3,51,107,144,75,80,205,127,247,165,219,176,65,235,247,90,250,53,155
Best fitness found so far: 0.5987125264864168; k: 2.0
Generation: 113; 0.5987125264864168; k: 2.0; 103,165,240,57,91,91,209,93,231,167,7,51,247,179,75,80,205,127,247,165,219,46,94,235,209,155,231,53,231,127,56,249,204,216,230,165,14,190,185,31,75,118,231,35,3,103,158,220,51,107,189,3,3,10,235
Best fitness found so far: 0.5987125264864168; k: 2.0
Generation: 114; 0.5987125264864168; k: 2.0; 103,165,240,57,91,91,209,93,231,167,215,51,247,179,75,80,205,127,247,165,219,46,94,235,209,155,187,53,231,127,56,249,37,158,230,165,14,190,24,31,75,118,231,35,132,103,158,220,51,107,189,3,243,127,11,205,127,247,211,219,176,65,235,247,155,44,208,231,167,182,242,27,231,167,25,10,235
Best fitness found so far: 0.5987125264864168; k: 2.0
Generation: 115; 0.5987125264864168; k: 2.0; 77,29,240,57,91,91,209,93,231,167,3,51,107,29,119,80,205,127,247,165,219,171,65,235,247,90,250,53,177,35,63,195,220,158,49,165,14,150,185,202,75,32,231,162,149,51,107,220,182,42,157,127,182,14,75,94,231,162,229,51,73,220,36,42,220,154,84,73,163,205,127,247,165,75,176,65,235,3,155,7,57,91,150,57,93,209,102,231,167,3,51,102,204,75,80,224,127,247,66,202,176,15,235,235,155,44,16,231,22,182,220,1,156,23,83
Best fitness found so far: 0.5987125264864168; k: 2.0
Generation: 116; 0.5987125264864168; k: 2.0; 103,165,240,57,91,201,145,93,231,167,3,51,107,204,75,80,205,127,247,165,219,176,65,235,247,155,12,53,231,167,182,242,67,231,165,75,176,94,235,174,158,191,39,83,92,27,149,167,3,242,155,22,39,218,209,195,87,136,3,13,213,32,232,219,205,187,205,190,37,176
Best fitness found so far: 0.5987125264864168; k: 2.0
Generation: 117; 0.5987125264864168; k: 2.0; 103,77,240,57,91,91,209,93,231,167,3,51,107,204,75,80,205,127,247,165,219,176,65,235,247,155,248,53,231,167,182,242,27,231,167,150,185,31,190,118,231,240,186,167,205,127,247,30,104,176,65,235,247,155,44,53,231,167,182,242,27,231,38,243,10,235
Best fitness found so far: 0.5987125264864168; k: 2.0
Generation: 118; 0.5987125264864168; k: 2.0; 229,77,30,57,91,51,209,38,231,227,3,51,107,204,75,80,205,127,247,165,219,176,65,235,247,155,44,53,231,167,182,100,27,231,167,3,185,31,190,118,8,240,22,167,3,3,220,121,92,83,3,148,119,85,231,33,104,178,63,200,3,51,4,146,51,166,192,3,79,234,127,11,82
Best fitness found so far: 0.5987125264864168; k: 2.0
Generation: 119; 0.5987125264864168; k: 2.0; 131,29,240,57,91,91,209,93,231,167,3,51,107,29,75,80,205,127,247,165,43,176,146,235,247,90,250,53,231,127,18,249,220,158,49,62,14,179,142,31,75,200,195,162,41,51,107,66,75,65,108,111,185,158,196,41,51,83,220,36,228,220,127,84,73,142,93,76,157,215,51,247,179,75,80,205,127,196,165,219,46,94,235,209,155,231,53,231,127,56,249,27,73
Best fitness found so far: 0.5987125264864168; k: 2.0
Generation: 120; 0.6018918961842143; k: 2.0; 103,247,181,57,91,51,209,38,231,167,3,51,107,218,75,80,205,96,247,165,219,176,65,235,247,155,44,53,231,167,182,27,27,231,167,4,52,31,190,118,231,240,186,167,208,3,220,121,92,83,3,148,119,85,231,33,104,247,63,200,202,202,106,220,220,91,1,116,135,175,172,202,12,147,162,147,220,2,44,213,75,116,3,145,64,30,61,116,90,21,18,231,33,3,247,63,173,249,220,91,217,191,34,75,80,205,127,11,81,244,218,207,135,29,172,202,176,96,48,64,15,231,212,50,10,231,167,189,247,155,196,202,128,65,77,51,185,84,95,184,119,246,155
Best fitness found so far: 0.6018918961842143; k: 2.0
Generation: 121; 0.6018918961842143; k: 2.0; 103,247,181,57,91,51,209,38,231,167,3,51,107,218,75,80,205,96,247,165,219,176,65,235,247,155,44,53,72,167,182,27,27,231,167,4,52,31,190,118,231,240,186,182,208,3,220,121,92,122,3,148,119,85,231,73,104,247,161,200,202,202,106,220,220,91,1,116,135,175,172,11,12,147,162,147,220,2,44,213,75,116,3,145,64,30,157,116,90,21,18,143,33,3,247,63,145,249,220,91,217,191,34,75,80,205,127,11,81,244,218,207,135,29,172,202,118,96,48,64,15,231,212,50,10,231,70,189,247,155,196,202,128,65,77,31,75,59,123,162,41,51,83,220,243,46,235,103,29,240,57,91,91,142,93,231,167,3,51,230,29,75,80,205,127,247,165,219,176,65,235,101,90,250,53
Best fitness found so far: 0.6018918961842143; k: 2.0
Generation: 122; 0.5987125264864168; k: 2.0; 103,165,30,57,91,221,209,93,231,167,3,51,247,179,75,80,205,127,247,165,219,176,94,235,209,155,44,53,231,127,123,249,220,250,156,165,14,150,185,79,75,118,231,162,3,220,28,92,83,245,148,119,85,205,33,175,128,63,200,202,202,106,220,220,91,1,116,135,173,172,149,12,147,162,147,220,2,193,213,75,116,3,145,88,30,61,39,163,21,25,231,70,3,232,63,173,249,65,91,217,191,34,75,80,30,127,98,81,143,6,207,135,29,172,202,176,96,233,165,15,231,212,46,10,100,167,189,247,152,196,2,128,65,131,201,185,84,95,184,119,246,155,235,209,155,44,53,231,127,123,249,220,250,156,165,14,150,185,79,75,118,231,162,3,220,28,92,83,245,148,119,85,205,33,175,128,63,200,202,202,106,220,220,91,1,116,135,173,172,149,12,147,162,147,220,2,193,213,75,116,3,145,88,30,61,39,163,21,25,231,70,3,232,63,173,249,65,91,217,191,34,75,80,30,127,98,81,143,6,207,135,29,172,202,176,96,233,165,15,231,212,46,10,100,167
Best fitness found so far: 0.6018918961842143; k: 2.0
Generation: 123; 0.5987125264864168; k: 2.0; 30,165,240,57,91,91,209,93,231,167,3,51,107,204,75,80,205,127,247,165,219,176,20,235,247,155,44,53,231,167,182,242,91,64,93,195,3,230,107,29,119,80,205,127,247,165,157,171,41,235,247,90,250,53,206,193,134,195,220,148,211,165,14,66,72,202,75,32,231,4,149,51,107,54,182,42,49,199,14,150,94,31,171,200,231,196,22,51,84,73,163,222,127,247,165,75,176,65,235,3,17,63,57,91,150,57,93,209,102,231,167,3,51,102,111,91,80,224,185,247,66,4,176,15,235,235,228,44,16,231,4,182,220,1,8,23,150
Best fitness found so far: 0.6018918961842143; k: 2.0
Generation: 124; 0.5987125264864168; k: 2.0; 103,165,240,57,91,91,55,93,231,167,3,51,93,204,129,80,243,127,247,165,219,176,228,235,247,13,116,115,220,243,92,205,201,236,119,85,70,3,123,247,179,75,80,205,127,247,165,219,176,94,235,182,158,140,39,83,92,27,192,167,3,242,155,150,39,218,209,195,87,136,3,13,26,32,232,219,205,187,205,190,37,73
Best fitness found so far: 0.6018918961842143; k: 2.0
Generation: 125; 0.6018918961842143; k: 2.0; 103,247,181,57,91,51,209,38,231,167,3,51,107,218,75,80,205,96,247,165,219,176,65,235,247,215,44,53,72,167,182,27,27,231,167,4,178,31,200,3,51,4,146,51,166,192,168,79,93,127,11,82
Best fitness found so far: 0.6018918961842143; k: 2.0
Generation: 126; 0.6018918961842143; k: 2.0; 103,247,116,57,91,51,209,38,231,167,215,51,107,218,13,80,205,96,247,165,219,176,65,235,247,215,44,53,72,218,182,27,233,136,167,242,67,231,167,243,10,235
Best fitness found so far: 0.6018918961842143; k: 2.0
Generation: 127; 0.6018918961842143; k: 2.0; 103,247,181,57,91,51,209,38,105,167,3,51,107,218,75,80,205,96,247,165,129,176,65,75,247,155,44,53,72,167,182,27,27,231,167,4,52,31,190,118,199,240,56,182,206,3,220,121,92,122,3,148,119,5,231,73,104,247,161,200,202,202,106,220,220,91,1,159,135,175,172,11,12,88,30,61,39,163,21,25,231,70,3,232,63,173,249,65,91,217,191,34,75,80,30,64,98,81,143,231,207,135,29,172,202,176,96,233,165,15,231,212,46,18,100,167,189,247,152,196,2,128,65,131,201,185,84,95,184,119,246,155,235,209,155,44,53,147,91,243,249,220,250,156,165,14,150,185,79,30,118,231,162,3,220,209,92,83,245,148,119,85,205,33,175,128,63,200,80,91,106,220,220,91,1,28,135,173,172,149,12,147,162,147,220,2,179,17,75,116,3,145,88,30,61,39,163,21,25,85,70,3,232,63,173,249,65,91,217,191,34,75,65,30,127,98,81,143,6,207,135,29,172,202,176,96,233,165,15,231,212,46,10,100,167
Best fitness found so far: 0.6018918961842143; k: 2.0
Generation: 128; 0.6018918961842143; k: 2.0; 103,247,181,57,91,206,209,38,231,167,3,51,107,218,75,80,205,96,247,165,219,176,65,235,247,155,44,53,6,48,182,27,27,231,42,67,127,182,73,84,110,80,205,127,247,165,122,176,65,235,3,155,150,57,91,64,93,231,176,3,51,107,204,75,80,235,127,11,73,177,127,18,249,220,51,56,165,14,150,25,129,11,65,231,105,41,51,107,230,229
Best fitness found so far: 0.6018918961842143; k: 2.0
Generation: 129; 0.6018918961842143; k: 2.0; 103,247,181,57,91,51,209,38,105,167,3,51,107,218,75,80,205,96,247,165,129,176,215,75,97,155,44,53,213,167,99,27,27,231,167,4,52,31,190,118,199,113,56,182,206,3,220,121,92,122,3,148,119,5,231,73,104,247,161,200,202,202,106,220,158,74,1,159,135,175,172,11,12,88,30,61,92,163,21,25,231,70,3,179,63,173,249,65,91,80,191,34,75,80,30,64,98,81,143,231,207,135,249,172,202,176,96,233,50,15,231,212,46,18,100,167,168,247,152,196,2,128,65,131,201,164,62,225,119,119,246,155,235,209,148,44,53,147,146,243,249,228,250,156,165,14,150,57,91,91,194,93,231,167,3,51,107,29,75,80,205,127,247,165,219,176,65,235,25,90,250,53,177,127,18,249,220,51,49,224,99,150,25,31,11,65,231,162,41,51,107,118,36,42,67,127,182,73,84,110,80,205,127,247,165,122,176,7,235,73,155,150,109,41,64,93,231,103,3,51,107,204,75,80,215,127,11,73,20,127,18,249,220,51,49,1,17,150,25,31,11,65,231,162,41,51,107,102,36,143,231,207,135,249,172,202,176,96,233,50,15,231,212,46,18,100,167,168,247,152,196,2,128,65,131,201,164,62,225,119,119,246,155,235,209,148,44,53,147,146,243,249,228,250,156,165,14,150,57,91,91,194,93,231,167,3,51,107,29,75,80,205,127,247,165,219,176,65,235,25,90,250,53,177,127,18,249,220,51,49,224,99,150,25,31,11,65,231,162,41,51,107,118,36,42,67,127,182,73,84,110
Best fitness found so far: 0.6018918961842143; k: 2.0
Generation: 130; 0.6018918961842143; k: 2.0; 103,247,181,57,91,51,209,38,231,167,3,51,107,218,75,80,205,96,247,165,219,176,65,235,247,215,44,53,72,167,182,27,27,231,167,169,178,31,200,3,51,4,146,51,166,192,168,79,194,127,11,82
Best fitness found so far: 0.6018918961842143; k: 2.0
Generation: 131; 0.6018918961842143; k: 2.0; 103,247,181,57,91,41,209,38,231,167,3,51,107,218,75,80,205,96,247,165,219,176,65,235,244,215,44,53,72,167,182,64,27,247,155,44,53,72,167,182,27,27,61,167,4,52,31,190,118,231,240,186,182,208,3,220,121,19,122,3,148,119,85,231,73,104,247,161,200,202,202,106,220,220,91,1,116,135,175,172,11,12,147,162,147,220,2,44,213,75,116,3,145,64,30,219,116,90,137,18,228,33,65,247,63,145,249,220,91,217,191,34,75,80,205,127,11,81,244,218,207,135,29,172,202,118,96,48,64,15,231,15,50,10,231,32,189,247,155,196,202,128,65,77,31,75,59,123,162,41,185,83,220,243,46,235,103,29,240,87,91,159,142,93,231,15,3,51,230,29,116,92,205,127,247,165,219,176,65,235,101,90,250,185
Best fitness found so far: 0.6018918961842143; k: 2.0
Generation: 132; 0.6018918961842143; k: 2.0; 103,247,181,57,91,51,209,38,231,167,3,51,107,218,75,80,205,96,247,165,131,176,65,235,247,215,44,53,72,167,182,27,27,231,167,4,178,31,200,3,51,4,27,177,61,41,3,147,155,172,25,22,98,220,243,92,205,24,99,119,85,231,149,128,247,155,172,202,157,81,121,24,145,135,155,84,202,12,91,130,209,93,231,244,3,91,107,134,75,165,98,140,7,58
Best fitness found so far: 0.6018918961842143; k: 2.0
Generation: 133; 0.6018918961842143; k: 2.0; 103,247,181,57,91,51,209,38,231,167,3,51,107,218,75,80,205,96,247,165,219,176,65,235,247,155,44,53,72,167,182,198,27,231,167,4,52,31,190,118,231,185,186,182,208,3,220,121,92,237,3,148,143,85,231,73,104,247,161,200,202,103,129,220,220,195,1,116,135,175,172,11,12,147,162,147,220,2,44,213,75,116,3,145,64,30,20,116,90,21,18,143,33,3,13,63,214,222,220,91,217,191,34,75,80,205,127,11,81,244,210,207,135,29,172,202,118,96,48,64,15,231,212,50,10,231,179,189,247,155,115,202,128,65,77,137,75,59,159,162,41,51,83,220,243,46,235,103,29,240,57,91,91,142,93,231,167,3,51,230,29,250,80,205,127,247,207,19,142,93,231,167,147,51,230,29,75,80,205,127,247,165,219,176,65,235,127,90,250,53
Best fitness found so far: 0.6018918961842143; k: 2.0
Generation: 134; 0.6018918961842143; k: 2.0; 103,247,181,57,91,51,209,38,231,167,3,51,107,218,75,80,205,96,247,165,219,176,65,235,247,155,44,53,72,167,182,198,27,231,167,4,52,31,190,118,231,185,186,182,208,3,220,121,92,237,3,148,143,85,231,73,104,247,161,200,202,103,129,220,220,195,1,74,135,175,172,47,183,147,162,95,220,2,44,213,75,116,3,145,64,167,20,104,90,127,247,165,56,46,94,235,209,155,231,53,231,127,56,249,56,216,230,165,190,190,185,31,154,118,231,35,3,103,158,220,51,107,189,3,3,133,235
Best fitness found so far: 0.6018918961842143; k: 2.0
Generation: 135; 0.6018918961842143; k: 2.0; 103,247,181,57,91,51,209,88,231,167,3,51,107,218,77,80,205,96,247,165,219,176,65,235,16,155,44,53,72,167,182,27,27,231,167,4,52,31,190,118,231,240,186,182,208,3,220,121,92,122,3,148,119,85,231,95,104,247,161,200,202,202,106,220,220,106,1,14,135,175,172,11,12,147,50,147,220,2,44,213,75,116,3,145,64,30,157,116,90,21,18,143,33,3,157,63,145,249,220,91,217,191,34,75,179,205,127,11,81,244,218,57,91,150,57,93,209,36,231,167,3,51,102,204,75,80,224,127,247,66,202,176,106,235,235,155,44,16,231,176,182,220,1,156,23,7
Best fitness found so far: 0.6018918961842143; k: 2.0
Generation: 136; 0.6018918961842143; k: 2.0; 103,93,221,57,91,41,209,38,231,167,3,51,107,218,37,80,205,96,247,165,219,176,65,235,26,215,155,53,72,167,182,64,27,247,155,44,53,4,167,182,27,56,61,167,4,52,233,190,94,231,240,19,107,169,3,220,115,19,122,3,148,119,85,108,73,156,202,161,200,202,220,91,1,118,77,175,172,158,183,88,30,61,39,215,26,25,206,70,3,232,63,89,249,65,81,161,191,34,75,80,30,64,98,52,198,231,207,135,29,172,202,176,96,181,165,15,231,212,46,18,100,86,101,247,152,196,2,128,65,45,201,185,84,95,184,104,246,155,235,209,155,44,195,147,91,223,249,220,250,156,165,198,150,49,79,30,211,231,162,3,163,209,92,83,54,148,119,85,205,33,175,128,63,200,80,91,106,220,220,91,1,28,135,173,172,149,12,147,162,117,220,2,179,98,44,116,68,214,71
Best fitness found so far: 0.6018918961842143; k: 2.0
Generation: 137; 0.6018918961842143; k: 2.0; 103,247,181,57,91,51,209,133,231,167,3,51,107,218,43,80,205,96,247,165,219,176,65,235,247,155,44,53,72,118,182,27,27,231,167,4,52,250,190,118,232,240,109,160,143,3,220,121,92,122,3,148,119,85,8,71
Best fitness found so far: 0.6018918961842143; k: 2.0
Generation: 138; 0.6018918961842143; k: 2.0; 103,247,221,57,91,41,209,38,231,167,3,51,197,218,37,80,205,96,153,165,171,176,65,235,26,215,44,53,201,167,69,64,31,247,155,44,53,72,167,182,27,27,61,167,4,245,181,44,72,231,240,154,107,50,3,220,121,19,122,3,148,119,85,231,73,156,247,161,200,202,220,91,1,118,166,175,172,11,233,88,30,61,39,183,147,162,112,220,2,44,49,75,116,3,145,64,50,20,104,90,127,247,102,56,46,94,235,209,155,231,24,231,127,56,249,56,216,230,165,190,190,185,174,154,118,231,35,3,200,158,220,51,35,189,3,3,133,235
Best fitness found so far: 0.6018918961842143; k: 2.0
Generation: 139; 0.6018918961842143; k: 2.0; 189,247,181,57,87,51,209,38,231,167,3,51,107,218,75,40,205,96,247,165,131,176,65,235,18,215,44,53,72,167,182,120,27,231,167,230,178,31,200,3,51,159,27,55,61,41,247,147,155,172,25,22,98,141,243,92,205,24,45,119,85,231,149,128,247,155,172,202,157,81,121,24,145,135,155,84,202,12,91,130,209,93,190,118,232,240,109,182,208,3,220,121,92,122,3,8,119,132,121,71
Best fitness found so far: 0.6018918961842143; k: 2.0
Generation: 140; 0.6018918961842143; k: 2.0; 103,247,181,57,91,51,209,38,231,167,75,51,107,218,75,80,205,96,247,165,93,176,65,235,247,155,44,53,72,167,182,216,27,231,167,4,52,31,190,163,217,240,27,231,167,4,52,31,59,9,199,240,56,182,206,3,220,121,92,122,3,148,132,5,231,73,104,247,161,200,202,202,106,16,220,91,1,159,135,175,172,11,12,88,68,61,39,163,21,25,119,70,3,232,63,173,249,65,91,217,191,34,75,80,30,64,98,81,143,231,207,135,29,178,202,25,96,233,165,15,231,212,46,18,100,167,189,247,152,196,2,128,65,131,201,185,84,95,184,119,246,155,235,209,155,44,53,182,91,243,249,160,250,156,131,14,150,185,79,30,118,231,162,3,220,209,92,241,245,148,119,85,205,33,175,128,63,200,80,91,106,220,220,91,1,28,135,173,172,174,12,147,162,147,220,2,179,5,75,116,3,145,88,246,61,39,163,21,25,181,201,3,232,63,173,249,65,91,127,191,34,75,65,30,127,98,81,143,6,207,135,29,172,202,176,96,138,165,15,231,212,40,10,100,167,165,15,231,212,46,18,100,167,189,247,152,196,2,128,65,131,201,185,84,95,184,119,246,155,235,209,155,44,53,182,91,243,249,160,250,156,131,14,150,185,79,30,118,231,162,3,220,209,92,241,245,148,119,85,205,33,175,128,63,200,80,91,106,220,220,91,1,28,135,173,172,174,12,147,162,147,220,2,179,5,75,116,3,145,88,246,61,39,163,21,25,181,201,3,232,63,173,249,65,91,127,191,34,75,65,30,127,98,81,143
Best fitness found so far: 0.6018918961842143; k: 2.0
Generation: 141; 0.6018918961842143; k: 2.0; 103,247,181,57,91,51,209,163,231,167,3,51,71,218,75,80,205,96,173,185,219,176,65,235,22,155,44,53,72,167,182,27,27,231,58,4,101,31,190,118,231,199,186,182,208,3,220,121,92,122,3,148,119,85,231,73,104,247,161,200,250,202,106,49,220,91,184,116,135,175,172,11,12,147,162,147,220,2,44,213,75,116,3,145,23,30,232,240,109,182,208,3,220,121,73,104,247,161,200,202,202,106,220,220,91,1,116,53,175,148,11,187,158,3,234,54,61,102,3,247,32,150,57,218,209,195,87,136,3,13,107,126,232,80,118,114,205,3,97,73
Best fitness found so far: 0.6018918961842143; k: 2.0
Generation: 142; 0.6018918961842143; k: 2.0; 103,247,181,57,91,91,209,38,231,167,233,51,107,218,75,80,205,96,247,245,219,176,65,235,247,155,52,53,72,167,107,27,27,146,167,4,218,75,80,205,96,247,165,39,119,35,235,247,155,44,53,6,158,182,27,27,231,42,67,127,182,7,84,110,80,205,240,247,118,122,159,65,156,3,229,150,57,91,24,93,231,176,53,51,222,204,20,104,90,127,247,165,56,42,94,235,209,80,231,53,231,127,68,249,56,50,230,165,190,190,185,118,154,118,231,75,3,103,158,37,51,160,134,90,3,175,235
Best fitness found so far: 0.6018918961842143; k: 2.0
Generation: 143; 0.6018918961842143; k: 2.0; 103,247,221,57,91,41,209,38,231,167,3,51,39,218,37,80,205,96,153,165,171,176,65,235,26,215,44,53,201,167,69,64,31,247,155,44,53,72,167,182,27,27,61,188,4,245,88,54,72,231,240,154,107,50,3,220,121,197,122,3,148,119,207,231,73,156,247,161,200,202,220,91,1,118,85,175,163,11,233,88,30,61,39,183,147,162,112,220,2,246,49,75,116,3,145,64,180,20,104,90,127,247,102,56,184,94,235,209,155,231,24,100,127,56,249,56,94,230,165,190,85,185,174,6,118,231,35,3,200,158,220,51,35,189,3,3,133,235
Best fitness found so far: 0.6018918961842143; k: 2.0
Generation: 144; 0.6018918961842143; k: 2.0; 103,247,181,57,91,91,209,38,231,167,233,51,107,218,75,80,205,96,247,245,25,176,65,235,247,155,52,53,111,167,107,27,27,146,167,4,218,75,90,165,96,247,165,39,119,35,235,247,155,44,53,6,158,182,27,27,231,42,148,127,182,7,84,110,80,205,240,247,118,122,159,65,156,17,229,150,57,91,24,93,231,176,53,51,222,204,20,104,90,127,247,165,56,42,209,235,154,80,231,53,231,127,68,249,56,50,169,165,190,190,185,118,154,118,231,75,3,103,118,37,51,160,134,90,181,57,91,34,209,38,88,165,250,51,107,218,75,80,205,96,247,165,69,85,65,235,247,155,44,53,6,48,182,27,27,230,42,67,127,182,7,84,110,80,205,240,247,118,121,56,65,51,3,33,150,57,91,24,93,231,176,3,51,107,204,75,80,235,127,10,145,167
Best fitness found so far: 0.6018918961842143; k: 2.0
Generation: 145; 0.6018918961842143; k: 2.0; 103,199,181,57,91,141,209,38,231,167,3,51,107,53,187,130,241,96,247,80,219,176,217,235,247,155,44,53,72,19,182,194,27,231,246,235,52,31,190,206,46,240,91,182,208,3,220,121,82,158,3,33,102,85,231,189,104,247,161,93,202,102,106,220,220,186,30,10,135,110,38,206,12,147,162,147,3,2,44,4,245,181,44,72,231,160,154,247,189,3,151,121,204,122,178,148,62,103,231,73,156,247,161,200,202,220,176,1,118,166,92,145,11,233,88,30,61,39,183,147,1,112,220,2,44,49,75,116,3,145,64,50,20,196,90,127,247,102,56,46,94,235,245,155,231,24,231,127,56,249,56,216,230,165,190,60,185,174,154,118,231,38,3,200,158,84,110,80,205,240,247,118,122,159,65,156,159,76,106,57,91,24,93,121,176,53,51,221,204,20,104,90,127,247,165,56,42,94,235,209,80,231,53,231,127,68,151,56,50,230,165,190,190,185,118,154,118,231,75,3,103,158,37,51,160,72,90,35,175,235
Best fitness found so far: 0.6018918961842143; k: 2.0
Generation: 146; 0.6018918961842143; k: 2.0; 177,247,181,57,91,51,209,38,231,167,233,51,107,218,75,80,205,96,247,165,219,176,39,235,120,155,44,53,72,167,182,27,27,231,167,4,52,31,52,31,190,118,231,240,186,182,208,230,220,121,237,235,140,148,119,85,231,73,64,80,39,44,141,3,164,224,172,239,27,177,61,190,225,113,155,31,202,38,98,220,243,92,205,70,99,119,3,150,149,123,216,155,143,202,19,32,232,219,223,234,117,190,187,60
Best fitness found so far: 0.6018918961842143; k: 2.0
Generation: 147; 0.6018918961842143; k: 2.0; 103,247,221,150,91,41,209,38,231,167,3,51,107,218,37,80,205,96,247,165,219,176,241,235,26,215,44,187,72,167,182,64,27,247,155,44,212,72,167,155,27,27,61,167,4,52,123,190,118,231,240,186,107,169,3,220,121,19,122,3,148,119,85,231,73,156,247,161,105,202,220,91,1,118,150,126,172,11,233,88,234,61,39,230,21,25,83,70,3,106,213,173,249,65,91,217,191,34,75,92,30,64,98,249,143,231,207,135,29,172,55,176,207,135,29,172,202,246,96,48,64,15,231,212,50,10,231,179,189,247,155,121,153,128,65,51,137,75,59,159,65,92,51,83,207,243,46,235,103,29,240,139,71,91,142,93,231,167,3,51,230,29,244,80,205,127,247,207,19,142,93,231,167,147,51,230,29,75,51,205,127,247,165,219,176,65,235,218,210,250,53
Best fitness found so far: 0.6018918961842143; k: 2.0
Generation: 148; 0.6018918961842143; k: 2.0; 103,247,181,57,91,51,157,163,231,167,3,51,71,218,75,80,205,96,173,185,219,176,65,235,22,155,142,53,72,167,90,27,27,231,58,4,101,31,190,118,231,199,159,182,208,3,220,121,92,122,3,148,119,85,116,73,104,247,161,200,250,202,106,65,131,201,177,62,225,220,119,246,155,235,209,148,44,53,147,146,243,249,228,250,156,165,14,243,57,91,91,194,93,231,167,3,51,230,77,75,80,205,238,241,147,219,176,65,81,25,90,250,53,177,127,18,249,220,51,49,174,99,150,25,191,11,65,172,162,43,51,107,17,36,42,67,127,182,73,213,110
Best fitness found so far: 0.6018918961842143; k: 2.0
Generation: 149; 0.6018918961842143; k: 2.0; 103,247,181,57,91,51,209,38,231,167,233,51,107,218,183,80,205,96,247,165,219,176,65,235,247,155,44,53,141,167,182,27,75,231,167,4,52,31,190,118,71,223,186,182,139,3,220,121,92,122,3,148,119,25,231,73,104,247,161,200,202,202,157,220,220,91,1,241,135,175,172,176,202,147,162,147,220,2,44,156,75,116,3,145,64,30,157,93,90,21,18,143,33,3,247,63,145,107,220,91,217,191,222,75,208,4,127,11,81,95,218,3,135,29,172,202,96,96,48,64,15,231,212,50,10,231,70,155,74,155,196,185,128,65,77,126,75,59,123,162,2,51,83,220,243,46,2,77,29,240,57,91,91,142,93,231,167,3,51,230,29,75,80,180,127,247,165,219,11,24,202,182,10,3,220,121,92,205,96,247,165,129,176,65,75,247,155,44,29,72,167,20,27,27
Best fitness found so far: 0.6018918961842143; k: 2.0
Generation: 150; 0.6018918961842143; k: 2.0; 103,185,181,57,81,51,209,133,231,167,3,51,63,218,43,80,205,96,247,165,219,176,65,235,247,155,44,53,72,6,182,27,27,169,167,4,52,250,190,118,232,240,109,160,143,3,155,121,92,122,3,44,119,85,8,71
Best fitness found so far: 0.6018918961842143; k: 2.0
Generation: 151; 0.6018918961842143; k: 2.0; 103,247,181,57,91,51,209,133,231,167,3,51,107,218,43,80,205,201,247,165,219,176,65,105,247,155,44,53,72,118,182,27,158,231,167,4,52,250,145,118,232,240,122,160,143,3,220,121,172,11,12,147,162,147,220,2,44,156,75,116,3,145,64,207,157,116,90,21,18,143,124,3,247,63,145,107,220,105,217,95,34,75,208,76,127,11,81,175,218,3,135,29,172,202,96,96,48,64,15,231,212,135,10,231,70,76,247,155,196,202,128,194,77,126,75,59,123,162,2,51,83,220,243,46,2,77,29,240,57,91,91,142,93,66,167,152,51,230,29,75,80,205,127,247,156,219,11,45,235,182,10,3,220,121,92,50,134,148,143,85,231,73,215,247,161,200,202,51,129,220,220,195,1,74,146,175,172,47,183,147,162,98,220,2,44,213,75,88,147,145,64,167,20,104,90,127,247,165,56,46,26,235,214,155,231,53,231,127,56,249,56,216,230,232,190,190,185,31,154,118,231,35,3,103,158,37,51,107,189,3,3,175,235,219,176,65,105,247,155,44,53,72,118,182,27,158,231,167,4,52,250,145,118,232,240,122,160,143,3,220,121,172,11,12,147,162,147,220,2,44,156,75,116,3,145,64,207,157,116,90,21,18,143,124,3,247,63,145,107,220,105,217,95,34,75,208,76,127,11,81,175,218,3,135,29,172,202,96,96,48,64,15,231,212,135,10,231,70,76,247,155,196,202,128,194,77,126,75,59,123,162,2,51,83,220,243,46,2,77,29,240,57,91,91,142,93,66,167,152,51,230,29,75,80,205,127,247,156,219,11,45,235,182,10,3,220,121,92,50,134,148,143,85,231,73,215,247,161,200,202,51,129,220,220,195,1,74,146,175,172,47,183,147,162,98,220,2,44,213,75,88,147,145,64,167,20,104,90,127,247,165,56,46,26,235,214,155,231,53,231,127,56,249
Best fitness found so far: 0.6018918961842143; k: 2.0
Generation: 152; 0.6018918961842143; k: 2.0; 103,247,181,57,95,66,209,38,231,167,3,51,107,218,75,80,205,96,247,165,219,176,65,235,247,155,3,220,121,75,122,3,148,119,85,196,150,156,247,161,200,205,220,91,1,118,198,175,172,11,233,60,30,61,39,183,147,162,179,220,2,61,49,75,102,141,74,64,50,20,179,90,127,247,231,149,183,247,100,172,202,202,81,17,24,145,135,8,84,24,194,91,1,209,31,231,244,3,37,107,134,196,165,52,140,28,58
Best fitness found so far: 0.6018918961842143; k: 2.0
Generation: 153; 0.6018918961842143; k: 2.0; 110,247,221,57,91,41,209,38,231,167,3,51,197,218,37,80,205,96,153,165,171,176,65,235,26,215,6,53,100,167,69,64,229,247,155,44,149,100,167,182,27,27,91,167,100,245,181,44,72,231,240,154,19,50,3,220,121,75,122,3,148,138,85,196,73,156,247,184,85,202,220,107,1,118,198,175,172,11,233,60,30,61,39,183,147,162,207,220,2,244,49,75,116,3,158,64,50,20,190,90,127,247,231,149,183,247,100,172,202,202,81,158,24,145,135,8,84,202,194,91,115,209,31,231,244,3,37,107,134,196,165,52,140,19,57,95,66,209,38,231,167,3,51,107,218,159,80,205,133,247,165,219,172,65,235,247,155,44,53,174,167,182,27,27,231,167,4,52,31,190,118,217,88,186,182,208,3,220,121,92,122,3,148,119,210,231,73,104,247,161,200,202,202,106,220,220,91,1,116,53,175,172,11,12,233,3,33,54,61,102,184,247,32,150,57,218,209,195,87,136,3,13,107,126,86,80,180,114,7,3,11,73
Best fitness found so far: 0.6018918961842143; k: 2.0
Generation: 154; 0.6018918961842143; k: 2.0; 208,247,181,57,91,51,209,38,105,167,3,51,107,218,75,80,205,96,247,165,129,176,65,75,89,155,44,53,72,133,182,27,27,231,218,4,52,31,190,118,199,240,56,182,206,3,220,121,92,122,3,148,119,5,231,73,189,247,161,200,202,202,106,220,220,220,1,159,135,20,172,11,12,88,30,61,39,163,21,25,231,70,3,232,63,173,249,65,91,217,191,34,75,80,30,112,98,81,143,231,207,135,29,172,202,176,96,233,165,15,231,212,182,18,100,167,189,174,152,196,2,128,65,177,127,15,249,220,158,49,167,201,150,185,31,75,65,88,162,41,51,107,220,36,42,67,127,94,73,80,205,127,247,165,75,169,65,235,3,155,150,57,212,127,56,249,6,135,29,172,202,176,96,233,165,15,231,212,46,18,100,86,189,247,152,196,2,128,65,131,99,185,84,95,184,119,246,155,235,53,155,44,195,147,91,243,249,220,250,156,165,198,150,49,59,30,211,231,162,3,163,209,92,83,54,148,159,85,42,33,175,128,63,200,80,91,106,220,220,91,1,28,135,173,6,149,12,147,174,8,220,2,179,85,44,116,3,214,88,160,61,39,169,21,25,85,70,3,232,63,173,249,59,91,226,130,34,75,176,30,127,38,81,143,6,207,135,29,172,114,176,96,233,165,15,231,212,36,10,106,167
Best fitness found so far: 0.6018918961842143; k: 2.0
Generation: 155; 0.6018918961842143; k: 2.0; 103,177,181,57,91,51,209,38,105,167,3,51,107,218,75,80,205,96,217,165,129,176,215,75,97,155,44,225,95,167,99,27,56,231,167,4,64,17,190,118,68,113,56,182,51,3,220,145,194,172,3,148,126,5,231,63,218,247,161,200,202,202,106,1,158,74,1,203,135,175,172,11,12,88,110,61,92,163,21,35,231,65,77,126,75,59,250,162,2,51,83,220,111,46,68,111,29,36,57,91,91,68,93,150,105,3,51,230,29,75,3,178,127,247,165,175,11,65,235,182,10,3,220,121,92,237,3,148,143,85,231,73,215,247,161,198,202,146,129,220,220,195,1,142,135,175,172,70,183,147,162,98,220,2,44,213,75,116,3,145,64,167,149,104,177,127,247,165,56,122,94,235,209,155,231,124,231,120,56,249,127,216,230,69,92,97,185,31,1,180,231,35,3,103,158,37,51,107,189,3,3,231,167,3,51,102,197,75,80,205,127,247,66,202,138,15,235,235,68,44,233,133,22,182,220,119,87,23,246
Best fitness found so far: 0.6018918961842143; k: 2.0
Generation: 156; 0.6018918961842143; k: 2.0; 103,203,221,150,15,41,99,38,231,167,3,51,107,218,37,80,205,96,247,165,219,176,65,235,26,215,44,54,122,42,182,64,27,90,155,198,196,72,167,107,27,27,135,167,4,52,31,190,118,231,240,186,107,162,3,220,121,165,129,176,215,75,97,155,44,96,213,167,160,27,156,89,4,4,52,31,56,118,199,113,56,245,206,3,220,6,110,206,3,148,119,5,88,73,104,105,161,160,202,202,106,220,158,74,1,186,135,194,172,11,12,44,156,61,92,163,21,25,231,70,3,62,63,208,249,65,91,80,192,34,75,80,30,64,222,81,143,231,207,135,249,172,202,176,96,233,50,15,231,212,66,18,100,167,168,247,152,196,2,146,164,131,201,164,241,60,119,119,246,155,235,5,148,44,40,147,146,243,249,208,250,156,165,147,150,234,172,30,194,93,231,205,3,51,107,29,75,153,66,14,247,165,219,176,65,231,199,186,182,208,3,220,121,92,122,3,148,119,85,231,73,104,247,232,200,250,242,230,49,220,91,184,116,135,175,172,11,12,147,162,147,220,2,44,213,75,116,3,145,83,30,232,240,109,182,208,3,220,121,73,104,247,3,200,202,202,106,220,220,91,1,116,53,186,148,11,187,158,3,234,54,61,102,3,247,49,150,57,199,209,195,87,136,3,13,107,126,232,182,99,114,205,3,97,73
Best fitness found so far: 0.6018918961842143; k: 2.0
Generation: 157; 0.6018918961842143; k: 2.0; 103,247,181,57,91,206,17,38,231,167,3,51,107,218,75,80,205,96,247,165,69,176,65,235,84,155,44,196,6,90,88,69,27,244,42,67,127,182,7,84,110,164,4,101,31,190,118,225,92,56,182,206,3,48,121,175,122,195,148,119,140,231,85,104,247,161,200,196,234,172,220,158,74,137,159,135,175,172,31,12,88,38,61,92,163,21,25,231,70,3,117,63,173,249,65,87,80,191,34,153,80,30,60,128,81,143,231,207,53,108,172,22,176,166,153,50,15,231,220,121,110,182,3,148,119,5,88,73,104,247,161,200,202,202,106,220,165,74,1,186,135,194,172,11,12,44,156,61,92,180,21,25,231,70,3,62,63,208,249,65,91,107,192,34,75,80,138,64,222,81,143,231,207,135,249,172,202,176,96,233,50,15,231,212,66,18,100,167,168,247,152,196,2,128,65,131,201,164,62,60,119,119,246,155,235,209,148,44,40,147,146,243,249,228,250,156,165,147,150,234,91,30,194,93,231,167,3,51,107,228,75,153,66,14,43,165,219,176,65,235,25,90,250,53,177,127,18,249,220,51,49,224,99,150,25,31,11,65,231,162,3,249,158,131,51,35,222,3,3,133,235
Best fitness found so far: 0.6018918961842143; k: 2.0
Generation: 158; 0.6018918961842143; k: 2.0; 103,247,181,57,91,21,209,38,105,167,3,51,107,218,25,80,205,96,247,165,129,176,65,75,247,155,68,53,72,80,182,155,27,246,167,56,52,168,190,97,199,59,56,220,206,50,8,231,105,57,235,247,155,44,53,72,167,182,150,27,231,167,4,52,31,190,118,231,185,186,182,208,89,231,35,241,103,158,37,51,107,189,101,159,74,235
Best fitness found so far: 0.6018918961842143; k: 2.0
Generation: 159; 0.6018918961842143; k: 2.0; 103,247,181,57,133,51,209,38,105,167,3,51,107,218,75,80,205,96,247,165,129,176,65,75,247,155,44,53,72,167,182,164,27,221,95,4,52,31,210,118,199,240,197,118,206,3,103,121,92,122,3,148,108,192,231,57,104,247,209,163,50,6,3,51,107,204,75,202,205,127,177,249,220,126,49,165,14,49,91,202,54,83,243,196,24,73,104,247,161,200,202,202,106,220,220,195,1,116,135,175,172,11,12,147,162,147,220,2,44,213,75,116,3,145,64,30,157,116,90,21,18,143,192,3,247,63,145,249,220,91,217,191,34,75,80,205,127,11,81,226,218,207,17,29,172,202,118,187,48,64,15,231,212,50,227,231,70,243,247,155,196,202,128,65,77,31,75,59,123,171,41,51,195,220,243,237,235,103,29,240,57,91,91,167,230,231,167,3,51,230,115,75,80,205,127,247,165,219,176,137,235,12,90,250,53
Best fitness found so far: 0.6018918961842143; k: 2.0
Generation: 160; 0.6018918961842143; k: 2.0; 103,203,221,150,91,41,99,38,231,167,3,51,107,218,37,80,205,46,247,165,219,176,65,235,26,215,44,53,122,167,182,64,27,90,155,44,196,72,189,182,27,27,135,167,4,52,31,190,243,231,240,186,107,231,3,220,121,30,129,176,105,75,97,155,44,53,213,167,99,27,156,231,75,4,52,169,56,118,199,113,56,182,206,3,220,121,92,92,3,148,119,5,88,73,244,247,161,200,202,202,106,220,246,74,1,159,135,175,172,11,12,88,2,61,92,163,21,74,231,70,108,179,63,173,249,65,91,80,191,34,75,80,30,64,222,81,143,231,207,135,249,172,202,176,96,233,50,15,231,212,66,18,100,167,168,59,107,196,2,129,65,131,201,164,62,225,67,182,246,155,235,209,148,44,40,147,146,243,249,228,250,156,165,14,150,15,91,91,127,93,231,93,3,51,107,29,75,80,205,14,247,165,219,176,65,235,25,213,250,53,177,127,176,249,220,51,49,224,106,150,25,31,11,65,231,162,41,51,107,118,36,42,67,127,182,73,84,110,80,205,127,247,165,122,176,7,235,73,155,150,109,41,64,93,231,75,3,51,107,204,75,196,215,127,11,73,61,127,18,249,220,51,49,1,59,150,25,31,39,65,231,162,41,51,107,102,36,143,156,207,135,134,172,202,176,96,233,50,240,124,212,46,18,22,167,168,247,152,196,2,128,65,131,201,157,62,225,174,119,246,155,235,209,161,44,53,147,146,243,249,228,250,156,96,247,165,131,176,65,235,247,215,44,53,72,167,249,27,27,231,167,209,178,31,241,3,51,202,27,55,61,41,3,147,65,172,25,22,98,220,243,92,205,24,28,119,85,231,149,128,247,155,172,202,157,81,121,27,145,135,155,84,202,12,91,130,209,93,231,244,3,91,107,72,48,154,121,80,34,127,247,165,219,53,65,235,43,155,44,160
Best fitness found so far: 0.6018918961842143; k: 2.0
Generation: 161; 0.6018918961842143; k: 2.0; 103,199,181,57,91,141,209,38,231,167,3,51,107,53,187,100,241,96,247,80,219,176,217,235,247,155,44,53,72,170,182,194,27,231,246,235,52,80,190,118,231,240,91,182,208,3,220,49,82,158,3,33,119,172,231,189,104,247,161,206,202,102,97,220,220,91,30,91,158,194,93,231,167,3,51,230,77,75,80,205,180,241,165,219,176,65,235,25,90,250,53,177,127,18,249,220,51,49,224,99,150,25,191,11,65,172,162,41,51,107,118,36,103,67,127,182,73,125,110
Best fitness found so far: 0.6018918961842143; k: 2.0
Generation: 162; 0.6018918961842143; k: 2.0; 103,205,116,57,91,51,209,38,231,167,215,51,31,218,237,80,205,96,247,165,219,176,65,235,247,215,44,53,20,202,231,167,215,51,107,218,13,80,57,96,247,165,219,176,65,235,64,215,183,53,72,202,28,27,233,136,167,242,67,231,59,109,241,167,3,125,209,90,115,80,39,44,36,3,135,224,172,239,27,177,240,94,131,147,155,172,202,22,98,220,201,141,205,24,99,159,85,231,149,183,247,100,172,202,202,81,158,24,77,135,155,84,202,10,91,173,209,31,231,62,3,128,107,134,196,165,52,140,28,58
Best fitness found so far: 0.6018918961842143; k: 2.0
Generation: 163; 0.6018918961842143; k: 2.0; 103,247,181,57,91,51,209,38,231,167,233,106,107,218,75,80,205,96,247,245,219,176,65,235,247,155,44,53,72,167,182,27,27,146,167,4,52,31,48,118,231,240,186,182,208,3,220,121,19,122,3,115,119,85,231,73,128,247,161,200,190,202,157,220,215,91,1,116,135,87,14,11,12,39,162,217,220,2,44,239,75,116,29,145,64,30,157,116,90,21,18,143,33,3,247,247,155,172,202,157,81,121,24,145,192,155,84,202,12,91,130,209,93,231,244,3,91,107,134,75,165,98,140,7,58
Best fitness found so far: 0.6018918961842143; k: 2.0
Generation: 164; 0.6018918961842143; k: 2.0; 103,247,181,57,91,76,209,38,231,167,3,51,107,218,75,80,205,96,247,165,219,176,65,235,247,155,44,53,72,167,182,27,27,231,167,4,52,31,190,118,231,222,186,182,208,3,11,121,92,122,101,148,119,85,231,73,214,60,161,200,144,202,106,101,73,91,1,116,135,175,159,27,250,61,41,237,147,155,172,25,235,39,167,71,51,107,139,30
Best fitness found so far: 0.6018918961842143; k: 2.0
Generation: 165; 0.6018918961842143; k: 2.0; 103,247,181,57,91,206,209,53,231,167,3,51,107,218,75,80,221,96,247,165,219,176,65,235,247,155,44,53,6,48,182,27,27,231,42,67,127,182,73,144,98,80,205,127,108,165,122,176,65,241,3,238,150,57,91,64,93,24,176,18,51,107,204,32,80,235,127,113,73,177,189,247,155,115,202,128,65,77,215,108,59,159,162,41,51,83,220,243,46,235,103,29,240,57,91,91,152,93,231,167,3,142,230,29,47,48,205,127,247,207,19,142,93,235,167,147,51,230,29,75,80,31,75,59,123,162,41,134,83,220,243,64,235,103,29,240,166,91,110,142,93,231,167,3,51,230,29,75,80,205,127,247,165,219,176,65,235,127,90,250,53
Best fitness found so far: 0.6018918961842143; k: 2.0
Generation: 166; 0.6018918961842143; k: 2.0; 103,247,181,57,91,41,209,38,231,167,3,51,107,218,75,80,205,96,247,165,219,176,65,235,244,215,73,53,72,167,182,64,27,247,155,44,53,72,164,182,27,27,61,167,4,52,31,190,118,141,240,186,182,127,3,220,121,19,122,3,148,119,85,231,73,104,247,161,200,202,202,106,220,220,91,1,116,135,175,172,11,12,147,162,147,220,2,44,213,75,116,3,145,64,30,219,116,90,137,18,228,33,65,247,63,47,87,220,91,16,191,99,75,80,205,127,11,3,51,230,29,75,80,205,127,247,165,219,176,65,235,101,90,250,53
Best fitness found so far: 0.6018918961842143; k: 2.0
Generation: 167; 0.6018918961842143; k: 2.0; 103,247,181,57,91,51,165,38,105,167,3,51,249,218,75,80,205,96,247,165,129,176,215,75,97,155,214,53,213,167,99,194,182,198,27,231,167,4,52,31,190,118,231,185,186,182,100,3,220,23,92,237,96,247,165,219,176,218,235,247,155,44,53,134,75,165,98,180,7,58
Best fitness found so far: 0.6018918961842143; k: 2.0
Generation: 168; 0.6018918961842143; k: 2.0; 103,247,181,57,91,51,209,38,231,167,3,51,107,218,75,80,205,96,247,165,219,176,65,235,247,155,44,53,72,48,182,27,27,195,167,4,52,58,190,118,232,240,109,182,208,3,220,121,92,122,3,148,119,85,121,71
Best fitness found so far: 0.6018918961842143; k: 2.0
Generation: 169; 0.6049343345404865; k: 2.0; 103,247,181,57,91,51,209,38,231,167,3,51,33,218,75,248,205,139,247,165,219,176,65,235,247,175,44,53,72,48,182,27,27,247,145,57,237,91,116,186,12,167,248,245,247,179,45,80,205,127,133,165,219,46,118,235,209,16,231,140,231,149,56,249,220,158,230,165,14,95,185,31,200,118,231,35,3,103,172,220,111,107,190,37,18,249,244,158,49,199,92,49,94,31,80,205,69,247,165,120,200,175,232,231,167,130,10,205
Best fitness found so far: 0.6049343345404865; k: 2.0
Generation: 170; 0.6018918961842143; k: 2.0; 86,247,166,57,91,41,209,38,231,167,3,51,107,218,75,80,205,96,247,165,219,176,65,235,244,215,44,53,72,167,171,64,27,247,155,229,19,72,167,182,121,224,61,167,4,52,31,183,118,231,240,186,182,208,3,43,121,19,122,3,148,119,85,231,73,237,247,161,200,202,202,106,220,220,91,1,116,135,175,17,11,12,147,162,59,220,2,44,213,75,116,3,145,189,30,219,116,35,137,18,228,33,65,247,63,145,249,220,91,217,191,34,75,80,205,127,11,81,244,218,207,135,213,172,104,118,220,111,107,190,224,18,249,244,158,49,199,92,49,94,31,80,205,69,247,165,120,200,175,232,231,167,130,10,205,96,247,165,219,176,65,235,244,215,44,53,72,167,171
Best fitness found so far: 0.6049343345404865; k: 2.0
Generation: 171; 0.6049343345404865; k: 2.0; 103,247,181,57,91,51,209,38,231,167,3,51,121,218,75,248,205,139,247,165,115,176,65,235,143,175,44,53,72,48,182,27,213,75,116,134,145,64,35,219,116,90,137,18,228,33,107,247,63,145,249,250,91,217,191,34,75,80,205,127,11,81,244,218,207,35,29,172,202,118,96,48,64,15,231,15,50,10,231,32,17,247,155,196,202,128,65,77,31,75,104,123,162,41,185,83,220,243,46,235,103,29,240,87,230,159,223,93,231,15,3,51,230,29,116,92,123,127,247,165,219,176,65,235,101,205,250,185
Best fitness found so far: 0.6049343345404865; k: 2.0
Generation: 172; 0.6018918961842143; k: 2.0; 103,231,221,57,91,41,209,38,83,167,239,51,197,218,37,80,205,96,153,165,171,176,65,235,26,215,44,127,201,167,69,183,31,230,155,44,53,72,167,182,27,27,61,167,4,245,181,167,72,231,240,154,107,50,3,220,121,19,122,3,148,119,85,231,73,156,247,161,200,202,220,194,1,118,166,175,172,11,233,88,30,61,39,183,147,162,65,220,239,44,49,75,116,3,22,98,220,243,141,205,24,2,159,85,231,149,183,247,100,172,202,202,81,158,4,33,135,155,84,202,194,91,16,209,31,231,244,3,37,107,200,196,165,52,64,28,58
Best fitness found so far: 0.6049343345404865; k: 2.0
Generation: 173; 0.6018918961842143; k: 2.0; 103,205,116,57,91,51,209,38,231,167,215,51,107,218,13,80,205,96,247,165,219,176,65,235,247,215,44,53,72,202,182,247,165,219,176,65,235,31,215,44,53,72,167,182,27,27,231,167,4,83,31,200,3,131,4,146,51,166,192,168,79,93,127,11,82
Best fitness found so far: 0.6049343345404865; k: 2.0
Generation: 174; 0.6018918961842143; k: 2.0; 103,199,181,57,91,141,209,38,231,167,3,51,107,228,187,80,205,96,177,80,219,176,217,235,247,155,210,53,212,167,182,27,27,235,127,51,52,169,190,118,231,209,93,231,167,3,51,102,204,75,80,205,122,247,13,202,138,15,235,235,68,44,233,58,22,182,220,179,103,230,181,57,216,51,209,133,231,167,3,51,107,218,43,80,205,96,247,165,219,176,65,235,247,155,44,53,72,118,182,27,27,231,167,4,52,250,212,118,232,240,109,160,143,3,220,121,92,122,3,148,119,85,8,197
Best fitness found so far: 0.6049343345404865; k: 2.0
Generation: 175; 0.6018918961842143; k: 2.0; 103,205,116,57,91,51,209,38,231,167,215,51,107,218,13,80,57,96,247,165,219,176,65,235,247,215,44,53,72,202,28,27,233,136,167,242,67,231,59,243,241,167,3,125,107,90,75,80,39,44,36,3,32,232,219,205,195,63,190,37,60
Best fitness found so far: 0.6049343345404865; k: 2.0
Generation: 176; 0.6018918961842143; k: 2.0; 116,247,181,57,91,51,233,38,231,127,3,51,107,218,75,80,205,96,235,165,219,176,65,235,247,155,20,53,89,120,205,96,247,72,129,204,215,75,97,155,44,53,213,167,99,27,27,161,167,4,52,31,190,118,199,113,56,182,245,3,220,44,92,122,195,158,119,5,231,85,104,119,161,44,202,63,172,220,158,74,112,159,11,175,172,31,12,88,30,212,92,163,21,25,165,70,193,179,144,173,249,65,91,54,191,34,183,159,30,60,93,81,143,231,207,135,108,172,202,176,96,233,50,15,231,204,118,18,100,167,168,247,152,108,2,128,13,131,201,164,62,225,119,119,240,155,82,209,17,44,53,147,92,243,109,228,250,156,165,14,7,188,91,91,194,35,231,167,3,51,107,210,75,36,205,127,247,245,219,176,65,235,64,90,104,53,177,173,18,249,217,51,49,224,99,150,170,31,9,65,218,162,20,51,107,118,108,42,67,43,182,180,84,39,80,205,127,247,165,225,176,7,121,101,12,150,109,41,64,93,231,103,115,51,107,204,100,80,68,127,11,73,20,127,18,249,220,51,49,122,9,150,25,31,11,65,231,93,41,51,107,167,36,236,176,207,135,249,191,235,90,208,233,50,15,231,212,46,231,162,41,51,50,228,51,80,97,43,203,81,244,24,128,245,155,210,202,12,147,162,206,231,164,182,242,100,231,134,243,10,235,112,159,11,175,172,31,12,88,30,212,92,163,21,25,165,70,193,179,144,173,249,65,91,54,191,34,183,159,30,60,93,81,143,231,207,135,108,172,202,176,96,233,50,15,231,204,118,18,100,167,168,247,152,108,2,128,13,131,201,164,62,225,119,119,240,155,82,209,17,44,53,147,92,243,109,228,250,156,165,14,7,188,91,91,194,35,231,167,3,51,107,210,75,36,205,127,247,245,219,176,65,235,64,90,104,53,177,173,18,249,217,51,49,224,99,150,170,31,9,65,218,162,20,51,107,118,108,42,67,43,182,180,84,39,80,205,127,247,165,225,176,7,121,101,12,150,109,41,64,93,231,103,115,51,107,204,100,80,68,127,11,73,20,127,18,249
Best fitness found so far: 0.6049343345404865; k: 2.0
Generation: 177; 0.6049343345404865; k: 2.0; 103,247,181,57,91,51,139,38,231,167,3,51,121,218,75,248,205,139,247,165,115,176,65,20,143,175,44,178,72,48,182,27,219,75,116,134,145,64,35,219,116,90,137,18,228,33,107,247,63,145,249,250,91,217,191,34,75,80,249,173,11,166,244,218,207,35,29,172,202,118,96,48,64,179,231,15,50,10,231,32,17,247,155,196,202,128,165,77,31,75,104,140,162,41,185,83,220,243,46,235,103,29,240,87,230,159,223,244,231,15,3,47,230,29,116,92,123,127,247,165,219,176,73,31,110,80,205,127,250,165,122,176,109,235,3,108,150,116,91,64,93,231,5,3,232,107,101,75,80,235,127,11,73,177,104,99,249,220,51,56,165,14,150,3,250,26,32,229,219,205,234,205,190,37,60
Best fitness found so far: 0.6049343345404865; k: 2.0
Generation: 178; 0.6018918961842143; k: 2.0; 33,91,116,57,91,51,209,38,231,167,215,51,107,218,13,80,205,96,247,165,219,176,65,235,247,175,44,53,72,48,182,27,27,247,145,57,159,243,116,186,12,167,248,245,247,179,45,80,205,127,133,165,222,46,118,4,209,16,231,140,231,144,56,249,220,202,230,165,14,95,159,31,200,118,246,35,3,103,172,220,111,107,179,37,18,249,244,158,49,199,92,49,94,31,197,205,69,247,165,120,200,175,232,37,167,130,10,175
Best fitness found so far: 0.6049343345404865; k: 2.0
Generation: 179; 0.6018918961842143; k: 2.0; 103,57,181,57,91,206,209,38,231,167,3,51,107,218,75,80,205,96,247,45,69,176,65,235,84,155,44,196,6,90,182,69,27,244,42,67,127,182,7,84,110,164,212,101,31,190,118,225,92,56,182,206,3,220,121,250,122,122,148,119,140,231,102,104,247,161,48,202,113,172,220,158,74,137,159,135,175,172,31,12,88,38,171,92,163,21,25,231,70,44,117,63,173,227,65,87,80,191,34,153,33,24,60,98,81,143,231,207,53,108,11,227,176,95,153,50,15,143,212,46,18,100,143,49,247,152,196,2,128,65,131,201,135,62,225,119,119,83,155,235,209,207,44,53,147,95,206,249,228,145,156,165,14,195,91,46,249,195,148,119,5,231,234,104,204,75,202,205,116,177,249,220,126,49,165,14,49,91,202,54,83,243,196,24,107,72,244,120,48,64,27,4,30,115,172,235
Best fitness found so far: 0.6049343345404865; k: 2.0
Generation: 180; 0.6049343345404865; k: 2.0; 103,247,181,57,91,51,139,38,231,167,3,51,121,218,75,248,205,139,247,165,115,176,65,20,169,175,44,178,72,48,182,115,219,75,116,134,145,64,207,219,116,90,83,18,228,33,107,247,63,145,249,250,91,217,191,34,75,80,249,173,11,166,244,218,207,35,135,172,59,118,96,48,64,179,231,15,183,10,231,32,17,247,155,137,202,128,165,77,31,75,104,140,162,41,185,83,220,243,46,235,103,29,240,87,230,159,223,244,231,230,3,47,230,29,116,36,123,127,247,165,219,176,73,31,105,80,205,127,250,46,122,176,109,235,3,108,150,116,91,64,93,231,5,3,232,107,101,75,80,235,127,11,73,177,104,99,249,220,51,56,165,189,101,3,250,26,32,229,219,212,244,53,100,167,69,64,31,247,155,44,149,72,167,25,27,27,61,19,184,245,181,44,51,41,240,154,107,50,3,220,121,75,122,3,148,119,85,196,73,156,247,24,200,202,220,91,1,118,198,238,36,11,21,92,30,61,39,183,147,162,112,220,2,244,49,75,116,3,145,164,50,20,249,90,82,247,231,85,183,247,100,172,212,202,81,158,24,145,135,8,84,15,194,91,56,209,31,231,244,3,37,107,134,196,165,52,140,28,58
Best fitness found so far: 0.6049343345404865; k: 2.0
Generation: 181; 0.6049343345404865; k: 2.0; 103,247,181,57,91,51,209,38,231,167,3,51,121,218,197,248,205,139,247,165,115,176,65,60,143,175,164,53,172,48,182,27,213,75,116,134,145,64,35,240,116,90,137,18,46,118,107,247,63,145,249,250,91,217,191,34,75,80,205,127,236,81,244,218,207,188,29,55,202,118,96,41,64,15,231,15,50,10,231,32,17,247,155,196,202,128,65,77,31,75,228,123,162,41,185,83,220,240,46,235,103,29,240,87,81,30,176,73,31,105,80,151,127,234,46,122,176,99,235,3,108,150,116,91,64,93,231,5,3,232,107,101,75,80,74,127,55,73,177,104,103,249,220,51,56,165,189,144,3,250,26,26,229,219,212,244,53,100,167,69,64,31,247,155,44,149,72,143,25,27,27,61,19,184,245,181,44,51,41,240,154,107,50,3,220,121,75,121,3,148,119,85,196,83,156,247,24,200,165,220,91,1,118,198,238,36,11,21,92,30,61,39,183,147,162,112,220,2,244,117,75,116,3,145,164,50,209,249,90,82,247,231,85,183,247,100,172,247,11,120,158,24,112,42,8,84,15,194,91,56,209,31,231,244,3,37,107,134,196,165,52,140,28,58
Best fitness found so far: 0.6049343345404865; k: 2.0
Generation: 182; 0.6049343345404865; k: 2.0; 103,247,181,57,203,51,209,38,207,167,3,51,33,218,75,248,205,139,247,165,105,176,65,235,247,175,44,53,72,48,182,163,27,221,97,57,237,91,116,186,12,167,248,245,247,179,45,78,205,160,133,165,219,46,118,235,209,16,231,140,231,149,56,249,98,158,230,165,14,95,185,31,200,118,247,165,122,176,169,235,73,155,171,109,113,64,93,80,205,127,247,165,219,208,65,235,247,155,1,53,231,167,182,242,27,57,167,243,10,235
Best fitness found so far: 0.6049343345404865; k: 2.0
Generation: 183; 0.6049343345404865; k: 2.0; 103,247,181,57,91,51,139,38,231,167,3,51,121,218,75,248,205,139,247,165,115,176,65,20,169,175,44,178,72,48,182,115,219,75,116,134,145,3,207,219,168,90,83,18,228,110,107,247,249,76,231,10,135,29,172,202,176,96,233,165,15,231,212,46,18,100,86,189,247,152,196,2,128,65,198,201,185,84,95,184,69,246,155,235,209,155,44,195,147,91,243,249,62,250,156,104,198,150,49,79,30,211,231,162,3,163,209,92,83,54,148,119,119,205,33,175,128,63,200,80,91,106,220,209,217,1,28,135,173,172,149,12,147,162,8,220,240,179,85,44,116,3,214,88,30,61,39,168,162,25,85,70,3,232,63,173,249,59,91,217,130,34,75,65,30,127,43,81,229,6,207,135,29,172,202,176,96,233,165,15,231,212,81,10,106,167
Best fitness found so far: 0.6049343345404865; k: 2.0
Generation: 184; 0.6049343345404865; k: 2.0; 103,247,181,57,91,51,209,38,231,167,3,51,121,218,75,248,205,139,247,165,115,176,65,235,143,175,44,53,72,48,182,27,213,75,116,134,145,64,35,219,116,90,137,18,228,33,107,247,63,145,61,250,91,217,191,34,75,80,205,127,11,81,244,218,207,35,29,172,114,118,96,48,64,15,99,15,50,10,231,57,17,247,155,196,202,118,65,77,31,75,104,123,162,41,185,79,220,243,46,235,103,29,240,87,230,159,223,93,231,15,3,51,230,29,31,145,118,231,35,232,103,158,172,51,107,189,3,193,133,235
Best fitness found so far: 0.6049343345404865; k: 2.0
Generation: 185; 0.6049343345404865; k: 2.0; 103,247,181,57,203,51,209,38,207,167,3,51,33,218,75,248,205,139,247,165,105,176,65,235,247,175,44,53,72,48,182,163,27,221,97,57,237,91,116,186,12,167,248,245,247,179,45,78,209,153,133,165,219,46,118,143,209,16,103,140,231,149,56,249,98,158,230,165,1,95,185,10,235
Best fitness found so far: 0.6049343345404865; k: 2.0
Generation: 186; 0.6049343345404865; k: 2.0; 103,247,181,57,91,51,139,118,231,167,3,51,121,218,75,248,205,139,247,165,115,176,65,20,237,175,44,178,72,48,182,115,28,75,143,134,145,64,207,219,116,90,83,149,228,33,107,247,162,145,249,250,91,217,191,34,211,80,249,173,11,166,244,218,207,35,135,172,59,118,96,48,64,179,231,15,183,10,231,190,17,247,155,137,202,128,165,37,106,75,104,140,162,41,185,83,220,243,46,235,103,29,240,127,230,159,223,244,231,230,3,47,234,3,220,121,92,122,3,148,119,85,231,73,104,247,161,200,250,202,106,49,220,91,184,116,135,175,172,11,12,147,162,147,220,2,220,213,75,160,3,145,23,30,232,240,109,182,208,3,220,121,73,104,247,161,200,202,202,106,220,220,91,1,116,53,175,148,11,101,158,3,219,54,61,102,3,247,32,150,57,218,209,195,87,136,77,13,107,126,232,80,118,114,205,3,97,73
Best fitness found so far: 0.6049343345404865; k: 2.0
Generation: 187; 0.6049343345404865; k: 2.0; 103,247,181,57,91,51,209,38,231,167,3,51,33,218,75,248,205,139,247,165,219,106,65,235,247,175,44,53,72,48,182,27,27,247,145,57,237,91,149,125,12,167,248,169,247,179,45,80,205,220,2,244,49,75,116,3,151,164,50,20,119,90,82,247,231,85,183,247,100,172,212,202,81,158,24,145,135,8,84,15,194,91,56,209,31,231,244,3,37,107,134,196,165,52,140,47,58
Best fitness found so far: 0.6049343345404865; k: 2.0
Generation: 188; 0.6049343345404865; k: 2.0; 103,247,181,57,91,51,209,38,171,167,3,51,121,218,75,248,205,139,247,165,115,176,65,235,143,175,44,53,72,48,182,27,213,75,116,134,145,64,35,219,116,90,219,18,228,33,107,247,63,165,14,150,57,91,91,194,93,231,167,3,51,107,29,75,80,205,127,247,245,219,176,161,235,25,90,104,53,177,127,18,249,220,177,49,224,199,192,25,31,11,65,173,162,20,51,107,118,36,42,67,127,182,73,84,110,181,205,99,247,165,122,176,7,121,85,222,150,109,41,64,93,231,103,3,51,107,204,100,80,68,127,11,73,20,127,18,249,220,51,49,122,93,150,25,31,11,65,231,162,41,58,107,102,36,143,176,207,219,193,172,202,90,96,233,50,15,231,212,46,231,162,31,211,50,228,75,80,97,43,203,81,244,24,128,135,155,182,202,12,147,162,206,231,167,182,242,100,231,134,243,10,180
Best fitness found so far: 0.6049343345404865; k: 2.0
Generation: 189; 0.6049343345404865; k: 2.0; 103,247,181,57,91,51,209,38,231,167,3,51,33,218,75,248,205,139,247,165,219,106,65,235,247,220,44,53,72,48,182,27,27,247,145,57,237,91,149,125,4,179,248,169,247,179,45,80,129,11,65,231,105,41,134,107,230,208
Best fitness found so far: 0.6049343345404865; k: 2.0
Generation: 190; 0.6049343345404865; k: 2.0; 103,247,181,57,91,51,199,38,231,167,3,51,227,218,75,113,205,139,247,165,115,176,65,20,37,175,44,178,72,48,182,115,193,75,116,134,145,245,3,220,121,250,122,195,148,119,5,231,85,104,247,161,200,202,63,172,122,158,74,137,159,135,175,172,31,12,88,38,61,92,163,21,25,231,70,3,179,63,151,182,65,91,80,191,34,75,80,30,60,98,81,143,231,207,135,108,172,202,176,6,233,50,15,213,212,46,18,100,43,168,247,152,196,199,128,31,131,201,164,62,115,119,119,245,155,235,209,207,126,53,147,92,243,249,228,250,156,165,14,195,91,46,249,195,148,119,5,231,85,104,247,161,200,202,63,172,39,158,74,137,159,135,175,172,31,234,88,38,61,92,163,73,25,231,70,3,179,63,173,249,65,91,61,191,34,75,55,30,60,98,81,143,231,207,135,108,172,202,176,6,233,50,15,231,212,46,18,100,43,168,186,152,196,2,128,65,131
Best fitness found so far: 0.6049343345404865; k: 2.0
Generation: 191; 0.6049343345404865; k: 2.0; 103,247,181,57,211,51,139,38,231,167,3,151,121,218,75,248,205,139,247,165,115,176,65,20,143,175,44,178,228,48,107,62,139,75,116,176,145,90,35,121,116,90,137,18,111,33,107,193,201,145,183,86,91,217,191,34,75,80,192,231,48,104,247,209,93,131,6,167,51,107,204,75,202,205,127,177,138,220,126,121,165,14,49,91,202,54,83,243,50,3,220,121,75,121,118,148,119,85,55,83,156,203,24,114,165,220,91,1,118,101,238,36,206,21,92,186,61,39,183,147,162,20,220,2,244,117,142,116,3,89,232,50,209,37,11,82,247,231,85,247,247,100,172,247,11,120,158,24,65,42,8,84,15,194,91,56,209,31,231,244,107,37,202,130,66,57,245,140,28,58
Best fitness found so far: 0.6049343345404865; k: 2.0
Generation: 192; 0.6049343345404865; k: 2.0; 103,155,181,57,91,51,209,38,231,167,3,51,33,218,75,248,205,139,15,165,219,106,65,235,247,175,44,53,72,48,182,120,27,164,145,57,237,91,94,125,12,167,248,169,43,179,45,80,205,220,2,244,49,202,118,96,48,64,179,150,15,50,10,231,32,17,247,155,196,187,128,165,77,31,75,104,140,162,41,185,141,220,231,167,4,178,31,242,3,51,4,146,51,166,192,168,79,93,127,11,82
Best fitness found so far: 0.6049343345404865; k: 2.0
Generation: 193; 0.6049343345404865; k: 2.0; 103,247,181,57,91,51,139,38,231,167,3,51,121,218,75,148,205,139,247,165,115,176,65,20,37,175,44,178,72,48,182,115,219,75,116,134,145,3,207,219,168,90,83,18,228,110,107,247,249,22,231,10,128,207,219,210,90,83,40,228,110,107,160,249,76,231,10,15,181,10,202,176,96,4,165,15,82,212,46,18,100,86,189,171,152,196,2,128,161,17,234,185,84,95,196,69,246,85,235,209,155,44,195,215,91,125,249,127,11,17,177,181,125,249,220,51,201,214,14,51,25,129,11,65,231,105,41,51,107,230,244
Best fitness found so far: 0.6049343345404865; k: 2.0
Generation: 194; 0.6049343345404865; k: 2.0; 103,247,176,57,91,86,209,38,231,167,3,51,121,218,75,248,205,139,247,165,233,176,65,235,143,115,44,53,72,48,182,27,213,75,116,123,246,64,35,249,229,90,229,55,228,33,104,206,63,211,240,178,81,112,23,137,183,219,80,151,127,234,46,122,49,203,192,3,241,115,146,91,150,188,202,53,3,50,107,101,75,80,74,127,55,73,93,231,176,200,41,107,204,148,175,44,178,228,48,107,62,139,75,116,176,145,90,35,121,116,90,137,18,111,59,107,193,180,145,183,86,91,19,191,34,75,80,192,231,48,104,247,209,143,131,6,34,51,107,204,75,202,160,94,177,138,220,126,121,165,14,49,91,202,54,83,243,50,3,220,121,75,121,118,148,119,85,55,83,156,203,24,114,165,80,91,1,118,101,238,64,206,21,92,186,61,39,183,147,162,20,220,2,244,117,142,116,3,89,232,50,209,37,11,82,247,231,85,247,247,100,172,247,11,13,158,151,65,166,214,84,148,194,91,56,209,31,231,244,107,37,202,130,66,57,245,140,28,58
Best fitness found so far: 0.6049343345404865; k: 2.0
Generation: 195; 0.6049343345404865; k: 2.0; 103,247,181,57,91,51,139,38,231,167,3,151,121,218,75,248,205,139,247,165,143,176,65,20,97,175,44,178,201,214,182,62,219,217,116,68,145,64,35,106,116,90,137,29,162,41,51,107,118,36,42,107,46,18,74,28,18,247,75,226,123,145,64,140,205,51,33,218,75,248,205,139,247,165,219,176,65,235,247,175,44,53,14,48,182,27,27,247,145,57,237,91,182,186,163,167,248,245,247,16,45,80,205,127,133,165,219,46,118,235,209,16,231,140,231,149,56,249,84,158,17,165,14,95,185,31,200,118,231,35,61,103,172,220,111,107,190,37,18,249,244,158,49,199,92,49,94,235,80,205,11,247,165,120,200,175,194,231,167,130,10,205
Best fitness found so far: 0.6049343345404865; k: 2.0
Generation: 196; 0.6049343345404865; k: 2.0; 103,247,181,57,91,51,139,38,231,167,3,51,121,218,75,248,205,139,247,165,115,176,65,20,143,235,44,178,72,39,182,62,219,75,116,134,145,64,170,121,116,90,137,18,228,33,107,247,63,145,249,86,91,217,191,34,75,80,249,173,11,166,244,218,207,35,29,172,202,118,96,48,64,179,7,15,50,10,231,32,17,247,12,196,187,128,165,77,31,75,104,140,162,41,185,141,60,231,167,117,142,116,3,145,164,27,191,14,90,82,247,231,85,247,247,100,172,247,11,120,158,24,112,42,8,216,182,194,1,56,209,31,231,244,236,37,107,241,196,57,52,140,28,58
Best fitness found so far: 0.6049343345404865; k: 2.0
Generation: 197; 0.6049343345404865; k: 2.0; 103,247,181,57,91,51,139,38,231,167,3,51,121,218,75,248,205,139,247,165,115,176,65,20,169,175,44,178,60,48,149,115,219,220,116,134,9,3,207,219,210,90,83,212,228,110,107,247,249,76,231,47,15,29,10,202,176,143,233,165,15,231,170,20,18,100,86,189,247,152,196,2,128,161,97,201,185,37,95,184,69,246,165,235,209,155,44,195,147,134,184,3,62,250,156,104,198,150,49,79,30,211,231,51,3,163,209,92,83,54,148,119,228,82
Best fitness found so far: 0.6049343345404865; k: 2.0
Generation: 198; 0.6049343345404865; k: 2.0; 103,247,181,57,91,51,199,38,231,167,3,51,227,218,75,113,205,139,247,165,115,176,65,20,37,175,44,148,178,48,182,5,193,75,116,134,145,140,124,220,157,250,122,195,148,119,5,231,85,104,247,161,200,202,63,172,122,243,74,70,159,146,175,172,31,216,88,38,61,92,163,21,25,231,70,3,179,63,151,182,65,91,80,7,34,75,80,30,60,98,149,143,231,207,135,108,172,202,176,6,233,50,15,213,212,46,18,100,43,168,247,152,196,199,128,31,131,201,164,52,82,119,119,245,155,235,209,207,126,53,82,92,243,249,228,250,156,165,14,195,91,46,249,195,148,59,5,231,85,104,247,161,200,202,63,172,39,158,74,137,159,135,175,172,31,234,88,38,61,92,163,73,25,59,70,27,179,63,173,249,65,91,61,191,34,75,55,30,247,181,57,91,51,5,38,231,167,3,51,64,218,75,248,205,139,247,165,21,106,65,235,247,220,44,53,6,48,182,177,27,247,145,57,237,91,149,125,4,179,153,169,247,179,45,80,129,11,65,231,105,41,134,107,230,208
Best fitness found so far: 0.6049343345404865; k: 2.0
Generation: 199; 0.6049343345404865; k: 2.0; 80,247,181,57,91,51,139,118,231,167,3,51,121,218,75,248,205,139,247,165,115,176,65,20,237,175,44,178,85,48,182,115,28,75,143,134,145,64,18,219,116,41,31,231,244,107,37,202,130,66,57,206,140,28,179
Best fitness found so far: 0.6049343345404865; k: 2.0
Total time of execution of seed 9 : 25388019
Solution Fitness: -0.6049343345404865
Variables: uniform 6 eucledian split moveBetween moveAverage split moveBetween moveBetween moveNear join split join join moveBetween
