Generation: 0; 0.05262328410071119; k: 4.6; 207,181,22,123,159
Best fitness found so far: 0.05262328410071119; k: 4.6
Generation: 1; 0.5055384281674649; k: 2.4; 179,68,79,117,65,14,115,93,209,36,139,222,62,30,170,108,3
Best fitness found so far: 0.5055384281674649; k: 2.4
Generation: 2; 0.5693138929719012; k: 2.0; 28,30,166,213,233,136,91,5,137,137
Best fitness found so far: 0.5693138929719012; k: 2.0
Generation: 3; 0.5531190960165944; k: 2.0; 162,31,3,155,83,25,35,233,61,132,21,81,139,222,62,30,170,108,3
Best fitness found so far: 0.5693138929719012; k: 2.0
Generation: 4; 0.49859406750499036; k: 3.0; 123,138,31,96,39,249,83,25,159
Best fitness found so far: 0.5693138929719012; k: 2.0
Generation: 5; 0.5344758796802971; k: 2.0; 162,31,3,155,83,211,35,233,61,132,21,81,139,95,62,30,170,83,25,35,233,25,26
Best fitness found so far: 0.5693138929719012; k: 2.0
Generation: 6; 0.573584114086702; k: 2.0; 181,182,20,209,81,35,233,61,107,118,39,64,71,69,81,35,233
Best fitness found so far: 0.573584114086702; k: 2.0
Generation: 7; 0.5483147416787897; k: 2.0; 109,87,101,83,25,35,233,61,107,39,39,100,71,69
Best fitness found so far: 0.573584114086702; k: 2.0
Generation: 8; 0.5713846809632942; k: 2.0; 137,30,166,30,131,213,233,136,91,39,137,137
Best fitness found so far: 0.573584114086702; k: 2.0
Generation: 9; 0.559429448057179; k: 2.0; 35,108,242,87,101,25,35,233,61,132,21,81,139,222,62,30,170,108,3
Best fitness found so far: 0.573584114086702; k: 2.0
Generation: 10; 0.5712639128894029; k: 2.0; 109,87,180,119,63,96,109,67,31,91,5,155,83,25,35,233,61,145,21,81,139,222,62,30,170,108,3
Best fitness found so far: 0.573584114086702; k: 2.0
Generation: 11; 0.5757431515406417; k: 2.0; 221,67,140,181,81,35,233,136,103,118,39,64,71,102,38,35,233,102,128,5,137,137
Best fitness found so far: 0.5757431515406417; k: 2.0
Generation: 12; 0.5472643948400641; k: 2.0; 109,87,180,119,63,96,109,67,31,41,5,155,159
Best fitness found so far: 0.5757431515406417; k: 2.0
Generation: 13; 0.5757431515406417; k: 2.0; 221,67,140,181,81,170,233,136,103,118,39,64,71,102,38,35,219,5,65,137
Best fitness found so far: 0.5757431515406417; k: 2.0
Generation: 14; 0.5811782240960275; k: 2.0; 3,181,115,128,209,36,139,180,119,63,3,97,67,31,91,5,86,83,25,35,233,221,145,21,81,139,222,62,28,170,182,137,241,150,100,45,233,50,63,97,67,31,91,5,86,83,25,35,233,221,145,21,81,139,222,62,28,170,182
Best fitness found so far: 0.5811782240960275; k: 2.0
Generation: 15; 0.5811782240960275; k: 2.0; 3,181,115,128,209,36,139,180,119,63,3,97,67,31,91,5,86,83,223,215,233,221,145,21,81,139,222,62,28,54,182,137,241,150,100,45,233,50,63,97,67,31,91,5,21,83,126,244,233,221,145,21,81,139,222,239,41,5,155,135
Best fitness found so far: 0.5811782240960275; k: 2.0
Generation: 16; 0.5811782240960275; k: 2.0; 3,181,115,128,209,36,139,180,119,63,3,97,67,31,91,70,94,233,61,215,193,198,119,150,100,131,131,38,22,233,102,128,97
Best fitness found so far: 0.5811782240960275; k: 2.0
Generation: 17; 0.5915558327186071; k: 2.0; 130,82,115,128,209,36,1,155,83,61,25,193,213,164,39,30,6,108,124
Best fitness found so far: 0.5915558327186071; k: 2.0
Generation: 18; 0.5817902227496665; k: 2.0; 87,108,242,87,101,25,35,233,61,207,209,36,139,113,119,63,28,190,236,182,206,20
Best fitness found so far: 0.5915558327186071; k: 2.0
Generation: 19; 0.5817902227496665; k: 2.0; 87,108,242,87,101,25,35,233,61,207,209,36,139,113,119,63,128,35,187,102,128,35
Best fitness found so far: 0.5915558327186071; k: 2.0
Generation: 20; 0.5715325151180006; k: 2.0; 109,41,180,119,63,96,87,233,61,132,21,81,139,95,62,30,170,83,2,119,63,47,71,102,38,35,233,102,128,5,137,137
Best fitness found so far: 0.5915558327186071; k: 2.0
Generation: 21; 0.5811782240960275; k: 2.0; 3,181,115,128,209,36,139,180,119,63,3,97,67,31,91,5,112,155,31,41,5,155,135
Best fitness found so far: 0.5915558327186071; k: 2.0
Generation: 22; 0.5817902227496665; k: 2.0; 87,108,242,87,101,25,61,233,61,207,209,36,139,113,119,63,28,190,61,132,21,81,139,95,62,30,170,83,25,35,233,25,67
Best fitness found so far: 0.5915558327186071; k: 2.0
Generation: 23; 0.592106297239398; k: 2.0; 109,87,180,119,63,96,229,67,31,91,9,155,83,25,35,32,61,43,239,81,139,222,182,30,170,119,139,51,189,39,39,119,124,217,131,131,213,206,74,194,93,5,185,137,9,107,83,25,35,233,61,63,239,81,139,222,87,233,61,132,21,81,139,95,62,30,170,83,25,35,45,25,26
Best fitness found so far: 0.592106297239398; k: 2.0
Generation: 24; 0.5817902227496665; k: 2.0; 87,108,202,87,101,25,61,233,61,207,209,36,139,113,119,63,28,190,61,132,21,81,139,95,140,181,81,35,233,136,103,118,39,64,71,102,38,220,233,145,128,5,137,137
Best fitness found so far: 0.592106297239398; k: 2.0
Generation: 25; 0.5811782240960275; k: 2.0; 98,181,115,128,209,36,139,180,119,63,3,97,67,31,214,5,75,83,66,215,233,230,145,236,119,63,96,87,233,61,132,21,81,139,95,62,30,170,83,2,119,63,47,71,102,38,35,233,102,128,5,137,137
Best fitness found so far: 0.592106297239398; k: 2.0
Generation: 26; 0.5915558327186071; k: 2.0; 13,82,115,128,209,36,1,155,83,61,25,193,213,164,39,35,233,198,112,250,190,197,97
Best fitness found so far: 0.592106297239398; k: 2.0
Generation: 27; 0.5915558327186071; k: 2.0; 130,82,115,128,209,36,1,155,83,61,25,193,213,164,39,30,6,108,181,115,128,209,36,139,180,119,63,3,97,67,31,91,5,58,83,25,35,233,221,88,21,81,139,222,131,247,144,182,137,241,150,170,83,25,32,233,38,56
Best fitness found so far: 0.592106297239398; k: 2.0
Generation: 28; 0.5811782240960275; k: 2.0; 3,181,115,113,1,41,139,180,119,63,3,97,67,31,126,70,94,233,67,31,91,5,205,119,63,75,109,137,30,166,30,131,213,233,136,91,39,137,137
Best fitness found so far: 0.592106297239398; k: 2.0
Generation: 29; 0.5817902227496665; k: 2.0; 87,108,242,87,101,25,61,233,61,207,209,36,139,113,119,63,28,190,59,81,81,95,62,30,170,83,2,143,63,96,109,67,31,41,5,155,159
Best fitness found so far: 0.592106297239398; k: 2.0
Generation: 30; 0.5817902227496665; k: 2.0; 87,108,202,87,101,25,61,233,61,207,209,36,139,113,143,63,28,190,61,119,21,81,139,95,140,181,81,3,44,215,138,233
Best fitness found so far: 0.592106297239398; k: 2.0
Generation: 31; 0.5915558327186071; k: 2.0; 207,82,115,128,209,36,1,155,83,61,25,193,213,164,39,30,6,108,181,115,128,209,36,139,247,119,63,3,97,67,31,91,5,58,83,25,35,107,210,88,21,170,108,3
Best fitness found so far: 0.592106297239398; k: 2.0
Generation: 32; 0.5817902227496665; k: 2.0; 87,108,202,87,101,25,61,73,61,207,209,36,139,113,143,63,28,190,61,119,161,81,139,95,140,181,81,3,5,58,83,25,35,204,221,88,21,81,139,222,188,178,7,182,137,241,150,170,83,25,35,233,242,56
Best fitness found so far: 0.592106297239398; k: 2.0
Generation: 33; 0.5817902227496665; k: 2.0; 87,108,242,87,101,25,35,233,61,207,209,36,139,113,119,63,128,35,93,39,30,6,108,124
Best fitness found so far: 0.592106297239398; k: 2.0
Generation: 34; 0.5915558327186071; k: 2.0; 207,82,115,128,201,36,1,155,83,61,25,193,213,164,39,30,6,108,181,115,128,209,36,139,247,86,63,28,190,61,119,25,81,139,95,140,181,81,3,5,58,83,25,100,204,221,88,21,81,139,222,188,178,7,51,137,209,36,139,113,119,63,128,35,187,65,92,198
Best fitness found so far: 0.592106297239398; k: 2.0
Generation: 35; 0.5915558327186071; k: 2.0; 130,82,115,128,209,36,1,155,83,61,25,193,213,164,39,135,6,108,181,115,128,42,29,139,180,119,63,3,97,67,31,91,5,147,83,20,35,233,221,88,21,81,139,222,131,247,144,182,137,241,150,170,83,25,32,113,119,63,21,190,61,132,148,185,139,95,62,30,170,83,25,35,104,39,39,207,150,100,11,22,101,21,81,139,21,62,138,170,165,3
Best fitness found so far: 0.592106297239398; k: 2.0
Generation: 36; 0.5915558327186071; k: 2.0; 207,82,115,128,41,36,1,155,83,61,25,193,213,164,39,30,6,15,181,144,128,209,36,139,247,86,63,28,190,61,119,25,81,139,123,233,36,113,119,63,128,86,187,102,85,208
Best fitness found so far: 0.592106297239398; k: 2.0
Generation: 37; 0.5915558327186071; k: 2.0; 53,82,115,128,41,36,1,155,83,61,25,193,213,164,39,30,6,15,181,144,128,209,21,139,187,86,63,28,190,61,192,25,81,139,123,176,36,113,119,143,63,28,190,61,214,21,81,139,95,140,181,81,3,44,215,134,233
Best fitness found so far: 0.592106297239398; k: 2.0
Generation: 38; 0.5915558327186071; k: 2.0; 207,82,115,128,41,36,1,155,83,61,25,193,213,164,39,30,158,15,181,144,221,209,36,129,25,61,140,61,207,209,36,139,68,22,68,28,190,61,132,21,22,139,95,133,181,81,35,233,119,103,118,119,63,28,190,76,132,71,23,139,128,62,30,170,36,139,108,89,63,28,9,236,182,206,200
Best fitness found so far: 0.592106297239398; k: 2.0
Generation: 39; 0.5915558327186071; k: 2.0; 207,82,115,128,209,36,1,155,83,61,25,193,213,164,39,105,6,225,181,115,128,152,36,139,247,132,63,3,97,67,31,91,5,58,83,25,35,107,210,88,21,170,139,113,119,63,226,190,16,96,91,39,226,137
Best fitness found so far: 0.592106297239398; k: 2.0
Generation: 40; 0.5915558327186071; k: 2.0; 207,82,115,128,209,36,1,155,83,61,25,193,213,164,146,30,6,183,181,130,128,209,36,139,247,119,108,242,39,101,25,61,233,61,207,209,78,139,113,119,63,74,190,203,81,67,95,87,30,47,83,2,143,166,96,216,25,31,41,5,155,63,232,110,67,84,91,70,20,233,248,215,138,16,119,150,100,131,31,150,100,11,22,83,25,35,32,61,43,239,81,139,222,182,30,170,119,134,51,189,39,39,119,124,217,131,131,213,206,74,194,93,5,185,137,9,107,83,25,35,233,61,27,239,81,139,222,87,233,61,132,21,81,139,95,62,30,170,199,25,35,45,25,26
Best fitness found so far: 0.592106297239398; k: 2.0
Generation: 41; 0.5915558327186071; k: 2.0; 207,82,115,128,11,36,1,155,83,61,25,198,213,164,39,30,6,15,181,125,128,209,36,139,221,213,63,28,190,61,239,25,119,139,239,233,31,10,119,63,128,61,207,209,36,139,113,119,63,217,190,61,127,21,81,82,147,140,128,125,36,53,180,119,75,82,97,3,97,67,90,33,70,94,62,30,170,83,25,80,233,25,182
Best fitness found so far: 0.592106297239398; k: 2.0
Generation: 42; 0.5915558327186071; k: 2.0; 207,82,115,128,41,36,89,155,83,61,25,193,213,164,39,30,158,15,181,144,170,209,36,139,61,207,209,195,139,113,60,63,128,35,187,197,114,61,25,193,213,206,39,105,6,239,181,115,128,152,36,139,247,132,70,3,97,211,31,91,5,58,83,25,31,107,210,88,21,170,139,113,119,63,226,190,16,78,35,128,209,36,1,155,83,61,87,193,213,164,152,90,6,108,181,115,128,209,36,139,247,119,152,3,92,67,49,91,5,58,83,187,58,107,239,88,21,170,139,113,119,63,226,190,88,18,236,213,101,39,30,25,81,141,95,140,181,81,3,58,114,63,28,190,236,2,206,20
Best fitness found so far: 0.592106297239398; k: 2.0
Generation: 43; 0.592106297239398; k: 2.0; 109,161,180,119,63,96,229,67,31,91,9,5,83,25,35,32,61,43,239,216,139,222,182,30,170,119,248,51,192,36,139,38,56
Best fitness found so far: 0.592106297239398; k: 2.0
Generation: 44; 0.592106297239398; k: 2.0; 109,87,180,119,63,96,229,67,31,91,9,155,139,25,35,32,61,43,239,81,139,222,182,30,170,119,139,51,189,39,39,119,124,217,131,131,213,206,74,194,93,5,185,137,9,107,83,25,35,14,244,63,239,81,79,222,87,233,61,245,21,81,139,95,62,30,170,83,25,35,45,90,91,9,5,238,25,35,32,61,43,239,216,139,222,182,30,170,119,248,51,192,194,139,38,56
Best fitness found so far: 0.592106297239398; k: 2.0
Generation: 45; 0.5915558327186071; k: 2.0; 6,82,115,128,201,36,1,155,83,61,25,193,213,164,39,30,6,108,181,115,128,209,36,139,247,86,115,28,190,61,199,25,81,139,95,140,137,81,3,5,58,155,25,100,204,88,21,81,139,222,188,178,7,51,137,209,76,96,113,119,197,128,24,187,117,92,198,82,115,107,209,173,1,133,83,61,25,193,213,164,150,38,135,108,181,115,128,209,125,139,247,119,63,3,97,67,30,91,5,58,83,103,58,107,210,221,21,170,139,113,119,63,226,190,100,134,236,213,101,39,30,76,81,139,95,140,181,81,3,92,58,170,25,100,81,89,25,193,213,164,10,42,83,103,58,107,239,88,21,170,98,228,119,143,226,190,88,18,236,213,101,39,236,5,81,60,95,21,181,81,3,58,228,11,28,190,236,2,206,20
Best fitness found so far: 0.592106297239398; k: 2.0
Generation: 46; 0.592106297239398; k: 2.0; 109,87,180,119,63,96,229,112,31,91,9,155,83,180,35,32,61,205,239,81,5,222,182,30,170,119,139,51,189,39,39,119,124,217,131,131,213,206,74,194,93,63,236,213,101,39,236,5,81,139,197,140,181,81,3,58,114,11,28,190,236,2,206,20
Best fitness found so far: 0.592106297239398; k: 2.0
Generation: 47; 0.5915558327186071; k: 2.0; 130,82,115,137,209,36,1,155,83,61,25,193,213,164,56,30,161,180,124,31,105,5,58,83,199,35,233,239,88,134,81,180,121,131,247,144,182,19,241,150,170,151,189,78,220,140,218,209,131,137,180,119,249,82,97,236,165,67,210,33,70,94,233,67,213,164,70,51,6,108,181,115,128,209,36,139,169,119,63,3,97,67,30,184,5,58,83,103,58,161,210,88,240,170,139,113,119,63,226,190,88,14,236,213,101,39,30,25,81,139,95,230,181,81,3,5,58,166,25,100,204,221,88,21,81,139,222,188,178,7,51,137,209,36,110,113,119,63,128,151,187,65,92,198,82,115,128,209,36,1,57,188,61,25,193,213,41,95,30,2,108,181,10,128,209,36,139,247,119,63,3,97,67,30,91,5,58,83,103,186,107,210,88,21,170,139,57,119,63,226,190,5,134,236,213,101,39,30,25,81,139,95,140,181,81,3,5,58,35,25,100,204,221,88,21,81,139,183,188,178,7,51,137,209,36,110
Best fitness found so far: 0.592106297239398; k: 2.0
Generation: 48; 0.592106297239398; k: 2.0; 84,87,180,119,63,96,229,67,31,91,9,155,83,25,35,32,61,43,239,81,139,222,182,30,170,119,139,51,85,152,39,119,124,217,131,131,213,206,74,194,93,5,185,137,9,107,83,25,35,233,61,63,239,81,139,222,87,42,61,132,21,81,139,95,62,9,155,83,180,35,32,61,205,239,237,5,222,182,30,170,119,139,51,189,246,39,119,124,217,131,131,213,206,74,82,93,63,43,213,101,39,236,5,81,151,158,140,181,75,3,77,114,11,28,190,236,2,206,20,81,139,95,62,9,155,83,180,35,32,61,205,239,237,5,222,182,30,170,119,139,51,189,246,39,119,124,217,131,131,213,206,74,82,93,63,43,213
Best fitness found so far: 0.592106297239398; k: 2.0
Generation: 49; 0.592106297239398; k: 2.0; 109,87,180,119,63,96,229,112,31,91,9,155,83,180,35,32,61,205,239,241,5,222,182,30,170,121,139,222,131,247,144,12,137,144,150,170,83,25,32,233,38,219
Best fitness found so far: 0.592106297239398; k: 2.0
Generation: 50; 0.592106297239398; k: 2.0; 109,87,180,119,63,96,229,112,31,91,9,155,83,180,35,32,221,205,239,81,5,222,182,30,170,119,139,112,128,198,140,150,100,131,68,150,100,11,22,101,21,81,143,21,221,138,20,108,173,109,87,180,119,63,96,229,112,31,91,9,155,83,180,35,32,221,205,239,81,5,222
Best fitness found so far: 0.592106297239398; k: 2.0
Generation: 51; 0.592106297239398; k: 2.0; 249,87,180,119,63,96,229,67,49,91,9,155,139,25,35,32,61,43,175,81,139,222,178,30,170,119,139,25,189,173,39,1,155,83,61,25,193,213,164,39,100,158,15,18,56
Best fitness found so far: 0.592106297239398; k: 2.0
Generation: 52; 0.592106297239398; k: 2.0; 109,87,180,119,63,96,229,67,31,91,9,155,83,25,35,32,61,43,239,81,139,222,182,30,170,119,182,137,241,150,19,83,25,32,233,38,56
Best fitness found so far: 0.592106297239398; k: 2.0
Generation: 53; 0.592106297239398; k: 2.0; 109,87,180,119,63,96,229,112,31,91,9,155,83,180,35,32,61,205,247,121,17,222,182,30,170,119,139,51,49,91,9,155,139,25,35,32,84,43,239,81,139,222,178,30,223,119,200,51,189,39,39,119,220,217,94,131,213,206,74,194,183,5,185,137,172,91,83,61,113,119,63,226,223,16,78,22,39,226,105
Best fitness found so far: 0.592106297239398; k: 2.0
Generation: 54; 0.592106297239398; k: 2.0; 9,161,180,119,63,96,229,67,31,91,9,5,83,25,35,32,61,43,239,216,139,222,168,30,170,119,114,11,71,190,125,2,206,20
Best fitness found so far: 0.592106297239398; k: 2.0
Generation: 55; 0.592106297239398; k: 2.0; 230,87,180,119,63,96,229,112,31,91,9,155,83,180,35,32,221,205,239,81,5,222,182,30,170,119,139,82,128,198,140,150,100,131,68,150,100,11,22,101,21,57,104,21,221,138,20,108,173,215,87,180,204,63,96,229,222,182,30,230,79,139,51,189,39,90,193,124,217,131,131,7,206,74,194,93,63,236,213,101,39,236,193,81,139,197,140,181,81,3,77,114,11,153,190,236,2,206,20
Best fitness found so far: 0.592106297239398; k: 2.0
Generation: 56; 0.592106297239398; k: 2.0; 9,161,180,107,63,96,229,67,31,91,9,5,183,25,35,32,91,43,239,216,171,222,168,30,78,22,39,226,105
Best fitness found so far: 0.592106297239398; k: 2.0
Generation: 57; 0.592106297239398; k: 2.0; 109,87,180,119,63,96,229,112,31,91,9,155,83,180,35,32,61,205,239,241,5,222,182,30,170,121,139,222,131,247,144,180,146,63,96,229,67,31,91,9,155,83,220,35,155,61,43,22,106,250,222,182,30,170,119,139,51,189,39,39,119,124,36,149,202,213,206,74,194,130,5,185,139,9,159,115,95,237,32,160,112,120,186,3,92,155,21,113,5,118,83,139,222,178,30,170,119,139,51,189,39,130,119,124,217,94,131,213,206,74,194,183,5,185,137,172,107,83,61,99,119,63,198,223,16,78,22,48,185,105
Best fitness found so far: 0.592106297239398; k: 2.0
Generation: 58; 0.592106297239398; k: 2.0; 109,161,180,119,63,96,165,67,131,91,9,5,83,25,35,32,61,43,239,216,139,222,182,30,170,119,195,185,192,36,80,137,25,193,195,164,19,30,6,108,181,115,128,207,36,139,180,119,63,132,97,67,31,91,5,58,83,25,35,233,31,91,5,58,83,109,31,53,210,88,116,170,139,113,119,57,226,190,16,78,213,128,60,36,1,229,59,2,72,193,143,164,85,90,6,108,133,246,47,76,36,139,159,119,152,3,57,67,49,91,182,235,83,187,58,107,239,88,137,170,139,65,119,63,54,162,88,18,236,213,101,166,30,95,81,141,24,12,181,81,3,58,114,192,28,182,236,2,206,20
Best fitness found so far: 0.592106297239398; k: 2.0
Generation: 59; 0.592106297239398; k: 2.0; 109,85,180,119,63,96,229,82,31,91,9,155,83,180,35,32,61,205,239,81,5,222,182,30,170,214,139,194,146,73,39,45,124,217,131,30,85,196,183,101,93,63,236,213,101,39,6,5,229,139,197,140,181,211,57,81,43,87,176,36,113,210,36,127,135,207,209,114,139,113,60,63,128,35,187,197,114,61,25,193,213,105,39,105,6,239,18,220,128,152,36,139,212,132,70,3,97,244,31,91,5,58,83,69,31,107,210,88,21,170,139,113,119,63,226,131,16,91,35,3,33,36,1,155,83,61,87,193,213,164,152,90,6,108,181,115,128,209,36,139,247,119,218,3,92,177,49,91,5,58,83,187,58,107,136,88,239,170,139,218,119,63,30,139,51,39,152,246,119,124,186,131,179,213,130,134,194,93,5,144,137,9,107,65,25,35,170,61,141,145,81,151,248,11,42,61,165,21,81,139,95,62,205,155,83,53,35,32,119,205,106,237,5,193,182,30,170,38,139,51,156,75,39,119,124,217,131,131,213,206,74,82,93,214,43,213,101,97,236,5,236,151,158,67,37,75,3,77,114,161,28,190,236,2,206,20,81,139,137,62,9,155,112,172,35,32,61,205,237,237,5,222,47,53,82,115,29,201,36,1,155,83,219,25,193,213,164,39,30,6,108,181,115,128,209,58,139,134,86,63,230,190,61,207,25,81,139,2,140,181,81,3,5,58,83,25,100,204,221,102,21,81,139,222,188,178,7,51,137,209,36,139,113,119,114,13,35,214,65,92,198
Best fitness found so far: 0.592106297239398; k: 2.0
Generation: 60; 0.592106297239398; k: 2.0; 109,87,180,146,219,96,229,67,31,91,9,155,83,220,35,32,61,43,239,81,139,222,182,30,170,119,57,51,189,39,39,119,124,36,149,131,213,206,74,194,184,5,185,137,9,108,115,95,206,32,160,205,120,113,3,92,67,21,113,5,118,83,25,35,233,221,88,21,145,139,222,203,35,233,86,166,250,190,197,155,83,163,25,9,213,68,39,30,168,60,206,217,53,32,5,144,137,9,107,83,197,35,170,97,63,164,236,35,233,198,112,250,95,139,113,119,63,28,190,61,132,21,81,139,95,18,181,81,35,233,239,35,233,136,103,118,179,120,123,102,125,220,27,145,128,5,137,194
Best fitness found so far: 0.592106297239398; k: 2.0
Generation: 61; 0.592106297239398; k: 2.0; 84,117,180,59,63,96,229,67,31,91,9,155,83,25,35,32,133,43,239,81,139,222,182,30,170,119,139,51,39,152,246,119,124,217,131,179,22,106,74,194,215,5,144,137,9,107,83,98,35,170,61,63,28,79,129,132,21,81,139,95,18,181,164,35,233,42,35,38,136,103,118,94,49,71,102,179,220,27,97,119,63,45,97,67,30,91,5,58,83,244,58,107,210,88,21,170,139,55,119,33,226,190,103,134,236,213,84,67,30,237,196,134,95,140,181,110,120,5,133,83,25,112,190,221,222,215,81,139,222,127,178,7,89,137,209,36,110
Best fitness found so far: 0.592106297239398; k: 2.0
Generation: 62; 0.592106297239398; k: 2.0; 84,87,180,59,3,96,229,67,161,216,9,155,83,25,35,32,61,43,239,81,139,222,182,30,170,119,139,51,101,152,246,119,124,201,131,179,233,206,74,194,93,5,118,137,148,107,83,25,35,170,48,63,145,111,113,222,40,42,61,165,21,81,139,51,62,9,85,83,180,35,234,61,205,106,237,5,222,182,30,170,119,139,122,156,75,39,203,124,217,131,131,72,206,74,82,93,63,23,208,101,39,236,5,136,151,149,168,181,75,3,77,114,11,28,190,123,213,206,20,171,139,204,196,9,155,157,200,35,189,61,205,237,237,5,222,182,30,62,139,120,124,217,131,179,22,243,74,194,215,5,144,137,9,107,83,98,35,170,61,63,28,79,203,132,21,81,139,95,18,181,164,35,233,42,35,38,136,103,118,94,49,71,2,179,220,27,97,119,63,139,97,67,121,91,5,58,83,244,58,107,13,88,21,170,139,55,119,33,226,190,103,134,236,213,84,67,30,237,196,134,234,140,181,110,120,5,102,83,25,112,190,221,222,215,81,139,222,127,177,7,89,137,209,36,110
Best fitness found so far: 0.592106297239398; k: 2.0
Generation: 63; 0.592106297239398; k: 2.0; 109,87,180,119,63,96,93,112,31,91,9,155,83,180,35,32,221,205,239,81,5,222,182,30,170,119,139,112,128,198,11,150,100,12,81,113,222,181,42,174,165,67,31,91,164,106,83,25,35,32,61,43,239,216,106,222,182,21,170,119,248,51,192,36,25,183,105
Best fitness found so far: 0.592106297239398; k: 2.0
Generation: 64; 0.592106297239398; k: 2.0; 84,87,180,59,63,96,229,67,31,91,9,155,83,25,35,32,61,43,239,81,139,222,182,30,170,119,139,51,39,152,246,119,124,217,131,179,213,206,74,194,93,5,144,137,28,107,83,25,35,170,61,63,145,81,113,222,87,42,61,165,95,81,49,4,22,48,185,105
Best fitness found so far: 0.592106297239398; k: 2.0
Generation: 65; 0.592106297239398; k: 2.0; 109,183,180,146,63,96,229,67,31,91,9,155,83,25,35,32,61,43,239,81,139,222,182,30,170,97,163,51,189,39,59,185,137,9,107,175,25,35,14,102,63,239,81,79,107,27,233,61,245,21,81,83,61,121,193,161,19,39,100,119,63,206,229,67,31,91,9,5,83,25,35,32,61,43,239,216,139,222,168,30,170,119,114,11,71,190,125,2,206,20
Best fitness found so far: 0.592106297239398; k: 2.0
Generation: 66; 0.592106297239398; k: 2.0; 84,87,180,59,3,96,229,67,161,91,9,155,83,235,35,32,61,43,239,81,177,222,182,30,117,10,139,51,101,152,246,182,124,157,131,179,213,206,74,194,93,5,144,137,148,145,83,25,35,160,61,232,145,81,113,222,215,42,61,23,21,81,139,51,62,9,200,11,180,35,32,61,205,106,237,5,222,182,30,170,119,139,122,156,75,120,119,124,217,131,141,72,206,74,82,93,63,43,213,101,39,236,222,186,151,149,225,181,75,36,77,114,156,28,190,157,213,244,20,171,139,204,62,9,155,2,172,78,189,178,205,31,237,5,222,182,30,62,139,229,60,63,128,35,187,197,172,61,192,242,128,245,120,113,70,92,67,21,113,150,118,83,25,35,233,221,189,21,58,140,236,149,61,178,236,5,229,139,168,140,115,119,248,51,117,63,139,73,56
Best fitness found so far: 0.592106297239398; k: 2.0
Generation: 67; 0.592106297239398; k: 2.0; 109,87,180,146,63,96,229,67,31,91,9,155,83,220,35,32,61,133,105,81,139,222,182,30,170,119,139,249,189,198,217,119,105,3,149,131,213,206,27,194,93,5,185,137,9,108,115,64,206,32,160,205,146,113,3,4,67,21,113,5,118,83,25,35,233,81,247,222,182,30,170,119,139,247,85,152,72,119,124,217,131,131,213,124,25,194,93,5,185,137,9,107,83,25,35,233,61,63,239,81,139,201,87,42,61,132,209,2,139,158,62,9,155,211,180,185,32,45,205,239,237,5,222,182,30,202,119,139,51,189,246,75,119,124,119,139,112,128,198,47,150,88,131,68,209,100,11,22,170,83,25,32,233,38,211
Best fitness found so far: 0.592106297239398; k: 2.0
Generation: 68; 0.592106297239398; k: 2.0; 109,87,180,146,219,96,229,67,31,91,9,155,83,220,35,32,61,43,239,81,139,222,182,30,170,185,57,51,189,39,39,225,124,36,135,131,213,206,74,194,184,224,185,137,9,108,115,95,206,32,160,205,120,113,3,92,67,21,113,5,118,83,25,35,233,221,88,21,145,139,222,203,35,233,86,166,250,190,197,155,83,163,25,9,213,68,39,30,168,60,206,217,53,32,5,144,137,9,107,83,197,35,170,97,63,164,52,35,190,198,189,250,95,139,113,119,63,28,190,198,132,21,81,139,115,18,205,106,237,5,222,182,30,170,138,139,35,125,75,39,126,124,217,131,222,72,206,63,82,93,63,43,213,101,39,236,235,136,151,149,225,81,5,222,182,30,170,119,154,112,131,198,140,101,188,131,68,150,100,11,22,101,182,206,143,21,221,138,183,158,95,164,39,30,242,156,181,162,221,209,36,129,25,61,140,61,212,209,36,139,68,223,68,47,138,61,25,119,210,226,149,134,78,184,200,145,105
Best fitness found so far: 0.592106297239398; k: 2.0
Generation: 69; 0.592106297239398; k: 2.0; 84,87,180,59,63,96,229,67,31,91,9,155,107,25,35,32,61,43,239,81,139,222,190,30,170,119,120,51,39,6,246,119,124,217,131,179,213,206,210,194,93,5,144,137,9,107,83,25,35,11,61,183,145,81,113,222,87,42,61,165,21,81,139,55,62,9,95,83,180,210,224,61,205,106,237,5,222,182,30,170,119,139,51,156,220,39,119,191,217,131,131,213,206,74,82,93,221,43,213,101,39,236,5,136,151,158,225,181,75,3,77,114,11,237,190,236,2,206,20,81,139,133,62,9,155,83,172,35,32,61,205,22,237,5,222,182,30,195,139,113,60,158,152,35,187,197,114,61,25,193,128,206,39,105,6,239,181,115,128,161,36,139,247,132,70,3,131,213,17,182,82,93,191,174,213
Best fitness found so far: 0.592106297239398; k: 2.0
Generation: 70; 0.592106297239398; k: 2.0; 109,87,180,119,63,96,229,112,31,91,9,155,83,180,35,32,61,35,69,81,43,222,182,30,91,241,139,51,189,39,69,119,78,217,131,131,197,206,145,243,93,63,236,213,101,39,155,83,67,238,32,61,205,239,81,5,222,182,30,170,119,121,51,189,39,39,119,124,217,131,131,213,206,74,194,93,165,17,213,101,99,236,5,81,139,197,140,181,81,3,58,114,11,28,190,236,2,206,102
Best fitness found so far: 0.592106297239398; k: 2.0
Generation: 71; 0.592106297239398; k: 2.0; 84,87,180,59,63,96,229,67,31,91,9,155,83,25,35,32,61,43,239,81,139,222,182,30,185,119,139,129,39,115,246,75,160,217,131,168,60,206,217,53,32,5,144,137,9,107,83,197,35,170,97,63,164,236,35,233,198,83,25,35,214,61,119,63,226,190,242,134,236,126,101,39,241,25,81,139,95,231,181,81,3,5,58,83,25,243,204,221,88,21,81,246,222,188,178,7,51,240,209,36,110,113,104,63,2,151,187,65,92,198,82,115,128,209,36,1,155,187,61,25,193,213,164,167,30,6,108,235,115,128,209,36,139,247,119,63,3,97,67,30,91,5,58,67,13,58,107,210,88,21,170,139,113,119,63,226,190,100,134,236,213,101,39,30,237,196,139,193,140,181,110,41,5,58,83,25,100,204,221,88,215,81,139,121,127,178,7,51,137,209,36,249
Best fitness found so far: 0.592106297239398; k: 2.0
Generation: 72; 0.592106297239398; k: 2.0; 109,173,180,119,63,96,229,112,31,91,9,155,83,180,35,32,245,205,69,56,5,222,182,30,230,241,139,51,189,39,69,119,124,217,131,131,197,206,194,246,93,63,236,213,101,39,236,193,81,119,139,123,58,83,13,58,107,210,88,21,170,139,55,119,33,226,190,103,134,236,213,101,39,30,237,196,139,95,140,181,110,41,5,58,83,25,100,204,221,222,215,81,139,222,127,178,82,51,137,209,36,110
Best fitness found so far: 0.592106297239398; k: 2.0
Generation: 73; 0.592106297239398; k: 2.0; 140,87,180,119,161,96,229,112,31,91,9,155,83,180,35,32,61,205,199,81,5,222,182,30,230,50,139,51,189,39,217,119,124,114,131,131,7,206,53,194,180,35,142,117,205,239,241,35,222,182,30,83,31,35,233,46,88,105,93,63,236,213,101,39,236,108,229,139,197,140,242,81,57,89,48,87,176,57,71,45,143,223,72,190,127,214,21,81,139,95,140,181,199,237,66,244,99,167,233,38,219
Best fitness found so far: 0.592106297239398; k: 2.0
Generation: 74; 0.592106297239398; k: 2.0; 109,87,155,119,63,96,229,112,25,91,9,155,83,180,35,32,61,205,239,81,5,222,173,30,170,158,139,51,19,39,39,119,237,40,61,213,101,39,30,25,81,141,95,12,181,81,3,58,114,246,28,190,236,2,206,20
Best fitness found so far: 0.592106297239398; k: 2.0
Generation: 75; 0.592106297239398; k: 2.0; 73,85,180,119,63,96,229,82,31,91,9,155,83,180,35,32,61,205,57,81,247,222,182,30,170,171,139,122,189,73,39,96,124,217,131,46,213,196,74,101,93,63,236,213,101,39,6,5,229,139,197,140,29,63,57,81,43,87,176,36,113,210,36,127,135,207,209,195,139,113,60,63,128,35,187,197,114,61,25,193,213,105,39,105,6,239,181,115,128,152,36,139,247,2,70,3,97,244,31,91,5,58,83,126,31,107,210,88,21,170,139,61,192,100,128,245,19,105,6,239,181,115,128,40,48,139,247,132,115,72,97,211,31,91,96,58,70,64,232,215,232,88,21,170,139,113,119,3,226,242,16,206,84,128,60,36,95,33,59,2,77,140,183,164,25,225,233,38,219
Best fitness found so far: 0.592106297239398; k: 2.0
Generation: 76; 0.592106297239398; k: 2.0; 9,161,180,140,63,96,229,67,31,91,219,5,183,25,35,32,91,43,239,216,171,42,168,30,106,119,182,137,241,219,19,83,25,108,235,115,128,209,218,139,247,119,33,45,97,67,30,211,5,58,15,13,110,107,210,88,21,167,139,203,119,33,226,190,103,14,236,82,128,39,239,237,196,139,95,140,181,110,41,56,58,83,25,100,55,221,222,28,214,139,182,127,178,137,61,197,215,100,139,113,65,63,145,247,177,66,86,130,66,242,87,101,25,131,233,61,170,188,139,51,189,249,39,140,38,249,94,131,213,206,74,194,191,5,185,137,172,107,97,211,113,119,63,226,223,16,100,23,81,226,105
Best fitness found so far: 0.592106297239398; k: 2.0
Generation: 77; 0.592106297239398; k: 2.0; 109,87,180,119,63,96,229,67,31,91,9,155,139,25,157,97,61,43,239,81,139,222,182,30,170,111,139,51,189,226,39,119,124,217,116,131,213,206,61,194,61,39,31,124,36,149,131,159,150,74,237,93,5,185,137,113,60,63,128,35,187,197,114,61,25,193,213,105,39,105,6,239,18,220,128,152,36,139,212,132,70,31,97,244,31,91,58,58,83,48,31,107,210,88,21,170,139,113,119,63,226,131,16,91,35,3,33,220,1,155,83,61,196,193,213,164,152,90,6,108,181,115,128,209,36,139,247,119,205,3,92,177,49,91,5,58,83,187,58,128,136,88,239,170,139,218,119,63,30,139,51,39,152,246,119,124,186,131,179,213,130,134,151,93,5,144,196,9,107,65,25,35,170,61,141,145,81,151,248,11,42,61,165,21,81,139,95,62,205,155,83,53,35,32,119,205,106,237,5,193,182,30,170,38,129,51,156,75,39,119,226,217,131,131,213,206,74,82,93,214,140,213,101,97,236,5,236,151,158,61,37,75,3,77,114,160,28,190,236,2,206,20,81,139,137,62,9,155,19,172,35,32,61,205,237,237,10,222,47,53,82,115,29,201,36,1,155,83,219,25,193,213,164,39,30,66,108,181,115,128,209,58,139,134,86,63,230,190,61,207,25,81,139,2,61,181,81,3,5,58,83,25,100,204,129,184,21,81,139,222,188,67,7,51,137,209,36,139,113,119,114,13,35,214,65,92,198
Best fitness found so far: 0.592106297239398; k: 2.0
Generation: 78; 0.592106297239398; k: 2.0; 240,87,180,119,63,96,229,242,49,91,9,155,139,25,35,32,61,43,175,81,139,222,178,30,170,119,139,108,189,173,31,91,9,155,83,180,35,3,221,205,106,41,154,222,182,197,244,63,239,81,79,222,87,233,61,245,21,81,139,95,62,30,170,83,25,35,217,90,91,9,5,238,25,35,32,61,43,239,216,139,222,182,30,170,119,248,51,192,194,139,38,56
Best fitness found so far: 0.592106297239398; k: 2.0
Generation: 79; 0.592106297239398; k: 2.0; 84,87,180,59,3,96,229,67,199,91,9,155,239,235,237,32,61,43,239,81,139,222,182,30,117,10,139,51,101,152,246,119,124,157,131,179,213,206,74,194,93,5,144,137,148,107,83,143,35,170,61,32,145,81,113,222,82,42,61,23,21,81,139,51,62,115,200,83,180,35,32,61,205,106,237,5,222,182,30,170,119,139,122,156,75,39,119,124,217,131,131,72,197,74,82,93,63,32,213,101,39,236,5,136,151,92,225,7,75,3,77,114,11,28,190,123,213,244,110,171,139,204,62,9,155,2,172,134,110,189,205,237,237,5,222,182,155,62,139,120,60,63,128,35,187,197,73,61,192,242,128,245,222,105,6,189,181,115,128,160,36,139,247,51,70,3,97,211,31,91,5,58,70,109,31,215,210,88,21,170,183,5,185,137,172,107,78,61,113,119,63,226,223,16,78,20,39,226,105,83,143,35,170
Best fitness found so far: 0.592106297239398; k: 2.0
Generation: 80; 0.592106297239398; k: 2.0; 109,87,180,119,63,96,229,112,31,91,9,155,83,180,35,32,61,205,239,241,5,222,182,30,170,121,242,222,131,247,144,12,189,185,150,230,209,25,32,42,30,170,119,100,52,122,152,246,12,145,139,222,121,247,144,139,137,144,120,170,83,25,32,233,210,209,36,1,155,83,196,141,193,107,164,39,30,6,108,134
Best fitness found so far: 0.592106297239398; k: 2.0
Generation: 81; 0.592106297239398; k: 2.0; 84,87,180,59,63,96,229,67,31,91,9,95,83,30,35,187,61,43,239,81,139,222,182,30,185,119,139,129,39,106,110,157,72,217,131,48,60,206,100,53,32,5,144,137,106,60,83,197,35,170,97,36,164,236,35,233,214,19,18,95,139,113,119,63,28,79,129,132,21,81,139,95,18,181,244,35,233,204,79,38,136,103,118,94,49,71,126,125,220,27,97,119,63,45,97,67,30,227,5,58,35,13,58,107,210,88,21,170,139,55,119,33,226,104,103,134,236,213,101,39,30,237,196,134,95,140,181,110,120,130,58,62,25,230,190,221,222,190,189,82,115,29,201,36,1,111,83,219,25,193,213,123,39,30,118,108,181,115,128,209,153,139,134,86,63,28,190,61,190,132,81,139,95,140,181,81,3,5,58,98,14,100,204,221,133,21,81,139,100,188,178,7,51,137,94,36,139,113,119,114,13,35,187,118,92,198,83,180,13,114
Best fitness found so far: 0.592106297239398; k: 2.0
Generation: 82; 0.592106297239398; k: 2.0; 9,161,180,119,175,96,119,67,31,91,9,180,83,25,35,32,61,208,239,216,139,222,168,30,182,137,241,150,170,225,25,49,194,19,96,229,222,49,91,9,155,139,25,1,32,12,43,175,81,139,222,178,30,69,119,129,108,208,173,237,91,9,155,83,180,211,131,221,205,106,41,5,5,242,27,170,119,2,199,91,9,155,83,180,155,32,221,205,117,41,216,222,182,30,101,24,119,94,3,149,35,233,38,60,41,147,233,61,207,10,100,139,113,65,63,145,247,177,66,86,87,66,242,87,189,25,131,233,61,207,105,36,139,113,18,16,28,190,236,182,206,215
Best fitness found so far: 0.592106297239398; k: 2.0
Generation: 83; 0.592106297239398; k: 2.0; 218,85,180,119,49,96,229,82,31,51,9,155,83,180,35,32,61,220,239,81,5,222,182,30,170,224,139,195,105,92,97,119,124,217,131,30,213,196,74,101,93,63,181,244,101,39,6,14,229,139,197,140,181,222,57,143,43,87,100,36,28,214,11,127,135,207,157,195,139,165,149,63,108,35,176,197,114,61,25,193,108,105,39,105,6,239,181,115,135,62,36,139,247,132,70,3,97,82,31,91,5,58,83,118,31,107,210,88,227,221,139,131,119,63,226,200,16,91,35,74,33,36,1,155,83,61,11,193,213,164,177,204,221,222,215,81,139,222,127,143,7,51,137,209,205,110,108,35,176,197,114,61,25,193,234,105,119,105,6,60,181,115,128,62,36,139,247,132,70,158,97,82,31,91,5,58,83,69,31,107,210,88,119,248,232,210,36,139,38,56,97,82,31,91,5,58,83,118,31,107,210,88,227,221,139,131,119,63,226,200,16,91,35,74,33,36,1
Best fitness found so far: 0.592106297239398; k: 2.0
Generation: 84; 0.592106297239398; k: 2.0; 12,87,180,119,63,96,229,112,31,91,9,155,223,180,35,32,221,205,239,81,39,222,182,30,170,119,139,82,128,198,110,150,100,131,198,150,100,104,194,101,110,57,104,1,152,215,20,108,173,215,87,180,204,63,96,229,222,56,237,230,79,65,51,189,39,100,139,113,120,63,145,247,129,66,86,87,66,242,87,215,25,131,233,61,207,105,36,139,113,164,63,28,190,236,182,206,215
Best fitness found so far: 0.592106297239398; k: 2.0
Generation: 85; 0.592106297239398; k: 2.0; 109,161,180,119,63,96,229,112,31,91,9,155,83,180,35,32,221,205,239,6,5,222,182,30,170,76,139,112,128,198,140,168,155,83,180,35,32,221,205,239,81,5,222,182,30,170,119,222,112,128,198,140,100,204,221,128,215,81,139,222,127,143,7,51,137,209,222,75
Best fitness found so far: 0.592106297239398; k: 2.0
Generation: 86; 0.592106297239398; k: 2.0; 109,87,180,119,63,96,229,112,31,91,9,155,83,145,35,142,61,205,239,241,35,222,20,30,170,10,139,59,196,180,193,213,164,39,30,200,228,170
Best fitness found so far: 0.592106297239398; k: 2.0
Generation: 87; 0.592106297239398; k: 2.0; 249,87,180,119,131,96,229,67,49,91,9,155,139,25,35,32,61,43,239,81,139,222,178,30,170,119,139,51,189,241,39,119,124,217,94,131,213,145,74,194,133,246,47,76,36,139,159,5,152,3,184,67,49,91,182,235,171,187,58,107,239,88,210,170,139,205,119,63,88,162,186,18,236,213,101,229,30,25,81,141,24,12,181,81,3,58,114,192,28,182,236,2,206,20
Best fitness found so far: 0.592106297239398; k: 2.0
Generation: 88; 0.592106297239398; k: 2.0; 109,87,180,119,63,96,229,112,31,91,9,155,83,180,35,32,61,228,239,81,5,222,182,30,214,119,32,51,189,142,39,119,124,217,131,131,213,206,74,194,93,63,236,213,101,39,236,39,119,124,217,112,131,213,20,61,194,93,39,31,124,36,149,131,213,150,74,194,93,5,185,137,9,42,115,149,206,69,160,180,120,113,3,117,165,249,113,5,118,83,31,35,233,2,88,21,93,63,236,213,104,39,236,5,229,146,197,140,242,81,57,250,208,87,176,232,71,45,143,223,72,190,107,214,21,81,139,95,155,181,199,3,118,244,25,167,233,141,219
Best fitness found so far: 0.592106297239398; k: 2.0
Generation: 89; 0.592106297239398; k: 2.0; 73,79,180,59,63,96,229,67,31,91,9,155,83,25,35,32,133,43,239,81,139,222,182,30,170,119,139,221,39,168,163,119,124,45,131,179,213,130,185,194,93,5,144,137,120,107,83,98,43,15,61,157,145,230,113,222,87,5,51,164,170,83,25,32,110,210,209,36,139,222,182,228,170,119,248,185,192,36,80,137,25,193,213,164,39,30,6,108,181,115,128,209,36,139,180,119,63,3,97,67,31,91,5,58,83,25,35,233,221,88,21,81,139,222,131,247,144,182,137,241,150,170,83,183,32,187,33,56
Best fitness found so far: 0.592106297239398; k: 2.0
Generation: 90; 0.592106297239398; k: 2.0; 249,183,180,119,63,96,245,67,49,91,9,155,139,25,35,32,61,43,153,81,139,222,178,30,170,119,139,197,189,39,39,119,124,217,94,131,180,44,63,96,229,145,49,91,9,155,139,25,35,32,61,66,175,81,139,222,178,30,170,119,139,108,208,173,31,91,9,155,83,180,35,31,221,205,106,41,5,5,242,30,170,119,139,196,74,198,217,170,17,25,32,233,133,111
Best fitness found so far: 0.592106297239398; k: 2.0
Generation: 91; 0.592106297239398; k: 2.0; 84,87,180,59,63,96,229,67,31,91,9,155,83,25,35,32,61,43,239,81,139,222,182,30,170,119,139,51,139,152,246,119,124,12,131,179,213,57,74,194,93,5,144,137,9,107,83,25,35,170,61,63,145,81,113,222,87,42,61,165,21,81,139,95,62,81,155,83,180,35,32,61,205,106,237,5,222,182,30,170,145,139,51,156,75,96,119,124,217,131,39,226,109
Best fitness found so far: 0.592106297239398; k: 2.0
Generation: 92; 0.592106297239398; k: 2.0; 84,117,180,59,63,96,229,67,31,91,9,155,83,25,35,32,133,43,239,81,139,222,182,30,170,119,139,51,39,152,246,119,124,217,131,8,246,106,74,194,215,5,144,137,9,224,83,98,35,170,61,151,28,79,129,132,21,81,139,95,18,181,164,35,233,42,35,38,136,103,9,155,83,180,35,32,61,122,239,81,5,222,182,30,244,214,139,194,189,39,39,119,124,217,22,30,213,196,74,194,93,212,236,213,101,39,236,5,229,139,197,177,181,81,57,81,139,87,176,36,113,45,143,223,28,190,50,214,21,81,139,95,140,181,196,3,179,244,25,32,233,38,219
Best fitness found so far: 0.592106297239398; k: 2.0
Generation: 93; 0.592106297239398; k: 2.0; 109,87,180,119,63,96,177,112,215,91,9,155,83,190,35,32,221,205,117,41,5,222,182,30,170,119,81,139,222,127,178,7,51,137,209,36,110
Best fitness found so far: 0.592106297239398; k: 2.0
Generation: 94; 0.592106297239398; k: 2.0; 79,21,180,119,63,96,229,67,31,91,9,155,83,25,35,32,61,43,239,81,139,222,182,30,170,119,182,137,241,219,19,152,25,108,235,115,128,209,218,111,247,119,63,45,97,67,30,91,5,58,83,13,58,107,210,88,21,170,139,55,119,33,226,190,103,134,236,213,101,39,30,237,196,139,95,140,181,110,41,5,76,30,190,119,139,51,110,39,39,119,124,248,112,131,213,206,61,194,93,5,185,180,9,107,83,176,35,14,183,63,130,81,79,222,87,233,217,245,21,112,83,61,25,193,46,136,39,100,158,15,228,112
Best fitness found so far: 0.592106297239398; k: 2.0
Generation: 95; 0.592106297239398; k: 2.0; 84,87,180,59,3,96,7,7,161,91,9,155,83,25,35,32,61,43,239,81,139,222,182,30,116,119,39,205,239,81,5,222,182,30,170,214,139,194,146,73,39,45,124,217,131,30,85,196,183,101,93,63,236,213,101,39,6,5,49,139,197,140,181,211,57,81,43,87,176,36,75,210,36,127,135,207,209,114,139,113,60,63,128,35,187,197,114,133,25,193,213,105,39,105,6,239,40,220,128,152,36,139,80,132,70,3,97,244,31,91,5,58,83,69,31,107,126,88,21,170,139,113,119,63,226,131,16,91,35,3,33,36,1,155,83,61,87,193,213,164,152,90,6,108,181,115,128,209,36,139,247,119,7,69,92,177,49,91,46,58,83,187,58,107,136,88,239,170,139,218,119,63,30,139,51,39,152,246,119,124,14,131,23,213,130,134,158,93,199,144,137,9,107,118,25,35,170,61,141,145,81,151,248,11,42,43,165,21,81,139,95,62,205,50,83,53,35,32,119,205,106,237,5,110,182,91,170,38,139,51,156,75,39,119,75,106,131,131,213,206,110,82,93,214,43,156,101,97,236,5,236,151,158,67,37,75,3,77,114,161,48,190,236,2,206,20,81,139,137,62,9,155,206,172,35,32,61,205,237,237,5,222,47,53,82,115,29,201,36,1,155,83,219,137,193,213,164,39,30,6,108,181,115,128,209,58,139,134,86,63,230,190,61,207,25,81,139,14,140,181,81,3,5,58,83,25,57,204,221,102,21,81,139,222,188,178,7,51,137,209,36,139,113,119,114,13,35,214,65,92,198
Best fitness found so far: 0.592106297239398; k: 2.0
Generation: 96; 0.592106297239398; k: 2.0; 109,203,180,119,63,96,229,112,31,91,9,155,83,180,35,142,117,205,239,241,35,222,182,30,83,31,35,150,46,88,105,93,63,236,213,101,176,236,5,209,139,197,140,188,81,57,167,48,87,203,57,71,45,143,223,72,190,127,214,21,81,139,95,140,181,199,237,66,12,181,81,21,58,114,192,28,182,236,2,206,168
Best fitness found so far: 0.592106297239398; k: 2.0
Generation: 97; 0.592106297239398; k: 2.0; 109,183,180,146,63,96,229,67,31,91,9,155,83,25,35,32,61,43,239,81,139,222,150,30,170,169,163,51,189,39,59,185,137,9,107,83,25,27,14,183,63,239,81,79,107,87,233,61,245,21,81,83,61,121,193,46,19,39,100,158,15,1,112
Best fitness found so far: 0.592106297239398; k: 2.0
Generation: 98; 0.592106297239398; k: 2.0; 131,87,180,119,63,96,229,67,31,91,9,135,187,25,35,32,61,43,239,81,227,222,182,30,170,119,182,137,118,219,19,83,25,108,170,119,139,51,39,152,246,119,124,217,131,179,213,130,74,194,93,5,144,137,9,107,83,98,237,205,61,63,145,203,113,222,87,42,61,61,113,119,63,130,223,148,78,184,39,226,105
Best fitness found so far: 0.592106297239398; k: 2.0
Generation: 99; 0.592106297239398; k: 2.0; 109,85,180,119,63,96,229,82,31,91,9,155,83,180,35,32,61,205,239,81,5,222,182,30,170,214,139,194,146,73,39,45,124,217,131,30,85,196,183,101,93,63,236,124,101,39,6,5,229,139,197,140,181,211,57,81,173,87,176,36,113,210,36,127,135,207,209,114,40,113,60,63,128,35,187,197,114,61,25,193,213,105,39,105,6,239,18,220,87,152,36,139,212,132,70,3,97,244,31,162,5,58,83,69,31,107,61,88,21,170,139,149,119,63,226,200,16,91,35,3,33,36,229,155,83,61,87,193,213,164,152,90,6,108,181,115,128,188,36,139,247,119,218,3,92,177,49,91,5,58,83,187,58,107,136,88,239,170,139,218,119,63,30,139,51,39,152,246,84,124,186,131,179,213,130,134,194,93,5,144,137,9,107,65,25,35,170,61,169,145,81,151,248,11,42,61,165,21,81,139,95,62,205,155,83,53,35,32,82,205,106,237,5,193,182,30,170,38,139,51,156,75,39,119,124,217,131,131,213,206,74,82,93,214,43,213,101,97,236,197,32,151,158,67,37,75,3,77,114,161,28,190,236,2,206,20,81,139,137,62,9,155,112,172,35,32,61,205,237,237,5,222,47,53,82,115,29,201,36,1,155,83,219,25,193,213,164,142,30,6,108,181,156,128,209,58,185,134,86,63,230,247,61,207,25,159,139,2,140,181,81,3,5,58,83,160,100,204,221,102,21,81,56,222,188,178,7,51,137,209,36,231,113,119,114,13,35,214,65,92,198
Best fitness found so far: 0.592106297239398; k: 2.0
Generation: 100; 0.592106297239398; k: 2.0; 84,63,180,59,63,96,229,67,31,91,9,155,83,25,233,32,229,108,239,81,139,222,182,30,170,119,139,52,39,247,189,66,86,87,66,242,87,101,25,131,233,61,207,105,36,139,113,18,96,28,190,236,150,178,124
Best fitness found so far: 0.592106297239398; k: 2.0
Generation: 101; 0.592106297239398; k: 2.0; 109,219,180,86,63,96,229,112,31,91,9,155,7,180,35,32,61,213,239,81,5,222,182,30,170,93,135,230,189,39,163,108,124,121,97,30,213,41,5,5,242,30,170,119,16,196,24,198,217,170,83,25,32,233,133,111
Best fitness found so far: 0.592106297239398; k: 2.0
Generation: 102; 0.592106297239398; k: 2.0; 109,87,180,146,63,96,229,67,31,91,9,155,83,220,35,32,61,43,239,81,139,222,182,30,170,178,139,249,189,198,39,119,201,36,149,131,210,206,27,73,8,5,185,137,9,86,115,64,206,32,160,205,146,113,3,4,205,237,237,60,222,182,53,196,115,29,201,36,1,67,83,219,25,193,213,90,39,30,6,135,181,115,128,209,36,139,134,86,63,28,190,61,190,25,81,139,136,109,181,81,3,131,58,83,25,100,204,221,133,21,81,139,222,188,178,7,51,137,209,36,139,113,119,114,13,35,187,65,92,198
Best fitness found so far: 0.592106297239398; k: 2.0
Generation: 103; 0.592106297239398; k: 2.0; 133,87,180,119,63,96,229,67,31,91,9,155,139,25,157,97,61,43,239,81,139,222,182,30,170,111,139,51,189,39,39,119,124,217,112,131,213,206,61,194,93,39,31,124,36,125,131,213,150,74,194,93,5,185,26,9,42,115,149,206,69,160,180,153,156,189,39,119,124,217,131,131,213,62,74,82,93,214,43,213,101,39,236,5,136,151,158,67,181,222,3,77,114,11,28,13,236,2,206,20,37,38,133,62,9,155,83,172,35,32,61,205,237,237,146,82,190,189,82,115,29,201,79,1,111,83,219,25,193,213,164,39,30,118,108,181,115,128,209,36,139,134,86,102,28,190,61,190,229,81,139,65,140,181,81,3,5,58,98,14,100,204,221,133,10,81,139,100,188,178,7,57,201,209,36,139,113,119,114,13,35,187,118,92,198,83,180,13,114
Best fitness found so far: 0.592106297239398; k: 2.0
Generation: 104; 0.592106297239398; k: 2.0; 9,55,180,119,135,96,119,67,31,91,9,180,83,25,35,32,61,43,239,216,139,222,165,30,182,85,241,150,170,225,25,32,139,222,127,178,218,89,137,209,36,110
Best fitness found so far: 0.592106297239398; k: 2.0
Generation: 105; 0.592106297239398; k: 2.0; 109,57,180,86,201,96,11,112,31,91,9,155,7,180,35,32,61,213,239,81,5,222,187,30,170,93,135,179,160,44,39,119,124,217,97,30,60,196,74,36,170,18,223,68,217,131,131,236,5,229,139,197,140,181,81,57,105,208,87,176,36,71,145,143,223,28,190,127,214,227,123,139,95,140,181,207,3,66,112,25,167,25,241,219
Best fitness found so far: 0.592106297239398; k: 2.0
Generation: 106; 0.592106297239398; k: 2.0; 84,87,180,59,3,96,229,7,161,46,9,155,203,25,35,32,61,43,239,81,139,222,182,30,170,109,87,180,119,63,96,229,112,31,91,9,155,83,180,35,32,221,205,239,28,5,222,25,35,32,61,43,239,81,139,222
Best fitness found so far: 0.592106297239398; k: 2.0
Generation: 107; 0.592106297239398; k: 2.0; 249,87,180,116,63,96,229,67,49,91,9,155,139,25,35,32,61,43,175,81,139,222,178,30,170,119,139,25,189,173,39,183,164,25,225,233,38,219
Best fitness found so far: 0.592106297239398; k: 2.0
Generation: 108; 0.592106297239398; k: 2.0; 84,87,180,59,63,96,229,67,31,91,9,155,83,25,35,32,61,168,239,81,139,222,182,30,102,119,139,51,39,152,246,119,124,217,131,84,213,130,74,194,93,5,144,137,9,107,83,25,35,170,61,207,145,81,151,190,87,110,61,165,21,81,128,95,62,9,155,83,180,73,32,61,205,106,237,5,222,182,30,170,38,139,51,195,75,32,221,207,239,6,5,222,182,30,170,216,139,112,128,198,120,168,100,131,68,150,100,72,22,101,21,81,143,21,236,138,63,108,173,109,87,180,119,63,96,229,13,31,91,9,155,76,180,119,63,96,229,112,31,126,204,181,181,180,35,32,221,137,239,81,5,222,182,30,170,236,154,118,128,198,110,150,234,131,219,150,100,81,22,101,21,81,143,21,221,138,20,193,213,164,39,82,242,15,181,144,221,209,36,129,25,3,140,97,247,133,36,139,68,223,68,47,138,61,61,119,63,226,223,143,78,184,39,226,105
Best fitness found so far: 0.592106297239398; k: 2.0
Generation: 109; 0.592106297239398; k: 2.0; 109,183,180,146,63,96,229,67,69,91,177,155,83,25,35,32,61,50,239,81,139,222,182,30,170,97,163,51,189,21,59,105,137,9,107,83,25,35,14,183,63,239,81,79,178,30,247,35,139,51,189,96,74,119,219,217,94,131,213,206,74,194,183,5,239,137,172,139,95,140,181,143,146,44,244,25,32,233,238,219
Best fitness found so far: 0.592106297239398; k: 2.0
Generation: 110; 0.592106297239398; k: 2.0; 218,85,180,119,63,96,229,82,31,91,9,155,83,180,35,32,61,220,239,81,5,112,182,30,170,73,139,195,189,73,97,119,124,217,131,111,1,155,83,232,135,236,2,206,20,81,139,95,62,9,155,83,180,35,32,61,205,239,237,210,222,182,30,170,119,139,51,189,246,39,119,124,217,131,131,213,206,74,82,93,63,43,213
Best fitness found so far: 0.592106297239398; k: 2.0
Generation: 111; 0.592106297239398; k: 2.0; 84,101,180,119,63,96,51,67,31,91,9,155,83,25,35,32,61,43,239,26,139,222,182,30,170,119,15,124,85,152,39,119,116,217,131,131,65,206,74,68,93,5,185,137,9,107,83,44,35,233,114,39,239,81,139,222,72,42,61,145,21,59,139,95,62,9,155,83,40,35,32,61,205,239,237,5,222,182,131,170,119,139,51,189,246,182,95,114,181,116,3,58,196,74,36,139,18,223,68,47,138,61,113,119,63,226,223,223,78,138,39,226,105
Best fitness found so far: 0.592106297239398; k: 2.0
Generation: 112; 0.592106297239398; k: 2.0; 84,87,180,59,63,96,229,67,31,91,9,155,83,25,35,32,61,43,153,81,139,222,182,30,149,119,49,139,196,74,198,217,170,235,77,32,233,133,111,59,63,96
Best fitness found so far: 0.592106297239398; k: 2.0
Generation: 113; 0.592106297239398; k: 2.0; 84,87,180,59,3,96,229,7,161,91,9,155,83,25,35,32,61,43,239,81,139,222,182,30,170,119,105,184,101,139,54,178,30,170,119,139,25,189,23,39,1,155,83,61,25,193,213,164,39,100,158,15,18,240
Best fitness found so far: 0.592106297239398; k: 2.0
Generation: 114; 0.592106297239398; k: 2.0; 109,87,180,119,63,96,229,112,31,91,193,155,83,180,35,142,117,205,239,241,139,222,182,30,83,31,35,233,205,88,58,93,63,236,116,101,39,236,5,229,189,197,140,242,81,57,89,48,87,222,178,30,170,119,139,51,189,39,39,119,124,79,94,131,213,206,74,194,183,5,185,137,172,107,83,28,113,119,63,226,223,16,78,22,39,226,166
Best fitness found so far: 0.592106297239398; k: 2.0
Generation: 115; 0.592106297239398; k: 2.0; 109,229,180,119,63,96,229,67,243,91,9,155,139,25,157,32,61,43,239,81,139,222,76,30,79,119,139,51,189,154,9,119,124,217,112,57,213,134,61,194,93,5,185,137,9,157,83,186,35,14,119,33,184,190,103,134,236,213,101,39,121,237,196,134,95,140,181,110,120,5,58,83,25,100,190,221,222,215,81,139,222,127,178,7,89,137,209,163,110
Best fitness found so far: 0.592106297239398; k: 2.0
Generation: 116; 0.592106297239398; k: 2.0; 109,87,180,119,63,96,229,112,31,91,9,155,83,180,35,32,61,205,101,241,5,222,182,30,170,121,153,222,131,247,144,180,146,63,96,229,67,31,91,9,155,83,220,35,155,61,43,22,159,250,222,182,30,170,119,139,51,189,39,123,119,124,36,149,202,226,206,74,101,130,5,185,139,9,159,115,95,237,32,160,112,120,186,96,193,155,21,113,5,118,83,139,222,178,30,28,119,89,54,65
Best fitness found so far: 0.592106297239398; k: 2.0
Generation: 117; 0.592106297239398; k: 2.0; 109,85,180,119,63,96,229,82,31,91,9,155,83,180,35,32,61,205,239,81,5,222,182,30,170,214,139,194,189,73,39,119,232,217,131,206,9,155,139,25,157,32,177,43,239,81,139,222,76,105,170,119,139,51,189,39,39,119,124,217,245,131,213,206,61,194,93,5,185,137,9,107,83,186,35,14,183,35,239,81,79,136,151,149,225,181,75,139,77,114,11,28,190,123,213,244,92,171,139,204,62,9,155,84,172,78,189,61,205,67,237,165,174,182,30,62,139,120,60,63,128,35,187,197,172,61,195,100,128,245,19,105,6,239,181,115,128,40,36,139,247,132,144,72,97,211,31,91,96,58,70,109,31,215,210,88,21,170,139,113,114,181,226,242,16,206,213,128,60,36,95,33,120,2,77,74,183,164,25,225,233,38,219
Best fitness found so far: 0.592106297239398; k: 2.0
Generation: 118; 0.592106297239398; k: 2.0; 109,87,180,119,63,96,229,67,31,91,9,155,139,25,157,97,61,43,239,81,139,222,182,30,170,111,139,51,189,39,39,206,124,217,112,131,213,206,61,194,226,39,31,124,36,149,131,213,137,74,194,93,5,152,246,75,124,217,131,168,60,206,217,53,32,5,144,137,9,82,83,197,35,57,97,63,164,236,35,233,198,112,195,95,139,113,50,63,28,190,61,132,21,81,139,95,18,181,81,35,172,239,35,233,136,103,118,94,120,71,102,125,220,27,145,128,5,137,194
Best fitness found so far: 0.592106297239398; k: 2.0
Generation: 119; 0.592106297239398; k: 2.0; 109,87,180,119,63,96,229,112,31,91,9,155,83,180,35,142,61,205,239,241,35,222,20,30,170,121,139,222,131,247,144,12,137,61,142,215,100,193,113,65,63,145,247,177,66,86,87,66,119,152,3,92,177,49,91,5,58,83,187,58,107,239,88,239,170,139,113,119,63,226,161,180,18,236,213,101,39,30,25,81,141,95,140,181,81,3,58,114,63,28,7,236,2,206,20
Best fitness found so far: 0.592106297239398; k: 2.0
Generation: 120; 0.592106297239398; k: 2.0; 109,87,180,146,63,96,229,67,31,91,9,155,83,220,35,32,61,43,239,81,139,222,182,30,170,119,139,51,189,128,138,36,1,229,59,93,72,89,143,164,152,90,6,108,133,246,77,76,36,188,159,119,152,3,57,67,49,205,182,235,202,187,58,107,239,88,137,170,249,113,119,63,54,162,88,18,236,180,101,39,30,25,93,141,24,12,181,81,3,58,114,172,28,114,236,2,206,20
Best fitness found so far: 0.592106297239398; k: 2.0
Generation: 121; 0.592106297239398; k: 2.0; 218,85,180,119,63,96,229,82,31,91,9,155,83,180,35,32,61,220,239,81,5,222,182,30,170,224,139,133,189,73,97,119,124,235,131,30,213,196,143,101,93,63,181,244,101,217,6,109,87,180,119,63,96,52,112,31,91,9,155,83,180,35,32,221,205,239,81,5,222,182,30,170,119,139,112,128,198,140,150,100,131,68,150,100,11,79,101,21,81,143,21,78,138,20,162,173,183,87,180,119,63,244,131,172,31,91,195,200,83,180,36,32,201,205,239,81,5,222
Best fitness found so far: 0.592106297239398; k: 2.0
Generation: 122; 0.592106297239398; k: 2.0; 249,87,180,119,63,96,229,67,49,91,9,155,139,25,25,32,61,43,175,81,139,222,178,30,170,119,69,131,116,150,241,81,22,101,21,81,143,21,221,138,20,193,213,164,39,30,242,15,181,144,221,209,36,129,48,61,140,61,212,133,114,139,68,223,68,47,138,61,61,3,63,226,223,143,78,132,39,226,105
Best fitness found so far: 0.592106297239398; k: 2.0
Generation: 123; 0.592106297239398; k: 2.0; 109,87,180,119,63,96,81,112,31,91,9,155,83,180,35,142,61,205,239,241,35,222,218,30,170,121,139,222,131,247,144,12,137,61,142,215,100,139,113,65,63,145,247,177,66,86,87,66,120,87,101,25,131,233,237,207,105,36,139,113,139,120,60,63,128,35,187,197,114,61,25,193,128,245,39,105,6,239,181,115,223,151,36,139,247,132,70,3,97,211,31,91,5,58,83,109,31,207,210,88,21,170,139,113,119,63,226,190,16,78,213,128,60,36,1,155,59,226,77,193,183,164,152,105,6,108,181,115,47,76,36,139,247,119,152,200,57,101,49,91,182,144,83,187,58,107,239,88,137,170,139,33,119,194,54,162,88,18,236,213,101,39,30,25,221,141,95,12,181,81,3,58,114,192,28,182,236,2,206,20
Best fitness found so far: 0.592106297239398; k: 2.0
Generation: 124; 0.592106297239398; k: 2.0; 109,87,180,119,63,96,229,112,31,91,9,155,83,180,35,142,117,205,239,241,35,222,182,30,83,31,35,233,46,88,105,245,63,195,213,101,39,157,5,229,139,197,140,242,81,57,89,48,87,176,130,71,45,143,223,72,190,127,214,119,81,30,230,79,139,51,189,39,90,193,124,217,131,131,7,206,74,194,93,63,236,213,101,39,236,42,81,128,155,140,181,81,3,77,114,73,153,190,236,2,206,238
Best fitness found so far: 0.592106297239398; k: 2.0
Generation: 125; 0.592106297239398; k: 2.0; 9,161,180,107,99,96,229,67,31,91,219,5,201,25,35,32,91,43,239,216,171,222,168,30,106,119,182,137,241,219,19,83,25,108,235,115,128,209,218,139,247,119,63,152,97,146,30,91,5,58,237,13,58,107,210,88,21,167,139,55,119,33,226,190,103,134,236,82,101,39,30,237,196,139,25,7,181,110,41,5,58,83,25,100,30,170,48,87,51,116,133,39,151,124,217,131,21,213,30,7,82,207,122,43,213
Best fitness found so far: 0.592106297239398; k: 2.0
Generation: 126; 0.592106297239398; k: 2.0; 84,79,180,59,63,96,229,67,31,91,9,155,83,25,35,32,133,43,239,176,139,222,182,30,169,119,139,51,39,35,246,117,124,217,131,179,213,130,74,194,93,5,144,137,9,107,83,98,35,170,61,63,145,81,113,222,87,42,61,61,192,119,63,226,223,61,43,239,81,139,222,182,30,170,119,105,184,124,57,246,119,92,35,131,179,213,206,74,202,93,146,144,137,194,107,83,25,35,170,61,194,145,81,113,222,40,82,61,165,21,81,168,51,62,9,155,113,180,35,19,61,205,106,237,5,222,182,30,170,119,139,35,125,75,39,66,124,217,131,222,72,206,63,82,93,63,43,213,101,39,236,235,55,151,149,225,81,5,222,182,30,170,119,154,112,128,198,140,101,188,131,232,150,100,11,22,101,86,206,71,21,221,138,183,158,213,164,39,177,130,22,179,144,221,209,36,129,121,61,140,61,212,209,36,139,68,223,118,47,138,61,25,119,159,226,223,134,78,184,39,145,105
Best fitness found so far: 0.592106297239398; k: 2.0
Generation: 127; 0.592106297239398; k: 2.0; 109,87,180,119,63,216,229,2,31,91,9,155,83,180,155,32,221,205,117,41,5,222,182,30,101,24,163,94,3,149,35,233,38,60,41,99,233,61,207,10,100,139,113,199,63,145,247,177,66,86,87,66,242,87,101,25,131,233,61,207,105,36,139,113,18,63,28,30,170,119,139,51,189,39,39,52,124,217,41,143,213,172,74,194,183,5,185,230,172,107,83,75,113,6,63,87,177,16,78,22,39,226,166
Best fitness found so far: 0.592106297239398; k: 2.0
Generation: 128; 0.592106297239398; k: 2.0; 109,87,180,119,7,96,229,112,31,91,9,155,83,180,35,32,221,205,239,111,5,122,182,30,144,162,137,104,175,170,83,25,32,233,210,209,36,1,155,28,196,141,193,213,164,39,30,6,108,134
Best fitness found so far: 0.592106297239398; k: 2.0
Generation: 129; 0.592106297239398; k: 2.0; 84,117,180,59,63,96,229,67,31,91,9,155,83,25,35,32,133,43,239,81,139,222,182,30,170,119,139,51,39,152,246,119,160,180,120,113,229,79,67,21,113,5,118,83,25,35,233,221,88,21,145,139,222,131,247,144,162,137,144,150,170,83,25,32,233,210,209,36,1,155,83,196,141,193,213,164,39,30,6,108,134
Best fitness found so far: 0.592106297239398; k: 2.0
Generation: 130; 0.592106297239398; k: 2.0; 46,183,180,146,63,96,229,67,31,91,9,155,83,25,35,32,61,43,239,81,139,222,182,30,170,97,163,51,189,39,39,31,124,36,149,10,213,150,74,194,93,5,185,137,9,42,115,149,206,69,160,180,120,113,3,117,67,45,113,5,118,83,31,35,233,46,88,21,93,63,236,107,101,39,236,5,229,139,197,140,242,81,57,89,119,63,96,229,112,31,91,9,155,83,180,35,32,61,205,239,241,5,222,182,30,170,121,139,222,131,247,144,12,169,144,150,170,83,25,32,233,38,219
Best fitness found so far: 0.592106297239398; k: 2.0
Generation: 131; 0.592106297239398; k: 2.0; 80,87,180,119,63,96,229,2,31,91,9,155,83,180,155,32,221,205,117,41,5,222,182,30,101,179,119,94,3,149,153,233,38,60,41,147,233,61,207,151,100,139,113,65,63,145,247,177,66,241,87,105,108,87,101,25,131,107,61,207,105,36,139,116,18,63,28,190,236,182,206,215,207,10,100,139,113,65,3,145,247,177,66,48,87,66,108,87,101,25,131,117,61,207,105
Best fitness found so far: 0.592106297239398; k: 2.0
Generation: 132; 0.592106297239398; k: 2.0; 241,183,180,146,63,96,229,67,31,91,9,155,83,25,35,32,61,43,239,81,139,222,182,30,115,97,163,51,189,46,39,31,124,36,40,131,213,150,74,74,194,93,63,236,213,101,39,236,5,229,139,197,140,181,42,201,81,139,87,215,53,113,226,91,223,28,190,127,214,21,81,107,83,28,113,119,63,226,223,16,78,22,39,226,166
Best fitness found so far: 0.592106297239398; k: 2.0
Generation: 133; 0.592106297239398; k: 2.0; 109,41,180,119,63,96,165,67,131,91,9,5,83,25,35,32,239,81,139,222,182,30,170,119,57,157,189,39,39,119,124,36,149,131,213,206,74,194,184,5,185,137,9,108,115,95,206,32,160,182,194,113,3,92,67,21,113,5,118,83,25,35,233,221,88,21,145,139,222,203,35,233,86,166,250,190,197,155,173,163,236,9,213,68,134,30,168,60,148,217,236,74,5,144,137,9,1,83,197,35,170,97,63,164,236,35,233,198,112,250,95,139,113,119,63,28,190,61,132,21,77,139,95,18,181,81,2,233,239,35,4,136,103,118,179,107,123,102,125,220,27,145,128,5,137,194
Best fitness found so far: 0.592106297239398; k: 2.0
Generation: 134; 0.592106297239398; k: 2.0; 109,87,180,119,63,96,229,112,31,91,9,155,67,180,35,32,61,205,69,81,5,222,182,30,230,241,139,51,189,39,69,119,143,217,131,131,121,206,194,243,93,63,236,213,101,39,133,193,81,119,139,123,233,36,186,119,63,128,209,131,68,2,100,43,239,141,139,222,178,30,170,119,85,51,37,39,39,119,124,115,19,206,43,160,180,120,158,166,92,67,103,113,224,65,122,25,35,233,221,189,21,145,139,222,29,247,144,162,179,155,37,170,83,186,138,233,210,250,36,1,155,83,196,141,193,213,164,39,30,6,232,115,229,112,142,91,9,155,118,83,242,35,233,46,128,21,93,155,15,213,101,39,183,5,229,139,197,140,242,81,57,89,208,87,83,36,71,45,143,223,72,208,127,214,15,81,139,221,140,181,199,3,66,244,25,167,233,38,219
Best fitness found so far: 0.592106297239398; k: 2.0
Generation: 135; 0.592106297239398; k: 2.0; 84,87,180,44,63,96,229,67,31,91,9,155,83,25,35,32,61,43,239,81,181,222,182,30,170,119,139,51,162,152,72,183,124,217,201,131,213,124,25,194,93,5,185,137,9,107,83,25,35,233,61,63,239,81,139,222,87,42,61,132,178,2,139,158,62,182,155,83,180,35,32,61,205,239,237,5,222,182,30,202,119,139,51,189,233,38,219
Best fitness found so far: 0.592106297239398; k: 2.0
Generation: 136; 0.592106297239398; k: 2.0; 109,87,95,146,63,96,229,67,31,91,9,155,83,25,35,32,61,43,239,81,139,222,182,30,170,119,163,51,189,39,39,31,124,36,149,131,213,206,74,194,93,5,185,129,9,42,115,149,206,32,160,180,120,113,220,247,67,21,113,5,239,83,25,35,189,221,88,54,93,44,236,213,101,39,236,5,229,139,197,140,181,81,57,89,140,144,137,148,107,115,25,35,170,61,63,145,237,113,222,40,42,61,165,21,81,139,51,62,9,155,83,180,35,32,61,205,106,164,5,222,182,30,170,119,139,122,125,75,39,155,124,217,131,131,72,148,74,82,93,63,43,213,101,154,236,5,136,151,149,225,181,75,3,77,114,31,168,190,123,213,206,20,171,139,204,62,9,155,2,172,35,161,61,205,237,183,5,222,180,30,209,139,120,60,63,128,35,187,197,80,61,25,193,128,245,39,105,6,239,186,115,128,151,148,139,247,147,70,172,97,211,31,91,5,58,83,109,31,215,1,88,116,170,139,113,119,57,226,190,16,78,213,128,60,36,1,16,59,2,72,193,143,164,79,90,6,85,133,145,47,76,36,139,159,119,152,3,57,129,49,91,182,235,83,187,58,107,239,88,137,170,139,113,119,63,54,65,88,18,236,213,101,39,195,25,81,141,207,12,77,81,3,58,114,16,133,87,236,2,206,20
Best fitness found so far: 0.592106297239398; k: 2.0
Generation: 137; 0.592106297239398; k: 2.0; 109,205,180,119,63,96,229,112,31,91,9,155,83,180,35,32,247,205,239,81,5,222,182,30,135,119,139,18,189,39,220,119,124,217,131,131,213,206,74,194,30,5,185,137,9,107,83,25,35,214,61,119,63,226,190,88,134,236,32,133,43,239,81,139,222,182,30,170,122,139,51,39,152,246,119,124,217,131,179,213,130,74,194,93,5,144,137,9,178,83,98,35,170,61,63,145,81,113,222,87,42,56,39,113,119,63,226,223,148,78,107,39,226,105
Best fitness found so far: 0.592106297239398; k: 2.0
Generation: 138; 0.592106297239398; k: 2.0; 84,87,180,59,63,96,229,67,31,91,9,155,83,25,35,32,61,43,239,81,139,222,182,30,128,119,139,51,39,95,246,119,124,217,131,168,127,57,217,19,32,5,144,137,9,107,83,25,35,170,6,63,145,114,113,222,181,42,114,165,67,31,91,164,106,83,25,35,32,61,43,239,236,139,222,91,9,72,83,25,35,32,61,43,239,216,139,222,220,30,170,119,248,179,192,36,139,158,4
Best fitness found so far: 0.592106297239398; k: 2.0
Generation: 139; 0.592106297239398; k: 2.0; 230,87,180,119,63,96,229,112,31,91,9,155,83,180,35,32,221,205,239,136,5,222,182,30,170,119,139,82,128,198,140,150,100,131,68,150,100,11,22,101,217,245,21,81,83,61,25,193,46,136,68,100,158,15,228,168
Best fitness found so far: 0.592106297239398; k: 2.0
Generation: 140; 0.592106297239398; k: 2.0; 198,87,180,233,63,96,229,67,31,91,9,155,83,25,35,32,61,43,239,81,139,222,182,30,170,119,139,51,189,39,39,139,95,140,181,81,37,5,58,113,97,100,81,221,88,21,81,70,222,188,178,16,51,137,209,36,110
Best fitness found so far: 0.592106297239398; k: 2.0
Generation: 141; 0.592106297239398; k: 2.0; 249,87,180,119,63,96,229,67,49,91,9,155,139,25,35,32,61,43,175,81,139,222,178,30,170,119,63,96,229,67,31,91,9,5,83,25,35,32,61,187,239,216,139,222,168,30,51,119,114,11,71,241,125,2,206,20,222,178,30,170,119,63,96
Best fitness found so far: 0.592106297239398; k: 2.0
Generation: 142; 0.592106297239398; k: 2.0; 9,161,180,119,57,96,229,67,31,91,9,5,83,25,65,32,61,43,239,216,139,222,168,30,72,197,114,61,25,193,213,105,39,55,6,94,181,115,20,152,234,139,247,132,70,3,97,244,31,91,5,58,83,69,31,107,112,88,202,170,139,113,119,63,226,190,16,91,172,3,33,36,1,155,83,61,11,193,213,157,152,90,6,108,73,115,128,209,36,139,247,221,152,3,134,177,49,91,5,119,83,182,58,107,239,88,239,170,139,113,227,63,226,179,229,38,236,213,101,131,30,25,95,206,95,140,181,81,3,58,114,180,35,32,61,205,239,81,5,7,182,30,230,129,139,51,9,39,217,119,124,114,131,131,7,48,53,194,93,63,236,33,121,39,236,56
Best fitness found so far: 0.592106297239398; k: 2.0
Generation: 143; 0.592106297239398; k: 2.0; 109,87,180,146,219,21,229,67,31,91,9,155,83,220,35,32,61,43,239,81,139,222,182,30,170,119,57,111,189,39,39,119,124,36,149,110,213,206,74,194,184,5,185,137,9,108,115,95,98,32,160,205,120,113,3,92,67,21,113,5,118,83,25,35,233,137,145,21,145,139,222,203,35,233,86,98,250,202,197,155,83,163,25,9,213,68,39,30,168,60,206,217,53,32,5,144,137,9,107,83,197,35,170,97,63,164,4,35,233,198,112,250,95,139,63,119,63,28,190,37,142,21,81,139,95,18,177,81,35,233,239,35,233,136,103,222,179,120,123,101,39,236,182,229,139,197,242,181,81,57,89,208,87,176,36,71,45,127,223,28,190,127,214,21,81,139,95,140,99,207,3,66,244,202,167,233,38,219
Best fitness found so far: 0.592106297239398; k: 2.0
Generation: 144; 0.592106297239398; k: 2.0; 109,87,180,146,63,96,91,67,31,91,9,155,83,25,35,32,61,43,239,81,139,222,182,30,170,119,163,51,189,39,17,31,124,36,149,131,213,86,74,194,93,5,185,137,9,42,115,149,206,32,160,180,139,51,39,152,246,119,124,217,131,179,213,130,74,85,93,5,144,137,9,107,83,98,35,170,61,104,145,81,113,222,87,42,61,61,113,215,63,226,223,235,78,184,39,226,169
Best fitness found so far: 0.592106297239398; k: 2.0
Generation: 145; 0.592106297239398; k: 2.0; 84,87,180,59,3,96,229,67,161,91,109,155,83,25,35,32,61,120,233,81,139,222,182,30,170,119,139,51,101,152,246,119,124,201,131,179,213,206,74,212,93,5,144,137,148,107,83,25,85,170,61,63,145,81,113,222,40,42,61,165,21,81,139,51,62,9,155,83,243,35,32,61,205,106,193,5,222,182,232,170,119,139,122,156,75,39,119,124,217,131,131,72,206,111,82,93,63,43,213,101,39,98,5,136,151,149,225,181,9,3,77,114,11,28,190,123,158,206,170,83,225,138,233,210,250,36,77,155,83,196,141,193,213,164,118,30,6,232,115,229,112,142,20,9,155,118,83,242,35,233,46,128,21,93,155,236,213,101,17,236,5,229,139,197,140,242,81,57,89,208,87,176,218,71,45,143,223,72,190,127,106,21,81,139,129,224,181,199,3,66,244,25,167,233,38,219
Best fitness found so far: 0.592106297239398; k: 2.0
Generation: 146; 0.592106297239398; k: 2.0; 84,105,180,119,63,96,229,67,31,91,9,155,83,25,35,32,61,43,239,81,139,222,182,30,170,119,139,51,85,152,39,78,124,84,91,131,213,206,74,194,93,5,185,137,9,107,83,25,35,85,61,63,239,5,139,222,87,42,61,132,21,72,139,95,62,9,155,83,180,35,32,61,205,239,237,5,222,182,30,170,109,139,151,189,246,39,114,124,217,131,131,213,206,74,82,93,63,43,213,101,39,236,5,155,151,158,140,181,75,3,77,213,11,28,190,236,2,206,20,81,139,95,62,9,155,83,180,35,32,39,119,124,84,19,206,70,160,180,120,158,103,137,67,103,113,5,181,122,25,35,233,221,189,91,145,139,222,131,82,144,162,179,37,150,170,83,25,138,233,210,209,196,1,155,30,196,141,193,213,164,39,30,194,108,140,229,112,142,91,9,155,83,180,35,226,221,205,178,41,5,22,182,214,170,119,47,112,128,198,194,170,83,25,32,233,58,56
Best fitness found so far: 0.592106297239398; k: 2.0
Generation: 147; 0.592106297239398; k: 2.0; 73,79,180,59,69,96,229,67,31,91,9,155,83,25,35,32,133,43,239,1,139,222,182,30,96,229,112,31,91,9,155,41,180,35,142,61,205,239,241,35,222,182,150,170,121,139,222,188,247,144,12,137,61,142,215,100,132,113,65,63,145,247,177,66,86,87,66,242,87,101,25,131,233,61,207,105,36,139,113,18,96,28,190,236,150,206,215
Best fitness found so far: 0.592106297239398; k: 2.0
Generation: 148; 0.592106297239398; k: 2.0; 109,129,180,119,63,96,229,112,31,91,9,155,83,180,35,32,61,205,69,81,5,222,182,30,230,241,139,51,189,39,69,195,124,217,131,131,226,206,194,243,93,63,236,213,101,39,236,193,81,119,192,60,206,217,53,32,5,144,137,16,107,83,197,35,170,20
Best fitness found so far: 0.592106297239398; k: 2.0
Generation: 149; 0.592106297239398; k: 2.0; 109,87,180,119,63,96,229,67,59,91,9,155,139,25,157,32,177,43,239,81,139,222,76,105,170,119,139,97,189,39,39,119,124,217,245,131,213,206,61,194,93,5,185,137,9,226,83,186,35,14,183,35,239,81,57,136,151,149,225,181,75,230,77,116,11,28,14,249,213,244,20,171,139,33,192,9,155,84,172,78,189,61,205,67,237,90,174,182,30,62,139,120,60,63,128,35,187,197,172,61,170,100,128,245,19,105,6,239,181,115,217,139,18,223,68,111,12,61,113,119,63,226,223,81,78,7,39,226,105
Best fitness found so far: 0.592106297239398; k: 2.0
Generation: 150; 0.592106297239398; k: 2.0; 109,87,180,119,63,96,229,2,31,91,9,155,83,180,155,32,221,205,117,41,5,222,182,30,101,24,119,94,3,234,35,233,38,60,41,147,233,61,207,10,97,139,113,231,63,145,247,102,66,241,87,239,108,87,101,170,131,190,236,2,206,20,81,139,95,62,132,155,167,180,35,86,61,205,239,237,210,222,182,30,203,119,139,51,189,246,39,124,82,217,131,131,213,206,74,82,93,63,43,213,222,182,30,101,24,119,94,3,234,35,233,38,60,41,147,233,61,207,10,97,139,113,231,63,145,247,102,66,241,87,239,108,87,101,170,131,190,236,2,206,20,81,139,95
Best fitness found so far: 0.592106297239398; k: 2.0
Generation: 151; 0.592106297239398; k: 2.0; 249,87,180,119,63,96,229,67,49,91,9,155,139,25,35,32,237,43,175,81,139,222,178,30,170,119,139,25,189,173,39,208,155,83,61,25,170,83,25,32,233,210,209,36,1,155,83,196,141,100,213,164,226,30,6,108,134
Best fitness found so far: 0.592106297239398; k: 2.0
Generation: 152; 0.592106297239398; k: 2.0; 84,87,180,59,63,96,229,67,31,91,9,155,83,25,35,187,17,43,239,81,139,222,182,30,185,119,139,11,39,106,246,75,72,81,131,168,60,206,217,53,32,5,144,137,9,107,83,197,35,170,97,36,164,236,35,161,213,51,85,152,107,119,124,217,131,131,213,124,25,194,134,5,185,120,9,107,83,25,35,105,61,62,239,81,139,222,87,42,61,132,178,2,139,158,62,9,155,83,180,35,32,168,205,239,237,5,222,182,30,202,119,139,51,127,246,39,119,124,119,139,112,128,198,47,150,100,131,68,150,100,11,22,170,83,25,164,233,38,219
Best fitness found so far: 0.592106297239398; k: 2.0
Generation: 153; 0.592106297239398; k: 2.0; 109,87,180,119,63,96,229,67,31,91,9,75,83,25,35,32,61,43,239,81,139,222,182,30,170,86,139,244,47,107,204,88,232,170,139,55,119,33,226,190,103,134,236,213,84,67,30,237,196,134,95,140,181,110,120,5,133,83,25,112,190,221,164,215,81,139,222,127,115,7,89,137,209,41,110
Best fitness found so far: 0.592106297239398; k: 2.0
Generation: 154; 0.592106297239398; k: 2.0; 109,161,180,119,63,96,229,67,31,91,9,5,83,25,35,32,61,43,239,216,139,222,182,30,170,119,248,51,192,36,139,38,56
Best fitness found so far: 0.592106297239398; k: 2.0
Generation: 155; 0.592106297239398; k: 2.0; 109,87,180,110,63,96,229,112,31,91,9,155,83,180,35,32,61,205,239,241,5,222,182,30,170,139,222,178,30,170,119,85,51,37,39,39,119,124,115,19,206,43,237,180,120,158,169,92,67,103,113,5,65,122,25,35,233,221,189,21,145,139,222,131,247,144,6,179,37,37,170,83,25,138,233,210,250,36,1,155,83,42,141,190,213,164,39,30,6,136,115,229,112,142,91,9,155,118,83,242,35,233,46,128,108,93,155,236,213,101,39,236,5,229,155,197,140,242,81,57,89,208,87,176,36,71,58,143,223,72,190,127,214,123,81,139,129,140,181,199,100,66,244,25,167,147,38,219
Best fitness found so far: 0.592106297239398; k: 2.0
Generation: 156; 0.592106297239398; k: 2.0; 84,87,180,59,159,96,229,7,161,91,9,155,83,25,35,32,61,43,51,81,139,222,182,30,170,119,105,184,101,57,246,119,92,35,131,179,213,206,74,37,93,146,144,137,194,107,83,25,35,170,61,194,145,81,140,1,40,42,9,165,21,81,139,51,62,9,155,83,180,35,32,61,205,106,237,246,222,182,30,170,214,139,35,125,75,39,119,124,2,131,15,72,206,63,82,93,139,43,231,101,39,236,214,136,151,242,225,81,5,222,182,30,206,74,194,93,63,212,213,101,39,236,193,81,139,148,140,181,81,3,58,114,11,153,190,236,2,206,20
Best fitness found so far: 0.592106297239398; k: 2.0
Generation: 157; 0.592106297239398; k: 2.0; 9,161,180,119,135,96,119,67,31,91,9,180,89,25,35,32,61,43,239,216,139,222,168,30,182,137,241,150,170,225,25,32,194,19,96,229,222,49,91,52,155,139,192,1,176,12,43,175,81,139,139,51,189,39,130,119,124,217,19,131,213,206,74,194,183,5,133,137,172,131,83,61,99,119,63,226,223,16,78,22,48,116,105
Best fitness found so far: 0.592106297239398; k: 2.0
Generation: 158; 0.592106297239398; k: 2.0; 216,87,180,59,63,96,229,67,169,91,9,155,83,25,35,32,61,43,239,81,139,222,182,30,149,119,107,5,39,152,246,119,124,95,131,35,32,61,205,239,241,5,222,182,30,170,121,242,222,131,247,144,12,189,185,150,230,23,25,32,137,38,202
Best fitness found so far: 0.592106297239398; k: 2.0
Generation: 159; 0.592106297239398; k: 2.0; 109,87,180,119,63,96,229,67,31,91,9,75,83,25,35,32,61,43,239,81,139,222,182,30,170,119,139,51,189,39,39,119,124,217,161,131,66,206,74,194,93,5,185,137,9,107,83,25,35,233,61,63,228,81,139,229,180,233,61,212,21,81,139,70,62,30,170,101,25,35,45,43,239,205,139,222,182,30,170,119,139,203,39,152,246,119,124,217,131,3,213,206,64,53,32,5,144,137,51,107,83,25,35,170,97,139,95,62,9,155,83,180,35,32,182,205,124,237,5,222,68,30,170,119,139,51,155,244,39,98,124,105,131,131,213,206,74,200,93,63,43,213,101,39,236,5,136,76,158,125,181,75,3,83,196,35,107,210,88,221,170,126,3
Best fitness found so far: 0.592106297239398; k: 2.0
Generation: 160; 0.592106297239398; k: 2.0; 84,87,180,59,63,96,229,67,31,91,9,155,81,25,35,32,61,43,239,81,139,222,182,30,153,119,131,51,39,152,246,98,124,217,131,179,213,130,74,206,93,5,144,137,9,107,83,25,35,170,61,63,67,81,151,248,87,42,61,165,21,81,139,95,62,9,155,83,180,35,32,61,205,200,237,5,222,182,30,170,38,139,51,156,75,39,119,124,217,233,204,35,38,136,103,118,94,49,227,102,173,220,27,97,119,63,45,97,67,145,91,5,58,71,13,58,107,210,88,21,170,139,55,119,33,167,190,103,183,14,67,101,39,30,237,196,134,95,133,181,110,203,5,58,83,25,100,190,221,222,215,81,139,222,127,178,171,89,137,209,36,110
Best fitness found so far: 0.592106297239398; k: 2.0
Generation: 161; 0.592106297239398; k: 2.0; 109,87,180,119,63,96,229,112,31,91,69,155,3,180,35,142,117,205,239,241,35,222,182,30,83,31,35,233,46,216,105,93,63,236,213,104,39,236,5,229,119,219,217,94,131,213,206,74,194,183,5,185,137,172,139,95,140,181,51,128,44,244,25,32,141,224,219
Best fitness found so far: 0.592106297239398; k: 2.0
Generation: 162; 0.592106297239398; k: 2.0; 109,87,180,119,63,96,229,112,31,91,9,155,83,180,35,32,61,205,239,206,5,222,182,30,170,20,139,222,131,247,144,180,146,63,96,229,67,31,91,9,155,83,220,238,155,61,43,22,106,250,222,182,30,170,119,139,51,189,39,39,119,124,36,149,202,213,206,74,194,130,5,32,233,200,134
Best fitness found so far: 0.592106297239398; k: 2.0
Generation: 163; 0.592106297239398; k: 2.0; 109,87,180,119,63,96,229,112,241,91,9,155,83,180,35,32,61,205,239,81,5,222,182,30,170,119,139,93,189,117,39,119,124,217,131,131,213,206,74,194,93,63,140,213,101,213,23,39,236,5,90,151,158,225,181,75,3,83,196,35,107,210,88,21,170,126,3,222,182,30,170,119,139,93,189,117,39,119,124,217,131,131,213,206
Best fitness found so far: 0.592106297239398; k: 2.0
Generation: 164; 0.592106297239398; k: 2.0; 84,87,180,59,63,96,229,67,31,91,171,155,83,25,35,32,61,43,239,81,139,222,182,30,43,229,139,51,39,152,246,119,124,95,131,179,213,206,74,194,93,5,144,137,9,107,83,25,35,170,16,56,145,81,113,222,87,111,61,165,21,81,180,119,63,96,229,112,31,91,9,49,83,180,35,32,98,205,239,241,5,222,167,30,170,31,35,233,46,88,105,93,63,236,213,101,92,236,5,229,139,197,140,242,81,57,89,48,87,176,57,71,45,23,223,72,190,127,214,21,81,139,95,140,236,199,237,66,244,216,167,233,38,219
Best fitness found so far: 0.592106297239398; k: 2.0
Generation: 165; 0.592106297239398; k: 2.0; 109,85,180,119,69,96,229,82,31,91,9,170,89,180,211,32,61,205,239,81,5,222,182,30,170,214,139,194,189,73,130,119,124,217,131,30,213,196,74,101,187,63,236,213,101,39,6,5,229,139,197,140,181,63,57,81,80,87,176,36,113,210,36,127,135,207,209,11,139,113,60,63,128,35,187,197,114,61,25,193,213,105,100,105,6,239,181,115,128,152,36,139,247,132,70,3,97,244,31,91,5,58,83,229,171,107,210,247,21,170,139,113,119,63,226,190,194,91,35,3,33,36,1,155,83,61,87,193,213,164,152,90,187,108,181,115,198,209,36,139,247,119,152,3,92,177,49,91,5,58,83,187,58,107,194,184,239,170,139,113,119,236,226,9,229,18,236,213,101,39,30,25,81,141,95,140,181,81,3,58,114,63,28,190,236,2,206,20
Best fitness found so far: 0.592106297239398; k: 2.0
Generation: 166; 0.600073551056443; k: 2.0; 84,42,180,248,63,96,229,67,31,54,9,230,83,236,35,87,61,43,239,163,139,123,182,30,170,119,139,51,39,152,246,119,124,217,131,168,126,206,217,53,32,31,144,137,9,107,83,25,35,170,97,63,145,81,113,222,181,42,114,165,67,31,91,164,106,83,95,35,32,61,43,239,216,139,222,182,30,93,119,248,51,192,36,139,183,105
Best fitness found so far: 0.600073551056443; k: 2.0
Generation: 167; 0.592106297239398; k: 2.0; 249,87,180,119,63,96,229,132,49,91,9,155,139,25,35,32,61,43,95,81,139,222,114,30,170,119,139,51,37,39,39,119,124,115,19,215,32,160,21,120,158,28,190,236,2,206,238
Best fitness found so far: 0.600073551056443; k: 2.0
Generation: 168; 0.592106297239398; k: 2.0; 249,183,180,119,241,96,151,67,49,91,9,155,139,25,35,32,61,43,239,81,139,222,178,30,170,119,139,51,189,139,25,157,32,61,43,239,81,139,222,182,30,170,119,139,51,189,39,39,119,124,217,112,131,213,206,61,194,93,5,185,137,9,107,83,25,240,14,183,63,239,81,79,222,87,233,61,245,228,81,83,83,25,193,46,136,39,100,158,15,18,112
Best fitness found so far: 0.600073551056443; k: 2.0
Generation: 169; 0.592106297239398; k: 2.0; 109,183,180,146,63,96,229,67,31,91,9,155,83,25,35,32,61,43,239,81,139,222,182,30,170,97,163,51,189,39,7,180,120,113,3,92,148,21,113,119,118,83,25,35,233,221,56,21,145,139,222,131,247,144,162,137,144,150,104,83,25,32,233,210,209,36,1,111,83,196,141,238,129,164,39,30,6,108,134
Best fitness found so far: 0.600073551056443; k: 2.0
Generation: 170; 0.592106297239398; k: 2.0; 249,87,180,119,63,96,229,67,49,91,9,155,139,25,35,32,61,43,175,81,139,222,164,30,57,91,139,25,189,173,39,1,155,243,220,25,193,213,164,213,121,39,236,56
Best fitness found so far: 0.600073551056443; k: 2.0
Generation: 171; 0.592106297239398; k: 2.0; 73,87,180,59,63,96,229,67,87,91,9,155,83,25,35,32,61,43,239,81,139,222,182,30,185,119,139,215,207,152,229,75,124,217,131,168,60,243,217,53,32,5,144,137,9,107,83,197,94,170,97,174,164,236,35,233,198,112,250,95,139,113,119,63,28,190,136,231,139,182,127,178,220,51,137,167,36,68
Best fitness found so far: 0.600073551056443; k: 2.0
Generation: 172; 0.600073551056443; k: 2.0; 84,42,180,248,179,96,229,67,31,54,9,230,83,236,35,87,61,43,239,163,139,123,182,30,71,119,139,51,39,152,246,119,124,145,131,168,173,206,217,53,32,31,144,137,9,107,83,25,250,170,97,67,31,91,164,106,83,25,70,32,61,43,239,216,139,222,182,73,170,44,248,51,192,36,139,183,105
Best fitness found so far: 0.600073551056443; k: 2.0
Generation: 173; 0.592106297239398; k: 2.0; 84,87,180,59,63,96,229,67,31,91,9,155,83,25,35,32,61,43,239,81,139,222,182,30,170,119,238,51,218,152,246,229,124,217,131,179,213,130,74,194,93,5,144,137,149,107,83,64,35,230,61,108,54,177,151,112,187,42,61,165,124,81,179,95,62,9,159,96,180,13,114,205,200,63,96,229,67,31,91,9,155,83,25,35,32,193,43,239,11,139,222,182,30,170,119,139,51,189,39,39,119,207,36,47,131,213,43,74,194,235,5,185,137,217,159,115,19,192,32,206,180,120,158,3,92,67,103,113,5,242,83,25,35,233,221,189,21,145,139,61,131,247,144,162,137,144,150,170,243,25,138,233,210,209,36,1,155,83,196,141,193,213,164,39,30,6,108,96,229,112,142,55,9,155,95,186,35,32,221,205,117,41,5,222,182,27,170,119,47,112,128,198,217,170,83,25,32,233,176,56
Best fitness found so far: 0.600073551056443; k: 2.0
Generation: 174; 0.592106297239398; k: 2.0; 109,87,180,239,63,96,229,112,31,91,9,155,83,180,35,32,61,218,115,81,5,222,182,30,230,241,139,51,189,39,69,119,124,217,131,131,197,54,194,243,93,63,38,213,101,80,236,193,81,119,139,123,233,36,113,119,63,8,88,131,68,49,239,35,233,152,103,118,94,120,71,102,45,220,27,145,157,5,137,194
Best fitness found so far: 0.600073551056443; k: 2.0
Generation: 175; 0.600073551056443; k: 2.0; 84,42,180,248,179,96,229,67,119,54,9,230,83,236,35,87,61,43,239,163,139,123,182,30,71,119,139,51,39,152,246,119,124,145,152,168,173,206,217,53,32,31,144,137,9,107,83,25,250,170,97,67,31,91,83,106,219,175,70,32,61,43,120,216,35,222,182,188,83,31,45,233,46,88,105,93,63,236,213,101,39,236,5,229,139,197,140,242,81,57,89,48,87,176,57,71,45,143,223,72,190,127,167,108,81,139,95,140,181,199,237,66,244,216,167,233,213,219
Best fitness found so far: 0.600073551056443; k: 2.0
Generation: 176; 0.592106297239398; k: 2.0; 84,87,180,59,75,96,229,67,31,91,9,155,83,25,35,32,61,43,239,81,139,222,182,30,128,87,180,119,63,96,229,138,31,91,9,155,139,25,157,32,61,43,194,81,139,222,182,30,170,119,69,51,189,39,39,119,124,217,112,131,213,206,61,194,93,5,185,137,9,107,83,25,35,14,47,50,239,136,79,222,87,233,61,245,21,81,83,61,25,193,46,136,39,100,158,15,18,112
Best fitness found so far: 0.600073551056443; k: 2.0
Generation: 177; 0.592106297239398; k: 2.0; 109,87,180,146,63,96,229,67,31,91,9,155,83,25,35,32,61,43,239,81,139,222,182,30,181,119,139,51,189,39,39,119,124,36,149,131,213,119,74,194,130,5,185,139,9,159,115,95,237,32,160,180,227,186,3,47,155,21,113,5,118,83,139,222,178,30,170,119,81,139,95,140,181,81,3,44,215,134,233
Best fitness found so far: 0.600073551056443; k: 2.0
Generation: 178; 0.592106297239398; k: 2.0; 109,161,180,119,63,96,229,67,131,91,9,5,83,25,35,32,61,43,239,216,139,222,182,30,170,119,248,124,192,36,80,96,229,67,31,11,39,155,83,25,35,32,61,43,239,81,139,222,120,30,170,119,238,51,218,152,246,119,124,217,131,179,213,130,74,194,93,5,144,137,9,107,83,25,35,170,61,108,54,177,151,112,87,228,61,165,21,81,179,95,62,9,159,83,180,13,114,61,205,138,237,5,222,182,30,170,202,139,51,156,75,39,119,124,217,131,147,213,62,74,82,93,214,43,213,101,39,236,5,136,151,158,67,181,160,3,77,114,11,28,13,236,2,206,20,81,139,133,62,9,230,83,147,44,32,216,205,237,237,88,222,190,189,82,115,29,201,36,1,111,83,219,25,193,213,164,39,30,118,108,181,115,94,153,36,139,134,86,63,28,190,61,190,92,81,139,204,140,181,81,3,5,58,98,14,100,204,221,109,21,81,139,100,188,178,7,51,137,209,36,139,113,119,114,13,73,187,118,92,198,83,180,13,114
Best fitness found so far: 0.600073551056443; k: 2.0
Generation: 179; 0.592106297239398; k: 2.0; 84,87,180,59,3,96,229,7,219,91,9,155,83,25,35,32,61,43,239,21,139,222,182,30,170,119,105,184,175,57,246,119,92,35,215,179,213,206,74,194,61,9,144,137,194,107,83,25,35,170,61,194,145,81,113,39,40,42,61,165,21,81,139,51,62,9,155,83,61,35,32,61,205,106,237,5,222,182,35,170,119,139,35,125,75,39,119,16,217,131,222,72,206,63,82,93,63,43,213,101,39,236,235,136,151,149,225,81,5,230,182,30,170,119,154,112,128,198,246,101,188,131,68,150,100,11,22,101,86,206,143,47,221,138,183,158,213,46,39,30,242,15,181,144,221,209,36,129,19,10,140,61,247,144,12,137,61,142,215,100,139,113,6,63,126,247,177,66,136,130,66,242,87,101,25,131,233,61,170,119,139,51,189,72,39,140,124,217,94,131,213,206,74,194,84,5,185,137,172,107,97,211,113,119,63,226,223,16,78,67,81,226,105
Best fitness found so far: 0.600073551056443; k: 2.0
Generation: 180; 0.600073551056443; k: 2.0; 84,42,180,248,179,96,229,67,119,54,9,230,83,236,35,87,61,43,239,163,139,123,182,30,71,119,139,192,232,152,246,119,124,145,152,168,173,59,217,53,32,31,144,137,9,107,83,25,250,170,97,167,31,91,83,106,219,175,70,32,61,43,96,229,112,31,91,9,63,190,180,35,32,98,205,187,241,5,222,18,30,79,121,139,222,131,247,144,12,91,161,150,170,83,30,32,233,92,219
Best fitness found so far: 0.600073551056443; k: 2.0
Generation: 181; 0.592106297239398; k: 2.0; 109,87,180,146,63,96,229,67,31,91,9,155,83,25,35,32,61,43,239,81,139,222,236,30,170,119,139,190,189,45,39,119,124,36,149,131,213,206,74,194,93,64,185,137,9,159,115,95,206,32,160,180,120,113,3,92,67,21,113,5,118,83,25,35,233,221,88,21,238,139,222,131,247,93,162,137,144,150,170,83,25,32,203,210,98,36,25,35,32,184,43,175,81,139,222,178,30,170,119,139,108,208,173,31,91,9,180,83,180,35,3,221,205,106,104,5,5,242,30,98,8,139,196,74,198,217,150,83,25,32,233,133,111
Best fitness found so far: 0.600073551056443; k: 2.0
Generation: 182; 0.600073551056443; k: 2.0; 84,42,180,158,179,96,229,67,119,54,9,230,83,236,35,87,61,43,239,163,139,123,182,30,71,119,139,51,39,152,246,119,124,145,152,224,173,173,217,53,32,31,144,137,9,107,83,25,250,170,97,67,31,91,83,106,219,175,70,32,61,43,120,216,35,222,182,188,93,31,45,233,46,88,105,93,226,236,213,101,119,63,96,229,67,49,91,9,155,139,25,35,239,239,43,31,81,139,222,178,30,170,119,139,108,189,173,31,91,9,150,83,180,35,3,221,205,106,31,5,222,182,30,170,119,139,112,78,198,217,170,83,25,32,233,210,56
Best fitness found so far: 0.600073551056443; k: 2.0
Generation: 183; 0.600073551056443; k: 2.0; 84,240,180,248,63,96,85,67,31,54,9,230,83,236,35,87,61,43,239,163,139,123,182,30,170,119,198,51,39,152,20,119,124,217,131,168,126,206,217,53,32,31,144,226,120,249,87,51,44,63,13,229,67,49,91,9,155,139,25,35,32,61,43,175,81,139,222,178,30,170,119,139,237,208,173,31,91,232,155,83,180,35,3,221,205,106,41,5,5,242,30,170,62,139,195,121,102,217,170,83,25,32,233,133,111
Best fitness found so far: 0.600073551056443; k: 2.0
Generation: 184; 0.600073551056443; k: 2.0; 57,42,180,248,21,96,229,67,151,54,9,230,83,236,35,87,61,43,239,163,139,123,182,30,71,182,139,249,39,152,246,119,124,145,152,168,144,206,217,53,84,31,144,137,9,107,83,25,250,170,97,67,31,131,140,61,207,179,189,139,113,247,96,206,20
Best fitness found so far: 0.600073551056443; k: 2.0
Generation: 185; 0.600073551056443; k: 2.0; 84,42,180,248,179,96,229,67,119,54,9,230,83,236,35,87,61,43,239,163,139,123,96,30,71,119,139,192,232,152,246,119,124,145,152,168,173,59,187,53,32,85,144,137,9,107,83,25,250,170,97,167,31,91,83,106,219,175,70,32,61,43,96,65,112,31,91,122,63,190,50,35,32,215,205,187,241,5,222,18,30,246,121,139,222,131,247,144,52,91,161,150,170,74,194,93,5,185,227,9,42,115,149,206,32,139,180,120,113,3,92,67,21,113,150,118,83,25,35,233,221,189,21,58,140,236,213,61,39,236,5,229,139,66,140,115,119,248,51,117,63,139,38,56
Best fitness found so far: 0.600073551056443; k: 2.0
Generation: 186; 0.600073551056443; k: 2.0; 84,42,180,218,179,96,229,67,31,54,9,100,83,236,35,87,61,43,239,163,139,123,182,30,71,207,139,51,39,152,214,119,124,36,131,168,173,206,217,53,32,31,27,137,23,107,57,25,136,170,97,67,31,91,164,106,83,149,206,32,139,180,120,113,3,92,67,21,113,150,118,83,25,35,233,104,224,21,58,140,236,213,61,39,236,5,229,139,66,210,115,119,248,51,117,63,139,38,56
Best fitness found so far: 0.600073551056443; k: 2.0
Generation: 187; 0.600073551056443; k: 2.0; 84,66,180,218,179,96,229,67,31,54,9,100,83,236,35,87,61,43,239,163,139,123,182,10,71,207,139,51,39,152,214,119,19,22,131,168,173,206,217,69,32,31,27,137,23,107,57,25,136,170,97,67,31,91,164,106,83,149,206,32,139,180,120,113,3,92,67,21,113,150,118,100,216,35,141,38,224,21,58,140,236,213,61,39,111,5,229,139,66,210,115,119,248,51,117,63,139,38,56
Best fitness found so far: 0.600073551056443; k: 2.0
Generation: 188; 0.600073551056443; k: 2.0; 84,42,180,248,179,96,229,67,31,54,9,230,83,236,35,87,61,43,239,163,139,123,182,30,71,119,139,51,39,152,246,119,124,145,131,168,165,206,217,53,32,31,144,137,9,107,83,25,250,204,97,63,115,91,164,180,120,113,3,64,67,21,113,5,118,83,25,163,233,221,88,21,93,63,236,213,101,39,236,5,229,139,197,140,181,36,57,89,208,247,176,36,71,45,143,223,28,190,103,214,21,239,139,95,140,181,207,3,151,244,25,167,233,38,100
Best fitness found so far: 0.600073551056443; k: 2.0
Generation: 189; 0.600073551056443; k: 2.0; 84,42,180,248,179,96,229,67,31,54,9,230,83,236,157,87,61,43,239,163,139,123,182,30,71,24,139,120,39,152,246,119,124,145,131,168,173,206,217,53,32,31,144,137,9,107,83,25,5,248,97,182,30,105
Best fitness found so far: 0.600073551056443; k: 2.0
Generation: 190; 0.600073551056443; k: 2.0; 200,42,180,248,179,96,229,67,31,54,9,230,83,236,35,87,61,43,165,163,139,118,216,30,71,119,139,108,73,202,246,197,20,145,30,168,36,206,24,53,150,31,144,73,9,244,31,91,9,155,83,25,35,32,229,108,71,45,143,223,72,190,127,214,21,81,139,95,155,181,199,3,66,244,25,24,233,141,219
Best fitness found so far: 0.600073551056443; k: 2.0
Generation: 191; 0.600073551056443; k: 2.0; 84,214,180,248,179,96,229,67,119,54,9,230,83,76,35,87,61,43,103,163,139,123,182,30,71,119,139,123,232,152,246,70,124,145,152,168,173,59,217,53,32,250,53,32,31,144,72,9,107,83,25,250,170,97,167,31,91,178,106,131,175,70,32,61,43,96,229,112,31,91,9,63,190,180,35,32,98,205,187,209,105,222,18,30,79,121,139,84,131,247,144,12,91,161,150,170,83,30,32,57,92,219
Best fitness found so far: 0.600073551056443; k: 2.0
Generation: 192; 0.600073551056443; k: 2.0; 84,240,180,248,63,96,85,67,31,54,9,230,83,236,35,87,61,43,239,163,139,123,14,30,170,119,198,59,39,12,91,161,150,170,83,30,32,233,92,219
Best fitness found so far: 0.600073551056443; k: 2.0
Generation: 193; 0.600073551056443; k: 2.0; 84,214,180,248,179,96,229,67,119,54,9,230,83,236,35,87,61,43,103,163,139,123,182,30,71,119,139,71,232,152,246,119,161,145,152,168,173,59,217,137,32,31,144,137,9,107,83,25,64,32,233,133,56
Best fitness found so far: 0.600073551056443; k: 2.0
Generation: 194; 0.600073551056443; k: 2.0; 30,42,180,248,179,96,229,67,247,54,9,230,83,51,35,87,61,43,239,163,181,123,182,30,71,119,139,51,39,152,246,119,124,213,73,168,228,198,217,53,32,31,144,137,9,107,83,25,250,170,71,67,31,91,83,106,219,175,70,32,61,43,120,221,35,222,182,188,137,147,45,63,46,88,130,93,136,89,213,101,39,236,5,229,111,161,140,242,238,57,89,247,54,9,33,83,51,35,87,61,43,239,163,139,123,182,30,71,27,139,51,39,152,96,119,84,145,152,168,55,198,217,53,32,22,144,137,9,107,83,67,250,17,118,67,31,91,97,106,219,175,70,32,61,43,9,213,83,201,79,17,97,63,145,81,113,59,46,126,157,93,39,196,213,101,106,133,5,101,139,15,162,242,81,57,89,48,87,176,57,71,45,207,223,72,231,127,167,34,134,139,95,140,115,199,230,79,57,51,189,39,90,193,124,217,167,105,7,206,61,194,93,84,236,19,229,168,236,193,81,139,197,140,181,81,3,77,114,220,153,190,236,2,206,20,250,43,239,85,154,123,250,143,193,119,139,51,39,119,246,119,204,63,222,229,241,182,120,218,79,136,51,189,39,90,193,124,217,131
Best fitness found so far: 0.600073551056443; k: 2.0
Generation: 195; 0.600073551056443; k: 2.0; 84,80,180,248,179,96,229,67,93,54,163,230,83,236,35,87,61,43,239,163,139,123,182,30,71,119,139,68,39,152,246,119,124,145,152,168,173,206,217,53,221,241,183,9,230,83,236,35,87,61,43,239,163,139,123,182,30,71,90,139,51,39,157,246,119,124,145,152,168,164,206,217,53,32,31,144,137,9,107,83,25,250,170,97,112,31,83,83,106,219,175,70,32,61,201,120,216,35,186,182,188,83,31,45,131,213,206,61,194,93,39,7,124,36,149,131,213,150,62,113,93,5,57,137,9,35,115,149,206,69,99,14,120,113,3,117,38,249,113,5,118,83,63,35,233,46,88,21,12,63,236,213,104,39,236,5,229,139,197,140,242,81,57,250,208,87,176,36,71,45,143,223,72,190,127,214,21,81,139,95,155,181,199,3,66,244,25,211,233,141,219,137,9,35,115,149,206,69,99,14,120,113,3,117,38,249,113,5,118,83,63,35,233,46,88,21,12,63,236,213,104,39,236,5,229,139,197,140,242,81,57,250,208,87,176,36,71,45,143,223,72,190,127,214,21,81
Best fitness found so far: 0.600073551056443; k: 2.0
Generation: 196; 0.600073551056443; k: 2.0; 84,240,180,248,63,96,85,107,31,54,9,230,83,236,245,87,61,43,239,163,23,123,182,30,214,119,139,94,39,35,203,119,124,131,131,168,227,206,217,56,32,31,77,114,11,28,233,236,2,206,20,81,139,133,62,9,155,83,172,35,32,250,205,237,237,5,222,182,53,82,115,29,201,36,1,231,83,219,25,193,213,164,39,30,6,108,181,115,128,209,36,139,134,86,63,28,190,61,190,25,194,139,95,140,181,81,3,5,58,83,237,100,204,221,133,21,180,139,186,188,178,7,51,179,209,171,139,113,119,114,13,35,187,21,92,198
Best fitness found so far: 0.600073551056443; k: 2.0
Generation: 197; 0.600073551056443; k: 2.0; 84,40,180,248,133,96,1,67,119,54,9,230,83,236,35,87,69,43,239,163,139,123,182,30,71,119,5,239,107,152,246,102,124,142,26,170,119,218,51,171,21,39,69,124,217,17,131,213,112,74,194,183,23,154,107,182,122,105,61,113,85,232,131,105,16,239,127,239,163,139,123,182,30,170,119,83,51,39,152,246,119,10,217,43,168,126,35,217,72,4,2,31,212,165,155,29,23,155,164,221,146,117,41,221,222,182,30,101,10,119,31,3,149,11,33,38,176,70,4,69,237,100,204,221,133,21,180,139,54,124,178,7,51,137,209,207,139,113,222,182,30,202,119,139,51,189,8,39,119,117,119,139,147,128,198,47,150,100,131,68,150,143,105,22,170,83,25,32,233,38,219
Best fitness found so far: 0.600073551056443; k: 2.0
Generation: 198; 0.600073551056443; k: 2.0; 84,52,180,248,57,96,229,67,31,64,9,230,83,236,35,87,61,43,165,163,139,123,182,30,71,119,139,51,39,152,246,119,20,203,102,168,173,206,217,53,160,31,139,133,62,9,155,83,172,160,32,61,205,237,237,5,222,182,53,82,115,148,201,66,1,155,239,219,144,193,213,129,39,30,6,108,181,141,128,209,36,139,5,152,63,215,190,61,190,25,194,139,95,140,181,81,3,5,243,83,237,100,204,221,133,21,180,171,54,137,178,7,51,137,209,171,139,113,119,114,13,35,187,21,92,198
Best fitness found so far: 0.600073551056443; k: 2.0
Generation: 199; 0.600073551056443; k: 2.0; 84,42,180,158,179,96,229,67,119,54,9,230,83,236,35,87,61,43,239,163,139,123,182,30,71,119,139,51,39,152,246,119,124,145,152,224,173,173,217,53,32,31,144,51,9,107,83,25,250,170,97,86,31,91,83,106,219,175,70,32,61,43,120,216,35,222,182,188,93,156,45,233,46,88,105,93,226,236,213,101,197,140,181,81,3,77,114,51,153,190,236,2,206,20,61,43,239,163,139,242,182,30,193,119,139,51,39,152,246,119,204,63,96,229,222,182,120,230,123,139,51,189,39,90,193,124,217,131
Best fitness found so far: 0.600073551056443; k: 2.0
Total time of execution of seed 8 : 46491861
Solution Fitness: -0.600073551056443
Variables: random 4 chebyshev split moveAverage moveNear join split moveAverage moveBetween moveBetween moveBetween join
