Generation: 0; 0.002715511859241155; k: 3.3; 207,181,22,123,159
Best fitness found so far: 0.002715511859241155; k: 3.3
Generation: 1; 0.44264962057591645; k: 2.1; 179,68,79,117,65,14,115,93,209,36,139,222,62,30,170,108,3
Best fitness found so far: 0.44264962057591645; k: 2.1
Generation: 2; 0.49762695923147743; k: 2.1; 179,68,79,119,65,14,115,93,209,36,139,222,62,30,170,108,3
Best fitness found so far: 0.49762695923147743; k: 2.1
Generation: 3; 0.41979147856378535; k: 3.0; 139,48,63,96,85,222,143,125,195,234,173,179,25,35,232,61,107,7,39,232,71,69
Best fitness found so far: 0.49762695923147743; k: 2.1
Generation: 4; 0.48574676986846477; k: 2.4; 28,30,166,110,233,96,39,67,127,249,91,5,80,193
Best fitness found so far: 0.49762695923147743; k: 2.1
Generation: 5; 0.5366796412096868; k: 2.0; 110,233,96,39,67,127,249,91,5,128,193
Best fitness found so far: 0.5366796412096868; k: 2.0
Generation: 6; 0.5621560186325307; k: 2.0; 148,96,156,139,127,249,91,75,51,141,213,12,182,135,236,127
Best fitness found so far: 0.5621560186325307; k: 2.0
Generation: 7; 0.5772941167520328; k: 2.0; 237,68,74,53,111,163,169,58,123,56,173,179,16,35,66,61,8,3,117,65,14,115,93,209,244,139,222,68,49,213,239,163,167,107,21,35,108
Best fitness found so far: 0.5772941167520328; k: 2.0
Generation: 8; 0.6203342930274681; k: 2.0; 28,135,10,213,233,136,91,5,207,14,115,93,209,173,86,25,35,232,61,107,7,39,232,77,69
Best fitness found so far: 0.6203342930274681; k: 2.0
Generation: 9; 0.6203342930274681; k: 2.0; 28,135,10,213,233,136,91,5,207,14,115,188,209,173,86,25,35,232,61,107,7,39,153,166,213,233,136,91,5,137,137,241,139,54
Best fitness found so far: 0.6203342930274681; k: 2.0
Generation: 10; 0.6203342930274681; k: 2.0; 28,191,10,213,233,136,91,5,207,14,115,93,232,173,19,25,35,123,61,202,21,81,163
Best fitness found so far: 0.6203342930274681; k: 2.0
Generation: 11; 0.6203342930274681; k: 2.0; 28,135,10,213,233,136,91,5,207,14,115,93,209,173,86,25,35,232,61,107,7,39,232,77,69
Best fitness found so far: 0.6203342930274681; k: 2.0
Generation: 12; 0.6203342930274681; k: 2.0; 28,135,10,213,233,136,229,5,207,14,115,188,209,173,86,25,35,232,61,250,99,5,133,119,233,96,39,67,127,249,91,5,80,77
Best fitness found so far: 0.6203342930274681; k: 2.0
Generation: 13; 0.6203342930274681; k: 2.0; 206,153,10,213,233,136,91,5,207,14,115,93,209,173,86,220,35,134,154,51,12,98,218,187,31,9,240,5,80,137
Best fitness found so far: 0.6203342930274681; k: 2.0
Generation: 14; 0.6203342930274681; k: 2.0; 28,135,10,213,233,136,91,5,207,14,115,93,209,173,86,25,35,232,61,107,7,141,186,3
Best fitness found so far: 0.6203342930274681; k: 2.0
Generation: 15; 0.6203342930274681; k: 2.0; 5,135,10,213,233,136,229,5,207,14,115,188,211,173,156,25,35,232,61,205,28,5,115,188,209,173,86,25,35,232,61,250,99,22,133,119,233,96,39,67,53,249,91,5,80,77
Best fitness found so far: 0.6203342930274681; k: 2.0
Generation: 16; 0.6203342930274681; k: 2.0; 206,153,10,159,131,136,213,5,131,14,115,93,209,173,86,220,35,134,209,173,86,25,35,232,61,107,7,39,73,166,213,233,136,8
Best fitness found so far: 0.6203342930274681; k: 2.0
Generation: 17; 0.6203342930274681; k: 2.0; 113,191,10,213,203,136,91,5,207,14,115,93,204,173,19,25,144,123,189,202,135,192,91,13,107,172,106,112,62,189,39,91,5,207,95,136,91,108,133,119,222,135,131,223,116,17,14,115,159,174,91,5,151,14,115,188,209,173,86,25,35,232,61,107,7,39,153,76,213,4,136,91,5,137,137,232,59,107,193,39,232,77,69
Best fitness found so far: 0.6203342930274681; k: 2.0
Generation: 18; 0.6203342930274681; k: 2.0; 206,153,10,213,233,136,91,5,207,14,9,93,210,173,86,220,170,134,154,51,164,127,218,187,31,9,240,162,148,172,213,112,31,96,39,91,20,207,14,173,93,209,173,116,93,209,173,86,56,35,213,61,107,188,209,173,174,52,35,232,26,107,7,212,125,115,188,209,173,86,184,35,232,61,73,7,39,153,166,210,118,136,91,5,137,137,241,139,54,210,173,86,220,170,134,154,51,164,127,218,187,31,9,240,162,148,172,213,112,31,96,39,91,20,207,14,173,93,209,173,116,93,209,173,86,56,35,213,61,107,188,209,173,174,52,35,232,26,107,7,212,125,115,188,209,173,86,184,35,232,61,73,7,39,153,166,210,118,136,91
Best fitness found so far: 0.6203342930274681; k: 2.0
Generation: 19; 0.6203342930274681; k: 2.0; 48,191,10,213,203,136,91,5,207,14,115,93,232,173,19,25,225,123,61,202,135,7,39,232,77,69,39
Best fitness found so far: 0.6203342930274681; k: 2.0
Generation: 20; 0.6203342930274681; k: 2.0; 206,153,10,213,79,136,91,5,207,14,55,93,209,173,86,220,170,83,229,10,213,233,136,91,199,207,174,115,93,35,134,154,51,164,24,135,187,80,9,31,162,84,102,213,211,31,51,141,98,18,128,59,247
Best fitness found so far: 0.6203342930274681; k: 2.0
Generation: 21; 0.6203342930274681; k: 2.0; 28,135,10,213,233,136,75,5,207,14,115,93,209,173,86,25,35,232,41,107,7,104,232,91,14,207,14,139,93,209,61,86,35,123,61,202,135,192,91,75,202,141,212,163,30,149,170,126,40,12,245,135,55,23
Best fitness found so far: 0.6203342930274681; k: 2.0
Generation: 22; 0.6203342930274681; k: 2.0; 206,153,10,159,131,136,213,5,131,14,115,93,209,173,86,220,35,134,154,51,164,13,219,187,38,171,240,162,107,172,190,30,81,86,210,91,5,144,119,183,68,49,144,142,76,173,114,25,61,107,7,141,186,3
Best fitness found so far: 0.6203342930274681; k: 2.0
Generation: 23; 0.6203342930274681; k: 2.0; 28,51,10,213,233,136,229,5,207,14,115,188,209,173,202,135,10,50,233,136,91,5,207,234,19,93,209,173,86,135,10,213,233,136,91,149,207,14,115,93,209,173,86,25,35,232,61,107,178,39,232,77,69
Best fitness found so far: 0.6203342930274681; k: 2.0
Generation: 24; 0.6203342930274681; k: 2.0; 182,135,10,213,233,136,99,5,207,14,115,188,209,173,86,25,47,232,184,71,177,180,153,217,136,91,5,131,179,115,235,155,46,86,220,35,134,154,206,164,86,219,118,31,9,240,91,16,43,66,61,73,141,232,65,14,115,119,209,233,84,222,68,49,213,7,39,153,166,213,86,25,35,232,61,16,184,66,61,73,141,117,65,231,115,119,209,244,139,222,68,103,213,219,163,167,107,21,67,108
Best fitness found so far: 0.6203342930274681; k: 2.0
Generation: 25; 0.6203342930274681; k: 2.0; 48,191,10,213,203,136,91,5,207,14,115,93,96,173,19,25,225,213,233,48,193,5,5,14,115,93,209,173,86,25,35,232,16,107,7,104,232,222,68,49,213,239,163,98,107,211,207,132,57,28,135,10,213,233,136,91,203,28,14,91,202,128,193
Best fitness found so far: 0.6203342930274681; k: 2.0
Generation: 26; 0.6203342930274681; k: 2.0; 28,135,10,213,233,136,75,5,207,14,115,93,128,173,86,5,90,229,5,207,14,115,188,209,207,14,115,188,209,173,86,25,43,232,61,16,98,66,61,73,141,117,9,231,115,119,209,244,139,222,68,49,213,219,163,167,107,21,67,108,233,136,75,5,207,14,115,93,128,173,86,5,90,229,5,207,14,115,188,209,207
Best fitness found so far: 0.6203342930274681; k: 2.0
Generation: 27; 0.6203342930274681; k: 2.0; 9,135,10,213,233,136,91,5,207,14,115,93,209,173,86,25,35,226,53,249,91,5,80,77
Best fitness found so far: 0.6203342930274681; k: 2.0
Generation: 28; 0.6203342930274681; k: 2.0; 13,135,10,213,233,136,91,5,207,14,115,93,209,173,86,25,35,232,61,107,7,97,91,5,80,20,207,14,173,93,209,173,116,93,209,173,86,56,35,213,181,107,7,172,132,77,69,156
Best fitness found so far: 0.6203342930274681; k: 2.0
Generation: 29; 0.6203342930274681; k: 2.0; 28,135,10,213,233,136,75,5,207,14,115,93,209,173,86,25,35,232,173,86,62,232,134,154,51,164,95,104,93,31,12,240,1,84,217,213,203,31,96,65,91,5,207,136,51,67,209,173,136,91,5,194,126,84,188,209,173,86,243,152,10,55,7,5,220,4,28,14,91,202,128,174
Best fitness found so far: 0.6203342930274681; k: 2.0
Generation: 30; 0.6203342930274681; k: 2.0; 206,153,10,213,233,136,91,5,207,14,139,93,21,173,86,220,35,134,42,51,12,98,138,86,136,91,5,144,119,183,68,49,144,142,76,173,114,25,35,168,188,209,165,174,25,35,232,25,107,7,212,14,115,188,209,173,176,184,46,232,61,73,7,39,153,166,213,233,156,91,5,137,137,241,186,54,233,136,91,5,137
Best fitness found so far: 0.6203342930274681; k: 2.0
Generation: 31; 0.6203342930274681; k: 2.0; 28,191,10,213,233,136,91,5,207,14,47,93,232,173,207,14,115,188,209,63,86,25,35,232,61,49,7,39,153,217,213,91,41,131,179,115,249,87,173,86,220,35,134,168,95,5,137,137,241,139,54,39,153,217,213,91,41,131,179,115,249,87,173,86
Best fitness found so far: 0.6203342930274681; k: 2.0
Generation: 32; 0.6203342930274681; k: 2.0; 28,217,140,213,233,136,91,5,207,14,115,93,209,173,86,220,35,134,154,51,164,24,218,187,80,9,167,233,136,229,5,207,14,115,188,209,173,86,25,238,232,78,16,184,66,88,233,136,101,5
Best fitness found so far: 0.6203342930274681; k: 2.0
Generation: 33; 0.6203342930274681; k: 2.0; 28,135,10,180,233,136,113,5,207,14,115,188,209,173,86,25,35,232,61,49,7,39,20,171,221,76,41,35,155,115,240,14,115,28,209,173,86,184,35,232,61,73,38,39,153,166,213,233,136,91,164,8,43,187,31,9,240,162,75,172,59
Best fitness found so far: 0.6203342930274681; k: 2.0
Generation: 34; 0.6203342930274681; k: 2.0; 206,153,10,213,233,136,91,5,207,14,139,93,209,173,86,220,35,134,42,51,12,98,138,220,35,235,42,51,12,98,138,153,31,9,240,114,80,127,170,91,5,80,77
Best fitness found so far: 0.6203342930274681; k: 2.0
Generation: 35; 0.6203342930274681; k: 2.0; 5,135,10,213,233,136,229,5,207,14,115,188,10,213,233,38,91,132,207,14
Best fitness found so far: 0.6203342930274681; k: 2.0
Generation: 36; 0.6203342930274681; k: 2.0; 28,135,10,213,233,136,91,5,151,14,115,188,209,173,86,25,35,232,61,107,7,39,153,76,213,4,136,91,93,137,137,232,61,174,241,10,123,109,136,229,5,207,14,115,188,211,173,86,25,35,232,10,179,233,136,91,5,57,14,115,183,209,173,86,25,35,232,61,107,7,39,223,166,213,233,136,91,5,137,137,241,139,54
Best fitness found so far: 0.6203342930274681; k: 2.0
Generation: 37; 0.6203342930274681; k: 2.0; 28,227,10,213,233,136,91,5,207,14,115,188,191,173,86,25,81,232,167,107,7,12,215,20,139,233,136,5,234,133,124,141,186,74
Best fitness found so far: 0.6203342930274681; k: 2.0
Generation: 38; 0.6203342930274681; k: 2.0; 28,217,10,213,233,136,91,5,207,14,115,93,209,173,86,220,35,134,152,51,164,24,218,187,80,9,240,163,3,93,213,233,162,203,61,89,7,39,18,218,58,233,127,91,5,6,137,241,139,54
Best fitness found so far: 0.6203342930274681; k: 2.0
Generation: 39; 0.6203342930274681; k: 2.0; 206,153,155,159,131,136,213,5,131,14,115,93,209,173,86,220,35,134,33,51,164,13,34,187,38,171,240,162,248,172,190,30,81,86,136,91,5,144,119,87,68,49,144,142,76,223,45,25,35,168,188,209,173,174,172,35,232,25,107,7,212,14,115,188,209,50,176,184,46,232,61,73,96,39,153,166,46,233,136,25,35,232,160,49,40,39,153,217,136,91,5,131,179,115,93,155,9,3,220,88,178,154,206,77,250,156,144,142,76,223,45,25,35,168,188,209,173,174,172,35,232,25,107,7,212,14,115,188,209,50,176,184,46,232,61,73,96,39
Best fitness found so far: 0.6203342930274681; k: 2.0
Generation: 40; 0.6203342930274681; k: 2.0; 5,135,10,213,233,136,179,5,207,14,115,188,211,173,200,25,52,65,10,92,233,136,91,5,59,14,248,149,209,226,86,25,35,232,61,201,53,39,153,166,213,233,136,50,5,137,137,115,98,219,187,31,9,240,91,16,43,66,61,73,141,232,65,208,115,119,209,233,84,222,68,49,213,7,39,153,166,213,233,136,173,5,137,137,203,131,54
Best fitness found so far: 0.6203342930274681; k: 2.0
Generation: 41; 0.6203342930274681; k: 2.0; 28,135,10,213,233,136,229,5,207,14,115,188,209,173,86,145,35,232,61,250,99,5,133,119,50,233,250,111,189,207,14,19,93,209,173,49,220,35,159,243,246
Best fitness found so far: 0.6203342930274681; k: 2.0
Generation: 42; 0.6203342930274681; k: 2.0; 28,135,10,213,233,136,229,5,207,14,115,188,209,173,86,25,35,232,61,16,157,66,61,246,141,117,65,231,115,119,209,244,139,198,35,233,238,65,14,115,119,209,233,182,225,68,49,213,1,163,232,107,183,207,179
Best fitness found so far: 0.6203342930274681; k: 2.0
Generation: 43; 0.6203342930274681; k: 2.0; 28,191,10,213,233,136,91,5,207,14,115,93,232,173,19,173,19,77,225,123,61,202,217,90,91,75,51,141,96,218,30,149,170,126,40,100,182,135,236,106,50,31,6,39,115,5,52,102,232,91,78,133,118,222,116,121,201,224,17,125,140,41,128,244,139,222,19,49,176,239,163,167,35,232,78,16,184,230,88,233,136,101,5
Best fitness found so far: 0.6203342930274681; k: 2.0
Generation: 44; 0.6203342930274681; k: 2.0; 7,153,10,213,233,136,31,5,207,14,115,93,209,173,86,220,35,134,6,51,91,41,131,237,115,93,87,173,86,220,35,134,168,95,5,137,137,241,139,54
Best fitness found so far: 0.6203342930274681; k: 2.0
Generation: 45; 0.6203342930274681; k: 2.0; 188,225,10,213,233,136,229,5,207,14,115,188,88,173,156,25,35,232,61,205,28,5,115,188,209,16,86,25,35,18,61,250,129,22,133,7,39,232,77,69,191,5,207,14
Best fitness found so far: 0.6203342930274681; k: 2.0
Generation: 46; 0.6203342930274681; k: 2.0; 28,135,10,213,159,136,91,5,131,14,115,188,209,173,174,25,35,48,93,209,173,86,220,35,134,154,51,164,24,218,187,80,9,240,162,84,191,4,211,31,96,39,91,5,207,64,115,93,209,173,86,181,35,134,154,51
Best fitness found so far: 0.6203342930274681; k: 2.0
Generation: 47; 0.6203342930274681; k: 2.0; 28,135,10,177,233,136,91,5,207,14,115,188,205,173,86,25,35,232,167,107,7,12,215,20,139,233,232,61,107,103,39,153,166,213,233,136,91,5,137,137,241,139,54
Best fitness found so far: 0.6203342930274681; k: 2.0
Generation: 48; 0.6203342930274681; k: 2.0; 28,217,10,213,233,136,91,5,207,14,115,93,209,173,44,220,35,134,73,51,164,24,136,51,67,209,11,136,91,5,194,141,84,188,209,173,86,36,152,137,137,241,112,196,209,11,136,91,5,194,126,84,25,209,173,86,248,236,137,137
Best fitness found so far: 0.6203342930274681; k: 2.0
Generation: 49; 0.6203342930274681; k: 2.0; 28,135,10,213,233,136,75,5,207,14,115,93,42,173,86,25,35,232,16,182,7,104,232,222,68,49,80,239,88,35,232,61,107,7,39,153,76,213,4,201,91,5,137,137,201,61,148,7,39,232,77,69
Best fitness found so far: 0.6203342930274681; k: 2.0
Generation: 50; 0.6203342930274681; k: 2.0; 28,135,10,213,159,136,91,5,3,14,115,188,229,173,174,25,35,232,26,107,7,81,14,115,188,136,176,5,133,119,222,165,131,223,224,152,233,136,65,5,207,39,159,26,200,49,7,39,153,217,175,91,41,211,179,115,93,87,173,86,220,35,134,154,95,164,8,218,187,31,9,240,162,107,172,23,173,174,25,35,232,26,107,7,81,14,115,188,136,176,5,133,119,222,165,131,223,224,152,233
Best fitness found so far: 0.6203342930274681; k: 2.0
Generation: 51; 0.6203342930274681; k: 2.0; 118,153,10,213,233,136,177,5,109,14,55,93,209,173,86,220,170,163,229,10,213,233,206,91,5,207,14,35,93,209,173,86,25,35,83,173,10,92,233,136,91,194,207,21,115,93,8,173,86,44,29,232,207,14,115,93,209,46,108,25,107,232,61,107,7,39,198,61,69,61,20,90,233,136,164,5,235,73,141,117,70,14,115,133,209,233,139,126,88,54,213,239,163,167,107,21,207,108
Best fitness found so far: 0.6203342930274681; k: 2.0
Generation: 52; 0.6240618156786328; k: 2.0; 212,135,10,213,233,136,91,5,207,159,115,188,191,91,5,131,179,115,93,155,9,137,220,35,134,154,206,164,98,219,187,31,9,185,91,16,43,66,61,73,141,232,65,14,115,119,209,233,84,222,68,49,213,7,39,138,108,213,233,136,91,5,137,137,203,139,213
Best fitness found so far: 0.6240618156786328; k: 2.0
Generation: 53; 0.6203342930274681; k: 2.0; 182,135,70,213,233,136,113,5,207,14,115,188,209,173,86,25,47,232,61,71,177,39,153,217,136,91,5,131,179,115,93,155,9,86,220,35,134,154,206,45,98,219,200,31,9,240,191,16,43,121,61,46,141,232,65,14,44,119,78,233,187,222,68,49,45,7,39,153,245,213,233,136,91,49,163,219,163,167,107,21,67,108
Best fitness found so far: 0.6240618156786328; k: 2.0
Generation: 54; 0.6203342930274681; k: 2.0; 205,135,10,213,233,136,91,5,207,159,115,188,191,173,86,25,35,232,167,107,132,12,225,20,139,115,93,209,173,47,220,35,133,154,51,187,31,9,185,91,16,43,66,61,73,141,232,111,14,115,119,209,233,84,222,68,49,213,7,39,138,108,213,233,136,91,5,147,137,203,15,213
Best fitness found so far: 0.6240618156786328; k: 2.0
Generation: 55; 0.6203342930274681; k: 2.0; 226,135,10,213,233,136,91,5,207,14,115,93,209,173,86,25,35,232,61,107,7,97,91,5,144,164,168,68,49,144,105,93,209,173,86,167,35,232,61,107,7,39,232,61,200,107,21,104,163
Best fitness found so far: 0.6240618156786328; k: 2.0
Generation: 56; 0.6203342930274681; k: 2.0; 5,135,10,213,233,136,229,5,207,14,115,188,211,173,156,25,35,232,61,205,28,5,15,188,148,213,233,136,229,5,207,14,115,188,211,173,86,175,159,232,10,112,125,136,91,56,59,14,120,188,209,173,86,25,35,232,61,201,53,39,153,166,213,233,136,91,5,137,137,115,139,54
Best fitness found so far: 0.6240618156786328; k: 2.0
Generation: 57; 0.6203342930274681; k: 2.0; 28,135,10,213,159,136,91,5,3,14,115,188,118,173,174,25,35,232,26,107,107,172,23
Best fitness found so far: 0.6240618156786328; k: 2.0
Generation: 58; 0.6203342930274681; k: 2.0; 28,135,10,213,233,136,113,90,207,14,115,133,30,173,229,5,207,14,115,188,209,173,107,21,227,165
Best fitness found so far: 0.6240618156786328; k: 2.0
Generation: 59; 0.6203342930274681; k: 2.0; 206,153,10,216,233,136,91,5,207,14,115,93,114,173,86,6,35,167,107,7,12,215,20,240,233,136,210,234,133,10,32,186,74
Best fitness found so far: 0.6240618156786328; k: 2.0
Generation: 60; 0.6203342930274681; k: 2.0; 206,135,10,213,233,136,91,5,207,14,115,93,56,173,86,220,35,114,220,35,134,154,51,12,98,218,187,31,9,240,86,80,137,98
Best fitness found so far: 0.6240618156786328; k: 2.0
Generation: 61; 0.6203342930274681; k: 2.0; 182,135,10,48,233,136,113,5,207,14,115,188,209,183,86,25,47,232,61,35,177,39,153,217,136,91,5,131,179,115,93,155,9,86,220,35,134,59,206,164,98,111,204,31,9,240,245,16,43,66,61,73,141,232,65,14,168,119,209,233,84,222,68,49,213,17,39,153,166,213,233,136,91,5,137,137,203,139,86,220,35,134,243,246
Best fitness found so far: 0.6240618156786328; k: 2.0
Generation: 62; 0.6203342930274681; k: 2.0; 28,135,10,213,233,136,113,5,207,14,115,188,209,173,86,25,35,232,249,49,7,39,55,217,136,91,5,131,179,115,93,209,173,86,220,35,134,154,95,14,115,188,209,225,86,145,35,232,61,250,99,5,133,119,233,96,39,67,127,170,91,5,80,77
Best fitness found so far: 0.6240618156786328; k: 2.0
Generation: 63; 0.6240618156786328; k: 2.0; 33,135,10,213,233,136,91,5,207,159,115,188,191,91,5,131,179,115,93,155,9,137,220,35,134,154,206,164,98,219,187,31,9,185,91,16,110,66,61,73,115,188,211,173,156,25,35,195,61,205,28,5,115,188,209,16,86,25,35,204,61,250,99,22,133,119,233,133,133,119,233,96,39,67,84,249,33,5,80,77
Best fitness found so far: 0.6240618156786328; k: 2.0
Generation: 64; 0.6240618156786328; k: 2.0; 33,135,10,213,233,136,91,5,207,159,115,188,191,91,5,131,179,115,93,155,9,137,220,35,134,154,206,164,98,219,187,31,9,185,91,16,110,66,61,179,115,188,211,173,156,25,35,195,158,205,28,5,115,188,209,16,86,25,35,204,61,250,99,22,133,119,233,133,133,119,233,96,39,67,84,249,33,5,80,90,207,218,115,188,30,173,229,5,207,14,115,188,209,173,86,25,35,232,78,16,184,66,88,127,136,101,5
Best fitness found so far: 0.6240618156786328; k: 2.0
Generation: 65; 0.6240618156786328; k: 2.0; 212,135,10,213,233,136,91,5,207,159,115,188,191,91,119,131,179,115,93,155,9,137,220,35,134,154,206,190,98,219,187,31,9,185,91,99,43,66,61,175,141,232,65,14,115,119,209,233,84,9,240,162,84,172,213,112,31,95,39,91,5,207,14,115,223,209,173,86,220,35,117,191,91,119,131,179,115,93,155,9,137,220,35,134,154,206
Best fitness found so far: 0.6240618156786328; k: 2.0
Generation: 66; 0.6240618156786328; k: 2.0; 212,135,10,213,233,136,91,5,207,159,115,188,191,91,5,131,179,115,93,155,9,137,220,35,134,154,177,164,125,219,210,31,9,185,91,16,211,173,86,134,35,232,61,250,212,198,7,234,64,71,103
Best fitness found so far: 0.6240618156786328; k: 2.0
Generation: 67; 0.6203342930274681; k: 2.0; 22,135,10,213,233,136,91,5,207,14,115,213,209,173,178,25,35,232,61,107,7,39,213,211,31,51,141,83,18,134,59,247
Best fitness found so far: 0.6240618156786328; k: 2.0
Generation: 68; 0.6240618156786328; k: 2.0; 212,59,10,213,233,136,91,5,207,159,115,188,191,91,5,131,179,115,93,155,9,137,8,35,201,154,206,164,98,219,187,191,10,213,233,136,169,5,207,14,115,93,232,173,19,25,35,123,61,202,21,196,163
Best fitness found so far: 0.6240618156786328; k: 2.0
Generation: 69; 0.6240618156786328; k: 2.0; 212,135,10,213,233,136,91,5,207,159,115,188,191,91,5,131,179,115,93,155,9,137,220,35,134,163,172,164,249,219,187,31,9,185,91,16,43,66,61,101,194,39,65,14,115,119,209,233,84,222,68,49,213,7,39,138,10,213,233,136,91,5,137,137,203,139,213
Best fitness found so far: 0.6240618156786328; k: 2.0
Generation: 70; 0.6203342930274681; k: 2.0; 28,191,10,213,233,136,91,5,207,14,115,93,232,173,19,173,226,25,225,123,61,202,135,90,91,75,51,141,96,218,30,149,170,126,40,100,182,135,236,106,15,31,6,39,123,5,52,102,136,91,78,133,118,222,116,131,190,224,17,62,140,41,209,131,139,222,19,49,176,239,163,93,155,9,46,220,35,79,154,206,67,91,35,91,5,80,21
Best fitness found so far: 0.6240618156786328; k: 2.0
Generation: 71; 0.6240618156786328; k: 2.0; 212,135,10,213,233,136,91,5,207,159,115,188,191,91,5,131,163,115,93,155,248,137,220,35,134,154,177,164,125,137,210,31,9,248,91,16,232,100,107,169,39,41,10,213,33,136,91,5,207,14
Best fitness found so far: 0.6240618156786328; k: 2.0
Generation: 72; 0.6240618156786328; k: 2.0; 212,135,10,213,233,136,91,5,207,159,115,188,191,91,5,131,179,115,93,155,9,137,220,35,134,154,206,164,98,219,187,31,9,185,91,16,43,66,227,63,141,232,120,14,115,119,209,112,84,222,68,241,169,39,80,231,115,119,42,224,139,186,68,49,213,29,163,167,107,55,67,108
Best fitness found so far: 0.6240618156786328; k: 2.0
Generation: 73; 0.6240618156786328; k: 2.0; 33,135,10,213,233,136,91,5,207,159,123,188,191,91,5,131,179,115,93,155,9,137,220,35,134,79,206,164,98,219,187,31,9,185,91,16,110,66,61,235,115,35,211,173,156,25,35,216,61,205,28,5,115,188,209,16,86,25,35,204,188,225,10,131,233,136,229,5,207,78,115,188,211,173,156,25,35,232,61,104,34,244,224,222,68,49,176,239,163,171,250,169,67,85
Best fitness found so far: 0.6240618156786328; k: 2.0
Generation: 74; 0.6240618156786328; k: 2.0; 212,59,10,213,233,136,91,5,207,159,115,188,191,91,181,131,179,115,93,155,9,137,8,35,201,154,206,164,98,215,187,91,10,213,173,86,25,77,232,61,107,7,39,153,76,213,4,110,91,5,137,137,232,61,107,7,39,232,77,213
Best fitness found so far: 0.6240618156786328; k: 2.0
Generation: 75; 0.6240618156786328; k: 2.0; 24,135,10,213,233,136,91,5,115,159,115,188,191,91,5,131,179,85,93,155,9,137,220,35,134,154,137,164,50,219,187,31,9,185,91,16,43,66,227,218,141,232,120,171,115,119,206,112,84,222,168,241,169,137,26,231,115,54,42,224,21,186,68,49,213,29,163,5,207,95,136,91,108,133,238,222,135,131,4,116,17,14,115,159,238,244,139,222,68,49,176,239,163,177,137,169,67,213,91,174,133,119,222,135,71,223,116,17,14,115,159,209,244,139,222,68,49,196,222,163,133,137,169
Best fitness found so far: 0.6240618156786328; k: 2.0
Generation: 76; 0.6240618156786328; k: 2.0; 105,135,10,213,233,136,91,5,207,159,115,188,191,91,5,131,179,115,149,155,9,137,168,35,134,163,172,124,249,189,187,31,168,185,91,145,43,66,61,110,66,61,235,227,35,211,173,156,157,35,216,61,205,28,5,115,188,209,16,86,25,35,204,188,16,10,131,233,136,229,5,207,78,115,188,211,173,156,25,35,232,61,104,34,244,224,222,68,49,176,239,163,171,250,169,13,85
Best fitness found so far: 0.6240618156786328; k: 2.0
Generation: 77; 0.6240618156786328; k: 2.0; 176,135,10,213,233,136,91,5,207,159,115,188,169,91,5,131,179,115,93,155,9,137,3,35,146,183,5,207,14,55,93,209,173,86,220,170,163,229,38,213,233,59,91,233,207,91,35,93,209,173,88,25,35,18,143,10,92,96,136,28,5,207,21,115,27,209,173,86,44,116,17,99,115,159,209,244,139,222,68,49,40,8,163,133,137,169,67,85,91,108,133,119,222,135,131,223,116,17,14,115,159,209,244,139,221,68,49,176,142,223,133,137,169
Best fitness found so far: 0.6240618156786328; k: 2.0
Generation: 78; 0.6240618156786328; k: 2.0; 212,135,10,213,233,136,91,5,207,159,115,188,191,91,119,131,179,115,93,155,9,137,220,35,134,154,206,190,98,149,187,31,9,185,91,99,43,66,61,175,60,176,239,163,177,137,169,67,213,91,174,133,245,222,135,71,223,116,229,14,115,115,209,244,139,216,68,49,196,222,32,133,137,169
Best fitness found so far: 0.6240618156786328; k: 2.0
Generation: 79; 0.6240618156786328; k: 2.0; 212,135,10,213,233,136,91,5,207,159,115,188,31,91,5,131,179,115,93,155,9,137,14,115,119,209,112,84,222,68,241,228,39,80,93,125,119,42,224,139,186,68,49,213,29,163,167,107,55,2,213
Best fitness found so far: 0.6240618156786328; k: 2.0
Generation: 80; 0.6240618156786328; k: 2.0; 212,135,10,213,233,136,91,5,207,159,115,188,31,91,5,131,179,115,93,155,39,137,220,35,49,154,104,164,38,219,187,31,9,185,91,16,43,66,92,49,213,29,163,167,107,5,207,14,131,163,115,93,239,248,137,239,34,119,165,96,187,67,127,203,192,39,179,77
Best fitness found so far: 0.6240618156786328; k: 2.0
Generation: 81; 0.6240618156786328; k: 2.0; 212,135,10,213,233,136,91,5,207,159,115,38,191,91,5,131,179,115,93,155,9,137,220,35,134,154,177,164,73,219,210,115,35,16,173,24,217,35,216,157,205,28,27,72,145,209,16,86,25,35,204
Best fitness found so far: 0.6240618156786328; k: 2.0
Generation: 82; 0.6240618156786328; k: 2.0; 212,135,10,213,233,136,91,5,207,159,115,188,241,91,119,131,179,115,93,155,9,137,220,35,134,154,206,190,98,219,187,31,9,185,91,76,120,66,61,175,78,232,65,14,232,119,209,233,124,9,240,162,185,172,213,112,31,95,39,91,5,127,14,115,91,136,91,5,207,14
Best fitness found so far: 0.6240618156786328; k: 2.0
Generation: 83; 0.6240618156786328; k: 2.0; 33,135,10,213,233,136,91,5,207,159,115,188,191,91,5,131,179,115,93,155,9,137,220,35,134,154,206,164,98,219,31,91,103,137,137,203,143,114
Best fitness found so far: 0.6240618156786328; k: 2.0
Generation: 84; 0.6240618156786328; k: 2.0; 33,135,10,213,233,136,101,5,207,159,123,188,191,91,7,201,179,115,93,155,9,137,104,35,134,79,43,7,237,152,5,177,77,185,91,175,55,66,70,202,115,35,16,236,154,25,29,131,204,146,82,27,72,145,209,16,86,25,21,204,188,225,10,131,219,241,31,9,185,91,75,176,66,61,87,115,35,16,173,154,25,35,216,157,205,28,27,72,145,112,16,115,178,35,204,188,225,10,131,233,45,70,5,207,160,10,211,233,23,129,5,221,159,106,104,191,91,219,166,179,10,93,155,9,54,79,206,201,85,241,67,212,249,73,48,80,194
Best fitness found so far: 0.6240618156786328; k: 2.0
Generation: 85; 0.6240618156786328; k: 2.0; 33,135,10,213,233,136,91,5,207,159,115,188,191,91,5,131,179,115,93,155,9,137,220,35,208,154,206,164,98,116,187,31,228,185,91,16,110,66,91,181,131,179,115,93,155,158,137,8,35,201,154,206,164,98,215,187,167,10,213,233,20,56,188,209,173,86,235,35,232,61,73,156,39,153,166,213,233,136,91,33,62,91,5,131,204
Best fitness found so far: 0.6240618156786328; k: 2.0
Generation: 86; 0.6240618156786328; k: 2.0; 212,135,10,213,233,136,91,5,207,159,115,188,191,91,5,131,179,115,93,155,9,137,220,35,79,154,206,67,247,35,91,5,185,91,129,110,213,233,136,123,100,1,159,123,88,191,140,5,131,179,115,101,155,73,137,220,45,73,165,43,164,237,219,187,2,149,105,91,16,55,189,168,202,115,35,16,173,24,173,35,216,157,180,28,27,72,21,209,16,86,25,35,204,87,108,162,35,169,93,107,9,248,55,40,201,154,206,164,201,148,187,91,41,213,173,86,25,24,232,110,107,183,8,127,107,204,67,108,73,19,229,200,237,126,187,31,168,185,49,1,137,8,35,201,201,192,213,98,215,111,91,10,179,85,172,23
Best fitness found so far: 0.6240618156786328; k: 2.0
Generation: 87; 0.6240618156786328; k: 2.0; 46,59,10,213,233,136,91,5,207,159,115,188,191,91,181,131,179,115,93,155,9,137,8,35,201,154,206,164,98,215,187,91,10,213,173,86,85,77,232,61,107,7,39,153,76,213,30,110,91,5,137,137,232,61,217,7,39,5,176,78,115,47,211,173,122,25,35,232,61,104,34,244,183,222,68,49,176,239,163,171,250,169,125,85
Best fitness found so far: 0.6240618156786328; k: 2.0
Generation: 88; 0.6240618156786328; k: 2.0; 33,135,10,213,233,136,91,5,207,159,123,88,191,66,5,131,179,115,93,155,9,137,220,45,73,79,43,164,237,219,187,31,9,185,91,16,55,106,61,202,115,35,78,173,107,25,245,216,157,205,28,103,72,145,209,16,86,25,35,142,82,76,22,35,83,61,107,7,155,214,77,69
Best fitness found so far: 0.6240618156786328; k: 2.0
Generation: 89; 0.6415146295848775; k: 2.0; 212,135,141,213,233,136,139,231,207,159,115,235,31,91,5,131,179,115,93,155,9,137,104,115,119,209,112,84,222,68,241,228,39,223,93,125,119,42,224,139,186,68,49,213,29,5,193,159,115,188,169,91,5,131,179,115,93,155,191,137,3,35,146,183,5,207,14,191,93,209,183,86,220,170,163,229,38,213,233,59,91,233,207,48,35,93,209,173,88,25,35,18,143,10,92,96,136,134,5,135,21,115,27,209,173,86,44,116,17,99,159,159,209,244,139,222,68,49,40,8,163,57,137,169,67,85,91,108,133,119,222,135,131,223,116,17,14,115,159,209,244,139,221,68,49,176,142,223,133,137,169
Best fitness found so far: 0.6415146295848775; k: 2.0
Generation: 90; 0.6240618156786328; k: 2.0; 212,135,10,213,233,136,91,5,47,159,115,188,191,141,5,131,179,115,149,155,9,137,220,35,134,163,172,164,249,219,187,67,74,185,91,16,43,66,61,101,194,39,65,14,115,119,35,233,84,222,68,49,103,155,214,137,220,222,134,79,206,164,98,219,51,31,9,185,91,16,132,66,61,235,115,243,228,162,156,25,35,216,245,163,91,5,207,14
Best fitness found so far: 0.6415146295848775; k: 2.0
Generation: 91; 0.6415146295848775; k: 2.0; 212,135,141,213,233,136,139,231,207,159,115,235,31,91,5,131,179,115,93,155,9,137,104,115,119,209,112,84,222,68,241,228,39,223,93,125,119,42,224,139,186,68,49,213,29,5,193,159,115,188,169,91,5,131,179,115,93,243,191,137,3,134,146,183,184,128,14,191,93,209,183,86,220,170,163,229,38,213,233,40,91,233,79,48,95,93,209,173,88,25,35,18,143,10,92,96,42,33,5,135,21,160,27,209,173,86,44,116,17,108,123,159,209,244,190,222,68,49,40,8,163,57,137,169,67,85,91,108,133,119,222,135,131,223,116,17,14,115,159,209,244,139,221,68,49,176,142,223,133,137,169
Best fitness found so far: 0.6415146295848775; k: 2.0
Generation: 92; 0.6240618156786328; k: 2.0; 212,59,10,81,233,136,91,5,207,159,115,188,63,91,5,131,179,115,51,155,191,137,8,190,201,158,206,29,98,219,142,191,219,213,233,136,193,52,160,56,115,93,232,12,19,25,93,98,9,141,220,4,110,91,5,137,91,232,239,107,7,39,232,77,213
Best fitness found so far: 0.6415146295848775; k: 2.0
Generation: 93; 0.6240618156786328; k: 2.0; 212,135,10,213,233,136,91,5,207,159,115,3,191,91,119,131,179,115,93,155,9,137,220,35,134,154,206,190,98,219,187,31,9,185,91,99,43,66,195,226,141,232,65,14,115,119,209,233,84,91,5,207,194,115,93,232,173,19,141,47,18,148,59,247
Best fitness found so far: 0.6415146295848775; k: 2.0
Generation: 94; 0.6240618156786328; k: 2.0; 212,135,10,213,233,136,91,5,207,129,115,188,191,91,5,131,179,115,93,155,49,137,160,35,135,79,177,164,73,166,210,204,72,81,133,217,211,115,35,151,173,86,25,35,232,167,88,7,65,146,20,228,233,136,137,34,224,134,154,206
Best fitness found so far: 0.6415146295848775; k: 2.0
Generation: 95; 0.6415146295848775; k: 2.0; 212,135,141,213,233,136,139,231,207,159,115,235,31,91,5,131,179,115,93,155,9,137,104,115,119,209,23,84,222,68,241,228,39,223,93,237,119,42,224,139,186,68,49,213,29,5,193,25,115,188,169,91,5,126,250,115,93,243,191,137,3,134,146,183,184,128,14,191,93,209,183,86,220,170,163,229,38,213,233,40,91,207,159,115,188,191,91,5,63,163,115,93,155,248,17,220,35,134,154,235,182,125,137,210,31,9,248,91,16,232,48,107,169,39,41,10,213,33,156,91,5,207,14
Best fitness found so far: 0.6415146295848775; k: 2.0
Generation: 96; 0.6415146295848775; k: 2.0; 212,221,141,213,233,136,139,231,123,159,115,235,31,91,5,211,179,115,93,155,9,137,104,115,106,209,23,84,222,68,241,228,39,223,246,237,119,42,224,139,186,68,49,213,29,5,193,25,115,188,169,91,138,126,250,115,23,243,191,137,3,134,146,183,184,128,14,191,93,209,183,86,89,170,163,229,38,213,233,40,91,207,159,115,188,191,91,5,63,207,159,115,235,31,91,5,131,179,115,93,155,9,137,104,115,119,89,23,122,222,68,241,228,39,223,127,237,119,42,224,139,186,68,71,213,29,5,193,25,115,244,169,91,5,153,250,115,93,243,191,137,3,134,146,183,184,128,14,191,93,209,183,41,220,170,163,229,38,213,233,40,91,207,159,115,188,191,91,104,63,163,115,93,155,248,17,220,35,134,154,235,182,125,137,210,31,9,59,91,16,232,48,107,219,39,41,10,213,33,156,91,5,207,14
Best fitness found so far: 0.6415146295848775; k: 2.0
Generation: 97; 0.6415146295848775; k: 2.0; 212,135,141,213,233,136,139,231,207,159,115,235,31,91,5,131,179,115,93,155,9,137,104,115,119,209,112,84,222,68,241,228,39,223,93,125,119,42,224,139,186,68,60,213,29,5,193,159,100,188,169,91,5,131,179,115,93,155,191,137,3,35,146,106,5,207,128,191,93,209,183,86,220,170,163,229,45,213,233,128,137,233,207,48,35,93,209,173,88,25,35,18,143,10,92,155,136,134,246,135,21,115,27,209,173,86,44,116,17,99,159,159,209,244,139,222,68,49,40,8,163,57,137,169,67,85,91,108,133,119,222,135,131,223,116,17,14,115,159,209,244,139,221,68,49,176,142,223,73,137,169
Best fitness found so far: 0.6415146295848775; k: 2.0
Generation: 98; 0.6415146295848775; k: 2.0; 212,135,141,213,85,136,139,231,207,159,115,235,31,111,5,131,205,115,93,155,9,137,104,115,119,42,112,84,222,68,241,228,39,223,93,125,119,42,12,139,186,68,49,164,29,231,193,137,115,55,169,91,5,131,179,115,93,243,191,137,3,10,213,22,27,91,5,207,159,115,188,191,91,5,131,51,170,93,233,136,91,5,207,234,115,188,191,91,5,131,179,115,93,155,236,137,220,35,134,154,206,164,98,219,142,30,9,185,91,16,43,66,61,73,141,169,150,14,115,119,209,57,84,164,68,49,39,7,191,110,53,213,233,136,91,5,137,137,203,139,75
Best fitness found so far: 0.6415146295848775; k: 2.0
Generation: 99; 0.6415146295848775; k: 2.0; 212,135,141,213,233,136,139,231,207,159,115,235,31,91,5,131,205,115,93,115,9,137,104,115,164,24,218,187,80,206,33,162,194,167,213,228,31,96,39,91,5,194,64,120,93,209,173,86,16,224,190,154,51,194,167,191,211
Best fitness found so far: 0.6415146295848775; k: 2.0
Generation: 100; 0.6415146295848775; k: 2.0; 212,135,141,213,233,136,139,231,207,159,115,235,31,91,5,131,205,115,93,155,9,137,104,115,51,209,112,84,222,68,241,89,39,223,93,125,119,42,117,139,26,68,49,213,29,5,193,159,115,188,169,91,5,131,179,140,238,155,191,48,207,159,115,188,191,91,119,131,179,115,93,155,9,137,220,35,134,154,104,93,157,149,24,31,9,185,91,182,43,66,61,155,9,137,8,35,201,154,39,67,212,249,91,53,80,204
Best fitness found so far: 0.6415146295848775; k: 2.0
Generation: 101; 0.6415146295848775; k: 2.0; 212,221,141,213,233,136,139,231,123,159,115,235,31,91,5,211,179,115,93,155,9,137,104,115,106,209,23,84,222,68,241,228,39,223,246,237,119,134,154,136,164,98,219,162,31,9,207,91,16,43,66,227,14,21,139,209,61,86,220,35,250,42,51,12,98,138,153,219,200,31,12,240,91,16,43,149,61,46,39,210,65,237,44,140,28,233,84,65,68,49,213,184,39,153,217,219,233,136,91,52,163,126,163,167,107,207,67,108,31,91
Best fitness found so far: 0.6415146295848775; k: 2.0
Generation: 102; 0.6415146295848775; k: 2.0; 212,135,141,213,233,136,139,231,207,159,115,235,31,91,5,131,179,115,93,155,9,137,104,115,119,209,112,171,222,68,241,228,39,223,59,10,213,159,136,17,5,207,159,115,188,191,91,181,131,179,152,93,155,9,137,8,35,201,154,206,164,98,215,86,212,135,10,213,233,136,91,5,92,110,115,69,191,28,5,131,179,244,93,155,9,137,220,35,134,154,177,160,125,219,210,31,9,185,91,16,204,173,86,134,35,232,61,250,212,198,7,159,64,71,186
Best fitness found so far: 0.6415146295848775; k: 2.0
Generation: 103; 0.6415146295848775; k: 2.0; 212,135,141,213,233,136,139,231,207,159,115,235,31,91,5,131,179,115,93,155,9,137,104,235,119,209,112,84,222,68,241,228,39,223,93,16,121,42,224,139,186,68,41,213,29,132,193,159,115,233,169,51,5,18,23,115,93,243,191,137,3,134,146,183,207,159,115,188,191,62,5,131,51,170,93,65,136,91,241,207,234,115,230,191,91,5,131,179,115,193,206,236,240,49,143,134,154,181,164,98,219,142,30,9,185,91,16,196,66,91,99,43,66,61,175,60,176,239,141,177,137,169,67,195,91,174,133,245,222,135,71,223,116,229,80,115,115,209,244,73,216,68,49,226,222,191,133,41,169
Best fitness found so far: 0.6415146295848775; k: 2.0
Generation: 104; 0.6415146295848775; k: 2.0; 212,135,141,213,233,136,139,231,207,159,115,100,31,91,5,131,155,115,93,155,9,137,104,115,119,209,23,84,222,68,241,228,39,190,93,237,119,42,7,91,186,68,49,213,202,180,193,25,115,188,93,155,9,118,104,115,119,209,112,84,222,68,241,228,39,223,93,125,119,42,12,139,186,68,49,213,193,5,193,159,110,216,169,91,5,131,179,115,93,243,146,137,3,10,213,233,136,91,5,207,159,115,188,191,91,5,131,179,115,93,155,238,137,220,35,79,154,206,67,171,35,91,5,80,21
Best fitness found so far: 0.6415146295848775; k: 2.0
Generation: 105; 0.6415146295848775; k: 2.0; 212,135,141,213,85,136,139,231,207,159,115,235,31,111,47,131,205,115,93,155,9,137,104,115,119,42,112,130,222,68,241,123,89,223,93,125,119,42,40,139,186,68,49,164,29,165,193,137,115,55,197,91,5,131,179,115,153,243,137,137,3,10,8,22,182,158,5,207,159,173,188,191,169,39,80,77,69,230
Best fitness found so far: 0.6415146295848775; k: 2.0
Generation: 106; 0.6415146295848775; k: 2.0; 212,135,141,213,233,136,139,231,207,159,115,235,31,91,5,131,205,115,93,155,9,137,104,115,51,209,112,84,101,151,241,58,39,223,93,10,119,42,117,139,26,68,49,213,21,5,193,70,115,188,169,23,5,37,110,140,238,155,249,48,207,159,115,188,120,46,164,131,179,115,93,35,9,137,26,173,134,154,104,93,157,149,24,31,179,185,91,182,42,122,61,155,9,137,8,35,201,154,39,67,226,249,91,112,80,5,115,93,232,173,19,25,118,135,131,147,116,17,14,193,81,33,244,139,206,68,220,234,39,179,7
Best fitness found so far: 0.6415146295848775; k: 2.0
Generation: 107; 0.6415146295848775; k: 2.0; 212,135,141,213,233,81,131,231,95,159,115,235,31,91,5,131,205,115,93,155,9,137,104,115,51,209,112,57,101,61,46,141,127,65,237,44,85,28,233,84,65,68,49,213,184,20,153,217,56,233,136,91,95,41,91,163,167,35,21,67,108
Best fitness found so far: 0.6415146295848775; k: 2.0
Generation: 108; 0.6415146295848775; k: 2.0; 212,135,141,213,185,136,139,231,207,159,115,160,13,91,5,131,179,115,93,155,9,137,104,115,4,209,23,33,222,129,249,42,39,223,93,237,119,42,224,193,212,68,201,209,23,51,222,68,241,201,39,6,66,237,119,42,224,49,186,134,49,156,29,5,193,25,60,188,169,91,138,126,250,120,23,193,191,28,79,212,146,183,204,128,97,248,137,220,35,134,154,177,164,125,137,19,31,9,248,91,16,232,180,107,10,65,233,136,232,5,207,14,115,93,209,173,35,220,35,134,166,51,164,24,218,43,48,127,217,162,194,55,162,235,175,96,39,91,5,207,64,115,93,209,250,157,149,24,31,9,185,233,182,43,66,71,155,88,137,8,35,201,154,39,67,212,176,202,53,114,204
Best fitness found so far: 0.6415146295848775; k: 2.0
Generation: 109; 0.6415146295848775; k: 2.0; 212,135,141,213,233,136,111,231,207,159,115,235,31,91,5,171,179,115,93,155,9,137,104,115,119,209,112,84,124,72,85,228,39,223,93,125,191,42,224,139,186,68,49,213,29,8,193,137,115,188,169,90,5,147,74,115,93,243,191,137,3,134,146,183,184,128,207,90,159,209,183,86,220,170,163,229,38,213,233,173,54,25,35,18,230,162,92,155,136,134,246,135,21,115,27,115,173,86,44,116,175,115,159,159,209,244,139,222,127,49,40,99,163,57,137,169,117,136,121,73,133,119,118,135,131,147,116,17,14,115,81,209,244,139,221,68,49,176,39,179,77
Best fitness found so far: 0.6415146295848775; k: 2.0
Generation: 110; 0.6415146295848775; k: 2.0; 212,135,141,213,23,136,139,231,207,159,115,235,31,91,5,131,179,115,93,155,9,137,104,115,119,19,112,116,195,68,196,159,39,164,93,125,119,42,224,139,186,68,49,196,29,5,193,8,115,188,234,145,5,131,179,115,137,104,115,223,141,112,84,222,89,241,228,39,223,193,225,119,42,53,139,99,68,75,213,173,91,5,131,179,115,93,155,9,137,123,35,219,97,78,164,50,219,187,31,9,185,91,16,71,66,3,63,141,212,120,171,228,119,240,193,132,222,141,194,27,137,192,72,195,54,42,224,172,186,68,111,213,163,163,167,107,5,207,14,131,163,4,93,191,185,209,183,86,220,170,163,164,38,213,233,40,91,233,186,48,95,93,190,173,88,144,35,18,143,10,92,238,42,33,5,135,21,18,1,194,211,86,44,81,17,108,123,143,209,244,190,222,114,49,40,8,163,57,137,169,210,85,226,108,229,233,222,51,131,223,116,17,14,115,159,209,5,139,221,156,49,176,142,125,6,137,169
Best fitness found so far: 0.6415146295848775; k: 2.0
Generation: 111; 0.6415146295848775; k: 2.0; 212,221,141,213,233,136,139,231,123,244,115,235,31,91,5,211,179,115,93,5,9,137,104,115,106,209,23,84,99,68,154,201,39,223,66,237,119,156,234,139,186,134,70,213,29,16,193,179,150,188,169,91,138,126,250,10,23,193,191,172,3,134,146,40,184,128,35,90,154,177,160,125,234,210,31,177,185,91,16,204,5,131,101,115,93,155,9,67,104,115,119,19,50,84,222,145,196,159,213,164,93,137,19,31,9,248,91,16,232,100,107,10,95,233,136,95,5,207,14,115,93,209,173,148,220,35,134,166,51,164,24,112,43,80,127,217,162,194,55,162,235,185,96,39,91,5,207,172,115,93,209,173,86,220,35,125,36,51
Best fitness found so far: 0.6415146295848775; k: 2.0
Generation: 112; 0.6415146295848775; k: 2.0; 212,221,141,213,233,136,139,231,123,159,115,235,31,91,5,211,7,115,93,155,9,137,104,115,106,209,23,84,222,68,213,201,232,223,66,237,38,42,224,139,186,134,49,213,29,68,175,228,206,223,93,125,119,199,229,165,186,68,230,213,235,6,108,159,100,61,169,91,237,114,203,115,93,128,191,164,3,35,47,106,169,207,128,191,93,209,183,86,202,170,163,229,45,213,233,128,137,233,207,48,85,93,209,173,54,25,124,18,230,10,92,155,136,134,86,92,107,115,27,209,173,207,83,191,155,209,64,200,220,170,216,229,249,213,233,128,137,233,207,20,35,93,209,173,40,25,35,18,143,169,167,155,136,134,246,135,149,115,27,171,136,245,13,207,250,210,235,31,82,5,131,247,165,93,155,9,137,104,57,119,209,209,84,37,135,59,213,233,136,91,5,207,133,115,141,42,91,5,131,6,115,69,155,49,137,102,129,134,150,177,101,171,219,120,204,9,190,91,217,211,115,188,191,97,86,25,164,232,167,16,169,12,215,20,35,232,61,131,136,91,159,176,136,102,5,28,14,115,124,209,58,30,86,107,21,77,207
Best fitness found so far: 0.6415146295848775; k: 2.0
Generation: 113; 0.6415146295848775; k: 2.0; 212,135,141,213,233,136,139,231,207,159,115,235,31,91,5,131,205,115,93,155,9,137,104,115,51,209,112,84,101,151,241,74,39,223,93,10,119,42,117,139,26,68,49,213,21,5,193,70,115,188,169,23,5,37,110,140,238,155,249,48,207,159,115,188,120,46,164,131,179,115,93,35,9,93,207,9,137,8,153,201,154,206,164,29,215,86,22,135,10,213,233,136,91,5,92,68,115,69,191,28,78,131,179,244,93,155,9,137,52,35,134,154,177,160,125,219,210,31,9,185,156,8,204,173,27,134,35,232,61,250,212,198,7,159,64,71,186
Best fitness found so far: 0.6415146295848775; k: 2.0
Generation: 114; 0.6415146295848775; k: 2.0; 212,221,141,213,233,136,139,231,123,159,115,235,31,91,5,211,179,115,93,155,9,137,104,115,106,209,23,84,222,68,76,201,39,223,66,237,119,42,224,139,186,134,49,213,29,5,193,154,115,179,115,93,115,188,100,107,169,39,14,10,213,33,136,3,5,207,204
Best fitness found so far: 0.6415146295848775; k: 2.0
Generation: 115; 0.6415146295848775; k: 2.0; 42,135,141,213,233,136,139,231,207,159,115,235,31,91,5,131,179,115,93,155,9,92,104,115,119,209,23,84,222,166,241,228,39,223,93,237,119,42,224,139,186,68,49,57,29,5,193,25,115,188,169,91,5,148,250,115,93,243,89,137,248,134,146,183,27,128,14,179,93,209,183,86,220,170,163,229,38,213,233,40,91,207,159,115,188,163,167,35,21,67,108
Best fitness found so far: 0.6415146295848775; k: 2.0
Generation: 116; 0.6415146295848775; k: 2.0; 212,135,141,213,233,136,139,231,207,159,69,235,31,91,5,131,155,115,93,155,9,137,104,115,119,209,23,84,222,69,241,228,113,130,93,237,119,42,224,174,186,68,49,213,202,180,193,173,219,188,169,6,5,126,4,115,91,145,176,29,235,5,28,14,115,247,209,58,30,225,165,21,179,115,102,155,9,212,104,115,119,209,209,84,222,135,234,82,233,136,91,201,232,159,115,188,42,113,5,96,179,115,194,184,145,53,95,51,134,115,247,118,74,244,210,204,9,81,91,217,211,115,188,191,209,86,25,115,93,128,191,164,3,35,47,136,120,73,52,191,93,209,183,86,202,163,163,229,215,213,233,128,192,233,207,140,85,218,209,173,54,25,12,18,230,10,92,121,136,134,86,188,183,115,27,209,173,99,44,116,165,44,159,159,209,204,139,71,68,49,209,8,97,57,172,169,211,173,182,62,89,27,61,250,137,102,115,119,234,32,84,35,68,241,228,181,223,93,125,119,199,229,79,186,68,230,213,235,6,108,159,100,188,169,91,237,131,179,115,93,128,191,137,3,35,47,106,120,207,128,191,93,209,183,86,202,170,175,229,45,213,148,128,137,233,207,48,85,93,209,173,54,25,35,18,230,10,92,155,136,134,195,135,107,115,74,209,173,86,44,116,17,220,159,159,209,244,139,222,68,49,209,8,163,57,137,169,211,25,182,134,197,232,61,250,212,140,159,234,23,31,9,158,91,241,232,100,107,169,39,77,10,213,33,136,3,5,207,213
Best fitness found so far: 0.6415146295848775; k: 2.0
Generation: 117; 0.6415146295848775; k: 2.0; 122,135,141,213,233,136,139,231,207,159,115,235,31,91,5,131,179,115,93,155,213,137,104,115,119,209,112,84,218,68,241,228,39,179,93,125,119,42,224,31,91,5,211,179,69,93,155,22,137,104,115,106,209,23,219,147,31,155,81,91,217,211,240,86,134,35,232,61,250,212,198,159,234,23,31,9,158,9,137,104,115,119,209,209,84,37,135,10,213,233,136,91,5,207,159,115,208,42,91,5,131,245,115,93,196,49,137,160,35,134,150,177,101,73,219,120,204,156,190,91,186,211,115,188,191,89,86,25,164,232,93,88,106,12,141,20,139,31,131,210,234,133,115,141,186,245
Best fitness found so far: 0.6415146295848775; k: 2.0
Generation: 118; 0.6415146295848775; k: 2.0; 113,11,141,213,233,136,139,231,179,159,115,235,31,91,5,211,179,115,93,155,9,137,114,115,106,209,23,84,222,181,241,228,39,223,246,237,232,42,224,139,186,68,49,213,29,5,193,25,115,188,169,91,62,126,82,123,95,243,191,137,161,134,146,183,161,128,14,191,93,221,183,86,89,170,219,187,31,184,103,137,137,203,143,114
Best fitness found so far: 0.6415146295848775; k: 2.0
Generation: 119; 0.6415146295848775; k: 2.0; 212,135,141,213,233,136,139,231,207,159,115,235,31,91,5,131,179,115,93,155,9,137,104,115,119,115,93,155,119,137,220,110,134,154,206,164,98,219,142,30,9,185,91,16,43,66,61,73,141,169,150,14,115,119,209,57,84,164,68,49,39,7,191,110,53,213,233,136,91,5,137,137,203,139,75
Best fitness found so far: 0.6415146295848775; k: 2.0
Generation: 120; 0.6415146295848775; k: 2.0; 212,135,141,213,233,136,139,231,207,159,115,235,31,91,5,131,179,115,93,155,9,137,104,115,119,209,112,84,222,68,241,228,39,223,93,125,119,233,87,91,5,102,159,70,100,170,28,5,89,179,244,93,155,9,137,220,35,134,154,177,164,125,219,234,23,31,9,158,129,16,232,100,107,169,39,41,10,213,33,136,3,5,207,204
Best fitness found so far: 0.6415146295848775; k: 2.0
Generation: 121; 0.6415146295848775; k: 2.0; 212,221,141,213,233,136,139,231,123,159,115,235,31,91,5,211,179,115,93,155,9,137,104,115,106,209,23,84,222,68,241,228,39,223,246,237,119,134,154,136,164,98,219,64,31,112,207,94,16,43,66,227,14,204,139,209,61,86,220,35,250,42,31,12,98,138,153,219,200,31,110,134,91,16,43,149,61,46,39,210,244,237,44,140,28,173,84,65,68,49,213,184,168,153,217,219,233,136,43,149,61,46,39,210,65,237,44,140,247,233,84,65,68,49,213,184,39,153,217,219,233,136,91,52,163,126,163,167,107,207,67,108,31,91
Best fitness found so far: 0.6415146295848775; k: 2.0
Generation: 122; 0.6415146295848775; k: 2.0; 212,135,141,213,183,136,139,231,207,159,115,235,31,91,5,131,205,115,93,155,9,137,104,115,51,209,112,84,222,68,241,89,39,55,93,125,119,42,117,139,26,155,49,15,29,5,193,159,115,188,169,91,5,131,179,140,238,155,191,48,207,159,115,188,191,91,119,131,179,115,93,155,9,137,220,35,134,154,104,93,69,149,24,107,169,39,77,10,213,33,136,3,5,207,204
Best fitness found so far: 0.6415146295848775; k: 2.0
Generation: 123; 0.6415146295848775; k: 2.0; 212,135,141,213,233,136,139,231,207,159,115,235,31,91,5,131,179,110,93,155,249,137,104,115,119,209,112,84,222,68,241,228,39,223,234,125,119,42,224,139,75,68,60,55,29,5,88,159,100,188,169,91,5,131,179,115,93,155,101,137,249,35,146,101,29,97,211,28,14,115,247,209,58,30,54,107,35,240,163
Best fitness found so far: 0.6415146295848775; k: 2.0
Generation: 124; 0.6415146295848775; k: 2.0; 110,135,141,213,233,136,139,231,207,159,115,235,31,91,5,131,179,115,93,155,9,137,104,115,119,209,112,171,222,68,241,228,39,223,59,10,213,159,198,17,5,207,159,115,188,191,91,92,131,203,152,93,155,9,137,8,35,171,161,206,164,98,215,86,212,135,10,213,233,136,91,5,92,110,187,69,191,28,5,131,179,244,93,155,9,137,220,35,134,154,140,160,125,219,5,31,9,123,91,16,204,173,86,134,35,232,61,250,132,198,71,213,233,136,139,191,97,159,115,235,31,91,5,131,179,115,93,155,9,137,104,115,119,209,112,151,222,68,241,228,39,223,120,125,39,169,44,234,224,68,224,239,186,68,60,129,29,5,193,159,154,188,169,233,5,131,179,136,93,195,14,114,3,35,146,106,5,207,83,21,155,209,64,200,220,121,163,229,249,213,233,128,141,233,140,20,35,93,209,173,29,44,35,18,194,10,204,155,136,134,246,135,21,115,27,233,136,245,13,207,250,115,235,31,91,82,131,90,165,19,155,9,137,104,115,96,209,209,84,37,135,10,213,233,196,91,5,207,159,115,208,42,91,5,131,6,115,93,155,49,137,160,35,134,150,177,101,73,219,120,204,9,190,61,217,211,115,188,191,89,86,25,225,232,167,88,169,12,215,20,139,94,131,210,234,133,115,141,186,245
Best fitness found so far: 0.6415146295848775; k: 2.0
Generation: 125; 0.6415146295848775; k: 2.0; 212,221,141,213,233,136,123,126,123,159,115,235,31,91,5,211,179,115,93,155,9,137,104,115,106,209,23,219,147,31,9,55,91,217,211,94,86,134,35,232,61,250,212,198,205,234,19,31,9,158,91,16,232,100,107,169,39,41,16,232,100,107,10,65,233,136,95,5,207,14,115,93,209,173,35,220,35,134,166,51,164,24,218,43,80,127,217,162,194,55,213,211,35,139,39,91,5,207,64,115,93,209,173,86,220,35,190,154,51
Best fitness found so far: 0.6415146295848775; k: 2.0
Generation: 126; 0.6415146295848775; k: 2.0; 212,135,141,213,233,136,139,231,207,159,115,235,247,91,5,131,179,115,93,155,9,137,104,115,119,209,112,84,222,68,241,228,39,223,93,125,119,42,224,139,26,68,49,213,98,5,128,14,191,93,209,183,86,220,170,163,212,43,164,237,219,32,31,91,103,137,170,180,143,114
Best fitness found so far: 0.6415146295848775; k: 2.0
Generation: 127; 0.6415146295848775; k: 2.0; 47,135,141,213,233,136,139,231,207,159,115,230,13,91,5,131,127,115,93,155,9,137,104,115,4,209,23,84,222,242,241,228,39,223,37,237,119,42,224,193,186,68,230,91,29,70,44,25,30,188,69,143,105,61,46,141,232,65,237,46,140,28,233,84,65,68,49,213,184,39,164,199,167,88,169,12,165,20,139,94,131,210,234,133,115,141,186,224
Best fitness found so far: 0.6415146295848775; k: 2.0
Generation: 128; 0.6415146295848775; k: 2.0; 4,135,1,213,85,136,139,231,207,159,115,235,31,111,125,131,205,115,93,155,9,137,104,115,111,42,112,84,222,68,241,228,39,223,14,202,119,42,12,139,250,68,49,164,17,231,193,200,115,55,169,91,224,131,179,115,93,243,191,25,3,10,213,22,27,91,212,135,141,213,48,136,139,231,207,159,115,235,31,91,5,131,179,115,93,155,9,137,104,105,119,19,112,84,222,68,58,159,39,164,93,125,245,42,224,139,186,68,49,196,29,5,193,159,115,188,169,145,5,131,179,107,93,155,102,206,164,98,215,187,91,10,179,107,172,23
Best fitness found so far: 0.6415146295848775; k: 2.0
Generation: 129; 0.6415146295848775; k: 2.0; 2,135,141,213,33,136,139,231,207,159,115,235,209,91,5,131,179,115,93,155,9,137,104,115,119,209,112,84,222,68,241,228,39,223,93,125,99,42,224,139,186,68,49,213,29,5,193,159,115,188,169,91,5,131,179,115,93,243,122,137,3,2,146,183,184,128,14,191,250,209,183,86,220,170,163,229,38,213,233,40,91,233,79,48,95,93,209,72,88,3,35,18,143,10,42,96,42,46,5,135,21,160,27,209,173,86,44,116,17,156,123,159,209,244,190,222,68,49,40,8,163,57,137,216,187,205,99,5,115,188,209,16,86,25,35,204,188,16,10,131,52,65,229,5,207,164,201,103,199,173,156,217,35,232,61,104,170,244,224,222,45,49,176,239,163,171,250,169,13,92
Best fitness found so far: 0.6415146295848775; k: 2.0
Generation: 130; 0.6415146295848775; k: 2.0; 212,135,141,213,233,136,139,231,207,159,115,235,31,111,5,131,179,115,93,155,9,137,104,115,119,234,112,84,22,68,241,228,39,223,93,125,119,42,210,89,186,68,30,213,235,6,193,159,100,188,169,91,5,131,179,115,243,117,191,137,3,156,146,203,120,207,128,191,93,209,183,86,202,170,163,229,45,213,233,128,137,233,207,48,155,9,137,104,115,51,209,112,158,101,29,235,211,28,14,115,247,209,58,124,54,107,21,240,163
Best fitness found so far: 0.6415146295848775; k: 2.0
Generation: 131; 0.6415146295848775; k: 2.0; 14,135,141,213,233,81,181,231,95,159,115,235,81,91,235,131,205,115,93,155,9,137,104,115,51,209,112,84,101,29,235,211,28,14,115,247,209,23,84,144,68,241,228,187,223,93,237,119,114,224,61,186,68,49,213,202,180,193,148,219,188,169,6,5,126,250,115,59,28,176,29,235,5,28,14,115,247,209,58,30,225,107,21,179,115,173,155,9,212,86,115,119,209,50,84,222,135,234,213,233,136,91,201,232,159,115,188,42,91,5,131,181,115,128,155,49,57,160,51,134,115,247,164,172,244,210,204,9,81,91,172,211,115,188,191,173,209,25,35,238,215,88,169,12,215,218,139,59,136,210,234,40,137,8,35,201,188,206,164,98,41,187,91,10,101,107,172,1
Best fitness found so far: 0.6415146295848775; k: 2.0
Generation: 132; 0.6415146295848775; k: 2.0; 212,221,141,213,233,136,139,231,123,159,115,235,31,91,5,211,179,115,93,155,9,137,126,115,106,209,23,219,147,31,155,81,91,217,211,25,86,134,214,232,61,250,212,198,159,234,23,31,9,158,91,16,213,100,107,169,39,118,10,213,33,136,3,5,207,91,108,133,119,118,135,131,223,116,17,14,115,159,209,24,139,221,68,49,176,142,223,226,137,110
Best fitness found so far: 0.6415146295848775; k: 2.0
Generation: 133; 0.6415146295848775; k: 2.0; 212,135,141,213,233,136,139,231,207,159,115,235,31,91,5,131,103,115,93,155,9,137,104,115,119,209,112,84,222,68,241,228,39,223,93,125,119,42,224,139,186,68,49,213,29,132,193,159,115,188,169,154,5,131,23,115,93,243,191,137,3,134,146,183,87,128,14,59,93,209,183,86,220,170,163,229,38,213,233,40,91,80,14,115,93,198,173,19,25,91,123,61,202,21,196,163
Best fitness found so far: 0.6415146295848775; k: 2.0
Generation: 134; 0.6415146295848775; k: 2.0; 212,221,141,213,233,136,139,231,123,159,115,235,31,91,5,211,179,115,93,155,9,137,104,115,106,209,23,84,222,68,76,201,39,223,107,237,119,42,90,139,186,134,49,213,106,5,193,154,115,179,115,146,115,188,137,220,35,219,154,78,164,198,219,187,31,9,226,91,16,71,106,3,63,141,232,120,171,115,29,209,193,137,222,180,102,27,229,26,231,218,54,42,224,139,186,68,111,213,29,163,167,107,5,207,14,131,163,115,215,239,248,137,220,61,134,154,128,164,170,52,210,74,93,248,91,16,232,100,107,169,39,1,10,184,33,97,77,216,207,35,93,155,9,137,104,115,119,209,112,171,222,68,241,228,187,223,59,10,213,159,136,17,5,13,217,115,250,191,91,181,131,179,152,93,155,9,137,8,35,201,154,206,164,98,215,86,224,135,10,213,233,136,91,5,92,110,147,69,191,28,5,131,179,244,93,155,109,137,220,35,134,154,177,160,125,219,210,31,9,36,91,16,204,18,86,134,35,232,61,250,212,198,7,159,64,71,186
Best fitness found so far: 0.6415146295848775; k: 2.0
Generation: 135; 0.6415146295848775; k: 2.0; 212,135,141,213,233,136,139,51,207,159,115,235,33,91,5,131,179,115,93,155,9,137,68,115,119,115,150,31,82,5,108,205,115,217,232,120,171,115,119,209,193,84,222,141,194,27,137,26,231,115,54,67,118,139,186,68,111,213,29,163,167,107,5,207,14,168,163,115,93,239,248,137,241,228,27,223,110,35,164,140,154,136,164,98,219,162,31,9,207,91,233,43,66,236,14,21,139,209,61,86,220,35,42,42,51,12,232,187,153,62,200,31,12,240,162,250,43,69,61,46,39,240,65,237,44,140,83,233,84,236,68,49,213,184,99,153,217,219,233,136,91,52,66,126,163,167,107,207,67,108,31,91
Best fitness found so far: 0.6415146295848775; k: 2.0
Generation: 136; 0.6415146295848775; k: 2.0; 212,135,141,213,85,136,139,231,207,159,115,235,31,111,5,131,205,115,1,155,9,137,104,115,119,42,112,84,222,68,241,228,39,223,89,125,119,42,71,139,186,68,49,164,74,109,193,137,115,55,94,91,5,131,179,115,93,243,191,121,3,10,213,22,27,91,3,207,159,115,188,191,91,5,131,51,170,93,233,136,91,241,207,234,212,230,191,91,5,131,179,115,193,155,99,240,220,35,134,154,206,164,193,219,142,30,9,185,158,16,43,66,91,99,43,66,61,175,110,176,239,53,177,137,169,211,179,115,93,183,9,137,104,115,106,209,63,84,222,68,154,24,39,223,66,237,119,42,224,139,186,134,49,213,29,5,193,25,136,188,169,91,138,126,250,10,23,193,191,137,3,134,146,40,184,128,35,134,154,177,160,125,219,210,31,177,185,91,16,204,112,186,31,35,232,61,240,212,198,7,159,64,34,186
Best fitness found so far: 0.6415146295848775; k: 2.0
Generation: 137; 0.6415146295848775; k: 2.0; 180,135,141,213,85,136,139,231,207,159,115,235,31,111,47,131,205,115,93,155,9,137,246,115,119,42,112,84,222,68,159,239,89,223,93,125,119,42,40,139,186,67,49,164,209,112,84,134,106,241,228,39,189,51,125,39,29,25,27,224,68,224,123,186,68,60,213,249,5,193,159,177,92,215,56,5,131,179,190,93,119,75,114,3,35,146,106,5,207,83,191,155,209,64,200,220,170,216,229,249,213,233,128,18,233,37,20,126,93,198,175,50,25,35,18,143,10,204,25,136,134,16,135,149,115,27,171,136,245,57,161,250,210,235,31,123,5,131,69,165,179,155,32,192,104,115,119,209,209,84,229,36,138,213,233,136,213,5,207,22,115,208,210,91,137,131,6,84,69,155,49,137,102,129,134,150,177,101,171,129,120,140,36,152,197,217,211,115,188,191,89,232,166,58,232,167,16,169,12,215,20,35,232,155,209,136,91,185,176,115,188,191,91,181,131,74,115,93,155,9,137,8,35,201,154,206,164,98,215,187,117,108,213,173,86,25,77,118,226,107,7,39,153,76,213,4,110,91,5,137,137,232,61,107,7,39,13,77,213
Best fitness found so far: 0.6415146295848775; k: 2.0
Generation: 138; 0.6415146295848775; k: 2.0; 212,135,141,213,85,136,139,231,207,159,115,235,21,111,5,131,205,115,93,155,9,137,104,115,119,42,112,182,125,137,210,158,226,248,91,21,232,46,107,169,39,41,10,213,33,156,91,5,207,14
Best fitness found so far: 0.6415146295848775; k: 2.0
Generation: 139; 0.6415146295848775; k: 2.0; 190,135,141,213,95,136,109,231,89,159,115,235,31,91,33,131,179,215,93,155,9,22,104,115,101,209,113,132,222,68,241,228,39,223,93,115,119,42,212,139,186,50,49,88,29,5,193,25,115,54,169,91,5,126,225,115,174,243,191,137,3,134,146,183,184,3,14,22,68,49,213,233,136,139,231,207,202,115,235,31,99,5,131,179,115,93,155,9,137,104,115,119,234,32,84,35,68,134,228,39,223,93,125,119,199,229,79,186,68,230,213,172,6,108,159,100,188,169,91,237,131,179,115,93,131,110,137,3,35,47,106,120,207,98,191,93,209,183,86,202,170,163,229,45,213,233,128,137,233,207,48,85,93,209,173,54,25,35,18,230,10,92,155,141,134,195,135,107,115,27,209,173,86,44,116,17,220,28,42,209,244,183,222,68,49,209,8,163,57,137,169,211,173,182,134,35,232,61,250,212,198,159,234,169,81,9,158,91,16,232,100,107,169,39,77,10,213,33,89,3,23,156,204,31,99,5,131,179,115,93,155,9,137,104,115,119,234,32,84,35,68,134,228,39,223,93,125,119,199,229,79,186,68,230,213,172,6,108,159,100,188,169,91,237,131,179,115,93,131,110,137,3,35,47,106,120,207,98,191,93,209,183,86,202,170,163,229,45,213,233,128,137,233,207,48,85,93,209,173,54,25,35,18,230,10
Best fitness found so far: 0.6415146295848775; k: 2.0
Generation: 140; 0.6415146295848775; k: 2.0; 212,221,141,213,233,136,139,231,123,159,115,235,31,91,5,211,179,115,93,155,9,137,104,115,36,209,23,84,222,68,241,228,39,223,246,237,119,194,154,153,164,98,219,162,31,9,207,91,16,43,66,227,14,21,139,209,61,106,220,35,181,42,170,12,248,138,153,219,200,31,12,240,91,16,43,149,71,46,39,210,65,237,44,140,28,233,84,241,228,39,190,93,237,119,152,3,91,186,12,49,213,202,42,174,25,115,188,57,155,9,118,104,164,119,209,112,84,222,68,241,228,26,223,93,125,119,42,12,139,186,18,49,213,193,5,193,159,89,216,169,91,5,131,179,115,93,243,146,137,3,10,213,233,136,75,5,207,159,115,188,191,91,5,131,179,22,93,155,238,137,220,35,79,154,206,67,171,35,91,5,80,21
Best fitness found so far: 0.6415146295848775; k: 2.0
Generation: 141; 0.6415146295848775; k: 2.0; 212,135,141,213,233,136,139,231,207,159,115,235,31,91,5,131,179,115,93,155,9,137,68,115,119,115,235,31,91,5,177,102,115,214,237,9,137,104,115,119,209,112,84,222,246,241,193,39,223,93,125,126,42,12,139,186,68,49,9,29,5,193,40,115,238,169,91,5,131,179,115,93,172,137,137,3,10,53,233,77,91,5,207,159,115,188,130,205,5,63,74,115,93,155,238,233,220,35,79,154,206,67,171,35,91,5,40,135,233,186,48,95,30,209,173,88,144,35,18,77,10,92,96,42,33,5,135,21,18,1,209,173,86,44,116,17,108,123,159,209,224,39,222,114,49,112,8,163,57,137,169,210,85,91,161,229,233,222,51,131,223,116,126,14,115,159,209,100,139,221,68,49,229,142,223,222,137,169
Best fitness found so far: 0.6415146295848775; k: 2.0
Generation: 142; 0.6415146295848775; k: 2.0; 212,11,141,213,89,136,139,231,179,159,115,235,31,91,39,181,179,110,93,155,249,137,152,115,119,103,112,84,222,185,219,233,136,91,52,163,126,163,167,107,207,67,108,31,91
Best fitness found so far: 0.6415146295848775; k: 2.0
Generation: 143; 0.6415146295848775; k: 2.0; 212,135,141,213,85,136,139,231,207,159,115,235,31,111,83,131,205,115,93,105,193,137,104,115,11,185,174,84,222,68,196,228,39,223,74,141,119,42,2,139,191,93,209,183,129,236,170,163,171,38,213,230,40,91,207,65,27,17,191,91,160,63,141,115,218,155,58,21,10,92,238,42,139,5,163,21,18,25,209,211,86,124,81,17,108,123,224,209,244,128,101,174,49,40,8,163,57,137,169,210,119,91,108,229,233,122,83,131,223,116,17,14,7,159,209,100,139,221,146,49,176,142,125,222,86,169
Best fitness found so far: 0.6415146295848775; k: 2.0
Generation: 144; 0.6415146295848775; k: 2.0; 212,135,141,213,193,136,139,231,207,159,115,235,219,91,5,131,179,115,93,155,9,137,104,115,119,209,112,84,222,68,241,228,39,223,90,125,119,42,224,139,186,68,60,38,29,5,193,150,100,188,169,212,240,131,179,115,93,155,191,14,3,35,146,106,5,207,128,191,136,91,5,115,159,115,188,200,91,5,131,179,115,93,155,9,137,220,167,219,154,78,164,50,219,187,31,9,110,91,16,71,66,3,63,141,232,120,171,115,119,209,193,180,29,141,194,27,137,26,231,115,54,42,229,110,93,155,249,156,104,115,119,103,250,84,222,68,241,108,113,223,234,125,91,5,207,14
Best fitness found so far: 0.6415146295848775; k: 2.0
Generation: 145; 0.6415146295848775; k: 2.0; 212,221,141,213,233,136,139,231,123,159,115,235,31,91,5,211,179,115,93,155,9,137,104,115,106,209,23,155,147,31,9,81,91,217,211,173,86,134,35,232,130,233,212,198,159,234,23,31,9,158,91,16,232,100,107,169,39,41,10,213,33,136,3,5,217,4,112,207,52,210,200,9,185,91,16,232,100,107,169,39,41,10,184,33,141,91,216,140,194
Best fitness found so far: 0.6415146295848775; k: 2.0
Generation: 146; 0.6415146295848775; k: 2.0; 212,135,141,213,39,136,139,231,207,159,115,235,219,91,5,131,179,115,93,155,9,137,104,115,119,209,112,84,222,68,241,228,39,223,139,125,119,42,224,139,186,68,60,213,29,5,81,159,100,188,169,91,187,131,179,115,93,155,191,14,241,35,146,103,5,207,128,191,183,91,5,115,159,115,188,200,91,5,131,179,115,93,155,9,183,220,35,219,154,78,164,50,219,187,31,9,185,91,16,71,66,3,213,141,232,120,171,115,119,209,145,84,222,115,93,155,9,137,104,115,119,209,112,84,222,68,241,228,39,223,93,125,1,42,224,139,186,68,49,213,29,132,193,159,115,188,169,91,176,131,23,115,93,243,191,137,3,134,146,183,44,128,14,59,93,209,183,86,220,170,163,229,38,213,233,40,111,233,79,48,95,55,209,132,88,25,239,248,137,239,34,119,233,96,39,67,127,106,206,39,76,77
Best fitness found so far: 0.6415146295848775; k: 2.0
Generation: 147; 0.6415146295848775; k: 2.0; 212,11,141,213,89,136,139,231,179,159,115,235,31,91,245,131,179,110,93,230,249,137,104,115,119,103,11,84,222,7,192,228,39,223,107,125,232,42,224,139,186,138,162,213,29,5,193,159,100,188,169,91,54,131,179,237,93,155,238,155,249,48,207,159,115,188,120,46,164,131,179,213,93,35,9,137,26,60,134,154,104,93,29,149,24,149,179,185,91,182,42,122,61,155,9,137,8,35,201,154,39,67,226,208,91,112,233,5,115,93,232,173,19,4,118,135,131,147,116,129,14,193,81,33,244,139,206,68,220,234,39,179,7
Best fitness found so far: 0.6415146295848775; k: 2.0
Generation: 148; 0.6415146295848775; k: 2.0; 212,221,131,213,233,136,139,231,123,159,115,235,31,91,5,211,179,115,93,155,9,137,104,115,106,209,23,84,247,68,76,201,39,223,66,237,119,42,224,139,186,134,240,213,29,5,193,154,115,179,115,93,115,188,137,220,35,219,154,78,164,198,219,187,161,9,226,91,16,71,106,3,63,119,232,120,47,115,29,246,193,137,222,180,194,27,3,26,231,218,54,42,224,139,186,68,111,213,29,163,167,107,5,207,14,131,163,112,215,239,51,137,220,227,134,154,128,164,170,52,210,70,23,248,208,16,232,100,107,169,39,1,10,184,33,97,77,216,82,194
Best fitness found so far: 0.6415146295848775; k: 2.0
Generation: 149; 0.6415146295848775; k: 2.0; 119,221,141,213,233,136,139,231,123,244,115,235,31,91,5,211,179,115,93,5,9,137,104,115,106,209,23,84,222,68,154,201,39,223,66,196,119,13,224,5,131,179,115,93,155,9,137,220,35,219,154,78,81,50,219,187,31,9,185,91,16,71,66,3,63,141,232,120,171,115,119,209,193,84,222,141,194,27,137,84,231,115,54,42,224,139,83,68,111,213,29,163,167,107,5,207,14,131,163,232,93,239,248,137,220,35,134,154,177,164,170,52,210,192,37,248,91,97,232,100,107,169,39,41,13,184,20,136,91,216,207,194
Best fitness found so far: 0.6415146295848775; k: 2.0
Generation: 150; 0.6415146295848775; k: 2.0; 212,135,141,213,233,136,139,231,207,159,115,235,31,91,5,131,179,115,93,155,9,137,104,115,119,187,171,84,74,68,241,175,39,223,93,125,119,165,224,139,36,68,17,213,29,5,193,159,115,188,169,91,5,131,209,23,137,30,186,151,228,39,223,37,247,119,42,224,25,122,68,201,204,29,70,44,25,30,188,69,143,207,61,46,141,232,65,237,46,140,28,233,84,213,68,49,213,184,67,153,217,68,233,136,91,172,163,135,118,167,71,21,18,15,10,135,160,136,134,157,135,21,115,27,209,173,86,30,116,17,99,59,159,162,150,139,222,68,49,40,8,163,57,137,169,67,85,91,108,133,119,118,135,131,109,116,17,14,115,159,209,214,5,175,68,49,176,142,223,226,137,110
Best fitness found so far: 0.6415146295848775; k: 2.0
Generation: 151; 0.6415146295848775; k: 2.0; 212,135,141,213,233,136,139,231,93,159,115,235,31,91,5,131,205,170,93,115,9,137,172,115,164,233,218,187,80,206,33,162,194,167,213,228,31,96,39,91,5,194,64,120,119,209,57,84,164,68,49,39,7,191,110,53,36,3,136,91,225,137,137,203,144,75
Best fitness found so far: 0.6415146295848775; k: 2.0
Generation: 152; 0.6415146295848775; k: 2.0; 28,221,141,213,233,136,139,231,123,159,115,235,31,91,5,211,179,115,93,155,11,137,104,115,106,209,62,5,214,51,170,93,65,136,91,241,118,234,115,230,191,38,5,131,179,209,16,86,25,35,204,188,16,10,131,52,65,229,5,207,78,201,103,199,173,156,242,35,45,87,104,204,244,234,222,45,49,166,239,163,171,250,169,13,85
Best fitness found so far: 0.6415146295848775; k: 2.0
Generation: 153; 0.6415146295848775; k: 2.0; 212,135,141,213,233,136,139,231,207,159,115,235,31,91,5,131,179,115,93,155,9,137,104,115,119,234,112,84,35,68,241,228,39,223,93,125,119,42,224,145,186,68,230,213,235,186,193,159,100,188,169,91,5,131,179,115,93,155,191,137,144,35,146,106,120,207,128,191,93,209,183,86,49,170,109,229,45,213,233,128,137,233,207,48,85,93,209,173,54,25,222,18,230,10,92,155,136,134,246,135,21,115,27,7,173,51,44,116,17,99,159,27,209,244,17,222,108,185,54,8,163,57,137,169,67,85,91,108,133,119,118,135,131,147,116,17,191,190,106,63,44,159,110,122,150,91,5,131,97,115,93,155,107,183,138,115,119,158,214,122,18,131,179,115,167,155,178,137,104,115,10,234,23,231,222,68,241,22,39,223,93,237,119,42,145,190,186,107,58,207,47,5,183,25,59,188,69,91,160,126,250,123,3,243,191,74,58,134,146,181,184,128,204,191,93,209,18,64,137,170,163,229,29,8,193,159,115,188,246,38,63,131,179,115,51,73,191,137,3,134,146,125,184,21,14,191,34,19,67,86,220,5,163,157,38,213,233,40,19,233,79,48,198,204,209,232,88,25,39,39,67,212,249,186,48,198,172,234,150,71,103
Best fitness found so far: 0.6415146295848775; k: 2.0
Generation: 154; 0.6415146295848775; k: 2.0; 180,135,1,213,85,136,139,231,207,159,115,235,31,111,125,131,205,115,93,155,9,137,104,115,111,42,112,84,222,68,241,228,39,223,167,125,119,42,12,139,186,68,49,164,17,231,193,200,115,55,169,91,224,205,179,115,221,243,191,120,188,69,91,160,126,250,21,185,243,191,74,58,134,146,181,184,128,232,191,93,161,18,64,137,170,163,229,29,8,193,159,115,188,246,38,5,131,179,115,51,73,227,137,3,134,146,183,184,21,14,191,34,19,183,247,157,5,163,157,38,213,233,174,147,233,79,48,198,93,209,173,88,25,39,39,67,212,249,186,48,198,172,234,150,71,103
Best fitness found so far: 0.6415146295848775; k: 2.0
Generation: 155; 0.6415146295848775; k: 2.0; 212,135,141,213,233,136,139,231,207,159,201,235,31,91,155,131,203,115,93,155,9,137,104,115,207,29,5,183,25,59,188,69,91,244,126,250,123,3,243,191,74,58,134,96,237,184,181,232,191,93,139,18,64,137,170,163,59,224,8,193,159,95,188,80,123,5,72,194,115,51,73,149,66,3,134,203,183,169,91,5,131,179,115,93,155,13,137,249,92,146,249,24,207,128,191,93,209,183,174,220,170,62,59,159,55,13,31,91,5,131,179,115,96,155,9,27,243,15,118,209,112,84,222,68,241,228,39,223,93,155,119,169,224,234,224,242,49,213,29,5,193,79,115,143,169,73,5,131,179,17,93,142,191,137,194,134,146,56,76,211,14,191,93,209,183,86,220,170,163,229,43,164,237,219,32,31,91,6,137,170,180,143,114
Best fitness found so far: 0.6415146295848775; k: 2.0
Generation: 156; 0.6415146295848775; k: 2.0; 245,135,141,213,233,136,139,231,207,159,115,235,31,91,5,131,179,115,93,155,9,137,68,115,119,115,235,31,204,5,178,205,3,214,237,9,187,104,115,119,209,112,84,222,246,241,228,18,223,50,125,126,42,12,139,186,68,49,213,29,5,193,159,111,216,169,91,5,131,179,115,93,172,37,137,3,10,213,233,77,91,5,207,11,115,188,191,91,5,6,179,115,37,155,238,137,41,35,79,154,163,67,171,35,91,5,80,8,237,182,232,5,207,159,173,183,25,30,188,69,143,160,126,250,115,93,243,191,74,3,134,170,181,184,128,14,112,115,93,155,96,194,220,60,79,230
Best fitness found so far: 0.6415146295848775; k: 2.0
Generation: 157; 0.6415146295848775; k: 2.0; 212,135,141,213,185,136,139,231,207,159,115,235,13,91,5,131,75,115,93,155,9,137,104,115,4,209,23,84,222,68,241,36,39,223,93,237,119,42,224,193,186,68,201,209,23,51,222,68,241,201,39,6,66,237,119,42,224,139,186,223,49,156,29,5,193,207,60,188,135,91,138,126,250,10,23,193,191,137,79,212,146,183,184,128,97,248,137,220,35,115,154,180,164,125,137,19,203,9,248,91,16,232,100,107,10,65,233,64,95,5,207,14,115,93,74,173,35,220,35,135,16,224,190,154,65,194,167,95,211
Best fitness found so far: 0.6415146295848775; k: 2.0
Generation: 158; 0.6415146295848775; k: 2.0; 134,135,141,213,85,136,139,231,207,159,115,235,31,111,173,131,205,115,93,155,9,137,104,115,119,42,112,84,222,68,241,228,39,223,89,125,119,42,71,139,186,68,49,164,74,231,193,137,115,55,237,91,5,131,179,115,93,243,191,137,3,10,213,22,27,91,103,207,159,115,188,191,91,5,131,51,170,93,233,136,91,241,207,234,115,230,191,91,5,131,179,115,193,155,236,240,220,35,134,154,179,164,98,34,142,30,94,14,91,16,43,66,91,99,43,66,61,24,60,176,239,163,177,137,169,67,213,91,174,133,245,222,135,71,223,116,229,241,115,115,209,244,73,216,68,49,196,222,32,133,137,169
Best fitness found so far: 0.6415146295848775; k: 2.0
Generation: 159; 0.6415146295848775; k: 2.0; 212,135,141,213,233,136,139,231,207,159,115,235,31,91,5,131,179,115,93,155,9,137,104,115,119,209,112,84,222,68,241,228,39,223,93,125,239,42,224,139,26,68,49,213,29,232,193,212,115,188,169,91,5,131,179,115,238,155,191,48,207,159,115,188,191,91,119,153,219,200,31,12,240,91,16,43,149,61,46,141,232,65,237,44,85,28,233,247,65,68,76,213,184,20,153,217,56,233,136,91,95,41,135,163,167,107,21,67,108
Best fitness found so far: 0.6415146295848775; k: 2.0
Generation: 160; 0.6415146295848775; k: 2.0; 212,135,141,213,109,136,139,231,207,159,115,235,31,91,5,151,179,110,93,155,249,137,104,115,223,141,112,84,222,68,241,228,192,223,193,49,119,42,224,139,99,13,60,213,44,5,109,136,244,188,169,91,42,131,211,115,93,155,191,137,249,35,146,106,24,207,128,191,93,105,183,219,220,159,139,120,159,55,13,31,230,240,131,179,115,93,31,9,218,243,115,14,209,112,72,50,35,134,79,206,107,98,219,187,53,9,185,90,129,172,178,250,235,240,35,36,209,16,18,25,206,103,213,225,10,105,73,10,213,173,136,101,5,207,159,115,188,191,121,21,129,179,95,149,155,9,137,168,54,134,163,238,213,249,189,237,105,168,29,91,164,14,229,8,33,66,61,235,227,35,211,11,85,157,39,216,51,205,185,5,115,188,209,228,127,25,215,204,188,16,10,131,35,79,154,206,135,141,213,233,73,131,231,95,159,115,235,31,91,5,131,205,115,93,155,9,137,104,115,51,209,112,57,101,61,46,141,127,65,9,44,85,28,106,84,65,68,49,213,184,20,153,217,56,233,136,91,95,41,91,163,68,35,21,67,108
Best fitness found so far: 0.6415146295848775; k: 2.0
Generation: 161; 0.6415146295848775; k: 2.0; 212,135,141,213,233,136,139,231,207,159,115,235,31,196,5,131,179,115,93,155,9,137,104,115,119,209,112,84,134,106,241,228,39,86,70,125,73,29,224,234,224,192,224,239,186,68,60,213,249,5,161,89,177,92,215,56,5,131,179,190,93,119,75,114,3,35,146,106,5,207,83,191,155,209,64,48,220,170,216,4,249,213,233,169,137,233,37,20,126,93,198,173,1,25,35,18,143,10,204,137,136,134,246,135,149,115,27,171,136,245,13,161,250,210,235,62,123,5,131,247,165,93,155,32,40,104,7,119,67,209,84,229,135,138,153,26,136,213,5,207,22,115,208,150,91,137,131,191,93,209,183,86,220,68,163,229,38,213,233,59,91,233,207,48,113,93,209,173,88,25,35,42,143,10,92,185,126,134,73,135,21,115,27,209,173,86,166,116,106,99,194,159,209,244,139,222,68,49,40,8,163,57,126,208,67,85,91,108,207,119,222,135,131,223,116,17,14,115,159,209,244,139,221,68,49,176,142,96,133,137,169
Best fitness found so far: 0.6415146295848775; k: 2.0
Generation: 162; 0.6415146295848775; k: 2.0; 212,135,141,213,233,136,139,231,207,159,115,235,31,91,5,131,179,115,93,155,9,137,104,115,119,187,112,84,74,68,241,228,39,223,93,125,119,165,232,139,36,68,216,213,112,5,193,159,115,129,169,91,5,131,179,249,40,143,191,137,216,134,146,183,79,128,14,191,217,232,209,223,86,220,179,194,161,51,12,98,40,179,207,159,115,106,209,23,36,222,79,241,201,39,223,66,85,119,42,224,100,186,134,49,239,184,68,241,151,39,223,93,125,119,199,229,79,186,68,230,213,150,6,108,159,181,188,104,91,237,114,179,115,93,128,191,164,3,35,47,90,120,207,128,191,93,209,204,86,202,170,163,229,45,213,231,128,137,233,207,48,85,93,209,173,54,25,124,137,230,10,92,155,136,100,86,92,107,115,233,209,173,86,63,116,11,220,216,104,209,244,186,222,68,49,209,8,162,57,137,169,68,173,182,62,35,27,61,250,242,198,48,242,23,31,117,230,82,61,41,100,107,169,39,77,10,213,33,136,3,5,207,204
Best fitness found so far: 0.6415146295848775; k: 2.0
Generation: 163; 0.6415146295848775; k: 2.0; 212,135,141,213,233,136,139,231,63,159,115,235,31,91,5,131,179,95,93,155,9,137,104,115,119,209,23,84,222,68,241,228,39,223,4,222,119,42,224,139,186,68,201,213,29,5,211,25,30,53,69,91,160,126,115,93,155,9,137,104,115,119,209,195,84,176,68,241,228,9,223,182,200,119,42,224,139,186,68,60,213,29,5,193,159,100,188,169,91,5,131,179,115,93,155,191,14,3,35,20,106,5,207,128,136,136,91,5,115,159,115,188,200,173,5,131,179,115,93,155,9,137,220,35,219,97,78,164,50,67,187,31,9,185,91,16,71,66,3,63,141,212,120,171,115,119,240,193,84,222,141,194,152,137,26,197,176,54,42,224,68,186,68,111,250,29,163,167,107,5,207,14,131,163,115,93,191,93,209,183,86,103,170,163,164,38,213,201,40,91,233,186,48,95,93,209,173,88,144,35,18,143,10,92,96,42,33,5,135,21,18,1,209,137,86,44,116,17,108,123,159,209,244,190,222,114,49,40,8,163,57,137,169,210,85,91,108,229,233,222,51,131,223,116,17,14,115,159,209,100,139,221,68,145,176,142,223,222,68,35
Best fitness found so far: 0.6415146295848775; k: 2.0
Generation: 164; 0.6415146295848775; k: 2.0; 212,135,236,213,9,136,139,231,207,159,115,235,31,91,5,131,205,115,93,155,9,137,104,115,51,209,112,84,101,151,241,89,39,223,93,10,119,42,117,139,26,68,49,123,21,5,193,70,115,188,169,91,5,166,179,140,238,155,249,48,207,159,115,180,120,46,164,131,179,115,93,155,9,137,220,173,134,154,104,93,157,149,24,31,179,185,91,182,42,122,61,155,9,137,8,35,201,201,39,98,137,170,180,140,114
Best fitness found so far: 0.6415146295848775; k: 2.0
Generation: 165; 0.6415146295848775; k: 2.0; 212,135,1,213,85,136,139,231,207,159,115,235,31,111,125,131,205,115,93,155,9,137,104,115,111,42,112,84,222,68,241,203,39,223,14,125,119,5,12,139,50,68,49,164,17,231,193,200,115,55,169,91,224,131,179,115,93,243,191,137,3,128,213,22,27,91,5,207,159,115,188,191,171,5,131,51,170,93,233,136,91,5,95,120,117,188,88,16,5,131,222,175,60,65,239,163,177,137,169,67,213,59,174,133,19,222,135,172,223,116,229,80,115,115,93,154,9,137,104,115,106,39,23,84,222,68,24,228,39,223,246,237,119,42,224,4,186,68,148,213,29,5,193,25,115,188,94,147,138,126,250,115,151,243,191,137,3,134,146,183,89,128,14,191,93,209,183,86,89,1,163,229,38,213,115,40,91,207,159,115,188,191,91,106,63,207,159,115,233,31,91,5,131,179,115,93,155,181,137,104,16,119,106,214,122,245,68,241,228,36,223,127,237,119,42,224,139,186,68,71,213,29,206,193,25,115,37,53,91,40,59,10,50,190,136,91,5,207,159,115,96,191,211,181,131,179,196,93,188,195,137,8,35,201,154,39,67,212,249,186,48,198,75,234,150,71,103
Best fitness found so far: 0.6415146295848775; k: 2.0
Generation: 166; 0.6415146295848775; k: 2.0; 212,135,141,213,233,136,139,231,207,159,115,235,31,91,5,131,179,115,93,155,9,137,104,115,165,209,127,84,222,135,12,213,233,136,91,5,207,49,213,29,5,193,79,115,242,169,73,5,131,180,115,93,243,191,137,194,134,146,34,184,128,14,191,93,237,183,86,220,185,163,229,36,164,237,219,32,31,91,103,137,170,180,143,114
Best fitness found so far: 0.6415146295848775; k: 2.0
Generation: 167; 0.6513812572666802; k: 2.0; 212,135,141,213,233,136,139,231,207,159,115,235,31,91,5,131,179,115,93,155,9,137,235,8,119,115,235,31,91,5,178,205,115,214,237,9,137,104,115,119,209,112,91,5,207,14
Best fitness found so far: 0.6513812572666802; k: 2.0
Generation: 168; 0.6415146295848775; k: 2.0; 212,135,141,213,85,136,139,231,207,159,115,235,31,111,5,131,205,115,93,155,9,137,104,115,13,42,112,84,222,68,183,228,47,223,93,125,119,42,12,139,186,68,49,164,29,231,193,137,115,148,169,91,5,131,179,115,93,243,191,137,3,10,213,22,27,91,5,207,159,115,188,191,91,104,131,132,170,93,233,136,91,5,207,234,139,188,191,91,5,131,179,115,93,155,236,137,220,35,134,76,206,164,98,219,9,155,104,115,4,209,23,84,222,112,200,179,136,93,195,14,114,3,35,51,106,5,207,83,191,155,209,64,200,220,170,163,229,77,213,233,128,53,233,207,39,35,9,209,173,29,211,35,18,143,65,204,162,136,134,246,135,21,115,27,233,136,245,13,207,250,115,235,31,91,5,131,90,165,93,190,9,137,104,85,119,209,209,84,37,135,10,192,233,229,91,5,207,185,115,68,42,98,5,131,6,115,93,155,90,241,160,35,134,150,177,101,73,219,120,204,67,190,91,217,211,115,231,214,89,86,25,164,199,167,88,157,12,165,20,139,94,131,210,234,133,115,141,186,224
Best fitness found so far: 0.6513812572666802; k: 2.0
Generation: 169; 0.6415146295848775; k: 2.0; 145,221,141,213,233,96,139,231,123,159,115,235,109,91,5,211,179,115,93,155,9,137,104,115,106,209,23,219,147,31,9,81,237,217,211,173,86,134,6,232,119,101,224,85,186,68,60,213,29,235,240,119,228,188,60,91,5,131,179,115,93,155,191,14,3,35,162,133,137,169
Best fitness found so far: 0.6513812572666802; k: 2.0
Generation: 170; 0.6415146295848775; k: 2.0; 212,135,141,213,233,136,139,231,207,159,115,235,31,91,171,131,205,115,93,155,9,137,104,115,51,209,112,84,222,77,241,89,39,223,93,125,119,42,117,139,26,68,49,213,29,5,239,159,115,188,169,91,5,131,179,135,238,155,59,48,207,159,115,188,191,91,119,131,179,115,93,155,9,137,220,35,134,154,104,93,157,149,24,31,137,168,35,134,163,238,74,249,189,237,105,168,91,91,164,95,66,200,33,66,61,235,227,35,211,11,85,157,39,216,51,205,185,5,115,188,209,228,86,25,248,204,188,16,10,148,35,79,185,206,67,171,35,91,5,80,21
Best fitness found so far: 0.6513812572666802; k: 2.0
Generation: 171; 0.6415146295848775; k: 2.0; 212,135,131,213,233,136,135,231,235,159,115,235,219,91,83,131,179,115,93,155,9,137,104,115,119,209,195,121,176,68,153,228,141,223,182,125,119,215,118,85,186,68,60,213,29,48,193,159,228,188,169,91,5,131,179,115,93,155,191,14,3,35,20,106,5,80,128,136,211,31,96,39,56,5,188,64,115,93,209,173,86,16,35,190,125,171,129,120,140,9,190,197,217,211,115,188,191,89,109,166,58,232,167,16,119,12,215,20,35,232,155,209,136,91,185,176,115,188,191,91,181,131,34,115,93,155,9,137,8,35,201,154,206,164,98,27,75,126,108,213,173,86,25,77,60,226,107,7,39,153,44,213,4,12,91,5,137,137,232,61,107,7,39,13,77,213
Best fitness found so far: 0.6513812572666802; k: 2.0
Generation: 172; 0.6415146295848775; k: 2.0; 212,91,141,213,233,136,139,231,179,159,115,235,31,91,5,131,179,110,93,155,249,137,36,115,224,103,112,84,222,68,241,210,168,223,234,232,119,42,224,139,186,138,149,213,29,5,193,159,100,188,169,91,54,131,179,115,93,155,191,137,213,35,146,99,72,207,128,191,68,209,183,86,220,170,163,59,159,55,44,31,243,5,131,179,115,93,155,10,80,243,115,119,209,112,37,247,9,176,142,96,133,137,169
Best fitness found so far: 0.6513812572666802; k: 2.0
Generation: 173; 0.6415146295848775; k: 2.0; 212,135,141,213,233,136,139,231,207,159,115,235,31,91,5,131,155,115,93,155,9,137,104,115,119,209,23,84,222,68,241,228,187,223,93,237,119,42,224,174,186,68,147,213,202,61,193,173,219,188,169,6,5,126,250,115,91,28,176,29,235,5,28,14,115,247,209,188,191,136,91,5,115,159,115,188,200,91,5,131,179,115,93,239,9,137,220,35,219,154,78,164,50,219,140,31,43,185,91,16,71,66,3,63,141,232,120,171,115,119,209,193,84,222,141,194,27,137,26,231,115,54,42,130,139,186,68,111,213,29,163,167,107,5,135,14,131,163,115,93,239,248,56,220,35,106,154,177,164,170,52,210,31,9,248,91,16,232,100,46,169,39,41,10,184,33,136,91,216,207,194
Best fitness found so far: 0.6513812572666802; k: 2.0
Generation: 174; 0.6415146295848775; k: 2.0; 86,135,141,213,233,136,139,231,207,159,115,235,13,91,5,131,179,115,93,155,9,137,104,115,4,111,23,84,222,68,241,228,50,115,93,155,9,137,104,115,165,209,184,84,222,161,12,213,233,136,91,5,207,159,115,188,42,91,5,131,179,115,93,155,49,137,160,35,165,156,7,171,73,219,210,204,9,182,112,217,3,115,188,191,173,86,25,35,232,167,88,169,93,155,36,137,153,115,4,209,23,84,222,68,200,228,39,223,93,237,119,42,224,230,70,237,201,91,29,5,202,25,30,188,69,91,160,56,250,115,93,243,191,16,3,134,152,200,184,128,57,191,93,209,18,86,137,170,163,17,29,8,193,159,115,167,246,90,81,131,28,115,93,243,191,137,3,134,146,183,237,21,14,191,34,21,183,86,220,92,163,229,38,213,149,40,91,226,79,48,79,93,173,173,88,25,35,18,209,23,84,222,68,215,228,131,223,246,35,119,149,154,136,164,98,219,162,32,9,207,91,201,43,66,236,14,21,139,209,61,86,220,200,42,42,51,12,64,138,153,191,200,31,12,85,162,250,122,69,126,207,39,240,134,237,44,140,28,217,84,236,68,49,213,184,72,153,217,219,129,136,171,52,66,114,163,167,107,236,67,108,31,91
Best fitness found so far: 0.6513812572666802; k: 2.0
Generation: 175; 0.6415146295848775; k: 2.0; 212,135,141,213,233,136,139,231,207,159,115,235,13,91,5,131,179,115,93,155,9,137,104,115,4,229,23,249,222,68,241,228,39,223,93,237,119,42,224,193,186,68,201,91,29,5,183,25,30,29,69,203,160,126,250,115,93,243,191,186,3,187,146,181,184,128,14,191,93,209,18,86,137,170,163,229,29,8,193,159,219,188,246,90,5,131,179,115,93,243,191,137,3,134,146,183,184,21,14,191,106,165,183,86,220,5,18,229,38,89,233,40,91,217,79,48,198,93,209,173,88,25,35,18,143,10,133,96,207,171,191,105,209,110,86,149,118,163,218,38,213,233,59,91,165,207,184,113,93,209,96,88,162,39,42,143,10,92,96,136,134,5,135,140,115,27,209,173,211,17,116,24,99,154,159,40,244,139,222,68,134,40,8,163,57,137,208,67,85,91,185,207,119,222,135,131,27,116,17,14,115,159,209,148,139,221,190,135,141,213,95,136,109,231,207,159,115,235,31,23,33,131,179,215,93,155,9,78,104,15,147,209,113,203,222,123,241,228,39,223,93,84,119,42,212,139,186,50,49,88,29,5,193,117,115,188,169,160,5,126,225,115,174,243,191,152,3,134,146,183,138,3,14,22,68,49,164,74,231,193,137,135,10,31,233,136,91,5,207,69,115,78,191,91,5,131,179,102,93,155,230,137,220,35,134,154,187,164,98,219,236,3,9,185,91,16,110,66,138,179,115,188,211,173,156,175,35,195,158,197,28,5,115,188,209,16,86,25,35,204,61,65,99,106,133,119,233,133,54,119,233,96,39,67,182,163,165,229,237,90,207,218,115,188,30,173,229,5,207,14,220,169,209,144,70,25,35,72,19,16,184,66,180,127,136,101,5
Best fitness found so far: 0.6513812572666802; k: 2.0
Generation: 176; 0.6415146295848775; k: 2.0; 212,135,141,213,233,136,139,231,207,159,115,235,31,91,5,131,179,115,93,155,9,137,104,170,119,209,112,84,222,68,241,228,168,223,93,125,39,169,224,234,224,68,224,239,186,68,60,213,29,5,193,222,154,188,169,91,181,131,40,136,93,195,14,114,3,83,146,106,5,207,27,54,155,209,64,200,220,170,163,229,249,213,233,128,137,233,207,20,35,93,209,173,29,25,35,18,143,10,204,155,136,134,246,135,21,115,148,233,136,245,13,207,144,22,235,31,91,5,131,90,165,93,155,9,137,104,115,119,209,209,84,37,135,10,213,233,136,91,160,207,159,115,208,42,91,5,131,6,115,93,155,49,137,83,35,134,150,177,101,73,219,120,204,9,26,231,52,54,42,224,139,49,68,229,213,29,163,167,107,5,22,14,168,163,115,93,239,248,137,107,35,134,154,177,164,115,52,210,31,9,248,91,16,95,70,107,169,39,41,10,184,33,130,91,129,207,73,225,115,141,232,120,171,115,119,209,193,84,222,141,194,65,137,26,4,115,54,42,224,139,186,68,111,213,29,163,167,107,5,207,24,168,44,13,93,239,248,137,220,35,134,154,177,164,115,41,210,31,9,71,91,16,232,155,49,137,83,35,134,150,177,101,73,219,120,204,9,26,231,52,54,42,224,139,49,68,229,213,29,163,167,107,5,22,14,168,163,115,93,239,248,137,107,35,134,154,177,164,115,52,210,31,9,248,91,16,95,70,107,169,39,41,10,184,33,130,91
Best fitness found so far: 0.6513812572666802; k: 2.0
Generation: 177; 0.6513812572666802; k: 2.0; 212,135,141,213,233,136,139,231,207,159,115,235,31,91,5,131,179,115,93,155,9,137,235,8,119,115,235,31,91,5,178,205,115,214,237,9,236,104,115,119,209,112,91,5,139,231,207,159,115,235,31,91,5,20,179,115,93,155,9,137,104,115,119,209,112,84,222,68,241,228,39,223,93,125,119,169,224,234,224,68,49,213,29,5,193,79,115,242,169,73,5,131,42,115,93,243,191,137,194,134,146,34,181,128,14,191,93,209,183,190,220,170,163,229,43,62,237,219,32,31,214,103,137,170,180,143,114
Best fitness found so far: 0.6513812572666802; k: 2.0
Generation: 178; 0.6415146295848775; k: 2.0; 212,135,141,213,109,136,139,231,207,159,115,235,31,91,5,151,179,110,93,155,249,137,104,115,223,141,112,84,222,68,241,228,39,223,193,132,119,42,224,139,99,68,60,213,44,15,109,136,244,188,169,91,67,131,211,186,93,155,191,137,249,10,146,106,24,207,128,199,93,105,183,219,13,159,118,59,159,55,13,31,230,38,131,179,115,93,31,9,218,243,115,14,209,112,72,220,35,134,107,206,107,26,219,187,189,9,185,90,129,135,66,250,92,170,35,175,209,16,18,25,206,204,80,225,10,105,73,10,213,173,136,101,5,207,159,115,188,191,121,21,129,179,136,139,231,114,51,115,235,31,111,83,131,205,115,93,105,193,137,104,115,119,38,112,84,222,68,241,228,39,223,74,212,119,42,71,139,22,68,211,164,74,231,52,137,177,10,213,233,136,91,5,207,69,115,188,191,91,5,131,111,115,93,155,230,177,220,171,134,154,206,164,98,219,187,3,9,185,91,16,110,66,61,179,115,188,211,173,156,25,35,195,158,71,28,5,115,199,209,16,86,25,113,204,61,65,99,22,133,119,233,133,133,119,233,96,39,67,84,249,165,5,170,90,207,218,115,188,30,173,208,166,207,14,115,188,209,173,86,25,35,72,78,16,184,20,88,127,136,101,5
Best fitness found so far: 0.6513812572666802; k: 2.0
Generation: 179; 0.6415146295848775; k: 2.0; 212,135,141,213,233,136,139,231,207,159,133,235,31,91,5,131,179,115,93,155,9,137,104,235,119,209,112,84,222,68,54,228,39,223,93,16,121,42,224,139,186,68,41,213,21,132,193,159,115,233,169,51,5,18,23,115,197,243,191,137,3,134,146,159,207,159,115,188,191,62,5,131,51,170,93,65,136,91,241,207,234,115,230,191,91,5,131,241,228,39,223,93,125,181,42,224,138,186,68,106,213,29,5,193,159,115,188,230,91,5,131,179,115,93,243,191,137,3,134,146,183,134,128,14,239,248,67,220,35,162,154,177,164,44,52,210,31,59,248,91,16,232,100,107,169,124,41,10,184,33,136,91,216,164,194
Best fitness found so far: 0.6513812572666802; k: 2.0
Generation: 180; 0.6513812572666802; k: 2.0; 212,135,141,213,233,136,139,231,207,159,115,235,31,91,5,131,179,115,93,155,9,137,235,8,119,115,235,31,91,5,178,205,190,214,99,9,236,104,115,119,209,112,110,5,139,231,207,159,137,104,115,4,209,23,84,222,186,241,228,39,223,37,237,119,42,224,193,186,68,201,102,29,70,44,25,30,188,69,143,207,225,46,141,232,65,237,46,140,28,137,84,65,68,49,213,184,39,153,217,63,233,136,91,172,163,135,39,167,107,21,67,108
Best fitness found so far: 0.6513812572666802; k: 2.0
Generation: 181; 0.6415146295848775; k: 2.0; 212,135,141,213,233,136,139,231,207,159,115,235,31,91,5,131,179,115,93,155,9,137,104,115,119,209,112,181,153,68,241,228,39,223,93,125,119,42,224,197,26,68,49,213,29,5,193,159,115,188,169,89,5,131,179,115,238,155,191,48,207,159,115,188,191,91,119,131,179,115,93,155,9,137,220,184,134,154,206,93,98,149,24,31,9,185,91,182,43,31,61,175,60,115,162,163,177,137,169,67,213,91,246,92,245,222,135,170,37,116,229,14,115,134,209,244,139,216,75
Best fitness found so far: 0.6513812572666802; k: 2.0
Generation: 182; 0.6415146295848775; k: 2.0; 212,221,141,213,233,86,139,56,123,159,27,235,241,91,5,211,179,115,93,155,9,137,104,115,106,209,23,84,222,68,24,228,39,223,246,137,220,35,79,154,206,67,171,35,91,5,80,21
Best fitness found so far: 0.6513812572666802; k: 2.0
Generation: 183; 0.6513812572666802; k: 2.0; 212,135,141,213,233,136,139,231,207,159,115,235,31,91,5,131,179,115,93,155,9,137,235,8,119,115,235,31,46,5,178,205,115,214,237,9,137,104,115,119,33,112,91,5,207,14
Best fitness found so far: 0.6513812572666802; k: 2.0
Generation: 184; 0.6415146295848775; k: 2.0; 212,135,141,213,233,136,139,231,207,159,115,235,31,91,5,131,179,115,93,155,9,137,104,235,119,209,96,51,222,68,241,228,39,223,93,16,142,42,224,139,186,68,41,213,29,210,193,159,115,233,169,51,5,18,23,115,93,243,191,119,209,112,84,222,227,241,228,39,135,93,125,126,90,12,139,27,68,49,213,29,97,193,159,115,216,169,91,5,131,179,115,93,172,191,137,3,10,213,233,77,91,130,207,159,115,188,191,91,5,131,179,115,93,53,238,137,220,35,79,154,206,106,171,35,91,5,80,21
Best fitness found so far: 0.6513812572666802; k: 2.0
Generation: 185; 0.6415146295848775; k: 2.0; 212,135,141,213,233,136,139,231,207,159,115,235,31,91,5,131,179,115,93,155,9,137,104,115,119,234,112,84,5,104,14,115,93,15,16,35,220,35,134,166,28,164,24,218,43,80,127,217,100,194,55,56,211,185,96,39,91,5,207,221,122,93,209,173,86,220,35,190,154,51
Best fitness found so far: 0.6513812572666802; k: 2.0
Generation: 186; 0.6513812572666802; k: 2.0; 212,135,141,213,233,136,139,231,207,159,115,235,31,91,5,131,179,115,93,155,9,137,235,8,119,115,235,31,46,5,69,205,115,214,237,9,137,104,54,42,224,139,186,68,111,213,29,163,167,72,5,219,14,168,163,115,93,239,248,137,220,35,134,154,177,164,115,52,210,31,9,248,91,16,232
Best fitness found so far: 0.6513812572666802; k: 2.0
Generation: 187; 0.6415146295848775; k: 2.0; 43,135,141,213,233,136,139,231,207,159,115,235,31,91,5,131,155,115,93,155,9,137,14,115,119,209,23,84,222,186,241,228,187,223,93,237,177,42,224,174,186,68,49,213,202,180,193,149,219,188,169,201,5,126,250,115,165,28,176,29,235,5,28,14,115,149,209,58,30,225,107,95,179,115,93,155,9,212,104,115,137,104,115,119,209,23,84,222,68,128,228,159,183,93,237,119,42,224,132,222,135,131,63,116,17,14,115,169,209,244,139,221,83,96,176,142,223,72,137,169
Best fitness found so far: 0.6513812572666802; k: 2.0
Generation: 188; 0.6513812572666802; k: 2.0; 212,135,141,213,233,136,139,231,207,159,115,235,31,91,5,131,5,115,93,155,9,137,235,8,119,115,235,31,46,5,69,205,115,214,237,9,137,104,54,146,224,139,186,68,111,213,29,163,167,72,5,219,14,168,163,120,93,239,248,137,37,35,134,154,177,164,115,52,41,31,9,94,91,159,180,235,31,91,5,131,179,115,93,155,9,137,235,8,119,220,235,31,91,5,178,205,115,214,237,9,137,104,115,119,209,112,91,5,207,14
Best fitness found so far: 0.6513812572666802; k: 2.0
Generation: 189; 0.6513812572666802; k: 2.0; 212,135,141,213,233,136,139,231,207,159,115,235,31,91,5,131,179,115,93,155,9,137,235,8,119,115,235,31,46,5,69,205,115,214,237,104,137,104,54,42,224,139,155,9,137,104,115,119,243,112,84,171,68,241,228,112,223,132,125,119,42,224,139,186,68,49,213,241,5,193,159,115,188,169,242,5,131,179,115,93,243,191,113,3,134,146,183,184,128,154,191,93,209,183,86,220,170,163,229,38,213,233,40,91,233,79,66,95,93,209,173,88,25,35,18,197,10,92,96,42,33,25,135,21,6,27,74,173,86,44,116,17,108,211,159,209,244,190,222,68,49,40,8,163,57,137,169,67,85,91,28,133,119,222,135,131,43,116,17,14,121,159,209,244,139,221,68,229,176,142,223,133,137,169
Best fitness found so far: 0.6513812572666802; k: 2.0
Generation: 190; 0.6513812572666802; k: 2.0; 212,135,141,213,233,136,139,231,207,159,115,235,31,91,5,31,179,115,93,155,9,137,235,8,119,115,235,31,91,5,178,205,115,214,237,9,236,104,115,119,209,112,91,5,139,231,207,159,115,235,31,91,5,20,179,115,93,155,9,137,104,115,119,209,112,84,222,68,241,228,39,223,136,91,5,115,159,115,188,200,91,5,189,179,115,93,155,9,233,220,35,219,97,78,164,50,219,187,31,9,185,91,16,71,66,3,63,141,212,120,117,115,119,240,193,84,222,141,194,27,137,26,231,176,54,42,224,172,186,41,111,213,29,163,167,107,117,207,14,131,163,115,93,191,93,209,183,86,220,52,163,93,38,213,233,40,91,233,186,48,95,93,209,173,88,144,35,78,143,10,92,96,42,33,5,135,21,18,1,209,173,86,44,116,241,162,81,159,209,244,190,124,114,49,40,8,163,57,137,169,210,85,91,108,229,233,222,51,131,139,116,17,14,115,159,209,100,145,221,68,49,176,6,223,211,137,169,9,137,235,8,119,115,235,31,91,5,178,205,115,214,237,9,236,104,115,119,209,112,91,5,139,231,207,159,115,235,31,91,5,20,179,115,93,155,9,137,104,115,119,209,112,84,222,68,241,228,39,223,136,91,5,115,159,115,188,200,91,5,189,179,115,93,155,9,233,220,35,219,97,78,164,50,219,187,31,9,185,91,16,71,66,3,63,141,212,120,117,115,119,240,193,84,222,141,194,27,137,26,231,176,54,42,224,172,186,41,111,213,29,163,167,107,117,207,14,131,163,115,93,191,93,209,183,86,220,52,163,93,38,213,233,40,91,233,186,48,95,93,209,173,88,144,35,78,143,10,92,96,42,33,5,135,21,18,1,209
Best fitness found so far: 0.6513812572666802; k: 2.0
Generation: 191; 0.6513812572666802; k: 2.0; 212,135,141,168,233,136,93,231,207,159,115,235,31,91,5,131,179,115,93,155,9,137,235,8,119,115,235,31,91,220,178,205,162,214,152,9,236,239,115,119,209,44,244,245,167,114,49,40,8,45,57,137,169,210,85,91,108,229,233,222,51,131,223,116,17,14,115,159,209,100,204,221,68,49,176,142,125,222,137,108
Best fitness found so far: 0.6513812572666802; k: 2.0
Generation: 192; 0.6513812572666802; k: 2.0; 212,135,141,213,233,136,139,231,207,159,115,235,31,91,5,31,179,115,93,155,249,137,235,8,119,115,235,31,91,5,178,205,115,214,237,9,236,37,115,119,209,112,91,5,139,194,207,159,115,235,31,91,5,20,179,115,93,155,7,137,104,115,119,209,112,84,222,68,241,228,39,131,136,91,27,115,159,115,188,200,91,5,189,179,115,126,155,9,187,220,35,219,97,167,164,50,219,202,121,9,185,232,16,71,66,155,63,141,212,120,117,115,187,240,193,84,222,141,194,27,137,26,231,176,54,42,224,172,186,41,111,66,29,163,115,107,117,207,14,131,163,115,93,191,93,209,183,12,220,52,163,93,31,213,233,40,91,233,186,48,95,93,209,173,88,144,35,78,143,10,92,96,42,33,5,245,21,18,1,209,173,86,44,116,241,162,81,159,204,244,190,124,114,45,40,63,163,57,137,169,210,85,91,108,229,233,222,51,131,139,116,17,14,115,216,209,100,145,221,242,49,52,114,223,211,137,169,9,137,235,8,119,115,5,31,68,5,178,205,204,214,237,9,236,104,115,119,209,112,91,5,139,231,207,159,115,235,223,91,5,20,179,115,93,155,9,137,52,93,119,209,112,84,222,68,241,228,39,223,136,169,64,115,190,105,188,200,91,5,189,179,115,93,155,9,233,198,35,219,97,78,164,50,219,187,31,9,185,91,16,71,66,3,63,141,212,120,117,115,119,240,193,84,222,141,194,27,137,26,231,176,54,42,224,172,186,230,111,40,29,163,167,65,117,207,14,131,163,115,93,191,93,209,183,86,220,52,163,93,38,213,233,40,91,233,186,48,95,93,209,173,88,144,35,78,143,10,92,96,42,33,5,135,21,18,1,179
Best fitness found so far: 0.6513812572666802; k: 2.0
Generation: 193; 0.6513812572666802; k: 2.0; 212,135,141,213,233,136,139,231,207,159,115,235,31,91,5,31,179,115,93,155,9,137,235,8,119,115,235,31,91,5,178,205,115,214,237,9,236,104,115,222,209,112,190,5,139,231,207,159,115,235,128,91,5,41,179,115,93,155,9,137,9,115,119,209,13,84,7,68,241,228,39,223,136,91,5,115,159,115,188,200,91,5,189,179,115,48,155,9,233,28,233,84,113,229,49,213,184,20,153,217,56,233,145,91,95,41,91,163,167,35,21,67,108
Best fitness found so far: 0.6513812572666802; k: 2.0
Generation: 194; 0.6415146295848775; k: 2.0; 47,135,141,213,233,136,139,231,207,159,115,235,13,91,5,131,179,115,93,155,9,137,104,115,4,209,23,84,166,186,241,228,39,223,37,237,119,42,42,193,186,68,201,91,29,70,44,25,30,188,69,162,137,235,8,119,115,235,31,91,5,178,205,115,214,237,9,137,104,115,119,209,112,91,5,207,14
Best fitness found so far: 0.6513812572666802; k: 2.0
Generation: 195; 0.6513812572666802; k: 2.0; 212,135,141,168,233,136,139,231,207,159,115,235,31,91,5,131,201,115,93,155,9,137,235,8,119,115,235,31,91,5,178,205,162,214,237,9,236,104,115,113,209,112,91,5,139,231,207,159,18,45,187,91,5,20,179,115,93,155,9,137,104,84,93,20,43,139,231,230,159,112,235,31,174,5,131,155,154,93,155,14,129,104,115,79,213,233,136,139,185,207,159,115,235,31,91,5,131,179,115,93,155,9,137,235,8,119,115,235,31,91,5,178,205,115,214,220,9,236,104,115,119,209,35,91,5,85,231,207,250,46,91,5,207,64,55,119,209,173,86,220,35,125,36,229
Best fitness found so far: 0.6513812572666802; k: 2.0
Generation: 196; 0.6513812572666802; k: 2.0; 212,135,121,213,233,136,139,231,207,159,115,235,31,91,5,131,5,115,93,155,9,137,235,8,119,115,235,31,46,5,69,205,115,214,237,9,137,104,54,180,224,139,186,61,111,12,29,163,95,72,185,219,14,168,163,120,92,96,42,33,5,135,21,160,27,209,173,86,44,116,17,108,123,159,209,244,243,222,68,49,40,8,163,57,137,169,67,85,91,108,133,119,222,135,131,223,131,17,14,227,159,209,244,139,221,68,49,176,142,223,133,137,169
Best fitness found so far: 0.6513812572666802; k: 2.0
Generation: 197; 0.6513812572666802; k: 2.0; 212,135,141,213,233,136,139,231,207,159,115,235,31,91,5,131,5,115,93,155,9,137,235,8,119,125,235,106,46,5,69,205,180,214,237,9,137,104,54,146,224,201,227,68,36,213,29,163,167,72,5,219,14,168,163,120,93,239,248,137,37,35,134,154,137,164,115,52,41,31,9,94,91,159,180,235,31,91,218,131,179,115,93,155,169,39,80,77,69,230
Best fitness found so far: 0.6513812572666802; k: 2.0
Generation: 198; 0.6513812572666802; k: 2.0; 212,135,141,213,233,136,139,231,207,159,115,235,31,91,5,131,179,115,93,155,9,137,235,8,163,115,235,31,46,5,104,36,223,127,237,14,42,85,139,186,232,163,209,140,206,193,128,115,59,60,91,40,145,10,213,190,136,91,5,207,159,25,188,191,91,181,131,179,115,93,133,9,137,9,137,104,115,119,209,209,59,222,135,10,213,144,136,91,5,207,159,26,188,42,91,5,131,179,115,93,215,49,137,132,35,134,150,177,164,73,219,210,204,9,81,91,217,211,115,188,191,173,86,25,175,232,167,88,169,12,215,20,139,94,136,210,90,133,10,141,186,74
Best fitness found so far: 0.6513812572666802; k: 2.0
Generation: 199; 0.6513812572666802; k: 2.0; 212,31,141,213,233,136,249,231,207,159,115,235,31,91,5,131,179,115,93,155,9,137,235,8,119,115,235,31,91,5,178,205,190,214,226,9,236,104,215,119,209,155,110,5,139,231,207,159,137,104,115,4,209,23,84,222,186,241,228,86,223,37,237,119,42,224,193,186,68,201,102,29,70,44,25,30,248,236,143,207,143,46,141,232,65,237,46,140,28,137,84,65,68,49,213,184,39,153,217,63,68,49,40,8,163,57,86,55,150,85,91,108,133,119,222,135,131,223,116,18,14,115,159,86,244,139,221,68,49,231,142,223,73,137,169
Best fitness found so far: 0.6513812572666802; k: 2.0
Total time of execution of seed 8 : 38056056
Solution Fitness: -0.6513812572666802
Variables: uniform 6 eucledian split split moveNear join split split join join moveAverage moveBetween join split join join
