Generation: 0; 0.0; k: 0.0; 93,225,175,7,106,105,192,223
Best fitness found so far: 0.0; k: 0.0
Generation: 1; 0.3503842438618135; k: 3.0; 123,175,134,91,165,189,121,41,133,94,139,240,141
Best fitness found so far: 0.3503842438618135; k: 3.0
Generation: 2; 0.298040203007064; k: 4.1; 54,139,126,203,99,174,193,37,101,6,105,230
Best fitness found so far: 0.3503842438618135; k: 3.0
Generation: 3; 0.5207355459887217; k: 2.0; 102,53,21,12,205,85,243
Best fitness found so far: 0.5207355459887217; k: 2.0
Generation: 4; 0.5207355459887217; k: 2.0; 102,53,21,12,205,85,243
Best fitness found so far: 0.5207355459887217; k: 2.0
Generation: 5; 0.5207355459887217; k: 2.0; 102,53,21,12,205,85,209
Best fitness found so far: 0.5207355459887217; k: 2.0
Generation: 6; 0.5098859517260262; k: 2.0; 53,115,105,126,199,181,47
Best fitness found so far: 0.5207355459887217; k: 2.0
Generation: 7; 0.5545537747846243; k: 2.0; 123,175,134,91,165,189,121,171,133,160,16,100,243,112,148,93,106,26
Best fitness found so far: 0.5545537747846243; k: 2.0
Generation: 8; 0.540346534266648; k: 2.1; 218,73,119,93,57,56,241,73,135,82,79,19,175,69,125,134,68,75,41,133,94,139,240,141
Best fitness found so far: 0.5545537747846243; k: 2.0
Generation: 9; 0.540346534266648; k: 2.1; 218,73,119,93,57,56,241,73,189,82,79,19,175,69,125,134,68,75,41,38,139
Best fitness found so far: 0.5545537747846243; k: 2.0
Generation: 10; 0.5333896329944572; k: 2.0; 123,103,134,68,75,71,139,157,199,133,47,134,68,75,157,139,157,199,133,201,134,68,24,71,230,210,199,104,47
Best fitness found so far: 0.5545537747846243; k: 2.0
Generation: 11; 0.5846724580609852; k: 2.0; 218,73,119,93,57,226,241,73,135,82,79,82,175,67,175,134,68,75,115,139,157,79,12,49,139,157
Best fitness found so far: 0.5846724580609852; k: 2.0
Generation: 12; 0.6112984084203297; k: 2.6; 87,2,15,68,75,41,133,33,139,240,141,102,53,21,93,57
Best fitness found so far: 0.6112984084203297; k: 2.6
Generation: 13; 0.5846724580609852; k: 2.0; 218,73,119,93,57,226,85,73,135,82,79,82,175,67,175,134,68,75,115,139,21,101,133,94,25,120,93,136
Best fitness found so far: 0.6112984084203297; k: 2.6
Generation: 14; 0.5545537747846243; k: 2.0; 123,175,134,91,165,189,121,171,133,160,234,100,243,112,102,53,157,79,79,49,108,157
Best fitness found so far: 0.6112984084203297; k: 2.6
Generation: 15; 0.577903907543964; k: 2.0; 123,103,134,68,75,215,139,96,199,133,47,134,122,75,157,139,157,199,133,201,134,68,24,71,204,210,80,175,47,68
Best fitness found so far: 0.6112984084203297; k: 2.6
Generation: 16; 0.5978835207095621; k: 2.0; 123,103,24,68,75,71,139,38,199,133,47,134,68,75,157,239,58,199,133,201,60,68,133,47,134,68,75,167,139,12,205,165,189,121,41,133,10,139,53,21,174,205,73,243
Best fitness found so far: 0.6112984084203297; k: 2.6
Generation: 17; 0.5846724580609852; k: 2.0; 218,73,119,93,57,226,85,73,135,82,213,82,175,67,175,134,68,75,115,139,21,101,133,94,134,68,24,71,230,210,18,104,47
Best fitness found so far: 0.6112984084203297; k: 2.6
Generation: 18; 0.591952386956567; k: 2.0; 218,73,119,93,57,226,241,73,135,82,61,93,119,93,57,127,25,20,71,139,53,21,12,205,165,58,121,41,133,101,241,53,21,51,205,73,243,25
Best fitness found so far: 0.6112984084203297; k: 2.6
Generation: 19; 0.5978835207095621; k: 2.0; 123,103,24,68,75,71,139,38,199,133,47,134,68,75,157,239,121,41,208,101,241,53,21,51,205,73,243,25
Best fitness found so far: 0.6112984084203297; k: 2.6
Generation: 20; 0.591952386956567; k: 2.0; 218,73,119,93,57,226,241,13,135,82,61,93,119,93,57,2,25,20,71,139,53,21,12,205,165,8,58,199,241,73,135,171,61,93,119,93,57,127,230,20,71,139,53,21,220,205,165,58,81,41,133,101,241,53,21,51,205,73,240,25
Best fitness found so far: 0.6112984084203297; k: 2.6
Generation: 21; 0.5846724580609852; k: 2.0; 218,73,119,93,101,226,185,73,59,82,213,82,175,67,175,134,68,75,43,149,21,101,133,152,134,68,24,71,230,215,189,121,41,133,103,134,100,230,238,134,244,18,121,65,202,156
Best fitness found so far: 0.6112984084203297; k: 2.6
Generation: 22; 0.6112984084203297; k: 2.6; 87,2,15,68,75,41,133,33,139,240,141,102,53,21,93,57
Best fitness found so far: 0.6112984084203297; k: 2.6
Generation: 23; 0.6178444884327361; k: 2.0; 123,103,134,29,75,215,117,96,139,53,21,12,205,165,8,58,199,9,201,60,68,133,47,134,14,75
Best fitness found so far: 0.6178444884327361; k: 2.0
Generation: 24; 0.6178444884327361; k: 2.0; 123,103,134,29,75,215,55,96,199,133,47,237,60,75,210,228,236,165,189,121,171,133,160,51,21,88,205,85,243
Best fitness found so far: 0.6178444884327361; k: 2.0
Generation: 25; 0.6178444884327361; k: 2.0; 123,103,134,29,75,215,55,96,109,133,47,237,60,75,210,228,136
Best fitness found so far: 0.6178444884327361; k: 2.0
Generation: 26; 0.6178444884327361; k: 2.0; 123,177,134,29,75,215,55,96,199,133,47,237,60,115,139,157,79,12,49,139,157
Best fitness found so far: 0.6178444884327361; k: 2.0
Generation: 27; 0.6178444884327361; k: 2.0; 123,103,134,29,75,215,117,96,139,53,21,12,205,165,8,58,199,9,201,57,226,96,196,135,82,61,93,119,93,57,127,25,20,36,139,53,155,12,72,165,58,60,141,204,101,241,53,21,51,205,73,183,39
Best fitness found so far: 0.6178444884327361; k: 2.0
Generation: 28; 0.6178444884327361; k: 2.0; 123,103,134,29,75,215,55,96,109,133,47,237,60,75,210,85,73,135,82,213,82,175,67,175,134,68,75,83,61,21,101,133,94,134,218,40,49,139,128
Best fitness found so far: 0.6178444884327361; k: 2.0
Generation: 29; 0.6178444884327361; k: 2.0; 123,103,134,29,75,215,117,96,139,53,21,12,37,165,8,58,199,9,201,57,226,96,5,135,82,61,93,119,93,165,134,29,75,215,55,96,199,133,47,157,60,75,157,228,236,165,115,77,13,61,93,119,93,214,127,230,20,116,139,53,21,220,120,12,205,165,129,121,139,228,130,99,75,157,53,146,237,169,12,205,112,243
Best fitness found so far: 0.6178444884327361; k: 2.0
Generation: 30; 0.6178444884327361; k: 2.0; 123,103,209,29,75,215,55,96,199,133,47,157,60,75,45,176,236,165,115,77,169,222,133,201,18,34,24,234,204,210,240,35,102,53,21,93,57
Best fitness found so far: 0.6178444884327361; k: 2.0
Generation: 31; 0.6178444884327361; k: 2.0; 123,103,134,29,75,215,55,96,199,133,47,157,166,75,210,205,211,165,115,77,13,222,133,201,18,68,24,161,157,199,133,201,134,68,236,178,204,135,128,68,75,87,71,45,150,133,168,60,215,55,179,109,133,47,237,197,75,210,85,73,135,82,213,82,175,67,175,134,68,75,83,143,21,61,133,94,134,218,40,49,139,128
Best fitness found so far: 0.6178444884327361; k: 2.0
Generation: 32; 0.6178444884327361; k: 2.0; 16,45,134,29,53,215,117,96,243,53,21,12,205,165,8,58,199,39,201,96,177,133,47,237,60,75,210,70,103
Best fitness found so far: 0.6178444884327361; k: 2.0
Generation: 33; 0.6178444884327361; k: 2.0; 123,103,134,29,75,215,55,96,109,133,47,237,60,75,210,85,73,122,82,213,82,43,67,175,134,68,75,83,61,21,101,133,94,84,86,75,50,117,96,139,53,21,12,205,165,8,58,212,119,201,60,68,21,47,134,164,21,21,155,205,33,189,121,139,103,130,126
Best fitness found so far: 0.6178444884327361; k: 2.0
Generation: 34; 0.6178444884327361; k: 2.0; 123,103,134,29,175,215,55,96,109,133,47,237,60,75,210,85,73,134,212,75,77,239,58,199,105,47,157,60,75,210,228,236,129,197,77,13,222,133,201,118,68,24,53,21,74,57
Best fitness found so far: 0.6178444884327361; k: 2.0
Generation: 35; 0.6178444884327361; k: 2.0; 101,103,134,29,75,215,55,96,199,133,47,157,166,75,210,205,211,165,115,77,13,222,201,201,18,68,24,161,157,199,133,201,134,68,236,178,204,135,128,68,75,87,195,45,150,133,168,60,215,55,179,109,133,47,237,197,75,210,85,73,152,82,213,82,175,67,175,134,68,75,2,143,21,61,133,94,134,218,40,49,139,128,175,67,175,134,68,75,2,143,21,61,133,94,134,218,40,49,139,128
Best fitness found so far: 0.6178444884327361; k: 2.0
Generation: 36; 0.6178444884327361; k: 2.0; 123,123,84,86,75,50,117,96,197,53,21,12,145,165,12,128
Best fitness found so far: 0.6178444884327361; k: 2.0
Generation: 37; 0.6178444884327361; k: 2.0; 14,103,134,29,75,215,55,96,35,133,47,157,166,75,210,205,40,165,136,168,13,222,133,201,18,68,24,161,157,199,88,205,85,243
Best fitness found so far: 0.6178444884327361; k: 2.0
Generation: 38; 0.6178444884327361; k: 2.0; 123,103,134,29,75,155,55,96,199,133,47,157,60,75,210,233,236,165,115,77,13,61,93,119,93,57,127,230,20,71,139,53,21,220,120,12,205,165,129,49,139,41
Best fitness found so far: 0.6178444884327361; k: 2.0
Generation: 39; 0.6178444884327361; k: 2.0; 159,103,134,29,23,235,237,96,199,133,47,157,65,75,210,228,58,90,175,67,175,134,68,75,83,143,21,127,133,58,46,218,40,49,139,128
Best fitness found so far: 0.6178444884327361; k: 2.0
Generation: 40; 0.6178444884327361; k: 2.0; 123,103,134,29,75,215,55,96,199,133,47,157,250,75,210,228,37,165,115,197,13,61,93,119,93,57,127,230,20,71,46,53,8,58,123,103,43,29,75,215,55,96,199,133,47,157,60,75,210,228,235,71,115,140,13,61,93,119,93,57,127,230,20,71,139,53,21,220,120,12,205,165,38,121,59,228,130,244,75,157,114,44,237,169,195,205,35,243
Best fitness found so far: 0.6178444884327361; k: 2.0
Generation: 41; 0.6178444884327361; k: 2.0; 123,103,134,29,75,215,237,96,199,133,47,157,166,30,210,228,211,165,115,145,238,222,133,201,188,68,113,161,157,199,133,201,134,68,184,178,204,196,137,70,75,87,170,45,150,133,135,60,68,133,133,167,139,139,125,141,204,101,241,53,21,51,36,73,30,45,150,133,135,60,68,133,245,167,139,139,60,27,204,101,241,53,21,51,36,73,30,25
Best fitness found so far: 0.6178444884327361; k: 2.0
Generation: 42; 0.6178444884327361; k: 2.0; 123,103,134,29,75,215,55,96,73,133,47,157,60,75,210,52,236,165,115,77,8,67,93,119,93,57,127,230,170,138,139,163,21,27,241,12,205,165,129,8,139,64,130,244,75,215,117,5,139,53,71,47
Best fitness found so far: 0.6178444884327361; k: 2.0
Generation: 43; 0.6178444884327361; k: 2.0; 123,103,134,29,75,215,55,96,199,133,47,157,60,75,210,228,236,165,115,77,15,222,133,201,51,21,88,205,85,96,95,133,47,194,226,185,73,68,82,213,82,175,67,30,134,68,75,240,149,21,171,205,152,134,68,24,203,230,215,189,121,41,133,103,134,100,147,238,134,181,18,121,102,202,11
Best fitness found so far: 0.6178444884327361; k: 2.0
Generation: 44; 0.6178444884327361; k: 2.0; 123,177,134,29,75,215,55,96,199,133,47,237,136,115,128,157,79,3,49,166,75,210,205,211,80,115,77,13,222,133,201,18,68,24,134,157,199,133,201,134,68,179,178,204,135,128,68,28,87,71,45,150,62,168,60,215,55,179,109,133,47,167,247,75
Best fitness found so far: 0.6178444884327361; k: 2.0
Generation: 45; 0.6178444884327361; k: 2.0; 123,249,209,29,75,215,55,96,199,133,47,157,60,75,215,174,148,95,133,47,237,226,185,236,68,82,213,82,175,67,164,134,68,75,43,149,21,171,133,152,134,68,24,203,157,239,58,90,220,201,133,33,139,240,141,102,149,21,175,57
Best fitness found so far: 0.6178444884327361; k: 2.0
Generation: 46; 0.6178444884327361; k: 2.0; 123,225,134,29,75,215,55,96,199,133,47,157,60,75,34,160,156,165,115,225,49,132,16,6,51,176,104,51,85,127,25,20,36,139,53,155,12,47,103,134,29,75,215,117,96,119,53,142,12,204,165,8,58,205,85,243
Best fitness found so far: 0.6178444884327361; k: 2.0
Generation: 47; 0.6178444884327361; k: 2.0; 123,103,209,29,75,215,55,96,199,133,47,157,60,75,210,96,236,165,115,77,13,132,47,2,60,115,139,157,79,12,49,139,201
Best fitness found so far: 0.6178444884327361; k: 2.0
Generation: 48; 0.6178444884327361; k: 2.0; 123,103,134,29,75,215,55,96,109,133,47,237,60,75,210,85,73,138,82,213,151,111,82,213,82,42,189,119,20,36,139,191,155,100,72,62,58,25,135,230,154,189,121,195,133,47,237,21,51,36,73,30,89
Best fitness found so far: 0.6178444884327361; k: 2.0
Generation: 49; 0.6178444884327361; k: 2.0; 123,89,134,29,75,215,55,96,109,133,47,237,60,75,210,85,73,135,82,213,82,111,82,222,213,93,67,175,134,103,108,152,149,21,171,133,240,134,68,75,215,55,126,53,133,117,237,60,209,139,157,79,227,102,76,213,82,143,67,175,134,235,75,12,147,21,67,53,47,237,60,75,179,228,136
Best fitness found so far: 0.6178444884327361; k: 2.0
Generation: 50; 0.6178444884327361; k: 2.0; 123,103,134,29,75,215,55,96,109,133,47,237,60,75,210,85,73,138,82,213,82,52,82,213,82,42,67,119,20,166,139,191,155,100,72,62,58,25,216,230,154,189,121,195,133,47,237,213,75,210,228,236,165,189,26,35,133,160,51,21,34,205,85,243,216,241,154,189,69,195,242,94,75,210,85,131,135,82,213,82,175,241,51,90,122,180,131,213,82,234,24,68,75,71,139,38,199,169,47,134,67,75,157,239,121,41,128
Best fitness found so far: 0.6178444884327361; k: 2.0
Generation: 51; 0.6178444884327361; k: 2.0; 123,103,134,29,75,215,171,96,199,133,47,157,184,75,210,182,78,165,115,145,238,222,133,201,188,68,24,161,157,140,133,201,134,68,184,178,204,50,117,96,139,53,137,44,123,165,8,58,213,131,234,24,68,131,71,139,38,199,133,47,134,67,75,157,239,121,137,128
Best fitness found so far: 0.6178444884327361; k: 2.0
Generation: 52; 0.6178444884327361; k: 2.0; 123,103,134,29,75,215,55,96,199,133,47,157,166,75,119,86,211,165,115,77,13,222,133,201,225,68,24,250,16,199,133,169,134,135,236,133,204,135,128,68,75,87,71,69,150,211,168,60,215,55,179,109,133,47,237,107,54,4,85,73,197,133,213,82,164,67,210,204,68,56,83,75,210,83,236,165,115,18,49,118,16,53,51,21,88,199,9,201,57,34,77,13,132,72,237,60,115,139,157,79,142,49,139,157
Best fitness found so far: 0.6178444884327361; k: 2.0
Generation: 53; 0.6178444884327361; k: 2.0; 123,103,134,29,75,215,55,96,109,133,47,237,60,75,67,175,134,68,22,115,139,21,101,133,94,134,109,24,71,230,210,62,71,47
Best fitness found so far: 0.6178444884327361; k: 2.0
Generation: 54; 0.6178444884327361; k: 2.0; 123,123,84,86,75,50,117,96,197,53,21,12,20,165,8,58,123,103,43,29,75,215,55,96,199,139,53,21,12,205,165,8,58,199,9,147,60,139,21,47,134,164,21,202,133,77,134,68,24,71,88,215,189,46,243,112,89,53,193,79,79,246,108,157,67,175
Best fitness found so far: 0.6178444884327361; k: 2.0
Generation: 55; 0.6178444884327361; k: 2.0; 123,103,134,29,75,215,237,96,199,133,47,157,166,75,210,228,212,144,115,145,238,222,203,201,188,68,24,161,157,199,133,201,134,68,184,178,204,113,137,68,75,87,170,45,28,133,135,60,12,55,96,199,133,47,157,60,75,210,228,48,15,115,77,13,132,16,21,51,205,73,183,121
Best fitness found so far: 0.6178444884327361; k: 2.0
Generation: 56; 0.6178444884327361; k: 2.0; 123,103,134,29,75,215,55,96,109,133,47,237,60,75,210,85,73,135,139,213,82,111,82,213,82,192,67,175,134,103,108,43,149,195,227,12,49,139,157
Best fitness found so far: 0.6178444884327361; k: 2.0
Generation: 57; 0.6178444884327361; k: 2.0; 123,103,134,29,75,215,55,96,109,133,125,237,60,75,210,85,131,135,82,5,82,175,241,51,109,227,78,205,213,82,54,67,175,134,68,75,12,147,82,157,53,47,75,215,55,96,109,91,47,237,60,75,210,16,20
Best fitness found so far: 0.6178444884327361; k: 2.0
Generation: 58; 0.6178444884327361; k: 2.0; 123,103,134,29,75,215,55,96,199,133,47,157,166,75,36,234,211,165,115,77,13,222,133,201,225,68,24,250,16,199,133,169,134,135,236,178,175,135,128,68,75,87,71,69,150,211,168,60,215,55,179,109,133,47,237,107,75,4,85,73,197,133,213,82,175,67,17,204,68,75,83,75,210,83,236,85,115,12,205,165,8,58,199,220,201,60,68,133,47,205,85,243
Best fitness found so far: 0.6178444884327361; k: 2.0
Generation: 59; 0.6178444884327361; k: 2.0; 123,103,134,29,75,215,55,96,199,133,47,157,166,75,210,205,200,165,21,88,205,85,171
Best fitness found so far: 0.6178444884327361; k: 2.0
Generation: 60; 0.6178444884327361; k: 2.0; 123,103,134,29,75,215,55,96,199,133,47,157,60,75,210,228,236,165,115,77,13,61,93,119,6,57,127,230,20,71,139,53,21,220,120,12,215,165,129,77,139,228,130,244,75,157,53,146,237,103,134,29,75,215,55,96,199,133,188,237,60,75,210,228,236,165,189,26,171,133,160,51,21,92,208,85,20
Best fitness found so far: 0.6178444884327361; k: 2.0
Generation: 61; 0.6178444884327361; k: 2.0; 123,103,134,29,115,215,117,96,139,53,21,12,205,165,8,58,199,52,201,57,226,96,196,135,175,211,134,53,21,12,205,165,8,58,199,241,53,21,63,205,73,182,39
Best fitness found so far: 0.6178444884327361; k: 2.0
Generation: 62; 0.6178444884327361; k: 2.0; 123,103,134,29,75,215,55,96,199,133,47,157,166,75,210,189,211,165,115,77,13,18,133,201,18,68,24,161,157,199,133,229,134,68,236,178,157,135,128,68,75,87,71,116,137,133,168,27,215,55,179,109,133,47,237,197,75,210,85,103,130,126
Best fitness found so far: 0.6178444884327361; k: 2.0
Generation: 63; 0.6178444884327361; k: 2.0; 123,103,134,29,75,215,55,96,199,133,47,157,60,75,210,228,236,165,115,77,174,61,93,119,246,57,127,184,170,48,139,53,21,209,122,12,205,165,163,121,139,228,130,244,122,109,117,96,139,188,21,12,250,165,8,58,199,9,201,57,60,96,5,135,82,61,65,119,93,103,134,61,75,143,236,47,134,68,75,157,194,58,95,163,117,60,68,133,163,117,77,75,218,139,12,84,165,122,121,41,21,214,139,189,143,174,205,73,243,73,135,82,213,82
Best fitness found so far: 0.6178444884327361; k: 2.0
Generation: 64; 0.6178444884327361; k: 2.0; 136,103,134,29,75,215,55,96,95,133,47,237,226,185,73,68,82,213,82,175,67,175,134,68,75,43,149,21,171,133,20,36,139,53,155,68,52,165,125,60,141,218,24,49,139,128
Best fitness found so far: 0.6178444884327361; k: 2.0
Generation: 65; 0.6178444884327361; k: 2.0; 123,9,134,29,75,215,237,96,199,133,47,157,166,75,210,144,211,165,115,145,238,222,133,201,188,68,24,161,157,199,133,201,134,68,184,178,204,133,47,157,241,75,210,228,40,207,157,77,13,146,66,237,60,115,139,157,79,142,199,99,82,40,136,31,134,103,108,43,149,21,171,93,19,134,205,75,215,126,169,199,133,117,171,60,209,48,157,79,12,49,139,41
Best fitness found so far: 0.6178444884327361; k: 2.0
Generation: 66; 0.6178444884327361; k: 2.0; 123,103,134,29,75,215,55,96,109,133,47,237,60,75,210,120,73,135,82,213,58,199,52,201,57,226,96,196,135,175,211,134,29,75,215,55,96,199,133,189,237,60,115,139,157,79,12,49,139,157
Best fitness found so far: 0.6178444884327361; k: 2.0
Generation: 67; 0.6178444884327361; k: 2.0; 227,103,134,29,75,225,55,96,199,133,47,157,60,75,210,53,48,15,115,77,13,132,16,21,51,157
Best fitness found so far: 0.6178444884327361; k: 2.0
Generation: 68; 0.6178444884327361; k: 2.0; 123,103,134,29,75,215,183,96,109,133,47,237,60,75,210,85,131,135,225,213,82,175,241,51,109,122,180,76,213,82,143,230,201,60,177,133,47,154,14,55
Best fitness found so far: 0.6178444884327361; k: 2.0
Generation: 69; 0.6178444884327361; k: 2.0; 123,103,134,29,75,215,55,96,199,133,47,157,250,75,210,228,236,165,115,77,13,61,93,199,133,37,157,60,75,186,176,236,165,42,77,169,222,133,201,18,34,24,234,93,57
Best fitness found so far: 0.6178444884327361; k: 2.0
Generation: 70; 0.6178444884327361; k: 2.0; 123,103,134,29,75,215,55,96,199,133,47,157,166,75,210,228,211,165,115,77,13,222,133,201,18,68,24,161,157,170,133,133,134,214,236,178,204,135,128,68,75,87,170,222,150,133,135,60,68,117,224,139,53,21,12,205,27,8,58,199,89,53,21,51,205,73,35,163
Best fitness found so far: 0.6178444884327361; k: 2.0
Generation: 71; 0.6178444884327361; k: 2.0; 123,103,134,29,75,215,237,96,199,133,47,157,166,10,210,228,211,165,115,145,238,222,133,201,188,68,24,161,157,40,133,201,134,68,184,178,204,113,137,68,75,87,170,45,28,133,135,60,68,133,245,167,139,105,189,121,35,133,41,51,21,34,205,85,243,216,230,245,76,121,195,133,47,237,60,75,210,228,236,165,69,121,35
Best fitness found so far: 0.6178444884327361; k: 2.0
Generation: 72; 0.6178444884327361; k: 2.0; 123,103,134,2,75,215,55,96,199,133,47,157,166,75,36,230,211,109,194,77,13,222,133,201,18,68,231,250,157,144,133,169,237,90,236,178,238,135,128,68,75,87,71,21,150,133,38,133,47,1,68,226,85,157,135,219,213,190,175,75,175,134,68,75,12,117,237,5,75,179,228,136
Best fitness found so far: 0.6178444884327361; k: 2.0
Generation: 73; 0.6178444884327361; k: 2.0; 123,103,134,29,75,215,55,96,199,133,83,157,60,75,210,220,236,165,115,77,13,67,93,119,138,57,127,230,72,98,22,68,133,53,134,14,75
Best fitness found so far: 0.6178444884327361; k: 2.0
Generation: 74; 0.6178444884327361; k: 2.0; 162,103,134,29,75,215,55,96,199,133,47,157,60,75,43,228,236,214,115,77,13,222,133,201,18,68,24,234,204,210,218,141,102,53,21,93,57
Best fitness found so far: 0.6178444884327361; k: 2.0
Generation: 75; 0.6178444884327361; k: 2.0; 123,103,134,29,75,215,55,96,95,133,47,237,226,185,73,68,60,200,82,175,67,175,134,68,75,43,149,21,87,133,152,134,1,24,198,230,215,189,121,41,133,103,134,100,147,238,134,181,39,121,65,202,11,95,133,47,237,226,185,73,68,60,200,82,175,67,175,134,68,75,43,149,21,87,133,152,134,1,24,198,230,215,189,121,41,133,103,134,100,147,238,134
Best fitness found so far: 0.6178444884327361; k: 2.0
Generation: 76; 0.6178444884327361; k: 2.0; 123,103,134,29,75,215,55,96,199,133,47,157,250,75,210,228,236,165,115,77,13,61,93,119,115,57,127,66,20,71,139,53,21,220,11,12,205,165,129,121,139,228,130,244,75,75,210,228,199,129,197,77,13,222,133,201,118,68,239,157,21,74,57
Best fitness found so far: 0.6178444884327361; k: 2.0
Generation: 77; 0.6178444884327361; k: 2.0; 123,201,134,29,75,215,55,96,177,133,47,157,166,75,3,230,211,165,115,77,13,222,133,201,18,68,134,218,40,49,139,128
Best fitness found so far: 0.6178444884327361; k: 2.0
Generation: 78; 0.6178444884327361; k: 2.0; 123,103,134,29,75,215,55,96,199,133,47,157,241,75,210,220,236,165,115,77,13,28,93,119,93,57,127,215,170,98,139,75,104,55,204,199,133,47,157,60,75,210,228,236,106,115,77,13,132,16,201,51,21,88,145,40,243
Best fitness found so far: 0.6178444884327361; k: 2.0
Generation: 79; 0.6178444884327361; k: 2.0; 123,103,134,29,75,215,117,46,139,88,21,12,205,165,8,58,199,228,21,167,205,165,8,58,199,208,201,194,68,21,47,134,164,21,32,133,77,134,68,189,70,89,215,191,46,243,112,89,53,172,241,79,49,108,157,67,142
Best fitness found so far: 0.6178444884327361; k: 2.0
Generation: 80; 0.6178444884327361; k: 2.0; 123,103,134,29,75,60,237,96,65,53,47,157,166,75,210,228,211,165,115,62,82,213,114,175,241,51,109,107,180,41,213,131,234,24,68,131,224,139,38,199,133,47,134,219,75,171,239,203,230,215,189,121,41,133,103,134,63,147,238,122,75,71,139,77,13,222,8,201,120,68,24,234,204,210,240,141,20,53,196,48,57
Best fitness found so far: 0.6178444884327361; k: 2.0
Generation: 81; 0.6178444884327361; k: 2.0; 123,103,134,29,75,215,55,96,199,133,111,157,60,75,210,228,4,165,115,77,25,132,16,201,51,21,88,103,24,137,1,71,27,38,199,12,217,50,68,75,4,68,58,199,96,103,24,137,75,71,139,38,199,133,47,134,68,37,103,134,29,75,215,55,96,199,75,220,22,96,139,53,21,12,205,165,8,58,199,9,201,60,237,133,47,134,14,139
Best fitness found so far: 0.6178444884327361; k: 2.0
Generation: 82; 0.6178444884327361; k: 2.0; 123,103,114,29,75,215,55,96,199,133,47,157,60,75,210,228,4,165,115,77,25,29,16,150,51,21,88,140,9,201,60,228,26,92,205,85,243
Best fitness found so far: 0.6178444884327361; k: 2.0
Generation: 83; 0.6178444884327361; k: 2.0; 123,45,134,29,75,215,237,96,199,133,47,157,166,75,210,228,67,165,115,145,238,3,133,201,188,68,204,161,199,199,213,201,134,68,184,178,204,113,137,68,75,87,170,45,28,133,135,60,124,249,245,167,134,164,21,213,155,205,170,189,121,139,103,130,126
Best fitness found so far: 0.6178444884327361; k: 2.0
Generation: 84; 0.6178444884327361; k: 2.0; 123,103,134,29,75,160,55,96,133,133,47,157,60,75,210,239,75,130,117,82,139,53,57,150,42,21,88,205,19,243
Best fitness found so far: 0.6178444884327361; k: 2.0
Generation: 85; 0.6178444884327361; k: 2.0; 123,103,134,29,75,215,55,96,199,133,47,157,60,75,210,228,236,165,115,77,181,179,109,121,47,10,197,75,249,85,73,135,133,213,33,175,34,175,204,68,75,177,230,222,72,104,68
Best fitness found so far: 0.6178444884327361; k: 2.0
Generation: 86; 0.6178444884327361; k: 2.0; 69,103,134,29,75,215,55,96,199,133,47,157,241,75,210,228,236,207,42,77,13,146,172,237,60,157,60,75,45,176,236,165,115,77,59,222,133,201,18,34,24,234,204,210,240,35,102,53,21,93,57
Best fitness found so far: 0.6178444884327361; k: 2.0
Generation: 87; 0.6178444884327361; k: 2.0; 123,103,134,29,75,60,237,96,65,53,47,157,166,75,210,228,211,165,115,62,82,213,82,175,241,51,109,107,180,41,213,131,137,24,68,131,224,139,38,199,133,47,134,219,75,157,239,168,230,215,189,121,41,133,103,134,63,147,238,123,103,134,29,2,215,55,96,109,13,47,237,60,75,201,175,134,68,22,115,139,21,101,133,94,134,109,24,71,149,210,62,71,71
Best fitness found so far: 0.6178444884327361; k: 2.0
Generation: 88; 0.6178444884327361; k: 2.0; 166,225,134,29,75,215,169,96,199,133,47,157,126,235,237,96,199,133,47,157,65,75,210,228,58,90,175,67,175,134,68,49,139,63
Best fitness found so far: 0.6178444884327361; k: 2.0
Generation: 89; 0.6178444884327361; k: 2.0; 123,103,134,29,75,215,55,96,199,133,47,157,166,75,36,205,211,165,125,77,13,222,133,201,225,68,24,250,16,199,250,169,134,135,236,178,204,135,128,68,75,87,71,69,150,211,168,60,215,55,179,109,133,47,237,107,75,4,85,73,24,133,213,82,175,67,142,204,68,75,83,75,223,83,236,165,115,18,49,132,16,53,51,21,88,199,9,201,57,226,88,196,135,82,61,93,119,93,57,127,25,80,36,28,53,155,12,72,165,58,60,141,152,134,195,24,121,214,186,179,109,133,47,237,107,75,4,85,73,24,133,213,82,175,67,142,204,68,75,83,75,223,83,236,165,115,18,49,132,16,53,51,21,88,199,9,201,57,226,88,196,135,82,61,93,119,93,57,127,25,80,36,28,53
Best fitness found so far: 0.6178444884327361; k: 2.0
Generation: 90; 0.6178444884327361; k: 2.0; 123,103,134,29,75,215,55,96,199,133,229,157,241,75,210,228,61,207,42,77,13,46,72,237,60,72,62,58,25,216,230,154,189,121,195,133,47,237,213,75,210,228,236,165,189,121,35,133,160,51,21,34,205,85,243,216,241,154,189,15,195,242,47,237,60,75,210,64,236,165,189,121,35
Best fitness found so far: 0.6178444884327361; k: 2.0
Generation: 91; 0.6178444884327361; k: 2.0; 123,103,134,29,75,215,55,96,109,133,47,237,60,75,210,85,131,135,82,5,82,175,241,51,109,227,180,120,218,139,12,205,165,189,121,41,24,10,139,53,143,174,185,73,243,73,135,82,213,82
Best fitness found so far: 0.6178444884327361; k: 2.0
Generation: 92; 0.6178444884327361; k: 2.0; 123,103,134,29,75,215,55,96,95,133,47,237,226,185,73,68,82,213,82,175,67,175,134,68,75,75,229,85,73,122,82,125,82,43,67,175,134,68,75,83,61,21,101,133,94,84,86,75,50,117,96,139,53,21,12,205,165,8,58,212,119,201,60,68,21,47,134,164,21,21,155,205,33,189,121,139,103,130,126
Best fitness found so far: 0.6178444884327361; k: 2.0
Generation: 93; 0.6178444884327361; k: 2.0; 123,103,134,29,75,215,237,96,199,133,47,157,166,75,215,55,96,199,133,47,157,50,75,210,228,145,207,42,77,70,146,64,237,60,115,139,157,79,142,82,99,82,40,136,175,134,103,108,43,149,21,171,133,19,134,205,75,230,77,126,199,133,117,171,60,209,48,157,79,12,49,196,41
Best fitness found so far: 0.6178444884327361; k: 2.0
Generation: 94; 0.6178444884327361; k: 2.0; 123,103,134,29,75,60,237,96,65,53,47,157,166,75,210,228,211,165,115,62,82,213,47,134,164,21,21,155,205,33,189,121,139,103,130,126
Best fitness found so far: 0.6178444884327361; k: 2.0
Generation: 95; 0.6178444884327361; k: 2.0; 123,103,134,29,75,215,55,96,109,133,47,237,60,75,38,85,73,122,82,213,82,43,67,175,134,68,75,83,61,21,101,133,94,84,86,219,50,123,103,134,29,75,60,237,88,65,53,197,157,166,75,210,228,211,165,115,62,82,213,82,175,246,51,99,107,180,41,213,131,234,24,68,131,224,139,38,199,133,47,134,34,75,157,239,121,230,215,189,121,41,133,103,134,63,147,238,134,181,18,247,180,202,60
Best fitness found so far: 0.6178444884327361; k: 2.0
Generation: 96; 0.6178444884327361; k: 2.0; 66,123,84,86,75,50,117,81,13,53,21,12,229,165,8,58,123,103,43,29,75,215,55,96,199,133,47,157,60,75,210,228,146,165,115,77,13,219,93,119,93,57,127,230,20,71,139,53,21,220,120,12,205,165,38,121,210,228,12,205,112,243
Best fitness found so far: 0.6178444884327361; k: 2.0
Generation: 97; 0.6178444884327361; k: 2.0; 123,103,134,29,75,215,55,96,199,133,47,157,60,75,129,134,242,75,134,55,96,199,133,47,31,166,75,36,230,88,165,115,77,13,222,46,201,18,68,24,250,157,199,133,123,237,68,236,178,72,135,128,68,75,38,71,215,150,133,38,111,47,1,68,226,85,232,14,76,213,190,6,71,157,79,142,49,41,157
Best fitness found so far: 0.6178444884327361; k: 2.0
Generation: 98; 0.6178444884327361; k: 2.0; 123,177,134,29,75,215,69,96,199,133,47,237,60,115,12,205,165,8,58,199,241,53,21,51,182,168,182,39
Best fitness found so far: 0.6178444884327361; k: 2.0
Generation: 99; 0.6178444884327361; k: 2.0; 227,103,134,29,75,225,55,96,199,133,47,157,230,210,72,104,61
Best fitness found so far: 0.6178444884327361; k: 2.0
Generation: 100; 0.6178444884327361; k: 2.0; 130,103,134,104,75,215,55,96,247,133,47,237,226,185,73,175,82,213,82,71,67,175,248,77,120,43,149,21,171,133,152,58,138,24,121,214,186
Best fitness found so far: 0.6178444884327361; k: 2.0
Generation: 101; 0.6178444884327361; k: 2.0; 208,103,134,29,75,215,237,96,199,133,47,157,166,75,210,155,211,165,115,145,238,222,133,201,68,75,87,170,45,150,133,135,199,68,133,245,57
Best fitness found so far: 0.6178444884327361; k: 2.0
Generation: 102; 0.6178444884327361; k: 2.0; 123,177,134,29,75,215,55,96,199,133,83,237,60,115,139,157,247,131,21,220,11,12,205,165,206,121,139,228,130,244,75,157,239,146,237,169,12,205,112,243
Best fitness found so far: 0.6178444884327361; k: 2.0
Generation: 103; 0.6178444884327361; k: 2.0; 123,157,134,29,75,215,55,96,199,133,47,157,250,75,210,228,236,165,115,77,13,131,93,119,214,57,127,230,20,71,139,53,21,220,11,12,205,84,129,121,98,228,130,244,75,157,239,146,237,169,12,25,218,230,154,189,121,195,133,47,237,213,75,210,228,236,165,135,121,35,108,160,51,21,34,205,85,243,216,241,167,10,15,195,242,47,237,159,75,210,64,236,165,189,121,35,199,133,47,157,250,75,210,228,236,165,115,77,13,131,93,119,214,57,127,230,20,71,139,53,21,220,11,12,205,84,129,121,98,228,130,244,75,157,239,146,237,169,12,25,218,230,154,189,121,195,133,47,237,213,75,210,228,236,165,135,121,35,108,160,51,21,34,205,85
Best fitness found so far: 0.6178444884327361; k: 2.0
Generation: 104; 0.6178444884327361; k: 2.0; 123,103,134,29,115,215,117,96,139,53,21,12,205,165,8,58,199,52,201,57,226,96,196,135,175,211,134,186
Best fitness found so far: 0.6178444884327361; k: 2.0
Generation: 105; 0.6178444884327361; k: 2.0; 162,45,134,29,75,215,117,96,243,53,21,12,205,165,8,195,199,39,229,57,213,96,196,18,99,61,93,119,93,57,127,119,20,36,139,157,60,59,210,228,236,165,115,77,49,132,16,53,51,144,88,205,85,243
Best fitness found so far: 0.6178444884327361; k: 2.0
Generation: 106; 0.6178444884327361; k: 2.0; 28,103,134,29,75,215,55,96,199,133,47,157,60,75,210,228,4,165,115,77,25,132,16,201,51,21,88,103,24,161,1,71,57,38,199,12,12,134,68,75,157,142,82,99,20,40,136,175,134,103,108,105,149,21,171,133,19,134,138,75,215,55,126,199,133,117,171,60,209,48,157,79,12,49,80,41
Best fitness found so far: 0.6178444884327361; k: 2.0
Generation: 107; 0.6178444884327361; k: 2.0; 110,103,134,29,75,215,55,96,199,133,47,157,166,75,119,228,211,165,115,77,13,222,133,201,18,68,24,161,157,199,133,201,75,210,228,58,90,175,67,175,134,68,49,139,63
Best fitness found so far: 0.6178444884327361; k: 2.0
Generation: 108; 0.6178444884327361; k: 2.0; 123,103,99,29,75,215,117,96,139,53,21,12,205,165,8,58,45,239,75,130,117,96,139,53,24,12,42,167,8,58,212,119,201,205,165,8,58,199,241,53,21,51,205,73,182,39
Best fitness found so far: 0.6178444884327361; k: 2.0
Generation: 109; 0.6178444884327361; k: 2.0; 123,103,134,29,75,215,55,96,109,133,47,237,60,75,210,111,217,135,103,25,29,75,215,55,140,232,153,47,157,60,75,210,228,211,165,115,77,13,222,133,201,111,133,47,134,67,75,157,239,121,41,128
Best fitness found so far: 0.6178444884327361; k: 2.0
Generation: 110; 0.6178444884327361; k: 2.0; 123,103,134,29,201,215,55,96,109,133,117,237,60,75,210,85,73,122,82,213,82,43,67,175,134,68,250,83,61,145,101,133,94,84,86,75,50,117,96,139,53,21,12,205,165,8,58,212,139,201,60,68,135,82,213,82,175,67,175,134,150,76,83,61,21,101,133,94,123,218,40,49,139,128
Best fitness found so far: 0.6178444884327361; k: 2.0
Generation: 111; 0.6178444884327361; k: 2.0; 123,103,134,86,75,50,117,96,139,53,21,12,205,165,8,58,199,9,201,60,68,220,47,134,164,21,202,139,77,134,68,24,71,230,215,157,46,243,112,89,53,193,79,79,49,108,157,67,72,165,125,60,141,218,24,49,139,128
Best fitness found so far: 0.6178444884327361; k: 2.0
Generation: 112; 0.6178444884327361; k: 2.0; 123,103,134,29,75,215,97,96,139,53,71,12,205,165,60,75,210,69,232,165,189,121,35
Best fitness found so far: 0.6178444884327361; k: 2.0
Generation: 113; 0.6178444884327361; k: 2.0; 123,103,134,29,75,215,55,96,199,133,47,157,60,75,93,228,236,165,185,77,13,132,47,237,60,68,101,241,53,21,51,36,73,30,89
Best fitness found so far: 0.6178444884327361; k: 2.0
Generation: 114; 0.6178444884327361; k: 2.0; 123,103,134,29,75,215,55,96,109,133,47,237,60,75,210,111,160,135,103,25,47,75,215,55,96,232,205,85,243
Best fitness found so far: 0.6178444884327361; k: 2.0
Generation: 115; 0.6178444884327361; k: 2.0; 123,103,134,29,75,215,117,96,139,53,21,12,205,165,8,58,199,228,21,12,205,165,8,58,199,208,201,60,68,21,47,134,164,21,202,133,77,134,68,24,70,230,215,189,198,243,112,89,123,103,209,29,75,215,55,96,199,133,47,157,60,75,45,176,236,165,115,77,193,222,133,201,18,34,24,234,204,210,100,35,102,53,21,93,57
Best fitness found so far: 0.6178444884327361; k: 2.0
Generation: 116; 0.6191219741398379; k: 2.0; 73,103,17,29,75,215,117,96,139,87,21,12,205,165,8,58,45,239,75,130,117,82,139,53,57,150,42,21,88,43,149,21,171,96,152,134,68,24,203,230,215,189,240,41,133,103,134,100,147,238,134,181,18,121,65,202,11
Best fitness found so far: 0.6191219741398379; k: 2.0
Generation: 117; 0.6178444884327361; k: 2.0; 123,45,134,50,153,215,117,96,243,53,21,12,205,165,8,58,199,113,201,246,213,96,91,139,128,165,8,58
Best fitness found so far: 0.6191219741398379; k: 2.0
Generation: 118; 0.6191219741398379; k: 2.0; 73,103,17,29,171,215,117,96,139,87,21,12,205,165,8,58,147,75,36,205,211,165,115,77,13,183,133,201,18,68,24,250,157,199,133,169,134,68,236,178,204,135,97,68,75,87,98,45,150,133,168,60,34,55,179,109,133,47,237,197,75,4,85,95,135,133,213,82,175,67,175,204,68,75,83,75,210,228,55,133,115,77,49,132,16,53,51,21,88,205,85,243
Best fitness found so far: 0.6191219741398379; k: 2.0
Generation: 119; 0.6178444884327361; k: 2.0; 130,103,134,104,75,215,55,96,247,133,47,237,226,185,73,175,82,213,82,71,67,175,248,68,120,128,149,21,75,50,117,96,197,53,21,12,145,165,8,58,212,210,111,121,135,103,149,29,75,215,55,96,232,153,47,157,60,75,210,228,112,165,115,77,179,222,133,93,133,68,24,114,47,210,240,141,126,53,21,93,57
Best fitness found so far: 0.6191219741398379; k: 2.0
Generation: 120; 0.6191219741398379; k: 2.0; 73,103,17,29,91,215,117,96,139,87,21,12,205,165,8,58,147,75,36,205,211,165,115,77,13,183,133,201,18,68,24,189,157,199,133,169,134,68,236,178,204,135,97,68,75,87,98,45,150,133,168,60,34,55,179,109,133,47,237,197,75,4,85,95,14,133,213,82,175,67,175,204,68,75,83,75,210,228,55,133,115,77,49,132,16,53,51,21,88,205,85,243
Best fitness found so far: 0.6191219741398379; k: 2.0
Generation: 121; 0.6191219741398379; k: 2.0; 73,103,17,29,75,215,117,96,139,87,21,12,205,165,42,58,45,239,75,130,117,82,139,53,57,150,42,21,88,43,149,21,171,96,152,134,68,24,23,230,215,53,95,12,204,165,8,58,205,237,243
Best fitness found so far: 0.6191219741398379; k: 2.0
Generation: 122; 0.6191219741398379; k: 2.0; 73,103,17,29,75,215,117,96,139,87,21,12,205,165,8,58,45,239,75,130,117,82,139,53,57,150,42,21,88,43,149,21,171,96,152,134,68,182,203,230,215,189,240,82,71,67,137,248,68,120,43,149,58,110,133,152,134,138,24,121,214,186
Best fitness found so far: 0.6191219741398379; k: 2.0
Generation: 123; 0.6191219741398379; k: 2.0; 73,103,17,29,75,215,117,96,139,87,21,12,205,165,8,58,45,239,75,130,117,82,121,214,186
Best fitness found so far: 0.6191219741398379; k: 2.0
Generation: 124; 0.6191219741398379; k: 2.0; 73,103,17,29,75,215,117,96,139,87,21,12,205,165,8,58,45,239,75,130,117,82,139,53,11,103,24,41,1,59,27,38,199,12,217,162,68,47,157,80,58,199,246,103,136,137,240,141,102,53,21,93,57
Best fitness found so far: 0.6191219741398379; k: 2.0
Generation: 125; 0.6191219741398379; k: 2.0; 73,103,17,29,75,215,117,96,139,87,21,12,205,165,138,58,45,239,165,130,117,24,234,204,210,240,133,96,88,68,139,53,54,12,24,15,85,121,116,225,101,241,40,100,21,217,157,199
Best fitness found so far: 0.6191219741398379; k: 2.0
Generation: 126; 0.6191219741398379; k: 2.0; 209,103,17,29,75,215,117,96,139,87,21,12,205,165,8,58,45,239,75,130,51,82,139,53,57,13,42,85,88,43,112,21,171,96,152,134,68,134,86,75,80,117,96,227,138,21,12,205,165,66,58,199,9,201,60,68,21,47,134,159,21,202,133,85,134,68,24,71,230,215,92,46,243,112,89,53,193,79,79,174,108,157,67,88,43,16,21,171,96,152,134,68,134,86,75,240,117,96,227,53,21,12,205,165,8,58,199,9,25,60,68,222,47,134,164,55,202,133,85,134,68,24,71,174,237,189,46,243,112,89,53,193,79,79,49,108,157,67,175
Best fitness found so far: 0.6191219741398379; k: 2.0
Generation: 127; 0.6191219741398379; k: 2.0; 73,103,17,29,75,215,117,96,139,87,21,12,205,165,8,58,228,96,199,133,47,157,121,75,210,228,58,90,175,145,175,134,68,75,83,143,21,61,133,58,66,218,40,49,139,128
Best fitness found so far: 0.6191219741398379; k: 2.0
Generation: 128; 0.6191219741398379; k: 2.0; 73,103,17,29,75,215,117,96,139,232,21,12,205,165,134,58,45,239,75,130,117,82,70,53,57,150,42,21,88,116,39,21,171,96,152,134,12,24,15,85,121,116,2,101,241,53,100,21,217,157,199
Best fitness found so far: 0.6191219741398379; k: 2.0
Generation: 129; 0.6191219741398379; k: 2.0; 73,103,17,29,75,215,117,71,139,87,21,12,205,165,124,58,45,239,75,130,117,82,139,53,121,150,166,21,88,43,149,21,171,96,152,134,24,24,23,230,215,53,179,80,117,96,227,134,21,12,205,137,66,19,199,9,201,60,68,21,131,134,197,248,202,133,85,134,68,24,240,230,215,180,46,243,112,185,53,193,79,79,93,108,157,67,84,43,16,21,171,96,152,134,200,134,86,75,240,117,96,227,53,9,12,205,165,16,232,51,21,88,124,85,243
Best fitness found so far: 0.6191219741398379; k: 2.0
Generation: 130; 0.6191219741398379; k: 2.0; 48,57,17,29,75,165,41,96,139,87,71,12,155,165,8,58,116,147,75,130,140,3,209,167,57,73,43,38,88,43,112,21,243,96,152,243,88,134,86,123,80,117,87,21,92,197,165,8,179,147,75,103,136,176,75,71,187,38,39,133,47,134,198,37,38,114,29,75,215,55,96,199,13,188,203,168,75,210,28,236,165,189,26,52,101,160,221,45,62,208,97,243
Best fitness found so far: 0.6191219741398379; k: 2.0
Generation: 131; 0.6191219741398379; k: 2.0; 73,103,17,29,75,215,117,96,139,87,21,12,205,165,42,58,124,239,75,130,117,82,139,245,57,49,42,21,88,43,99,21,171,87,90,12,205,165,8,58,160,75,36,205,211,28,115,77,13,183,133,2,18,68,24,189,157,199,133,169,134,68,130,186,204,135,97,68,75,87,98,45,118,133,168,60,34,55,179,109,133,48,237,197,75,4,85,95,14,133,213,82,175,210,175,204,68,75,83,75,210,228,250,133,115,77,49,132,16,53,51,21,175,205,85,243
Best fitness found so far: 0.6191219741398379; k: 2.0
Generation: 132; 0.6191219741398379; k: 2.0; 209,103,17,29,75,215,191,96,139,87,87,12,205,165,8,58,45,239,75,130,51,82,209,53,57,138,21,5,205,165,66,58,144,9,201,60,68,227,47,134,159,21,202,133,193,134,72,58,78,119,75,92,117,138,139,240,141,107,125,245,93,57
Best fitness found so far: 0.6191219741398379; k: 2.0
Generation: 133; 0.6191219741398379; k: 2.0; 73,103,17,29,75,215,117,96,139,87,21,12,205,165,8,58,228,135,54,68,75,223,247,227,139,53,21,12,81,165,8,58,199,220,201,60,68,133,47,205,100,243
Best fitness found so far: 0.6191219741398379; k: 2.0
Generation: 134; 0.6191219741398379; k: 2.0; 73,103,17,29,225,215,185,96,139,247,239,12,11,165,42,58,45,239,75,130,117,82,139,53,57,150,42,21,88,43,170,21,171,238,169,229,232,60,68,24,40,157,199,186,70,58,178,142,239,75,100,117,45,121,75,130,45,82,139,240,141,107,53,245,93,57
Best fitness found so far: 0.6191219741398379; k: 2.0
Generation: 135; 0.6191219741398379; k: 2.0; 73,103,7,29,75,215,117,96,139,87,239,12,205,40,42,58,45,5,75,130,117,82,139,53,57,22,42,111,88,43,170,21,5,238,169,229,232,188,68,24,161,157,199,186,70,58,234,17,135,16,68,75,87,98,166,150,133,168,60,147,39,10,109,133,47,119,89,75,44,85,95,14,133,213,82,139,15,85,121,116,225,101,241,40,75,210,228,236,165,115,77,13,222,133,201,163,68,24,234,204,210,240,141,102,53,21,93,57
Best fitness found so far: 0.6191219741398379; k: 2.0
Generation: 136; 0.6191219741398379; k: 2.0; 209,103,17,29,75,215,135,96,139,177,21,97,205,165,8,68,45,239,75,130,51,82,139,53,57,36,42,226,88,43,112,21,250,96,152,134,68,134,86,75,80,117,96,227,134,21,12,205,165,66,19,199,9,176,60,68,21,43,134,159,198,202,133,85,134,68,24,243,230,215,180,46,243,112,89,53,193,79,79,13,108,157,43,149,21,105,96,152,201,68,24,203,133,215,189,240,41,15,103,110,100,152,238,134,181,23,2,65,202,11
Best fitness found so far: 0.6191219741398379; k: 2.0
Generation: 137; 0.6191219741398379; k: 2.0; 73,103,17,29,75,215,117,96,139,87,21,12,205,165,138,58,100,244,165,189,117,24,234,204,210,211,133,35,142,82,139,46,47,12,24,15,85,121,116,225,101,241,40,75,210,228,159,21,12,205,70,138,58,102,239,165,130,117,107,234,204,210,240,133,96,88,68,73,234,54,12,57,15,85,228,211,165,183,145,23,222,204,201,188,88,146,161,82,199,133,201,207,68,164,61,220,135,137,68,75,87,170,45,168,133,135,60,105,214,221,167,139,139,60,141,204,101,241,58,21,59,36,40,27,25
Best fitness found so far: 0.6191219741398379; k: 2.0
Generation: 138; 0.6191219741398379; k: 2.0; 73,103,17,29,75,215,117,96,139,87,21,12,205,165,8,58,10,119,205,165,8,58,45,239,75,130,117,45,119,75,105,117,82,139,240,141,107,53,245,93,57
Best fitness found so far: 0.6191219741398379; k: 2.0
Generation: 139; 0.6191219741398379; k: 2.0; 209,57,17,29,75,165,41,96,139,87,71,12,205,165,8,58,122,122,75,130,140,3,209,167,57,73,43,246,88,43,112,21,243,96,152,243,88,134,86,123,80,117,87,21,12,205,165,8,161,147,75,103,199
Best fitness found so far: 0.6191219741398379; k: 2.0
Generation: 140; 0.6191219741398379; k: 2.0; 73,103,17,29,75,215,85,96,139,87,21,12,205,165,42,58,45,239,7,130,117,82,139,53,57,150,42,111,88,43,149,21,171,96,152,33,68,24,122,103,134,29,75,215,55,32,199,133,47,157,250,75,210,235,69,165,115,77,13,61,93,119,93,57,127,230,20,71,139,27,21,220,212,12,68,133,103,60,29,75,215,2,96,199,133,188,237,60,75,53,243,236,165,39,26,158,133,137,51,238,169,12,151,133,28
Best fitness found so far: 0.6191219741398379; k: 2.0
Generation: 141; 0.6191219741398379; k: 2.0; 73,103,17,29,91,215,117,96,193,87,21,12,205,165,26,58,147,75,36,205,142,12,24,6,85,121,116,225,101,124,40,75,210,228,236,165,115,27,13,126,102,201,18,68,85,234,51,21,88,205,85,243,24,15,85,1,195,225,101
Best fitness found so far: 0.6191219741398379; k: 2.0
Generation: 142; 0.6191219741398379; k: 2.0; 209,103,17,29,75,215,41,96,139,87,21,12,205,165,8,58,45,239,75,130,51,82,209,53,57,73,43,154,157,23,58,199,227,121,91,143,64,157,103,57
Best fitness found so far: 0.6191219741398379; k: 2.0
Generation: 143; 0.6191219741398379; k: 2.0; 73,103,17,29,171,215,117,96,139,87,21,12,205,165,8,58,147,140,174,205,211,165,115,77,13,183,133,201,18,56,24,250,113,199,11,169,134,68,236,178,204,135,97,68,75,87,98,45,186,133,168,60,34,55,179,109,133,47,237,197,75,4,85,95,135,133,213,82,175,67,175,204,68,75,83,75,210,134,68,182,203,6,190,189,240,82,71,67,137,248,68,52,43,149,58,110,133,152,24,161,157,199,133,201,13,68,236,178,204,135,128,68,75,87,71,45,150,133,168,60,215,55,179,109,133,157,237,197,107,210,85,159,135,34,213,82,222,67,175,134,68,75,127,143,21,109,133,94,138,218,196,49,139,128
Best fitness found so far: 0.6191219741398379; k: 2.0
Generation: 144; 0.6191219741398379; k: 2.0; 26,103,17,29,75,215,117,196,139,87,47,57,205,165,8,58,30,239,75,117,51,82,139,53,57,73,22,246,88,43,112,40,171,63,185,134,152,134,86,75,80,33,171,227,53,21,12,180,82,109,133,207,106,197,75,213,85,95,14,133,213,23,228,211,165,93,145,238,169,133,201,150,68,180,161,157,241,94,201,134,68,28,178,204,67,137,68,75,189,157,234,227,169,108,14,236,16,204,135,97,68,75,128,44,187,150,133,246,36,53,157,165,115,77,13,183,47,201,18,184,24,250,157,199,133,169,154,68,236,178,204,240,97,97,75,87,98,45,150,89,106,60,34,8,106,29,133,47,237,197,75,4,123,95,135,8,213,82,175,98,175,99,99,21,83,75,210,146,98,133,63,77,49,132,16,28,51,55,67,40,85,243,75,36,205,211,81,115,77,13,183,184,201,187,68,24,189,157,234,76,169,144,240,236,178,204,135,97,68,75,228,98,187,150,133,246,36,53,157,165,115,77,13,183,47,201,18,213,24,250,157,199,162,169
Best fitness found so far: 0.6191219741398379; k: 2.0
Generation: 145; 0.6315703972155786; k: 2.0; 209,84,17,29,75,165,41,96,139,87,71,25,12,165,8,58,90,239,75,82,165,72,121,139,228,130,244,75,157,53,146,237,169,167,71,112,243
Best fitness found so far: 0.6315703972155786; k: 2.0
Generation: 146; 0.6315703972155786; k: 2.0; 209,64,17,29,75,165,41,96,139,87,71,25,12,165,8,58,90,239,75,82,215,41,96,139,23,71,12,205,165,8,58,45,239,75,130,140,245,209,60,57,73,43,246,88,43,112,188,171,96,3,134,187,134,86,122,80,117,109,227,53,21,12,205,214,225,58,199,9,54,60,68,21,47,134,164,170,13,28,60,96,103,216,137,75,98,96,38,199,175,47,134,68,134,103,134,29,75,215,2,96,199,133,188,237,60,75,168,228,236,185,144,239,171,133,184,51,238,92,1,160,243
Best fitness found so far: 0.6315703972155786; k: 2.0
Generation: 147; 0.6315703972155786; k: 2.0; 96,84,17,29,75,165,41,96,139,87,119,25,12,165,8,58,90,239,75,82,165,72,121,201,214,70,24,189,203,234,140,169,135,240,236,178,204,135,143,68,75,87,98,187,21,133,58,45,239,165,130,117,82,48,221,53,57,150,144,21,88,1,149,21,171,96,152,134,68,24,117,60,215,100,62,12,210,89,165,51,41
Best fitness found so far: 0.6315703972155786; k: 2.0
Generation: 148; 0.6315703972155786; k: 2.0; 209,84,17,29,75,165,41,96,139,87,71,25,12,165,8,58,90,239,75,82,165,72,121,85,121,116,225,101,241,40,97,210,228,236,165,115,77,13,222,133,201,18,68,24,234,23,21,88,205,85,243,24,67,85,121,116,225,101
Best fitness found so far: 0.6315703972155786; k: 2.0
Generation: 149; 0.6315703972155786; k: 2.0; 209,84,17,29,75,165,41,96,139,87,71,25,12,165,8,58,90,239,75,82,165,130,121,85,121,116,225,101,241,40,97,201,18,184,117,250,157,199,147,169
Best fitness found so far: 0.6315703972155786; k: 2.0
Generation: 150; 0.6315703972155786; k: 2.0; 96,84,17,29,75,165,41,96,139,87,119,25,12,165,8,22,90,248,75,187,133,201,127,68,236,178,204,135,128,68,75,87,71,2,150,133,168,60,215,55,218,116,133,157,43,197,187,166,85,171,135,34,103,82,222,154,175,132,131,75,127,143,21,109,133,193,138,218,196,166,139,128
Best fitness found so far: 0.6315703972155786; k: 2.0
Generation: 151; 0.6315703972155786; k: 2.0; 209,64,17,29,75,165,41,96,139,87,71,25,12,165,8,58,90,239,75,82,34,41,96,139,23,71,12,205,165,8,58,45,239,75,130,140,245,209,60,57,73,43,246,88,43,112,188,171,96,3,134,187,134,86,122,80,117,109,227,53,21,12,205,214,225,58,199,9,54,60,68,21,47,210,164,170,13,28,60,207,103,216,137,75,98,96,38,199,175,47,134,68,117,82,139,240,141,107,53,245,227,57
Best fitness found so far: 0.6315703972155786; k: 2.0
Generation: 152; 0.6315703972155786; k: 2.0; 213,84,17,113,75,165,41,96,139,87,119,25,12,165,8,58,90,248,75,187,133,59,153,68,236,178,204,135,128,68,75,106,71,95,4,133,168,238,169,133,201,188,165,24,161,157,220,133,201,134,68,90,178,204,134,137,68,205,145,170,45,28,133,135,60,68,75,223,247,121,12,53,21,204,205,165,8,58,117,220,201,60,68,133,226,63,85,243
Best fitness found so far: 0.6315703972155786; k: 2.0
Generation: 153; 0.6315703972155786; k: 2.0; 209,134,142,29,31,165,41,96,139,87,71,25,12,165,8,58,90,239,75,82,165,130,133,85,121,116,225,101,15,40,97,29,162,163,172,72,58,147,71,217,220,193,60,68,133,47,205,85,2
Best fitness found so far: 0.6315703972155786; k: 2.0
Generation: 154; 0.6315703972155786; k: 2.0; 77,84,17,29,75,165,41,96,139,157,119,25,12,165,8,58,183,239,75,82,165,72,121,201,18,70,24,189,203,246,76,169,135,240,236,178,204,135,202,193,75,87,25,12,165,8,58,90,248,75,228,39,201,18,70,24,189,203,234,76,169,135,240,236,103,17,29,75,215,209,96,139,87,21,12,205,165,59,76,73,68,75,181,98,45,150,133,168,60,34,55,179,97,141,175,237,197,159,4,85,95,135,140,213,82,175,150,175,204,68,75,83,75,210,228,55,1,115,77,68,172,16,53,23,186,88,79,85,243
Best fitness found so far: 0.6315703972155786; k: 2.0
Generation: 155; 0.6315703972155786; k: 2.0; 96,84,17,29,75,165,231,96,139,87,7,140,12,90,8,58,34,239,75,82,226,228,201,201,18,70,24,189,203,180,84,169,2,240,246,103,218,29,75,215,91,96,107,66,132,12,24,165,14,230,93,188,96,31,216,48,75,98,139,231,199,134,29,75,83,81,96,199,133,47,165,180,58,90,248,237,187,133,59,153,68,236,178,204,135,128,68,75,87,71,95,4,133,168,60,119,105,218,116,92,157,61,141,119,226,57,127,230,169,110,139,161,21,220,212,12,205,165,101,15,85,228,130,85,57,157,96,14,237,170,12,21,108,243,75,130,117,82,139,108,127,45,41,21,101,43,149,21,171,96,152,134,68,106,73,135,8,213,131,175,98,175,4,99,49,83,31,110,240,141,81,53,21,93,57
Best fitness found so far: 0.6315703972155786; k: 2.0
Generation: 156; 0.6315703972155786; k: 2.0; 209,64,17,29,75,165,7,96,67,87,71,25,12,165,8,58,90,141,75,82,215,41,134,234,29,71,12,8,165,224,1,45,165,29,130,30,81,209,213,243,112,89,107,57,245,93,57
Best fitness found so far: 0.6315703972155786; k: 2.0
Generation: 157; 0.6315703972155786; k: 2.0; 96,206,17,29,57,165,41,96,139,87,119,25,12,165,8,58,130,239,75,82,165,72,121,201,18,46,24,189,203,234,76,169,91,240,236,178,204,135,19,68,75,87,166,93,91,133,246,36,171,83,57,134,212,134,86,123,166,117,96,227,24,226,12,135,52,8,28,199,9,94,60,68,21,160,215,45,124,231,222,133,201,6,68,24,161,136,215,238,169,95,201,188,68,31,161,242,199,133,201,134,68,74,117,204,67,86,68,217,119,170,240,28,133,135,54,248,75,154,247,121,139,53,59,8,205,165,8,58,199,69,201,60,230,133,47,205,39,96,31,216,135,75,98,139,231,230,134,29,75,182,55,96,210,216,47,237,60,37,221,228,104,165,189,121,171,133,160,200,11,88,205,204,243,60,68,21,117,134,127,170,13,58,199,157
Best fitness found so far: 0.6315703972155786; k: 2.0
Generation: 158; 0.6315703972155786; k: 2.0; 96,84,17,29,75,165,41,96,139,87,119,25,12,165,32,22,90,233,15,187,133,201,127,108,236,178,3,135,128,68,138,87,71,2,150,19,160,52,215,55,218,116,133,157,43,197,187,166,85,171,41,84,242,134,222,183,16,132,131,75,241,134,68,134,103,134,115,75,58,2,189,199,133,188,237,60,75,168,228,236,185,144,36,171,133,184,51,238,92,1,160,243
Best fitness found so far: 0.6315703972155786; k: 2.0
Generation: 159; 0.6315703972155786; k: 2.0; 135,134,142,29,75,165,41,96,181,87,71,25,12,165,8,58,90,239,75,82,165,130,133,85,121,116,173,101,15,89,97,21,73,103,17,48,75,46,109,71,139,87,241,146,205,165,42,58,45,239,4,130,117,82,139,53,57,150,230,21,88,43,149,21,171,96,55,134,11,45,136,165,30,185,124,64,204,210,240,238,146,88,45,73,91,54,12,57,15,85,228,211,165,122,145,181,222,204,201,188,68,146,161,82,199,133,221,134,68,164,50,235,26,137,68,75,87,170,45,186,30,128,60,80,142,153,29,75,165,101,96,205,112,83,25,46,242,101,58,90,141,75,82,215,41,193,60,68,133,47,205,104,2
Best fitness found so far: 0.6315703972155786; k: 2.0
Generation: 160; 0.6315703972155786; k: 2.0; 96,84,17,29,75,165,41,96,139,87,31,25,12,165,8,22,90,90,141,75,82,227,41,96,53,29,79,12,8,121,224,1,45,239,14,130,30,133,203,58,57,84,43,246,88,43,112,188,171,96,3,134,187,134,86,122,80,117,109,227,53,21,12,205,214,225,58,199,9,195,71,25,12,165,8,58,220,64,103,82,165,72,121,10,8,130,143,75,189,53,146,237,169,167,71,112,243
Best fitness found so far: 0.6315703972155786; k: 2.0
Generation: 161; 0.6315703972155786; k: 2.0; 29,84,17,137,75,165,169,96,23,87,71,185,110,165,8,58,90,239,244,82,121,72,121,108,228,213,179,75,54,119,193,43,16,21,218,96,152,134,68,134,86,96,120,117,65,115,53,102,192,205,14,8,58,199,9,195,178,68,222,47,212,132,55,202,133,85,134,68,24,71,174,237,235,213,243,112,142,239,8,172,45,239,75,130,117,82,139,128,157,103,155,41,1,71,27,38,199,12,217,134,68,47,157,100,58,199,246,103,136,87,75,71,139,38,199,180,47,194,68,118,41,214,186,54,119,193,43,16,21,218,96,152,134,68,134,86,96,120,117,65,115,53,102,192,205,14,8,58,199,9,195,178,68,222,47,212,132,55,202,133,85,134,68,24,71,174,237,235,213,243,112,142,239,8,172,45,239,75,130,117,82,139,128
Best fitness found so far: 0.6315703972155786; k: 2.0
Generation: 162; 0.6315703972155786; k: 2.0; 96,84,17,29,75,165,41,96,139,87,119,25,12,165,10,58,34,239,75,78,8,228,95,160,186,70,24,189,72,134,187,134,86,198,80,231,109,227,53,16,224,205,214,228,52,165,5,226,52,133,160,51,45,62,134,86,122,80,79,109,227,53,21,12,205,214,38,236,82,71,226,52,133,160,51,229,62,208,97,243
Best fitness found so far: 0.6315703972155786; k: 2.0
Generation: 163; 0.6315703972155786; k: 2.0; 209,64,17,29,75,165,41,96,139,87,51,25,12,165,245,58,201,239,75,82,215,41,96,139,23,53,29,71,12,116,165,224,1,45,239,29,130,30,81,209,125,72,73,43,124,88,43,112,188,171,96,3,134,187,216,86,204,80,117,109,227,53,54,12,205,214,228,236,23,206,226,52,133,160,51,45,44,208,97,243,96,139
Best fitness found so far: 0.6315703972155786; k: 2.0
Generation: 164; 0.6315703972155786; k: 2.0; 96,84,17,26,75,165,41,96,139,87,107,25,12,165,8,58,90,239,127,82,165,72,121,158,18,70,24,189,203,234,76,169,170,240,236,178,204,135,19,68,75,87,98,187,21,133,246,36,53,157,165,115,210,240,133,96,161,109,95,243,54,87,57,15,85,228,211,5,183,8,23,112,204,201,235,223,146,161,170,199,100,201,134,68,164,40,97,210,228,236,165,115,77,13,108,133,201,18,68,24,234,23,21,88,205,85,243,24,67,85,121,116,225,101
Best fitness found so far: 0.6315703972155786; k: 2.0
Generation: 165; 0.6423580834338161; k: 2.0; 96,84,17,29,75,173,41,96,139,87,166,25,12,165,8,58,90,189,21,88,116,39,21,171,96,152,134,12,24,15,85,121,116,248,101,241,199,100,21,217,157,199
Best fitness found so far: 0.6423580834338161; k: 2.0
Generation: 166; 0.6423580834338161; k: 2.0; 96,84,17,29,75,173,41,96,139,87,166,25,12,165,8,97,90,219,21,88,116,39,21,171,126,152,134,12,24,17,29,75,165,41,163,57,157,119,25,12,165,8,58,228,239,31,82,165,72,204,201,18,70,24,189,203,238,80,169,135,158,236,178,204,135,19,193,75,87,25,12,165,46,58,90,248,75,187,133,201,36,77,236,178,165,81,77,13,245,197,192,133,201,134,220,21,136,204,202,128,68,75,87,170,142,150,133,45,60,68,155,179,57
Best fitness found so far: 0.6423580834338161; k: 2.0
Generation: 167; 0.6423580834338161; k: 2.0; 96,84,17,29,75,173,41,96,139,87,166,25,12,165,103,9,90,189,21,88,116,39,21,171,224,152,134,12,24,27,85,121,116,248,147,241,199,100,21,217,157,96,139,157,119,25,12,165,8,58,183,31,75,82,165,129,237,201,20,70,24,246,203,246,76,169,135,150,42,21,88,116,39,21,171,96,152,134,12,24,15,85,121,116,248,101,241,199,100,21,217,157,199
Best fitness found so far: 0.6423580834338161; k: 2.0
Generation: 168; 0.6423580834338161; k: 2.0; 96,84,17,29,75,173,41,96,43,87,166,25,169,165,8,58,90,189,21,88,172,39,21,171,96,152,87,177,24,213,104,210,98,175,250,213,75,83,136,137,240,141,102,53,21,93,57
Best fitness found so far: 0.6423580834338161; k: 2.0
Generation: 169; 0.6423580834338161; k: 2.0; 96,84,17,29,75,173,41,96,43,87,166,25,169,165,8,58,90,233,21,88,172,39,21,171,96,152,87,243,24,213,104,210,98,175,250,213,75,83,136,137,240,88,102,53,21,93,57
Best fitness found so far: 0.6423580834338161; k: 2.0
Generation: 170; 0.6423580834338161; k: 2.0; 96,84,17,29,75,173,41,96,139,87,204,25,12,165,8,56,78,189,21,88,116,98,175,250,213,75,83,136,137,240,141,102,53,21,93,53
Best fitness found so far: 0.6423580834338161; k: 2.0
Generation: 171; 0.6423580834338161; k: 2.0; 96,84,17,29,75,173,41,96,139,87,166,25,12,165,103,9,90,189,21,88,116,39,21,171,224,152,134,12,24,27,85,121,116,249,147,241,199,100,21,217,157,96,139,157,119,25,12,165,8,58,166,139,128
Best fitness found so far: 0.6423580834338161; k: 2.0
Generation: 172; 0.6423580834338161; k: 2.0; 96,84,17,29,75,173,41,96,43,87,166,15,169,121,8,58,90,189,26,88,172,39,101,31,74,205,85,243,84,17
Best fitness found so far: 0.6423580834338161; k: 2.0
Generation: 173; 0.6423580834338161; k: 2.0; 3,84,17,29,75,173,41,166,139,87,166,25,12,165,8,58,90,189,21,88,201,26,166,171,96,152,243,171,101,133,199,100,103,134,170,147,186,134,181,18,121
Best fitness found so far: 0.6423580834338161; k: 2.0
Generation: 174; 0.6423580834338161; k: 2.0; 96,84,17,29,139,173,41,96,43,87,166,25,169,165,8,58,90,189,170,88,172,39,21,171,116,67,87,20,12,165,157,26,166,171,96,152,134,115,77,13,178,197,192,73,135,134,220,124,136,204,202,128,31,75,87,170,142,150,27,45,131,68,48,179,57
Best fitness found so far: 0.6423580834338161; k: 2.0
Generation: 175; 0.6423580834338161; k: 2.0; 96,84,17,29,75,173,41,96,119,87,140,25,169,165,8,217,90,238,21,5,172,39,21,75,173,41,96,139,87,164,25,12,165,103,9,90,99,21,119,116,39,21,171,224,152,134,12,24,27,85,121,116,128,147,241,199,206,21,217,157,96,139,157,119,25,12,165,8,58,166,139,128
Best fitness found so far: 0.6423580834338161; k: 2.0
Generation: 176; 0.6423580834338161; k: 2.0; 96,84,17,29,75,173,141,96,139,87,186,125,12,165,8,97,90,219,21,88,97,110,21,237,126,152,134,12,24,17,29,75,84,98,106,57,157,63,25,12,165,89,200,238,88,43,2,88,143,96,72,177,29,213,165,41,191,139,87,71,14,12,152,8,58,90,239,75,82,130,72,121,139,228,219,244,17,29,75,173,41,96,139,87,166,100,12,165,84,9,90,189,37,88,116,39,21,171,147,152,11,12,24,27,85,121,116,248,147,241,199,216,21,217,157,96,139,248,119,25,201,165,8,58,183,31,75,46,165,129,180,201,20,70,24,224,203,246,76,169,135,150,42,21,103,116,39,21,171,96,152,134,12,24,15,85,121,116,143,101,175,76,131,134,127,143,21,109,72,66,138,218,196,166,139,128
Best fitness found so far: 0.6423580834338161; k: 2.0
Generation: 177; 0.6423580834338161; k: 2.0; 23,84,17,26,139,173,97,96,97,87,166,25,169,165,8,58,170,189,170,1,162,203,21,171,27,223,87,151,18,165,57,58,70,53,246,203,153,76,169,135,120,42,21,39,116,39,21,171,96,152,134,12,82,71,67,137,97,68,120,217,149,60,10,161,152,134,39,25,200,214,186
Best fitness found so far: 0.6423580834338161; k: 2.0
Generation: 178; 0.6423580834338161; k: 2.0; 96,84,17,29,75,173,41,96,43,87,166,25,169,165,8,58,90,233,21,88,172,39,21,171,96,152,87,242,24,213,104,210,98,175,250,213,75,83,136,137,240,88,102,53,21,152,127,135,21,109,133,94,65,218,21,59,36,73,27,209
Best fitness found so far: 0.6423580834338161; k: 2.0
Generation: 179; 0.6423580834338161; k: 2.0; 96,84,17,29,75,173,41,96,119,87,140,25,169,165,8,58,90,147,21,5,172,39,21,134,96,156,87,243,189,170,88,37,39,90,36,116,67,87,103,188,165,235,58,90,248,75,187,24,205,36,68,114,178,204,93,128,68,75,192,71,95,150,118,26,60,192,223,24,171,107,34,103,82,222,107,175,53,21,232,53
Best fitness found so far: 0.6423580834338161; k: 2.0
Generation: 180; 0.6423580834338161; k: 2.0; 96,84,17,29,93,173,41,96,43,87,166,25,2,188,19,58,90,233,67,88,172,39,42,88,58,152,87,243,24,213,104,210,241,94,164,23,112,204,201,188,68,186,161,82,199,230,201,134,68,164,201,60,155,173,47,136,8,107,43,87,166,25,2,188,19,58,90,233,67,88,172,39,42,88,58,152,87,243,24,213
Best fitness found so far: 0.6423580834338161; k: 2.0
Generation: 181; 0.6423580834338161; k: 2.0; 96,84,17,29,211,173,41,96,139,87,166,25,227,165,165,103,9,227,92,21,88,116,39,21,171,150,152,122,12,143,27,85,247,187,248,147,122,199,8,218,112,204,201,226,68,146,161,82,199,230,201,134,68,103,175,114,131,75,127,135,21,109,133,94,65,218,21,59,36,73,27,209
Best fitness found so far: 0.6423580834338161; k: 2.0
Generation: 182; 0.6423580834338161; k: 2.0; 96,84,17,29,75,173,41,96,43,87,166,25,169,165,8,58,90,238,176,88,172,39,21,171,96,156,87,243,189,170,88,37,107,34,103,82,222,107,175,132,131,75,127,135,21,109,133,94,165,218,196,166,139,128
Best fitness found so far: 0.6423580834338161; k: 2.0
Generation: 183; 0.6423580834338161; k: 2.0; 96,84,17,29,75,173,41,96,139,87,166,25,12,165,103,9,90,189,21,88,14,39,21,171,224,152,147,12,170,27,85,121,116,248,147,241,199,100,76,105,157,96,139,157,119,25,12,165,8,58,183,31,75,82,235,129,237,201,20,59,199,157,119,25,12,165
Best fitness found so far: 0.6423580834338161; k: 2.0
Generation: 184; 0.6423580834338161; k: 2.0; 96,84,17,29,249,173,41,96,43,87,166,25,169,165,8,58,90,233,21,168,77,37,238,244,166,67,171,135,34,103,82,222,107,23,132,40,187,133,205,36,68,114,178,204,135,128,68,75,192,71,95,150,188,26,60,192,182,212,116,133,157,165,197,130,166,238,171,107,34,115,82,222,107,175,132,131,75,127,135,21,124,133,94,171,96,152,87,243,24,213,104,210,11,175,250,213,50,198,181,137,211,165,183,8,205,112,204,201,60,68,146,169,82,199,8,133,163,68,164,201,81,155,219,47,84,8,79
Best fitness found so far: 0.6423580834338161; k: 2.0
Generation: 185; 0.6423580834338161; k: 2.0; 96,84,17,29,139,173,41,96,43,87,166,25,169,165,8,134,90,111,170,88,69,39,21,171,116,67,74,20,168,40,103,9,242,189,165,85,134,68,24,71,230,215,180,46,243,112,89,163,193,79,79,13,110,157,67,88,23,16,236,171,224,152,1,241,134,63,75,240,117,96,227,86,9,12,71,165,16,232,51,21,88,124,85,221
Best fitness found so far: 0.6423580834338161; k: 2.0
Generation: 186; 0.6423580834338161; k: 2.0; 96,84,17,29,75,173,41,96,139,87,166,25,138,165,8,4,90,189,132,88,116,39,25,171,171,152,114,178,93,135,29,68,75,192,71,140,121,116,219,120,241,199,185,87,217,157,96,139,157,119,25,89,165,8,181,183,84,17,194,75,173,41,96,139,87,166,25,12,209,8,97,90,118,21,88,116,39,21,58,126,152,222,12,24,17,29,52,193,41,163,23,157,119,25,233,165,8,58,228,239,31,82,165,72,204,201,18,70,24,189,85,238,80,145,44,158,30,59,138,135,19,193,22,3,25,12,165,46,58,90,248,75,217,133,201,36,77,67,178,165,81,77,30,245,162,192,133,201,134,220,21,136,204,162,128,234,75,87,170,142,150,133,45,56,68,155,179,57
Best fitness found so far: 0.6423580834338161; k: 2.0
Generation: 187; 0.6423580834338161; k: 2.0; 96,84,17,221,75,173,47,96,43,17,166,25,169,165,8,58,14,189,53,88,132,39,21,41,96,242,87,119,12,234,89,200,246,88,43,141,88,143,96,72,177,29,213,165,206,96,139,87,71,14,240,152,8,58,90,239,19,82,194,72,121,139,228,130,244,17,29,75,173,41,96,139,87,166,25,12,165,84,9,90,189,37,88,203,39,21,171,147,152,11,12,24,27,85,121,116,248,147,241,199,100,21,217,233,8,139,248,119,25,201,165,8,58,183,31,75,105,165,129,180,201,20,70,24,224,203,246,78,169,135,150,42,21,103,116,39,21,171,201,152,134,12,57,15,85,121,116,248,101,241,199,100,21,217,157,199,106,152,8,58,90,231,75,82,165,72,121,139,228,130,244,17,29,75,173,41,96,139
Best fitness found so far: 0.6423580834338161; k: 2.0
Generation: 188; 0.6423580834338161; k: 2.0; 96,84,17,29,139,173,41,96,43,87,166,25,169,165,8,58,90,223,170,57,172,39,21,171,116,67,87,20,12,165,235,58,90,248,75,187,215,201,36,52,114,178,57,232,29,68,75,192,71,206,121,116,53,120,241,199,100,87,217,157,96,169,165,8,58,90,189,21,88,172,201,21,171,96,152,87,177,24,213,104,210,212,175,250,213,75,83,136,137,240,141,102,53,21,93,57
Best fitness found so far: 0.6423580834338161; k: 2.0
Generation: 189; 0.6423580834338161; k: 2.0; 96,84,17,29,139,173,41,96,43,142,166,25,169,165,8,134,90,146,170,88,69,39,21,171,116,67,74,20,168,40,103,4,90,189,128,88,14,170,40,7,224,152,134,12,170,27,140,121,194,248,147,144,199,100,81,217,137,96,212,157,119,246,12,165,8,58,183,31,75,82,235,129,158,201,20,203,160,121,90,246,76,150,135,150,42,21,88,5,183,21,171,96,152,134,12,24,220,85,121,116,23,101,241,128,166,8,58,90,35,21,88,13,26,166,171,96,152,134,115,104,244,178,197,192,200,135,134,220,178,136,204,202,128,36,77,115,247,165,81,77,13,245,37,226,133,201,134,54,22,136,204,202,15,141,40,84,208,31,219,213,103,71,12,8,165,204,1,141,151,53,108,187,109,183,21,171,96,152,134,12,24,220,85,121,116,23,101,241,128,166,8,58,90,35,21,88,13,26,166,171,96,152,134,115,104,244,178,197,192,200,135,134,220,178,136,204,202,128,36,77,115,247,165,81,77,13,245,37,226,133,201,134,54,22,136,204
Best fitness found so far: 0.6423580834338161; k: 2.0
Generation: 190; 0.6423580834338161; k: 2.0; 96,84,17,29,75,173,41,96,139,87,202,25,12,165,8,97,90,219,21,88,97,39,248,171,126,152,134,12,24,17,29,75,84,98,106,57,157,237,182,59,116,133,157,8,197,192,107,24,14,107,34,103,205,222,107,9,194,131,75,159,53,102,31,74,205,12,165,247,58,235,239,75,82,34,41,83,139,23,71,12,205,165,8,58,45,239,95,206,140,194,164,60,57,73,43,135,88,43,112,188,171,96,187,134,187,134,129,122,88,172,39,250,11,116,67,87,20,151,175,132,131,75,230,187,21,133,246,14,127,157,165,115,77,13,82,47,201,18,209,117,250,157,199,147,169
Best fitness found so far: 0.6423580834338161; k: 2.0
Generation: 191; 0.6423580834338161; k: 2.0; 26,84,17,29,139,173,223,96,43,87,166,25,209,227,201,214,206,189,170,1,241,39,21,171,116,67,87,20,204,165,235,58,90,248,75,230,115,201,34,159,114,178,204,197,33,29,222,192,71,95,150,47,26,60,187,182,59,116,133,157,8,197,192,107,24,171,107,34,103,205,222,120,97,194,131,75,148,53,101,31,74,205,12,165,8,58,235,239,75,245,30,41,195,139,227,71,12,47,165,8,58,45,239,6,130,140,194,164,60,57,73,43,135,88,43,112,188,171,96,3,134,187,134,86,122,88,182,39,250,11,116,67,111,20,151,175,37,131,75,230,88,116,212,21,171,224,8,134,12,24,27,159,121,116,248,147,241,15,164,23,158,181,201,94,68,146,161,130,81,230,201,134,68,164,201,186,171,133,95,216,238,92,1,160,243
Best fitness found so far: 0.6423580834338161; k: 2.0
Generation: 192; 0.6423580834338161; k: 2.0; 96,84,17,2,75,173,41,96,139,87,136,25,91,67,175,132,208,68,21,111,223,116,39,21,171,147,152,11,163,24,27,45,121,116,248,147,241,199,100,21,217,157,96,11,250,119,25,108,165,96,58,183,31,75,82,165,129,179,201,20,70,24,224,203,246,76,169,135,150,42,21,103,116,39,21,171,96,152,134,12,24,169,85,121,116,8,101,241,199,100,21,217,157,199,12,163,8,58,90,239,75,82,165,72,121,149,228,130,70,17,29,75,173,41,96,139
Best fitness found so far: 0.6423580834338161; k: 2.0
Generation: 193; 0.6423580834338161; k: 2.0; 96,84,17,29,75,173,41,96,139,87,204,25,222,67,133,132,60,68,238,111,186,159,165,44,58,58,45,239,95,130,140,112,164,60,250,73,43,246,88,43,112,188,171,96,3,134,181,134,86,122,80,117,109,227,53,59,12,205,214,179,36,199,58,147,75,76,206,211,198,115,77,13,245,26,75,77,247,121,139,53,17,12,211,64,8,71,217,220,193,60,47,133,47,205,85,2
Best fitness found so far: 0.6423580834338161; k: 2.0
Generation: 194; 0.6423580834338161; k: 2.0; 96,84,17,29,163,173,41,96,43,87,234,25,169,165,17,29,75,173,41,246,43,87,166,25,169,165,8,58,90,233,21,88,172,39,21,171,96,169
Best fitness found so far: 0.6423580834338161; k: 2.0
Generation: 195; 0.6423580834338161; k: 2.0; 244,84,17,29,231,173,41,96,227,87,166,95,12,64,8,97,90,219,171,135,34,104,82,39,103,175,132,131,75,127,135,133,109,147,94,122,165,41,96,139,87,71,190,12,165,8,58,90,141,40,220,215,31,96,213,29,71,12,8,165,224,1,236,151,129,12,93,39,21,171,126,152,134,12,24,17,44,24,71,230,215,180,46,243,125,89,53,193,180,79,13,108,56,67,73,23,20,204,32,224,152,1,68,134,63,75,240,117,96,227,86,9,12,71,164,16,232,51,21,88,228,97,221
Best fitness found so far: 0.6423580834338161; k: 2.0
Generation: 196; 0.6423580834338161; k: 2.0; 96,84,17,29,75,173,41,226,17,87,166,25,12,165,8,97,90,219,21,88,116,39,21,84,126,152,134,12,24,17,29,75,165,17,177,57,248,119,25,12,107,8,9,228,120,31,82,165,72,204,201,30,70,24,189,203,238,80,179,135,158,236,178,165,135,19,193,75,87,25,12,165,46,58,90,132,75,187,157,199
Best fitness found so far: 0.6423580834338161; k: 2.0
Generation: 197; 0.6423580834338161; k: 2.0; 35,84,17,29,75,173,149,96,139,87,166,25,12,165,8,58,90,189,21,88,116,39,21,171,96,164,134,12,24,15,85,121,116,248,101,21,122,208,152,134,12,24,15,92,121,116,248,25,12,165,103,9,90,189,229,88,116,55,21,171,224,8,134,12,101,27,85,121,116,248,147,159,15,164,23,112,204,201,94,68,146,161,130,199,230,164,134,68,164,201,154,171,133,184,216,238,92,1,160,243
Best fitness found so far: 0.6423580834338161; k: 2.0
Generation: 198; 0.6423580834338161; k: 2.0; 96,84,167,29,139,173,41,96,43,142,166,25,169,165,8,217,90,189,170,88,69,39,21,171,116,67,74,20,168,96,103,62,90,189,21,88,14,170,40,7,224,152,134,12,170,27,92,121,194,248,147,144,76,214,81,217,217,96,139,157,119,246,12,165,8,58,183,31,75,82,235,25,12,165,8,58,90,189,21,88,222,26,166,171,96,224,134,115,77,103,215,197,192,133,201,134,220,21,170,204,202,128,68,75,117,170,219,150,133,45,60,68,155,179,57
Best fitness found so far: 0.6423580834338161; k: 2.0
Generation: 199; 0.6423580834338161; k: 2.0; 96,84,17,29,75,173,41,96,171,87,166,25,12,165,139,97,20,219,21,88,97,39,21,171,126,95,134,228,24,17,29,75,60,98,112,57,157,119,25,72,165,73,105,75,165,60,163,57,157,184,57,12,165,8,58,143,33,31,82,165,43,204,201,18,58,147,71,217,220,193,60,68,133,47,205,35,2
Best fitness found so far: 0.6423580834338161; k: 2.0
Total time of execution of seed 5 : 23745075
Solution Fitness: -0.6423580834338161
Variables: random 8 chebyshev moveBetween split moveAverage join
