Generation: 0; 0.004081729422310365; k: 2.6; 123,41,68,140,101,107,220,98,69
Best fitness found so far: 0.004081729422310365; k: 2.6
Generation: 1; 0.5421512676300888; k: 2.0; 202,28,14,47,67,142,165,201,187,30,64,205,191,128,30,32,28,92,89,75
Best fitness found so far: 0.5421512676300888; k: 2.0
Generation: 2; 0.5059075454040928; k: 2.9; 65,63,195,114,235,107,39,236,154
Best fitness found so far: 0.5421512676300888; k: 2.0
Generation: 3; 0.5125517056856894; k: 2.0; 12,54,14,47,67,142,165,201,187,30,64,173,86,63,146,157,92,218
Best fitness found so far: 0.5421512676300888; k: 2.0
Generation: 4; 0.5059075454040928; k: 2.9; 65,63,195,114,235,107,39,236,154
Best fitness found so far: 0.5421512676300888; k: 2.0
Generation: 5; 0.5750345025492197; k: 2.1; 205,93,31,180,37,142,165,201,187,30,64,173,86,63,30,157,92,218
Best fitness found so far: 0.5750345025492197; k: 2.1
Generation: 6; 0.5519310106032006; k: 2.0; 118,101,67,238,165,201,187,53,173,195,181
Best fitness found so far: 0.5750345025492197; k: 2.1
Generation: 7; 0.5750345025492197; k: 2.1; 205,93,31,180,37,142,165,201,187,30,64,173,202,63,30,206,225,162,91,70,250
Best fitness found so far: 0.5750345025492197; k: 2.1
Generation: 8; 0.5491038626636576; k: 2.0; 136,231,128,206,225,162,91,70,211
Best fitness found so far: 0.5750345025492197; k: 2.1
Generation: 9; 0.5750345025492197; k: 2.1; 205,93,31,180,37,142,165,201,187,30,64,173,202,31,180,37,142,165,201,187,30,64,173,202,63,30,206,225,207,91,70,250
Best fitness found so far: 0.5750345025492197; k: 2.1
Generation: 10; 0.5750345025492197; k: 2.1; 205,93,31,180,37,142,165,201,187,30,64,173,202,63,30,215
Best fitness found so far: 0.5750345025492197; k: 2.1
Generation: 11; 0.5750345025492197; k: 2.1; 205,93,31,180,85,142,165,201,187,30,64,173,202,31,180,12,128,206,225,162,91,70,211
Best fitness found so far: 0.5750345025492197; k: 2.1
Generation: 12; 0.5603022928404223; k: 2.0; 30,56,136,197,19,14,11,76,187,30,159,173,86,118,101,205,245,101,173,143,35,87,206,231,162,91,70,76
Best fitness found so far: 0.5750345025492197; k: 2.1
Generation: 13; 0.5750345025492197; k: 2.1; 205,93,31,180,37,142,165,201,187,30,64,173,205,118,31,180,37,142,165,201,181,167,222,173,202,63,30,206,225,162,91,70,250
Best fitness found so far: 0.5750345025492197; k: 2.1
Generation: 14; 0.5750345025492197; k: 2.1; 205,93,31,138,37,142,165,86,187,30,64,173,202,31,206,37,142,165,201,187,30,64,173,82,63,30,206,27,207,91,70,131,64,173,86,63,146,136,92,218
Best fitness found so far: 0.5750345025492197; k: 2.1
Generation: 15; 0.5750345025492197; k: 2.1; 205,89,31,180,37,142,165,201,7,30,64,173,202,31,165,37,142,165,70,249,28,14,74,133,28,23,242,53,48,234,236,87,245,177,7,13,64,173,202,31,180,37,142,165,70,249,28,14,74,133,24,13,118,201,162
Best fitness found so far: 0.5750345025492197; k: 2.1
Generation: 16; 0.5750345025492197; k: 2.1; 205,93,31,180,37,142,165,201,187,30,106,173,205,118,31,180,187,11,96,187,30,7,172,12,183,127,80,67,142,165,7,187,132,248,89,173,62,203,143,177,45,142,165,201,187,30,51,172,12,183,127,80,67,53,165,201,187,8,248,248,83,48
Best fitness found so far: 0.5750345025492197; k: 2.1
Generation: 17; 0.5863875441867963; k: 2.0; 205,93,31,180,37,180,37,142,165,201,187,30,64,173,138,63,30,206,112,207,91,70,250
Best fitness found so far: 0.5863875441867963; k: 2.0
Generation: 18; 0.5750345025492197; k: 2.1; 205,93,31,180,37,7,165,201,7,30,64,183,202,31,180,66,142,165,13,152,162,220,89,224,50,163,173,4,35,87,201,187,63,35,180,201,187,166,64,173,202,31,4,32,233,11,18,69,193,62,73,63,134,197,91,143,76
Best fitness found so far: 0.5863875441867963; k: 2.0
Generation: 19; 0.5829868771667481; k: 2.0; 205,93,31,180,205,93,31,180,37,142,165,201,39,30,64,173,202,31,180,1,142,165,201,234,30,64,173,202,181,30,206,225,207,91,201,171,173,202,31,180,37,142,165,70,249,28,14,74,73,28,13,118,53,48,11,236,133,245,177,160,166,64,17,202,180,37
Best fitness found so far: 0.5863875441867963; k: 2.0
Generation: 20; 0.5863875441867963; k: 2.0; 205,93,31,180,37,215,37,142,165,201,187,30,64,173,138,63,30,206,7,31,227,85,187,101,64,173,205,118,31,104,37,142,187,29,106,173,49,118,142,172,21,11,28,152,79,64,86,142,134,162,173,70,171
Best fitness found so far: 0.5863875441867963; k: 2.0
Generation: 21; 0.5829868771667481; k: 2.0; 205,93,31,180,205,148,31,180,37,142,165,201,39,30,64,173,202,31,180,1,142,165,201,234,30,64,173,202,181,30,206,225,207,91,201,171,173,202,44,180,37,142,165,70,249,28,14,74,73,28,13,118,53,48,11,199,133,245,177,160,166,64,17,202,180,37
Best fitness found so far: 0.5863875441867963; k: 2.0
Generation: 22; 0.5986621202138076; k: 2.0; 205,30,206,225,207,91,201,171,173,202,31,180,37,142,165,70,249,28,14,158,206,28,13,118,149,48,11,236,133,245,136,160,166,64,17,202,180,37
Best fitness found so far: 0.5986621202138076; k: 2.0
Generation: 23; 0.5863875441867963; k: 2.0; 205,93,31,180,37,215,37,142,165,201,187,30,64,173,138,28,30,186,7,31,227,85,187,101,64,173,205,118,31,104,37,142,187,29,106,173,49,118,142,172,21,11,28,152,79,238,86,142,134,162,173,70,67,142,165,201,187,88,248,137,243,32,231,81,250,140,110,154
Best fitness found so far: 0.5986621202138076; k: 2.0
Generation: 24; 0.5863875441867963; k: 2.0; 205,93,31,180,37,180,37,142,165,201,177,30,64,173,138,63,30,96,163,74,62,178,137,196,246,26,71,91,70,241,197,208,187,60,96,149,122,26,41,149,74,53,93,31,180,37,142,165,201,187,30,106,246,26,71,91,70,241
Best fitness found so far: 0.5986621202138076; k: 2.0
Generation: 25; 0.5863875441867963; k: 2.0; 205,67,31,162,37,180,37,142,165,201,145,30,64,173,23,63,245,127,221,124,183,69,32,5,90,250,140,187,246,202,133,99,227,85,157,101,64,64,173,138,63,30,206,53,55,91,70,250
Best fitness found so far: 0.5986621202138076; k: 2.0
Generation: 26; 0.6065337361478211; k: 2.0; 61,167,31,48,205,148,31,180,37,142,165,201,39,30,64,35,202,31,180,1,142,165,201,182,30,64,62,202,52,30,206,102,207,91,201,171,173,202,44,180,37,142,42,173,117,84,92,26,189,132,217,152,17,21,75,52
Best fitness found so far: 0.6065337361478211; k: 2.0
Generation: 27; 0.6065337361478211; k: 2.0; 205,93,31,180,205,148,31,180,37,142,165,201,39,30,64,165,201,39,30,64,173,160,32,180,1,142,165,70,234,30,64,173,202,181,30,206,104,207,166,201,171,173,202,31,148,37,142,165,70,249,28,53,93,31,113,37,142,128,201,187,30,34
Best fitness found so far: 0.6065337361478211; k: 2.0
Generation: 28; 0.6065337361478211; k: 2.0; 205,31,31,180,205,148,31,180,37,142,165,201,39,30,64,165,201,39,30,64,173,160,32,180,1,142,165,70,234,30,64,173,202,181,30,206,104,207,166,201,171,173,202,31,148,37,142,165,70,249,28,53,93,31,113,157,225,207,91,70,250
Best fitness found so far: 0.6065337361478211; k: 2.0
Generation: 29; 0.6065337361478211; k: 2.0; 205,93,31,180,205,148,31,180,37,142,165,201,39,30,64,165,201,39,30,64,173,160,143,180,1,142,165,70,234,152,64,173,202,181,30,185,104,207,166,201,118,173,202,170,148,30,64,173,185,56,180,12,128,191,225,162,91,70,211
Best fitness found so far: 0.6065337361478211; k: 2.0
Generation: 30; 0.6065337361478211; k: 2.0; 205,93,31,180,205,158,31,180,37,142,165,201,39,30,64,165,173,39,30,32,5,90,250,140,187,246,202,63,30,206,225,207,91,70,62
Best fitness found so far: 0.6065337361478211; k: 2.0
Generation: 31; 0.6065337361478211; k: 2.0; 61,167,31,48,205,148,31,180,37,142,165,201,39,30,64,35,202,31,180,1,142,105,201,209,30,64,62,202,52,248,206,102,207,91,201,171,173,16,245,180,37,142,191,225,204,91,70,211
Best fitness found so far: 0.6065337361478211; k: 2.0
Generation: 32; 0.6065337361478211; k: 2.0; 64,31,31,180,205,148,31,180,37,142,165,201,39,30,64,165,201,107,30,64,173,160,32,172,1,121,165,70,234,30,64,173,204,181,201,206,86,201,11,199,74,245,177,160,166,64,17,202,180,37,165,201,145,118,64,173,23,63,245,224,222,124,183,69,32,5,129,250,140,187,246,202,133,99,227,85,157,101,64,64,173,138,63,30,206,53,55,91,70,250
Best fitness found so far: 0.6065337361478211; k: 2.0
Generation: 33; 0.6065337361478211; k: 2.0; 205,31,31,180,205,148,31,180,37,142,165,76,39,30,64,120,201,173,138,89,30,206,7,31,227,85,187,101,64,78,205,67,31,162,37,180,37,142,165,201,173,169,133,99,49,85,157,101,89,64,173,138,63,130,206,112,55,91,73,250,173,138,89,30,206,7,31,227,85,187,101,64,173,205,67,38,162,37,180
Best fitness found so far: 0.6065337361478211; k: 2.0
Generation: 34; 0.6065337361478211; k: 2.0; 205,57,31,180,205,218,107,180,37,142,165,201,39,30,64,165,205,148,221,180,187,6,165,201,39,30,64,25,97,31,180,1,142,165,201,182,45,64,62,71,94,70,127,70,249,100,14,162,160,180
Best fitness found so far: 0.6065337361478211; k: 2.0
Generation: 35; 0.6065337361478211; k: 2.0; 61,167,31,48,205,148,31,180,37,142,165,201,39,30,64,35,202,31,186,149,26,41,211,42,53,38,31,110,241,94,165,201,217,93,106,227,125,247,25,5,37,73,140
Best fitness found so far: 0.6065337361478211; k: 2.0
Generation: 36; 0.6065337361478211; k: 2.0; 61,167,31,48,205,148,221,90,167,142,111,36,27,30,40,35,202,31,87,1,142,165,201,182,30,64,201,55,94,70,89,125,247,32,5,37,147,140,38,34,129,44,201,187,133,241,179,37,37,159,166,236,108,142,66,145,184,173,241,38,192,37,64,173,104,104,20,107,9,96,216,74,4,178,226,196,205,231,20,157,131,238,197,208,187,166,50,122,202,5,90,250,140,53,11,96,216,200,62,123,56,196,8,17,71,91,28,74,173,63,211,69,172,99,86,63,65,202,91,56,145
Best fitness found so far: 0.6065337361478211; k: 2.0
Generation: 37; 0.6065337361478211; k: 2.0; 57,31,31,180,205,148,31,180,37,142,165,201,39,30,64,165,201,107,30,64,211,77,32,172,1,121,165,70,234,30,64,173,40,181,201,206,86,201,11,5,74,245,177,160,166,64,17,202,180,37,107,180,69,142,165,201,39,30,64,165,205,127,180,205,148,31,180,37,142,165,201,39,30,64,165,201,107,30,64,211,160,28,172,1,121,165,70,234,30,64,173,46,181,201,206,86,201,11,199,74,245,177,160,166,64,17,202,248,37,107,180,37,142,165,201,186,30,64,165,205,148,221,79,184,6,20,201,39,30,64,25,97,31,180,1,142,50,201,182,10,64,62,180,94,70,127,70,53,121,14,17,208,68,13,35,173,17,98,113,157,16,205,172,185,64,35,202,178,21,37,244,210,195,129,183,106,249,121,14,17,73,68,13,35,173,211,98,113,157,211,205
Best fitness found so far: 0.6065337361478211; k: 2.0
Generation: 38; 0.6065337361478211; k: 2.0; 61,167,31,21,53,188,31,180,37,142,165,201,39,30,64,35,202,31,180,1,142,165,201,182,30,64,59,202,52,30,164,102,207,91,201,171,173,202,44,180,3,142,42,173,117,84,182,178,30,90,245,54,134,189,187,101,162,170,205,23,37,173,117,84,227,169,145,127,127,80,132,129,103,106
Best fitness found so far: 0.6065337361478211; k: 2.0
Generation: 39; 0.6065337361478211; k: 2.0; 61,167,31,48,205,148,221,90,167,142,111,36,27,30,40,35,202,31,87,1,142,219,167,182,30,49,201,6,94,70,89,125,247,32,5,37,147,140,38,34,129,44,201,1,133,22,13,31,159,37,142,165,11,39,30,64,165,173,10,142,66,201,187,45,241,28,29,93,31,113,37,142,128,43,187,30,34
Best fitness found so far: 0.6065337361478211; k: 2.0
Generation: 40; 0.6065337361478211; k: 2.0; 57,31,51,180,205,148,31,180,37,142,165,201,39,30,64,165,201,107,30,64,211,160,32,172,1,121,165,70,234,6,64,173,204,181,201,206,79,201,11,199,74,245,177,191,166,122,17,202,180,37,107,180,37,142,165,201,39,230,64,165,205,148,221,180,37,6,165,201,39,30,64,25,97,143,180,1,142,50,155,89,10,123,62,180,94,70,127,70,249,121,14,17,73,68,13,35,22,211,98,66,184,169,202,97,187,72,173,57,54,111,231,142,77,54,187,241,145,156,17,210,83,43,30,64,105,104,143,128,1,142,107,70,234,152,219,218,219,125,30,185,104,42,154,94,132,30,234,82,7,50,118,173,23,63,245,29,112,161,91,69,32,75
Best fitness found so far: 0.6065337361478211; k: 2.0
Generation: 41; 0.6065337361478211; k: 2.0; 61,167,31,21,205,148,31,180,37,142,165,201,39,30,64,35,202,247,180,1,142,165,201,32,30,64,59,202,52,30,206,102,207,91,201,171,173,202,44,180,3,195,42,173,96,84,182,43,30,90,245,54,134,189,187,101,162,173,205,23,37,180,37,142,30,64,154,204,181,30,206,104,48,140,199,74,245,177,160,166,64,17,202,180,37,142,88,201,212,30,100,173,83,176,245,127,31,23,63,211,69,193,99,86,63,244,162,91,56,98
Best fitness found so far: 0.6065337361478211; k: 2.0
Generation: 42; 0.6065337361478211; k: 2.0; 205,93,31,180,205,148,31,180,37,142,165,201,39,30,64,165,173,10,142,66,64,35,202,31,142,121,180,149,57,77,210,187,187,109,222,250,205,101,67,233,19,201,187,62,178,137,1,246,47,71,91,8,241,197,208,187,188,96,149,122,26,41,224,74,53,93,108,180,76,142,165,201,187,30,106,246,5,71,91,70,241
Best fitness found so far: 0.6065337361478211; k: 2.0
Generation: 43; 0.6065337361478211; k: 2.0; 73,31,31,180,205,148,31,180,37,142,165,76,39,30,64,165,93,160,30,64,173,160,112,207,91,201,171,173,202,44,180,37,142,42,173,117,84,92,26,189,132,217,152,205,148,31,180,37,142,181,50,83,30,64,165,201,39,39,137,173,160,143,180,1,142,139,70,234,210,64,173,202,181,30,185,104,207,166,94,187,30,106,173
Best fitness found so far: 0.6065337361478211; k: 2.0
Generation: 44; 0.6065337361478211; k: 2.0; 205,169,31,180,205,148,31,180,37,72,165,201,39,30,64,165,201,39,30,64,173,160,184,180,1,142,165,70,234,152,64,205,80,37,142,165,20,118,30,64,35,202,31,180,59,142,165,201,182,30,69,62,202,52,77,105,180,173,170,195,58,63,30,206,225,162,94,191,115,180,205,148,31,180,37,72,165,201,39,30,64,165,201,39,30,64,173,160,184,180
Best fitness found so far: 0.6065337361478211; k: 2.0
Generation: 45; 0.6065337361478211; k: 2.0; 181,167,31,48,205,148,31,180,37,142,165,201,39,30,128,35,202,114,180,24,142,165,23,181,162,176,19,201,167,198,226,180,156,180,25,142,165,201,145,182,237,186,23,63,245,127,91,207,183,142,165,242,75,30,64,71,103,31,180,237,46,93,92,46,180,94,70,109,70,249,179,172,74,134,5,82,64,173,2,155,167,157,35,78,245,121,64,35,202,178,246,37,127,165,115,129,103,106
Best fitness found so far: 0.6065337361478211; k: 2.0
Generation: 46; 0.6065337361478211; k: 2.0; 61,79,226,21,205,148,31,180,199,142,165,66,39,30,168,35,202,105,180,202,52,30,207,91,201,249,53,92,46,180,94,70,133,1,249,234,14,74,73,68,13,64,173,211,98,113,157,221,205,172,30,64,35,202,178,21,37,142,66,205,129,30,106
Best fitness found so far: 0.6065337361478211; k: 2.0
Generation: 47; 0.6065337361478211; k: 2.0; 61,167,31,222,205,148,31,180,37,142,165,201,39,30,64,35,202,31,180,1,142,165,201,182,30,64,62,202,193,30,206,112,207,91,201,171,173,202,44,180,37,142,243,173,117,84,92,26,189,132,217,152,205,167,31,48,205,148,31,180,37,142,41,201,39,30,128,35,42,114,180,1,142,165,23,181,162,37,30,237,173,23,63,245,62,29,207,183,142,165,201,185,30,64,71,103,31,180,237,46,164,92,46,180,247,28,241,23,123,179,172,74,134,5,82,64,173,2,244,167,157,35,78,172,48,64,226,202,178,222,37,127,165,129,129,192,106
Best fitness found so far: 0.6065337361478211; k: 2.0
Generation: 48; 0.6065337361478211; k: 2.0; 205,31,31,180,205,28,31,180,37,142,165,76,39,30,65,120,201,173,138,250,30,206,7,31,227,85,187,101,64,78,205,208,31,162,37,180,37,142,165,201,173,169,133,99,49,85,157,101,88,64,160,2,91,69,32,102,168,31,181,173,205,28,167,91,69,32,5,99,63,71,173,86,195,59,184,87,206,187,187,49,136,104,12,180,149,142,24,83,174,11,30,147,173,205,53,11,96,116,33,62,18,38,196,160,80,71,208,64,14,30,148,60,96,6,129,26,41,214,206,53,38,15,110,218,20,175,201,65,185,250,89,114,189,32,5,37,73,140,60,34,129,214,88,1,30,241,121,7,37,159,156,68,138,1,69,145,184,173,128,38,192,37,64,158,104,55,59,107,81,42,216,77,29,178,168,196,205,26,234,80,118,2,115,131,75,147,247,124,5,212,165,105,144,142,165,225,181,179,37,180,37,75,165,201,92,30,243,173,23,168,184,127,210
Best fitness found so far: 0.6065337361478211; k: 2.0
Generation: 49; 0.6065337361478211; k: 2.0; 163,167,31,48,205,148,205,80,37,142,165,40,39,121,64,35,202,31,180,202,214,165,201,182,30,69,62,202,5,77,105,180,173,170,201,217,93,200,90,125,78,218,5,37,84,140
Best fitness found so far: 0.6065337361478211; k: 2.0
Generation: 50; 0.6065337361478211; k: 2.0; 205,93,31,180,205,148,31,180,37,142,165,201,39,30,64,165,173,10,142,122,201,187,30,241,22,149,30,64,186,104,105,180,173,205,101,67,238,165,201,187,90,125,247,32,5,37,154,140,102,222,142,15,201,32,5,90,30,64,8,205,148,221,180,187,6,165,92,39,30,55,25,97,31,180,1,142,165,201,182,45,64,62,204,94,70,127,178,249,100,14,162,160,180,142,165,201,182,45,64,62,204,94,70,127
Best fitness found so far: 0.6065337361478211; k: 2.0
Generation: 51; 0.6065337361478211; k: 2.0; 205,31,31,180,205,148,31,180,37,142,165,76,39,30,64,235,93,39,30,64,173,160,35,180,1,227,165,157,245,30,64,173,202,181,30,44,104,207,7,119,171,173,202,31,148,37,142,165,70,249,31,110,241,243,64,201,217,93,106,90,125,247,25,5,61,73,205,67,146,162,37,180,3,142,42,173,245,84,92,43,30,185,197,54,197,124,187,101,162,182,205,23,37,180,37,142,165,201,145,30,15,173,131,133,65,171,5,165,201,91,216,8
Best fitness found so far: 0.6065337361478211; k: 2.0
Generation: 52; 0.6065337361478211; k: 2.0; 205,93,31,180,205,148,31,180,37,142,165,201,39,30,64,165,173,10,138,66,153,187,30,79,109,37,34,64,186,104,105,31,31,180,205,148,31,180,37,142,105,201,39,30,76,165,201,107,133,64,173,160,32,172,1,121,165,70,234,30,64,173,204,181,201,206,86,201,11,199,74,245,177,160,166,64,17,202,180,37,165,201,145,118,144,173,23,63,245,224,77,124,183,69,32,5,129,250,140,187,246,202,133,99,227,85,157,101,64,64,173,138,63,30,142,53,55,91,70,103
Best fitness found so far: 0.6065337361478211; k: 2.0
Generation: 53; 0.6065337361478211; k: 2.0; 205,93,31,180,205,148,31,180,37,142,165,201,39,30,64,165,201,39,30,63,173,101,162,173,205,23,37,180,217,142,165,201,145,30,210,173,131,133,65,171,5,165,201,91,216,8
Best fitness found so far: 0.6065337361478211; k: 2.0
Generation: 54; 0.6137385594798308; k: 2.0; 205,31,31,180,205,148,31,228,37,142,165,76,68,30,64,120,201,173,35,6,30,206,7,31,227,85,187,114,74,78,143,67,91,162,139,123,37,244,165,39,173,169,133,99,49,85,157,101,89,64,173,119,63,130,205,93,84,180,37,180,37,165,201,107,30,64,173,160,32,177,1,121,165,70,234,30,64,190,100,181,201,32,5,90,31,125,173,205,195,159,184,30,206,98,31,91,173,104,12,115,62,240,105,196,152,17,109,91,70,227,197,158,187,127,45,62,25,26,198,214,123,108,40,125,80,71,91,180,106,206,233,131,237,186,149,26,41,214,74,53,38,193,10,218,87,165,93,187,30,106,89,57,247,92,5,37,73,140,218,34,129,206,177,244,39,241,201,37,37,78,112,236,108,142,66,145,184,173,176,38,192,128,64,92,238,40,97,107,99,109,239,74,4,178,226,59,173,231,20,91,131,238,197,208,187,60,50,122,202,5,90,119,197,53,11,96,216,200,161,123,191,196,8,17,105,91,28,34,23,63,32,126,172,29,86,20,9,162,91,50,145
Best fitness found so far: 0.6137385594798308; k: 2.0
Generation: 55; 0.6137385594798308; k: 2.0; 205,31,31,180,205,78,31,228,37,142,165,76,68,30,64,120,201,173,35,6,30,206,7,31,227,85,153,114,74,78,195,67,103,162,139,123,37,244,165,39,173,169,133,182,49,85,157,101,89,64,173,119,63,130,205,93,84,180,64,180,37,165,201,107,30,64,173,160,32,177,1,225,165,70,234,30,64,190,100,181,201,32,5,90,31,125,173,205,195,159,184,30,206,98,31,91,173,104,12,115,62,6,105,196,152,17,109,91,70,227,197,158,187,127,235,62,25,26,198,214,123,108,40,125,80,71,91,180,106,206,233,131,237,186,149,26,41,214,74,53,38,193,207,166,94,187,30,106,173
Best fitness found so far: 0.6137385594798308; k: 2.0
Generation: 56; 0.6065337361478211; k: 2.0; 205,31,31,180,205,148,31,180,37,142,165,76,39,30,64,165,93,39,30,64,65,160,32,180,1,227,165,157,245,30,64,173,85,181,30,37,104,207,166,119,171,64,202,31,165,201,92,30,218,173,23,168,245,127,210,156,91,69,32,5,212,31,181,173,106,85,167,91,69,198,5,90,31,132,173,236,195,67,184,30,206,98,187,91,136,104,12,180,57,35,1,83,187,242,30,147,173,205,53,11,96,116,33,62,26,145,247,160,80,71,208,28,90,30,148,60,96,51,217,26,41,105,206,53,38,31,218,218,126,175,201,65,30,250,89,114,247,124,5,37,73,140,60,34,129,214,88,142,30,241,201,37,37,159,39,68,138,107,69,145,42,173,128,38,192,37,64,158,104,31,59,107,81,42,216,33,29,178,168,196,59,26,234,49,118,2,14,131,75,147,247,124,5,212,165,105,177
Best fitness found so far: 0.6137385594798308; k: 2.0
Generation: 57; 0.6137385594798308; k: 2.0; 205,31,31,180,205,78,31,228,37,142,165,76,68,30,64,120,201,173,35,6,30,206,7,31,227,85,153,114,83,176,25,127,112,38,69,69,32,204
Best fitness found so far: 0.6137385594798308; k: 2.0
Generation: 58; 0.6137385594798308; k: 2.0; 205,31,31,180,225,78,31,228,37,142,165,111,74,30,64,62,201,173,17,6,30,142,212,29,180,20,91,242,238,197,208,187,60,50,122,29,59,90,250,114,53,11,96,216,200,230,123,101,196,8,17,71,144,28,90,143,187,46,96,104,74,26,41,214,42,180,38,31,110,241,94,165,227,10,93,106,90,238,247,25,44,37,73,140
Best fitness found so far: 0.6137385594798308; k: 2.0
Generation: 59; 0.6137385594798308; k: 2.0; 205,31,31,180,205,148,31,228,37,142,165,76,192,30,64,120,201,220,35,6,30,206,7,31,227,85,187,114,74,78,143,67,209,162,139,123,37,108,212,39,173,169,133,99,49,85,157,243,10,64,173,119,63,130,205,93,84,180,37,180,37,184,201,107,30,119,173,160,32,44,1,121,165,70,234,30,64,169,100,181,201,32,136,90,31,125,173,205,195,159,184,30,206,98,31,150,7,104,94,115,62,118,105,196,205,93,31,180,205,148,31,180,37,142,165,201,83,30,64,231,201,39,30,64,173,160,230,180,1,142,165,70,234,152,64,173,65,181,30,185,104,207,166,58,43,30,106,141
Best fitness found so far: 0.6137385594798308; k: 2.0
Generation: 60; 0.6137385594798308; k: 2.0; 205,195,31,180,205,148,31,228,37,142,165,76,68,30,64,120,201,173,35,6,204,206,7,31,227,85,187,114,74,78,143,67,91,9,175,123,37,244,197,39,173,169,233,99,49,85,157,101,89,64,173,119,63,130,205,140,84,180,37,180,37,165,201,107,30,64,126,160,54,177,1,121,165,70,198,30,64,190,100,63,201,32,5,90,151,125,202,205,195,159,184,30,206,98,31,91,173,104,12,115,62,240,105,196,152,17,109,91,70,227,197,158,212,127,45,62,25,26,198,214,123,143,40,125,183,71,91,180,106,206,233,131,237,88,149,26,41,214,74,53,38,159,10,218,87,140,93,187,30,106,89,57,247,92,5,37,73,140,218,6,129,206,177,244,39,241,201,37,233,221,112,236,108,142,66,145,184,173,176,97,192,179,64,92,238,40,97,107,170,109,239,74,4,178,226,59,173,231,20,91,205,238,197,208,187,60,50,122,202,5,139,119,197,53,11,96,216,200,161,123,191,196,8,17,174,91,28,34,23,63,32,126,172,29,77,187,91,173,57,201,3,98,69,84,202,52,77,105,180,173,152,73,58,189,30,164,120,162,151,76,115
Best fitness found so far: 0.6137385594798308; k: 2.0
Generation: 61; 0.6137385594798308; k: 2.0; 205,31,31,180,17,78,31,228,37,142,165,111,74,30,64,62,201,173,17,6,30,142,212,29,180,20,91,242,171,197,208,187,60,50,221,29,59,88,187,40,107,78,91,67,91,124,109,123,37,244,212,39,231,57,244,152,126,85,103,243,10,136,173,119,63,130,205,93,84,180,229,180,248,2,201,107,30,146,173,160,150,44,1,121,201,209,234,30,244,190,100,99,201,32,5,116,31,125,173,205,195,159,10,30,206,98,31,150,173,207,12,103,62,118,105,55,59,31,109,228,142,227,247,200,25,247,33,73,140
Best fitness found so far: 0.6137385594798308; k: 2.0
Generation: 62; 0.6137385594798308; k: 2.0; 205,31,31,180,205,78,31,228,37,142,165,76,68,30,232,120,201,173,35,108,30,27,227,31,227,85,153,114,74,78,105,67,103,136,139,232,37,244,165,39,173,169,133,182,49,246,64,101,249,64,173,119,63,179,205,93,191,180,64,224,174,233,201,107,153,64,173,160,32,177,1,159,165,70,234,30,64,190,100,186,238,32,181,90,31,1,41,24,131,210,30,64,173,202,78,30,206,104,52,60,167,91,218,32,90,90,48,180,173,242,195,67,184,31,42,172,142,212,29,180,20,91,242,247,197,177,187,60,50,122,112,98,90,250,114,53,11,96,147,200,230,123,101,196,8,17,71,149,161,90,143,84,46,96,104,74,26,41,214,42,180,38,31,110,241,94,165,53,10,88,106,90,125,247,25,107,37,119,140
Best fitness found so far: 0.6137385594798308; k: 2.0
Generation: 63; 0.6137385594798308; k: 2.0; 205,31,31,180,205,78,31,228,37,142,209,156,68,30,64,186,201,173,35,6,30,206,9,115,227,85,38,7,74,78,39,68,138,107,69,145,184,173,128,38,192,37,64,32,180,1,184,165,70,245,30,64,173,64,223,173,39,30,32,5,54,250,59,187,180,202,63,154,206,225,82,91,92,62
Best fitness found so far: 0.6137385594798308; k: 2.0
Generation: 64; 0.6137385594798308; k: 2.0; 205,31,31,180,205,148,31,228,37,142,165,206,68,30,44,120,120,87,35,159,30,119,24,31,122,88,187,40,229,78,153,67,91,184,142,165,192,24,30,74,231,201,39,30,64,173,211,40,180,1,142,165,70,234,152,64,173,65,181,30,185,104,207,166,56,196,22,165,39,173,169,133,204,49,82,217,101,249,64,192,119,215,130,205,93,191,180,64,7,37,165,201,64,247,64,173,160,225,177,2,159,165,70,234,30,64,154,90,181,11,32,5,90,83,1,103,84,70,245,30,174,173,202,181,30,206,104,207,166,119,171,173,65,3,148,37,113,165,70,234,30,135,85,157,101,203,119
Best fitness found so far: 0.6137385594798308; k: 2.0
Generation: 65; 0.6137385594798308; k: 2.0; 205,31,31,180,205,148,235,228,37,142,165,206,68,30,64,120,41,173,46,6,30,16,247,104,223,166,119,171,173,100,3,148,37,142,165,70,249,31,110,241,243,133,201,102,93,144,140,125,247,25,5,37,202,140
Best fitness found so far: 0.6137385594798308; k: 2.0
Generation: 66; 0.6321581745385704; k: 2.0; 117,31,45,180,199,78,31,228,37,142
Best fitness found so far: 0.6321581745385704; k: 2.0
Generation: 67; 0.6137385594798308; k: 2.0; 205,31,31,180,205,148,31,228,37,142,23,76,68,30,64,120,201,173,35,6,30,206,7,31,227,85,187,114,74,116,143,67,213,142,51,206,68,30,64,120,201,87,35,159,30,206,144,31,7,88,187,40,229,78,208,95,9,124,109,42,37,244,212,123,173,231,180,235,21,195,58,63,30,206,225,162,94,191,115,31,180,205,148,31,228,37,142,23,76,68,30,64,120,201,173,35,6,30,206,7,31,227,85,187,114,74,116,143,67,213,142,51,206,68,30,64,120,201,87,35,159,30,206,144,31,7,88,187,40,229,78,208,95,9,124,109,42,37,244,212,123,173
Best fitness found so far: 0.6321581745385704; k: 2.0
Generation: 68; 0.6137385594798308; k: 2.0; 205,235,31,180,205,148,31,228,37,142,165,76,68,30,164,120,201,173,154,113,30,206,23,80,227,85,116,168,74,78,143,67,91,162,95,7,37,244,212,39,173,169,136,99,201,85,157,162,10,85,173,119,63,130,205,93,84,180,37,180,37,121,201,107,30,119,173,160,32,44,1,121,165,65,234,30,64,159,100,226,201,32,87,90,109,159,173,205,195,129,184,30,206,98,31,150,173,104,12,115,62,174,160,234,152,31,223,180,37,101,136,201,39,30,64,165,201,39,80,239,173,204,32,99,1,142,165,70,234,40,109,141,202,181,61,125,247,32,5,37,154,140,102,67,142,15,201,32,5,90,250,47,85,154,23,80,227,85,116,185,74,78,143,67,91,162,95,31,7,88,187,114,74,78,208,67,91,151,230,123,37,244,212,118,2,14,173,75,147,201,124,145,212,165,105,114
Best fitness found so far: 0.6321581745385704; k: 2.0
Generation: 69; 0.6137385594798308; k: 2.0; 79,31,246,180,205,148,31,228,37,142,165,76,68,30,78,145,201,173,35,6,30,206,7,31,227,85,187,114,82,120,143,67,91,162,139,123,37,159,212,190,39,173,169,136,99,201,85,157,25,10,85,173,119,63,130,205,93,84,180,238,92,37,165,201,107,238,119,173,160,32,44,1,121,165,65,234,30,64,190,100,226,201,32,207,90,31,113,173,205,195,129,184,30,206,98,31,150,173,104,12,115,62,118,160,196,152,31,223,180,37,142,248,201,39,30,64,165,201,39,30,239,173,204,32,99,1,142,165,70,234,40,64,141,202,204,242,125,247,32,5,37,141,140,102,67,142,178,201,130,5,90,16,47,85,154,23,80,16,85,116,185,160,78,143,67,91,162,95,7,37,244,212,39,173,169,136,99,201,85,157,228,10,85,246,119,63,130,19,93,84,69,37,180,37,165,201,107,30,65,173,160,32,44,1,121,165,65,234,30,64,190,100,226,201,32,87,196,31,125,173,205,195,129,232,30,206,98,31,150,146,98,31,150,173,104,12,115,62,118,160,196,152,31,223,180,37,142,248,201,39,30,64,165,201,39,30,239,173,204,32,99,1,142,165,70,234,40,64,141,202,204,242,125,247,32,5,37,141,140,102,67,142,178,201,130,5,90,16,47,85,154,23,80,16,85,116,185,160,78,143,67,91,162,95,7,37
Best fitness found so far: 0.6321581745385704; k: 2.0
Generation: 70; 0.6137385594798308; k: 2.0; 205,31,31,180,205,78,31,228,37,142,165,16,196,30,88,120,201,173,35,108,158,27,38,31,227,85,170,114,74,78,218,67,103,136,139,232,37,244,165,39,173,169,133,182,49,246,157,101,249,64,144,58,63,55,205,201,173,35,6,177,206,7,31,227,85,153,114,74,78,105,67,103,162,8,123,37,244,165,39,143,169,133,209,49,82,5,101,132,162,173,221,63,130,205,93,124,199,27,180,85,165,120,205,247,64,173,243,32,177,1,159,165,70,234,65,194,190,100,181,201,32,5,90,31,1,103,226,13,245,30,64,173,202,181,30,152,104,207,166,119,171,173,100,145,30,237,173,23,63,245,44,91,207,183,142,165,201,75,30,132,71,103,31,180,237,46,245,92,211,180,94,70,65,70,10,2,172,74,134,5,82,64,173,2,98,93,157,91,95,172,30,64,35,202,30,17,37,127,165,55,129,103,106
Best fitness found so far: 0.6321581745385704; k: 2.0
Generation: 71; 0.6137385594798308; k: 2.0; 205,31,31,180,225,78,193,228,37,142,165,111,74,30,64,62,104,241,142,29,30,142,233,194,180,76,15,135,225,155,208,187,74,19,122,29,59,90,185,114,53,196,244,165,39,173,169,133,204,49,82,217,189,249,64,192,119,63,130,205,127,34,126,64,85,37,165,201,93,247,36,173,160,32,177,1,159,165,70,234,30,17,190,90,181,11,32,5,90,83,76,68,30,64,120,201,173,35,248,30,206,7,46,227,85,153,100,74,78,195,67,103,162,139,109,233,6,165,39,173,69,192,191,201,85,157,101,89,64,41,119,63,130,205,93,84,226,197,88,37,165,201,107,89,64,227,85,187,114,74,78,170,67,209,212,142,133,77,49,5,119,201,91,219,8
Best fitness found so far: 0.6321581745385704; k: 2.0
Generation: 72; 0.6137385594798308; k: 2.0; 205,31,31,180,205,78,31,228,37,142,165,76,68,30,64,5,163,173,35,6,30,206,7,31,130,85,142,114,74,78,214,180,103,162,180,123,196,244,165,39,173,169,133,166,49,85,202,79,249,64,79,119,63,130,205,93,191,180,64,158,37,165,201,64,247,64,173,160,32,177,1,152,165,70,234,30,136,13,90,181,11,32,5,90,31,1,103,166,70,245,30,64,73,140
Best fitness found so far: 0.6321581745385704; k: 2.0
Generation: 73; 0.6137385594798308; k: 2.0; 205,25,31,180,205,78,31,228,37,142,165,76,68,30,232,120,201,173,35,108,30,27,227,31,227,85,153,114,74,78,105,67,210,136,139,232,37,244,79,39,173,169,133,182,49,246,64,101,140,64,173,119,63,179,205,93,191,31,125,160,4,197,159,106,30,103,98,31,150,173,207,149,115,62,118,105,196,34,3,109,228,163,113,125,247,25,247,125,73,140
Best fitness found so far: 0.6321581745385704; k: 2.0
Generation: 74; 0.6137385594798308; k: 2.0; 205,31,31,180,205,148,171,228,37,142,165,241,68,30,64,120,201,87,35,159,30,206,7,31,7,88,187,40,229,62,208,55,91,124,109,123,185,144,212,39,173,57,133,163,49,85,103,243,62,64,173,119,63,130,205,93,84,180,231,180,248,2,201,107,30,146,173,160,32,44,1,121,201,209,234,30,244,190,100,99,248,107,5,116,31,125,173,205,195,159,10,30,206,98,31,150,2,201,107,30,146,173,160,150,44,1,121,201,209,234,30,244,190,100,248,201,32,5,116,103,101,173,205,195,159,33,237,206,98,31,28,250,207,12,65,62,118,105,55,250,158,109,228,142,19,247,200,25,235,213,73,140
Best fitness found so far: 0.6321581745385704; k: 2.0
Generation: 75; 0.6137385594798308; k: 2.0; 205,31,31,180,205,148,143,228,37,142,165,206,68,30,64,120,41,173,35,6,30,206,247,31,7,88,200,114,177,16,159,165,70,234,30,241,190,90,181,11,32,5,90,83,1,103,84,70,245,30,213,173,202,181,30,206,104,28,166,119,38,173,65,3,148,37,113,165,70,234,30,135,85,157,150,203,119
Best fitness found so far: 0.6321581745385704; k: 2.0
Generation: 76; 0.6137385594798308; k: 2.0; 205,31,31,210,205,78,31,228,37,142,111,76,102,30,64,120,201,201,35,6,30,47,64,179,218,239,129,206,177,244,39,241,201,37,37,78,112,236,108,142,66,145,184,173,176,38,192,128,64,92,232,40,97,107,99,109,239,60,4,178,226,59,173,231,20,219,131,238,197,208,84,60,50,122,239,5,90,119,197,53,11,96,216,200,161,123,191,196,8,17,105,91,28,34,23,23,32,126,172,29,86,76,9,162,91,50,145
Best fitness found so far: 0.6321581745385704; k: 2.0
Generation: 77; 0.6137385594798308; k: 2.0; 205,31,31,180,225,78,31,228,37,142,165,111,74,30,64,23,104,173,142,66,182,33,76,29,242,143,197,208,135,74,50,162,29,59,90,110,114,53,55,96,216,144,230,123,101,18,8,17,71,77,28,53,81,186,180,1,142,165,201,182,236,64,196,47,180,202,31,180,212,142,149,201,182,30,69,62,202,52,77,105,180,173,21,195,219,63,30,206,36,162,94,191,115
Best fitness found so far: 0.6321581745385704; k: 2.0
Generation: 78; 0.6137385594798308; k: 2.0; 28,31,31,180,205,78,31,228,37,142,165,76,68,30,94,120,201,173,35,6,30,206,7,31,227,85,153,114,149,157,105,67,103,162,139,123,132,244,165,39,173,169,133,182,49,85,227,18,249,29,173,205,63,59,205,93,210,180,64,180,37,165,201,107,247,64,103,160,32,136,1,159,165,70,234,30,64,190,100,181,201,18,5,90,31,1,103,84,70,245,30,64,173,49,181,185,206,104,207,26,101,171,173,100,3,237,186,149,26,41,214,74,53,38,161,10,218,87,165,93,156,30,106,173,169,133,204,49,82,217,112,249,64,192,119,63,130,205,136,34,5,64,180,37,165,201,93,184,64,173,160,32,177,1,74,165,70,234,225,64,190,90,181,11,32,5,90,83,1,103,84,70,245,30,64,78,202,181,28,206,104,207,166,119,171,84,229,204
Best fitness found so far: 0.6321581745385704; k: 2.0
Generation: 79; 0.6137385594798308; k: 2.0; 205,155,31,180,205,148,129,228,37,207,165,76,192,30,64,120,201,210,35,148,216,206,7,31,227,85,230,114,74,78,143,67,209,42,42,133,5,171,5,119,201,91,219,8
Best fitness found so far: 0.6321581745385704; k: 2.0
Generation: 80; 0.6137385594798308; k: 2.0; 205,235,31,180,183,148,31,228,37,142,165,76,68,30,64,120,68,17,154,6,30,104,48,72,227,85,187,185,222,205,148,179,228,37,163,165,76,68,30,64,120,201,173,154,6,30,222,23,72,227,85,187,185,246,78,37,67,193,162,139,7,37,244,212,39,173,169,136,99,201,198,157,243,202,163,173,119,63,130,205,93,84,180,37,180,37,165,201,107,30,119,173,160,17,44,1,121,165,70,234,4,116,221,100,118,219,32,5,124,31,125,173,205,195,159,184,30,206,98,31,150,173,104,103,115,62,118,105,196,152,31,109,91,165,85,197,205,187,127,45,62,124,26,5,214,235,108,40,125,80,71,234,180,106,146,233,131,237,171,149,226,41,214,54,53,38,45,10,218,87,165,93,28,30,106,89,57,247,92,22,37,133,140,218,34,129,206,177,243,165,241,24,75,37,78,112,104,108,142,66,232,184,173,10,38,192,128,64,92,24,10,142,66,106,187,30,241,22,37,99,64,173,244,105,122,178,205,195,67,218,30,206,42,53,31,180,205,148,73,20,237,178,89
Best fitness found so far: 0.6321581745385704; k: 2.0
Generation: 81; 0.6137385594798308; k: 2.0; 205,31,31,180,205,78,89,228,37,142,165,76,68,30,232,120,201,173,35,108,129,176,227,126,165,201,39,177,182,61,160,32,98,1,142,223,70,34,30,64,98,202,181,30,206,68,207,166,64,171,173,202,31,148,228,142,165,61,249,229,53,206,198,113,37,222,31,214,33,30,184
Best fitness found so far: 0.6321581745385704; k: 2.0
Generation: 82; 0.6137385594798308; k: 2.0; 205,31,31,180,205,148,129,228,37,207,165,76,192,30,64,163,201,220,35,148,30,206,7,129,227,85,31,114,74,78,143,51,209,42,139,54,103,121,5,200,201,88,89,114,74,78,208,67,70,111,126,108,40,125,80,71,91,180,106,183,233,89,237,186,149,26,41,214,74,147,140,65,207,45,94,187,30,106,234
Best fitness found so far: 0.6321581745385704; k: 2.0
Generation: 83; 0.6137385594798308; k: 2.0; 111,31,31,180,205,148,79,228,37,142,23,76,68,30,64,72,227,85,187,185,74,78,143,67,91,162,139,7,37,166,30,213,173,31,136,99,30,135,85,157,55,64,119,180,205,148,79,228
Best fitness found so far: 0.6321581745385704; k: 2.0
Generation: 84; 0.6137385594798308; k: 2.0; 205,31,31,180,97,78,31,228,37,142,165,111,74,30,83,62,104,173,142,6,30,142,100,18,180,76,91,164,238,197,10,187,74,50,122,29,59,239,250,114,35,24,141,216,144,230,123,205,196,8,17,82,129,184,190,202,31,180,1,142,165,201,182,81,64,62,180,63,221,119,31,180,145,30,142,212,29,180,76,91,242,238,197,208,32,74,190,31,109,20,118,113,125,247,25,247,125,73,201
Best fitness found so far: 0.6321581745385704; k: 2.0
Generation: 85; 0.6321581745385704; k: 2.0; 125,31,45,180,199,78,31,228,37,142
Best fitness found so far: 0.6321581745385704; k: 2.0
Generation: 86; 0.6137385594798308; k: 2.0; 205,31,31,180,205,78,31,228,37,142,165,76,68,30,64,120,201,167,35,6,30,206,7,62,227,85,153,114,74,78,230,58,103,162,164,123,120,201,173,35,147,148,73,66,37,142,165,250,39,30,64,204,231,150,30,64,173,160,32,77,194,142,244,70,245,30,64,173,189,181,30,206,104,207,8
Best fitness found so far: 0.6321581745385704; k: 2.0
Generation: 87; 0.6137385594798308; k: 2.0; 205,31,31,180,205,148,31,228,37,142,23,76,68,30,64,120,201,173,35,6,30,206,7,31,227,85,187,114,199,78,143,67,210,142,165,206,68,30,64,238,201,87,35,159,30,206,144,31,7,88,187,40,229,78,208,95,9,124,109,42,37,244,212,123,173,226,133,152,49,85,103,218,87,165,93,28,30,106,89,45,136,99,201,85,157,243,10,85,173,119,63,130,205,93,84,180,37,180,37,165,201,107,30,119,173,160,32,44,1,121,197,65,234,30,69,190,100,226,201,32,87,90,31,125,228,43,195,129,184,30,206,98,31,150,173,104,100,115,62,118,160,196,152,31,223,180,37,142,165,201,39,30,64,165,201,167,30,239,173,204,32,99,1,142,165,227,234,40,64,141,202,181,242,125,49,32,5,37,154,140,102,67,142,15,201,32,5,246,250,47,85,154,23,80,227,85,164,185,215,78,143,67,91,162,95,7,37,244,212,39,173,169,136,99,201,230,157,243,10,64,173,119,63,130,73,93,84,180,37,231,37,165,201,107,65,119,173,160,32,44,1,121,165,65,234,30,64,190,100,226,201,32,87,90,31,125,173,205,195,129,184,30,206,98,31,150,173
Best fitness found so far: 0.6321581745385704; k: 2.0
Generation: 88; 0.6137385594798308; k: 2.0; 205,31,31,180,205,148,31,228,37,142,165,206,68,30,20,120,201,173,35,6,30,206,7,31,7,88,187,114,74,78,208,67,91,90,238,123,37,244,212,118,2,14,173,180,205,148,31,228,37,142,165,76,68,30,78,120,201,37,35,6,30,206,7,31,42,85,187,114,74,120,143,67,212,145,139,123,37,159,212,39,173,169,133,231,49,85,157,243,10,64,225,119,63,130,205,93,84,180,142,180,37,165,201,107,125,247,25,247,40,73,140
Best fitness found so far: 0.6321581745385704; k: 2.0
Generation: 89; 0.6321581745385704; k: 2.0; 117,31,45,180,199,78,31,228,37,142
Best fitness found so far: 0.6321581745385704; k: 2.0
Generation: 90; 0.6137385594798308; k: 2.0; 205,31,31,180,205,148,31,228,229,142,165,206,68,30,64,200,201,97,35,159,30,195,7,25,7,88,96,40,109,114,153,67,19,124,109,123,243,141,212,230,139,232,37,244,165,39,173,169,133,182,49,246,157,220,249,64,144,119,63,179,205,93,42,45,64,180,174,136,201,107,153,90,133,160,32,213,44,131,165,70,234,105,64,190,48,186,238,32,181,2,31,1,41,24,70,210,30,64,75,202,78,30,204,104,207,60,167,91,38,58,90,90,48,173,173,242,195,67,184,31,42,172,68,198,107,180,64,91,242,247,49,208,187,152,50,122,112,79,90,250,114,53,11,96,216,200,57,123,101,196,8,17,71,149,148,90,143,47,46,138,104,74,26,41,142,42,180,38,15,110,241,94,165,203,10,93,106,90,125,247,25,49,37,66,148,144,229,165,111,234,30,135,150,157,101,203,119
Best fitness found so far: 0.6321581745385704; k: 2.0
Generation: 91; 0.6137385594798308; k: 2.0; 205,31,31,180,205,148,31,228,37,142,7,76,244,30,98,120,201,173,35,6,30,1,7,31,212,31,180,37,142,165,201,39,45,128,35,202,114,180,1,142,165,64,173,229,31,166,12,128,120,225,162,91,198,211
Best fitness found so far: 0.6321581745385704; k: 2.0
Generation: 92; 0.6137385594798308; k: 2.0; 205,31,31,180,225,78,31,228,37,142,165,111,74,30,64,62,104,173,219,6,30,142,212,29,180,76,221,242,238,197,208,187,74,50,122,29,59,90,250,114,53,176,96,207,144,230,123,101,212,8,248,71,77,28,208,202,31,14,1,142,165,201,182,30,64,169,180,180,205,119,31,180,145,142,165,59,39,30,45,107,201,86,148,64,173,204,45,25,203,192,128,64,92,24,10,142,66,40,187,30,241,22,37,15,64,173,104,105,180,178,205,195,67,218,30,206,42,53,94,38,87
Best fitness found so far: 0.6321581745385704; k: 2.0
Generation: 93; 0.6137385594798308; k: 2.0; 205,31,31,180,205,148,25,228,37,142,165,36,68,30,64,200,201,87,35,159,30,195,7,31,68,88,187,40,229,114,153,67,91,124,109,123,37,226,212,230,173,57,133,152,215,64,173,180,133,65,171,5,145,201,91,216,105,67,103,136,139,239,171,244,165,39,173,169,133,182,49,246,157,101,249,64,173,119,63,179,205,93,150,180,64,180,174,176,201,107,153,64,173,160,32,74,206,159,165,171,234,30,64,190,100,186,238,32,123,90,31,1,41,24,70,210,132,64,173,202,78,30,206,104,207,38,167,91,218,32,168,20,48,188,108,242,195,67,184,31,181,172,142,212,29,180,20,91,179,187,197,107,187,60,50,19,112,98,90,116,114,53,11,96,216,200,230,64,157,211,115,172,30,64,91,202,178,21,37,168,210,195,129,221,106,205
Best fitness found so far: 0.6321581745385704; k: 2.0
Generation: 94; 0.6137385594798308; k: 2.0; 124,31,31,180,205,148,31,228,37,142,23,76,68,30,64,120,201,173,35,6,30,206,7,250,227,85,187,105,74,78,200,67,132,142,68,206,68,30,64,120,7,87,35,159,30,206,7,49,7,88,187,40,234,78,208,95,91,214,109,123,37,244,148,39,173,57,133,152,224,85,103,243,10,64,69,119,63,57,205,93,203,223,64,180,248,2,201,141,30,128,173,160,198,44,1,121,201,209,225,30,244,231,172,99,201,32,5,116,31,125,173,205,195,159,234,30,103,98,31,150,173,207,114,115,62,118,199,78,31,228,37,142
Best fitness found so far: 0.6321581745385704; k: 2.0
Generation: 95; 0.6321581745385704; k: 2.0; 117,31,45,180,199,78,31,228,37,142
Best fitness found so far: 0.6321581745385704; k: 2.0
Generation: 96; 0.6137385594798308; k: 2.0; 205,55,31,180,205,78,31,228,37,142,165,76,68,30,162,139,123,27,96,216,144,87,123,101,212,8,67,71,77,28,208,248,31,14,207,142,165,110,14,30,64,169,180,92,196,8,17,71,77,120,190,202,31,110,1,77,76,201,182,236,64,62,47,180,205,119,86,115,145,127,165,59,39,30,45,123,201,201,131,195,40,184,30,206,165,31,150,172,77,76
Best fitness found so far: 0.6321581745385704; k: 2.0
Generation: 97; 0.6321581745385704; k: 2.0; 205,31,205,180,205,148,31,228,37,142
Best fitness found so far: 0.6321581745385704; k: 2.0
Generation: 98; 0.6137385594798308; k: 2.0; 205,31,31,180,205,153,31,228,37,142,165,76,68,30,64,120,201,173,35,6,161,206,7,31,58,85,15,114,74,78,195,67,103,162,139,123,37,244,165,39,173,169,133,182,49,85,157,101,89,64,62,202,52,77,105,180,69,21,195,58,63,30,206,225,195,94,191,115
Best fitness found so far: 0.6321581745385704; k: 2.0
Generation: 99; 0.6321581745385704; k: 2.0; 117,31,45,180,199,78,135,228,37,142
Best fitness found so far: 0.6321581745385704; k: 2.0
Generation: 100; 0.6137385594798308; k: 2.0; 205,31,31,180,17,78,31,228,37,142,165,111,74,30,64,105,2,173,17,6,30,142,42,29,180,20,91,179,171,215,91,219,8
Best fitness found so far: 0.6321581745385704; k: 2.0
Generation: 101; 0.6321581745385704; k: 2.0; 125,31,45,180,199,78,31,228,227,142
Best fitness found so far: 0.6321581745385704; k: 2.0
Generation: 102; 0.6321581745385704; k: 2.0; 117,31,45,180,199,78,31,228,37,187
Best fitness found so far: 0.6321581745385704; k: 2.0
Generation: 103; 0.6137385594798308; k: 2.0; 205,31,31,180,169,148,31,228,37,142,23,76,68,30,130,243,201,173,35,192,30,206,7,31,227,85,64,120,181,173,17,6,30,206,7,31,40,85,59,114,74,78,195,67,103,162,139,123,37,203,165,72,173,169,133,182,49,85,152,101,89,137,146,42,63,130,205,93,45,180,64,132,37,165,201,107,175,40,173,160,32,177,1,225,101,165,10,39,30,64,165,201,42,177,64,84,180,37,180,248,2,201,107,30,9,173,160,32,44,76,121,201,209,234,30,244,190,100,99,201,32,5,22,31,125,173,205,195,159,10,30,206,98,31,150,173,52,12,115,62,118,105,196,59,31,109,228,96,227,42,247,25,247,125,73,140
Best fitness found so far: 0.6321581745385704; k: 2.0
Generation: 104; 0.6137385594798308; k: 2.0; 205,31,31,165,17,78,31,228,37,142,165,111,74,30,64,148,201,173,17,6,30,142,212,29,226,20,91,242,171,197,208,187,60,50,221,29,59,88,187,40,107,78,91,67,91,35,109,123,37,244,212,39,231,57,244,152,126,85,103,243,10,173,35,6,190,206,7,31,227,85,153,114,74,65,105,12,103,162,139,123,37,244,165,39,173,169,94,182,49,85,157,101,249,64,173,119,63,130,205,93,191,180,64,180,37,165,201,107,247,136,173,160,32,177,1,159,165,70,234,30,64,190,100,181,201,32,5,90,31,1,103,84,70,245,30,64,173,202,181,30,206,104,207,166,119,171,173,100,3,105,37,142,165,70,101,31,222,241,243,133,201,217,93,144,90,125,247,25,5,37,73,140
Best fitness found so far: 0.6321581745385704; k: 2.0
Generation: 105; 0.6137385594798308; k: 2.0; 124,31,31,180,205,148,31,228,37,142,23,76,68,30,64,120,201,173,35,6,30,206,7,250,227,85,187,114,74,78,143,67,37,5,68,206,68,30,64,120,201,87,35,159,30,206,157,101,47,64,91,119,63,130,32,93,84,180,64,132,37,165,201,107,214,40,173,39,32,177,1,225,11,199,4,39,30,64,86,201,250,177,64,173,160,32,98,1,142,165,70,34,30,64,173,202,181,30,206,104,207,145,201,94,173,202,101,148,37,142,165,75,229,229,53,93,31,113,18,142,31,214,187,30,34
Best fitness found so far: 0.6321581745385704; k: 2.0
Generation: 106; 0.6137385594798308; k: 2.0; 205,235,31,180,205,98,31,228,39,142,165,76,174,30,33,120,201,173,154,113,30,178,23,80,227,85,148,185,74,78,151,67,91,162,95,7,37,244,212,39,173,32,136,99,201,85,36,243,10,229,173,119,63,130,205,93,84,180,117,152,37,77,4,217,30,119,173,160,32,44,1,121,165,65,234,30,64,190,100,226,201,32,87,90,31,125,173,205,195,129,184,30,204,190,31,150,142,104,33,115,202,118,160,196,152,62,207,181,37,2,165,201,18,30,64,240,201,39,30,239,148,36,32,99,1,142,112,70,234,187,64,141,202,181,242,125,247,32,5,37,154,10,232,67,142,15,201,32,5,90,250,47,85,154,23,80,227,85,116,185,244,78,143,67,91,162,95,224,37,24,212,39,173,169,136,99,201,85,157,243,10,85,173,169,63,130,205,93,84,180,37,180,37,165,201,113,30,103,173,160,32,208,1,121,165,65,234,30,64,190,100,176,225,30,233,67,126,125,173,30,64,173,204,183,25,1,34,165,99,234,64,232,173,66,181,90,125,234,20,2,37,154,140,102,1,163,15,65,32,208,238,250,140,85,154
Best fitness found so far: 0.6321581745385704; k: 2.0
Generation: 107; 0.6137385594798308; k: 2.0; 217,235,31,180,205,148,31,228,37,142,165,76,68,30,64,120,2,173,154,6,30,92,23,72,227,85,187,43,74,78,143,67,91,162,139,7,37,244,212,118,173,169,136,99,201,85,198,39,10,85,173,119,63,210,205,93,65,180,37,180,197,240,201,107,30,119,173,160,239,44,1,121,165,70,234,30,64,190,100,181,81,32,5,113,3,125,37,171,195,159,113,30,206,98,2,150,35,104,12,115,62,118,105,196,152,31,109,91,70,227,197,103,162,109,123,87,244,165,39,26,169,133,202,11,30,86,104,207,40,227,138,89,198,50,7,74,24,2,123,101,196,8,17,71,149,47,113,199,121,46,96,104,74,26,41,214,42,180,38,31,110,241,94,165,227,10,15,106,100,150,247,22,44,168,73,155
Best fitness found so far: 0.6321581745385704; k: 2.0
Generation: 108; 0.6321581745385704; k: 2.0; 117,31,45,180,199,78,31,228,37,142
Best fitness found so far: 0.6321581745385704; k: 2.0
Generation: 109; 0.6321581745385704; k: 2.0; 117,31,45,180,199,78,31,228,37,142
Best fitness found so far: 0.6321581745385704; k: 2.0
Generation: 110; 0.6137385594798308; k: 2.0; 205,31,31,180,17,78,31,228,37,142,165,111,74,30,64,105,201,173,17,6,30,142,87,29,180,20,91,179,171,197,208,187,60,50,221,29,59,88,187,40,107,203,91,67,91,124,109,123,37,244,212,39,21,187,244,152,126,85,103,219,10,136,173,119,205,130,205,61,84,180,229,180,248,2,223,30,142,66,29,180,20,91,249,171,197,208,187,60,50,131,29,59,88,187,40,107,78,91,67,187,124,109,123,37,244,212,39,231,57,244,208,126,85,103,243,174,136,173,119,63,130,205,93,84,180,229,180,248,2,201,107,30,146,173,160,150,44,65,121,201,209,234,30,145,190,100,99,201,32,216,116,31,234,173,138,89,30,206,7,31,227,85,187,101,204,173,205,28,31,162,37,180
Best fitness found so far: 0.6321581745385704; k: 2.0
Generation: 111; 0.6137385594798308; k: 2.0; 205,235,31,180,205,148,31,228,37,142,165,76,68,30,164,120,201,203,219,113,30,206,23,80,227,85,116,185,74,78,143,67,91,162,95,7,37,244,212,39,173,169,143,137,201,85,157,243,124,85,173,119,63,130,205,93,84,180,37,180,37,165,201,107,30,119,173,160,32,44,1,121,165,65,234,30,64,190,100,226,201,32,87,90,116,125,173,93,195,129,184,30,206,98,31,150,173,104,12,115,62,118,160,33,152,31,223,180,37,142,165,201,39,30,64,165,201,39,30,192,173,204,32,99,1,134,165,70,234,40,64,141,202,171,242,125,247,32,5,37,154,78,102,67,142,15,201,118,5,90,250,47,65,154,23,80,227,85,116,185,74,78,143,67,91,162,95,7,37,86,212,39,173,169,136,99,201,85,157,243,10,85,173,119,63,130,205,93,84,180,138,31,45,180,199,78,31,228,37,142
Best fitness found so far: 0.6321581745385704; k: 2.0
Generation: 112; 0.6321581745385704; k: 2.0; 117,31,45,180,199,78,31,228,37,142
Best fitness found so far: 0.6321581745385704; k: 2.0
Generation: 113; 0.6321581745385704; k: 2.0; 125,31,45,180,199,78,31,228,37,142
Best fitness found so far: 0.6321581745385704; k: 2.0
Generation: 114; 0.6321581745385704; k: 2.0; 125,31,45,180,199,78,31,228,227,142
Best fitness found so far: 0.6321581745385704; k: 2.0
Generation: 115; 0.6137385594798308; k: 2.0; 205,125,31,81,205,148,31,228,37,142,165,76,68,30,164,120,201,173,154,113,30,206,23,80,227,85,116,185,74,78,143,67,91,162,95,7,37,244,75,39,173,169,136,99,201,85,157,243,10,85,173,119,63,130,205,93,84,180,47,180,37,165,201,107,30,119,173,160,32,44,1,121,165,27,234,148,64,190,100,226,201,14,87,99,31,125,173,205,195,129,184,30,206,188,31,150,173,104,12,115,89,118,160,196,152,31,223,180,37,142,86,201,95,30,64,165,201,39,210,239,173,204,32,99,1,142,165,70,234,40,64,141,202,181,242,125,247,32,5,37,154,140,102,67,142,15,201,32,165,90,250,47,85,154,23,80,227,85,226,185,74,78,143,67,128,162,95,7,37,244,212,39,173,169,136,99,201,162,157,226,82,91,92,62
Best fitness found so far: 0.6321581745385704; k: 2.0
Generation: 116; 0.6321581745385704; k: 2.0; 117,31,45,180,175,78,31,228,37,142
Best fitness found so far: 0.6321581745385704; k: 2.0
Generation: 117; 0.6137385594798308; k: 2.0; 205,31,31,180,205,78,31,228,37,142,165,76,68,30,64,120,201,173,35,6,30,206,7,31,58,85,15,114,205,121,195,67,114,162,139,123,183,244,165,39,173,169,133,182,49,85,157,101,89,64,91,119,63,130,205,93,84,180,155,132,37,165,201,107,30,40,173,160,32,177,1,225,142,165,105,39,30,64,165,201,39,177,64,173,160,32,98,19,142,165,23,34,30,64,173,202,49,30,206,104,207,166,201,171,220,202,31,148,37,142,165,70,249,8,53,93,31,113,37,79,31,214,187,30,34
Best fitness found so far: 0.6321581745385704; k: 2.0
Generation: 118; 0.6321581745385704; k: 2.0; 125,31,45,180,199,78,47,228,227,142
Best fitness found so far: 0.6321581745385704; k: 2.0
Generation: 119; 0.6321581745385704; k: 2.0; 37,31,45,180,199,78,31,228,227,142
Best fitness found so far: 0.6321581745385704; k: 2.0
Generation: 120; 0.6137385594798308; k: 2.0; 117,31,246,180,199,78,31,228,101,67
Best fitness found so far: 0.6321581745385704; k: 2.0
Generation: 121; 0.6321581745385704; k: 2.0; 117,31,45,180,199,78,161,228,37,142
Best fitness found so far: 0.6321581745385704; k: 2.0
Generation: 122; 0.6321581745385704; k: 2.0; 125,31,45,180,17,78,31,228,227,142
Best fitness found so far: 0.6321581745385704; k: 2.0
Generation: 123; 0.6321581745385704; k: 2.0; 117,31,45,180,199,78,31,228,37,187
Best fitness found so far: 0.6321581745385704; k: 2.0
Generation: 124; 0.6321581745385704; k: 2.0; 117,31,45,180,199,78,31,228,227,142
Best fitness found so far: 0.6321581745385704; k: 2.0
Generation: 125; 0.6321581745385704; k: 2.0; 117,31,45,180,199,148,31,228,121,187
Best fitness found so far: 0.6321581745385704; k: 2.0
Generation: 126; 0.6137385594798308; k: 2.0; 205,31,31,180,17,78,31,228,37,142,165,111,74,30,64,62,201,22,17,6,30,142,212,29,180,20,91,242,171,197,208,187,60,50,221,170,59,88,187,40,110,78,91,67,91,134,109,123,37,244,212,39,231,191,244,152,126,85,102,243,10,136,173,119,63,130,205,93,84,180,229,180,248,2,201,107,30,172,173,160,150,44,1,121,201,209,234,30,208,46,173,99,201,32,5,116,31,125,173,205,195,159,10,30,206,184,45,180,199,78,31,228,1,142
Best fitness found so far: 0.6321581745385704; k: 2.0
Generation: 127; 0.6321581745385704; k: 2.0; 117,31,45,180,199,148,67,228,121,187
Best fitness found so far: 0.6321581745385704; k: 2.0
Generation: 128; 0.6321581745385704; k: 2.0; 37,31,45,180,117,78,31,228,25,142
Best fitness found so far: 0.6321581745385704; k: 2.0
Generation: 129; 0.6321581745385704; k: 2.0; 125,31,45,180,17,78,47,228,227,142
Best fitness found so far: 0.6321581745385704; k: 2.0
Generation: 130; 0.6321581745385704; k: 2.0; 125,31,45,180,17,78,31,228,227,142
Best fitness found so far: 0.6321581745385704; k: 2.0
Generation: 131; 0.6137385594798308; k: 2.0; 205,235,31,180,205,148,31,228,37,142,165,76,68,30,64,120,201,173,154,228,37,142
Best fitness found so far: 0.6321581745385704; k: 2.0
Generation: 132; 0.6321581745385704; k: 2.0; 125,31,45,180,17,78,31,228,91,142
Best fitness found so far: 0.6321581745385704; k: 2.0
Generation: 133; 0.6321581745385704; k: 2.0; 125,31,45,180,199,78,31,228,37,142
Best fitness found so far: 0.6321581745385704; k: 2.0
Generation: 134; 0.6321581745385704; k: 2.0; 117,31,45,180,199,78,31,228,135,187
Best fitness found so far: 0.6321581745385704; k: 2.0
Generation: 135; 0.6321581745385704; k: 2.0; 117,31,45,180,199,78,31,228,37,187
Best fitness found so far: 0.6321581745385704; k: 2.0
Generation: 136; 0.6321581745385704; k: 2.0; 117,31,45,180,199,78,31,228,37,142
Best fitness found so far: 0.6321581745385704; k: 2.0
Generation: 137; 0.6321581745385704; k: 2.0; 117,31,45,180,17,78,31,228,227,142
Best fitness found so far: 0.6321581745385704; k: 2.0
Generation: 138; 0.6321581745385704; k: 2.0; 125,31,45,180,199,78,47,228,227,142
Best fitness found so far: 0.6321581745385704; k: 2.0
Generation: 139; 0.6321581745385704; k: 2.0; 205,31,205,180,111,148,31,228,227,142
Best fitness found so far: 0.6321581745385704; k: 2.0
Generation: 140; 0.6321581745385704; k: 2.0; 185,31,45,180,199,78,31,228,37,187
Best fitness found so far: 0.6321581745385704; k: 2.0
Generation: 141; 0.6321581745385704; k: 2.0; 117,31,45,180,199,58,31,228,227,142
Best fitness found so far: 0.6321581745385704; k: 2.0
Generation: 142; 0.6321581745385704; k: 2.0; 125,31,45,180,199,78,31,228,37,27
Best fitness found so far: 0.6321581745385704; k: 2.0
Generation: 143; 0.6321581745385704; k: 2.0; 125,31,45,180,199,78,31,228,57,142
Best fitness found so far: 0.6321581745385704; k: 2.0
Generation: 144; 0.6321581745385704; k: 2.0; 117,31,45,180,23,78,31,228,37,142
Best fitness found so far: 0.6321581745385704; k: 2.0
Generation: 145; 0.6321581745385704; k: 2.0; 117,31,45,180,199,78,31,228,37,142
Best fitness found so far: 0.6321581745385704; k: 2.0
Generation: 146; 0.6321581745385704; k: 2.0; 117,31,45,180,199,78,31,228,37,142
Best fitness found so far: 0.6321581745385704; k: 2.0
Generation: 147; 0.6321581745385704; k: 2.0; 205,31,45,180,199,78,31,228,37,27
Best fitness found so far: 0.6321581745385704; k: 2.0
Generation: 148; 0.6321581745385704; k: 2.0; 117,31,45,180,235,78,31,228,37,187
Best fitness found so far: 0.6321581745385704; k: 2.0
Generation: 149; 0.6321581745385704; k: 2.0; 117,31,45,180,199,78,31,228,37,142
Best fitness found so far: 0.6321581745385704; k: 2.0
Generation: 150; 0.6321581745385704; k: 2.0; 125,31,45,180,17,78,31,228,227,142
Best fitness found so far: 0.6321581745385704; k: 2.0
Generation: 151; 0.6321581745385704; k: 2.0; 125,31,45,180,199,78,31,228,37,102
Best fitness found so far: 0.6321581745385704; k: 2.0
Generation: 152; 0.6321581745385704; k: 2.0; 125,31,45,180,199,78,31,228,37,142
Best fitness found so far: 0.6321581745385704; k: 2.0
Generation: 153; 0.6321581745385704; k: 2.0; 117,31,45,180,199,78,31,228,123,142
Best fitness found so far: 0.6321581745385704; k: 2.0
Generation: 154; 0.6321581745385704; k: 2.0; 117,31,45,180,199,78,31,228,37,187
Best fitness found so far: 0.6321581745385704; k: 2.0
Generation: 155; 0.6321581745385704; k: 2.0; 23,31,45,180,199,78,145,228,37,187
Best fitness found so far: 0.6321581745385704; k: 2.0
Generation: 156; 0.6321581745385704; k: 2.0; 81,31,45,180,199,78,31,228,37,132
Best fitness found so far: 0.6321581745385704; k: 2.0
Generation: 157; 0.6321581745385704; k: 2.0; 125,31,45,180,17,78,31,228,91,142
Best fitness found so far: 0.6321581745385704; k: 2.0
Generation: 158; 0.6321581745385704; k: 2.0; 117,31,45,180,199,78,31,228,37,142
Best fitness found so far: 0.6321581745385704; k: 2.0
Generation: 159; 0.6321581745385704; k: 2.0; 125,31,45,180,199,78,31,228,227,142
Best fitness found so far: 0.6321581745385704; k: 2.0
Generation: 160; 0.6321581745385704; k: 2.0; 117,31,45,180,199,78,31,228,225,187
Best fitness found so far: 0.6321581745385704; k: 2.0
Generation: 161; 0.6321581745385704; k: 2.0; 125,31,45,180,7,78,47,228,227,142
Best fitness found so far: 0.6321581745385704; k: 2.0
Generation: 162; 0.6321581745385704; k: 2.0; 185,31,45,180,207,78,31,228,37,142
Best fitness found so far: 0.6321581745385704; k: 2.0
Generation: 163; 0.6321581745385704; k: 2.0; 125,31,45,180,199,78,31,228,37,187
Best fitness found so far: 0.6321581745385704; k: 2.0
Generation: 164; 0.6321581745385704; k: 2.0; 117,31,45,180,199,78,31,228,37,212
Best fitness found so far: 0.6321581745385704; k: 2.0
Generation: 165; 0.6321581745385704; k: 2.0; 117,31,45,180,199,78,31,228,155,142
Best fitness found so far: 0.6321581745385704; k: 2.0
Generation: 166; 0.6321581745385704; k: 2.0; 125,31,45,180,17,78,47,228,227,142
Best fitness found so far: 0.6321581745385704; k: 2.0
Generation: 167; 0.6321581745385704; k: 2.0; 37,31,45,180,117,78,31,228,25,142
Best fitness found so far: 0.6321581745385704; k: 2.0
Generation: 168; 0.6321581745385704; k: 2.0; 125,31,45,180,17,78,47,228,227,142
Best fitness found so far: 0.6321581745385704; k: 2.0
Generation: 169; 0.6321581745385704; k: 2.0; 117,31,45,180,199,78,31,228,37,142
Best fitness found so far: 0.6321581745385704; k: 2.0
Generation: 170; 0.6321581745385704; k: 2.0; 125,31,45,180,199,78,31,228,37,142
Best fitness found so far: 0.6321581745385704; k: 2.0
Generation: 171; 0.6321581745385704; k: 2.0; 125,31,45,180,199,78,31,158,227,142
Best fitness found so far: 0.6321581745385704; k: 2.0
Generation: 172; 0.6321581745385704; k: 2.0; 117,31,45,180,199,78,31,228,227,142
Best fitness found so far: 0.6321581745385704; k: 2.0
Generation: 173; 0.6321581745385704; k: 2.0; 125,31,45,180,17,78,31,228,227,142
Best fitness found so far: 0.6321581745385704; k: 2.0
Generation: 174; 0.6321581745385704; k: 2.0; 117,31,45,180,199,78,31,228,37,142
Best fitness found so far: 0.6321581745385704; k: 2.0
Generation: 175; 0.6321581745385704; k: 2.0; 247,31,45,180,17,78,31,228,227,142
Best fitness found so far: 0.6321581745385704; k: 2.0
Generation: 176; 0.6321581745385704; k: 2.0; 125,31,45,180,199,78,47,228,227,142
Best fitness found so far: 0.6321581745385704; k: 2.0
Generation: 177; 0.6321581745385704; k: 2.0; 117,31,45,180,199,78,31,228,37,142
Best fitness found so far: 0.6321581745385704; k: 2.0
Generation: 178; 0.6321581745385704; k: 2.0; 125,31,45,180,199,78,47,228,227,142
Best fitness found so far: 0.6321581745385704; k: 2.0
Generation: 179; 0.6321581745385704; k: 2.0; 117,31,45,180,199,78,161,228,107,142
Best fitness found so far: 0.6321581745385704; k: 2.0
Generation: 180; 0.6321581745385704; k: 2.0; 117,31,45,180,199,78,31,228,37,187
Best fitness found so far: 0.6321581745385704; k: 2.0
Generation: 181; 0.6321581745385704; k: 2.0; 205,31,205,180,205,148,31,228,37,187
Best fitness found so far: 0.6321581745385704; k: 2.0
Generation: 182; 0.6321581745385704; k: 2.0; 117,31,45,180,199,78,31,228,37,142
Best fitness found so far: 0.6321581745385704; k: 2.0
Generation: 183; 0.6321581745385704; k: 2.0; 117,31,45,180,199,78,31,228,227,142
Best fitness found so far: 0.6321581745385704; k: 2.0
Generation: 184; 0.6321581745385704; k: 2.0; 81,31,45,180,199,78,31,228,37,142
Best fitness found so far: 0.6321581745385704; k: 2.0
Generation: 185; 0.6321581745385704; k: 2.0; 117,31,45,180,199,78,135,228,37,102
Best fitness found so far: 0.6321581745385704; k: 2.0
Generation: 186; 0.6321581745385704; k: 2.0; 37,31,45,180,199,78,31,103,37,142
Best fitness found so far: 0.6321581745385704; k: 2.0
Generation: 187; 0.6321581745385704; k: 2.0; 205,171,45,180,199,78,31,228,227,142
Best fitness found so far: 0.6321581745385704; k: 2.0
Generation: 188; 0.6321581745385704; k: 2.0; 117,31,45,180,199,78,31,228,37,142
Best fitness found so far: 0.6321581745385704; k: 2.0
Generation: 189; 0.6321581745385704; k: 2.0; 125,31,45,180,117,78,31,228,25,142
Best fitness found so far: 0.6321581745385704; k: 2.0
Generation: 190; 0.6321581745385704; k: 2.0; 117,31,45,180,175,78,31,228,37,142
Best fitness found so far: 0.6321581745385704; k: 2.0
Generation: 191; 0.6321581745385704; k: 2.0; 125,31,45,180,199,148,31,228,121,187
Best fitness found so far: 0.6321581745385704; k: 2.0
Generation: 192; 0.6321581745385704; k: 2.0; 117,31,45,180,199,78,31,228,37,142
Best fitness found so far: 0.6321581745385704; k: 2.0
Generation: 193; 0.6321581745385704; k: 2.0; 125,31,45,180,163,78,31,228,227,142
Best fitness found so far: 0.6321581745385704; k: 2.0
Generation: 194; 0.6321581745385704; k: 2.0; 125,31,45,180,17,78,95,228,227,142
Best fitness found so far: 0.6321581745385704; k: 2.0
Generation: 195; 0.6321581745385704; k: 2.0; 185,31,45,180,199,78,31,228,37,187
Best fitness found so far: 0.6321581745385704; k: 2.0
Generation: 196; 0.6321581745385704; k: 2.0; 117,31,45,180,199,78,31,228,37,142
Best fitness found so far: 0.6321581745385704; k: 2.0
Generation: 197; 0.6321581745385704; k: 2.0; 125,31,45,180,113,78,31,228,37,27
Best fitness found so far: 0.6321581745385704; k: 2.0
Generation: 198; 0.6321581745385704; k: 2.0; 205,31,205,180,205,78,31,158,37,132
Best fitness found so far: 0.6321581745385704; k: 2.0
Generation: 199; 0.6321581745385704; k: 2.0; 117,31,45,180,199,78,161,228,37,142
Best fitness found so far: 0.6321581745385704; k: 2.0
Total time of execution of seed 2 : 14752783
Solution Fitness: -0.6321581745385704
Variables: uniform 4 eucledian moveBetween moveBetween moveAverage split join moveBetween moveBetween moveAverage split join moveBetween moveBetween moveAverage split join moveBetween moveBetween moveAverage split join moveBetween moveBetween moveAverage split join moveBetween moveBetween moveAverage split join moveBetween moveBetween moveAverage split join moveBetween moveBetween moveAverage split join moveBetween moveBetween moveAverage split join moveBetween moveBetween moveAverage split join moveBetween moveBetween moveAverage split join moveBetween moveBetween moveAverage split join moveBetween moveBetween moveAverage split join moveBetween moveBetween moveAverage split join moveBetween moveBetween moveAverage split join moveBetween moveBetween moveAverage split join moveBetween moveBetween moveAverage split join moveBetween moveBetween moveAverage split join moveBetween moveBetween moveAverage split join moveBetween moveBetween moveAverage split join
