Generation: 0; 0.19020088788054507; k: 4.0; 123,41,68,140,101,107,220,98,69
Best fitness found so far: 0.19020088788054507; k: 4.0
Generation: 1; 0.5621209809515844; k: 2.0; 202,28,14,47,67,142,165,201,187,30,64,205,191,128,30,32,28,92,89,75
Best fitness found so far: 0.5621209809515844; k: 2.0
Generation: 2; 0.5117938031593502; k: 2.0; 211,97,220,117,113
Best fitness found so far: 0.5621209809515844; k: 2.0
Generation: 3; 0.5327891510073046; k: 2.0; 49,91,26,123,241,245,101,180,11,236,87,245,5,149,122,137,113,180,92,30,68,32,165,9
Best fitness found so far: 0.5621209809515844; k: 2.0
Generation: 4; 0.5621209809515844; k: 2.0; 202,28,14,47,67,142,165,201,187,30,64,205,191,128,29,66
Best fitness found so far: 0.5621209809515844; k: 2.0
Generation: 5; 0.5490948331513574; k: 2.3; 30,30,239,197,19,209,89,96,152,175,245,209,219,177
Best fitness found so far: 0.5621209809515844; k: 2.0
Generation: 6; 0.5626288737624885; k: 2.0; 205,168,131,92,67,142,165,201,187,30,14,205,67,142,165,201,230,30,64,205,191,149,175,245,209,219,124
Best fitness found so far: 0.5626288737624885; k: 2.0
Generation: 7; 0.5626288737624885; k: 2.0; 205,168,131,92,67,142,165,201,187,30,14,30,67,142,165,22,230,30,64,205,191,149,118,101,89,231,203,112,231,162,91,70,126
Best fitness found so far: 0.5626288737624885; k: 2.0
Generation: 8; 0.5626288737624885; k: 2.0; 205,168,131,92,67,142,165,201,187,30,14,30,67,142,165,22,230,17,64,205,245,209,153,70,126
Best fitness found so far: 0.5626288737624885; k: 2.0
Generation: 9; 0.5643446521547386; k: 2.0; 130,148,205,146,145,161,67,35,165,201,27,30,64,197,210,202,50,14,201,187,30,14,30,67,142,165,22,230,17,64,205,38,209,153,70,126
Best fitness found so far: 0.5643446521547386; k: 2.0
Generation: 10; 0.5730822030635215; k: 2.0; 30,30,205,26,145,180,67,189,165,201,17,64,205,245,209,153,159,126
Best fitness found so far: 0.5730822030635215; k: 2.0
Generation: 11; 0.5626288737624885; k: 2.0; 90,122,116,92,67,142,165,201,187,30,14,30,67,142,165,22,230,220,30,219,30,59,144,46,205
Best fitness found so far: 0.5730822030635215; k: 2.0
Generation: 12; 0.5822309159142832; k: 2.0; 10,28,14,47,67,159,165,36,131,180,67,35,149,201,209,30,64,197,210,202,28,14,2,10,142,165,201,221,53,64,161,73,55,21,30,47,67,64,172,180,179,26,165,201,74,30,33,67,196,165,201,209,30,55,21,30,47,67,64
Best fitness found so far: 0.5822309159142832; k: 2.0
Generation: 13; 0.5822309159142832; k: 2.0; 10,28,14,47,67,159,165,36,131,180,67,35,149,201,209,30,64,197,210,202,28,14,2,10,142,165,201,221,53,64,161,73,55,21,30,47,248,64,172,180,179,26,165,201,74,30,209,219,177
Best fitness found so far: 0.5822309159142832; k: 2.0
Generation: 14; 0.5822309159142832; k: 2.0; 10,28,14,47,67,159,165,201,131,180,67,35,149,201,209,30,64,197,210,121,28,14,72,10,175,142,165,194,131,113,64,172,17,133,118,185,30,59,144,46,205
Best fitness found so far: 0.5822309159142832; k: 2.0
Generation: 15; 0.5822309159142832; k: 2.0; 10,28,14,47,67,159,165,76,131,180,67,35,149,223,99,135,165,201,123,30,40,172,180,217,171
Best fitness found so far: 0.5822309159142832; k: 2.0
Generation: 16; 0.5822309159142832; k: 2.0; 10,28,14,47,67,159,165,36,131,180,67,35,149,201,209,30,64,197,210,92,30,14,2,10,142,165,201,221,53,64,161,73,55,89,30,47,67,64,172,180,179,26,165,201,74,30,33,67,30,210,121,28,14,146,10,175,142,165,194,131,113,64,172,17,133,118,185,30,59,144,46,205
Best fitness found so far: 0.5822309159142832; k: 2.0
Generation: 17; 0.5822309159142832; k: 2.0; 10,28,14,47,67,159,165,36,131,180,67,35,149,201,209,30,64,197,210,202,28,14,2,10,53,165,201,221,53,145,161,73,55,21,30,47,67,64,172,180,179,26,165,149,55,86,28,44,45,56
Best fitness found so far: 0.5822309159142832; k: 2.0
Generation: 18; 0.5822309159142832; k: 2.0; 10,28,14,47,67,159,225,36,131,180,67,35,209,201,209,30,64,197,142,202,30,185,109,16,30,73,53,7,64,172,224,133,118,245,161
Best fitness found so far: 0.5822309159142832; k: 2.0
Generation: 19; 0.5822309159142832; k: 2.0; 10,28,14,47,67,159,165,36,131,180,67,35,149,201,209,30,64,197,210,202,28,14,2,10,53,165,201,221,53,215,142,165,22,230,17,159,215,201,239,30,159,110,226,148,205,162,128,29,66,165,22,230,174,159,215,201,239,30,64,110
Best fitness found so far: 0.5822309159142832; k: 2.0
Generation: 20; 0.5822309159142832; k: 2.0; 10,28,14,47,15,159,165,36,131,180,67,35,149,201,209,30,64,197,210,150,30,14,2,64,142,165,201,125,53,64,99,44,56,89,30,47,67,190,172,180,179,67,144,76,64,161,140,30,14,30,67,142,165,66
Best fitness found so far: 0.5822309159142832; k: 2.0
Generation: 21; 0.5822309159142832; k: 2.0; 103,28,14,47,67,159,185,36,153,180,67,35,209,201,209,30,64,197,142,202,28,61,127,10,11,141,201,96,41,175,142,15,21,187,33,150,172,243,240,118,26,172,107,30,14,75,145,126,165,179,230,220,83,67,142,13,201,27,30,64,197,210,121,28,14,72,10,175,142,165,194,131,113,64,172,17,133,118,32,239,165,40,230,17,64,151,245,209,153,70,126
Best fitness found so far: 0.5822309159142832; k: 2.0
Generation: 22; 0.5822309159142832; k: 2.0; 10,28,14,47,67,159,165,36,21,180,67,35,149,206,209,30,72,197,210,92,30,61,2,10,142,165,201,191,53,94,161,73,108,153,30,87,67,69,172,180,90,205,26,145,180,67,202,165,201,198,10,64,172,107,166,110,92,165,247,180,44,247,144,65,205
Best fitness found so far: 0.5822309159142832; k: 2.0
Generation: 23; 0.5822309159142832; k: 2.0; 10,28,14,47,67,159,87,36,131,180,7,35,149,201,209,30,64,197,221,202,114,14,2,10,58,165,21,221,53,64,161,91,218,21,167,67,142,165,187,201,209,30,64,197,231,92,30,14,2,134,221,233,201,213,53,64,161,118,55,21,201,190,89,30,167,67,190,172,180,179,67,93,76,64,190,140,30,14,30,100,142,165,66
Best fitness found so far: 0.5822309159142832; k: 2.0
Generation: 24; 0.5822309159142832; k: 2.0; 10,28,14,47,67,159,165,36,131,180,67,35,149,201,209,30,64,197,180,67,35,149,201,209,30,64,197,210,92,30,14,193,11,142,165,201,221,53,143,161,235,55,21,30,47,67,64,172,180,179,26,165,201,74,30,33,64,197,210,202,50,14,88,4,30,162,30,67,142,165,22,48,73,50,14,201,187,30,14,30,67,142,165,22,222,17,26,138,38,209,153,70,126
Best fitness found so far: 0.5822309159142832; k: 2.0
Generation: 25; 0.5822309159142832; k: 2.0; 10,28,14,47,67,159,165,76,169,180,67,35,149,223,99,48,165,201,123,30,40,172,180,217,120
Best fitness found so far: 0.5822309159142832; k: 2.0
Generation: 26; 0.5822309159142832; k: 2.0; 10,28,14,47,67,159,165,36,131,180,67,35,149,201,159,30,64,197,210,92,30,14,141,10,142,197,64,149,28,104,72,71,23,142,165,194,35,113,40,172,17,235,94,185,30,165,22,215,17,166,151,245,209,153,6,126
Best fitness found so far: 0.5822309159142832; k: 2.0
Generation: 27; 0.5822309159142832; k: 2.0; 113,28,14,47,67,159,165,36,21,180,67,215,149,201,209,30,72,197,210,92,30,67,189,119,201,201,30,64,172,107,129,96,227,175,142,238,21,187,30,107,181,17,133,100,219,161
Best fitness found so far: 0.5822309159142832; k: 2.0
Generation: 28; 0.5822309159142832; k: 2.0; 10,218,14,47,139,159,165,36,21,180,67,35,149,201,209,30,72,197,210,92,30,14,2,10,142,84,201,89,236,94,161,65,55,38,30,128,67,228,172,180,179,26,165,179,231,161,128,113,180,149,3,68,83,191,177,139,113
Best fitness found so far: 0.5822309159142832; k: 2.0
Generation: 29; 0.5822309159142832; k: 2.0; 10,28,14,47,67,159,165,36,131,180,67,35,149,201,209,30,64,197,134,202,28,149,2,10,53,165,97,221,157,215,142,51,22,11,165,36,131,180,67,35,149,201,209,30,64,197,210,37,30,14,2,10,142,165,147,142,53,64,161,44,55,89,30,47,1,64,172,180,179,169,165,201,64,161,140,167,21,146,185,215,35,108,73,53,7,64,172,224,187,54,13,161
Best fitness found so far: 0.5822309159142832; k: 2.0
Generation: 30; 0.5857871828104446; k: 2.0; 10,169,14,6,67,159,165,36,197,28,67,35,149,86,209,30,30,64,197,132,202,110,67,142,1,201,187,83,220,30,149,142,118,43,86,118,131,196,231
Best fitness found so far: 0.5857871828104446; k: 2.0
Generation: 31; 0.5822309159142832; k: 2.0; 10,28,14,47,67,159,165,36,131,180,67,35,149,201,209,30,64,197,210,202,28,14,2,10,53,165,201,165,94,35,30,238
Best fitness found so far: 0.5857871828104446; k: 2.0
Generation: 32; 0.5822309159142832; k: 2.0; 10,28,14,47,67,159,165,36,131,180,67,35,149,201,209,30,64,197,223,92,30,14,2,10,54,165,221,53,180,142,165,22,230,17,159,215,92,239,30,159,98,226,148,205,162,128,29,66,95,22,230,174,159,215,201,239,30,64,110
Best fitness found so far: 0.5857871828104446; k: 2.0
Generation: 33; 0.5857871828104446; k: 2.0; 10,169,14,6,67,159,77,36,197,28,67,35,149,86,135,30,30,64,197,132,202,110,67,142,1,201,187,83,54,30,149,201,209,30,64,197,210,150,30,14,2,10,142,165,201,221,53,64,99,44,55,89,30,47,67,64,172,180,179,169,165,201,64,161,140,167,21,136,185,83,213,223,73,53,7,64,172,224,187,118,245,161
Best fitness found so far: 0.5857871828104446; k: 2.0
Generation: 34; 0.5857871828104446; k: 2.0; 10,169,14,6,67,159,77,36,197,28,67,35,149,86,135,30,30,64,197,64,161,73,123,89,46,205
Best fitness found so far: 0.5857871828104446; k: 2.0
Generation: 35; 0.5822309159142832; k: 2.0; 10,28,14,47,67,159,87,36,131,180,67,35,149,201,209,30,64,197,210,202,152,14,2,92,58,165,201,142,53,64,161,219,218,21,138,67,117,165,183,235,197,76,149,28,14,72,71,23,142,165,194,35,27,82,172,17,11,94,185,30,165,22,34,17,166,151,245,209,153,193,126,149,201,209,30
Best fitness found so far: 0.5857871828104446; k: 2.0
Generation: 36; 0.5857871828104446; k: 2.0; 10,169,14,6,67,159,77,36,197,28,67,35,149,86,135,30,30,64,197,132,202,110,67,170,1,201,187,83,54,30,114,169,145,30,64,197,210,150,30,131,180,67,35,149,201,209,30,161,197,165,92,107,14,210,33,198,14,2,10,142,165,201,221,53,55,161,73,55,200,30,245,92,64,172,28,179,26,165,201,74,224,209,219,177
Best fitness found so far: 0.5857871828104446; k: 2.0
Generation: 37; 0.5822309159142832; k: 2.0; 10,162,14,47,67,159,165,36,131,180,67,35,149,201,209,30,64,197,222,187,30,14,6,67,142,165,47,67,159,225,36,46,180,67,35,209,201,209,30,64,197,142,202,28,108,127,10,142,165,180,67,35,149,201,209,30,72,197,210,92,30,203,2,10,142,84,201,134,236,94,161,73,121,38,69,47,67,228,172,102,179,203,165,179,231,161,99,180,67,35,149,231,50,208,72,197,210,92,30,14,2,205,241,232,17,133,118,94,133,59,144,180,67,35,149,201,92,187,64,197,226,92,30,14,193,161,142,80,142,221,53,64,161,202,55,21,30,121,67,64,63,180,179,87,165,234,56,30,241,64,197,120,54,225,14,88,101,30,224,244,67,142,165,22,230,202,105,14,126,187,30,146,26,205,130,165,22,39,17,64,138,38,209,153,70,126
Best fitness found so far: 0.5857871828104446; k: 2.0
Generation: 38; 0.5857871828104446; k: 2.0; 10,169,14,6,67,159,77,36,197,158,67,35,149,86,135,30,30,64,197,132,202,229,67,170,1,201,166,83,47,30,114,169,145,30,64,197,245,238,243,131,180,67,35,149,201,209,30,161,5,165,92,107,36,210,33,198,14,2,10,142,165,201,221,53,55,161,73,55,200,30,245,158,64,172,28,179,26,165,201,44,224,146,219,177
Best fitness found so far: 0.5857871828104446; k: 2.0
Generation: 39; 0.5857871828104446; k: 2.0; 238,169,14,6,67,159,77,36,197,28,67,35,149,86,135,30,30,64,197,132,202,110,67,142,1,201,187,83,54,30,149,201,209,30,64,197,210,150,30,14,2,10,14,165,201,221,53,64,99,44,55,89,226,47,67,64,172,180,179,169,165,201,64,161,140,167,21,36,21,180,67,35,149,206,85,30,72,197,239,92,30,61,2,240,142,165,201,191,53,94,161,208,14,38,240,87,67,228,172,180,90,26,165,32,94,49,13,180,246,35,149,201,4,30,72,162,210,92,44,14,2,74,142,213,201,191,53,94,161,73,128,145,187,67,189,215,201,201,116,64,172,107,129,38,209,153,70,126
Best fitness found so far: 0.5857871828104446; k: 2.0
Generation: 40; 0.5857871828104446; k: 2.0; 10,169,14,6,67,159,165,36,197,28,67,35,149,86,209,30,30,64,197,132,202,110,67,142,1,201,187,83,220,196,149,142,118,43,86,118,14,2,205,241,201,74,30,33,212,196,18,198,209
Best fitness found so far: 0.5857871828104446; k: 2.0
Generation: 41; 0.5857871828104446; k: 2.0; 227,169,14,6,247,229,77,36,109,28,67,35,149,86,135,30,30,64,197,132,72,110,28,142,1,201,238,83,138,100,149,131,209,30,64,197,210,150,30,146,2,10,131,165,201,221,117,125,99,44,55,89,226,47,149,64,40,180,179,169,165,201,167,126,136,185,83,236,223,73,53,7,64,172,224,187,118,245,161
Best fitness found so far: 0.5857871828104446; k: 2.0
Generation: 42; 0.5857871828104446; k: 2.0; 46,169,14,6,247,229,77,36,109,28,67,35,149,86,135,30,30,64,197,188,72,110,28,142,1,201,164,83,138,100,149,131,209,30,15,197,210,150,30,146,2,10,131,165,201,221,53,125,99,44,55,89,226,179,149,64,40,171,179,169,165,201,167,126,136,185,83,236,201,209,30,64,197,142,146,30,209,244,159,126
Best fitness found so far: 0.5857871828104446; k: 2.0
Generation: 43; 0.5870120721012497; k: 2.0; 227,169,14,4,247,159,77,36,197,28,67,35,149,86,135,30,30,64,197,132,72,110,67,233,1,161,125,80,138,100,149,201,125,30,64,197,210,131,180,149,35,149,188,147,30,64,197,210,202,247,51,3,92,58,165,180,142,53,64,138,91,218,21,138,67,117,190,173,17,197,210,149,28,14,72,71,29,13,180,67,35,130,231,209,240,72,197,77,92,30,244,2,98,241,145,74,48,46,212,149,165,198,209
Best fitness found so far: 0.5870120721012497; k: 2.0
Generation: 44; 0.5857871828104446; k: 2.0; 10,169,14,6,67,159,77,36,197,28,67,35,149,86,135,30,16,124,197,132,202,110,67,239,1,201,187,83,21,30,149,201,209,30,64,197,129,150,30,14,2,213,142,165,201,23,53,163,99,44,55,183,30,47,67,64,172,180,179,169,165,201,64,161,140,64,161,140,167,146,245,21,34,18,142,39,206,85,186,68,197,61,92,14,168,2,161,73,55,175,128,238,21,187,30,107,181,17,133,100,219,161
Best fitness found so far: 0.5870120721012497; k: 2.0
Generation: 45; 0.5870120721012497; k: 2.0; 57,169,14,220,67,159,165,36,197,28,67,35,149,221,209,30,22,64,190,132,216,161,13
Best fitness found so far: 0.5870120721012497; k: 2.0
Generation: 46; 0.5870120721012497; k: 2.0; 227,169,14,100,247,159,77,36,197,28,67,35,127,86,135,30,30,64,197,132,72,110,67,233,1,248,238,80,138,127,193,39,111,3,125,152,242,165,15,91,187,30,140,172,243,243,64,172,180,24,156,226,206,191,30,209,219,177
Best fitness found so far: 0.5870120721012497; k: 2.0
Generation: 47; 0.5870120721012497; k: 2.0; 227,169,14,4,247,159,77,36,197,28,67,35,149,86,135,30,30,64,197,67,35,223,73,53,7,64,172,224,187,118,245,161
Best fitness found so far: 0.5870120721012497; k: 2.0
Generation: 48; 0.5870120721012497; k: 2.0; 227,169,14,4,51,159,77,36,197,28,67,35,13,86,135,30,30,64,197,132,72,249,67,233,1,128,125,80,138,100,149,201,125,30,64,197,210,131,180,149,35,149,140,167,21,165,98,166,161,13
Best fitness found so far: 0.5870120721012497; k: 2.0
Generation: 49; 0.5870120721012497; k: 2.0; 10,169,14,1,67,159,165,36,197,28,67,35,149,86,201,30,30,64,20,132,202,49,110,64,161,221,55,21,30,125,102,64,172,237,91,242,165,201,74,122,33,241,145,30,227,81,67,67,142,39,206,85,168,72,197,61,92,30,61,2,240,142,165,201,191,53,94,161,208,14,38,240,51,67,228,67,24,76,64,161,140,30,14,30,67,171,165,66
Best fitness found so far: 0.5870120721012497; k: 2.0
Generation: 50; 0.5870120721012497; k: 2.0; 10,169,14,52,67,159,77,36,197,28,67,35,149,86,135,30,30,64,197,132,158,110,67,103,1,201,187,83,54,30,114,169,145,30,64,197,210,150,30,131,180,123,35,84,71,209,30,28,232,194,10,175,142,165,194,131,113,64,57,17,133,118,94,30,59,230,126,67,35,149,201,92,30,64,197,77,92,122,14,193,11,142,165,201,221,53,241,161,202,55,21,30,47,195,64,172,180,179,68,184,127,189,30,241,130,197,103,202,50,14,118,101,30,14,30,67,142,165,22,134,202,50,173,201,187,90,14,26,67,142,165,22,39,174,64,138,38,237,153,70,126
Best fitness found so far: 0.5870120721012497; k: 2.0
Generation: 51; 0.5870120721012497; k: 2.0; 173,169,14,4,247,159,77,6,197,28,67,35,149,86,135,30,30,64,197,132,72,110,67,133,1,137,19,58,234,100,177,201,125,30,64,197,165,36,197,148,67,35,42,221,209,165,198,209
Best fitness found so far: 0.5870120721012497; k: 2.0
Generation: 52; 0.5870120721012497; k: 2.0; 10,169,14,31,67,159,77,36,197,28,141,35,149,86,135,30,114,124,186,141,14,201,209,177,110,67,235,161,73,55,100,30,171,165,36,197,28,67,247,149,47,201,30,30,64,24,132,202,49,110,64,176,73,55,64,198,71,235,156,172,237,179,26,154,91,182,122,186,241,145,30,227,81,196,184,69,209,242,140,21,165,201,187,30,14,195,69,135,165,80,230,18,208,195,116,12,94,64,121,75,217,209,175,67,142,155,30,209,219,177,24,132,202,49,110,64,176,73,55,64,198,71,235
Best fitness found so far: 0.5870120721012497; k: 2.0
Generation: 53; 0.5870120721012497; k: 2.0; 25,81,14,4,247,159,77,36,197,28,67,35,149,86,135,30,30,64,197,132,72,110,192,233,1,128,226,80,138,100,149,157,125,59,64,197,10,169,14,6,245,159,77,36,197,171,67,35,175,163,135,2,125,80,138,121,19,201,125,30,64,197,210,131,180,149,35,149,77,36,197,158,146,35,173,86,135,185,30,64,197,113,202,229,67,170,172,201,166,60,47,50,165,14,5,30,64,62,129,238,144,211,83,63,35,149,201,209,15,197,210,1,40,146,172,10,36,62,89,30,47,63,64,172,131,179,202,165,191,64,161,140,201,125,30,64,197,92,30,195,2,10,222,148,201,191,69,78,161,13
Best fitness found so far: 0.5870120721012497; k: 2.0
Generation: 54; 0.588779335340367; k: 2.0; 10,169,14,22,67,159,81,36,197,80,138,100,211,201,125,30,64,197,235,131,180,149,35,149,180,35,11,226,64,191,30,244,219,177
Best fitness found so far: 0.588779335340367; k: 2.0
Generation: 55; 0.5870120721012497; k: 2.0; 173,169,14,4,247,159,77,6,197,28,67,35,149,86,135,30,30,64,197,132,72,110,67,35,1,128,103,58,234,100,177,201,125,133,64,197,92,30,155,2,10,222,165,201,72,53,131,180,149,165,197,188,24,156,137,64,191,10,209,219,177
Best fitness found so far: 0.588779335340367; k: 2.0
Generation: 56; 0.5870120721012497; k: 2.0; 10,169,14,52,67,159,77,36,197,28,67,35,149,86,135,30,30,64,197,132,202,110,14,170,1,201,187,83,54,232,114,169,203,30,64,197,210,150,30,114,180,67,35,84,71,130,53,28,14,72,10,175,142,187,194,131,157,64,57,17,231,118,97,30,59,88,180,67,35,149,239,92,30,64,197,210,198,30,14,193,11,142,165,203,221,75,152,14,31,67,139,77,36,197,28,141,35,149,86,135,30,114,124,186,141,14,201,209,177,110,67,235,161,73,55,100,30,66,165,131,197,28,67,247,149,47,18,30,194,64,24,4,202,169,110,247,176,73,55,64,198,162,235,193,172,237,179,26,154,80,182,122,186,241,220,30,174,138,195,48,46,72,149,165,208,209
Best fitness found so far: 0.588779335340367; k: 2.0
Generation: 57; 0.5870120721012497; k: 2.0; 25,81,14,4,247,159,77,36,197,28,67,35,149,11,135,30,30,64,197,132,72,110,83,233,1,123,154,80,138,100,76,157,125,30,64,197,10,169,14,121,245,47,77,36,225,75,222,93,149,163,135,30,105,64,197,132,83,47,247,114,169,145,30,64,197,245,49,237,131,83,67,35,149,201,209,30,98,5,165,92,107,36,210,150,182,14,140,64,172,81,58,192,150,45,60,2,10,142,165,201,221,209,30,22,64,190,132,216,67,190,114,142,165,32,164,30,64,107,191,128,67,117,88,201,187,169,232,30,82,142,187,70,126
Best fitness found so far: 0.588779335340367; k: 2.0
Generation: 58; 0.5870120721012497; k: 2.0; 25,169,14,4,247,159,77,36,197,28,67,75,149,36,31,30,30,64,125,132,72,110,67,233,1,151,154,80,138,100,200,201,125,30,64,197,114,131,180,149,35,234,130,147,61,64,197,154,80,220,100,149,201,125,30,221,197,114,131,180,149,35,149,36,197,28,67,75,149,36,171,30,30,64,125,132
Best fitness found so far: 0.588779335340367; k: 2.0
Generation: 59; 0.5870120721012497; k: 2.0; 25,197,14,4,247,94,77,36,197,28,67,35,149,86,135,30,30,64,197,125,30,64,197,165,36,145,148,67,35,42,221,209,165,198,209,36,145,148,67,35,42,221,209,165,198,209
Best fitness found so far: 0.588779335340367; k: 2.0
Generation: 60; 0.588779335340367; k: 2.0; 10,169,14,22,67,159,81,36,197,80,138,100,211,53,125,148,17,197,31,149,28,14,72,71,29,13,180,67,68,235,231,209,7,215,197,91,159,30,29,139,98,241,145,195,48,46,72,149,165,200,209
Best fitness found so far: 0.588779335340367; k: 2.0
Generation: 61; 0.588779335340367; k: 2.0; 10,169,14,22,67,159,81,36,197,80,138,100,211,53,125,3,35,127,185,135,30,19,184,104,210,233,219,41
Best fitness found so far: 0.588779335340367; k: 2.0
Generation: 62; 0.588779335340367; k: 2.0; 10,169,14,67,67,159,81,151,197,80,138,100,211,53,125,148,17,197,31,165,22,218,220,30,219,58,115,30,46,205
Best fitness found so far: 0.588779335340367; k: 2.0
Generation: 63; 0.588779335340367; k: 2.0; 227,169,154,4,247,159,77,36,101,245,208,35,149,86,135,30,30,64,133,132,64,110,245,233,1,142,10,134,131,222,14,72,10,201,142,165,194,131,113,64,172,17,133,132,39,30,59,144,46,205
Best fitness found so far: 0.588779335340367; k: 2.0
Generation: 64; 0.588779335340367; k: 2.0; 10,169,14,52,87,159,77,170,245,201,166,60,47,112,165,14,104,30,64,197,129,238,249,131,83,67,35,188,181,133,15,197,210,109,30,146,200,10,193,62,89,30,47,36,21,30,30,64,125,132,72,110,67,233,1,79,154,80,138,100,43,201,125,30,64,197,114,131,86,149,35,149,157,147,30,64,197,154,80,220,100,149,201,125,122,138,197,114,131,180,149,35,149,36,197,28,143,75,149,36,31,30,30,98,125,132
Best fitness found so far: 0.588779335340367; k: 2.0
Generation: 65; 0.588779335340367; k: 2.0; 10,155,14,22,67,159,81,36,197,80,138,100,211,53,125,148,85,197,6,149,76,80,138,100,211,53,125,148,17,197,31,141,22,218,220,30,219,58,115,30,46,205
Best fitness found so far: 0.588779335340367; k: 2.0
Generation: 66; 0.588779335340367; k: 2.0; 10,169,14,22,67,159,81,36,197,80,138,100,211,201,125,30,64,197,235,131,180,149,65,149,180,35,11,226,226,64,197,87,25,247,131,155,92,149,129,143,30,105,64,197,175,202,229,32,170,1,201,14,26,67,142,165,22,39,174,64,138,38,237,153,70,126
Best fitness found so far: 0.588779335340367; k: 2.0
Generation: 67; 0.588779335340367; k: 2.0; 10,99,14,22,67,159,81,36,13,80,138,100,211,201,125,30,64,34,235,99,88,149,35,149,180,35,11,226,63,64,197,138,94,149,201,125,70,95,169,210,131,180,149,35,149,180,24,156,226,64,191,30,209,219,177,10,99,14,22,67,159,81,36,13,80,138,100,211,201,125,30,64,34,235,99,88,149,35,149,180,35,11,226,63,64,197,138,94,149
Best fitness found so far: 0.588779335340367; k: 2.0
Generation: 68; 0.588779335340367; k: 2.0; 10,169,14,208,67,159,81,36,197,175,138,90,211,50,24,30,64,200,166,131,180,149,35,123,31,207,11,226,64,64,241,138,25,247,131,93,214,240,29,143,68,105,64,197,175,113,229,32,183,1,201,158,176,73,55,64,86,17,235,156,172,104,66,179,149,40,147,30,64,197,52,202,83,32,219,58,112,30,81,205,65,128,154,80,138,100,25,247,131,155,92,149,86,76,30,105,64,163,175,202,229,141,147,1,201,152,83,47,207,114,169,145,30,64,197,76,238,7,131,138,151,149,157,125,56,39,197,10,169,14,6,237,115,26,32,201,198,30,33,241,196,165,64,172,107,124,4,148,67,191,67,142,165,244,214,7,64,205,90,120,58,180,92,106,68,9,162,59,139,113
Best fitness found so far: 0.588779335340367; k: 2.0
Generation: 69; 0.588779335340367; k: 2.0; 203,169,14,172,87,159,77,170,245,201,166,60,188,112,146,14,104,30,219,197,129,238,249,205,2,67,61,188,181,133,15,226,210,221,207,146,200,10,193,62,132,202,110,153,142,151,201,187,83,66,243,216,142,118,111,147,24,123,2,205,241,201,74,30,2,185,128,18,198,233
Best fitness found so far: 0.588779335340367; k: 2.0
Generation: 70; 0.588779335340367; k: 2.0; 10,169,14,22,67,159,81,36,197,80,138,100,211,53,125,148,17,10,31,149,28,14,72,71,29,118,94,30,17,73,180,67,222,149,201,92,30,64,82,129,184,30,14,193,11,142,55,201,221,53,71,161,161,201,3,65,64,197,235,131,180,149,65,149,180,226,11,226,226,64,197,87,25,247,131,161,51,167,137,67,45,175,35,223,188,126,170,64,87,224,10,118,147,138,77,170,187,201,166,60,98,112,44,14,123,52,74,197,129,238,177,131,151,217,35,36,216,165,64,161,75,49,137,67,45,137,198,223,188,77,170,64,87,224
Best fitness found so far: 0.588779335340367; k: 2.0
Generation: 71; 0.588779335340367; k: 2.0; 10,169,14,22,67,159,81,36,197,80,138,100,211,25,19,28,99,44,232,183,146,176,67,234,242,81,179,85,165,201,176,68,246,64,12,140,77,81,138,197,80,138,100,211,201,64,172,194,13,108,127,30,60,2,10,95,96,156,54,19,67,159,81,36,197,80,138,100,211,25,19,28,99,44,232,183,146,176,67,234,242,81,179,85,165,201,176,68,246,64,12,140,77,81,138,197,80,138,100,211,201,64
Best fitness found so far: 0.588779335340367; k: 2.0
Generation: 72; 0.588779335340367; k: 2.0; 10,169,14,118,75,159,81,36,13,80,138,100,211,201,66,165,14,104,30,215,197,129,178,86,131,83,67,245,6,1,218,10,117,131,222,198,223,73,19,7,64,133,224,10,118,147,48,30,215,197,129,178,86,131,83,67,245,6,1,218,10,117,131,222
Best fitness found so far: 0.588779335340367; k: 2.0
Generation: 73; 0.588779335340367; k: 2.0; 10,169,14,52,87,159,77,170,187,201,166,60,47,112,135,95,235,131,180,231,42,149,180,35,11,49,226,64,197,87,25,247,131,155,92,149,129,143,70,105,64,197,208,33,182,225,140,64,194,194,246,108,150,30,60,2,183,142,165,201,54,19,28,172,44,232,80,104,213,67,234,172,55,179,244,165,201,64,68,140,64,161,140,250
Best fitness found so far: 0.588779335340367; k: 2.0
Generation: 74; 0.588779335340367; k: 2.0; 78,169,14,22,67,159,81,36,197,80,138,100,211,201,138,100,211,53,125,148,17,197,31,141,22,218,220,30,219,58,115,108,46,205
Best fitness found so far: 0.588779335340367; k: 2.0
Generation: 75; 0.588779335340367; k: 2.0; 10,169,14,52,87,159,77,170,245,201,166,60,47,112,165,14,104,30,234,197,129,238,249,131,83,67,35,226,181,133,15,181,210,109,30,146,200,10,193,62,89,30,47,36,21,30,30,64,125,132,72,110,67,233,206,79,154,80,138,100,43,201,125,30,64,197,114,131,86,149,35,245,6,1,142,10,117,131,222,198,223,73,19,7,176,185,224,10,118,147,7
Best fitness found so far: 0.588779335340367; k: 2.0
Generation: 76; 0.588779335340367; k: 2.0; 227,169,154,4,247,159,31,36,101,110,208,35,149,86,46,30,30,64,133,132,205,110,245,158,1,127,10,134,131,222,14,72,10,201,142,165,30,30,64,197,132,1,110,67,140,64,172,180,124,26,184,184,130,210,24,219,177
Best fitness found so far: 0.588779335340367; k: 2.0
Generation: 77; 0.588779335340367; k: 2.0; 10,169,14,22,67,159,81,36,197,80,107,100,211,53,125,30,64,83,235,69,190,149,35,149,180,35,11,226,64,64,197,248,25,247,131,155,92,149,140,250,30,105,80,197,175,202,229,32,170,1,201,166,83,47,207,114,169,145,30,64,197,18,33,7,131,219,67,35,158,219,36,197,80,138,100,211,201,147,30,64,197,235,131,180,149,65,149,212,142,11,77,226,64,197,87,25,247,131,155,92,149,129,97,30,105,64,197,175,202,229,152,200,51,201,160,83,194,207,224,14,4,247,159,77,36,91,28,94,35,235,86,44,30,30,64,99,132,72,110,67,233,1,79,141,80,243,242,19,204,163,30,217,197,31,149,180,45,35,149,110,1,216,139,47,210,202,247,227,3,92,58,202,197,99,186,223,73,43,61,64,172,224,100,118,245,161
Best fitness found so far: 0.588779335340367; k: 2.0
Generation: 78; 0.588779335340367; k: 2.0; 10,169,14,22,67,159,81,36,99,80,138,100,211,201,125,30,64,197,235,131,131,183,231,65,250,180,35,11,4,226,64,197,87,64,247,131,107,92,149,129,118,70,105,64,197,158,142,182,225,202,64,194,194,55,173,25,68,60,2,183,85,30,201,54,19,28,99,32,56,80,104,4,67,234,172,187,233,132,161
Best fitness found so far: 0.588779335340367; k: 2.0
Generation: 79; 0.588779335340367; k: 2.0; 227,169,154,115,247,159,153,36,101,245,208,35,149,86,135,179,99,218,68,59,64,110,245,6,1,35,39,239,46,30,46,64,191,224,13
Best fitness found so far: 0.588779335340367; k: 2.0
Generation: 80; 0.588779335340367; k: 2.0; 10,227,14,22,67,159,81,36,197,80,138,100,211,53,125,148,128,197,6,149,28,250,72,71,29,13,180,67,68,235,231,209,126,180,197,91,159,30,67,233,1,148,211,61,125,148,85,197,6,19,3,80,138,94,211,53,125,148,17,197,31,141,228,149
Best fitness found so far: 0.588779335340367; k: 2.0
Generation: 81; 0.588779335340367; k: 2.0; 10,211,14,22,67,159,81,36,197,80,138,100,148,201,125,30,64,197,235,131,162,192,65,149,180,35,11,6,226,64,197,87,223,247,131,155,145,149,129,143,30,105,64,197,175,202,229,103,170,1,201,216,83,194,207,224,14,4,247,159,77,36,197,28,67,35,235,86,239,30,30,64,121,132,72,110,67,233,1,161,141,80,243,242,149,197,125,30,64,197,31,131,180,235,35,68,188,147,216,139,47,210,202,247,227,3,92,58,165,197,99,35,223,73,125,30,64,197,235,131,115,149,35,149,180,35,11,226,64,191,30,244,53,177
Best fitness found so far: 0.588779335340367; k: 2.0
Generation: 82; 0.588779335340367; k: 2.0; 10,169,14,22,67,74,81,36,197,80,138,100,211,201,125,30,178,197,218,131,180,149,65,149,180,35,57,226,226,122,197,87,25,247,131,155,92,149,129,143,30,105,64,197,175,202,229,32,170,1,201,14,26,67,142,165,22,39,174,64,138,89,30,47,63,64,172,20,179,169,165,200,196,161,140,167,137,67,45,175,198,223,73,53,217,64,172,224,10,172,147,138
Best fitness found so far: 0.588779335340367; k: 2.0
Generation: 83; 0.588779335340367; k: 2.0; 10,169,14,52,87,159,77,170,245,201,166,60,47,95,165,14,104,30,76,197,129,238,6,131,83,178,93,188,181,183,15,95,210,36,150,192,223,180,49,35,36,197,80,138,112,211,201,125,30,64,197,75,131,180,149,24,149,180,234,11,226,209,148,197,129,82,247,131,81,107,21,80,86,31,184,64,15,209,188,30,64,203,132,202,110,67,142,151,201,187,231,27,243,216,142,118,111,147,24,14,2,205,241,201,74,30,2,212,115,18,198,233
Best fitness found so far: 0.588779335340367; k: 2.0
Generation: 84; 0.588779335340367; k: 2.0; 10,169,14,22,67,159,81,36,13,80,138,100,211,201,125,165,14,104,30,215,197,129,238,86,23,126,67,35,188,181,183,15,197,210,150,30,146,200,10,193,110,89,30,47,63,64,14,20,179,73,155,7,64,172,224,10,118,87,138
Best fitness found so far: 0.588779335340367; k: 2.0
Generation: 85; 0.588779335340367; k: 2.0; 10,169,14,22,67,159,81,36,197,80,162,30,161,5,229,115,107,36,210,101,170,14,140,64,172,194,55,108,127,30,60,2,10,142,216,201,54,19,28,232,44,232,183,38,213,67,234,172,55,179,244,165,81,176,68,140,64,12,140,181
Best fitness found so far: 0.588779335340367; k: 2.0
Generation: 86; 0.588779335340367; k: 2.0; 227,19,154,4,247,159,77,36,101,245,194,35,149,34,46,30,57,64,133,132,205,110,245,233,235,127,181,134,131,222,14,72,10,201,142,165,245,201,166,60,47,89,165,14,104,30,122,197,129,238,249,131,83,103,213,167,211,201,177,30,64,197,235,131,180,149,65,149,180,240,50,165,201,191,53,94,161,111,14,178,240,51,67,2,159,24,76,72,161,140,243,14,30,67,171,165,66
Best fitness found so far: 0.588779335340367; k: 2.0
Generation: 87; 0.588779335340367; k: 2.0; 100,169,154,4,247,159,77,36,101,245,208,35,149,29,139,30,30,64,133,132,64,110,245,208,186,216,10,152,131,105,240,197,175,202,229,32,170,1,201,166,176,73,55,64,198,71,235,156,172,242,66,66,154,91,137,122,179,241,145,30,227,81,78,184,69,209,7,140,21,158,201,3,104,14,137,69,135,22,80,230,18,208,149,116,12,66,59,13,75,217,209,180,67,142,41,80,138,100,211,204,125,199,17,197,6,243,199,80,138,100,87,53,125,148,17,197,31,141,22,218,220,30,219,130,115,30,172,205
Best fitness found so far: 0.588779335340367; k: 2.0
Generation: 88; 0.588779335340367; k: 2.0; 227,169,154,4,247,159,77,36,101,245,208,35,39,239,46,30,30,64,217,132,205,110,245,209,1,127,10,63,131,222,14,72,10,1,142,20,245,201,166,60,47,112,231,14,49,30,122,197,129,165,201,187,30,14,195,69,135,165,80,230,18,208,195,116,92,165,80,230,33,208,195,116,106,94,64,121,75,217,209,175,37,142,155,30,209,219,177,24,132,211,49,110,64,176,214,55,64,198,71,235
Best fitness found so far: 0.588779335340367; k: 2.0
Generation: 89; 0.588779335340367; k: 2.0; 10,169,14,22,67,159,81,36,105,175,138,100,211,201,125,30,64,200,235,176,195,149,35,149,31,74,11,226,161,64,77,129,25,247,131,155,123,149,86,226,97,84,54,207,175,202,229,32,170,192,201,166,176,73,55,104,198,210,160,164,72,237,153,26,154,91,67,92,186,241,132,184,104,210,147,219,133,35,149,142,135,30,30,64,133,132,157,110,245,233,1,142,132,1,110,67,140,64,172,180,124,26,111,184,130,210,92,219,118
Best fitness found so far: 0.588779335340367; k: 2.0
Generation: 90; 0.588779335340367; k: 2.0; 10,169,14,139,67,159,199,36,109,80,138,100,211,53,125,148,72,10,47,33,28,14,72,71,222,85,94,30,219,73,180,67,35,149,201,92,30,64,82,129,227,30,14,193,11,142,55,201,221,53,71,161,161,55,21,194,207,224,14,4,247,159,77,36,197,28,67,35,235,86,182,249,30,169,99,151,53,110,67,233,1,33,166,80,243,242,149,197,169,30,64,197,31,24,180,180
Best fitness found so far: 0.588779335340367; k: 2.0
Generation: 91; 0.588779335340367; k: 2.0; 227,169,154,4,247,159,77,36,99,245,208,35,149,86,135,30,30,64,133,132,64,131,113,64,57,17,169,118,94,30,59,88,180,67,35,201,201,92,30,64,197,210,92,30,14,193,11,142,165,201,100,53,123,161,202,55,155,54,112,195,64,172,180,113,26,165,127,74,30,241,166,197,9,202,50,178,118,101,30,229,30,67,142,240,22,230,202,37,173,201,187,30,14,26,67,142,165,74,39,174,64,138,97,237,153,70,195
Best fitness found so far: 0.588779335340367; k: 2.0
Generation: 92; 0.588779335340367; k: 2.0; 10,169,14,52,87,159,77,170,187,201,166,60,153,14,62,14,104,30,64,197,129,238,249,131,151,217,35,188,181,133,15,197,210,227,30,135,200,10,193,142,89,30,76,36,21,30,30,64,125,132,72,110,67,233,1,79,103,80,138,177,43,201,64,197,244,115,201,176,68,140,64,12,140,77
Best fitness found so far: 0.588779335340367; k: 2.0
Generation: 93; 0.588779335340367; k: 2.0; 10,169,14,22,67,159,81,36,197,80,138,105,211,201,125,30,64,197,235,131,180,149,65,149,180,35,11,191,226,64,197,87,25,247,131,155,92,149,129,92,30,105,64,197,175,202,229,32,170,1,201,160,83,47,207,223,14,4,247,159,37,213,197,28,67,35,125,86,239,30,30,64,99,132,174,110,67,233,1,161,141,80,138,242,149,93,125,30,64,197,210,131,180,235,35,149,188,147,30,139,47,210,202,247,149,3,92,58,165,113,12,68,140,64,32,204,221,125,30,64,197,235,131,180,149,65,149,180,35,11,191,226,64,197,87,25,247,131,155,92,149
Best fitness found so far: 0.588779335340367; k: 2.0
Generation: 94; 0.588779335340367; k: 2.0; 203,23,14,52,87,159,77,170,227,201,166,60,47,112,62,14,200,52,64,197,129,203,249,131,151,217,35,124,26,235,51,180,149,35,149,180,35,11,226,64,191,30,244,219,177
Best fitness found so far: 0.588779335340367; k: 2.0
Generation: 95; 0.588779335340367; k: 2.0; 10,169,14,22,67,159,81,36,197,80,138,100,211,201,125,30,64,197,111,149,54,146,14,104,30,219,197,129,238,249,205,2,67,61,188,181,133,15,226,210,4,81,146,200,10,193,62,94,30,47,36,21,88,30,64,125,175,72,110,67,24,1,79,154,175,197,218,92,76,14,193,222,142,165,201,221,40,163,161,161,55,21,163,11,80,64,71,64,179,151,39,151,74,87,241,60,35,241,73,43,7,64,172,224,173,109,245,161
Best fitness found so far: 0.588779335340367; k: 2.0
Generation: 96; 0.588779335340367; k: 2.0; 96,169,154,4,139,159,51,36,101,245,208,35,98,86,135,30,30,64,80,138,100,211,201,64,172,194,13,108,127,30,60,2,10,95,96,201,54,19
Best fitness found so far: 0.588779335340367; k: 2.0
Generation: 97; 0.588779335340367; k: 2.0; 10,169,14,22,67,159,81,36,197,80,138,100,211,78,125,30,64,184,13,131,159,149,24,149,180,35,11,226,180,17,197,129,25,28,91,35,168,86,135,30,30,64,197,163,72,110,67,233,1,78,125,184,138,118,149,5,125,30,64,81,116,131,180,149,172,149,188,104,30,64,197,210,236,218,51,143,92,58,165,180,142,241,64,138,91,218,18,134,160,144,190,148,17,197,31,28,28,14,72,71,29,13,180,67,204,235,133,209,7,216,30,47,63,237,179,26,142,80,51,122,186,241,2,30,174,81,45,61,69,209,18,27,156,165,201,187,30,14,194,69,135,165,80,230,18,208,195,116,12,94,78,121,243,38,175,54,67,142,155,30,209,219,98,24,132,116,49,110,144,176,8,55,64,165,194,131,113,201,172,17,183,132,39,187,59,144,46,205
Best fitness found so far: 0.588779335340367; k: 2.0
Generation: 98; 0.588779335340367; k: 2.0; 10,155,14,22,67,159,81,36,197,80,138,100,211,61,167,137,136,45,175,198,223,73,53,7,64,172,224,10,143,147,175
Best fitness found so far: 0.588779335340367; k: 2.0
Generation: 99; 0.588779335340367; k: 2.0; 227,169,154,4,247,159,77,36,45,245,208,35,149,86,48,30,30,64,15,209,188,30,64,203,132,192,110,67,142,151,201,187,83,66,243,216,142,118,111,147,24,14,2,205,2,201,74,30,2,212,221,18,198,233
Best fitness found so far: 0.588779335340367; k: 2.0
Generation: 100; 0.588779335340367; k: 2.0; 10,169,14,22,67,159,81,36,13,80,138,100,211,201,125,165,14,104,30,215,133,89,238,86,131,83,67,35,188,181,149,15,197,210,150,76,146,200,10,193,110,67,191,67,142,165,201,214,7,64,205,90,120,114,180,92,35,12,113,162,43,141,113
Best fitness found so far: 0.588779335340367; k: 2.0
Generation: 101; 0.588779335340367; k: 2.0; 10,169,104,22,67,159,81,36,197,80,138,100,29,51,168,30,64,24,235,131,12,231,107,149,180,35,11,226,226,87,224
Best fitness found so far: 0.588779335340367; k: 2.0
Generation: 102; 0.588779335340367; k: 2.0; 10,169,14,22,67,159,81,36,197,175,138,100,211,201,125,30,64,200,121,176,15,149,35,149,31,35,11,226,64,64,164,129,25,247,148,155,59,149,151,143,68,153,54,207,175,202,229,131,175,198,223,73,19,229,74,30,33,212,115,18,198,209
Best fitness found so far: 0.588779335340367; k: 2.0
Generation: 103; 0.588779335340367; k: 2.0; 227,169,154,4,247,159,77,36,101,245,208,35,149,244,216,28,99,44,232,80,104,213,67,234,172,55,179,244,165,201,64,68,140,64,161,140,250
Best fitness found so far: 0.588779335340367; k: 2.0
Generation: 104; 0.588779335340367; k: 2.0; 10,169,14,22,67,159,81,36,13,80,138,100,211,179,125,30,64,148,186,105,119,149,35,149,156,35,166,226,64,64,197,129,25,247,131,155,229,149,86,143,30,105,64,129,175,202,229,32,200,1,201,166,83,170,237,114,169,240,59,64,197,18,238,46,131,138,33,149,157,125,56,64,44,10,192,14,6,237,115,35,165,215,74,30,33,241,196,165,64,172,107,238,4,148,67,125,138,187,149,208,125,150,224,197,10,169,14,6,237,211,193,204,103,131,165,201,221,53,125,99,247,55,89,226,179,149,64,40,242,35,169,153,201,219,126,143,15,83,143,201,209,245,64,197,120,146,177,209,197,114,131,180,149,35,149
Best fitness found so far: 0.588779335340367; k: 2.0
Generation: 105; 0.588779335340367; k: 2.0; 10,169,14,139,67,159,199,36,109,80,138,100,211,53,125,226,72,10,31,13,28,14,72,71,222,85,94,30,8,73,180,18,35,149,201,24,30,64,82,129,200,30,14,193,103,142,55,201,221,53,71,161,161,55,47,194,207,224,14,4,247,159,77,16,197,28,222,35,235,86,239,30,30,64,202,123,110,28,165,73,30,86,209,30,30,64,66,108,1,90,59,140,220,201,55,84,26,119,184,130,217,215,219,222
Best fitness found so far: 0.588779335340367; k: 2.0
Generation: 106; 0.588779335340367; k: 2.0; 10,169,104,22,67,159,81,36,197,80,138,100,101,201,110,30,180,33,235,131,180,231,13,250,180,35,11,49,226,64,197,87,64,247,131,155,181,149,129,125,70,105,64,197,158,142,182,130,72,64,194,202,55,173,82,68,60,2,183,85,165,100,211,201,116,191,64,156,235,131,180,231,65,149,180,35,11,191,226,64,197,87,25,247,131,155,92,149,129,143,70,105,64,197,158,33,182,14,140,64,194,194,55,108,150,30,217,2,183,142,217,201,54,19,28,99,44,232,80,104,213,67,234,172,55,179,244,165,201,64,204,140,64,161,140,212
Best fitness found so far: 0.588779335340367; k: 2.0
Generation: 107; 0.588779335340367; k: 2.0; 10,169,14,139,67,159,199,36,109,80,138,100,18,53,125,148,72,10,31,33,28,14,72,71,52,85,94,239,219,73,180,20,35,105,201,92,30,64,82,129,184,30,14,193,11,142,55,201,221,53,71,161,161,55,21,194,57,224,14,4,247,159,77,36,197,28,67,35,235,86,239,30,30,64,99,151,53,110,67,233,1,33,141,80,243,242,149,197,125,30,64,197,31,168,180,235,141,149,188,147,77,139,182,210,202,247,227,2,67,35,188,211,10,15,172,62,221,207,146,200,10,193,62,89,30,47,36,21,138,30,64,125,132,72,110,67,43,1,79,154,175,197,218,92,30,14,248,72,71,29,13,180,67,68,84,231,209,7,215,223,91,139,30,29,139,98,39,145,195,48,46,72,149,165,200,209
Best fitness found so far: 0.588779335340367; k: 2.0
Generation: 108; 0.588779335340367; k: 2.0; 10,169,14,22,67,159,81,36,197,80,138,100,211,201,125,30,64,197,235,131,133,132,64,110,245,233,1,142,10,134,131,222,14,72,10,201,142,165,194,131,27,64,172,17,133,132,39,30,59,167,46,205
Best fitness found so far: 0.588779335340367; k: 2.0
Generation: 109; 0.588779335340367; k: 2.0; 10,169,14,22,67,159,81,36,197,80,138,160,211,201,67,81,151,197,246,138,100,211,53,125,148,17,197,31,165,22,218,241,4,219,58,86,125,46,56
Best fitness found so far: 0.588779335340367; k: 2.0
Generation: 110; 0.588779335340367; k: 2.0; 10,169,14,22,67,159,81,36,197,80,138,100,211,78,125,30,64,15,13,131,159,149,62,149,180,35,11,226,180,17,197,129,25,28,91,35,223,86,135,30,30,228,208,163,72,110,67,233,1,78,125,80,138,118,149,201,125,30,64,81,116,131,111,1,142,93,168,131,222,14,72,10,201,142,198,71,180
Best fitness found so far: 0.588779335340367; k: 2.0
Generation: 111; 0.588779335340367; k: 2.0; 248,169,29,22,67,159,81,36,197,80,138,100,211,53,125,126,17,43,31,149,176,193,222,142,165,201,237,40,163,161,20,55,170,130,168,80,64,118,64,179,26,39,151,74,30,26,130,197,242,244,50,14,47,101,30,245,30,67,142,104,35,182,86,209,30,200,64,197,132,1,110,130,140,32,172,180,124,26,184,184,130,210,24,196,177
Best fitness found so far: 0.588779335340367; k: 2.0
Generation: 112; 0.588779335340367; k: 2.0; 10,169,14,22,67,159,81,36,197,175,138,100,147,149,131,149,180,35,10,226,11,64,197,202,231,84,131,155,92,149,86,143,194,1,198,129,175,59,229,22,189,1,201,94,83,47,207,114,169,19,30,64,197,244,165,234,176,68,140,64,12,140,158,131,149,180,35,10,226,11,64,197,202,231,84,131,155,92,149,86,143,194,1,198,129,175,59,229,22,189,1,201,94,83,47,207,114,169,19,30,64,197,244,165,234
Best fitness found so far: 0.588779335340367; k: 2.0
Generation: 113; 0.588779335340367; k: 2.0; 10,169,14,67,67,159,81,151,197,80,138,100,211,53,214,148,75,197,31,165,22,218,220,193,110,89,30,47,63,64,107,20,179,169,165,165,64,191,140,167,137,136,45,175,198,223,78,155,7,64,146,224,10,23,147,3
Best fitness found so far: 0.588779335340367; k: 2.0
Generation: 114; 0.588779335340367; k: 2.0; 227,169,154,4,247,159,77,36,15,245,208,35,53,86,109,30,30,64,133,132,50,110,201,6,1,142,10,117,131,146,198,223,132,202,49,110,204,176,73,55,21,198,144,235,156,172,22,179,59,14,65,182,122,113,237,145,30,237,81,88,178,69,209,242,140,21,165,32,187,30,97,242,69,151,165,197,80,138,100,211,30,112,30,64,197,235,131,180,149,35,149,180,35,87,226,64,191,30,244,219,177
Best fitness found so far: 0.588779335340367; k: 2.0
Generation: 115; 0.588779335340367; k: 2.0; 10,45,14,22,67,159,81,36,197,80,138,100,211,201,125,30,64,116,235,54,180,149,45,149,180,35,11,226,109,64,197,87,113,247,131,155,92,149,129,178,30,105,64,197,175,202,229,32,170,1,201,160,83,47,207,223,14,4,247,159,77,36,197,28,67,35,125,86,239,30,30,64,99,132,72,110,67,233,1,161,141,80,93,242,149,210,125,30,64,42,210,171,180,235,35,149,188,147,30,139,155,210,202,247,227,3,92,169,20,53,67,159,81,36,197,80,138,100,211,201,125,30,64,197,235,131,180,149,35,149,180,35,11,226,78,191,30,244,219,177
Best fitness found so far: 0.588779335340367; k: 2.0
Generation: 116; 0.588779335340367; k: 2.0; 10,169,14,139,67,159,81,36,117,80,130,100,211,19,125,30,64,197,235,131,132,149,65,149,180,35,137,95,226,64,197,87,25,247,131,155,92,243,129,203,30,105,64,197,175,202,229,32,85,1,201,160,83,23,207,223,14,18,55,159,180,36,197,28,67,35,125,86,165,201,176,68,140,64,12,140,77
Best fitness found so far: 0.588779335340367; k: 2.0
Generation: 117; 0.588779335340367; k: 2.0; 10,169,14,88,67,159,81,36,197,175,138,90,211,95,24,30,64,200,166,69,180,149,35,123,65,35,11,226,7,117,77,138,220,247,131,93,64,240,29,143,68,105,64,197,175,81,229,32,170,1,201,158,176,73,55,64,198,71,235,156,172,28,66,66,103,2,182,122,186,241,145,30,227,233,78,184,69,209,7,140,158,33,182,14,140,84,194,194,55,108,150,30,236,2,183,142,165,201,54,19,28,99,44,232,80,104,213,67,234,172,55,179,244,165,201,64,68,245,64,161,140,250
Best fitness found so far: 0.588779335340367; k: 2.0
Generation: 118; 0.588779335340367; k: 2.0; 62,169,154,4,137,159,69,36,101,245,208,35,28,29,135,30,30,64,133,132,64,110,245,208,186,99,10,152,131,222,14,29,13,197,67,68,235,231,209,7,215,197,91,159,30,29,139,98,241,145,195,48,46,72,149,165,200,209
Best fitness found so far: 0.588779335340367; k: 2.0
Generation: 119; 0.588779335340367; k: 2.0; 10,169,14,22,67,159,81,36,13,105,138,100,211,201,37,30,81,148,167,131,119,149,35,159,180,35,11,226,64,64,197,129,149,201,128,108,13,209,140,164,194,138,100,149,131,81,30,121,197,210,150,39,61,2,103,131,165,80,78,53,125,88,5,206,89,226,196,165,64
Best fitness found so far: 0.588779335340367; k: 2.0
Generation: 120; 0.588779335340367; k: 2.0; 10,169,14,22,67,159,225,36,197,80,138,100,180,67,35,149,201,92,200,30,105,202,197,132,231,47,4,114,65,145,30,64,91,245,150,159,131,116,67,35,217,201,162,30,161,5,165,115,107,7,210,101,182,14,140,64,172,194,55,108,127,138,60,2,10,142,216,201,68,19,28,99,64,197,114,131,86,149,35,149,157,147,30,64,197,154,80,220,100,149,201,72,122,73,197,114,131,180,149,35,100,36,197,28,143,75,149,29,31,30,30,98,125,132
Best fitness found so far: 0.588779335340367; k: 2.0
Generation: 121; 0.588779335340367; k: 2.0; 10,169,14,22,67,159,81,36,197,175,138,100,211,201,125,30,64,200,235,131,195,162,197,15,149,115,14,51,4,29,13,180,67,68,235,231,209,7,215,197,91,110,30,29,139,98,241,145,195,48,46,72,149,165,200,209
Best fitness found so far: 0.588779335340367; k: 2.0
Generation: 122; 0.588779335340367; k: 2.0; 10,169,14,139,67,159,199,36,109,80,138,100,211,53,125,148,72,10,31,33,28,14,72,71,222,85,94,30,219,73,180,67,35,149,201,92,38,64,82,129,184,30,14,193,11,89,55,201,28,53,71,161,161,10,169,104,22,67,159,81,36,222,80,138,100,211,201,110,30,64,156,235,131,180,231,65,99,180,115,11,49,226,120,197,87,25,247,131,155,92,149,129,143,70,105,64,197,158,33,182,225,140,64,194,194,55,108,150,30,60,2,183,142,165,201,54,19,28,99,44,232,80,104,213,67,234,172,55,179,244,176,201,64,68,140,64,161,218,250
Best fitness found so far: 0.588779335340367; k: 2.0
Generation: 123; 0.588779335340367; k: 2.0; 10,169,14,67,67,159,81,151,197,80,138,120,168,53,125,148,17,197,31,165,22,174,64,197,129,231,150,131,155,92,149,86,143,100,105,244,129,175,202,229,32,189,1,201,71,83,47,207,114,169,145,30,64,197,68,238,175,131,138,100,149,157,125,56,64,197,10,169,14,6,215,214,26,165,27,153,30,33,241,196,165,64,172,107,154,4,148,67,191,67,142,165,201,214,222,64,205,90,120,58,180,92,35,68,113,162,43,139,124
Best fitness found so far: 0.588779335340367; k: 2.0
Generation: 124; 0.588779335340367; k: 2.0; 10,169,14,22,67,159,81,36,197,80,138,100,211,201,125,30,64,197,235,131,180,149,11,149,180,35,11,226,64,64,197,129,177,247,131,81,107,149,86,143,31,184,64,86,209,188,30,64,197,132,202,110,245,142,220,201,187,83,144,243,216,142,118,62,219,177
Best fitness found so far: 0.588779335340367; k: 2.0
Generation: 125; 0.588779335340367; k: 2.0; 10,91,14,22,67,159,75,36,197,80,204,30,33,241,196,51,64,63,107,124,4,148,67,191,67,142,165,201,214,83,64,205,90,120,58,180,92,35,68,113,162,43,139,44
Best fitness found so far: 0.588779335340367; k: 2.0
Generation: 126; 0.588779335340367; k: 2.0; 10,121,14,22,67,159,75,36,197,80,204,100,211,30,161,197,132,58,110,1,170,1,201,187,83,54,30,61,169,145,164,198,140,36,150,30,131,180,49,35,36,197,80,138,100,211,201,125,130,108,197,235,64,197,175,138,229,32,170,1,201,166,83,138,88,114,169,145,30,8,221,145,238,7,131,219,67,206,146,219,243,30,161,11,165,92,89,36,53,7,164,172,220,187,233,132,161
Best fitness found so far: 0.588779335340367; k: 2.0
Generation: 127; 0.588779335340367; k: 2.0; 10,169,14,142,67,159,199,36,109,80,138,100,199,53,4,148,72,10,31,33,28,14,72,71,222,85,64,197,235,131,180,149,65,149,180,35,11,75,226,64,188,87,25,247,131,155,92,33,129,143,30,105,64,197,175,202,229,32,170,1,201,14,26,67,142,165,132,39,174,64,138,38,237,153,70,126
Best fitness found so far: 0.588779335340367; k: 2.0
Generation: 128; 0.588779335340367; k: 2.0; 227,19,154,4,247,159,77,36,101,245,194,35,149,34,46,30,57,64,133,169,205,110,245,233,235,127,181,134,131,222,14,72,10,201,142,165,245,201,166,60,47,89,165,14,104,212,122,197,45,238,249,131,83,67,35,188,181,183,73,55,104,198,210,160,164,172,237,185,26,154,232,67,92,186,241,132,184,104,210,147,219,133,35,149,86,228,30,30,64,133,132,157,110,245,233,1,142,10,208,131,222,14,72,10,201,142,165,194,214,113,64,172,17,133,132,152,30,59,144,46,205,131,222,14,72,10,201,142,165,194,214,113,64,172
Best fitness found so far: 0.588779335340367; k: 2.0
Generation: 129; 0.588779335340367; k: 2.0; 62,169,154,4,137,159,77,36,101,245,208,35,166,29,135,30,145,30,237,81,232,178,69,209,242,140,21,165,32,187,30,14,242,69,135,165,80,221,21,208,109,31,12,94,64,121,75,217,209,175,245,142,200,201,54,30,188,245,121,142,165,22,22,175,218,219,58,115,30,46,205
Best fitness found so far: 0.588779335340367; k: 2.0
Generation: 130; 0.588779335340367; k: 2.0; 10,169,14,22,67,159,43,36,197,80,30,100,211,53,125,148,76,197,166,105,117,14,72,71,208,244,180,67,199,235,231,209,7,137,197,91,124,195,235,51,180,149,35,149,172,17,133,141,39,30,59,144,46,205
Best fitness found so far: 0.588779335340367; k: 2.0
Generation: 131; 0.588779335340367; k: 2.0; 10,169,14,22,67,159,81,36,197,80,188,100,211,201,125,30,64,35,10,226,11,64,197,129,231,150,131,155,92,149,86,143,142,105,198,129,3,59,229,32,189,1,201,166,83,47,207,114,99,145,30,64,128,244,165,201,176,68,140,64,12,140,77
Best fitness found so far: 0.588779335340367; k: 2.0
Generation: 132; 0.588779335340367; k: 2.0; 81,169,14,172,87,159,77,170,245,201,166,60,188,36,146,14,206,98,64,197,129,238,151,131,2,67,35,188,178,133,15,226,62,221,207,146,200,10,193,62,89,30,27,36,21,30,30,64,125,132,87,110,67,43,1,79,154,150,197,218,92,30,246,14,136,71,29,13,180,67,68,180,92,35,126,115,26,165,201,74,47,33,241,196,176,64
Best fitness found so far: 0.588779335340367; k: 2.0
Generation: 133; 0.588779335340367; k: 2.0; 10,169,14,172,87,159,77,170,245,201,166,60,188,112,146,14,74,30,64,197,130,227,249,131,2,67,35,188,181,133,15,226,52,160,207,146,200,10,121,62,144,30,27,36,21,30,30,64,125,132,72,110,67,147,149,35,149,180,35,10,226,11,64,197,129,231,150,131,185,92,149,86,143,57,105,198,129,127,85,113,32,189,1,201,166,83,47,207,114,169,145,240,178,197,244,165,201,176,68,140,64,12,140,13
Best fitness found so far: 0.588779335340367; k: 2.0
Generation: 134; 0.588779335340367; k: 2.0; 10,169,14,22,67,159,225,36,197,80,138,100,180,67,26,149,201,92,135,30,105,61,197,132,83,47,122,114,65,145,30,224,91,245,150,159,131,116,67,35,217,99,88,149,35,149,180,35,11,226,63,64,197,138,94,149,21,44,70,74,169,210,131,180,149,32,235,180,24,245,124,64,191,30,209,219,177,10,99,14,22,67,159,81,36,22,80,138,100,211,238,125,30,64,34,235,99,88,149,35,149,180,248,11,226,63,64,197,138,94,149
Best fitness found so far: 0.588779335340367; k: 2.0
Generation: 135; 0.588779335340367; k: 2.0; 10,169,14,22,67,159,81,216,55,80,33,100,34,190,64,11,194,55,108,127,30,39,197,13,131,159,149,24,149,180,35,11,226,180,17,197,129,25,28,91,35,223,86,135,30,30,64,197,163,72,110,67,233,1,78,125,80,138,118,149,167,125,30,64,27,116,131,180,149,35,149,188,104,30,64,197,210,120,247,51,3,92,58,165,180,142,241,64,138,91,218,72,138,160,144,190,148,7,197,31,149,28,14,72,71,139,13,180,67,35,235,231,209,7,216,197,77,99,30,244,139,98,241,145,164,48,46,72,149,165,200,209
Best fitness found so far: 0.588779335340367; k: 2.0
Generation: 136; 0.588779335340367; k: 2.0; 10,169,14,52,87,159,77,170,245,201,166,60,47,95,165,233,104,30,122,197,129,245,6,29,44,178,35,188,181,183,15,197,210,150,81,146,200,10,193,62,89,30,47,239,64,172,20,179,169,165,165,2,161,147,167,137,136,45,175,198,223,73,53,134,64,172,224,10,118,204,138
Best fitness found so far: 0.588779335340367; k: 2.0
Generation: 137; 0.588779335340367; k: 2.0; 10,169,14,22,67,159,81,36,197,80,138,100,211,201,125,30,64,197,235,186,180,176,139,149,189,35,11,95,226,64,197,87,25,207,131,155,92,243,129,203,117,105,64,197,175,202,229,32,85,1,201,160,83,47,207,223,14,4,55,159,77,36,197,28,67,35,125,86,239,30,230,136,208,195,116,12,66,64,121,75,217,209,155,67,142,41,30,209,219,35,24,132,202,49,247,64,176,157,55,64,30,71,228
Best fitness found so far: 0.588779335340367; k: 2.0
Generation: 138; 0.588779335340367; k: 2.0; 10,169,14,22,67,159,81,36,197,80,138,100,211,201,81,30,64,197,235,131,180,149,65,149,180,55,142,165,201,191,104,94,116,240,14,178,240,51,67,228,159,24,140,72,161,140,30,14,30,169,154,4,247,159,77,36,101,245,203,35,149,29,135,30,196,165,64,172,107,124,200,148,67,191,67,142,165,201,214,7,64,205,90,120,114,180,92,89,68,113,162,43,141,112,30,64,197,235,131,180,149,65,149,180,55,142,165,201,191,104,94,116,240,14,178,240,51,67,228,159,24,140,72,161,140,30,14,30,169,154,4,247,159,77,36,101,245,203,35,149,29,135,30,196,165,64,172,107
Best fitness found so far: 0.588779335340367; k: 2.0
Generation: 139; 0.588779335340367; k: 2.0; 246,99,14,22,67,159,81,36,13,80,138,100,211,201,125,30,236,34,116,99,88,149,35,149,180,35,11,226,63,64,197,138,94,149,216,125,70,95,169,210,131,180,149,35,149,180,24,156,226,146,191,30,209,219,222,10,99,14,22,67,159,81,36,13,80,138,100,211,196,70,17,64,34,235,99,88,149,35,149,180,35,11,226,63,64,197,138,94,149
Best fitness found so far: 0.588779335340367; k: 2.0
Generation: 140; 0.588779335340367; k: 2.0; 132,169,14,22,67,159,81,36,197,80,138,100,211,201,125,30,64,197,235,131,180,149,35,149,180,35,11,81,36,197,190,138,100,211,201,125,30,201,83,235,31,180,149,35,149,180,35,11,226,96,64,197,248,25,247,245,155,92,149,86,143,30,105,154,197,170,202,229,32,170,250,201,166,83,45,207,114,169,145,30,64,197,18,238,7,131,219,67,35,146,219,36,3,80,138,100,211,144,125,30,64,193,235,149,180,149,65,149,212,142,11,77,226,64,197,18,25,247,131,155,92,149,41,143,30,105,64,197,175,202,229,152,85,1,201,160,83,194,210,224,14,37,247,159,77,36,91,28,67,35,235,86,53,30,30,64,99,132,72,110,67,233,1,79,141,80,243,242,19,197,125,30,64,197,31,198,180,45,35,149,188,1,216,139,47,210,202,247,49,3,92,58,202,197,99,35,223,73,43,61,64,172,209,158,46,245,161,30,64,197,235,131,180,149,35,149,180,35,11,81,36,197,190,138,100,211,201,125,30,201,83,235,31,180,149,35,149,180,35,11,226,96,64,197,248,25,247,245,155,92,149,86,143,30,105,154,197,170,202,229,32,170,250,201,166,83,45,207,114,169,145,30,64,197,18,238,7,131,219,67,35,146,219,36,3,80,138,100,211,144,125,30,64,193,235,149,180,149,65,149,212,142,11,77,226,64,197,18,25,247,131,155,92,149,41,143,30,105,64,197,175,202,229,152,85,1,201,160,83,194,210,224,14,37,247,159,77,36,91,28,67,35,235,86,53,30,30,64,99,132,72,110,67,233,1,79,141,80,243,242,19,197,125,30,64,197,31,198,180,45,35,149,188,1,216,139,47,210,202,247,49,3,92,58,202,197,99,35,223,73,43,61,64,172,209,158,46,245,161
Best fitness found so far: 0.588779335340367; k: 2.0
Generation: 141; 0.588779335340367; k: 2.0; 10,169,14,22,67,159,81,36,197,80,138,100,211,201,177,70,64,165,201,221,40,163,161,161,55,230,30,11,80,77,71,64,179,26,39,151,78,30,241,130,197,242,244,50,14,47,101,30,245,30,67,142,104,22,230,202,50,22,201,159,165,205,197,90,67,35,149,221,209,32,109,245,190,132,216,161,123
Best fitness found so far: 0.588779335340367; k: 2.0
Generation: 142; 0.588779335340367; k: 2.0; 10,121,14,22,67,159,193,36,197,80,138,100,100,30,64,197,132,202,110,1,170,1,201,187,83,54,246,114,169,145,128,6,197,124,184,30,131,30,14,195,69,135,104,22,230,18,208,195,116,12,94,64,121,75,217,209,175,37,142,155,30,209,219,177,24,132,211,77,110,64,176,73,55,64,198,71,235
Best fitness found so far: 0.588779335340367; k: 2.0
Generation: 143; 0.588779335340367; k: 2.0; 10,77,14,1,67,159,81,21,197,80,118,100,211,201,234,30,64,197,235,125,163,64,197,210,210,34,149,35,149,180,233,46,47,112,50,14,104,30,248,197,129,238,249,131,231,67,35,188,181,133,15,51,210,109,30,146,200,10,193,62,89,225,216,36,80,30,30,16,125,132,209,30,30,64,197,132,1,110,67,140,144,172,180,232,26,111,184,130,210,92,219,118
Best fitness found so far: 0.588779335340367; k: 2.0
Generation: 144; 0.588779335340367; k: 2.0; 10,169,14,22,67,159,81,21,197,80,118,100,211,201,125,30,64,197,235,125,163,64,134,210,210,34,149,35,149,180,233,197,47,112,165,14,104,30,64,197,129,238,249,131,231,165,30,64,197,132,58,110,1,170,1,201,187,83,54,30,154,169,145,68,198,65,36,150,30,131,180,49,35,36,197,80,138,100,211,201,125,30,64,197,235,131,180,149,24,149,180,35,11,226,180,108,197,129,47,247,131,81,107,149,86,86,31,184,64,15,209,188,30,64,203,132,202,110,67,142,151,201,187,83,160,243,216,94,118,111,147,24,14,2,205,241,205,74,30,2,212,115,18,198,233
Best fitness found so far: 0.588779335340367; k: 2.0
Generation: 145; 0.588779335340367; k: 2.0; 10,169,14,22,67,159,81,36,19,80,138,100,211,201,125,30,64,148,235,131,119,68,104,22,67,159,81,36,197,80,138,100,211,201,110,30,64,156,235,131,180,231,65,215,180,35,11,49,226,64,197,87,25,247,131,155,92,149,129,143,70,105,64,197,237,33,182,23,140,64,194,194,46,77,150,30,13,2,183,142,165,201,54,19,121,99,44,232,80,104,213,67,234,172,55,179,244,165,201,64,68,140,64,161,140,250
Best fitness found so far: 0.588779335340367; k: 2.0
Generation: 146; 0.588779335340367; k: 2.0; 10,169,14,22,67,159,13,36,197,175,138,100,211,61,125,30,64,200,231,131,195,149,76,27,31,35,11,15,64,64,77,129,25,247,131,155,238,149,86,143,68,153,54,207,175,202,229,194,170,232,201,166,176,73,55,64,160,71,162,156,197,106,231,150,59,28,92,149,86,143,194,105,244,129,175,202,229,125,148,45,197,172,188,76,80,138,94,211,53,125,148,17,197,31,141,22,177
Best fitness found so far: 0.588779335340367; k: 2.0
Generation: 147; 0.588779335340367; k: 2.0; 10,169,14,22,67,159,81,36,197,80,138,100,99,201,125,30,64,241,234,244,180,125,30,64,197,147,131,180,149,171,149,174,147,30,64,197,210,202,83,51,67,35,188,181,183,15,197,210,150,30,146,200,10,193,62,89,30,47,63,64,172,20,179,169,141,165,64,161,140,167,137,136,45,175,198,223,73,155,7,64,172,224,10,118,147,138
Best fitness found so far: 0.588779335340367; k: 2.0
Generation: 148; 0.588779335340367; k: 2.0; 248,169,29,22,67,159,81,36,197,80,138,100,211,53,125,130,17,43,31,149,176,193,222,142,165,201,221,40,163,161,20,55,108,150,30,60,2,183,142,165,220,54,19,226,248,44,232,80,104,213,67,14,172,55,179,244,165,201,64,68,140,64,161,109,250
Best fitness found so far: 0.588779335340367; k: 2.0
Generation: 149; 0.588779335340367; k: 2.0; 10,187,14,52,87,159,77,170,245,201,166,60,129,112,165,14,212,141,64,197,129,123,249,131,92,67,35,188,181,183,15,197,210,150,30,146,200,10,193,62,89,30,47,63,64,172,20,179,179,85,165,201,176,68,140,64,12,140,77,81,36,197,80,138,100,211,201,64,172,194,110,108,127,30,60,2,10,95,96,201,54,50
Best fitness found so far: 0.588779335340367; k: 2.0
Generation: 150; 0.588779335340367; k: 2.0; 10,169,14,22,67,159,81,36,197,175,138,100,211,66,125,30,15,200,235,131,195,18,198,115
Best fitness found so far: 0.588779335340367; k: 2.0
Generation: 151; 0.588779335340367; k: 2.0; 10,169,14,22,67,159,81,36,13,80,138,100,211,201,125,30,64,224,235,131,119,149,35,149,180,35,11,226,64,64,60,235,25,50,131,155,92,149,86,211,30,105,50,129,175,202,229,192,170,1,201,166,83,229,203,114,169,145,30,146,197,18,238,7,131,138,100,149,157,148,56,64,197,10,169,78,79,12,115,94,165,201,74,30,33,241,96,165,64,172,172,224,10,118,147,138
Best fitness found so far: 0.588779335340367; k: 2.0
Generation: 152; 0.588779335340367; k: 2.0; 62,169,154,4,137,159,77,36,101,245,208,35,166,29,135,30,30,64,133,132,64,110,245,208,186,99,10,152,131,222,14,72,10,201,174,165,194,131,113,248,172,17,142,62,42,230,202,181,35,230,159,30,64,48,27,72,110,108,13,209,244,164,194,138,100,47,131,81,30,15,197,210,150,39,229,2,103,131,165,80,221,53,125,88,5,206,7,226,154,165,64
Best fitness found so far: 0.588779335340367; k: 2.0
Generation: 153; 0.588779335340367; k: 2.0; 173,169,104,22,67,159,81,36,197,80,138,100,101,201,210,30,64,33,235,131,180,209,65,250,135,35,11,49,194,64,197,87,64,247,131,155,92,149,129,143,70,105,64,197,158,142,182,225,202,64,194,194,55,173,25,68,60,217,183,85,165,201,54,19,28,99,44,56,80,155,60,22,218,220,30,219,58,115,30,46,205
Best fitness found so far: 0.588779335340367; k: 2.0
Generation: 154; 0.588779335340367; k: 2.0; 10,169,14,22,67,159,81,96,197,80,138,100,211,149,125,148,85,197,189,149,133,14,72,71,29,13,180,67,68,235,231,209,7,180,197,91,207,70,67,233,1,148,193,80,138,100,149,201,125,30,64,197,114,131,87,3,234,149,40,147,30,64,197,210,144,132,165,165,64,161,26,167,137,136,45,90,198,214,73,155,7,64,146,224,10,118,147,138
Best fitness found so far: 0.588779335340367; k: 2.0
Generation: 155; 0.588779335340367; k: 2.0; 10,169,14,22,67,159,81,36,197,80,138,100,211,201,125,211,64,197,235,173,180,93,65,149,180,35,177,226,226,64,197,213,47,247,131,155,45,149,129,143,30,105,64,220,175,202,229,32,170,1,225,14,26,12,140,77,81,138,197,80,138,100,211,201,64,172,2,13,108,127,30,60,2,10,95,96,201,54,19
Best fitness found so far: 0.588779335340367; k: 2.0
Generation: 156; 0.588779335340367; k: 2.0; 10,169,14,172,87,159,55,170,245,201,166,60,244,112,146,14,206,98,64,197,129,238,249,131,2,67,35,188,211,133,15,226,62,221,207,146,200,10,193,62,89,30,47,36,21,30,103,64,125,132,72,110,67,43,1,79,154,175,197,218,92,30,14,14,72,71,29,171,180,91,68,84,180,84,26,111,8,130,217,215,219,222
Best fitness found so far: 0.588779335340367; k: 2.0
Generation: 157; 0.588779335340367; k: 2.0; 117,169,14,22,67,159,81,36,13,80,138,100,211,179,125,30,64,148,186,105,119,149,35,149,195,35,166,226,64,64,197,129,248,247,131,50,92,149,86,143,30,105,64,129,175,202,229,32,170,1,201,166,83,42,173,114,169,240,30,75,197,18,238,46,84,138,100,149,157,125,56,169,14,22,67,159,141,36,197,80,138,100,211,53,125,148,85,197,6,149,64,14,72,71,29,46,180,67,68,142,231,209,205,180,197,91,159,30,22,124,1,148,154,174,138,100,149,201,125,30,64,197,114,131,44,3,234,149,65,147,30,64,197,210,196,83,56,219,49,50,30,46,205,7,114,154,25,138,100,152,242,165,15,91,187,30,140,172,26,209,244,197,38
Best fitness found so far: 0.588779335340367; k: 2.0
Generation: 158; 0.588779335340367; k: 2.0; 10,169,14,22,67,159,81,36,197,80,138,100,211,53,125,148,222,159,81,9,197,29,138,100,211,201,125,30,64,197,111,184,130,210,92,219,177
Best fitness found so far: 0.588779335340367; k: 2.0
Generation: 159; 0.588779335340367; k: 2.0; 10,169,14,88,67,159,81,36,197,175,138,90,211,50,143,30,64,200,166,158,180,149,35,123,31,35,11,226,64,64,77,138,25,247,131,93,214,240,29,143,68,105,64,9,175,72,229,32,170,45,201,158,176,73,55,64,198,71,235,14,172,87,159,77,170,105,201,166,60,188,112,146,14,104,30,219,197,129,238,249,205,2,67,61,188,181,133,218,226,210,221,207,146,200,10,193,62,94,30,47,36,21,244,30,64,125,175,72,110,67,233,1,79,154,175,197,218,92,238,14,193,222,142,165,201,221,40,163,161,76,55,21,143,11,199,64,71,64,54,151,209,69,74,148,241,130,35,223,73,43,7,64,172,224,187,118,219,161
Best fitness found so far: 0.588779335340367; k: 2.0
Generation: 160; 0.588779335340367; k: 2.0; 178,169,14,22,67,159,81,36,197,80,138,100,211,53,125,148,222,246,181,149,28,184,72,71,29,67,26,67,68,235,231,209,87,168,197,91,159,30,67,233,1,148,154,80,138,100,149,126,64,86,209,188,90,64,197,132,202,48,67,142,151,201,187,83,144,243,216,142,118,62,147,24,14,2,205,241,201,222,234,33,183,115,18,198,209
Best fitness found so far: 0.588779335340367; k: 2.0
Generation: 161; 0.588779335340367; k: 2.0; 227,169,154,4,247,159,77,36,101,245,208,35,149,86,135,149,86,209,30,30,64,197,132,1,110,67,140,132,172,180,124,26,197,184,130,210,92,219,118
Best fitness found so far: 0.588779335340367; k: 2.0
Generation: 162; 0.588779335340367; k: 2.0; 10,169,14,88,67,159,81,36,69,175,138,90,211,201,87,30,64,200,70,131,180,149,35,149,31,35,11,226,64,64,77,129,25,247,131,93,214,240,86,143,29,249,64,197,175,202,229,32,170,1,201,166,176,73,55,89,144,46,205
Best fitness found so far: 0.588779335340367; k: 2.0
Generation: 163; 0.588779335340367; k: 2.0; 10,169,14,22,67,159,81,36,13,80,138,100,211,179,125,30,64,148,186,105,42,149,35,149,180,43,166,226,64,64,197,129,25,247,131,155,92,149,86,143,30,105,64,129,175,202,229,32,170,34,201,166,83,47,207,114,169,240,30,64,197,18,238,64,131,138,100,149,157,125,56,64,244,10,169,14,6,118,115,26,165,215,74,30,33,241,92,165,64,172,107,238,4,148,67,125,138,95,51,208,125,217,239,195,10,169,14,6,237,211,193,204,103,131,165,158,221,248,205,1,151,154,80,138,100,26,201,125,30,64,197,114,131,180,149,35,149
Best fitness found so far: 0.588779335340367; k: 2.0
Generation: 164; 0.588779335340367; k: 2.0; 10,169,14,22,67,159,81,36,197,80,138,100,211,201,64,172,73,128,14,22,67,159,81,237,197,80,138,100,211,53,119,3,35,127,175,169,244,22,112,159,81,36,237,80,138,100,188,201,64,172,194,55,181,127,66,60,2,10,95,96,24,54,3,71,99,174,232,183,115,213,67,41,200,81,179,238,165,201,176,68,140,64,12,140,77,81,36,197,3,138,100,211,92,64,172,194,55,108,127,30,60,2,10,74,96,201,54,19
Best fitness found so far: 0.588779335340367; k: 2.0
Generation: 165; 0.588779335340367; k: 2.0; 10,169,14,22,67,159,13,36,197,175,138,100,118,201,125,239,30,30,64,99,132,72,106,67,233,1,161,141,2,228,242,9,201,125,30,64,89,210,131,180,235,35,149,188,147,30,139,47,210,202,247,227,3,92,58,165,113,12,68,140,64,161,140,221
Best fitness found so far: 0.588779335340367; k: 2.0
Generation: 166; 0.588779335340367; k: 2.0; 70,169,14,22,67,159,81,21,197,80,138,100,211,201,125,30,64,197,235,131,180,149,35,149,180,35,11,226,64,64,197,129,25,247,131,192,92,149,86,143,30,105,64,197,175,202,229,32,24,1,201,166,83,47,207,114,169,145,30,64,197,18,163,7,131,219,67,35,146,219,243,30,161,11,165,92,107,36,53,7,164,172,220,187,54,245,161
Best fitness found so far: 0.588779335340367; k: 2.0
Generation: 167; 0.588779335340367; k: 2.0; 227,169,154,4,247,159,77,36,101,245,2,35,149,86,46,30,30,64,133,132,205,218,245,233,209,240,10,134,131,222,39,72,10,201,142,165,245,201,166,60,47,112,165,214,104,30,122,197,129,238,249,131,83,67,35,188,181,183,15,197,210,150,30,146,200,35,149,86,135,30,30,64,133,132,110,110,215,233,1,142,10,168,131,222,14,72,10,201,142,172,71,180
Best fitness found so far: 0.588779335340367; k: 2.0
Generation: 168; 0.588779335340367; k: 2.0; 10,169,14,22,67,159,185,36,197,80,138,100,211,165,201,221,40,163,161,161,55,21,143,11,80,64,71,64,179,151,39,21,74,148,241,130,35,223,73,43,7,64,172,224,187,118,243,161
Best fitness found so far: 0.588779335340367; k: 2.0
Generation: 169; 0.588779335340367; k: 2.0; 227,169,154,4,247,159,77,36,101,245,208,35,39,239,46,30,30,206,112,132,205,110,245,209,1,127,10,134,131,222,14,72,10,201,142,165,245,201,166,60,47,112,165,14,104,30,122,197,129,165,201,187,30,14,195,69,135,165,80,230,18,208,195,116,12,94,206,121,175,168,209,175,37,115,155,30,209,219,177,230,121,211,49,110,64,176,73,55,64,198,71,235
Best fitness found so far: 0.588779335340367; k: 2.0
Generation: 170; 0.588779335340367; k: 2.0; 227,169,154,4,247,159,153,36,101,245,208,35,149,86,135,179,99,218,68,184,64,110,245,6,1,35,39,239,46,30,30,64,217,224,205,110,245,209,1,127,10,220,131,222,14,72,131,201,142,165,245,201,166,86,46,30,199,64,183,132,205,110,245,4,1,127,10,134,131,222,14,72,10,201,142,165,245,201,166,57,47,112,165,14,104,30,122,197,239,238,249,131,83,67,35,188,181,183,15,197,210,2,30,146,200,10,193,62,89,30,47,213,10,172,20,179,169,165,165,64,161,140,167,137,136,45,175,198,223,73,155,7,118,172,224,10,118,112,138
Best fitness found so far: 0.588779335340367; k: 2.0
Generation: 171; 0.588779335340367; k: 2.0; 10,169,14,22,67,159,81,36,61,80,96,100,48,201,177,30,64,197,235,131,180,149,65,227,169,154,4,247,159,77,36,101,245,208,35,88,29,135,30,30,21,133,132,64,110,245,233,186,99,10,134,131,83,113,72,10,201,142,74,43,4,113,64,110,1,142,165,22,230,202,35,173,201,159,160,36,197,90,67,35,149,221,142,30,22,220,190,197,216,161,13
Best fitness found so far: 0.588779335340367; k: 2.0
Generation: 172; 0.588779335340367; k: 2.0; 10,169,14,52,87,159,77,170,187,201,92,30,69,193,11,106,165,201,221,53,113,161,202,55,155,54,47,195,44,172,180,179,20,165,127,65,30,241,166,197,9,202,86,6,118,101,30,229,32,67,142,94,22,151,202,50,173,201,187,30,14,26,67,142,165,22,39,174,64,138,97,107,39,70,126
Best fitness found so far: 0.588779335340367; k: 2.0
Generation: 173; 0.588779335340367; k: 2.0; 10,169,14,22,67,159,81,36,197,80,4,100,211,53,125,148,17,99,193,149,28,155,72,67,159,81,151,197,246,138,100,211,53,125,148,17,197,159,81,36,197,138,138,100,211,201,74,169,154,4,247,160,164,36,101,245,208,35,149,86,135,30,30,64,133,132,140,112,245,6,1,32,10,117,242,222,198,223,201,19,7,154,172,224,10,118,147,138
Best fitness found so far: 0.588779335340367; k: 2.0
Generation: 174; 0.588779335340367; k: 2.0; 234,155,14,22,67,209,81,36,197,80,138,100,211,53,125,148,14,47,101,30,245,183,67,142,165,22,191,202,50,173,26,235,84,36,207,90,67,190,158,197,209,30,22,245,190,180,120,63,13
Best fitness found so far: 0.588779335340367; k: 2.0
Generation: 175; 0.588779335340367; k: 2.0; 147,169,154,4,247,159,77,231,101,245,208,35,149,29,135,30,30,64,133,132,64,110,50,233,186,99,240,243,131,244,14,72,10,201,142,165,194,131,135,165,1,230,18,208,195,116,12,94,64,121,75,217,209,69,37,142,3,30,209,219,177,24,132,211,49,110,64,176,73,55,64,246,71,224
Best fitness found so far: 0.588779335340367; k: 2.0
Generation: 176; 0.588779335340367; k: 2.0; 10,169,14,172,61,159,77,170,245,201,166,75,188,112,146,14,235,231,209,7,215,197,91,159,30,29,139,106,152,242,200,15,91,187,30,140,172,30,196,244,159,126
Best fitness found so far: 0.588779335340367; k: 2.0
Generation: 177; 0.588779335340367; k: 2.0; 10,169,14,22,67,159,81,36,197,175,138,100,211,201,125,30,64,200,235,131,195,148,35,149,31,35,11,226,64,64,77,129,25,247,131,155,59,149,86,143,68,153,54,207,175,202,229,32,170,1,201,166,176,73,55,64,198,71,160,156,172,3,95,96,201,28,2
Best fitness found so far: 0.588779335340367; k: 2.0
Generation: 178; 0.588779335340367; k: 2.0; 227,19,154,4,247,159,77,36,101,245,194,35,126,34,46,101,57,64,133,132,205,110,245,233,235,127,181,134,131,92,30,165,193,127,142,165,201,221,53,163,161,161,150,21,30,220,195,64,197,10,169,209,6,237,115,26,165,201,40,30,33,241,196,165,64,172,107,124,121,6,67,191,67,142,165,201,145,7,39,205,90,120,58,180,92,35,68,113,162,33,139,113
Best fitness found so far: 0.588779335340367; k: 2.0
Generation: 179; 0.588779335340367; k: 2.0; 10,169,14,22,67,94,81,36,13,80,138,100,211,201,66,165,14,104,30,215,197,129,178,86,131,83,67,18,247,181,183,15,197,104,150,20,146,200,10,193,109,89,30,47,69,64,172,20,179,169,165,165,64,161,140,167,137,136,45,175,198,223,73,155,7,64,146,208,35,149,86,185,30,30,64,133,132,93,110,215,233,1,142,10,168,131,222,14,72,10,201,142,198,71,180
Best fitness found so far: 0.588779335340367; k: 2.0
Generation: 180; 0.588779335340367; k: 2.0; 10,169,14,208,67,159,81,36,197,175,138,90,211,50,24,30,64,200,166,131,180,119,35,123,31,207,11,226,64,226,241,138,47,247,220,225,214,240,29,143,68,105,64,197,175,14,229,32,183,1,201,158,176,73,55,35,86,17,235,156,172,104,66,179,149,40,147,199,64,197,52,202,83,32,219,58,112,79,81,205,65,128,154,80,138,100,25,247,61,155,92,246,28,76,39,105,64,163,175,202,229,141,147,1,201,148,17,197,31,141,22,177
Best fitness found so far: 0.588779335340367; k: 2.0
Generation: 181; 0.588779335340367; k: 2.0; 248,169,29,22,67,159,81,36,197,80,138,100,166,60,47,112,165,14,104,30,64,197,129,238,249,131,137,67,35,188,181,133,15,197,210,109,30,146,200,10,193,62,89,30,47,36,21,30,30,64,125,132,72,110,67,233,1,79,154,80,138,246,43,201,180,30,64,197,114,131,86,149,35,149,157,147,30,64,197,154,80,220,100,149,201,125,122,138,197,114,131,117,149,35,149,36,197,28,143,75,149,36,31,30,30,98,163,185
Best fitness found so far: 0.588779335340367; k: 2.0
Generation: 182; 0.588779335340367; k: 2.0; 10,169,14,52,87,159,77,170,187,201,166,60,47,167,62,14,104,30,64,197,157,238,249,131,151,217,154,188,181,133,118,197,210,227,30,135,200,10,193,71,89,212,76,36,21,30,30,64,180,132,72,227,39,2,10,95,96,201,54,19,28,107,44,232,183,146,213,67,234,242,81,212,85,74,201,176,68,140,64,12,140,77,81,138,232,80,138,100,152,162,64,172,194,149,35,149,180,35,166,226,64,64,45,129,25,247,131,155,92,140,86,143,30,105,64,129,175,202,229,32,170,1,201,166,83,47,207,114,169,240,30,64,197,18,238,46,131,138,100,149,192,125,56,130,197,10,169,14,6,237,115,26,113,215,249,30,33,241,196,165,64,172,107,238,4,148,67,125,138,187,200,208,125,119,239,197,10,169,14,6,237,211,193,204,103,131,165,201,221,53,125,99,247,55,89,226,179,149,64,40,242,35,169,153,201,219,126,133,15,83,143,201,209,245,64,197,120,146,177,209,22,71,220,100,240,58,59,30,46,205
Best fitness found so far: 0.588779335340367; k: 2.0
Generation: 183; 0.588779335340367; k: 2.0; 227,169,154,4,247,159,77,36,101,245,208,35,236,86,135,30,30,64,133,132,64,110,37,233,1,142,10,134,131,8,14,72,10,201,142,179,194,131,113,169,189,22,67,159,81,36,197,80,138,100,211,177,125,169,154,4,247,160,77,36,101,245,208,71,149,86,217,30,30,64,133,106,64,43,245,6,1,218,10,117,131,222,198,223,73,19,7,64,172,224,10,118,147,138
Best fitness found so far: 0.588779335340367; k: 2.0
Generation: 184; 0.588779335340367; k: 2.0; 10,169,14,22,67,159,81,36,13,80,138,100,211,201,14,30,64,148,235,131,119,149,35,149,180,35,11,183,64,64,197,137,25,247,230,155,92,149,86,196,30,105,64,129,175,202,229,32,170,1,93,166,83,47,207,114,169,145,30,64,197,132,238,7,131,138,100,149,157,125,56,64,45,175,198,223,73,155,7,85,146,179,10,118,147,138
Best fitness found so far: 0.588779335340367; k: 2.0
Generation: 185; 0.588779335340367; k: 2.0; 227,19,154,4,231,159,77,36,101,245,194,35,149,34,46,30,57,64,222,142,165,201,221,40,163,23,89,55,21,30,11,80,64,71,64,179,26,165,151,74,30,58,130,197,242,244,50,14,47,101,30,245,30,67,142,104,22,230,202,50,215,201,159,165,36,197,90,67,35,149,221,209,32,22,245,216,132,216,161,123,154,4,231,159,77,36,101,245,194,35,149,34,46,30,57,64,222,142,165,201,221,40,163,23,89,55,21,30,11,80,64,71,64,179,26,165,151,74,30,58,130,197,242,244
Best fitness found so far: 0.588779335340367; k: 2.0
Generation: 186; 0.588779335340367; k: 2.0; 178,169,14,22,67,159,81,36,197,175,138,100,211,201,125,21,64,200,235,176,195,149,35,149,78,35,11,226,64,64,77,129,25,247,131,155,59,149,86,92,198,153,54,207,175,202,202,32,170,1,201,166,176,73,55,64,198,71,160,164,172,237,185,26,154,132,67,122,186,241,19,184,104,210,147,219,133,132,131,175,198,237,73,19,201,74,30,33,212,115,18,198,189
Best fitness found so far: 0.588779335340367; k: 2.0
Generation: 187; 0.588779335340367; k: 2.0; 10,169,14,22,67,159,81,36,13,80,138,100,211,179,125,30,64,148,186,105,119,149,35,149,180,35,166,226,64,64,197,129,162,247,131,155,92,196,86,143,30,105,64,106,175,202,229,32,170,1,201,68,83,47,207,114,169,240,30,64,197,18,144,46,131,138,100,149,157,125,56,64,197,10,169,11,6,237,115,26,165,215,74,30,33,241,196,165,64,172,107,238,4,148,67,39,138,187,149,208,125,217,239,145,10,169,14,6,181,166,128,204,103,131,165,201,112,153,125,99,119,55,89,226,179,149,64,40,242,35,169,153,201,219,126,75,15,83,143,201,209,245,64,197,120,146,177,209,22,71,64,23,127,170,110,67,233,1,95,141,80,243,242,19,197,125,30,64,197,179,242,180,178,35,122,188,1,216,139,47,210,119,247,227,3,92,58,202,197,26,35,223,73,43,61,13,172,224,158,127,245,161
Best fitness found so far: 0.588779335340367; k: 2.0
Generation: 188; 0.588779335340367; k: 2.0; 10,169,14,139,67,159,199,36,109,80,138,100,211,53,125,249,72,108,31,33,28,14,72,239,222,85,94,151,25,187,180,30,35,149,201,50,30,64,82,129,184,30,14,193,11,142,55,201,152,218,189,161,161,62,21,194,207,84,14,72,247,159,77,36,197,28,67,35,235,86,239,70,126
Best fitness found so far: 0.588779335340367; k: 2.0
Generation: 189; 0.588779335340367; k: 2.0; 10,169,14,139,67,159,199,176,109,80,138,100,211,53,125,148,72,10,31,33,28,14,72,71,222,85,94,30,219,73,180,67,35,149,201,92,30,64,82,129,184,30,14,193,11,142,221,74,221,53,71,161,161,55,21,194,207,111,14,4,247,159,77,104,197,53,67,35,37,86,239,30,30,64,99,151,106,110,67,233,1,33,141,80,243,242,149,197,86,30,64,197,31,168,180,235,35,149,188,147,216,139,182,210,202,247,227,3,92,58,165,197,99,35,223,73,43,7,132,172,224,187,118,245,161
Best fitness found so far: 0.588779335340367; k: 2.0
Generation: 190; 0.588779335340367; k: 2.0; 10,169,104,22,67,159,81,36,197,80,138,100,211,201,64,30,64,104,235,131,180,177,203,149,180,35,169,226,226,64,197,87,25,247,131,155,92,149,129,143,70,105,64,197,158,33,182,14,22,67,159,81,36,197,80,138,188,211,201,125,30,64,59,111,184,130,210,92,219,177
Best fitness found so far: 0.588779335340367; k: 2.0
Generation: 191; 0.588779335340367; k: 2.0; 10,121,14,22,67,159,105,36,197,80,138,100,100,30,64,197,132,202,110,3,170,1,239,187,83,107,30,114,169,145,128,6,197,124,150,30,131,180,67,35,245,208,35,149,86,183,1,128,75,109,138,36,197,28,67,35,134,35,135,185,101,107,147,62,72,183,3,233,68,202,139,110,28,10,142,245,201,54,19,28,99,44,232,183,38,213,67,234,172,55,71,244,165,201,176,68,140,64,12,166,77
Best fitness found so far: 0.588779335340367; k: 2.0
Generation: 192; 0.588779335340367; k: 2.0; 10,169,14,22,67,159,81,36,197,175,138,100,211,201,125,173,64,200,235,176,195,149,35,149,31,35,11,226,64,64,77,129,25,247,131,155,59,149,86,143,68,153,54,207,175,202,229,32,170,7,201,166,176,73,55,64,198,71,160,164,172,237,185,26,154,91,67,122,186,241,19,184,104,210,147,141,133,132,64,110,245,139,1,142,10,67,24,235,231,209,7,216,197,77,211,30,244,139,98,241,145,164,91,46,72,149,165,57,138
Best fitness found so far: 0.588779335340367; k: 2.0
Generation: 193; 0.588779335340367; k: 2.0; 10,169,204,22,67,159,73,36,197,80,138,100,211,53,125,148,76,197,6,105,117,14,72,71,29,13,180,67,199,235,231,209,7,180,197,91,124,26,235,199,235,231,15,7,180,197,91,124,26,111,47,72,28,92,219,245
Best fitness found so far: 0.588779335340367; k: 2.0
Generation: 194; 0.588779335340367; k: 2.0; 227,169,154,4,247,159,77,36,101,245,208,35,149,86,135,30,30,64,133,132,64,110,245,233,1,142,10,134,131,222,137,72,10,82,142,10,194,131,113,169,172,187,132,72,110,67,233,1,234,246,125,138,187,149,208,125,229,64,197,10,169,14,6,237,211,193,204,103,131,165,201,65,53,125,99,118,55,89,226,179,149,64,40,242,35,169,165,201,219,126,175,15,83,143,201,116,245,64,197,120,146,177,209,22,68,220,100,240,58,59,30,80,205
Best fitness found so far: 0.588779335340367; k: 2.0
Generation: 195; 0.588779335340367; k: 2.0; 227,169,154,4,247,159,77,36,101,245,208,35,149,29,232,119,196,165,64,172,239,124,7,64,172,224,10,118,147,138
Best fitness found so far: 0.588779335340367; k: 2.0
Generation: 196; 0.588779335340367; k: 2.0; 10,169,14,22,67,159,81,36,13,80,138,100,211,201,125,165,14,104,30,215,197,129,238,86,131,83,67,35,188,95,72,149,165,200,209
Best fitness found so far: 0.588779335340367; k: 2.0
Generation: 197; 0.588779335340367; k: 2.0; 10,169,14,172,61,159,77,170,245,201,166,75,188,112,56,14,235,231,73,7,215,197,91,159,30,29,139,98,241,145,195,180,46,231,149,165,139,184
Best fitness found so far: 0.588779335340367; k: 2.0
Generation: 198; 0.588779335340367; k: 2.0; 10,169,14,52,87,159,77,170,245,201,166,60,47,15,165,14,104,30,64,197,129,238,249,131,83,67,35,188,181,112,15,197,14,150,30,146,126,10,197,158,33,159,225,140,64,194,194,55,108,150,30,59,144,46,205
Best fitness found so far: 0.588779335340367; k: 2.0
Generation: 199; 0.588779335340367; k: 2.0; 10,169,14,22,67,159,81,36,13,80,138,30,15,197,210,189,39,61,2,103,131,165,201,157,53,152,99,5,55,89,226,179,149,64,40,91,179,169,93,201,219,126,136,134,134,143,201,209,30,39,197,120,146,196,209,22,218,220,133,219,58,59,30,46,205
Best fitness found so far: 0.588779335340367; k: 2.0
Total time of execution of seed 2 : 28715305
Solution Fitness: -0.588779335340367
Variables: uniform 0 manhathan moveNear split join join
