Generation: 0; 0.05387862348377894; k: 2.0; 131,44,41,247,207,48,139,232,215,74,100,92,209,146
Best fitness found so far: 0.05387862348377894; k: 2.0
Generation: 1; 0.2944530066999807; k: 6.8; 125,31,232,24,29,157,151,58,247,94,213,101,10,201
Best fitness found so far: 0.2944530066999807; k: 6.8
Generation: 2; 0.4541629750925359; k: 2.0; 131,119,28,207,55,48,107,39,115,164,235
Best fitness found so far: 0.4541629750925359; k: 2.0
Generation: 3; 0.5679483146006368; k: 3.0; 45,69,23,32,51,79,35
Best fitness found so far: 0.5679483146006368; k: 3.0
Generation: 4; 0.6529813753247233; k: 2.1; 219,90,198,115,23,211,45,230,40,14,144,140,197,157,183,61,87,77
Best fitness found so far: 0.6529813753247233; k: 2.1
Generation: 5; 0.5135767711852274; k: 2.0; 45,135,2,24,101,32,171,176,21,57,91,80
Best fitness found so far: 0.6529813753247233; k: 2.1
Generation: 6; 0.605766122506901; k: 2.0; 219,234,220,176,21,2,199,101,132,110,234,135,176,21,2,24,127,195,179,115,23,211,45,230,40,79,144,233,197,157,183,61,87,103
Best fitness found so far: 0.6529813753247233; k: 2.1
Generation: 7; 0.5991340542667222; k: 2.0; 125,31,110,234,135,176,21,2,37,127,195,172,233,191,81
Best fitness found so far: 0.6529813753247233; k: 2.1
Generation: 8; 0.5734761907096322; k: 2.0; 143,215,2,35,101,190,163,176,21,112
Best fitness found so far: 0.6529813753247233; k: 2.1
Generation: 9; 0.5679483146006368; k: 3.0; 45,69,23,32,51,179,77
Best fitness found so far: 0.6529813753247233; k: 2.1
Generation: 10; 0.605766122506901; k: 2.0; 219,234,220,176,21,2,199,101,132,110,234,135,176,21,2,24,127,195,179,115,23,21,110,217,84
Best fitness found so far: 0.6529813753247233; k: 2.1
Generation: 11; 0.6529813753247233; k: 2.1; 219,90,198,115,23,211,45,230,40,14,144,140,189,10,21,112
Best fitness found so far: 0.6529813753247233; k: 2.1
Generation: 12; 0.6567002640593316; k: 2.0; 56,215,118,215,101,65,29,211,85,187
Best fitness found so far: 0.6567002640593316; k: 2.0
Generation: 13; 0.6529813753247233; k: 2.1; 219,90,198,115,23,211,45,230,40,14,144,140,246,98,118,16,179,137,131,247,94,37,160,10,201,64,170,217
Best fitness found so far: 0.6567002640593316; k: 2.0
Generation: 14; 0.605766122506901; k: 2.0; 219,234,220,119,21,2,199,31,132,110,131,184,70,24,101,159,250,101,121,113,225,140,14,7,183,147,211,197,43,9,8,33,95,59,232,215,74,119,92,209,24,101,32,171,176,21,57,91,198,140,119,101,159,196,101,235,41,179,23,131,184
Best fitness found so far: 0.6567002640593316; k: 2.0
Generation: 15; 0.807293908178171; k: 2.0; 125,82,232,205,13,82,179,204,77,176,21,110,199,31,132,110,141,163,176,210,2,95,59,232,215,215,168,92,209,146,101,96,152,137,149,131,169,163,237,11,211,106,131,211,101,10,187,101,155,21,125,11,211,237,187
Best fitness found so far: 0.807293908178171; k: 2.0
Generation: 16; 0.807293908178171; k: 2.0; 125,82,232,205,13,82,179,204,77,176,21,110,199,31,132,110,141,163,176,210,2,95,59,232,215,215,168,92,95,7,110,61,87,77,240,117,192,200,179,230,131,169,70,24,70,159,101,166,200,106,230,131,169,200
Best fitness found so far: 0.807293908178171; k: 2.0
Generation: 17; 0.6529813753247233; k: 2.1; 219,90,198,115,23,211,45,230,40,14
Best fitness found so far: 0.807293908178171; k: 2.0
Generation: 18; 0.6529813753247233; k: 2.1; 15,90,198,115,23,211,45,230,40,14,35,101,41,163,143,21,156,103,101,143,240,101,96,200,179,23,32,169,70,24,101,202,70,70,18,179,225,140,95,7,205,61,87,77,240,117,192,200,179,163,131,169,70,24,70,159,101,166,200,179,230,131,169,70
Best fitness found so far: 0.807293908178171; k: 2.0
Generation: 19; 0.6529813753247233; k: 2.1; 219,90,198,115,161,211,45,230,40,14,144,140,189,10,101,132,110,161,211,45,230,40,14,144,140,189
Best fitness found so far: 0.807293908178171; k: 2.0
Generation: 20; 0.6529813753247233; k: 2.1; 219,90,198,115,23,211,45,230,40,14,144,82,107,205,101,82,218,189,77,176,27,110,199,31,132,110,21,163,42,65,2,95,59,232,215,215,168,92,95,7,110,61,87,9,240,117,192,230,179,230,131,169,70,175,70,159,101,166,200,106,230,131,169,200
Best fitness found so far: 0.807293908178171; k: 2.0
Generation: 21; 0.807293908178171; k: 2.0; 184,82,232,205,13,82,179,204,77,176,21,110,199,31,132,110,141,163,176,210,2,95,59,232,204,215,168,92,95,7,110,61,87,77,240,117,159,101,187,131,169
Best fitness found so far: 0.807293908178171; k: 2.0
Generation: 22; 0.807293908178171; k: 2.0; 125,82,232,205,13,82,179,204,77,176,39,110,199,31,132,110,141,234,135,176,21,161,11,65,59,50,250,148,14,201,230,69,73,140,189,233,192,199,179,35
Best fitness found so far: 0.807293908178171; k: 2.0
Generation: 23; 0.807293908178171; k: 2.0; 125,82,232,205,13,82,179,204,77,176,21,110,199,31,132,110,141,163,176,210,2,36,59,232,215,215,168,92,95,7,110,61,87,77,240,117,192,200,84,150,131,169,70,24,70,159,71,166,200,113,225,140,149,7,205,61,87,165,240,117,192,200,179,35
Best fitness found so far: 0.807293908178171; k: 2.0
Generation: 24; 0.807293908178171; k: 2.0; 125,74,232,205,13,82,179,204,77,176,39,110,199,31,132,110,141,234,135,176,199,179,51
Best fitness found so far: 0.807293908178171; k: 2.0
Generation: 25; 0.807293908178171; k: 2.0; 184,82,232,205,13,82,179,204,77,176,21,110,199,31,132,110,211,45,230,23,224,176,183,95,90,170,51,47,35
Best fitness found so far: 0.807293908178171; k: 2.0
Generation: 26; 0.807293908178171; k: 2.0; 184,82,232,205,13,82,179,204,77,176,21,110,199,31,78,110,141,163,176,210,143,95,59,232,204,215,104,92,95,7,110,249,87,77,240,117,219,90,25,144,101,211,45,230,23,73,176,2,95,44,2,215,74,157,92,226,146,101,96,93,160,149,134,169,163,11,11,211,106,131,101,228,10,11,168,92,143,40,101,90,200,155,23,131,116,70,238
Best fitness found so far: 0.807293908178171; k: 2.0
Generation: 27; 0.807293908178171; k: 2.0; 125,82,232,205,13,82,179,204,77,176,19,110,199,31,132,110,141,163,176,210,2,36,59,232,215,3,168,92,235,7,110,61,87,77,240,117,52,21,249,199,26,199,110,137,163,176,210,2,238,59,211,7,110,61,87,77,240,117,192,200,179,153,131,169,70,24,70,142,101,166,200,106,230,131,169,200
Best fitness found so far: 0.807293908178171; k: 2.0
Generation: 28; 0.807293908178171; k: 2.0; 184,88,232,205,13,82,179,204,77,216,21,110,199,31,132,110,211,45,230,174,198,144,101,211,230,134,23,73,20,2,201,120,2,201,74,157,92,128,146,101,126,93,160,149,52,70,230,179,121,204,55,59,71,110,105,116,132,110,141,32,183,210,140,15,211,175,176,21,161,31,132,98,73,49,176,132,195,179,159,23,30,110,217,84
Best fitness found so far: 0.807293908178171; k: 2.0
Generation: 29; 0.807293908178171; k: 2.0; 125,82,232,205,13,82,179,204,77,176,19,110,199,31,132,110,88,163,176,210,2,36,59,232,215,3,168,92,235,7,159,61,87,165,240,117,52,21,249,66,170,199,174,208,163,176,210,2,238,59,211,7,110,24,87,77,240,117,28,141,45,145,40,104,96,233,38,157,183,237,87,103
Best fitness found so far: 0.807293908178171; k: 2.0
Generation: 30; 0.807293908178171; k: 2.0; 184,82,232,205,13,82,179,204,77,176,21,110,199,31,132,110,211,45,230,23,198,144,70,211,233,134,23,73,225,2,52,120,2,201,74,157,92,146,146,101,126,93,160,149,198,144,101,211,45,230,23,73,176,178,115,23,211,45,18,40,14
Best fitness found so far: 0.807293908178171; k: 2.0
Generation: 31; 0.807293908178171; k: 2.0; 125,82,232,205,13,82,179,239,77,176,19,110,199,31,132,110,141,163,176,210,2,36,59,234,135,176,21,161,11,65,59,89,250,148,14,201,230,69,73,140,189,55,192,199,179,35
Best fitness found so far: 0.807293908178171; k: 2.0
Generation: 32; 0.807293908178171; k: 2.0; 184,82,232,205,13,82,179,204,77,176,21,110,199,31,132,110,141,127,176,189,233,192,199,179,35
Best fitness found so far: 0.807293908178171; k: 2.0
Generation: 33; 0.807293908178171; k: 2.0; 238,54,12,205,153,82,179,204,129,176,21,110,199,186,132,110,28,163,176,11,211,99,131,101,95,10,74,125,82,232,205,13,240,136,95,44,74,215,74,10,92,246,146,101,96,93,174,149,134,75,163,11,23,211,106,131,101,228,10,11,168,92,39,40,101,90,200,155,23,131,116,70,238
Best fitness found so far: 0.807293908178171; k: 2.0
Generation: 34; 0.807293908178171; k: 2.0; 125,82,62,205,13,82,3,204,77,176,21,110,199,31,146,110,141,68,176,210,67,36,59,68,35,180,168,157,212,7,110,157,212,7,110,171,68,45,240,90,192,200,72,215,119,169,70,24,220,36,110,101,163,143,89,83,225,140,115,5,101,240,117,140,15,78,175,111,159,161,31,132,98,73,49,176,12,195,109,122,161,19,132,98,73,218,176,132,195,229,159,23,38,89,53,113
Best fitness found so far: 0.807293908178171; k: 2.0
Generation: 35; 0.807293908178171; k: 2.0; 140,206,232,151,153,82,179,204,129,176,21,110,199,31,132,110,141,163,176,11,211,204,77,176,21,69,199,110,132,62,211,45,230,78,198,144,101,211,73,134,79,73,134,16,201,120,2,201,74,157,56,128,207,101,126,120,33,149,10,192,230,179,230,103,144,101,211,72,230,76,176,21,110,199,31,132,107,141,163,176,11,211,76,105,101,172,10,74,240,182,18,113,191,140,146,202,90,200,155,32,51,79,35
Best fitness found so far: 0.807293908178171; k: 2.0
Generation: 36; 0.807293908178171; k: 2.0; 125,82,232,205,13,82,179,204,77,176,19,110,199,31,132,110,88,163,176,210,2,95,90,170,51,95,5,170,8,47,35
Best fitness found so far: 0.807293908178171; k: 2.0
Generation: 37; 0.807293908178171; k: 2.0; 29,82,232,205,13,82,179,204,77,176,215,110,199,31,132,110,141,163,176,210,2,36,59,36,59,232,72,3,52,92,235,232,205,13,82,179,204,77,176,56,110,35,31,132,110,233,96,135,90,193,115,204,211,45,156,70,24,65,109,220,96,7,110,61,87,77,240,117,159,101,165,131,10,70,24,65,109,92,95,7,110,61,87,77
Best fitness found so far: 0.807293908178171; k: 2.0
Generation: 38; 0.807293908178171; k: 2.0; 238,82,232,205,73,82,179,204,129,176,187,110,199,31,132,65,141,163,176,11,81,76,131,101,172,238,74,176,19,110,199,31,132,110,141,163,176,210,193,36,181,232,215,3,168,76,235,7,159,61,87,77,240,117,52,21,249,66,170,199,174,208,150,176,210,2,141,59,211,7,110,61,87,77,144,117,192,200,179,153,176,169,70,24,70,111,201,166,200,106,120,131,169,200
Best fitness found so far: 0.807293908178171; k: 2.0
Generation: 39; 0.847764539220614; k: 2.0; 37,119,232,190,13,82,179,204,77,204,199,176,39,110,199,31,132,110,141,234,135,176,90,170,51,47,35
Best fitness found so far: 0.847764539220614; k: 2.0
Generation: 40; 0.807293908178171; k: 2.0; 184,82,232,205,13,82,179,204,77,176,21,110,199,31,132,110,141,163,176,210,2,95,59,44,204,215,168,161,11,6,59,50,22,148,14,201,230,69,73,140,40,233,192,199,179,35
Best fitness found so far: 0.847764539220614; k: 2.0
Generation: 41; 0.807293908178171; k: 2.0; 37,82,232,205,171,82,179,204,77,176,109,110,199,31,132,110,182,214,176,210,2,36,88,232,215,15,211,175,53,146,101,126,93,146,190,10,192,230,179,230,141,169,70,244,237,233
Best fitness found so far: 0.847764539220614; k: 2.0
Generation: 42; 0.807293908178171; k: 2.0; 37,82,147,205,13,82,65,204,77,176,39,110,199,96,132,110,43,234,135,110,217,84
Best fitness found so far: 0.847764539220614; k: 2.0
Generation: 43; 0.807293908178171; k: 2.0; 230,206,232,247,153,82,179,204,129,176,21,110,199,31,132,110,141,163,176,178,211,76,199,101,46,239,74,240,182,18,113,191,140,39,202,190,147,2,181,249,199,26,199,110,137,163,176,160,2,217,59,211,7,243,61,87,77,249,117,192,160,179,153,131,169,178,24,100,196,87,166,200,106,230,131,41,132,47,141,163,115,126,201,238,59,250,149,125,52,149,43,47,123,33,95,59,95,116,162,152,92,115,10,101,92,88,195,179,122,167,31,132,59,73,218,176,132,195,179,159,23,38,110,217,113
Best fitness found so far: 0.847764539220614; k: 2.0
Generation: 44; 0.847764539220614; k: 2.0; 37,33,232,190,13,137,179,204,77,204,199,176,39,110,199,31,132,110,141,234,135,176,90,232,205,153,82,179,204,129,176,114,110,199,31,132,110,141,163,176,11,211,233,77,97,21,110,199,110,132,110,211,45,191,78,198,144,101,211,73,134,23,73,134,2,223,120,2,201,74,157,92,128,146,101,126,120,160,149,10,192,4,179,230,141,166,70,244,237,210
Best fitness found so far: 0.847764539220614; k: 2.0
Generation: 45; 0.847764539220614; k: 2.0; 37,119,232,190,13,82,179,204,77,204,199,176,39,110,199,31,132,110,141,234,135,176,90,179,204,77,176,21,110,199,31,132,110,211,70,230,23,198,144,70,211,233,134,23,73,225,2,52,143,2,201,74,157,92,146,118,101,126,93,160,149,140,144,101,153,45,230,23,73,176,178,115,23,211,45,198,40,14
Best fitness found so far: 0.847764539220614; k: 2.0
Generation: 46; 0.847764539220614; k: 2.0; 37,119,232,190,13,107,179,204,77,204,199,176,39,110,199,31,132,110,141,234,135,176,90,170,51,47,163,176,210,148,36,59,82,59,232,72,3,168,92,235,7,211,116,87,165,240,206,52,21,249,66,170,199,174,208,151,176,210,2,238,59,211,7,107,24,87,77,240,117,188,141,45,145,79,74,96,99,3,157,183,237,87,103
Best fitness found so far: 0.847764539220614; k: 2.0
Generation: 47; 0.847764539220614; k: 2.0; 37,119,232,190,13,82,179,204,77,204,183,176,39,110,199,31,132,110,141,234,135,176,90,179,204,77,3,168,92,235,7,110,141,68,176,210,2,36,15,180,35,180,138,7,205,61,87,165,240,117,192,200,179,35
Best fitness found so far: 0.847764539220614; k: 2.0
Generation: 48; 0.847764539220614; k: 2.0; 37,119,232,190,13,82,179,204,77,204,199,176,39,110,199,31,132,110,141,234,135,176,90,179,204,77,189,168,92,235,7,110,159,68,176,210,237,36,59,180,69,180,138,123,211,7,110,194,87,91,95,90,40,200,72,215,162,48,70,24,32,36,110,101,163,143,89,83,227,100,115,5,101,240,117,219,90,85,144,101,177,110,129,119,77,185,159,192,200,209,51,63,26,129,24,14,207,101,166,200,106,230,131,166,200
Best fitness found so far: 0.847764539220614; k: 2.0
Generation: 49; 0.847764539220614; k: 2.0; 37,33,232,190,13,137,179,204,77,204,199,176,39,110,199,31,132,110,141,234,135,176,90,35,19,49,42,179,204,129,176,114,110,199,205,132,110,141,163,96,77,211,233,77,97,21,110,199,110,132,110,211,24,65,166,240,232,205,13,56,177,204,77,176,21,110,68,18,132,110,39,110,199,201,132,110,141,234,135,176,90,170,51,132,35
Best fitness found so far: 0.847764539220614; k: 2.0
Generation: 50; 0.8738090492415; k: 2.0; 37,9,232,222,13,137,179,204,77,204,199,176,39,110,199,31,132,110,20,234,135,176,90,35,19,49,42,179,204,129,176,114,110,199,246,132,110,15,38,180,138,123,212,234,189,194,87,45,30,37,192,30,72,215,110,48,70,24,32,36,110,101,163,143,89,83,227,100,115,5,101,240,117,19,54,85,144,101,11,110,218,229,77,30,125,50,232,205,2,157,131,204,241,176,48,110,135,1,132,110,141,234,135,245,223,77
Best fitness found so far: 0.8738090492415; k: 2.0
Generation: 51; 0.8738090492415; k: 2.0; 37,33,117,81,93,227,179,204,77,204,199,176,39,110,199,31,132,245,141,237,135,176,90,232,205,105,82,179,204,129,176,200,73,26,44,26,129,196,14,155,32,51,24,246
Best fitness found so far: 0.8738090492415; k: 2.0
Generation: 52; 0.8738090492415; k: 2.0; 37,33,232,120,13,137,179,204,77,204,199,71,39,110,225,31,132,110,141,234,135,176,90,35,205,65,54,153,82,107,150,48,163,114,6,81,31,132,57,141,163,176,43,211,233,77,97,21,41,95,131,147,110,99,45,191,156,198,144,101,100,73,134,23,73,134,14,229,120,2,201,5,157,37,140,232,154,13,82,179,204,77,55,39,110,49,45,191,156,198,144,101,211,73,134,23,73,49,2,223,120,2,201,5,157,37,140,232,18,13,82,179,204,77,55,39,110,199,14,2,110,182,96,60,90,193,115,130,211,45,23,70,24,169,27,240,101,194,82,226,141,214,29,174,207,182,103,58
Best fitness found so far: 0.8738090492415; k: 2.0
Generation: 53; 0.8738090492415; k: 2.0; 37,119,232,90,13,82,157,204,77,204,199,176,39,110,199,31,132,145,141,234,135,176,90,179,204,154,233,192,199,5,35,157,204,77,204,199,176,39,110,199,31,132,145,141,234,135,176,90,179,204,154
Best fitness found so far: 0.8738090492415; k: 2.0
Generation: 54; 0.8738090492415; k: 2.0; 37,9,232,222,13,137,179,204,77,204,229,176,39,110,199,31,132,110,20,234,135,176,90,35,19,49,53,179,204,129,176,33,110,78,246,132,110,15,38,180,104,123,227,234,189,194,87,231,30,37,192,30,20,215,110,48,198,24,32,36,112,26,163,143,89,83,137,100,115,42,101,240,117,19,54,85,144,101,58,188,218,229,77,30,125,50,159,205,2,157,131,238,241,176,48,110,135,1,132,110,207,234,135,245,223,241
Best fitness found so far: 0.8738090492415; k: 2.0
Generation: 55; 0.8738090492415; k: 2.0; 204,119,232,156,13,82,179,204,177,204,183,176,39,110,59,151,132,110,141,234,135,140,90,179,204,77,233,168,92,235,211,233,77,97,21,110,8,173,74,110,211,27,196,78,150,144,101,211,73,134,23,73,181,79,223,241,2,201,74,157,92,128,146,48,126,120,160,149,21,110,231,31,132,104,141,163,176,210,203,71,110,199,116,90,110,141,32,183,210,140,104,211,175,181,122,198,31,132,98,73,218,176,132,195,223,210,23,98,110,217,113
Best fitness found so far: 0.8738090492415; k: 2.0
Generation: 56; 0.8738090492415; k: 2.0; 37,33,117,81,93,227,179,204,77,204,199,176,39,110,199,31,132,245,141,237,135,176,90,232,205,105,82,179,204,129,176,200,73,26,44,26,129,196,14,155,32,233,232,190,105,137,221,204,224,164,199,176,39,110,75,31,132,110,156,215,135,176,90,40,205,153,82,179,150,48,247,114,110,199,217,132,110,141,163,176,11,211,235,77,97,21,114,95,110,147,110,143,104,191,156,198,144,101,211,73,6,23,73,134,2,223,120,2,197,74,157,37,82,232,205,222,82,179,204,77,176,39,110,220,14,132,110,182,96,135,53,193,115,204,211,45,23,70,79,179,31,240,101,194,82,120,150,43,29,174,207,58,103,232,205,13,82,88,107,77,176,39,110,199,31,132,110,141,234,132,140,21,3,11,65,59,50,250,148,14,201,230,69,73,52,189,233,192,199,179,35
Best fitness found so far: 0.8738090492415; k: 2.0
Generation: 57; 0.8738090492415; k: 2.0; 166,33,232,81,13,137,221,204,69,204,199,176,39,110,55,31,228,110,156,226,204,77,204,182,176,173,110,55,31,97,145,100,79,14
Best fitness found so far: 0.8738090492415; k: 2.0
Generation: 58; 0.8738090492415; k: 2.0; 248,103,232,156,13,77,179,204,157,204,183,176,39,110,59,151,132,110,141,234,113,94,90,61,49,77,233,168,92,235,7,189,141,90,176,177,99,118,157,92,226,232,101,96,14,160,42,249,235,7,189,141,107,176,210,2,74,51,222,226,146,101,96,14,160,149,182,134,46,11,11,211,106,131,101,228,10,11,168,92,235,48,1,90,115,83,32,146,116,188,238,146,101,96,14,160,149,182,134,46,11,11,211,106,131,101,228,10,11,168,92,235,48,1,90,115,83,32,146,116,188,238
Best fitness found so far: 0.8738090492415; k: 2.0
Generation: 59; 0.8738090492415; k: 2.0; 110,103,232,156,13,77,179,204,157,204,183,176,39,110,59,151,132,110,141,234,113,94,90,61,49,77,233,168,92,235,7,189,141,90,176,177,99,118,138,92,226,232,101,96,136,160,122,101,166,166,106,13,131,169,200
Best fitness found so far: 0.8738090492415; k: 2.0
Generation: 60; 0.8738090492415; k: 2.0; 37,103,232,156,13,82,179,204,157,204,183,176,39,110,59,151,132,110,141,234,135,224,90,61,49,77,233,168,92,235,7,189,141,107,176,177,99,155,157,92,226,232,101,96,14,160,42,249,212,163,11,110,59,31,132,110,141,234,109,202,90,179,17,54,45,20,92,235,7,110,141,93,138,210,148,98,15,36,40,20,101,73,205,61,213,165,178,14,173,144,101,211,73,134,23,73,134,2,84,120,2,201,5,157,37,140,232,154,13,85,179,204,77,55,39,110,199,14,132,110,182,96,135,90,193,115,130,211,45,23,70,241,200,27,240,101,194,32,226,150,78,29,174,207,58,103,58
Best fitness found so far: 0.8738090492415; k: 2.0
Generation: 61; 0.8738090492415; k: 2.0; 37,9,232,222,13,137,179,204,77,204,199,176,39,110,199,31,132,110,31,234,135,176,90,35,19,232,42,179,201,177,17,245,110,199,246,90,110,15,38,244,212,123,202,234,189,194,87,37,30,49,192,213,176,35,1,204,77,3,168,92,235,137,110,86,68,176,168,2,58,52,180,115,180,158,123,212,7,110,5,87,9,240,221,192,200,191,215,9,48,70,109,32,36,184,101,163,77,115,83,227,138,193,5,3,240,117,219,90,136,144,51,7,110,234,135,176,90,35,205,65,243,153,82,107,150,48,193,114,6,199,31,226,204,77,185,182,176,173,84,55,31,132,145,100,79,56
Best fitness found so far: 0.8738090492415; k: 2.0
Generation: 62; 0.8738090492415; k: 2.0; 37,33,232,120,13,137,67,204,151,204,199,71,39,250,199,31,132,110,134,234,43,77,129,21,110,199,31,97,137,97,21,114,3,53,147,110,211,203,250,156,82,118,92,13,99,179,204,77,176,232,238,199,31,132,110,39,232,27,70,168,92,235,7,110,140,176,90,219,123,206,82,179,150,48,24,114,110,199,4,112,110,141,87,176,11,211,233,42,97,21,114,95,110,147,110,211,177,113,156,82,82,205,13,99,88,204,77,137,39,96,199,31,132,110,39,232,195,54,168,92,235,7,110,61,87,243,97,230,52,119,249,28,26,199,109,236,163,239,210,2,109,250,18,94,244,61,87,77,240,82,179,204,77,231,210,110,77,204,199,176,39,110,199,31,132,110,141,234,44,176,90,234,205,86,192,200,100,153,93,169,244,24,70,95,101,206,200,184,230,73,120,161,179,153,131,102,70,24,110,142,101,72,20,106,230,65,169,200,92,192,182,100,153,194,93,70,141,70,214,179,166,172,13,137,221,204,69,225,199,176,39,177,55,31,87,110,156,226,135,176,90,219,123,153,82,179,150,48,24,114,234,135,176,14,179,6,154
Best fitness found so far: 0.8738090492415; k: 2.0
Generation: 63; 0.8738090492415; k: 2.0; 37,33,232,120,13,137,179,204,77,204,199,71,39,110,225,31,132,110,6,234,135,176,90,35,205,65,125,153,82,239,150,48,163,114,6,81,31,132,57,141,163,176,43,211,233,77,38,21,41,26,131,147,110,99,45,191,156,198,144,101,100,73,134,23,73,134,38,229,120,2,201,5,157,37,140,232,154,13,82,179,204,77,55,39,110,176,39,110,59,151,132,110,141,234,135,224,90,22,204,77,233,168,68,235,113,189,141,167,176,210,83,36,92,180,4,85,138,202,205,90,36,15,94,70,180,175,7,205,61,87,165,240,117,226,200,179,110,132,110,136,234,92,208,90,166,204,77,233,168,63,235,211,137,77,97,21,110,138,173,74,249,211,27,243,78,208,144,201,33,175,120,143,137,179,204,77,127,199,71,39,110,95,31,132,110,141,188,27,45,199,31,132,248,141,234,135,176,14,114,199,176,39,110,199,31,132,145,141,234,101,176,249,179,180,154,31,192,199,179,250,157,204,77,120,199,176,39,110,47,31,225,98,141,234,200,108,110,232,67,154
Best fitness found so far: 0.8738090492415; k: 2.0
Generation: 64; 0.8738090492415; k: 2.0; 37,103,232,156,13,82,179,204,177,204,183,176,223,110,59,151,132,110,226,234,135,224,247,93,49,77,233,113,92,235,7,189,141,107,176,210,240,173,74,110,211,27,196,78,150,144,101,211,222,134,11,191,181,79,155,241,2,99,74,157,183,128,146,48,78,120,249,149,155,110,46,31,132,179,220,112,176,146,211,143,31,132,144,141,225,176,250,211,233,50,97,118,45,199,128,132,110,211,45,191,157,198,24,153,36,112,26,163,143,89,81,137,175,115,42,101,240,117,240,54,85,144,101,58,188,56,229,77,30,125,50,145,205,2,157,244,238,241,108,48,110,135,1,132,110,207,178,135,233,221,241
Best fitness found so far: 0.8738090492415; k: 2.0
Generation: 65; 0.8738090492415; k: 2.0; 37,33,232,120,33,137,67,204,151,204,199,71,39,250,199,31,132,110,163,234,43,77,129,21,148,199,110,132,137,97,21,114,3,53,147,110,211,203,250,116,82,118,92,13,193,179,204,77,176,39,238,199,31,132,110,141,232,27,70,168,92,235,7,110,140,227,90,63,123,206,82,179,150,48,24,114,110,199,4,112,110,127,87,176,11,237,233,142,97,21,114,95,110,147,110,211,177,113,156,82,232,205,161,245,214,236,77,137,39,102,199,31,132,110,39,232,215,54,168,92,235,161,60,61,87,243,97,180,52,21,249,28,26,199,109,236,163,239,210,2,238,37,18,94,244,61,87,77,240,82,123,204,124,231,2,204,77,239,199,176,39,110,199,31,132,110,141,234,182,176,90,234,205,86,192,200,100,153,93,169,244,89,70,95,101,206,200,184,230,73,225,161,179,153,114,102,70,24,110,142,101,72,20,106,230,65,169,93,92,192,182,196,153,194,169,240,117,90,182,45,145,79,74,96,99,3,206,183,237,87,103,72,20,106,230,65,169,93,92,192,182,196,153,194,169,240,117,90,182,45,145,79,74,96
Best fitness found so far: 0.8738090492415; k: 2.0
Generation: 66; 0.8738090492415; k: 2.0; 204,119,232,156,13,82,179,204,177,204,183,76,103,110,59,151,132,215,240,234,135,140,90,179,204,77,233,168,92,235,211,28,77,97,21,110,2,74,205,92,226,146,101,41,14,160,149,134,62,79,11,11,211,106,131,84,228,96,11,164,225,235,48,233,90,190,16,32,146,116,223,212
Best fitness found so far: 0.8738090492415; k: 2.0
Generation: 67; 0.8738090492415; k: 2.0; 37,103,232,156,13,82,179,204,157,204,183,176,39,110,59,151,132,110,11,192,200,179,230,43,169,69,24,70,159,101,166,200,106,13,131,135,211,45,198,40,14
Best fitness found so far: 0.8738090492415; k: 2.0
Generation: 68; 0.8738090492415; k: 2.0; 225,33,242,120,53,137,91,204,77,204,199,71,39,110,225,31,30,110,121,234,135,176,36,35,205,99,54,153,82,107,129,48,179,26,6,71,39,119,225,43,46,110,141,188,27,45,199,31,5,110,141,234,199,176,90,114,199,176,39,110,199,31,132,145,239,228,101,76,90,179,204,154,233,192,199,141,234,122,202,90,179,204,54,240,20,92,235,31,132,145,141,234,135,136,90,179,204,154,233,192,199,97,35,8,204,77,204,199,124,39,110,199,31,132,139,141,234,135,176,90,179,6,154,204,154,233,192,199,141,234,122,202,90
Best fitness found so far: 0.8738090492415; k: 2.0
Generation: 69; 0.8738090492415; k: 2.0; 79,33,232,120,13,137,63,204,77,204,69,71,159,110,199,31,132,110,141,234,135,110,74,11,192,200,179,230,149,169,246,24,42,159,101,135,176,90,35,205,65,54,153,114,107,150,18,163,114,6,79,31,132,57,141,163,176,43,211,233,52,97,21,41,14,131,147,110,99,45,191,156,198,144,122,100,73,134,23,73,134,14,39,120,241,112,230,23,198,144,70,127,229,134,23,73,236,2,52,233,2,201,74,157,92,146,126,180,126,222,160,149,140,144,101,153,45,230,160,122,177,79,22,23,211,45,198,40,14
Best fitness found so far: 0.8738090492415; k: 2.0
Generation: 70; 0.8738090492415; k: 2.0; 204,173,232,156,13,82,179,204,177,204,183,176,39,110,59,151,132,110,141,234,135,140,90,179,143,77,233,168,92,63,211,233,144,97,21,110,8,108,74,110,211,27,196,41,150,144,101,211,73,134,23,199,71,39,250,199,31,42,110,177,234,135,77,90,21,110,199,248,132,137,211,45,191,78,198,144,227,131,109,16,97,73,134,2,223,120,2,195,204,229,92,128,207,101,126,120,160,135,10,192,4,91,105,138,202,171,244,237,210
Best fitness found so far: 0.8738090492415; k: 2.0
Generation: 71; 0.8738090492415; k: 2.0; 37,33,232,120,13,137,179,204,77,204,199,71,227,110,199,31,132,110,141,234,135,176,90,35,216,65,54,38,129,49,57,69,163,114,6,199,31,132,232,120,13,137,157,134,183,204,199,71,39,110,130,31,198,110,153,18,60,176,90,35,205,65,54,153,143,82,179,150,48,56,114,110,90,115,193,38,157,183,243,177,103
Best fitness found so far: 0.8738090492415; k: 2.0
Generation: 72; 0.8738090492415; k: 2.0; 204,119,232,156,13,82,179,204,177,204,183,176,39,110,59,151,132,110,141,234,135,140,90,179,204,77,233,72,92,235,211,233,196,97,21,110,7,110,61,87,243,97,230,52,21,249,28,26,199,109,236,163,239,85,2,177,205,9,94,244,61,87,77,240,82,179,204,77,133,210,45,77,204,199,176,39,110,199,31,132,110,141,234,135,176,90,234,165,86,105,200,100,153,190,169,244,24,91,70,183,206,222,29,230,73,113,161,179,153,131,102,85,24,110,162,101,72,20,106,230,65,169,223,161,192,20,100,153,55,169,3,202,128,214,179,166,190,13,137,221,204,52,225,199,176,39,111,55,31,228,110,156,226,135,176,90,219,188,153,82,179,236,198,191,70,211,229,134,23,73,236,12,52,233,2,222,74,157,92,146,126,180,126,222,160,149,140,144,101,153,158,51,23,122,177,79,22,92,211,45,198,40,14
Best fitness found so far: 0.8738090492415; k: 2.0
Generation: 73; 0.8738090492415; k: 2.0; 37,35,232,120,19,167,187,204,77,204,199,71,39,110,199,31,132,110,141,89,135,176,90,165,205,65,143,153,82,107,150,81,163,114,6,199,31,132,110,141,163,176,232,114,63,77,78,21,55,125,131,147,110,211,45,105,156,198,144,76,211,73,134,23,73,134,2,97,39,2,201,5,157,33,199,125,73,203,223,73,92,14,186,41,2,188,139,157,37,140,232,154,13,82,96,204,77,95,39,110,49,108,191,156,25,144,101,211,73,134,177,199,49,2,223,120,2,201,5,157,37,202,232,18,13,146,179,204,42,55,107,150,48,163,114,6,199,31,25,110,141,163,176,43,211,30,77,97,42,112,82,10,26,48,163,114,6,9,31,69,110,141,163,176,43,211,233,77,97,21,114,95,131,147,110,211,45,191,156,200,144,101,211,73,134,23,73,134,2,223,120,2,201,5,157,37,140,232,190,13,82,226,204,77,55,39,110,199,14,132,110,182,96,135,90,193,115,130,45,45,23,91,24,169,27,240,101,194,82,226,195,78,29,174,138,58,103,58
Best fitness found so far: 0.8738090492415; k: 2.0
Generation: 74; 0.8738090492415; k: 2.0; 204,119,232,156,13,82,225,204,177,204,183,176,179,110,59,151,132,110,141,134,45,78,132,144,101,40,73,134,23,73,216,2,110,225,117,132,110,141,188,27,45,199,31,132,110,141,234,135,176,90,114,199,176,39,160,199,31,132,145,141,234,101,176,90,179,180,154,233,192,199,5,35,157,204,77,204,199,176,39,1,199,31,132,145,141,7,135,176,90,179,204,154
Best fitness found so far: 0.8738090492415; k: 2.0
Generation: 75; 0.8738090492415; k: 2.0; 37,33,232,120,13,137,179,204,77,204,199,71,227,110,199,31,132,110,141,234,135,176,90,88,216,65,54,153,129,72,57,69,163,114,6,199,31,132,214,141,163,176,43,211,59,180,134,14,138,123,187,7,110,116,87,98,240,90,249,200,188,31,9,48,70,39,179,204,179,204,183,176,39,110,59,151,156,110,103,234,135,140,90,179,106,77,233,168,92,235,55,233,77,97,21,110,8,173,74,110,211,18,196,78,150,144,152,211,73,134,23,73,181,79,223,241,2,201,74,157,92,128,146,48,126,120,160,188,21,110,231,31,132,104,141,163,124,210,203,71,110,199,116,90,110,141,90,183,210,167,104,211,175,181,122,198,31,132,98,73,218,176,132,195,223,210,23,98,221,217,113
Best fitness found so far: 0.8738090492415; k: 2.0
Generation: 76; 0.8738090492415; k: 2.0; 136,15,232,108,223,137,179,204,77,204,101,176,39,110,199,31,198,110,86,82,173,204,177,204,183,154,39,110,59,83,116,199,176,39,110,126,31,68,110,141,234,135,176,90,162,201,49,82,179,204,129,176,114,46,199,205,132,110,70,238
Best fitness found so far: 0.8738090492415; k: 2.0
Generation: 77; 0.8738090492415; k: 2.0; 37,43,232,30,13,137,99,204,77,204,97,176,39,110,199,31,132,110,237,240,103
Best fitness found so far: 0.8738090492415; k: 2.0
Generation: 78; 0.8738090492415; k: 2.0; 37,35,232,120,19,167,187,204,77,204,199,71,39,110,199,31,132,110,141,89,135,176,90,35,205,65,143,153,19,107,150,81,163,234,6,199,31,132,110,98,163,176,232,114,166,77,78,21,55,116,131,147,110,211,45,105,156,198,144,76,211,73,134,23,73,134,2,97,39,2,201,5,157,33,199,125,73,203,223,73,134,14,186,25,2,188,139,157,37,128,232,154,13,82,96,204,204,95,39,110,49,108,33,156,25,144,101,211,116,134,177,8,171,2,226,120,2,201,5,157,37,202,232,18,125,26,176,24,14,12,9,51,238,35
Best fitness found so far: 0.8738090492415; k: 2.0
Generation: 79; 0.8738090492415; k: 2.0; 37,3,232,222,229,137,179,204,183,204,229,176,39,130,199,31,132,110,20,234,135,176,90,35,19,49,140,179,204,129,176,33,110,78,135,176,90,35,163,49,82,179,204,129,176,114,110,199,95,222,110,141,221,96,11,211,233,77,97,21,110,199,110,132,110,211,24,178,166,240,232,205,13,101,179,87,98,240,90,249,200,33,31,1,48,70,24,24,36,192,101,163,78,89,83,227,84,115,5,101,240,117,175,90,181,144,142,7,82,129,100,77,30,159,132,205,73,51,25,98,116,24,14,207,101,244,200,106,190,50,49,200
Best fitness found so far: 0.8738090492415; k: 2.0
Generation: 80; 0.8738090492415; k: 2.0; 35,15,232,249,3,137,179,204,77,204,21,176,39,110,199,31,132,110,141,203,135,176,90,232,205,153,17,179,204,37,23,73,35,2,216,120,2,201,213,157,81,127,146,101,126,120,160,69,26,25,230,81,230,219,142,70,244,237,210
Best fitness found so far: 0.8738090492415; k: 2.0
Generation: 81; 0.8738090492415; k: 2.0; 204,119,232,156,13,82,179,204,177,204,217,176,39,110,59,151,132,65,23,149,169,2,24,70,159,101,166,200,106,13,131,169,200
Best fitness found so far: 0.8738090492415; k: 2.0
Generation: 82; 0.8738090492415; k: 2.0; 37,119,232,90,13,82,157,204,77,204,131,176,39,110,199,31,132,145,141,234,135,176,90,179,204,154,233,192,199,5,215,157,204,77,204,199,176,39,199,199,31,79,145,141,234,135,176,219,179,204,110,150,24,29,174,207,58,103,58
Best fitness found so far: 0.8738090492415; k: 2.0
Generation: 83; 0.8738090492415; k: 2.0; 37,9,232,222,13,137,199,204,77,204,229,176,39,110,199,31,132,110,20,234,135,176,90,35,19,230,53,163,143,89,223,227,100,200,5,101,240,117,219,181,85,144,101,51,155,26,193,77,185,159,192,177,209,5,63,26,129,18,241,207,151,166,200,106,230,131,166,161
Best fitness found so far: 0.8738090492415; k: 2.0
Generation: 84; 0.8738090492415; k: 2.0; 37,217,232,120,13,137,179,204,77,204,199,71,39,250,199,31,132,110,134,199,203,77,62,21,96,199,110,132,43,97,21,114,34,53,147,110,105,141,128,156,82,118,92,13,99,179,204,114,126,39,238,199,31,132,110,141,232,27,148,168,92,235,7,110,209,87,105,97,189,52,229,249,28,26,199,109,112,212,186,210,2,238,37,18,94,163,155,87,77,183,17,179,204,23,52,39,223,77,152,199,176,39,203,199,31,132,117,141,234,135,176,90,184,81,86,22,26,100,153,196,169,244,168,70,95,240,206,221,180,230,73,192,161,183,169,131,102,70,24,60,142,101,206,16,106,230,39,169,200,179,192,166,42,153,153,245,125,91,70,214,179,166,190,13,137,221,204,198,61,199,245,141,237,135,176,108,232,205,105,82,179,204,129,176,200,73,26,44,26,129,196,14,155,32,51,24,246
Best fitness found so far: 0.8738090492415; k: 2.0
Generation: 85; 0.8738090492415; k: 2.0; 204,119,232,156,13,82,179,204,177,204,183,176,39,110,59,151,132,75,141,129,135,140,90,180,204,77,233,168,92,149,211,76,55,97,21,110,8,173,74,110,211,27,196,45,150,144,101,211,73,134,118,73,181,79,223,241,67,201,74,157,92,128,146,48,126,120,2,201,74,157,92,248,146,101,126,120,160,149,19,192,230,81,230,141,57,70,244,237,210
Best fitness found so far: 0.8738090492415; k: 2.0
Generation: 86; 0.8738090492415; k: 2.0; 37,119,232,90,13,82,157,204,23,204,199,176,39,110,199,31,132,145,141,234,135,176,90,96,204,120,134,155,129,119,77,185,159,192,177,75,5,63,117,129,24,14,207,101,166,200,106,5,131,166,200
Best fitness found so far: 0.8738090492415; k: 2.0
Generation: 87; 0.8738090492415; k: 2.0; 204,119,232,156,13,82,179,204,177,204,183,176,39,110,59,151,132,110,141,134,45,78,132,144,101,157,27,134,23,73,35,2,216,120,2,201,213,157,92,128,35,101,126,120,160,149,19,243,97,230,52,21,249,28,26,199,80,236,246,239,197,2,238,37,18,94,244,114,87,77,240,82,179,204,77,67,210,204,77,204,199,176,39,110,199,31,71,110,141,234,135,176,90,234,205,86,192,217,100,153,136,169,244,24,70,95,101,19,200,25,230,73,192,161,179,153,215,102,223,24,110,142,101,101,20,106,230,65,169,200,92,192,182,100,153,194,169,5,202,70,214,179,166,190,13,249,221,204,69,225,199,176,39,110,55,31,228,110,156,226,135,176,249,219,123,153,82,179,150,48,24,114,110,199,163,112,110,141,87,176,11,211,233,142,97,21,70,95,110,124,110,47,45,179,156,82,232,205,13,99,179,204,80,164,128,149,199,31,132,181,141,232,154,54,168,1,235,26,110,61,87,77,97,230,52,145,249,28,26,199,109,62,163,239,210,62,238,239,247,94,244,61,191
Best fitness found so far: 0.8738090492415; k: 2.0
Generation: 88; 0.8738090492415; k: 2.0; 37,9,232,96,13,137,179,204,77,204,229,176,39,110,199,31,34,110,20,234,135,176,90,35,183,159,204,179,204,129,106,33,110,78,246,56,110,141,3,176,89,123,98,15,36,147,180,138,7,191,244,87,165,178,14,176,27,45,108,143,115,37,119,232,190,13,65,179,28,77,204,55,176,39,110,199,212,132,110,141,234,135,176,90,179,228,77,189,168,27,185,7,72,159,68,176,210,237,36,243,180,69,84,138,123,211,7,110,194,87,217,95,90,31,200,134,32,162,246,4,24,32,36,110,34,163,143,89,223,227,100,200,5,139,238,117,219,181,85,144,101,51,155,129,193,77,185,159,192,177,209,5,63,26,172,18,14,207,151,166,126,110,59,83,116,199,176,172,110,126,31,68,110,141,234,135,176,90,208,201,49,82,179,204,129,176,114,46,199,205,132,110,141,163,96,11,211,233,65,162,21,2,92,110,132,110,211,24,65,166,240,14,205,98,82,179,204,77,38,21,110,42,31,132,218,141,163,176,210,2,143,146,101,46,121,207,101,18,227,106,230,131,49,200
Best fitness found so far: 0.8738090492415; k: 2.0
Generation: 89; 0.8738090492415; k: 2.0; 247,33,232,120,13,137,179,204,77,204,199,71,39,110,225,31,30,110,121,234,163,176,36,169,135,201,5,157,102,140,220,154,13,82,179,204,77,55,39,110,199,14,132,110,182,96,135,90,193,155,130,211,45,23,70,181,169,27,240,168,194,82,226,211,45,128,156,82,232,205,13,99,179,217,77,176,63,238,199,121,132,73,141,192,161,213,47,131,5,70,136,134,126,50,52,20,106,230,184,37,157,13,137,228,155,32,51,201,35
Best fitness found so far: 0.8738090492415; k: 2.0
Generation: 90; 0.8738090492415; k: 2.0; 204,119,232,156,13,82,179,204,177,204,183,36,39,110,59,151,132,110,141,234,135,135,105,82,64,204,147,199,213,132,145,82,71,61,176,90,179,204,154
Best fitness found so far: 0.8738090492415; k: 2.0
Generation: 91; 0.8738090492415; k: 2.0; 204,119,232,156,13,82,179,204,177,204,183,176,39,110,59,151,132,110,141,234,135,166,90,179,143,77,233,40,92,235,211,36,112,101,163,221,8,122,137,100,115,42,101,240,117,19,54,85,115,101,11,110,218,229,77,30,125,50,232,205,2,157,214,238,241,204,48,110,135,1,158,164,207,234,135,245,109,241
Best fitness found so far: 0.8738090492415; k: 2.0
Generation: 92; 0.8738090492415; k: 2.0; 200,9,232,222,13,137,179,204,77,204,199,176,39,110,199,16,132,110,20,234,206,176,90,35,19,176,42,179,204,200,176,114,110,205,153,82,179,250,135,99,114,77,199,31,132,82,179,44,77,204,199,176,39,45,199,31,132,110,235,234,55,176,90,114,204,37,3,100,225,242,7,110,141,68,176,42,156,36,172,167,35,133,138,148,212,108,12,194,248,31,240,77,176,4,232,204,40,14,243,32,61,98,194,141,162,176,111,122,250,75,180,51,180,2,29,120,119,201,30,151,92,128,146,101,180,120,36,217,191,192,4,179,230,141,199,176,235,110,55,31,213,77,179,204,157,204,183,176,39,110,59,151,132,106,141,234,113,183,90,61,49,124,26,45,92,235,7,61,141,208,176,137,179,204,183,204,199,71,39,110,199,31,198,31,153,180,135,176,90,106,205,65,54,26,82,82,179,150,48,101,114,110,90,242,233,38,157,183,237,177,103
Best fitness found so far: 0.8738090492415; k: 2.0
Generation: 93; 0.8738090492415; k: 2.0; 37,33,232,120,13,137,119,204,173,204,199,71,39,110,199,31,132,110,141,234,135,110,90,11,196,76,143,40,240,90,200,155,23,131,116,70,238
Best fitness found so far: 0.8738090492415; k: 2.0
Generation: 94; 0.8738090492415; k: 2.0; 37,119,232,63,13,82,179,204,77,204,199,176,27,45,199,31,132,110,141,234,128,176,78,114,204,166,3,168,100,235,7,186,142,125,176,210,173,205,59,15,35,235,94,123,212,7,7,186,141,125,176,217,2,36,59,15,35,10,138,114,212,7,1,64,87,154,240,137,52,204,29,215,13,137,179,204,77,204,199,71,39,110,199,31,132,110,141,234,135,110,74,11,192,200,179,230,149,169,2,24,70,159,101,166,200,106,13,131,80,200
Best fitness found so far: 0.8738090492415; k: 2.0
Generation: 95; 0.8738090492415; k: 2.0; 37,103,232,156,13,82,179,204,157,204,183,176,39,110,59,151,132,110,141,234,135,224,90,61,49,77,233,168,92,235,7,189,137,107,163,177,99,155,157,92,226,232,24,96,14,160,42,54,212,163,227,110,59,31,132,110,42,234,109,202,90,179,204,54,240,20,92,235,7,110,141,133,138,210,220,98,15,36,40,20,101,7,205,61,213,64,178,14,173,200,179,35
Best fitness found so far: 0.8738090492415; k: 2.0
Generation: 96; 0.8738090492415; k: 2.0; 238,149,232,156,13,82,179,204,167,204,183,176,23,110,59,151,132,110,184,97,135,224,90,183,10,77,233,168,92,212,176,132,195,223,210,23,98,110,217,113
Best fitness found so far: 0.8738090492415; k: 2.0
Generation: 97; 0.8738090492415; k: 2.0; 37,103,232,156,13,82,179,204,157,204,183,176,39,110,59,151,132,45,200,234,135,224,90,61,49,77,233,179,92,235,7,189,141,107,5,177,99,155,157,92,156,232,101,96,14,160,42,249,212,163,11,201,59,31,132,110,141,234,3,202,90,130,31,18,74,20,92,235,7,110,50,242,138,210,220,19,15,36,235,49,228,110,18,13,146,179,204,76,55,107,150,48,125,114,6,26,31,27,110,141,163,176,43,211,30,77,97,42,114,95,131,27,110,9,45,191,156,198,105,239,211,73,134,23,193,134,2,223,55,201,201,5,226,37,140,232,248,13,174,179
Best fitness found so far: 0.8738090492415; k: 2.0
Generation: 98; 0.8738090492415; k: 2.0; 204,119,232,156,13,82,249,204,177,204,183,176,39,110,59,151,132,110,141,234,135,140,90,179,143,77,233,168,92,235,211,233,144,97,91,110,8,173,74,110,211,27,196,78,211,144,101,211,73,134,23,97,181,79,223,241,2,201,190,157,92,128,146,4,126,91,160,149,21,110,211,27,196,78,150,144,101,43,66,134,23,223,181,79,223,241,2,201,74,157,92,202,146,48,126,17,160,149,21,162,231,31,150,104,141,163,170,210,231,71,110,199,116,107,110,141,32,183,210,140,104,211,175,181,122,198,31,117,98,73,218,176,132,195,223,210,23,98,86,226,69,101,96,93,81,149,134,169,163,11,185,211,106,131,101,228,169,11,168,92,143,40,240,142,200,155,23,131,116,70,238
Best fitness found so far: 0.8738090492415; k: 2.0
Generation: 99; 0.8738090492415; k: 2.0; 204,119,232,156,13,82,179,204,177,204,183,176,39,110,59,151,132,125,141,134,45,249,132,144,101,157,73,162,176,210,122,250,15,180,51,180,2,196,120,2,201,10,151,92,8,146,101,126,120,36,149,10,192,4,179,230,141,166,70,244,237,87
Best fitness found so far: 0.8738090492415; k: 2.0
Generation: 100; 0.8738090492415; k: 2.0; 225,33,232,120,13,137,179,204,77,204,199,71,39,110,225,31,30,110,121,234,135,153,36,35,205,99,181,153,82,107,129,48,163,26,6,18,110,199,31,132,110,20,234,135,232,90,35,193,62,53,179,204,129,94,33,45,78,171,132,110,141,3,176,210,99,98,15,36,221,180,77,7,205,244,87,165,137,14,173,200,179,35
Best fitness found so far: 0.8738090492415; k: 2.0
Generation: 101; 0.8738090492415; k: 2.0; 37,43,232,222,13,137,99,204,77,204,97,176,39,110,199,31,132,110,20,133,135,92,90,190,19,86,53,179,204,129,176,33,110,78,246,132,110,15,38,180,138,237,212,234,189,204,199,71,227,130,238,31,132,110,4,234,135,176,90,35,216,65,54,153,129,72,57,57,163,114,6,199,31,132,110,141,163,176,43,211,59,180,134,180,138,123,187,7,110,101,87,98,240,90,249,200,188,31,9,48,70,24,24,36,110,101,163,143,89,99,145,84,115,5,101,240,117,31,90,104,144,142,31,233,38,157,4,237,177,103,77,204,199,71,227,110,199,31,34,110,236,234,135,176,185,4,97,65,54,153,129,72,57,69,163,114,6,185,31,132,105,141,163,176,136,211,194,180,134,180,137,123,187,7,110,194,87,98,240,90,249,200,188,31,101,48,70
Best fitness found so far: 0.8738090492415; k: 2.0
Generation: 102; 0.8738090492415; k: 2.0; 37,33,232,120,13,137,179,204,77,204,199,71,39,110,199,31,132,110,141,234,135,110,74,11,76,55,216,5,149,169,2,37,178,117,212,93,227,179,204,77,58,199,176,39,110,199,31,132,245,141,237,65,176,99,232,155,105,82,64,11,138,237,66,2,39,194,87,45,30,65,192,30,20,215,70,48,134,24,32,36,112,101,163,143,245,83,137,100,115,42,101,196,117,189,54,172,3,101,11,110,56,229,135,175,128,124,232,205,2,2,181,238,241,13,48,110,135,249,132,110,45,234,135,245,223,241
Best fitness found so far: 0.8738090492415; k: 2.0
Generation: 103; 0.8738090492415; k: 2.0; 37,33,232,141,13,137,179,204,153,204,199,71,39,110,199,31,198,110,153,18,143,176,90,216,205,65,54,54,65,82,107,150,48,163,114,6,81,17,132,57,141,140,176,43,211,233,132,97,21,41,95,160,147,202,99,98,191,156,188,41,84,125,73,134,23,73,134,14,229,41,81,201,214,157,236,140,232,154,13,82,179,204,77,55,39,191,49,45,191,156,25,144,101,211,73,134,23,73,49,2,223,120,2,201,5,157,37,202,232,18,232,146,179,7,186,141,125,176,210,2,36,59,15,88,10,94,123,212,7,7,186,92,21,176,210,102,36,59,15,35,10,138,123,212,7,150,64,87,154,240,137,52,30,29,215,132,213,149,132,211,219,90,95,115,79,184,37,177,218,90,213,155,32,51,201,35,216,205,65,54,54,65,82,107,150,48,163,114,6,81,17,132,57,141,140,176,43,211,233,132,97,21,41,95,160,147,202,99,98,191,156,188,41,84,125,73,134,23,73,134,14,229,41,81,201,214,157,236,140,232,154,13,82,179,204,77,55,39,191,49,45,191,156,25,144,101,211,73,134,23,73,49,2
Best fitness found so far: 0.8738090492415; k: 2.0
Generation: 104; 0.8738090492415; k: 2.0; 37,15,232,108,41,137,179,204,77,204,125,176,39,110,199,31,198,110,20,82,179,204,176,14,114,199,176,39,110,199,42,132,145,141,234,101,176,157,179,180,154,233,192,199,179,35,157,204,77,120,69,176,39,110,216,31,132,145,141,234,210,176,90,123,204,154
Best fitness found so far: 0.8738090492415; k: 2.0
Generation: 105; 0.8738090492415; k: 2.0; 35,15,232,249,3,137,179,204,77,204,21,176,39,110,199,31,132,110,141,109,135,176,90,232,205,153,17,179,204,109,25,117,190,166,137,138,182,77,205,199,221,46,110,158,31,132,196,156,213,111,223,147,232,205,79,82,179,110,141,234,135,110,90,11,168,76,143,122,240,90,200,155,23,131,57,70,238
Best fitness found so far: 0.8738090492415; k: 2.0
Generation: 106; 0.8738090492415; k: 2.0; 35,15,232,249,3,137,179,204,77,204,21,176,39,110,199,31,132,110,141,234,135,176,90,232,205,153,136,179,204,37,25,182,190,13,137,179,199,77,205,199,176,39,110,199,31,132,29,9,213,111,26,147,232,205,105,82,179,152,7,176,114,110,129,31,117,82,199,204,208,152,156,176,39,21,199,9,132,110,141,215,135,176,90,98,168,35,44,32,31,132,110,182,69,176,210,2,36,9,207,70,243,46,36,110,101,209,127,89,163,21,1,136,5,101,103,117,219,90,37,144,101,1,6,129,119,77,30,125,74,195,205,2,157,131,204,241,176,244,92,199,169,82,24,240,112,99,129,233,106,139,228,169,200,73,192,200,100,88,51,169,70,101,197,142,101,166,199,31,132,105,17,213,59,93,26,101,140,144,101,153,173,195,23,73,66,170,199,13,208,184,176,210,2,200
Best fitness found so far: 0.8738090492415; k: 2.0
Generation: 107; 0.8738090492415; k: 2.0; 37,33,117,159,93,227,179,94,77,204,199,176,39,110,199,31,132,245,141,237,65,28,99,232,205,105,82,64,204,129,199,213,132,145,141,71,123,169,74,91,70,214,179,166,190,13,137,221,204,198,61,199,208,39,110,14,31,187,73,156,49,135,176,90,219,123,226,82,179,150,48,24,79,154,199,15,112,179,141,87,176,11,211,41,142,51,21,133,95,110,41,192,211,45,128,156,82,232,205,13,99,179,204,214,176,39,238,199,31,132,110,141,192,161,179,202,131,102,70,24,60,142,101,52,20,106,230,184,37,171,101,137,200,155,32,51,201,35
Best fitness found so far: 0.8738090492415; k: 2.0
Generation: 108; 0.8738090492415; k: 2.0; 93,33,232,120,143,137,179,204,77,204,231,246,39,110,225,31,132,110,141,188,27,45,199,31,132,110,190,234,135,176,90,114,246,132,110,15,38,180,138,237,155,234,189,194,87,45,30,65,192,30,158,215,110,48,134,24,32,36,112,101,163,143,245,83,137,100,184,42,101,240,117,19,54,172,3,101,11,110,218,229,135,30,125,50,232,205,2,157,131,238,241,176,48,110,19,1,132,110,207,234,135,74,223,241
Best fitness found so far: 0.8738090492415; k: 2.0
Generation: 109; 0.8738090492415; k: 2.0; 37,33,232,120,13,137,179,204,77,204,199,71,39,110,199,31,132,165,141,234,135,110,90,35,205,65,54,153,119,107,150,48,163,114,177,18,85,166,211,219,46,221,127,71,59,16,215,110,245,203,250,156,82,239,199,13,99,73,19,77,176,39,101,199,31,132,110,171,40,27,70,168,92,235,7,110,140,176,90,219,123,46,82,179,150,48,96,114,110,199,4,112,110,141,94,176,2,211,233,142,97,21,114,95,2,147,110,211,177,113,156,82,232,205,87,99,76,204,77,168,39,96,199,56,132,110,39,232,215,165,168,224,235,7,110,61,87,243,97,230,52,13,157,28,55,199,109,236,163,239,166,2,238,188,9,94,18,61,87,77,240,82,66,204,77,231,210,204,77,204,199,176,39,110,199,31,132,110,141,234,135,176,90,234,165,86,192,200,100,153,190,98,244,24,91,70,183,206,222,66,230,82,192,161,179,153,131,102,70,24,110,162,101,72,20,106,105,65,169,116,161,192,241,68,153,135,192,3,202,128,214,179,166,190,13,137,139,204,69,225,199,176,39,248,55,31,150,110,156,226,135,176,148,219,233,153,82,179,23,198,144,70,211,229,134,23,212,236,12,52,233,2,201,74,157,92,59,126,180,126,222,75,149,140,144,101,153,158,51,23,122,177,79,22,23,211,45,198,40,14,150,48,163,114,177,18,85,166,211,219,46,221,127,71,59,16,215,110,245,203,250,156,82,239,199,13,99,73,19,77,176,39,101,199,31,132,110,171,40,27,70,168,92,235,7,110,140,176,90,219,123,46,82,179,150,48,96,114,110,199,4,112,110,141,94,176,2,211,233,142,97,21,114,95,2,147,110,211,177,113,156,82,232,205,87,99,76,204,77,168,39,96,199,56,132,110,39,232,215,165,168,224,235,7,110,61,87,243,97,230,52,13,157,28,55,199,109,236,163,239,166,2,238,188,9,94,18,61,87,77,240,82,66,204,77,231,210,204,77,204,199,176,39,110,199,31,132,110,141,234,135,176,90,234,165,86,192,200,100,153,190,98,244,24,91,70
Best fitness found so far: 0.8738090492415; k: 2.0
Generation: 110; 0.8738090492415; k: 2.0; 204,119,232,156,13,82,243,204,177,204,27,176,103,110,59,151,132,110,132,110,141,234,135,110,7,96,141,125,176,218,2,36,59,15,179,150,48,101,114,110,199,102,233,38,191,208,237,226,242
Best fitness found so far: 0.8738090492415; k: 2.0
Generation: 111; 0.8738090492415; k: 2.0; 204,119,232,156,13,82,179,204,177,204,183,176,39,110,59,151,132,110,141,134,135,207,132,144,101,157,73,134,23,73,35,147,176,90,114,204,77,3,68,1,21,110,248,31,78,175,230,134,176,210,152,95,59,232,204,215,104,92,95,7,110,249,87,77,240,194,219,90,219,144,101,188,45,230,23,73,176,2,205,144,194,181
Best fitness found so far: 0.8738090492415; k: 2.0
Generation: 112; 0.8738090492415; k: 2.0; 37,33,232,120,19,137,179,204,77,209,199,71,39,110,181,31,132,110,141,89,135,176,90,35,205,146,54,153,172,107,150,48,163,114,38,199,31,132,110,141,78,176,43,211,80,77,235,21,114,95,131,147,110,234,45,105,156,89,144,76,211,73,134,23,73,134,2,223,182,2,201,5,157,13,140,232,154,190,82,179,179,77,67,39,110,199,177,132,64,182,96,138,26,193,115,33,211,247,114,95,110,147,178,211,45,245,156,82,232,205,13,99,179,204,77,176,39,238,199,31,28,110,141,192,205,179,47,131,163,70,24,60,142,20,112,20,106,14,145,37,100,65,137,200,155,32,117,67,35
Best fitness found so far: 0.8738090492415; k: 2.0
Generation: 113; 0.8738090492415; k: 2.0; 37,33,117,159,93,227,179,204,77,204,231,176,39,110,199,31,132,245,141,124,65,176,99,232,205,199,82,186,204,129,199,213,132,232,156,13,77,179,204,157,204,183,176,39,110,59,151,132,110,141,234,113,94,67,61,49,77,233,168,92,235,7,189,141,90,176,177,99,118,138,92,226,232,101,96,136,93,122,101,166,166,106,13,131,169,200
Best fitness found so far: 0.8738090492415; k: 2.0
Generation: 114; 0.8738090492415; k: 2.0; 247,15,232,108,223,137,179,204,77,204,101,176,99,110,199,31,198,110,86,82,173,204,177,204,183,176,39,110,59,173,76,199,176,39,110,126,150,68,110,5,234,135,176,90,162,201,49,82,179,204,215,176,114,46,199,205,132,110,229,163,96,11,211,233,77,197,21,247,92,110,132,11,211,24,65,166,240,14,205,98,82,179,204,59,176,21,110,27,198,132,218,141,163,176,210,2,143,146,101,46,121,188,101,240,101,194,82,226,150,78,29,174,207,58,103,244
Best fitness found so far: 0.8738090492415; k: 2.0
Generation: 115; 0.8738090492415; k: 2.0; 37,33,232,120,13,137,179,204,183,204,199,71,39,110,199,31,198,110,153,18,249,176,90,35,205,65,54,153,82,82,179,150,248,135,176,90,197,204,86,3,168,189,235,7,186,141,125,176,210,2,36,59,15,35,10,94,123,212,7,7,186,141,125,176,210,2,36,59,15,35,10,138,109,212,7,1,64,87,154,240,137,52,30,29,215,132,213,149,132,200,219,90,97,115,79,184,37,177,218,90,213,155,32,51,201,35
Best fitness found so far: 0.8738090492415; k: 2.0
Generation: 116; 0.8738090492415; k: 2.0; 93,33,232,120,143,137,83,204,77,204,199,71,39,110,225,31,132,110,141,188,27,45,199,31,132,99,129,1,14,207,57,162,200,114,230,131,132,43,97,21,114,3,53,147,110,211,203,128,156,82,118,92,13,99,179,204,77,126,39,51,199,31,132,110,141,99,27,70,168,92,235,7,110,209,87,105,97,189,52,110,249,28,26,199,109,112,212,186,210,2,238,37,18,94,163,61,192,77,50,17,179,204,23,52,39,94,77,204,199,176,39,9,102,31,132,117,141,234,135,176,90,35,205,86,22,26,100,153,196,169,244,24,70,95,203,206,221,180,230,73,192,161,136,169,131,102,70,24,60,142,101,206,20,106,230,39,192,200,179,192,166,42,153,194,169,125,202,70,214,179,166,190,13,137,221,231,198,61,199,176,39,110,55,31,194,114,156,49,135,176,90,219,123,226,82,179,150,48,24,79,172,218,4,112,110,141,245,176,155,98,85,86,216,1,114,95,110,167,110,150,24,29,174,207,58,103,58
Best fitness found so far: 0.8738090492415; k: 2.0
Generation: 117; 0.8738090492415; k: 2.0; 37,33,232,120,13,137,67,204,151,204,241,71,39,250,199,31,132,110,134,234,43,77,105,21,110,199,110,132,137,97,204,72,3,53,147,110,245,203,250,156,82,162,92,102,99,179,204,77,176,39,168,199,31,132,110,171,3,27,59,68,92,235,7,110,140,176,90,219,123,211,106,131,101,228,10,11,168,92,235,48,1,90,200,155,32,146,116,188,238
Best fitness found so far: 0.8738090492415; k: 2.0
Generation: 118; 0.8738090492415; k: 2.0; 37,33,117,159,93,227,179,204,77,204,199,176,39,110,199,31,132,245,141,237,65,176,99,232,205,105,82,64,11,138,237,212,2,30,194,87,45,19,65,192,30,17,215,6,48,134,20,32,36,112,101,163,143,245,83,137,100,18,42,101,196,117,189,54,172,3,101,11,110,218,229,135,175,31,132,110,134,234,135,77,97,21,90,199,24,132,137,211,45,191,78,198,144,63,196,49,16,97,73,134,2,223,120,2,129,74,157,92,128,108,101,126,120,160,135,10,192,4,2,105,141,166,171,244,237,210,48,134,20,32,36,112,101,163,143,245,83,137,100,18,42,101,196,117,189,54,172,3,101,11,110,218,229,135
Best fitness found so far: 0.8738090492415; k: 2.0
Generation: 119; 0.8738090492415; k: 2.0; 37,35,127,48,19,167,187,204,77,204,199,71,39,110,199,31,132,110,141,89,135,176,90,35,205,65,143,153,82,107,150,81,163,114,6,199,33,132,110,141,163,176,232,114,166,77,78,21,55,125,131,147,110,211,45,64,156,198,144,76,211,73,134,23,73,134,2,97,39,2,201,5,157,33,199,132,73,203,223,73,235,14,186,41,2,188,139,217,37,140,232,154,13,82,96,204,77,95,39,110,49,108,191,156,25,144,126,211,73,134,177,199,49,2,223,120,2,201,5,157,37,202,232,18,13,146,179,204,77,55,107,150,48,163,114,6,199,31,81,110,141,73,176,43,211,30,77,97,42,228,110,156,84,204,77,204,182,176,173,110,199,31,132,145,141,79,135,2,90,83,204,154
Best fitness found so far: 0.8738090492415; k: 2.0
Generation: 120; 0.8738090492415; k: 2.0; 37,33,232,120,13,137,179,204,77,204,199,71,39,250,199,31,132,110,177,234,135,77,90,61,213,165,154,14,173,144,101,211,73,134,23,73,134,2,84,120,2,201,5,229,37,140,232,154,13,85,179,204,228,55,39,110,199,14,132,110,182,96,135,90,193,115,130,211,45,23,70,241,200,27,240,101,194,32,149,150,78,29,174,207,58,103,58
Best fitness found so far: 0.8738090492415; k: 2.0
Generation: 121; 0.8738090492415; k: 2.0; 238,103,232,156,13,152,179,204,177,204,183,176,39,110,245,151,74,205,92,226,146,101,41,185,160,149,203,21,163,11,11,211,106,131,80,228,10,11,164,92,235,155,1,90,200,247,32,146,116,223,212,204,183,176,39,110,245,151,74,205,92,226,146,101,41,185,160,149,203,21
Best fitness found so far: 0.8738090492415; k: 2.0
Generation: 122; 0.8738090492415; k: 2.0; 93,33,232,120,143,92,179,204,77,204,199,71,39,110,225,31,132,110,141,188,27,99,199,31,132,110,141,234,135,176,90,114,199,188,39,110,199,31,132,145,141,243,57,176,90,179,180,154,233,73,199,5,35,157,204,176,132,195,223,13,23,98,110,217,113
Best fitness found so far: 0.8738090492415; k: 2.0
Generation: 123; 0.8738090492415; k: 2.0; 247,33,232,120,13,137,179,204,77,204,199,71,39,110,225,31,30,110,121,234,135,63,36,35,205,99,54,153,135,107,226,97,163,26,6,71,39,110,32,241,46,110,72,188,27,45,199,31,132,110,141,234,163,176,43,211,59,180,134,180,138,248,187,7,110,194,87,98,240,90,249,200,188,31,9,48,70,24,24,36,110,18,163,143,89,83,227,71,115,5,101,240,117,219,90,104,144,142,7,56,129,100,77,30,159,132,200,73,51,250,12,116,24,14,207,101,244,200,106,145,131,49,200
Best fitness found so far: 0.8738090492415; k: 2.0
Generation: 124; 0.8738090492415; k: 2.0; 37,33,232,120,13,137,67,204,151,204,199,71,39,250,199,31,132,110,134,234,43,77,105,80,110,199,35,15,137,97,21,72,3,53,147,110,245,203,250,156,82,239,92,13,99,179,204,77,176,39,115,199,31,132,110,171,3,27,70,168,94,235,7,110,140,176,90,219,123,206,193,179,150,48,144,114,110,199,4,112,110,141,94,176,136,137,233,142,97,21,114,95,2,147,197,227,177,113,156,82,232,67,87,99,39,204,77,168,39,96,199,56,173,110,10,232,215,54,168,92,235,7,248,61,87,243,247,230,22,21,249,28,26,199,109,236,163,239,85,2,238,188,9,94,244,61,87,77,240,82,179,204,77,231,210,204,77,204,199,176,39,110,199,31,132,110,141,234,135,176,90,2,199,31,132,110,20,234,135,116,90,35,19,232,42,179,204,177,17,245,110,199,246,222,110,15,38,244,212,123,202,234,189,194,87,45,30,49,192,200,176,35,1,204,77,3,187,92,235,137,110,86,68,176,168,2,106,52,180,115,180,138,111,212,81,110,5,87,137,240,221,192,200,191,215,9,190,70,200,32,36,184,101,206,77,89,83,227,100,193,164,3,240,117,219,90,136,144,51,7,110,234,135,176,90,35,205,65,243,153,82,107,150,218,193,114,6,199,31,132,236,141,163,176,43,211,30,77,97,21,114,95,131,147,198,211,245,191,156,198,144,239,211,73,134,23,73,134,2,109,55,135,9,5,157,37,140,30,154,13,82,179,204,77,55,39,110,199,14,132,100,160,96,135,90,193,56,130,211,45,23,70,232,169,27,240,168,183,82,226,211,45,40,156,82,232,182,13,99,179,236,77,176,98,238,20,31,132,110,141,192,240,213,165,131,5,70,2,134,126,50,52,20,106,230,184,37,171,13,157,228,155,100,51,201,35
Best fitness found so far: 0.8738090492415; k: 2.0
Generation: 125; 0.8738090492415; k: 2.0; 93,33,232,120,143,137,83,204,77,204,199,71,39,110,225,31,132,110,141,188,27,45,199,18,132,26,129,129,14,207,201,166,200,106,230,131,166,200
Best fitness found so far: 0.8738090492415; k: 2.0
Generation: 126; 0.8738090492415; k: 2.0; 204,119,232,156,13,82,179,204,177,204,183,176,39,110,59,151,132,110,141,234,135,140,90,179,95,118,233,168,92,66,211,233,144,97,21,110,8,173,74,110,211,153,196,78,150,114,101,211,73,134,23,73,214,79,223,241,184,201,190,157,92,128,146,4,126,120,160,149,21,110,211,27,196,78,150,102,101,43,73,134,23,223,181,79,223,34,2,211,74,157,77,93,146,48,126,120,160,149,21,110,231,31,73,104,141,163,176,210,203,128,110,86,116,156,110,141,32,136,141,163,176,38,122,30,77,192,21,114,95,131,147,110,211,45,191,156,198,144,239,57,73,134,23,73,134,2,223,55,135,30,5,247,95,63,232,129,13,147,179,204,77,55,39,102,199,14,132,59,182,96,101,211,73,134,23,199,118,2,223,120,2,249,5,137,37,202,232,18,13,146,179,222,77,55,214,68,199,144,54,110,182,96,60,90,193,115,195,211,55,23,70,24,169,27,240,101,194,24,226,141,214,29,59,4,122,103,58
Best fitness found so far: 0.8738090492415; k: 2.0
Generation: 127; 0.8738090492415; k: 2.0; 37,9,232,222,13,137,179,204,77,204,199,176,39,110,199,31,132,110,20,234,135,240,90,35,19,248,42,179,204,177,17,17,110,199,246,222,110,15,38,56,213,123,202,76,38,194,87,45,30,49,192,213,176,35,1,204,77,3,168,92,235,137,110,86,129,147,54,2,106,52,180,115,180,138,123,212,7,110,5,87,9,240,221,192,200,191,215,9,205,86,35,32,36,184,101,163,77,89,83,227,100,193,5,3,133,117,219,38,136,238,51,7,89,234,135,176,90,188,205,65,26,153,82,107,150,48,193,114,6,199,31,132,236,141,163,105,43,211,30,108,97,174,114,95,131,147,198,211,45,162,156,198,144,239,211,73,134,23,73,134,2,43,55,135,201,53,157,37,140,135,154,13,198,144,239,211,73,134,23,73,134,2,223,55,135,201,5,157,37,61,232,154,169,82,179,204,77,55,39,110,199,193,132,110,182,96,135,90,193,115,130,211,45,23,70,24,167,27,240,122,194,82,91,211,45,128,239,82,232,205,13,99,179,217,77,176,98,238,199,31,132,110,141,192,161,213,47,131,5,179,2,134,126,50,52,20,106,230,184,37,171,13,137,228,155,32,51,160,35
Best fitness found so far: 0.8738090492415; k: 2.0
Generation: 128; 0.8738090492415; k: 2.0; 37,33,232,120,13,137,179,204,183,204,199,71,39,110,199,31,198,110,153,18,135,176,90,35,205,65,54,153,82,82,179,150,48,101,36,110,10,31,233,38,157,183,159,141,234,186,110,74,11,192,200,179,230,113,169,69,24,70,187,101,166,200,106,13,131,136,211,45,198,40,14
Best fitness found so far: 0.8738090492415; k: 2.0
Generation: 129; 0.8738090492415; k: 2.0; 37,33,232,120,13,137,179,204,77,204,199,71,39,110,199,31,132,110,141,234,135,110,90,35,205,65,54,153,72,107,150,48,163,114,177,18,77,204,182,176,173,110,199,31,132,145,141,95,135,2,90,83,204,205
Best fitness found so far: 0.8738090492415; k: 2.0
Generation: 130; 0.8738090492415; k: 2.0; 37,9,232,222,13,137,179,204,77,204,199,176,39,110,199,31,132,110,20,234,135,176,90,35,19,232,42,179,204,177,17,114,110,199,246,20,110,15,38,244,138,123,212,171,189,194,87,45,30,99,222,213,176,35,1,2,211,157,131,244,241,108,48,110,135,1,132,110,207,178,135,233,223,2
Best fitness found so far: 0.8738090492415; k: 2.0
Generation: 131; 0.8738090492415; k: 2.0; 194,33,232,81,13,242,221,204,69,204,199,176,39,110,55,31,228,110,156,226,209,77,204,182,176,173,110,55,31,217,86
Best fitness found so far: 0.8738090492415; k: 2.0
Generation: 132; 0.8738090492415; k: 2.0; 93,33,232,120,143,47,179,204,77,204,199,71,39,110,225,31,132,110,141,188,27,45,199,31,132,110,141,234,135,176,90,114,199,176,39,110,209,31,132,145,141,234,200,176,29,192,4,179,179,141,166,70,244,237,87
Best fitness found so far: 0.8738090492415; k: 2.0
Generation: 133; 0.8738090492415; k: 2.0; 34,157,117,81,93,227,179,204,77,204,199,176,183,235,199,31,132,110,141,234,135,176,90,234,165,86,192,200,88,153,190,169,244,24,91,70,183,206,83,184,230,64,244,161,179,153,131,102,118,240,110,162,101,72,20,244,230,65,169,223,161,192,196,82,153,135,169,3,202,128,214,179,166,190,13,32,221,204,69,225,199,176,39,111,55,31,228,110,156,226,135,176,90,219,123,153,82,195,23,198,144,239,211,229,134,23,73,236,12,52,233,2,201,74,157,92,146,126,180,126,222,160,149,140,144,101,153,158,51,23,122,177,79,22,23,211,45,198,40,14,223,161,192,196,82,153,135,169,3,202,128,214,179,166,190,13,32,221,204,69,225,199,176,39,111,55,31,228,110,156,226,135,176,90,219
Best fitness found so far: 0.8738090492415; k: 2.0
Generation: 134; 0.8738090492415; k: 2.0; 93,33,232,168,143,137,57,204,77,204,199,71,39,110,225,31,132,110,141,176,27,45,199,31,64,37,119,232,190,13,215,179,28,77,204,199,176,39,110,199,132,132,231,141,234,135,176,90,179,204,77,189,156,92,120,7,72,159,68,176,135,67,36,138,180,69,84,138,116,211,7,82,194,87,121,95,2,40,176,72,32,162,48,132,24,32,68,110,69,177,143,151,96,14,160,141,137,236,204,126,204,199,176,39,110,55,31,132,49,156,234,135,47,35,225,31,132,110,141,176,27,45,199,31,132,37,186,232,190,13,215,179,28,98,204,199,176,39,110,199,31,146,17,141,234,135,176,90,179,204,77,189,156,92,120,167,72,159,68,176,135,31,114,110,141,173,200,179,35
Best fitness found so far: 0.8738090492415; k: 2.0
Generation: 135; 0.8738090492415; k: 2.0; 166,33,232,81,13,137,221,204,69,204,199,176,39,110,55,31,228,110,156,226,204,77,204,182,176,74,157,92,128,207,101,126,190,160,200,10,192,163,91,105,141,166,171,244,237,210
Best fitness found so far: 0.8738090492415; k: 2.0
Generation: 136; 0.8738090492415; k: 2.0; 204,119,232,156,13,82,179,204,177,204,183,176,39,110,59,151,132,110,141,234,135,140,90,179,204,77,233,168,215,235,221,233,77,97,21,110,8,173,74,110,126,27,196,78,150,144,101,211,73,134,23,73,181,79,231,241,2,201,74,157,92,128,146,48,126,120,160,149,21,110,231,31,132,104,45,163,176,210,177,71,110,199,116,90,110,141,32,183,210,140,104,211,175,181,122,198,31,132,98,39,110,225,31,187,110,66,173,200,179,35,215,235
Best fitness found so far: 0.8738090492415; k: 2.0
Generation: 137; 0.8738090492415; k: 2.0; 37,9,232,222,229,137,179,204,183,204,229,176,39,110,199,31,132,110,20,234,135,176,90,35,19,49,53,179,204,129,176,33,110,78,135,176,90,35,201,49,82,179,204,129,176,114,110,199,249,110,68,134,17,78,198,144,101,211,73,160,236,73,128,2,132,120,2,201,74,64,157,128,146,101,126,120,160,149,19,192,144,157,230,141,129,70,244,237,210
Best fitness found so far: 0.8738090492415; k: 2.0
Generation: 138; 0.8738090492415; k: 2.0; 37,9,232,222,13,137,179,204,77,204,229,176,39,100,199,31,132,110,20,234,135,176,90,35,208,49,170,83,204,129,176,33,110,78,246,132,110,15,66,99,138,123,212,234,189,194,87,41,30,37,192,224,20,215,110,48,134,24,32,36,112,101,163,143,89,83,137,100,115,42,2,240,117,19,54,85,144,114,11,110,218,185,77,30,125,50,232,205,2,157,131,238,241,110,141,103,135,245,223,77
Best fitness found so far: 0.8738090492415; k: 2.0
Generation: 139; 0.8738090492415; k: 2.0; 35,15,232,249,3,137,179,204,77,204,21,176,39,110,199,31,12,110,141,203,135,176,90,232,205,153,17,43,204,37,25,37,190,13,137,138,198,77,205,199,176,46,110,199,63,132,29,156,213,111,223,147,232,205,105,82,179,152,129,176,114,110,129,31,186,82,199,204,208,152,156,176,39,168,199,9,117,110,21,118,90,176,90,98,168,32,44,199,31,132,110,102,69,176,210,2,238,9,217,70,33,46,36,110,101,209,127,89,163,21,1,12,5,101,103,117,219,204,37,221,126,1,33,129,119,220,30,125,74,195,205,18,157,152,204,241,176,39,92,199,77,204,199,71,227,110,199,31,132,110,116,234,135,176,90,35,216,65,54,153,143,72,57,69,163,114,6,199,31,132,110,141,163,176,43,211,150,180,134,180,138,123,187,7,110,194,71,98,240,90,249,200,188,31,9,48,70
Best fitness found so far: 0.8738090492415; k: 2.0
Generation: 140; 0.8738090492415; k: 2.0; 37,103,232,156,135,82,179,204,177,204,183,176,39,110,59,151,12,145,141,234,135,21,90,179,49,77,233,232,92,235,7,189,141,107,176,210,2,74,157,92,226,146,101,96,14,160,149,134,21,163,11,11,211,106,131,101,228,10,11,168,92,204,183,59,39,110,59,31,125,110,141,234,109,202,33,179,204,72,240,20,92,235,213,110,141,224,176,210,220,98,15,35,35,180,138,7,205,110,217,113
Best fitness found so far: 0.8738090492415; k: 2.0
Generation: 141; 0.8738090492415; k: 2.0; 204,119,232,156,13,82,179,204,177,204,183,176,39,110,59,151,132,110,141,234,135,140,169,179,143,77,233,168,92,235,211,233,144,97,21,110,8,173,74,110,211,27,196,78,150,151,101,235,73,228,23,73,181,79,223,241,2,201,190,157,92,128,146,4,126,120,160,149,21,110,211,27,196,78,56,144,101,43,73,5,23,187,176,39,164,199,31,132,110,141,192,161,179,77,142,102,70,24,60,142,101,52,20,106,230,184,37,171,101,137,200,155,32,51,201,35,176,39,110,59,151,132,110,141,234,135,140,169,179,143,77,233,168,92,235,211,233,144,97,21,110,8,173,74,110,211,27,196,78,150,151,101,235,73,228,23,73,181,79
Best fitness found so far: 0.8738090492415; k: 2.0
Generation: 142; 0.8738090492415; k: 2.0; 37,33,232,120,13,137,179,204,77,204,199,71,39,250,199,31,132,110,134,143,43,90,97,21,110,199,206,132,137,12,21,114,3,53,147,110,211,203,128,240,82,118,33,13,99,179,204,77,176,39,238,113,31,132,110,141,232,27,25,168,92,101,7,110,74,199,105,97,230,52,21,249,28,26,199,109,112,163,186,122,2,238,37,18,162,163,61,87,141,50,47,179,204,77,52,39,159,77,21,199,186,39,238,199,31,132,110,141,234,32,176,205,35,71,86,22,26,27,153,196,169,244,24,70,95,199,206,200,184,230,73,192,209,122,153,131,102,70,24,60,142,101,195,20,106,230,39,169,243,179,99,166,100,153,194,169,74,91,70,214,179,166,190,13,137,221,204,208,61,199,176,39,110,55,31,228,70,156,49,135,176,90,77,24,169,27,240,101,65,155,226,93,214,29,90,249,10,77,233,168,92,2,240,11,110,59,31,132,110,143,234,109,202,90,246,204,54,240,20,92,235,141,97,135,176,130,179,204,65
Best fitness found so far: 0.8738090492415; k: 2.0
Generation: 143; 0.8738090492415; k: 2.0; 37,103,232,156,13,82,179,204,177,204,183,176,39,110,59,151,132,110,141,234,135,224,9,179,49,77,233,168,92,235,7,189,141,107,176,210,2,74,157,92,226,146,178,96,14,160,149,134,66,163,11,11,211,106,131,101,228,10,11,168,92,235,144,137,200,155,32,51,67,35
Best fitness found so far: 0.8738090492415; k: 2.0
Generation: 144; 0.8738090492415; k: 2.0; 93,33,232,120,143,137,225,204,77,204,199,71,39,110,225,31,132,110,141,176,27,45,211,31,132,110,141,234,212,102,90,209,146,108,197,234
Best fitness found so far: 0.8738090492415; k: 2.0
Generation: 145; 0.8738090492415; k: 2.0; 37,33,117,81,93,227,179,204,77,204,199,176,39,110,199,31,132,245,141,237,135,105,90,232,205,105,82,179,204,129,176,200,73,186,44,26,129,175,7,205,61,87,165,240,123,226,200,179,119,132,110,168,134,17,78,198,63,131,211,73,126,23,73,128,2,216,92,2,201,74,157,92,183,146,101,126,120,160,149,19,192,230,122,230,141,166,70,244,164,210
Best fitness found so far: 0.8738090492415; k: 2.0
Generation: 146; 0.8738090492415; k: 2.0; 238,103,232,156,13,82,179,204,177,204,183,176,39,110,59,151,132,110,27,234,135,224,90,179,10,77,233,168,92,212,163,11,110,59,31,132,110,141,234,147,202,90,179,204,54,240,150,48,163,114,6,199,31,132,110,141,163,176,43,211,59,180,134,180,138,123,187,129,110,194,87,98,240,90,249,200,188,31,9,48,70,24,24,36,110,101,163,143,89,4,227,84,115,5,101,240,117,219,90,104,77,142,7,110,129,100,77,36,159,132,200,73,117,250,12,116,24,14,207,101,244,200,106,145,131,49,200
Best fitness found so far: 0.8738090492415; k: 2.0
Generation: 147; 0.8738090492415; k: 2.0; 37,119,232,63,13,82,179,204,77,204,199,176,27,45,199,31,132,110,141,234,135,13,137,221,204,198,61,199,176,39,110,55,31,194,196,156,49,135,176,90,219,123,113,82,179,171,48,24,79,172,199,4,112,110,141,87,176,155,138,85,142,51,1,204,95,110,167,110,150,24,29,174,207,58,103,150
Best fitness found so far: 0.8738090492415; k: 2.0
Generation: 148; 0.8738090492415; k: 2.0; 37,9,232,222,13,137,45,204,77,204,199,176,39,110,199,31,156,110,20,234,65,176,90,35,19,176,42,179,204,151,176,114,110,205,153,82,179,150,48,62,114,77,199,31,132,82,179,166,77,204,199,176,39,45,199,31,132,110,235,234,55,176,90,114,204,20,3,168,225,235,15,32,162,48,70,24,32,93,110,69,177,143,89,96,14,160,141,137,221,204,126,204,199,176,39,110,55,31,132
Best fitness found so far: 0.8738090492415; k: 2.0
Generation: 149; 0.8738090492415; k: 2.0; 37,161,117,81,93,227,179,204,143,204,119,176,39,235,199,31,132,245,30,237,135,176,90,40,15,232,190,13,137,179,204,77,204,21,176,212,110,199,31,132,110,141,234,135,176,90,232,124,153,82,179,204,234,135,176,90,179,204,77,88,156,92,120,7,72,159,68,176,135,237,36,59,180,69,84,138,136,211,7,197,194,87,121,95,243,40,176,72,32,162,48,70,24,32,36,110,69,177,143,89,96,14,160,141,137,221,204,126,204,199,176,39,110,55,31,132
Best fitness found so far: 0.8738090492415; k: 2.0
Generation: 150; 0.8738090492415; k: 2.0; 37,33,232,120,13,137,179,204,77,154,199,71,39,110,199,31,132,110,141,234,24,110,74,11,93,33,83,120,143,137,179,204,77,204,199,71,39,110,225,31,132,110,141,176,27,45,199,31,132,110,141,234,135,176,90,114,204,77,3,168,1,21,110,186,31,226,175,230,134,23,210,152,95,223,232,204,215,104,92,45,7,33,249,87,77,249,40,64,23,219,144,101,188,45,230,23,73,176,2,205,144,194,181
Best fitness found so far: 0.8738090492415; k: 2.0
Generation: 151; 0.8738090492415; k: 2.0; 37,119,232,63,13,82,179,204,77,204,97,176,27,45,199,31,132,110,141,234,45,176,90,114,204,86,3,221,189,235,7,186,141,125,176,210,91,205,153,82,179,150,48,99,114,77,199,31,132,82,179,44,77,204,199,124,39,45,199,31,132,110,235,234,55,176,90,114,204,37,3,168,225,235,7,211,107,68,176,42,156,36,59,15,229,181,138,148,212,108,124,194,248,42,240,90,176,4,232,204,40,231,243,92,235,222,194,141,162,176,210,122,57,15,180,51,180,2,29,120,2,201,10,151,92,128,146,101,126,120,36,149,10,192,4,179,96,141,166,70,244,237,87
Best fitness found so far: 0.8738090492415; k: 2.0
Generation: 152; 0.8738090492415; k: 2.0; 204,119,232,156,13,82,179,204,177,204,183,176,103,110,59,151,132,215,141,234,135,140,90,179,204,77,233,168,92,235,7,233,77,97,21,110,2,74,120,58,137,179,204,77,204,199,71,39,110,225,211,132,110,154,194,135,176,87,35,205,65,54,153,114,149,150,48,163,114,6,81,31,132,57,141,163,143,245,211,233,77,97,21,41,95,131,147,110,99,216,171,156,198,144,220,100,73,134,23,73,134,14,170,120,241,112,230,23,198,144,70,211,229,134,23,73,236,2,52,233,2,201,74,157,92,174,126,180,126,222,160,149,140,144,101,153,45,230,23,122,177,79,22,23,211,45,198,40,14
Best fitness found so far: 0.8738090492415; k: 2.0
Generation: 153; 0.8738090492415; k: 2.0; 247,15,232,108,107,137,179,204,77,204,21,176,39,110,199,31,198,110,86,82,173,205,177,204,183,176,39,110,59,65,125,110,141,207,188,27,45,243,31,132,212,210,234,135,176,90,114,26,18,39,241,199,31,248,145,141,234,101,176,90,157,204,183,176,39,110,59,151,132,110,141,234,154,94,90,61,49,77,233,168,92,235,7,189,141,90,176,177,128,118,202,92,226,232,30,96,14,160,42,249,235,7,189,141,107,176,210,21,74,66,222,226,202,101,96,14,160,149,182,134,46,11,11,211,106,131,101,228,10,11,168,92,235,48,210,90,115,83,32,6,116,188,238,146,101,96,198,61,149,182,134,46,93,11,211,106,131,130,228,10,11,204,92,235,48,1,90,115,83,32,146,116,188,238
Best fitness found so far: 0.8738090492415; k: 2.0
Generation: 154; 0.8738090492415; k: 2.0; 37,53,232,120,159,137,179,204,155,204,199,71,15,110,199,31,132,110,141,234,199,176,90,35,205,127,243,153,110,205,153,82,179,150,48,99,114,77,199,31,132,82,179,44,77,204,199,223,39,45,199,45,132,110,235,234,55,176,90,114,204,37,3,168,225,235,7,110,32,68,176,42,14,36,59,15,35,135,138,148,212,7,12,194,248,42,240,90,176,4,232,204,40,14,243,92,235,222,194,141,162,176,210,167,250,15,180,226,180,2,29,120,171,201,10,151,92,128,146,101,126,120,36,149,10,192,4,179,230,141,166,70,244,237,87
Best fitness found so far: 0.8738090492415; k: 2.0
Generation: 155; 0.8738090492415; k: 2.0; 37,33,232,120,13,137,179,204,77,204,199,71,39,250,199,31,132,110,134,143,43,90,97,21,110,199,206,132,137,97,21,114,3,53,234,110,211,203,128,156,82,118,92,13,99,129,204,77,5,39,238,24,31,17,110,2,232,27,25,168,92,101,7,110,120,87,67,97,77,52,21,249,28,26,199,109,112,40,186,122,87,238,37,146,162,163,61,87,77,50,47,36,204,77,52,39,94,77,204,199,186,39,238,199,31,132,110,166,234,221,176,205,35,186,86,22,26,100,153,196,169,244,24,70,95,199,206,200,184,213,73,192,161,184,153,131,102,70,24,60,142,101,206,20,106,230,39,169,243,179,57,166,103,153,166,169,74,91,70,93,179,166,190,77,98,176,72,32,162,48,70,24,32,36,110,69,177,49,89,96,14,160,141,137,221,204,126,204,199,176,39,6,55,31,132
Best fitness found so far: 0.8738090492415; k: 2.0
Generation: 156; 0.8738090492415; k: 2.0; 225,33,232,120,87,137,179,204,77,204,199,71,39,110,225,31,30,110,121,234,135,176,36,35,205,99,54,153,82,107,129,48,163,110,141,234,109,202,33,179,204,72,240,20,92,235,213,110,141,224,176,210,220,98,15,35,35,180,138,7,205,110,217,113
Best fitness found so far: 0.8738090492415; k: 2.0
Generation: 157; 0.8738090492415; k: 2.0; 37,15,232,108,41,137,179,204,77,204,21,176,17,110,95,31,198,110,86,82,173,204,177,204,183,176,39,110,59,31,125,110,141,135,109,202,33,179,73,132,110,141,163,176,11,211,233,92,226,69,101,96,93,81,149,134,169,163,11,60,211,106,131,101,228,10,11,168,111,143,40,240,90,200,155,23,131,116,70,238
Best fitness found so far: 0.8738090492415; k: 2.0
Generation: 158; 0.8738090492415; k: 2.0; 37,33,117,81,93,227,179,94,77,204,199,176,39,235,199,31,132,245,174,237,135,176,90,159,205,105,30,179,204,59,176,33,117,81,93,227,179,204,77,204,77,225,158,110,246,31,132,245,141,237,135,176,90,232,194,105,82,179,204,129,176,200,73,177,44,26,129,196,14,110,49,31,127,134,141,157,113,176,5,179,6,154
Best fitness found so far: 0.8738090492415; k: 2.0
Generation: 159; 0.8738090492415; k: 2.0; 37,33,232,120,19,137,187,204,77,204,199,71,39,110,199,31,132,110,141,89,135,176,114,35,205,65,143,153,82,247,150,48,163,114,33,199,31,132,110,141,163,176,43,114,166,77,97,21,114,125,121,147,110,211,45,105,156,198,144,76,211,73,134,23,73,134,2,223,135,2,201,5,157,33,199,125,73,134,23,105,134,14,186,41,2,188,131,201,37,140,232,210,13,173,96,204,77,95,39,110,144,45,191,43,25,144,116,211,73,134,23,199,49,2,223,120,2,201,5,157,36,202,232,18,13,146,179,204,77,55,39,68,199,14,2,110,182,217,60,90,193,115,195,211,120,23,70,24,169,27,240,101,194,24,226,141,214,29,244,207,114,114,204,37,3,168,225,242,7,110,141,68,176,42,156,36,250,167,35,180,138,148,212,7,12,194,248,152,240,90,176,4,232,204,40,14,243,92,61,98,194,141,162,176,111,122,250,75,91,51,180,2,29,120,2,201,10,151,92,128,146,101,126,120,127,217,63,192,4,179,230,141,199,176,72,110,55,31,228,104,156,226,204,77,204,182,176,173,110,55,31,132,11,100,79,14
Best fitness found so far: 0.8738090492415; k: 2.0
Generation: 160; 0.8738090492415; k: 2.0; 144,33,232,120,13,137,179,204,183,204,199,71,39,110,199,31,198,110,153,154,135,176,90,216,205,65,54,39,110,55,31,228,110,156,226,204,77,204,182,80,173,110,199,31,155,145,141,79,135,2,90,143,204,154
Best fitness found so far: 0.8738090492415; k: 2.0
Generation: 161; 0.8738090492415; k: 2.0; 93,33,102,168,143,137,57,179,77,204,199,71,39,110,225,31,132,110,141,176,27,45,199,31,132,37,119,232,190,228,82,179,28,77,101,199,137,39,110,199,31,132,110,141,234,135,176,90,107,204,77,189,168,92,120,7,72,159,68,176,210,143,36,59,228,69,7,138,123,211,7,110,194,87,217,95,90,163,200,72,32,162,48,70,24,32,36,110,101,163,143,89,223,227,100,200,5,101,240,117,219,90,68,144,101,134,155,129,119,77,185,159,192,177,209,5,63,26,129,24,14,207,101,242,200,106,230,180,168,148,212,7,12,214,248,33,240,90,176,4,232,204,40,14,243,92,61,98,194,141,162,176,111,122,250,238,180,51,180,2,29,120,2,201,59,151,92,236,146,101,126,165,36,217,191,192,4,179,230,175,199,176,235,110,125,31,228,110,156,226,204,77,204,182,176,173,110,55,31,132,11,202,79,14
Best fitness found so far: 0.8738090492415; k: 2.0
Generation: 162; 0.8738090492415; k: 2.0; 93,33,232,168,143,137,57,204,71,204,199,71,39,110,225,31,132,110,141,176,27,45,199,31,132,37,119,232,190,13,82,179,28,212,45,199,176,39,110,199,31,132,110,141,234,135,176,90,206,204,77,189,168,92,120,7,72,159,68,176,210,237,36,59,180,69,84,138,123,211,7,110,194,87,217,95,90,40,200,72,32,162,48,70,24,32,36,110,101,163,143,89,223,227,100,200,5,101,240,117,219,90,85,144,101,134,155,129,119,77,185,159,192,177,209,5,63,26,129,24,14,207,101,166,200,106,230,131,166,200
Best fitness found so far: 0.8738090492415; k: 2.0
Generation: 163; 0.8738090492415; k: 2.0; 37,103,232,156,13,82,179,204,157,204,183,176,39,110,59,151,132,110,141,234,135,224,90,61,49,77,233,168,92,235,7,189,141,177,82,177,67,155,157,92,56,232,155,96,14,160,229,249,212,163,11,110,59,31,132,110,141,234,109,14,90,179,17,159,45,20,92,235,7,23,98,86,98,113
Best fitness found so far: 0.8738090492415; k: 2.0
Generation: 164; 0.8738090492415; k: 2.0; 37,33,232,120,13,137,179,204,183,204,199,71,39,110,199,31,122,115,153,18,135,18,90,216,205,65,54,54,153,82,107,150,48,98,114,6,24,31,132,110,134,234,145,77,62,21,65,199,197,132,43,97,157,114,3,53,147,110,211,203,128,156,82,118,92,13,99,179,204,77,126,39,238,199,31,132,110,141,232,27,70,168,92,235,7,110,209,87,105,97,189,52,229,249,28,26,199,109,112,212,63,210,2,238,37,18,94,163,61,87,77,86,17,179,204,23,52,39,94,77,204,199,176,39,203,199,31,132,117,141,234,135,176,90,35,205,86,22,26,100,153,59,182,244,24,219,95,240,206,76,180,230,73,172,161,136,169,131,102,70,121,60,142,101,206,139,106,230,39,169,200,135,192,166,42,153,194,169,125,91,70,214,179,166,190,13,137,221,204,198,61,199,176,39,110,60,31,194,145,177,49,115,176,90,100,123,226,82,179,150,48,24,79,172,199,4,112,110,141,120,176,155,211,85,142,51,1,114,95,110,167,203,150,24,29,174,207,58,224,58,61,87,77,86,17,179,204,23,52,39,94,77
Best fitness found so far: 0.8738090492415; k: 2.0
Generation: 165; 0.8738090492415; k: 2.0; 35,15,232,123,3,137,179,204,77,204,21,176,39,110,199,31,132,110,141,234,135,176,90,232,205,153,17,179,204,37,25,117,190,13,137,179,204,212,205,199,176,39,110,199,31,132,29,9,213,7,223,147,232,205,23,82,179,152,129,176,114,133,129,135,186,79,199,204,208,152,156,176,39,110,197,9,132,110,176,173,110,55,31,97,145,100,79,14,110,141,234,135,176,90,232,205,153,17,179,204,37,25,117,190,13,137,179,204,212,205,199,176,39
Best fitness found so far: 0.8738090492415; k: 2.0
Generation: 166; 0.8738090492415; k: 2.0; 93,33,232,168,143,137,57,204,77,204,199,71,39,110,225,31,132,110,141,176,27,45,199,31,83,37,119,232,190,13,215,179,28,33,204,199,176,39,110,102,31,132,116,141,234,135,176,90,179,87,77,183,134,92,120,7,72,159,68,28,135,237,36,59,180,69,152,138,116,211,7,197,194,87,121,196,90,40,176,77,32,162,48,70,24,32,36,110,208,177,71,89,96,14,160,141,137,221,204,126,204,183,176,50,148,55,72,132,110,156,234,135,47,35,225,31,132,110,141,176,27,45,199,31,81,67,225,221,204,69,204,16,176,39,110,55,31,49,110,57,226,8,77,204,182,176,122,110,55,31,132,145,100,176,156,179,182,154,233,192,199,5,132,171,204,84,204,199,219,39,55,199,31,96,122,141,234,135,176,90,100,151,154
Best fitness found so far: 0.8738090492415; k: 2.0
Generation: 167; 0.8738090492415; k: 2.0; 35,15,232,249,3,137,179,204,77,204,21,176,39,110,199,31,132,110,141,234,135,176,90,232,205,153,144,179,204,37,25,214,190,13,137,179,204,77,205,199,176,39,110,199,31,132,29,9,213,111,223,230,232,205,105,82,179,152,129,176,114,110,129,31,186,82,199,204,208,152,203,176,39,110,199,9,134,110,141,215,135,92,90,98,168,35,44,159,31,132,110,182,69,176,210,2,36,9,207,70,123,46,36,110,101,209,127,89,163,21,1,12,5,101,103,117,219,90,37,144,145,1,124,129,209,77,30,125,74,195,110,2,157,131,204,241,176,39,92,199,169,82,24,240,142,99,129,248,106,139,228,169,200,73,192,200,100,218,51,169,70,101,197,142,101,166,199,31,132,105,17,213,111,93,26,101,140,144,151,211,73,134,23,193,134,2,223,105,135,82,5,157,230,140,232,154,13,78,179,204,77,55,237,110,199,84,132,110,182,96,135,90,193,115,130,211,45,23,70,24,169,27,41,168,194,22,226,211,45,128,156,193,232,205,13,99,179,217,228,176,98,238,199,31,132,128,78,192,161,213,47,131,5,70,2,134,233,50,52,181,106,230,184,37,171,13,137,228,155,32,51,201,35,41,2,188,139,27,37,140,232,154,13,82,96,204,77,95,181,110,133,108,194,156,25,144,101,211,73,108,177,199,49,2,223,120,2,201,5,157,37,202,232,18,13,146,179,204,77,55,241,150,48,163,114,6,199,31,27,110,141,163,176,43,211,30,77,97,42,114,129,131,147,110,9,45,171,156,198,144,239,211,73,134,23,193,107,2,223,55,135,201,5,157,37,140,232,154,13,78,241
Best fitness found so far: 0.8738090492415; k: 2.0
Generation: 168; 0.8738090492415; k: 2.0; 37,33,232,120,13,137,179,204,77,204,199,71,39,110,199,31,132,110,141,234,135,110,90,35,205,65,54,153,146,107,142,97,21,114,95,110,176,110,211,45,128,156,82,232,205,13,99,179,204,77,176,39,238,199,31,28,197,141,192,161,179,47,131,102,70,24,60,142,20,112,20,106,230,184,171,24,101,137,200,155,32,51,67,35
Best fitness found so far: 0.8738090492415; k: 2.0
Generation: 169; 0.8738090492415; k: 2.0; 248,103,232,156,13,77,179,204,157,204,183,176,39,110,59,151,132,110,141,234,113,94,90,61,49,77,233,168,92,235,7,189,141,37,176,129,99,118,157,92,226,232,101,96,14,160,42,249,235,7,189,141,107,176,210,2,74,51,222,226,146,101,96,14,160,149,182,134,46,11,11,211,106,131,101,228,10,11,168,92,235,48,1,90,115,83,32,146,116,188,238,44,101,96,14,160,149,182,134,46,11,11,211,106,131,101,228,10,11,168,92,235,48,1,90,115,83,32,146,182,188,238
Best fitness found so far: 0.8738090492415; k: 2.0
Generation: 170; 0.8738090492415; k: 2.0; 37,119,142,63,13,82,179,204,77,204,199,176,27,45,199,31,132,110,137,234,135,176,78,114,204,166,3,168,189,235,7,186,141,125,176,210,173,36,59,15,244,10,94,123,212,7,7,235,141,125,176,95,2,36,101,15,32,174,138,123,212,7,1,64,87,240,240,137,188,30,29,42,156,36,59,15,98,180,138,148,212,113,12,194,248,42,240,90,211,4,232,204,40,112,243,92,19,222,135,141,162,176,10,122,250,15,180,235,180,2,50,120,2,201,10,151,92,128,146,101,126,120,36,149,37,192,4,179,230,141,166,131,244,237,87
Best fitness found so far: 0.8738090492415; k: 2.0
Generation: 171; 0.8738090492415; k: 2.0; 204,119,232,156,13,82,179,204,177,204,183,176,39,110,59,151,132,110,141,134,45,78,132,144,250,157,67,134,23,73,35,2,64,241,2,201,213,157,92,128,146,101,126,120,160,149,45,25,230,153,199,31,132,110,141,234,135,176,90,35,216,163,54,236,129,72,150,48,163,114,6,199,31,132,110,141,163,176,177,211,59,180,134,180,138,123,187,7,110,194,87,208,55,90,249,200,188,31,9,48,70,24,24,36,110,1,124,36,89,187,227,84,115,5,101,240,117,219,90,104,144,56,7,110,129,58,77,30,159,132,200,73,51,250,12,116,24,14,207,101,244,200,106,145,131,49,200
Best fitness found so far: 0.8738090492415; k: 2.0
Generation: 172; 0.8738090492415; k: 2.0; 37,9,232,222,13,137,179,204,77,204,229,176,39,110,199,31,34,110,196,78,150,144,101,211,73,134,23,73,181,181,223,241,160,201,190,157,92,128,146,4,126,120,160,193,21,52,211,27,196,78,150,144,101,43,73,134,23,149,181,79,223,241,2,201,74,144,92,202,146,48,126,120,160,149,21,110,231,31,73,104,141,221,176,210,203,71,110,199,116,90,110,141,221,183,202,37,104,211,175,181,122,198,31,132,4,196,218,176,132,195,223,210,23,98,28,217,113
Best fitness found so far: 0.8738090492415; k: 2.0
Generation: 173; 0.8738090492415; k: 2.0; 91,119,232,156,13,82,179,204,177,204,183,176,87,110,59,151,132,110,141,234,135,140,90,179,137,77,233,168,63,235,211,233,77,140,21,150,138,173,10,110,221,27,196,125,18,144,101,33,232,120,143,137,179,204,77,204,199,71,39,110,225,31,132,110,141,188,27,45,199,31,132,248,141,176,135,176,14,32,199,176,39,110,199,31,132,145,75,196,101,176,56,179,180,132,145,141,234,135,188,90,179,204,154
Best fitness found so far: 0.8738090492415; k: 2.0
Generation: 174; 0.8738090492415; k: 2.0; 37,129,232,156,13,82,179,204,157,204,183,176,39,110,59,151,132,110,141,234,135,224,90,61,49,77,138,168,92,235,39,110,15,84,132,110,141,234,109,202,90,179,204,230,240,20,92,235,7,110,104,3,176,210,220,98,15,20,35,180,138,7,205,61,87,68,178,14,173,200,179,35
Best fitness found so far: 0.8738090492415; k: 2.0
Generation: 175; 0.8738090492415; k: 2.0; 71,33,232,81,13,137,221,204,69,204,199,176,39,110,55,31,228,110,156,199,31,132,245,174,237,135,176,90,159,205,105,30,179,204,59,176,33,117,81,93,227,179,204,77,204,77,225,158,110,246,31,132,245,141,237,64,176,90,232,241,105,85,179,204,129,176,200,73,26,206,26,129,196,14,155,189,173,24,87
Best fitness found so far: 0.8738090492415; k: 2.0
Generation: 176; 0.8738090492415; k: 2.0; 37,33,232,120,13,137,179,204,77,204,199,71,39,110,225,31,132,110,141,234,135,176,90,35,205,65,54,153,82,107,150,48,163,114,6,81,31,132,57,141,58,176,101,211,233,77,97,21,41,114,131,147,110,99,45,191,139,198,144,101,100,73,134,23,66,134,14,229,120,2,201,5,157,37,140,232,80,13,82,179,204,77,55,39,110,49,45,191,156,104,144,101,211,73,134,36,73,141,107,176,177,99,155,58,92,226,232,101,96,14,237,211,249,97,163,11,110,59,31,132,110,141,234,122,202,90,45,204,249,240,20,15,235,46,132,145,141,234,33,136,90,179,204,154,58,192,199,97,35,157,204,77,204,199,124,39,110,199,31,5,139,141,234,189,176,90,179,70,154
Best fitness found so far: 0.8738090492415; k: 2.0
Generation: 177; 0.8738090492415; k: 2.0; 37,33,232,120,29,137,179,204,77,204,199,71,227,110,199,31,132,110,141,92,135,176,90,35,216,65,54,153,71,72,150,48,163,114,6,199,133,132,110,141,163,176,43,211,63,180,134,180,138,123,187,7,98,194,87,98,240,90,249,200,188,31,9,48,49,192,213,176,35,1,204,77,3,168,92,86,137,110,86,68,176,168,180,106,52,180,115,180,138,123,212,7,110,5,87,9,240,221,192,200,191,215,9,48,27,35,32,36,184,101,163,77,89,83,227,100,193,5,3,99,117,219,90,136,144,51,124,110,234,135,176,90,35,205,92,194,222,82,177,150,48,193,114,6,236,31,132,236,141,163,176,43,211,30,77,97,21,114,95,131,147,198,211,45,191,156,198,144,239,211,79,134,23,73,134,2,109,55,41,201,5,157,37,140,232,154,13,82,179,204,77,55,39,110,199,14,132,185,160,246,135,90,193,178,130,211,45,23,70,24,211,27,240,168,194,82,226,211,45,128,244,82,232,40,13,99,179,217,77,176,98,238,199,31,132,110,141,192,161,213,165,59,5,70,2,134,126,50,52,20,106,230,184,37,171,13,197,228,155,32,51,201,35
Best fitness found so far: 0.8738090492415; k: 2.0
Generation: 178; 0.8738090492415; k: 2.0; 194,33,232,81,13,242,221,204,69,204,199,176,39,110,55,31,228,110,156,226,209,250,204,182,176,173,224,176,210,144,98,15,35,35,180,198,7,205,61,87,165,178,14,173,200,132,200,242,110,250,26,112,24,14,207,101,244,200,106,145,131,49,200
Best fitness found so far: 0.8738090492415; k: 2.0
Generation: 179; 0.8738090492415; k: 2.0; 37,33,232,120,13,137,179,204,77,204,199,71,227,110,199,31,132,110,141,234,135,176,90,35,216,65,54,153,206,72,57,69,163,114,6,199,31,132,110,141,163,176,43,211,59,180,134,180,138,123,187,7,110,194,203,98,240,90,249,200,188,31,9,48,70,24,24,36,91,101,163,143,89,99,227,84,115,5,101,240,117,31,90,104,144,142,31,233,79,157,183,237,177,103,77,204,199,71,227,110,199,31,132,110,141,234,135,176,133,14,216,65,54,235,129,174,57,69,163,114,6,199,31,170,244,141,163,176,43,211,59,170,134,215,138,123,187,180,175,7,205,61,65,165,240,117,226,200,179,110,132,110,68,134,17,78,198,144,101,211,73,134,23,73,128,2,224,120,2,201,74,157,92,145,146,101,126,120,160,201,19,192,230,81,230,141,166,70,244,237,210
Best fitness found so far: 0.8738090492415; k: 2.0
Generation: 180; 0.8738090492415; k: 2.0; 93,33,232,120,143,137,179,204,77,204,199,71,39,110,225,31,132,110,141,188,156,45,199,31,132,110,141,50,135,176,90,114,199,176,39,110,199,182,132,145,141,234,101,176,90,179,180,154,142,101,166,199,31,132,105,17,213,111,93,26,101,140,144,101,56,173,195,23,73,66,170,184,13,208,184,176,210,2,65,59,211,7,107,118,87,169,240,117,90,182,45,145,207,74,96,99,3,206,183,237,113,103
Best fitness found so far: 0.8738090492415; k: 2.0
Generation: 181; 0.8738090492415; k: 2.0; 37,33,232,120,33,137,179,204,77,204,199,71,39,110,199,31,132,110,141,234,135,176,90,35,205,65,54,153,82,107,150,48,101,114,6,199,31,132,110,141,163,176,43,166,233,77,97,21,114,95,131,147,110,211,45,191,156,198,144,101,9,73,134,23,73,134,143,223,120,2,201,5,157,37,140,232,154,13,17,131,180,138,7,102,61,87,165,173,14,173,90,18,200,73,110,250,26,112,24,14,207,101,244,200,106,145,131,49,138
Best fitness found so far: 0.8738090492415; k: 2.0
Generation: 182; 0.8738090492415; k: 2.0; 35,15,232,228,3,137,179,204,77,204,21,176,39,110,199,31,132,110,141,203,135,176,90,232,205,153,17,179,204,37,188,117,190,13,137,145,178,77,205,199,176,46,110,199,31,132,29,156,213,111,61,140,232,205,105,82,179,152,232,176,114,110,129,31,17,82,199,204,208,152,156,176,39,110,199,9,81,110,141,215,135,79,90,98,107,32,44,199,31,132,110,102,112,176,210,2,238,9,217,70,33,46,36,110,101,209,127,89,163,172,1,12,5,101,103,86,219,219,178,144,101,1,191,129,119,220,30,39,74,195,205,18,157,131,204,241,176,39,92,199,169,82,24,240,105,156,198,144,76,211,83,134,23,73,134,2,62,120,4,201,5,157,33,116,232,154,215,82,179,204,77,159,39,110,199,14,152,110,182,96,138,26,14,201,33,211,181,23,70,24,169,27,52,101,194,82,226,150,78,29,153,234,135,140,90,179,95,118,233,168,92,66,211,233,55,97,21,110,8,173,74,139,207,153,196,78,150,114,101,211,73,134,23,73,214,79,223,241,184,227,190,157,92,128,146,4,126,120,160,149,21,110,211,27,196,78,150,94,101,43,73,134,23,223,181,79,223,175,2,211,74,157,77,82,146,48,126,120,160,149,137,110,231,31,73,104,141,163,176,210,203,71,110,199,116,156,110,153,32,133,141,163,176,38,211,30,77,97,21,114,95,131,147,110,158,45,191,156,198,144,239,179,231,134,23,73,134,2,223,55,135,30,5,46,37,135,232,173,13,145,179,204,77,55,39,102,199,14,132,110,182,96,135,90,2,115,130,211,45,23,91,24,169,27,240,168,194,82,226,211,45,128,156,82,232,205,147,99,179,217,77,176,98,166,199,31,132,26,85,192,161,213,47,131,5,230,2,134,126,50,52,20,106,9,184,37,171,13,137,228,155,32,184,201,62
Best fitness found so far: 0.8738090492415; k: 2.0
Generation: 183; 0.8738090492415; k: 2.0; 37,43,157,222,13,107,99,204,75,204,97,176,39,110,199,31,132,110,20,133,135,176,90,190,19,86,53,179,204,129,176,33,144,78,246,132,110,15,38,180,138,237,212,234,189,194,87,45,30,65,192,30,20,215,110,48,134,94,32,36,32,101,163,143,245,83,137,100,94,42,101,240,117,19,190,172,3,101,208,110,218,229,135,30,125,50,188,141,221,96,11,211,233,77,97,21,73,199,110,118,110,211,24,178,136,240,232,205,198,82,179,204,77,139,21,110,68,31,91,110,246,163,176,210,2,143,146,101,46,121,155,32,188,238,35,229,176,39,110,199,31,132,110,20,234,135,29,90,35,148,49
Best fitness found so far: 0.8738090492415; k: 2.0
Generation: 184; 0.8738090492415; k: 2.0; 37,33,117,81,193,227,179,204,77,204,199,176,39,110,199,31,132,245,141,237,135,176,231,232,205,105,82,179,204,129,176,200,73,26,44,116,129,196,14,203,191,156,25,144,101,211,73,140,245,199,49,2,223,120,2,201,42,157,37,202,232,18,13,146,225,204,77,55,39,68,199,14,36,110,182,96,60,90,193,115,195,211,219,23,206,24,169,27,240,101,51,24,226,141,214,29,174,207,147,103,58
Best fitness found so far: 0.8738090492415; k: 2.0
Generation: 185; 0.8738090492415; k: 2.0; 247,33,232,120,13,137,179,204,77,204,199,201,39,110,225,31,30,110,121,234,135,176,247,35,56,99,54,153,82,2,129,97,163,196,6,71,39,110,225,240,46,110,72,188,27,45,199,31,132,110,141,234,199,176,73,134,23,31,131,2,237,120,2,201,5,157,33,199,125,73,57,23,73,134,14,186,41,2,188,131,44,37,140,14,154,13,117,96,77,77,95,39,110,49,45,191,156,25,144,101,191,73,134,104,199,118,2,223,120,2,201,5,125,37,202,232,18,13,146,179,204,77,55,214,68,199,144,54,110,80,187,60,90,193,115,195,211,7,205,61,87,165,178,222,173,200,19,200,73,110,250,26,112,24,14,207,101,244,200,106,145,131,49,200
Best fitness found so far: 0.8738090492415; k: 2.0
Generation: 186; 0.8738090492415; k: 2.0; 37,217,232,120,13,217,179,204,77,204,199,71,39,250,199,31,132,110,134,234,203,77,62,21,110,199,110,132,43,89,21,184,3,108,147,110,211,203,128,156,82,118,92,13,99,179,204,77,126,39,238,199,31,132,110,141,232,27,70,168,10,235,7,110,209,87,105,97,189,52,229,249,28,89,199,109,112,212,186,210,2,238,37,18,49,56,61,87,77,50,17,179,37,9,232,147,13,137,179,204,77,204,229,176,39,110,199,85,34,110,20,234,135,176,90,35,138,159,204,65,204,129,146,33,110,222,246,56,110,141,217,176,89,123,118,15,36,147,180,227,7,172,244,87,165,178,14,176,27,45,108,174,115,37,119,199,190,118,199,179,28,233,204,55,176,39,110,199,31,132,110,141,234,135,202,90,179,228,77,167,168,92,66,7,72,159,68,176,210,141,36,243,180,69,84,138,123,211,7,110,194,87,217,95,90,31,200,72,151,162,178,70,24,32,36,110,101,163,143,89,223,227,100,5,5,101,160,117,219,181,85,144,101,51,155,129,193,21,185,159,192,177,209,219,63,26,129,18,14,91,151,166,200,106,230,131,220,200
Best fitness found so far: 0.8738090492415; k: 2.0
Generation: 187; 0.8738090492415; k: 2.0; 166,33,232,81,13,137,221,204,69,204,199,176,39,110,55,31,228,110,156,226,204,77,204,186,176,8,223,55,20,132,145,100,176,90,179,180,154,233,192,55,5,132,171,204,77,204,199,157,39,55,199,31,96,122,31,234,135,243,90,128,2,216,120,2,24,74,157,92,128,146,13,126,120,133,149,19,192,230,81,230,141,6,70,244,237,210
Best fitness found so far: 0.8738090492415; k: 2.0
Generation: 188; 0.8738090492415; k: 2.0; 234,33,232,120,13,137,179,179,57,204,199,71,39,250,199,31,132,110,134,234,43,77,97,21,110,199,110,132,137,97,21,114,3,31,147,110,211,203,128,156,82,118,92,13,99,179,204,77,176,39,113,121,92,132,232,176,232,27,164,152,92,235,7,57,140,87,105,97,230,52,21,249,28,26,177,109,112,163,186,210,83,109,37,18,94,163,61,87,77,50,22,34,204,77,135,39,89,77,204,199,176,39,238,199,31,132,110,141,234,135,27,52,35,205,86,3,26,86,153,196,101,244,24,70,95,240,206,200,184,230,73,192,161,136,153,131,102,70,24,60,187,101,206,20,106,230,12,169,200,179,45,166,100,153,194,169,74,99,70,214,179,166,190,13,137,221,204,198,61,199,176,39,110,55,31,228,110,156,49,135,176,90,219,123,205,82,179,150,48,24,79,172,220,4,112,110,141,87,176,11,211,41,142,51,21,114,95,110,147,110,211,45,128,156,82,232,205,13,38,179,204,77,176,39,31,199,31,132,110,141,192,161,179,47,131,102,70,24,60,142,101,52,20,106,230,184,37,63,204,183,176,39,110,59,151,132,110,141,234,135,224,90,179,204,77,233,168,92,235,7,234,141,167,176,210,2,36,92,231,35,115,138,7,205,90,36,15,108,35,180,175,7,205,61,87,165,240,117,226,200,179,110,132,110,120,134,17,78,198,144,101,211,73,134,23,73,128,2,53,120,2,201,74,157,92,128,146,101,95,120,55,149,19,192,230,81,230,141,166,70,244,237,210
Best fitness found so far: 0.8738090492415; k: 2.0
Generation: 189; 0.8738090492415; k: 2.0; 37,217,232,120,13,137,179,204,77,204,199,71,39,250,199,31,132,110,134,234,203,77,62,21,44,199,110,132,43,97,21,119,240,32,226,200,179,110,132,110,68,134,17,78,198,144,101,211,73,134,137,73,128,2,216,120,2,201,74,157,92,128,54,101,126,32,160,149,19,192,177,81,230,141,166,70,244,161,210
Best fitness found so far: 0.8738090492415; k: 2.0
Generation: 190; 0.8738090492415; k: 2.0; 247,15,232,108,223,137,179,204,77,204,101,176,39,110,199,31,198,110,86,82,173,204,177,204,183,176,39,110,59,83,116,5,176,39,110,126,47,68,42,141,234,135,176,91,162,201,49,82,179,204,129,152,114,46,199,205,132,110,141,163,96,11,211,233,236,97,21,247,92,110,132,110,211,24,65,166,240,14,205,98,82,179,204,77,176,21,110,42,141,163,96,194,211,233,77,173,21,247,92,110,132,110,211,24,65,166,240,147,205,98,82,179,204,77,176,21,110,42,31,132,218,141,163,152,210,2,143,146,101,46,121,207,101,18,200,106,230,131,49,200
Best fitness found so far: 0.8738090492415; k: 2.0
Generation: 191; 0.8738090492415; k: 2.0; 37,33,232,120,13,137,179,204,77,204,199,71,227,110,199,31,132,110,141,234,135,176,90,134,216,65,54,153,129,93,57,69,163,114,6,199,31,132,110,141,163,190,43,211,59,180,134,180,138,59,187,169,33,194,242,98,241,90,249,200,188,31,9,48,70,24,24,36,110,101,163,143,89,31,227,142,115,5,101,240,117,177,90,61,144,97,31,183,38,157,183,237,177,103,77,204,199,59,151,24,110,141,229,158,224,90,61,49,77,138,168,92,235,7,189,141,107,204,77,204,229,176,39,110,199,166,132,110,20,234,135,176,90,35,193,62,53,179,204,129,176,33,110,78,246,132,131,141,3,176,210,151,98,134,36,221,180,77,7,205,244,87,165,82,14,197,200,179,35
Best fitness found so far: 0.8738090492415; k: 2.0
Generation: 192; 0.8738090492415; k: 2.0; 37,33,232,120,13,137,67,204,151,204,199,71,39,250,49,31,132,110,134,234,43,77,129,21,110,110,110,132,137,97,21,114,96,53,147,110,211,203,250,156,82,118,92,13,99,179,204,77,176,39,238,199,31,132,66,141,232,27,70,168,92,235,7,110,140,176,90,77,123,206,82,179,155,31,24,114,110,199,4,112,110,52,87,155,32,51,24,246
Best fitness found so far: 0.8738090492415; k: 2.0
Generation: 193; 0.8738090492415; k: 2.0; 37,103,232,156,13,82,179,204,177,204,183,176,223,110,59,151,132,110,126,234,135,224,247,179,49,77,233,113,92,235,7,189,141,107,9,210,240,173,74,110,211,27,196,78,150,144,101,211,222,134,23,191,181,79,223,241,2,201,74,157,193,128,146,18,126,120,249,149,235,110,231,133,132,60,141,163,176,210,130,233,38,157,183,237,218,103
Best fitness found so far: 0.8738090492415; k: 2.0
Generation: 194; 0.8738090492415; k: 2.0; 37,33,232,120,13,137,179,204,183,204,199,71,39,110,199,31,198,110,153,18,135,176,90,216,205,65,54,54,153,82,107,150,48,98,114,6,24,31,132,57,141,140,79,43,211,233,77,97,21,41,95,131,69,160,99,45,211,156,198,19,140,232,141,192,161,179,47,131,102,70,24,60,142,101,52,20,106,230,184,37,171,101,137,200,155,32,51,201,35
Best fitness found so far: 0.8738090492415; k: 2.0
Generation: 195; 0.8738090492415; k: 2.0; 93,33,232,120,143,137,179,204,77,204,37,71,39,110,225,46,132,55,141,151,27,45,199,31,132,127,141,9,135,176,33,114,199,176,39,110,199,31,132,10,141,234,101,176,90,179,180,154,189,141,107,176,177,134,155,157,92,226,232,101,96,14,160,42,249,212,163,11,110,59,31,132,110,141,234,26,202,90,179,204,54,240,20,92,4,31,132,145,141,234,135,136,10,154,204,154,233,192,199,97,35,157,204,77,204,199,124,39,110,199,31,132,139,141,234,135,176,90,179,6,154
Best fitness found so far: 0.8738090492415; k: 2.0
Generation: 196; 0.8738090492415; k: 2.0; 37,11,232,234,159,202,179,204,77,204,199,71,15,110,199,31,132,110,141,234,135,176,90,35,205,65,243,189,82,107,150,48,163,114,30,199,31,132,110,141,163,176,43,211,142,172,45,21,65,95,131,147,110,211,45,191,156,198,144,239,211,73,134,23,73,134,54,223,55,135,150,5,157,37,140,232,154,67,82,179,204,77,55,39,110,199,14,132,110,182,96,135,90,33,202,130,211,45,23,70,120,104,27,240,168,194,82,226,211,45,128,156,82,232,205,13,99,179,217,77,229,98,238,199,31,132,110,141,192,161,213,176,39,235,41,31,132,197,141,237,135,176,90,159,205,105,82,179,204,59,176,200,73,132,110,156,163,176,149,211,233,92,226,58,101,96,93,81,149,134,169,163,11,185,46,106,192,101,87,10,11,168,248,143,40,240,90,200,230,23,131,78,70,238
Best fitness found so far: 0.8738090492415; k: 2.0
Generation: 197; 0.8738090492415; k: 2.0; 35,15,232,249,3,137,179,204,77,204,21,176,79,110,199,31,132,100,141,234,135,90,90,232,205,153,17,179,210,37,25,117,190,13,137,179,204,77,205,199,176,39,57,199,31,132,29,9,213,111,223,147,169,205,105,82,179,152,61,176,114,170,129,184,186,82,199,204,208,152,156,176,39,110,199,9,132,196,141,215,135,176,90,98,168,35,44,199,31,220,110,182,69,176,210,2,171,9,207,70,243,46,36,110,101,209,127,89,163,21,1,12,5,163,103,117,219,90,37,144,101,1,33,129,119,77,30,125,74,195,205,2,157,131,204,241,176,39,92,199,169,82,24,240,55,99,129,248,106,139,228,169,200,73,192,200,100,218,51,169,70,101,197,142,101,166,199,31,132,105,17,11,111,76,26,101,140,144,101,153,173,195,23,73,66,170,199,13,208,98,15,36,40,43,101,7,205,61,213,165,178,14,43,200,179,127
Best fitness found so far: 0.8738090492415; k: 2.0
Generation: 198; 0.8738090492415; k: 2.0; 37,33,232,174,161,137,179,204,183,204,199,126,39,110,199,31,198,110,153,18,135,176,55,216,205,65,54,54,153,82,107,150,48,163,114,6,81,31,220,57,141,140,176,43,211,233,77,97,21,138,95,131,55,31,228,110,156,226,204,77,204,182,176,173,110,55,31,90,145,100,30,14
Best fitness found so far: 0.8738090492415; k: 2.0
Generation: 199; 0.8738090492415; k: 2.0; 37,33,232,120,13,137,179,204,77,204,199,71,39,110,199,31,132,110,141,234,135,110,85,35,30,65,54,153,72,107,25,48,163,114,177,18,85,73,211,219,46,221,127,71,59,200,179,110,132,110,68,134,17,78,198,144,101,190,73,134,23,73,128,2,216,120,2,201,74,238,92,128,146,101,126,120,160,149,19,192,230,232,230,141,166,70,244,237,210
Best fitness found so far: 0.8738090492415; k: 2.0
Total time of execution of seed 10 : 1348499
Solution Fitness: -0.8738090492415
Variables: uniform 8 eucledian moveAverage moveNear moveNear split join split join
