Generation: 0; -0.07906691468082036; k: 3.8; 97,249,36,10,158,24,27,114,144,197
Best fitness found so far: -0.07906691468082036; k: 3.8
Generation: 1; 0.04859875260517446; k: 6.8; 97,121,184,21,9
Best fitness found so far: 0.04859875260517446; k: 6.8
Generation: 2; 0.37429659514744346; k: 3.0; 246,116,89,151,95,34,209,100,13,33,195,237,74,201,231,14,229
Best fitness found so far: 0.37429659514744346; k: 3.0
Generation: 3; 0.22656833903025167; k: 3.0; 182,97,60,233,159,10,239,109,201,35,40,206,131
Best fitness found so far: 0.37429659514744346; k: 3.0
Generation: 4; 0.4840885427261531; k: 2.0; 185,48,106,84,149,129,249,111,119,127,1,60,241,113,13,97,242
Best fitness found so far: 0.4840885427261531; k: 2.0
Generation: 5; 0.5295815334412997; k: 2.0; 17,136,137,125,35,119,127,119,247,70
Best fitness found so far: 0.5295815334412997; k: 2.0
Generation: 6; 0.5115034213160817; k: 2.0; 130,229,194,119,195,96,227,204,9,249,237,115,8
Best fitness found so far: 0.5295815334412997; k: 2.0
Generation: 7; 0.4061188184545088; k: 3.0; 100,211,152,167,133,199,151,33,195,65,74,201,130,133,199,17,172,11,149,245,172
Best fitness found so far: 0.5295815334412997; k: 2.0
Generation: 8; 0.4706714232259793; k: 2.0; 195,204,9,44,17,19,137,106,49,138,247,225,96,227,204,9,249,138,247
Best fitness found so far: 0.5295815334412997; k: 2.0
Generation: 9; 0.4796247372337364; k: 2.0; 246,116,89,197,21,34,209,100,13,188,195,80,137,106,49,138,247,225,96,227,133,9,249,138,247
Best fitness found so far: 0.5295815334412997; k: 2.0
Generation: 10; 0.584613634479291; k: 2.0; 130,229,194,68,195,96,227,249,197,161,67,149,217,220,119,127,157,213,155
Best fitness found so far: 0.584613634479291; k: 2.0
Generation: 11; 0.5603008175437837; k: 2.0; 185,48,106,84,149,129,249,111,119,127,1,60,241,113,96,225,19,137,71,35,169,109,115,8
Best fitness found so far: 0.584613634479291; k: 2.0
Generation: 12; 0.535399282484153; k: 2.1; 31,68,135,85,149,96,95,34,209,225,13,33,2,44,53,235,149,129,47,220,119,127,119,98,155
Best fitness found so far: 0.584613634479291; k: 2.0
Generation: 13; 0.5603008175437837; k: 2.0; 185,48,106,84,149,129,249,111,119,127,1,60,241,113,96,225,7,137,71,119,195,208,89,197,95,34,209,100,78,33,195,103,74,201,231,14,229
Best fitness found so far: 0.584613634479291; k: 2.0
Generation: 14; 0.6445846131795089; k: 2.0; 246,188,195,80,137,106,49,138,247,225,96,227,133,9,249,138,247
Best fitness found so far: 0.6445846131795089; k: 2.0
Generation: 15; 0.6445846131795089; k: 2.0; 246,188,195,80,137,106,49,138,247,225,96,227,133,9,220,106,34,149,202,152,111,104,127,9,44,155
Best fitness found so far: 0.6445846131795089; k: 2.0
Generation: 16; 0.5912942889348272; k: 2.0; 195,204,148,44,17,19,137,106,49,138,247,225,89,145,31,96,175,34,209,225,13,33,2,44,106,135,149,202,152,111,119,127,132,60,40,206,131
Best fitness found so far: 0.6445846131795089; k: 2.0
Generation: 17; 0.6445846131795089; k: 2.0; 246,188,195,80,137,106,49,138,247,225,96,227,133,230,71,33,2,44,106,176,149,129,18,111,119,96,132,60,40,206,131
Best fitness found so far: 0.6445846131795089; k: 2.0
Generation: 18; 0.6445846131795089; k: 2.0; 246,188,195,80,137,106,65,138,247,225,96,227,133,230,71,33,2,93,106,190,149,129,18,111,155,130,229,194,119,195,96,246,17,24,137,155,35,53,184,45,247,13,81,109,246,17,14,181,119,195,119,143,185
Best fitness found so far: 0.6445846131795089; k: 2.0
Generation: 19; 0.6445846131795089; k: 2.0; 246,188,195,80,137,106,49,138,247,225,96,227,133,9,204,127,44,17,129,137,106,49,138,249,138,247
Best fitness found so far: 0.6445846131795089; k: 2.0
Generation: 20; 0.6445846131795089; k: 2.0; 246,188,195,14,137,106,65,138,247,225,96,227,216,242,71,33,14,86,106,190,54,129,18,111,155,130,229,194,119,195,96,246,147,108,137,155,35,53,184,45,247,13,81,109,246,17,154,194,119,21,155
Best fitness found so far: 0.6445846131795089; k: 2.0
Generation: 21; 0.6445846131795089; k: 2.0; 246,188,195,80,137,106,49,138,247,225,96,227,133,9,220,106,163,149,92,152,111,190,127,68,195,96,123,249,197,161,67,149,32,80,137,106,153,138,247,225,96,227,133,9,220,106,116,149,92,152,111,60,127,68,243,96,227,249,197,161,67,149,32,220,119,127,157,213,155
Best fitness found so far: 0.6445846131795089; k: 2.0
Generation: 22; 0.6445846131795089; k: 2.0; 246,188,70,80,137,106,49,138,247,225,96,227,133,9,1,127,121,17,129,137,106,111,37,127,198,44,225,96,34,221,221,67,142,16,70
Best fitness found so far: 0.6445846131795089; k: 2.0
Generation: 23; 0.6445846131795089; k: 2.0; 246,188,195,80,137,106,65,138,247,225,96,227,133,230,71,33,71,33,245,44,149,185,195,135,65,225,31,66,176,8,34,209,225,13,110,184,73,53,79,149,129,47,229,1,72,119,233,225,221,34,54,163,119,127,56,57,70
Best fitness found so far: 0.6445846131795089; k: 2.0
Generation: 24; 0.6445846131795089; k: 2.0; 246,188,195,80,137,106,49,138,247,225,96,227,133,9,220,106,34,237,199,152,111,104,127,9,135,43,149,96,95,34,209,225,13,33,2,44,106,66,149,56,249,111,164,127,17,19,46,35,64,138,247,225,220,34,92,44,227,131
Best fitness found so far: 0.6445846131795089; k: 2.0
Generation: 25; 0.6445846131795089; k: 2.0; 246,36,195,80,137,106,65,138,209,225,96,227,133,230,71,33,71,33,245,44,149,185,195,135,65,225,31,66,176,8,34,209,225,13,110,184,73,53,79,149,129,47,229,1,72,119,233,225,221,34,54,163,119,127,56,57,70
Best fitness found so far: 0.6445846131795089; k: 2.0
Generation: 26; 0.6445846131795089; k: 2.0; 246,110,195,80,137,106,49,138,247,225,96,227,133,9,10,127,44,17,129,137,106,49,138,249,138,13,81,96,132,60,119,229,119,145,233
Best fitness found so far: 0.6445846131795089; k: 2.0
Generation: 27; 0.6445846131795089; k: 2.0; 74,188,195,80,137,121,49,138,247,225,96,227,133,177,66,134,34,149,202,152,111,25,127,9,44,151,132,213,32,172,242,23,213,195,237,89,145,31,246,109,104,127,9,166,43,149,96,95,34,209,225,13,33,2,44,47,66,149,56,249,111,119,127,17,19,46,106,64,138,247,225,220,34,92,44,106,135,13,202,152,119,42,62
Best fitness found so far: 0.6445846131795089; k: 2.0
Generation: 28; 0.6445846131795089; k: 2.0; 28,188,195,80,137,106,65,138,247,225,96,227,216,62,96,34,221,221,67,142,16,122,80,137,106,65,138,247
Best fitness found so far: 0.6445846131795089; k: 2.0
Generation: 29; 0.6445846131795089; k: 2.0; 246,188,195,14,137,106,143,138,247,225,96,227,216,242,71,33,14,86,106,190,54,129,18,248,155,130,229,194,119,195,96,246,147,76,137,155,35,230,71,33,245,152,9,185,195,135,65,164,195,14,137,106,65,138,70,225,84,227,216,242,28,33,14,54,85,119,138,13,247,70
Best fitness found so far: 0.6445846131795089; k: 2.0
Generation: 30; 0.6445846131795089; k: 2.0; 246,188,195,212,137,106,49,138,247,225,96,227,243,230,71,33,2,44,106,176,138,247,225,74,227,216,242,71,207,38,119,133,52,246,213,216,210,155,35,15,184,222,14,39,81,41,248,17,114,194,62,21,149,195,119,143,116
Best fitness found so far: 0.6445846131795089; k: 2.0
Generation: 31; 0.6445846131795089; k: 2.0; 246,188,195,80,241,106,49,138,193,225,96,227,133,70,80,137,106,49,138,61,225,96,227,133,9,169,247,225,14,44,133,9,220,106,34,149,199,152,111,190,189,189,195,44,227,217,197,161,81,149,208,7,115,175,79,229,18,247,68
Best fitness found so far: 0.6445846131795089; k: 2.0
Generation: 32; 0.6445846131795089; k: 2.0; 246,188,195,80,137,106,49,138,247,225,96,227,133,9,220,106,34,149,92,152,111,190,127,68,195,96,227,249,197,161,67,149,32,237,199,8,111,18,127,9,135,43,149,96,95,34,209,55,13,33,182,44,106,66,149,56,249,111,119,127,114,47,46,53,64,97,178,142,220,34,92,44,106,135,82,202,152,119,42,62
Best fitness found so far: 0.6445846131795089; k: 2.0
Generation: 33; 0.6445846131795089; k: 2.0; 74,188,195,188,137,121,49,138,247,225,96,232,133,9,166,201,34,149,88,152,111,37,127,216,242,71,33,14,86,106,190,54,129,18,111,155,130,229,194,119,195,96,246,83,108,137,155,35,53,184,45,247,13,81,109,246,17,154,194,119,21,155
Best fitness found so far: 0.6445846131795089; k: 2.0
Generation: 34; 0.6445846131795089; k: 2.0; 74,188,195,80,137,121,49,138,247,225,78,227,232,9,222,201,34,149,202,152,164,37,127,9,44,166,96,90,96,227,244,223,249,138,247
Best fitness found so far: 0.6445846131795089; k: 2.0
Generation: 35; 0.6445846131795089; k: 2.0; 246,186,195,14,137,106,65,138,247,225,84,227,54,119,119,127,178,247,70
Best fitness found so far: 0.6445846131795089; k: 2.0
Generation: 36; 0.6445846131795089; k: 2.0; 43,106,195,191,137,106,133,138,247,225,96,227,133,230,249,33,229,44,17,154,247,225,17,227,133,230,71,33,188,152,76,185,195,135,65,225,31,147,191,8,34,209,225,52,43,184,26,53,235,22,129,248,229,119,205,119,149,129,206,191,95,34,209,225,13,208,50,44,89,182,89,77,35,73,229,44
Best fitness found so far: 0.6445846131795089; k: 2.0
Generation: 37; 0.6445846131795089; k: 2.0; 246,188,195,14,137,106,65,138,247,225,96,227,216,242,71,33,14,86,106,193,54,158,132,33,2,150,106,46,54,56,249,111,119,89,132,60,239,206,131
Best fitness found so far: 0.6445846131795089; k: 2.0
Generation: 38; 0.6445846131795089; k: 2.0; 217,104,195,227,137,106,49,138,247,225,96,227,177,172,213,35,53,223,222,127,39,81,109,21,17,154,194,119,21,149,96,115,34,209,225,13,43,50,44,150,49,138,247,225,96,227,133,230,148,33,245,49,149,185,158,135,65,153,31,66,67,8,34,209,225,52,110,143,19,53,235,149,129,6,229,119,205,119,149,129,18,111,206,47,202,221,119,1,142,247,70,247,225,96,227,177,172,213,35,53,223,222,127,39,81,109,21,17,154
Best fitness found so far: 0.6445846131795089; k: 2.0
Generation: 39; 0.6445846131795089; k: 2.0; 217,188,195,200,137,106,49,138,247,225,96,227,4,172,196,35,53,223,227,127,39,81,109,21,176,154,194,189,177,149,96,195,96,246,17,24,137,155,35,53,184,45,247,13,81,35,246,17,14,181,140,195,119,247,185
Best fitness found so far: 0.6445846131795089; k: 2.0
Generation: 40; 0.6445846131795089; k: 2.0; 143,188,195,191,7,106,49,138,247,225,96,227,133,106,92,138,106,150,149,56,249,111,151,17,19,137,106,49,138,249,138,70
Best fitness found so far: 0.6445846131795089; k: 2.0
Generation: 41; 0.6445846131795089; k: 2.0; 246,186,195,14,137,106,65,138,247,225,84,227,216,242,126,207,14,119,133,52,246,51,216,13,129,249,111,119,127,1,80,241,113,134,177,206,137,71,35,38,109,139,8
Best fitness found so far: 0.6445846131795089; k: 2.0
Generation: 42; 0.6445846131795089; k: 2.0; 246,188,195,80,23,106,49,138,247,225,96,227,133,9,220,106,34,149,92,152,111,190,127,68,195,96,227,249,197,161,133,177,66,201,34,149,202,152,111,37,127,9,44,151,96,95,34,84,137,74,4,138,247,225,96,227,133,9,204,72,95,17,129,137,106,49,138,249,138,247
Best fitness found so far: 0.6445846131795089; k: 2.0
Generation: 43; 0.6445846131795089; k: 2.0; 246,188,195,80,137,106,65,138,247,225,96,227,133,131,139,213,33,45,250,106,150,149,56,249,111,137,17,19,137,106,49,138,45,2,17,129,137,106,49,109,246,17,14,7,235,195,119,211,185
Best fitness found so far: 0.6445846131795089; k: 2.0
Generation: 44; 0.6445846131795089; k: 2.0; 8,188,195,191,137,106,93,138,247,225,96,227,133,230,71,33,229,44,106,24,247,225,96,227,133,230,71,33,188,152,51,185,146,135,65,225,31,147,191,8,207,209,225,52,110,184,26,53,235,149,226,47,235,119,205,119,149,129,18,93,206,14,229,1,234,195,96,246,97,44,137,203,35,73,184,222,186,39,94,102,246,17,119,194,119,21,149,96,131,184,222,186,39,116,109,246,249,237,115,8
Best fitness found so far: 0.6445846131795089; k: 2.0
Generation: 45; 0.6445846131795089; k: 2.0; 143,188,195,191,137,106,49,138,247,225,96,227,133,106,92,138,96,227,133,144,66,37,71,33,245,44,149,1,60,56,113,35,121,105,137,218,119,195,208,106,197,245,34,229,100,193,33,94,70
Best fitness found so far: 0.6445846131795089; k: 2.0
Generation: 46; 0.6445846131795089; k: 2.0; 246,188,195,227,137,106,49,138,247,225,96,227,177,172,139,113,137,106,49,138,247,225,96,227,133,9,204,127,44,17,129,137,106,49,138,249,138,247
Best fitness found so far: 0.6445846131795089; k: 2.0
Generation: 47; 0.6445846131795089; k: 2.0; 246,188,195,80,137,106,49,138,247,225,96,62,133,118,71,33,35,152,149,185,195,135,65,164,195,14,68,106,65,138,70,225,84,227,80,137,106,49,102,247,225,96,223,133,9,249,138,247
Best fitness found so far: 0.6445846131795089; k: 2.0
Generation: 48; 0.6445846131795089; k: 2.0; 246,188,195,212,137,106,49,138,247,225,96,227,133,230,71,33,2,44,106,176,138,247,225,74,227,216,242,71,207,38,119,133,230,125,45,2,44,106,24,149,129,18,88,119,96,132,37,67,70,48,106,84,149,129,206,111,119,127,1,234,241,113,57,225,37,202,71,35,35,117,127,119,150,160
Best fitness found so far: 0.6445846131795089; k: 2.0
Generation: 49; 0.6445846131795089; k: 2.0; 246,188,195,80,137,106,65,138,247,225,96,227,133,230,71,33,31,33,245,44,149,185,195,48,106,84,149,129,249,111,119,127,1,80,241,113,96,225,206,137,71,35,169,109,115,8
Best fitness found so far: 0.6445846131795089; k: 2.0
Generation: 50; 0.6445846131795089; k: 2.0; 217,188,195,227,137,106,49,138,247,225,96,227,177,172,15,35,53,223,222,127,113,57,109,83,17,154,194,198,21,248,151,115,34,209,225,9,222,130,113,57,109,83,17,154,194,198,21,149,5,115,34,209,219,9,231,138,231
Best fitness found so far: 0.6445846131795089; k: 2.0
Generation: 51; 0.6445846131795089; k: 2.0; 246,188,195,191,217,106,49,138,247,225,34,227,93,230,71,33,2,44,27,96,216,242,150,33,2,158,140,37,53,204,135,111,206,130,210,143,119,1,96,246,9,216,40,170,35,47,184,222,186,39,81,109,21,17,154,194,169,21,226,96,95,34,209,225,13,208,50,44,243,182,89,77,227,131
Best fitness found so far: 0.6445846131795089; k: 2.0
Generation: 52; 0.6445846131795089; k: 2.0; 246,188,195,80,137,106,49,138,247,225,96,227,230,71,31,2,44,227,216,155,190,225,37,69,71,171,35,62
Best fitness found so far: 0.6445846131795089; k: 2.0
Generation: 53; 0.6445846131795089; k: 2.0; 246,188,70,80,137,106,49,138,247,225,96,227,133,9,1,127,121,17,129,60,241,113,57,225,37,137,71,35,35,119,127,119,150,160
Best fitness found so far: 0.6445846131795089; k: 2.0
Generation: 54; 0.6445846131795089; k: 2.0; 74,188,195,80,31,121,49,138,247,225,96,227,224,238,66,201,34,149,202,49,138,9,225,159,227,133,9,220,106,34,149,202,152,111,104,127,9,53,14,86
Best fitness found so far: 0.6445846131795089; k: 2.0
Generation: 55; 0.6445846131795089; k: 2.0; 246,188,195,80,137,106,49,138,247,225,96,227,115,9,10,127,44,20,80,61,42,49,138,247,225,96,136,133,9,220,44,34,149,6,91,17,28,194,119,21,157,2,137,143,49,38,224,139,96,227,133,9,204,127,44,17,129,246,106,70,138,249,138,247
Best fitness found so far: 0.6445846131795089; k: 2.0
Generation: 56; 0.6445846131795089; k: 2.0; 246,188,195,80,137,106,49,138,247,225,96,227,133,9,204,45,44,17,129,137,106,49,109,246,17,14,181,176,149,183,249,41,203,127,132,60,171,227,19,137,106,49,223,247,225,96,34,54,119,119,127,178,247,136
Best fitness found so far: 0.6445846131795089; k: 2.0
Generation: 57; 0.6445846131795089; k: 2.0; 74,188,195,80,31,121,49,138,7,225,96,227,63,34,149,202,188,195,80,61,106,49,138,247,225,96,136,133,9,220,44,105,149,6,91,17,28,9,119,29,155,2,137,106,49,138,224,225,96,227,133,9,204,127,224,154,129,137,106,70,138,249,138,247
Best fitness found so far: 0.6445846131795089; k: 2.0
Generation: 58; 0.6445846131795089; k: 2.0; 246,188,195,14,137,106,65,138,213,225,96,227,216,242,71,53,14,86,244,236,54,124,18,195,155,130,178,194,119,195,96,25,147,191,127,1,60,241,113,198,194,198,21,149,5,115,34,209,225,9,231,138,247
Best fitness found so far: 0.6445846131795089; k: 2.0
Generation: 59; 0.6445846131795089; k: 2.0; 74,158,195,80,31,121,49,138,247,225,96,227,33,195,44,234,155,31,49,138,247,225,156,227,133,9,222,201,34,149,69,152,164,37,127,9,44,225,77,90,14,86,50,193,54,129,119
Best fitness found so far: 0.6445846131795089; k: 2.0
Generation: 60; 0.6445846131795089; k: 2.0; 246,188,70,80,137,106,49,138,117,225,96,227,137,9,1,127,121,17,129,137,106,243,37,127,198,44,225,238,34,221,198,67,142,34,54,119,206,127,178,247,70
Best fitness found so far: 0.6445846131795089; k: 2.0
Generation: 61; 0.6445846131795089; k: 2.0; 246,188,195,14,137,106,65,138,247,225,242,227,216,242,71,33,14,165,225,96,227,216,242,71,33,14,86,248,193,54,129,119
Best fitness found so far: 0.6445846131795089; k: 2.0
Generation: 62; 0.6445846131795089; k: 2.0; 246,188,195,80,137,106,65,138,247,225,96,227,167,157,71,33,2,86,106,190,149,85,18,168,155,130,229,194,137,113,81,127,9,95,43,149,96,220,241,209,225,96,33,154,44,106,66,149,56,249,111,119,127,196,19,46,53,64,97,247,225,124,34,92,44,106,92,152,111,190,3,189,136,96,227,82,197,122,81,149,208,65,188,246,241,243,18,67,70
Best fitness found so far: 0.6445846131795089; k: 2.0
Generation: 63; 0.6445846131795089; k: 2.0; 246,188,195,80,137,106,49,138,247,225,94,227,133,9,220,241,34,149,202,155,220,106,34,105,220,152,111,104,127,9,44,155
Best fitness found so far: 0.6445846131795089; k: 2.0
Generation: 64; 0.6445846131795089; k: 2.0; 246,188,195,80,137,106,49,138,247,225,96,227,133,9,220,106,34,237,199,152,111,106,49,138,247,225,96,227,133,9,220,106,34,149,92,152,111,190,157,68,195,96,227,249,197,138,67,149,208,89,197,246,34,229,100,243,33,195,201
Best fitness found so far: 0.6445846131795089; k: 2.0
Generation: 65; 0.6445846131795089; k: 2.0; 246,188,195,80,137,106,49,138,247,225,96,227,133,9,204,45,17,129,137,199,49,138,249,138,247
Best fitness found so far: 0.6445846131795089; k: 2.0
Generation: 66; 0.6445846131795089; k: 2.0; 246,188,195,80,137,106,65,138,247,225,96,212,188,195,191,137,106,49,138,247,195,96,227,204,9,249,237,115,8
Best fitness found so far: 0.6445846131795089; k: 2.0
Generation: 67; 0.6445846131795089; k: 2.0; 74,188,195,80,137,121,49,138,247,225,96,227,37,137,71,35,35,119,96,227,133,177,31,134,34,149,197,152,111,37,80,9,44,142,132,213,32,84,242,23,188,195,42,89,145,31,246,109,115,206
Best fitness found so far: 0.6445846131795089; k: 2.0
Generation: 68; 0.6445846131795089; k: 2.0; 74,188,195,80,137,121,197,153,247,225,96,227,133,195,66,201,50,149,202,152,111,37,235,9,195,80,137,106,242,39,208,225,96,57,216,242,150,33,2,81,106,37,149,129,135,111,206,130,210,143,119,1,96,246,9,216,124,155,35,53,184,222,186,39,81,109,21,2,154,74,188,195,188,137,121,49,138,247,225,112,93,133,9,141,65,34,149,88,152,111,37,127,9,44,225,96,34,221,119,119,229,119,213,190
Best fitness found so far: 0.6445846131795089; k: 2.0
Generation: 69; 0.6445846131795089; k: 2.0; 30,188,195,80,137,121,49,138,247,225,156,227,137,106,93,135,247,225,96,227,133,230,71,33,229,44,106,24,247,148,96,227,133,230,71,33,188,152,51,185,195,69,65,225,31,147,191,8,34,209,225,52,110,184,26,53,235,149,117,47,229,3,205,119,149,129,126,93,206,130,229,1,234,172,96,246,97,44,137,155,35,73,184,222,186,39,94,109,246,17,119,194,119,21,149,96,131,184,222,186,38,94,109,246,238,119,194,119,21
Best fitness found so far: 0.6445846131795089; k: 2.0
Generation: 70; 0.6445846131795089; k: 2.0; 74,188,195,80,137,121,49,138,247,225,156,227,35,9,222,201,34,149,202,152,37,37,233,9,44,225,96,90,14,247,140,230,227,133,177,138,201,34,149,202,152,111,37,127,9,44,151,96,166,34,80,137,74,155
Best fitness found so far: 0.6445846131795089; k: 2.0
Generation: 71; 0.6445846131795089; k: 2.0; 246,188,195,80,137,106,49,138,247,225,96,227,16,230,71,33,245,44,149,185,195,246,188,195,80,45,106,49,138,247,225,96,227,110,2,149,13,155
Best fitness found so far: 0.6445846131795089; k: 2.0
Generation: 72; 0.6445846131795089; k: 2.0; 246,188,195,80,137,106,65,138,247,225,96,227,216,242,71,33,2,72,106,63,149,129,18,111,206,130,229,143,54,51,99,127,13,247,47
Best fitness found so far: 0.6445846131795089; k: 2.0
Generation: 73; 0.6445846131795089; k: 2.0; 8,188,195,191,137,106,49,138,247,225,142,227,11,230,71,33,2,44,106,24,247,225,96,31,133,230,71,33,188,152,51,185,195,135,65,225,29,147,191,155,34,209,225,52,110,192,61,53,120,149,129,47,229,119,250,119,149,129,18,93,206,130,229,1,234,195,96,246,97,44,137,186,35,73,184,222,186,39,94,109,246,52,104,194,119,112,149,96,95,172,209,225,13,208,50,132,89,182,89,77,54,56,79,111,119,127,132,60,239,242,131,106,49,138,247,225,142,227,11,230,71,33,2,44,106,24,247,225,96
Best fitness found so far: 0.6445846131795089; k: 2.0
Generation: 74; 0.6445846131795089; k: 2.0; 59,188,195,80,137,106,219,138,247,225,96,227,78,242,71,33,225,96,227,133,106,226,138,5,227,133,177,66,37,34,149,202,146,60,37,127,9,44,151,55,104,34,80,137,74,155
Best fitness found so far: 0.6445846131795089; k: 2.0
Generation: 75; 0.6445846131795089; k: 2.0; 246,188,195,191,137,106,49,138,247,225,96,227,133,230,229,33,2,44,106,24,103,246,188,195,80,137,171,49,138,247,225,96,227,133,230,71,33,245,44,149,185,195,135,65,225,31,66,119,8,34,209,225,13,110,103,44,53,235,149,129,36,229,119,72,119,233,225,221,34,54,163,119,127,18,247,70
Best fitness found so far: 0.6445846131795089; k: 2.0
Generation: 76; 0.6445846131795089; k: 2.0; 143,188,195,191,137,106,49,138,247,225,96,227,133,106,92,138,96,227,133,177,66,37,34,149,247,225,96,224,133,237,231,138,247
Best fitness found so far: 0.6445846131795089; k: 2.0
Generation: 77; 0.6445846131795089; k: 2.0; 246,186,195,14,137,106,27,138,249,225,84,227,216,242,71,33,14,54,85,119,127,13,247,213,227,133,150,71,33,111,138,247
Best fitness found so far: 0.6445846131795089; k: 2.0
Generation: 78; 0.6445846131795089; k: 2.0; 246,188,195,80,137,106,65,138,247,225,96,227,133,230,91,213,6,2,250,106,150,149,56,249,111,137,112,9,195,106,80,137,106,151,138,31,225,96,208,89,197,245,34,229,100,193,33,169,70
Best fitness found so far: 0.6445846131795089; k: 2.0
Generation: 79; 0.6445846131795089; k: 2.0; 246,188,195,80,137,106,157,138,201,225,96,227,133,167,220,106,199,149,92,152,111,190,127,68,195,96,227,249,138,247,60,96,227,167,157,71,33,2,86,106,190,149,85,18,111,155,130,229,194,8,113,104,127,9,133,43,31,29,95,34,209,225,13,33,182,44,106,66,149,190,249,111,119,127,114,19,46,53,64,97,247,225,124,34,92,44,106,135,82,94,152,119,42,62
Best fitness found so far: 0.6445846131795089; k: 2.0
Generation: 80; 0.6445846131795089; k: 2.0; 74,188,195,80,137,121,49,138,247,140,96,227,133,177,66,201,34,149,202,220,111,37,127,195,227,137,106,49,138,247,225,96,227,177,172,196,32,53,223,222,153,113,12,109,83,17,209,194,198,21,149,5,115,34,209,225,9,231,138,247
Best fitness found so far: 0.6445846131795089; k: 2.0
Generation: 81; 0.6445846131795089; k: 2.0; 74,188,195,59,137,121,49,138,247,225,96,227,133,9,66,201,34,149,202,152,111,37,2,158,106,183,233,225,221,63,54,234,24,127,189,247,70
Best fitness found so far: 0.6445846131795089; k: 2.0
Generation: 82; 0.6445846131795089; k: 2.0; 246,188,195,191,137,106,49,138,247,225,96,227,133,230,71,33,244,44,106,27,195,80,137,106,65,138,247,225,96,227,133,230,71,33,111,138,247
Best fitness found so far: 0.6445846131795089; k: 2.0
Generation: 83; 0.6445846131795089; k: 2.0; 246,188,195,80,137,106,65,138,247,225,96,227,167,224,71,33,2,86,106,190,149,85,18,111,155,130,229,194,8,113,104,127,9,95,43,149,96,95,133,209,225,13,33,182,44,106,66,149,56,249,111,119,127,114,19,46,53,64,97,247,225,124,34,92,124,106,135,82,202,152,119,42,62,225,96,227,167,224,71,33,2,86,106,190,149,85,18,111,155,130,229,194,8,113,104,127,9,95,43,149,96,95,133,209,225,13,33,182,44,106,66,149,56,249,111,119
Best fitness found so far: 0.6445846131795089; k: 2.0
Generation: 84; 0.6445846131795089; k: 2.0; 246,188,195,20,137,106,49,138,247,225,96,227,133,9,249,93,201,190,149,181,18,111,155,130,229,49,135,247,225,4,224,133,231,231,138,247
Best fitness found so far: 0.6445846131795089; k: 2.0
Generation: 85; 0.6445846131795089; k: 2.0; 246,188,195,80,169,106,65,138,247,225,96,227,55,230,71,33,71,33,245,44,149,185,195,135,65,225,31,66,176,8,34,59,54,13,110,184,73,53,79,149,129,47,229,1,72,119,233,225,221,34,54,163,119,110,56,57,70
Best fitness found so far: 0.6445846131795089; k: 2.0
Generation: 86; 0.6445846131795089; k: 2.0; 8,188,195,191,137,171,49,138,247,225,200,227,133,230,71,33,2,44,106,24,247,225,96,227,133,230,71,33,97,152,51,185,137,135,65,225,189,147,191,8,34,209,225,74,110,184,228,246,66,194,62,21,149,96,95,34,140,225,13,84,50,44,243,182,89,77,227,46
Best fitness found so far: 0.6445846131795089; k: 2.0
Generation: 87; 0.6445846131795089; k: 2.0; 246,188,195,80,137,106,65,138,247,225,96,227,133,230,139,213,33,45,250,106,150,149,56,249,111,137,17,19,137,106,82,206,249,246,188,195,80,137,106,49,138,247,225,96,227,133,9,249,138,247
Best fitness found so far: 0.6445846131795089; k: 2.0
Generation: 88; 0.6445846131795089; k: 2.0; 246,188,195,80,43,106,49,138,247,225,96,227,133,231,138,247
Best fitness found so far: 0.6445846131795089; k: 2.0
Generation: 89; 0.6445846131795089; k: 2.0; 246,188,195,80,155,106,49,138,193,225,96,227,133,9,220,55,34,237,199,8,65,104,127,9,135,43,149,96,95,168,209,225,13,33,182,44,106,66,149,56,249,217,119,127,114,19,49,138,32,23,96,227,133,9,172,106,80,137,106,151,138,247,225,96,227,195,9,164,106,106,149,202,152,19,104,196,9,44,155
Best fitness found so far: 0.6445846131795089; k: 2.0
Generation: 90; 0.6445846131795089; k: 2.0; 211,188,195,191,137,106,49,138,247,225,96,227,133,230,71,33,2,44,106,45,247,225,96,7,133,230,71,33,99,152,51,185,195,135,65,225,31,147,191,8,34,209,225,52,110,98,26,53,235,149,166,47,231,205,205,13,149,129,18,93,206,130,229,1,15,195,96,246,97,44,137,155,35,73,184,222,186,39,37,109,246,17,119,194,119,21,149,96,95,34,209,225,13,208,50,44,89,182,89,77,35,131,129,18,93,206,130,229,1,15,195,96,246,97,44,137,155
Best fitness found so far: 0.6445846131795089; k: 2.0
Generation: 91; 0.6445846131795089; k: 2.0; 246,188,195,14,137,106,65,138,247,225,96,227,216,242,9,66,201,34,149,202,152,111,37,127,9,44,225,96,34,221,119,67,142,247,70
Best fitness found so far: 0.6445846131795089; k: 2.0
Generation: 92; 0.6445846131795089; k: 2.0; 246,188,195,191,137,106,49,138,247,225,96,227,133,9,231,206,170,33,45,44,67,68,149,129,249,111,119,127,75,247,145
Best fitness found so far: 0.6445846131795089; k: 2.0
Generation: 93; 0.6445846131795089; k: 2.0; 246,188,195,191,137,106,49,138,247,225,96,227,133,9,1,44,121,17,129,137,106,111,37,127,198,44,225,96,34,221,221,67,142,16,70
Best fitness found so far: 0.6445846131795089; k: 2.0
Generation: 94; 0.6445846131795089; k: 2.0; 74,188,195,2,137,1,49,163,247,140,96,227,133,41,66,201,34,149,202,152,196,37,127,9,190,151,96,104,54,129,18,111,155,130,229,194,119,195,96,144,147,93,106,49,138,247,225,96,6,133,9,204,127,44,17,129,137,199,49,138,249,138,247
Best fitness found so far: 0.6445846131795089; k: 2.0
Generation: 95; 0.6445846131795089; k: 2.0; 246,188,195,80,137,106,65,138,247,225,168,227,216,242,71,33,2,86,106,190,149,129,18,111,155,130,229,194,119,195,96,246,17,108,137,229,35,53,184,45,247,117,81,109,246,17,154,194,119,59,188,195,3,137,106,172,138,247,225,34,227,133,230,71,33,2,81,39,96,206,156,119,67,119,247,70
Best fitness found so far: 0.6445846131795089; k: 2.0
Generation: 96; 0.6445846131795089; k: 2.0; 74,188,195,80,31,121,49,138,247,225,96,227,33,195,34,26,158,48,94,84,13,129,249,111,119,127,1,80,241,113,134,220,206,137,71,35,38,149,139,8
Best fitness found so far: 0.6445846131795089; k: 2.0
Generation: 97; 0.6445846131795089; k: 2.0; 246,188,195,212,49,106,49,138,247,225,96,227,133,230,225,96,227,133,9,149,106,34,149,92,48,118,84,149,129,249,111,119,127,1,80,241,113,96,225,206,137,71,35,169,109,115,8
Best fitness found so far: 0.6445846131795089; k: 2.0
Generation: 98; 0.6445846131795089; k: 2.0; 8,188,195,191,137,106,93,138,247,225,96,227,133,230,30,33,229,44,247,225,96,227,133,9,220,106,80,137,106,151,138,247,225,96,227,195,9,220,106,106,149,202,152,111,104,127,9,44,155
Best fitness found so far: 0.6445846131795089; k: 2.0
Generation: 99; 0.6445846131795089; k: 2.0; 246,188,195,80,137,106,49,138,247,225,96,227,133,230,71,33,245,152,149,185,195,135,65,164,236,14,137,106,65,138,70,225,84,227,115,8
Best fitness found so far: 0.6445846131795089; k: 2.0
Generation: 100; 0.6445846131795089; k: 2.0; 43,188,195,80,137,121,49,138,247,225,96,227,133,9,66,201,34,149,202,152,111,37,127,9,180,116,32,172,242,23,188,195,237,89,113,31,246,51,115,206
Best fitness found so far: 0.6445846131795089; k: 2.0
Generation: 101; 0.6445846131795089; k: 2.0; 30,188,70,80,137,106,49,138,247,225,96,227,133,9,1,127,121,17,129,137,106,232,37,184,198,158,225,96,34,137,133,49,138,148,225,96,227,133,9,220,106,34,204,92,28,106,84,58,129,249,111,119,127,1,80,241,113,96,225,206,137,71,35,169,109,115,8
Best fitness found so far: 0.6445846131795089; k: 2.0
Generation: 102; 0.6445846131795089; k: 2.0; 74,188,195,80,137,121,49,138,247,225,96,227,37,137,114,35,78,137,155,35,53,184,186,247,13,81,35,246,17,14,181,192,75,119,247,185,161,81,149,208,23,98,246,241,203,18,67,70
Best fitness found so far: 0.6445846131795089; k: 2.0
Generation: 103; 0.6445846131795089; k: 2.0; 246,188,195,14,137,106,65,138,247,225,96,227,216,242,71,53,14,86,244,236,63,235,18,177,155,130,229,194,119,195,96,40,147,191,127,194,119,21,155
Best fitness found so far: 0.6445846131795089; k: 2.0
Generation: 104; 0.6445846131795089; k: 2.0; 149,188,195,80,137,1,49,138,247,140,96,227,133,80,137,1,49,138,247,140,96,227,80,177,66,201,34,149,202,152,111,37,127,9,44,151,96,104,34,80,137,191,155
Best fitness found so far: 0.6445846131795089; k: 2.0
Generation: 105; 0.6445846131795089; k: 2.0; 246,188,195,80,137,106,49,138,247,225,96,227,133,9,204,45,44,227,129,137,106,49,109,246,44,106,24,79,129,215,49,119,21,175
Best fitness found so far: 0.6445846131795089; k: 2.0
Generation: 106; 0.6445846131795089; k: 2.0; 8,188,195,191,137,171,49,138,247,225,200,227,133,230,71,33,2,161,106,24,247,225,96,227,133,230,71,132,188,152,96,185,137,135,65,225,31,147,191,8,34,209,225,52,110,184,26,53,66,149,129,47,229,119,205,119,149,129,18,242,206,130,229,1,234,91,96,246,97,44,32,155,35,73,184,222,190,39,233,109,246,17,119,132,133,230,71,33,2,44,39,96,206,221,119,209,119,98,70
Best fitness found so far: 0.6445846131795089; k: 2.0
Generation: 107; 0.6445846131795089; k: 2.0; 246,188,195,80,137,106,49,138,247,225,96,227,133,118,233,225,221,34,54,163,119,127,56,57,70
Best fitness found so far: 0.6445846131795089; k: 2.0
Generation: 108; 0.6445846131795089; k: 2.0; 246,58,195,227,137,106,49,138,247,225,96,227,177,172,196,113,134,225,19,211,161,7,247,225,96,137,133,9,220,106,34,149,98,246,17,28,194,119,21,155,2,106,34,206,202,188,195,80,119,106
Best fitness found so far: 0.6445846131795089; k: 2.0
Generation: 109; 0.6445846131795089; k: 2.0; 60,188,195,80,137,106,65,138,247,225,96,227,133,245,132,149,185,195,172,65,225
Best fitness found so far: 0.6445846131795089; k: 2.0
Generation: 110; 0.6445846131795089; k: 2.0; 246,188,195,80,137,106,49,138,247,225,96,227,133,9,220,106,232,149,92,152,111,190,127,68,195,96,227,249,197,161,67,149,208,89,227,180,230,117,213,33,2,250,105,150,149,56,249,71,137,32,81,137,9,49,135,247,225,96,227,133,9,231,138,247
Best fitness found so far: 0.6445846131795089; k: 2.0
Generation: 111; 0.6445846131795089; k: 2.0; 246,188,195,80,155,106,49,138,193,225,96,227,133,123,220,55,34,111,199,8,111,104,127,9,135,43,149,96,95,34,209,225,13,33,15,44,106,240,149,56,249,111,119,17,114,19,47,53,64,113,247,159,220,34,92,154,191,135,82,202,152,119,42,62
Best fitness found so far: 0.6445846131795089; k: 2.0
Generation: 112; 0.6445846131795089; k: 2.0; 246,204,195,80,137,106,49,138,247,225,96,227,92,96,227,133,9,66,201,34,153,202,152,111,37,127,9,44,225,96,220,136,119,67,142,247,70
Best fitness found so far: 0.6445846131795089; k: 2.0
Generation: 113; 0.6445846131795089; k: 2.0; 184,224,195,80,137,106,227,138,247,225,96,227,133,9,220,106,80,137,106,151,138,247,225,96,227,195,9,220,106,106,149,202,221,111,104,247,225,84,227,216,242,71,33,14,119,133,96,246,97,216,137,6,35,53,184,222,55,39,81,109,246,17,236,194,62,21,149,96,95,34,140,225,13,208,50,202,243,182,89,77,227,131
Best fitness found so far: 0.6445846131795089; k: 2.0
Generation: 114; 0.6445846131795089; k: 2.0; 246,188,195,80,137,106,65,138,247,225,96,202,133,230,225,213,33,2,250,106,150,42,60,127,68,243,96,227,149,197,161,67,149,32,220,119,127,157,213,155
Best fitness found so far: 0.6445846131795089; k: 2.0
Generation: 115; 0.6445846131795089; k: 2.0; 246,188,195,98,137,106,65,138,247,225,96,227,216,242,71,33,121,188,106,37,149,129,18,124,206,130,229,143,119,195,96,246,97,31,2,44,185,96,166,221,119,67,119,247,70
Best fitness found so far: 0.6445846131795089; k: 2.0
Generation: 116; 0.6445846131795089; k: 2.0; 246,188,195,26,137,106,49,53,247,225,168,32,133,9,220,106,34,149,158,48,106,84,13,129,249,111,119,127,246,188,195,14,12,106,65,138,247,240,105,227,216,242,71,33,14,86,106,190,249,129,18,111,155,130,229,194,119,195,67,246,147,108,137,155,35,232,36,45,247,13,81,109,246,17,134,194,119,21,155
Best fitness found so far: 0.6445846131795089; k: 2.0
Generation: 117; 0.6445846131795089; k: 2.0; 246,188,195,80,137,106,65,138,247,225,96,227,133,96,227,133,177,66,134,34,149,167,152,111,37,127,9,44,151,126,213,32,172,242,23,188,104,237,14,145,31,246,109,115,206
Best fitness found so far: 0.6445846131795089; k: 2.0
Generation: 118; 0.6445846131795089; k: 2.0; 246,188,195,80,137,106,65,138,247,225,96,227,216,242,150,33,2,39,106,37,149,129,18,111,82,130,210,143,119,195,201,231,97,216,137,155,35,53,184,222,186,174,149,208,7,197,246,79,229,18,247,70,65,138,247,225,96,227,216,242,150,33,2,39,106,37,149,129,18,111,82,130,210,143,119,195,201,231,97,216,137,155,35,53,184,222,186,174,149,208,7,197,246,79,229,18
Best fitness found so far: 0.6445846131795089; k: 2.0
Generation: 119; 0.6445846131795089; k: 2.0; 246,188,195,80,137,106,65,138,247,225,96,227,133,230,139,213,33,45,250,106,150,149,56,249,210,137,17,224,211,106,49,138,249,138,70
Best fitness found so far: 0.6445846131795089; k: 2.0
Generation: 120; 0.6445846131795089; k: 2.0; 246,186,195,14,137,106,65,138,247,225,84,227,216,242,71,33,14,54,188,195,191,103,106,49,138,247,225,96,227,133,9,143,138,247
Best fitness found so far: 0.6445846131795089; k: 2.0
Generation: 121; 0.6445846131795089; k: 2.0; 246,188,195,80,137,106,49,138,247,225,96,227,209,230,71,33,245,152,149,185,195,135,65,14,195,14,137,106,65,138,70,225,84,227,216,242,151,33,14,243,140,119,38,13,247,70
Best fitness found so far: 0.6445846131795089; k: 2.0
Generation: 122; 0.6445846131795089; k: 2.0; 246,188,195,80,137,106,49,138,247,225,96,227,133,9,220,107,163,149,92,152,111,190,127,68,195,96,123,249,197,161,67,98,32,121,137,44,153,138,247,225,96,227,133,56,220,106,116,149,92,152,111,60,127,68,243,96,227,249,191,161,67,149,32,212,206,170,33,45,44,77,119,8,34,209,225,13,110,184,44,53,235,149,129,246,229,119,72,119,233,225,221,34,54,163,119,127,18,247,70
Best fitness found so far: 0.6445846131795089; k: 2.0
Generation: 123; 0.6445846131795089; k: 2.0; 246,188,195,80,137,106,65,138,247,225,96,227,167,157,71,33,2,86,106,190,149,85,18,111,155,130,229,194,8,119
Best fitness found so far: 0.6445846131795089; k: 2.0
Generation: 124; 0.6445846131795089; k: 2.0; 246,188,195,20,137,106,49,138,247,225,96,227,133,9,249,133,9,220,106,34,149,49,152,111,190,127,189,150,96,227,80,197,161,81,149,208,7,197,246,79,229,18,247,70,229
Best fitness found so far: 0.6445846131795089; k: 2.0
Generation: 125; 0.6445846131795089; k: 2.0; 246,188,195,80,137,106,49,138,247,225,96,227,133,9,220,106,34,237,199,152,111,12,127,9,135,43,149,237,115,8
Best fitness found so far: 0.6445846131795089; k: 2.0
Generation: 126; 0.6445846131795089; k: 2.0; 246,188,195,80,137,106,65,138,247,225,96,227,133,230,225,213,7,2,250,106,150,149,56,249,247,225,96,227,133,177,66,201,34,149,202,152,111,37,127,9,44,151,132,213,155
Best fitness found so far: 0.6445846131795089; k: 2.0
Generation: 127; 0.6445846131795089; k: 2.0; 74,188,195,80,31,121,49,138,247,225,96,227,133,81,66,201,34,160,202,49,138,247,191,137,106,49,138,247,225,207,208,207,230,125,45,2,44,106,54,225,129,18,88,119,96,132,37,67,185,48,106,84,149,129,206,111,119,186,1,60,241,113,57,225,37,137,71,35,35,119,127,119,150,160
Best fitness found so far: 0.6445846131795089; k: 2.0
Generation: 128; 0.6445846131795089; k: 2.0; 74,188,195,188,137,121,49,138,247,225,214,232,133,9,55,201,34,149,88,152,91,37,127,9,173,121,153,241,113,96,225,206,147,71,35,169,109,115,8
Best fitness found so far: 0.6445846131795089; k: 2.0
Generation: 129; 0.6445846131795089; k: 2.0; 246,188,195,80,117,106,49,138,247,225,96,227,133,218,249,138,247,241,96,227,216,242,71,33,2,86,106,190,149,129,18,111,194,130,229,194,119,195,96,246,181,108,137,155,35,53,184,45,247,13,81,109,246,17,154,194,119,186,155
Best fitness found so far: 0.6445846131795089; k: 2.0
Generation: 130; 0.6445846131795089; k: 2.0; 106,188,195,80,155,106,49,138,193,225,96,227,133,9,220,55,34,237,188
Best fitness found so far: 0.6445846131795089; k: 2.0
Generation: 131; 0.6445846131795089; k: 2.0; 217,188,195,227,57,106,49,138,247,225,96,227,177,172,196,35,49,186,222,127,113,57,109,83,17,154,194,198,21,149,5,115,34,149,225,9,231,138,247
Best fitness found so far: 0.6445846131795089; k: 2.0
Generation: 132; 0.6445846131795089; k: 2.0; 246,188,195,20,137,106,49,138,247,225,96,227,133,9,249,93,106,190,135,65,225,238,209,191,8,34,209,225,52,110,184,26,53,235,149,129,47,229,119,21,119,149,129,18,93,206,130,229,1,234,59,96,246,97,44,137,155,35,73,25,222,186,39,94,109,246,17,119,194,119,21,149,96,95,34,209,225,13,208,50,44,89,182,246,77,35,131
Best fitness found so far: 0.6445846131795089; k: 2.0
Generation: 133; 0.6445846131795089; k: 2.0; 246,188,195,80,137,106,49,138,247,225,96,227,133,9,220,106,31,149,92,152,111,225,96,227,133,230,57,33,245,44,149,185,195,135,65,110,31,66,119,8,34,209,225,13,110,184,44,53,235,149,129,47,229,119,72,119,233,225,221,34,54,163,119,94,18,247,70
Best fitness found so far: 0.6445846131795089; k: 2.0
Generation: 134; 0.6445846131795089; k: 2.0; 8,188,195,191,137,106,93,138,247,130,96,227,133,230,71,33,186,44,106,24,247,225,96,227,133,230,71,243,188,124,51,185,195,135,65,189,31,67,191,227,34,209,230,52,110,184,26,53,235,149,129,47,229,119,167,119,149,129,18,93,206,130,229,1,234,195,96,246,97,44,137,155,170,73,184,222,186,39,94,109,246,17,119,194,135,21,195,14,137,106,65,138,247,225,96,227,216,242,71,33,14,86,106,190,54,129,18,150,155,130,103,194,119,195,96,246,147,108,122,155,35,53,184,45,247,13,81,109,246,80,154,153,35,169,197,127,92,145,49,249,219,132,60,173,206,131
Best fitness found so far: 0.6445846131795089; k: 2.0
Generation: 135; 0.6445846131795089; k: 2.0; 246,188,195,80,137,106,49,138,247,225,96,227,216,242,71,225,14,86,191,190,54,129,18,111,155,130,229,194,119,195,96,118,147,108,106,49,138,126,225,13,149,133,9,204,127,44,195,129,137,199,49,138,249,138,247
Best fitness found so far: 0.6445846131795089; k: 2.0
Generation: 136; 0.6445846131795089; k: 2.0; 8,188,195,191,137,106,93,138,247,225,96,227,133,230,71,33,229,44,106,24,247,225,96,227,133,230,71,33,188,158,152,185,20,135,65,225,31,147,191,8,34,209,225,52,110,184,26,53,235,149,129,47,229,119,205,119,149,129,18,93,206,130,229,1,234,195,96,246,97,44,137,15,35,73,184,222,186,39,94,109,246,17,119,194,119,21,149,96,131,184,80,137,106,49,138,247,225,96,227,230,71,31,2,44,185,96,178,221,119,67,119,247,11
Best fitness found so far: 0.6445846131795089; k: 2.0
Generation: 137; 0.6445846131795089; k: 2.0; 246,188,195,14,137,106,65,138,247,225,96,227,216,242,71,33,14,193,106,190,54,129,18,111,155,130,229,194,119,195,96,246,147,108,137,155,35,53,184,45,247,13,81,109,246,17,154,194,135,149,242,152,119,42,71
Best fitness found so far: 0.6445846131795089; k: 2.0
Generation: 138; 0.6445846131795089; k: 2.0; 233,224,195,80,137,106,49,138,247,225,96,227,133,9,2,106,34,149,76,188,195,80,81,106,49,138,188,70,80,137,106,49,138,247,225,96,227,133,9,1,127,11,88,129,137,106,111,37,127,198,44,225,96,34,221,221,184,142,16,70
Best fitness found so far: 0.6445846131795089; k: 2.0
Generation: 139; 0.6445846131795089; k: 2.0; 74,188,195,80,137,121,49,138,247,225,96,227,37,137,150,35,35,119,127,119,120,104,2,44,106,66,149,56,249,111,164,127,17,19,46,35,53,138,247,225,249,34,92,44,227,131
Best fitness found so far: 0.6445846131795089; k: 2.0
Generation: 140; 0.6445846131795089; k: 2.0; 246,188,195,80,137,31,49,138,247,225,100,227,133,9,220,106,34,237,199,152,111,104,127,9,135,43,149,96,95,34,209,225,13,33,39,44,106,66,149,56,249,111,76,127,17,19,46,106,64,138,247,96,165,133,230,139,213,33,219,250,106,150,149,56,249,111,137,17,19,137,106,49,138,249,138,70
Best fitness found so far: 0.6445846131795089; k: 2.0
Generation: 141; 0.6445846131795089; k: 2.0; 246,188,195,227,137,106,49,138,247,225,132,17,32,172,242,23,188,195,237,89,145,31,246,109,115,206
Best fitness found so far: 0.6445846131795089; k: 2.0
Generation: 142; 0.6445846131795089; k: 2.0; 246,188,195,191,15,106,49,138,247,225,96,227,133,9,231,213,33,2,250,106,150,149,93,249,111,137,112,81,137,106,49,135,247,225,96,242,133,9,231,138,247
Best fitness found so far: 0.6445846131795089; k: 2.0
Generation: 143; 0.6445846131795089; k: 2.0; 246,188,195,80,137,106,49,138,247,225,96,227,133,9,151,107,163,149,92,152,62,190,127,68,195,96,123,249,197,161,67,126,32,121,137,44,153,138,247,133,9,220,106,34,149,202,152,111,104,109,9,44,155
Best fitness found so far: 0.6445846131795089; k: 2.0
Generation: 144; 0.6445846131795089; k: 2.0; 246,188,195,80,137,106,49,138,247,225,96,227,133,9,220,107,163,149,92,152,111,190,127,68,195,96,123,224,197,161,67,98,147,121,137,59,153,138,247,225,96,227,133,56,237,106,116,149,92,152,111,60,127,68,243,96,227,249,197,161,160,149,32,212,14,137,106,65,138,247,225,84,227,216,242,71,33,14,54,85,119,127,13,247,70
Best fitness found so far: 0.6445846131795089; k: 2.0
Generation: 145; 0.6445846131795089; k: 2.0; 246,188,195,239,143,106,49,138,247,225,232,227,148,9,71,106,34,149,202,205,209,225,129,208,4,44,3,47,229,119,205,119,149,129,18,93,206,130,229,1,234,195,96,246,97,44,137,155,35,73,184,222,186,39,94,235,246,17,119,194,119,49,149,96,95,34,209,225,13,208,107,44,89,182,89,77,35,131
Best fitness found so far: 0.6445846131795089; k: 2.0
Generation: 146; 0.6445846131795089; k: 2.0; 74,188,195,80,137,121,49,138,247,225,156,227,133,9,176,201,34,149,247,225,96,224,133,237,231,138,247
Best fitness found so far: 0.6445846131795089; k: 2.0
Generation: 147; 0.6445846131795089; k: 2.0; 8,188,195,191,137,171,49,138,247,225,200,227,133,230,71,33,2,44,106,24,247,225,96,227,135,43,149,96,95,34,209,225,13,33,182,44,106,66,149,56,249,111,119,127,114,19,46,222,64,97,145,225,220,34,92,44,106,135,82,202,84,28,129,62
Best fitness found so far: 0.6445846131795089; k: 2.0
Generation: 148; 0.6445846131795089; k: 2.0; 246,188,195,80,137,106,49,138,247,225,96,227,133,230,14,33,8
Best fitness found so far: 0.6445846131795089; k: 2.0
Generation: 149; 0.6445846131795089; k: 2.0; 233,224,195,245,137,106,49,138,247,225,96,227,133,9,2,106,34,149,202,188,87,80,9,44,151,96,95,34,209,225,163,33,2,44,149,95,34,209,225,13,33,209,44,8,176,233,122,230,41,203,105,247
Best fitness found so far: 0.6445846131795089; k: 2.0
Generation: 150; 0.6445846131795089; k: 2.0; 246,188,195,80,137,106,65,138,247,225,96,227,216,242,71,33,2,86,106,190,149,129,18,111,155,130,229,194,119,195,96,246,17,108,137,155,35,53,184,45,247,173,206,131
Best fitness found so far: 0.6445846131795089; k: 2.0
Generation: 151; 0.6445846131795089; k: 2.0; 212,188,195,191,137,106,49,138,247,195,96,227,204,9,249,183,249,41,203,137,132,60,171,227,19,137,106,49,223,247,225,96,34,54,184,119,127,178,247,70
Best fitness found so far: 0.6445846131795089; k: 2.0
Generation: 152; 0.6445846131795089; k: 2.0; 246,186,195,14,137,106,65,138,247,225,84,227,216,242,71,33,14,247,225,96,227,133,9,66,201,34,149,202,187,111,37,189,156,44,225,96,34,221,119,67,185,48,131,84,149,129,28,111,119,127,1,60,36,113,248,43,37,137,71,35,35,119,127,119,150,62
Best fitness found so far: 0.6445846131795089; k: 2.0
Generation: 153; 0.6445846131795089; k: 2.0; 196,188,195,80,137,106,49,138,247,225,96,227,230,49,31,2,44,185,96,206,221,159,67,34,149,202,188,195,80,61,106,49,138,247,238,96,136,133,9,220,44,34,149,6,91,17,28,194,119,21,155,2,137,106,49,210,224,225,96,220,133,9,204,127,44,17,129,137,106,70,138,249,138,247
Best fitness found so far: 0.6445846131795089; k: 2.0
Generation: 154; 0.6445846131795089; k: 2.0; 74,188,195,80,137,121,49,138,247,225,96,227,133,149,66,201,34,171,106,65,172,247,225,84,227,216,242,71,33,14,119,133,96,246,97,216,137,155,35,53,184,222,124,39,81,109,246,17,233,194,62,21,149,6,95,34,140,225,13,208,66,44,243,182,89,77,227,28
Best fitness found so far: 0.6445846131795089; k: 2.0
Generation: 155; 0.6445846131795089; k: 2.0; 246,188,195,80,137,106,49,138,247,225,96,227,133,230,71,33,245,152,149,185,195,135,65,225,31,66,119,8,34,209,225,52,83,167,26,53,14,149,129,47,127,68,243,96,227,249,197,161,67,149,32,212,206,170,33,45,83,106,68,149,189,50,111,119,127,176,247,70
Best fitness found so far: 0.6445846131795089; k: 2.0
Generation: 156; 0.6445846131795089; k: 2.0; 246,188,195,191,137,106,49,138,247,225,96,207,133,230,37,137,71,35,35,62
Best fitness found so far: 0.6445846131795089; k: 2.0
Generation: 157; 0.6445846131795089; k: 2.0; 246,188,45,146,137,106,65,138,247,225,96,227,216,155,37,149,129,135,111,206,130,210,143,119,1,96,246,9,216,40,155,14,53,184,222,186,39,81,109,148,17,154,194,119,21,226,96,95,34,209,225,13,37,12,44,243,182,89,77,227,131
Best fitness found so far: 0.6445846131795089; k: 2.0
Generation: 158; 0.6445846131795089; k: 2.0; 246,188,195,131,137,106,49,138,247,225,96,227,133,230,71,33,241,152,149,185,158,135,65,225,31,66,67,8,34,209,225,52,110,184,26,53,235,149,174,6,229,119,205,119,149,129,5,111,206,96,202,221,246,9,220,106,34,149,181,201,195,80,137,106,49,138,247,127,96,227,133,9,220,106,34,149,92,152,111,190,127,189,195,96,227,138,197,161,81,149,40,7,197,246,79,229,18,143,243
Best fitness found so far: 0.6445846131795089; k: 2.0
Generation: 159; 0.6445846131795089; k: 2.0; 246,224,195,80,137,106,49,138,247,225,96,227,133,9,59,106,34,149,202,132,195,80,137,106,49,138,247,225,96,227,133,9,220,106,34,149,92,152,111,190,127,189,195,96,227,80,197,161,81,116,157,7,197,246,79,229,29,188,195,80,155,106,49,138,193,225,96,48,133,9,220,55,34,237,199,8,111,68,127,9,135,43,149,96,95,34,209,225,13,33,182,44,106,66,149,56,71,111,119,127,114,19,46,185,64,97,247,225,22,34,92,44,106,135,82,202,152,119,245,62
Best fitness found so far: 0.6445846131795089; k: 2.0
Generation: 160; 0.6445846131795089; k: 2.0; 74,188,195,80,137,121,49,138,247,225,96,47,133,80,137,106,49,138,247,225,249,227,133,9,96,241,34,149,158,48,106,84,13,129,249,111,119,127,1,52,241,113,134,69,206,137,71,35,38,109,139,8
Best fitness found so far: 0.6445846131795089; k: 2.0
Generation: 161; 0.6445846131795089; k: 2.0; 74,188,195,80,137,121,49,138,247,225,96,227,37,137,246,188,195,14,137,106,65,138,247,225,96,227,216,242,71,33,14,86,135,190,54,129,4,111,148,130,229,194,75,195,168,144,231,108,106,49,138,247,70,96,227,133,9,204,127,44,17,129,137,199,49,138,249,138,247
Best fitness found so far: 0.6445846131795089; k: 2.0
Generation: 162; 0.6445846131795089; k: 2.0; 246,188,195,80,137,106,49,138,247,225,96,227,133,9,204,127,44,17,129,137,106,49,138,209,225,13,33,182,44,106,66,149,56,216,111,119,80,114,19,46,53,64,97,247,225,220,34,92,44,106,135,82,202,152,119,42,129
Best fitness found so far: 0.6445846131795089; k: 2.0
Generation: 163; 0.6445846131795089; k: 2.0; 246,188,195,80,137,106,65,173,247,225,96,227,216,242,71,33,2,158,106,37,149,12,210,111,190,225,37,137,71,35,35,62
Best fitness found so far: 0.6445846131795089; k: 2.0
Generation: 164; 0.6445846131795089; k: 2.0; 246,188,195,80,137,106,65,138,247,225,202,227,133,230,91,213,33,2,250,106,150,149,158,249,111,137,112,9,195,106,80,222,188,151,138,247,225,96,227,195,9,220,119,42,62
Best fitness found so far: 0.6445846131795089; k: 2.0
Generation: 165; 0.6445846131795089; k: 2.0; 143,188,195,191,137,106,49,138,247,225,96,227,133,106,92,138,96,227,133,177,66,37,34,149,202,146,60,37,127,69,44,151,96,104,34,80,138,247,225,96,227,133,9,215,5,34,149,92,152,111,223,127,68,195,96,227,249,7,161,67,149,208,89,197,246,34,229,14,243,33,195,70
Best fitness found so far: 0.6445846131795089; k: 2.0
Generation: 166; 0.6445846131795089; k: 2.0; 246,188,195,191,77,106,49,138,247,225,96,227,133,5,71,33,2,44,37,149,129,18,155,206,130,229,143,119,195,96,246,97,216,225,45,66,176,8,34,215,225,13,56,184,73,53,79,149,129,47,20,1,103,119,97,225,221,34,54,163,119,127,56,57,70
Best fitness found so far: 0.6445846131795089; k: 2.0
Generation: 167; 0.6445846131795089; k: 2.0; 246,224,195,80,137,106,49,138,247,225,96,227,130,9,220,106,34,149,202,188,195,80,137,106,225,96,227,133,9,231,138,247
Best fitness found so far: 0.6445846131795089; k: 2.0
Generation: 168; 0.6445846131795089; k: 2.0; 38,188,195,80,137,106,49,138,247,225,96,227,133,230,71,33,245,51,149,185,195,135,65,225,31,66,119,8,34,209,215,52,110,184,26,53,235,149,129,47,229,134,71,33,149,158,106,37,149,129,18,111,206,67,229,143,119,195,96,197,97,216,172,155,35,53,184,222,186,39,201,247,246,17,154,194,26,21,149,89,95,34,209,225,13,1,50,44,243,182,89,117,227,227
Best fitness found so far: 0.6445846131795089; k: 2.0
Generation: 169; 0.6445846131795089; k: 2.0; 143,188,195,191,137,106,49,138,247,225,96,227,133,106,92,156,96,227,133,177,66,37,34,149,202,179,60,37,127,9,44,151,96,104,34,80,137,74,35
Best fitness found so far: 0.6445846131795089; k: 2.0
Generation: 170; 0.6445846131795089; k: 2.0; 246,188,195,191,137,106,49,138,247,225,96,227,133,5,71,33,2,44,37,149,99,121,155,206,130,137,143,119,195,96,246,97,216,137,155,35,53,184,222,186,39,150,109,246,17,136,194,119,21,149,96,95,85,209,120,144,163,62
Best fitness found so far: 0.6445846131795089; k: 2.0
Generation: 171; 0.6445846131795089; k: 2.0; 246,188,195,80,137,106,65,138,247,225,96,227,133,230,71,33,165,93,106,190,149,129,18,230,155,135,65,164,195,14,137,106,65,138,70,225,84,227,216,242,71,33,14,249,85,93,138,13,247,70
Best fitness found so far: 0.6445846131795089; k: 2.0
Generation: 172; 0.6445846131795089; k: 2.0; 246,188,195,80,137,106,49,138,247,225,96,227,14,230,71,33,245,152,149,185,195,135,65,225,120,66,119,8,34,209,225,230,71,33,245,209,149,185,195,135,65,225,31,66,119,8,34,209,225,13,93,184,44,53,235,149,129,47,229,119,72,119,233,225,221,34,54,163,119,127,18,247,70
Best fitness found so far: 0.6445846131795089; k: 2.0
Generation: 173; 0.6445846131795089; k: 2.0; 74,188,195,80,137,121,49,138,247,225,96,227,133,177,66,201,34,149,202,152,111,37,127,9,44,151,96,95,34,209,225,147,179,2,44,149,95,51,209,225,13,33,209,44,8,176,149,183,119,75,119,213,190
Best fitness found so far: 0.6445846131795089; k: 2.0
Generation: 174; 0.6445846131795089; k: 2.0; 246,188,195,206,137,106,49,138,247,225,96,227,133,9,149,129,18,111,155,130,229,194,119,195,96,246,17,24,137,155,35,53,184,45,247,13,81,29,246,17,14,181,119,195,225,143,185
Best fitness found so far: 0.6445846131795089; k: 2.0
Generation: 175; 0.6445846131795089; k: 2.0; 24,188,195,20,137,106,65,138,247,225,96,227,216,242,71,33,180,86,106,190,54,129,18,197,155,130,103,194,119,195,9,44,36
Best fitness found so far: 0.6445846131795089; k: 2.0
Generation: 176; 0.6445846131795089; k: 2.0; 246,188,200,191,137,106,49,138,247,225,96,227,133,149,71,33,2,44,106,24,149,129,18,88,119,96,132,60,149,229,96,47,19,137,11,35,169,109,115,8,65,138,247,225,96,227,216,242,71,53,14,86
Best fitness found so far: 0.6445846131795089; k: 2.0
Generation: 177; 0.6445846131795089; k: 2.0; 217,188,195,227,137,106,49,138,247,225,96,227,177,189,196,35,53,223,222,127,39,81,109,21,17,154,194,119,21,149,96,115,34,209,225,13,43,202,152,111,104,127,16,189,155
Best fitness found so far: 0.6445846131795089; k: 2.0
Generation: 178; 0.6445846131795089; k: 2.0; 74,188,195,170,137,121,49,138,247,225,96,227,133,149,185,228,34,171,202,152,111,37,127,62,152,111,37,127
Best fitness found so far: 0.6445846131795089; k: 2.0
Generation: 179; 0.6445846131795089; k: 2.0; 74,188,195,80,137,121,49,138,247,225,96,227,133,9,66,201,34,149,202,152,111,37,127,9,44,225,96,34,221,119,45,185,48,106,84,149,129,114,196,119,37,91,60,137,106,65,138,247,225,68,227,216,200,71,33,2,158,106,37,149,98,18,111,176,130,229,143,54,85,149,202,188,195,47,116,106,49,138,247,225,14,44,133,9,220,106,34,149,199,152,111,190,189,189,195,44,227,80,221,161,81,149,208,7,115,91,79,229,18,247,190
Best fitness found so far: 0.6445846131795089; k: 2.0
Generation: 180; 0.6445846131795089; k: 2.0; 246,224,195,80,101,106,49,138,247,225,138,227,133,81,137,106,49,135,247,225,96,224,242,71,249,2,60,106,183,233,225,21,34,54,189,229,100,243,33,78,79
Best fitness found so far: 0.6445846131795089; k: 2.0
Generation: 181; 0.6445846131795089; k: 2.0; 246,188,195,80,137,106,49,138,247,225,190,227,25,9,220,106,37,149,92,152,111,190,9,135,43,149,96,95,38,209,225,13,33,182,44,106,66,149,56,249,111,119,127,114,19,46,53,64,205,247,156,220,34,92,44,106,135,82,202,152,119,42,62
Best fitness found so far: 0.6445846131795089; k: 2.0
Generation: 182; 0.6445846131795089; k: 2.0; 246,188,195,44,103,106,49,138,247,225,96,227,191,230,71,52,245,152,149,185,195,135,65,164,195,246,188,71,80,137,106,157,138,201,225,187,227,50,222,220,106,199,149,92,193,111,190,58,68,218,96,227,249,197,161,67,149,208,34,56,225,214,31,2,44,48,176,129,104,127,9,44,155
Best fitness found so far: 0.6445846131795089; k: 2.0
Generation: 183; 0.6445846131795089; k: 2.0; 74,188,195,80,69,121,49,138,247,225,96,227,37,137,71,35,78,137,155,35,53,184,45,247,13,81,35,100,246,17,114,194,157,21,21,96,95,34,140,225,13,208,50,44,243,182,89,77,70,168
Best fitness found so far: 0.6445846131795089; k: 2.0
Generation: 184; 0.6445846131795089; k: 2.0; 74,188,195,80,137,121,49,138,247,225,96,227,223,177,66,201,34,149,202,152,111,37,127,9,44,151,96,95,34,209,225,147,33,2,44,189,100,34,209,135,13,33,209,44,8,176,149,183,100,41,203,127,132,70,171,55,19,137,106,49,223,247,225,96,34,54,225,96,227,133,9,10,127,44,17,189,137,106,49,138,249,138,186,81,35,246,17,14,181,119,22,119,247,185,111,37,127,9,44,151,96,95,34,209,225,147,33,2,44,189,100,34,209,135,13,33,209,44,8,176,149,183,100,41,203,127,132,70,171,55,19,137,106,49,223,247,225,96
Best fitness found so far: 0.6445846131795089; k: 2.0
Generation: 185; 0.6445846131795089; k: 2.0; 246,188,250,80,75,116,49,138,247,225,96,57,133,9,220,106,34,149,216,152,111,190,127,68,195,96,15,197,246,79,229,18,247,70
Best fitness found so far: 0.6445846131795089; k: 2.0
Generation: 186; 0.6445846131795089; k: 2.0; 8,188,195,191,137,106,49,23,247,225,96,227,133,230,71,33,2,44,106,24,247,225,96,227,133,230,71,33,188,152,51,185,195,135,65,225,31,206,191,8,34,209,225,52,110,184,26,53,235,61,53,47,229,119,205,119,149,129,18,93,206,211,229,1,234,195,96,225,13,208,50,44,89,182,89,77,48,131
Best fitness found so far: 0.6445846131795089; k: 2.0
Generation: 187; 0.6445846131795089; k: 2.0; 246,188,195,80,155,106,49,138,193,225,96,227,28,225,80,137,106,49,138,247,225,213,213,116,9,169,181,121,17,78,137,189,111,44,149,111,34,209,225,13,33,64,44,8,176,233,122,249,41,182,105,247
Best fitness found so far: 0.6445846131795089; k: 2.0
Generation: 188; 0.6445846131795089; k: 2.0; 147,188,195,14,137,106,65,138,247,225,96,227,216,242,71,33,14,86,135,64,54,129,18,111,155,130,229,194,92,152,111,190,3,189,195,96,227,237,89,145,31,246,109,115,206
Best fitness found so far: 0.6445846131795089; k: 2.0
Generation: 189; 0.6445846131795089; k: 2.0; 246,188,120,80,137,106,189,138,247,225,96,227,167,157,71,237,2,86,106,190,149,85,18,111,155,130,229,194,8,113,104,111,37,127,198,44,225,107,34,221,221,67,142,16,70
Best fitness found so far: 0.6445846131795089; k: 2.0
Generation: 190; 0.6445846131795089; k: 2.0; 246,188,195,80,155,106,49,138,193,225,96,227,133,70,80,137,106,49,138,247,225,96,33,229,44,106,217,247,225,96,227,133,74,71,33,188,152,51,68,195,237,65,225,31,147,191,8,34,209,225,52,110,184,26,53,235,149,54,79,229,184,205,119,149,129,18,93,45,130,229,1,234,195,96,246,63,154,137,155,35,73,184,222,186,162,94,109,246,17,119,194,119,21,149,96,131,184,222,106,39,94,109,246,17,135,194,119,21
Best fitness found so far: 0.6445846131795089; k: 2.0
Generation: 191; 0.6445846131795089; k: 2.0; 74,188,195,221,137,121,49,138,247,140,62,227,133,177,66,201,66,149,202,199,138,247,225,96,227,133,250,71,33,2,44,106,176,138,247,225,74,227,216,242,71,207,128,119,133,52,246,213,133,210,225,35,15,184,222,14,39,81,71,248,53,114,194,62,21,149,100,95,34,140,225,13,208,50,44,243,44,89,209,70,168
Best fitness found so far: 0.6445846131795089; k: 2.0
Generation: 192; 0.6445846131795089; k: 2.0; 246,188,195,80,93,106,49,138,247,225,108,227,133,230,14,33,245,152,149,15,195,135,21,225,242,66,119,77,34,60,225,74,110,184,188,195,80,137,121,137,138,247,225,96,227,133,9,66,201,34,149,23,42,65,37,127,9,44,225,96,34,221,119,67,185,48,106,84,149,129,206,111,119,127,1,60,175,206,221,119,67,119,247,70
Best fitness found so far: 0.6445846131795089; k: 2.0
Generation: 193; 0.6445846131795089; k: 2.0; 246,188,195,191,137,106,49,138,247,225,96,227,133,5,23,33,2,44,189,31,96,227,82,197,161,81,149,208,65,98,246,92,243,72,67,70
Best fitness found so far: 0.6445846131795089; k: 2.0
Generation: 194; 0.6445846131795089; k: 2.0; 246,188,195,80,137,106,49,138,247,225,96,57,133,9,220,183,34,149,216,152,111,190,127,68,195,96,15,249,197,161,67,149,32,220,119,121,157,195,80,137,106,75,138,247,225,96,227,216,242,71,249,2,158,106,183,233,225,21,34,180,177,229,100,193,231,78,205
Best fitness found so far: 0.6445846131795089; k: 2.0
Generation: 195; 0.6445846131795089; k: 2.0; 246,188,70,80,137,106,49,138,247,225,96,227,133,9,1,127,121,17,129,137,106,111,129,137,106,49,138,249,138,247
Best fitness found so far: 0.6445846131795089; k: 2.0
Generation: 196; 0.6445846131795089; k: 2.0; 74,188,195,80,31,121,193,138,247,225,96,227,180,148,66,127,34,149,202,49,110,247,225,159,227,133,9,220,106,34,149,202,247,70
Best fitness found so far: 0.6445846131795089; k: 2.0
Generation: 197; 0.6445846131795089; k: 2.0; 246,188,195,80,137,106,65,138,247,225,96,227,121,242,71,33,2,158,106,37,149,129,18,111,206,130,124,246,186,195,14,169,106,65,138,247,225,84,227,216,222,71,33,14,54,85,119,127,13,247,109
Best fitness found so far: 0.6445846131795089; k: 2.0
Generation: 198; 0.6445846131795089; k: 2.0; 212,188,195,191,137,106,49,138,247,195,96,227,204,9,225,96,136,133,9,220,44,34,189,6,91,17,155,194,119,21,155,2,137,106,49,138,224,213,96,227,133,9,204,127,44,17,129,137,106,70,138,249,138,247
Best fitness found so far: 0.6445846131795089; k: 2.0
Generation: 199; 0.6445846131795089; k: 2.0; 246,188,195,20,137,106,49,138,247,225,96,227,187,9,137,155,35,53,184,222,124,39,81,109,246,111,236,194,62,21,149,56,95,51,140,225,13,208,50,44,243,182,89,77,227,131,13,208,50,44,243,182,89
Best fitness found so far: 0.6445846131795089; k: 2.0
Total time of execution of seed 9 : 18134643
Solution Fitness: -0.6445846131795089
Variables: random 4 chebyshev split moveBetween join moveAverage
