Generation: 0; 0.0; k: 0.0; 161,211,82,129,203,50,65,210,212,86,133,28,115,232,57
Best fitness found so far: 0.0; k: 0.0
Generation: 1; 0.21539143995073537; k: 3.0; 217,138,215,93,33,89,157,60,167,246,231,9,62
Best fitness found so far: 0.21539143995073537; k: 3.0
Generation: 2; 0.1999793933709792; k: 3.2; 69,143,183,246,201,207,217,140,201
Best fitness found so far: 0.21539143995073537; k: 3.0
Generation: 3; 0.33590434474358466; k: 2.0; 153,25,134,164,91,10,197,44,239,136,173,19
Best fitness found so far: 0.33590434474358466; k: 2.0
Generation: 4; 0.32414042340932403; k: 2.0; 145,214,149,248,95,181,51
Best fitness found so far: 0.33590434474358466; k: 2.0
Generation: 5; 0.33712423739384756; k: 2.0; 19,170,69,143,183,246,201,207,217,140
Best fitness found so far: 0.33712423739384756; k: 2.0
Generation: 6; 0.3432866415538459; k: 2.0; 153,25,134,164,67,133,75,21,145,189
Best fitness found so far: 0.3432866415538459; k: 2.0
Generation: 7; 0.33435488140749975; k: 2.0; 135,154,210,102,183,146,227,224,33,89,157,60,167,23,231,9,62
Best fitness found so far: 0.3432866415538459; k: 2.0
Generation: 8; 0.33609716919531757; k: 2.0; 191,200,236,182,95,143,179,136
Best fitness found so far: 0.3432866415538459; k: 2.0
Generation: 9; 0.3962435441937483; k: 2.0; 153,25,105,209,103,116,33,74,185,60,167,246,231,9,209,152,116,25,105,209,103
Best fitness found so far: 0.3962435441937483; k: 2.0
Generation: 10; 0.34282779564393884; k: 2.0; 135,127,210,102,209,146,227,224,201,207,107,136,73,80,85,20,133,75,21,38,33,103,116,25,105,209,103
Best fitness found so far: 0.3962435441937483; k: 2.0
Generation: 11; 0.33899238858049124; k: 2.0; 109,154,210,102,87,39,85,107,189,187,9,115,7,86,41,59,150,245,86,41,59,200,230,210,34,221,133,192,21,143,131,192,103,51
Best fitness found so far: 0.3962435441937483; k: 2.0
Generation: 12; 0.33435454805960124; k: 2.0; 37,25,105,138,215,93,33,74,157,60,167,246,231,9,209,152,116,25,105,209,103
Best fitness found so far: 0.3962435441937483; k: 2.0
Generation: 13; 0.35575436620513945; k: 2.0; 153,37,85,107,189,187,9,115,7,86,41,200,150,245,86,41,2,200,40,29,224,33,225,157,60,167,23,231,157,60,167,23,231,9,62
Best fitness found so far: 0.3962435441937483; k: 2.0
Generation: 14; 0.3733809707636898; k: 2.0; 153,37,85,107,107,187,9,115,133,86,41,98,150,110,86,34,59,200,230,210,34,221,133,192,237,143,179,10,136,173,19
Best fitness found so far: 0.3962435441937483; k: 2.0
Generation: 15; 0.3733809707636898; k: 2.0; 153,37,85,107,189,187,9,115,157,86,41,158,204,165,86,105,209,246
Best fitness found so far: 0.3962435441937483; k: 2.0
Generation: 16; 0.3733809707636898; k: 2.0; 153,37,85,107,189,187,9,115,157,86,41,158,204,165,86,105,209,192,26,143,49,136,173,19
Best fitness found so far: 0.3962435441937483; k: 2.0
Generation: 17; 0.3751766871722363; k: 2.0; 54,37,178,107,189,187,9,115,7,86,41,200,150,245,47,41,91,200,40,119,86,17,59,200,85,224,189,187,9,170,157,86,241,48,241,245,185,60,51,86,105,59,200,85,224,189,187,9,170,151,86,241,48,241,245,185
Best fitness found so far: 0.3962435441937483; k: 2.0
Generation: 18; 0.3962435441937483; k: 2.0; 153,25,105,209,103,116,161,74,185,60,167,246,231,9,209,152,116,25,105,209,66
Best fitness found so far: 0.3962435441937483; k: 2.0
Generation: 19; 0.3751766871722363; k: 2.0; 54,37,178,179,189,187,45,115,7,86,41,200,150,245,47,182,95,143,179,136
Best fitness found so far: 0.3962435441937483; k: 2.0
Generation: 20; 0.3751766871722363; k: 2.0; 54,37,178,107,189,187,9,115,7,86,41,200,150,245,47,74,91,94,40,119,86,17,189,200,85,224,189,187,240,170,157,86,241,216,68,245,185,130,51,86,105,179,10,136,150,19
Best fitness found so far: 0.3962435441937483; k: 2.0
Generation: 21; 0.3751766871722363; k: 2.0; 54,37,178,107,189,187,9,115,7,86,41,200,150,245,249,41,91,200,40,119,86,17,59,200,57,224,39,187,9,170,157,58,241,48,241,129,187,9,115,175,86,41,159,163,165,143,63,3,119,86,216,39,215,93,138,201,188,217,136,73,93,85,202,76,75,21,75,21,143,249,136,119,79,216
Best fitness found so far: 0.3962435441937483; k: 2.0
Generation: 22; 0.3962435441937483; k: 2.0; 153,25,105,209,103,116,161,74,185,60,167,246,231,9,209,152,116,25,105,86,241,229,241,245,185,60,51,86,236,59,200,220,224,189,208,149,170,171,86,241,48,241,36,185
Best fitness found so far: 0.3962435441937483; k: 2.0
Generation: 23; 0.3751766871722363; k: 2.0; 54,37,178,107,189,187,9,80,7,221,41,200,150,245,47,103,134,200,40,119,86,44,35,200,85,224,189,187,9,217,157,175,241,33,74,185,60,167,246,231,127,209,152,116,25,105,209,9,115,75,86,41,59,150,190,86,34,102,200,230,52,34,221,162,192,237,143,179,10,136,125,246,201,207,217,119
Best fitness found so far: 0.3962435441937483; k: 2.0
Generation: 24; 0.3962435441937483; k: 2.0; 196,231,105,209,103,116,161,74,185,60,167,246,231,9,209,152,116,25,105,209,246
Best fitness found so far: 0.3962435441937483; k: 2.0
Generation: 25; 0.3962435441937483; k: 2.0; 153,25,105,209,103,116,33,74,185,60,167,246,231,9,209,152,116,25,105,209,130
Best fitness found so far: 0.3962435441937483; k: 2.0
Generation: 26; 0.3751766871722363; k: 2.0; 124,37,178,107,189,187,9,115,7,86,41,200,150,245,47,41,91,147,57,119,86,107,187,240,115,133,121,207,182,150,110,177,141,121,223,118,198,161,52,115,41,237,132,41,200,150,245,47,74,169,94,40,43,86,195,105,162,175,224,189,187,91,170,157,135,241,216,68,245,74,6,115,157,100,41,95,241,245,185,131,169
Best fitness found so far: 0.3962435441937483; k: 2.0
Generation: 27; 0.3751766871722363; k: 2.0; 166,37,178,107,119,187,9,115,7,86,41,200,150,245,47,41,80,200,40,119,86,17,59,200,82,25,120,110,86,85,107,219,187,9,115,133,187,9,115,33,26,41,98,150,110,86,34,59,200,230,210,34,221,133,36,237,118,189,187,9,115,138,86,46,200,150,86,86,41,16,65,40,29,204,33,225,59,230,167,23,231,157,217,157,185,126,112
Best fitness found so far: 0.3962435441937483; k: 2.0
Generation: 28; 0.3751766871722363; k: 2.0; 85,37,108,203,155,187,9,115,7,86,41,25,150,110,176,210,150,110,86,41,233,150,110,101,179,59,86,86,41,16,126,40,29,204,234,225,59,230,167,23,231,157,143,180,203,28,2,121,182,6,48,28,188,185,250,51,86,105,59,200,202,246,136,187,9,170,48,241,188,185,60,51,86,105,59,200,85,25,136,12,9,170,151,86,241,48,241,245,185
Best fitness found so far: 0.3962435441937483; k: 2.0
Generation: 29; 0.3962435441937483; k: 2.0; 153,25,105,209,249,116,161,74,185,60,167,246,231,9,209,152,116,25,105,86,241,229,241,245,185,60,51,86,236,59,91,200,40,119,86,107,187,240,115,133,62,238,182,150,110,177,141,121,245,118,198,161,52,4,120,237,132,222,200,150,245,47,74,169,94,40,24,86,219,105,200,200,224,189,187,91,170,229,135,241,216,68,245,74,130,204,55,105,179,172,136,150,19
Best fitness found so far: 0.3962435441937483; k: 2.0
Generation: 30; 0.3751766871722363; k: 2.0; 54,37,178,92,189,187,9,115,7,86,41,200,150,245,249,41,77,200,40,127,86,17,59,17,57,235,125,187,9,80,234,58,50,48,241,129,187,9,115,175,86,41,159,199,87,213,249,3,156,86,41,200,150,245,47,182,95,143,133,192,224,143,59,200,218,250,189,187,9,170,151,86,65,48,241,107,189,187,9,115,113,86,41,132,204,103,54,37,242,204,232,187,9,115,132,86,41,183,158,245,47,51,91,226,40,32,86,209,59,200,85,144,45,187,9,69,157,86,110,48,241,245,33,196,15,86,105,59,208,85,224,238,187,163,86,184,86,162,48,241,245,185,105,59,226,85,224,238,187,9,86,184,86,162,48,241,245
Best fitness found so far: 0.3962435441937483; k: 2.0
Generation: 31; 0.3962435441937483; k: 2.0; 153,25,105,209,103,116,161,74,185,60,167,246,231,9,209,152,116,25,105,86,241,229,241,245,185,60,51,86,236,59,200,220,224,147,86,41,200,150,245,47,41,91,179,107,119,169
Best fitness found so far: 0.3962435441937483; k: 2.0
Generation: 32; 0.3962435441937483; k: 2.0; 153,25,105,209,103,116,161,74,185,60,167,246,231,9,209,152,116,25,105,239,241,229,241,245,185,60,51,86,236,59,200,220,224,147,86,41,200,150,172,47,41,91,166,74,91,94,40,67,86,17,243,163,240,224,189,157,111,142,105,179,10,178,36,19,47,41,91,166,74,91,94,40,67,86
Best fitness found so far: 0.3962435441937483; k: 2.0
Generation: 33; 0.3962435441937483; k: 2.0; 153,203,105,209,249,116,161,74,185,60,167,246,231,9,209,152,116,25,105,86,241,229,241,245,185,60,2,86,236,59,91,200,40,119,86,107,187,240,20,133,62,56,182,150,110,177,141,121,245,118,198,161,52,70,120,237,132,121,67,150,245,47,74,169,94,40,60,33,74,185,60,167,225,231,158,209,152,116,25,105,209,103
Best fitness found so far: 0.3962435441937483; k: 2.0
Generation: 34; 0.3962435441937483; k: 2.0; 153,25,105,209,249,116,161,74,185,60,53,246,231,9,209,152,116,25,105,86,241,229,241,245,185,60,51,86,236,93,150,227,188,182,238,143,179,136
Best fitness found so far: 0.3962435441937483; k: 2.0
Generation: 35; 0.3962435441937483; k: 2.0; 153,25,105,209,103,116,161,74,185,60,167,246,231,9,209,152,116,25,105,209,197,63,107,189,98,204,115,7,86,89,200,150,245,234,41,199,37,85,65,51,102,29,115,157,86,41,158,204,178,210,207,209,192,167,143,34,136,173,86,105,223,167,248,95,68,86,241,143,247,192,110,140,116,25,105,209,197,63,107,189,5,235,107,189,187,9,115,7,86,41,200,150,131,249,41,91,200,40,119,86,17,59,200,57,224,39,211,99,170,82,58,241,48,189,187,9,170,151,86,73,48,89,82,185
Best fitness found so far: 0.3962435441937483; k: 2.0
Generation: 36; 0.3962435441937483; k: 2.0; 153,25,105,209,103,116,161,74,185,60,167,246,231,9,209,152,116,25,106,86,42,229,241,95,185,60,51,86,236,59,25,220,224,147,9,51,147,86,41,200,24,245,47,41,91,200,121,119,86,17,59,23,231,9,243
Best fitness found so far: 0.3962435441937483; k: 2.0
Generation: 37; 0.3962435441937483; k: 2.0; 153,25,105,209,103,116,161,74,185,60,167,246,231,9,209,152,176,25,105,239,241,229,161,74,191,46,167,246,231,9,209,152,116,25,105,161,95,229,241,246,221,60,2,86,208,59,91,200,40,119,86,202,247,240,20,133,55,56,68,150,86,105,59,208,85,224,238,187,9,86,184,86,162,48,241,245,185,105,59,208,85,224,238,211,9,235,94,86,25,48,241,175
Best fitness found so far: 0.3962435441937483; k: 2.0
Generation: 38; 0.3962435441937483; k: 2.0; 153,203,105,209,249,116,161,74,191,60,167,246,231,9,209,152,116,200,105,161,241,229,241,48,221,232,2,86,149,59,91,32,40,175,86,107,187,240,20,133,55,56,182,150,86,105,59,208,85,129,238,187,9,86,184,86,162,48,241,245,185,105,59,208,110,78,104,211,51,86,236,47,200,85,224,189,187,221,170,151,86,241,143,179,192,103,51
Best fitness found so far: 0.3962435441937483; k: 2.0
Generation: 39; 0.3962435441937483; k: 2.0; 153,25,105,209,249,116,161,74,185,60,167,246,231,184,209,27,116,25,105,86,72,229,241,152,176,118,105,239,241,82,6,94,185,35,51,86,154,59,191,189,56,9,241,181,86,200,90,60,167,246,231,9,69,136,203,7,86,41,190,150,245,47,41,91,200,40,119,86,239,10,200,38,224,39,187,9,170,99,86,241,232,241,245,185,60,51,86,236,8,58,85,224,189,187,9,11,91,86,241,48,241,83,185
Best fitness found so far: 0.3962435441937483; k: 2.0
Generation: 40; 0.3962435441937483; k: 2.0; 71,25,105,209,249,116,161,74,185,60,167,246,231,9,209,152,116,25,105,86,241,229,241,245,185,60,51,86,236,59,91,125,40,119,86,107,187,240,115,133,62,211,182,150,110,177,141,121,245,222,198,161,52,4,120,237,132,222,200,127,245,47,74,74,185,177,167,246,231,9,209,152,116,25,105,209,246
Best fitness found so far: 0.3962435441937483; k: 2.0
Generation: 41; 0.3962435441937483; k: 2.0; 196,231,105,209,103,116,161,74,185,60,167,246,231,9,209,152,116,25,105,161,88,229,241,246,221,60,2,86,208,59,91,200,40,119,232,46,187,240,20,231,9,209,152,116,25,105,209,51
Best fitness found so far: 0.3962435441937483; k: 2.0
Generation: 42; 0.3962435441937483; k: 2.0; 153,25,105,209,249,71,161,74,185,25,167,246,231,184,209,27,116,25,105,86,72,229,241,152,176,118,105,239,241,82,6,94,185,35,51,86,154,59,191,189,56,9,241,181,86,200,90,60,167,246,231,9,69,136,203,7,86,41,190,150,245,47,41,91,200,40,119,86,239,10,200,38,224,39,187,9,155,9,209,152,116,25,105,86,241,229,241,245,185,60,51,86,236,93,150,227,188,182,238,143,230,136
Best fitness found so far: 0.3962435441937483; k: 2.0
Generation: 43; 0.3962435441937483; k: 2.0; 153,25,105,32,103,21,161,74,185,60,153,246,231,9,209,152,116,25,105,216,197,63,89,82,185
Best fitness found so far: 0.3962435441937483; k: 2.0
Generation: 44; 0.3962435441937483; k: 2.0; 153,25,105,212,103,116,161,74,185,60,27,246,231,84,209,152,116,25,105,86,241,229,241,245,185,60,51,221,236,59,200,77,224,109,58,110,105,209,204,115,75,8,41,59,187,190,23,34,224,87,84,110,90,221,162,192,237,143,179,10,9,125,246,138,207,217,119
Best fitness found so far: 0.3962435441937483; k: 2.0
Generation: 45; 0.3962435441937483; k: 2.0; 153,25,105,209,103,116,161,74,185,60,167,96,231,9,209,152,116,25,105,243,200,175,206,189,50,91,151,116,182,36,106,241,229,42,245,185,60,2,86,236,59,91,168,40,119,86,107,176,240,59,133,62,126,182,60,186,146,160,10,120,44,239,8,187,240,20,133,55,56,182,150,134,105,239,208,204,132,76,187,9,86,215,234,162,48,241,245,185,105,165,37,61,224,238,211,9,235,227,86,243,91,9,217,157,175,241,176,37,185,60,167,246,231,127,209,152,116,147,87,209,90,54,75,86,41,59,213,190,86,34,102,246,230,110,157,221,162,40,237,231,179,10,9,125,246,201,207,217,119
Best fitness found so far: 0.3962435441937483; k: 2.0
Generation: 46; 0.3962435441937483; k: 2.0; 153,25,105,209,249,71,161,74,185,60,53,246,245,9,77,152,116,25,110,20,241,229,109,245,224,189,187,215,217,157,175,241,133,37,185,60,59,246,231,127,209,152,25,147,105,209,90,115,75,86,41,59,187,190,86,34,102,139,230,110,90,221,162,192,209,152,116,25,105,86,241,229,241,245,185,60,51,86,236,59,200,167,224,147,86,41,200,150,245,68,205,91,179,65,119,169
Best fitness found so far: 0.3962435441937483; k: 2.0
Generation: 47; 0.3962435441937483; k: 2.0; 153,25,105,212,103,116,161,74,185,60,27,246,231,84,209,152,116,25,105,86,241,229,241,230,185,60,51,221,236,59,200,193,224,109,208,149,167,246,231,9,209,193,116,25,105,209,66
Best fitness found so far: 0.3962435441937483; k: 2.0
Generation: 48; 0.3962435441937483; k: 2.0; 153,25,230,209,103,116,161,44,185,60,5,246,231,9,209,152,176,25,105,239,241,229,241,200,168,196,211,142,63,184,97,240,3,109,86,16,214,9,140
Best fitness found so far: 0.3962435441937483; k: 2.0
Generation: 49; 0.3962435441937483; k: 2.0; 153,25,105,209,103,116,37,74,185,60,167,246,231,9,209,152,176,25,105,239,241,229,241,118,120,196,51,194,236,59,107,189,187,9,241,138,86,74,90,242,9,115,138,86,46,200,150,86,86,41,16,6,40,149,204,33,225,154,230,80,23,231,55,143,157,170,126,112,204,33,225,59,25,105,86,72,229,241,152,46,200,150,86,86,41,16,6,40,149,204,33,225,154
Best fitness found so far: 0.3962435441937483; k: 2.0
Generation: 50; 0.3962435441937483; k: 2.0; 196,231,105,209,103,116,161,74,185,60,167,246,231,9,209,152,116,25,176,161,88,229,241,246,221,60,2,86,208,59,91,200,40,119,232,107,187,240,20,133,55,51,50,150,86,124,59,208,85,224,248,187,9,90,184,234,162,144,241,245,14,105,59,5,85,224,238,211,9,235,227,86,162,35,9,217,157,175,197,181,74,185,32,167,246,168,7,209,152,116,147,87,209,90,115,75,86,41,59,187,190,86,34,102,173,230,110,205,221,145,192,237,53,89,10,9,125,246,157,135,241,216,82,245,74,130,132,121,67,238,245,47,74,169,94,40,233,33,74,185,60,167,225,231,144,209,20,116,25,105,209,103
Best fitness found so far: 0.3962435441937483; k: 2.0
Generation: 51; 0.3962435441937483; k: 2.0; 153,25,105,209,103,16,161,74,185,60,97,246,231,9,209,152,116,25,105,173,197,185,60,167,51,231,40,131
Best fitness found so far: 0.3962435441937483; k: 2.0
Generation: 52; 0.3962435441937483; k: 2.0; 153,25,105,185,37,116,241,74,185,60,167,246,231,184,31,27,116,25,151,86,72,229,241,152,176,118,105,239,241,82,6,94,131,35,51,86,154,71,191,189,56,9,241,181,86,200,90,60,167,246,231,21,69,136,203,7,86,41,190,150,245,47,41,91,200,40,119,86,239,10,200,38,164,39,187,9,170,99,45,241,54,241,245,185,60,51,86,236,8,58,85,224,241,187,217,86,105,58,167,248,95,68,164,160,143,247,192,110,140,116,25,105,209,197,62,107,105,5,235,107,189,187,9,50,7,163,41,200,150,131,63,246,91,126,166,119,5,174,59,200,7,52,39,211,99,201,82,58,241,48,110,187,152,214,151,86,241,48,241,245,233
Best fitness found so far: 0.3962435441937483; k: 2.0
Generation: 53; 0.3962435441937483; k: 2.0; 153,25,105,209,103,116,161,74,185,60,167,246,231,9,209,152,116,25,105,183,197,63,107,189,98,204,115,7,86,89,200,150,245,234,41,199,37,85,65,51,102,29,115,157,86,41,158,204,178,210,207,209,192,167,143,34,136,173,86,73,45,167,248,95,25,86,241,143,247,74,110,140,116,25,105,209,197,63,107,189,5,235,107,189,5,7,115,7,86,41,200,150,131,249,41,91,200,40,119,86,17,233,200,57,224,39,211,99,170,82,235,241,48,151,187,9,170,151,86,59,217,136,73,138,21,202,76,75,21,75,21,186,249,136,119,79,216
Best fitness found so far: 0.3962435441937483; k: 2.0
Generation: 54; 0.3962435441937483; k: 2.0; 153,203,105,209,29,116,161,59,191,60,167,246,231,9,209,152,116,200,105,161,241,41,241,48,221,156,2,86,8,59,91,32,40,175,86,107,187,240,20,133,55,56,182,150,86,105,59,208,85,129,238,187,9,86,184,196,48,64,187,5,170,114,86,14,48,4,82,185,191,60,167,246,231,9,209,109,116,200,188,161,241,41,241,48,221,232,2,86,149,59,91,32,40,175,86,107,187,240,184,133,55,56,182,150,86,2,29,208,85,129,231,9,209,152,116,25,105,239,241,229,241,245,185,60,51,86,236,59,103,220,224,147,86,41,240,150,172,47,41,91,166,159,91,94,40,67,86,30,187,221,156,151,191,144,30,5,119,103,51
Best fitness found so far: 0.3962435441937483; k: 2.0
Generation: 55; 0.3962435441937483; k: 2.0; 153,25,105,209,103,116,161,74,129,60,167,246,231,9,209,152,116,25,105,239,241,229,241,245,162,60,96,86,236,59,200,29,224,147,86,41,200,150,172,47,41,91,3,74,91,94,40,67,86,25,23,86,241,229,241,245,185,60,51,86,236,59,200,220,224,189,208,149,170,171,86,241,48,241,36,140
Best fitness found so far: 0.3962435441937483; k: 2.0
Generation: 56; 0.3962435441937483; k: 2.0; 165,25,105,209,249,116,161,74,185,60,167,246,231,9,209,152,168,25,105,86,241,229,241,245,175,60,51,65,236,59,6,200,40,119,86,107,148,240,115,216,62,238,102,150,110,17,141,99,220,118,198,132,121,67,21,245,47,74,169,66,97,60,33,107,185,60,167,225,231,41,209,134,102,25,179,209,103
Best fitness found so far: 0.3962435441937483; k: 2.0
Generation: 57; 0.3962435441937483; k: 2.0; 153,25,105,209,221,116,161,74,185,60,167,246,231,39,209,152,116,25,237,250,241,229,241,245,185,60,51,86,236,59,103,220,247,147,86,41,240,150,172,47,41,91,166,74,91,94,236,9,91,107,159,119,86,107,176,248,20,226,38,56,182,150,185,177,185,121,245,118,198,161,65,70,120,237,111,218,105,200,82,245,47,74,91,94,72,51,86,17,209,85,85,93,26,242,59,49,136,96,161,74,191,60,26,246,231,36,209,141,116,25,105,85,241,147,67,246,221,60,93,134,208,59,245,185,105,59,208,85,224,238,211,9,172,184,25,162,48,241,200
Best fitness found so far: 0.3962435441937483; k: 2.0
Generation: 58; 0.3962435441937483; k: 2.0; 153,203,105,209,227,186,43,74,185,60,119,246,231,9,209,152,116,50,159,232,241,245,185,60,51,86,236,8,58,85,224,189,187,41,123,151,86,218,48,241,36,185
Best fitness found so far: 0.3962435441937483; k: 2.0
Generation: 59; 0.3962435441937483; k: 2.0; 153,25,105,209,103,16,161,74,185,60,97,246,231,9,209,152,16,25,105,209,197,63,91,189,98,204,115,7,86,89,200,150,245,234,41,209,37,85,106,40,102,247,243,157,86,41,158,204,178,210,207,24,192,167,143,34,136,217,86,105,58,167,248,95,108,86,241,143,247,131,110,140,25,25,105,209,197,63,107,50,5,235,107,189,187,126,115,7,86,41,200,150,131,249,41,46,51,40,119,110,17,59,200,57,52,39,211,99,201,82,58,241,48,64,187,152,170,151,86,73,48,89,245,185,105,59,208,85,224,238,211,9,172,184,86,162,48,241,200
Best fitness found so far: 0.3962435441937483; k: 2.0
Generation: 60; 0.3962435441937483; k: 2.0; 153,103,105,209,103,116,161,74,185,60,167,246,231,9,209,152,116,25,224,99,241,17,59,200,85,224,189,70,9,170,157,86,241,48,241,245,185,60,51,86,121,59,200,85,224,189,187,9,67,228,86,241,48,167,245,185
Best fitness found so far: 0.3962435441937483; k: 2.0
Generation: 61; 0.3962435441937483; k: 2.0; 153,91,105,209,103,116,161,74,185,60,167,246,231,9,103,152,116,25,134,97,241,116,161,74,185,60,167,246,231,9,180,152,116,25,59,106,247,192,199,140,62,25,105,249,197,63,107,189,57,215,107,189,187,9,30,7,86,224,200,150,153,249,41,100,200,40,119,86,17,32,200,250,52,39,216,99,201,82,218,164,48,64,230,245,247,114,13,185,211,89,82,185,244,9,157,7,86,224,200,150,153,249,41,91,61,40,119,86,17,59,200,37,52,39,211,48,9,82,218,164
Best fitness found so far: 0.3962435441937483; k: 2.0
Generation: 62; 0.3962435441937483; k: 2.0; 153,25,105,209,103,16,161,74,185,60,97,246,231,9,209,152,116,25,105,209,197,63,107,189,159,204,115,7,86,89,200,137,245,133,41,199,37,85,65,40,102,247,115,98,86,41,158,204,232,210,207,24,192,219,143,34,136,217,86,105,58,167,248,95,68,86,241,143,247,192,110,140,116,25,105,209,197,63,107,189,5,175,107,189,202,9,115,7,86,41,200,150,89,249,41,91,200,40,12,86,17,59,200,127,150,86,105,59,208,249,129,238,187,9,86,184,196,48,64,187,245,170,114,86,185,90,92,82,109,191,116,167,246,17,9,209,152,116,200,84,161,241,41,11,126,221,232,2,86,149,59,210,243,40,175,86,234,187,240,20,214,55,56,182,150,86,105,59,208,85,129,232,187,9,86,184,196,48,64,187,245,117,203,48,209,32,116,93,74,191,60,167,246,231,9,209,152,139,200,105,161,241,229,42,48,221,232,2,86,149,59,91,32,40,175,78,107,187,240,20,133,55,56,182,150,86,105,59,208,85,129,238,187,9,86,184,86,162,48,241,245,185,105,59,208,110,78,104,211,51,200,236,47,200,85,224,189,187,221,170,151,86,241,143,179,192,103,155
Best fitness found so far: 0.3962435441937483; k: 2.0
Generation: 63; 0.3962435441937483; k: 2.0; 153,25,105,209,103,116,161,74,185,60,167,246,231,9,209,152,116,25,106,86,42,229,241,95,28,60,51,86,75,119,103,51
Best fitness found so far: 0.3962435441937483; k: 2.0
Generation: 64; 0.42016700223600295; k: 2.0; 153,25,105,209,227,116,161,74,7,86,89,200,150,230,234,41,199,210,138,65,184,102,29,115,157,86,196,158,99,178,210,207,160,192,185,107,34,136,173,86,148,230,40,161,52,95,41,237,132,53,200,223,245,47,74,169,78,234,119,86,195,243,61,175,224,189,245,91,170,157,231,206,216,175,245,74,130,111,217,117,22,104,136,167,224,189,187,188,196,157,86,241,33,65,128,86,72,177
Best fitness found so far: 0.42016700223600295; k: 2.0
Generation: 65; 0.42016700223600295; k: 2.0; 153,25,105,209,227,116,161,74,7,86,89,200,150,230,234,41,199,161,138,65,184,102,29,115,157,86,196,158,99,178,210,99,201,82,58,241,48,64,187,152,170,151,86,241,48,241,232,185
Best fitness found so far: 0.42016700223600295; k: 2.0
Generation: 66; 0.42016700223600295; k: 2.0; 153,25,105,209,227,116,161,74,7,86,89,200,150,230,234,41,199,161,138,65,184,102,29,115,157,86,196,158,99,178,210,99,40,82,58,241,48,17,187,152,174,9,3,152,116,25,105,161,241,229,241,117,8,33,2,86,208,6,91,200,241,119,232,107,173,146
Best fitness found so far: 0.42016700223600295; k: 2.0
Generation: 67; 0.42016700223600295; k: 2.0; 153,25,105,209,227,116,161,74,7,86,89,200,150,230,234,41,199,161,138,65,184,102,6,115,212,86,196,158,99,122,210,99,60,166,246,231,9,209,152,116,25,105,239,241,229,241,245,185,60,51,86,236,59,200,220,224,147,29,41,200,150,172,47,41,91,166,74,91,94,113,67,86,17,243,163,240,224,189,157,111,142,105,179,10,233,36,19,47,41,91,166,74,91,94,40,67,86
Best fitness found so far: 0.42016700223600295; k: 2.0
Generation: 68; 0.42016700223600295; k: 2.0; 153,25,105,209,227,116,65,74,7,86,89,200,150,230,234,41,199,161,138,96,184,102,6,115,212,86,196,211,99,122,210,99,60,166,246,231,142,32,152,116,25,105,239,241,229,241,245,185,60,51,86,236,59,200,220,224,147,29,41,200,150,185,47,41,69,166,74,91,58,113,67,86,17,243,246,231,9,209,133,116,25,105,86,72,212,75,152
Best fitness found so far: 0.42016700223600295; k: 2.0
Generation: 69; 0.42016700223600295; k: 2.0; 153,25,105,209,227,116,65,74,7,86,89,200,150,230,234,41,199,88,138,96,184,102,6,115,212,86,211,211,99,122,210,99,60,166,246,231,142,32,152,116,108,105,239,241,229,241,245,7,60,51,86,236,59,200,220,239,147,130,41,200,25,185,47,41,69,166,74,91,58,113,67,86,131,243,246,102,26,86,241,229,241,95,185,60,4,146,236,10,120,44,239,26,173,19
Best fitness found so far: 0.42016700223600295; k: 2.0
Generation: 70; 0.42016700223600295; k: 2.0; 6,67,105,209,227,116,161,74,7,86,161,200,150,180,22,171,249,241,48,116,178,139,207,160,192,98,107,19,180,173,86,148,124,40,161,136,95,226,237,213,53,200,223,245,47,81,169,78,234,119,86,195,243,25,105,209,249,116,19,74,185,60,53,246,231,9,209,152,116,25,173,86,173,229,212,86,196,158,99,122,210,99,60,166,246,231,9,209,41,116,25,105,145,241,229,241,245,185,60,51,86,236,59,200,220,69,147,29,41,200,150,172,47,41,91,166,74,91,94,113,67,62,17,243,163,240,224,189,157,111,142,105,179,10,233,36,181,47,41,91,166,74,91,94,40,67,86
Best fitness found so far: 0.42016700223600295; k: 2.0
Generation: 71; 0.42016700223600295; k: 2.0; 111,25,105,209,227,116,161,74,7,86,89,200,150,230,46,143,199,210,138,65,184,49,29,115,157,63,236,22,185,178,210,140,67,68,99,241,179,232,88,245,4,60,51,53,236,8,58,85,224,189,187,9,40,151,86,241,48,241,36,185
Best fitness found so far: 0.42016700223600295; k: 2.0
Generation: 72; 0.42016700223600295; k: 2.0; 87,25,190,209,227,116,65,74,105,86,89,200,150,230,234,41,199,88,138,96,184,54,6,115,237,86,211,205,99,122,174,99,218,79,105,99,103,116,161,74,58,142,167,246,231,9,209,152,78,25,105,86,241,150,230,234,41,199,9,138,65,172,102,29,115,157,86,196,158,169,178,132,99,201,162,58,241,48,64,15,152,53,187,103,164,48,241,38,185
Best fitness found so far: 0.42016700223600295; k: 2.0
Generation: 73; 0.42016700223600295; k: 2.0; 153,25,105,209,227,116,161,74,7,86,89,200,156,230,30,41,199,200,138,65,203,102,29,115,157,86,196,158,169,178,210,99,201,162,58,241,48,64,187,99,178,210,99,40,82,153,241,10,17,187,152,174,245,234,41,199,37,85,65,51,6,29,115,157,182,196,22,99,178,210,99,40,149,58,223,209,17,71,152,174,15,31,41,199,37,220,65,93,102,29,21,157,86
Best fitness found so far: 0.42016700223600295; k: 2.0
Generation: 74; 0.42016700223600295; k: 2.0; 107,25,105,209,227,116,161,74,87,146,161,200,150,230,234,41,199,15,124,99,184,102,29,115,230,239,59,200,38,224,39,187,9,170,157,137,218,79,105,207,103,116,161,74,58,219,167,246,231,9,209,152,116,25,105,86,46,150,230,234,41,199,9,138,65,184,102,29,115,145,86,196,158,169,178,210,99,201,162,58,241,48,64,15,152,170,187,103,164,48,241,218,80
Best fitness found so far: 0.42016700223600295; k: 2.0
Generation: 75; 0.42016700223600295; k: 2.0; 109,25,105,209,227,116,161,74,7,86,89,200,150,230,234,41,199,161,138,65,184,102,29,81,157,86,196,158,99,178,78,99,47,117,105,209,227,29,182,74,7,86,89,200,150,103,234,41,96,10,138,246,184,102,49,115,212,86,132,211,99,122,210,99,174,166,246,2,142,32,152,113,25,105,239,241,229,241,245,170,60,51,86,236,59,200,220,224,147,167,194,200,150,185,47,144,69,166,237,86,58,113,67,86,17,243,246,231,9,209,133,116,25,105,86,42,212,75,152
Best fitness found so far: 0.42016700223600295; k: 2.0
Generation: 76; 0.42016700223600295; k: 2.0; 82,25,105,242,227,116,161,74,7,86,161,200,150,230,234,41,199,210,75,65,184,245,47,74,169,78,234,119,86,49,124,25,105,209,249,126,9,115,7,86,89,200,150,245,234,41,199,55,85,65,51,102,40,47,103,89,200,150,230,193,41,105,86,241,232,26,241,48,17,152,152,174,9,215,29,116,25,105,65,71,229,241,117,8,100,2,86,208,74,91,56,241,119,237,101,99,50,231,242,47,74,169,94,14,86,207,86,162,48,61,245,231,178,107,189,187,68,16,7,86,137,160,231,9,209,152,116,25,105,86,241,23,226,95,185,202,51,146,236,10,120,44,239,26,97,19
Best fitness found so far: 0.42016700223600295; k: 2.0
Generation: 77; 0.42016700223600295; k: 2.0; 107,25,105,209,227,116,161,74,7,86,161,200,150,230,234,41,199,210,138,65,184,102,29,115,156,76,196,32,99,171,212,44,160,36,185,107,69,136,173,86,148,66,40,162,52,188,241,229,241,8,185,42,102,6,115,158,69,178,210,207,102,29,115,226,86,101,158,99,178,60,207,62,249,98,107,34,136,173,86,148,179,40,161,52,95,226,237,132,53,200,223,245,47,74,169,78,234,119,86,195,243,25,105,209,249,250,19,74,185,60,53,35,231,9,209,152,116,242,105,86,241,229,241,245,53,60,51,86,236,105,150,227,188,182,238,143,247,136
Best fitness found so far: 0.42016700223600295; k: 2.0
Generation: 78; 0.42016700223600295; k: 2.0; 153,25,40,209,227,116,161,74,7,1,89,200,150,230,234,104,199,212,138,192,184,102,29,115,157,86,196,158,99,178,210,200,121,119,86,17,214,23,231,9,19
Best fitness found so far: 0.42016700223600295; k: 2.0
Generation: 79; 0.42016700223600295; k: 2.0; 111,25,105,209,227,116,169,74,7,221,89,200,150,230,193,109,105,32,241,232,74,185,206,24,171,137,127,14,152,116,240,105,47,103,89,200,150,66,193,41,105,154,241,146,58,241,48,17,152,152,174,9,215,29,132,25,105,161,71,121,241,93,8,100,13,86,208,74,91,56,241,119,237,101,99,200,231,242,47,74,169,94,14,178,210,32,184,192,185,143,34,136,173,86,105,117,114,248,95,68,185
Best fitness found so far: 0.42016700223600295; k: 2.0
Generation: 80; 0.42016700223600295; k: 2.0; 232,25,105,242,227,116,161,74,7,86,89,100,150,230,234,38,199,210,138,13,184,102,29,115,157,63,236,22,185,178,210,140,67,68,41,40,17,72,200,85,224,189,187,9,170,157,86,241,48,241,159,241,48,116,25,105,209,130
Best fitness found so far: 0.42016700223600295; k: 2.0
Generation: 81; 0.42016700223600295; k: 2.0; 153,25,105,209,227,116,161,74,7,86,89,200,150,230,234,41,199,210,138,65,184,102,249,115,140,86,196,158,99,178,177,207,160,192,185,107,34,136,171,86,148,230,105,221,52,95,41,155,209,53,200,223,245,47,74,169,78,234,119,86,195,243,9,175,224,189,245,91,203,105,209,249,116,161,74,191,60,167,246,231,9,101,152,116,25,105,161,89,229,241,246,221,60,2,86,208,59,237,200,40,119,193,107,187,240,20,133,150,230,20,243,91,15,246,231,20,241,197,169,25,105,86,48,177
Best fitness found so far: 0.42016700223600295; k: 2.0
Generation: 82; 0.42016700223600295; k: 2.0; 151,25,105,209,227,116,161,74,7,86,89,200,200,230,174,248,133,86,24,82,240,20,133,247,15,246,231,225,209,197,116,25,111,227,116,161,74,7,86,161,123,135,180,234,171,249,241,48,178,41,116,25,105,145,241,85,117,245,185,192,51,14,236,156,200,220,182,138,227,41,200,150,110,47,41,91,166,74,91,94,113,67,62,17,243,163,240,224,189,157,111,142,105,179,10,233,36,181,47,41,91,166,206,91,157,40,37,86
Best fitness found so far: 0.42016700223600295; k: 2.0
Generation: 83; 0.42016700223600295; k: 2.0; 111,25,105,209,227,116,193,74,7,86,89,200,150,230,227,143,199,210,138,65,184,102,29,115,157,227,116,161,74,180,86,89,200,150,230,234,41,161,161,90,65,184,102,6,115,158,69,178,210,207,160,218,79,105,209,103,116,161,74,185,60,167,68,231,88,209,152,116,25,105,86,241,23,82,95,185,202,51,146,236,55,120,44,239,26,97,36
Best fitness found so far: 0.42016700223600295; k: 2.0
Generation: 84; 0.42016700223600295; k: 2.0; 111,25,105,209,227,116,161,74,7,86,89,200,150,230,234,41,66,210,138,65,184,102,29,115,157,86,196,158,5,178,210,207,160,98,185,107,34,136,173,111,23,230,40,161,153,95,41,86,241,232,241,245,114,60,20,86,236,8,58,85,224,189,187,9,105,151,86,241,107,189,126,141,115,7,96,50,200,50,245,234,41,199,210,237,65,51,102,29,115,92,86,12,158,204,178,210,32,184,192,185,143,34,136,173,86,105,117,167,248,95,91,185
Best fitness found so far: 0.42016700223600295; k: 2.0
Generation: 85; 0.42016700223600295; k: 2.0; 111,25,105,209,227,116,161,74,7,86,89,200,150,230,234,143,120,210,138,65,184,102,29,115,86,89,200,250,230,227,143,199,210,138,65,184,33,29,115,157,63,236,22,185,38,210,140,91,200,121,128,86,17,59,23,231,9,19
Best fitness found so far: 0.42016700223600295; k: 2.0
Generation: 86; 0.42016700223600295; k: 2.0; 111,101,105,209,181,116,169,74,7,221,89,200,150,110,2,109,162,58,241,48,64,187,99,132,210,99,40,82,153,241,10,236,187,152,174,146,234,41,199,198,85,65,51,6,29,115,157,182,196,22,99,178,210,99,40,149,58,223,209,17,71,152,174,78,31,41,176,37,220,65,93,102,29,21,157,86
Best fitness found so far: 0.42016700223600295; k: 2.0
Generation: 87; 0.42016700223600295; k: 2.0; 61,25,105,209,227,116,65,74,7,86,89,200,150,230,135,41,199,161,42,11,241,95,185,60,51,86,236,59,25,220,224,147,217,140,236,86,169,78,227,119,86,49,170,25,105,209,249,207,40,74,185,60,53,246,231,16,209,41,91,189,40,119,86,17,59,200,57,139,39,211,99,201,82,58,196,143,64,100,245,170,114,86,185,126,89,82,185
Best fitness found so far: 0.42016700223600295; k: 2.0
Generation: 88; 0.42016700223600295; k: 2.0; 111,25,105,209,227,116,161,74,7,86,89,200,90,230,36,143,199,210,138,65,106,102,29,144,157,63,196,158,185,178,151,140,119,241,99,241,17,72,200,88,49,189,187,100,170,157,136,241,48,241,56,226,60,51,86,198,59,200,149,59,91,32,40,175,80,107,187,243,34,178,55,56,182,150,86,105,34,240,224,189,157,111,142,105,179,10,233,36,181,47,41,91,166,74,91,94,40,67,86
Best fitness found so far: 0.42016700223600295; k: 2.0
Generation: 89; 0.42016700223600295; k: 2.0; 111,25,105,209,227,116,169,74,105,221,89,200,150,230,193,41,105,234,241,10,17,187,152,174,245,191,41,199,37,85,65,51,6,29,115,157,182,196,200,99,178,210,99,20,149,58,223,209,17,71,152,174,15,31,41,199,37,220,40,93,102,59,21,157,12
Best fitness found so far: 0.42016700223600295; k: 2.0
Generation: 90; 0.42016700223600295; k: 2.0; 111,25,105,209,227,116,161,74,7,221,89,200,150,230,193,41,105,32,241,232,74,185,224,167,246,231,127,209,152,116,69,105,147,103,25,230,86,241,31,241,245,71,25,51,86,236,105,150,31,188,182,92,143,179,232,88,245,146,60,51,53,236,8,58,85,224,189,187,9,212,151,86,241,48,241,36,185
Best fitness found so far: 0.42016700223600295; k: 2.0
Generation: 91; 0.42016700223600295; k: 2.0; 111,25,105,209,227,116,161,74,7,86,89,200,150,230,234,143,199,210,138,65,184,102,29,115,157,63,236,22,185,178,210,3,67,68,99,241,17,72,200,85,224,189,187,9,170,157,86,241,48,21,97,15,25,105,209,103,116,161,74,185,60,33,246,231,239,209,152,116,25,60,159,241,229,241,245,185,60,51,86,240,59,200,129,224,189,208,149,170,94,86,241,48,241,36,185,68,99,241,17,117,200,85,224,227,187,9,96,157,86,241,48,241,97,153,25,101,209,103,116,161,74,185,60,214,246,231,9,209,105,239,241,86,164,48,241,232,132
Best fitness found so far: 0.42016700223600295; k: 2.0
Generation: 92; 0.42016700223600295; k: 2.0; 6,25,105,209,227,116,215,74,7,86,161,200,150,200,150,180,234,171,249,241,48,116,229,105,209,130
Best fitness found so far: 0.42016700223600295; k: 2.0
Generation: 93; 0.42016700223600295; k: 2.0; 109,25,105,209,227,116,161,74,7,86,89,200,150,230,234,144,100,63,58,158,185,204,151,140,119,241,99,241,17,83,200,88,224,189,187,36,170,157,86,241,48,241,56,226,4,151,86,218,9,200,149,59,39,155,40,175,86,107,187,243,34,178,55,56,182,150,86,105,59,208,85,86,236,59,200,220,224,147,86,122,200,150,245,2,41,91,179,107,119,169
Best fitness found so far: 0.42016700223600295; k: 2.0
Generation: 94; 0.42016700223600295; k: 2.0; 82,25,105,209,227,246,161,74,7,86,161,200,150,230,105,40,227,116,161,74,7,86,89,200,150,230,234,143,199,210,128,65,184,102,29,115,157,63,196,158,185,178,210,140,228,241,99,241,167,72,200,85,224,189,187,9,170,157,86,241,48,89,56,226,60,51,86,218,64,200,14,224,176,187,234,170,151,86,203,48,42,245,185
Best fitness found so far: 0.42016700223600295; k: 2.0
Generation: 95; 0.42016700223600295; k: 2.0; 153,25,105,209,227,116,161,189,7,86,89,200,150,230,234,41,161,161,90,61,201,102,107,115,158,69,178,210,207,160,218,79,105,209,103,116,161,74,58,60,167,246,231,9,209,121,116,25,105,86,241,232,230,234,41,199,9,138,65,184,102,29,115,157,86,196,158,35,178,210,99,171,162,58,27,48,64,15,152,170,187,150,230,174,248,161,237,127,240,224,133,157,111,142,78,179,10,178,153,19,47,41,91,9,74,91,94,40,90,86
Best fitness found so far: 0.42016700223600295; k: 2.0
Generation: 96; 0.42016700223600295; k: 2.0; 153,25,105,209,227,116,161,74,7,86,89,200,150,230,234,41,199,210,243,65,184,102,29,115,140,86,196,158,8,178,210,207,160,175,185,107,175,25,171,86,148,230,105,221,52,95,41,155,151,209,139,116,161,61,7,86,61,200,150,230,234,143,199,210,151,226,184,102,29,115,157,86,196,167,246,231,9,209,9,216,7,86,41,134,150,245,47,41,91,200,40,119,86,239,59,200,38,224,39,66,9,236,157,86,241,219,241,245,212,27,51,128,236,8,58,85,197,189,146,9,11,151,86,241,48,241,36,185,200,40,119,86,239,59,200,38,224,39,66,9,236,157,86,241,219,241,245,212,27,51,128,236,8,58,85,197,189,146,9,11,151,86,241
Best fitness found so far: 0.42016700223600295; k: 2.0
Generation: 97; 0.42016700223600295; k: 2.0; 178,25,105,209,227,116,161,74,7,86,89,200,150,230,234,41,199,210,138,65,184,60,29,115,157,86,196,158,99,178,210,207,151,87,98,107,34,136,173,86,148,179,40,161,52,196,161,9,165,151,86,241,30,241,245,185
Best fitness found so far: 0.42016700223600295; k: 2.0
Generation: 98; 0.42016700223600295; k: 2.0; 82,25,105,209,227,116,161,74,7,86,161,200,150,230,234,58,199,210,75,65,184,16,47,74,169,78,234,119,86,49,204,25,105,209,249,126,9,115,187,100,170,157,86,155,48,241,56,226,60,167,93,171,127,209,152,116,147,235,209,1,115,75,210,41,59,187,190,86,34,102,246,230,110,90,182,162,84,237,143,179,10,9,125,246,201,207,217,50
Best fitness found so far: 0.42016700223600295; k: 2.0
Generation: 99; 0.42016700223600295; k: 2.0; 111,25,105,209,227,116,161,74,7,86,89,200,150,230,46,224,199,142,32,152,116,108,105,239,241,56,235,245,7,60,51,86,230,59,200,220,239,147,130,41,200,25,185,47,41,69,166,74,91,58,189,67,86,131,243,246,102,26,86,241,229,241,95,93,60,243,146,236,10,120,44,239,74,173,19,116,161,74,7,86,89,200,150,230,46,224,199
Best fitness found so far: 0.42016700223600295; k: 2.0
Generation: 100; 0.42016700223600295; k: 2.0; 61,25,105,209,227,116,65,74,7,86,89,200,150,230,135,41,199,161,42,11,143,95,185,60,51,86,236,59,25,220,224,147,9,133,236,86,41,200,24,245,47,41,91,200,82,119,150,230,234,143,120,210,138,65,184,102,29,115,103,116,33,74,203,60,49,246,231,9,209,152,116,9,105,209,103
Best fitness found so far: 0.42016700223600295; k: 2.0
Generation: 101; 0.42016700223600295; k: 2.0; 3,235,105,209,227,116,161,74,7,86,89,200,150,230,45,191,199,212,138,129,184,166,62,209,246,116,147,105,209,1,115,75,86,41,185,187,190,86,34,165,246,143,110,90,221,162,192,237,143,179,10,230,193,41,105,32,241,232,74,185,224,167
Best fitness found so far: 0.42016700223600295; k: 2.0
Generation: 102; 0.42016700223600295; k: 2.0; 151,25,105,209,227,116,161,74,7,86,89,200,150,230,174,248,5,210,163,240,224,32,157,111,7,183,179,10,74,185,60,194,246,231,127,112,179,116,110,105,148,204,115,89,200,150,230,234,143,199,210,151,89,200,150,230,193,41,105,36,241,232,74,185,224,167
Best fitness found so far: 0.42016700223600295; k: 2.0
Generation: 103; 0.42016700223600295; k: 2.0; 6,25,105,209,227,116,161,74,7,86,161,200,150,180,234,171,249,241,48,178,41,116,25,105,145,241,85,117,245,185,192,51,14,5,156,200,220,69,158,69,178,210,11,91,86,241,99,241,83,185
Best fitness found so far: 0.42016700223600295; k: 2.0
Generation: 104; 0.42016700223600295; k: 2.0; 153,25,105,71,167,116,161,74,7,86,89,200,105,230,20,133,107,34,136,173,86,23,230,166,161,52,95,41,86,241,132,241,245,185,60,20,86,236,8,58,85,224,189,187,9,105,179,86,241,48,51,75,21,143,249,55,119,227,216
Best fitness found so far: 0.42016700223600295; k: 2.0
Generation: 105; 0.42016700223600295; k: 2.0; 111,25,105,209,227,116,161,224,7,86,89,200,150,230,234,143,199,210,138,65,184,102,29,115,157,63,196,158,51,6,29,115,157,182,196,22,99,178,210,99,40,149,58,241,48,17,187,152,174,15,119,41,199,37,220,65,93,102,29,115,157,86
Best fitness found so far: 0.42016700223600295; k: 2.0
Generation: 106; 0.42016700223600295; k: 2.0; 153,25,105,209,227,116,161,74,7,86,227,200,150,230,234,41,199,161,138,65,184,102,28,99,157,86,196,158,99,178,210,99,40,82,186,241,48,17,187,152,174,9,3,40,116,25,105,161,241,229,241,117,8,33,2,86,26,6,91,200,241,170,138
Best fitness found so far: 0.42016700223600295; k: 2.0
Generation: 107; 0.42016700223600295; k: 2.0; 153,203,105,209,227,116,161,74,7,86,89,200,150,230,234,41,199,210,138,149,184,102,231,115,157,56,196,158,99,178,210,207,160,192,185,107,34,136,173,86,148,230,40,161,52,95,41,237,132,53,200,223,245,47,74,169,78,234,119,86,195,243,61,175,224,189,245,91,170,157,231,206,216,175,245,74,130,111,217,117,22,104,136,167,224,189,187,151,196,157,86,141,33,65,128,86,72,177
Best fitness found so far: 0.42016700223600295; k: 2.0
Generation: 108; 0.42016700223600295; k: 2.0; 153,25,105,209,227,116,65,74,7,86,89,200,150,230,234,97,199,162,192,53,143,189,10,9,125,246,189,207,217,119
Best fitness found so far: 0.42016700223600295; k: 2.0
Generation: 109; 0.42016700223600295; k: 2.0; 160,25,105,209,207,116,109,74,7,86,89,210,210,230,234,41,62,210,219,65,63,102,29,115,83,77,156,105,216,197,63,107,189,126,141,115,7,86,89,226,136
Best fitness found so far: 0.42016700223600295; k: 2.0
Generation: 110; 0.42016700223600295; k: 2.0; 111,25,105,209,227,116,215,74,7,86,89,200,150,230,103,143,199,210,151,226,184,102,29,115,157,86,196,167,246,231,9,209,9,216,7,86,41,190,150,245,47,41,91,200,40,119,86,239,59,163,38,224,98,66,9,170,157,86,241,232,241,245,209,60,51,204,236,8,58,85,224,188,41,105,3,241,232,74,185,224,167,246,231,127,209,152,116,69,105,47,186,89,200,182,230,193,41,105,32,241,232,74,185,224,182,105,3,241,232,74,185,224,167,246,231,127,209,152,116,69
Best fitness found so far: 0.42016700223600295; k: 2.0
Generation: 111; 0.42016700223600295; k: 2.0; 58,3,105,209,227,116,161,74,7,86,89,200,150,230,36,141,199,212,138,129,184,166,127,209,152,126,147,105,209,1,115,75,86,41,59,172,190,75,65,184,245,47,74,169,78,234,119,86,49,243,25,105,209,249,116,19,74,185,60,53,246,231,16,209,152,3,48,105,111,241,14,241,245,53,69,51,86,236,105,150,227,188,182,238,21,179,136
Best fitness found so far: 0.42016700223600295; k: 2.0
Generation: 112; 0.42016700223600295; k: 2.0; 153,25,105,164,227,116,161,74,7,86,89,200,150,230,30,41,199,200,138,65,203,102,29,115,157,86,196,158,169,178,210,99,201,162,58,12,48,64,187,152,224,116,161,74,7,86,89,200,150,230,46,6,199,210,138,65,184,102,29,115,157,99,201,207,168,241,48,64,192,152,170,151,86,241,90,1,73,185
Best fitness found so far: 0.42016700223600295; k: 2.0
Generation: 113; 0.42016700223600295; k: 2.0; 111,25,105,230,227,116,169,74,7,221,89,200,150,230,74,41,105,32,81,232,74,185,248,167,211,231,127,209,152,116,69,105,47,103,89,196,211,99,122,210,107,60,166,246,231,142,32,152,116,25,105,239,241,229,241,245,185,60,51,86,236,59,200,220,25,106,29,41,200,150,185,47,41,69,29,74,91,58,113,67,86,17,243,246,231,9,209,133,116,25,196,86,99,212,75,152
Best fitness found so far: 0.42016700223600295; k: 2.0
Generation: 114; 0.42016700223600295; k: 2.0; 153,25,105,209,225,116,57,74,7,86,89,200,150,230,234,218,199,216,66,65,128,2,222,64,211,244,234,41,187,7,90,65,184,102,6,115,134,69,178,210,207,160,11,79,105,209,103,116,183,74,185,60,167,246,231,109,209,152,116,25,105,167,248,95,68,185
Best fitness found so far: 0.42016700223600295; k: 2.0
Generation: 115; 0.42016700223600295; k: 2.0; 160,25,105,209,227,116,109,74,7,86,161,200,150,180,234,78,249,140,48,116,178,139,207,160,192,98,228,19,25,173,246,148,70,159,20,209,179,169,25,20,112,84,177
Best fitness found so far: 0.42016700223600295; k: 2.0
Generation: 116; 0.42016700223600295; k: 2.0; 107,25,105,209,227,116,161,74,7,86,161,200,150,230,234,41,197,210,138,65,46,102,171,86,148,65,105,221,21,95,41,155,151,53,58,223,245,47,74,169,78,234,119,127,195,243,61,175,224,110,230,86,241,48,241,82,185
Best fitness found so far: 0.42016700223600295; k: 2.0
Generation: 117; 0.42016700223600295; k: 2.0; 153,25,105,209,147,116,161,74,7,86,89,200,150,230,234,41,199,210,243,65,184,102,32,115,140,249,196,158,8,178,210,207,160,175,185,107,34,56,171,86,148,58,240,52,133,247,15,246,8,155,209,197,116,25,105,101,72,177,209,147,116,161,74,7,86,89,200,150,230,234,41,199,210,243,65,184,102,32,115,140,249,196,158,8,178,210,207,160,175,185,107,34,56,171,86,148,58,240,52,133,247,15,246,8,155,209,197
Best fitness found so far: 0.42016700223600295; k: 2.0
Generation: 118; 0.42016700223600295; k: 2.0; 111,25,105,209,227,116,161,74,7,86,89,200,150,230,26,3,199,210,138,49,184,102,39,231,157,86,196,153,25,105,161,227,116,65,74,7,86,89,200,76,230,152,41,199,161,138,96,184,102,6,115,212,86,196,211,99,122,105,99,60,90,242,231,142,32,152,116,25,105,18,241,229,241,245,185,60,97,86,236,193,200,220,193,147,29,133,247,15,246,231,120,209,197,34,54,210,86,72,28,25,105
Best fitness found so far: 0.42016700223600295; k: 2.0
Generation: 119; 0.42016700223600295; k: 2.0; 153,25,105,209,227,116,161,74,7,86,89,200,150,230,234,41,199,210,138,65,184,145,29,115,157,86,196,158,99,27,210,207,160,192,98,107,34,49,173,86,148,179,40,161,52,95,143,237,132,53,200,223,245,47,74,169,78,117,119,86,195,243,25,105,209,249,116,19,74,185,60,142,1,231,9,209,152,171,92,205,41,91,200,40,119,86,17,59,200,57,52,39,211,99,201,82,58,196,143,64,100,210,170,114,86,226,112,89,215,185
Best fitness found so far: 0.42016700223600295; k: 2.0
Generation: 120; 0.42016700223600295; k: 2.0; 61,25,105,209,43,116,65,74,7,86,89,200,150,230,135,41,230,234,41,199,161,147,87,52,102,6,195,158,69,178,210,207,160,192,185,107,60,85,246,231,9,209,152,116,25,4,209,175,241,237,74,185,60,167,246,231,127,53,152,116,110,105,209,44,115,75,86,41,59,187,190,86,34,102,87,84,23,90,221,64,192,237,143,179,10,9,125,246,201,207,216,119
Best fitness found so far: 0.42016700223600295; k: 2.0
Generation: 121; 0.42016700223600295; k: 2.0; 111,25,105,209,227,116,161,74,7,221,89,200,150,230,193,41,105,32,241,232,74,185,224,167,150,172,47,41,91,166,74,91,94,113,67,62,17,243,163,240,224,189,157,111,142,105,179,10,233,36,181,47,41,91,166,74,91,94,40,67,86
Best fitness found so far: 0.42016700223600295; k: 2.0
Generation: 122; 0.42016700223600295; k: 2.0; 111,25,105,209,81,116,161,74,7,86,89,200,150,230,234,143,199,210,138,65,184,102,29,117,234,41,199,27,138,65,184,102,29,115,157,86,196,158,99,178,198,99,40,82,58,241,48,17,187,152,174,204,178,90,60,160,218,89,105,209,233,43,161,74,185,60,167,246,231,9,209,152,116,25,105,86,241,23,226,95,160,202,51,146,236,10,120,23,20,26,97,19
Best fitness found so far: 0.42016700223600295; k: 2.0
Generation: 123; 0.42016700223600295; k: 2.0; 209,25,105,209,227,116,161,74,7,86,89,200,156,230,30,25,199,200,138,65,203,102,29,115,157,86,196,158,169,178,210,99,201,162,58,241,48,64,187,99,178,210,99,40,82,153,241,10,190,187,152,174,245,105,41,199,37,85,65,51,6,29,115,157,182,196,22,99,178,210,99,40,149,58,223,248,17,71,152,174,15,8,41,199,37,220,65,93,102,29,192,157,160
Best fitness found so far: 0.42016700223600295; k: 2.0
Generation: 124; 0.42016700223600295; k: 2.0; 153,25,105,209,227,116,65,74,7,86,89,200,150,230,135,41,199,161,138,96,184,102,6,65,212,86,196,211,44,122,210,99,60,42,246,220,142,32,152,116,7,40,133,86,24,82,240,131,35,247,15,246,231,155,209,197,38,25,105,86,72,177
Best fitness found so far: 0.42016700223600295; k: 2.0
Generation: 125; 0.42016700223600295; k: 2.0; 111,25,105,209,227,116,161,74,7,86,89,200,150,230,161,52,95,226,42,132,53,200,223,88,66,115,157,76,250,32,153,178,34,207,160,88,152,157,73,51,183,86,148,66,243,161,52,95,241,180,241,245,185,42,2,222,64,188,234,200,40,133,31,24,139,207,160,192,98,107,45,180,173,86,148,196,40,161,136,95,226,237,147,53,200,223,16,47,81,5,78,234,2,86,195,243,25,105,209,249,186,19,74,131,60,53,246,48,9,209,152,116,25,173,86,173,229,196,86,196,158,99,122,37,99,60,166,246,231,9,209,41,217,25,105,145,241,229,241,245,118,8,51,86,236,116,71,220,69,147,29,41,200,150,141,47,41,91,166,74,91,94,113,23,170,171,86,34,160,241,36,185
Best fitness found so far: 0.42016700223600295; k: 2.0
Generation: 126; 0.42016700223600295; k: 2.0; 153,25,105,209,227,116,65,74,167,86,89,200,150,230,234,41,199,161,138,96,139,102,6,115,212,86,208,211,99,122,210,99,60,166,246,231,142,32,152,116,25,105,239,241,229,241,150,230,73,179,199,161,111,28,184,102,29,115,157,86,196,158,99,178,210,145,201,82,58,241,48,64,187,152,170,151,86,175,23,241,232,185
Best fitness found so far: 0.42016700223600295; k: 2.0
Generation: 127; 0.42016700223600295; k: 2.0; 153,25,105,209,227,116,65,74,7,86,89,200,150,230,167,41,199,129,138,96,184,102,6,65,212,86,196,211,47,122,210,99,60,42,246,231,142,32,152,116,7,105,239,162,229,23,245,185,60,97,106,236,193,200,220,224,168,29,133,247,15,123,231,155,209,197,34,54,105,86,72,28,25,105
Best fitness found so far: 0.42016700223600295; k: 2.0
Generation: 128; 0.42016700223600295; k: 2.0; 109,25,105,209,227,116,161,74,7,86,89,200,150,230,234,46,199,161,138,65,184,102,29,81,157,86,196,158,99,178,78,191,47,117,105,209,227,29,65,74,7,86,89,200,144,103,234,41,199,161,138,227,104,102,6,115,212,86,132,74,7,86,89,200,104,230,32,41,199,161,196,65,184,102,6,115,158,56,178,177,79,88,192,185,88,2,136,71,86,23,230,236,59,154,220,239,147,130,41,200,25,185,47,41,69,166,74,198,58,113,67,74,131,243,19,92,26,86,241,229,241,95,230,60,4,146,236,10,120,44,239,26,173,91,229,241,95,230,60,4,146,88,10,120,44,239,26
Best fitness found so far: 0.42016700223600295; k: 2.0
Generation: 129; 0.42016700223600295; k: 2.0; 6,25,105,209,227,116,161,74,7,86,161,200,145,180,234,78,249,198,48,116,178,139,207,160,192,7,3,19,136,173,86,148,124,40,161,136,139,226,237,132,53,200,223,245,47,81,232,78,234,119,137,195,243,25,105,209,249,116,19,74,185,126,53,246,231,9,94,152,116,25,230,86,241,31,241,245,53,60,51,86,236,105,150,28,188,182,92,143,116,232,88,245,146,60,51,53,236,8,58,85,224,189,187,9,11,151,34,234,143,199,210,138,65,184,194,29,144,100,63,58,158,185,205,151,140,119,241,99,241,17,83,200,88,224,197,187,100,196,157,86,241,48,241,193,226,56,40,86,218,59,200,149,59,39,155,109,175,86,107,187,165,34,178,161,56,206,150,86,105,59,208,85,86,236,59,200,220,224,149,86,73,200,150,245,47,41,91,179,107,119,169
Best fitness found so far: 0.42016700223600295; k: 2.0
Generation: 130; 0.42016700223600295; k: 2.0; 6,25,105,209,227,116,161,74,7,86,161,200,150,180,234,78,249,140,48,116,178,139,207,20,140,98,3,19,136,173,86,148,124,40,161,105,55,226,237,132,53,49,223,245,47,81,22,209,103,116,161,141,185,17,214,109,231,213,209,152,116,25,60,86,241,229,241,245,195,60,51,86,7,59,244,211,224,189,208,209,170,94,86,241,62,241,149,185,68,99,241,17,72,207,85,224,244,187,9,170,157,86,241,48,81,97,153,25,105,209,89,116,161,237,132,222,200,227,245,47,74,74,185,177,130,246,231,9,209,152,82,25,244,209,228
Best fitness found so far: 0.42016700223600295; k: 2.0
Generation: 131; 0.42016700223600295; k: 2.0; 153,25,105,209,227,116,161,74,7,86,89,200,150,230,234,41,199,86,89,210,210,230,234,38,199,210,219,65,63,102,29,115,83,77,196,105,216,197,63,107,189,126,141,115,7,86,89,117,190,245,234,41,199,210,237,65,51,102,29,115,92,86,20,158,204,178,210,32,184,192,185,221,34,136,173,86,105,117,167,248,95,68,185
Best fitness found so far: 0.42016700223600295; k: 2.0
Generation: 132; 0.42016700223600295; k: 2.0; 153,25,105,209,227,116,65,74,7,86,89,200,160,25,105,209,227,116,161,74,7,86,89,210,210,230,234,41,199,210,219,65,27,102,29,115,83,86,196,158,110,185,60,167,246,231,9,209,152,116,25,105,86,9,229,241,95,248,60,51,146,236,10,9,44,239,26,160,19,234,41,199,210,219,65,82,102,29,61,83,86,155,148,74,133,93,57,246,231,9,209,152,116,25,105,86,9,229,241,95,185,60,198,146,236,10
Best fitness found so far: 0.42016700223600295; k: 2.0
Generation: 133; 0.42016700223600295; k: 2.0; 111,25,105,209,227,116,161,74,7,86,89,200,150,230,234,143,20,210,138,65,184,102,29,144,100,63,58,158,185,204,151,140,119,241,99,154,17,83,200,88,224,189,187,100,170,157,86,241,48,241,56,226,4,40,86,218,59,200,149,59,39,155,40,175,86,107,187,243,34,178,55,56,182,150,86,105,59,208,85,86,236,123,200,220,224,147,197,63,15,189,126,141,115,7,86,39,36,50,245,234,70,199,210,237,65,171,102,63,115,92,86,20,219,204,178,239,32,224,133,157,182,142,183,179,10,235,36,19,47,41,91,27,74,91,94,40,90,27
Best fitness found so far: 0.42016700223600295; k: 2.0
Generation: 134; 0.42016700223600295; k: 2.0; 151,25,105,209,227,116,161,74,7,86,89,200,150,230,174,125,5,210,6,240,224,134,157,111,142,183,179,10,74,185,60,167,246,231,127,112,152,116,110,105,148,204,115,75,86,41,59,187,190,86,34,89,200,247,230,234,41,199,161,138,65,184,102,29,115,157,86,196,158,99,71,210,99,47,82,112,185,224,212
Best fitness found so far: 0.42016700223600295; k: 2.0
Generation: 135; 0.42016700223600295; k: 2.0; 153,25,105,11,227,116,161,74,7,86,89,200,150,230,234,41,199,161,90,65,184,102,6,22,158,69,178,210,207,160,205,185,107,34,136,173,86,23,108,40,161,52,95,41,86,241,232,241,245,185,60,136,86,236,8,58,85,79,25,173,86,245,229,212,86,196,158,99,122,210,149,60,166,208,231,9,209,41,107,25,105,145,241,229,241,245,185,60,51,246,131,59,200,220,179,147,29,41,200,238,172,47,41,91,166,45,91,94,113,67,62,17,126,163,221,202,189,157,111,142,105,179,10,233,228,181,47,41,91,166,74,91,98,200,67,86
Best fitness found so far: 0.42016700223600295; k: 2.0
Generation: 136; 0.42016700223600295; k: 2.0; 29,25,105,209,227,116,161,74,7,86,89,200,150,230,234,3,20,210,12,49,184,23,230,40,161,9,165,151,86,241,30,241,245,185
Best fitness found so far: 0.42016700223600295; k: 2.0
Generation: 137; 0.42016700223600295; k: 2.0; 107,25,105,209,227,116,161,74,7,86,161,200,150,230,234,41,199,19,138,143,184,102,29,115,56,76,196,32,99,245,243,106,160,192,185,107,34,136,173,86,148,66,40,200,52,95,241,229,241,72,197,169,25,105,86,84,44
Best fitness found so far: 0.42016700223600295; k: 2.0
Generation: 138; 0.42016700223600295; k: 2.0; 153,25,105,209,227,116,161,74,7,86,89,195,150,230,234,41,199,6,138,65,184,102,29,115,157,74,7,86,89,200,121,230,234,41,199,116,178,139,207,160,192,98,3,19,107,173,246,148,70,159,20,209,197,169,25,223,86,84,177
Best fitness found so far: 0.42016700223600295; k: 2.0
Generation: 139; 0.42016700223600295; k: 2.0; 111,25,105,209,227,116,161,74,7,86,89,150,150,230,234,143,199,210,138,65,184,233,29,115,157,63,196,158,185,178,210,140,86,241,99,246,17,72,200,85,224,189,187,9,170,157,153,241,48,241,56,91,60,51,86,218,59,200,14,39,176,125,234,170,151,86,241,48,57,58,85,224,189,187,9,11,151,86,54,48,241,36,185,119,189
Best fitness found so far: 0.42016700223600295; k: 2.0
Generation: 140; 0.42016700223600295; k: 2.0; 153,25,170,209,227,156,161,74,7,86,89,200,150,230,234,56,199,210,175,65,184,102,29,7,157,86,196,158,107,196,210,207,151,192,98,107,34,136,173,86,148,240,40,112,52,95,226,7,86,161,200,108,230,234,41,199,210,75,65,184,62,47,74,169,78,227,119,86,49,243,25,105,209,249,207,40,74,185,60,53,246,231,16,209,41,91,22,40,119,205,17,50,200,57,52,39,211,99,201,82,58,196,143,64,100,75,170,114,86,185,34,89,82,185
Best fitness found so far: 0.42016700223600295; k: 2.0
Generation: 141; 0.42016700223600295; k: 2.0; 194,25,105,209,227,116,161,74,7,86,161,200,150,230,234,41,199,210,75,65,184,245,47,74,169,78,115,119,86,49,243,206,105,105,209,227,116,35,74,7,86,89,200,150,230,234,41,1,210,138,65,184,183,29,115,140,86,196,158,99,178,210,100,160,164,185,107,34,136,178,86,90,230,10,221,52,95,41,155,151,53,3,223,245,47,74,169,78,13,119,86,226,237,213,53,200,223,89,109,81,169,78,234,119,86,195,83,25,8,209,249,224,19,74,185,60,53,246,231,46,209,152,116,25,72,86,173,229,212,86,196,158,99,122,210,149,60,171,208,231,9,221,41,107,25,105,145,241,229,241,245,185,60,51,246,131,59,200,220,179,62,29,41,200,27,172,47,41,91,166,74,91,94,113,189,62,17,18,163,240,224,189,157,111,142,105,179,10,233,36,181,47,41,91,166,74,91,98,184,67,86
Best fitness found so far: 0.42016700223600295; k: 2.0
Generation: 142; 0.42016700223600295; k: 2.0; 111,25,105,209,227,116,161,74,7,86,89,200,150,230,234,143,246,78,9,209,41,217,25,105,145,241,229,241,245,118,60,51,86,236,59,71,30,69,147,29,41,200,150,141,47,41,91,166,74,91,223,113,136,170,171,86,241,48,241,36,185
Best fitness found so far: 0.42016700223600295; k: 2.0
Generation: 143; 0.42016700223600295; k: 2.0; 153,25,105,209,227,116,161,74,181,86,89,200,150,230,234,41,199,161,138,65,184,102,29,115,157,86,196,158,206,178,210,99,40,82,58,241,48,17,187,152,174,9,3,152,116,25,105,161,241,229,241,117,8,33,212,86,161,74,7,86,161,200,150,230,234,41,199,210,75,65,184,245,47,74,169,78,234,119,86,49,204,25,105,209,249,126,9,115,7,86,89,200,84,245,234,41,199,55,85,65,60,102,29,115,157,86,20,158,204,178,210,39,160,192,185,242,34,136,109,86,105,117,167,176,9,68,185
Best fitness found so far: 0.42016700223600295; k: 2.0
Generation: 144; 0.42016700223600295; k: 2.0; 160,25,15,224,227,116,161,74,7,86,89,210,210,230,234,41,199,210,219,65,82,102,29,115,110,86,196,158,74,185,175,224,189,230,86,241,48,241,83,185
Best fitness found so far: 0.42016700223600295; k: 2.0
Generation: 145; 0.42016700223600295; k: 2.0; 153,25,105,209,227,116,65,74,7,86,89,200,178,210,11,91,86,91,48,241,83,185
Best fitness found so far: 0.42016700223600295; k: 2.0
Generation: 146; 0.42016700223600295; k: 2.0; 153,25,105,209,227,116,161,74,7,86,89,200,150,230,234,41,199,6,138,65,184,30,29,115,157,84,7,86,89,200,121,230,234,41,199,35,205,116,184,6,29,115,157,60,196,22,158,234,209,99,40,149,215,241,48,17,187,152,174,235,234,41,199,37,220,65,93,102,29,186,157,86,41,197,196,158,99,178,38,99,40,141,58,241,10,17,187,152,174,245,234,41,199,37,85,65,51,6,29,115,157,119,196,22,99,178,210,99,40,149,58,241,48,17,187,152,174,15,234,41,199,37,220,65,93,102,29,115,157,156
Best fitness found so far: 0.42016700223600295; k: 2.0
Generation: 147; 0.42016700223600295; k: 2.0; 111,25,105,209,227,116,193,74,7,86,89,200,150,230,227,143,199,210,138,74,7,86,89,95,68,185
Best fitness found so far: 0.42016700223600295; k: 2.0
Generation: 148; 0.42016700223600295; k: 2.0; 6,67,105,209,227,116,161,74,7,86,161,15,152,170,187,103,164,48,179,60,185
Best fitness found so far: 0.42016700223600295; k: 2.0
Generation: 149; 0.42016700223600295; k: 2.0; 153,25,105,209,227,116,161,74,7,86,89,195,150,230,234,41,199,35,138,65,184,26,29,115,157,74,7,217,19,200,121,230,234,41,199,35,205,65,184,6,29,115,157,182,196,22,99,178,198,99,40,149,58,241,48,17,187,152,174,15,234,41,199,37,220,65,87,102,104,123,157,136,41,158,196,158,99,178,210,99,40,82,58,241,10,17,187,152,174,245,234,41,199,37,85,65,51,6,29,207,157,182,196,22,99,178,210,99,40,149,71,241,48,17,187,152,174,15,234,41,199,37,220,65,93,102,29,115,157,86
Best fitness found so far: 0.42016700223600295; k: 2.0
Generation: 150; 0.42016700223600295; k: 2.0; 153,25,105,209,227,116,161,74,7,86,89,200,150,230,234,41,199,210,138,65,158,102,191,115,140,86,196,158,66,227,116,161,74,7,86,89,200,150,230,34,48,133,86,24,82,240,131,133,247,15,246,8,155,209,197,116,25,105,101,72,177
Best fitness found so far: 0.42016700223600295; k: 2.0
Generation: 151; 0.42016700223600295; k: 2.0; 153,25,105,209,225,116,161,74,7,86,89,200,150,230,234,41,240,221,66,65,184,2,222,64,188,91,194,40,133,86,24,82,240,131,133,247,15,23,200,25,185,47,41,69,166,74,91,58,113,1,86,131,243,55,102,26,86,179,229,241,95,185,60,4,230,236,10,120,44,239,59,187,190,86,1,102,246,217,110,90,221,162,105,237,143,179,10,48,125,246,175,207,217,119
Best fitness found so far: 0.42016700223600295; k: 2.0
Generation: 152; 0.42016700223600295; k: 2.0; 153,25,105,209,227,116,161,74,7,86,89,200,150,230,234,182,161,161,28,65,184,102,163,115,158,69,178,210,115,19,86,41,233,187,190,86,122,102,87,84,29,90,221,172,91,3,40,122,86
Best fitness found so far: 0.42016700223600295; k: 2.0
Generation: 153; 0.42016700223600295; k: 2.0; 153,25,105,209,225,116,161,74,7,86,89,200,150,230,223,41,117,216,241,65,184,2,222,64,211,91,191,23,95,41,155,151,53,200,223,245,47,74,169,78,234,119,86,195,243,61,175,224,189,245,91,144,105,209,249,116,161,74,191,60,167,246,231,9,101,152,116,25,105,161,89,229,241,246,221,60,2,86,208,59,91,200,160,119,86,107,187,240,20,133,55,56,182,155,86,105,189,160,162,224,181,187,9,86,184,86,162,48,241,41,185,105,59,7,195,224,238,211,9,235,94,86,162,48,241,175
Best fitness found so far: 0.42016700223600295; k: 2.0
Generation: 154; 0.42016700223600295; k: 2.0; 111,25,105,209,227,116,169,74,7,221,89,200,76,230,193,41,105,32,241,232,74,185,248,167,74,231,127,209,152,116,69,105,73,103,89,200,150,30,193,41,105,86,241,232,58,241,48,17,187,152,174,9,3,152,116,25,209,161,71,192,241,117,8,33,2,86,208,184,102,29,115,157,99,201,207,168,241,104,64,18,152,170,151,86,241,48,155,73,185
Best fitness found so far: 0.42016700223600295; k: 2.0
Generation: 155; 0.42016700223600295; k: 2.0; 153,25,105,209,227,116,161,74,7,86,89,200,150,230,27,90,247,15,246,231,20,91,197,169,25,241,185,185
Best fitness found so far: 0.42016700223600295; k: 2.0
Generation: 156; 0.42016700223600295; k: 2.0; 153,3,105,209,227,116,161,74,7,86,89,200,150,210,45,191,199,212,138,129,184,166,127,209,152,95,68,185
Best fitness found so far: 0.42016700223600295; k: 2.0
Generation: 157; 0.42016700223600295; k: 2.0; 156,25,105,209,227,116,161,74,7,86,161,200,150,180,118,144,249,4,48,116,178,139,207,160,100,98,3,19,136,173,104,148,124,40,161,136,95,226,153,29,53,200,223,245,47,81,183,78,240,119,86,156,243,150,150,209,249,116,19,74,185,115,53,186,231,9,94,152,116,25,230,86,241,205,46,164,53,60,51,86,236,195,7,100,188,182,85,143,17,72,200,85,144,189,187,9,170,157,86,38,48,9,97,103,25,105,209,103,116,161,74,185,60,194,109,231,9,209,152,116,26,60,86,241,229,241,245,185,60,51,86,236,59,200,129,224,226,208,209,170,94,86,24,48,197,149,88,68,99,241,17,136,200,85,224,130,187,9,170,157,86,241,48,241,97,153,25,105,209,89,116,55,237,132,222,172,127,245,47,74,74,185,177,167,246,231,9,209,50,134,25,105,209,18
Best fitness found so far: 0.42016700223600295; k: 2.0
Generation: 158; 0.42016700223600295; k: 2.0; 6,25,105,209,227,116,161,74,7,86,161,200,150,180,234,245,210,99,60,166,246,231,142,32,152,116,229,105,239,241,229,241,245,7,60,51,86,236,59,200,220,154,147,127,23,200,25,185,47,41,69,166,74,60,58,113,1,86,131,243,55,102,26,86,142,8,241,95,185,60,4,230,236,10,120,44,239,191,187,190,86,1,102,56,217,110,90,163,162,105,77,143,179,10,48,125,246,175,207,124,119
Best fitness found so far: 0.42016700223600295; k: 2.0
Generation: 159; 0.42016700223600295; k: 2.0; 107,25,105,209,227,116,161,74,7,86,161,200,150,230,90,41,199,210,245,65,184,245,47,74,169,62,234,119,86,49,185,248,167,61,231,17,209,154,94,69,105,47,103,89,200,150,230,193,41,105,86,241,232,58,241,48,214,187,152,174,9,3,152,116,25,105,161,71,12,241,117,8,33,2,86,208,74,205,200,241,119,232,107,197,146
Best fitness found so far: 0.42016700223600295; k: 2.0
Generation: 160; 0.42016700223600295; k: 2.0; 72,25,105,209,227,116,161,74,7,86,89,200,150,230,234,41,199,161,232,65,184,102,29,115,157,86,196,117,99,141,157,99,201,82,47,241,48,64,187,152,170,167,96,184,102,135,115,222,86,196,211,94,122,105,99,60,90,191,37,129,32,152,69,35,105,18,241,229,241,245,185,56,97,86,198,193,200,220,224,147,29,133,247,151,246,231,155,209,202,55,38,105,224,147,9,6,236,86,41,200,24,245,47,41,108,200,82,119,10,69,59,54,231,9,59
Best fitness found so far: 0.42016700223600295; k: 2.0
Generation: 161; 0.42016700223600295; k: 2.0; 153,25,105,209,227,116,239,74,7,86,89,200,150,230,234,41,199,161,66,65,184,102,6,115,158,150,178,210,207,160,192,185,107,245,171,246,66,9,209,152,116,25,21,209,175,82,237,74,185,110,167,246,231,127,20,152,116,110,105,209,82,115,75,86,41,59,187,190,86,34,102,87,84,29,90,221,135,192,47,74,74,185,177,167,79,231,9,209,152,134,25,105,209,18,7,86,89,200,150,230,234,41,199,161,66,65,184
Best fitness found so far: 0.42016700223600295; k: 2.0
Generation: 162; 0.42016700223600295; k: 2.0; 153,25,105,209,227,116,161,74,7,86,89,200,150,230,234,41,199,161,36,65,184,102,29,115,157,89,196,158,99,178,249,99,201,82,11,241,48,64,187,152,170,167,96,184,102,6,115,212,86,196,211,94,122,105,99,60,90,246,231,129,107,25,105,209,227,116,50,74,7,86,161,200,150,230,234,41,199,210,57,65,184,102,29,115,157,237,143,32,99,178,212,45,160,223,185,69,79,136,173,86,148,66,40,161,52,95,241,207,241,245,185,42,2,222,64,188,91,200,40,133,86,24,82,240,20,133,247,15,246,231,155,206,197,116,25,105,86,59,177
Best fitness found so far: 0.42016700223600295; k: 2.0
Generation: 163; 0.42016700223600295; k: 2.0; 197,25,105,209,227,121,161,74,7,86,89,200,150,230,234,143,199,210,138,9,184,102,29,115,157,63,196,158,185,178,210,33,86,241,99,241,17,143,115,85,224,189,187,9,24,157,86,241,48,241,56,226,60,51,86,218,59,200,14,161,74,84,124,89,200,150,230,234,41,199,161,138,24,184,102,29,234,157,86,196,158,99,178,210,99,201,82,46,241,48,64,187,152,170,151,118,175,23,241,232,185,196,158,185,178,210,33,86,241,99,241,17,143,115,85,224,189,187,9,24,157,86,241,48,241,56,226,60,51,86,218,59
Best fitness found so far: 0.42016700223600295; k: 2.0
Generation: 164; 0.42016700223600295; k: 2.0; 153,25,105,209,227,116,65,74,105,86,89,200,150,230,149,41,199,88,138,74,184,85,6,115,212,86,211,211,99,122,210,99,60,166,246,231,142,208,152,116,108,105,239,241,229,105,245,91,60,51,86,236,59,200,220,154,147,127,23,200,25,168,47,116,25,105,43,184,229,241,245,12,60,51,86,236,59,200,220,224,147,29,41,200,150,172,47,51,91,166,74,91,94,4,67,86,17,243,163,240,224,189,157,111,142,105,179,10,233,36,19,47,41,91,166,74,94,94,40,27,86,88,138,74,184,85,6
Best fitness found so far: 0.42016700223600295; k: 2.0
Generation: 165; 0.42016700223600295; k: 2.0; 111,25,105,209,227,116,161,74,7,86,89,200,150,230,234,143,199,210,138,65,184,102,29,144,100,63,58,158,238,204,146,140,119,241,99,209,193,83,200,60,224,189,187,100,170,157,86,241,48,241,56,117,105,209,227,116,161,74,149,86,89,200,150,230,45,191,199,212,138,2,184,166,127,209,152,116,147,105,209,171,115,75,86,41,59,187,190,86,34,217,246,230,110,90,221,162,192,237,143,179,10,9,125,246,201,207,217,119
Best fitness found so far: 0.42016700223600295; k: 2.0
Generation: 166; 0.42016700223600295; k: 2.0; 107,25,105,209,227,116,161,74,7,86,161,200,150,230,234,41,199,210,56,65,184,102,29,115,156,76,196,32,99,178,212,207,160,36,185,107,34,88,173,86,148,66,40,48,52,84,241,229,241,8,185,42,102,6,115,158,69,178,210,207,160,192,185,107,60,171,246,40,86,195,243,25,105,209,249,116,19,74,185,68,53,246,231,9,209,3,116,25,173,86,173,229,212,86,196,158,99,122,209,99,60,166,246,231,9,209,41,116,25,105,145,241,229,241,245,185,60,51,86,236,59,200,220,69,147,29,41,200,150,172,47,175,148,166,74,91,94,113,67,62,234,243,163,240,224,189,157,111,142,105,179,10,97,36,181,47,41,144,166,74,91,94,40,67,86
Best fitness found so far: 0.42016700223600295; k: 2.0
Generation: 167; 0.42016700223600295; k: 2.0; 160,25,105,209,227,116,109,74,7,86,89,210,210,230,187,41,62,210,219,65,193,102,29,115,83,77,196,6,216,197,63,15,189,126,141,115,7,86,209,227,116,199,74,7,86,89,200,150,230,234,41,163,161,138,96,184,84,6,115,212,86,196,211,206,60,210,99,60,166,100,231,142,32,152,99,25,105,196,241,229,119,245,185,60,51,86,241,232,75
Best fitness found so far: 0.42016700223600295; k: 2.0
Generation: 168; 0.42016700223600295; k: 2.0; 153,25,105,209,227,116,161,74,7,86,89,200,150,230,234,41,199,161,138,65,184,183,29,115,222,86,196,158,99,178,210,99,116,161,74,7,221,89,200,150,230,193,41,105,32,82,232,74,185,224,167,246,231,127,209,152,116,69,105,47,103,89,200,150,220,161,161,181,65,201,102,107,115,158,69,178,210,207,160,218,41,105,209,103,116,161,74,11,64,18,246,231,9,209,152,116,25,105,86,241,150,113,96,41,199,9,138,65,184,102,29,115,44,86,90,177,169,178,210,99,201,162,58,241,48,64,15,152,170,187,103,164,48,241,185,185
Best fitness found so far: 0.42016700223600295; k: 2.0
Generation: 169; 0.42016700223600295; k: 2.0; 82,25,105,209,9,116,161,99,7,86,161,200,150,230,218,48,199,176,75,157,86,241,48,240,97,153,25,105,209,103,116,161,207,185,209,214,109,231,213,209,152,116,25,60,86,241,229,241,245,185,60,51,86,7,59,244,129,224,189,208,209,200,50,64,234,70,199,210,237,65,171,102,29,115,92,86,20,158,204,178,210,32,224,133,157,182,142,183,179,10,235,36,19,47,67,91,235,76,91,94,40,90,3
Best fitness found so far: 0.42016700223600295; k: 2.0
Generation: 170; 0.42016700223600295; k: 2.0; 6,25,235,209,227,116,161,74,7,86,161,200,150,180,234,171,249,95,226,42,132,53,47,223,102,66,115,157,76,250,32,99,178,212,207,160,192,152,157,34,51,183,86,33,66,243,161,155,95,241,180,241,245,185,42,2,222,64,188,234,200,40,133,168,24,101,129,164,133,247,15,246,250,155,209,197,116,54,105,86,72,28
Best fitness found so far: 0.42016700223600295; k: 2.0
Generation: 171; 0.42016700223600295; k: 2.0; 153,25,105,209,227,116,65,74,7,86,89,200,150,230,234,121,199,196,138,96,184,102,6,115,212,86,196,211,99,182,210,99,60,166,149,231,142,32,152,116,66,105,239,234,143,199,210,138,65,184,17,29,144,65,63,196,158,185,110,151,140,119,241,99,241,243,130,200,88,165,189,187,100,170,157,86,241,48,241,56,226,232,51,86,218,59,200,226,141,91,32,40,175,86,107,187,243,34,178,55,56,182,150,86,105,59,208,85,153,246,187,9,215,184,196,48,64,187,245,170,138
Best fitness found so far: 0.42016700223600295; k: 2.0
Generation: 172; 0.42016700223600295; k: 2.0; 107,25,105,209,227,116,161,74,7,86,161,200,150,230,234,41,199,210,75,65,184,94,47,74,169,78,234,119,86,49,243,25,55,209,249,116,19,74,4,60,53,246,231,16,209,132,3,48,114,86,241,229,241,245,53,60,51,86,236,105,150,227,188,182,238,143,179,215
Best fitness found so far: 0.42016700223600295; k: 2.0
Generation: 173; 0.42016700223600295; k: 2.0; 153,25,105,209,227,116,161,74,7,86,89,200,150,230,234,41,161,161,90,65,184,237,6,84,158,69,178,210,207,160,218,79,105,209,103,116,161,74,185,60,167,246,231,9,209,152,116,80,105,86,241,23,226,95,185,202,51,146,236,10,7,86,89,200,150,230,234,121,199,161,138,96,184,102,6,115,212,86,196,211,99,182,13,99,60,166,149,231,142,115,152,116,66,105,239,233,229,241,245,185,9,209,152,194,25,146,209,130
Best fitness found so far: 0.42016700223600295; k: 2.0
Generation: 174; 0.42016700223600295; k: 2.0; 107,25,105,209,227,116,161,74,7,86,161,200,150,230,234,44,199,210,75,65,27,245,47,74,169,78,234,119,86,49,243,25,81,209,249,116,112,74,185,60,53,246,231,160,209,152,3,116,17,71,152,174,82,31,109,199,37,220,65,93,102,29,21,157,86
Best fitness found so far: 0.42016700223600295; k: 2.0
Generation: 175; 0.42016700223600295; k: 2.0; 84,25,105,209,227,116,161,74,7,86,89,200,150,230,234,41,115,157,99,201,207,168,241,48,64,18,152,170,151,86,63,48,1,73,185
Best fitness found so far: 0.42016700223600295; k: 2.0
Generation: 176; 0.42016700223600295; k: 2.0; 111,25,105,209,227,116,193,74,53,86,89,200,223,230,81,143,199,210,94,65,184,102,29,244,135,63,236,230,234,41,175,88,167,96,184,114,6,115,212,86,173,211,163,214,50,99,215,197,246,231,142,32,152,116,202,105,60,167,246,231,9,61,152,116,25,105,86,241,23,105,86,54,212,161,152
Best fitness found so far: 0.42016700223600295; k: 2.0
Generation: 177; 0.42016700223600295; k: 2.0; 6,25,105,209,227,116,161,74,7,86,161,200,150,180,234,171,249,241,48,116,182,150,215,105,59,208,85,129,238,187,9,155,184,196,48,64,187,245,170,114,39,185,38,92,249,185,191,60,167,246,150,9,209,152,116,200,105,161,30,161,241,48,221,232,2,86,149,59,91,32,40,175,86,107,187,240,20,133,55,56,182,150,17,34,192,128,85,129,238,187,13,86,184,196,48,64,187,245,170,114
Best fitness found so far: 0.42016700223600295; k: 2.0
Generation: 178; 0.42016700223600295; k: 2.0; 79,221,105,209,227,141,161,74,7,86,89,200,150,230,234,143,199,210,138,65,184,102,29,115,157,63,196,158,185,178,210,140,86,241,99,241,17,72,200,85,224,189,187,22,170,157,86,241,48,241,56,226,60,51,86,218,59,200,14,224,176,187,234,170,2,86,208,74,91,200,241,119,232,107,197,146
Best fitness found so far: 0.42016700223600295; k: 2.0
Generation: 179; 0.42016700223600295; k: 2.0; 153,25,105,209,227,116,161,74,7,86,89,200,68,230,32,41,199,161,90,65,184,102,6,115,158,56,178,210,79,160,192,70,107,34,136,173,86,23,230,236,59,154,220,239,147,130,41,200,25,185,47,57,159,191,74,91,58,113,67,86,131,243,19,92,26,86,241,229,241,166,230,60,4,146,236,10,120,44,239,26,173,91,229,3,152,116,25,105,161,74,229,241,117,8,33,2,86,208,74,91,200,241,119,232,107,197,146
Best fitness found so far: 0.42016700223600295; k: 2.0
Generation: 180; 0.42016700223600295; k: 2.0; 153,25,105,209,227,116,65,74,7,86,89,200,150,230,234,159,199,161,142,96,184,102,6,91,148,157,231,206,125,175,245,74,130,111,217,117,22,104,136,167,99,189,156,188,196,157,86,241,33,65,128,86,72,177
Best fitness found so far: 0.42016700223600295; k: 2.0
Generation: 181; 0.42016700223600295; k: 2.0; 45,25,105,209,227,116,161,74,7,86,89,200,150,230,46,143,199,210,138,65,184,49,29,115,157,63,236,200,220,224,10,29,41,200,150,4,74,41,153,230,74,91,94,113,67,86,17,243,163,240,224,189,157,111,142,105,179,10,233,36,19,47,41,91,166,74,91,94,40,67,86
Best fitness found so far: 0.42016700223600295; k: 2.0
Generation: 182; 0.42016700223600295; k: 2.0; 153,25,105,209,227,116,161,74,7,86,89,200,156,230,30,41,199,200,138,65,203,102,96,115,157,86,196,158,169,178,210,99,237,162,58,241,114,64,187,33,178,210,99,40,82,153,241,7,86,89,200,150,230,234,143,199,210,199,226,184,102,29,115,157,86,196,167,246,231,9,209,9,216,66,86,41,190,150,245,47,41,91,200,40,119,86,239,59,200,38,224,39,38,9,240,157,176,130,232,241,245,212,60,51,204,236,8,13,85,224,189,187,9,11,168,86,92,48,241,36,185
Best fitness found so far: 0.42016700223600295; k: 2.0
Generation: 183; 0.42016700223600295; k: 2.0; 130,25,105,209,227,116,161,74,7,86,161,200,150,230,234,41,199,210,75,123,86,241,48,241,97,94,25,53,209,103,116,220,42,185,170,214,109,231,213,209,118,116,25,60,86,241,229,241,126,185,149,51,86,7,13,244,129,224,249,208,209,170,94,86,241,48,241,149,185,68,99,241,17,72,207,85,224,188,187,9,170,157,86,241,48,81,97,153,25,105,136,89,116,161,237,132,222,200,227,245,47,74,74,185,129,167,246,147,9,209,116,161,74,41,22,89,210,210,230,234,41,199,210,219,65,82,102,29,115,83,86,196,181,74,185,60,167,246,231,9,209,152,27,25,105,86,9,229,241,95,185,194,51,146,236,10,9,247,239,26,173,19,234,41,199,210,219,65,82,102,29,115,83,86,196,158,74,185,60,167,246,231,9,209,152,116,138,105,86,193,229,241,95,78,27,51,146,236,218
Best fitness found so far: 0.42016700223600295; k: 2.0
Generation: 184; 0.42016700223600295; k: 2.0; 111,25,105,209,227,116,161,74,7,86,89,200,150,230,161,52,95,18,42,132,53,120,223,102,77,115,157,76,250,32,99,178,212,207,232,192,152,157,236,216,183,138,148,66,243,161,52,95,241,180,241,14,185,126,2,222,64,188,3,200,40,133,86,24,101,240,164,133,247,15,246,250,155,209,197,116,54,105,86,72,28
Best fitness found so far: 0.42016700223600295; k: 2.0
Generation: 185; 0.42016700223600295; k: 2.0; 153,25,105,209,157,116,65,74,107,86,89,200,150,230,135,216,199,161,138,96,184,102,6,65,212,86,196,211,44,122,210,99,60,224,246,231,142,148,152,116,7,105,239,162,229,241,245,185,60,51,206,236,59,200,74,185,235,167,246,231,9,209,152,56,25,105,57,241,229,172,94,185,196,51,181,236,59,107,147,187,9,241,138,86,74,206,60,167,246,231,9,209,152,23,226,95,160,202,148,146,124,40,220,44,239,26,97,61
Best fitness found so far: 0.42016700223600295; k: 2.0
Generation: 186; 0.42016700223600295; k: 2.0; 111,25,105,209,227,116,169,74,7,221,89,200,150,230,193,41,105,32,139,232,74,185,248,167,74,231,127,209,152,116,69,105,47,103,89,200,150,230,193,66,105,86,241,232,58,241,7,157,161,200,150,180,234,171,249,241,48,116,25,105,209,130
Best fitness found so far: 0.42016700223600295; k: 2.0
Generation: 187; 0.42016700223600295; k: 2.0; 111,25,105,209,141,116,161,74,7,221,89,200,150,230,71,41,105,32,241,9,74,185,48,167,246,231,166,209,68,72,69,105,47,117,89,200,150,230,161,161,181,65,82,102,107,103,158,69,178,144,207,160,218,41,172,209,103,116,161,74,89,60,111,246,231,9,209,152,116,25,105,86,241,150,230,236,41,12,9,138,65,184,102,29,115,157,86,196,158,169,178,29,99,201,162,58,241,48,214,15,152,170,207,151,213,98,107,34,136,173,86,148,179,40,170,102,232,226,42,132,236,77,223,102,241,232,196,241,48,17,187,152,237,203,3,152,116,25,105,161,71,229,241,46,8,64,2,52,208,74,91,200,241,119,232,107,2,146
Best fitness found so far: 0.42016700223600295; k: 2.0
Generation: 188; 0.42016700223600295; k: 2.0; 111,25,105,209,227,116,161,74,7,86,89,200,150,230,234,41,199,210,162,65,184,102,29,115,157,86,196,158,69,178,210,207,160,192,185,107,34,136,173,86,23,230,40,161,52,95,41,86,241,199,63,151,226,184,102,29,115,157,86,196,167,246,231,9,209,9,216,7,86,41,190,150,245,47,41,91,200,40,119,86,239,59,200,38,224,120,66,9,170,157,86,241,232,241,245,212,60,51,204,236,102,58,85,224,189,187,9,11,151,86,241,138,241,36,185
Best fitness found so far: 0.42016700223600295; k: 2.0
Generation: 189; 0.42016700223600295; k: 2.0; 111,25,105,209,227,116,161,74,7,86,89,200,150,230,234,143,199,210,138,65,84,102,29,53,246,231,9,209,152,116,157,230,110,241,229,60,245,53,60,51,86,236,105,150,31,188,182,47,143,179,136
Best fitness found so far: 0.42016700223600295; k: 2.0
Generation: 190; 0.42016700223600295; k: 2.0; 153,25,105,209,227,116,161,74,7,86,89,200,150,230,234,41,199,219,138,102,184,102,29,115,157,86,196,158,99,178,210,54,201,82,58,241,48,64,187,137,170,151,86,175,23,241,23,231,9,19
Best fitness found so far: 0.42016700223600295; k: 2.0
Generation: 191; 0.42016700223600295; k: 2.0; 111,25,105,209,227,116,161,74,7,86,89,200,140,230,234,143,199,62,151,89,200,150,113,193,241,97,153,47,105,209,103,116,161,74,185,60,214,246,231,9,209,28,116,25,60,86,241,229
Best fitness found so far: 0.42016700223600295; k: 2.0
Generation: 192; 0.42016700223600295; k: 2.0; 6,25,105,209,227,31,161,74,7,86,161,215,150,180,234,78,249,175,231,116,178,139,207,160,192,98,3,19,136,173,49,148,124,40,161,136,95,226,237,132,53,200,223,245,47,81,183,78,234,119,86,195,243,25,105,209,249,116,19,74,185,60,116,161,74,7,86,89,200,150,230,78,143,199,94,138,65,184,102,29,115,157,86,111,158,69,178,210,11,19
Best fitness found so far: 0.42016700223600295; k: 2.0
Generation: 193; 0.42016700223600295; k: 2.0; 111,25,105,209,227,216,161,74,7,86,89,200,236,230,46,242,199,210,138,65,184,102,29,115,157,71,201,207,168,241,74,112,34,89,200,150,110,193,109,105,32,241,232,74,185,206,167,171,137,127,209,152,168,69,105,47,105,89,200,140,230,193,157,86,79,158,99,178,210,99,40,82,25,180,48,17,187,152,174,201,3,152,116,25,105,161,241,106,94,117,8,33,2,86,208,6,91,146,80,235,232,107,173,146
Best fitness found so far: 0.42016700223600295; k: 2.0
Generation: 194; 0.42016700223600295; k: 2.0; 111,25,105,209,227,116,169,74,7,221,89,200,150,230,193,210,105,32,139,232,74,185,248,167,74,231,127,209,152,116,69,105,172,103,89,200,150,230,193,41,105,86,66,40,161,52,188,241,229,241,8,185,42,102,6,115,78,69,178,210,207,160,192,185,107,60,171,246,231,9,209,152,116,25,4,209,175,241,237,74,185,60,167,148,112,127,209,3,116,110,105,209,204,115,75,86,41,214,121,190,86,34,102,87,84,29,90,221,162,192,24,143,179,10,9,125,246,201,207,217,119
Best fitness found so far: 0.42016700223600295; k: 2.0
Generation: 195; 0.42016700223600295; k: 2.0; 63,3,105,209,227,116,161,74,7,86,89,200,150,230,45,191,236,59,25,220,224,147,9,207,236,86,41,200,145,245,47,41,91,200,248,119,86,69,59,23,231,9,243
Best fitness found so far: 0.42016700223600295; k: 2.0
Generation: 196; 0.42016700223600295; k: 2.0; 242,25,105,209,227,116,161,74,7,86,161,200,114,230,234,41,199,210,138,65,184,102,212,216,157,76,196,32,99,157,144,196,158,99,178,210,99,201,82,155,241,48,64,187,152,170,151,86,241,48,241,232,185
Best fitness found so far: 0.42016700223600295; k: 2.0
Generation: 197; 0.42016700223600295; k: 2.0; 153,25,105,209,227,116,21,74,7,86,9,200,150,230,234,41,199,161,36,65,184,102,29,115,110,86,196,158,99,178,157,221,201,82,47,241,48,64,187,152,170,167,96,184,102,6,115,212,223,196,211,94,94,105,99,60,90,246,205,129,32,152,69,35,105,18,241,229,241,245,185,56,97,86,198,193,200,37,224,147,29,133,247,15,246,231,155,209,222,55,38,212,114,99,241,17,72,200,85,224,241,187,9,170,157,44,241,48,241,97,153,25,105,209,103,116,161,74,185,60,214,246,231,246,52,152,116,25,60,86,241,229
Best fitness found so far: 0.42016700223600295; k: 2.0
Generation: 198; 0.42016700223600295; k: 2.0; 153,25,105,209,227,116,161,74,7,86,89,200,150,230,234,41,199,213,4,65,184,102,29,115,157,86,196,158,99,178,210,99,201,82,58,140,48,64,187,152,159,167,246,231,9,209,152,116,200,105,161,241,41,241,48,221,232,2,86,117,59,91,32,40,175,86,115,187,17,20,133,55,56,182,150,215,105,59,208,238,129,238,187,9,155,184,196,48,64,187,245,170,114,86,185,38,92,82,213,176,60,167,246,150,9,209,152,116,200,105,161,30,41,241,48,221,232,2,86,149,59,91,32,40,175,86,107,187,240,20,133,55,205,41,199,161,138,65,184,102,29,81,157,86,193,158,99,178,78,99,47,117,105,209,227,29,65,74,110,87,89,200,150,103,234,41,199,161,138,227,184,102,6,201,223,86,132,211,86,122,210,99,60,166,246,2,142,32,152,145,25,73,239,241,229,241,245,185,60,51,86,236,59,200,220,224,147,167,205,200,150,185,47,144,69,166,74,86,58,67,67,86,49,243,246,231,9,209,133,116,25,105,86,72,20,75,154
Best fitness found so far: 0.42016700223600295; k: 2.0
Generation: 199; 0.42016700223600295; k: 2.0; 153,25,105,209,227,116,161,74,7,86,89,200,150,230,234,41,199,161,138,65,184,102,29,115,157,86,196,158,99,178,31,99,201,82,58,241,48,6,187,152,170,167,246,231,9,209,152,116,200,105,161,241,150,241,48,156,232,2,86,117,60,91,32,40,175,86,115,187,229,20,17,187,152,164,9,3,29,116,25,105,161,71,229,241,117,8,33,2,86,208,74,91,200,241,119,237,101,222,200,231,242,47,74,169,94,14,86,48,86,162,233,241,245,231,178,107,189,187,9,115,7,86,41,11,150,250,250,170,91,247,40,119,86,17,59,200,85,163,10,85,203,170,200,86,241,232,241,245,185,201,161,63,236,69,58,240,224,189,187,9,11,216,86,241,32,241,101,185
Best fitness found so far: 0.42016700223600295; k: 2.0
Total time of execution of seed 3 : 98168462
Solution Fitness: -0.42016700223600295
Variables: uniform 4 chebyshev split moveNear split join join
