Generation: 0; -0.08695459740055253; k: 2.0; 203,54,59
Best fitness found so far: -0.08695459740055253; k: 2.0
Generation: 1; 0.5039815525638198; k: 2.0; 78,215,65,15,227,176,239,200,79,94,197,24,86
Best fitness found so far: 0.5039815525638198; k: 2.0
Generation: 2; 0.40187722722383523; k: 2.0; 15,164,161,151,107,19,85,16,87,10,196,228,225,41,245,191,2
Best fitness found so far: 0.5039815525638198; k: 2.0
Generation: 3; 0.5859781458361203; k: 2.0; 78,215,65,15,227,176,239,200,79,94,74,135,101,61,196,157,246,10
Best fitness found so far: 0.5859781458361203; k: 2.0
Generation: 4; 0.4480360811220418; k: 2.0; 245,31,202,15,185
Best fitness found so far: 0.5859781458361203; k: 2.0
Generation: 5; 0.5662866266950699; k: 2.0; 193,215,65,15,227,176,239,57,143,66,189,40,53,48,197,24,249
Best fitness found so far: 0.5859781458361203; k: 2.0
Generation: 6; 0.49685412257253303; k: 2.0; 155,31,183,215,129,215,161,15,227,176,239,200,79,188,178,249,242,72,21,177,117,134,49,183
Best fitness found so far: 0.5859781458361203; k: 2.0
Generation: 7; 0.5859781458361203; k: 2.0; 78,215,65,15,227,176,239,200,79,94,74,135,101,40,119,124
Best fitness found so far: 0.5859781458361203; k: 2.0
Generation: 8; 0.5859781458361203; k: 2.0; 78,49,65,15,227,176,239,200,79,94,74,135,101,119,196,31,183,215,65,15,227,176,239,125,79,206,197,24,249
Best fitness found so far: 0.5859781458361203; k: 2.0
Generation: 9; 0.5859781458361203; k: 2.0; 78,215,65,9,227,176,239,200,79,94,74,135,101,61,196,197,24,249
Best fitness found so far: 0.5859781458361203; k: 2.0
Generation: 10; 0.5859781458361203; k: 2.0; 72,215,65,15,227,176,239,200,79,94,13,20
Best fitness found so far: 0.5859781458361203; k: 2.0
Generation: 11; 0.5859781458361203; k: 2.0; 154,239,65,15,1,176,143,200,124,164,161,151,107,19,85,16,87
Best fitness found so far: 0.5859781458361203; k: 2.0
Generation: 12; 0.5859781458361203; k: 2.0; 109,93,65,15,227,176,181,200,79,94,74,135,101,61,214,230,195,13,146,33,161,87,67,52,48,244,7,239,200,79,94,74,178,101,119,196,67,35,215,106,90,102
Best fitness found so far: 0.5859781458361203; k: 2.0
Generation: 13; 0.5918477810510068; k: 2.0; 69,247,163,215,65,15,227,176,239,200,79,194,85,16,175,10,138,228,225,100,175,109,2
Best fitness found so far: 0.5918477810510068; k: 2.0
Generation: 14; 0.5859781458361203; k: 2.0; 78,85,65,15,1,176,239,200,124,164,190,239,57,224,66,189,142,247,163,215,65,15,166,176,46,225,100,134,109,2
Best fitness found so far: 0.5918477810510068; k: 2.0
Generation: 15; 0.5859781458361203; k: 2.0; 78,215,65,9,227,176,239,200,79,94,74,135,101,61,196,197,24,65,15,1,176,239,200,226,164
Best fitness found so far: 0.5918477810510068; k: 2.0
Generation: 16; 0.5859781458361203; k: 2.0; 78,215,65,15,1,176,239,200,68,164,161,151,110,19,247,33,12,142,200,30,94,215,65,15,1,176,239,200,68
Best fitness found so far: 0.5918477810510068; k: 2.0
Generation: 17; 0.5918477810510068; k: 2.0; 69,247,163,215,65,15,227,176,239,200,79,194,85,16,175,10,138,228,135,101,222,112,157,246,39
Best fitness found so far: 0.5918477810510068; k: 2.0
Generation: 18; 0.5859781458361203; k: 2.0; 202,85,65,15,111,176,239,185,124,164,190,239,57,224,66,8,101,27,163,215,65,15,113,176,239,200,110,94,101,61,196,15,157,1,208,227,200,30,94
Best fitness found so far: 0.5918477810510068; k: 2.0
Generation: 19; 0.5859781458361203; k: 2.0; 78,215,65,15,35,176,145,200,79,94,74,135,101,222,135,101,20,119,124
Best fitness found so far: 0.5918477810510068; k: 2.0
Generation: 20; 0.5918477810510068; k: 2.0; 69,247,163,215,65,15,227,176,239,200,79,194,85,16,175,10,138,228,135,101,222,112,101,40,50,206,197,107,19,85,16,87,10,59,151,107,19,85,16,87,222,112,101,40,50,206
Best fitness found so far: 0.5918477810510068; k: 2.0
Generation: 21; 0.5950143077434336; k: 2.0; 83,215,65,15,35,176,145,200,79,94,213,135,101,222,135,101,30,65,15,108,176,239,205,124,164,201,247,19
Best fitness found so far: 0.5950143077434336; k: 2.0
Generation: 22; 0.5950143077434336; k: 2.0; 83,215,65,15,35,176,145,200,79,94,213,135,101,222,135,101,30,65,15,100,176,239,205,124,164,130,247,100,175,109,2
Best fitness found so far: 0.5950143077434336; k: 2.0
Generation: 23; 0.5859781458361203; k: 2.0; 109,75,65,15,227,176,181,200,79,94,74,135,101,61,65,201,157,65,208,227,228,63,47,132,53,130,40,105,63,79,94,74,135,101,61,65
Best fitness found so far: 0.5950143077434336; k: 2.0
Generation: 24; 0.5950143077434336; k: 2.0; 83,215,65,15,35,176,145,200,79,94,213,135,101,222,135,101,30,65,15,108,206,239,205,124,200,30,94
Best fitness found so far: 0.5950143077434336; k: 2.0
Generation: 25; 0.5918477810510068; k: 2.0; 69,247,163,215,65,15,227,176,239,200,79,194,85,16,175,10,128,228,109,247,178,15,227,176,181,200,79,207,221,135,101,61,145,15,164,68,151,164,19,183,15,1,176,239,200,124,164,94,218,135,101,61,145,15,164,161,151,164,19,183,119,1
Best fitness found so far: 0.5950143077434336; k: 2.0
Generation: 26; 0.5950143077434336; k: 2.0; 83,215,65,15,35,176,145,200,79,94,213,135,101,37,135,101,30,65,15,108,206,239,200,30,94
Best fitness found so far: 0.5950143077434336; k: 2.0
Generation: 27; 0.5918477810510068; k: 2.0; 69,247,163,215,65,15,227,176,115,200,79,139,103,16,107,10,138,228,219,94
Best fitness found so far: 0.5950143077434336; k: 2.0
Generation: 28; 0.5918477810510068; k: 2.0; 69,247,163,215,65,15,227,176,9,200,79,194,85,16,175,10,138,228,219,95,19,210,16,87,10,32,164,246,196,16,87,10,32,24,93,73
Best fitness found so far: 0.5950143077434336; k: 2.0
Generation: 29; 0.5950143077434336; k: 2.0; 83,215,65,15,35,176,145,200,79,94,213,135,101,222,135,101,30,65,65,15,227,176,239,200,190,94,74,28,101,40,50,206,197,107,19,85,16,87,10,59,61,107,19,85,16,87
Best fitness found so far: 0.5950143077434336; k: 2.0
Generation: 30; 0.5950143077434336; k: 2.0; 83,215,65,15,35,176,145,200,79,94,213,135,101,222,135,206,30,65,65,15,227,176,239,200,190,94,74,28,101,40,141,206,197,107,19,85,16,87,10,59,107,10,138,228,219,94
Best fitness found so far: 0.5950143077434336; k: 2.0
Generation: 31; 0.5950143077434336; k: 2.0; 223,215,65,15,193,176,145,200,79,94,41,135,101,222,135,101,30,65,65,15,246,176,239,200,34,215,74,28,93,40,50,206,197,107,19,85,16,87,203,48,61,107,19,85,119,65,15,227,176,181,200,123,94,74,135,101,150,145,87,24,161,151,149,99,183,215,65,38,159,200,79,94,152,215,25,160,195,239,200,42,171,10,138,228,219,94
Best fitness found so far: 0.5950143077434336; k: 2.0
Generation: 32; 0.5950143077434336; k: 2.0; 83,215,65,15,35,176,145,200,79,94,213,135,101,222,135,101,30,65,15,100,176,239,205,124,164,130,151,100,74,135,101,40,119,124
Best fitness found so far: 0.5950143077434336; k: 2.0
Generation: 33; 0.5950143077434336; k: 2.0; 78,235,65,15,35,176,145,200,11,94,213,135,181,222,121,101,30,65,30,116,227,176,239,200,190,94,74,28,101,104,50,206,161,87,67,52,48,244,7,239,200,79,94,74,178,101,149,196,67,239,200,79,94,64,87,10,28,225,107,19,85,43,87
Best fitness found so far: 0.5950143077434336; k: 2.0
Generation: 34; 0.6235486958179497; k: 2.0; 69,247,163,215,65,15,227,176,239,200,79,194,85,16,175,10,93,228,109,34,123,15,227,176,181,200,172,60,36,135,101,40,145,15,164,23,151,164,19,183,15,1,57,56,142,220,142,18,163,212,65,159,166,33,181,215,65,15,227,176,181,200,79,94,74,135,110,61,196,15,185,65,15,227,176,239,200,79,239,200,79,194,85,16,175,10,138,228,225,100,175,109,228,44,214,138,135,91,244,33,164,67,158,3,5,234,185
Best fitness found so far: 0.6235486958179497; k: 2.0
Generation: 35; 0.5950143077434336; k: 2.0; 83,215,65,15,35,176,145,200,79,94,213,135,101,222,135,206,30,65,31,15,227,176,239,200,190,208,74,28,101,40,101,61,196,197,157,249
Best fitness found so far: 0.6235486958179497; k: 2.0
Generation: 36; 0.5950143077434336; k: 2.0; 83,215,65,15,35,176,145,200,79,94,213,135,193,222,135,101,30,65,15,108,206,209,205,205,124,150,130,247,100,175,109,2
Best fitness found so far: 0.6235486958179497; k: 2.0
Generation: 37; 0.5950143077434336; k: 2.0; 83,215,65,15,35,176,65,200,79,94,213,135,101,222,135,101,30,65,173,108,176,239,202,124,164,201,145,200,79,94,213,135,101,222,135,101,102,189,226,108,176,239,205,124,164,190,47,197,41,135,101,72,135,101,30,203,237,147,205,124,150,130,247,20,175,109,2
Best fitness found so far: 0.6235486958179497; k: 2.0
Generation: 38; 0.5950143077434336; k: 2.0; 223,57,65,15,35,176,145,200,79,94,217,135,101,222,135,101,30,65,65,76,242,197,107,19,209,16,1,10,59,107,19,5,133,94,213,135,101,78,135,208,30,65,87,78,176,239,216,124,226
Best fitness found so far: 0.6235486958179497; k: 2.0
Generation: 39; 0.5950143077434336; k: 2.0; 223,3,65,15,35,176,249,200,79,59,41,135,33,222,135,101,30,65,65,15,135,21,222,87,206,30,65,91,15,227,121,101,30,65,135,101,222,135,206,30,65,65,15,227,176,239,200,190,94,74,28,101,40,141,30,197,107,19,85,80,87,136,59,107,10,94,228,219,94
Best fitness found so far: 0.6235486958179497; k: 2.0
Generation: 40; 0.5950143077434336; k: 2.0; 83,215,65,15,35,176,145,200,79,94,185,135,101,222,135,101,30,65,15,225,137,239,205,124,229,130,151,222,135,101,30,65,65,15,227,249,99,175,190,91,74,28,123,40,50,3,234,96,67,207,48,38,79,239,83,200,225,194,85,246,238,168,97,228,176,239,122,124,124
Best fitness found so far: 0.6235486958179497; k: 2.0
Generation: 41; 0.5950143077434336; k: 2.0; 223,3,65,15,35,176,249,200,79,59,41,135,33,222,135,101,30,65,65,15,135,21,222,87,206,30,65,91,15,227,121,101,30,65,135,101,222,135,206,30,65,65,15,227,176,239,200,190,94,74,61,101,40,141,30,197,71,176,129,205,179,189
Best fitness found so far: 0.6235486958179497; k: 2.0
Generation: 42; 0.6235486958179497; k: 2.0; 69,247,163,215,65,15,227,176,239,200,79,194,85,16,175,10,93,228,109,34,123,15,227,176,181,200,172,60,36,135,101,40,145,15,164,23,151,164,19,183,15,1,57,56,142,220,142,18,163,212,65,159,166,33,208,30,65,87,78,176,239,216,124,226
Best fitness found so far: 0.6235486958179497; k: 2.0
Generation: 43; 0.5950143077434336; k: 2.0; 223,57,65,15,35,176,145,200,79,94,41,135,101,222,135,101,30,65,65,15,242,181,23,200,34,215,74,221,101,40,50,206,197,107,140,26,15,100,204,218,205,240,150,130,91,100,175,190,109,34,123,15,227,176,229,192,172,149,36,135,101,40,145,15,155,23,151,164,19,183,15,1,191,56,142,220,142,18,163,212,65,159,166,33,166,215,65,15,227,176,41,200,79,94,74,135,110,61,162,15,185,65,15,227,176,95,200,77,239,200,79,194,85,16,159,10,138,228,225,100,44,109,228,44,214,138,17,91,244,121,67,67,241,3,5,234,185
Best fitness found so far: 0.6235486958179497; k: 2.0
Generation: 44; 0.5950143077434336; k: 2.0; 12,215,65,15,35,176,145,200,79,94,213,135,101,222,139,101,176,145,200,79,94,74,135,101,232,40,141,206,197,107,91,85,16,87,136,56,107,10,138,228,219,94
Best fitness found so far: 0.6235486958179497; k: 2.0
Generation: 45; 0.5950143077434336; k: 2.0; 83,215,65,48,35,196,145,200,79,94,213,135,101,222,135,101,30,65,15,69,20,47,215,65,15,227,176,9,200,79,194,85,16,175,10,138,228,200,95,19,210,16,87,10,32,164,246,196,16,87,10,132,94
Best fitness found so far: 0.6235486958179497; k: 2.0
Generation: 46; 0.6235486958179497; k: 2.0; 8,247,163,215,65,15,227,176,239,200,79,194,85,16,247,10,93,228,109,34,123,15,227,176,181,200,172,60,36,135,247,40,145,156,164,23,151,106,19,183,15,1,57,56,142,220,142,18,163,212,65,159,166,189,181,215,65,160,227,37,44,214,138,179,91,244,33,44,67,158,76,5,15,71
Best fitness found so far: 0.6235486958179497; k: 2.0
Generation: 47; 0.6235486958179497; k: 2.0; 69,247,163,215,65,15,227,176,239,200,79,194,85,16,175,10,93,228,243,34,123,15,227,176,181,200,172,60,36,60,101,40,145,15,164,23,151,164,19,183,15,1,57,56,180,220,142,18,163,246,65,159,166,33,181,215,65,15,227,176,181,200,79,94,74,135,110,61,196,215,65,15,126,176,145,200,79,94,199,135,138,222,135,98,30,105,65,168,99,176,55,202,190,94,74,67,101,40,72,206,197,107,19,190,200,190,239,74,70,101,40,141,206,197,107,19,7,16,87,214,59,15,108,206,239,205,55,200,47,1
Best fitness found so far: 0.6235486958179497; k: 2.0
Generation: 48; 0.6235486958179497; k: 2.0; 69,247,163,215,65,15,227,176,239,200,79,194,85,16,175,10,215,228,109,34,123,15,227,176,181,200,172,60,36,135,101,40,145,15,164,23,151,164,19,124,124
Best fitness found so far: 0.6235486958179497; k: 2.0
Generation: 49; 0.6235486958179497; k: 2.0; 69,247,163,215,65,15,227,176,239,200,79,194,85,16,175,10,93,228,137,34,123,15,227,176,181,200,172,60,36,135,101,40,145,15,164,23,151,164,19,183,15,1,57,56,142,220,142,81,163,201,65,159,166,33,208,30,65,112,219,94,215,65,248,35,91,145,200
Best fitness found so far: 0.6235486958179497; k: 2.0
Generation: 50; 0.6561100679027173; k: 2.0; 69,247,163,215,65,15,227,176,239,200,79,194,85,16,175,10,215,226,109,34,123,15,227,176,181,200,172,60,36,135,101,40,145,15,164,23,151,164,94,213,135,101,222,135,101,30,65,15,185
Best fitness found so far: 0.6561100679027173; k: 2.0
Generation: 51; 0.6188198804398943; k: 2.0; 8,247,163,215,65,15,227,176,239,200,79,240,85,16,247,200,79,194,137,118,175,10,146,228,175,100,39,199,228,56,214,138,166,91,244,33,95,67,158,3,5,222,124,157,246,19,85,16,67,136,59,224,36,138,228,219,94
Best fitness found so far: 0.6561100679027173; k: 2.0
Generation: 52; 0.6235486958179497; k: 2.0; 69,247,163,215,65,15,227,176,239,200,79,194,85,16,175,10,93,228,109,34,123,15,227,176,181,200,172,60,36,135,101,62,145,71,164,23,151,164,19,121,84,1,57,56,142,220,142,18,163,212,65,159,245,33,181,215,65,15,227,176,181,200,101,94,74,135,110,61,196,15,185,65,15,227,176,239,200,79,239,152,79,194,85,167,175,10,138,79,94,74,135,110,61,196,15,185,86,15,227,176,239,200,79,239,200,79,194,85,16,175,10,138,228,225,184,195,109,228,44,214,138,135,91,244,33,164,67,158,3,134,234,185
Best fitness found so far: 0.6561100679027173; k: 2.0
Generation: 53; 0.6235486958179497; k: 2.0; 69,247,163,215,65,15,227,176,239,200,79,194,85,16,175,10,93,228,137,34,123,15,227,176,181,200,172,60,36,135,101,40,145,15,162,23,151,164,19,183,15,1,97,227,215,74,180,124,40,50,104,214
Best fitness found so far: 0.6561100679027173; k: 2.0
Generation: 54; 0.6235486958179497; k: 2.0; 69,247,163,215,65,15,227,176,107,200,79,194,85,16,175,10,93,228,243,34,123,15,227,176,181,200,172,60,36,60,101,40,145,162,164,23,151,186,19,183,15,1,57,56,180,220,142,18,163,166,65,159,166,33,181,215,65,15,227,176,181,200,79,94,74,135,110,61,196,215,65,15,126,176,145,200,150,94,199,135,138,222,135,98,30,105,65,168,99,176,55,202,71,94,74,67,246,40,72,206,79,94,152,215,25,160,195,179,200,42,171,49,227,176,181,200,123,94,13,135,43,150,145,87,24,137,151,149,99,183,215,65,247,159
Best fitness found so far: 0.6561100679027173; k: 2.0
Generation: 55; 0.6235486958179497; k: 2.0; 69,247,163,215,65,15,227,176,239,200,79,194,85,121,175,10,93,228,109,34,123,15,227,176,181,200,172,60,36,135,101,62,145,82,164,23,151,164,19,121,236,196,57,107,100,14,180,228,44,214,203,109,2
Best fitness found so far: 0.6561100679027173; k: 2.0
Generation: 56; 0.6235486958179497; k: 2.0; 8,247,163,215,65,15,227,176,239,200,79,194,85,16,159,10,93,228,109,34,123,15,227,176,181,200,172,60,36,165,15,164,217,101,222,135,101,30,65,15,82,176,37,74,124,155,60,151,100,74,135,101,40,119,124,176,181,200,172,60,36,165,15,164,217,101,222,135,101,30,65
Best fitness found so far: 0.6561100679027173; k: 2.0
Generation: 57; 0.6235486958179497; k: 2.0; 8,247,163,221,65,15,227,176,239,200,79,194,85,16,159,10,93,98,109,34,123,15,227,176,181,200,172,60,36,8,15,164,217,101,222,135,101,30,65,15,82,176,37,74,124,155,60,151,100,74,135,101,139,119,124,176,181,145,172,60,36,165,15,65,15,35,176,145,200,79,94,213,135,101,222,135,101,30,65,65,89,227,176,239,200,190,94,74,28,101,40,50,206,161,87,67,52,162,16,7,239,200,79,94,74,178,101,119,196,67,35,33,218,90,102
Best fitness found so far: 0.6561100679027173; k: 2.0
Generation: 58; 0.6235486958179497; k: 2.0; 79,247,163,215,73,15,227,176,239,200,79,194,85,121,175,10,93,228,175,34,123,15,227,176,181,200,172,60,36,135,101,62,145,82,164,71
Best fitness found so far: 0.6561100679027173; k: 2.0
Generation: 59; 0.6235486958179497; k: 2.0; 8,247,163,221,65,15,227,176,239,200,79,194,85,16,159,10,93,98,109,34,79,15,227,176,181,200,172,60,36,8,15,164,217,101,222,135,141,207,65,15,38,176,37,74,124,155,60,151,100,74,135,101,139,119,124,176,181,145,172,60,36,91,244,33,219,67,158,76,105,15,71
Best fitness found so far: 0.6561100679027173; k: 2.0
Generation: 60; 0.6235486958179497; k: 2.0; 69,151,163,215,65,50,227,176,239,200,79,194,85,16,91,10,93,228,137,34,123,15,227,176,181,200,154,60,36,135,101,40,107,15,5,23,151,164,19,183,101,1,92,239,215,74,219,124,40,50,104,172,60,36,135,101,240,145,82,177,23,151,164,19,121,236,196,168,81,100,14,180,228,44,86,245,109,77
Best fitness found so far: 0.6561100679027173; k: 2.0
Generation: 61; 0.6561100679027173; k: 2.0; 69,247,163,215,65,15,227,176,239,200,79,194,85,16,175,10,215,226,109,34,123,15,227,176,37,200,172,60,36,135,101,40,24,15,164,23,151,164,94,213,135,101,163,135,15,227,176,181,200,172,60,191,198,9,164,160,101,12,135,101,30,65,210,82,176,37,74,124,110,60,176,100,74,211,101,195,119,124,61,181,42,172,60,36,165,15,164,217,101,40,145,15,164,143,151,164,19,223,124,37,74,126,155,60,176,100,74,135,206,195,119,124,176,181,120,172,241,36,165,15,164,217,101,40,145,161,164,44,151,164,19,124,124
Best fitness found so far: 0.6561100679027173; k: 2.0
Generation: 62; 0.6561100679027173; k: 2.0; 69,247,163,215,65,15,227,176,239,200,79,194,85,16,175,10,215,226,109,34,123,15,227,176,181,200,172,60,36,135,101,40,200,22,60,176,60,119,196,67,239,200,79,94,181,87,10,190,225,107,19,85,16,87,200,79,194,85,16,175,10,215,226,109,34,123,15,227,176,181,200,172,60,36,135,101,40,200,22,60,176
Best fitness found so far: 0.6561100679027173; k: 2.0
Generation: 63; 0.6235486958179497; k: 2.0; 69,247,163,215,65,15,227,176,239,200,79,194,85,16,175,10,93,228,109,34,123,15,227,176,181,200,172,60,137,135,101,40,145,15,207,23,151,164,19,183,15,122,57,56,142,220,142,18,163,212,65,159,166,33,208,30,101,40,18,136,59,224,36,138,228,219,94
Best fitness found so far: 0.6561100679027173; k: 2.0
Generation: 64; 0.6561100679027173; k: 2.0; 69,247,163,215,65,15,227,176,239,200,79,194,85,16,175,10,215,226,109,34,123,15,227,176,37,200,172,60,36,135,101,40,24,15,164,23,151,164,94,213,135,101,163,135,15,227,176,181,200,172,60,191,198,9,164,160,101,12,135,101,30,65,210,82,138,37,74,124,210,60,176,100,74,149,108,195,119,124,61,181,42,18,60,36,227,33,181,200,172,60,246,135,101,62,145,71,164,61,155,164,19,207,84,1,57,56,142,220,142,18,90,107,148,159,10,93,196,109,34,123,15,227,176,181,223,172,60,77,158,137,40,9,156,164,23,151,106,19,183,15,41,233,44,142,239,200,79,194,85,177,42,10,128,228,230,247,194,250,57,142,239,200,168,194,85
Best fitness found so far: 0.6561100679027173; k: 2.0
Generation: 65; 0.6561100679027173; k: 2.0; 91,247,163,215,65,15,201,176,239,200,3,194,85,16,175,10,93,196,109,34,123,15,227,176,181,200,172,60,36,135,247,40,145,156,164,23,151,106,19,183,15,1,233,227,176,181,200,172,60,36,135,101,40,200,22,60,176
Best fitness found so far: 0.6561100679027173; k: 2.0
Generation: 66; 0.6561100679027173; k: 2.0; 91,247,163,215,65,15,201,176,239,200,3,194,85,16,175,10,93,196,109,34,123,15,227,176,181,200,172,60,36,135,247,40,145,156,164,23,151,106,19,183,15,1,233,227,176,181,200,172,60,36,135,66,231,200,22,60,176
Best fitness found so far: 0.6561100679027173; k: 2.0
Generation: 67; 0.6561100679027173; k: 2.0; 69,247,163,215,163,15,227,176,239,200,79,194,85,16,175,10,215,226,109,34,123,15,227,176,181,200,172,60,36,135,101,40,145,15,158,23,151,164,94,213,135,12,247,163,215,65,15,212,176,239,200,79,194,247,16,175,10,93,228,109,34,123,15,227,176,181,200,172,60,96,135,101,36,145,71,164,23,155,164,19,207,84,103,57,56,142,59,142,18,82,207,65,159,26,93,240,109,34,123,154,227,176,102,200,172,231,36,135,247,40,145,156,164,23,151,65,15,19,176,239,200,79,194,247,16,175,133,93,228,109,34,123,15,134,33,181,200,172,60,36,135,101,62,145,71,164,61,155,33,19,207,84,1,57,7,142,220,162,18,163,99,148,159,10,93,240,109,34,123,15,227,176,181,59,229,60,36,158,137,40,145,200,164,23,44,165,19,183,15,41,233,49,20,239,200,79,198,85,177,132,10,128,228,230,247,194,185,57,142,239,200,113,194,85
Best fitness found so far: 0.6561100679027173; k: 2.0
Generation: 68; 0.6561100679027173; k: 2.0; 232,247,163,215,65,15,227,176,239,200,79,194,85,16,175,10,215,226,109,34,123,15,227,176,181,240,172,60,36,135,148,40,145,15,164,12,151,164,94,125,135,101,222,135,101,17,172,60,36,2,101,222,166,33,208,30,65,201,42,176,239,25,3,243,34,123,15,227,176,181,90,172,60,36,60,81,40,145,100,164,23,151,186,19,183,15,59,57,93,180,220,142,99,163,166,148,159,166,33,181,30,65,15,221,56,209,205,205,124,150,130,247,100,50,35,2
Best fitness found so far: 0.6561100679027173; k: 2.0
Generation: 69; 0.6561100679027173; k: 2.0; 69,247,163,215,65,15,227,176,239,200,79,194,85,16,175,10,215,226,109,34,123,15,227,176,37,200,172,60,36,135,101,40,24,15,164,23,151,164,94,213,57,101,18,135,15,227,176,181,200,172,60,214
Best fitness found so far: 0.6561100679027173; k: 2.0
Generation: 70; 0.6561100679027173; k: 2.0; 69,247,163,215,65,15,227,176,239,200,79,194,85,16,175,10,215,226,109,34,123,15,227,176,181,200,172,60,36,135,101,40,145,152,164,174,151,164,94,219,135,101,199,133,101,151,164,69,183,15,1,57,56,49,220,173,1,200,212,200,51,166,33,60,17,65,221,209,115,181,19,27,157,23,151,208,19,183,15,1,57,56,142,228,172,162,163,201,65,26,166,33,170,30,65,112,117,94,245,65,248,109,247,194,185,166,142,211,200,192,194,85,166,33,60,220,198,99,209,115,181,19,27,157,23,151,81,19,183,15,41,57,56,142,86,186,162,163,201,65,19,166,33,170,30,65,112,138,94,123,65,248,109,247,194,185,166,142,239,200,192,216,85,16,175,31,93,228,109,34,123,15,227,111,181,200,172,60,152,135,122,19,145,15,207,23,151,70,19,183,59,206,57,25,142,203,142,18,30,65,65,168,227,176,239,43,190,16,74,28,101,141,141,206,197,237,19,85,239,158,31,164,170,198,100,65,109,69,99,163,172,65,15,227,176,226,200,79,194,77,16,175,10,87,228,109,34,123,189,94,151,181,200,172,60,226,135,101,102,145,15,164,23,151,164,85,124,19
Best fitness found so far: 0.6561100679027173; k: 2.0
Generation: 71; 0.6561100679027173; k: 2.0; 232,247,163,215,65,15,227,176,239,200,79,194,85,16,175,10,215,101,109,34,123,15,245,176,181,240,172,60,36,135,148,40,48,15,61,12,151,164,94,152,135,101,222,135,101,17,172,60,36,2,101,222,243,33,208,30,65,201,42,176,239,25,3,243,34,123,15,227,176,181,90,172,60,36,60,81,40,145,100,164,23,221,186,19,183,33,59,81,93,180,220,142,99,163,166,148,159,166,33,181,30,65,128,31,56,209,205,205,124,150,130,247,100,50,35,2
Best fitness found so far: 0.6561100679027173; k: 2.0
Generation: 72; 0.6561100679027173; k: 2.0; 69,247,163,215,65,15,227,176,239,200,79,194,85,16,175,10,215,226,109,34,123,15,227,176,181,200,172,60,36,135,101,40,145,15,164,12,151,164,94,213,50,223,30,65
Best fitness found so far: 0.6561100679027173; k: 2.0
Generation: 73; 0.6561100679027173; k: 2.0; 69,247,163,215,65,15,227,176,239,200,79,194,85,16,175,10,215,226,109,34,123,15,227,6,165,200,172,60,36,135,101,40,145,15,164,174,151,164,94,192,135,101,199,133,101,151,164,69,183,15,1,57,56,49,220,173,32,200,212,200,159,166,33,60,87,65,99,209,115,181,19,27,157,23,151,208,19,183,15,1,57,56,142,86,186,162,98
Best fitness found so far: 0.6561100679027173; k: 2.0
Generation: 74; 0.6561100679027173; k: 2.0; 213,247,163,215,149,15,241,176,239,240,79,194,85,16,175,10,215,226,109,34,13,15,227,176,181,240,172,60,51,135,101,40,145,15,164,143,159,9,94,213,135,100,152,15,101,30,172,60,36,2,101,222,3,33,208,152,65,106,145,15,164,12,151,164,76,125,135,101,222,154,163,12,56,60,36,2,101,222,166,110,208,30,65,201,42,207,241,25,210,1,34,123,15,227,220,248,158,172,60,36,60,81,40,70,100,215,231,15,245,184,12,200,79,194,85,160,175,193,93,228,109,229,123,15,227,150,65,200,172,60,36,135,101,10,180,124,40,50,104,214
Best fitness found so far: 0.6561100679027173; k: 2.0
Generation: 75; 0.6561100679027173; k: 2.0; 232,247,163,215,65,15,227,176,239,200,79,194,85,16,175,10,215,226,109,34,123,15,227,176,181,240,172,60,36,135,136,40,145,15,164,12,151,164,94,125,183,101,222,135,101,17,56,60,36,2,101,222,166,33,208,30,65,201,138,207,239,62,210,1,34,123,15,227,176,181,158,172,60,164,23,151,66,237,183,15,1,57,93,207,176,142,74,163,166,248,159,166,204,15,108,56,209,205,205,124,150,95,29,83,175,109,52
Best fitness found so far: 0.6561100679027173; k: 2.0
Generation: 76; 0.6561100679027173; k: 2.0; 91,247,163,215,65,15,201,176,239,200,3,194,85,16,175,10,93,196,109,34,123,15,245,56,181,200,172,60,36,135,59,40,145,156,164,23,151,106,19,183,15,1,233,227,176,181,200,172,60,94,135,99,178,36,135,66,231,241,22,190,176
Best fitness found so far: 0.6561100679027173; k: 2.0
Generation: 77; 0.6561100679027173; k: 2.0; 232,81,163,215,105,15,227,176,191,200,79,194,85,16,141,10,5,226,109,34,123,15,227,176,181,240,172,15,158,23,151,164,180,213,125,12,127,163,215,65,15,212,176,239,200,79,96,247,16,175,177,93,49,243,90,3,15,172,23,162,15,168,57,48,144,220,216,18,201,46,65,159,245,33,223,74,177,159,17,172,60,36,2,219,207,166,27,208,30,65,201,42,176,239,25,214,243,34,123,119,227,176,239,90,172,60,36,60,81,40,145,100,164,23,151,186,19,183,15,59,57,133,180,121,142,99,163,231,148,159,166,33,181,30,65,15,221,56,209,205,205,124,150,130,247,100,50,35,2
Best fitness found so far: 0.6561100679027173; k: 2.0
Generation: 78; 0.6561100679027173; k: 2.0; 201,247,163,44,65,15,227,176,239,200,25,194,85,16,175,10,77,226,109,34,123,15,227,176,181,200,172,185,101,135,139,40,145,152,150,212,151,164,94,106,135,101,199,133,37,151,164,69,60,15,1,57,38,49,220,140,57,200,185,15,227,176,182,200,172,60,36,135,101,40,145,15,158,23,88,164,94,213,135,12,247,163,215,65,15,186,176,239,200,79,194,247,16,175,10,93,228,109,34,123,15,227,176,181,200,172,60,96,135,101,36,14,71,164,23,155,164,19,207,84,103,57,56,142,59,142,18,191,207,65,159,26,13,240,109,231,123,154,227,176,102,200,172,231,36,135,247,40,145,156,164,128,151,65,99,19,176,239,200,79,194,247,16,175,133,93,228,109,34,123,15,199,156,181,127,172,60,36,135,101,23,145,71,164,61,155,33,19,207,84,1,57,7,164,220,162,18,163,99,148,159,10,93,240,109,34,123,15,227,176,181,59,229,60,36,158,137,40,145,200,164,23,44,165,54,183,65,41,233,49,20,239,200,79,198,85,177,132,10,128,228,108,247,194,185,57,142,239,200,113,194,85
Best fitness found so far: 0.6561100679027173; k: 2.0
Generation: 79; 0.6561100679027173; k: 2.0; 232,247,163,215,121,15,223,176,239,200,79,194,85,16,175,10,215,226,109,34,123,95,227,176,211,240,172,60,36,135,9,40,213,15,164,55,151,164,94,125,192,101,222,135,101,17,172,60,194,85,16,103,10,99,97,109,34,64,29,125,176,181,200,158,60,36,61,101,164,163,213,135,48,222,38,101,200,99,60,36,15,103,11,239,200,211,194,85,16,175,10,215,191,109,60,123,15,227,176,37,200,172,60,36,206,101,81,78,162,112,137,41,164,94,79,187,85,16,175,246,200,79,194,85,16,175,72,235,85,109,34,123,15,227,176,181,240,39,60,36,135,101,227,163,175,164,12,236,164,94,213,235,101,222,135,22,3,172,60,75,2,101,222,166,33,247,30,65,201,42,176,239,216,124,207
Best fitness found so far: 0.6561100679027173; k: 2.0
Generation: 80; 0.6561100679027173; k: 2.0; 69,247,163,215,65,15,227,176,239,200,79,194,85,16,175,10,215,226,109,34,123,15,227,176,181,200,172,60,36,135,101,40,95,22,60,135,80,166,163,15,164,12,151,60,94,213,235,101,222,135,22,17,172,60,75,2,101,222,166,33,247,30,65,201,42,176,239,216,235,199
Best fitness found so far: 0.6561100679027173; k: 2.0
Generation: 81; 0.6561100679027173; k: 2.0; 69,247,163,215,197,15,227,176,73,200,25,194,85,16,175,10,215,226,109,34,123,15,137,176,37,200,172,60,36,101,40,115,15,35,164,76,30,135,55,222,154,237,12,194,60,36,2,52,222,166,110,208,30,65,64,42,207,241,25,210,240,34,123,221,19,220,103,158,172,163,215,65,15,49,176,239,200,79,194,85,16,173,72,215,226,109,34,123,15,227,176,37,200,145,60,36,135,101,40,24,15,164,23,151,164,94,213,135,101,163,135,15,242,176,213,22,250,222,135,101,30,65,141,78,176,139,143,124,189
Best fitness found so far: 0.6561100679027173; k: 2.0
Generation: 82; 0.6561100679027173; k: 2.0; 246,247,163,215,65,15,227,176,239,200,79,194,85,16,175,10,215,226,109,34,123,15,227,176,37,200,172,60,36,135,101,40,24,145,164,23,151,164,94,213,135,101,163,135,15,227,141,242,132,172,60,191,15,248,167,160,96,12,135,101,30,65,210,82,138,37,70,204,210,60,176,100,74,211,108,34,119,173,61,181,42,136,14,41,36,135,30,82,83,15,158,126,3,164,180,213,125,12,247,163,52,111,196,212,176,239,200,203,194,247,16,175,10,93,49,65,34,123,201,192,176,181,243,172,60,96,98,101,36,145,71,164,238,45,164,19,207,84,199,236,56,129,66,142,184,39,207,65,226,17,93,240,109,34,123,154,227,214,28,200,15,231,10,135,247,40,145,156,175,44,185,65,191,19,176,239,200,79,194,42,68,175,12,141,215,109,34,123,15,134,33,181,200,172,60,154,135,101,10,215,71,109,9,123,15,245,176,86,240,172,60,36,135,41,40,48,34,136,12,11,164,154,152,216,101,222,135,101,17,172,60,36,2,101,222,243,150,208,30,65,244,42,176,239,25,3,243,34,190,15,227,176,181,90,172,97,36,60,117,40,145,225,234,23,221,186,19,183,6,59,247,197,147,23,56,99,163,166,141,5,166,33,66,30,65,128,31,56,209,205,205,129,150,130,247,100,50,242,2
Best fitness found so far: 0.6561100679027173; k: 2.0
Generation: 83; 0.6561100679027173; k: 2.0; 141,247,163,215,65,15,227,176,239,200,79,194,85,16,175,10,215,226,161,34,123,15,227,176,241,200,172,60,36,135,104,193,145,15,24,226,175,10,215,226,109,34,123,15,131,107,48,200,172,60,36,135,101,40,200,22,60,176,60,62,196,67,239,200,79,53,181,87,10,87,225,217,19,85,15,164,12,151,164,166,213,135,81,222,135,101,58,172,60,36,188,101,222,141,101,122,65,233,176,181,200,172,60
Best fitness found so far: 0.6561100679027173; k: 2.0
Generation: 84; 0.6561100679027173; k: 2.0; 232,247,163,215,105,15,227,176,239,200,79,194,85,16,141,10,215,226,109,34,123,15,227,176,181,240,172,60,36,135,15,227,176,239,200,56,194,85,16,175,10,215,226,109,34,123,15,227,176,181,200,172,60,36,108,101,40,200,22,60,176,60,119,196,67,239,200,79,94,31,87,10,190,225,107,19,85,16,87,200,79,194,85,16,175,10,188,226,57,34,123,15,227,164,181,80,172,60,36,43,101,40,200,22,60,176
Best fitness found so far: 0.6561100679027173; k: 2.0
Generation: 85; 0.6561100679027173; k: 2.0; 153,247,163,131,65,15,227,176,147,200,79,194,85,16,175,10,215,226,109,34,123,15,227,176,99,200,172,60,36,145,101,40,145,74,164,12,151,188,227,176,233,200,79,140,151,16,164,103,70,164,94,213,135,118,222,34,98,15,227,176,181,168,172,60,36,135,101,40,35,61,164,33,151,164,19,183,15,129,57,56,142,220,5,127,163,241,167,159,234,33,181,172,65,47,227,3,181,188
Best fitness found so far: 0.6561100679027173; k: 2.0
Generation: 86; 0.6561100679027173; k: 2.0; 139,247,163,215,65,15,227,176,175,200,85,194,85,16,175,10,215,226,113,34,123,15,227,176,181,200,172,60,220,145,101,40,145,15,164,12,151,15,227,230,142,200,79,89,85,16,175,72,235,85,88,34,123,15,227,176,181,240,172,60,36,135,101,40,145,15,164,12,218,20,112,23,151,164,94,213,176,239,216,175,226
Best fitness found so far: 0.6561100679027173; k: 2.0
Generation: 87; 0.6561100679027173; k: 2.0; 69,247,163,56,65,15,227,176,61,200,79,194,85,16,175,10,181,226,109,34,123,15,227,176,181,200,172,60,36,145,101,40,145,118,164,12,151,164,163,213,135,48,222,157,101,60,41,196,101,222,141,101,122,65,157,176,181,200,172,91
Best fitness found so far: 0.6561100679027173; k: 2.0
Generation: 88; 0.6561100679027173; k: 2.0; 91,247,163,215,65,15,157,176,239,200,3,194,85,16,175,10,93,196,109,34,123,15,227,176,181,200,172,60,36,135,247,40,145,156,164,23,151,106,19,183,36,2,101,222,166,33,225,30,65,201,42,207,239,25,210,1,34,123,15,227,176,181,158,172,143,36,60,81,40,70,100,164,23,151,186,19,183,15,59,176,37,200,172,60,36,135,101,85,78,162,112,137,151,24,128,140,194,85,16,175,10,79,226,109,34,98,15,84,176,181,200,249,60,149,135,101,40,145,119,109,20,151,165,94,8,135,101,222,135,204,30,65,15,185,222,166,33,225,30,65,201,42,207,239,25,210,1,34,123,15,227,176,181,158,172,143,36,60,81,40,70,100,164,23,151,186,19,183,15,59,176,37,200,172,60,36,135,101,85,78,162,112,137,151,24,128,140,194,85,16,175,10,79,226
Best fitness found so far: 0.6561100679027173; k: 2.0
Generation: 89; 0.6561100679027173; k: 2.0; 232,199,163,215,65,15,97,176,239,200,79,194,205,16,175,10,215,226,109,34,123,15,227,176,181,240,172,60,36,135,136,173,145,202,164,12,151,164,94,125,135,101,222,151,101,17,56,60,36,2,101,50,121,33,208,30,168,194,85
Best fitness found so far: 0.6561100679027173; k: 2.0
Generation: 90; 0.6561100679027173; k: 2.0; 69,247,163,215,65,15,227,176,239,200,79,194,85,16,175,10,215,226,109,34,123,15,227,176,181,200,172,60,36,135,101,40,145,152,164,174,151,164,94,219,135,101,199,133,101,151,164,69,183,15,1,57,56,49,220,173,1,200,212,200,51,166,33,60,17,28,221,146,115,181,19,67,157,23,151,208,19,183,167,1,57,56,142,228,172,162,163,201,65,26,166,33,170,30,65,112,117,94,245,65,248,109,247,194,185,166,142,211,200,124,194,85,166,33,191,220,198,99,209,115,181,19,27,157,23,135,81,19,183,175,41,57,56,142,86,186,162,163,201,65,19,231,33,170,233,65,112,138,94,123,65,248,109,247,194,185,166,142,239,200,192,216,85,16,175,31,93,228,109,34,123,74,227,175,21,200,172,221,152,135,122,105,145,15,207,23,151,70,19,183,59,206,183,25,142,203,142,18,30,65,65,168,227,98,239,43,190,218,74,28,101,141,141,206,197,237,19,27,239,158,31,164,198,198,100,65,109,69,99,163,220,65,15,227,176,226,200,79,194,77,16,175,10,155,79,194,85,160,175,193,93,86,109,229,90,15,227,81,65,200,105,60,36,151,101,10,180,124,40,50,104,243
Best fitness found so far: 0.6561100679027173; k: 2.0
Generation: 91; 0.6561100679027173; k: 2.0; 69,247,163,2,65,15,227,176,239,200,79,194,85,16,175,10,215,226,109,34,219,15,227,176,37,200,172,60,36,135,101,40,73,15,164,23,151,164,117,213,59,220,18,80,83,220,162,18,163,99,148,39,10,93,240,109,34,248,15,227,176,181,59,229,227,176,8,200,79,80,249,16,175,129,72,226,109,34,123,15,227,201,181,240,172,60,36,135,101,199,133,101,151,164,69,139,175,1,57,56,49,220,173,1,200,171,200,51,166,33,182,15,189,194,40,115,88,19,45,238,187,151,208,19,183,15,152,127,56,10,228,39,172,163,230,65,26,166,33,170,101,65,112,117,94,245,65,248,109,247,194,50,109,142,36,200,192,194,85,166,33,138,220,159,99,209,115,181,21,4,157,23,151,81,19,183,15,61,88,56,142,153,186,98,25,201,232,19,116,78,98,30,65,112,138,94,245,65,248,109,247,104,185,166,142,239,200,192,216,85,200,192,31,242,228,109,206,123,15,227,111,181,200,172,60,152,135,217,19,132,164,207,23,151,236,19,183,59,206,57,25,142,203,164,18,248,130,65,168,227,176,239,43,241,16,74,28,101,141,141,206,197,237,19,85,239,158,31,164,169,198,84,65,43,89,99,163,26,65,15,227,176,243,200,243,194,77,16,175,148,112,228,173,41,123,189,94,239,200,192,194,85,166,33,60,215,65,99,209,53,153,39,27,157,23,207,38,33,183,15,221,57,56,93,86,186,162,163,201,114,19,229,33,170,30,163,112,138,94,101,122,245,8,176,19,200,172,60
Best fitness found so far: 0.6561100679027173; k: 2.0
Generation: 92; 0.6561100679027173; k: 2.0; 69,123,163,215,65,15,227,176,91,200,79,194,85,16,175,10,215,226,109,34,123,15,227,176,181,200,86,60,23,151,164,228,130,239,81,40,145,100,164,23,221,220,19,183,33,59,81,93,180,220,142,99,163,166,148,159,248,33,181,30,65,128,31,56,80,205,205,124,150,130,247,100,50,5,2
Best fitness found so far: 0.6561100679027173; k: 2.0
Generation: 93; 0.6561100679027173; k: 2.0; 130,247,163,215,65,15,227,176,239,200,97,194,227,16,175,10,215,226,109,34,123,15,227,176,181,240,172,60,36,135,101,40,145,15,164,12,151,38,94,213,135,101,222,135,101,17,172,60,36,2,101,222,166,33,208,30,65,27,42,176,239,79,75,85,16,175,73,215,226,109,34,123,15,227,176,147,200,172,60,36,135,101,40,24,15,149,23,151,164,94,213,124,101,163,135,15,146,126,181,200,172,60,191,161,146,131,160,101,12,135,101,30,65,210,82,138,37,74,145,210,60,168,100,74,183,108,195,119,124,61,181,42,18,170,163,34,65,202,101,33,170,30,65,112,138,94,215,65,248,234,91,145,200
Best fitness found so far: 0.6561100679027173; k: 2.0
Generation: 94; 0.6561100679027173; k: 2.0; 69,123,163,215,65,15,239,176,239,200,79,194,85,16,41,10,215,226,109,34,123,15,227,176,181,200,172,60,23,151,164,19,130,82,1,188,56,142,12,87,200,79,60,85,16,85,10,192,226,109,26,123,15,227,176,181,196,237,73,36,135,101,40,200,22,60,176
Best fitness found so far: 0.6561100679027173; k: 2.0
Generation: 95; 0.6561100679027173; k: 2.0; 69,247,163,215,65,85,227,176,239,200,79,194,85,16,159,10,93,196,83,34,123,15,227,176,13,200,172,180,36,135,178,116,243,156,164,23,62,232,98,183,215,1,219,106,176,181,163,23,124,106,146,183,112,239,233,67,141,181,200,172,178,36,243,66,206,176,239,200,79,194,85,16,8,10,215,226,183,249,123,15,231,176,181,14,148,60,36,135,148,101,40,26,15,164,12,151,80,163,213,135,48,76,184,138,37,172,100,44,188,101,234,79,157,122,65,121,176,10,93,94,186,34,79,147,227,176,181,200,172,60,144,8,15,164,217,101,222,70,141,186,60,36,60,101,2,145,100,164,23,151,66,249,183,15,1,57,93,180,65,142,74,163,166,248,159,166,65,15,108,56,209,205,205,124,150,95,247,83,175,109,70
Best fitness found so far: 0.6561100679027173; k: 2.0
Generation: 96; 0.6561100679027173; k: 2.0; 69,247,163,215,65,15,149,176,239,200,79,194,85,16,175,10,215,226,109,34,123,15,227,176,147,200,172,60,36,135,101,40,24,15,149,23,151,164,94,213,124,101,62,135,15,227,176,181,200,172,60,191,198,146,131,160,163,12,135,101,30,65,107,82,138,37,74,124,210,165,176,100,74,149,108,195,119,124,61,181,28,18,239,200,79,233,117,16,175,10,215,226,109,249,123,15,227,176,181,240,172,60,36,135,148,40,162,91,235,200
Best fitness found so far: 0.6561100679027173; k: 2.0
Generation: 97; 0.6561100679027173; k: 2.0; 232,247,63,215,65,15,227,176,239,200,79,194,159,16,175,10,137,226,109,34,123,15,227,176,181,240,172,60,52,135,136,16,46,10,215,226,109,34,123,15,227,176,181,200,172,60,36,135,101,40,145,15,164,12,151,164,4,213,135,101,128,135,101,200,172,60,36,188,101,199,141,101,243,65,227,176,181,200,172,60
Best fitness found so far: 0.6561100679027173; k: 2.0
Generation: 98; 0.6561100679027173; k: 2.0; 69,247,163,215,163,15,227,176,239,200,79,194,85,16,175,10,215,226,109,34,123,15,227,96,181,200,172,60,36,135,101,201,145,15,158,23,151,164,94,227,220,248,158,172,60,146,60,81,204,70,100,215,231,15,245,186,12,200,79,194,85,160,175,193,93,183,109,229,76,15,227,150,65,200,172,60,36,135,101,10,180,124,40,50,104,214
Best fitness found so far: 0.6561100679027173; k: 2.0
Generation: 99; 0.6561100679027173; k: 2.0; 232,247,163,215,65,15,227,176,239,200,79,194,85,16,175,10,215,161,109,34,123,15,245,176,181,240,172,60,36,135,148,40,222,15,61,12,151,164,94,152,135,101,222,135,141,17,172,60,200,79,194,247,16,175,10,93,49,109,90,123,15,172,23,162,15,168,57,48,142,14,142,18,201,212,65,159,245,37,223,74,199,159,40,33,181,234,65,15,21,83,111,205,165,124,150,235,53,100,175,224,2
Best fitness found so far: 0.6561100679027173; k: 2.0
Generation: 100; 0.6561100679027173; k: 2.0; 69,247,163,215,65,85,227,176,239,200,79,194,85,16,159,10,93,196,83,34,123,15,227,176,13,125,172,15,36,135,178,116,243,196,109,34,123,15,227,176,13,200,172,15,36,129,84,226,109,34,123,15,227,142,181,240,172,60,36,135,101,40,145,15,164,12,151,62,94,213,135,101,33,135,101,17,172,60,36,86,101,222,166,33,208,30,65,87,42,176,239,216,124,226
Best fitness found so far: 0.6561100679027173; k: 2.0
Generation: 101; 0.6561100679027173; k: 2.0; 232,247,163,215,65,15,227,176,239,200,79,194,85,16,175,10,215,226,109,34,123,15,227,176,181,240,172,80,196,228,136,106,145,15,164,12,115,164,76,125,135,101,222,135,163,17,56,46,36,172,60,36,61,101,173,83,15,158,23,151,237,180,213,125,12,35,163,215,65,15,212,176,239,200,79,183,247,201,175,10,93,49,142,213,123,15,172,19,183,90,34,213,56,142,220,216,18,163,212,65,197,166,33,223,166,199,159,40,33,181,235,65,15,108,83,111,205,233,124,150,235,247,100,175,224,2
Best fitness found so far: 0.6561100679027173; k: 2.0
Generation: 102; 0.6561100679027173; k: 2.0; 51,247,163,215,163,15,227,176,239,200,77,194,85,16,175,10,215,226,109,34,123,15,227,176,181,200,172,60,36,61,101,40,83,15,158,23,151,164,180,213,125,12,127,163,215,65,15,87,176,239,200,79,194,247,16,175,10,93,49,109,90,123,15,172,19,164,12,151,164,94,108,86,101,111,135,151,17,172,60,75,2,101,222,22,33,247,30,65,223,42,176,239,216,234,226
Best fitness found so far: 0.6561100679027173; k: 2.0
Generation: 103; 0.6561100679027173; k: 2.0; 217,247,163,215,163,15,227,176,239,200,79,194,85,16,175,10,215,226,109,34,123,15,227,176,181,200,172,60,36,135,101,40,83,15,158,23,171,164,180,213,160,12,247,163,215,65,15,212,176,239,200,79,194,247,16,175,84,93,49,109,34,123,15,192,176,189,200,172,60,96,135,101,36,225,71,164,221,155,164,19,207,144,199,208,56,142,149,209,32,224,85
Best fitness found so far: 0.6561100679027173; k: 2.0
Generation: 104; 0.6561100679027173; k: 2.0; 69,247,163,215,65,15,245,176,239,200,79,194,85,16,175,10,215,226,109,189,123,15,227,176,181,200,172,60,36,135,101,40,145,15,164,12,151,164,94,20,135,101,222,50,176,41,74,149,108,195,119,124,61,181,42,18,60,163,34,65,214,98,33,68,30,65,223,138,94,215,65,248,35,156,145,200
Best fitness found so far: 0.6561100679027173; k: 2.0
Generation: 105; 0.6561100679027173; k: 2.0; 92,247,198,215,133,15,227,176,239,200,79,194,85,16,175,10,215,226,109,34,123,15,227,181,37,200,56,60,36,136,101,54,24,15,120,23,32,164,18,213,135,101,163,46,15,227,176,47,221,132,15,227,176,181,200,249,60,149,135,249,40,145,15,3,227,176,181,200,172,60,48,151,164,243,130,82,1,101,56,142,123,173,249,140,101,15,34,123,15,173,176,37,145,172,60,36,154,101,121,78,15,112,23,151,164,94,31,176,239,216,245,226
Best fitness found so far: 0.6561100679027173; k: 2.0
Generation: 106; 0.6561100679027173; k: 2.0; 69,247,163,215,65,15,227,176,239,200,79,194,85,16,175,10,215,226,109,34,123,15,227,176,113,200,172,60,36,135,101,40,24,228,164,23,151,164,94,213,135,101,163,135,15,227,141,242,200,172,125,111,15,248,164,160,101,31,135,65,85,227,176,239,200,79,74,85,16,159,10,93,196,227,34,128,15,227,176,13,200,172,15,36,135,239,40,243,156,164,23,62,106,19,183,15,1,233,227,176,181,163,23,151,106,146,183,15,1,233,67,141,181,200,172,178,36,135,66,231,241,22,41,176
Best fitness found so far: 0.6561100679027173; k: 2.0
Generation: 107; 0.6561100679027173; k: 2.0; 33,247,163,215,65,15,227,176,239,200,79,194,85,16,175,10,215,226,109,34,123,95,227,176,181,235,250,60,36,135,9,40,170,60,164,55,151,164,94,125,135,101,222,135,101,248,172,60,194,85,16,175,10,215,97,109,34,123,29,36,145,101,40,85,203,164,219,151,164,163,213,135,48,202,184,101,200,172,60,36,188,101,222,141,101,122,65,121,176,10,78,94,109,34,39,147,227,176,181,200,172,60,36,8,15,140,85,101,222,135,141,207,65,15,212,176,10,15,227,176,239,200,79,194,85,16,180,10,93,98,109,247,163,215,65,15,212,64,82,200,79,194,247,16,114,10,93,107,109,34,123,15,227,176,234,200,22,59,96,135,101,36,145,71,164,207,112,164,197,207,84,103,57,56,142,59,94,18,82,207,86,127,26,93,2,109,36,123,154,227,186,102,200,172,231,36,135,247,40,145,70,164,158,151,65,129,19,176,239,200,79,194,247,16,175,133,109,233,109,34,123,15,134,33,181,112,32,60,36,220,101,133,145,71,164,61,155,111,19,207,183,43,57,164,142,220,162,156,163,99,148,159,10,93,240,109,34,123,248,156,176,106,59,229,60,36,135,137,40,145,200,164,183,97,165,19,183,42,41,233,49,20,239,200,58,198,85,219,132,10,128,208,110,247,194,185,57,142,239,200,106,194,105
Best fitness found so far: 0.6561100679027173; k: 2.0
Generation: 108; 0.6561100679027173; k: 2.0; 232,247,163,215,105,15,227,176,239,200,79,194,85,16,141,10,5,226,109,34,123,15,227,176,181,240,172,225,158,36,188,101,222,141,101,122,65,121,176,181,200,172,60
Best fitness found so far: 0.6561100679027173; k: 2.0
Generation: 109; 0.6561100679027173; k: 2.0; 69,213,163,215,139,15,227,176,239,200,37,194,85,16,175,10,215,226,39,34,123,15,227,176,181,200,172,60,125,135,101,40,145,85,164,174,151,164,94,219,135,101,199,133,101,34,164,69,183,15,1,35,56,49,183,173,1,200,212,200,9,166,33,60,194,65,224,209,115,181,85,27,157,23,151,208,19,80,15,1,57,56,142,228,172,162,163,201,65,26,166,74,170,30,65,112,117,70,245,65,248,109,247,194,185,6,142,211,200,192,194,85,166,33,185,176,181,163,23,151,106,146,183,15,1,233,181,200,34,246,149,135,249,40,109,15,15,227,134,181,200,172,60,23,201,164,243,130,82,1,51,56,142,220,173,101,41,101,145,100,176,146,246,135,107,200,112,21,224,143,104,206
Best fitness found so far: 0.6561100679027173; k: 2.0
Generation: 110; 0.6561100679027173; k: 2.0; 69,247,163,215,65,15,227,176,239,200,79,194,85,16,175,10,215,226,109,14,123,15,227,176,181,200,172,60,36,135,101,40,145,209,164,12,106,41,233,44,142,239,200,79,137,85,138,42,10,128,228,230,247,194,250,57,142,239,200,168,194,85
Best fitness found so far: 0.6561100679027173; k: 2.0
Generation: 111; 0.6561100679027173; k: 2.0; 133,247,163,215,65,15,227,176,239,200,79,194,91,16,175,10,215,226,109,34,123,15,227,176,181,200,172,60,36,149,101,40,145,121,164,12,102,164,182,213,135,101,222,135,101,200,172,60,36,188,101,222,141,101,200,192,216,85,16,175,31,119,228,109,34,123,92,66,111,181,176,231,60,152,135,122,19,51,15,207,227,176,48,200,172,60,36,135,101,40,200,22,60,176,60,62,75,217,239,200,79,94,181,87,10,56,225,217,19,85,16,87,106,79,194,85,16,175,10,215,226,109,26,123,15,227,176,181,200,172,60,36,135,101,40,200,22,60,176
Best fitness found so far: 0.6561100679027173; k: 2.0
Generation: 112; 0.6561100679027173; k: 2.0; 177,247,163,8,197,15,227,176,175,200,79,59,85,16,175,10,181,226,109,34,123,15,227,176,181,200,8,60,36,173,101,40,78,15,164,219,151,164,112,213,135,48,222,184,101,200,172,60,36,188,101,222,238,101,122,97,121,176,10,78,94,109,34,39,147,227,97,181,200,10,215,226,156,34,98,15,227,145,181,200,249,60,149,135,221,108,145,15,164,20,151,165,94,227,135,101,222,123,101,30,65,15,185
Best fitness found so far: 0.6561100679027173; k: 2.0
Generation: 113; 0.6561100679027173; k: 2.0; 201,247,163,44,65,15,227,176,239,200,79,194,85,16,175,10,215,226,109,34,123,15,227,176,181,200,172,185,101,135,101,40,145,152,150,174,151,164,94,106,199,101,165,94,8,135,101,222,135,101,30,65,15,185
Best fitness found so far: 0.6561100679027173; k: 2.0
Generation: 114; 0.6561100679027173; k: 2.0; 69,247,163,215,133,15,227,176,239,200,91,194,163,16,175,10,215,226,109,34,123,15,227,181,37,200,172,60,36,11,101,54,203,142,18,248,228,65,168,227,176,239,43,174,16,74,28,101,141,141,206,197,237,19,85,239,158,137,164,170,198,100,65,58,69,99,163,26,65,15,227,176,243,200,79,194,40,16,175,10,112,228,173,236,123,189,94,239,200,192,194,132,166,33,60,215,56,99,209,115,74,39,27,157,23,151,208,19,183,15,221,57,56,142,86,186,162,205,53,114,19,198,33,170,30,142,112,138,94,46,65,248,109,247,194,15,166,142,239,200,192,194,47
Best fitness found so far: 0.6561100679027173; k: 2.0
Generation: 115; 0.6561100679027173; k: 2.0; 232,247,163,215,65,15,227,176,239,200,79,194,85,16,175,10,215,226,109,34,123,15,227,176,181,240,172,60,36,135,136,40,145,15,164,12,151,164,14,125,183,101,222,135,101,17,56,60,36,2,101,222,166,33,208,30,65,201,16,207,239,62,210,1,34,123,15,227,176,181,158,172,60,164,23,151,66,237,183,15,1,57,93,207,176,58,74,163,166,248,159,166,204,15,108,56,209,205,172,60,25,135,148,40,48,218,61,12,151,164,94,66,135,101,222,135,244,17,172,88,36,2,14,222,243,33,208,30,65,201,42,176,239,25,3,243,34,123,15,227,182,181,90,172,60,80,60,81,40,209,100,164,23,221,108,19,133,33,229,81,93,180,220,142,99,163,166,148,123,166,33,181,30,65,128,31,56,209,205,97,53,21,130,247,100,50,35,2
Best fitness found so far: 0.6561100679027173; k: 2.0
Generation: 116; 0.6561100679027173; k: 2.0; 69,247,163,215,65,15,227,176,239,200,79,194,85,16,175,10,215,226,109,34,123,15,227,176,241,200,172,60,36,135,101,193,145,15,24,16,175,10,215,226,109,34,123,15,227,176,48,200,172,60,36,4,101,40,200,22,60,176,60,62,196,67,239,200,79,94,181,175,10,215,191,109,34,123,15,227,176,243,200,172,60,36,135,101,81,78,33,112,137,173,164,94,79,117,85,16,198,15,108,93,239,93,124,102,30,94,194,85,16,175,189,93,228,109,34,98,35,227,176,181,200,172,60,250,135,101,40,32,61,164,33,151,164,71,183,15,129,57,248,80,220,142,127,107,241,167,159,234,33,181,172,65,15,227,168,181,125
Best fitness found so far: 0.6561100679027173; k: 2.0
Generation: 117; 0.6561100679027173; k: 2.0; 69,247,148,215,65,15,103,176,239,200,79,94,85,16,175,10,215,191,109,34,123,15,227,176,37,200,172,60,36,195,101,81,78,162,112,137,151,164,188,238,194,85,142,175,10,215,226,109,217,98,15,227,176,181,85,211,175,10,167,226,109,34,123,15,227,9,241,200,219,60,36,135,101,193,145,15,47,16,175,10,215,226,109,34,101,56,227,176,48,200,177,60,36,135,101,107,200,22,60,176,60,62,180,67,239,70,247,40,145,156,164,23,151,106,19,183,15,130,116,44,142,239,159,79,108,85,34,42,10,128,119,109,247,194,185,57,158,239,200,168,194,85
Best fitness found so far: 0.6561100679027173; k: 2.0
Generation: 118; 0.6561100679027173; k: 2.0; 69,247,163,215,65,15,103,176,239,200,79,194,197,161,57,10,215,191,109,34,123,15,227,176,243,200,172,60,36,135,101,81,78,33,101,137,173,164,94,79,117,85,16,175,15,108,93,239,93,100,102,30,94,194,85,16,73,189,93,145,164,34,98,35,227,176,181,200,172,34,123,15,227,176,37,106,172,60,70,135,101,81,188,162,112,137,151,164,94,79,194,8,107,175,10,215,226,109,148,98,15,227,176,181,85,211,175,10,167,226,109,61,123,15,227,176,241,200,219,60,36,135,101,73,208,15,47,16,175,10,215,226,109,34,123,104,206,176,48,200,177,60,36,135,101,40,158,22,215,39,60,62,180,67,239,200,79,94,181,65,10,87,225,100,32,85,108,87,200,79,60,85,16,85,10,215,226,109,137,123,15,227,176,181,200,137,142,36,135,65,40,85,22,60,176
Best fitness found so far: 0.6561100679027173; k: 2.0
Generation: 119; 0.6561100679027173; k: 2.0; 213,247,163,215,65,15,227,176,239,200,79,194,85,16,175,10,215,226,109,34,13,15,227,176,181,240,172,60,51,135,101,40,145,15,164,241,151,9,209,213,135,100,123,15,227,79,181,200,172,60,36,135,247,40,145,156,68,23,151,106,19,183,15,1,233,227,176,181,200,172,60,36,135,66,210,200,58,60,176
Best fitness found so far: 0.6561100679027173; k: 2.0
Generation: 120; 0.6561100679027173; k: 2.0; 69,209,163,215,65,15,227,176,239,200,11,194,241,16,175,10,215,226,109,34,123,15,227,176,37,235,172,60,36,11,101,54,231,86,120,23,151,164,85,16,175,10,215,226,109,34,123,95,227,176,147,240,172,60,36,135,9,40,145,15,164,34,123,15,227,176,181,200,172,60,36,135,101,40,191,15,158,23,249,164,94,213,135,12,247,163,215,65,15,212,176,239,200,79,194,247,235,175,10,93,228,109,34,123,15,227,176,96,200,172,60,96,135,101,36,145,71,164,23,155,164,19,207,84,103,57,227,142,234,142,18,82,207,65,159,26,93,190,109,34,123,230,227,176,102,200,133,231,36,135,247,40,145,156,164,23,151,65,15,19,236,239,93,79,194,247,16,175,133,93,228,109,34,123,15,51,33,181,200,172,60,214,135,101,62,145,191,164,61,155,33,19,207,84,87,57,7,142,220,51,18,163,26,110,167,10,93,240,109,34,123,15,227,176,181,59,229,60,36,158,137,40,145,200,164,23,44,165,52,183,15,41,233,203,20,239,200,79,198,85,177,132,25,128,228,230,247,194,185,57,142,239,200,113,229,85
Best fitness found so far: 0.6561100679027173; k: 2.0
Generation: 121; 0.6561100679027173; k: 2.0; 69,247,163,215,65,15,227,176,239,200,79,194,85,16,175,10,215,226,109,34,123,15,227,176,181,200,172,60,36,134,101,40,145,15,164,174,151,164,94,219,135,101,199,133,101,151,164,69,183,15,1,202,56,49,220,173,1,200,212,200,159,166,33,60,243,65,99,209,115,181,19,27,157,23,151,208,249,183,15,1,57,56,142,86,186,162,163,201,65,19,166,33,170,30,65,112,138,94,123,65,248,109,247,194,94,166,142,239,200,192,194,85,162,33,25,215,65,99,209,132,181,19,27,157,23,151,208,19,183,15,1,57,56,142,150,186,187,163,201,65,19,166,33,170,30,65,112,62,94,123,65,40,64,15,164,143,151,164,19,223,124,37,74,126,155,60,176,100,74,135,206,195,119,124,167,181,120,172,241,36,165,15,164,217,101,40,145,161,164,43,151,164,19,124,124
Best fitness found so far: 0.6561100679027173; k: 2.0
Generation: 122; 0.6561100679027173; k: 2.0; 232,247,163,215,65,15,227,176,239,200,79,224,85,16,175,10,215,226,109,34,123,15,227,176,181,240,172,60,36,135,136,106,145,15,164,12,151,164,76,125,135,101,222,183,15,1,57,56,142,228,172,162,163,201,239,26,166,33,170,30,65,112,117,94,245,198,248,109,44,194,185,166,142,211,200,192,194,85,166,33,60,220,226,99,209,9,181,19,27,157,23,151,81,19,183,15,41,57,56,47,86,186,162,210,201,65,19,166,33,210,30,65,112,138,94,123,65,248,109,247,194,185,119,142,239,197,192,216,21,16,175,31,93,228,109,34,115,15,227,111,181,200,172,60,152,135,89,19,145,15,207,23,151,70,19,183,190,206,57,213,142,203,142,18,30,65,65,168,227,176,39,43,190,16,74,28,101,141,141,206,197,237,19,85,239,158,31,164,170,198,100,65,109,69,99,163,172,65,15,227,176,226,72,79,194,77,16,175,10,87,228,109,34,123,239,94,151,181,200,172,231,226,135,101,102,53,15,164,23,151,164,85,124,19
Best fitness found so far: 0.6561100679027173; k: 2.0
Generation: 123; 0.6561100679027173; k: 2.0; 232,247,163,215,65,15,227,176,239,200,79,194,85,16,175,10,215,226,109,34,123,95,227,176,43,240,162,60,36,27,9,95,145,15,175,55,151,164,94,125,135,101,222,135,101,17,172,60,194,85,16,175,10,215,226,109,34,218,15,227,176,181,200,141,60,36,24,101,173,83,15,110,23,151,164,180,213,125,12,35,163,215,65,15,212,176,239,146,79,183,215,51,175,10,189,49,109,90,123,15,172,237,183,90,168,213,56,142,220,216,18,163,212,65,159,166,33,223,166,15,112,23,151,152,94,213,176,239,216,124,111
Best fitness found so far: 0.6561100679027173; k: 2.0
Generation: 124; 0.6561100679027173; k: 2.0; 201,247,163,44,65,15,227,176,239,200,79,194,85,16,175,10,215,226,109,34,123,15,227,176,245,200,172,185,101,135,101,40,145,152,150,174,151,164,94,186,135,101,41,133,150,151,164,69,183,191,133,57,56,49,220,173,1,200,171,200,51,166,225,182,15,65,221,40,115,88,19,45,238,23,135,208,19,183,15,1,127,56,10,79,172,172,163,230,65,26,166,33,66,140,146,112,117,94,245,65,248,109,247,194,50,109,142,36,190,192,194,177,166,33,138,154,198,99,209,115,236,21,4,157,147,151,81,19,183,15,61,88,56,142,153,186,98,25,201,232,109,109,78,88,30,65,84,138,94,245,65,248,109,23,104,185,166,142,239,120,21,216,85,200,180,213,125,12,127,70,215,65,184,212,154,239,200,79,194,247,16,175,39,93,128,109,90,123,249,144,19,183,15,168,57,56,64,220,217,18,163,212,65,159,166,33,223,166,199,159,54,33,181,30,65,15,108,83,80,250,205,124,150,136,247,100,175,224,2
Best fitness found so far: 0.6561100679027173; k: 2.0
Generation: 125; 0.6561100679027173; k: 2.0; 198,247,163,215,65,85,227,176,239,200,79,194,85,16,159,10,93,196,83,34,123,15,227,176,13,125,172,15,36,135,63,116,243,196,109,34,123,15,227,176,13,200,172,15,36,135,178,40,243,226,164,139,62,116,19,101,222,3,33,71,152,65,248,145,15,164,12,151,164,76,125,135,101,222,229,163,12,56,60,36,2,143,222,166,175,208,30,65,201,42,207,241,158,210,1,34,123,179,227,40,248,104,172,60,175,60,81,40,70,247,215,231,15,245,184,12,200,79,126,85,160,175,193,93,228,109,229,123,15,227,150,65,200,172,60,36,135,101,10,180,124,40,50,104,242
Best fitness found so far: 0.6561100679027173; k: 2.0
Generation: 126; 0.6561100679027173; k: 2.0; 248,89,163,56,65,15,227,176,175,200,79,194,85,16,175,10,181,226,97,34,123,15,227,176,181,200,166,60,36,145,101,40,14,190,225,107,19,175,16,87,16,175,10,215,226,109,34,210,15,227,176,181,240,172,60,220,135,101,40,145,15,109,12,151,38,94,131,135,101,222,135,101,17,172,60,36,2,101,222,166,33,208,30,65,27,42,176,239,216,124,241
Best fitness found so far: 0.6561100679027173; k: 2.0
Generation: 127; 0.6561100679027173; k: 2.0; 162,247,163,215,65,15,227,176,239,200,79,194,85,16,175,10,215,226,109,34,123,15,227,176,181,200,172,60,118,135,101,40,145,117,164,12,151,164,94,213,51,101,222,135,101,231,215,65,15,66,176,221,200,8,194,85,16,175,10,215,226,109,90,142,15,227,176,181,200,172,86,36,135,216,124,96
Best fitness found so far: 0.6561100679027173; k: 2.0
Generation: 128; 0.6561100679027173; k: 2.0; 69,247,163,215,65,15,227,176,239,200,79,194,85,16,175,10,215,226,109,34,123,15,227,176,181,200,172,60,36,142,127,163,241,167,159,234,33,181,172,65,31,227,3,181,188,247,163,215,65,15,227,176,239,200,79,194,85,16,175,10,215,226
Best fitness found so far: 0.6561100679027173; k: 2.0
Generation: 129; 0.6561100679027173; k: 2.0; 69,247,163,215,65,15,227,176,239,200,79,194,85,16,175,10,215,226,109,34,123,15,179,176,181,200,172,205,36,135,101,168,145,15,164,23,205,164,94,213,135,101,181,200,172,60,36,135,247,40,145,156,164,23,151,157,19,183,15,1,233,227,176,181,200,22,60,36,135,101,40,200,22,98,176
Best fitness found so far: 0.6561100679027173; k: 2.0
Generation: 130; 0.6561100679027173; k: 2.0; 69,247,163,215,65,15,103,176,239,200,79,194,85,16,175,10,35,191,109,34,123,175,227,176,37,200,172,140,36,80,101,81,78,162,112,137,151,164,164,5,183,15,1,57,56,49,27,173,32,200,212,200,159,166,78,18,36,135,101,40,145,15,164,167,151,164,32,213,135,84,222,213,151,17,125,60,75,2,101,222,166,33,247,30,65,87,42,176,239,216,124,226
Best fitness found so far: 0.6561100679027173; k: 2.0
Generation: 131; 0.6561100679027173; k: 2.0; 232,247,163,215,65,15,227,176,239,200,79,194,85,16,175,10,215,226,109,34,123,15,227,176,181,240,96,60,36,135,136,40,145,15,164,12,31,164,94,125,183,73,222,135,101,17,56,60,36,31,101,222,166,147,208,30,65,172,60,36,135,9,40,145,15,164,55,151,164,94,125,15,101,103,135,101,17,172,60,194,14,106,175,10,215,226,109,34,123,15,227,176,181,200,172,60,36,94,101,52,57,248,158,23,151,164,148,213,125,12,35,204,44,65,15,212,176,113,200,79,183,84,51,175,10,1,49,109,90,123,15,175,19,183,90,168,213,56,142,220,176,18,163,212,65,159,166,33,223,166,81,97,40,33,181,105,65,25,108,83,111,205,138,124,150,235,247,100,175,224,2
Best fitness found so far: 0.6561100679027173; k: 2.0
Generation: 132; 0.6561100679027173; k: 2.0; 69,247,163,215,65,15,103,176,57,200,79,194,85,161,175,10,215,191,109,34,123,15,227,236,243,200,172,60,36,135,101,81,78,33,29,137,173,164,94,79,117,85,16,175,148,3,93,239,93,124,102,30,94,63,194,16,175,189,93,228,109,34,98,35,227,176,176,200,172,60,205,135,101,40,35,61,164,33,151,101,222,166,33,247,30,65,87,42,176,239,216,124,226
Best fitness found so far: 0.6561100679027173; k: 2.0
Generation: 133; 0.6561100679027173; k: 2.0; 69,247,163,215,65,15,153,176,239,200,79,194,85,16,175,245,215,226,109,34,123,15,227,176,37,200,172,60,36,101,40,145,15,151,164,76,125,135,55,222,154,163,12,194,60,36,2,101,222,166,141,208,30,65,64,42,207,241,25,210,78,34,123,221,19,220,103,158,98,60,36,136,81,40,70,143,215,231,15,18,184,12,200,79,194,85,73,102,193,93,228,109,229,123,233,227,150,248,200,172,60,36,135,101,10,180,124,40,50,104,214
Best fitness found so far: 0.6561100679027173; k: 2.0
Generation: 134; 0.6561100679027173; k: 2.0; 69,247,163,215,65,85,227,176,239,200,79,194,85,106,159,10,93,196,73,34,123,15,227,176,13,200,172,215,101,109,34,123,15,245,176,181,240,172,102,36,135,86,156,48,15,61,12,151,231,94,152,135,101,222,135,101,17,172,60,36,2,215,222,243,33,208,30,65,201,42,176,239,25,3,243,34,123,15,227,176,181,90,152,60,36,60,81,40,145,233,164,23,221,186,19,238,33,59,81,93,180,220,142,99,163,166,148,159,166,33,181,30,65,76,31,56,209,205,205,124,150,130,247,100,50,35,2
Best fitness found so far: 0.6561100679027173; k: 2.0
Generation: 135; 0.6561100679027173; k: 2.0; 69,187,163,215,229,15,227,176,239,200,79,194,209,16,175,10,215,226,109,34,123,210,227,176,181,200,172,60,36,135,101,40,145,101,222,135,239,200,172,60,36,188,101,222,141,101,122,57,109,176,19,200,172,60
Best fitness found so far: 0.6561100679027173; k: 2.0
Generation: 136; 0.6561100679027173; k: 2.0; 232,247,163,215,65,15,227,176,239,200,79,194,85,16,117,10,215,226,109,34,123,95,227,176,181,240,172,60,36,135,136,106,145,15,164,12,151,164,76,125,157,101,222,135,163,17,200,79,194,85,16,175,10,215,226,109,34,123,15,227,176,181,240,172,60,36,56,101,40,145,15,59,12,151,38,94,213,135,101,222,135,101,17,172,60,36,2,101,222,166,33,15,30,65,27,42,176,239,216,124,164
Best fitness found so far: 0.6561100679027173; k: 2.0
Generation: 137; 0.6561100679027173; k: 2.0; 232,247,163,215,65,15,227,176,239,200,79,194,85,16,175,10,215,226,109,34,123,15,227,176,181,240,172,60,36,135,136,106,145,15,164,12,151,164,76,125,135,101,222,135,163,17,56,60,4,2,151,222,166,33,208,30,123,33,158,111,241,25,210,1,34,123,103,227,176,248,158,172,60,36,60,81,40,70,100,215,231,15,245,184,12,200,79,194,85,160,175,10,93,228,109,137,123,15,174,150,181,200,172,19,124,124
Best fitness found so far: 0.6561100679027173; k: 2.0
Generation: 138; 0.6561100679027173; k: 2.0; 69,247,163,215,133,15,227,176,239,200,79,194,85,16,59,10,215,226,179,34,5,15,227,181,37,200,172,60,36,64,101,54,24,15,29,23,28,172,18,68,135,101,163,135,15,227,176,170,34,246,15,227,176,181,31,119,228,109,34,123,15,227,111,181,176,231,159,152,135,122,19,145,15,207,23,187,70,207,58,59,206,57,25,142,99,142,18,30,65,65,168,227,176,239,43,190,23,74,28,101,52,141,206,4,237,19,85,239,158,31,164,170,198,100,65,109,69,99,163,172,65,19,227,176,226,200,79,194,163,16,175,10,87,228,11,34,123,189,94,151,181,200,172,60,226,135,101,59,145,52,164,23,247,164,85,124,19
Best fitness found so far: 0.6561100679027173; k: 2.0
Generation: 139; 0.6561100679027173; k: 2.0; 91,247,163,215,65,15,201,176,239,240,3,194,85,16,175,10,93,196,109,34,123,15,227,176,181,200,172,15,36,135,247,40,243,19,164,23,62,106,19,64,15,128,233,227,176,196,163,23,151,51,146,183,15,1,233,8,15,164,217,101,222,120,240,207,65,244,38,176,37,74,124,48,60,151,194,74,6,101,139,119,124,176,237,28,172,60,211,91,244,33,195,67,158,76,105,15,71,79,179,227,176,181,245,172,60,36,8,28,164,217,101,222,161,240,186,65,244,38,151,37,74,124,48,60,151,20
Best fitness found so far: 0.6561100679027173; k: 2.0
Generation: 140; 0.6561100679027173; k: 2.0; 232,199,163,215,65,15,227,176,239,200,79,209,85,16,175,10,215,226,109,34,123,15,227,176,239,240,172,60,36,199,159,40,145,15,164,12,151,164,212,125,135,101,222,236,82,17,56,60,36,2,101,50,121,39,208,30,192,201,42,207,239,163,99,72,159,10,93,240,74,34,123,15,227,176,181,228,146,60,36,135,137,40,145,200,196,227,44,165,19,183,15,41,233,49,20,239,200,146,198,85,177,132,10,128,208,230,247,194,185,57,142,239,200,113,194,85
Best fitness found so far: 0.6561100679027173; k: 2.0
Generation: 141; 0.6561100679027173; k: 2.0; 69,247,163,215,65,15,103,176,239,200,79,194,85,161,175,10,215,191,109,34,123,15,227,176,243,200,172,60,36,135,101,81,78,33,112,137,226,164,94,79,40,85,16,175,15,108,113,239,93,124,102,30,94,194,85,16,175,189,93,228,109,176,175,200,79,194,85,16,175,10,181,226,109,34,123,15,227,176,181,200,172,60,36,145,101,40,145,15,164,12,151,164,73,213,135,48,222,135,101,200,172,60,36,188,101,222,142,101,122,65,121,176,181,200,172,60
Best fitness found so far: 0.6561100679027173; k: 2.0
Generation: 142; 0.6561100679027173; k: 2.0; 213,247,163,215,65,15,227,176,239,200,79,194,85,16,175,10,215,226,109,34,13,15,227,176,147,240,12,60,51,135,218,40,145,151,164,143,151,9,94,213,135,100,152,15,51,225,172,60,36,2,101,185,3,33,208,152,218,128,75,176,239,216,124,226
Best fitness found so far: 0.6561100679027173; k: 2.0
Generation: 143; 0.6561100679027173; k: 2.0; 69,247,163,215,65,15,103,176,239,200,79,194,85,16,175,10,215,191,109,34,97,15,227,176,37,200,172,60,36,135,101,81,78,162,112,137,41,164,94,79,249,85,16,175,200,171,200,171,187,58,182,15,65,221,40,115,88,249,60,36,135,148,40,248,35,244,145,25
Best fitness found so far: 0.6561100679027173; k: 2.0
Generation: 144; 0.6561100679027173; k: 2.0; 69,247,163,215,65,15,227,176,117,200,79,194,85,16,175,10,215,226,109,34,123,15,227,176,181,200,172,60,36,145,124,150,235,247,100,175,193,2
Best fitness found so far: 0.6561100679027173; k: 2.0
Generation: 145; 0.6561100679027173; k: 2.0; 69,247,163,215,65,15,227,176,239,200,79,194,85,16,175,10,215,226,109,34,219,15,227,176,37,200,172,60,36,213,101,40,24,15,164,23,151,164,94,213,57,101,18,135,142,220,162,18,163,99,164,39,10,155,240,210,34,123,15,143,176,181,59,229,60,44,158,98,95,145,36,164,23,207,23,191,164,94,213,135,101,163,135,15,227,176,12,200,172,60,58,198,9,164,160,101,241,135,89,80,232,210,36,138,37,74,181,210,77,176,100,74,149,140,195,119,124,142,181,42,18,60,36,87,131,181,200,172,60,246,135,229,62,145,71,164,61,155,164,19,207,84,215,57,56,142,220,78,18,90,107,148,234,10,39,196,109,34,123,59,227,164,181,223,172,60,77,158,137,40,9,156,164,23,38,106,115,151,15,41,233,44,142,239,36,79,194,85,127,42,10,128,128,230,247,194,250,57,142,149,209,32,224,85
Best fitness found so far: 0.6561100679027173; k: 2.0
Generation: 146; 0.6561100679027173; k: 2.0; 232,199,163,215,65,15,227,176,239,200,79,194,85,16,175,10,215,226,109,34,123,15,227,176,181,240,172,60,36,135,136,40,145,15,164,12,151,164,94,125,135,101,222,236,101,17,56,60,36,2,101,50,67,33,208,200,65,201,42,207,239,38,88,1,34,123,15,60,36,135,66,1,188,35,142,220,173,101,139,218,15,100,75,146,96,135,222,200,112,21,125,143,104,206
Best fitness found so far: 0.6561100679027173; k: 2.0
Generation: 147; 0.6561100679027173; k: 2.0; 69,247,163,131,65,15,227,176,147,200,145,194,85,16,9,10,215,226,109,34,123,15,227,176,99,200,60,60,36,145,101,40,28,15,36,12,66,15,227,176,233,200,79,140,85,16,164,153,70,164,94,213,135,39,222,135,101,200,172,60,36,188,101,99,79,194,85,16,43,10,167,226,109,34,123,15,227,176,241,200,219,60,36,135,30,91,145,15,83,16,175,10,215,8,109,34,123,15,227,176,48,200,177,60,36,65,15,201,176,239,200,3,194,165,139,175,10,93,196,109,34,123,15,227,176,181,200,172,60,36,135,30,40,145,156,164,23,151,106,19,183,15,1,233,227,176,181,200,172,60,36,10,101,40,200,22,60,176
Best fitness found so far: 0.6561100679027173; k: 2.0
Generation: 148; 0.6561100679027173; k: 2.0; 91,247,163,215,65,15,201,176,239,200,3,194,85,16,175,10,93,196,109,34,123,15,245,56,181,200,222,135,141,172,60,36,60,101,2,145,100,164,13,151,66,249,183,15,1,57,93,180,65,142,74,163,166,101,159,166,65,15,108,89,209,205,205,124,150,95,247,83,175,109,70
Best fitness found so far: 0.6561100679027173; k: 2.0
Generation: 149; 0.6561100679027173; k: 2.0; 232,247,163,215,65,15,227,176,239,200,79,194,85,16,175,10,215,226,109,34,123,15,227,176,181,240,172,60,160,120,244,40,145,15,164,12,151,164,94,125,135,101,222,135,101,175,172,60,36,2,101,222,166,33,208,30,94,201,96,101,122,65,121,176,161,200,172,60
Best fitness found so far: 0.6561100679027173; k: 2.0
Generation: 150; 0.6561100679027173; k: 2.0; 69,247,163,215,65,15,143,176,17,200,79,194,85,16,175,10,223,226,109,34,123,15,227,176,181,200,172,150,36,141,101,40,145,15,164,23,151,64,94,165,135,101,199,133,101,151,34,19,183,135,175,10,215,226,109,34,123,15,227,176,181,240,64,60,27,135,136,40,145,15,164,12,151,164,94,125,135,101,222,135,101,17,56,60,36,2,101,222,166,33,208,30,65,201,42,183,239,25,210,1,34,123,15,227,65,181,158,172,60,36,60,81,40,90,100,164,23,151,186,19,183,15,59,176,37,200,172,60,36,232,101,81,78,162,112,137,151,164,128,79,194,110,16,175,10,215,226,109,34,98,15,84,176,181,200,249,60,149,135,101,40,145,15,164,20,151,165,94,26,135,101,155,135,101,30,65,15,185
Best fitness found so far: 0.6561100679027173; k: 2.0
Generation: 151; 0.6561100679027173; k: 2.0; 69,247,163,248,65,15,163,176,239,200,79,194,85,16,175,10,81,226,77,34,123,15,227,176,97,200,172,60,101,135,101,40,81,152,235,174,151,164,94,139,135,101,199,200,101,146,164,69,183,15,233,57,56,49,220,173,1,200,212,200,51,166,33,60,15,65,221,40,115,42,19,27,157,23,151,208,19,183,15,1,72,56,10,228,172,172,163,230,65,26,166,33,170,30,65,112,117,94,245,204,213,109,247,194,185,85,16,175,10,215,112,109,34,123,15,227,176,147,200,172,60,36,135,101,40,24,15,149,163,151,164,94,213,124,101,163,135,15,227,121,181,200,172,60,191,198,146,131,87,101,12,135,101,157,65,210,82,138,37,74,124,210,60,176,100,229,149,108,195,119,236,61,181,42,18,60,163,34,65,202,166,33,170,30,65,112,138,94,215,65,248,35,91,57,200
Best fitness found so far: 0.6561100679027173; k: 2.0
Generation: 152; 0.6561100679027173; k: 2.0; 74,247,163,215,163,15,227,176,239,200,77,194,119,16,175,10,215,226,131,34,123,15,227,176,181,20,172,60,247,61,101,2,65,15,227,176,239,200,79,194,85,16,175,10,215,226,109,34,219,15,227,176,37,200,201,60,36,135,101,40,73,15,164,23,151,70,94,213,57,220,18,80,142,220,162,18,163,99,148,39,10,93,240,152,34,59,15,227,176,181,59,65,227,243,239,200,79,194,85,16,175,129,84,226,109,34,123,15,227,176,181,240,172,60,79,135,101,159,145,15,45,12,151,164,94,213,135,101,131,135,101,17,172,60,36,86,101,3,166,33,208,30,65,87,42,176,193,23,124,164
Best fitness found so far: 0.6561100679027173; k: 2.0
Generation: 153; 0.6561100679027173; k: 2.0; 69,247,163,215,133,15,227,176,239,200,79,194,85,16,175,10,215,226,109,34,123,15,227,181,37,200,172,60,36,11,101,54,24,15,120,23,37,164,18,213,135,196,163,46,15,227,176,170,34,98,15,227,176,181,200,101,39,149,135,249,40,145,15,164,20,199,165,94,215,226,109,34,123,15,227,205,181,78,172,60,36,135,136,128,42,113,239,216,124,226
Best fitness found so far: 0.6561100679027173; k: 2.0
Generation: 154; 0.6561100679027173; k: 2.0; 69,247,163,215,163,15,227,176,239,200,79,194,85,16,175,10,215,226,109,34,123,15,227,201,181,200,172,60,36,135,101,19,145,15,158,23,151,164,94,213,135,12,210,163,215,65,15,212,176,197,200,79,194,77,28,175,10,145,228,109,34,123,15,227,176,181,200,172,60,96,135,101,36,7,71,164,59,155,164,19,207,84,103,57,56,142,59,142,18,82,207,65,159,26,93,240,109,34,123,154,227,176,102,5,172,231,36,135,247,40,145,156,164,23,151,65,15,19,176,239,200,40,194,247,16,175,133,93,228,109,34,123,15,134,33,181,200,172,60,36,135,101,62,145,71,164,61,155,33,19,211,101,17,172,60,36,2,101,222,166,33,208,30,65,201,42,176,239,25,233,243,34,123,15,227,176,181,90,172,50,36,60,81,5,145,100,164,23,151,186,19,183,15,59,57,107,180,220,207,99,163,166,148,159,166,33,181,30,65,15,221,56,209,205,205,124,176,130,247,240,50,35,2
Best fitness found so far: 0.6561100679027173; k: 2.0
Generation: 155; 0.6561100679027173; k: 2.0; 248,247,163,56,65,15,227,176,175,105,79,194,85,16,175,10,181,226,109,34,123,15,227,176,181,200,172,60,36,145,101,40,26,105,164,12,151,164,163,213,130,48,222,184,101,200,172,28,172,18,156,135,101,163,135,15,227,176,170,34,98,15,227,176,181,200,249,60,149,135,249,40,145,15,164,40,151,165,187,34,110,101,222,135,101,150,65,15,185,172,28,172,18,156,135,101,163,135,15,227,176,170,34,98,15,227,176,181,200,249,60,149,135,249,40,145,15,164,40,151,165,187,34,110,101,222,135,101,150,65
Best fitness found so far: 0.6561100679027173; k: 2.0
Generation: 156; 0.6561100679027173; k: 2.0; 69,247,163,215,163,15,227,176,239,200,79,194,85,16,167,10,215,226,109,34,123,15,227,176,181,200,172,60,36,135,101,178,228,15,158,23,151,108,180,213,125,12,247,163,215,65,15,212,176,239,200,79,194,247,16,175,10,93,49,109,34,123,15,78,176,181,200,172,60,96,155,101,36,51,71,164,221,155,93,19,136,84,199,208,56,142,59,142,18,186,207,65,226,26,93,240,109,34,123,154,227,176,102,200,172,231,36,135,247,40,145,156,164,44,151,65,15,19,176,239,200,79,131,247,16,175,110,173,215,109,34,123,15,134,33,181,200,172,60,94,135,101,62,123,169,164,61,155,33,19,207,84,1,57,7,142,220,162,18,163,99,148,159,10,194,85,16,141,10,122,250,109,34,123,15,227,176,181,240,172,60,36,135,136,128,42,113,239,216,124,226
Best fitness found so far: 0.6561100679027173; k: 2.0
Generation: 157; 0.6561100679027173; k: 2.0; 69,247,163,215,65,85,227,176,239,200,79,194,85,16,159,10,93,91,83,34,123,15,227,176,13,125,172,15,36,135,178,116,243,196,109,34,123,15,227,176,197,200,172,15,36,135,178,40,243,226,164,23,62,106,19,183,15,1,233,227,70,175,200,79,194,85,16,175,10,181,226,229,34,123,15,25,115,63,200,166,60,94,10,135,101,222,135,101,45,172,206,36,188,101,222,141,101,122,65,157,176,181,203,172,60
Best fitness found so far: 0.6561100679027173; k: 2.0
Generation: 158; 0.6561100679027173; k: 2.0; 41,247,163,215,163,15,61,176,239,20,79,239,23,16,175,220,215,226,109,34,123,15,227,176,25,200,172,60,36,135,136,40,107,115,158,23,137,164,180,115,125,12,247,163,215,65,15,212,176,239,200,79,194,247,16,175,92,44,49,109,34,123,15,192,176,181,200,172,84,16,135,101,36,145,161,164,221,155,164,19,207,76,199,208,56,142,59,142,18,186,207,65,226,26,26,240,109,18,123,154,225,176,102,200,172,231,36,135,247,150,145,156,164,44,151,65,15,19,176,239,200,79,194,247,16,175,12,217,215,109,116,123,15,35,33,181,200,172,60,94,135,101,62,123,71,164,61,155,33,19,207,84,1,57,7,142,220,162,18,163,99,148,159,10,93,240,109,34,123,15,227,176,181,59,229,60,36,158,137,40,104,166,183,23,44,165,19,15,227,181,37,134,172,60,36,11,101,54,24,15,120,23,37,164,18,213,98,101,163,135,15,227,176,170,34,98,142,227,131,237,200,249,60,149,135,249,40,145,15,164,20,151,165,94,213,135,101,222,135,101,150,65,15,166
Best fitness found so far: 0.6561100679027173; k: 2.0
Generation: 159; 0.6561100679027173; k: 2.0; 92,247,163,215,65,15,103,176,239,200,185,194,85,16,175,10,203,191,109,34,123,15,227,176,37,200,172,60,36,135,101,32,78,162,112,115,151,164,94,79,194,85,107,175,10,215,226,109,174,98,15,227,176,181,85,175,10,215,226,109,34,123,116,227,176,181,200,172,23,36,135,101,40,145,101,222,135,101,200,172,60,36,188,101,222,141,101,122,57,227,176,19,200,172,60
Best fitness found so far: 0.6561100679027173; k: 2.0
Generation: 160; 0.6561100679027173; k: 2.0; 91,247,163,188,65,15,155,176,135,240,3,194,85,16,175,10,137,196,109,34,123,15,227,176,181,200,172,15,36,135,247,213,243,156,164,23,62,106,19,183,15,1,233,227,176,213,163,106,19,183,15,130,175,44,142,239,159,79,194,85,34,42,10,128,119,109,247,194,185,57,8,239,200,168,194,82
Best fitness found so far: 0.6561100679027173; k: 2.0
Generation: 161; 0.6561100679027173; k: 2.0; 69,247,163,215,163,15,227,176,239,200,79,194,85,16,175,10,215,226,109,34,123,15,227,176,181,200,172,60,212,135,101,40,145,15,158,23,151,164,94,213,135,12,247,163,215,65,15,212,176,239,200,79,194,247,16,175,10,93,228,109,34,123,15,227,176,181,200,172,60,96,135,101,36,145,71,164,23,155,164,19,207,84,103,57,68,142,59,142,18,96,207,65,159,26,93,240,109,34,123,61,227,176,102,200,172,231,199,135,247,40,123,156,164,23,19,65,15,86,176,239,200,79,194,247,16,175,133,93,228,109,34,123,15,134,33,181,200,172,60,36,135,101,203,145,71,164,61,155,33,19,207,84,1,57,7,142,59,162,18,163,99,148,159,10,93,240,109,34,162,240,227,176,181,65,229,60,36,105,137,40,145,200,164,75,196,165,19,104,15,191,26,49,20,239,200,79,198,85,177,132,10,128,228,230,240,172,60,36,144,136,128,42,25,52,216,124,226
Best fitness found so far: 0.6561100679027173; k: 2.0
Generation: 162; 0.6561100679027173; k: 2.0; 213,247,163,215,65,15,227,176,239,200,79,194,85,16,175,10,215,226,109,34,13,15,227,176,181,240,142,60,42,181,119,40,145,15,164,162,112,137,151,164,94,79,194,85,107,175,10,215,226,109,34,98,15,227,176,181,85,211,175,10,218,226,109,34,123,15,227,176,241,200,219,60,36,135,101,193,145,15,47,16,175,10,187,226,109,34,123,104,227,176,13,200,177,60,36,135,101,40,200,22,60,176,60,62,180,67,239,200,79,94,181,87,10,7,225,118,32,85,16,87,200,79,60,85,16,85,10,215,226,109,26,123,15,227,176,181,200,237,142,36,135,101,40,200,22,60,176
Best fitness found so far: 0.6561100679027173; k: 2.0
Generation: 163; 0.6561100679027173; k: 2.0; 69,247,163,131,87,15,227,176,147,200,145,194,85,16,9,10,215,226,109,34,123,15,227,176,99,200,60,60,36,145,101,40,28,15,164,12,151,15,227,177,233,200,79,140,8,16,164,164,70,164,94,213,87,39,222,135,101,200,167,60,24,188,101,226,79,194,85,16,14,10,167,226,109,34,123,23,227,176,241,200,219,60,36,135,101,193,225,15,47,16,175,10,215,226,109,34,123,15,227,176,48,200,177,60,233,135,101,198,200,22,60,176,60,62,180,67,239,200,79,94,181,87,10,87,37,123,15,227,181,37,205,172,60,36,113,135,101,40,145,15,164,143,151,9,94,213,203,17,152,15,101,225,172,60,238,2,101,222,3,33,232,152,57,128,42,176,239,216,124,226
Best fitness found so far: 0.6561100679027173; k: 2.0
Generation: 164; 0.6561100679027173; k: 2.0; 69,247,163,215,163,15,227,176,239,200,79,194,85,16,175,10,215,226,109,34,123,15,227,96,181,200,172,60,36,135,101,40,53,15,158,23,165,164,165,213,135,249,172,79,179,227,176,181,200,172,60,36,8,15,164,217,215,222,120,240,207,65,208,38,176,37,74,124,48,60,151,194,74,6,101,139,119,124,176,55,28,172,60,211,91,244,33,215,65,15,227,176,239,200,79,194,168,16,175,229,215,226,109,34,28,26,227,176,181,240,172,180,1,135,148,76,145,15,164,12,151,106,94,125,135,101,73,135,101,17,172,60,36,2,101,245,166,33,208,30,65,201,42,176,239,25,3,243,34,123,15,227,69,181,90,172,60,36,60,81,40,145,100,164,23,151,15,19,183,15,59,57,93,180,220,142,99,163,166,148,159,49,33,181,30,65,15,221,56,209,57,205,124,150,53,41,100,50,35,2
Best fitness found so far: 0.6561100679027173; k: 2.0
Generation: 165; 0.6561100679027173; k: 2.0; 69,247,163,215,65,15,227,176,239,200,79,194,85,16,175,10,215,126,109,34,123,15,227,176,37,200,172,60,36,93,101,40,203,15,164,23,151,164,94,213,135,101,163,135,15,210,176,43,200,172,60,191,198,9,164,160,49,12,135,101,30,73,210,82,138,37,74,124,210,60,176,100,74,149,108,195,119,90,61,181,42,18,60,36,99,33,16,200,172,60,246,135,101,62,145,71,164,61,155,164,239,200,44,194,85
Best fitness found so far: 0.6561100679027173; k: 2.0
Generation: 166; 0.6561100679027173; k: 2.0; 201,247,163,44,65,15,227,176,239,200,79,194,85,16,175,10,215,226,109,34,123,15,227,176,61,200,172,185,101,154,101,40,145,152,150,186,151,164,94,106,135,101,199,133,101,151,164,69,183,15,1,57,159,49,220,173,1,226,246,60,36,135,101,40,24,15,164,23,151,164,94,213,57,101,18,135,142,220,162,18,163,99,148,39,10,93,240,109,34,123,15,174,176,181,59,229,60,44,248,98,4,145,200,164,244,207,165,19,183,15,41,233,49,20,13,32,22,98,85,235,132,10,128,213,230,247,194,185,57,142,239,148,44,194,85
Best fitness found so far: 0.6561100679027173; k: 2.0
Generation: 167; 0.6561100679027173; k: 2.0; 69,247,163,215,65,15,103,176,239,200,79,194,85,16,175,10,215,191,109,34,123,15,227,176,37,200,172,60,36,135,101,177,78,162,112,137,151,164,94,61,194,85,16,175,10,215,226,109,34,98,115,227,176,181,200,249,60,149,135,101,40,145,15,151,20,151,165,94,213,135,101,222,135,101,30,65,121,185
Best fitness found so far: 0.6561100679027173; k: 2.0
Generation: 168; 0.6561100679027173; k: 2.0; 69,247,163,215,65,15,227,176,175,200,79,194,85,16,175,10,215,226,109,34,123,15,227,176,205,200,172,60,36,145,101,40,145,15,186,12,151,15,158,176,233,200,79,194,238,16,175,72,235,85,109,104,123,15,227,176,181,240,172,60,36,135,101,40,145,15,164,12,151,164,94,213,10,101,222,135,151,17,172,60,75,2,101,222,166,33,247,30,65,87,42,176,239,216,133,226
Best fitness found so far: 0.6561100679027173; k: 2.0
Generation: 169; 0.6561100679027173; k: 2.0; 232,247,163,215,65,15,227,176,239,200,79,194,85,16,175,10,215,226,109,34,123,15,189,176,181,240,172,60,200,135,148,40,145,15,164,12,151,164,94,125,27,101,222,160,101,236,172,60,234,2,42,222,166,33,208,30,65,201,42,176,239,25,3,243,34,123,86,38,176,181,90,156,60,36,60,81,40,145,100,164,23,2,149,53,15,227,176,134,240,39,90,36,220,80,227,163,93,164,187,122,185,94,213,235,101,222,135,25,17,224,60,99,2,101,222,19,85,239,158,31,164,170,198,100,65,109,69,185,163,172,233,19,227,226,226,200,79,194,77,16,175,10,87,148,11,34,123,189,94,151,181,200,172,60,226,135,53,188,107,249,164,23,247,164,85,124,19
Best fitness found so far: 0.6561100679027173; k: 2.0
Generation: 170; 0.6561100679027173; k: 2.0; 69,247,163,215,65,15,227,176,239,200,79,194,85,16,175,10,215,226,109,34,123,15,227,176,181,200,172,60,36,135,101,40,145,152,164,96,151,164,94,219,135,101,199,133,101,151,164,69,62,15,1,57,56,49,220,173,1,200,212,200,51,166,33,60,55,65,221,209,115,181,19,27,157,23,151,208,19,183,15,1,52,56,142,91,172,162,163,201,65,164,166,33,170,30,65,112,117,94,245,65,248,109,247,194,185,166,142,134,200,192,194,238,166,33,60,220,198,99,209,115,181,19,27,157,165,151,81,19,183,15,64,57,56,142,86,19,152,124
Best fitness found so far: 0.6561100679027173; k: 2.0
Generation: 171; 0.6561100679027173; k: 2.0; 69,247,163,215,65,15,227,176,239,200,79,194,85,16,107,10,215,226,109,34,123,15,227,176,37,200,172,60,36,135,101,116,24,15,164,23,151,164,94,213,135,101,163,135,15,227,176,31,141,172,60,191,198,9,164,160,101,12,135,101,30,65,210,82,138,37,74,124,210,27,138,100,74,184,108,195,61,124,61,181,42,18,60,36,227,33,181,200,172,60,246,135,101,96,145,71,164,61,155,164,19,207,239,93,124,102,30,94,194,85,16,175,189,93,228,109,34,156,35,227,176,181,98,172,60,250,135,101,40,175,116,164,33,151,164,71,41,15,129,57,124,242,220,142,76,107,241,167,159,234,33,181,172,24,15,227,99,181,125
Best fitness found so far: 0.6561100679027173; k: 2.0
Generation: 172; 0.6561100679027173; k: 2.0; 232,81,163,215,105,15,227,176,191,200,79,194,85,16,201,10,5,226,109,34,123,15,227,176,181,240,172,15,158,23,151,164,180,213,125,12,127,163,215,65,15,212,127,239,200,79,76,247,16,175,177,93,49,243,122,3,15,172,23,162,15,168,57,48,144,220,216,18,201,46,65,159,245,33,223,74,38,159,17,172,60,36,2,219,207,166,27,208,56,65,150,227,176,175,43,79,194,85,16,175,10,181,226,229,34,123,15,25,176,63,200,166,60,94,10,135,101,220,135,101,135,172,60,36,188,101,222,141,101,122,65,125,176,181,5,172,60
Best fitness found so far: 0.6561100679027173; k: 2.0
Generation: 173; 0.6561100679027173; k: 2.0; 248,247,163,56,65,15,227,176,175,200,79,84,85,16,101,10,191,226,153,34,21,15,227,176,181,200,172,60,36,145,187,40,85,211,164,219,151,164,163,213,135,48,202,184,101,200,172,60,36,188,101,6,141,101,6,65,121,176,10,78,94,109,34,39,147,227,176,250,200,172,60,36,8,4,164,217,101,222,135,141,207,65,15,212,66,10,15,227,176,91,200,79,194,85,16,159,10,101,98,109,247,163,215,65,15,212,59,132,200,79,194,247,16,175,10,93,107,15,34,123,15,227,176,134,200,172,60,96,135,101,36,145,71,164,23,112,164,13,207,84,103,212,56,142,59,29,18,82,207,240,127,26,93,196,109,34,123,154,227,176,102,200,172,231,36,135,247,40,145,70,164,158,151,65,129,19,176,239,200,79,194,247,16,175,133,93,233,15,18,55,151,164,94,125,184,101,222,135,101,17,172,60,194,70,16,175,10,215,226,109,34,123,15,227,176,181,198,172,60,36,61,101,173,83,15,158,23,151,164,180,213,125,12,35,163,215,65,15,212,176,239,3,79,183,247,51,175,10,93,49,109,90,123,15,172,119,183,90,168,213,56,142,220,216,18,163,212,65,112,166,33,223,166,199,159,40,33,181,105,65,15,108,109,111,205,205,124,150,235,247,161,175,224,2
Best fitness found so far: 0.6561100679027173; k: 2.0
Generation: 174; 0.6561100679027173; k: 2.0; 69,247,163,44,65,15,227,176,239,200,79,194,85,16,175,10,215,226,109,34,123,15,227,176,181,200,172,60,101,135,101,40,145,152,235,174,151,164,94,219,135,101,199,133,101,151,164,21,242,15,1,57,56,194,220,173,1,200,212,200,5,166,33,60,15,22,221,40,115,88,19,34,157,61,151,208,19,183,15,1,127,56,93,228,172,172,163,230,65,26,166,83,195,30,65,112,117,247,245,65,248,231,247,194,185,166,142,111,200,192,194,85,166,33,171,220,198,99,209,115,181,217,4,157,23,151,81,19,183,15,61,231,56,142,153,186,187,25,201,232,74,109,78,98,30,65,112,138,94,245,65,248,109,247,104,185,166,142,239,112,192,216,85,16,175,31,93,228,109,34,123,15,227,111,181,200,172,60,152,135,217,19,145,15,207,23,211,70,19,183,62,206,57,23,142,46,142,18,248,228,65,168,227,176,18,43,241,16,74,28,101,141,141,206,197,237,19,85,239,158,31,164,170,198,100,65,58,69,99,163,45,65,15,227,176,243,200,79,194,77,162,175,10,112,228,173,41,123,189,94,239,200,192,194,85,166,33,60,215,65,99,209,115,150,39,27,124,23,151,208,163,183,15,221,114,56,142,86,186,162,163,179,114,19,198,33,170,30,142,112,138,94,176,239,200,129,5,85,89,175,10,37,226,109,34,146,15,227,176,37,145,172,60,36,176,239,216,89,226
Best fitness found so far: 0.6561100679027173; k: 2.0
Generation: 175; 0.6561100679027173; k: 2.0; 69,229,163,215,65,15,227,176,239,200,79,194,85,16,175,10,215,226,109,34,121,15,33,176,181,200,172,60,36,135,101,130,145,15,125,23,151,168,94,109,135,101,76,133,101,151,164,19,183,141,117,1,57,56,163,215,105,15,227,176,128,200,79,194,85,16,141,10,215,129,109,34,123,15,227,176,181,240,172,60,36,154,136,128,42,113,239,216,124,226
Best fitness found so far: 0.6561100679027173; k: 2.0
Generation: 176; 0.6561100679027173; k: 2.0; 201,247,163,44,65,15,227,176,239,200,25,194,85,16,179,10,249,226,109,34,123,15,227,176,181,200,172,185,101,135,139,40,145,152,150,212,151,164,94,106,135,101,83,133,37,151,164,69,60,15,1,58,38,49,220,140,57,200,185,15,188,176,182,200,172,60,36,135,101,40,145,15,158,23,88,164,94,213,135,12,247,112,215,65,15,35,176,239,200,79,194,247,16,175,10,203,94,109,34,157,15,227,176,181,200,172,57,96,135,101,36,14,71,164,23,155,164,19,207,84,103,57,199,142,98,142,119,40,243,226,190,23,62,106,19,183,15,1,233,227,238,61,163,23,151,106,146,183,15,1,236,67,97,181,213,172,178,36,135,66,231,241,22,101,176
Best fitness found so far: 0.6561100679027173; k: 2.0
Generation: 177; 0.6561100679027173; k: 2.0; 201,247,163,44,65,215,227,176,239,200,25,194,85,16,175,10,77,226,109,34,123,15,227,176,181,200,172,185,101,135,139,40,145,152,150,212,151,164,94,106,135,101,199,133,37,151,164,69,60,15,1,57,55,244,220,140,57,200,185,15,227,176,182,200,172,60,36,135,101,40,145,15,158,23,88,164,94,213,135,12,247,225,9,65,15,186,176,239,83,79,27,247,16,175,10,93,228,109,34,123,15,227,176,181,200,172,51,96,135,101,36,14,71,164,23,155,164,19,207,84,103,57,56,142,59,142,18,191,207,65,159,26,13,50,109,231,123,154,227,176,102,200,172,231,148,135,247,183,145,156,164,128,151,65,99,19,176,239,200,79,194,247,16,175,133,93,228,109,34,123,15,199,156,181,127,172,60,36,135,101,23,145,71,164,61,155,33,42,207,84,1,57,7,164,128,162,18,163,99,148,159,10,93,240,109,34,123,15,227,176,3,59,229,60,36,158,137,40,145,200,164,23,44,165,54,183,65,41,233,49,20,239,200,79,198,85,177,132,10,128,228,108,247,194,185,57,142,239,200,113,54,85
Best fitness found so far: 0.6561100679027173; k: 2.0
Generation: 178; 0.6561100679027173; k: 2.0; 248,247,163,56,65,15,227,176,175,200,79,194,85,16,175,10,215,226,109,34,123,15,227,176,181,200,172,60,36,135,101,40,145,15,164,12,151,164,94,213,135,101,106,135,101,188,215,65,15,227,209,221,74,8,194,85,141,175,10,215,226,109,90,142,15,227,176,181,200,172,60,36,208,101,90,145,15,237,174,117,164,94,219,135,74,99,133,235,164,164,69,183,106,249,57,231,49,10,177,1,24,212,200,42,166,33,60,215,70,99,209,228,181,19,27,157,23,151,208,116,183,15,9,249,19,223,124,37,74,142,153,60,176,244,14,135,206,195,173,124,176,181,120,172,241,36,165,15,164,217,101,40,129,59,71,44,151,214,19,152,124
Best fitness found so far: 0.6561100679027173; k: 2.0
Generation: 179; 0.6561100679027173; k: 2.0; 69,247,163,215,65,15,227,176,239,200,79,194,85,16,175,10,215,226,109,34,123,15,227,176,181,200,172,60,36,135,17,40,145,15,164,23,151,164,94,213,135,101,222,135,101,30,65,15,135,101,40,145,15,164,12,151,164,94,213,135,101,222,135,101,47,172,60,36,2,214,228,166,33,208,30,65,207,225,176,208,216,124,226
Best fitness found so far: 0.6561100679027173; k: 2.0
Generation: 180; 0.6561100679027173; k: 2.0; 91,247,163,215,65,15,201,176,239,200,3,194,85,16,175,10,93,196,109,34,123,15,227,176,181,200,172,60,36,135,247,40,145,72,164,23,151,106,19,183,15,1,233,227,223,181,200,172,60,36,135,66,231,36,22,60,176
Best fitness found so far: 0.6561100679027173; k: 2.0
Generation: 181; 0.6561100679027173; k: 2.0; 69,123,163,215,65,85,227,176,239,200,79,194,85,16,159,10,93,196,109,34,123,15,227,176,13,200,172,15,36,236,178,40,243,156,164,23,121,106,19,183,15,1,233,227,176,181,163,23,151,106,146,183,15,1,233,67,141,181,200,172,178,8,135,66,108,241,124,61,181,42,18,60,36,227,95,181,200,172,60,246,135,101,62,145,71,164,61,155,164,19,207,84,1,57,56,205,220,142,18,1,107,148,159,10,93,18,109,34,170,15,227,176,181,223,172,75,77,158,137,40,9,156,164,23,151,106,19,183,15,41,233,44,14,246,200,79,194,85,177,42,10,128,228,230,247,194,184,57,24,196,200,168,194,85
Best fitness found so far: 0.6561100679027173; k: 2.0
Generation: 182; 0.6561100679027173; k: 2.0; 69,247,163,44,65,15,227,176,239,200,79,194,85,16,175,10,215,226,109,34,123,15,227,176,181,200,172,60,101,135,214,40,145,152,235,174,151,15,94,219,135,101,199,133,101,151,164,69,183,15,1,57,56,49,220,173,1,200,212,200,51,48,33,60,15,65,221,40,205,88,19,27,157,23,151,208,99,183,15,1,127,56,10,228,172,172,163,230,65,184,166,33,170,30,65,112,117,94,245,65,248,109,247,194,185,166,142,211,200,192,194,85,166,33,138,229,198,99,209,115,181,235,221,157,23,90,200,19,183,15,61,231,56,142,153,186,162,25,201,232,19,109,184,98,139,215,112,138,94,245,65,248,109,247,104,185,166,142,239,125,192,84,191,16,175,31,93,228,109,34,123,15,20,111,181,200,172,60,152,135,217,29,145,15,207,23,151,70,19,183,104,32,30,65,87,42,176,239,216,124,226
Best fitness found so far: 0.6561100679027173; k: 2.0
Generation: 183; 0.6561100679027173; k: 2.0; 69,247,163,215,65,15,227,176,239,200,79,194,85,16,175,10,121,226,109,34,123,15,227,176,37,200,172,60,36,110,101,40,24,145,164,23,151,164,94,213,135,101,163,135,15,227,176,69,200,172,60,191,198,248,164,122,101,12,135,101,30,65,210,82,138,37,74,124,86,60,176,100,74,211,108,243,119,173,61,181,42,136,230,41,36,135,101,40,83,15,158,23,189,164,180,213,125,12,247,163,215,65,15,212,176,239,200,203,194,247,16,175,10,93,49,109,34,123,15,192,176,181,200,172,60,96,135,101,36,145,71,164,221,155,164,19,207,84,76,208,56,142,59,142,184,186,207,65,226,17,198,240,121,217,123,154,227,176,102,246,172,231,178,135,247,40,145,156,175,44,185,176,15,19,176,239,200,79,194,42,242,175,12,141,115,109,34,123,15,134,33,181,200,172,60,94,135,102,62,123,71,164,61,155,33,19,207,84,1,57,7,142,220,162,18,163,99,148,126,10,93,240,109,34,123,15,227,176,156,59,229,60,36,158,137,40,38,200,162,23,188,165,19,183,15,41,233,49,20,239,125,79,185,224,177,132,10,128,228,230,247,67,185,57,154,239,200,113,194,184
Best fitness found so far: 0.6561100679027173; k: 2.0
Generation: 184; 0.6561100679027173; k: 2.0; 74,247,163,215,163,15,227,176,239,200,77,194,85,16,175,10,215,226,109,34,123,15,227,176,181,200,172,60,36,61,101,40,83,15,158,23,35,164,180,213,125,12,127,163,215,233,15,212,176,175,200,79,194,247,16,175,10,93,49,109,90,123,15,172,109,34,123,15,227,240,37,200,172,60,36,11,101,54,24,185,29,23,28,172,224,68,64,101,163,135,138,227,176,170,34,98,15,227,176,181,200,249,60,149,210,249,40,145,15,164,40,151,165,187,34,110,101,83,135,101,150,131,8,185
Best fitness found so far: 0.6561100679027173; k: 2.0
Generation: 185; 0.6561100679027173; k: 2.0; 248,247,163,56,65,15,227,176,175,200,79,194,85,16,175,10,181,226,229,34,123,15,227,176,181,200,166,60,36,145,101,40,26,15,164,12,151,80,163,213,86,48,76,184,101,200,172,151,164,94,213,50,223,30,65
Best fitness found so far: 0.6561100679027173; k: 2.0
Generation: 186; 0.6561100679027173; k: 2.0; 69,247,163,215,65,85,227,176,239,200,79,194,85,16,159,10,93,196,109,34,159,15,227,176,13,200,172,15,36,135,178,40,243,156,164,23,62,106,19,11,15,1,233,227,181,200,172,60,36,135,101,40,200,22,60,176
Best fitness found so far: 0.6561100679027173; k: 2.0
Generation: 187; 0.6561100679027173; k: 2.0; 69,247,163,215,219,15,227,176,27,200,79,194,85,16,175,10,215,226,109,34,197,210,11,121,181,200,172,60,36,224,143,104,206
Best fitness found so far: 0.6561100679027173; k: 2.0
Generation: 188; 0.6561100679027173; k: 2.0; 162,219,163,215,65,15,227,176,239,200,79,194,85,16,175,10,215,226,109,34,123,15,227,176,181,200,172,60,36,135,101,164,94,213,135,101,199,133,101,151,164,19,183,15,1,57,56,49,220,173,1,200,212,145,159,166,33,60,215,230,99,227,176,181,19,27,157,191,81
Best fitness found so far: 0.6561100679027173; k: 2.0
Generation: 189; 0.6561100679027173; k: 2.0; 91,247,163,215,65,105,201,176,239,200,3,194,85,16,175,10,93,196,109,34,123,15,227,176,181,200,172,60,36,135,86,40,145,156,164,23,151,106,19,183,15,89,233,227,176,181,200,172,60,36,135,66,231,176,239,200,79,194,85,244,175,81,71,226,109,249,123,15,227,176,181,240,172,96,36,135,148,40,248,35,244,145,25
Best fitness found so far: 0.6561100679027173; k: 2.0
Generation: 190; 0.6561100679027173; k: 2.0; 69,247,163,131,65,15,227,176,147,200,145,194,85,16,175,10,87,226,109,34,123,15,227,176,99,200,60,60,36,145,101,40,28,15,164,12,151,15,227,176,233,200,79,140,85,16,164,164,70,164,94,213,135,39,222,135,101,200,172,60,182,188,101,226,79,194,85,16,175,10,167,226,169,34,123,15,227,176,241,200,219,60,36,135,101,62,145,15,47,16,175,10,215,226,109,34,123,156,227,176,48,200,177,60,20,135,101,40,200,22,60,176,60,62,180,67,239,200,79,94,181,87,10,87,225,217,19,85,16,87,200,79,194,85,229,85,10,215,226,78,15,164,219,151,164,163,213,135,48,222,184,101,200,172,60,36,188,101,222,141,101,122,97,121,176,10,79,94,109,34,39,147,172,97,181,200,172,60,36,8,15,164,217,164,222,46,141,207,65,15,38,176,37,15,227,176,239,200,79,36,85,16,105,10,93,98,109,34,79,113,227,176,200,79,194,85,16,159,54,93,58,83,34,123,15,16,176,13,123,227,15,36,117,178,172,243,196,109,34,123,15,227,176,13,238,172,15,36,135,178,40,187,226,164,23,62,106,19,183,15,1,233,72,70,167,136,23,151,129,146,183,37,1,149,94,141,181,213,172,178,36,182,66,231,241,22,101,176
Best fitness found so far: 0.6561100679027173; k: 2.0
Generation: 191; 0.6561100679027173; k: 2.0; 69,247,163,215,65,15,103,176,239,200,79,194,85,16,175,10,215,226,109,34,123,15,227,176,37,200,172,60,36,135,101,81,78,15,112,23,151,164,94,213,135,101,163,135,52,103,176,239,57,79,194,85,161,8,10,215,191,109,34,123,15,146,176,243,200,172,60,36,135,101,81,78,33,112,137,173,164,94,79,117,85,16,175,15,108,93,239,188,124,102,30,94,194,28,16,175,189,93,228,109,34,98,35,227,176,181,200,172,60,250,161,101,40,35,61,164,33,151,9,71,183,15,233,57,124,242,220,142,127,107,241,167,159,234,33,181,172,65,15,227,168,181,125
Best fitness found so far: 0.6561100679027173; k: 2.0
Generation: 192; 0.6561100679027173; k: 2.0; 232,247,163,215,65,15,227,176,239,200,79,194,85,16,175,10,215,226,109,34,123,15,227,176,181,240,172,60,248,135,148,73,145,164,164,12,151,164,43,125,27,101,222,135,101,17,172,60,151,164,94,125,135,101,222,135,101,17,56,243,36,2,101,222,166,33,208,30,65,201,44,207,239,190,210,1,34,123,15,227,176,181,158,172,60,36,60,81,40,70,100,164,23,151,186,19,183,15,59,176,37,200,172,60,36,135,101,81,78,162,112,137,151,164,128,138,78,85,16,175,10,215,35,109,34,98,15,84,176,181,200,249,60,149,135,101,40,145,15,164,20,151,165,94,8,18,101,222,135,101,30,65,15,185
Best fitness found so far: 0.6561100679027173; k: 2.0
Generation: 193; 0.6561100679027173; k: 2.0; 232,247,163,215,65,15,227,176,239,200,79,194,235,16,175,10,215,226,109,34,123,15,227,176,181,240,172,60,36,135,148,40,145,186,164,12,151,202,94,125,135,101,222,135,101,17,40,60,36,2,101,222,166,33,208,30,65,201,42,176,239,244,3,243,34,123,15,227,176,181,90,172,60,36,60,81,40,145,100,164,23,127,55,19,183,15,59,57,93,180,220,142,99,163,128,148,159,166,33,181,30,65,15,221,56,209,205,205,184,150,130,247,123,15,134,33,181,147,172,60,36,135,101,62,145,71,164,61,155,33,19,207,183,43,203,7,142,220,162,156,163,99,148,159,10,93,240,109,34,181,15,227,176,181,59,229,60,36,135,137,40,71,200,149,183,44,165,19,183,15,41,233,49,20,239,200,58,198,85,177,132,10,128,208,230,247,194,185,57,142,239,200,113,194,85
Best fitness found so far: 0.6561100679027173; k: 2.0
Generation: 194; 0.6561100679027173; k: 2.0; 69,229,163,215,65,15,227,176,239,200,79,194,85,16,175,10,215,226,109,34,123,15,33,176,181,200,172,60,36,135,101,40,145,15,164,23,151,164,94,205,135,101,199,133,101,151,164,19,183,141,1,1,57,56,142,220,142,18,163,212,65,159,10,93,240,109,34,172,15,227,176,181,200,172,215,226,109,34,123,15,227,176,181,200,172,185,101,135,101,14,145,152,150,174,151,164,77,106,135,101,199,133,150,151,164,69,32,206,133,57,56,49,220,173,1,200,171,200,51,166,225,182,15,65,221,40,115,88,19,45,238,23,135,208,193,228,15,1,127,56,10,79,172,172,163,230,65,26,166,33,50,140,146,112,117,94,245,65,248,19,198,194,50,109,142,36,200,192,194,144,166,33,138,220,198,65,209,115,181,21,4,157,147,151,81,19,183,15,140,131,56,142,153,186,45,25,201,232,104,109,78,98,30,65,177,138,175,245,65,248,109,23,104,185,166,201,239,200,21,216,85,200,122,213,125,12,127,70,215,65,15,212,176,239,200,79,194,247,249,175,39,93,128,109,90,123,249,144,19,183,15,197,57,56,142,220,142,18,163,212,65,159,166,33,223,166,199,159,40,33,181,30,65,15,108,83,80,43,205,124,150,136,247,100,175,224,2
Best fitness found so far: 0.6561100679027173; k: 2.0
Generation: 195; 0.6561100679027173; k: 2.0; 232,199,163,215,65,15,227,176,239,200,79,194,85,16,175,10,215,226,109,34,123,15,227,176,181,240,172,60,36,132,136,40,145,217,164,12,63,164,94,125,44,101,236,236,101,17,56,169,36,2,101,50,121,33,208,30,65,201,42,207,239,38,88,1,34,94,213,135,101,222,135,101,17,172,60,36,2,101,222,166,33,208,30,65,27,42,176,239,216,124,226,123,15,227,176,181,240,172,60,36,132,136,40,145,217,164,12,63,164,94,125,44,101,236,236,101,17,56,169,36,2,101,50,121,33,208,30,65,201,42,207,239,38,88,1,34,94,213,135,101,222,135,101,17,172,60,36,2,101,222,166,33,208
Best fitness found so far: 0.6561100679027173; k: 2.0
Generation: 196; 0.6561100679027173; k: 2.0; 248,247,163,56,65,15,227,176,175,200,79,194,85,16,175,10,181,226,109,34,123,15,227,176,181,200,172,60,36,145,101,40,211,15,164,221,151,164,163,213,73,48,222,184,101,200,172,60,36,188,101,222,141,131,122,65,121,176,10,93,94,109,34,79,147,227,176,181,200,172,60,36,8,15,164,217,101,222,135,141,207,65,15,38,176,37,74,124,61,124,151,100,74,191,101,139,119,124,176,181,145,172,60,36,13,244,33,219,67,158,143,110,61,242,15,185,65,15,116,176,239,213,79,192,35,79,81,27,79,123,213,135,101,141,135,101,196,65,15,108,157,239,205,124,102,30,94,194,85,16,175,189,93,228,109,34,98,15,227,176,181,61,172,37,36,135,101,40,35,61,164,33,151,164,19,183,15,129,57,56,142,220,142,127,163,241,167,159,234,176,241,200,219,60,36,135,101,193,145,15,47,16,175,10,215,226,109,34,123,104,227,176,48,200,177,219,36,135,101,45,200,22,60,176,60,62,180,67,141,111,79,94,181,87,10,87,225,100,32,85,16,87,200,79,60,85,122,85,10,215,226,109,26,123,15,227,176,181,200,130,142,36,135,101,40,200,124,60,176
Best fitness found so far: 0.6561100679027173; k: 2.0
Generation: 197; 0.6561100679027173; k: 2.0; 232,81,163,215,105,15,227,176,191,200,79,194,85,16,141,10,5,226,109,34,123,15,227,176,51,240,172,15,158,23,112,21,224,143,104,206
Best fitness found so far: 0.6561100679027173; k: 2.0
Generation: 198; 0.6561100679027173; k: 2.0; 69,163,163,44,65,15,227,176,239,200,223,194,85,16,175,10,215,226,109,34,123,15,227,176,181,200,172,60,94,135,101,40,145,152,57,174,215,164,94,219,135,101,199,133,101,151,164,69,183,15,1,57,56,49,54,173,1,200,212,200,51,166,33,60,15,65,221,40,115,88,19,27,157,23,116,208,19,183,15,1,127,56,10,228,172,172,163,230,65,26,166,33,170,30,65,112,117,94,245,65,163,215,65,15,227,176,239,200,79,194,85,16,175,10,215,226,160,249,123,218,227,176,181,240,172,60,36,135,148,40,248,35,244,145,25
Best fitness found so far: 0.6561100679027173; k: 2.0
Generation: 199; 0.6561100679027173; k: 2.0; 69,247,163,215,223,15,103,176,239,200,79,194,85,16,175,10,35,191,109,34,123,15,227,176,37,200,172,140,36,80,101,81,78,162,56,142,220,142,18,163,212,65,159,166,115,223,166,199,159,40,33,181,30,65,15,108,83,111,205,205,124,150,59,247,100,175,120,2
Best fitness found so far: 0.6561100679027173; k: 2.0
Total time of execution of seed 4 : 46206550
Solution Fitness: -0.6561100679027173
Variables: uniform 10 chebyshev join split join moveNear split join split moveNear join split join join
