Generation: 0; 0.0; k: 0.0; 93,225,175,7,106,105,192,223
Best fitness found so far: 0.0; k: 0.0
Generation: 1; 0.23156757020816507; k: 2.0; 57,244,105,109,199,181,47
Best fitness found so far: 0.23156757020816507; k: 2.0
Generation: 2; 0.2799698753394866; k: 2.0; 57,244,105,126,199,181,47
Best fitness found so far: 0.2799698753394866; k: 2.0
Generation: 3; 0.28982526127021113; k: 2.0; 102,53,79,21,179,21,145
Best fitness found so far: 0.28982526127021113; k: 2.0
Generation: 4; 0.28480559543191103; k: 2.0; 123,175,134,174,165,189,121,41,133,55,89,147,1
Best fitness found so far: 0.28982526127021113; k: 2.0
Generation: 5; 0.33365367718581485; k: 2.1; 19,124,202,135,93,59,173,1,73,203
Best fitness found so far: 0.33365367718581485; k: 2.1
Generation: 6; 0.3652697068008149; k: 2.0; 194,53,79,21,179,21,145
Best fitness found so far: 0.3652697068008149; k: 2.0
Generation: 7; 0.3376110166491538; k: 2.0; 54,53,79,194,139,126,203,99,174,15,37,101,6,105,197,47,60,230,231,27,146,237
Best fitness found so far: 0.3652697068008149; k: 2.0
Generation: 8; 0.3376110166491538; k: 2.0; 54,53,79,194,99,126,203,99,174,15,37,101,6,116,134,47,60,230,231,27,146,237
Best fitness found so far: 0.3652697068008149; k: 2.0
Generation: 9; 0.3627144729155979; k: 2.0; 56,165,29,99,133,32,139,94,139,21,85,205,85,205,85,21,225,205,85,175,134,163,200,75,85,243
Best fitness found so far: 0.3652697068008149; k: 2.0
Generation: 10; 0.34176308678662315; k: 2.0; 4,142,186,99,231,151,217,165,29,99,105,32,153,94,139,21,7,205,85,205,85,153,225,205,85,175,134,163,6,75,85,243
Best fitness found so far: 0.3652697068008149; k: 2.0
Generation: 11; 0.3760946957519911; k: 2.0; 2,100,126,203,99,210,193,192,101,6,105,198,47,60,230,195,94,105,202,6,145,134,174,165,189,121,25,238,159,89,147,1
Best fitness found so far: 0.3760946957519911; k: 2.0
Generation: 12; 0.3760946957519911; k: 2.0; 2,100,126,203,99,210,193,192,101,6,105,198,235,60,230,195,94,105,202,6,145,134,174,165,189,121,65,238,159,89,147,1
Best fitness found so far: 0.3760946957519911; k: 2.0
Generation: 13; 0.3760946957519911; k: 2.0; 2,100,126,203,99,210,193,192,101,6,105,198,47,60,222,195,94,105,202,6,145,134,174,181,189,121,125,157,109,199,181,225
Best fitness found so far: 0.3760946957519911; k: 2.0
Generation: 14; 0.3760946957519911; k: 2.0; 2,100,126,203,99,210,193,192,101,6,105,198,47,60,22,195,94,105,202,6,145,134,85,205,85,21,67,205,85,175,134,163,200,75,85,10,205,176,243,186,186,21,85,205,85,7
Best fitness found so far: 0.3760946957519911; k: 2.0
Generation: 15; 0.3760946957519911; k: 2.0; 2,100,126,203,99,210,193,192,101,6,105,198,235,60,230,225,94,113,202,6,105,134,174,165,189,121,65,80,142,182,8,231,107,217,82,202,93,156,244,44,123,176,243,227,186,99,43,21,122,217,55,25,46,109,199,223,101,139,126,139,99,174,15,37,101,6,185,153,47,60,230,231,99,174,15,37,229,6,61,134,47,60,230,2,27,146,237
Best fitness found so far: 0.3760946957519911; k: 2.0
Generation: 16; 0.3760946957519911; k: 2.0; 2,100,126,203,99,210,141,192,101,6,87,198,235,60,230,195,94,105,120,6,145,63,230,155,21,36,21,179,21,145
Best fitness found so far: 0.3760946957519911; k: 2.0
Generation: 17; 0.3760946957519911; k: 2.0; 2,100,126,203,99,210,193,192,101,6,105,198,47,60,222,195,192,96,174,15,37,101,6,105,197,47,60,230,174,27,146,237
Best fitness found so far: 0.3760946957519911; k: 2.0
Generation: 18; 0.3760946957519911; k: 2.0; 115,100,126,203,99,210,143,192,101,6,105,198,235,60,230,225,94,113,202,6,105,16,174,165,17,121,65,218,142,138,8,231,107,217,82,147,197,156,217,44,171,176,203,101,6,198,198,235,60,230,195,94,105,120,6,145,134,230,54,21,36,21,145
Best fitness found so far: 0.3760946957519911; k: 2.0
Generation: 19; 0.3760946957519911; k: 2.0; 2,100,126,203,99,210,193,192,101,6,105,198,235,150,230,195,94,105,202,29,111,70,32,35,250,86,21,85,205,85,205,85,21,140,205,85,7,233,85,178,85,153,215,230,202,27,146,237
Best fitness found so far: 0.3760946957519911; k: 2.0
Generation: 20; 0.3760946957519911; k: 2.0; 2,236,126,203,99,210,141,192,101,6,87,198,235,60,84,195,94,33,120,6,88,63,210,155,21,36,21,113,94,139,21,179,182,8,231,107,217,82,202,34,156,244,105,202,6,55,134,174,165,189,138,55,115,240,21,119,21,145
Best fitness found so far: 0.3760946957519911; k: 2.0
Generation: 21; 0.3760946957519911; k: 2.0; 2,100,126,203,99,210,193,192,187,6,105,198,235,60,230,225,94,113,202,6,183,205,85,205,85,205,85,21,140,205,85,7,233,85,205,85,153,26,73,203
Best fitness found so far: 0.3760946957519911; k: 2.0
Generation: 22; 0.3760946957519911; k: 2.0; 2,184,126,203,177,210,193,192,101,6,105,198,47,60,133,195,94,105,202,6,19,186,50,116,180,217,82,202,175,150,244,15,37,101,105,198,47,60,230,195,104,105,202,92,25,162,21,16,21,148,152,184
Best fitness found so far: 0.3760946957519911; k: 2.0
Generation: 23; 0.3760946957519911; k: 2.0; 2,100,126,203,99,75,193,192,101,6,105,198,47,205,22,195,105,60,6,86,134,174,24,189,227,25,81,79,201,105,134,174,165,157,121,41,126,203,99,174,15,37,101,6,105,197,47,210,230,231,27,233,237
Best fitness found so far: 0.3760946957519911; k: 2.0
Generation: 24; 0.3760946957519911; k: 2.0; 2,100,126,203,99,210,193,192,101,6,63,198,235,60,230,15,165,189,121,65,80,142,182,17,250,107,217,82,202,93,156,244,44,149,176,243,227,186,99,43,21,122,217,55,25,46,109,199,223,3,139,126,139,99,174,15,37,101,6,185,153,246,3,221,231,99,174,166,37,236,15,37,5,6,105,236,87,60,151,15,37,165,148,237,197,80,220,79,21,179,21,145
Best fitness found so far: 0.3760946957519911; k: 2.0
Generation: 25; 0.3760946957519911; k: 2.0; 2,100,126,203,99,210,193,192,101,6,105,198,235,60,230,195,94,105,202,183,145,134,174,94,189,121,101,6,105,198,29,60,133,195,94,105,202,6,142,194,134,163,200,75,85,243,121,101,6,105,198
Best fitness found so far: 0.3760946957519911; k: 2.0
Generation: 26; 0.3760946957519911; k: 2.0; 2,100,46,203,99,210,193,192,101,6,105,198,235,60,230,225,94,113,202,92,101,134,174,165,202,6,105,134,174,243,189,245,65,80,142,186,8,224,137,217,82,202,1,156,13,44,123,176,3,186,186,99,43,21,122,193,192,101,6,121,198,235,150,230,195,94,105,202,29,26,70,32,125,250,86,21,85,205,85,188,85,21,140,205,85,7,233,85,178,173,153,215,230,45,92,146,237
Best fitness found so far: 0.3760946957519911; k: 2.0
Generation: 27; 0.3760946957519911; k: 2.0; 2,100,126,203,99,210,193,192,101,6,105,198,235,150,230,195,94,105,202,29,216,9,32,35,250,86,21,85,205,85,205,244,21,140,205,83,7,233,85,178,85,153,215,230,202,27,146,237
Best fitness found so far: 0.3760946957519911; k: 2.0
Generation: 28; 0.3760946957519911; k: 2.0; 2,100,126,203,99,210,193,192,187,6,105,198,211,60,230,225,94,113,202,6,183,205,85,205,85,205,85,231,180,56,82,202,175,150,244,15,37,101,6,138,40,47,29,149,231,27,43,177,245,165,189,121,41,8,175
Best fitness found so far: 0.3760946957519911; k: 2.0
Generation: 29; 0.3760946957519911; k: 2.0; 2,100,126,203,99,210,193,192,101,6,63,198,87,60,230,15,94,113,202,6,218,134,174,105,189,121,65,80,142,182,8,231,151,217,188,202,134,174,165,27,121,65,80,51,222,216,180,107,217,82,202,93,156,21,85,205,85,54,85,118,116,205,85,30,134,33,103,238,92,222,195,94,105,202,6,142,134,174,181,189,121,87,157,144,199,85,165,65,157,109
Best fitness found so far: 0.3760946957519911; k: 2.0
Generation: 30; 0.3760946957519911; k: 2.0; 14,100,126,203,99,210,193,192,101,6,63,198,235,60,230,15,94,113,202,6,105,134,174,7,189,113,65,80,142,182,8,231,151,80,130,202,134,141,165,27,121,65,80,142,222,216,175,107,217,82,202,93,156,21,85,205,85,54,85,118,116,205,85,30,80,33,103,177,92,222,195,94,105,202,6,216,134,210,193,192,101,6,105,198,235,60,230,225,94,105,202,6,145,115,204,145
Best fitness found so far: 0.3760946957519911; k: 2.0
Generation: 31; 0.3760946957519911; k: 2.0; 2,100,126,203,99,210,193,192,101,6,105,198,235,60,230,225,163,113,202,6,105,134,174,165,189,121,65,80,147,93,156,244,44,123,176,243,227,186,119,43,21,173,217,55,25,46,109,220,28,194,139,126,170,99,210,131,100,101,6,105,198,235,60,230,10,94,105,202,6,145,12,174,165,33,121,34,80,142,186,29,231,151,222,82,202,175,193,244,44,123,176,243,186,186,99,46,174,53,203,77,50,30
Best fitness found so far: 0.3760946957519911; k: 2.0
Generation: 32; 0.3760946957519911; k: 2.0; 2,100,126,203,229,210,193,192,101,6,247,198,235,60,230,225,186,99,43,99,122,217,55,25,46,109,199,184,3,139,126,139,177,215,193,192,101,6,105,37,29,165,210,195,94,105,198,235,60,230,173,94,105,120,6,36,175,146,35,21,36,220,220
Best fitness found so far: 0.3760946957519911; k: 2.0
Generation: 33; 0.3760946957519911; k: 2.0; 2,236,126,203,99,210,173,192,101,6,87,198,235,75,114,195,107,33,120,6,88,63,230,155,94,105,202,42,19,124,198,179,60,230,225,94,105,202,6,145,119,174,53,80,121,65,80,101,186,213,231,197,134,61,202,175,156,244,44,123,176,85,233,75,99,43,21,122,7,55,133,46,174,53,203,77,50,65,80,142,205,47,205,85,185,225,205,85,95
Best fitness found so far: 0.3760946957519911; k: 2.0
Generation: 34; 0.3760946957519911; k: 2.0; 2,100,126,203,99,210,193,192,101,6,105,198,47,60,146,195,94,105,164,6,193,93,156,153,249,123,124,94,116,120,6,145,23,157,109,199,5,132
Best fitness found so far: 0.3760946957519911; k: 2.0
Generation: 35; 0.4068857945914641; k: 2.0; 2,100,126,220,99,210,193,84,101,6,21,21,205,85,175,231,163,200,75,85,10,205,38,243,186,186,21,126,250,177,210,193,192,101,6,105,198,47,60,133,74,94,105,202,105,198,113,214,222,195,94,105,156,175,145,134,174,181,12,121,125,157,143,199,181,225
Best fitness found so far: 0.4068857945914641; k: 2.0
Generation: 36; 0.3760946957519911; k: 2.0; 2,184,126,203,177,210,193,192,101,6,105,198,47,60,133,195,114,105,214,6,19,186,50,116,180,217,82,202,175,150,244,15,37,101,105,198,47,60,230,195,104,105,202,92,25,162,21,16,21,148,230,231,99,174
Best fitness found so far: 0.4068857945914641; k: 2.0
Generation: 37; 0.4068857945914641; k: 2.0; 2,100,126,220,99,210,193,84,101,6,21,21,205,85,175,231,163,200,75,85,10,205,38,243,186,186,44,126,250,177,210,193,192,101,6,105,198,47,60,133,74,94,105,97,105,198,113,214,222,195,224,105,156,94,105,230,6,213,21,225,205,85,35,134,163,200,75,85,10,205,176,243,186,26,21,99,9,219,139,94,34,21,38,205,85,205,85,205,85,21,140,205,85,7,163,139,205,85,153,26,73,203
Best fitness found so far: 0.4068857945914641; k: 2.0
Generation: 38; 0.3760946957519911; k: 2.0; 2,100,126,203,99,210,193,192,101,6,105,198,235,150,230,195,94,105,202,29,190,70,32,35,250,86,21,79,205,85,205,85,21,140,205,100,126,203,9,210,53,192,101,6,105,198,235,60,230,135,94,113,213,87,157,109,16,181,225
Best fitness found so far: 0.4068857945914641; k: 2.0
Generation: 39; 0.4068857945914641; k: 2.0; 2,100,126,220,99,210,193,84,101,6,21,21,205,85,175,231,163,200,75,85,10,205,38,243,186,186,44,126,250,177,210,193,192,69,6,105,198,47,60,133,74,94,105,97,105,198,113,214,56,195,224,105,156,94,105,230,230,2,27,146,237
Best fitness found so far: 0.4068857945914641; k: 2.0
Generation: 40; 0.4068857945914641; k: 2.0; 2,100,126,220,99,210,193,84,101,6,21,21,205,85,175,231,163,200,75,85,10,205,38,243,186,186,21,126,250,177,210,203,191,94,222,117,48,41,99,174,15,214,235,6,63,153,47,60,230,231,99,48,15,37,67,6,247,134,47,56,230,2,27,222,237
Best fitness found so far: 0.4068857945914641; k: 2.0
Generation: 41; 0.4068857945914641; k: 2.0; 2,26,126,220,99,210,193,84,101,6,21,21,205,85,175,231,163,200,75,85,182,8,231,105,202,48,213,21,225,205,85,175,245,72,200,20,85,10,153,108,60,199,231,99,174,15,37,67,118,247,134,47,60,230,2,27,146,237
Best fitness found so far: 0.4068857945914641; k: 2.0
Generation: 42; 0.4068857945914641; k: 2.0; 2,100,126,220,99,210,193,104,101,206,155,21,205,85,175,231,163,200,161,85,10,133,38,129,47,186,21,126,250,177,210,193,192,101,6,105,198,203,60,133,74,94,192,101,6,105,198,47,60,230,195,94,142,202,165,29,111,70,32,139,94,86,21,85,205,85,205,85,21,140,205,85,7,233,85,205,85,153,219,230,193,27,146,237
Best fitness found so far: 0.4068857945914641; k: 2.0
Generation: 43; 0.4068857945914641; k: 2.0; 2,100,126,220,99,210,193,84,101,6,21,21,205,85,175,231,163,200,75,85,10,205,133,243,127,186,21,126,250,177,210,193,192,101,6,105,132,47,60,133,74,94,105,202,105,198,113,214,126,203,99,210,193,192,57,6,57,198,47,60,222,195,192,96,174,15,37,101,6,70,197,219,60,230,174,27,146,7
Best fitness found so far: 0.4068857945914641; k: 2.0
Generation: 44; 0.4068857945914641; k: 2.0; 2,100,126,220,99,210,193,84,101,6,21,21,205,85,123,231,163,200,75,85,10,205,38,243,186,186,21,126,250,177,210,193,192,101,6,109,75,85,95,205,195,243,186,186,184,123,175,196,90,165,129
Best fitness found so far: 0.4068857945914641; k: 2.0
Generation: 45; 0.4068857945914641; k: 2.0; 125,100,126,220,99,210,193,104,101,206,155,21,205,85,61,231,163,200,161,85,10,133,38,129,146,237
Best fitness found so far: 0.4068857945914641; k: 2.0
Generation: 46; 0.4068857945914641; k: 2.0; 2,100,126,220,99,210,85,84,97,6,21,21,205,85,175,231,163,200,75,85,10,205,38,243,175,134,72,200,75,85,52,205,176,243,186,85,175,231,163,200,75,85,10,205,38,243,186,186,21,126,250,177,210,203,191,94,222,117,130,41,99,174,15,214,235,6,63,153,47,60,230,196,99,48,15,37,67,6,247,134,47,56,230,2,27,222,237
Best fitness found so far: 0.4068857945914641; k: 2.0
Generation: 47; 0.4068857945914641; k: 2.0; 2,100,126,52,99,210,193,84,101,6,21,166,205,85,175,231,163,200,75,85,10,205,133,243,127,186,88,126,250,177,210,99,210,193,84,101,26,241,21,205,85,175,231,163,200,75,85,182,8,231,69,202,6,94,21,223,205,85,175,134,6,105,198,29,60,90,200,75,85,115,205,38,243,186,186,44,126,250,177,210,193,192,101,59,105,198,47,60,133,74,94,105,97,105,198,113,131,222,195,224,105,156,94,105,230,6,213,21,225,205,85,35,134,163,200,75,235,10,205,176,243,186,26,21,99,9,219,139,94,34,21,38,205,85,205,85,205,85,21,140,205,85,7,163,139,205,85,153,213,73,203
Best fitness found so far: 0.4068857945914641; k: 2.0
Generation: 48; 0.4068857945914641; k: 2.0; 2,100,126,52,99,210,165,84,101,6,21,166,205,85,175,231,163,200,75,85,10,205,133,243,89,186,88,126,250,177,15,99,210,193,84,214,26,241,39,205,176,175,231,163,200,75,211,182,8,199,202,202,6,94,21,223,205,85,175,134,80,105,198,29,60,90,200,75,85,115,205,38,243,14,186,128,126,226,177,210,144,192,101,59,105,198,47,148,133,74,94,105,97,105,198,113,157,85,37,101,6,48,40,47,29,149,212,27,146,177,245,165,189,121,106,152,246
Best fitness found so far: 0.4068857945914641; k: 2.0
Generation: 49; 0.4068857945914641; k: 2.0; 2,100,126,220,141,210,193,84,123,6,31,21,205,85,101,231,163,200,75,85,106,205,38,243,186,148,46,175,180,79,200,75,85,10,205,38,243,186,186,21,126,250,177,210,193,192,101,6,169,198,47,60,169,74,94,228,203
Best fitness found so far: 0.4068857945914641; k: 2.0
Generation: 50; 0.4068857945914641; k: 2.0; 122,100,126,220,99,210,193,84,101,6,203,21,205,85,175,231,163,200,66,85,91,186,186,122,85,11,220,233
Best fitness found so far: 0.4068857945914641; k: 2.0
Generation: 51; 0.4068857945914641; k: 2.0; 2,100,126,220,99,210,193,84,101,6,21,21,205,85,175,96,163,200,39,85,60,120,1,243,186,250,59,56,223,177,194,203,191,94,15,85,175,87,163,200,100,200,202,132,145,134,119,165,189,230,115,80,142,186,8,231,151,217,82,202,88,156,80,44,123,176,243,135,186,99,43,21,195,7,55,25,46,174,53,203,77,50,17
Best fitness found so far: 0.4068857945914641; k: 2.0
Generation: 52; 0.4068857945914641; k: 2.0; 2,100,126,220,99,210,193,84,135,6,21,21,17,85,175,231,163,200,75,85,10,205,38,243,186,186,44,126,250,177,210,193,192,69,6,166,198,47,66,105,32,47,60,22,195,94,105,202,219,235,230,177,27,146,7
Best fitness found so far: 0.4068857945914641; k: 2.0
Generation: 53; 0.4068857945914641; k: 2.0; 2,100,126,220,99,210,193,104,101,206,155,21,205,85,175,231,163,200,161,85,10,133,38,129,47,186,21,238,39,177,210,193,192,101,6,105,198,203,60,133,74,94,192,101,6,105,198,47,60,230,195,94,84,101,249,35,21,205,85,175,231,197,200,198,149,220,205,38,243,105,40,47,29,243,60,27,218,177,245,165,189,121,41,152,4
Best fitness found so far: 0.4068857945914641; k: 2.0
Generation: 54; 0.4068857945914641; k: 2.0; 2,100,126,52,99,210,193,84,101,6,21,166,205,85,175,191,163,200,75,85,10,205,133,243,127,186,21,49,250,17,210,161,210,193,203,101,26,241,21,205,85,175,231,83,200,75,85,182,8,231,101,6,21,21,205,85,175,96,163,200,240,85,60,120,1,243,186,250,59,56,223,177,194,203,191,94,15,85,175,87,163,200,100,35,202,132,145,134,119,165,189,230,115,80,142,186,8,231,151,217,82,202,71,156,80,44,123,176,243,135,20,99,43,21,195,7,55,25,46,174,160,203,77,50,17
Best fitness found so far: 0.4068857945914641; k: 2.0
Generation: 55; 0.4068857945914641; k: 2.0; 2,100,126,220,55,210,193,84,101,6,21,21,205,85,175,96,163,200,247,85,60,120,1,243,186,250,59,56,223,177,194,203,191,94,15,85,175,67,163,200,100,200,202,132,145,134,119,165,189,230,115,80,142,186,8,231,151,217,82,202,88,156,198,47,60,215,159,94,105,202,99,198,47,214,55,195,94,105,156,175,145,134,174,181,12,121,125
Best fitness found so far: 0.4068857945914641; k: 2.0
Generation: 56; 0.4068857945914641; k: 2.0; 2,100,126,220,99,210,193,104,101,206,155,21,205,85,175,231,163,200,200,85,10,133,38,129,52,186,21,126,250,177,210,193,192,101,6,105,198,203,60,133,74,94,192,101,6,105,198,47,60,230,195,94,142,202,165,151,111,70,32,175,210,141,192,32,6,186,198,235,92,230,195,140,28,105,30,134,163,21,142,53,222,172,83,27,202,6,70,134,174,24,189,42,87,157,135,49,5,225
Best fitness found so far: 0.4068857945914641; k: 2.0
Generation: 57; 0.4068857945914641; k: 2.0; 2,100,126,220,99,210,193,84,101,6,21,21,205,85,175,231,163,200,75,85,97,205,38,243,186,53,44,126,250,177,86,193,192,69,6,105,198,47,60,133,85,123,60,163,200,185,85,10,205,38,243,186,186,21,126,250,243,210,193,192,101,6,109,75,85,95,205,195,243,186,186,184,123,175,196,90,165,129
Best fitness found so far: 0.4068857945914641; k: 2.0
Generation: 58; 0.4068857945914641; k: 2.0; 2,100,126,220,99,210,81,84,101,6,21,21,205,85,175,231,163,200,75,85,10,100,38,243,186,186,21,126,250,234,210,193,192,101,6,105,198,109,60,133,74,94,94,21,61,198,113,214,68,40,50,210,43,83,177,138,99,167,107,217,214,48,111,220,99,210,193,84,101,6,21,21,205,85,175,101,163,119,75,85,220,238,38,243,186,186,21,126,250,81,222,195,94,233,156,175,210,194,192,101,6,186,198,235,147,230,195,114,28,85,30,134,163,21,142,53,222,218,80,85,202,6,28,134,174,24,189,149,87,157,109,199,5,225
Best fitness found so far: 0.4068857945914641; k: 2.0
Generation: 59; 0.4068857945914641; k: 2.0; 2,100,126,220,99,210,193,84,101,6,241,21,205,85,39,231,163,200,75,85,182,8,231,105,202,6,213,21,135,205,85,175,134,6,105,87,33,60,202,195,31,105,202,82,142,131,134,163,200,136,85,243
Best fitness found so far: 0.4068857945914641; k: 2.0
Generation: 60; 0.4068857945914641; k: 2.0; 2,100,126,220,99,210,85,84,97,6,21,21,205,85,175,231,163,200,75,85,37,205,38,243,175,248,72,200,5,85,52,205,176,243,186,85,175,231,163,200,75,85,10,205,38,243,186,186,21,126,102,177,210,203,191,26,222,117,130,41,99,174,167,2,94,105,202,105,157,113,85,45,11,94,105,209,175,192,82,230,225,94,189,202,6,183,205,85,205,85,205,85,66,210,193,192,101,6,239,36,47,60
Best fitness found so far: 0.4068857945914641; k: 2.0
Generation: 61; 0.4068857945914641; k: 2.0; 2,100,126,220,99,210,85,84,237,6,21,21,205,85,175,231,163,200,245,85,10,205,38,243,175,134,72,200,94,61,52,205,176,243,186,85,175,231,163,200,75,85,10,194,38,243,186,186,21,126,250,177,210,203,137,94,222,117,130,41,99,174,15,214,235,6,63,153,47,60,230,196,99,48,15,37,67,6,2,183,126,220,183,13,193,84,101,6,21,21,205,85,175,96,163,200,136,85,60,120,1,243,186,186,59,56,223,177,194,203,191,94,15,85,175,87,62,200,100,200,75,85,220,205,38,243,186,148,46,174,41,95,77,50,65,201,1,205,47,205,85,111,68,205,242,95
Best fitness found so far: 0.4068857945914641; k: 2.0
Generation: 62; 0.4068857945914641; k: 2.0; 125,100,126,220,99,210,193,104,101,206,155,21,205,125,61,231,163,200,161,85,176,243,179,53,122,85,205,18,233
Best fitness found so far: 0.4068857945914641; k: 2.0
Generation: 63; 0.4068857945914641; k: 2.0; 2,100,126,220,99,210,113,84,101,6,21,21,177,85,175,231,163,200,75,85,10,205,24,243,175,134,72,200,75,85,81,205,176,243,186,186,122,85,205,18,75,85,10,205,38,243,186,186,21,126,250,177,210,193,192,69,6,109,75,85,95,205,195,243,186,186,184,123,175,196,90,165,129
Best fitness found so far: 0.4068857945914641; k: 2.0
Generation: 64; 0.4068857945914641; k: 2.0; 2,100,126,220,99,210,193,104,101,206,155,21,135,85,175,231,163,200,161,85,10,133,38,129,47,173,21,126,250,177,210,193,192,101,6,105,24,155,60,133,96,217,192,101,6,105,198,47,60,230,195,94,142,202,165,29,200,70,32,172,99,210,193,3,101,6,21,21,205,85,67,231,163,200,75,85,10,102,38,243,156,186,21,222,105,222,132,229,134,119,165,189,121,66,80,142,29,153,133,195,94,105,202,6,142,31,134,41,200,69,85,243
Best fitness found so far: 0.4068857945914641; k: 2.0
Generation: 65; 0.4068857945914641; k: 2.0; 39,132,111,220,99,210,193,84,101,6,21,21,205,85,175,231,163,200,50,85,182,8,231,105,202,48,213,21,225,205,228,175,245,72,200,20,85,10,68,108,226,199,231,99,174,126,220,99,210,193,84,101,6,241,153,205,172,143,231,163,40,75,85,182,8,231,105,202,6,213,21,23,205,192,101,6,239,132,47,60
Best fitness found so far: 0.4068857945914641; k: 2.0
Generation: 66; 0.4068857945914641; k: 2.0; 46,196,126,220,99,210,193,84,235,6,21,21,205,85,175,231,163,200,75,85,10,205,1,198,101,186,154,126,139,177,210,203,191,94,15,85,175,231,208,200,100,113,10,205,133,243,229,186,169,186,250,177,210,131,71,101,6,105,7,185,60,49,152,94,105,202,105,198,99,68,40,60,230,225,166,113,202,97,105,47,174,165,189,121,65,80,75,182,8,243,249,88,82,202,93,156,38,44,205,176,243,227,186,99,43,21,164,217,55,45,170,109,213,223,3,139,126,139,99,220,15,127,4,6,201,153,246,3,230,231,99,177,212,37,236,15,37,101,6,105,236,87,60,230,15,37,165,148,105,197,80,53,79,21,179,21,215
Best fitness found so far: 0.4068857945914641; k: 2.0
Generation: 67; 0.4068857945914641; k: 2.0; 2,100,126,220,99,210,193,84,101,6,21,21,205,85,175,231,163,200,75,85,164,8,231,203,202,6,200,75,85,10,205,43,243,186,158,44,126,139,177,210,193,192,69,143,105,198,147,66,105,32,47,236,22,195,74,75,27,10,205,133,243,127,186,21,126,250,177,34,35,37,101,168,105,90,47,84,133,74,71,105,202,59,198,113,43,5,203,99,31,193,142,57,111,57,198,6,60,222,195,146,6,224,197,219,169,112,174,27,15,7
Best fitness found so far: 0.4068857945914641; k: 2.0
Generation: 68; 0.4068857945914641; k: 2.0; 98,100,126,220,141,210,193,84,123,6,21,21,205,85,175,231,163,200,75,85,220,205,38,243,186,148,46,174,41,203,77,50,65,80,121,125,157,109,199,181,225,6,21,161,21,85,66,231,163,200,69,85,10,205,171,243,186,186,250,245,2,100,107,203,126,202,193,192,101,39,48,198,47,60,215,159,152,105,27,99,180,243,186,186,21,126,250,177,210,193,192,234,6,169,198,47,60,169,74,94,105,125,105,29,113,46,222,195,94,105,49,35,3,134,174,181,12,121,158,238,143,199,84,127
Best fitness found so far: 0.4068857945914641; k: 2.0
Generation: 69; 0.4068857945914641; k: 2.0; 12,100,126,220,99,210,193,84,101,6,21,21,205,85,175,231,163,200,75,105,182,8,231,105,202,106,213,107,13,186,21,249,250,136,210,55,231,163,105,75,85,164,8,231,203,202,6,142,21,225,205,85,175,109,199,223,246,87,99,210,222,84,101,6,21,21,205,85,175,231,163,200,75,23,10,205,38,243,186,186,21,126,250,234,210,193,192,101,6,105,198,47,28,133,74,94,105,21,61,198,113,214,68,40,17,210,43,83,37,138,8,177,107,217,231,48,25,75,176,215,175,109,199
Best fitness found so far: 0.4068857945914641; k: 2.0
Generation: 70; 0.4068857945914641; k: 2.0; 2,100,126,220,99,210,193,189,101,6,21,21,205,85,175,231,163,200,75,85,10,205,38,243,186,186,21,126,250,198,210,193,192,101,6,105,198,47,192,101,216,125,75,85,95,205,195,48,186,186,184,123,175,196,90,165,129
Best fitness found so far: 0.4068857945914641; k: 2.0
Generation: 71; 0.4068857945914641; k: 2.0; 2,100,126,172,99,210,193,64,101,6,21,21,205,85,67,231,163,200,129,85,10,205,63,243,186,107,168,4,93,177,26,193,173,101,89,105,198,47,35,15,74,94,5,202,231,163,200,75,85,10,205,43,243,155,186,44,126,49,186,231,193,30,69,39,105,198,147,66,119,124,47,60,22,230,38,75,27,10,205,133,243,127,186,21,126,250,177,210,152,192,101,168,105,160,47,60,133,202,94,105,202,105,198,113,43,126,203,248,195,193,192,57,111,57,198,6,60,222,195,192,143,85,205,85,59,140,205,85,144,191,85,90,182,124,26
Best fitness found so far: 0.4068857945914641; k: 2.0
Generation: 72; 0.4068857945914641; k: 2.0; 2,100,126,220,65,210,193,84,101,6,21,21,205,85,175,231,163,200,75,85,10,205,38,194,186,186,21,126,151,234,141,193,8,158,179,105,171,47,84,101,6,21,21,205,85,175,231,163,200,75,85,182,8,231,105,202,48,213,21,42,205,85,175,230,72,200,20,2,10,153,138,6,105,198,47,105,167,74,80,105,21,105,234,123,200,75,85,206,205,38,90,186,29,21,4,93,177,210,193,192,101,6,105,198,47,60,47,74,94,5,202,105,198,113,214,183,224,94,151,91,246,145,99,210,193,84,128,235,213,21,205,163,175,231,163,200,123,202,28,205,38,243,186,186,213,126,81,177,210,193,192,101,6,105,198,47,60,223,74,80,105,21,105,234,228,214,222,195,197,210,21,192,135,6,105,198,47,60,22,195,94,105,202,6,145,134,85,205,141,21,67,205,85,175,30,119,200,31,59,10,205,176,243,186,186,21,85,11,85,7
Best fitness found so far: 0.4068857945914641; k: 2.0
Generation: 73; 0.4068857945914641; k: 2.0; 2,100,126,220,99,210,193,84,101,6,21,21,205,85,175,231,81,200,75,85,10,205,93,243,127,186,21,126,250,177,210,193,192,101,6,105,132,47,60,133,74,94,105,202,105,198,113,214,126,203,60,210,193,192,57,6,57,66,47,122,222,195,192,162,174,15,37,101,6,70,197,100,126,220,111,210,193,84,101,6,67,21,205,85,235,231,163,200,75,85,164,234,231,203,202,37,142,21,225,205,85,175,245,199,223,246,111,61,210,126,84,101,187,21,21,205,234,175,168,163,200,75,28,10,205,22,243,186,186,21,126,250,234,34,193,192,101,6,105,198,47,60,133,74,94,105,21,61,198,113,214,68,86,17,210,43,83,37,138,8,116,107,217,231,48,25,75,176,243
Best fitness found so far: 0.4068857945914641; k: 2.0
Generation: 74; 0.4068857945914641; k: 2.0; 2,100,126,220,99,210,193,104,101,206,155,21,205,85,175,231,163,200,177,85,10,133,38,96,47,2,21,126,250,177,210,193,192,101,6,105,198,203,60,22,74,94,192,101,6,105,198,47,60,230,232,94,142,202,165,29,111,48,32,139,94,107,21,228,205,85,205,85,21,140,205,85,101,6,21,21,205,85,175,162,163,200,168,85,60,205,1,205,186,186,21,126,139,177,210,174,165,94,15,177,175,231,163,200,88,198,8,46,222,229,192,96,212,15,37,147,6,70,197,219,60,230,177,27,146,7
Best fitness found so far: 0.4068857945914641; k: 2.0
Generation: 75; 0.4068857945914641; k: 2.0; 215,14,126,172,99,210,193,64,101,6,21,21,219,85,67,231,163,200,75,85,10,205,38,243,186,186,21,4,93,177,210,193,192,101,6,105,11,47,60,47,74,94,5,202,105,182,113,214,222,195,94,151,91,175,145,43,210,81,52,40,6,60,222,159,166,96,79,15,245,101,6,70,4,219,240,230,174,27,146,7
Best fitness found so far: 0.4068857945914641; k: 2.0
Generation: 76; 0.4068857945914641; k: 2.0; 2,100,126,220,99,210,193,84,101,6,79,21,205,85,175,231,163,200,75,85,182,8,231,105,202,6,213,21,200,205,85,175,134,72,200,75,85,10,126,220,99,210,193,171,173,6,21,21,205,85,175,231,163,200,75,85,10,205,38,243,186,186,21,126,250,177,210,193,192,101,6,163,198,47,60,133,74,94,105,202,105,198,114,214,200,195,208,105,156,175,145,134,174,38,243,186,16,21,126,226,177,210,193,192,101,216,109,75,85,95,205,195,243,186,186,184,123,175,196,90,165,129
Best fitness found so far: 0.4068857945914641; k: 2.0
Generation: 77; 0.4068857945914641; k: 2.0; 2,100,126,220,99,210,193,84,101,6,21,21,17,85,175,231,163,200,112,85,10,205,43,5,186,186,44,126,250,177,210,193,192,69,6,105,198,147,66,105,32,47,22,22,195,74,75,164,10,205,133,60,127,186,21,126,250,177,210,193,192,101,30,105,185,47,60,133,74,18,105,193,84,101,6,21,21,205,85,175,96,163,200,136,85,60,120,1,73,186,186,59,56,246,177,223,203,191,214,15,85,175,87,203,200,100,200,20,85,220,205,38,243,186,148,46,174,41,95,77,50,65,201,1,205,173,205,85,111,68,205,85,95
Best fitness found so far: 0.4068857945914641; k: 2.0
Generation: 78; 0.4068857945914641; k: 2.0; 2,92,176,220,99,210,193,129,101,6,21,21,205,85,175,231,213,200,75,85,10,205,16,243,186,186,21,126,30,84,210,193,205,85,66,140,205,85,7,233,85,205,182,124,26,73,203,136,85,243
Best fitness found so far: 0.4068857945914641; k: 2.0
Generation: 79; 0.4068857945914641; k: 2.0; 166,100,126,220,99,210,193,84,101,6,21,21,21,85,175,231,163,200,75,85,10,205,38,243,186,186,44,68,215,177,210,27,247,241,21,205,85,72,231,163,200,75,85,182,8,231,69,202,99,94,50,153,205,85,175,134,6,105,154,29,60,90,202,75,85,115,205,38,243,246,58,114,126,250,177,210,181,192,101,59,105,177,47,60,133,198,47,60,151,244,2,105,202,6,213,77,225,205,85,175,168,163,200,75,85,248,171,189,243,96,186,196,82,230,61,90,244,243
Best fitness found so far: 0.4068857945914641; k: 2.0
Generation: 80; 0.4068857945914641; k: 2.0; 2,100,126,220,99,210,193,84,101,6,21,21,205,85,175,231,163,200,75,85,182,8,231,105,202,6,213,21,225,205,85,193,134,72,200,20,85,10,205,74,32,186,186,6,21,21,205,85,175,231,20,200,75,85,182,8,27,105,202,48,213,21,202,205,85,175,230,72,200,20,85,10,153,52,6,105,198,47,105,167,74,80,105,21,105,234,113,147,222,139,94,105,49,65,145,134,174,53,238,121,125,157,143,199,224,225
Best fitness found so far: 0.4068857945914641; k: 2.0
Generation: 81; 0.4068857945914641; k: 2.0; 2,26,126,220,23,210,193,84,101,6,21,21,165,85,175,231,163,200,75,85,182,8,138,105,22,48,213,21,163,200,75,85,10,205,38,243,175,134,72,200,75,113,10,205,176,243,186,186,122,85,205,18,233
Best fitness found so far: 0.4068857945914641; k: 2.0
Generation: 82; 0.4068857945914641; k: 2.0; 2,100,126,220,111,210,193,84,101,6,21,21,205,85,235,231,163,200,75,85,164,8,231,203,202,206,142,21,225,205,85,175,109,199,223,246,105,198,47,60,133,195,94,105,202,105,198,47,214,222,195,94,105,156,175,145,18,93,181,12,121,125,157,31,199,228,225
Best fitness found so far: 0.4068857945914641; k: 2.0
Generation: 83; 0.4068857945914641; k: 2.0; 2,100,126,220,99,210,193,84,101,6,21,21,205,85,227,231,163,200,54,85,10,205,66,197,163,60,230,174,27,146,7
Best fitness found so far: 0.4068857945914641; k: 2.0
Generation: 84; 0.4068857945914641; k: 2.0; 2,100,126,172,99,210,193,64,101,6,21,21,205,85,67,231,163,200,75,85,10,205,38,243,210,193,84,101,6,213,21,205,163,175,231,163,200,75,179,10,205,38,243,186,186,213,126,81,177,210,193,192,158,6,105,32,47,60,223,74,80,105,21,105,234,56,214,222,220,94,155,49,65,145,134,174,181,238,78,125,157,143,199,181,225
Best fitness found so far: 0.4068857945914641; k: 2.0
Generation: 85; 0.4068857945914641; k: 2.0; 2,92,176,220,99,210,193,84,101,6,21,21,205,85,175,231,163,200,75,220,10,205,16,243,186,186,21,250,250,207,210,193,192,101,6,242,198,149,246,133,74,94,64,8,105,157,113,85,222,195,94,110,209,175,192,60,230,225,94,113,202,6,183,205,85,205,85,94,105,230,6,213,21,225,205,35,35,134,163,65,75,85,10,205,176,231,186,26,21,99,9,219,139,94,34,21,95,205,169,205,85,205,85,21,140,205,246,7,163,105,205,85,153,26,73,203
Best fitness found so far: 0.4068857945914641; k: 2.0
Generation: 86; 0.4068857945914641; k: 2.0; 2,100,126,220,99,210,193,84,101,6,21,21,205,85,175,231,163,200,75,85,10,205,133,243,127,186,165,129
Best fitness found so far: 0.4068857945914641; k: 2.0
Generation: 87; 0.4068857945914641; k: 2.0; 2,206,76,220,99,210,137,84,213,6,21,21,69,85,175,231,245,200,75,85,125,205,80,243,30,142,182,8,231,151,128,82,202,175,156,244,44,231,176,243,227,103,99,193,192,52,134,202,198,149,60,230,74,94,105,8,105,157,72,85,222,195,94,105,209,175,179,60,230,44,94,113,231,6,183,205,85,205,145,205,38,243,186,148,46,174,41,203,77,50,65,80,142,164,47,205,25,46,109,98,223,47
Best fitness found so far: 0.4068857945914641; k: 2.0
Generation: 88; 0.4068857945914641; k: 2.0; 148,100,126,220,99,75,113,84,187,6,43,21,205,85,175,231,133,200,75,85,10,205,38,243,225,243,72,200,75,105,160,174,165,4,240,83,80,142,155,210,193,84,101,6,21,97,205,85,1,231,163,200,141,33,10,205,16,243,186,186,79,126,250,207,15,193,192,101,6,5,198,149,212,133,74,94,105,8,105,178,113,85,222,101,6,105,198,47,60,133,99,94,134,21,160,198,113,214,68,40,17,210,43,83,86,138,8,116,107,217,231,48,25,75,176,243
Best fitness found so far: 0.4068857945914641; k: 2.0
Generation: 89; 0.4068857945914641; k: 2.0; 2,100,126,238,99,210,193,219,101,6,221,21,205,85,175,231,163,200,75,85,195,205,38,243,186,107,44,126,250,177,210,193,192,69,6,105,6,47,60,133,74,94,105,97,105,198,113,214,56,195,224,105,156,94,14,230,230,2,27,146,210,193,84,101,6,17,185,205,155,175,231,163,130,75,221,10,205,133,243,127,186,21,4,250,177,210,193,192,192,231,240,73,250,235,60,230,225,166,113,73,6,105,47,174,249,189,121,2,80,75,182,8,243,107,88,82,202,229,156,5,44,205,176,243,227,186,99,43,21,164,217,55,103,46,109,199,223,110,139,126,139,99,174,15,127,4,6,185,153,246,3,196,231,99,174,212,37,236,15,37,101,6,105,236,87,60,230,15,37,4,148,105,197,80,53,79,21,179,21,145
Best fitness found so far: 0.4068857945914641; k: 2.0
Generation: 90; 0.4068857945914641; k: 2.0; 2,100,126,220,99,210,193,84,33,6,241,21,205,85,175,231,163,200,75,85,182,8,231,105,202,6,213,21,135,205,220,175,47,29,149,212,27,146,26,245,165,189,121,106,152,246
Best fitness found so far: 0.4068857945914641; k: 2.0
Generation: 91; 0.4068857945914641; k: 2.0; 2,100,111,220,99,210,193,84,101,6,21,21,205,85,175,101,163,200,156,85,220,205,38,169,74,94,228,203
Best fitness found so far: 0.4068857945914641; k: 2.0
Generation: 92; 0.4068857945914641; k: 2.0; 2,100,126,220,99,210,193,84,101,6,21,21,205,85,175,231,159,200,75,85,228,205,38,243,39,186,44,126,250,177,210,193,192,101,6,105,198,47,118,133,74,94,105,97,105,168,113,214,222,195,224,105,156,94,29,230,6,12,21,225,205,85,47,70,163,200,75,85,10,205,176,243,186,26,130,99,9,157,139,94,34,21,38,200,75,85,182,8,231,132,202,106,213,107,186,186,21,249,250,136,210,55,192,101,6,105,198,47,60,133,195,94,105,202,105,141,47,214,222,195,94,105,156,61,145,18,189,181,12,121,125,144,31,199,228,179
Best fitness found so far: 0.4068857945914641; k: 2.0
Generation: 93; 0.4068857945914641; k: 2.0; 2,100,126,220,99,210,193,84,101,6,139,21,205,85,175,231,163,200,75,85,164,8,231,203,202,6,213,21,225,205,85,175,109,199,226,101,87,126,139,99,174,15,13,134,4,200,75,85,102,205,176,243,186,186,21,117,250,177,210,193,192,203,6,105,198,47,118,133,195,94,142,202,105,198,47,60,222,195,193,192,101,6,105,194,156,11,230,225,94,105,202,151,192,134,174,72,189,245,65,80,142,238,8,231,137,217,82,202,175,245,202,44,123,176,3,186,72,99,43,180,122,193,220,101,6,121,198,235,150,105,195,175,231,163,200,75,202,10,205,38,243,186,245,213,126,81,177,210,193,192,83,6,105,198,47,60,223,74,80,105,21,142,234,56,214,222,195,94,210,193,192,101,6,105,198,47,24,22,195,94,105,202,6,145,134,85,205,85,21,67,205,85,175,30,163,200,75,59,10,205,176,243,186,186,21,85,205,85,7
Best fitness found so far: 0.4068857945914641; k: 2.0
Generation: 94; 0.4068857945914641; k: 2.0; 15,100,126,220,99,210,193,104,101,206,155,21,205,125,197,231,163,200,161,85,10,133,38,129,198,47,105,167,159,55,105,21,105,219,113,147,208,139,94,105,49,65,145,134,195,94,105,20,6,145,134,174,181,189,121,125,157,109,199,146,225
Best fitness found so far: 0.4068857945914641; k: 2.0
Generation: 95; 0.4068857945914641; k: 2.0; 12,100,126,220,99,210,193,84,101,6,21,21,205,85,175,231,163,200,75,85,182,8,231,105,202,78,213,107,186,186,21,249,250,208,49,55,192,101,183,105,66,85,91,186,186,122,231,11,220,233
Best fitness found so far: 0.4068857945914641; k: 2.0
Generation: 96; 0.4068857945914641; k: 2.0; 2,92,161,220,99,210,79,84,101,6,21,21,205,85,175,231,163,200,75,85,10,13,16,243,186,52,21,126,250,207,210,193,192,244,232,213,198,149,60,133,74,244,105,8,105,157,113,85,222,195,94,203,177,202,193,247,101,6,105,198,161,60,5,159,94,228,202,99,198,108,214,55,195,187,105,156,175,145,134,174,142,12,121,125,157,109,199,181,225,6,21,21,21,85,66,231,163,200,75,45,10,205,38,1,186,186,250,245,2,100,126,203,126,202,193,192,101,39,48,198,47,60,215,159,120,105,202,99,180,243,178,186,21,126,250,177,210,193,192,249,6,106,143,47,60,169,81,94,105,125,105,29,113,46,222,243,94,17,49,115,3,134,174,181,12,121,249,157,143,216,84,127
Best fitness found so far: 0.4068857945914641; k: 2.0
Generation: 97; 0.4068857945914641; k: 2.0; 2,100,126,172,99,210,193,64,147,6,21,21,205,85,67,231,163,200,75,85,10,205,38,243,186,127,21,4,45,177,170,193,192,101,6,105,198,47,60,199,74,94,105,202,105,198,113,214,222,195,163,151,91,175,145,99,210,193,28,101,114,21,21,205,163,175,231,163,200,75,85,10,205,38,243,152,186,50,126,81,85,67,231,163,200,75,85,39,205,38,243,186,29,21,4,106,163,210,193,192,101,6,105,192,47,60,47,74,94,5,202,105,198,113,214,183,195,94,151,91,175,145,99,210,193,84,101,235,213,21,205,224,175,231,163,200,75,202,10,205,38,173,186,186,213,126,9,177,210,193,192,101,22,105,198,105,60,80,74,80,105,21,105,234,56,214,222,195,94,210,193,192,101,6,105,198,47,60,22,195,94,105,202,6,145,134,85,205,85,21,67,205,85,175,30,163,75,75,59,10,205,176,243,186,186,21,85,205,228,7
Best fitness found so far: 0.4068857945914641; k: 2.0
Generation: 98; 0.4068857945914641; k: 2.0; 2,100,126,220,99,210,193,84,101,66,21,21,205,85,175,231,163,200,75,85,10,205,38,243,186,186,44,126,250,177,172,43,93,101,6,105,198,47,60,162,74,94,239,186,186,122,85,205,85,95
Best fitness found so far: 0.4068857945914641; k: 2.0
Generation: 99; 0.4068857945914641; k: 2.0; 2,100,111,190,99,210,193,84,101,6,21,21,205,85,175,96,163,200,136,85,60,205,1,243,186,186,21,126,139,177,210,203,191,94,15,85,175,231,163,200,100,215,47,60,222,195,192,96,209,241,192,60,230,225,94,113,35,6,183,205,123,205,85,210,85,66,140,205,85,147,191,85,205,182,124,26,228,203
Best fitness found so far: 0.4068857945914641; k: 2.0
Generation: 100; 0.4068857945914641; k: 2.0; 2,100,126,220,99,210,193,84,101,6,21,21,205,85,175,231,163,200,75,85,10,205,133,243,127,186,21,126,250,177,44,21,166,205,85,175,231,163,200,193,85,10,205,133,243,89,186,88,126,250,177,15,99,210,193,84,214,168,203,39,205,176,175,231,163,200,75,211,182,8,199,202,202,6,94,232,223,205,85,175,134,80,105,198,29,60,90,200,70,85,115,205,38,243,14,116,39,126,226,177,210,144,192,101,59,6,198,47,148,133,74,94,105,97,105,198,113,157,85,37,101,6,48,40,47,29,149,212,13,146,177,245,165,189,121,106,152,246
Best fitness found so far: 0.4068857945914641; k: 2.0
Generation: 101; 0.4068857945914641; k: 2.0; 2,100,126,220,99,210,193,84,101,6,221,21,205,85,175,231,163,220,75,85,182,8,231,105,202,6,31,21,65,102,85,175,134,72,200,20,85,10,205,74,100,186,186,236,101,182,241,21,205,85,175,231,163,200,75,85,182,8,119,173,227,6,231,21,223,205,71,175,134,199,105,198,29,60,90,200,75,85,115,205,38,243,186,186,44,206,101,177,210,193,192,101,37,105,84,47,60,133,74,94,31,97,105,198,113,131,222,195,224,105,156,94,105,230,6,213,21,225,205,85,35,134,163,200,75,235,10,205,176,11,186,122,21,99,9,219,139,94,34,21,38,120,85,205,85,202,85,21,140,205,229,155,163,139,205,85,153,213,73,203
Best fitness found so far: 0.4068857945914641; k: 2.0
Generation: 102; 0.4068857945914641; k: 2.0; 2,100,126,220,99,210,193,84,101,6,21,21,229,85,175,231,163,200,75,85,10,205,13,243,186,186,44,27,250,177,166,193,192,69,6,190,135,147,66,105,32,47,135,22,195,177,75,97,36,205,133,243,127,186,218,126,250,177,210,193,192,36,168,226,136,149,60,133,250,94,105,202,105,239,113,43,126,25,46,109,134,223,47
Best fitness found so far: 0.4068857945914641; k: 2.0
Generation: 103; 0.4068857945914641; k: 2.0; 2,100,126,220,99,210,193,84,101,6,21,21,205,85,175,231,163,200,75,85,164,8,17,174,139,44,213,21,225,205,85,30,109,199,223,101,87,126,139,99,174,15,37,134,4,200,169,85,102,198,60,230,231,99,129,15,41,67,6,215,134,212,56,230,2,27,222,237,199,223,101,87,126,139,99,174,15,37,134,4,200,169,85,102,198,60,230,231,99
Best fitness found so far: 0.4068857945914641; k: 2.0
Generation: 104; 0.4068857945914641; k: 2.0; 2,100,126,124,141,210,193,84,123,6,31,21,205,85,101,231,45,200,75,85,135,205,38,243,128,148,46,175,180,79,200,75,31,10,205,38,22,186,186,21,40,250,177,111,70,32,139,94,42,21,20,205,85,205,85,182,140,205,85,7,233,186,205,85,153,194,230,193,27,154,75,85,10,205,43,243,186,186,44,126,12,177,246,193,192,69,211,105,198,147,66,105,32,47,60,22,195,74,75,27,10,205,133,243,127,186,21,126,250,177,210,193,215,101,168,105,136,47,60,133,74,94,105,202,105,198,237,43,126,203,99,210,193,192,57,111,57,198,6,60,222,195,192,96,174,15,37,167,6,70,197,219,233,190,174,27,146,7
Best fitness found so far: 0.4068857945914641; k: 2.0
Generation: 105; 0.4068857945914641; k: 2.0; 2,100,126,220,99,210,193,84,101,6,21,21,205,85,175,231,127,200,75,85,10,205,38,243,186,142,21,126,250,177,82,193,192,101,6,105,198,47,60,133,74,158,105,21,105,198,113,214,222,195,94,105,49,175,145,134,174,38,243,186,55,25,46,109,199,223,47
Best fitness found so far: 0.4068857945914641; k: 2.0
Generation: 106; 0.4068857945914641; k: 2.0; 125,100,126,220,99,210,193,104,101,206,155,21,205,125,61,231,163,200,161,85,10,133,38,129,40,190,105,167,74,80,105,21,105,219,145,147,94,139,94,105,49,65,145,161,174,181,238,121,125,249,143,199,63,15,47,60,150,231,99,129,15,37,67,6,247,134,158,56,230,2,27,222,237
Best fitness found so far: 0.4068857945914641; k: 2.0
Generation: 107; 0.4068857945914641; k: 2.0; 2,22,126,220,99,210,193,84,101,6,243,21,205,155,175,231,163,200,75,85,10,205,133,243,127,193,192,101,168,105,136,149,60,133,74,94,81,202,105,239,113,43,126,203,99,226,85,182,230,231,105,202,6,16,21,227,205,85,175,134,72,200,75,85,10,205,176,230,186,193,122,85,40,18,233
Best fitness found so far: 0.4068857945914641; k: 2.0
Generation: 108; 0.4068857945914641; k: 2.0; 2,100,176,220,99,210,193,84,229,6,21,21,205,85,175,231,163,200,75,85,10,205,38,243,186,186,21,126,250,207,210,193,215,101,88,105,198,149,60,85,74,94,105,202,141,157,113,85,45,195,72,105,209,175,150,82,230,225,94,113,202,6,183,205,85,205,85,205,85,66,210,193,192,101,6,239,105,40,47,29,149,231,27,146,137,245,165,189,121,41,152,246
Best fitness found so far: 0.4068857945914641; k: 2.0
Generation: 109; 0.4068857945914641; k: 2.0; 2,100,126,220,99,210,85,84,97,6,21,21,205,85,175,231,163,200,75,85,10,205,13,243,144,134,72,239,75,85,52,205,176,243,186,75,175,231,163,200,75,85,10,205,169,37,186,186,21,126,250,177,210,203,191,94,222,125,130,41,163,105,99,85,10,205,38,243,186,186,44,68,215,177,210,193,192,69,6,55,198,47,66,105,32,47,93,22,195,189,105,81,92,142,186,50,231,180,70,82,19,88,150,244,85,125,101,6,192,40,47,12,149,234,27,146,177,245,165,189,121,106,152,246
Best fitness found so far: 0.4068857945914641; k: 2.0
Generation: 110; 0.4068857945914641; k: 2.0; 2,100,111,190,243,210,193,84,101,6,21,21,87,85,175,96,163,200,136,85,60,205,1,243,186,235,21,126,139,177,210,203,191,94,15,85,175,231,163,243,100,215,47,60,222,195,192,96,174,15,37,101,93,70,197,219,49,230,243,186,76,82,85,10,205,38,243,150,134,72,125,75,85,82,205,5,61,186,186,122,163,64,192,233
Best fitness found so far: 0.4068857945914641; k: 2.0
Generation: 111; 0.4068857945914641; k: 2.0; 2,100,126,112,99,210,193,64,101,6,21,21,205,85,67,231,163,200,164,85,10,205,176,243,186,186,21,222,105,222,132,145,134,89,165,193,121,43,80,142,29,153,133,195,94,105,202,6,142,131,134,192,200,65,85,243
Best fitness found so far: 0.4068857945914641; k: 2.0
Generation: 112; 0.4068857945914641; k: 2.0; 2,100,126,7,99,210,193,84,101,206,21,166,205,85,175,231,163,200,75,85,10,205,133,243,127,186,88,126,197,177,210,99,9,193,84,27,26,139,21,205,85,175,231,163,175,231,163,200,75,85,10,205,41,243,186,186,44,126,250,177,210,193,192,69,6,105,198,147,66,105,177,47,60,22,242,228,38,223,10,205,133,243,127,186,21,126,250,177,210,193,192,101,168,105,136,47,60,133,74,128,105,202,105,198,113,43,126,203,99,210,193,28,57,142,57,198,151,60,222,195,192,96,174,15,37,101,6,70,197,219,169,230,174,27,146,182
Best fitness found so far: 0.4068857945914641; k: 2.0
Generation: 113; 0.4068857945914641; k: 2.0; 224,100,126,220,99,210,193,84,101,6,241,21,205,85,175,231,163,200,75,85,116,8,231,105,202,6,213,21,135,205,85,175,134,6,105,198,29,60,47,186,21,126,250,177,210,67,192,101,6,105,198,203,164,133,74,94,192,239,6,105,198,47,60,230,195,94,142,202,165,29,111,70,32,139,94,86,21,85,187,85,205,85,21,140,205,85,7,233,85,205,85,153,219,230,193,27,67,237
Best fitness found so far: 0.4068857945914641; k: 2.0
Generation: 114; 0.4068857945914641; k: 2.0; 2,100,126,220,99,210,193,84,101,56,21,21,205,85,175,231,163,200,54,85,10,205,137,243,186,186,21,126,139,82,210,203,191,94,15,85,175,231,163,200,100,85,10,205,133,44,236,133,174,98,250,177,130,193,192,101,6,105,132,30,60,161,201,94,105,202,105,198,213,214,126,203,99,210,193,142,98,6,52,198,6,60,222,115,122,96,79,15,48,101,32,47,60,22,195,94,105,202,6,142,186,20,231,180,217,82,19,88,150,155,85,37,101,6,105,43,47,29,149,231,27,146,177,245,165,189,121,41,152,246
Best fitness found so far: 0.4068857945914641; k: 2.0
Generation: 115; 0.4068857945914641; k: 2.0; 2,100,126,220,99,210,193,84,101,136,21,21,205,85,175,231,163,200,75,85,10,205,38,243,186,210
Best fitness found so far: 0.4068857945914641; k: 2.0
Generation: 116; 0.4068857945914641; k: 2.0; 2,100,126,220,99,210,85,84,97,6,21,21,205,85,175,231,163,200,75,85,10,205,38,243,175,134,72,200,75,85,52,205,176,243,186,85,175,231,163,200,75,85,10,205,28,243,186,186,21,126,250,177,210,203,191,94,222,117,130,41,99,44,15,100,235,6,63,153,47,60,230,196,99,48,195,37,67,6,247,54,4,94,105,49,14,3,134,174,181,18,121,158,157,143,199,181,225
Best fitness found so far: 0.4068857945914641; k: 2.0
Generation: 117; 0.4068857945914641; k: 2.0; 221,100,126,172,99,210,193,64,101,6,21,21,205,120,67,231,163,200,193,85,10,205,63,243,186,186,21,4,93,177,30,193,178,101,89,105,198,47,35,47,74,94,5,202,231,163,200,75,85,10,205,43,243,186,186,44,126,111,177,210,193,192,69,6,71,198,147,66,119,124,47,241,22,195,174,191,94,15,85,175,87,163,200,100,195,75,85,220,205,38,243,24,148,46,174,41,95,77,50,41,201,1,205,47,205,85,111,68,205,85,95
Best fitness found so far: 0.4068857945914641; k: 2.0
Generation: 118; 0.4068857945914641; k: 2.0; 2,100,126,172,99,210,193,64,101,6,21,21,121,85,67,231,163,200,75,85,7,205,38,223,186,186,21,4,105,202,132,145,134,119,165,189,121,115,80,142,186,8,231,151,217,82,202,88,156,244,44,123,176,243,186,186,113,43,21,195,7,55,25,46,205,195,243,186,186,184,123,175,196,90,165,129
Best fitness found so far: 0.4068857945914641; k: 2.0
Generation: 119; 0.4068857945914641; k: 2.0; 2,100,126,52,99,210,193,84,101,6,21,166,205,85,175,231,163,200,75,85,10,205,133,243,199,186,21,126,250,177,210,99,107,193,84,101,169,241,21,205,158,175,231,163,200,116,21,205,85,175,231,133,200,75,85,10,205,38,243,175,17,72,200,112,105,134,174,165,4,240,6,80,142,205,210,212,146,101,6,21,97,205,85,175,231,163,200,141,33,10,205,16,243,186,186,21,126,250,207,15,193,192,101,6,202,198,149,60,133,74,94,105,8,105,157,113,85,116,195,94,105,209,175,192,60,230,225,94,113,231,6,183,118,85,205,85,205,85,60,140,205,85,147,191,85,205,182,124,26,228,16
Best fitness found so far: 0.4068857945914641; k: 2.0
Generation: 120; 0.4068857945914641; k: 2.0; 215,236,126,172,99,210,193,64,101,6,21,21,219,85,67,231,163,200,75,85,94,205,38,243,186,186,21,4,93,177,210,193,192,101,6,125,11,47,60,47,74,94,5,159,105,182,113,214,222,195,94,151,91,175,145,43,249,193,84,174,181,238,121,125,157,143,199,224,246
Best fitness found so far: 0.4068857945914641; k: 2.0
Generation: 121; 0.4068857945914641; k: 2.0; 2,100,126,220,99,210,113,84,101,6,21,21,205,85,175,231,163,200,75,85,10,205,38,243,175,134,4,200,75,99,129
Best fitness found so far: 0.4068857945914641; k: 2.0
Generation: 122; 0.4068857945914641; k: 2.0; 2,100,126,52,99,210,193,84,101,6,21,166,205,85,175,231,163,200,75,85,10,205,133,243,127,186,88,126,43,177,43,99,218,193,189,88,60,80,44,186,8,231,151,217,82,220,88,156,80,44,123,176,243,135,186,225,43,21,195,7,55,50,46,174,53,243,77,50,17
Best fitness found so far: 0.4068857945914641; k: 2.0
Generation: 123; 0.4068857945914641; k: 2.0; 2,100,126,220,99,210,193,84,101,6,21,21,205,85,175,231,163,200,75,85,220,205,38,243,186,102,21,126,250,81,222,195,97,105,205,145
Best fitness found so far: 0.4068857945914641; k: 2.0
Generation: 124; 0.4068857945914641; k: 2.0; 142,100,126,13,99,210,193,84,101,6,231,21,205,85,175,231,163,200,16,85,10,194,1,6,186,186,21,126,139,177,210,203,191,94,15,85,175,72,163,200,100,85,186,93,126,250,177,210,99,210,193,84,101,8,241,21,205,121,175,231,163,200,75,85,182,8,119,69,227,6,94,21,143,205,71,175,134,6,202,198,29,60,90,200,85,85,115,106,38,243,186,186,159,206,250,177,210,193,192,101,59,105,84,47,60,133,74,94,31,97,105,198,53,237,222,195,224,105,156,94,105,230,6,213,21,232,74,94,105,206,105,157,113,85,222,195,94,105,209,175,192,60,220,144,210,193,84,101,6,21,21,205,85,175,231,163,200,75,85,164,8,231,206,202,6,213,140,225,205,85,77,78,199,223,228,87,161,139,99,174,15,29,134,4,200,75,85,102,111,176,243,186,92,21,249,250,212,210,193,192,101,6,105,198,47,106,133,195,94,105,202,105,198,47,214,222,195,94,105,156,175,145,18,174,181,102,121,125,157,181,20,228,225
Best fitness found so far: 0.4068857945914641; k: 2.0
Generation: 125; 0.4068857945914641; k: 2.0; 148,100,126,220,99,75,113,84,187,6,43,21,205,85,175,231,133,200,75,85,10,205,38,243,175,114,72,200,75,105,21,174,165,4,240,6,80,142,205,210,193,84,101,6,21,97,205,85,175,241,163,183,141,33,10,205,16,243,186,186,21,54,250,207,15,185,192,101,6,202,198,149,60,133,74,94,105,8,105,157,113,85,222,195,94,105,209,175,192,60,230,225,94,113,34,6,183,205,85,228,39,205,85,66,140,205,85,147,191,85,205,182,124,200,75,105,134,174,165,189,121,6,80,142,205,47,14,64,185,225,205,85,95
Best fitness found so far: 0.4068857945914641; k: 2.0
Generation: 126; 0.4068857945914641; k: 2.0; 2,100,126,220,99,210,193,84,101,6,21,21,205,85,175,231,163,200,24,85,10,205,38,243,186,142,182,54,89,151,97,82,202,92,156,244,44,160,176,243,227,103,99,43,21,2,217,55,25,46,109,214,223,47
Best fitness found so far: 0.4068857945914641; k: 2.0
Generation: 127; 0.4068857945914641; k: 2.0; 122,100,126,220,99,210,193,84,101,6,203,21,205,85,175,231,163,205,66,85,21,186,186,74,85,11,26,220,111,210,193,84,101,6,21,21,220,85,235,231,163,200,75,85,164,8,231,203,202,6,142,21,225,205,85,175,109,199,223,246,168,99,210,193,84,101,6,21,21,205,85,175,70,163,200,75,23,10,205,38,243,186,88,21,126,250,234,210,193,192,101,222,105,198,142,60,133,74,222,105,21,61,198,113,210,68,40,17,210,43,83,37,181,8,116,107,217,231,48,25,75,176,13
Best fitness found so far: 0.4068857945914641; k: 2.0
Generation: 128; 0.4068857945914641; k: 2.0; 2,100,126,220,99,210,193,84,101,6,21,21,205,85,175,231,163,200,75,85,10,205,28,174,181,157,121,125,157,109,125,181,225
Best fitness found so far: 0.4068857945914641; k: 2.0
Generation: 129; 0.4068857945914641; k: 2.0; 2,100,126,220,99,210,193,84,101,6,21,21,61,85,175,231,163,200,173,85,10,205,38,243,186,186,250,245,145,100,126,203,186,202,119,192,101,6,7,198,47,76,32,159,94,105,202,99,198,47,214,55,195,94,105,156,175,161,121,174,166,248,121,125,157,109,199,181,8,6,21,21,21,85,47,225,163,200,75,85,34,1,6,21,21,250,85,53,71,163,200,75,85,126,205,38,243,186,148,176,174,41,64,77,50,65,80,131,205,47,205,85,240,68,205,85,95
Best fitness found so far: 0.4068857945914641; k: 2.0
Generation: 130; 0.4068857945914641; k: 2.0; 2,100,126,220,99,210,193,104,101,206,155,21,205,85,175,231,163,200,161,85,10,133,38,129,47,186,21,126,250,177,210,193,192,101,6,105,198,203,60,133,74,94,192,101,6,105,219,47,60,230,195,94,73,210,165,167,126,193,6,70,197,105,49,230,177,27,146,164
Best fitness found so far: 0.4068857945914641; k: 2.0
Generation: 131; 0.4068857945914641; k: 2.0; 2,100,126,220,181,210,193,84,101,6,1,21,205,85,175,231,163,200,202,85,10,205,38,243,186,186,21,126,250,177,210,203,41,94,222,117,48,41,212,174,15,214,235,6,63,153,47,126,220,111,210,193,84,101,6,156,21,205,226,235,230,163,200,75,85,164,8,231,203,202,6,142,21,225,205,85,175,109,199,223,246,87,99,210,193,84,101,6,21,21,205,126,175,231,163,200,75,192,10,205,38,243,214,186,21,126,250,234,210,141,192,101,6,105,198,47,60,133,74,94,105,21,61,198,113,214,68,40,17,210,43,83,37,138,8,116,107,217,231,48,25,75,91,243
Best fitness found so far: 0.4068857945914641; k: 2.0
Generation: 132; 0.4068857945914641; k: 2.0; 2,100,126,52,99,210,193,84,101,206,21,166,205,85,175,231,163,200,75,85,10,205,133,243,127,186,88,126,5,177,210,99,99,193,84,27,26,241,21,205,85,175,231,163,200,75,85,182,8,231,69,202,191,94,50,153,205,85,175,200,75,85,115,205,38,243,186,186,44,206,250,177,210,193,192,142,59,105,84,47,60,133,74,94,31,97,137,198,113,131,222,195,224,30,22,94,105,230,6,213,141,225,205,206,35,134,172,200,75,235,10,205,176,243,186,26,197,99,9,219,139,94,34,21,38,205,85,205,85,205,85,21,140,205,85,155,163,139,205,85,250,213,73,188
Best fitness found so far: 0.4068857945914641; k: 2.0
Generation: 133; 0.4068857945914641; k: 2.0; 2,196,126,220,99,210,193,84,235,6,21,21,205,85,175,231,163,200,88,85,10,205,1,56,186,186,21,126,139,177,210,203,191,94,15,85,175,231,208,200,100,85,10,205,133,243,229,186,169,186,250,177,210,131,192,101,6,105,40,185,109,133,152,94,105,202,105,198,113,68,40,17,32,244,181,177,138,8,116,210,27,231,48,35,75,176,124
Best fitness found so far: 0.4068857945914641; k: 2.0
Generation: 134; 0.4068857945914641; k: 2.0; 2,100,126,220,17,210,85,84,97,6,21,21,205,85,175,231,163,200,75,85,10,205,69,243,175,134,72,200,75,85,52,205,176,243,186,85,175,146,126,200,75,246,10,205,38,243,186,186,21,126,250,177,84,101,6,21,21,205,85,175,231,163,200,75,85,10,205,38,243,186,210
Best fitness found so far: 0.4068857945914641; k: 2.0
Generation: 135; 0.4068857945914641; k: 2.0; 2,26,126,220,25,210,193,84,101,6,21,21,205,85,175,231,163,200,75,85,182,8,231,105,202,48,213,21,225,129,85,175,245,72,200,75,85,10,205,227,243,186,170,109,126,139,177,210,203,191,94,193,85,175,61,163,200,94,85,10,205,65,80,142,205,47,205,85,240,68,205,85,157
Best fitness found so far: 0.4068857945914641; k: 2.0
Generation: 136; 0.4068857945914641; k: 2.0; 2,100,126,220,99,210,193,84,101,6,21,21,205,85,175,231,163,200,75,85,10,205,38,243,186,55,227,46,109,199,223,47
Best fitness found so far: 0.4068857945914641; k: 2.0
Generation: 137; 0.4068857945914641; k: 2.0; 2,100,126,220,141,210,193,84,123,6,21,21,205,85,175,231,163,200,75,85,220,205,38,243,186,148,46,174,41,203,77,50,220,80,142,205,47,205,85,240,145,134,174,181,12,121,125,157,143,199,181,225
Best fitness found so far: 0.4068857945914641; k: 2.0
Generation: 138; 0.4068857945914641; k: 2.0; 2,100,126,172,99,210,193,84,101,6,21,21,17,85,175,231,163,200,75,85,10,205,43,243,186,186,44,126,250,177,211,193,192,69,6,105,64,11,66,105,32,47,22,22,195,74,75,27,10,174,133,197,127,156,21,126,250,177,210,193,192,114,168,43,185,47,60,133,74,94,105,139,105,198,113,43,126,203,165,189,121,115,80,142,172,8,231,151,217,82,202,88,156,244,44,73,176,243,186,163,200,129,194,10,205,57,243,241,186,21,120,250,177,127,206,191,94,142,205,48,41,99,174,15,214,235,6,63,15,140,60,230,231,99,129,15,37,67,6,247,134,158,165,230,2,27,219,237
Best fitness found so far: 0.4068857945914641; k: 2.0
Generation: 139; 0.4068857945914641; k: 2.0; 82,100,126,52,99,210,165,84,101,6,21,166,205,85,175,231,63,200,75,55,10,205,133,243,89,186,88,242,250,177,241,44,194,193,84,214,26,241,39,205,176,175,231,163,200,58,211,182,8,199,202,202,112,94,21,223,205,85,175,134,80,105,198,29,60,90,200,75,85,115,205,38,243,14,186,128,126,226,177,210,144,225,101,59,105,198,47,148,133,74,94,105,97,105,106,113,157,85,37,101,6,48,220,49,210,6
Best fitness found so far: 0.4068857945914641; k: 2.0
Generation: 140; 0.4068857945914641; k: 2.0; 188,100,126,220,111,210,193,84,101,6,21,21,205,85,235,211,163,200,163,85,164,8,231,71,202,6,142,21,225,205,85,86,109,199,223,246,87,99,210,144,85,10,133,248,129,146,237
Best fitness found so far: 0.4068857945914641; k: 2.0
Generation: 141; 0.4068857945914641; k: 2.0; 34,26,126,220,23,210,193,84,101,6,21,21,165,85,175,231,163,200,75,85,182,8,231,105,187,146,7
Best fitness found so far: 0.4068857945914641; k: 2.0
Generation: 142; 0.4068857945914641; k: 2.0; 2,206,61,220,99,80,137,84,213,6,21,21,205,85,175,246,163,200,75,85,50,205,80,243,30,142,182,8,231,151,128,82,202,175,156,244,44,123,176,243,227,103,99,193,192,221,134,69,128,149,60,133,74,94,105,8,105,157,113,85,222,195,103,105,209,175,77,60,230,44,94,113,147,246,183,205,85,205,85,205,85,66,140,119,85,147,191,101,178,182,124,26,228,16,243,30,142,182,8,231,151,128,82,202,175,156,244,44,123,176,243,94,103,99,193,79,101,241,202,205,149,60,133,74,94,105,8,105,157,113,85,101,6,21,21,205,85,175,101,163,200,156,85,220,205,38,243,205,145
Best fitness found so far: 0.4068857945914641; k: 2.0
Generation: 143; 0.4068857945914641; k: 2.0; 2,100,126,220,99,210,193,84,101,6,21,21,205,205,175,231,163,200,75,85,10,205,38,243,186,186,153,126,84,101,6,35,21,11,85,175,231,163,200,198,85,220,205,38,243,105,40,47,29,243,60,27,146,177,245,165,189,121,41,152,246
Best fitness found so far: 0.4068857945914641; k: 2.0
Generation: 144; 0.4068857945914641; k: 2.0; 2,100,126,220,99,210,193,84,147,6,139,21,205,85,175,231,83,200,75,85,182,8,231,88,202,6,213,126,135,205,85,175,134,6,246,198,29,60,133,195,94,105,202,6,43,125,157,147,105,181,225
Best fitness found so far: 0.4068857945914641; k: 2.0
Generation: 145; 0.4068857945914641; k: 2.0; 2,100,126,172,99,210,193,64,101,6,21,21,205,85,67,231,163,200,75,85,10,205,38,243,186,186,47,60,22,195,94,105,202,6,142,186,50,231,180,217,82,19,88,150,244,185,246,101,6,105,40,47,29,149,231,27,146,177,245,165,189,121,41,152,246
Best fitness found so far: 0.4068857945914641; k: 2.0
Generation: 146; 0.4068857945914641; k: 2.0; 2,100,126,220,99,210,193,84,101,6,21,21,205,85,175,231,163,200,75,85,164,8,231,203,202,6,213,21,225,205,85,175,109,199,133,74,87,126,139,99,174,15,37,134,4,59,75,85,102,180,126,250,177,210,193,192,69,6,105,198,47,66,105,32,47,60,22,195,141,105,202,6,142,186,50,231,180,217,82,19,88,89,244,85,37,101,6,105,40,24,73,149,231,120,146,180,245,165,189,196,226,152,162
Best fitness found so far: 0.4068857945914641; k: 2.0
Generation: 147; 0.4068857945914641; k: 2.0; 34,14,126,43,99,210,193,64,101,6,21,21,219,85,67,231,163,200,75,85,10,205,38,41,130,186,21,4,93,177,210,193,192,101,173,105,11,47,60,47,74,94,5,202,105,182,113,214,222,195,79,99,210,193,84,101,6,21,21,205,85,175,231,163,200,50,85,181,8,231,105,202,48,213,21,225,205,61,209,245,72,200,20,85,10,68,108,60,199,231,99,174,15,207,67,179,101,6,70,197,219,169,129,174,120,146,7,14,126,43,99,210,193,64,101,6,21,21,219,85,67,231,163,200,75,85,10,205,38
Best fitness found so far: 0.4068857945914641; k: 2.0
Generation: 148; 0.4068857945914641; k: 2.0; 2,100,126,220,99,210,193,84,101,6,21,21,21,85,175,216,163,200,75,85,10,205,38,243,186,186,250,245,2,100,126,203,177,202,193,167,101,117,105,198,47,60,215,245,95,105,202,99,198,47,214,55,195,94,105,156,175,145,134,174,181,12,121,125,157,109,199,181,225,6,21,21,21,85,175,231,163,200,75,85,10,205,99,210,193,104,101,206,155,21,205,85,61,231,163,200,161,85,10,133,38,129,146,237
Best fitness found so far: 0.4068857945914641; k: 2.0
Generation: 149; 0.4068857945914641; k: 2.0; 2,100,126,13,99,210,193,84,101,6,21,21,205,85,175,231,163,200,16,85,10,194,1,60,186,186,21,126,139,177,210,203,191,94,15,85,175,72,163,200,100,85,186,62,126,250,177,210,99,120,193,84,101,182,241,21,205,85,175,231,163,200,75,85,182,8,119,69,227,6,94,39,223,205,71,175,134,6,105,198,29,60,90,200,194,85,115,205,38,243,186,186,44,206,250,177,210,193,192,44,59,105,250,47,60,133,158,197,31,97,105,198,113,131,222,195,224,105,156,94,105,230,6,213,21,225,205,85,35,134,163,200,95,235,10,205,176,243,186,26,30,99,9,219,139,94,34,21,38,205,85,196,85,205,85,21,140,205,85,155,163,139,205,85,153,213,105,88,47,60,230,195,94,142,202,165,29,111,201,32,78,94,86,21,85,205,85,205,85,21,140,205,85,7,233,85,205,85,153,219,230,193,27,135,237
Best fitness found so far: 0.4068857945914641; k: 2.0
Generation: 150; 0.4068857945914641; k: 2.0; 2,100,126,220,141,210,193,84,123,6,31,21,205,85,101,231,163,200,75,85,106,205,38,243,186,148,46,175,180,79,200,75,182,10,205,38,243,186,54,21,126,250,177,95,193,192,84,101,6,21,166,205,85,175,231,163,200,75,85,10,205,133,243,67,186,88,126,250,66,58,99,166,193,84,101,26,241,90,205,85,175,231,163,200,75,85,182,8,231,69,202,6,94,21,223,205,85,175,134,6,105,234,29,60,90,180,75,85,115,205,38,243,186,186,44,126,101,177,210,193,192,101,59,105,198,239,60,133,74,94,105,97,105,198,113,131,222,195,201,105,156,94,105,230,6,213,21,225,205,85,35,134,163,71,75,98,10,205,42,243,186,26,21,99,9,219,139,94,34,21,38,198,85,205,85,118,131,21,140,165,84,7,163,139,205,85,10,213,73,203
Best fitness found so far: 0.4068857945914641; k: 2.0
Generation: 151; 0.4068857945914641; k: 2.0; 2,92,176,220,99,210,193,84,191,6,21,21,205,85,175,231,163,200,75,85,10,205,85,10,205,5,61,186,186,122,163,205,208,233
Best fitness found so far: 0.4068857945914641; k: 2.0
Generation: 152; 0.4068857945914641; k: 2.0; 237,100,126,220,99,210,193,84,101,6,21,21,205,85,175,96,163,200,39,85,60,120,1,243,186,250,59,56,223,177,194,203,191,94,240,85,175,87,163,200,100,200,202,132,145,195,119,165,189,230,115,80,142,186,8,163,139,205,85,153,213,73,203
Best fitness found so far: 0.4068857945914641; k: 2.0
Generation: 153; 0.4068857945914641; k: 2.0; 2,100,126,220,141,210,99,84,123,6,21,21,205,85,175,231,163,200,75,85,220,205,38,243,186,148,46,175,231,79,200,75,85,10,205,38,243,186,99,21,126,250,177,210,193,192,101,6,169,198,47,60,169,74,34,165,38,105,195,94,105,49,175,181,134,174,181,12,14,125,157,143,163,181,225
Best fitness found so far: 0.4068857945914641; k: 2.0
Generation: 154; 0.4068857945914641; k: 2.0; 199,230,126,220,99,210,193,84,101,6,21,21,205,85,175,231,163,200,198,85,220,205,38,47,60
Best fitness found so far: 0.4068857945914641; k: 2.0
Generation: 155; 0.4068857945914641; k: 2.0; 2,92,176,220,99,210,193,84,101,26,21,21,205,85,175,231,163,200,75,85,10,205,16,243,186,186,21,126,250,207,210,193,192,101,6,105,198,38,214,186,186,21,126,250,173,222,195,94,105,181,157,121,108,157,147,31,181,225
Best fitness found so far: 0.4068857945914641; k: 2.0
Generation: 156; 0.4068857945914641; k: 2.0; 2,100,126,154,5,210,113,84,101,6,21,21,205,85,175,231,163,200,75,85,10,205,121,41,152,246
Best fitness found so far: 0.4068857945914641; k: 2.0
Generation: 157; 0.4068857945914641; k: 2.0; 2,100,126,220,131,210,193,104,101,206,155,21,205,85,175,231,163,200,161,85,10,133,38,129,47,186,21,126,250,177,210,193,192,101,6,105,198,203,60,133,59,94,192,101,151,105,17,47,60,230,195,94,73,210,165,29,126,193,110,18,6,169,30,208,60,169,74,209,228,203
Best fitness found so far: 0.4068857945914641; k: 2.0
Generation: 158; 0.4068857945914641; k: 2.0; 208,100,126,220,99,210,193,84,101,6,21,21,205,35,175,231,163,200,75,85,10,205,38,243,186,186,21,126,250,234,210,193,192,101,6,105,198,47,60,133,74,94,105,21,61,198,113,202,68,40,17,210,43,83,177,153,8,65,177,210,193,192,69,6,65,198,215,66,105,32,247,93,22,195,94,105,202,92,142,186,50,17,180,70,82,19,88,150,244,85,37,49,6,105,40,47,29,149,212,27,146,177,245,165,189,121,106,139,246
Best fitness found so far: 0.4068857945914641; k: 2.0
Generation: 159; 0.4068857945914641; k: 2.0; 51,92,176,220,99,210,193,84,101,6,21,21,205,85,175,231,163,200,75,85,40,205,16,134,30,186,21,231,250,207,210,45,185,101,6,105,193,84,101,159,21,21,205,7,175,231,163,200,75,85,10,205,138,243,186,55,25,46,112,199,84,47
Best fitness found so far: 0.4068857945914641; k: 2.0
Generation: 160; 0.4068857945914641; k: 2.0; 232,100,126,220,65,210,193,84,101,6,21,21,205,85,175,231,163,200,75,85,10,205,38,243,186,186,21,126,210,193,192,101,6,105,198,36,60,133,74,94,105,21,168,198,230,214,68,40,17,210,43,83,37,138,8,116,107,217,231,48,25,75,176,243,232,100,126,220,65,210,193,84,101,6,21,21,205,85,175
Best fitness found so far: 0.4068857945914641; k: 2.0
Generation: 161; 0.4068857945914641; k: 2.0; 2,100,126,172,99,210,193,64,101,6,21,21,205,85,67,231,163,200,75,85,10,205,38,243,186,168,21,222,105,222,132,2,134,119,165,189,121,43,80,142,29,153,133,33,94,105,202,6,142,131,134,163,200,75,85,243
Best fitness found so far: 0.4068857945914641; k: 2.0
Generation: 162; 0.4068857945914641; k: 2.0; 2,196,126,220,99,210,193,84,235,6,21,21,205,85,175,231,163,200,75,85,10,205,1,198,186,186,21,126,139,177,210,203,191,94,15,85,90,231,208,200,100,85,10,205,133,243,229,186,169,186,250,177,210,131,192,101,6,105,75,185,60,133,185,94,105,202,105,198,113,68,40,196,32,244,181,177,138,8,116,210,27,231,48,35,75,176,243,175,102,76,200,75,85,10,160,15,33,186,186,55,243,69,239,111
Best fitness found so far: 0.4068857945914641; k: 2.0
Generation: 163; 0.4068857945914641; k: 2.0; 2,100,126,220,99,210,195,84,101,6,21,21,205,85,175,231,163,200,75,85,186,205,133,243,127,186,21,126,250,177,210,193,192,44,6,105,132,47,60,133,74,94,105,202,105,198,113,214,126,203,6,210,193,192,57,6,57,198,47,60,222,195,192,96,174,15,37,101,6,70,197,219,60,224,197,219,169,112,62,27,15,7
Best fitness found so far: 0.4068857945914641; k: 2.0
Generation: 164; 0.4068857945914641; k: 2.0; 2,100,136,220,99,210,193,84,101,6,241,21,205,85,175,231,163,200,75,85,182,8,231,105,202,6,213,21,135,160,85,175,77,6,105,202,29,60,133,195,94,105,132,6,142,235,60,230,225,204,113,202,6,10,237,174,165,240,121,65,80,142,138,8,246,107,217,82,224,93,156,244,234,123,176,243,227,186,119,43,21,122,217,55,25,46,109,219,217,101,139,126,62,99,174,15,37,101,6,185,64,47,107,217,231,48,94,75,176,243
Best fitness found so far: 0.4068857945914641; k: 2.0
Generation: 165; 0.4068857945914641; k: 2.0; 157,100,126,220,99,210,193,84,93,6,21,21,205,85,175,231,163,200,142,85,182,8,231,105,171,6,213,21,225,205,85,180,134,72,200,20,85,10,205,74,32,186,186,236,85,18,18,27,146,7
Best fitness found so far: 0.4068857945914641; k: 2.0
Generation: 166; 0.4068857945914641; k: 2.0; 2,100,126,220,99,210,193,84,101,6,21,21,205,85,175,231,163,200,75,85,220,205,38,243,186,186,21,126,250,81,222,195,94,105,156,175,145,134,174,181,157,121,125,157,109,199,181,225
Best fitness found so far: 0.4068857945914641; k: 2.0
Generation: 167; 0.4068857945914641; k: 2.0; 73,100,176,220,99,210,193,84,101,6,21,21,205,85,175,231,163,200,132,85,10,148,38,243,186,186,21,126,250,207,210,193,192,101,6,105,198,149,60,133,74,94,105,202,105,241,41,85,222,195,94,105,209,175,192,60,230,7
Best fitness found so far: 0.4068857945914641; k: 2.0
Generation: 168; 0.4068857945914641; k: 2.0; 40,100,126,220,229,210,193,84,101,6,21,21,137,85,175,231,163,200,198,85,220,205,38,243,186,186,21,126,250,85,10,205,26,243,186,158,44,6,161,177,210,193,192,69,143,105,198,147,154,105,32,47,60,22,195,74,239,27,10,205,133,243,127,186,21,126,250,177,210,35,192,101,168,132,136,47,171,133,74,78,105,202,105,198,113,43,5,243,99,210,193,142,124,26,3,203,176,220,99,210,193
Best fitness found so far: 0.4068857945914641; k: 2.0
Generation: 169; 0.4068857945914641; k: 2.0; 2,26,126,220,99,210,193,84,101,6,21,21,205,85,175,231,201,200,50,85,182,8,231,105,202,48,213,21,225,205,85,175,245,72,200,17,85,10,68,108,60,199,128,99,174,15,37,190,179,101,6,161,246,6,31,57,5,43,101,231,128,200,75,85,106,205,38,69,186,148,46,175,180,79,200,157,85,10,205,38,243,186,186,21,126,250,177,210,193,192,101,6,169,198,47,60,169,74,94,228,203
Best fitness found so far: 0.4068857945914641; k: 2.0
Generation: 170; 0.4068857945914641; k: 2.0; 2,100,126,220,9,210,193,84,101,6,21,21,147,85,175,96,163,200,39,85,60,120,1,37,186,250,59,56,70,177,194,203,191,94,15,89,175,87,163,200,100,200,202,132,79,134,119,71,189,230,115,80,142,186,9,231,151,217,82,202,88,156,80,44,123,199,243,11,186,29,43,21,195,7,55,34,46,174,53,203,77,50,75,85,10,205,176,243,186,83,21,206,93,177,14,193,192,101,6,105,186,47,60,47,74,33,149,202,105,182,113,214,222,195,94,151,91,175,145,43,210,193,60,81,6,213,21,205,57,175,231,163,200,75,85,10,108,38,243,186,186,48,126,81,177,116,149,200,115,85,10,237,38,129,198,47,105,91,74,80,105,21,105,29,199,147,94,139,94,105,49,65,229,134,174,181,157,121,100,157,143,199,224,225
Best fitness found so far: 0.4068857945914641; k: 2.0
Generation: 171; 0.4068857945914641; k: 2.0; 2,100,126,220,141,210,193,84,123,6,21,21,205,85,175,231,163,200,75,85,220,205,38,243,202,105,198,113,43,5,243,99,210,193,142,57,111,57,198,6,9,222,195,146,6,224,197,219,169,112,174,27,15,7
Best fitness found so far: 0.4068857945914641; k: 2.0
Generation: 172; 0.4068857945914641; k: 2.0; 2,100,111,220,99,210,193,84,101,6,21,21,205,85,175,101,163,200,156,85,118,205,38,243,205,213,21,225,205,85,175,134,72,209,75,126,10,205,176,243,186,186,122,85,205,18,233
Best fitness found so far: 0.4068857945914641; k: 2.0
Generation: 173; 0.4068857945914641; k: 2.0; 2,100,126,82,99,210,193,84,101,6,21,21,205,85,175,231,163,200,66,85,10,205,133,243,127,186,21,126,250,250,210,193,192,101,6,239,132,47,60,133,74,94,105,242,149,210,193,192,57,111,57,33,6,60,243,195,192,45,174,15,37,101,218,113,84,46,6,21,21,143,85,175,217,163,200,75,186,10,205,35,243,175,102,72,200,75,85,10,205,176,33,186,186,122,243,69,85,111
Best fitness found so far: 0.4068857945914641; k: 2.0
Generation: 174; 0.4068857945914641; k: 2.0; 2,196,126,220,99,210,41,84,235,6,21,21,205,85,175,231,163,200,75,85,10,205,184,198,104,186,21,126,139,177,210,203,191,94,15,85,175,74,208,200,100,85,179,205,133,243,229,186,169,186,250,177,210,131,192,101,6,105,107,185,86,133,152,94,105,202,105,198,113,68,40,17,109,244,181,68,85,127,245,72,200,20,85,10,153,108,60,199,231,171,174,15,37,67,118,139,134,20,60,230,2,27,146,237
Best fitness found so far: 0.4068857945914641; k: 2.0
Generation: 175; 0.4068857945914641; k: 2.0; 2,100,126,220,99,210,193,104,101,206,155,21,205,85,175,231,163,200,161,85,10,133,38,129,47,186,21,215,250,177,210,193,192,101,6,105,198,203,60,133,74,94,65,210,193,84,169,103,21,21,205,85,175,231,163,200,75,85,10,219,38,243,186,186,21,126,250,234,141,193,192,158,55,105,198,221,84,101,6,21,21,80,85,175,231,163,200,75,247,182,8,231,105,203,48,213,21,42,13,85,175,230,72,58,20,2,10,153,138,6,105,198,47,105,167,74,80,105,21,105,234,123,147,222,139,94,105,99,65,145,134,174,166,238,121,125,157,143,199,224,225
Best fitness found so far: 0.4068857945914641; k: 2.0
Generation: 176; 0.4068857945914641; k: 2.0; 2,100,126,220,99,210,85,84,167,6,21,21,205,85,175,231,163,200,171,85,10,205,38,243,175,134,72,200,75,85,52,205,242,243,186,85,175,231,163,200,158,85,81,205,38,243,186,186,21,126,250,177,210,203,191,94,222,117,130,41,99,174,15,46,235,6,63,153,47,60,230,196,99,101,207,213,21,205,163,175,231,163,200,75,21,10,205,38,243,186,186,213,126,81,177,210,193,192,101,6,105,246,47,60,223,74,80,105,21,213,234,238,214,222,195,94,210,193,192,101,6,105,198,47,60,101,195,94,105,202,6,145,134,85,205,85,21,67,82,85,175,30,163,200,94,59,69,205,176,243,186,186,21,85,205,85,54
Best fitness found so far: 0.4068857945914641; k: 2.0
Generation: 177; 0.4068857945914641; k: 2.0; 2,100,126,220,99,210,193,104,101,206,155,21,205,35,175,231,163,200,161,85,162,133,38,129,47,186,21,47,250,177,210,193,192,115,6,105,198,203,60,133,74,94,192,101,6,105,198,47,60,230,195,94,73,210,165,29,126,176,95
Best fitness found so far: 0.4068857945914641; k: 2.0
Generation: 178; 0.4068857945914641; k: 2.0; 113,100,176,220,99,210,193,84,229,6,21,21,205,85,175,231,163,200,133,85,10,205,38,243,186,186,21,126,250,207,210,193,215,101,6,105,198,149,60,133,222,126,250,177,210,99,210,193,84,101,26,241,21,205,85,175,231,163,200,75,244,182,8,231,69,202,6,94,21,135,113,85,175,134,6,105,198,29,60,90,195,94,131,202,6,142,131,134,61,59,136,85,243
Best fitness found so far: 0.4068857945914641; k: 2.0
Generation: 179; 0.4068857945914641; k: 2.0; 2,228,126,220,23,210,193,84,101,6,21,21,165,85,175,231,163,200,75,85,182,8,231,105,22,48,213,21,225,205,85,175,245,72,200,20,85,10,153,162,60,199,181,99,174,15,60,22,195,118,84,90,6,21,21,205,85,175,231,163,200,49,85,10,160,38,243,150,134,72,200,75,85,109,205,5,61,186,186,122,163,161,205,85,175,231,163,200,75,85,124,205,38,243,186,186,22,154,225,81,222,195,94,32,156,65,210,36,137,101,6,87,198,235,60,230,195,94,105,120,237,145,12,230,93,22,36,21,179,21,43
Best fitness found so far: 0.4068857945914641; k: 2.0
Generation: 180; 0.4068857945914641; k: 2.0; 2,100,126,220,99,210,193,84,19,6,197,21,205,85,175,231,163,200,75,85,220,205,38,243,206,218,21,126,250,81,222,195,94,105,156,175,210,141,192,163,200,75,85,10,205,148,192,186,210
Best fitness found so far: 0.4068857945914641; k: 2.0
Generation: 181; 0.4068857945914641; k: 2.0; 2,100,126,220,99,210,193,84,101,6,241,21,205,85,175,231,163,200,75,85,182,8,177,105,202,220,213,21,135,160,85,175,134,6,105,202,29,60,171,195,94,105,132,6,142,235,60,230,225,204,113,202,6,10,237,174,207,22,126,250,81,222,195,94,152,156,65,210,141,137,82,6,87,198,235,60,230,195,136,105,120,237,145,109,230,93,22,36,21,179,21,43
Best fitness found so far: 0.4068857945914641; k: 2.0
Generation: 182; 0.4068857945914641; k: 2.0; 2,100,111,190,99,210,193,84,101,6,21,21,205,85,175,96,163,200,136,85,60,205,1,243,186,186,21,126,139,177,210,203,191,94,15,85,178,231,68,175,134,72,205,20,85,10,205,74,32,186,186,236,85,205,18,233
Best fitness found so far: 0.4068857945914641; k: 2.0
Generation: 183; 0.4068857945914641; k: 2.0; 2,100,126,220,99,210,193,84,101,6,21,21,205,85,175,231,163,200,75,85,220,205,120,243,186,186,21,126,250,81,222,195,94,105,156,175,145,134,174,181,157,121,125,157,250,207,210,193,192,101,6,234,198,149,60,133,74,94,105,202,105,157,113,85,222,195,243,105,209,175,35,25,142,225,94,113,202,6,183,205,85,205,85,205,85,66,140,205,85,7,233,166,205,182,124,26,73,203
Best fitness found so far: 0.4068857945914641; k: 2.0
Generation: 184; 0.4068857945914641; k: 2.0; 2,100,126,220,99,210,85,84,97,6,179,21,205,85,175,231,163,200,75,85,10,205,14,243,175,134,72,221,75,163,175,231,163,200,75,3,10,205,38,243,186,186,213,163,81,177,210,193,63,101,6,105,198,47,60,223,243,80,105,21,105,90,56,214,222,90,94,155,49,65,145,134,174,181,238,121,125,157,143,199,181,39
Best fitness found so far: 0.4068857945914641; k: 2.0
Generation: 185; 0.4068857945914641; k: 2.0; 2,100,126,220,99,210,113,84,101,6,21,21,205,85,175,231,193,200,218,85,10,205,38,243,150,144,72,200,75,85,83,205,5,61,186,186,122,163,205,18,233
Best fitness found so far: 0.4068857945914641; k: 2.0
Generation: 186; 0.4068857945914641; k: 2.0; 2,100,111,220,179,210,193,84,101,6,21,21,205,85,175,101,163,200,75,85,220,205,23,243,186,111,21,126,250,81,222,195,112,233,195,175,210,141,192,101,6,186,198,235,103,230,195,140,28,85,30,77,163,21,165,53,242,218,83,105,202,6,70,134,20,24,189,66,87,10,205,176,33,186,224,122,206,69,85,111
Best fitness found so far: 0.4068857945914641; k: 2.0
Generation: 187; 0.41686629989979307; k: 2.0; 2,100,176,220,99,210,193,84,229,122,21,21,205,85,133,231,163,200,145,21,21,205,85,175,231,163,200,75,85,10,98,38,84,186,55,25,46,109,199,192,47
Best fitness found so far: 0.41686629989979307; k: 2.0
Generation: 188; 0.4068857945914641; k: 2.0; 2,92,176,220,99,210,193,84,101,6,21,21,205,85,175,231,163,200,75,85,10,205,16,243,186,35,21,126,30,207,210,193,205,209,66,140,125,85,7,56,220,205,182,124,26,73,203,176,220,99,72,200,20,85,10,153,108,60,199,181,99,174,15,60,22,235,118,105,202,6,145,134,85,205,135,21,53,205,112,175,30,163,200,75,15,10,205,67,243,186,186,127,85,129,85,7
Best fitness found so far: 0.41686629989979307; k: 2.0
Generation: 189; 0.4068857945914641; k: 2.0; 2,100,176,220,99,210,193,84,101,6,21,21,205,85,175,231,163,200,75,85,64,205,38,243,186,93,21,126,250,207,239,193,192,101,6,105,198,235,60,133,174,142,10,121,125,157,109,199,78,225,6,21,21,21,85,66,231,163,200,75,85,10,205,38,243,186,186,250,245,2,100,126,174,249,202,193,192,101,39,48,198,47,60,215,159,152,105,202,222,180,243,186,186,21,126,250,177,210,56,192,101,6,44,198,47,60,169,74,94,105,125,105,29,113,46,203,195,94,105,49,241,3,121,174,181,12,121,146,157,143,199,84,127
Best fitness found so far: 0.41686629989979307; k: 2.0
Generation: 190; 0.42572073626602186; k: 2.0; 2,100,176,220,99,210,193,84,229,122,219,21,205,85,133,231,163,200,145,21,21,205,85,175,124,93,200,75,85,10,98,38,84,22,55,49,191,29,15,85,175,231,127,200,100,198,47,60,222,195,192,96,174,15,37,101,6,70,5,219,60,230,177,27,146,7
Best fitness found so far: 0.42572073626602186; k: 2.0
Generation: 191; 0.4068857945914641; k: 2.0; 2,164,126,220,99,210,193,84,101,6,21,21,205,85,175,231,163,200,75,85,10,205,38,243,186,186,21,126,250,177,210,193,192,101,6,105,198,47,60,133,238,89,105,21,105,198,113,214,222,195,94,105,49,175,145,186,85,133,231,163,200,145,21,21,205,85,175,231,163,51,75,85,10,98,38,84,186,55,25,46,109,199,192,47
Best fitness found so far: 0.42572073626602186; k: 2.0
Generation: 192; 0.4068857945914641; k: 2.0; 2,100,126,220,99,210,85,84,97,6,21,21,205,85,175,231,163,200,75,85,10,205,38,243,175,134,201,200,75,85,52,205,176,243,186,85,175,231,163,200,188,85,81,220,99,210,193,24,101,6,21,21,31,85,175,71,163,200,75,85,16,245,38,243,186,186,44,126,235,177,210,160,192,69,6,148,198,110,60,133,74,94,105,58,105,198,113,214,56,179,169,74,94,228,203
Best fitness found so far: 0.42572073626602186; k: 2.0
Generation: 193; 0.42572073626602186; k: 2.0; 44,100,176,220,99,210,193,84,229,122,219,21,205,85,133,231,163,200,145,21,21,205,85,175,124,93,200,75,85,10,98,38,11,7,55,49,191,29,15,85,175,231,127,200,100,198,66,60,222,195,192,96,174,15,37,101,6,70,5,219,60,230,177,27,146,7
Best fitness found so far: 0.42572073626602186; k: 2.0
Generation: 194; 0.41686629989979307; k: 2.0; 2,100,176,220,99,210,193,84,229,122,21,21,205,85,133,231,163,200,145,21,21,225,85,155,231,163,200,75,85,10,98,38,84,186,55,25,46,109,199,192,47
Best fitness found so far: 0.42572073626602186; k: 2.0
Generation: 195; 0.42572073626602186; k: 2.0; 44,100,176,220,99,210,193,84,229,122,219,21,205,85,133,231,163,200,145,21,21,205,85,175,124,93,200,75,85,10,98,166,11,7,55,49,191,29,15,85,218,231,127,200,100,198,66,60,222,195,192,96,174,15,37,57,6,70,5,219,60,230,85,220,205,38,243,186,186,21,126,250,46,222,195,94,105,181,157,121,125,157,147,31,181,225
Best fitness found so far: 0.42572073626602186; k: 2.0
Generation: 196; 0.4068857945914641; k: 2.0; 2,100,126,52,99,210,193,84,101,206,21,166,205,85,175,231,163,200,75,85,10,205,133,243,127,186,88,126,5,177,210,99,9,193,84,27,26,241,21,205,237,175,231,163,200,75,85,182,8,231,69,202,99,94,50,153,205,85,175,134,6,105,11,29,60,90,202,75,85,115,205,38,243,189,186,114,126,250,177,210,181,192,101,59,105,198,21,60,133,198,47,60,222,244,2,105,202,6,213,21,225,205,85,175,134,163,22,75,85,248,171,176,243,186,186,21,82,230,7,90,244,243
Best fitness found so far: 0.42572073626602186; k: 2.0
Generation: 197; 0.4068857945914641; k: 2.0; 2,100,126,220,99,210,113,84,101,6,21,21,205,85,175,231,163,200,75,85,10,205,38,243,175,134,72,200,7,85,10,205,157,243,186,186,12,85,57,231,163,200,75,85,220,205,38,243,186,148,46,175,231,79,200,75,85,10,205,38,243,186,211,21,126,250,177,210,193,192,101,6,169,198,47,60,169,74,94,105,125,105,102,113,214,222,195,94,105,49,142,3,134,174,181,12,121,158,50,143,199,181,225
Best fitness found so far: 0.42572073626602186; k: 2.0
Generation: 198; 0.42572073626602186; k: 2.0; 44,100,176,220,99,210,193,84,229,122,219,21,205,85,133,231,163,200,145,21,21,205,85,175,124,93,200,75,85,10,98,166,11,7,55,49,191,29,15,85,218,231,127,200,100,198,65,60,222,195,192,96,174,248,37,57,6,70,5,219,60,230,85,220,205,38,243,186,186,21,126,250,46,222,110,94,209,181,157,121,125,157,147,186,186,60,85,205,18,233
Best fitness found so far: 0.42572073626602186; k: 2.0
Generation: 199; 0.42572073626602186; k: 2.0; 2,100,176,220,139,210,193,84,229,122,219,21,205,85,133,231,163,200,145,21,21,205,85,175,124,13,200,75,85,10,98,38,84,22,120,8,116,107,217,231,48,25,42,116,243
Best fitness found so far: 0.42572073626602186; k: 2.0
Total time of execution of seed 5 : 122580930
Solution Fitness: -0.42572073626602186
Variables: random 6 manhathan join moveNear moveAverage split join split join split join join moveBetween
