Generation: 0; -1.0; k: 6; 
Best fitness found so far: -1.0; k: 6
Generation: 1; 0.5052378925544678; k: 4; 
Best fitness found so far: 0.5052378925544678; k: 4
Generation: 2; 0.43901760532980943; k: 6; 
Best fitness found so far: 0.5052378925544678; k: 4
Generation: 3; 0.5859066101517283; k: 2; 
Best fitness found so far: 0.5859066101517283; k: 2
Generation: 4; 0.47698997468377885; k: 4; 
Best fitness found so far: 0.5859066101517283; k: 2
Generation: 5; 0.5759996936079396; k: 2; 
Best fitness found so far: 0.5859066101517283; k: 2
Generation: 6; 0.5938127927390358; k: 2; 
Best fitness found so far: 0.5938127927390358; k: 2
Generation: 7; 0.5938127927390358; k: 2; 
Best fitness found so far: 0.5938127927390358; k: 2
Generation: 8; 0.5938127927390358; k: 2; 
Best fitness found so far: 0.5938127927390358; k: 2
Generation: 9; 0.5896033702469163; k: 2; 
Best fitness found so far: 0.5938127927390358; k: 2
Generation: 10; 0.6042719707154758; k: 2; 
Best fitness found so far: 0.6042719707154758; k: 2
Generation: 11; 0.6008475337927477; k: 2; 
Best fitness found so far: 0.6042719707154758; k: 2
Generation: 12; 0.6055571096008543; k: 2; 
Best fitness found so far: 0.6055571096008543; k: 2
Generation: 13; 0.6042719707154758; k: 2; 
Best fitness found so far: 0.6055571096008543; k: 2
Generation: 14; 0.6008475337927477; k: 2; 
Best fitness found so far: 0.6055571096008543; k: 2
Generation: 15; 0.6055571096008543; k: 2; 
Best fitness found so far: 0.6055571096008543; k: 2
Generation: 16; 0.6092157603918864; k: 2; 
Best fitness found so far: 0.6092157603918864; k: 2
Generation: 17; 0.6092157603918864; k: 2; 
Best fitness found so far: 0.6092157603918864; k: 2
Generation: 18; 0.6092157603918864; k: 2; 
Best fitness found so far: 0.6092157603918864; k: 2
Generation: 19; 0.613484833871055; k: 2; 
Best fitness found so far: 0.613484833871055; k: 2
Generation: 20; 0.6124207288485941; k: 2; 
Best fitness found so far: 0.613484833871055; k: 2
Generation: 21; 0.613484833871055; k: 2; 
Best fitness found so far: 0.613484833871055; k: 2
Generation: 22; 0.6124207288485941; k: 2; 
Best fitness found so far: 0.613484833871055; k: 2
Generation: 23; 0.613484833871055; k: 2; 
Best fitness found so far: 0.613484833871055; k: 2
Generation: 24; 0.613484833871055; k: 2; 
Best fitness found so far: 0.613484833871055; k: 2
Generation: 25; 0.613484833871055; k: 2; 
Best fitness found so far: 0.613484833871055; k: 2
Generation: 26; 0.6124207288485941; k: 2; 
Best fitness found so far: 0.613484833871055; k: 2
Generation: 27; 0.613484833871055; k: 2; 
Best fitness found so far: 0.613484833871055; k: 2
Generation: 28; 0.613484833871055; k: 2; 
Best fitness found so far: 0.613484833871055; k: 2
Generation: 29; 0.613484833871055; k: 2; 
Best fitness found so far: 0.613484833871055; k: 2
Generation: 30; 0.613484833871055; k: 2; 
Best fitness found so far: 0.613484833871055; k: 2
Generation: 31; 0.613484833871055; k: 2; 
Best fitness found so far: 0.613484833871055; k: 2
Generation: 32; 0.613484833871055; k: 2; 
Best fitness found so far: 0.613484833871055; k: 2
Generation: 33; 0.613484833871055; k: 2; 
Best fitness found so far: 0.613484833871055; k: 2
Generation: 34; 0.613484833871055; k: 2; 
Best fitness found so far: 0.613484833871055; k: 2
Generation: 35; 0.613484833871055; k: 2; 
Best fitness found so far: 0.613484833871055; k: 2
Generation: 36; 0.6212141498907486; k: 2; 
Best fitness found so far: 0.6212141498907486; k: 2
Generation: 37; 0.6220893140137428; k: 2; 
Best fitness found so far: 0.6220893140137428; k: 2
Generation: 38; 0.6212141498907486; k: 2; 
Best fitness found so far: 0.6220893140137428; k: 2
Generation: 39; 0.6212141498907486; k: 2; 
Best fitness found so far: 0.6220893140137428; k: 2
Generation: 40; 0.6212141498907486; k: 2; 
Best fitness found so far: 0.6220893140137428; k: 2
Generation: 41; 0.6155675724994158; k: 2; 
Best fitness found so far: 0.6220893140137428; k: 2
Generation: 42; 0.6220893140137428; k: 2; 
Best fitness found so far: 0.6220893140137428; k: 2
Generation: 43; 0.6212141498907486; k: 2; 
Best fitness found so far: 0.6220893140137428; k: 2
Generation: 44; 0.6220893140137428; k: 2; 
Best fitness found so far: 0.6220893140137428; k: 2
Generation: 45; 0.6220893140137428; k: 2; 
Best fitness found so far: 0.6220893140137428; k: 2
Generation: 46; 0.6220893140137428; k: 2; 
Best fitness found so far: 0.6220893140137428; k: 2
Generation: 47; 0.6220893140137428; k: 2; 
Best fitness found so far: 0.6220893140137428; k: 2
Generation: 48; 0.6220893140137428; k: 2; 
Best fitness found so far: 0.6220893140137428; k: 2
Generation: 49; 0.6220893140137428; k: 2; 
Best fitness found so far: 0.6220893140137428; k: 2
Generation: 50; 0.6220893140137428; k: 2; 
Best fitness found so far: 0.6220893140137428; k: 2
Generation: 51; 0.6220893140137428; k: 2; 
Best fitness found so far: 0.6220893140137428; k: 2
Generation: 52; 0.6228995106081913; k: 2; 
Best fitness found so far: 0.6228995106081913; k: 2
Generation: 53; 0.6228995106081913; k: 2; 
Best fitness found so far: 0.6228995106081913; k: 2
Generation: 54; 0.6220893140137428; k: 2; 
Best fitness found so far: 0.6228995106081913; k: 2
Generation: 55; 0.6220893140137428; k: 2; 
Best fitness found so far: 0.6228995106081913; k: 2
Generation: 56; 0.6244029471867347; k: 2; 
Best fitness found so far: 0.6244029471867347; k: 2
Generation: 57; 0.6228995106081913; k: 2; 
Best fitness found so far: 0.6244029471867347; k: 2
Generation: 58; 0.6228995106081913; k: 2; 
Best fitness found so far: 0.6244029471867347; k: 2
Generation: 59; 0.6244029471867347; k: 2; 
Best fitness found so far: 0.6244029471867347; k: 2
Generation: 60; 0.6244029471867347; k: 2; 
Best fitness found so far: 0.6244029471867347; k: 2
Generation: 61; 0.6244029471867347; k: 2; 
Best fitness found so far: 0.6244029471867347; k: 2
Generation: 62; 0.6244029471867347; k: 2; 
Best fitness found so far: 0.6244029471867347; k: 2
Generation: 63; 0.6244029471867347; k: 2; 
Best fitness found so far: 0.6244029471867347; k: 2
Generation: 64; 0.6244029471867347; k: 2; 
Best fitness found so far: 0.6244029471867347; k: 2
Generation: 65; 0.624818379744433; k: 2; 
Best fitness found so far: 0.624818379744433; k: 2
Generation: 66; 0.624818379744433; k: 2; 
Best fitness found so far: 0.624818379744433; k: 2
Generation: 67; 0.624818379744433; k: 2; 
Best fitness found so far: 0.624818379744433; k: 2
Generation: 68; 0.624818379744433; k: 2; 
Best fitness found so far: 0.624818379744433; k: 2
Generation: 69; 0.624818379744433; k: 2; 
Best fitness found so far: 0.624818379744433; k: 2
Generation: 70; 0.624818379744433; k: 2; 
Best fitness found so far: 0.624818379744433; k: 2
Generation: 71; 0.624818379744433; k: 2; 
Best fitness found so far: 0.624818379744433; k: 2
Generation: 72; 0.624818379744433; k: 2; 
Best fitness found so far: 0.624818379744433; k: 2
Generation: 73; 0.624818379744433; k: 2; 
Best fitness found so far: 0.624818379744433; k: 2
Generation: 74; 0.624818379744433; k: 2; 
Best fitness found so far: 0.624818379744433; k: 2
Generation: 75; 0.624818379744433; k: 2; 
Best fitness found so far: 0.624818379744433; k: 2
Generation: 76; 0.624818379744433; k: 2; 
Best fitness found so far: 0.624818379744433; k: 2
Generation: 77; 0.624818379744433; k: 2; 
Best fitness found so far: 0.624818379744433; k: 2
Generation: 78; 0.624818379744433; k: 2; 
Best fitness found so far: 0.624818379744433; k: 2
Generation: 79; 0.624818379744433; k: 2; 
Best fitness found so far: 0.624818379744433; k: 2
Generation: 80; 0.624818379744433; k: 2; 
Best fitness found so far: 0.624818379744433; k: 2
Generation: 81; 0.624818379744433; k: 2; 
Best fitness found so far: 0.624818379744433; k: 2
Generation: 82; 0.624818379744433; k: 2; 
Best fitness found so far: 0.624818379744433; k: 2
Generation: 83; 0.624818379744433; k: 2; 
Best fitness found so far: 0.624818379744433; k: 2
Generation: 84; 0.624818379744433; k: 2; 
Best fitness found so far: 0.624818379744433; k: 2
Generation: 85; 0.624818379744433; k: 2; 
Best fitness found so far: 0.624818379744433; k: 2
Generation: 86; 0.624818379744433; k: 2; 
Best fitness found so far: 0.624818379744433; k: 2
Generation: 87; 0.624818379744433; k: 2; 
Best fitness found so far: 0.624818379744433; k: 2
Generation: 88; 0.624818379744433; k: 2; 
Best fitness found so far: 0.624818379744433; k: 2
Generation: 89; 0.624818379744433; k: 2; 
Best fitness found so far: 0.624818379744433; k: 2
Generation: 90; 0.624818379744433; k: 2; 
Best fitness found so far: 0.624818379744433; k: 2
Generation: 91; 0.624818379744433; k: 2; 
Best fitness found so far: 0.624818379744433; k: 2
Generation: 92; 0.624818379744433; k: 2; 
Best fitness found so far: 0.624818379744433; k: 2
Generation: 93; 0.624818379744433; k: 2; 
Best fitness found so far: 0.624818379744433; k: 2
Generation: 94; 0.624818379744433; k: 2; 
Best fitness found so far: 0.624818379744433; k: 2
Generation: 95; 0.624818379744433; k: 2; 
Best fitness found so far: 0.624818379744433; k: 2
Generation: 96; 0.624818379744433; k: 2; 
Best fitness found so far: 0.624818379744433; k: 2
Generation: 97; 0.624818379744433; k: 2; 
Best fitness found so far: 0.624818379744433; k: 2
Generation: 98; 0.624818379744433; k: 2; 
Best fitness found so far: 0.624818379744433; k: 2
Generation: 99; 0.624818379744433; k: 2; 
Best fitness found so far: 0.624818379744433; k: 2
Generation: 100; 0.624818379744433; k: 2; 
Best fitness found so far: 0.624818379744433; k: 2
Generation: 101; 0.624818379744433; k: 2; 
Best fitness found so far: 0.624818379744433; k: 2
Generation: 102; 0.624818379744433; k: 2; 
Best fitness found so far: 0.624818379744433; k: 2
Generation: 103; 0.624818379744433; k: 2; 
Best fitness found so far: 0.624818379744433; k: 2
Generation: 104; 0.624818379744433; k: 2; 
Best fitness found so far: 0.624818379744433; k: 2
Generation: 105; 0.624818379744433; k: 2; 
Best fitness found so far: 0.624818379744433; k: 2
Generation: 106; 0.624818379744433; k: 2; 
Best fitness found so far: 0.624818379744433; k: 2
Generation: 107; 0.624818379744433; k: 2; 
Best fitness found so far: 0.624818379744433; k: 2
Generation: 108; 0.624818379744433; k: 2; 
Best fitness found so far: 0.624818379744433; k: 2
Generation: 109; 0.624818379744433; k: 2; 
Best fitness found so far: 0.624818379744433; k: 2
Generation: 110; 0.624818379744433; k: 2; 
Best fitness found so far: 0.624818379744433; k: 2
Generation: 111; 0.624818379744433; k: 2; 
Best fitness found so far: 0.624818379744433; k: 2
Generation: 112; 0.624818379744433; k: 2; 
Best fitness found so far: 0.624818379744433; k: 2
Generation: 113; 0.624818379744433; k: 2; 
Best fitness found so far: 0.624818379744433; k: 2
Generation: 114; 0.624818379744433; k: 2; 
Best fitness found so far: 0.624818379744433; k: 2
Generation: 115; 0.624818379744433; k: 2; 
Best fitness found so far: 0.624818379744433; k: 2
Generation: 116; 0.624818379744433; k: 2; 
Best fitness found so far: 0.624818379744433; k: 2
Generation: 117; 0.624818379744433; k: 2; 
Best fitness found so far: 0.624818379744433; k: 2
Generation: 118; 0.624818379744433; k: 2; 
Best fitness found so far: 0.624818379744433; k: 2
Generation: 119; 0.624818379744433; k: 2; 
Best fitness found so far: 0.624818379744433; k: 2
Generation: 120; 0.624818379744433; k: 2; 
Best fitness found so far: 0.624818379744433; k: 2
Generation: 121; 0.624818379744433; k: 2; 
Best fitness found so far: 0.624818379744433; k: 2
Generation: 122; 0.624818379744433; k: 2; 
Best fitness found so far: 0.624818379744433; k: 2
Generation: 123; 0.624818379744433; k: 2; 
Best fitness found so far: 0.624818379744433; k: 2
Generation: 124; 0.624818379744433; k: 2; 
Best fitness found so far: 0.624818379744433; k: 2
Generation: 125; 0.624818379744433; k: 2; 
Best fitness found so far: 0.624818379744433; k: 2
Generation: 126; 0.624818379744433; k: 2; 
Best fitness found so far: 0.624818379744433; k: 2
Generation: 127; 0.624818379744433; k: 2; 
Best fitness found so far: 0.624818379744433; k: 2
Generation: 128; 0.624818379744433; k: 2; 
Best fitness found so far: 0.624818379744433; k: 2
Generation: 129; 0.624818379744433; k: 2; 
Best fitness found so far: 0.624818379744433; k: 2
Generation: 130; 0.624818379744433; k: 2; 
Best fitness found so far: 0.624818379744433; k: 2
Generation: 131; 0.624818379744433; k: 2; 
Best fitness found so far: 0.624818379744433; k: 2
Generation: 132; 0.624818379744433; k: 2; 
Best fitness found so far: 0.624818379744433; k: 2
Generation: 133; 0.624818379744433; k: 2; 
Best fitness found so far: 0.624818379744433; k: 2
Generation: 134; 0.624818379744433; k: 2; 
Best fitness found so far: 0.624818379744433; k: 2
Generation: 135; 0.624818379744433; k: 2; 
Best fitness found so far: 0.624818379744433; k: 2
Generation: 136; 0.624818379744433; k: 2; 
Best fitness found so far: 0.624818379744433; k: 2
Generation: 137; 0.624818379744433; k: 2; 
Best fitness found so far: 0.624818379744433; k: 2
Generation: 138; 0.624818379744433; k: 2; 
Best fitness found so far: 0.624818379744433; k: 2
Generation: 139; 0.624818379744433; k: 2; 
Best fitness found so far: 0.624818379744433; k: 2
Generation: 140; 0.624818379744433; k: 2; 
Best fitness found so far: 0.624818379744433; k: 2
Generation: 141; 0.624818379744433; k: 2; 
Best fitness found so far: 0.624818379744433; k: 2
Generation: 142; 0.624818379744433; k: 2; 
Best fitness found so far: 0.624818379744433; k: 2
Generation: 143; 0.624818379744433; k: 2; 
Best fitness found so far: 0.624818379744433; k: 2
Generation: 144; 0.624818379744433; k: 2; 
Best fitness found so far: 0.624818379744433; k: 2
Generation: 145; 0.624818379744433; k: 2; 
Best fitness found so far: 0.624818379744433; k: 2
Generation: 146; 0.624818379744433; k: 2; 
Best fitness found so far: 0.624818379744433; k: 2
Generation: 147; 0.624818379744433; k: 2; 
Best fitness found so far: 0.624818379744433; k: 2
Generation: 148; 0.624818379744433; k: 2; 
Best fitness found so far: 0.624818379744433; k: 2
Generation: 149; 0.624818379744433; k: 2; 
Best fitness found so far: 0.624818379744433; k: 2
Generation: 150; 0.624818379744433; k: 2; 
Best fitness found so far: 0.624818379744433; k: 2
Generation: 151; 0.624818379744433; k: 2; 
Best fitness found so far: 0.624818379744433; k: 2
Generation: 152; 0.624818379744433; k: 2; 
Best fitness found so far: 0.624818379744433; k: 2
Generation: 153; 0.624818379744433; k: 2; 
Best fitness found so far: 0.624818379744433; k: 2
Generation: 154; 0.624818379744433; k: 2; 
Best fitness found so far: 0.624818379744433; k: 2
Generation: 155; 0.624818379744433; k: 2; 
Best fitness found so far: 0.624818379744433; k: 2
Generation: 156; 0.624818379744433; k: 2; 
Best fitness found so far: 0.624818379744433; k: 2
Generation: 157; 0.624818379744433; k: 2; 
Best fitness found so far: 0.624818379744433; k: 2
Generation: 158; 0.624818379744433; k: 2; 
Best fitness found so far: 0.624818379744433; k: 2
Generation: 159; 0.624818379744433; k: 2; 
Best fitness found so far: 0.624818379744433; k: 2
Generation: 160; 0.624818379744433; k: 2; 
Best fitness found so far: 0.624818379744433; k: 2
Generation: 161; 0.624818379744433; k: 2; 
Best fitness found so far: 0.624818379744433; k: 2
Generation: 162; 0.624818379744433; k: 2; 
Best fitness found so far: 0.624818379744433; k: 2
Generation: 163; 0.624818379744433; k: 2; 
Best fitness found so far: 0.624818379744433; k: 2
Generation: 164; 0.624818379744433; k: 2; 
Best fitness found so far: 0.624818379744433; k: 2
Generation: 165; 0.624818379744433; k: 2; 
Best fitness found so far: 0.624818379744433; k: 2
Generation: 166; 0.624818379744433; k: 2; 
Best fitness found so far: 0.624818379744433; k: 2
Generation: 167; 0.624818379744433; k: 2; 
Best fitness found so far: 0.624818379744433; k: 2
Generation: 168; 0.624818379744433; k: 2; 
Best fitness found so far: 0.624818379744433; k: 2
Generation: 169; 0.624818379744433; k: 2; 
Best fitness found so far: 0.624818379744433; k: 2
Generation: 170; 0.624818379744433; k: 2; 
Best fitness found so far: 0.624818379744433; k: 2
Generation: 171; 0.624818379744433; k: 2; 
Best fitness found so far: 0.624818379744433; k: 2
Generation: 172; 0.624818379744433; k: 2; 
Best fitness found so far: 0.624818379744433; k: 2
Generation: 173; 0.624818379744433; k: 2; 
Best fitness found so far: 0.624818379744433; k: 2
Generation: 174; 0.624818379744433; k: 2; 
Best fitness found so far: 0.624818379744433; k: 2
Generation: 175; 0.624818379744433; k: 2; 
Best fitness found so far: 0.624818379744433; k: 2
Generation: 176; 0.624818379744433; k: 2; 
Best fitness found so far: 0.624818379744433; k: 2
Generation: 177; 0.624818379744433; k: 2; 
Best fitness found so far: 0.624818379744433; k: 2
Generation: 178; 0.624818379744433; k: 2; 
Best fitness found so far: 0.624818379744433; k: 2
Generation: 179; 0.624818379744433; k: 2; 
Best fitness found so far: 0.624818379744433; k: 2
Generation: 180; 0.624818379744433; k: 2; 
Best fitness found so far: 0.624818379744433; k: 2
Generation: 181; 0.624818379744433; k: 2; 
Best fitness found so far: 0.624818379744433; k: 2
Generation: 182; 0.624818379744433; k: 2; 
Best fitness found so far: 0.624818379744433; k: 2
Generation: 183; 0.624818379744433; k: 2; 
Best fitness found so far: 0.624818379744433; k: 2
Generation: 184; 0.624818379744433; k: 2; 
Best fitness found so far: 0.624818379744433; k: 2
Generation: 185; 0.624818379744433; k: 2; 
Best fitness found so far: 0.624818379744433; k: 2
Generation: 186; 0.624818379744433; k: 2; 
Best fitness found so far: 0.624818379744433; k: 2
Generation: 187; 0.624818379744433; k: 2; 
Best fitness found so far: 0.624818379744433; k: 2
Generation: 188; 0.624818379744433; k: 2; 
Best fitness found so far: 0.624818379744433; k: 2
Generation: 189; 0.624818379744433; k: 2; 
Best fitness found so far: 0.624818379744433; k: 2
Generation: 190; 0.624818379744433; k: 2; 
Best fitness found so far: 0.624818379744433; k: 2
Generation: 191; 0.624818379744433; k: 2; 
Best fitness found so far: 0.624818379744433; k: 2
Generation: 192; 0.624818379744433; k: 2; 
Best fitness found so far: 0.624818379744433; k: 2
Generation: 193; 0.624818379744433; k: 2; 
Best fitness found so far: 0.624818379744433; k: 2
Generation: 194; 0.624818379744433; k: 2; 
Best fitness found so far: 0.624818379744433; k: 2
Generation: 195; 0.624818379744433; k: 2; 
Best fitness found so far: 0.624818379744433; k: 2
Generation: 196; 0.624818379744433; k: 2; 
Best fitness found so far: 0.624818379744433; k: 2
Generation: 197; 0.624818379744433; k: 2; 
Best fitness found so far: 0.624818379744433; k: 2
Generation: 198; 0.624818379744433; k: 2; 
Best fitness found so far: 0.624818379744433; k: 2
Generation: 199; 0.624818379744433; k: 2; 
Best fitness found so far: 0.624818379744433; k: 2
Total time of execution of seed 7 : 6408663
Solution Fitness: -0.624818379744433
Variables: random 0 chebyshev join moveNear split moveAverage join split join join
