Generation: 0; -1.0; k: 0.0; 93,225,175,7,106,105,192,223
Best fitness found so far: -1.0; k: 0.0
Generation: 1; 0.3503842438618135; k: 3.0; 123,175,134,91,165,189,121,41,133,94,139,240,141
Best fitness found so far: 0.3503842438618135; k: 3.0
Generation: 2; 0.3836272601092808; k: 2.3; 233,73,96,79,167,139,205
Best fitness found so far: 0.3836272601092808; k: 2.3
Generation: 3; 0.5513632294069254; k: 2.0; 11,159,115,2,237
Best fitness found so far: 0.5513632294069254; k: 2.0
Generation: 4; 0.476097021383587; k: 2.0; 49,90,104,177,125,102,63,96,79,167,139,205
Best fitness found so far: 0.5513632294069254; k: 2.0
Generation: 5; 0.46860528812661395; k: 2.0; 128,57,51,193,93,110,121,41,133,94,139,182,241,73,21,30
Best fitness found so far: 0.5513632294069254; k: 2.0
Generation: 6; 0.6244826411050864; k: 2.0; 123,239,105,197,47,60,129,177,27,146,36,70
Best fitness found so far: 0.6244826411050864; k: 2.0
Generation: 7; 0.5100506705067902; k: 2.0; 211,135,51,193,227,110,121,34,125,102,63,96,125,167,139,245
Best fitness found so far: 0.6244826411050864; k: 2.0
Generation: 8; 0.5177705326266506; k: 2.0; 79,69,99,65,193,37,101,6,105,197,47,60,230,110,121,41,133,94,13,141,172,87
Best fitness found so far: 0.6244826411050864; k: 2.0
Generation: 9; 0.5216014651890362; k: 2.0; 49,241,149,174,245,240,17,56,139,60,230,177,27,205
Best fitness found so far: 0.6244826411050864; k: 2.0
Generation: 10; 0.5216014651890362; k: 2.0; 49,241,149,174,245,240,17,56,139,60,230,177,94
Best fitness found so far: 0.6244826411050864; k: 2.0
Generation: 11; 0.5778009634694193; k: 2.0; 128,240,51,193,227,110,121,41,133,101,241,105,47,60,129,177,27,146,36,70
Best fitness found so far: 0.6244826411050864; k: 2.0
Generation: 12; 0.6244826411050864; k: 2.0; 79,239,105,197,47,60,129,177,27,146,36,70
Best fitness found so far: 0.6244826411050864; k: 2.0
Generation: 13; 0.5677062717309866; k: 2.0; 123,175,134,80,165,217,121,193,227,110,121,223,133,143,227,110,121,41,69,197,47,60,129,94,27,146,36,70
Best fitness found so far: 0.6244826411050864; k: 2.0
Generation: 14; 0.5987952458682771; k: 2.2; 79,69,99,184,193,37,101,6,105,197,47,159,115,2,69,50,65,193,245,101,200,105,197,47,60,230,110,121,237,133,94,13,141,172,87
Best fitness found so far: 0.6244826411050864; k: 2.0
Generation: 15; 0.6244826411050864; k: 2.0; 123,239,105,197,47,60,129,177,225,146,36,110,121,34,17,101,241,146,47,60,129,177,27,146,36,70
Best fitness found so far: 0.6244826411050864; k: 2.0
Generation: 16; 0.5384622260571651; k: 2.0; 79,69,99,65,193,37,101,6,105,9,157,60,230,110,246,41,6,94,116,205,85,25,177,27,211,224,33,144,11,79,69,99,65,193,37,117,6,105,187
Best fitness found so far: 0.6244826411050864; k: 2.0
Generation: 17; 0.5782442189805904; k: 2.0; 194,16,126,203,127,64,193,37,101,6,105,197,47,60,129,121,85,42,101,6,105,250,47,60,230,110,210,41,113,94,24,141,172,87,165,191,75,126,139,60,230,177,94
Best fitness found so far: 0.6244826411050864; k: 2.0
Generation: 18; 0.6244826411050864; k: 2.0; 79,239,105,197,47,60,129,177,27,146,36,70,27,146,36,70
Best fitness found so far: 0.6244826411050864; k: 2.0
Generation: 19; 0.6070619241369786; k: 2.0; 79,69,99,53,85,37,101,6,105,197,47,88,129,5,49,241,149,174,245,240,17,56,139,60,230,177,94
Best fitness found so far: 0.6244826411050864; k: 2.0
Generation: 20; 0.6244826411050864; k: 2.0; 123,239,105,197,47,60,129,177,27,146,36,190,197,47,165,148,166,74,104,114,157,98,165,60,19,47,60,230,110,95,166,74,104,114,128,126,139,48
Best fitness found so far: 0.6244826411050864; k: 2.0
Generation: 21; 0.6244826411050864; k: 2.0; 123,239,105,197,47,60,129,177,229,146,36,110,121,129,17,101,241,146,47,60,129,230,110,68,166,74,104,114,157,92,139,134,80,165,95,121,116,146,67,118
Best fitness found so far: 0.6244826411050864; k: 2.0
Generation: 22; 0.6244826411050864; k: 2.0; 123,239,105,197,47,60,129,177,229,146,36,110,41,129,17,227,241,146,47,60,129,230,110,68,166,74,104,114,193,92,139,134,80,165,95,121,25,146,67,118
Best fitness found so far: 0.6244826411050864; k: 2.0
Generation: 23; 0.6244826411050864; k: 2.0; 196,239,105,197,41,60,129,177,27,221,36,190,127,47,165,173,166,74,104,213,157,98,78,197,47,165,103,239,249,104,114,157,98,165,60,87,139,60,230,194,27,177,72,101,6,247,197,47,60,230,92,51,6,227,110,121,41,140,104,110,121,136,133,94,13,175,90,87
Best fitness found so far: 0.6244826411050864; k: 2.0
Generation: 24; 0.6244826411050864; k: 2.0; 123,239,105,197,47,60,129,177,27,146,36,190,197,46,165,148,166,74,104,114,157,98,165,60,19,47,60,230,61,95,166,74,104,114,128,126,48,121,202,133,101,241,105,47,225,129,177,27,146,47,139,129,177,27,146,131,70
Best fitness found so far: 0.6244826411050864; k: 2.0
Generation: 25; 0.6244826411050864; k: 2.0; 123,239,105,197,47,60,129,122,229,146,36,110,41,129,17,227,241,146,47,60,217,107,110,68,166,74,158,114,193,92,139,134,80,165,95,121,25,146,67,65,193,37,97,219,105,9,157,60,230,110,246,243,6,30,89,205,85,47,55,121,91,197,47,122,230,110,121,237,133,94,13,159,106,2,237
Best fitness found so far: 0.6244826411050864; k: 2.0
Generation: 26; 0.6244826411050864; k: 2.0; 123,239,105,197,47,60,129,122,229,146,36,110,41,129,17,227,35,146,47,60,151,107,110,68,166,138,158,36,193,92,139,106,103,165,95,121,25,146,67,65,193,37,97,219,105,9,157,60,230,110,246,243,6,30,89,205,85,47,55,169,91,47,60,129,94,27,146,36,70
Best fitness found so far: 0.6244826411050864; k: 2.0
Generation: 27; 0.6244826411050864; k: 2.0; 196,239,105,197,41,115,129,177,27,146,36,190,197,47,165,200,166,53,104,114,157,230,165,197,179,101,6,105,197,47,168,230,110,69,50,151,114,37,155,7,80,150,47,60,83,99,37,101,6,32,99,47,104,248,93,235,241,17,56,139,60,230,177,94,163,197,139,165,148,166,53,104,114,94
Best fitness found so far: 0.6244826411050864; k: 2.0
Generation: 28; 0.6244826411050864; k: 2.0; 196,239,105,197,41,60,129,177,27,221,36,190,127,47,60,129,177,27,146,36,70
Best fitness found so far: 0.6244826411050864; k: 2.0
Generation: 29; 0.6244826411050864; k: 2.0; 196,239,105,197,41,60,129,177,27,221,36,190,175,186,165,173,124,166,74,104,114,157,98,165,91,19,47,129,230,61,95,164,74,104,114,128,126,48,121,202,133,101,241,105,47,225,129,177,27,146,47,139,129,177,27,146,131,70
Best fitness found so far: 0.6244826411050864; k: 2.0
Generation: 30; 0.6244826411050864; k: 2.0; 123,239,105,197,47,60,129,177,229,146,36,110,41,129,17,227,241,146,47,172,241,105,143,47,90,229,146,36,110,41,129,17,227
Best fitness found so far: 0.6244826411050864; k: 2.0
Generation: 31; 0.6244826411050864; k: 2.0; 123,239,105,197,41,60,129,177,27,156,36,190,197,47,165,148,166,74,104,114,157,11,165,197,47,68,166,74,104,114,70,65,193,37,101,89,105,55,157,25,47,56,121,244,6,110,121,223,133,212,143,110,60,129,177,108,146
Best fitness found so far: 0.6244826411050864; k: 2.0
Generation: 32; 0.6244826411050864; k: 2.0; 45,239,105,197,107,60,129,177,221,146,36,110,72,159,157,241,247,94,250,108,220,9,242,60,126,110,65,41,6,94,116,182,94,146,55,18,249,6,211,121,146,36,125,197,34,17,101,18,60,230,177,27,234,27,239,105,189,47,60,129,177,27,146,136,70
Best fitness found so far: 0.6244826411050864; k: 2.0
Generation: 33; 0.6244826411050864; k: 2.0; 196,239,105,197,41,60,129,177,27,221,36,190,78,47,165,173,124,20,148,72,159,10,241,224,94,250,34,166,9,222,60,230,110,246,41,6,94,125,66,153,146,138,15,249,197,79,122,230,110,175,237,133,27,146,36,190,197,47,198,200,166,53,104,124,157,230,165,197,41,101,38
Best fitness found so far: 0.6244826411050864; k: 2.0
Generation: 34; 0.6244826411050864; k: 2.0; 123,239,105,218,47,60,129,142,27,146,6,5,197,46,148,166,74,104,131,157,98,93,60,19,47,60,230,110,95,166,74,10,114,128,126,139,48
Best fitness found so far: 0.6244826411050864; k: 2.0
Generation: 35; 0.6244826411050864; k: 2.0; 196,239,120,197,41,60,129,177,27,221,36,190,78,47,165,209,124,20,148,72,159,157,241,224,94,250,108,166,9,112,60,230,110,246,41,6,94,125,66,153,146,55,15,249,197,79,122,230,225,146,164,59,121,87
Best fitness found so far: 0.6244826411050864; k: 2.0
Generation: 36; 0.6244826411050864; k: 2.0; 196,239,105,197,41,225,129,177,27,221,36,190,127,189,104,173,166,74,104,213,157,49,78,197,47,165,138,239,249,104,114,157,18,165,60,248,211,60,173,166,74,104,32,67,170,194,197,47,76,103,169,167,190,127,47,62,173,166,74,104,213,171,146,36,125,121,87,194,197,47,76,103,169,167,190,127,47,62,173,166,74,104,213,171,146
Best fitness found so far: 0.6244826411050864; k: 2.0
Generation: 37; 0.6244826411050864; k: 2.0; 39,239,105,197,41,60,129,162,27,146,36,190,176,47,165,148,166,53,104,114,120,105,47,60,115,36,70
Best fitness found so far: 0.6244826411050864; k: 2.0
Generation: 38; 0.6244826411050864; k: 2.0; 196,239,105,197,41,60,129,177,27,221,36,190,175,47,165,173,124,20,148,72,159,213,241,224,94,250,108,166,9,157,60,230,100,118
Best fitness found so far: 0.6244826411050864; k: 2.0
Generation: 39; 0.6244826411050864; k: 2.0; 42,239,105,197,47,60,129,177,27,146,36,190,197,47,165,148,200,74,93,114,119,98,242,74,104,213,57,170,149,157,47,165,103,247,167,104,104,114,157,98,59,238,184,37,56,6,105,218,104,114,157,92,224,9,154,215,95,133,116,146,67,118
Best fitness found so far: 0.6244826411050864; k: 2.0
Generation: 40; 0.6244826411050864; k: 2.0; 196,239,105,197,41,60,129,177,27,221,36,190,197,22,165,173,166,74,104,194,166,53,104,124,157,230,165,197,41,101,237
Best fitness found so far: 0.6244826411050864; k: 2.0
Generation: 41; 0.6244826411050864; k: 2.0; 123,239,105,197,41,165,55,232,27,221,36,190,56,175,90,87,56,175,90,87
Best fitness found so far: 0.6244826411050864; k: 2.0
Generation: 42; 0.6244826411050864; k: 2.0; 123,239,105,197,47,95,129,122,229,146,224,110,41,129,17,115,241,146,47,60,217,107,110,68,166,74,158,114,193,232,139,134,80,105,95,121,38,146,67,65,193,7,97,219,105,9,157,60,92,51,6,135,110,141,41,140,104,26,121,136,85,224,13,175,90,87
Best fitness found so far: 0.6244826411050864; k: 2.0
Generation: 43; 0.6244826411050864; k: 2.0; 106,239,105,197,107,165,143,177,27,221,216,190,127,47,62,173,166,225,104,213,157,170,38,90
Best fitness found so far: 0.6244826411050864; k: 2.0
Generation: 44; 0.6244826411050864; k: 2.0; 68,15,110,197,109,165,143,177,27,221,62,190,127,47,62,173,26,225,104,213,157,170,41,105,197,41,60,236,177,27,176,36,190,197,174,165,148,158,36,190,197,249,73,148,166,53,104,114,145
Best fitness found so far: 0.6244826411050864; k: 2.0
Generation: 45; 0.6244826411050864; k: 2.0; 196,239,105,197,41,60,129,177,27,221,36,165,148,166,74,104,114,157,98,165,197,47,165,148,239,74,104,114,157,98,165,60,210,47,60,230,110,95,166,74,47,114,128,126,218,48
Best fitness found so far: 0.6244826411050864; k: 2.0
Generation: 46; 0.6244826411050864; k: 2.0; 123,239,105,197,47,60,129,177,225,146,36,165,154,166,74,73,213,35,98,78,197,121,165,148,239,7,104,182,4,98,165,60,245,205,60,230,177,167,177,10,183,177,27,146,36,70
Best fitness found so far: 0.6244826411050864; k: 2.0
Generation: 47; 0.6244826411050864; k: 2.0; 45,239,105,197,47,60,129,177,221,146,36,190,41,37,17,145,241,146,230,60,129,192,110,68,166,74,104,114,96,65,193,37,195,6,27,146,47,139,129,247,27,146,131,70
Best fitness found so far: 0.6244826411050864; k: 2.0
Generation: 48; 0.6244826411050864; k: 2.0; 196,239,180,38,41,60,161,177,27,221,129,230,110,8,166,74,104,114,70,65,239,74,104,114,157,98,165,60,19,47,91,230,110,95,177,225,196,36,60,129,177,27,134,36,70
Best fitness found so far: 0.6244826411050864; k: 2.0
Generation: 49; 0.6244826411050864; k: 2.0; 143,239,105,197,41,60,129,177,27,221,36,190,197,47,165,213,166,59,104,213,36,190,180,47,165,154,166,74,104,213,35,213,78,197,121,165,148,239,7,104,114,157,98,165,223,76,56,60,230,177,167,56,10,183,177,27,155,36,70
Best fitness found so far: 0.6244826411050864; k: 2.0
Generation: 50; 0.6244826411050864; k: 2.0; 34,239,105,203,41,60,181,177,27,146,36,190,197,177,165,148,166,53,74,157,98,133,60,87,139,157,18,165,60,77,135,60,173,166,74,104,213,67,170,78,110,47,76,103,169,167,190,127,47,62,173,166,74,104,213,228,170,78,197,93,165,103,169,167,104,114,24,146,36,190,111,46,110,239,240,74,104,249,157,92,139,134,80,165,95,121,116,146,207,118
Best fitness found so far: 0.6244826411050864; k: 2.0
Generation: 51; 0.6244826411050864; k: 2.0; 79,239,105,98,47,60,129,177,27,146,36,70,27,177,27,221,36,190,249,6,110,121,17,133,143,227,90,236,41,69,197,47,60,129,94,27,80,36,70
Best fitness found so far: 0.6244826411050864; k: 2.0
Generation: 52; 0.6244826411050864; k: 2.0; 123,239,105,197,41,165,55,177,27,221,36,190,127,182,62,40,166,74,104,213,157,170,78,30,47,88,3,169,167,190,127,249,62,249,166,199,104,213,1,170,3,197,47,165,103,230,101,19,47,60,162,110,183,65,165,191,75,47,146,36,85
Best fitness found so far: 0.6244826411050864; k: 2.0
Generation: 53; 0.6244826411050864; k: 2.0; 45,239,105,197,107,60,129,177,221,146,36,110,72,159,157,241,247,94,250,30,220,67,118
Best fitness found so far: 0.6244826411050864; k: 2.0
Generation: 54; 0.6244826411050864; k: 2.0; 123,239,105,197,47,60,129,177,225,146,36,125,121,34,17,101,241,146,47,60,193,177,92,146,155,19,47,60,129,216,239,105,197,41,60,129,177,27,221,36,190,197,47,165,173,70
Best fitness found so far: 0.6244826411050864; k: 2.0
Generation: 55; 0.6244826411050864; k: 2.0; 196,239,105,197,41,60,129,177,27,221,36,190,55,47,165,105,124,20,189,72,159,157,228,192,94,153,91,110,9,157,60,230,110,246,41,6,144,37,2,69,50,40,159,157,241,247,94,250,108,220,225,157,60,126,110,65,41,6,94,116,205,85,146,55,15,249,6,110,226,110,133,143,227,110,154,94,69,171,17,237,218,94,20,166,53,104,114,157,98,165,238,193,37,56,6,105,197,104,114,157,92,150,9,10,215,95,133,116,54,67,118
Best fitness found so far: 0.6244826411050864; k: 2.0
Generation: 56; 0.6244826411050864; k: 2.0; 42,239,105,197,41,60,129,177,27,221,36,190,180,47,165,154,35,123,104,213,157,98,78,197,121,165,148,239,7,104,41,129,17,227,241,146,47,60,129,230,178,68,166,74,105,114,87,11,159,134,80,165,95,121,25,69,50,151,65,37,177,64,128,150,47,238,83,193,37,101,6,32,102,47,104,248,9,23,241,17,56,139,60,230,164,94,163,39,112,248,24,248,172,152,69,191,158,47,146,173,187
Best fitness found so far: 0.6244826411050864; k: 2.0
Generation: 57; 0.6244826411050864; k: 2.0; 196,239,105,197,41,60,129,177,27,221,36,190,197,22,165,173,166,74,104,213,157,98,78,54,60,129,177,27,176,36,190,197,174,165,148,166,53,60,230,177,94
Best fitness found so far: 0.6244826411050864; k: 2.0
Generation: 58; 0.6244826411050864; k: 2.0; 196,239,105,74,41,60,129,177,27,221,36,190,55,47,165,133,124,20,189,72,159,157,240,192,94,250,108,110,9,157,60,230,110,34,41,47,60,129,179,27,146,163,70
Best fitness found so far: 0.6244826411050864; k: 2.0
Generation: 59; 0.6244826411050864; k: 2.0; 105,239,105,197,41,60,129,22,27,221,36,190,197,47,165,105,191,41,60,129,177,118,221,36,190,127,47,165,173,166,74,104,213,157,49,78,197,47,165,138,239,249,104,114,157,18,165,60,77,139,60,173,166,74,104,213,67,170,78,197,47,76,103,169,167,190,127,47,62,173,166,74,104,213,228,170,78,197,47,165,103,169,167,104,114,24,49,181,60,87,139,212,175,194,27,90,72,168,214,49,197,204,60,9,92,51,6,135,49,209,41,140,189,26,121,71,133,224,56,175,90,87,129,177,118,221,36,190,127,47,165,173,166,74,104,213,157,49,78,197,47,165,138,239,249,104,114,157,18,165,60,77,139,60,173,166,74,104,213,67,170
Best fitness found so far: 0.6244826411050864; k: 2.0
Generation: 60; 0.6244826411050864; k: 2.0; 123,23,105,197,47,60,129,177,225,146,36,125,121,87,47,60,129,177
Best fitness found so far: 0.6244826411050864; k: 2.0
Generation: 61; 0.6244826411050864; k: 2.0; 36,239,105,197,41,165,55,177,27,221,36,190,127,47,62,173,166,74,104,152,157,15,78,30,47,96,103,94,167,190,127,47,62,173,166,236,104,213,228,170,78,197,47,165,103,169,167,100,114,151,97,133,60,87,139,212,175,194,27,177,72,101,6,247,197,204,60,9,92,51,6,135,49,141,41,123,239,105,197,107,165,143,177,27,221,216,190,127,47,62,171,166,225,123,213,157,170,41,90
Best fitness found so far: 0.6244826411050864; k: 2.0
Generation: 62; 0.6244826411050864; k: 2.0; 123,239,105,197,41,165,143,177,27,221,36,190,127,47,62,173,166,74,104,213,157,170,78,197,67,235,60,102,105,203,41,60,129,177,27,146,36,190,197,25,165,148,59,53,104,114,157,98,165,238,193,37,56,6,183,197,104,114,243,92,150,25,10,215,95,72,188,146,67,118
Best fitness found so far: 0.6244826411050864; k: 2.0
Generation: 63; 0.6244826411050864; k: 2.0; 196,239,105,197,41,60,129,177,27,221,36,190,96,197,41,60,129,177,27,146,36,190,197,139,165,152,166,53,104,114,94
Best fitness found so far: 0.6244826411050864; k: 2.0
Generation: 64; 0.6244826411050864; k: 2.0; 196,239,105,197,41,60,129,177,27,221,36,190,127,47,165,173,166,74,104,213,157,102,60,197,47,165,103,239,249,104,114,157,98,165,60,87,139,60,230,194,47,165,148,203,47,104,150,157,98,165,152,121,186,60,230,177,27,172,27,239,199,43,47,60,129,177,27,146,36,27,221,36,200,197,163,165,173,106,122,104,53,157,98,78,184,47,49,148,101,249,104,92,157,98,117,147,76,139,60,230,177,27,66,27,146,34,70
Best fitness found so far: 0.6244826411050864; k: 2.0
Generation: 65; 0.6244826411050864; k: 2.0; 123,239,105,197,155,60,129,177,27,146,36,190,200,15,161,148,166,55,104,114,157,98,165,60,60,65,27,221,36,73,175,47,66,177,124,20,148,65,193,245,101,116,25,76,197,55,183,47,65,193,245,101,200,105,184,47,10,135,4,74,107,101,112,25,28,27,119,60,129,177,27,146,36,190,197,47,165,148,166,232,104,114,157,11,165,197,47,165,148,239,74,104,114,157,98,165,60,19,47,91,230,110,95,177,225,196,36,60,129,177,27,134,36,70
Best fitness found so far: 0.6244826411050864; k: 2.0
Generation: 66; 0.6244826411050864; k: 2.0; 123,239,105,197,47,60,129,142,27,146,36,190,197,46,165,148,166,74,150,114,157,98,165,60,19,47,115,165,69,50,40,159,157,241,247,94,250,108,220,9,157,60,126,215,65,41,6,94,116,205,85,146,55,15,249,6,110,226,110,133,115,227,110,154,94,69,171,17,60,218,94,27,115,36,70
Best fitness found so far: 0.6244826411050864; k: 2.0
Generation: 67; 0.6244826411050864; k: 2.0; 143,239,105,197,41,60,129,177,27,221,36,190,197,47,165,173,166,59,104,233,157,98,78,68,79,122,191,110,103,237,133,94,13,159,106,2,237
Best fitness found so far: 0.6244826411050864; k: 2.0
Generation: 68; 0.6244826411050864; k: 2.0; 143,239,105,197,41,60,129,177,27,221,36,190,197,47,165,173,166,59,212,213,157,98,78,197,47,165,148,239,249,104,21,157,98,165,48,76,139,98,230,177,27,69,27,239,105,43,47,60,129,177,27,146,36,27,221,36,190,224,47,165,173,166,161,104,146,67,65,193,37,97,219,105,197,47,60,129,179,27,244,36,70,239,46,197,82,60,129,19,27,169,28,47,197,47,214,148,166,53
Best fitness found so far: 0.6244826411050864; k: 2.0
Generation: 69; 0.6244826411050864; k: 2.0; 185,239,105,197,41,60,129,177,27,221,36,190,180,11,165,154,159,60,129,177,229,146,112,110,41,129,17,227,241,146,17,60,64,230,110,68,166,74,104,103,193,92,139,134,80,165,95,121,26,146,67,118
Best fitness found so far: 0.6244826411050864; k: 2.0
Generation: 70; 0.6244826411050864; k: 2.0; 148,239,105,197,41,60,77,177,189,36,190,10,47,165,200,166,250,104,114,157,230,165,197,173,101,6,105,197,47,168,230,110,61,50,151,114,37,177,105,197,47,88,129,5,49,241,149,174,245,155,17,56,93,60,230,177,65
Best fitness found so far: 0.6244826411050864; k: 2.0
Generation: 71; 0.6244826411050864; k: 2.0; 45,239,105,197,107,60,129,177,221,146,36,110,72,159,157,157,247,94,106,108,220,9,242,60,126,110,65,57,6,94,28,103,94,215,55,18,249,6,110,144,110,133,143,227,60,129,41,27,146,36,70
Best fitness found so far: 0.6244826411050864; k: 2.0
Generation: 72; 0.6244826411050864; k: 2.0; 196,239,105,197,41,60,129,177,27,221,36,15,127,47,21,173,134,234,104,213,157,98,197,47,60,129,63,27,146,36,70
Best fitness found so far: 0.6244826411050864; k: 2.0
Generation: 73; 0.6244826411050864; k: 2.0; 123,239,105,197,41,165,55,177,27,221,36,190,127,182,152,40,166,74,20,213,157,170,78,197,47,96,3,169,167,190,127,47,62,249,166,199,104,66,228,170,78,197,47,165,70,169,127,47,165,173,166,19,144,213,157,49,78,197,47,165,65,239,249,104,114,157,18,165,78,77,139,60,173,166,133,104,213,67,170,78,197,47,76,201,169,167,190,127,47,62,159,166,170,104,213,84,170,78,197,180,165,120,169,226,110,114,24,131,133,60,87,139,212,175,194,27,90,79,239,105,197,47,60,129,177,27,146,36,28,158,146,36,70,169,127,47,165,173,166,19,144,213,157,49,78,197,47,165,65,239,249,104,114,157,18,165,78,77,139,60,173,166,133
Best fitness found so far: 0.6244826411050864; k: 2.0
Generation: 74; 0.6244826411050864; k: 2.0; 123,239,105,197,47,60,129,122,229,146,36,110,41,129,17,227,241,146,47,60,217,107,110,68,166,74,175,114,165,92,139,134,80,165,95,121,25,173,67,65,193,37,97,219,105,9,157,60,112,110,246,243,6,30,89,205,85,47,55,78,91,197,47,110,230,110,121,237,133,94,13,159,106,2,237
Best fitness found so far: 0.6244826411050864; k: 2.0
Generation: 75; 0.6244826411050864; k: 2.0; 123,37,105,197,41,165,143,177,27,221,160,190,127,99,75,173,166,74,104,213,77,170,243,102,47,165,103,125,167,104,104,114,157,98,59,238,184,37,56,6,105,167,104,114,157,92,106,9,10,215,95,133,116,146,23,165,148,166,129,177,229,39,36,110,121,123,17,115,27,146,47,60,102,71,203,41,60,129,177,27,146,36,190,197,177,165,148,161,53,104,114,157,98,165,182,193,37,56,6,183,197,104,114,243,92,150,25,10,215,95,72,116,146,67,118
Best fitness found so far: 0.6244826411050864; k: 2.0
Generation: 76; 0.6244826411050864; k: 2.0; 196,239,105,197,41,60,129,177,27,156,36,190,78,47,165,173,124,20,148,11,159,157,241,224,94,250,108,45,53,157,60,230,110,21,41,6,94,125,66,153,146,114,15,249,197,79,122,230,110,175,228,133,94,13,36,106,2,239,105,43,47,60,129,177,27,146,36,27,216,36,190,197,212,165,173,166,122,104,213,157,98,78,184,47,212,148,239,249,104,92,157,98,152,60,76,180,73,230,129,27,177,27,146,36,70
Best fitness found so far: 0.6244826411050864; k: 2.0
Generation: 77; 0.6244826411050864; k: 2.0; 123,239,105,197,41,165,129,177,49,146,36,190,127,47,22,200,166,53,104,112,70,230,165,197,41,83,231,105,27,146,36,190,197,177,165,148,166,53,114,157,98,226,60,87,139,212,175,194,60,177,196,101,174,247,197,47,60,9,92,51,6,135,110,201,41,200,104,26,121,136,133,152,13,150,209,87
Best fitness found so far: 0.6244826411050864; k: 2.0
Generation: 78; 0.6244826411050864; k: 2.0; 220,239,105,8,41,60,129,177,27,221,36,190,90,104,165,133,124,20,189,72,159,157,228,192,94,250,108,110,9,157,195,230,110,246,170,6,144,115,2,155,50,40,159,146,241,247,94,250,108,220,9,157,60,126,110,65,50,6,94,116,205,85,146,55,15,201,6,110,226,110,133,12,227,110,154,94,69,171,17,9,220,9,157,60,126,110,65,41,6,94,116,205,85,146,55,15,249,234,186,226,110,133,143,206,110,154,94,69,171,17,60,218,94,27,80,36,70
Best fitness found so far: 0.6244826411050864; k: 2.0
Generation: 79; 0.6244826411050864; k: 2.0; 123,239,105,197,41,60,129,177,27,146,36,190,197,139,165,148,110,197,41,60,129,177,27,146
Best fitness found so far: 0.6244826411050864; k: 2.0
Generation: 80; 0.6244826411050864; k: 2.0; 196,239,105,197,41,60,129,177,27,221,126,190,78,47,86,173,124,20,148,141,159,157,241,224,94,250,108,166,239,157,60,230,110,129,5,49,241,149,174,245,240,17,56,139,60,230,177,94
Best fitness found so far: 0.6244826411050864; k: 2.0
Generation: 81; 0.6244826411050864; k: 2.0; 209,239,105,197,47,60,129,177,229,146,36,110,41,129,17,227,241,146,47,60,129,230,229,68,166,74,105,23,152,92,159,150,80,165,95,121,25,69,50,151,65,37,177,64,128,150,47,60,83,193,37,101,6,32,159,111,241,224,94,250,108,129,9,157,73,230,110,246,41,6,94,116,205,85,146,55,248,249,6,110,121,17,133,143,227,110,236,41,69,197,47,60,129,94,27,80,36,70
Best fitness found so far: 0.6244826411050864; k: 2.0
Generation: 82; 0.6244826411050864; k: 2.0; 123,239,105,197,47,60,129,177,27,146,36,190,197,46,110,68,208,46,158,19,60,230,242,172,87,45,208,244,126,203,33,39,117,37,239,6,105,116,63,104,129,5,23,175,27,243,177,196,38,11,75,126,197,173,33
Best fitness found so far: 0.6244826411050864; k: 2.0
Generation: 83; 0.6244826411050864; k: 2.0; 45,239,105,197,47,60,129,177,221,146,38,205,41,46,17,227,241,146,230,60,129,230,218,36,110,41,129,214,227,241,146,47,60,129,230,110,68,166,74,105,114,152,92,159,198,80,165,95,121,25,69,50,151,144,37,27,64,128,138,47,60,83,193,134,15,6,32,102,47,104,248,93,23,241,114,56,139,60,230,164,94,163,39,169,248,24,248,205,233,69,191,75,47,146,205,187
Best fitness found so far: 0.6244826411050864; k: 2.0
Generation: 84; 0.6244826411050864; k: 2.0; 42,239,105,197,41,60,81,177,27,221,36,190,180,47,165,154,166,74,104,213,157,98,78,197,121,165,148,239,181,104,114,121,98,165,60,76,249,60,230,177,47,60,129,177,27,146,36,190,197,46,165,148,20,148,68,74,157,85,224,240,250,108,129,159,94
Best fitness found so far: 0.6244826411050864; k: 2.0
Generation: 85; 0.6244826411050864; k: 2.0; 196,239,105,176,41,60,129,177,27,221,36,190,175,47,165,173,124,20,12,72,159,157,241,224,94,250,108,129,9,157,60,230,10,246,41,6,94,33,205,85,139,55,15,249,6,10,239,17,133,143,227,110,121,25,146,67,118
Best fitness found so far: 0.6244826411050864; k: 2.0
Generation: 86; 0.6244826411050864; k: 2.0; 39,239,105,197,41,60,129,162,27,146,36,190,197,47,165,60,230,227,95,166,74,104,114,128,126,48,45,202,133,101,241,105,160,150,189,177,27,146,47,139,64,76,27,146,131,70
Best fitness found so far: 0.6244826411050864; k: 2.0
Generation: 87; 0.6244826411050864; k: 2.0; 123,239,105,197,47,60,129,177,27,166,36,190,197,47,165,148,166,74,104,147,157,98,165,60,19,60,230,242,172,87,45,208,244,126,92,33,83,117,37,239,6,113,218,47,104,129,5,125,175,27,243,177,196,38,11,75,126,197,173,33
Best fitness found so far: 0.6244826411050864; k: 2.0
Generation: 88; 0.6244826411050864; k: 2.0; 123,239,105,197,41,60,129,177,27,146,36,190,147,23,165,55,187,129,177,12,146,36,110,121,129,17,101,27,115,47,60,102,49,203,41,60,129,177,27,146,12,190,197,177,165,148,161,53,104,114,157,98,165,238,193,37,56,6,183,197,104,114,243,92,150,25,10,53,95,72,60,230,177,27,66,27,146,215,70
Best fitness found so far: 0.6244826411050864; k: 2.0
Generation: 89; 0.6244826411050864; k: 2.0; 123,239,105,197,41,165,129,177,27,146,36,190,197,89,199,101,241,130,47,60,172,177,63,22,36,166
Best fitness found so far: 0.6244826411050864; k: 2.0
Generation: 90; 0.6244826411050864; k: 2.0; 110,231,105,197,41,60,129,177,27,146,36,190,197,47,19,148,166,74,203,114,146,98,72,197,47,165,60,47,56,121,199,6,110,194,223,34,143,73,182,236,41,165,197,154,60,70,207,27,13,2,70,65,193,37,101,6,111,184,157,151,47,56,121,244,6,110,121,223,133,143,36,190,197,47,165,112,166,59,104,213,157,98,78,197,47,165,148,158,249,104,60,157,75,165,48,76,139,27,13,36,190,197,174,165,148,52,53,60,230,177,94
Best fitness found so far: 0.6244826411050864; k: 2.0
Generation: 91; 0.6244826411050864; k: 2.0; 196,239,105,149,41,60,129,177,27,221,36,190,78,47,165,173,124,97,148,72,159,157,241,224,94,218,108,166,240,157,60,77,110,246,41,6,163,125,36,125,121,87
Best fitness found so far: 0.6244826411050864; k: 2.0
Generation: 92; 0.6244826411050864; k: 2.0; 45,239,105,197,47,60,129,177,221,146,36,190,152,37,17,145,241,146,230,60,83,192,110,68,166,177,104,114,96,157,49,37,101,6,105,55,81,151,47,56,121,244,6,110,121,223,133,143,77,110,60,129,177,221,148,166,53,104,103,112,98,31,238,193,37,56,152,105,197,104,132,157,92,150,9,10,112,95,49,116,146,67,118
Best fitness found so far: 0.6244826411050864; k: 2.0
Generation: 93; 0.6244826411050864; k: 2.0; 123,239,105,200,47,60,129,177,27,146,212,190,197,47,165,148,166,74,104,147,157,98,165,60,19,60,230,242,172,87,45,208,244,126,203,33,83,117,37,238,186,105,98,47,104,129,5,23,175,27,243,22,196,38,11,75,126,197,173,33
Best fitness found so far: 0.6244826411050864; k: 2.0
Generation: 94; 0.6244826411050864; k: 2.0; 123,239,105,197,47,60,129,177,229,146,36,110,121,129,17,177,27,146,36,70
Best fitness found so far: 0.6244826411050864; k: 2.0
Generation: 95; 0.6244826411050864; k: 2.0; 196,239,105,197,41,60,129,87,27,221,36,190,127,47,146,61,95,166,74,104,129,177,27,146,36,190,197,47,140,148,166,130
Best fitness found so far: 0.6244826411050864; k: 2.0
Generation: 96; 0.6244826411050864; k: 2.0; 196,239,105,197,151,60,129,177,27,221,36,190,56,47,165,51,166,74,104,213,157,70,78,219,101,6,177,27,146,102,190,197,47,165,131,166,135,203,33,157,98,72,197,47,165,60,146,56,121,212,134,110,194,239,34,143,73,64,236,41,42,197,32,60,70,207,26,13,36,70,236,193,135,101,6,111,184,157,151,47,56,244,244,6,110,121,116,133,159,73,110
Best fitness found so far: 0.6244826411050864; k: 2.0
Generation: 97; 0.6244826411050864; k: 2.0; 123,239,105,197,107,165,143,177,27,221,36,190,127,47,62,173,166,187,104,213,157,170,41,14,143,177,27,221,36,190,99,34,62,173,166,74,104,213,27,221,36,190,197,47,165,173,70
Best fitness found so far: 0.6244826411050864; k: 2.0
Generation: 98; 0.6244826411050864; k: 2.0; 123,239,105,197,47,60,129,177,27,146,36,190,197,46,165,148,166,74,104,114,157,98,165,60,19,47,60,230,61,95,153,74,104,49,177,27,146,36,190,197,47,101,148,166,102
Best fitness found so far: 0.6244826411050864; k: 2.0
Generation: 99; 0.6244826411050864; k: 2.0; 196,239,105,197,41,115,129,177,27,146,36,190,197,47,165,200,166,53,104,114,157,230,165,197,179,110,6,79,197,47,168,230,206,166,50,151,226,37,155,7,80,150,47,60,83,99,37,96,6,146,131,70
Best fitness found so far: 0.6244826411050864; k: 2.0
Generation: 100; 0.6244826411050864; k: 2.0; 110,239,105,197,41,45,129,177,27,146,36,190,197,47,165,27,221,36,190,235,47,62,173,166,74,104,213,157,170,243,157,181,165,103,247,167,104,104,114,157,98,59,238,184,37,56,6,105,167,104,114,157,92,106,9,10,215,95,133,116,146,67,118
Best fitness found so far: 0.6244826411050864; k: 2.0
Generation: 101; 0.6244826411050864; k: 2.0; 196,239,105,197,41,60,129,177,27,221,36,190,197,47,90,129,177,27,221,36,190,197,47,185,173,166,98,104,96,157,98,78,197,47,165,148,239,249,178,21,157,98,165,60,76,139,60,230,177,27,177,27,180,105,197,47,60,129,177,27,146,36,70
Best fitness found so far: 0.6244826411050864; k: 2.0
Generation: 102; 0.6244826411050864; k: 2.0; 123,239,105,197,41,60,129,177,27,146,36,190,197,47,150,196,166,74,104,114,157,11,165,197,47,165,148,239,74,104,114,157,98,165,60,19,47,91,230,110,106,9,10,215,119,133,116,146,67,118
Best fitness found so far: 0.6244826411050864; k: 2.0
Generation: 103; 0.6244826411050864; k: 2.0; 196,239,105,197,41,60,129,177,27,221,68,190,197,47,165,173,12,243,104,117,8,98,78,197,47,165,148,239,249,104,138,157,98,165,60,76,139,60,126,177,60,177,27,106,105,197,178,60,129,177,27,146,205,110,68,166,74,158,114,193,136,139,250,80,166,95,121,25,25,67,65,193,37,97,219,177,9,66,121,87
Best fitness found so far: 0.6244826411050864; k: 2.0
Generation: 104; 0.6244826411050864; k: 2.0; 123,239,105,197,41,60,129,177,27,146,36,190,197,47,146,36,205,121,87
Best fitness found so far: 0.6244826411050864; k: 2.0
Generation: 105; 0.6244826411050864; k: 2.0; 45,239,105,197,63,60,129,177,221,146,36,110,158,159,157,241,247,94,250,108,220,9,188,60,126,110,65,41,6,94,116,103,94,146,55,18,249,6,110,121,110,133,70,65,110,236,113,69,197,245,99,47,104,248,93,235,241,17,56,139,60,230,29,94,163,197,139,165,148,166,126,104,114,94
Best fitness found so far: 0.6244826411050864; k: 2.0
Generation: 106; 0.6244826411050864; k: 2.0; 45,239,105,197,47,60,129,177,221,146,36,205,41,46,17,227,241,146,230,60,129,24,218,68,167,74,104,114,70,65,173,37,101,123,239,105,197,47,139,129,177,229,146,36,100,121,129,17,101,118,146,47,60,129,177,225,146,36,125,121,87
Best fitness found so far: 0.6244826411050864; k: 2.0
Generation: 107; 0.6244826411050864; k: 2.0; 196,239,105,197,41,60,103,177,27,221,36,190,175,186,165,208,124,166,74,104,114,157,98,166,91,19,47,129,230,61,95,164,74,97,114,140,126,249,121,105,197,41,60,129,177,27,176,36,190,197,174,165,148,166,53,60,230,177,94
Best fitness found so far: 0.6244826411050864; k: 2.0
Generation: 108; 0.6244826411050864; k: 2.0; 123,239,105,197,107,165,143,177,27,221,36,190,127,47,62,173,166,225,233,213,157,170,41,165,143,177,27,221,36,190,127,47,62,173,166,74,104,213,157,170,243,157,63,165,103,247,167,104,62,114,191,98,59,220,184,37,56,169,105,167,104,114,157,92,106,9,10,215,95,133,116,146,230,194,27,177,72,101,6,247,197,191,60,230,92,51,250,227,110,121,41,140,104,110,121,136,133,83,13,175,90,87,27,221,36,190,127,193,63,230,194,6,177
Best fitness found so far: 0.6244826411050864; k: 2.0
Generation: 109; 0.6244826411050864; k: 2.0; 45,239,195,197,47,60,129,177,221,146,122,110,41,5,17,227,116,146,230,60,121,230,110,68,166,74,104,77,70,65,70
Best fitness found so far: 0.6244826411050864; k: 2.0
Generation: 110; 0.6244826411050864; k: 2.0; 123,239,105,197,47,60,129,177,27,146,36,190,197,47,165,148,166,55,104,114,136,98,165,60,147,47,27,221,36,190,175,47,165,173,124,20,148,72,159,157,147,247,94,250,35,220,9,157,60,126,110,65,41,6,94,116,205,85,146,55,15,106,222,27,146,36,116,197,47,201,200,166,250,104,114,157,230,165,197,179,171,6,105,197,47,168,230,110,61,50,124,114,37,177,163,209,47,88,129,5,49,241,149,174,245,240,241,31,139,60,230,177,94
Best fitness found so far: 0.6244826411050864; k: 2.0
Generation: 111; 0.6244826411050864; k: 2.0; 196,239,105,197,41,60,129,177,27,221,36,230,127,47,165,173,134,234,104,213,157,98,99,197,133,165,65,239,249,93,157,60,129,177,221,47,186,115,2,142,50,219,115,245,101,116,205,236,197,55,227,110,121,41,199,101,241,130,241,60,129,117,27,22,36,166,157,60,129,177,221,47,186,115,2,142
Best fitness found so far: 0.6244826411050864; k: 2.0
Generation: 112; 0.6244826411050864; k: 2.0; 221,239,105,197,47,60,129,177,27,146,36,190,21,46,165,148,166,74,104,46,70
Best fitness found so far: 0.6244826411050864; k: 2.0
Generation: 113; 0.6244826411050864; k: 2.0; 109,239,105,197,41,60,129,177,27,221,36,190,197,22,165,173,166,74,104,30,60,104,26,121,136,133,224,56,175,90,87
Best fitness found so far: 0.6244826411050864; k: 2.0
Generation: 114; 0.6244826411050864; k: 2.0; 123,239,105,197,47,240,107,177,229,146,36,110,41,129,17,227,241,146,47,60,129,201,110,68,166,74,105,114,152,92,159,134,80,165,95,121,25,69,50,151,65,37,177,64,128,150,47,60,83,193,37,101,6,32,102,47,104,101,241,146,47,60,138,177,27,146,224,70
Best fitness found so far: 0.6244826411050864; k: 2.0
Generation: 115; 0.6244826411050864; k: 2.0; 123,239,105,197,23,60,129,177,27,146,36,190,197,46,165,148,166,74,104,114,157,98,165,60,19,47,60,230,61,95,166,74,21,114,128,126,48,121,202,133,101,241,105,27,221,36,190,127,47,62,173,166,74,104,213,157,170,243,157,21,165,103,247,167,104,104,114,157,98,121,238,184,37,113,6,105,167,104,114,157,92,106,9,10,193,95,133,116,146,67,118
Best fitness found so far: 0.6244826411050864; k: 2.0
Generation: 116; 0.6244826411050864; k: 2.0; 123,239,105,197,47,60,119,122,229,146,36,110,41,129,17,227,241,146,47,60,217,107,93,60,129,177,27,176,36,190,22,174,165,148,166,53,60,230,177,94
Best fitness found so far: 0.6244826411050864; k: 2.0
Generation: 117; 0.6244826411050864; k: 2.0; 45,239,105,197,101,60,129,177,221,146,36,205,41,150,17,227,241,146,230,250,174,230,218,127,166,74,104,226,70,65,173,107,101,123,239,105,197,47,139,32,177,115,89,36,110,40,129,17,101,118,146,47,60,102,230,110,197,41,60,129,177,27,221,36,190,197,47,165,173,166,74,104,213,69,98,78,197,47,165,148,239,249,104,114,157,143,165,147,76,139,60,230,177,27,177,27,146,36,70
Best fitness found so far: 0.6244826411050864; k: 2.0
Generation: 118; 0.6244826411050864; k: 2.0; 196,239,105,197,41,115,129,177,27,146,36,190,197,47,165,200,166,53,104,114,157,221,165,197,179,101,6,182,197,47,168,230,110,69,50,151,114,37,155,7,80,150,47,60,83,99,37,101,6,211,99,47,105,203,41,127,129,177,27,146,36,190,197,177,165,148,161,53,104,114,157,98,165,179,193,37,56,6,183,197,104,114,243,92,150,25,10,215,95,72,116,146,67,118
Best fitness found so far: 0.6244826411050864; k: 2.0
Generation: 119; 0.6244826411050864; k: 2.0; 196,239,105,197,11,60,129,177,27,221,36,190,175,47,204,173,124,20,148,36
Best fitness found so far: 0.6244826411050864; k: 2.0
Generation: 120; 0.6244826411050864; k: 2.0; 42,239,105,197,41,60,135,177,27,221,36,30,180,47,244,154,166,74,104,213,157,98,78,197,121,165,148,239,7,104,114,157,98,219,60,59,56,60,230,242,172,87,45,11,244,126,203,33,83,62,37,239,6,105,116,47,104,129,5,23,175,27,243,177,176,38,11,75,126,22,173,41,90
Best fitness found so far: 0.6244826411050864; k: 2.0
Generation: 121; 0.6244826411050864; k: 2.0; 42,239,105,197,41,60,129,177,27,221,36,190,180,43,165,154,166,74,104,213,157,98,78,197,121,165,148,239,7,104,114,157,98,165,60,59,56,60,230,242,172,87,45,11,244,126,203,33,83,62,37,239,6,105,116,47,104,129,5,23,175,27,243,33,176,38,11,75,126,197,173,187
Best fitness found so far: 0.6244826411050864; k: 2.0
Generation: 122; 0.6244826411050864; k: 2.0; 99,239,105,197,153,60,129,122,229,146,36,110,41,129,17,227,241,146,47,60,217,134,110,68,166,247,158,114,193,92,139,134,80,165,95,121,25,206,161,65,17,37,97,219,105,197,47,60,129,179,27,174,36,70,239,46,197,82,60,129,177,27,197,204,60,9,92,51,6,178,49,54,41,60,104,26,121,93,133,224,56,175,90,92
Best fitness found so far: 0.6244826411050864; k: 2.0
Generation: 123; 0.6244826411050864; k: 2.0; 2,239,105,197,47,60,129,182,27,186,36,190,197,46,110,68,240,74,104,249,157,92,139,134,80,165,142,121,116,146,177,129,177,27,146,36,190,197,139,165,148,166,53,104,114,94
Best fitness found so far: 0.6244826411050864; k: 2.0
Generation: 124; 0.6244826411050864; k: 2.0; 123,217,105,197,41,165,129,177,27,146,36,190,213,157,49,78,151,47,147,138,239,249,104,114,157,18,135,60,77,139,60,173,166,74,104,213,67,170,78,197,47,76,103,169,82,190,127,47,62,173,166,74,104,213,228,170,78,197,47,165,103,169,167,104,114,24,131,133,60,87,139,212,175,194,27,90,102,101,214,247,197,204,60,9,92,51,6,135,49,209,41,140,104,26,121,136,133,224,56,175,90,87
Best fitness found so far: 0.6244826411050864; k: 2.0
Generation: 125; 0.6244826411050864; k: 2.0; 79,239,105,197,47,60,129,177,27,146,2,70,193,146,36,70
Best fitness found so far: 0.6244826411050864; k: 2.0
Generation: 126; 0.6244826411050864; k: 2.0; 196,239,105,197,41,60,129,177,27,221,36,190,127,47,165,173,134,74,104,213,193,245,101,137,34,117,197,55,9,47,65,193,245,101,200,105,184,47,10,230,164,74,237,101,94,25,28,27,119,224,100,144,140,79,69,29,65,193,193,117,6,105,187
Best fitness found so far: 0.6244826411050864; k: 2.0
Generation: 127; 0.6244826411050864; k: 2.0; 196,239,105,197,41,60,129,177,27,221,36,190,197,47,165,173,166,74,104,213,157,98,78,197,47,165,148,239,55,207,21,230,137,165,60,76,139,60,230,177,27,177,27,239,131,197,47,60,129,177,177,27,146,36,70
Best fitness found so far: 0.6244826411050864; k: 2.0
Generation: 128; 0.6244826411050864; k: 2.0; 123,239,105,197,47,60,129,177,27,146,36,190,197,46,138,157,60,230,110,246,243,6,30,89,205,85,47,55,121,91,197,3,116,230,110,121,237,133,94,13,159,106,2,237
Best fitness found so far: 0.6244826411050864; k: 2.0
Generation: 129; 0.6244826411050864; k: 2.0; 123,239,105,197,41,60,209,177,27,146,36,190,197,47,165,148,166,74,104,114,157,127,47,62,173,166,74,104,213,157,250,243,157,21,198,111,247,169,104,104,114,157,98,62,238,184,156,56,6,105,167,104,114,157,92,126,9,10,215,95,133,116,146,67,118
Best fitness found so far: 0.6244826411050864; k: 2.0
Generation: 130; 0.6244826411050864; k: 2.0; 154,239,105,197,41,60,129,177,27,221,36,230,127,47,165,26,134,234,23,175,27,243,78,176,38,11,75,126,197,173,33
Best fitness found so far: 0.6244826411050864; k: 2.0
Generation: 131; 0.6244826411050864; k: 2.0; 243,239,105,197,47,60,129,162,221,146,36,110,41,129,116,154,241,177,230,60,129,230,110,68,166,74,104,114,69,65,193,37,101,6,105,34,157,151,99,190,197,47,122,148,166,53,104,114,241,105,47,60,115,67,225,196,47,60,129,177,27,134,36,70
Best fitness found so far: 0.6244826411050864; k: 2.0
Generation: 132; 0.6244826411050864; k: 2.0; 123,239,105,197,41,60,129,177,27,146,36,190,197,47,165,148,166,74,104,114,157,11,105,197,47,165,148,239,74,104,114,157,98,169,60,19,47,105,77,47,60,129,177,27,110,36,70,27,177,27,55,36,190,183,47,165,173,122
Best fitness found so far: 0.6244826411050864; k: 2.0
Generation: 133; 0.6244826411050864; k: 2.0; 123,239,105,197,47,60,129,142,27,146,36,190,197,46,165,148,166,74,150,114,221,98,165,60,19,47,60,230,61,95,166,74,104,114,128,126,48,3,202,133,101,241,105,160,150,189,177,27,146,47,139,129,74,104,213,157,98,239,197,47,165,103,239,249,104,114,157,98,164,60,52,139,60,230,194,191,177,72,101,6,247,197,47,60,230,92,51,6,227,110,121,41,140,104,110,121,136,133,87,13,175,61,87
Best fitness found so far: 0.6244826411050864; k: 2.0
Generation: 134; 0.6244826411050864; k: 2.0; 196,239,105,197,41,60,129,177,27,221,36,190,197,154,165,173,12,74,104,213,157,98,78,197,47,165,148,224,249,104,21,157,98,165,60,232,139,60,126,31,27,177,27,239,105,197,232,60,129,177,27,146,212,110,68,166,74,158,114,193,92,164,250,80,166,95,121,129,177,27,221,36,190,201,47,29,173,124,20,148,72,74,101,241,224,240,250,108,134,159,94
Best fitness found so far: 0.6244826411050864; k: 2.0
Generation: 135; 0.6244826411050864; k: 2.0; 196,239,105,197,41,60,129,177,27,221,36,190,175,47,122,173,124,20,148,72,159,166,34,224,94,250,108,197,73,60,129,177,27,221,36,190,127,47,60,129,177,27,146,36,70
Best fitness found so far: 0.6244826411050864; k: 2.0
Generation: 136; 0.6244826411050864; k: 2.0; 196,239,105,197,3,60,129,177,27,221,36,190,127,47,165,173,166,74,240,213,157,98,78,149,47,165,103,239,249,104,114,157,98,165,60,87,139,109,230,53,104,124,157,230,165,197,41,101,237
Best fitness found so far: 0.6244826411050864; k: 2.0
Generation: 137; 0.6244826411050864; k: 2.0; 123,239,105,197,41,165,55,177,27,221,36,190,127,47,159,173,166,74,104,213,157,170,78,197,47,114,103,169,167,190,137,51,62,173,166,74,104,213,228,170,176,197,47,165,103,169,167,104,114,151,126,133,60,130,139,4,202,194,27,79,221,36,190,127,47,63,230,194,27,177,72,101,183,247,197,191,60,230,92,109,6,227,110,121,41,140,104,110,121,136,133,83,13,175,245,87,27,221,36,190,127,47,63,230,194,27,177
Best fitness found so far: 0.6244826411050864; k: 2.0
Generation: 138; 0.6244826411050864; k: 2.0; 196,239,105,197,41,60,129,177,27,146,36,190,197,139,165,148,166,53,186,114,94
Best fitness found so far: 0.6244826411050864; k: 2.0
Generation: 139; 0.6244826411050864; k: 2.0; 123,239,105,197,47,60,129,177,177,146,36,190,197,46,110,68,240,74,104,249,157,92,87,134,177,165,95,110,68,166,74,104,114,70,65,193,37,101,6,105,55,52,151,47,56,161,244,6,110,121,223,133,212,143,110,60,129,177,108,146
Best fitness found so far: 0.6244826411050864; k: 2.0
Generation: 140; 0.6244826411050864; k: 2.0; 123,239,105,197,47,60,129,177,27,146,36,190,197,46,165,148,166,74,224,114,157,98,165,4,19,47,60,230,61,95,250,74,104,129,177,27,146,232,196,103,105,197,41,60,129,183,27,221,36,190,197,47,165,231,12,126,161,213,157,98,78,197,47,42,148,239,249,104,21,157,98,165,60,101,139,60,14,177,27,177,27,239,105,197,178,60,129,177,27,146,107,110,68,166,74,158,114,193,73,139,250,80,166,95,121,25,146,67,65,193,37,97,219,105,9,157,60,230,110,246,243,6,30,91,205,85,47,55,121,243,197,47,122,230,110,121,151,133,94,13,159,106,209,108
Best fitness found so far: 0.6244826411050864; k: 2.0
Generation: 141; 0.6244826411050864; k: 2.0; 45,239,105,197,47,60,129,177,221,146,36,190,41,37,17,167,241,146,230,60,129,192,110,68,95,74,21,114,96,65,193,37,101,6,214,55,157,151,47,202,121,87,6,110,121,142,133,143,77,110,157,98,165,60,87,139,60,230,194,27,177,72,101,6,247,197,47,60,145,129,41,69,197,47,115,129,94,27,80,36,166
Best fitness found so far: 0.6244826411050864; k: 2.0
Generation: 142; 0.6244826411050864; k: 2.0; 196,239,105,197,69,60,129,177,27,221,36,190,127,47,165,173,166,74,104,213,157,10,186,39,47,165,138,239,249,104,114,212,231,194,60,33,196,101,6,247,197,47,60,9,144,51,6,135,110,98,41,140,104,26,68,136,133,224,92,175,209,87,173,166,46,165,148,166,74,104,114,157,98,227,60,19,47,60,230,61,179,166,74,104,207,177,27,146,36,219,197,47,140,148,166,53
Best fitness found so far: 0.6244826411050864; k: 2.0
Generation: 143; 0.6244826411050864; k: 2.0; 45,239,105,197,41,60,129,177,27,221,36,190,197,47,165,173,45,59,104,213,157,98,78,197,47,165,148,158,249,104,21,157,75,165,48,76,139,27,176,17,190,197,174,165,148,30,70,105,197,41,60,129,177,27,221,36,190,197,47,165,173,45,59,104,213,157,98,78,197,47,165,148,158,249,104,21,157,75
Best fitness found so far: 0.6244826411050864; k: 2.0
Generation: 144; 0.6244826411050864; k: 2.0; 123,239,160,65,41,165,55,177,27,221,36,190,127,47,19,173,220,74,50,213,157,170,78,197,47,114,103,169,167,190,137,47,62,173,166,74,104,213,228,170,176,197,47,165,103,169,167,104,114,151,126,133,60,130,139,212,175,194,27,79,72,197,41,101,237
Best fitness found so far: 0.6244826411050864; k: 2.0
Generation: 145; 0.6244826411050864; k: 2.0; 62,239,105,197,41,60,129,177,27,221,36,190,78,163,165,173,124,20,148,72,159,157,241,224,94,250,108,166,128,157,60,230,110,246,41,6,94,125,66,153,146,55,15,124,197,79,122,230,110,175,237,133,98,165,60,19,47,60,230,126,95,166,74,104,114,128,126,139,48
Best fitness found so far: 0.6244826411050864; k: 2.0
Generation: 146; 0.6244826411050864; k: 2.0; 99,239,105,197,47,60,129,122,229,146,36,110,41,129,17,227,241,146,47,60,217,107,110,130,166,247,158,114,193,92,139,134,80,165,95,183,25,146,67,65,193,37,97,219,182,197,47,60,129,179,27,174,36,46,116,205,236,197,55,227,203,121,41,199,101,241,130,47,60,129,177,200,22,36,166
Best fitness found so far: 0.6244826411050864; k: 2.0
Generation: 147; 0.6244826411050864; k: 2.0; 196,239,105,197,41,60,129,2,27,221,36,190,175,47,165,173,124,27,221,36,190,197,47,165,173,166,74,104,213,157,98,78,197,126,165,148,90,249,104,21,157,98,165,60,76,139,60,230,177,135,177,27,239,105,197,211,60,184,177,27,146,36,70
Best fitness found so far: 0.6244826411050864; k: 2.0
Generation: 148; 0.6244826411050864; k: 2.0; 123,239,105,197,47,60,151,177,99,146,36,190,197,239,105,72,41,115,129,177,27,146,36,190,16,47,165,200,166,144,104,114,157,230,165,120,179,101,6,105,197,47,168,230,110,69,69,75,152,37,155,139,80,150,47,60,83,99,3,101,248,32,99,47,104,248,93,235,241,87,56,139,60,35,177,94,163,197,139,165,148,166,53,104,114,94
Best fitness found so far: 0.6244826411050864; k: 2.0
Generation: 149; 0.6244826411050864; k: 2.0; 196,239,105,197,41,60,129,177,27,221,36,190,127,47,165,173,166,154,94,49,190,249,60,218,94,27,80,36,70
Best fitness found so far: 0.6244826411050864; k: 2.0
Generation: 150; 0.6244826411050864; k: 2.0; 23,239,105,197,47,60,129,122,229,146,36,110,41,129,17,227,241,146,47,60,129,230,110,24,166,175,177,27,101,36,190,197,47,165,148,166,185,104,185,157,98,165,197,47,165,148,239,74,211,114,157,76,48,60,19,47,60,230,110,95,166,74,104,114,42,126,139,48
Best fitness found so far: 0.6244826411050864; k: 2.0
Generation: 151; 0.6244826411050864; k: 2.0; 123,239,105,197,47,60,129,177,225,26,36,125,121,34,146,36,70
Best fitness found so far: 0.6244826411050864; k: 2.0
Generation: 152; 0.6244826411050864; k: 2.0; 123,239,105,197,41,165,129,177,27,146,36,190,197,47,92,200,166,146,47,60,217,107,110,230,166,74,158,114,193,232,139,196,80,105,95,121,38,247,67,65,193,92,211,5,105,9,129,60,230,227,246,243,6,30,89,205,141,47,55,121,91,197,105,197,114,157,98,165,101,19,47,60,107,110,183,65,165,191,75,47,146,36,187
Best fitness found so far: 0.6244826411050864; k: 2.0
Generation: 153; 0.6244826411050864; k: 2.0; 196,239,105,197,41,60,129,177,27,221,36,190,127,47,165,173,133,74,104,45,157,98,99,53,47,165,197,173,60,129,162,27,146,105,110,240,47,165,148,166,53,104,114,241,105,47,8,173,166,161,104,114,128,126,139,48
Best fitness found so far: 0.6244826411050864; k: 2.0
Generation: 154; 0.6244826411050864; k: 2.0; 196,239,105,197,41,60,129,177,27,221,36,190,175,35,64,173,124,20,148,72,159,157,139,60,230,194,43,177,72,109,6,247,157,241,224,240,250,108,129,159,94
Best fitness found so far: 0.6244826411050864; k: 2.0
Generation: 155; 0.6244826411050864; k: 2.0; 123,239,105,197,47,60,129,177,27,146,36,190,200,15,161,148,166,55,104,114,157,98,239,105,197,173,223,129,162,27,212,36,190,197,47,165,148,203,53,104,114,241,105,47,8,173,72,161,104,114,128,126,139,48
Best fitness found so far: 0.6244826411050864; k: 2.0
Generation: 156; 0.6244826411050864; k: 2.0; 196,239,105,197,41,60,103,177,27,221,36,190,197,47,165,173,166,74,104,213,123,98,78,197,47,165,148,239,249,104,114,157,98,165,60,76,193,60,230,177,27,177,177,94
Best fitness found so far: 0.6244826411050864; k: 2.0
Generation: 157; 0.6244826411050864; k: 2.0; 123,239,105,197,41,60,67,177,27,146,36,190,197,47,165,148,166,74,104,114,157,11,165,197,157,165,148,239,74,104,114,157,98,166,60,61,47,169,28,190,197,47,214,148,166,53
Best fitness found so far: 0.6244826411050864; k: 2.0
Generation: 158; 0.6244826411050864; k: 2.0; 45,239,225,197,47,60,129,177,221,146,122,110,41,129,17,227,116,146,230,60,121,110,110,68,166,248,104,114,70,65,193,249,101,6,160,27,146,36,226,133,101,241,105,47,225,129,177,27,146,47,139,129,177,27,146,131,70
Best fitness found so far: 0.6244826411050864; k: 2.0
Generation: 159; 0.6244826411050864; k: 2.0; 196,239,105,197,41,60,129,177,27,221,190,190,197,22,165,234,166,74,104,213,157,98,78,54,60,129,177,110,210,223,133,212,143,110,60,129,177,108,146
Best fitness found so far: 0.6244826411050864; k: 2.0
Generation: 160; 0.6244826411050864; k: 2.0; 196,239,180,38,41,60,129,177,27,221,129,230,110,68,166,74,104,114,70,65,193,37,101,6,105,55,45,151,47,56,121,244,174,36,190,197,22,165,173,166,118,104,213,157,98,78,54,60,129,177,27,176,111,93,197,174,165,148,166,53,60,230,161,94
Best fitness found so far: 0.6244826411050864; k: 2.0
Generation: 161; 0.6244826411050864; k: 2.0; 123,239,105,197,47,95,129,122,229,146,224,110,41,129,17,227,241,146,47,60,217,107,110,68,166,74,158,114,159,232,139,134,80,105,95,121,38,146,105,55,157,151,47,56,121,244,6,137,121,223,133,86,77,87,60,129,177,221,47,163,115,2,142,50,65,115,245,101,116,205,85,197,55,227,110,121,41,199,101,241,130,47,60,31,177,27,22,36,166,68,166,74,158,114,159,232,139,134,80,105,95,121,38,146,105,55,157,151,47,56,121,244,6,137,121,223,133,86,77,87,60,129
Best fitness found so far: 0.6244826411050864; k: 2.0
Generation: 162; 0.6244826411050864; k: 2.0; 123,239,105,197,41,165,143,177,27,221,36,190,126,47,62,173,166,74,104,213,157,170,78,197,47,165,103,169,167,104,114,157,98,133,60,87,139,227,175,194,27,177,72,101,6,247,197,47,60,9,92,51,6,135,216,141,41,140,104,26,27,146,36,190,197,43,165,148,166,74,215,114,157,98,165,60,19,47,60,230,7,95,166,74,104,114,128,126,139,214
Best fitness found so far: 0.6244826411050864; k: 2.0
Generation: 163; 0.6244826411050864; k: 2.0; 123,239,105,197,41,165,55,177,27,221,36,190,127,47,62,173,166,74,104,213,157,170,78,197,47,96,120,169,167,190,144,47,62,173,166,74,104,213,228,170,78,197,47,165,103,84,167,220,114,151,126,133,223,87,139,212,175,194,86,177,72,101,6,247,197,204,60,9,92,51,6,135,49,141,41,152,104,77,121,136,133,224,56,175,90,87
Best fitness found so far: 0.6244826411050864; k: 2.0
Generation: 164; 0.6244826411050864; k: 2.0; 123,239,105,197,47,60,129,177,229,146,14,110,41,129,17,227,241,146,47,60,129,230,110,68,166,74,104,114,193,92,139,134,80,165,196,121,25,146,67,118
Best fitness found so far: 0.6244826411050864; k: 2.0
Generation: 165; 0.6244826411050864; k: 2.0; 196,239,105,197,41,60,129,177,27,221,36,190,197,22,165,173,166,74,104,213,157,98,78,54,60,129,177,225,206,36,110,121,34,17,101,241,146,47,60,119,177,27,146,36,70
Best fitness found so far: 0.6244826411050864; k: 2.0
Generation: 166; 0.6244826411050864; k: 2.0; 45,239,105,197,47,60,129,177,221,146,36,190,41,37,17,145,241,227,230,60,25,192,110,68,166,177,104,114,96,65,193,37,101,6,105,55,81,151,47,56,121,244,6,110,149,223,239,143,77,110,60,129,177,221,47,159,115,49,142,50,65,196,69,50,65,193,139,101,116,205,85,197,55,9,47,65,193,245,101,200,105,197,47,10,230,164,74,237,133,94,86,177,27,119,200,100,144,63,79,69,99,65,193,73,117,105,197,47,60,129,169,27,146,36,70
Best fitness found so far: 0.6244826411050864; k: 2.0
Generation: 167; 0.6244826411050864; k: 2.0; 123,239,105,197,47,60,129,177,237,146,36,60,129,177,27,134,36,70
Best fitness found so far: 0.6244826411050864; k: 2.0
Generation: 168; 0.6244826411050864; k: 2.0; 123,239,105,197,41,165,55,177,27,221,118,190,127,47,62,173,166,74,104,213,72,170,78,197,47,96,103,169,167,190,127,47,62,173,166,74,104,213,228,73,78,197,47,165,103,169,167,104,114,151,55,133,60,87,139,212,175,194,27,177,72,101,6,247,197,204,60,9,4,51,6,135,49,141,41,140,60,9,92,27,6,135,49,209,41,221,104,26,121,136,133,224,149,175,90,87
Best fitness found so far: 0.6244826411050864; k: 2.0
Generation: 169; 0.6244826411050864; k: 2.0; 196,239,105,197,151,60,129,177,27,221,36,190,56,47,165,105,9,157,60,230,110,246,243,6,231,89,205,85,47,55,169,91,47,10,129,94,26,146,36,70
Best fitness found so far: 0.6244826411050864; k: 2.0
Generation: 170; 0.6244826411050864; k: 2.0; 143,239,105,197,41,60,225,177,27,221,206,190,197,47,165,173,166,59,104,213,157,98,78,197,47,165,148,158,249,104,169,62,112,165,48,76,83,27,176,36,190,197,174,165,148,52,123,60,230,188,173,166,125,104,22,228,170,78,197,47,165,103,162,211,104,55,24,131,133,60,87,209,212,247,194,27,90,72,101,214,25,197,204,60,9,92,133,6,104,197,209,41,221,19,26,121,136,133,224,149,79,90,68
Best fitness found so far: 0.6244826411050864; k: 2.0
Generation: 171; 0.6244826411050864; k: 2.0; 196,239,105,197,41,60,129,177,27,221,36,190,127,47,165,173,134,74,104,213,157,98,99,197,47,73,103,239,249,104,179,27,146,6,190,63,134,220,148,166,74,150,114,48,105,197,41,60,129,177,27,221,36,190,127,47,165,173,134
Best fitness found so far: 0.6244826411050864; k: 2.0
Generation: 172; 0.6244826411050864; k: 2.0; 123,239,105,197,47,60,97,177,225,146,36,125,121,34,17,67,241,146,47,11,129,177,27,146,155,19,47,60,129,177,85,37,101,6,105,52,47,60,230,130,210,41,133,94,13,141,172,241,105,43,129,14,27,146,36,70
Best fitness found so far: 0.6244826411050864; k: 2.0
Generation: 173; 0.6244826411050864; k: 2.0; 123,37,105,197,41,165,143,177,27,221,36,190,127,240,62,173,166,74,104,213,157,170,243,157,47,165,103,247,167,104,104,114,46,98,111,238,184,37,56,6,105,167,104,101,237
Best fitness found so far: 0.6244826411050864; k: 2.0
Generation: 174; 0.6244826411050864; k: 2.0; 39,239,105,197,41,60,129,162,27,146,36,190,123,239,105,197,41,165,7,177,27,146,36,190,197,47,165,200,166,53,104,114,157,230,165,248,41,101,6,135,197,47,168,230,110,69,163,76,114,37,56,246,105,150,153,60,83,198,37,101,6,32,21,47,104,248,93,23,241,17,56,139,60,230,130,94,163,39,112,68,24,248,172,65,165,191,75,47,146,36,187
Best fitness found so far: 0.6244826411050864; k: 2.0
Generation: 175; 0.6244826411050864; k: 2.0; 196,239,105,197,41,60,129,177,27,221,36,230,127,47,207,177,27,176,36,190,197,174,165,148,146,22,190,197,139,73,148,166,53,104,31,145
Best fitness found so far: 0.6244826411050864; k: 2.0
Generation: 176; 0.6244826411050864; k: 2.0; 45,239,105,197,47,60,129,177,221,146,36,110,41,129,17,227,241,146,230,60,129,226,110,68,166,74,104,114,70,65,193,37,101,6,105,197,47,60,129,177,229,146,36,110,41,129,17,227,241,146,47,60,129,225,110,68,166,74,104,114,193,92,139,134,154,165,95,103,25,146,67,118
Best fitness found so far: 0.6244826411050864; k: 2.0
Generation: 177; 0.6244826411050864; k: 2.0; 123,239,105,197,41,165,55,177,27,221,14,190,127,49,62,164,166,74,104,213,157,170,78,197,119,96,47,60,129,177,27,146,36,70
Best fitness found so far: 0.6244826411050864; k: 2.0
Generation: 178; 0.6244826411050864; k: 2.0; 2,239,105,197,47,60,129,182,27,146,36,190,197,46,110,68,240,74,166,195,104,217,157,230,165,197,41,101,237
Best fitness found so far: 0.6244826411050864; k: 2.0
Generation: 179; 0.6244826411050864; k: 2.0; 123,239,105,197,41,60,129,177,27,146,36,195,197,47,165,148,166,53,194,114,157,98,165,197,41,69,60,129,177,27,146,36,70
Best fitness found so far: 0.6244826411050864; k: 2.0
Generation: 180; 0.6244826411050864; k: 2.0; 123,239,105,197,41,165,55,177,27,221,36,190,127,182,62,40,166,74,104,213,157,170,78,197,47,83,3,169,167,27,221,36,190,197,47,165,173,14,122,104,53,157,98,78,184,47,212,148,101,249,104,92,157,98,117,60,76,139,60,230,177,27,66,27,146,215,70
Best fitness found so far: 0.6244826411050864; k: 2.0
Generation: 181; 0.6244826411050864; k: 2.0; 196,239,105,197,41,60,129,177,27,221,36,190,197,47,165,173,12,74,104,213,157,98,78,94,47,165,239,239,249,80,21,157,98,203,60,76,139,60,126,177,27,177,27,239,105,197,178,60,129,177,27,146,107,110,226,166,135,49,209,41,140,104,26,121,136,133,57,56,175,90,87,239,249,80,21,157,98,203,60,76,139,60,126,177,27,177,27,239,105,197,178,60,129,177,27,146,107,110,226,166,135,49,209,41,140,104,26,121,136
Best fitness found so far: 0.6244826411050864; k: 2.0
Generation: 182; 0.6244826411050864; k: 2.0; 123,239,105,197,41,165,129,177,27,146,36,190,197,47,92,54,166,53,104,124,157,230,235,27,146,36,190,197,46,165,148,166,233,104,114,235,196,165,60,19,47,60,230,202,95,166,48,104,90,177,27,146,36,190,197,47,140,148,166,123
Best fitness found so far: 0.6244826411050864; k: 2.0
Generation: 183; 0.6244826411050864; k: 2.0; 123,239,105,197,41,60,129,177,27,146,36,190,197,47,165,148,166,136,22,165,95,121,25,146,67,65,193,37,97,47,135,197,47,70,129,179,217,174,36,70,239,46,197,106,60,129,192,27,169,28,190,197,47,214,148,166,53
Best fitness found so far: 0.6244826411050864; k: 2.0
Generation: 184; 0.6244826411050864; k: 2.0; 196,239,105,197,41,60,229,177,27,221,36,190,129,159,94,196,239
Best fitness found so far: 0.6244826411050864; k: 2.0
Generation: 185; 0.6244826411050864; k: 2.0; 123,239,105,197,47,60,129,177,229,146,36,110,41,129,17,37,101,6,214,55,157,151,47,202,121,87,6,110,121,223,133,143,77,110,157,98,165,60,87,139,60,230,194,27,177,72,101,6,247,197,47,60,145,185,246,167,221,36,190,197,143,165,173,10
Best fitness found so far: 0.6244826411050864; k: 2.0
Generation: 186; 0.6244826411050864; k: 2.0; 45,239,105,197,47,60,129,177,213,146,36,110,239,105,197,47,60,129,177,27,146,36,70
Best fitness found so far: 0.6244826411050864; k: 2.0
Generation: 187; 0.6244826411050864; k: 2.0; 123,239,105,197,47,60,129,177,27,146,36,190,197,47,165,89,166,55,104,114,157,98,165,60,147,47,27,221,36,190,175,47,165,173,124,20,148,133,219,157,241,247,94,250,108,105,9,157,60,126,110,65,41,6,94,116,205,85,208,10,15,249,6,110,158,110,133,143,227,110,173,94,69,197,17,60,129,94,27,80,76,157,98,78,54,60,129,177,27,176,36,91,197,174,165,148,166,53,60,230,177,94
Best fitness found so far: 0.6244826411050864; k: 2.0
Generation: 188; 0.6244826411050864; k: 2.0; 110,231,105,197,119,60,129,177,27,146,36,190,197,47,165,148,166,74,203,114,157,98,72,197,47,164,197,47,165,173,241
Best fitness found so far: 0.6244826411050864; k: 2.0
Generation: 189; 0.6244826411050864; k: 2.0; 196,239,105,197,41,115,129,177,27,146,36,190,197,47,165,200,166,53,104,114,157,230,165,197,179,101,27,105,197,47,168,230,224,69,125,151,114,37,177,64,35,146,74,60,151,107,110,68,166,138,158,36,193,92,139,106,103,165,95,121,25,146,67,65,193,37,83,54,87,128,157,60,230,110,246,243,6,122,89,205,85,47,55,169,91,47,139,129,94,27,146,36,70
Best fitness found so far: 0.6244826411050864; k: 2.0
Generation: 190; 0.6244826411050864; k: 2.0; 196,239,105,197,41,60,129,177,27,221,36,190,44,47,165,88,134,74,104,213,157,98,99,197,47,165,103,239,249,27,80,30,70,104,213,157,98
Best fitness found so far: 0.6244826411050864; k: 2.0
Generation: 191; 0.6244826411050864; k: 2.0; 123,37,105,197,41,165,143,177,27,221,36,190,127,47,62,173,166,74,104,213,139,170,243,157,130,165,103,247,167,104,172,177,157,99,240,238,184,37,56,6,144,167,111,147,157,187
Best fitness found so far: 0.6244826411050864; k: 2.0
Generation: 192; 0.6244826411050864; k: 2.0; 42,239,105,197,41,60,139,177,27,221,36,190,180,47,165,154,166,74,104,213,157,98,78,197,121,165,148,239,7,104,114,157,98,165,60,59,56,60,230,242,172,87,87
Best fitness found so far: 0.6244826411050864; k: 2.0
Generation: 193; 0.6244826411050864; k: 2.0; 123,239,105,203,41,60,129,177,27,146,184,190,197,177,155,148,166,53,104,114,157,98,165,238,193,37,56,6,105,197,104,114,157,92,150,9,10,215,32,197,17,60,129,94,27,80,36,70
Best fitness found so far: 0.6244826411050864; k: 2.0
Generation: 194; 0.6244826411050864; k: 2.0; 123,239,105,197,19,60,181,177,27,146,36,190,197,47,165,148,130,74,104,114,157,11,165,197,47,165,139,134,80,11,8,121,25,146,67,65,193,37,97,219,105,197,47,60,129,179,27,174,36,70,208,46,129,82,60,129,177,27,113,28,190,197,47,214,148,166,53
Best fitness found so far: 0.6244826411050864; k: 2.0
Generation: 195; 0.6244826411050864; k: 2.0; 45,239,105,197,47,60,129,177,221,146,36,110,41,129,17,227,241,146,230,60,129,230,110,68,166,74,104,114,70,65,193,37,101,6,105,55,23,151,47,56,121,244,80,36,70
Best fitness found so far: 0.6244826411050864; k: 2.0
Generation: 196; 0.6244826411050864; k: 2.0; 2,239,105,197,47,60,129,182,27,36,36,190,237,46,110,68,240,74,27,166,170,190,197,162,165,148,166,211,104,114,157,98,165,60,19,47,46,230,110,95,166,74,104,114,83,126,139,48
Best fitness found so far: 0.6244826411050864; k: 2.0
Generation: 197; 0.6244826411050864; k: 2.0; 123,239,105,197,47,60,129,177,47,146,36,125,121,128,17,101,241,146,47,60,129,177,27,146,155,19,47,60,129,177,85,37,101,6,105,52,47,199,230,130,210,41,133,94,27,146,36,190,197,177,165,148,166,53,114,157,98,133,60,87,139,212,175,32,60,177,196,101,6,14,197,47,60,9,92,51,6,135,110,141,41,140,104,70,121,136,133,224,203,175,209,87
Best fitness found so far: 0.6244826411050864; k: 2.0
Generation: 198; 0.6244826411050864; k: 2.0; 110,239,105,197,41,60,129,177,27,146,36,190,197,47,165,148,166,74,203,114,157,98,204,197,47,165,148,104,213,157,98,78,197,154,206,148,168,249,104,21,157,221,41,60,129,177,27,221,36,190,197,47,165,173,70
Best fitness found so far: 0.6244826411050864; k: 2.0
Generation: 199; 0.6244826411050864; k: 2.0; 196,239,105,197,41,60,129,177,27,221,36,190,140,47,165,173,124,20,148,72,74,157,241,224,240,250,108,129,177,167,221,36,190,197,143,165,150,10
Best fitness found so far: 0.6244826411050864; k: 2.0
Total time of execution of seed 5 : 25863440
Solution Fitness: -0.6244826411050864
Variables: uniform 4 chebyshev join moveAverage split join
