Generation: 0; 0.011510653773514233; k: 2.0; 131,44,41,247,207,48,139,232,215,74,100,92,209,146
Best fitness found so far: 0.011510653773514233; k: 2.0
Generation: 1; 0.4543858585113109; k: 2.5; 219,90,198,115,23,211,45,230,123,14,144,58,106,2
Best fitness found so far: 0.4543858585113109; k: 2.5
Generation: 2; 0.4579126884001029; k: 3.0; 116,2,24,101,159,240,101,18,113,210,99,245,125
Best fitness found so far: 0.4579126884001029; k: 3.0
Generation: 3; 0.5385033596402432; k: 2.0; 219,90,198,115,211,211,45,37,171,134
Best fitness found so far: 0.5385033596402432; k: 2.0
Generation: 4; 0.5091959864873651; k: 2.0; 70,90,198,115,23,211,45,230,123,139
Best fitness found so far: 0.5385033596402432; k: 2.0
Generation: 5; 0.4543858585113109; k: 2.5; 219,32,198,115,23,211,45,230,123,14,144,58,106,231,75,8,110,96,9,77
Best fitness found so far: 0.5385033596402432; k: 2.0
Generation: 6; 0.5859781458361203; k: 2.0; 211,45,230,123,139
Best fitness found so far: 0.5859781458361203; k: 2.0
Generation: 7; 0.5193143273424776; k: 2.1; 122,90,198,115,23,211,45,249,85,178,11,87,148,175,8
Best fitness found so far: 0.5859781458361203; k: 2.0
Generation: 8; 0.5772579786029028; k: 2.0; 116,123,14,65,73,155,205
Best fitness found so far: 0.5859781458361203; k: 2.0
Generation: 9; 0.5859781458361203; k: 2.0; 211,45,230,123,139
Best fitness found so far: 0.5859781458361203; k: 2.0
Generation: 10; 0.5622318159137317; k: 2.0; 56,2,24,249,159,61,101,115,23,211,45,230,196,22,144,58,106,231,75,8,61,87,77
Best fitness found so far: 0.5859781458361203; k: 2.0
Generation: 11; 0.5647432109235698; k: 2.0; 122,90,198,174,23,211,45,230,45,243,112,14,138,211
Best fitness found so far: 0.5859781458361203; k: 2.0
Generation: 12; 0.5647432109235698; k: 2.0; 122,90,198,174,23,211,45,230,45,243,112,14,219,170,39,78,23,243,112,183,8
Best fitness found so far: 0.5859781458361203; k: 2.0
Generation: 13; 0.5494511847748635; k: 2.0; 163,90,198,174,23,211,45,230,45,14,122,90,17,2,24,249,159,61,139
Best fitness found so far: 0.5859781458361203; k: 2.0
Generation: 14; 0.5647432109235698; k: 2.0; 122,90,198,174,53,211,45,230,45,243,112,14,219,170,39,211,45,230,123,14,214,170,39,232,23,243,112,99,28,211
Best fitness found so far: 0.5859781458361203; k: 2.0
Generation: 15; 0.5647432109235698; k: 2.0; 122,90,198,174,53,211,181,230,45,243,112,14,219,170,39,211,170,230,123,24,211,211,244,20,123,213,155,142
Best fitness found so far: 0.5859781458361203; k: 2.0
Generation: 16; 0.5647432109235698; k: 2.0; 122,90,198,174,23,211,15,230,45,243,112,14,219,142,39,65,23,243,112,183,198,45,230,123,139
Best fitness found so far: 0.5859781458361203; k: 2.0
Generation: 17; 0.5772579786029028; k: 2.0; 116,123,14,65,73,155,205
Best fitness found so far: 0.5859781458361203; k: 2.0
Generation: 18; 0.5859781458361203; k: 2.0; 219,5,175,174,23,211,45,75,123,14,211,45,230,123,139
Best fitness found so far: 0.5859781458361203; k: 2.0
Generation: 19; 0.5716818070681756; k: 2.0; 122,90,236,174,53,211,181,230,45,243,59,14,219,170,39,211,170,230,140,24,240,211,244,203,230,196,22,196,22,112,19,8
Best fitness found so far: 0.5859781458361203; k: 2.0
Generation: 20; 0.5859781458361203; k: 2.0; 219,5,175,174,23,211,45,75,123,14,211,45,230,123,139
Best fitness found so far: 0.5859781458361203; k: 2.0
Generation: 21; 0.5716818070681756; k: 2.0; 234,90,236,174,53,211,181,230,45,243,59,14,219,170,39,211,170,230,90,198,174,23,211,45,244,123,14,122,90,198,45,230,191,139
Best fitness found so far: 0.5859781458361203; k: 2.0
Generation: 22; 0.6127767189012359; k: 2.0; 219,5,175,174,23,211,45,75,123,14,230,123,139
Best fitness found so far: 0.6127767189012359; k: 2.0
Generation: 23; 0.5713529427371123; k: 2.0; 122,90,171,174,23,211,45,230,45,243,112,14,219,48,39,78,159,61,101,132,20,171,161,230,196,22,111,112,183,188,61,101,158,23,166,45,230,249,159,61,101,115,157,75,151,48,223,127,112,14,219,48,39,78,159,61,101,132,20,171,161,230,196,22,111,112,183,188,61,101,158,23,166,45
Best fitness found so far: 0.6127767189012359; k: 2.0
Generation: 24; 0.5804780519156651; k: 2.0; 219,128,198,115,23,211,45,100,225,58,43,1,149,147
Best fitness found so far: 0.6127767189012359; k: 2.0
Generation: 25; 0.5749736951592282; k: 2.0; 122,90,198,174,207,211,15,230,203,230,196,22,196,181,112,19,8
Best fitness found so far: 0.6127767189012359; k: 2.0
Generation: 26; 0.5859781458361203; k: 2.0; 219,5,175,174,23,211,45,75,123,14,211,45,230,123,112,158,8
Best fitness found so far: 0.6127767189012359; k: 2.0
Generation: 27; 0.5950143077434336; k: 2.0; 219,5,175,174,23,211,45,75,123,14,211,230,139,188,71,182,23,211,184,230,23,243,106,19,192
Best fitness found so far: 0.6127767189012359; k: 2.0
Generation: 28; 0.5859781458361203; k: 2.0; 219,5,200,174,23,211,45,75,123,14,24,45,230,123,139
Best fitness found so far: 0.6127767189012359; k: 2.0
Generation: 29; 0.5859781458361203; k: 2.0; 219,5,200,174,23,211,45,75,123,14,24,45,230,123,90,176,174,23,211,45,220,135,243,112,219,219,170,127,110,23,230,139,88,71,182,23,211,95,230,23,216,112,19,192
Best fitness found so far: 0.6127767189012359; k: 2.0
Generation: 30; 0.5859781458361203; k: 2.0; 68,5,200,174,23,211,45,75,123,14,24,45,42,112,14,219,89,103,8,108,61,101,132,39,147
Best fitness found so far: 0.6127767189012359; k: 2.0
Generation: 31; 0.5950143077434336; k: 2.0; 219,5,175,174,23,211,45,75,123,14,211,230,139,188,71,182,23,211,184,230,23,243,106,23,211,45,75,123,14,211,45,230,123,139
Best fitness found so far: 0.6127767189012359; k: 2.0
Generation: 32; 0.5859781458361203; k: 2.0; 219,5,200,174,23,211,159,75,123,14,24,45,211,170,230,140,24,240,211,44,45,174,112,14,71,148,23,211,184,230,23,243,106,19,192
Best fitness found so far: 0.6127767189012359; k: 2.0
Generation: 33; 0.5950143077434336; k: 2.0; 219,5,175,174,23,211,45,75,123,14,211,230,139,188,71,182,23,211,184,230,23,243,106,23,211,100,9,89,212,8,108,61,101,225,39,147,188,71,182,23,211,184,230,23,243,106,23,211,100,9,89,212
Best fitness found so far: 0.6127767189012359; k: 2.0
Generation: 34; 0.6127767189012359; k: 2.0; 219,5,200,174,23,211,11,115,123,14,230,23,243,106,19,192
Best fitness found so far: 0.6127767189012359; k: 2.0
Generation: 35; 0.6127767189012359; k: 2.0; 219,5,200,174,23,211,11,115,123,14,230,208,14,219,27,45,230,45,58,18,211,45,230,204,132,109,169,135,230,45,37,129,14,106,89,111,249,36,46,25
Best fitness found so far: 0.6127767189012359; k: 2.0
Generation: 36; 0.6127767189012359; k: 2.0; 219,5,200,174,23,211,45,75,123,14,24,108,39,123,90,176,174,138,123,45,225,135,243,112,47,136,170,127,110,13,61,17,48,240,241,192,18,211,45,146,17,224,144,144,84,230,223,243,112,14,48,89,111,230,196,60,144,188,158,231,166,159,90,228,73,51,250,26,211,186,14,45,243,112,14,174,179,39,219,90,198,115,23,211,45,230,225,21,43,1,149,147
Best fitness found so far: 0.6127767189012359; k: 2.0
Generation: 37; 0.6127767189012359; k: 2.0; 219,5,200,69,23,211,45,75,123,14,24,108,39,123,90,176,174,138,123,45,225,135,243,112,205,136,221,127,110,13,61,17,48,240,241,192,18,8,37,88,117,14,219,170,45,230,45,94,162,211,12,218,204,224,109,38,17,230,45,243,112,14,48,89,111,109,196,22,144,162,158,50,75,145,54
Best fitness found so far: 0.6127767189012359; k: 2.0
Generation: 38; 0.6203342930274681; k: 2.0; 219,5,175,174,23,211,45,75,123,14,75,123,14,48,5,66,53,211,181,47,45,220,59,14,219,170,39,211,170,230,90,198,174,23,43,53
Best fitness found so far: 0.6203342930274681; k: 2.0
Generation: 39; 0.6203342930274681; k: 2.0; 219,5,175,174,23,211,45,75,123,14,75,123,14,48,5,66,53,211,181,47,45,220,59,14,219,170,39,211,170,230,90,198,174,23,43,132
Best fitness found so far: 0.6203342930274681; k: 2.0
Generation: 40; 0.6127767189012359; k: 2.0; 103,5,200,174,23,211,11,115,123,14,230,208,244,105,27,45,230,156,58,18,211,45,230,204,248,109,169,135,230,45,66,129,45,174,112,14,71,148,23,211,184,230,23,206,106,19,192
Best fitness found so far: 0.6203342930274681; k: 2.0
Generation: 41; 0.6203342930274681; k: 2.0; 219,5,175,174,1,86,45,245,123,14,75,123,174,38,211,45,9,87,243,194,131,219,21,135,211,156,230,114,207,180,43,114,3,5,152,37,73,155,205,211,45,9,87
Best fitness found so far: 0.6203342930274681; k: 2.0
Generation: 42; 0.6203342930274681; k: 2.0; 219,5,200,174,23,211,11,115,123,14,111,208,14,168,27,191,230,211,23,179,45,75,123,14,24,108,39,123,90,176,107,208,244,215,27,100,230,45,58,160,211,130,201,204,32,109,169,135,102,45,45,75,18,14,24,108,101,244,90,176,174,23,11,45,242,135,243,112,47,123,14,75,123,14,48,75,86,39,211,230,128,188,30,43,162,149,104
Best fitness found so far: 0.6203342930274681; k: 2.0
Generation: 43; 0.6203342930274681; k: 2.0; 219,5,175,174,23,211,131,75,123,14,75,123,14,48,5,66,53,211,181,47,45,220,59,14,231,58,49,237,45,92,175,174,132,30,45,75,29,14,211,183,106,188,71,21,213,211,42,230,23,243,106,23,62,100,9,24,211,211,124,240,230,47,22,144,23,158,231,75,8,37,18,77
Best fitness found so far: 0.6203342930274681; k: 2.0
Generation: 44; 0.6203342930274681; k: 2.0; 219,5,175,174,177,86,45,245,221,14,75,123,174,38,211,45,9,126,243,194,5,200,194,23,211,45,75,123,229,234,26,39,123,90,176,28,23,211,45,225,135,238,112,47,38,245,45,230,45,58,250,211,173,238,204,248,109,169,135,189,159,90,125,73,21,208,154,211,186,14,45,73,107,107,69,179,54,8,13,45,115,232,211,45,230,225,21,82,1,149,147
Best fitness found so far: 0.6203342930274681; k: 2.0
Generation: 45; 0.6203342930274681; k: 2.0; 219,5,175,174,23,211,45,75,123,14,75,123,14,48,5,34,53,211,181,47,12,220,59,43,219,170,39,9,170,75,247,196,230,45,160,49,211,150,192
Best fitness found so far: 0.6203342930274681; k: 2.0
Generation: 46; 0.6203342930274681; k: 2.0; 219,5,175,174,23,211,45,75,123,14,169,123,14,48,40,186,14,204,230,52,188,58,188,225,50,75,145,54
Best fitness found so far: 0.6203342930274681; k: 2.0
Generation: 47; 0.6203342930274681; k: 2.0; 219,5,175,174,23,211,45,75,123,14,75,123,74,48,103,5,200,174,23,211,11,115,123,14,230,208,244,105,27,45,230,45,58,155,211,45,230,204,248,109,169,135,186,45,147,129,192
Best fitness found so far: 0.6203342930274681; k: 2.0
Generation: 48; 0.6203342930274681; k: 2.0; 109,5,175,174,219,211,205,75,123,14,75,123,14,48,243,238,53,211,181,17,230,128,243,66,14,11,89,111,230,196,60,157,188,63,24,108,39,123,90,176,174,138,123,195,225,135,68,112,47,136,170,127,110,43,61,17,48,240,241,192,18,211,45,146,17,224,144,144,84,230,223,243,112,14,48,89,111,230,196,225,144,172,39,231,166,159,90,228,123,51,250,26,140,186,14,45,243,5,14,174,179,39,219,90,198,115,23,211,45,230,225,21,43,1,149,34
Best fitness found so far: 0.6203342930274681; k: 2.0
Generation: 49; 0.6203342930274681; k: 2.0; 219,5,175,174,23,211,45,75,123,14,75,123,14,48,5,192,53,241,181,47,12,220,59,43,136,170,39,230,170,75,23,211,11,115,123,14,230,208,14,219,126,45,230,45,19,5,211,45,42,204,132,50,169,8,230,45,37,129,14,106,89,111,30,36,151,174,170,39,55,189,230,31,74,214,45,136,75,138,14,48,5,34,53,211,112,47,12,220,59,16,219,170
Best fitness found so far: 0.6203342930274681; k: 2.0
Generation: 50; 0.6203342930274681; k: 2.0; 219,5,175,174,23,211,135,75,123,14,75,123,74,48,103,5,200,44,23,211,11,115,83,14,230,208,244,105,27,45,230,45,58,155,211,45,230,139,224,149,169,135,210,169,149,50,52,175,174,23,211,168,6,27,101,225,221,23,43,53
Best fitness found so far: 0.6203342930274681; k: 2.0
Generation: 51; 0.6203342930274681; k: 2.0; 219,5,175,174,177,86,45,245,221,14,75,123,174,38,151,45,9,87,243,194,131,219,150,135,211,156,230,114,207,96,117,18,18,37,88,117,24,82,170,45,230,45,94,162,211,12,218,204,53,109,38,17,54,8,123,45,115,232,211,45,230,225,21,58,1,149,50
Best fitness found so far: 0.6203342930274681; k: 2.0
Generation: 52; 0.6203342930274681; k: 2.0; 215,5,200,174,47,211,11,115,123,14,211,208,14,168,27,191,230,211,23,179,45,75,104,14,24,108,123,14,24,108,39,123,185,176,107,99,69,215,27,100,230,45,58,160,211,243,217,204,32,109,169,135,102,45,45,75,18,14,24,231,101,244,90,176,174,23,11,95,242,135,243,112,47,123,14,75,170,154,48,189,2,39,211,230,128,188,30,13,162,23,101,100,9,24,211,211,124,240,63,133,105,97,23,158,206,102,114,37,18,77
Best fitness found so far: 0.6203342930274681; k: 2.0
Generation: 53; 0.6203342930274681; k: 2.0; 195,5,40,174,23,211,45,75,123,14,21,123,14,48,205,66,53,211,174,203,230,128,243,34,14,11,89,111,230,146,17,124,144,144,177,96,112,25,136,170,60,161,15,61,17,24,240,224,204,18,211,45,146,38,243,112,11,104,122,85,221,196,22,144,188,184,50,75,145,54,123,184,38,109,99,97,126,116,18,211,45,146,17,124,144,144,177,96,112,25,136,170,60,161,15,61,17,24,240,241,204,18,211,45,146,150,243,137,11,104,169,85
Best fitness found so far: 0.6203342930274681; k: 2.0
Generation: 54; 0.6203342930274681; k: 2.0; 219,5,175,174,23,211,111,75,123,14,75,123,14,48,5,66,62,211,181,47,45,48,5,90,53,211,21,135,211,156,230,114,207,180,43,114,3,5,152,37,73,155,205,211,45,9,87
Best fitness found so far: 0.6203342930274681; k: 2.0
Generation: 55; 0.6203342930274681; k: 2.0; 219,5,175,174,23,211,203,75,123,14,165,123,14,123,134,92,236,129,213,23,194,107,1,19,64,86,39,211,230,158,188,30,174,162,147,158,100,9,24,211,211,231,240,230,133,159,91,35,158,206,104,8,37,18,77
Best fitness found so far: 0.6203342930274681; k: 2.0
Generation: 56; 0.6203342930274681; k: 2.0; 219,5,175,174,23,211,45,75,123,14,75,123,14,48,5,66,53,211,120,47,45,220,46,14,219,170,71,211,170,230,90,48,5,66,53,211,45,47,45,220,59,54,219,170,107,211,170,190,90,6,174,23,43,53
Best fitness found so far: 0.6203342930274681; k: 2.0
Generation: 57; 0.6203342930274681; k: 2.0; 219,5,175,174,133,86,131,200,123,14,9,58,174,38,211,27,191,65,87,23,179,45,75,109,1,118,108,39,123,90,176,107,99,228,215,27,208,29,45,58,51,179,130,181,204,32,9,174,47,211,11,115,123,14,111,208,14,168,27,191,230,82,54,4
Best fitness found so far: 0.6203342930274681; k: 2.0
Generation: 58; 0.6203342930274681; k: 2.0; 75,5,175,174,23,151,45,75,109,14,169,123,74,48,40,186,14,204,174,23,211,45,225,135,243,161,47,136,170,127,110,247,61,17,177,240,79,192,145,211,45,146,17,153,144,144,17,230,112,25,136,170,60,161,15,61,17,212,240,241,192,18,211,45,146,150,157,188,185,93,166,105,90,166,77,172,149,170,211,222,230,181,243,112,14,249,179,39,9,93,230
Best fitness found so far: 0.6203342930274681; k: 2.0
Generation: 59; 0.6203342930274681; k: 2.0; 219,5,175,174,23,211,45,75,123,14,75,248,14,48,5,192,204,241,181,117,12,220,59,43,136,170,39,155,170,55,23,211,11,115,123,14,230,208,14,219,126,45,230,45,19,5,211,45,42,204,132,50,169,8,230,45,37,129,14,106,89,111,30,36,151,174,170,39,55,108,230,31,23,211,45,51,33,169,75,123,228,161,140,66,53,211,181,47,23,26,100,19,126
Best fitness found so far: 0.6203342930274681; k: 2.0
Generation: 60; 0.6203342930274681; k: 2.0; 219,5,175,174,177,86,41,245,221,14,75,123,174,38,211,141,9,163,243,194,5,200,194,23,118,45,75,123,229,234,26,39,123,90,205,28,152,211,45,235,135,238,90,47,38,245,202,230,45,221,250,211,173,238,204,248,109,169,135,189,139,90,125,73,21,208,154,211,186,14,45,73,107,107,69,179,54,8,13,45,115,230,159,188,58,10,225,50,75,145,149
Best fitness found so far: 0.6203342930274681; k: 2.0
Generation: 61; 0.6203342930274681; k: 2.0; 44,5,175,174,23,211,131,75,123,14,75,123,14,48,5,66,62,211,181,47,45,220,59,14,69,58,49,237,45,92,175,238,249,30,166,75,29,121,41,228,140,45,187,59,181,219,170,39,211,170,230,27,196,194,45,177,49,211,45,92,175,163,23,211,45,75,123,14,211,183,106,35,71,17,90,211,184,23,23,26,106,23,153,100,19,165
Best fitness found so far: 0.6203342930274681; k: 2.0
Generation: 62; 0.6203342930274681; k: 2.0; 3,5,175,174,23,101,193,75,123,14,75,123,40,48,5,66,53,211,88,47,45,220,59,14,152,170,39,211,59,14,163,142,39,123,90,250,247,138,123,45,35,151,247,20,97,211,45,230,59,14,219,55,39,211,75,230,90,161,174,23,43,198,174,23,43,53
Best fitness found so far: 0.6203342930274681; k: 2.0
Generation: 63; 0.6203342930274681; k: 2.0; 219,5,175,174,23,211,45,75,123,14,75,123,74,48,103,5,200,174,23,211,11,115,123,14,230,208,244,105,27,45,230,45,135,155,211,45,210,204,248,24,108,39,123,90,176,107,208,86,53,27,100,230,45,58,160,211,130,201,204,32,109,169,135,102,45,45,75,94,11,24,108,101,244,90,176,174,73,11,45,242,239,243,112,47,123,14,75,123,14,48,75,86,39,73,230,128,174,5,69,14,65,166,143,49
Best fitness found so far: 0.6203342930274681; k: 2.0
Generation: 64; 0.6203342930274681; k: 2.0; 219,207,175,174,177,86,45,245,221,14,75,123,142,38,211,45,9,168,16,219,170,39,9,170,184,247,196,230,45,160,49,211,150,192,23,211,45,75,84,14,152,138,14,48,5,34,53,108,181,43,12,220,59,180,219,170
Best fitness found so far: 0.6203342930274681; k: 2.0
Generation: 65; 0.6203342930274681; k: 2.0; 219,5,175,174,1,131,45,245,123,14,75,123,174,38,211,45,9,87,243,194,225,219,21,135,211,156,230,114,207,180,11,206,167,236,111,208,234,168,27,191,230,82,54,4
Best fitness found so far: 0.6203342930274681; k: 2.0
Generation: 66; 0.6203342930274681; k: 2.0; 219,233,175,174,243,211,131,75,123,14,75,123,114,123,5,227,53,211,217,47,45,132,59,14,231,58,49,237,53,211,106,162,58,180,119,14,236,170,39,211,59,138,163,108,39,123,90,176,247,138,123,45,35,73,247,20,97,211,45,230,45,18,54,16
Best fitness found so far: 0.6203342930274681; k: 2.0
Generation: 67; 0.6203342930274681; k: 2.0; 215,5,200,174,47,211,11,115,123,14,111,208,14,168,79,191,230,211,128,179,45,75,123,14,24,108,39,123,31,29,11,108,228,215,27,100,230,45,58,169,57,9,201,241,32,109,169,135,102,45,45,75,18,192,24,231,101,244,90,225,174,23,11,45,242,135,243,112,47,123,14,75,170,14,48,43,211,45,45,43,99,128,188,58,43,1,149,240,5,175,174,22,211,45,153,123,14,135,123,14,48,177,186,14,211,90,128,127,58,18,1,40,147
Best fitness found so far: 0.6203342930274681; k: 2.0
Generation: 68; 0.6203342930274681; k: 2.0; 108,5,175,174,17,211,45,75,123,14,75,123,14,48,208,14,196,27,45,111,45,58,49,211,22,26,147,174,196,45,200,123,14,75,123,174,38,211,209,9,87,243,136,211,211,184,215,23,243,106,19,206
Best fitness found so far: 0.6203342930274681; k: 2.0
Generation: 69; 0.6203342930274681; k: 2.0; 219,5,175,174,177,86,45,245,221,14,75,123,174,38,211,45,9,126,243,194,5,200,194,23,211,45,207,203,229,234,39,123,90,176,82,196,244,215,27,100,230,45,240,160,211,130,246,204,187,109,78,135,102,45,45,75,18,14,24,108,101,51,144,92,147,200,23,29,115,27,3,185,37,244,122,27,33,230,211,198,18,154,45,175,204,220,109,169,135,102,45,75,75,126,84,24,108,39,123,90,176,174,23,211,169,225,87,134,134,155,36,96,198,31,1,116,122,213,23,230,123,188,70,1,208,224,77,90,23,36,195,198,21,4,5,186,92,103,177,152,101,58,115,215,45,230,204,47,109,115,17,123,174,38,164,41,118,172,181,194,131,219,21,135,103,156,230,114,207,180,43,114,41,5,115,62,14,230,28,244,33,27,100,127,45,58,99,211,45,230,204,248,73,169,135,241,45,45,75,18,14,228,108,39,123,97,162,174,6,211,180,92,135,243,112,2,136,71,72,99,211,184,120,23,26,106,23,55,145,28,25
Best fitness found so far: 0.6203342930274681; k: 2.0
Generation: 70; 0.6203342930274681; k: 2.0; 219,5,175,174,133,86,45,200,123,14,75,123,174,38,211,209,121,87,243,39,211,211,207,215,23,243,106,19,192
Best fitness found so far: 0.6203342930274681; k: 2.0
Generation: 71; 0.6203342930274681; k: 2.0; 108,237,175,174,17,211,45,75,123,14,75,123,14,188,208,14,196,27,45,230,45,58,96,13,12,92,147,174,23,29,115,27,14,237,208,244,213,27,33,230,45,58,249,44,45,116,204,220,109,169,135,102,45,45,75,18,84,24,108,39,123,90,176,174,23,211,45,225,75,123,229,234,26,39,43,90,176,28,23,211,45,225,135,238,112,47,38,245,45,230,45,58,250,211,173,238,204,248,109,169,135,189,29,90,125,73,21,208,154,211,186,14,45,73,107,107,69,179,16,8,250,45,115,232,211,45,230,225,101,82,1,149,147
Best fitness found so far: 0.6203342930274681; k: 2.0
Generation: 72; 0.6203342930274681; k: 2.0; 219,5,175,213,1,86,45,245,123,14,75,123,174,38,211,45,9,87,213,194,131,36,179,21,135,91,156,230,72,207,180,43,114,14,5,115,211,14,230,208,244,105,27,100,230,45,58,243,112,47,136,170,127,39,247,61,17,177,240,79,192,145,211,45,146,17,124,144,144,17,90,89,25,136,170,60,161,15,184,17,212,240,241,192,18,211,45,146,150,182,112,72,104,96,85,239,196,22,144,188,72,50,151,174,240,234,191,108,153,31,187,214,208,76,123,90
Best fitness found so far: 0.6203342930274681; k: 2.0
Generation: 73; 0.6277641150309917; k: 2.0; 219,5,175,170,39,211,59,14,163,108,39,123,205,176,247,138,229,45,35,73,247,20,97,211,28,230,45,18,54,16
Best fitness found so far: 0.6277641150309917; k: 2.0
Generation: 74; 0.6203342930274681; k: 2.0; 245,5,175,174,23,211,45,75,123,14,75,138,14,48,5,146,53,17,188,143,23,211,223,230,23,243,227,19,192
Best fitness found so far: 0.6277641150309917; k: 2.0
Generation: 75; 0.6203342930274681; k: 2.0; 219,5,175,42,177,86,45,245,221,14,75,123,174,38,211,45,140,87,243,68,123,219,21,135,71,156,231,114,207,94,8,108,61,230,23,243,229,23,157,100,107,45,92,175,85,23,211,45,75,123,100,211,230,106,35,220,17,20,211,184,224,23,26,111,47,220,100,108,192
Best fitness found so far: 0.6277641150309917; k: 2.0
Generation: 76; 0.6203342930274681; k: 2.0; 219,5,175,174,177,11,45,245,221,4,75,123,174,38,97,45,9,126,243,194,5,200,194,133,168,131,219,21,135,211,156,230,114,207,180,123,207,38,86,183,9,90,243,221,123,219,21,135,211,156,230,114,207,241,8,108,61,101,16,39,230,185,201,182,23,211,184,230,23,147,106,23,246,100,9,89,212
Best fitness found so far: 0.6277641150309917; k: 2.0
Generation: 77; 0.6203342930274681; k: 2.0; 180,87,175,42,177,91,45,245,221,14,75,123,174,118,211,45,9,87,243,68,123,219,21,135,211,156,230,174,207,94,8,108,61,108,75,123,14,75,123,14,48,5,34,219,170,224,9,170,75,247,196,230,45,243,175,211,150,192
Best fitness found so far: 0.6277641150309917; k: 2.0
Generation: 78; 0.6203342930274681; k: 2.0; 219,5,175,174,23,211,45,75,123,14,169,123,14,48,40,186,14,45,177,49,101,45,25,99,128,188,58,43,1,143,240,5,175,174,22,211,45,153,123,14,2,123,14,48,75,186,14,211,175,128,127,113,18,1,127,147
Best fitness found so far: 0.6277641150309917; k: 2.0
Generation: 79; 0.6203342930274681; k: 2.0; 219,233,175,174,243,211,131,75,123,14,75,123,114,123,5,216,53,211,181,47,45,220,59,14,231,58,49,237,132,92,175,101,45,93,218,128,188,58,43,248,149,21,5,175,237,23,211,45,75,123,14,135,123,14,48,228,186,14,211,175,128,58,43,1,149,147,78,217,174,23,211,45,75,123,14,65,188,182,23,211,95,230,23,243,238,19,192
Best fitness found so far: 0.6277641150309917; k: 2.0
Generation: 80; 0.6203342930274681; k: 2.0; 108,5,175,174,17,211,45,75,123,14,75,123,14,48,208,14,196,27,45,230,45,58,49,211,177,92,147,175,23,91,195,23,243,106,123,14,75,221,14,11,89,111,20,83,60,157,188,25,93,166,51,90,228,77,172,149,170,211,186,230,244,243,127,14,249,179,39,4,93,230
Best fitness found so far: 0.6277641150309917; k: 2.0
Generation: 81; 0.6203342930274681; k: 2.0; 219,5,175,174,23,211,139,75,123,14,75,123,14,123,5,135,53,211,181,47,45,220,59,14,231,57,49,237,132,92,175,174,132,179,45,75,29,14,211,183,106,188,71,21,213,211,42,230,23,243,106,243,106,23,5,100,1,208,212,211,45,75,225,14,75,226,14
Best fitness found so far: 0.6277641150309917; k: 2.0
Generation: 82; 0.6203342930274681; k: 2.0; 219,5,175,174,191,86,45,245,123,14,75,123,174,38,211,45,79,87,243,194,131,219,21,135,198,156,230,14,75,123,15
Best fitness found so far: 0.6277641150309917; k: 2.0
Generation: 83; 0.6203342930274681; k: 2.0; 245,5,175,174,23,211,45,75,123,14,75,138,14,48,5,47,53,211,181,174,23,211,45,75,123,14,75,123,74,48,103,5,200,174,23,211,11,115,123,14,230,208,244,56,27,45,230,45,124,155,211,45,90,204,248,109,169,135,186,45,147,129,118
Best fitness found so far: 0.6277641150309917; k: 2.0
Generation: 84; 0.6203342930274681; k: 2.0; 219,5,175,174,177,86,183,245,221,14,75,123,174,38,109,99,97,126,116,18,211,45,146,17,124,144,144,177,96,112,25,136,170,60,161,15,61,17,24,240,241,204,18,211,45,146,150,243,112,11,104,169,85,230,196,22,144,188,225,50,59,145,54,123,174,38,109,99,97,126,116,18,211,45,146,17,124,144,144,177,96,112,25,136,170,60,161,15,61,17,24,240,241,204,18,211,112,146,219,5,175,174,23,211,45,75,123,188,75,123,14,48,5,66,53,211,181,47,45,220,59,43,219,170,39,211,170,230,27,7,230,45,177,49,211,96,92,175,163,23,211,45,75,123,14,216,230,106,35,71,17,20,211,184,204,248,109,16,135,230,45,147,129,192
Best fitness found so far: 0.6277641150309917; k: 2.0
Generation: 85; 0.6203342930274681; k: 2.0; 245,5,175,174,23,211,45,75,123,14,75,138,14,48,5,47,116,211,181,47,12,220,59,16,219,90,39,9,48,240,241,192,18,211,45,146,187,243,112,14,235,151,85,68,17,205,240,241,192,18,211,45,116,29,224,144,211,17,230,223,82,112,208,48,91,235,30,196,60,169,170,42,46,166,51,170,117,250,242,186,211,244,133,230,215,170,144,190,158,175,90,233,155,45,108,202,148,14,80,61,115,74,240,168,58,50,211,45,230,204,42,18,30,17,115,123,14,75,123,14,48,5,66,53,211,181,47,45,220,46,216,219,170,39,211,170,230,90,48,5,66,53,211,45,47,45,220,59,14,219,170,39,237,170,190,90,198,174,23,43,179
Best fitness found so far: 0.6277641150309917; k: 2.0
Generation: 86; 0.6203342930274681; k: 2.0; 219,5,175,174,23,101,193,75,123,14,75,123,40,48,1,66,53,211,181,47,45,220,59,14,236,170,39,211,219,14,163,142,39,123,90,176,247,138,123,45,116,151,247,20,168,45,9,56,211,45,75,123,14,234,123,139
Best fitness found so far: 0.6277641150309917; k: 2.0
Generation: 87; 0.6203342930274681; k: 2.0; 170,5,175,174,23,211,45,75,123,14,169,123,14,48,40,186,14,204,230,52,188,58,43,1,149,147,5,175,5,66,53,230,181,47,45,165,59,14,219,170,39,211,170,230,90,46,174,5,27,53,211,181,47,45,220,59,14,219,237,39,211,170,230,78,198,174,23,43,53
Best fitness found so far: 0.6277641150309917; k: 2.0
Generation: 88; 0.6203342930274681; k: 2.0; 219,5,175,174,23,211,45,75,33,14,75,123,228,48,172,1,149,147,5,175,174,23,211,45,75,123,14,65,188,182,23,1,95,202,167,243,238,59,192
Best fitness found so far: 0.6277641150309917; k: 2.0
Generation: 89; 0.6203342930274681; k: 2.0; 215,5,200,174,47,211,11,115,123,14,111,208,14,168,27,191,230,211,23,179,45,75,123,14,24,108,39,123,90,29,11,108,228,123,14,21,123,14,48,5,108,53,211,109,203,230,128,243,112,14,11,89,111,230,196,60,157,214,8,93,143,175,108,23,211,131,75,33,179,118,123,14,88,5,66,53,206,181,47,45,11,59,14,231,58,49,237,132,97,175,174,132,179,212,75,29,14,211,183,106,188,71,206,213,211,42,230,23,243,106,136,62,175,9,24,211,211,124,240,230,47,23,144,23,184,230,23,243,106,23,211,220,9,89,112
Best fitness found so far: 0.6277641150309917; k: 2.0
Generation: 90; 0.6203342930274681; k: 2.0; 219,5,175,174,23,211,45,75,123,14,169,123,14,48,40,186,14,107,45,92,175,85,23,211,45,75,3,181,211,230,106,35,220,17,20,211,184,224,23,204,111,23,153,100,108,192
Best fitness found so far: 0.6277641150309917; k: 2.0
Generation: 91; 0.6203342930274681; k: 2.0; 219,5,175,195,23,211,45,100,123,14,75,123,14,48,171,66,53,211,181,47,22,108,39,186,105,35,26,128,188,58,43,1,149,24,5,175,174,23,211,109,211,123,101,225,39,64,188,20,182,23,241,184,5,66,112,14,110,89,119,8,108,115,36,173
Best fitness found so far: 0.6277641150309917; k: 2.0
Generation: 92; 0.6203342930274681; k: 2.0; 108,237,175,174,17,211,123,75,123,14,75,123,14,188,208,14,196,27,90,230,45,58,49,142,12,92,147,174,23,29,115,27,14,230,208,244,213,27,33,230,45,185,18,211,45,116,204,220,109,169,135,102,45,52,75,18,84,24,108,39,123,162,176,174,23,211,45,113,135,89,134,23,36,96,198,31,45,116,122,78,23,230,123,188,70,1,220,45,77,90,23,36,190,198,158,223,191,202,92,246,177,120,101,58,115,211,45,230,204,47,109,115,17,243,174,38,164,45,9,172,243,32,109,169,135,215,45,45,75,18,14,24,108,101,244,90,176,174,23,11,45,92,135,243,112,102,123,14,77,80,14,206,75,86,163,211,230,128,188,30,43,162,149,104
Best fitness found so far: 0.6277641150309917; k: 2.0
Generation: 93; 0.6203342930274681; k: 2.0; 219,5,175,174,23,211,37,75,123,14,85,123,14,48,5,66,53,211,181,47,45,220,59,84,219,170,33,211,193,230,27,196,230,45,177,49,211,96,92,175,163,23,211,45,210,12,14,211,230,106,35,206,17,20,211,219,204,37,53,16,135,219,208,14,168,27,191,230,211,23,36,45,186,123,120,24,108,39,123,90,176,163,188,225,50,75,145,54
Best fitness found so far: 0.6277641150309917; k: 2.0
Generation: 94; 0.6203342930274681; k: 2.0; 62,5,175,174,177,86,45,245,221,14,75,123,174,38,14,168,27,191,230,211,23,36,45,186,123,14,129,108,39,123,90,5,175,174,23,211,45,75,78,249,75,209,14,48,5,66,53,211,181,86,45,79,59,14,174,23,211,45,75,123,14,64,108,39,123,77,31,174,186,47,200,225,135,243,112,43,209,240,127,110,13,61,17,48,240,241,192,18,104,30,194,17,224,231,40,84,205,120,243,112,222,31,89,111,187,11,60,144,188,220,30,230,45,147,129,192
Best fitness found so far: 0.6277641150309917; k: 2.0
Generation: 95; 0.6203342930274681; k: 2.0; 219,5,175,174,23,211,45,75,123,14,75,123,14,48,75,186,14,211,230,128,188,58,43,1,149,147,5,175,174,165,211,45,75,123,14,75,123,14,48,75,186,14,211,230,128,188,235,43,1,43,1,149,240,5,175,174,128,211,45,153,200,14,135,123,14,48,141,186,14,211,175,128,127,58,18,1,40,147
Best fitness found so far: 0.6277641150309917; k: 2.0
Generation: 96; 0.6203342930274681; k: 2.0; 219,5,175,174,23,56,45,75,123,14,75,123,14,48,5,192,53,241,181,47,12,220,59,43,136,230,128,243,112,14,232,89,111,230,196,60,157,214,214,93,23,211,45,239,204,14,77,119,145,51,211,95,230,23,243,227,19,192
Best fitness found so far: 0.6277641150309917; k: 2.0
Generation: 97; 0.6203342930274681; k: 2.0; 50,5,175,174,23,211,131,75,123,14,129,123,14,48,136,66,62,211,181,47,45,48,7,230,53,211,181,244,45,138,59,14,219,14,72,71,17,99,211,203,120,183,124,106,23,52,145,19,25
Best fitness found so far: 0.6277641150309917; k: 2.0
Generation: 98; 0.6203342930274681; k: 2.0; 245,5,175,174,23,211,45,75,123,14,75,138,14,48,5,128,53,211,181,121,12,220,59,2,219,170,39,168,45,9,56,211,45,75,123,14,234,123,139
Best fitness found so far: 0.6277641150309917; k: 2.0
Generation: 99; 0.6203342930274681; k: 2.0; 219,5,175,174,133,86,45,200,123,14,75,123,174,38,211,209,58,250,211,173,238,204,248,109,86,135,189,159,90,125,73,21,59,154,211,186,14,45,73,19,107,69,179,54,8,123,45,115,232,211,45,230,225,21,58,92,149,134
Best fitness found so far: 0.6277641150309917; k: 2.0
Generation: 100; 0.6203342930274681; k: 2.0; 219,5,175,174,23,211,131,35,123,14,75,123,14,48,5,66,53,211,181,47,45,220,59,14,69,170,39,211,170,230,27,196,230,45,177,49,211,45,92,175,163,23,211,45,208,123,14,211,230,28,35,210,17,20,211,184,224,23,26,106,23,153,100,19,192
Best fitness found so far: 0.6277641150309917; k: 2.0
Generation: 101; 0.6203342930274681; k: 2.0; 219,5,175,174,23,211,111,75,123,14,75,123,14,48,5,66,62,211,250,47,123,14,75,221,14,11,89,111,230,238,60,157,64,25,93,166,51,233,27,77,172,108,170,211,186,237,244,243,112,14,249,179,39,4,93,230
Best fitness found so far: 0.6277641150309917; k: 2.0
Generation: 102; 0.6203342930274681; k: 2.0; 219,5,175,174,23,36,131,75,123,14,75,123,14,48,5,66,53,211,181,47,45,220,59,14,69,58,49,237,45,184,175,238,132,30,166,75,29,14,211,183,106,140,17,99,116,217,224,23,26,106,23,26,100,19,78
Best fitness found so far: 0.6277641150309917; k: 2.0
Generation: 103; 0.6203342930274681; k: 2.0; 109,5,175,174,219,211,205,75,123,14,75,123,14,48,243,238,53,211,181,133,230,128,243,66,14,11,89,111,230,196,60,157,188,63,24,108,39,123,90,176,174,138,123,195,225,135,68,112,47,136,170,127,110,43,171,17,48,240,241,192,18,211,45,123,14,173,123,174,38,211,209,58,250,211,173,238,204,248,109,86,135,189,159,90,125,73,21,208,154,211,186,14,45,73,107,107,69,179,120,208,169,123,115,232,211,45,230,225,21,44,1,149,147
Best fitness found so far: 0.6277641150309917; k: 2.0
Generation: 104; 0.6203342930274681; k: 2.0; 51,5,175,174,23,211,191,75,123,14,75,123,14,48,5,66,53,197,181,47,97,220,59,14,231,58,49,237,45,92,175,174,132,30,45,75,29,36,211,211,181,47,45,220,59,43,219,170,39,211,170,230,27,196,230,45,177,49,211,96,92,175,163,23,211,45,75,123,14,211,230,106,35,71,17,20,211,184,204,248,109,16,128,230,114,147,129,192
Best fitness found so far: 0.6277641150309917; k: 2.0
Generation: 105; 0.6203342930274681; k: 2.0; 219,5,175,174,23,211,45,75,123,14,75,123,14,48,5,66,53,211,181,47,45,220,91,14,219,170,39,211,170,41,90,198,174,197,188,58,43,81,149,147,5,175,229,23,211,45,75,123,14,135,123,14,48,75,186,14,81,175,128,127,95,84,1,149,99,135,123,14,48,75,186,14
Best fitness found so far: 0.6277641150309917; k: 2.0
Generation: 106; 0.6277641150309917; k: 2.0; 203,5,175,170,39,211,59,14,163,108,39,123,205,176,247,138,229,45,35,73,247,20,97,211,28,230,147,101,100,9,24,211,211,231,240,230,133,159,91,35,158,206,102,8,37,18,77
Best fitness found so far: 0.6277641150309917; k: 2.0
Generation: 107; 0.6203342930274681; k: 2.0; 219,5,175,174,177,86,183,245,221,154,75,123,174,38,109,99,97,126,116,18,211,45,146,17,124,144,144,177,96,112,25,136,170,60,161,15,61,17,24,240,241,204,18,211,45,240,150,243,112,11,104,169,85,230,196,120,144,188,225,50,75,149,147
Best fitness found so far: 0.6277641150309917; k: 2.0
Generation: 108; 0.6277641150309917; k: 2.0; 122,5,175,170,39,211,59,14,163,128,39,123,205,176,247,138,229,45,35,73,247,20,97,211,28,230,147,101,100,29,24,211,211,231,240,230,133,159,91,197,158,206,102,8,37,18,45,63,59,197,219,170,202
Best fitness found so far: 0.6277641150309917; k: 2.0
Generation: 109; 0.6277641150309917; k: 2.0; 219,5,35,170,39,211,59,14,163,108,39,123,205,176,247,138,229,45,35,73,247,20,97,211,28,230,45,18,54,47,79,147,59,14,39,170,39,211,170,230,78,37,174,23,43,53
Best fitness found so far: 0.6277641150309917; k: 2.0
Generation: 110; 0.6277641150309917; k: 2.0; 122,5,175,170,39,211,59,14,163,128,39,123,205,176,247,138,229,45,35,73,247,20,97,211,28,230,147,101,100,29,24,211,211,231,240,230,133,159,91,197,158,206,102,8,37,18,94,63,59,197,219,170,202
Best fitness found so far: 0.6277641150309917; k: 2.0
Generation: 111; 0.6277641150309917; k: 2.0; 219,5,175,170,39,211,59,14,163,108,39,123,205,176,247,138,229,240,35,73,247,20,97,211,28,230,45,18,54,211,45,75,123,14,75,123,14,48,5,66,53,211,181,47,45,220,59,14,194,170,53,211,170,230,100,198,174,23,43,53
Best fitness found so far: 0.6277641150309917; k: 2.0
Generation: 112; 0.6203342930274681; k: 2.0; 215,5,200,174,47,211,11,115,123,14,111,208,14,168,27,191,230,211,23,179,45,75,123,14,24,108,39,123,90,29,1,108,228,215,27,100,230,45,58,169,211,130,201,80,32,238,169,135,102,45,45,75,10,14,162,231,208,244,250,176,174,23,11,45,242,135,151,112,35,71,247,192,97,110,45,230,76,18,54,4
Best fitness found so far: 0.6277641150309917; k: 2.0
Generation: 113; 0.6203342930274681; k: 2.0; 219,5,200,174,23,211,11,115,123,14,111,208,14,168,27,191,230,211,23,36,45,186,123,14,24,108,39,123,90,176,107,208,86,215,27,100,230,81,26,160,211,130,201,204,32,109,169,135,102,145,45,75,94,239,24,108,101,1,90,176,189,23,11,45,242,135,8,112,47,123,14,75,123,14,249,75,147,5,175,174,23,211,45,75,123,14,65,188,182,102,211,46,230,23,243,238,19,192
Best fitness found so far: 0.6277641150309917; k: 2.0
Generation: 114; 0.6203342930274681; k: 2.0; 219,5,200,174,23,211,11,115,123,14,111,208,14,168,27,191,126,211,23,27,45,75,123,14,24,108,39,123,90,176,107,208,244,215,27,100,230,45,58,160,211,130,201,22,32,109,169,135,102,45,45,75,18,14,24,108,101,228,90,176,174,23,11,45,242,135,243,112,47,123,14,110,123,14,48,75,86,39,211,230,128,188,30,43,162,149,243,106,23,65,100,9,89,212
Best fitness found so far: 0.6277641150309917; k: 2.0
Generation: 115; 0.6277641150309917; k: 2.0; 219,5,175,170,39,211,59,14,163,108,39,123,205,176,247,138,229,45,35,73,247,20,97,211,28,230,5,211,45,42,204,132,50,56,8,230,11,37,129,14,106,89,111,30,36,151,26,170,39,55,108,230,31,74,122,45,108,160,23
Best fitness found so far: 0.6277641150309917; k: 2.0
Generation: 116; 0.6277641150309917; k: 2.0; 219,5,35,170,39,211,107,14,163,108,39,123,205,176,165,138,229,200,35,73,247,20,97,211,28,230,45,18,54,47,79,147,59,14,39,170,46,14,219,170,39,211,170,29,90,48,5,66,53,180,45,47,45,220,59,14,219,170,39,211,170,190,90,198,174,130,43,53
Best fitness found so far: 0.6277641150309917; k: 2.0
Generation: 117; 0.6277641150309917; k: 2.0; 219,5,175,170,39,211,59,14,163,108,39,123,205,176,247,138,173,45,35,73,247,20,97,211,28,230,169,8,230,45,37,129,14,106,89,111,30,36,151,174,240,39,191,108,230,31,187,214,45,173,123,23,8,230,45,37,129,14,106,89,111,30,36,151,174
Best fitness found so far: 0.6277641150309917; k: 2.0
Generation: 118; 0.6277641150309917; k: 2.0; 203,5,175,170,39,211,59,14,163,108,39,123,205,176,247,138,229,45,35,73,247,20,125,211,28,230,147,101,100,9,47,211,211,231,240,176,50,159,192,231,240,230,133,159,91,197,99,206,102,8,37,187,45,11,59,197,219,170,202
Best fitness found so far: 0.6277641150309917; k: 2.0
Generation: 119; 0.6277641150309917; k: 2.0; 219,41,35,170,39,211,107,14,163,108,39,123,205,176,165,138,229,200,35,73,247,20,97,211,28,230,45,14,111,208,14,168,27,191,230,211,23,36,45,166,214,120,24,108,39,123,90,176,163,188,225,50,75,145,54
Best fitness found so far: 0.6277641150309917; k: 2.0
Generation: 120; 0.6277641150309917; k: 2.0; 219,5,35,170,39,111,107,14,163,108,39,123,205,176,65,138,229,45,35,73,247,20,97,211,28,230,45,18,54,47,79,147,59,14,39,170,39,81,71,230,78,37,174,23,53
Best fitness found so far: 0.6277641150309917; k: 2.0
Generation: 121; 0.6277641150309917; k: 2.0; 203,5,175,170,39,211,59,14,163,108,39,123,205,176,247,138,229,45,35,73,247,20,97,211,28,230,147,101,100,9,24,211,166,231,240,230,133,186,40,204,230,52,188,58,43,1,221,8,122,5,123,139
Best fitness found so far: 0.6277641150309917; k: 2.0
Generation: 122; 0.6277641150309917; k: 2.0; 122,5,175,170,163,211,59,14,163,128,39,123,205,176,247,138,229,45,35,73,247,20,163,211,28,230,147,180,140,29,141,211,211,231,242,178,106,89,111,30,36,151,174,122,5,175,155,163,186,59,14,163,128,102,123,247,108,229,45,35,73,247,20,214,211,28,230,147,101,100,9,24,211,166,231,240,230,133,186,40,204,230,52,188,58,43,1,221,8,122,5,188,139
Best fitness found so far: 0.6277641150309917; k: 2.0
Generation: 123; 0.6277641150309917; k: 2.0; 122,5,175,170,163,211,59,14,163,128,39,123,205,176,247,138,229,45,35,73,247,20,163,211,28,230,147,101,140,23,17,211,211,231,242,178,106,89,111,30,68,99,174,122,5,175,25,7,211,59,186,163,68,180,22,123,14,135,123,14,48,40,225,207,204,230,52,188,58,62,1,149,147,5,175,174,23,211,45,35,73,247,20,97,211,28,230,228,101,100,9,47,211,211,231,250,230,50,159,192,231,240,230,133,159,91,197,158,206,102,8,37,18,77,11,59,197,219,170,202
Best fitness found so far: 0.6277641150309917; k: 2.0
Generation: 124; 0.6277641150309917; k: 2.0; 122,5,175,170,39,221,59,14,191,128,39,123,205,176,247,138,229,45,35,73,247,20,97,211,28,230,49,101,100,29,24,211,211,231,240,230,133,130,159,26,125,187,21,208,209,162,186,14,46,36
Best fitness found so far: 0.6277641150309917; k: 2.0
Generation: 125; 0.6277641150309917; k: 2.0; 219,5,35,170,39,211,107,14,163,108,39,123,205,176,165,138,147,200,35,73,247,20,97,211,28,230,119,8,54,104,79,147,52,176,165,138,229,200,35,73,247,20,97,211,28,230,45,14,93,208,14,168,27,191,230,211,23,36,45,82,214,120,24,108,39,123,90,176,163,188,225,50,75,145,138
Best fitness found so far: 0.6277641150309917; k: 2.0
Generation: 126; 0.6277641150309917; k: 2.0; 243,5,175,170,39,211,59,14,163,128,83,123,205,176,161,138,229,45,35,73,247,20,97,211,28,230,147,101,100,29,24,211,211,139,183,230,133,159,91,23,93,206,102,198,37,214,74,16,189,208,59,153,135,14,45,73,107,107,54,179,70,8,174,23,43,53
Best fitness found so far: 0.6277641150309917; k: 2.0
Generation: 127; 0.6277641150309917; k: 2.0; 219,5,35,170,39,211,107,14,163,108,83,123,205,176,247,138,229,45,35,73,247,20,97,211,28,230,45,18,134,47,79,147,59,14,39,170,39,20,97,211,28,230,45,14,111,208,14,168,82,191,111,211,151,36,45,166,214,120,33,108,39,123,67,176,163,188,225,219,170,39,26,170,230,22,46,174,2,27,73,211,181,47,45,115,45,14,219,170,39,211,170,230,78,198,174,23,43,240,123,230,176,194,138,147,61,35,73,247,20,97,211,209,199,119,8,54,104,79,147,52,176,165,138,229,200,159,37,247,20,97,211,28,230,45,14,93,208,14,168,27,153,230,53,23,36,45,82,214,120,24,108,39,123,108,176,163,188,225,50,75,145,138
Best fitness found so far: 0.6277641150309917; k: 2.0
Generation: 128; 0.6277641150309917; k: 2.0; 122,5,175,170,163,51,59,14,163,128,39,123,205,176,247,138,229,45,35,73,247,20,163,211,28,230,147,180,140,29,141,89,211,231,242,178,43,89,111,30,36,151,174,122,5,175,155,163,186,79,196,230,45,160,49,211,150,192
Best fitness found so far: 0.6277641150309917; k: 2.0
Generation: 129; 0.6277641150309917; k: 2.0; 122,5,175,170,241,211,59,14,163,128,39,123,205,176,247,138,109,45,35,73,247,20,163,211,28,230,147,101,226,23,17,211,211,48,242,54,106,95,111,30,36,151,174,122,5,175,66,7,211,59,14,163,68,205,123,123,14,230,123,14,155,40,186,14,204,230,52,188,244,62,1,149,147,5,175,174,23,211,21,75,123,185,65,85,182,87,24,108,39,123,90,176,19,110,198,50,75,135,54
Best fitness found so far: 0.6277641150309917; k: 2.0
Generation: 130; 0.6277641150309917; k: 2.0; 219,5,175,170,39,211,59,14,163,108,39,123,205,176,247,138,45,45,35,73,247,20,97,211,28,230,9,8,230,89,37,129,14,106,89,111,30,36,151,174,240,39,191,108,212,31,187,214,11,173,66,175,174,132,82,45,75,158,28,174,183,198,188,71,21,213,211,107,230,229,67,106,51,101,159,9,24,211,211,124,153,230,201,22,144,163,158,231,155,8,37,18,77
Best fitness found so far: 0.6277641150309917; k: 2.0
Generation: 131; 0.6277641150309917; k: 2.0; 104,5,175,170,39,211,59,14,163,128,39,123,205,176,247,138,229,45,35,73,227,20,125,211,28,230,177,101,100,118,164,211,211,139,131,230,133,159,113,21,55,206,131,124,36,54,184,188,159,90,228,123,51,196,26,140,104,14,45,143,5,14,174,179,39,227,154,130,115,23,211,16,230,225,21,172,39,231,166,159,90,228,123,51,250,26,140,186,14,45,243,5,49,174,179,39,219,90,198,17,23,211,45,230,225,21,43,196,149,34
Best fitness found so far: 0.6277641150309917; k: 2.0
Generation: 132; 0.6277641150309917; k: 2.0; 219,5,35,170,39,211,107,14,143,108,39,123,205,176,247,138,129,45,35,73,7,20,97,211,28,230,233,18,54,47,79,35,59,14,39,170,39,81,170,230,78,14,75,123,24,38,211,163,9,87,169,216,123,219,21,31,211,24,113,211,231,73,247,20,97,22,28,125,147,101,100,29,24,211,211,139,152,94,133,141,220,23,93,206,102,235,37,227,210,63,21,208,154,211,186,109,45,68,107,107,69,179,54,8,13,74,16,232,78,45,230,225,21,82,1,148,147
Best fitness found so far: 0.6277641150309917; k: 2.0
Generation: 133; 0.6277641150309917; k: 2.0; 149,5,175,170,163,51,59,14,163,128,39,23,205,176,247,138,229,45,97,73,247,20,163,211,28,230,151,180,140,29,223,89,211,231,21,178,43,89,215,30,36,174,174,144,5,175,155,163,157,79,196,230,45,160,49,244,123,205,176,165,53,76,200,35,20,247,20,97,211,20,230,239,18,54,47,79,147,59,14,39,198,46,14,219,170,39,211,85,29,144,48,124,66,47,45,220,59,96,77,170,228,211,35,230,100,198,174,23,43,53
Best fitness found so far: 0.6277641150309917; k: 2.0
Generation: 134; 0.6277641150309917; k: 2.0; 122,5,175,170,39,211,59,14,163,128,39,123,205,176,247,138,229,45,35,73,247,20,163,211,28,230,147,101,100,29,17,205,176,247,138,229,240,35,128,247,219,198,211,28,230,45,167,54,211,84,75,123,225,75,123,14,140,5,66,64,211,82,47,45,220,59,17,2,211,184,224,23,70,106,23,153,100,23,1,169,177,9,97,229,27,32,230
Best fitness found so far: 0.6277641150309917; k: 2.0
Generation: 135; 0.6277641150309917; k: 2.0; 219,39,175,170,39,211,59,224,163,108,103,123,205,176,225,138,229,45,35,73,247,20,97,211,28,230,45,18,86,35,170,39,58,107,14,173,206,45,92,10,214,218,132,2,23,243,106,19,178
Best fitness found so far: 0.6277641150309917; k: 2.0
Generation: 136; 0.6277641150309917; k: 2.0; 219,5,35,170,39,211,107,14,163,108,83,48,205,176,247,138,229,45,35,73,247,20,97,211,28,230,45,18,54,46,79,147,59,230,39,170,164,20,97,211,28,230,45,14,111,208,14,168,27,191,111,211,23,36,45,166,214,120,33,108,39,123,67,176,163,188,225,219,170,39,26,170,230,22,46,174,2,27,53,211,181,47,45,115,45,14,117,170,39,211,170,230,78,198,123,205,176,247,138,229,45,35,73,37,20,97,211,28,230,45,18,249,179,177,9,93,230
Best fitness found so far: 0.6277641150309917; k: 2.0
Generation: 137; 0.6277641150309917; k: 2.0; 122,5,175,170,39,211,59,14,163,128,39,123,205,176,247,138,229,45,35,73,247,20,97,211,28,230,147,101,100,29,24,211,123,205,167,247,138,229,45,35,73,247,20,97,211,28,230,45,243,54,16
Best fitness found so far: 0.6277641150309917; k: 2.0
Generation: 138; 0.6277641150309917; k: 2.0; 122,5,175,170,163,211,97,14,163,128,39,123,205,176,229,138,229,45,35,73,247,20,163,211,28,130,147,101,140,23,17,211,211,231,242,87,106,89,111,30,36,151,125,37,5,82,66,244,211,69,14,163,68,205,123,123,14,135,216,14,48,40,186,14,204,194,52,188,245,67,1,35,94,247,20,163,35,28,230,164,180,140,29,141,211,211,231,242,178,106,89,91,30,58,151,174,122,5,175,155,163,186,59,123,163,128,102,123,247,108,229,45,35,73,247,20,214,76,28,230,147,23,100,9,24,211,166,231,240,230,133,186,40,204,230,52,188,58,43,234,1,211,107,14,163,226,39,123,205,176,247,138,229,45,136,73,247,20,97,211,234,230,45,18,54,41,79,147,59,14,39,170,39,200,170,230,78,37,174,23,43,53
Best fitness found so far: 0.6277641150309917; k: 2.0
Generation: 139; 0.6277641150309917; k: 2.0; 219,5,35,170,173,211,107,14,163,108,83,123,205,176,247,138,229,45,35,73,247,20,97,211,28,230,45,18,143,47,79,178,59,14,39,170,39,20,97,211,28,230,45,14,111,208,14,168,27,191,111,211,23,36,45,166,214,120,33,108,39,123,67,176,171,188,225,219,170,39,26,89,119,116,107,115,36,239
Best fitness found so far: 0.6277641150309917; k: 2.0
Generation: 140; 0.6277641150309917; k: 2.0; 219,5,35,170,39,111,107,14,163,108,39,123,205,176,65,138,55,45,35,73,247,20,97,211,28,230,202,18,54,47,79,147,59,14,238,196,211,234,17,230,128,99,181,14,11,89,111,230,196,60,157,219,63,24,108,39,123,90,192,174,138,123,172,67,135,68,112,47,95,170,127,110,43,61,17,216,240,241,120,117,211,45,146,17,224,144,144,84,230,223,243,112,14,200,89,111,230,196,225,144,172,39,231,166,211,28,230,147,101,140,34,17,211,216,231,242,178,106,89,111,30,36,151,174,122,5,175,66,7,211,59,14,163,68,205,123,123,14,135,123,14,48,40,186,14,204,230,52,188,58,62,228,149,147,5,175,174,89,211,21,199,123,60,65,188,132,149,211,95,230,23,243,182,19,192
Best fitness found so far: 0.6277641150309917; k: 2.0
Generation: 141; 0.6277641150309917; k: 2.0; 219,5,35,170,39,211,77,14,163,108,39,123,205,176,165,138,147,200,35,73,247,20,97,211,58,230,119,8,54,104,79,233,52,176,165,138,40,204,193,121,188,58,43,1,215,8,122,83,16,139
Best fitness found so far: 0.6277641150309917; k: 2.0
Generation: 142; 0.6277641150309917; k: 2.0; 219,5,35,170,55,211,107,14,163,108,39,123,205,176,165,138,229,200,35,73,247,20,97,211,28,230,60,55,9,47,79,168,59,14,39,170,46,14,193,170,11,89,111,230,154,60,157,188,63,24,108,39,123,90,127,174,138,195,195,225,238,68,234,47,136,85,127,110,43,61,8,230,45,37,129,14,106,89,111,30,214,5,123,139
Best fitness found so far: 0.6277641150309917; k: 2.0
Generation: 143; 0.6277641150309917; k: 2.0; 109,39,215,116,39,211,99,14,163,93,203,123,205,176,145,138,229,45,35,73,247,20,145,211,28,230,141,101,100,67,24,2,8,196,225,144,69,39,112,51,189,90,54,123,51,250,26,66,240,14,45,243,248,49,87,179,39,219,193,198,17,23,211,45,230,225,21,56,1,211,212,92,110,163,23,211,77,75,123,104,44,213,106,35,69,17,20,211,113,224,23,20,106,23,153,100,19,192
Best fitness found so far: 0.6277641150309917; k: 2.0
Generation: 144; 0.6277641150309917; k: 2.0; 149,5,175,170,125,51,59,14,163,128,39,23,205,176,247,138,229,45,97,73,247,20,163,211,28,230,147,180,140,29,141,89,211,24,242,121,43,89,111,30,36,151,174,215,5,235,155,163,186,79,196,230,45,160,49,244,123,205,176,63,53,76,200,35,73,247,20,97,211,245,230,59,14,163,147,39,123,205,176,247,183,229,42,35,73,247,20,97,109,28,230,147,101,174,23,91,2,32,243,106,35,209
Best fitness found so far: 0.6277641150309917; k: 2.0
Generation: 145; 0.6338639509874449; k: 2.0; 122,5,175,170,39,32,59,109,191,128,39,123,205,176,247,138,229,45,35,73,247,33,97,211,28,230,49,101,247,29,24,211,211,231,124,230,133,130,159,225,234,187,21,144,209,162,186,14,46,36
Best fitness found so far: 0.6338639509874449; k: 2.0
Generation: 146; 0.6277641150309917; k: 2.0; 18,5,35,170,55,211,107,14,163,108,39,123,53,176,165,138,229,200,35,73,247,20,97,211,28,230,45,18,54,89,47,158,206,102,163,23,137,45,75,174,14,211,230,106,35,71,17,20,211,184,204,248,232,168,135,230,32,147,129,192
Best fitness found so far: 0.6338639509874449; k: 2.0
Generation: 147; 0.6277641150309917; k: 2.0; 122,5,175,170,39,211,59,14,163,128,39,123,205,176,247,138,229,45,35,73,247,20,163,211,28,230,147,101,100,29,17,211,178,231,240,152,133,85,18,54,47,79,147,59,14,39,170,39,81,170,230,78,14,75,123,174,38,143,163,9,87,169,122,143,219,1,102,211,102,230,114,207,94,8,108,61,80,16,39,189,185,201,182,53,211,184,230,155,243,229,23,157,100,221,185,212
Best fitness found so far: 0.6338639509874449; k: 2.0
Generation: 148; 0.6277641150309917; k: 2.0; 219,5,175,170,39,211,59,14,163,108,39,123,205,176,247,138,229,45,35,73,247,190,97,211,28,230,45,18,249,179,177,9,97,230,27,82,118,45,177,49,211,212,139,21,59,14,163,128,213,123,205,186,247,138,95,45,225,73,2,20,97,211,28,182,147,169,100,29,24,211,96,133,197,230,74,159,91,23,93,206,47,92,10,214,23,91,2,170,243,106,19,192
Best fitness found so far: 0.6338639509874449; k: 2.0
Generation: 149; 0.6277641150309917; k: 2.0; 122,5,175,170,163,51,59,14,163,128,39,123,205,176,247,138,229,45,35,73,247,20,163,211,28,230,3,180,140,183,141,89,115,231,242,178,43,89,37,115,36,66
Best fitness found so far: 0.6338639509874449; k: 2.0
Generation: 150; 0.6277641150309917; k: 2.0; 243,5,175,170,39,211,59,14,163,128,83,123,205,176,161,138,229,45,35,73,247,20,97,211,28,230,218,101,100,29,24,211,211,139,183,230,133,14,48,173,66,53,81,225,47,45,166,59,14,77,170,39,199,170,230,100,71,174,125,43,53
Best fitness found so far: 0.6338639509874449; k: 2.0
Generation: 151; 0.6277641150309917; k: 2.0; 24,5,175,116,39,211,99,14,163,93,203,123,205,176,145,138,229,45,35,73,247,20,83,211,14,230,98,103,235,67,67,211,8,196,117,144,69,39,122,45,136,160,23
Best fitness found so far: 0.6338639509874449; k: 2.0
Generation: 152; 0.6277641150309917; k: 2.0; 243,5,175,170,39,211,59,14,163,128,241,123,205,176,161,138,229,45,35,103,247,20,97,211,28,230,147,101,161,29,24,211,211,139,183,230,133,159,91,23,93,206,102,198,37,214,74,145,224,208,219,153,135,14,45,73,107,107,54,179,70,8,174,28,230,147,101,174,26,91,2,32,243,3,35,209
Best fitness found so far: 0.6338639509874449; k: 2.0
Generation: 153; 0.6277641150309917; k: 2.0; 219,5,175,170,39,211,59,14,163,108,39,123,205,176,247,138,45,45,35,73,247,20,97,211,28,230,9,8,230,45,37,129,14,106,89,111,30,36,151,174,240,39,191,108,230,104,70,214,45,173,66,175,174,132,34,45,75,158,28,174,183,170,188,71,21,213,211,42,230,229,67,199,51,101,159,9,24,211,211,124,153,230,133,22,230,147,101,100,29,24,211,211,231,245,199,133,155,91,197,158,107,102,8,37,18,94,238,59,61,17,216,39,211,59,14,163,128,39,123,2,176,247,220,229,45,35,73,55,20,97,211,72,230,147,127,100,29,20,211,211,139,240,230,133,159,91,23,93,206,45,92,10,174,214,170,2,23,243,123,19,105,97,151,28,230,147,62,100,29,24,211,211
Best fitness found so far: 0.6338639509874449; k: 2.0
Generation: 154; 0.6338639509874449; k: 2.0; 122,5,175,170,39,32,59,109,85,128,39,123,205,176,247,138,229,45,35,73,247,33,97,211,28,230,49,101,247,168,27,76,230,99,23,36,45,166,8,120,24,108,39,123,67,176,163,188,225,224,170,39,211,72,230,22,46,174,2,27,53,211,181,47,45,193,175,143,152,170,39,65,170,230,78,84,174,23,43,26
Best fitness found so far: 0.6338639509874449; k: 2.0
Generation: 155; 0.6277641150309917; k: 2.0; 219,5,175,170,39,211,59,14,163,108,39,123,205,176,247,138,229,240,35,73,247,20,97,211,28,250,247,18,54,185,27,125,1,86,45,245,123,14,75,123,174,154,119,45,16,230,225,21,43,1,184,34
Best fitness found so far: 0.6338639509874449; k: 2.0
Generation: 156; 0.6277641150309917; k: 2.0; 122,5,175,170,163,211,127,14,163,128,39,123,205,176,247,138,229,45,35,73,247,20,163,211,28,130,147,101,140,23,17,211,211,231,242,87,106,89,111,30,36,8,196,225,144,69,250,112,166,159,1,54,123,125,250,26,66,240,236,45,243,248,49,174,179,39,219,193,198,17,23,211,45,230,225,21,56,1,211,212,92,207,163,23,36,226,75,123,104,211,230,106,35,166,17,20,211,184,224,23,20,106,23,153,100,19,192
Best fitness found so far: 0.6338639509874449; k: 2.0
Generation: 157; 0.6277641150309917; k: 2.0; 149,5,175,170,163,51,59,14,163,128,39,23,205,176,65,138,229,45,97,73,247,20,105,211,28,230,9,177,140,58,141,89,196,231,242,178,43,89,111,30,36,151,174,52,128,175,155,163,186,79,209,37,45,160,49,244,123,205,176,165,53,205,176,247,138,229,45,35,73,247,20,97,211,28,230,112,236,193,230,52,188,71,43,1,1,8,122,5,217,58
Best fitness found so far: 0.6338639509874449; k: 2.0
Generation: 158; 0.6338639509874449; k: 2.0; 122,5,175,170,149,32,59,109,191,128,39,123,205,176,169,138,229,45,35,73,169,33,97,211,28,230,49,101,247,139,116,230,133,159,91,86,93,206,131,139,36,54,184,188,159,90,228,123,51,250,26,140,186,14,45,235,5,14,174,179,39,219,90,130,115,23,211,45,230,225,21,43,1,149,34
Best fitness found so far: 0.6338639509874449; k: 2.0
Generation: 159; 0.6277641150309917; k: 2.0; 122,5,175,170,199,211,59,14,163,128,39,123,205,176,209,138,229,45,35,73,227,20,97,211,28,230,177,86,100,36,17,211,211,139,240,230,133,159,91,23,93,142,111,39,170,74,62,170,230,78,40,75,123,174,38,211,163,9,42,169,68,123,219,248,102,211,220,230,114,4,94,8,108,61,80,26,39,230,185,201,182,53,211,184,230,155,243,229,23,157,100,221,89,212,123,219,248,102,211,220,230,114,4,94,8,108,61,80,26,39,230,185,201,182,53,211,184,230,155,243
Best fitness found so far: 0.6338639509874449; k: 2.0
Generation: 160; 0.6338639509874449; k: 2.0; 122,5,175,170,229,32,59,109,85,83,39,123,205,176,247,138,33,45,167,73,247,33,97,211,28,230,49,101,129,54,27,76,230,55,23,36,19,166,8,120,24,108,39,155,67,176,181,97,225,166,170,150,211,72,230,22,46,214,101,100,29,161,211,211,231,240,230,133,159,91,197,158,206,102,8,37,18,94,63,59,155,17,216,240,241,120,103,211,45,146,17,224,144,144,84,230,174,133,121,175,200,59,14,238,196,142,181,17,230,128,243,181,14,72,89,86,230,196,60,157,188,63,24,108,39,123,90,176,174,134,123,207,225,135,68,220,47,136,170,127,248,43,61,17,216,240,241,120,117,211,161,146,17,224,144,144,84,230,174,133,86,131,207,58,14,132,58,174,216,211,45,9,56,211,228,75,146,14,230,123,139
Best fitness found so far: 0.6338639509874449; k: 2.0
Generation: 161; 0.6277641150309917; k: 2.0; 219,5,35,197,39,211,107,194,163,108,39,123,205,176,247,138,229,45,35,73,247,20,197,211,28,230,45,18,54,47,79,147,57,14,39,170,39,81,170,230,78,37,174,23,137,245,48,207,59,14,77,170,228,211,14,230,23,141,174,23,43,53
Best fitness found so far: 0.6338639509874449; k: 2.0
Generation: 162; 0.6338639509874449; k: 2.0; 141,5,175,170,105,32,59,109,85,128,39,123,205,176,247,138,229,45,35,73,247,33,97,211,28,230,49,101,247,41,27,140,230,99,23,36,45,166,8,120,24,108,39,123,67,176,163,188,225,224,170,39,37,129,14,106,89,111,30,36,151,174,240,39,191,108,10,31,187,214,39,237,205,176,247,138,229,45,35,24,247,20,97,211,28,230,45,18,54,5,79,147,59,14,39,170,39,211,170,230,78,37,174,23,43,53
Best fitness found so far: 0.6338639509874449; k: 2.0
Generation: 163; 0.6338639509874449; k: 2.0; 30,193,175,170,105,32,59,109,85,128,39,123,205,176,247,138,229,45,35,73,247,33,97,211,28,230,49,101,24,233,27,76,230,99,23,93,211,181,47,45,220,45,14,219,170,39,211,170,230,78,198,174,23,248,53
Best fitness found so far: 0.6338639509874449; k: 2.0
Generation: 164; 0.6338639509874449; k: 2.0; 122,5,175,170,39,32,59,109,85,83,39,123,205,176,247,138,229,45,35,73,247,33,97,211,28,230,49,76,247,206,27,76,230,55,23,36,45,166,8,120,24,108,39,155,67,176,181,97,225,224,170,150,211,72,230,22,46,96,101,100,228,162,211,211,231,240,230,133,159,91,197,116,230,176,159,91,23,93,206,131,139,101,54,184,188,159,90,228,123,51,250,26,140,186,14,45,243,5,14,174,179,39,219,90,11,115,23,211,45,230,225,21,43,1,149,34
Best fitness found so far: 0.6338639509874449; k: 2.0
Generation: 165; 0.6277641150309917; k: 2.0; 219,5,35,170,39,211,107,14,163,108,83,123,205,176,247,138,229,45,35,73,247,20,97,211,28,230,178,115,54,47,79,147,59,14,109,170,39,20,97,211,28,246,45,14,111,208,14,168,27,191,111,211,23,36,45,166,214,120,33,108,39,123,67,171,163,71,225,219,170,39,26,170,230,22,46,174,2,27,53,211,181,47,45,90,45,176,247,138,229,45,35,73,247,60,97,211,28,230,45,18,29,47,79,147,59,14,39,170,164,81,170,230,78,37,141,23,137,14,48,173,66,53,81,225,47,134,220,115,14,77,170,228,211,170,230,100,71,174,125,150,53
Best fitness found so far: 0.6338639509874449; k: 2.0
Generation: 166; 0.6338639509874449; k: 2.0; 57,5,175,170,105,32,59,94,85,128,39,123,205,176,247,138,229,45,35,73,247,33,97,211,28,230,49,23,247,205,27,76,230,61,23,36,55,79,153,120,24,223,39,222,67,176,163,188,226,212,170,39,37,129,14,106,89,57,30,56,151,174,240,39,191,108,230,31,187,214,45,173,123,23,8,230,54,149,105,164,106,89,111,30,36,151,174,229,45,35,111,247,5,14,43,1,171,34
Best fitness found so far: 0.6338639509874449; k: 2.0
Generation: 167; 0.6338639509874449; k: 2.0; 122,5,175,170,149,32,59,109,191,128,39,123,215,176,169,138,229,45,35,73,169,33,97,211,28,230,131,101,247,139,116,230,133,159,91,86,93,206,131,139,36,54,184,188,159,90,139
Best fitness found so far: 0.6338639509874449; k: 2.0
Generation: 168; 0.6338639509874449; k: 2.0; 122,5,175,170,39,32,59,109,85,83,39,123,205,176,247,138,229,45,35,73,247,33,97,211,28,230,49,101,247,206,27,76,230,55,23,36,45,166,8,120,24,108,39,155,67,176,181,17,8,45,186,111,208,14,168,217,191,111,244,23,36,45,166,214,64,33,42,45,44,67,176,163,188,225,219,108,39,123,205,198,247,138,229,45,35,189,247,20,97,86,28,230,5,211,90,42,247,132,109,56,145,230,11,189,129,97,211,28,230,45,243,163,16
Best fitness found so far: 0.6338639509874449; k: 2.0
Generation: 169; 0.6338639509874449; k: 2.0; 204,5,175,170,149,32,59,109,191,128,39,123,205,176,169,138,229,45,35,73,169,33,97,211,28,230,49,179,25,139,116,151,183,230,5,211,45,42,204,132,93,206,131,139,147,153,195,29,82,211,211,231,216,230,140,106,64,201,204,9,60,13,211,124,32,230,47,11,152,23,236,108,223,8,37,18,77
Best fitness found so far: 0.6338639509874449; k: 2.0
Generation: 170; 0.6338639509874449; k: 2.0; 57,5,175,170,105,32,59,109,85,128,39,123,205,176,247,138,229,45,35,73,247,33,97,211,28,230,49,53,247,233,27,164,230,99,23,36,55,166,101,120,167,223,132,123,67,175,170,25,89,59,14,163,108,133,123,205,176,247,138,91,45,201,73,247,134,97,73,250,230,147,101,100,9,47,211,211,231,240,230,50,159,192,4,240,230,133,159,91,197,158,206,102,4,37,18,45,11,59,197,75,123,14,75,123,14,48,5,66,53,211,181,47,45,220,59,14,194,170,53,2,170,230,55,37,174,165,43,53,14,163,108,133,123,205,176,247,138,91,45,201,73,247,134,97,73,250,230,147,101,100,9,47,211,211,231,240,230,50,159,192,4,240,230,133,159,91,197,158,206,102,4,37,18,45,11,59,197,75,123,14,75,123,14,48,5,66,53,211,181,47,45,220
Best fitness found so far: 0.6338639509874449; k: 2.0
Generation: 171; 0.6338639509874449; k: 2.0; 122,5,175,170,149,32,59,109,191,128,39,123,205,176,169,138,205,45,35,73,169,33,97,211,28,230,49,101,44,139,188,226,224,170
Best fitness found so far: 0.6338639509874449; k: 2.0
Generation: 172; 0.6338639509874449; k: 2.0; 122,5,175,170,149,32,59,109,191,128,39,123,205,176,169,138,205,45,35,73,169,33,97,211,28,230,49,240,44,187,188,226,224,217,138,91,45,35,73,247,221,97,133,2,34,54,116,100,9,47,211,211,231,240,230,50,159,192,4,240,230,133,159,91,213,158,230,187,8,37,18,45,11,59,197,219,89,202
Best fitness found so far: 0.6338639509874449; k: 2.0
Generation: 173; 0.6338639509874449; k: 2.0; 122,5,175,170,39,107,59,109,85,83,39,123,205,176,247,138,229,45,35,73,63,33,97,211,28,230,49,101,247,206,27,76,230,55,23,208,45,202,8,140,24,108,39,155,67,176,181,97,20,224,115,150,15,190,230,22,38,96,101,22,29,169,211,211,154,207,198,14,45,238,209,107,69,197,54,224,13,45,115,232,211,45,230,189,53
Best fitness found so far: 0.6338639509874449; k: 2.0
Generation: 174; 0.6338639509874449; k: 2.0; 57,5,175,170,105,32,59,109,85,188,39,123,205,176,47,138,229,45,35,73,247,33,97,211,28,230,49,23,247,233,27,76,230,99,19,36,55,166,101,120,24,223,39,236,67,176,204,188,226,224,170,39,104,129,149,106,89,57,30,56,151,174,240,39,191,148,230,176,187,214,125,165,123,23,142,230,54,37,105,164,106,89,111,30,36,151,174,229,45,35,243,26,5,14,163,159,39,123,205,176,201,138,229,45,159,192,4,240,230,133,159,91,213,158,230,187,8,37,114,173,11,59,197,219,89,202
Best fitness found so far: 0.6338639509874449; k: 2.0
Generation: 175; 0.6338639509874449; k: 2.0; 27,5,175,170,149,32,131,109,187,128,39,123,205,111,169,138,93,250,35,73,169,33,97,211,28,230,134,101,247,139,147,30,133,188,11,113,93,206,131,139,147,77,195,29,82,211,211,98,135,230,133,159,91,8,158,206,58,8,75,39,94,63,59,61,17,216,240,29,120,103,211,45,146,137,224,144,144,66,230,174,195,121,131,200,142,14,47,79,147,59,14,238,196,211,17,17,230,128,243,110,14,11,127,111,230,196,60,157,188,63,1,108,39,121,84,176,174,138,123,195,225,135,68,112,47,196,170,127,110,43,61,17,216,240,241,98,117,211,45,146,17,224,144,144,84,230,223,243,112,14,93,89,111,230,226,225,144,105,39,231,166,159,90,228,5,51,250,26,140,186,189,45,243,5,49,48,173,39,219,90,198,17,23,15,45,230,225,108,223,1,149,34
Best fitness found so far: 0.6338639509874449; k: 2.0
Generation: 176; 0.6338639509874449; k: 2.0; 30,5,175,170,81,32,59,109,39,128,39,123,205,176,247,138,229,45,17,73,247,33,97,211,28,230,157,101,247,50,27,76,190,99,23,36,45,169,138,229,45,35,110,169,33,97,211,28,230,49,179,247,112,116,151,183,230,5,211,45,42,204,132,93,206,131,139,147,101,195,29,82,211,211,231,216,60,133,162,91,197,158,206,58,8,75,18,94,63,59,61,7,216,240,48,120,182,211,45,80,17,102,144,144,84,230,174,133,85,131,200,250,14,132,58,174,54,211,45,9,56,211,228,75,123,14,230,216,139,39,123,205,176,247,138,229,45,17,73,247,33,97,211,28,230,157,101,247,50,27,76,190,99,23,36,45,169,138,229,45,35,110,169,33,97,211,28,230,49
Best fitness found so far: 0.6338639509874449; k: 2.0
Generation: 177; 0.6338639509874449; k: 2.0; 27,5,175,170,149,32,131,109,187,128,39,123,191,111,169,138,93,250,35,73,169,33,97,211,124,230,134,101,247,139,147,30,133,188,11,113,93,206,131,139,147,77,195,200,165,123,23,142,63,54,37,105,164,106,89,111,30,36,151,174,229,45,35,111,26,5,14,163,159,39,123,44,176,247,98,229,45,113,4,247,20,174,133,121,117,200,59,14,238,196,142,181,17,230,128,243,181,14,104,89,114,230,196,60,148,188,63,24,157,39,123,90,176,125,247,123,249,225,135,68,220,47,136,170,127,248,43,61,141,216,240,241,120,12,211,161,146,17,224,144,49,147,133,174,133,214,131,207,144,14,132,58,174,216,211,45,9,56,75,228,75,146,14,230,123,139,170,39,37,129,149,106,89,57,30,56,151,174,240,39,191,108,230,174,187,214,125,165,123,23,142,230,54,37,109,158,106,89,111,30,36,151,174,229,45,35,111,26,5,14,163,159,39,123,39,249,247,138,229,45,113,4,247,20,174,133,121,59,200,59,14,238,196,142,181,17,230,128,243,181,14,104,89,114,230,196,60,148,188,63,24,108
Best fitness found so far: 0.6338639509874449; k: 2.0
Generation: 178; 0.6338639509874449; k: 2.0; 8,135,175,170,149,12,131,109,187,128,39,123,149,111,169,138,93,250,35,73,169,33,97,211,28,230,134,101,247,139,147,135,133,188,11,113,93,206,14,139,147,77,195,29,191,211,211,97,63,230,133,159,91,8,158,206,58,227,75,39,27,63,59,61,17,175,97,29,45,103,32,45,146,206,131,139,101,115,184,85,159,90,228,20,51,250,26,140,186,14,45,243,5,14,174,179,39,219,245,11,115,23,211,45,23,142,21,43,1,149,34
Best fitness found so far: 0.6338639509874449; k: 2.0
Generation: 179; 0.6338639509874449; k: 2.0; 122,5,175,170,39,32,59,109,191,128,39,123,205,176,247,138,229,45,35,73,247,33,97,211,28,230,49,102,247,29,24,211,211,231,124,230,133,130,159,90,176,174,134,123,207,225,135,68,220,47,136,170,127,248,43,61,17,216,240,241,120,117,211,161,146,208,224,144,144,84,230,174,133,86,131,207,58,14,132,58,174,216,211,45,9,56,211,228,75,146,14,230,123,139
Best fitness found so far: 0.6338639509874449; k: 2.0
Generation: 180; 0.6338639509874449; k: 2.0; 122,5,175,170,39,32,59,109,85,83,39,233,205,176,247,138,229,45,35,73,247,33,97,211,28,230,49,101,247,98,27,23,129,55,23,36,45,166,8,120,24,108,39,155,164,176,181,17,8,45,41,111,208,14,168,217,191,111,5,124,170,39,221,59,14,191,128,39,123,205,176,247,138,229,45,35,73,247,20,97,211,28,222,49,101,241,210,24,211,144,144,66,230,172,133,54,161,1,58,14,132,58,174,206,177,76,230,55,194,36,45,166,8,120,53,45,42,204,132,50,21,166,231,240,230,133,140,40,163,106,52,188,246,147,199,221,8,222,5,123,139
Best fitness found so far: 0.6338639509874449; k: 2.0
Generation: 181; 0.6338639509874449; k: 2.0; 158,5,175,170,229,32,59,109,85,83,39,123,205,176,247,138,33,45,167,73,247,33,97,211,28,230,53,101,129,54,27,76,230,55,23,36,19,189,8,120,24,28,230,148,53,156,233,27,76,230,99,23,244,153,19,101,120,167,165,132,85,67,200,149,32,59,109,191,128,39,123,205,176,169,138,229,42,35,73,169,33,84,211,28,230,231,101,122,139,116,230,133,159,91,86,248,43,102,17,216,240,129,120,117,211,161,62,17,71,144,144,186,230,174,233,86,131,207,58,14,132,29,148,216,46,14,9,56,52,228,75,146,14,230,123,139
Best fitness found so far: 0.6338639509874449; k: 2.0
Generation: 182; 0.6338639509874449; k: 2.0; 78,5,175,170,105,32,59,109,65,128,39,123,205,176,247,138,229,45,35,73,247,33,97,211,28,230,156,74,100,43,17,211,211,45,240,230,133,159,91,23,243,18,111,139,196,54,67,188,194,10,75,145,183,128,39,123,205,176,239,138,123,205,176,247,181,33,45,167,73,247,33,69,211,28,230,22,101,129,54,186,122,230,55,23,36,19,94,8,120,24,25,39,221,67,52,181,97,225,166,170,150,211,72,230,22,46,214,101,100,29,161,182,211,231,240,230,133,159,91,197,158,206,102,8,37,18,94,63,59,155,17,21,224,82,120,103,211,45,146,17,141,144,128,84,230,174,133,121,175,200,59,14,238,20,142,181,17,230,149,243,171,14,72,89,86,230,196,60,157,188,63,24,108,39,123,90,166,174,134,123,207,225,135,68,220,47,136,204,127,228,43,61,17,216,94,63,59,61,7,216,240,241,120,103,10,45,3,230,224,144,144,66,230,174,133,127,131,1,58,14,132,58,174,206,177,76,230,55,23,36,45,166,8,120,24,108,39,28,67,192,181,97,225,224,218,55,211,72,230,22,46,96,101,100,29,161,211,236,231,240,133,133,159,158,197,158,206,102,8,37,18,94,63,59,135,17,216,240,241,120,103,211,45,146,17,224,144,144,84,230,174,133,121,175,200,123,14,132,58,174,95,18,106,40,10,211,228,75,231,189,230,224,139
Best fitness found so far: 0.6338639509874449; k: 2.0
Generation: 183; 0.6338639509874449; k: 2.0; 57,5,175,170,105,32,59,174,65,128,39,123,205,176,247,138,215,45,35,73,247,33,97,211,28,230,177,101,100,43,17,211,156,46,240,230,133,159,91,23,93,206,111,139,56,54,67,188,184,186,230,174,68,102,41,207,58,14,132,14,230,123,139
Best fitness found so far: 0.6338639509874449; k: 2.0
Generation: 184; 0.6338639509874449; k: 2.0; 122,5,175,170,39,32,59,109,85,83,49,123,205,176,247,138,229,45,35,73,247,33,97,211,28,230,49,101,172,206,27,76,230,55,23,125,45,202,8,158,24,108,39,29,161,211,211,154,211,73,14,45,73,107,107,69,197,54,8,13,45,115,75,213,45,230,225,21,82,1,149,147
Best fitness found so far: 0.6338639509874449; k: 2.0
Generation: 185; 0.6338639509874449; k: 2.0; 122,5,175,170,149,32,59,109,191,128,39,123,137,206,169,138,93,45,35,73,169,33,97,211,28,230,216,74,247,139,116,230,147,159,91,86,93,206,131,139,147,101,54,29,82,211,44,231,122,230,133,159,91,197,158,206,58,8,75,18,94,63,59,222,17,240,230,133,23,93,211,181,232,45,220,195,14,219,86,39,211,170,5,35,170,39,107,107,83,163,93,39,123,205,176,247,138,229,45,35,73,247,20,79,211,234,230,45,18,54,210,61,147,113,28,39,170,39,200,170,230,78,123,185,23,200,53
Best fitness found so far: 0.6338639509874449; k: 2.0
Generation: 186; 0.6338639509874449; k: 2.0; 148,5,175,170,105,32,59,109,65,128,39,123,243,176,247,138,229,45,35,73,247,33,97,211,28,200,177,101,51,43,17,211,211,46,240,230,133,159,91,148,93,126,111,139,208,54,67,188,184,179,75,233,183,128,39,168,46,176,145,138,229,45,35,109,157,33,128,39,123,205,176,227,138,242,57,35,73,179,33,156,193,28,230,49,101,73,107,107,54,179,70,55,174,23,25,53
Best fitness found so far: 0.6338639509874449; k: 2.0
Generation: 187; 0.6338639509874449; k: 2.0; 122,5,175,170,39,32,59,109,191,128,39,123,205,176,247,138,229,45,35,73,247,33,97,211,166,230,49,101,156
Best fitness found so far: 0.6338639509874449; k: 2.0
Generation: 188; 0.6338639509874449; k: 2.0; 122,5,175,170,245,32,59,109,191,128,39,123,205,176,169,138,229,45,35,73,169,33,97,211,28,230,49,101,247,139,116,230,133,159,91,86,93,205,131,139,36,54,184,188,159,90,228,123,51,250,26,101,186,14,45,235,5,14,174,179,39,219,90,130,115,23,211,45,230,225,21,43,1,149,34
Best fitness found so far: 0.6338639509874449; k: 2.0
Generation: 189; 0.6338639509874449; k: 2.0; 62,5,175,212,105,32,59,109,85,188,39,123,205,176,47,138,229,45,35,73,247,33,97,211,28,230,49,23,247,233,27,76,230,15,19,64,55,166,101,120,24,145,39,236,67,176,204,188,226,224,170,39,104,129,36,45,166,177,171,24,108,43,123,67,128,39,88,205,199,247,138,229,45,35,73,247,20,20,211,28,230,147,101,100,29,17,211,211,231,240,230,236,159,240,187,158,206,102,8,37,18,45,230,82,27,4
Best fitness found so far: 0.6338639509874449; k: 2.0
Generation: 190; 0.6338639509874449; k: 2.0; 77,5,175,170,105,32,59,94,85,128,39,123,205,176,247,138,229,45,35,73,247,33,97,211,28,230,170,23,56,17,216,240,241,91,80,45,230,225,21,43,1,149,34
Best fitness found so far: 0.6338639509874449; k: 2.0
Generation: 191; 0.6338639509874449; k: 2.0; 122,5,175,170,39,32,59,109,85,83,39,123,205,176,247,138,229,45,35,73,247,33,97,211,28,230,49,101,247,206,27,8,230,55,23,36,45,166,8,140,24,108,39,155,67,176,181,97,225,224,115,150,18,49,23,247,233,27,76,149,99,19,36,55,166,101,120,24,223,30,236,32,59,109,191,128,39,123,205,176,169,138,4,45,35,73,169,33,97,211,28,230,49,101,44,139,188,226,70,170
Best fitness found so far: 0.6338639509874449; k: 2.0
Generation: 192; 0.6338639509874449; k: 2.0; 122,5,175,170,149,32,59,109,85,128,39,123,75,111,169,138,225,45,35,73,169,33,97,211,28,230,227,101,247,139,116,121,133,69,91,86,93,206,131,139,147,101,114,29,82,19,211,231,216,230,133,159,91,197,158,206,58,8,75,18,94,63,250,61,17,53,240,241,120,103,211,45,8,17,224,144,18,53,230,174,133,121,131,200,58,14,132,123,205,176,247,138,229,45,35,93,247,33,97,211,28,230,49,101,247,29,24,211,211,98,124,73,8,15,159,225,234,187,21,144,209,162,186,188,46,36
Best fitness found so far: 0.6338639509874449; k: 2.0
Generation: 193; 0.6338639509874449; k: 2.0; 138,5,175,182,105,32,59,109,85,173,39,123,205,176,247,138,229,45,35,73,247,33,97,211,28,230,148,214,156,233,27,76,230,243,23,101,55,166,101,120,167,223,132,123,67,55,170,39,181,59,14,163,126,168,123,205,176,247,138,15,102,35,73,23,134,97,73,37,230,147,101,100,9,47,211,211,231,108,230,43,159,199,4,240,230,133,231,240,230,232,159,91,25,158,63,102,8,37,18,108,230,160,27,4,230,148,53,247,233,224,218,150,132,108,230,22,46,166,224,170,150,211,72,230,22,46,96,112,100,29,161,211,211,231,19,74,133,179,29,197,158,65,102,8,37,18,94,185,59,135,144,144,171,230,174,133,86,131,207,58,14,132,58,159,216,211,45,74,56,211,228,75,146,14,230,123,139
Best fitness found so far: 0.6338639509874449; k: 2.0
Generation: 194; 0.6338639509874449; k: 2.0; 122,5,175,170,39,142,59,109,85,83,39,123,205,176,247,138,229,45,35,73,247,33,97,211,28,230,49,101,247,206,27,76,230,55,23,36,45,166,8,140,4,108,39,155,67,176,181,97,225,117,96,150,211,72,230,22,46,96,101,22,29,161,211,211,154,211,73,14,45,73,107,186,69,197,54,8,13,45,115,232,211,229,45,35,43,247,33,97,211,28,230,177,101,100,43,17,211,13,46,240,230,133,159,91,23,93,206,27,83,208,54,67,188,184,179,75,233,183,128,125,123,205,176,247,108,22,45,35,109,247,33,128,39,123,205,176,165,138,38,229,35,73,247,33,156,193,28,230,49,101,73,107,107,54,179,70,216,174,23,73,169,33,248,211,28,128,49,163,247,139,116,205,183,157,5,211,45,42,204,132,50,16,21,232,240,230,133,1,40,204,230,52,188,58,43,199,221,8,122,236,123,139
Best fitness found so far: 0.6338639509874449; k: 2.0
Generation: 195; 0.6338639509874449; k: 2.0; 122,5,175,170,39,32,59,109,85,83,39,123,205,176,247,138,229,45,35,73,247,33,97,211,28,195,49,101,247,206,27,76,230,55,23,36,45,166,8,215,24,108,39,155,5,175,170,118,32,59,109,191,128,39,123,237,176,169,138,229,45,35,39,169,33,97,211,28,61,49,179,25,139,116,151,183,230,5,211,45,42,204,132,93,179,131,139,147,153,195,29,82,211,211,180,216,230,140,208,64,201,204,9,60,13,179,124,32,230,47,11,152,141,236,108,98,8,37,18,77
Best fitness found so far: 0.6338639509874449; k: 2.0
Generation: 196; 0.6338639509874449; k: 2.0; 30,193,175,170,105,32,59,109,85,128,39,123,205,176,247,138,229,45,35,73,247,33,97,211,28,230,49,101,73,107,107,54,179,70,216,174,247,99,23,36,149,166,174,120,167,144,84,230,29,133,121,175,105,230,14,132,58,174,172,211,45,40,56,211,250,75,9,14,230,103,139
Best fitness found so far: 0.6338639509874449; k: 2.0
Generation: 197; 0.6338639509874449; k: 2.0; 20,5,175,170,105,32,59,109,85,173,39,123,205,36,247,138,229,45,35,73,247,33,97,211,28,230,148,214,156,233,27,76,230,99,23,101,55,166,101,120,167,223,132,148,67,55,170,39,181,59,230,55,23,36,45,163,8,120,24,244,34,155,67,199,181,97,225,224,170,150,211,72,230,97,46,96,101,100,177,162,59,109,191,128,39,123,205,176,169,213,49,45,35,73,169,33,97,211,28,203,49,64,247,139,116,222,183,230,5,211,199,42,204,132,93,206,131,40,147,101,195,117,82,211,211,231,216,230,218,187,91,197,158,206,24,8,75,18,94,181,59,174,7,216,240,241,120,103,211,45,3,98,224,4,191,84,230,174,106,121,131,200,58,14,132,58,174,3,211,45,9,56,211,45,75,123,55,230,135,29
Best fitness found so far: 0.6338639509874449; k: 2.0
Generation: 198; 0.6338639509874449; k: 2.0; 30,5,175,170,81,32,59,109,89,128,39,123,205,176,247,138,229,45,35,73,247,33,97,211,28,230,157,145,247,233,27,76,190,99,23,36,45,169,138,229,45,35,73,169,179,110,211,28,230,49,179,247,112,116,151,183,230,5,211,45,42,204,132,93,206,131,139,147,101,152,230,45,120,249,179,43,9,93,230
Best fitness found so far: 0.6338639509874449; k: 2.0
Generation: 199; 0.6338639509874449; k: 2.0; 30,193,175,170,105,162,59,109,85,128,39,123,205,151,247,138,229,45,177,73,247,33,97,211,28,230,49,101,185,233,27,174,230,177,23,93,211,181,47,45,220,195,14,219,170,39,211,137,17,230,83,211,139,240,230,133,159,91,23,93,7,111,139,196,54,2,188,174,50,75,145,183,128,39,123,205,176,247,45,221,45,36,73,247,33,97,211,28,230,177,101,100,43,21,211
Best fitness found so far: 0.6338639509874449; k: 2.0
Total time of execution of seed 10 : 27941518
Solution Fitness: -0.6338639509874449
Variables: uniform 4 chebyshev moveAverage moveNear moveBetween moveBetween split moveBetween join moveBetween moveBetween split join
