Generation: 0; -1.0; k: 0.0; 93,225,175,7,106,105,192,223
Best fitness found so far: -1.0; k: 0.0
Generation: 1; 0.20368862636962812; k: 3.0; 123,175,134,91,165,189,121,41,133,94,139,240,141
Best fitness found so far: 0.20368862636962812; k: 3.0
Generation: 2; 0.1781048532184176; k: 3.0; 135,175,134,91,165,189,121,41,133,94,139,240,205,85,243
Best fitness found so far: 0.20368862636962812; k: 3.0
Generation: 3; 0.2511053822991993; k: 2.0; 213,73,96,79,167,139,205
Best fitness found so far: 0.2511053822991993; k: 2.0
Generation: 4; 0.29975935284362903; k: 2.4; 104,139,126,203,99,174,193,37,101,6,105,197,47,188,186,150,217,182,111,243,194,82,36,170,224,147,94,108,55,180
Best fitness found so far: 0.29975935284362903; k: 2.4
Generation: 5; 0.323552263356385; k: 2.0; 194,139,126,203,99,47,109,146,177,53,139,224,160,35,57,69,8
Best fitness found so far: 0.323552263356385; k: 2.0
Generation: 6; 0.3267294592920197; k: 2.0; 194,139,126,203,129,174,193,225,101,6,105,197,47,29,135,175,191,1,73,105,134
Best fitness found so far: 0.3267294592920197; k: 2.0
Generation: 7; 0.3018577411645099; k: 2.0; 194,139,47,203,99,174,193,225,101,6,105,19,47,29,135,175,167,175,191,1,73,195,134
Best fitness found so far: 0.3267294592920197; k: 2.0
Generation: 8; 0.3419648379904029; k: 2.0; 194,139,126,203,99,145,193,37,101,6,105,197,188,60,91,165,189,121,41,133,94,139,189,205,197,91,165,245,121,124,133,250,111,197,217,180,41,111,100,139,240,223
Best fitness found so far: 0.3419648379904029; k: 2.0
Generation: 9; 0.4270662222927748; k: 2.0; 123,27,193,225,101,6,105,197,165,189,121,156,133,94,127,240,205,85,243
Best fitness found so far: 0.4270662222927748; k: 2.0
Generation: 10; 0.3419648379904029; k: 2.0; 194,139,126,203,99,145,193,37,101,6,105,197,188,60,91,165,189,121,41,99,174,193,105,101,6,105,197,238,60,149,60
Best fitness found so far: 0.4270662222927748; k: 2.0
Generation: 11; 0.4270662222927748; k: 2.0; 123,27,193,225,101,6,105,197,165,189,121,156,133,94,127,110,205,85,243
Best fitness found so far: 0.4270662222927748; k: 2.0
Generation: 12; 0.3636686851056175; k: 2.0; 173,175,134,47,177,189,51,41,109,47,29,135,175,191,1,193,225,101,225,105,19,47,29,135,175,167,175,191,1,73,195,134
Best fitness found so far: 0.4270662222927748; k: 2.0
Generation: 13; 0.346204862474517; k: 2.0; 104,90,126,38,99,174,211,105,197,6,105,87,47,188,186,65,217,182,111,147,89,101,68,105,133,105,65,47,134,217,249,47,75,186,165,217,182,111,243,89
Best fitness found so far: 0.4270662222927748; k: 2.0
Generation: 14; 0.37673442044026084; k: 2.0; 123,12,193,225,101,6,105,197,165,189,121,156,133,94,177,240,205,85,243
Best fitness found so far: 0.4270662222927748; k: 2.0
Generation: 15; 0.3469478680269486; k: 2.0; 194,139,126,225,99,203,99,196,193,37,101,6,107,133,47,60,247,135,175,134,91,165,189,88,41,145,36,189,121,91,133,99,72,193,37,101,6,105,197,47,188,186,150,149,182,111,16,100,82,36,170,224,147,168,180,66,121,79,106,26
Best fitness found so far: 0.4270662222927748; k: 2.0
Generation: 16; 0.3622871508367824; k: 2.0; 123,96,126,203,87,174,193,225,101,6,105,197,47,29,135,175,133,1,73,205,117,91,165,245,78,222,133,250,111,197,217,180,41,111,100,34,240,223,126,203
Best fitness found so far: 0.4270662222927748; k: 2.0
Generation: 17; 0.346204862474517; k: 2.0; 104,90,126,38,99,29,211,105,197,6,105,87,47,188,186,100,217,169,111,147,89,101,68,105,133,60,65,47,134,217,34,47,75,186,165,244,37,230,185,10,103,81,89,187,123,52,139,131
Best fitness found so far: 0.4270662222927748; k: 2.0
Generation: 18; 0.346204862474517; k: 2.0; 104,90,126,203,99,174,211,105,197,6,105,197,47,188,186,150,217,182,111,147,89,101,68,105,133,105,65,47,94,203,249,91,200,225,101,175,4,219,31,210,172,189,186,52,90,165,171
Best fitness found so far: 0.4270662222927748; k: 2.0
Generation: 19; 0.346204862474517; k: 2.0; 104,90,126,203,99,174,211,105,197,6,105,197,47,188,186,80,217,182,111,147,89,101,68,105,133,105,65,47,134,203,249,91,191,225,101,6,105,197,165,189,121,156,133,94,127,110,205,85,243
Best fitness found so far: 0.4270662222927748; k: 2.0
Generation: 20; 0.35461494947345173; k: 2.0; 173,175,134,47,135,189,219,41,109,47,29,135,175,194,86,193,225,101,225,105,19,47,61,91,165,189,121,41,121,41,133,94,185,147,133,145,102,194,41,166,174,193,15,210,119,193,225,195,6,114,4,104,56,211,105,197,6,105,197,208,188,186,150,217,182,111,147,133,101,68,105,133,124,65,47,94,203,249,91,200,209,188,175,4,219,31,210,215,190,186,52,90,249,243,203,249,91,200,225,217,175,4,219,31,210
Best fitness found so far: 0.4270662222927748; k: 2.0
Generation: 21; 0.3469478680269486; k: 2.0; 194,139,126,225,99,203,99,196,193,37,101,6,107,133,47,60,247,135,175,134,91,165,189,88,41,145,36,189,121,91,133,99,72,193,37,101,6,58,197,47,188,186,150,149,47,225,189,227,41,2,85
Best fitness found so far: 0.4270662222927748; k: 2.0
Generation: 22; 0.346204862474517; k: 2.0; 92,90,126,122,99,174,211,105,197,6,105,197,47,188,154,80,217,182,111,147,48,101,89,105,133,105,65,160,134,203,249,91,208,225,101,6,37,101,6,111,217,191,8,208,85,243
Best fitness found so far: 0.4270662222927748; k: 2.0
Generation: 23; 0.3643316640239582; k: 2.0; 194,139,126,225,99,203,99,196,193,37,101,6,107,209,47,60,247,135,175,141,91,165,189,88,41,178,225,101,6,105,197,165,189,121,156,133,94,177,221,205,85,243
Best fitness found so far: 0.4270662222927748; k: 2.0
Generation: 24; 0.35461494947345173; k: 2.0; 173,175,134,47,135,189,51,41,109,97,29,135,175,194,86,193,39,101,225,105,19,47,61,162,165,189,121,41,121,41,133,94,150,217,242,111,147,89,101,68,115,133,225,196,217,107,203,249,91,134,158,74,175,4,37,230,185,54,103,81,89,126,203,95,47,193,146,49,105,197,6,105,87,29,188,81,100,81,63,135,147,166,47,29,135,228,194,86,193,225,181,141,105,19,166,61,91,165,189,121,41,156,41,178,94,153,240,141
Best fitness found so far: 0.4270662222927748; k: 2.0
Generation: 25; 0.35461494947345173; k: 2.0; 173,175,134,47,135,189,51,41,109,47,29,135,175,194,86,193,225,101,225,60,247,135,175,141,91,165,189,88,41,178,225,101,6,105,197,165,201,121,156,133,94,177,221,205,85,243
Best fitness found so far: 0.4270662222927748; k: 2.0
Generation: 26; 0.35461494947345173; k: 2.0; 173,141,134,134,135,189,51,41,109,47,29,135,175,194,86,193,225,101,225,105,199,47,61,91,165,189,226,41,121,41,133,249,224,86,225,101,175,4,84,31,162,172,189,68,105,133,105,65,47,134,217,249,47,75,190,148,217,182,111,243,89
Best fitness found so far: 0.4270662222927748; k: 2.0
Generation: 27; 0.3661290094516195; k: 2.0; 104,163,126,38,99,174,211,105,197,6,105,87,47,17,186,225,217,182,111,152,246,101,68,105,133,105,65,47,25,217,34,47,75,186,165,244,37,230,185,54,103,69,89,93,123,230,177,79,146,224,246,203,147,40,167,189,134,109,165,189,121,41,133,94,43,240,105,130,47,60,105,19,47,61,162,165,189,121,41,121,41,133,94,123,217,242,111,147,89,101,68,115,133,225,149,182,111,16,100,82,36,11,224,147,69,180,34,121,79,106,91
Best fitness found so far: 0.4270662222927748; k: 2.0
Generation: 28; 0.35461494947345173; k: 2.0; 173,175,134,47,135,189,51,41,109,47,247,135,175,234,86,193,193,101,195,105,87,47,197,86,193,81,101,225,105,199,47,61,91,165,189,226,41,121,41,133,214,224,86,85,101,175,4,84,31,17,172,189,186,52,90,165,171
Best fitness found so far: 0.4270662222927748; k: 2.0
Generation: 29; 0.4270662222927748; k: 2.0; 123,27,193,225,101,6,105,197,165,34,121,156,133,94,127,240,205,85,243
Best fitness found so far: 0.4270662222927748; k: 2.0
Generation: 30; 0.3904823135295836; k: 2.0; 173,175,134,47,135,189,131,41,109,47,29,195,21,171,99,203,53,196,193,221,101,6,107,133,47,60,247,23,175,134,91,165,189,240,41,145,36,189,121,91,133,235,7,193,37,101,6,86,197,47,188,62,150,201,139,105,6,198,224,195,160,101,74,105,19,47,57,91,165,189,121,41,156,41,178,175,31,240,141
Best fitness found so far: 0.4270662222927748; k: 2.0
Generation: 31; 0.3661290094516195; k: 2.0; 104,163,126,38,99,174,211,105,197,6,105,87,47,17,186,225,217,182,111,152,246,101,6,105,133,105,65,47,25,185,82,47,13,186,165,187,64,40,185,54,103,69,89,93,168,230,177,79,89,224,246,113,147,40,167,189,134,109,165,189,121,41,133,94,43,240,105,130,47,60,105,19,47,61,162,165,189,121,41,121,41,86,225,217,175,4,19,31,162,80,189,68,17,133,187,65,47,74,217,97,211,237,197,6,105,87,41,188,186,100,126,245,139,111,203,37,121,136,133,94,206,240,205,85,243
Best fitness found so far: 0.4270662222927748; k: 2.0
Generation: 32; 0.3657805050535531; k: 2.0; 173,175,17,47,135,189,131,23,109,47,29,195,21,171,99,117,53,196,193,221,101,6,107,133,47,60,247,23,175,134,91,165,189,240,41,145,36,189,121,91,243,235,7,193,37,101,6,86,47,47,188,62,150,201,139,63,6,198,224,10,160,101,194,105,19,47,57,91,165,189,121,74,156,41,178,19,47,29,135,175,167,175,191,1,73,195,134
Best fitness found so far: 0.4270662222927748; k: 2.0
Generation: 33; 0.3661290094516195; k: 2.0; 104,163,126,38,99,174,211,105,197,6,105,87,47,17,186,225,217,182,176,152,246,101,6,105,133,105,65,47,25,185,74,47,13,186,165,187,64,40,185,54,103,69,89,93,168,230,177,79,89,224,246,113,147,40,167,189,134,109,165,189,121,41,133,94,155,240,105,130,47,60,105,19,47,61,162,165,159,121,41,121,41,86,225,217,175,4,19,31,162,213,189,68,17,133,187,65,47,74,217,97,211,237,197,6,105,87,41,188,186,100,126,245,139,111,203,37,121,191,1,193,178,101,225,105,19,47,29,135,117,167,175,191,1,73,195,134
Best fitness found so far: 0.4270662222927748; k: 2.0
Generation: 34; 0.3701317351446102; k: 2.0; 123,27,193,225,101,6,105,197,165,120,121,156,133,94,127,156,133,94,127,110,205,85,243
Best fitness found so far: 0.4270662222927748; k: 2.0
Generation: 35; 0.3904823135295836; k: 2.0; 173,175,134,47,135,189,131,41,109,47,29,195,21,171,99,203,53,196,193,221,101,6,107,133,47,60,247,23,175,134,91,165,189,240,41,145,36,189,121,91,133,235,7,193,37,101,6,86,197,47,188,62,150,201,139,105,6,198,224,195,160,101,188,105,19,47,57,91,165,67,121,5,156,162,25,189,68,17,31,121,41,121,41,216,94,185,240,141
Best fitness found so far: 0.4270662222927748; k: 2.0
Generation: 36; 0.3661290094516195; k: 2.0; 104,163,126,38,99,174,211,105,197,6,105,87,47,17,186,225,217,182,111,220,246,65,6,105,60,105,65,133,25,185,15,47,13,101,246,187,64,40,185,103,103,27,89,93,168,230,143,79,89,224,227,113,147,107,167,189,134,109,165,189,121,41,133,94,43,240,105,130,47,60,105,118,47,121,162,165,189,121,41,139,12,86,225,217,175,4,19,31,202,80,189,68,158,133,187,65,47,74,217,97,211,237,197,6,231,87,41,188,186,100,126,245,139,111,203,37,33,121,41,47,135,62,131,41,109,47,29,195,175,107,86,178,225,101,1,105,87,47,224,218,41,211,60,239,152,65,94,153,68,141
Best fitness found so far: 0.4270662222927748; k: 2.0
Generation: 37; 0.4270662222927748; k: 2.0; 123,27,193,225,101,46,105,197,165,34,121,156,133,94,127,240,205,85,243
Best fitness found so far: 0.4270662222927748; k: 2.0
Generation: 38; 0.3701317351446102; k: 2.0; 123,27,193,225,101,6,105,197,165,120,121,156,133,94,127,156,133,94,127,110,205,85,243
Best fitness found so far: 0.4270662222927748; k: 2.0
Generation: 39; 0.3661290094516195; k: 2.0; 104,163,126,38,99,174,211,105,197,6,105,87,157,17,186,225,87,88,111,38,246,101,68,105,133,105,65,47,25,217,34,47,75,186,165,244,37,230,185,54,77,175,134,47,135,189,51,41,109,47,247,135,103,234,86,193,15,101,202,105,87,47,197,171,193,81,68,225,105,199,47,195,134,165,90,162,220,120,41,55,214,240,86,85,197,6,41,197,228,188,186,150,88,182,12,134,159,134,54,53,224,195,93,92,230,196,79,39,224,246,113,147,107,25,189,134,161,165,29,121,124,91,201,43,240,105,130,234,60,168,233,47,61,162,165,189,121,153,121,202,86,225,61,175,4,72,68,40,80,189,68,17,133,168,65,47,160,217,97,211,94,197,176,105,87,41,188,186,199,126,245,82,195,203,61,121,188,191,17,206,81,205,202,129,174,2,48,145,222,38,47,136,133,94,206,219,205,125,193,174,33,171,99,224,53,196,193,221,101,7,107,133,47,60,247,23,175,134,91,165,189,224,181,145,36,189,121,91,243,123,115,177,59,146,50,246,78,147,40,199,189,134,109,156,189,121,67,133,94,43,240,105,130,47,60,105,19,22,61,162,165,189,121,164,39,41,133,229,192,217,242,111,147,89,101,24,115,133,225,149,182,111,16,100,82,243,69,224,147,69,180,34,121,97,122,174,147,96,156,41,178,94,246,192,141
Best fitness found so far: 0.4270662222927748; k: 2.0
Generation: 40; 0.373814782162777; k: 2.0; 104,205,126,38,99,103,211,105,197,6,105,87,47,17,186,225,217,182,111,152,246,101,68,131,133,137,65,47,25,217,34,47,66,186,165,244,37,40,185,54,103,69,89,93,123,230,177,79,146,224,246,203,147,40,167,189,41,109,101,68,51,133,205,65,47,25,217,34,47,75,186,165,244,37,127,185,54,103,69,89,93,123,230,210,79,3,224,246,203,75,40,167,4,11,109,155,189,121,41,92,13,43,240,105,130,47,60,145,19,47,61,162,165,189,36,41,121,41,133,94,123,217,142,111,147,89,80,210,115,61,91,201,188,186,100,47,175,194,86,218,225,101,70,105,87,47,197,6,41,205,85,243
Best fitness found so far: 0.4270662222927748; k: 2.0
Generation: 41; 0.373814782162777; k: 2.0; 129,163,126,38,157,133,211,105,197,6,29,87,47,17,88,225,120,182,182,152,52,72,189,105,90,71,194,47,25,185,74,47,13,186,165,187,64,40,185,245,209,35,199,29,135,148,188,169,19,76,101,225,105,76,47,61,91,165,69,121,152,72,41,178,94,238,63,159
Best fitness found so far: 0.4270662222927748; k: 2.0
Generation: 42; 0.373814782162777; k: 2.0; 129,163,126,38,157,133,211,110,197,6,29,87,47,237,88,225,120,125,182,152,27,72,6,105,95,105,204,121,25,98,74,47,13,245,165,187,133,216,185,245,249,69,89,93,180,230,250,79,89,224,95,137,103,60,64,207,47,201,74,32,235,72,236,121,152,135,189,158,41,109,47,29,195,21,171,99,203,53,196,121,41,61,13,43,156,209,90,47,60,145,205,47,61,162,11,28,36,41,68,41,156,172,123,148,101,225,147,89,101,68,115,176,60,75,188,186,240,175,191,49,22,195,165,70,121,41,54,165,189,209,70,177,99,163,240,105,130,47,60,105,5,44,61,162,165,189,83,41,39,41,249,91,193,225,101,206,196,214,35,210,123,116
Best fitness found so far: 0.4270662222927748; k: 2.0
Generation: 43; 0.373814782162777; k: 2.0; 209,163,126,38,157,133,211,105,197,6,29,87,47,17,88,225,120,182,182,152,52,72,6,105,95,25,217,34,78,75,186,165,244,37,146,220,1,103,69,89,93,123,230,177,195,146,224,246,245,200,40,106,143,134,109,165,189,121,41,133,94,43,126,38,99,174,211,105,208,6,105,87,131,17,186,225,73,182,149,152,246,101,68,105,133,105,65,47,25,217,34,47,75,186,165,156,40,167,189,134,109,165,189,121,114,133,94,155,32,105,164,244,48,230,185,56,103,249,241,93,123,230,101,79,101,224,246,203,147,40,167,189,134,109,165,129,121,41,133,94,43,240,105,130,47,60,105,19,146,61,27,249,189,121,41,121,41,133,41,123,217,242,111,147,89,101,68,115,133,225,149,182,111,16,100,82,36,11,35,136,69,84,34,121,79,106,91
Best fitness found so far: 0.4270662222927748; k: 2.0
Generation: 44; 0.3904823135295836; k: 2.0; 173,175,134,47,135,189,131,41,215,47,29,195,21,171,63,203,53,196,5,221,101,6,107,133,47,200,247,23,175,134,91,165,189,240,41,145,36,189,121,105,197,6,105,87,47,17,216,225,217,182,111,152,246,165,189,94,41,133,94,43,178,105,130,47,60,105,19,47,61,162,47,199,221,131,247,236,47,29,88,175,229,86,193,92,126,38,157,10,211,105,197,194,204,87,47,19,88,225,120,182,182,152,52,72,6,105,95,25,217,34,78,75,186,165,143,37,217,4,1,103,69,68,93,56,230,182,195,146,224,246,203,25,40,167,189,134,109,165,189,121,41,223,94,43,240,105,222,47,60,200,82,120,61,162,165,189,59,56,223,41,194,94,123,41,109,97,29,87,175,106,80,193,81,101,225,105,19,190,179,162,165,32,121,95,121,41,133,201,1,32,242,111,147,111,101,68,115,133,118,173,217,107,203,38,143,134,158,74,175,147,31,106,185,54,30,61,89,126,199,108,47,110,146,77,105,197,233,105,127,29,167,81,167,81,12,135,20,166,168,29,135,178,199,86,118,138,142,170,105,19,166,61,91,165,179,121,41,156,41,93,94,139,101,141,165,189,94,41,133,94,43,178,105,130,47,60,105,19,47,61,162,47,199,221,131,247,236,47,29,88,175,229,86,193,92,126,38,157,10,211,105,197,194,204,87,47,19,88,225,120,182,182,152,52,72,6,105,95,25,217,34,78,75,186,165,143,37,217,4,1,103,69,68,93,56,230,182,195,146,224,246,203,25,40,167,189,134,109,165,189,121,41,223
Best fitness found so far: 0.4270662222927748; k: 2.0
Generation: 45; 0.3904823135295836; k: 2.0; 173,175,134,47,135,189,131,41,109,47,29,195,21,171,99,203,53,196,69,221,101,6,107,133,47,60,247,23,175,134,91,180,189,240,41,145,36,189,40,47,133,235,7,193,37,101,6,86,197,47,250,154,150,240,33,130,47,60,105,244,47,61,162,165,189,121,140,121,52,133,94,123,41,109,97,29,135,175,106,86,193,106,134,134,135,189,51,41,109,47,220,135,12,194,86,193,225,101,225,105,131,47,61,104,100,189,226,41,121,41,229,249,224,82,225,217,175,4,37,31,206,25,189,68,105,133,105,65,47,74,217,171,223,237,197,6,105,87,47,188,62,100,126,245,139,111,203,171,165,132,220,101,6,56,197,188,60,34,237,213,156,231,142,127,218,189,12,165,203,43,164,38,236,96,192,203,184,249,227,172,87,114,241,43,116,224,23,44,203,233,37
Best fitness found so far: 0.4270662222927748; k: 2.0
Generation: 46; 0.373814782162777; k: 2.0; 235,163,126,38,157,133,211,105,197,6,29,87,47,17,88,225,244,182,182,152,52,72,6,105,95,105,180,47,25,185,74,20,13,186,165,187,64,40,115,245,103,69,89,110,197,6,29,87,47,237,88,225,120,125,131,130,176,72,6,105,95,105,28,121,25,185,74,47,13,245,165,187,64,40,216,245,103,87,89,93,180,230,94,79,89,224,95,137,103,60,20,207,47,201,74,32,235,72,236,121,41,135,189,158,41,109,47,29,195,21,171,99,203,53,196,89,58,101,6,7,193,37,101,75,86,47,186,36,133,4,111,197,231,180,41,98,100,34,240,232,126,203
Best fitness found so far: 0.4270662222927748; k: 2.0
Generation: 47; 0.373814782162777; k: 2.0; 129,163,126,38,157,133,211,110,197,6,29,87,47,237,88,225,120,125,182,152,27,72,6,155,95,105,204,121,25,185,74,47,13,155,165,187,64,40,185,245,52,69,89,93,180,230,94,79,89,225,199,182,133,105,87,47,17,186,160,73,2,210,152,246,147,20,105,122,83,146,47,242,23,34,47,75,186,146,147,40,167,189,134,109,47,29,196,21,54,99,117,53,216,235,218,53,126,145,133,61,60,247,23,195,134,97,165,197,86,41,150,94,224,121,91,243,74,153,27,37,101,6,86,208,47,188,62,150,211,206,197,6,105,189,142,17,171,225,217,182,215,9,57,156,168,123,76,249,26,210,84,39,202,60,20,18,47,110,162,165,189,121,41,121,41,133,234,123,51,109,97,29,24,134,106,86,193,50,175,225,124,144,198,179,162,165,157,121,167,121,41,29,240,150,217,242,111,147,129,101,68,195,75,118,196,217,107,203,14,143,134,158,210,175,170,31,171,134,109,165,189,187,41,133,218,43,240,105,130,47,60,105,14,47,61,162,165,25,121,178,121,237,85,94,21,217,197,111,28,33,101,68,115,246,181,70,182,111,16,178,82,36,11,35,147,69,84,201,176,47,186,121
Best fitness found so far: 0.4270662222927748; k: 2.0
Generation: 48; 0.373814782162777; k: 2.0; 122,189,126,38,99,153,211,90,197,6,203,87,47,17,168,225,217,147,111,63,14,101,126,245,216,11,220,37,121,211,98,102,178,101,182,24,70,180,101,77,126,38,99,123,47,90,197,6,61,87,47,17,64,225,217,182,184,51,70,101,116,117,133,81,65,56,25,217,43,47,75,8,165,244,204,138,185,54,103,69,89,94,204,230,177,85,101,61,93,203,204,40,167,189,134,40,165,148,166,121,61,13,43,240,209,90,124,222,145,19,47,183,36,11,28,36,200,37,41,112,172,243,148,6,225,147,89,101,64,115,176,60,75,188,186,100,175,191,49,22,75,197,6,41,211,176,193,41,178,94,124,240,141,216,11,220,37,121,211,98,102,178,101,182,24,70,180,101,77,126,38,99,123,47,90,197,6,61,87,47,17,64,225,217,182,184,51,70,101,116,117,133,81,65,56,25
Best fitness found so far: 0.4270662222927748; k: 2.0
Generation: 49; 0.4270662222927748; k: 2.0; 123,27,193,225,101,6,105,197,165,34,121,156,133,94,127,240,205,85,243
Best fitness found so far: 0.4270662222927748; k: 2.0
Generation: 50; 0.373814782162777; k: 2.0; 104,163,126,38,231,133,211,90,197,6,105,87,47,17,186,225,30,182,111,9,85,156,89,123,217,56,73,93,105,11,131,60,110,18,66,110,162,165,13,59,41,143,41,89,234,225,41,109,93,17,136,168,106,86,12,39,101,225,124,33,60,179,162,165,32,121,154,186,129,133,208,150,217,242,201,147,129,101,68,195,133,118,196,217,107,41,133,46,123,199,242,243,147,89,101,68,236,133,225,113,131,38,153,192,95,86,225,172,175,4,72,31,156,80,3,38,132,240,131,47,35,160,217,159,211,73,197,6,105,87,6,188,186,210,126,245,79,201,202,209,217,226,191,17,206,216,205,14,129,226,2,189,145,209,35,197,136,133,226,207,60,74,32,229,72,236,121,41,10,189,158,41,109,77,29,119,226,43,99,203,53,196,86,170,78,160,7,193,37,97,114,86,47,186,36,21,4,179,197,118,180,199,98,100,34,232,232,126,203,246,101,232,41,133,137,123,181,185,58,195,210,66,186,165,165,37,35,185,59,120,182,82,54,48,212,6,105,95,161,207,47,13,185,10,246,101,6,174,48,157,177,40,248,117,98,199,13,186,165,78,64,115,12,54,53,224,195,93,242,230,196,27,39,224,229,113,194,107,25,189,134,161,165,111,121,182,91,201,43,20,105,130,149,60,246,233,203,61,162,191,131,38,153,121,26,86,225,172,225,65,193,184,178,175,203,219,231,180,41,154,236,34,18,232,38,203,47,224,200,74,101,111,186,165,187,64,170,144,20,201,69,89,93,180,230,94,23,89,209,95,243,47,60,20,165,207,201,74,110,71,72,236,121,41,135,189,22,41,109,47,29,203,21,171,99,18,53,196,25,185,129,47,13,68,129,187,64,177,185,230,174,69,227,93,56,230,94,79,213,105,95,55,103,60,68,207,207,201,74,135,76,72,236,121,41,10,248,158,41,109,207,29,195,226,160,99,203,53,214,89,162,101,20,7,193,37,74,75,86,47,186,36,247,4,111,197,231,180,41,154,236,16
Best fitness found so far: 0.4270662222927748; k: 2.0
Generation: 51; 0.373814782162777; k: 2.0; 129,163,126,38,157,3,211,110,197,6,157,87,47,237,88,225,24,241,182,152,242,72,6,47,13,186,165,187,64,142,185,245,57,243,89,93,180,230,177,81,33,80,95,130,123,60,20,207,47,37,74,103,148,72,236,183,41,86,225,65,190,77,29,208,47,75,174,165,244,37,230,66,1,103,69,136,166,123,135,3,79,75,224,151,23,47,227,135,159,121,216,197,122,178,107,201,117,164,216,41,121,27,184,194,185,217,133,145,156,180,152,166,174,80,15,13,119,53,225,195,91,219,4,104,236,211,105,197,228,123,197,119,188,152,150,217,182,1,134,80,201,68,136,189,124,5,47,94,27,91,9,200,173,79,146,19,246,231,151,241,167,135,163,162,165,190,84,200,126,203,22,245,240,207,101,6,239,178,15,60,115,236,189,121,41,197,47,188,186,60,247,135,220,240,91,165,189,86,77,218,177,189,121,91,173,99,72,24,133,214,224,86,222,101,222,33,84,31,17,172,189,186,43,87,14,171
Best fitness found so far: 0.4270662222927748; k: 2.0
Generation: 52; 0.3904823135295836; k: 2.0; 173,175,134,128,135,189,131,41,109,47,29,195,21,171,99,203,53,196,69,221,101,21,107,133,47,60,247,23,31,134,91,180,189,240,41,145,36,189,40,50,133,235,7,193,37,101,6,86,197,47,250,158,150,240,33,130,47,60,105,78,47,61,162,165,132,121,140,121,52,133,94,123,41,26,97,29,135,175,73,86,45,106,134,134,135,135,27,41,109,47,179,54,131,194,86,49,225,101,78,105,44,47,61,104,100,189,226,41,121,41,229,249,224,82,225,130,175,73,37,31,185,25,189,68,105,133,105,65,47,83,217,171,223,237,197,6,105,45,47,188,62,206,25,189,68,105,203,105,65,30,121,217,182,223,237,197,6,105,87,18,188,62,100,231,245,139,111,203,171,165,132,215,101,215,56,197,188,60,34,188,213,156,119,228,127,82,189,12,165,203,202,164,38,236,96,192,168,184,249,227,172,225,114,194,69,116,224,23,44,241,233,37
Best fitness found so far: 0.4270662222927748; k: 2.0
Generation: 53; 0.373814782162777; k: 2.0; 122,163,126,38,99,153,211,90,197,6,203,87,47,17,168,225,217,182,111,117,222,57,126,245,139,11,147,119,121,211,1,215,178,101,160,83,70,246,11,77,141,133,157,208,47,138,184,246,241,13,95,165,78,231,159,25,121,236,224,195,93,242,230,196,27,39,224,246,113,14,107,25,189,134,151,165,21,121,80,18,142,118,17,48,138,47,60,168,2,220,61,162,105,60,60,153,232,202,151,244,172,175,4,72,31,246,22,138,38,132,133,130,65,177,188,169,19,76,101,225,176,76,47,61,91,165,69,121,152,11,141,105,123,129,61,189,165,232,52,205,80,41,92,94,153,240,90
Best fitness found so far: 0.4270662222927748; k: 2.0
Generation: 54; 0.3904823135295836; k: 2.0; 173,175,134,200,135,169,131,41,109,47,29,200,21,171,99,203,53,196,69,221,101,21,107,133,47,60,247,23,31,134,91,180,189,240,41,145,36,189,40,50,133,235,7,158,37,101,6,86,197,47,250,158,150,240,33,130,47,60,105,231,47,61,162,165,89,121,140,121,52,133,94,123,112,221,97,29,135,175,73,86,45,106,134,134,135,189,99,41,109,47,220,54,51,194,108,49,225,101,78,105,131,47,61,104,100,189,226,41,121,247,229,249,224,82,225,217,175,4,37,31,185,25,189,68,105,133,105,65,47,150,217,171,223,237,197,6,105,45,47,188,62,190,126,21,139,95,203,171,165,132,220,101,6,56,197,188,60,34,237,220,156,231,137,127,218,189,30,165,203,43,164,38,236,96,192,203,184,33,124,172,87,114,241,93,116,224,23,153,103,230,37
Best fitness found so far: 0.4270662222927748; k: 2.0
Generation: 55; 0.38220870538251966; k: 2.0; 195,175,134,128,135,189,131,101,109,47,29,195,21,171,99,203,53,196,69,221,101,21,107,133,47,60,247,23,31,132,63,180,189,240,41,145,36,189,40,50,133,235,7,193,37,101,6,86,197,47,250,158,150,240,33,130,47,60,105,78,47,61,162,165,132,121,140,121,52,133,94,123,41,26,97,29,135,175,73,86,45,106,134,134,135,135,27,41,109,47,179,54,20,188,86,49,225,101,78,105,44,47,31,153,100,189,226,41,121,41,229,202,224,82,225,130,175,190,37,31,185,116,167,68,105,133,105,65,85,243
Best fitness found so far: 0.4270662222927748; k: 2.0
Generation: 56; 0.3904823135295836; k: 2.0; 173,175,134,47,135,189,131,41,109,47,29,195,21,171,99,203,53,196,193,221,101,6,181,133,47,60,247,23,175,134,91,165,7,240,41,145,36,189,121,91,133,235,201,193,37,101,6,86,197,47,188,62,150,201,139,144,6,198,224,195,160,101,188,105,52,72,189,45,90,71,194,47,25,185,74,47,18,91,165,187,64,40,185,245,124,34,82,156,249,94,85,240,205,85,243
Best fitness found so far: 0.4270662222927748; k: 2.0
Generation: 57; 0.373814782162777; k: 2.0; 207,163,126,38,157,133,211,110,197,6,29,87,47,122,88,225,120,185,84,152,27,72,187,14,213,105,204,121,181,94,70,164,13,245,165,187,157,40,185,245,237,109,32,29,195,226,171,99,203,53,196,89,170,101,6,7,193,37,82,75,107,47,186,36,133,4,111,197,244,142,172,87
Best fitness found so far: 0.4270662222927748; k: 2.0
Generation: 58; 0.3904823135295836; k: 2.0; 173,209,134,47,135,189,131,41,215,47,29,195,21,171,63,203,53,196,25,221,101,6,107,133,47,200,247,23,175,134,91,165,189,240,41,145,36,189,30,105,197,6,105,87,47,17,14,225,217,182,111,152,246,165,189,94,41,133,197,43,178,105,130,47,60,105,19,47,61,162,47,199,221,131,244,236,47,29,88,175,177,86,193,92,126,38,157,10,211,105,197,194,204,87,47,19,88,225,120,182,182,152,52,72,6,105,95,25,217,34,78,75,186,165,143,37,217,4,172,103,69,68,93,56,230,182,195,1,156,246,203,25,113,167,189,134,109,93,189,121,41,223,247,43,240,105,222,47,60,200,82,149,61,162,165,189,231,56,204,181,194,94,123,41,109,129,119,87,175,106,80,193,81,101,225,105,19,70,179,162,164,32,121,95,121,41,133,99,1,32,242,51,147,111,101,68,115,133,118,173,217,155,203,38,143,134,158,74,175,147,59,106,185,54,30,61,89,188,199,108,47,110,146,50,105,197,233,105,127,29,167,81,167,81,38,112,20,115,168,29,27,178,199,86,118,138,142,170,143,134,158,74,175,147,31,106,185,54,202,61,89,126,203,75,47,193,146,49,105,197,6,105,87,29,188,81,186,81,63,135,20,166,168,29,135,228,199,13,118,138,142,212,105,19,166,61,91,165,179,121,41,156,41,147,94,139,101,141
Best fitness found so far: 0.4270662222927748; k: 2.0
Generation: 59; 0.3904823135295836; k: 2.0; 173,175,134,200,135,189,185,41,109,47,29,195,21,171,99,73,53,196,69,221,101,21,107,133,47,60,247,23,31,134,91,180,189,240,41,145,36,189,40,107,133,235,7,193,37,101,6,187,197,47,250,158,50,240,33,130,47,60,105,78,47,61,162,165,89,238,162,78,52,133,94,123,41,231,97,29,135,175,73,86,235,106,134,134,135,189,27,41,109,47,220,220,51,194,86,49,225,101,97,105,131,47,17,132,100,189,226,188,103,41,229,249,224,82,175,217,175,4,37,31,185,25,189,68,105,133,105,65,193,62,111,16,100,82,76,25,224,147,69,180,67,226,97,122,174,223,156,156,171,181,138,156,19,166,61,83,165,189,107,41,156,41,178,94,153,183,122
Best fitness found so far: 0.4270662222927748; k: 2.0
Generation: 60; 0.3904823135295836; k: 2.0; 173,175,134,47,135,189,131,41,109,47,29,195,35,171,99,203,53,196,193,221,101,6,107,133,47,60,247,23,175,134,73,245,189,240,41,145,36,189,36,91,133,247,7,193,37,66,6,15,197,47,188,62,150,201,139,186,225,217,182,111,152,246,101,68,131,133,137,65,47,190,217,195,47,66,186,165,244,37,40,185,54,103,69,34,93,123,230,177,79,146,224,246,203,147,40,167,189,184,109,101,68,51,133,205,65,47,25,183,170,47,75,186,165,244,37,127,185,54,103,69,76,66,123,230,222,79,3,224,246,203,75,40,167,4,11,109,155,189,121,41,92,13,43,113,105,130,127,60,145,64,47,61,162,165,189,36,41,121,41,133,165,123,59,142,111,143,89,80,210,116,62,91,201,188,186,100,47,126,194,86,218,225,101,70,105,87,47,197,6,41,205,85,243,105,130,127,60,145,64,47,61,162,165,189,36,41
Best fitness found so far: 0.4270662222927748; k: 2.0
Generation: 61; 0.3904823135295836; k: 2.0; 173,175,134,47,135,189,131,41,109,47,29,195,21,171,99,203,53,196,69,221,101,6,107,133,47,60,247,23,175,134,91,180,189,240,41,145,36,189,40,47,133,235,116,193,37,101,6,146,197,47,250,154,150,240,33,130,47,60,105,244,47,110,162,165,6,163,140,121,52,116,94,123,41,109,97,29,135,175,97,86,193,106,134,134,135,189,51,41,109,162,220,135,12,194,86,193,225,101,225,105,131,47,61,104,195,189,226,229,121,41,229,249,224,82,225,217,175,4,37,31,206,25,189,68,105,133,59,65,47,74,217,171,223,237,197,6,105,87,144,188,62,100,126,245,139,111,203,171,165,132,220,101,6,56,197,188,60,34,237,213,156,231,121,156,200,94,46,240,205,85,243
Best fitness found so far: 0.4270662222927748; k: 2.0
Generation: 62; 0.4270662222927748; k: 2.0; 123,27,193,225,101,6,105,197,165,189,121,156,133,94,127,240,205,85,243
Best fitness found so far: 0.4270662222927748; k: 2.0
Generation: 63; 0.38220870538251966; k: 2.0; 173,175,199,47,135,189,131,41,215,47,29,195,21,171,63,203,53,196,5,221,101,6,107,133,47,200,247,23,175,7,91,165,189,240,41,145,36,94,121,105,219,6,105,87,47,17,216,32,217,182,111,152,218,124,214,94,169,133,168,43,178,105,43,53,241,225,52,56,111,16,100,118,21,25,172,34,84,180,34,121,97,82,227,35,156,156,171,181,237,156,19,183,105,6,198,224,120,220,206,74,105,192,47,235,91,105,197,165,34,121,156,133,94,48,233,205,85,243
Best fitness found so far: 0.4270662222927748; k: 2.0
Generation: 64; 0.3904823135295836; k: 2.0; 173,175,134,188,135,189,131,41,109,47,29,195,21,171,99,203,53,196,69,221,101,111,107,133,47,60,247,23,175,134,91,180,189,240,41,145,36,189,40,47,133,235,116,193,37,101,6,146,197,47,250,154,150,240,33,130,47,60,105,244,47,110,162,165,6,163,140,121,52,116,94,71,41,109,97,29,135,175,69,232,193,106,134,134,135,61,51,41,109,162,120,135,12,194,86,193,225,101,225,105,131,47,61,104,195,141,226,229,121,41,229,249,224,82,225,217,175,4,37,31,53,25,189,68,105,133,59,131,194,47,25,185,74,47,13,91,115,187,64,40,185,245,124,34,61,156,133,94,127,240,205,85,243
Best fitness found so far: 0.4270662222927748; k: 2.0
Generation: 65; 0.4270662222927748; k: 2.0; 123,27,193,225,101,6,105,197,165,189,121,156,133,94,127,240,205,85,243
Best fitness found so far: 0.4270662222927748; k: 2.0
Generation: 66; 0.3741491527525243; k: 2.1; 129,163,126,38,157,133,211,141,197,154,29,67,47,219,88,225,169,182,99,45,52,47,189,105,90,71,194,174,25,185,74,47,13,186,165,66,176,40,175,96,209,35,199,29,135,148,188,169,19,76,101,116,105,208,47,61,91,165,69,121,203,11,148,172,195,129,154,83,165,232,12,202,129,174,2,48,145,179,135,75,136,133,94,10,170,205,125,193,174,33,171,161,224,95,242,193,221,101,181,107,133,47,112,151,23,138,134,203,165,189,8,181,145,36,189,10,91,121,41,86,203,186,177,10,105,118,1,215,26,222,61,53,41,121,205,176,94,147,89,101,190,105,133,105,157,47,206,131,134,166,193,133,101,212,196,214,155,38,123,249
Best fitness found so far: 0.4270662222927748; k: 2.0
Generation: 67; 0.3904823135295836; k: 2.0; 20,209,189,47,135,189,131,41,215,207,29,195,21,171,63,203,53,196,25,221,101,6,107,133,47,200,247,23,175,134,229,165,189,240,41,145,36,189,30,86,197,6,199,87,47,17,14,162,217,182,111,152,246,196,189,106,53,133,197,43,178,105,130,119,60,105,10,47,138,162,47,100,221,131,244,236,47,29,88,206,177,86,193,92,126,38,157,10,211,76,215,194,204,87,47,19,88,225,32,182,182,152,13,72,31,105,95,109,217,34,78,75,186,165,98,37,188,4,172,103,69,68,93,56,230,182,195,1,156,206,144,25,113,85,189,134,60,115,85,189,162,41,197,47,120,186,249,247,135,210,240,91,165,130,86,77,218,177,189,156,91,170,99,40,24,133,214,224,86,222,101,222,4,53,31,17,172,50,39,43,87,14,171
Best fitness found so far: 0.4270662222927748; k: 2.0
Generation: 68; 0.3904823135295836; k: 2.0; 173,175,134,200,135,189,185,41,109,47,29,195,21,171,99,73,53,196,69,221,101,21,107,133,47,60,247,23,31,134,91,180,189,240,41,145,36,189,40,107,133,235,7,193,37,101,6,187,43,47,250,158,50,240,33,130,47,60,105,78,47,61,162,165,89,238,162,78,52,133,94,123,41,231,97,29,135,175,73,86,235,106,134,134,135,189,27,41,109,47,220,220,51,194,86,49,225,101,33,105,131,47,17,132,100,189,226,188,103,41,229,249,224,82,244,217,175,4,37,31,185,25,189,68,105,133,105,19,193,62,111,16,195,21,171,63,203,53,196,25,221,101,6,107,133,47,20,247,23,175,134,210,192,189,240,41,145,36,183,30,105,197,6,105,87,200,17,14,225,217,182,111,152,187,165,189,94,41,133,197,43,178,105,130,47,60,105,19,47,61,162,133,16,221,131,244,236,47,29,88,175,177,163,193,92,247,38,157,10,211,105,197,117,204,93,47,19,88,225,120,128,182,132,205,125,193,174,33,171,81,141,68,196,193,125,29,6,52,133,47,92,84,23,250,134,91,192,189,8,133,145,36,155,121,91,182,235,7,193,37,101,233,75,47,111,188,244,190,64,60,63,6,204,59,212,73,101,18,105,169,47,103,91,242,185,169,74,156,125,178,19,99,29,81,155,112,175,248,41,114,195,134
Best fitness found so far: 0.4270662222927748; k: 2.0
Generation: 69; 0.3904823135295836; k: 2.0; 173,209,154,47,135,189,131,41,215,47,29,195,21,171,63,203,53,196,25,221,101,6,107,133,47,20,247,23,175,134,91,165,71,240,41,145,36,189,30,105,197,6,105,87,9,17,14,225,217,182,111,152,187,165,89,121,140,121,52,133,94,123,209,221,97,29,135,175,73,86,45,106,134,159,135,189,99,41,109,47,220,54,51,160,108,49,225,101,78,105,131,47,61,104,100,189,226,41,121,247,229,249,224,3,225,217,175,4,37,31,185,25,189,68,105,133,105,65,47,150,217,171,223,237,197,6,105,45,47,188,62,190,126,21,139,95,203,171,165,132,220,101,6,56,197,188,60,34,237,220,156,231,137,127,218,189,30,165,203,43,164,38,236,96,132,203,184,199,124,172,87,114,184,93,116,224,23,153,103,230,37
Best fitness found so far: 0.4270662222927748; k: 2.0
Generation: 70; 0.3904823135295836; k: 2.0; 173,175,134,47,135,189,131,41,109,47,29,195,157,171,99,203,53,196,69,221,101,6,107,133,47,60,247,23,175,134,91,180,189,240,41,145,36,189,40,47,194,235,77,193,209,101,6,191,197,47,250,189,211,240,33,130,47,60,105,244,47,61,240,128,189,64,140,121,52,133,94,123,110,109,97,29,214,30,43,86,193,106,134,134,144,189,8,41,109,47,220,135,12,194,86,143,225,101,14,105,64,191,161,21,100,189,226,182,121,41,229,249,224,82,225,217,175,134,154,31,206,228,189,53,215,133,105,65,47,74,217,171,223,178,197,6,105,234,47,188,62,114,103,163,139,111,203,171,165,62,236,155,33,156,133,159,127,110,54,85,243,47,250,189,211,240,33,130,47,60,105,244,47,61,240,128,189,64,140,121,52,133,94,123,110,109,97,29,214,30
Best fitness found so far: 0.4270662222927748; k: 2.0
Generation: 71; 0.3904823135295836; k: 2.0; 173,175,134,128,135,189,131,41,109,47,29,195,21,171,99,203,53,196,69,221,101,21,107,133,47,60,247,23,31,134,91,180,189,240,41,145,36,189,40,50,133,78,7,193,37,101,6,3,197,47,250,158,150,240,33,49,47,216,165,132,121,140,212,52,133,50,123,41,26,97,29,135,175,73,86,45,33,134,134,135,135,244,41,109,47,179,54,131,194,86,177,225,70,78,105,44,47,61,104,100,189,78,41,121,41,229,53,35,82,225,130,175,73,37,31,185,25,189,68,116,133,105,65,47,68,217,171,223,150,197,6,105,45,47,188,62,206,25,189,68,105,27,105,65,30,119,127,182,235,9,22,6,105,87,18,188,120,100,231,245,204,111,203,171,165,132,215,101,215,56,167,188,229,34,130,213,100,36,228,127,82,189,12,165,203,202,138,38,236,96,192,231,184,249,227,242,225,114,194,69,116,224,23,44,87,233,107
Best fitness found so far: 0.4270662222927748; k: 2.0
Generation: 72; 0.4270662222927748; k: 2.0; 123,27,193,225,101,6,105,197,165,189,121,156,133,94,127,240,205,85,243
Best fitness found so far: 0.4270662222927748; k: 2.0
Generation: 73; 0.3904823135295836; k: 2.0; 173,23,134,47,135,189,91,41,109,47,29,195,157,171,99,203,53,196,69,221,101,6,107,133,47,60,247,23,175,134,91,180,189,240,41,145,36,189,40,47,194,235,77,193,209,178,90,191,197,47,250,189,211,222,33,130,47,60,105,244,47,61,240,128,189,64,140,121,52,133,94,123,110,109,97,29,214,30,43,86,193,106,134,134,144,189,8,41,109,216,220,135,12,194,86,26,225,101,14,105,64,191,161,21,100,189,226,182,121,41,229,249,224,82,38,217,175,134,154,31,206,228,189,53,215,133,105,65,47,74,217,171,223,178,197,6,105,234,47,188,62,114,103,201,139,111,48,171,165,62,236,185,33,156,133,159,127,110,54,85,2,47,250,189,211,151,33,130,47,60,105,244,47,61,240,128,189,64,140,121,52,133,94,123,110,156,231,121,156,200,94,46,240,205,85,243
Best fitness found so far: 0.4270662222927748; k: 2.0
Generation: 74; 0.39255413942705564; k: 2.0; 237,209,189,239,135,110,131,41,215,207,29,195,21,171,63,203,53,196,25,221,101,6,107,133,47,200,247,23,175,134,229,165,1,240,41,145,36,189,30,86,197,6,199,87,47,17,14,162,217,182,11,152,246,196,189,106,53,133,197,43,115,105,130,76,162,133,16,152,131,244,236,47,29,88,175,177,41,75,92,37,38,157,10,211,105,197,117,204,93,220,46,88,225,120,117,182,132,205,125,193,174,189,171,81,141,68,196,219,7,29,6,52,133,16,92,84,23,250,134,91,106,117,8,211,141,197,154,29,67,98,219,88,209,169,182,99,18,52,47,25,105,90,71,194,174,25,185,74,47,13,186,165,66,64,40,175,245,209,35,199,29,135,148,188,169,19,180,214,225,105,208,103,153,91,165,69,121,152,11,214,105,97,129,95,83,165,232,12,202,129,174,2,63,145,179,135,75,136,133,94,206,170,205,125,193,174,33,171,99,224,95,242,193,221,101,181,107,133,47,243,151,23,138,134,203,165,214,8,181,145,36,189,10,91,11,11,115,177,59,146,224,243,9,147,40,199,189,134,109,124,189,121,67,133,133,199,240,105,130,119,60,105,19,62,61,162,103,82,121,72,39,135,133,229,123,217,242,111,147,116,101,24,244,196,225,149,182,181,16,100,82,102,173,224,147,69,180,34,121,210,122,174,35,96,162,41,178,229,136,240,141
Best fitness found so far: 0.4270662222927748; k: 2.0
Generation: 75; 0.3904823135295836; k: 2.0; 173,207,134,47,135,189,139,41,109,47,29,195,157,171,99,203,53,196,13,221,101,6,107,133,47,60,247,23,175,134,91,180,189,240,41,145,36,189,40,47,194,235,77,193,209,101,6,191,197,47,250,189,13,240,33,130,119,60,105,244,47,61,240,128,189,64,140,189,52,133,94,123,110,193,225,101,6,105,197,165,34,121,156,133,94,127,240,205,85,243
Best fitness found so far: 0.4270662222927748; k: 2.0
Generation: 76; 0.3904823135295836; k: 2.0; 173,175,134,47,135,189,131,41,109,47,29,195,35,171,99,203,53,196,193,221,101,6,107,133,47,60,247,23,175,134,73,245,189,240,41,145,36,189,36,91,133,247,7,193,37,66,6,15,197,47,188,62,150,201,139,186,225,217,182,111,152,246,101,68,131,133,137,65,142,190,217,195,47,66,186,165,244,79,40,185,54,103,69,34,93,123,140,177,79,146,158,246,203,147,40,167,189,184,44,101,68,51,133,205,65,47,25,183,170,47,75,186,165,244,37,127,185,54,103,69,76,66,123,230,222,79,3,224,246,203,182,40,111,4,11,109,155,189,121,41,92,13,58,249,105,76,127,60,145,64,47,61,162,165,189,36,41,121,240,33,130,47,60,105,244,47,110,162,165,6,163,140,121,52,116,94,118,41,109,97,29,135,175,97,108,193,185,134,134,135,189,19,41,109,162,220,135,12,194,86,193,225,114,225,105,131,47,61,104,195,189,226,229,121,91,229,249,224,82,225,229,175,4,37,31,206,25,189,68,105,8,59,174,47,74,217,171,223,30,197,6,105,87,144,188,62,100,126,245,139,111,203,171,165,132,220,101,239,56,197,188,60,34,237,213,156,231,121,156,200,94,46,240,205,85,243
Best fitness found so far: 0.4270662222927748; k: 2.0
Generation: 77; 0.3904823135295836; k: 2.0; 173,239,134,47,135,189,131,41,109,47,29,195,21,171,99,203,53,196,69,221,101,6,107,133,47,60,247,23,175,134,33,180,189,240,41,145,36,189,40,47,133,235,7,193,37,101,6,27,197,198,250,249,150,240,33,130,47,60,105,244,47,61,162,165,189,121,140,121,52,231,94,123,41,109,97,29,135,175,106,86,193,106,134,134,135,189,51,41,109,47,220,135,12,98,86,193,225,101,225,105,68,47,61,104,100,189,226,41,121,41,229,249,224,82,62,217,175,4,37,31,206,25,189,68,105,133,105,163,47,74,217,171,223,237,197,6,105,87,47,188,62,100,128,245,139,111,203,171,165,132,220,101,6,56,197,188,60,124,237,213,156,231,142,127,41,144,129,119,87,34,106,80,193,126,101,225,105,19,70,179,162,211,32,121,95,121,41,133,53,1,32,248,51,144,111,101,68,115,133,118,173,217,155,203,38,143,20,158,225,175,147,91,106,185,54,30,61,89,188,199,196,47,154,46,50,188,197,233,105,127,29,200,199,167,81,38,112,20,115,168,29,27,178,20,86,118,138,142,170,81,134,158,74,175,147,31,106,185,54,202,61,89,126,203,75,47,122,146,195,105,197,6,105,70,29,188,231,186,81,63,135,228,166,168,29,135,228,225,13,118,138,142,212,105,133,166,23,91,165,179,121,41,156,41,147,94,139,101,141
Best fitness found so far: 0.4270662222927748; k: 2.0
Generation: 78; 0.3904823135295836; k: 2.0; 191,175,134,47,135,204,131,41,109,47,123,195,23,171,99,203,53,196,193,221,169,6,107,188,47,60,247,73,175,134,91,165,189,240,41,145,36,189,107,16,123,101,210,145,107,133,47,60,247,23,63,73,91,180,189,240,41,145,36,71,111,53,194,235,40,81,48,101,6,191,197,85,250,154,160,240,33,238,47,106,72,244,47,61,89,35,29,195,21,171,63,8,70,11,5,186,45,6,30,133,47,6,247,23,175,137,91,165,189,240,41,145,36,189,121,105,203,6,105,188,38,17,216,225,217,182,243,9,147,64,199,190,134,109,165,189,121,67,133,41,199,240,105,112,119,60,188,178,62,61,162,103,82,121,41,39,135,133,229,123,153,242,137,147,89,101,24,115,196,225,230,182,181,16,100,131,161,181,224,147,69,180,34,76,210,122,174,35,200,11,108,15,69,246,214,141
Best fitness found so far: 0.4270662222927748; k: 2.0
Generation: 79; 0.3963564323410147; k: 2.0; 144,175,208,200,135,189,131,41,109,47,29,195,21,171,99,203,53,196,69,221,101,21,107,133,47,60,247,23,31,134,91,180,189,240,41,145,36,189,40,50,133,235,7,193,37,101,72,86,197,47,250,158,150,81,33,130,47,60,105,78,47,61,162,165,9,121,140,121,52,133,87,6,60,231,97,29,29,175,73,226,45,106,50,40,135,189,27,41,109,47,220,54,51,194,218,155,225,101,78,105,131,47,61,34,237,189,226,41,121,41,229,249,224,9,225,217,175,234,37,31,185,25,189,68,105,133,105,65,47,150,217,171,223,237,177,6,105,45,47,188,62,100,126,245,139,225,101,46,105,197,165,34,136,156,133,94,127,240,205,85,8
Best fitness found so far: 0.4270662222927748; k: 2.0
Generation: 80; 0.4270662222927748; k: 2.0; 123,27,193,225,101,6,105,197,165,189,121,156,133,94,127,240,205,85,243
Best fitness found so far: 0.4270662222927748; k: 2.0
Generation: 81; 0.3904823135295836; k: 2.0; 173,209,134,47,135,189,131,41,215,47,29,195,21,171,63,203,53,196,25,221,103,6,107,133,47,20,247,23,175,134,91,165,13,190,85,90,36,189,30,105,197,6,105,87,33,81,47,60,105,244,47,138,162,165,6,148,66,121,52,116,94,123,41,109,97,29,159,175,123,86,193,106,134,134,135,189,51,92,109,162,152,135,12,194,86,193,174,101,225,105,131,47,16,104,195,189,245,165,121,41,229,248,79,82,225,217,175,16,37,31,85,25,189,68,105,25,59,65,222,74,217,171,55,237,197,6,105,87,144,188,174,237,126,62,139,111,203,171,165,132,220,101,164,56,186,188,103,34,237,213,156,231,164,162,24,94,29,88,206,177,86,193,92,126,38,48,10,211,105,197,194,204,87,47,19,88,225,184,182,182,152,13,72,44,105,95,25,217,34,188,75,186,165,143,37,188,4,172,103,69,68,93,56,230,182,195,1,156,206,66,25,113,167,189,134,32,93,189,121,41,223,247,43,240,105,222,47,60,200,82,138,14,162,95,189,231,56,44,181,248,40,133,140,50,240,142,81,243,189,51,92,109,162,152,135,12,194,86,193,174,101,225,105,131,47,16,104,195,189,245,165,121,41,229,248,79,82,225,217,175,16,37,31,85,25,189,68,105,25,59,65,222,74,217,171,55,237,197,6,105,87,144,188,174,237,126,62,139,111,203,171,165,132,220,101,164,56,186,188,103,34,237,213,156,231,164,162,24,94,29,88,206,177,86,193,92,126,38,48,10,211,105,197,194,204
Best fitness found so far: 0.4270662222927748; k: 2.0
Generation: 82; 0.4270662222927748; k: 2.0; 123,27,193,225,101,6,105,197,165,189,121,156,133,94,127,240,205,85,243
Best fitness found so far: 0.4270662222927748; k: 2.0
Generation: 83; 0.3963564323410147; k: 2.0; 144,175,208,200,135,189,131,41,109,47,29,195,21,171,99,203,53,196,69,221,19,21,107,133,139,60,247,23,31,234,91,180,189,240,41,145,36,189,40,50,15,235,7,193,37,101,72,86,197,47,250,158,150,81,33,130,47,60,105,47,47,61,162,165,9,121,140,121,52,133,87,6,60,231,97,59,29,175,73,226,45,156,50,40,135,189,27,216,109,47,220,54,51,194,218,155,225,101,78,105,131,47,61,34,237,189,226,41,121,41,229,249,224,9,225,217,175,234,37,31,185,25,189,68,105,137,234,65,47,150,217,171,223,237,177,6,105,45,47,188,62,100,126,245,139,225,101,46,105,16,165,34,136,156,133,141,127,121,210,122,174,35,96,162,41,178,229,136,240,141
Best fitness found so far: 0.4270662222927748; k: 2.0
Generation: 84; 0.4270662222927748; k: 2.0; 123,27,193,225,101,6,105,197,165,189,121,156,133,94,127,110,205,85,243
Best fitness found so far: 0.4270662222927748; k: 2.0
Generation: 85; 0.3963564323410147; k: 2.0; 144,175,208,200,135,189,131,41,109,47,85,195,21,171,99,203,53,196,69,221,19,21,107,133,139,60,247,23,31,234,91,180,189,240,41,145,36,189,40,50,15,235,7,193,37,55,72,86,197,47,111,158,150,81,33,130,47,60,105,47,47,61,162,165,9,121,140,121,52,133,87,6,60,231,97,59,29,33,73,226,45,156,50,40,135,189,27,216,63,47,220,54,51,194,218,155,225,5,78,105,26,204,61,34,237,189,226,25,121,41,229,249,224,9,225,217,175,234,37,31,185,145,36,189,64,50,133,235,7,111,186,101,119,86,197,54,7,158,150,195,32,130,47,60,105,231,47,61,162,229,89,122,140,121,52,133,94,123,112,248,97,29,135,220,73,86,8,106,134,134,229,136,8,7
Best fitness found so far: 0.4270662222927748; k: 2.0
Generation: 86; 0.3963564323410147; k: 2.0; 144,175,208,200,135,189,131,41,109,47,29,195,21,171,99,203,53,196,69,221,101,21,107,133,47,60,247,23,31,134,91,180,189,240,41,145,36,189,40,50,133,235,7,193,37,101,72,86,197,47,250,158,150,81,33,130,47,60,105,78,47,61,162,110,42,121,140,121,177,133,87,6,46,231,97,29,29,175,73,226,45,106,50,40,135,189,27,41,109,47,220,54,51,194,218,155,225,101,78,105,131,47,98,34,237,189,226,41,121,41,229,249,224,9,225,217,175,234,37,31,185,25,88,68,105,133,105,65,47,150,217,171,223,237,177,6,105,45,47,136,62,202,126,245,139,225,30,46,250,158,150,81,33,146,47,60,42,47,47,61,162,165,9,121,140,121,52,133,87,41,60,231,97,115,29,175,73,226,45,156,50,40,135,189,27,216,109,47,220,54,51,194,218,155,225,101,78,105,131,47,61,34,237,189,226,239,121,92,229,249,224,58,225,217,52,234,37,31,185,25,189,68,105,137,234,65,80,150,217,171,223,237,109,6,105,45,47,188,62,100,126,245,77,225,101,46,105,16,165,34,136,194,133,141,127,121,210,122,174,35,96,162,121,178,229,136,240,141,165,9,121,140,121,52
Best fitness found so far: 0.4270662222927748; k: 2.0
Generation: 87; 0.3904823135295836; k: 2.0; 173,175,134,47,135,189,131,41,109,227,29,195,35,171,99,203,53,196,193,221,101,6,107,133,47,60,247,23,175,134,73,245,189,240,41,145,36,189,36,91,133,174,63,193,37,66,6,15,197,185,99,185,150,91,139,186,225,217,182,111,152,246,101,68,131,133,137,65,47,190,217,195,47,5,186,165,244,37,40,185,7,227,69,34,93,123,230,177,79,146,224,182,152,52,72,182,105,84,25,217,34,78,5,162,165,143,37,217,152,1,103,69,68,93,56,230,182,195,168,224,246,203,158,148,9,246,134,178,207,195,121,41,223,241,43,240,10,222,35,60,200,82,120,61,162,206,189,59,59,79,41,197,94,123,41,109,137,29,87,160,106,80,193,239,101,34,206,19,190,179,162,38,32,121,93,121,41,133,201,1,32,242,111,147,162,101,79,115,141,118,173,217,133,47,60,247,23,175,134,124,180,189,240,69,145,36,189,40,47,194,167,70,193,209,101,6,191,197,47,250,189,13,240,33,130,119,60,105,244,47,61,240,128,189,64,140,189,52,133,94,123,110,193,225,101,6,105,85,165,34,121,156,133,94,17,240,205,85,243
Best fitness found so far: 0.4270662222927748; k: 2.0
Generation: 88; 0.4270662222927748; k: 2.0; 123,27,193,225,101,6,35,197,165,34,121,156,133,94,127,240,205,85,243
Best fitness found so far: 0.4270662222927748; k: 2.0
Generation: 89; 0.3963564323410147; k: 2.0; 144,175,208,200,135,189,207,41,109,47,29,195,113,171,99,203,53,196,69,221,101,21,35,133,47,60,247,23,31,234,91,180,189,240,41,145,36,189,239,50,133,235,7,193,37,101,72,86,197,47,250,158,150,81,33,130,75,60,105,78,47,61,162,165,9,121,140,121,52,133,87,6,217,231,97,29,29,175,73,226,45,106,50,40,135,189,27,41,109,47,220,54,51,194,218,155,225,101,78,105,131,47,61,34,237,189,226,41,121,41,229,249,224,9,225,217,175,234,166,31,185,25,189,68,25,199,105,187,47,150,217,171,223,237,177,6,105,45,79,240,205,85,243
Best fitness found so far: 0.4270662222927748; k: 2.0
Generation: 90; 0.39255413942705564; k: 2.0; 87,143,189,239,111,110,131,41,215,207,29,195,21,171,63,203,53,196,25,221,101,6,107,133,47,200,247,23,101,134,217,165,1,240,41,145,36,189,30,86,197,6,199,87,47,17,14,162,217,182,11,126,129,196,189,106,169,133,197,43,115,105,130,76,162,133,16,152,131,244,236,47,29,88,66,177,41,75,92,37,38,157,10,211,105,197,117,204,93,220,47,88,225,120,117,182,132,205,125,193,174,189,171,81,141,68,196,219,92,29,6,52,133,16,92,84,23,250,134,91,106,4,8,211,141,197,154,29,67,98,219,88,209,169,182,99,18,52,47,25,105,90,71,194,174,25,185,74,47,41,186,165,66,58,40,175,245,83,35,199,29,135,148,188,169,19,180,214,225,105,145,103,13,91,165,69,121,152,11,214,105,136,129,95,83,165,232,12,202,129,174,2,63,206,179,135,75,216,133,94,206,170,205,125,193,174,33,171,99,207,95,242,193,221,101,181,150,133,47,243,151,23,138,134,203,165,214,8,181,106,36,206,228,189,76,215,133,105,65,47,140,217,171,223,178,197,6,105,234,47,188,62,114,103,201,139,111,48,171,165,62,94,185,37,156,14,159,127,110,54,85,2,47,122,189,190,151,33,62,47,128,105,244,47,61,240,128,189,64,140,121,52,133,94,123,110,220,231,24,156,200,122,136,240,205,85,243
Best fitness found so far: 0.4270662222927748; k: 2.0
Generation: 91; 0.3904823135295836; k: 2.0; 173,209,134,47,135,189,131,41,215,47,29,195,21,171,63,203,53,196,25,221,101,6,107,133,47,200,247,23,175,134,91,165,189,240,41,145,36,189,30,177,197,6,105,87,47,17,14,171,120,182,111,152,246,165,189,216,41,133,197,43,178,105,130,47,60,105,19,47,61,162,47,214,221,131,244,236,47,29,88,175,177,86,193,92,126,38,157,10,211,105,197,194,204,157,47,20,88,225,120,182,182,152,52,148,84,105,95,221,217,34,78,75,186,165,143,37,217,4,172,103,69,68,93,56,230,182,195,1,156,246,203,25,113,167,189,134,122,93,189,121,41,145,247,43,240,146,222,47,60,200,82,149,181,18,165,189,231,232,204,181,194,94,123,41,109,116,119,87,175,106,80,193,81,101,225,105,19,70,179,162,164,32,121,95,121,65,133,99,1,101,6,105,197,165,189,121,156,133,94,127,110,205,85,243
Best fitness found so far: 0.4270662222927748; k: 2.0
Generation: 92; 0.39255413942705564; k: 2.0; 87,43,189,239,111,110,131,41,215,207,29,195,21,151,63,203,53,196,193,221,101,6,107,133,47,200,247,23,101,134,217,165,1,240,41,145,36,189,30,86,197,6,199,87,47,17,14,162,117,182,11,126,129,196,189,106,169,133,197,127,221,101,6,107,133,47,60,247,23,175,194,205,180,189,240,41,238,36,189,40,47,194,235,100,193,209,101,6,191,197,47,234,83,13,240,33,130,119,60,105,244,47,61,240,128,189,64,140,10,52,116,94,123,110,193,225,101,6,105,197,165,34,149,156,133,94,127,240,205,85,243
Best fitness found so far: 0.4270662222927748; k: 2.0
Generation: 93; 0.39455268806053045; k: 2.0; 144,175,181,200,135,189,131,41,109,47,29,195,21,171,99,203,53,186,69,221,101,21,107,19,47,60,247,23,31,134,91,180,189,240,41,145,4,189,40,124,133,235,7,193,37,137,182,86,197,47,250,158,150,81,33,130,47,60,105,247,23,31,234,91,155,189,240,41,145,36,189,223,50,15,235,7,193,37,55,72,86,111,47,111,158,188,81,33,130,47,60,105,28,117,61,162,165,9,121,140,121,52,133,3,108,60,231,32,59,29,33,73,165,45,156,50,40,135,189,247,216,63,47,220,54,51,194,16,155,225,5,78,105,16,204,61,34,150,150,226,25,121,41,229,249,224,9,225,217,175,234,37,31,185,145,36,189,64,6,133,235,181,111,186,101,119,86,197,54,7,158,150,195,32,130,47,60,105,231,47,61,162,229,89,122,140,121,52,133,94,123,33,248,97,29,15,220,73,86,8,106,134,134,229,136,20,7
Best fitness found so far: 0.4270662222927748; k: 2.0
Generation: 94; 0.39255413942705564; k: 2.0; 87,43,189,239,111,110,131,41,215,207,29,195,21,151,63,203,53,196,193,221,101,6,107,133,47,200,247,23,101,134,217,165,1,240,41,145,36,189,30,86,197,6,199,87,172,17,14,162,117,182,155,126,129,196,189,106,169,133,197,127,221,101,6,107,133,47,60,247,23,175,194,230,142,189,1,41,238,36,189,40,47,93,235,100,193,209,101,6,191,197,47,234,24,13,240,33,130,119,60,105,227,47,129,151,128,189,165,244,37,127,185,54,103,69,76,66,123,230,222,79,62,224,246,203,182,40,111,4,11,109,155,189,121,41,92,13,58,249,105,76,15,189,145,64,47,61,162,165,189,10,41,96,240,33,130,47,60,187,244,47,110,162,138,6,163,140,121,52,116,94,118,41,109,97,29,135,175,97,108,193,185,134,127,135,189,19,41,123,162,220,135,12,194,86,193,225,114,225,105,97,47,61,104,40,189,226,229,121,91,229,249,224,82,225,229,113,4,37,31,206,25,189,68,105,8,134,164,47,74,217,171,223,30,197,6,105,75,144,188,62,100,126,3,139,111,203,171,165,57,220,101,239,56,197,188,60,34,237,213,156,231,124,156,200,94,46,14,205,85,243
Best fitness found so far: 0.4270662222927748; k: 2.0
Generation: 95; 0.3963564323410147; k: 2.0; 144,175,208,200,135,189,131,41,109,47,29,195,143,171,157,203,53,196,69,221,19,21,107,133,139,60,247,23,31,234,91,180,189,240,41,145,36,189,40,50,15,235,7,193,37,101,72,86,197,97,250,158,150,81,33,130,47,60,105,47,47,61,162,165,9,121,140,121,52,133,87,6,60,231,97,59,104,175,73,226,45,156,50,40,135,189,27,216,109,47,220,54,51,194,218,155,225,101,78,105,1,47,61,34,237,189,226,41,121,41,229,249,224,9,225,217,175,234,37,31,185,25,189,68,151,137,234,65,47,150,217,171,223,237,177,79,105,45,47,188,62,100,126,245,139,225,101,46,105,16,165,34,136,156,133,141,149,121,210,122,174,35,96,162,182,173,164,246,101,58,131,133,137,112,47,110,224,27,105,197,233,230,127,29,167,79,108,228,206,194,16,42,168,29,49,178,199,86,235,81,2,2,105,39,134,7,91,109,100,121,228,156,173,126,250,35,87,141,165,189,213,41,133,94,43,178,45,130,220,101,105,26,110,145,193,47,107,221,131,247,60,153,219,183,175,112,156,193,17,126,6,157,245,211,24,197,194,204,87,15,19,88,225,213,174,77,152,52,72,6,105,95,204,232,96,78,75,186,165,143,37,217,158,1,103,12,68,72,161,217,107,2,146,88,124,203,25,40,246,189,134,109,165,108,20,41,150
Best fitness found so far: 0.4270662222927748; k: 2.0
Generation: 96; 0.3963564323410147; k: 2.0; 186,175,208,200,135,189,131,41,109,47,83,195,143,171,11,203,53,196,69,221,19,21,95,133,139,60,247,23,31,234,187,180,189,240,41,145,36,189,40,50,15,235,7,193,37,101,72,86,197,97,250,1,133,81,33,130,47,60,99,47,146,61,162,165,9,151,140,121,52,133,87,6,60,231,97,59,104,175,73,226,45,156,50,40,135,189,27,216,109,47,220,54,51,194,218,155,225,101,78,105,1,47,61,34,237,189,226,90,121,41,229,35,224,9,225,217,175,82,37,31,185,194,189,68,201,137,234,65,47,150,217,171,223,237,177,79,105,45,47,202,62,100,126,245,139,225,101,46,105,16,165,34,136,156,133,141,149,121,210,122,174,35,96,162,182,173,164,246,101,58,131,133,17,112,47,110,224,27,105,14,233,53,127,29,167,79,108,228,104,194,16,42,168,29,49,178,199,86,29,81,2,2,105,39,134,163,91,109,126,121,228,156,173,126,250,35,87,141,165,189,213,178,133,94,43,204,45,130,220,101,105,16,110,145,193,47,107,76,131,247,60,153,219,183,175,66,156,193,17,126,6,157,245,206,24,197,194,204,87,123,19,88,225,213,174,77,152,52,72,130,47,60,105,47,47,61,162,165,9,121,140,121,52,133,87,6,60,231,97,59,29,33,73,226,45,156,50,40,135,189,27,216,63,47,220,54,51,194,218,241,225,5,78,105,26,204,61,34,237,189,200,25,178,41,229,249,224,9,225,217,175,234,7,31,185,145,36,189,64,50,133,235,7,111,186,101,119,86,197,54,7,20,150,195,156,130,47,244,225,231,47,61,162,229,89,122,106,121,52,133,94,123,112,248,97,29,135,94,73,86,8,106,134,134,229,204,8,7
Best fitness found so far: 0.4270662222927748; k: 2.0
Generation: 97; 0.3904823135295836; k: 2.0; 12,209,134,47,135,189,131,41,215,47,29,195,21,171,63,203,53,196,25,221,49,6,107,133,47,200,247,23,175,134,91,165,189,240,41,145,36,189,187,105,197,6,105,87,47,17,14,225,217,182,111,152,246,165,189,94,117,34,197,43,178,105,130,47,60,87,23,47,61,162,47,199,221,131,244,236,47,29,88,175,177,86,193,92,126,38,157,10,211,105,197,194,204,87,47,214,88,103,120,182,182,112,52,72,6,105,95,25,217,34,78,75,186,165,143,37,217,4,172,103,69,68,93,56,230,182,195,1,156,246,203,25,113,167,189,134,109,93,189,121,20,223,247,43,240,204,222,47,60,200,82,185,61,162,165,189,240,56,29,181,194,94,123,57,109,129,119,87,175,106,30,193,81,101,225,70,19,70,179,162,164,32,121,95,121,41,133,99,1,32,242,51,147,111,101,68,115,133,118,173,217,155,203,38,143,7,158,74,175,147,59,106,185,54,214,61,89,188,199,108,101,6,105,197,105,189,121,243,133,94,127,240,205,85,243
Best fitness found so far: 0.4270662222927748; k: 2.0
Generation: 98; 0.3963564323410147; k: 2.0; 144,175,208,200,135,189,131,41,109,47,29,195,51,171,99,203,53,196,139,221,19,21,81,133,139,90,247,23,31,234,91,180,189,240,161,145,170,189,111,50,15,235,7,193,37,154,72,4,197,47,250,158,150,75,113,130,47,60,105,55,47,61,167,189,184,109,101,68,51,133,205,65,47,22,183,170,47,75,186,165,244,37,127,185,57,103,216,76,66,91,230,222,79,3,224,246,203,75,12,167,4,234,109,155,189,121,41,92,238,43,113,105,130,127,60,145,64,156,61,162,240,189,36,41,121,213,133,40,123,103,142,111,139,89,80,210,116,62,91,64,188,186,100,250,126,77,125,165,225,190,70,105,124,47,21,24,41,205,85,47,74,217,171,223,178,197,6,105,234,47,188,62,114,103,163,139,111,203,171,165,62,236,155,33,156,133,159,127,110,54,85,243,47,250,189,211,240,84,130,47,120,105,244,83,61,240,128,189,64,140,133,52,133,94,123,110,109,97,29,214,30
Best fitness found so far: 0.4270662222927748; k: 2.0
Generation: 99; 0.4270662222927748; k: 2.0; 123,27,193,225,101,6,105,197,165,34,121,156,133,94,127,240,205,85,183
Best fitness found so far: 0.4270662222927748; k: 2.0
Generation: 100; 0.3963564323410147; k: 2.0; 144,175,208,200,135,189,131,41,109,47,29,195,21,171,99,203,125,186,69,221,101,216,107,133,47,60,247,23,31,134,91,180,189,240,41,145,36,189,40,2,212,235,76,193,37,101,72,86,197,47,60,158,150,81,33,243,47,60,105,106,47,61,162,88,123,121,140,121,56,133,190,6,187,231,97,29,29,175,73,226,45,106,44,40,135,189,27,195,109,47,220,54,51,26,218,155,225,101,78,105,131,47,61,40,237,109,226,67,121,41,87,249,224,9,225,30,175,234,37,40,185,57,181,27,193,225,101,47,234,24,13,240,33,130,119,104,136,165,47,129,151,128,139,55,244,200,127,185,54,103,69,76,66,123,230,222,56,62,232,246,203,182,202,111,9,11,216,155,189,121,41,92,13,152,249,105,76,113,189,145,164,47,61,25,165,189,10,41,96,240,33,130,135,60,246,203,155,202,111,4,11,109,155,189,121,41,92,13,58,249,105,76,113,189,145,64,5,61,25,165,189,10,41,96,240,33,130,145,60,187,244,47,110,214,138,6,163,140,121,52,222,94,118,41,109,97,29,135,175,97,19,193,185,134,127,135,189,19,41,32,162,220,135,30,194,86,193,225,15,225,105,32,47,181,104,40,136,89,229,121,91,145,225,147,82,225,229,113,4,37,31,241,25,189,68,105,8,134,164,47,74,217,171,42,30,197,6,179,75,144,216,62,95,126,3,139,111,203,171,246,57,220,101,239,56,197,188,60,34,237,213,156,231,187,156,200,94,46,85,205,85,243
Best fitness found so far: 0.4270662222927748; k: 2.0
Generation: 101; 0.3963564323410147; k: 2.0; 144,175,208,200,135,189,131,41,109,57,29,195,51,171,99,203,53,196,69,221,19,21,81,133,139,60,247,23,31,234,185,180,189,240,167,145,36,189,111,50,15,235,7,193,37,101,72,86,197,122,250,158,150,81,33,130,47,60,105,47,242,61,167,189,184,109,101,68,123,27,45,225,101,6,105,229,54,189,121,156,133,94,127,240,22,85,243
Best fitness found so far: 0.4270662222927748; k: 2.0
Generation: 102; 0.4270662222927748; k: 2.0; 108,27,213,225,101,46,105,197,165,34,121,156,133,94,233,240,205,85,55
Best fitness found so far: 0.4270662222927748; k: 2.0
Generation: 103; 0.4270662222927748; k: 2.0; 123,27,193,225,101,6,105,197,165,34,121,156,103,94,127,240,205,85,243
Best fitness found so far: 0.4270662222927748; k: 2.0
Generation: 104; 0.3963564323410147; k: 2.0; 244,175,208,200,135,189,131,41,109,47,29,195,51,171,99,203,53,196,139,221,19,21,81,133,139,90,247,23,31,234,91,180,189,240,161,145,170,189,111,50,15,235,226,193,37,154,72,4,197,47,250,158,150,75,33,130,47,60,45,55,47,61,167,189,184,109,216,68,51,133,205,65,47,22,183,170,47,75,186,165,244,37,127,185,57,103,216,76,65,91,230,222,79,85,224,246,203,75,12,167,4,234,109,155,189,121,41,92,238,43,113,105,130,127,60,145,64,156,61,237,240,189,195,41,121,213,133,40,123,103,142,111,139,89,80,210,116,62,91,64,188,186,100,250,126,77,125,165,225,190,70,105,124,47,21,24,23,205,85,47,74,217,171,223,178,197,6,105,234,47,188,62,114,103,163,139,111,203,171,165,62,236,155,33,104,133,159,127,110,54,85,243,47,250,189,211,240,84,130,47,120,105,244,83,125,240,128,231,64,140,133,52,133,94,94,110,109,97,29,214,30
Best fitness found so far: 0.4270662222927748; k: 2.0
Generation: 105; 0.3963564323410147; k: 2.0; 144,175,208,200,135,189,131,41,109,47,29,195,143,171,157,203,141,196,69,101,19,21,107,133,139,60,247,23,31,234,91,180,189,240,41,145,36,189,40,50,15,235,7,193,37,101,72,86,197,97,250,158,150,81,33,130,47,60,105,47,47,61,162,165,9,121,140,44,94,127,240,205,85,243
Best fitness found so far: 0.4270662222927748; k: 2.0
Generation: 106; 0.4270662222927748; k: 2.0; 123,27,193,225,101,6,105,197,165,189,141,156,133,94,127,240,205,85,243
Best fitness found so far: 0.4270662222927748; k: 2.0
Generation: 107; 0.4270662222927748; k: 2.0; 123,27,193,225,101,6,105,197,165,34,121,156,133,94,127,240,205,85,243
Best fitness found so far: 0.4270662222927748; k: 2.0
Generation: 108; 0.3963564323410147; k: 2.0; 144,13,208,200,135,189,131,41,109,47,29,195,21,171,99,203,125,186,51,221,101,21,203,133,47,60,247,23,31,134,91,180,213,240,41,145,36,189,18,2,133,235,76,193,37,120,72,116,197,47,250,158,150,81,191,130,47,60,158,78,47,61,91,88,240,121,140,121,56,133,190,208,60,231,97,29,29,175,73,226,45,106,50,40,135,198,1,195,109,47,220,54,134,194,218,155,61,162,215,57,206,140,121,189,133,222,79,3,224,246,203,75,12,167,160,234,109,155,247,121,41,92,238,43,113,105,130,127,60,145,64,36,61,60,240,189,143,41,121,213,212,40,123,103,149,164,139,89,80,210,95,62,1,64,188,186,100,250,126,50,125,165,225,190,70,105,124,47,21,24,41,205,85,47,74,15,80,223,178,197,6,105,234,47,188,239,114,103,163,139,129,203,171,165,62,210,155,46,156,133,159,127,110,54,85,243,47,127,189,211,240,84,130,197,249,105,135,83,20,240,128,189,64,140,133,52,55,94,123,110,109,97,29,72,30
Best fitness found so far: 0.4270662222927748; k: 2.0
Generation: 109; 0.3963564323410147; k: 2.0; 144,93,208,200,135,189,131,41,57,37,29,195,21,171,99,203,53,196,69,221,19,21,107,133,139,50,247,23,31,234,91,180,189,240,41,145,36,189,40,50,15,235,7,193,240,205,85,55
Best fitness found so far: 0.4270662222927748; k: 2.0
Generation: 110; 0.3963564323410147; k: 2.0; 215,175,208,167,135,109,45,191,161,47,29,195,161,171,99,38,53,196,69,221,19,21,155,133,139,60,247,23,89,234,91,180,189,240,41,145,36,189,40,50,15,86,7,193,57,27,72,86,197,47,250,158,23,81,33,152,47,60,105,47,47,61,125,165,9,63,140,121,210,133,118,121,60,231,97,94,128,175,73,226,141,156,25,44,76,189,136,245,109,47,220,54,51,221,218,155,177,101,78,105,17,54,111,34,237,189,187,41,121,160,229,249,224,219,76,121,156,18,91,233,240,205,85,174,86,155,156,171,181,127,156,19,166,172,83,224,189,80,41,144,41,178,94,153,183,122
Best fitness found so far: 0.4270662222927748; k: 2.0
Generation: 111; 0.3963564323410147; k: 2.0; 144,175,208,200,135,189,131,41,109,47,29,195,51,171,99,203,53,196,69,221,19,41,81,133,139,60,247,23,31,234,91,180,189,240,41,145,36,189,111,50,60,235,7,193,37,101,72,193,197,233,250,158,150,81,229,69,47,60,76,245,101,225,105,123,190,58,162,114,103,163,139,111,203,171,165,62,192,155,33,156,133,159,127,110,54,85,243,47,250,189,67,240,84,130,47,120,105,244,83,61,240,128,189,64,140,133,52,133,119,123,110,109,97,29,214,30
Best fitness found so far: 0.4270662222927748; k: 2.0
Generation: 112; 0.3761704415820114; k: 2.0; 186,175,208,200,215,189,131,41,109,47,83,195,143,171,11,203,53,196,69,221,233,21,95,234,7,35,247,23,75,234,49,180,245,240,41,145,182,189,40,58,224,235,9,10,37,101,72,86,197,113,250,1,133,174,33,130,76,60,99,47,69,221,193,21,107,19,202,60,247,23,31,134,97,180,189,240,212,145,4,189,40,218,133,235,7,193,37,4,182,86,197,47,250,158,150,19,33,130,47,4,152,247,201,31,234,91,217,229,114,224,133,225,102,175,82,37,31,185,194,189,68,14,246,234,214,47,30,226,171,223,237,177,79,85,45,47,202,62,100,126,245,139,225,101,13,91,16,165,34,187,156,133,141,215,121,210,51,174,35,96,162,182,173,164,246,101,58,131,133,17,112,47,110,99,216,105,14,233,53,163,29,167,79,108,228,104,194,16,175,168,70,49,178,199,39,29,97,2,2,105,39,134,163,91,109,126,121,228,156,194,126,143,35,87,141,165,189,213,137,133,94,43,6,45,130,220,149,105,198,110,145,193,47,107,76,182,247,60,153,3,183,175,66,156,128,174,126,6,219,117,206,73,197,194,204,173,123,8,88,225,213,174,77,152,52,72,110,47,60,105,47,47,144,162,165,9,121,22,121,52,133,87,6,60,231,97,59,29,33,73,193,225,101,46,105,197,165,34,121,156,133,237,13,240,205,163,243
Best fitness found so far: 0.4270662222927748; k: 2.0
Generation: 113; 0.41625031878547725; k: 2.0; 173,175,134,188,135,189,131,41,109,47,29,219,21,171,99,203,135,196,193,221,101,6,107,133,47,60,247,23,23,89,91,175,189,240,41,145,36,20,121,91,41,148,7,169,41,101,6,239,165,47,188,62,150,201,139,105,6,198,224,195,56,101,170,105,170,4,57,93,165,146,224,246,203,188,40,167,189,134,231,165,164,121,175,208,99,135,244,25,41,109,47,29,195,51,171,99,203,53,196,69,221,19,41,81,133,139,60,247,23,31,234,91,180,189,240,41,145,36,189,111,50,4,116,7,193,37,101,72,104,197,47,250,158,150,216,229,69,47,60,193,233,101,225,105,19,136,214,41,1,94,139,101,224,165,150,94,41,58,94,43,178,105,130,70,81,234,211,155,189,240,147,78,242,189,16,50,44,235,230,32,37,134,72,86,111,47,101,220,188,94,33,130,47,60,105,28,91,61,162,165,243,121
Best fitness found so far: 0.4270662222927748; k: 2.0
Generation: 114; 0.4270662222927748; k: 2.0; 123,27,193,225,101,6,35,197,165,34,121,156,133,94,127,240,205,85,243
Best fitness found so far: 0.4270662222927748; k: 2.0
Generation: 115; 0.3963564323410147; k: 2.0; 144,175,208,200,135,189,131,41,21,47,85,195,21,171,99,203,53,196,69,221,19,21,107,133,139,60,247,23,31,234,91,180,189,240,41,145,36,189,40,50,15,235,7,193,37,55,72,86,197,47,111,158,150,81,33,130,47,171,223,237,109,6,105,45,49,188,62,100,126,99,77,225,101,46,105,16,165,34,136,70,133,141,127,121,210,122,174,35,96,162,121,178,229,136,218,141,165,9,173,140,121,52
Best fitness found so far: 0.4270662222927748; k: 2.0
Generation: 116; 0.4071911932057032; k: 2.0; 173,175,134,47,135,189,131,41,109,47,29,219,21,171,99,145,135,196,193,221,101,6,107,133,47,60,247,23,175,89,91,175,189,240,41,145,36,20,121,91,41,148,7,193,126,101,6,239,165,47,188,62,97,201,139,105,6,198,224,195,86,101,188,105,170,4,57,91,165,94,224,246,156,133,5,127,110,205,159,243
Best fitness found so far: 0.4270662222927748; k: 2.0
Generation: 117; 0.4270662222927748; k: 2.0; 123,27,193,225,101,46,105,197,165,34,121,156,133,94,127,240,205,85,35
Best fitness found so far: 0.4270662222927748; k: 2.0
Generation: 118; 0.41625031878547725; k: 2.0; 239,51,134,188,135,189,131,41,109,47,29,219,21,171,99,203,135,196,193,221,101,6,107,133,47,60,247,23,23,89,91,175,189,240,41,145,36,20,121,91,41,148,7,169,41,101,6,239,165,47,188,62,150,201,139,105,6,198,224,212,56,101,204,105,170,4,57,93,165,146,224,246,203,188,40,167,189,134,231,165,164,121,175,208,158,135,244,25,41,109,47,29,195,151,171,99,203,53,196,69,221,19,41,81,133,139,60,247,23,31,234,91,180,189,240,41,145,36,189,111,50,4,221,7,193,37,101,72,104,197,47,250,205,150,216,229,69,47,60,193,233,101,225,105,19,136,214,151,1,94,139,101,224,165,103,94,41,58,94,43,178,72,130,121,156,133,94,127,110,205,85,243
Best fitness found so far: 0.4270662222927748; k: 2.0
Generation: 119; 0.3963564323410147; k: 2.0; 144,175,208,26,135,189,131,41,109,47,29,195,21,171,99,203,125,186,93,221,101,21,107,133,47,60,247,23,31,134,91,180,189,240,41,145,36,189,40,2,133,235,76,97,37,101,72,86,197,202,250,158,150,248,33,235,47,181,105,14,47,61,124,108,9,121,140,121,56,133,125,6,60,109,97,29,29,175,73,226,45,106,50,40,135,189,27,195,122,47,147,54,51,194,218,155,225,128,24,85,131,47,61,40,237,109,226,41,121,41,130,159,224,9,225,85,175,234,243,31,185,57,181,27,193,7,173,47,234,24,13,240,33,130,119,104,15,165,47,129,151,128,163,109,187,200,127,185,243,145,69,76,66,123,230,222,56,17,143,230,244,47,110,162,138,6,163,140,121,52,116,94,118,41,109,69,108,135,175,97,124,193,185,213,127,135,189,19,41,42,162,220,135,30,7,131,193,225,15,225,105,222,47,103,104,40,136,226,11,121,91,37,225,224,82,225,229,113,4,37,31,241,25,152,68,105,8,134,8,47,74,217,171,223,30,151,177,179,75,132,216,62,57,126,3,139,111,203,171,246,57,123,101,239,56,197,188,60,34,237,213,156,231,187,156,200,94,46,168,205,85,243
Best fitness found so far: 0.4270662222927748; k: 2.0
Generation: 120; 0.4270662222927748; k: 2.0; 123,27,193,225,101,6,105,197,165,189,121,156,133,94,127,110,205,85,243
Best fitness found so far: 0.4270662222927748; k: 2.0
Generation: 121; 0.4270662222927748; k: 2.0; 108,27,213,225,101,46,105,197,165,34,121,156,133,94,233,240,205,85,55
Best fitness found so far: 0.4270662222927748; k: 2.0
Generation: 122; 0.4270662222927748; k: 2.0; 123,27,193,225,101,6,105,197,165,34,121,156,133,94,127,240,205,85,183
Best fitness found so far: 0.4270662222927748; k: 2.0
Generation: 123; 0.4270662222927748; k: 2.0; 123,215,193,225,101,6,35,197,165,34,121,156,133,94,127,240,205,85,243
Best fitness found so far: 0.4270662222927748; k: 2.0
Generation: 124; 0.4270662222927748; k: 2.0; 123,171,193,225,101,6,105,197,165,34,83,156,103,94,127,240,205,85,243
Best fitness found so far: 0.4270662222927748; k: 2.0
Generation: 125; 0.41625031878547725; k: 2.0; 104,175,134,47,135,189,147,41,109,47,29,219,37,171,99,203,135,196,3,221,101,6,107,133,47,60,247,23,175,89,93,175,189,145,41,145,36,20,163,91,41,148,7,193,41,212,6,187,165,2,225,101,6,105,197,165,34,121,156,133,94,127,240,205,85,243
Best fitness found so far: 0.4270662222927748; k: 2.0
Generation: 126; 0.4270662222927748; k: 2.0; 123,27,193,225,101,6,105,197,165,34,121,156,133,94,127,240,71,85,243
Best fitness found so far: 0.4270662222927748; k: 2.0
Generation: 127; 0.4270662222927748; k: 2.0; 123,27,193,225,101,6,105,197,165,189,121,156,133,94,211,240,205,85,243
Best fitness found so far: 0.4270662222927748; k: 2.0
Generation: 128; 0.4270662222927748; k: 2.0; 123,171,193,225,101,6,105,197,165,34,121,156,103,94,127,240,205,85,243
Best fitness found so far: 0.4270662222927748; k: 2.0
Generation: 129; 0.4270662222927748; k: 2.0; 123,27,193,225,101,46,105,197,165,224,121,156,133,94,127,110,205,85,85
Best fitness found so far: 0.4270662222927748; k: 2.0
Generation: 130; 0.4135528170895961; k: 2.0; 108,27,213,225,149,46,105,197,215,34,121,156,133,224,121,156,133,94,127,110,205,85,243
Best fitness found so far: 0.4270662222927748; k: 2.0
Generation: 131; 0.4270662222927748; k: 2.0; 123,131,193,225,101,6,105,197,165,49,227,156,133,94,127,240,205,85,243
Best fitness found so far: 0.4270662222927748; k: 2.0
Generation: 132; 0.4270662222927748; k: 2.0; 108,27,213,225,101,46,105,197,165,34,121,156,133,94,233,240,205,85,243
Best fitness found so far: 0.4270662222927748; k: 2.0
Generation: 133; 0.4270662222927748; k: 2.0; 123,27,193,225,101,46,105,197,165,34,121,156,133,94,127,240,205,85,35
Best fitness found so far: 0.4270662222927748; k: 2.0
Generation: 134; 0.4270662222927748; k: 2.0; 108,27,213,225,101,46,105,197,145,34,121,156,133,94,233,240,205,85,183
Best fitness found so far: 0.4270662222927748; k: 2.0
Generation: 135; 0.4166113996539777; k: 2.0; 52,175,208,200,31,109,131,41,109,47,49,195,21,171,99,203,125,186,187,221,101,21,107,133,47,60,109,23,75,240,91,185,42,240,157,145,172,189,18,239,133,23,89,91,175,189,240,41,145,36,20,187,91,41,148,8,169,41,160,249,239,165,47,188,62,150,121,139,105,6,198,224,193,56,101,204,105,170,166,57,93,165,146,224,246,203,188,40,29,189,134,231,165,226,121,156,133,94,127,240,205,85,243
Best fitness found so far: 0.4270662222927748; k: 2.0
Generation: 136; 0.4270662222927748; k: 2.0; 123,27,193,225,101,16,105,197,165,34,83,156,103,94,127,240,205,85,243
Best fitness found so far: 0.4270662222927748; k: 2.0
Generation: 137; 0.4270662222927748; k: 2.0; 123,133,193,225,101,6,105,197,165,189,121,156,133,94,233,240,205,85,183
Best fitness found so far: 0.4270662222927748; k: 2.0
Generation: 138; 0.4270662222927748; k: 2.0; 123,27,193,225,101,46,105,27,165,34,121,156,133,94,127,240,205,85,139
Best fitness found so far: 0.4270662222927748; k: 2.0
Generation: 139; 0.4270662222927748; k: 2.0; 108,27,213,225,101,46,105,197,165,34,121,156,133,94,233,240,205,85,183
Best fitness found so far: 0.4270662222927748; k: 2.0
Generation: 140; 0.4270662222927748; k: 2.0; 123,27,193,225,101,6,105,197,85,49,227,156,133,94,127,240,205,85,243
Best fitness found so far: 0.4270662222927748; k: 2.0
Generation: 141; 0.37673442044026084; k: 2.0; 108,144,53,231,101,6,105,197,165,34,121,156,133,94,33,240,205,85,243
Best fitness found so far: 0.4270662222927748; k: 2.0
Generation: 142; 0.4270662222927748; k: 2.0; 123,27,193,225,101,6,105,197,165,189,121,156,133,94,127,240,205,85,243
Best fitness found so far: 0.4270662222927748; k: 2.0
Generation: 143; 0.4270662222927748; k: 2.0; 123,27,193,225,101,6,105,197,165,189,121,156,61,94,127,240,205,85,243
Best fitness found so far: 0.4270662222927748; k: 2.0
Generation: 144; 0.4270662222927748; k: 2.0; 123,27,193,225,101,46,105,197,165,34,121,156,133,94,127,240,205,85,243
Best fitness found so far: 0.4270662222927748; k: 2.0
Generation: 145; 0.4166113996539777; k: 2.0; 52,175,208,200,31,189,71,41,109,47,29,195,21,171,99,203,125,186,51,221,101,21,107,133,47,60,109,23,75,240,91,185,42,240,41,145,130,189,18,53,133,225,101,6,35,63,165,34,121,156,133,94,127,240,70,85,243
Best fitness found so far: 0.4270662222927748; k: 2.0
Generation: 146; 0.41625031878547725; k: 2.0; 173,231,134,47,87,189,147,41,109,47,29,219,215,171,99,203,135,196,3,221,101,6,107,133,47,60,247,23,175,89,91,175,189,240,41,145,36,20,168,91,41,119,7,193,41,212,6,239,23,47,188,62,150,201,247,62,6,198,224,195,86,55,188,105,170,4,57,91,165,146,224,246,28,188,40,167,189,134,231,165,164,216,41,223,129,43,240,5,206,27,137,200,96,114,61,202,165,189,88,56,51,41,194,94,123,41,109,97,247,23,31,134,91,180,189,240,41,145,36,150,27,50,133,14,7,193,99,101,72,86,197,47,250,158,150,81,120,130,96,60,38,193,225,101,6,105,197,165,34,121,190,133,94,62,240,205,85,243
Best fitness found so far: 0.4270662222927748; k: 2.0
Generation: 147; 0.3699595368230093; k: 2.0; 193,225,101,6,105,197,105,34,121,156,103,94,127,240,137,85,243
Best fitness found so far: 0.4270662222927748; k: 2.0
Generation: 148; 0.41625031878547725; k: 2.0; 173,231,134,47,87,189,147,41,109,47,29,219,235,61,211,203,135,196,3,221,101,6,107,133,47,60,247,23,175,89,91,175,189,240,41,145,36,20,168,91,41,119,7,144,41,212,6,239,23,47,188,62,150,210,247,62,6,198,224,195,97,55,188,105,170,4,57,148,165,146,224,246,28,188,40,167,189,134,231,165,164,216,41,223,129,43,240,5,206,27,137,200,96,21,61,161,207,189,88,56,51,165,194,94,65,41,109,97,64,23,31,86,91,180,189,240,41,145,36,150,27,50,133,14,7,193,99,101,72,86,197,47,250,82,150,81,120,130,96,197,38,193,146,101,6,105,197,84,34,121,190,133,94,237,240,205,85,243
Best fitness found so far: 0.4270662222927748; k: 2.0
Generation: 149; 0.4270662222927748; k: 2.0; 123,27,193,225,101,46,105,27,165,34,121,156,145,94,127,240,133,85,139
Best fitness found so far: 0.4270662222927748; k: 2.0
Generation: 150; 0.39538743470943555; k: 2.0; 123,27,193,225,101,6,105,197,165,189,121,156,133,94,127,240,135,196,3,221,197,6,107,133,47,60,87,23,175,34,101,175,189,240,41,145,36,20,24,91,87,148,7,193,41,212,6,239,165,47,188,116,150,201,139,60,6,198,224,158,150,81,97,130,47,7,105,47,47,14,93,43,9,121,140,121,52,133,87,6,136,36,97,59,51,33,73,226,45,156,50,40,135,189,165,66,63,158,112,54,21,2,102,94,43,178,137,130,70,81,234,211,155,189,240,147,97,242,189,16,50,44,235,230,32,37,134,72,86,111,145,97,220,188,94,33,200,39,60,105,28,91,193,162,23,243,104
Best fitness found so far: 0.4270662222927748; k: 2.0
Generation: 151; 0.4270662222927748; k: 2.0; 123,27,193,225,101,6,105,197,165,34,121,156,133,94,127,240,205,85,243
Best fitness found so far: 0.4270662222927748; k: 2.0
Generation: 152; 0.4270662222927748; k: 2.0; 123,27,193,225,101,6,105,222,165,189,121,156,133,94,127,240,205,85,243
Best fitness found so far: 0.4270662222927748; k: 2.0
Generation: 153; 0.4166113996539777; k: 2.0; 3,175,208,200,31,109,131,41,109,47,49,195,21,171,99,203,125,186,187,221,101,21,107,133,47,60,109,23,75,240,91,185,42,240,157,145,172,189,18,239,6,107,133,47,60,247,23,175,89,91,202,189,240,41,145,65,20,121,91,166,148,7,193,41,101,6,239,96,74,2,56,150,178,139,105,6,198,205,195,86,101,18,8,170,107,57,91,165,146,224,143,203,188,40,167,165,105,197,202,124,49,158,133,208,182,97,249,85,243
Best fitness found so far: 0.4270662222927748; k: 2.0
Generation: 154; 0.4270662222927748; k: 2.0; 123,27,193,225,101,6,105,197,165,189,121,71,71,94,127,240,205,85,243
Best fitness found so far: 0.4270662222927748; k: 2.0
Generation: 155; 0.4270662222927748; k: 2.0; 123,27,193,225,101,6,105,197,165,34,121,156,133,94,127,240,205,85,155
Best fitness found so far: 0.4270662222927748; k: 2.0
Generation: 156; 0.4270662222927748; k: 2.0; 123,27,193,225,101,6,105,197,165,189,121,156,133,94,127,240,205,85,233
Best fitness found so far: 0.4270662222927748; k: 2.0
Generation: 157; 0.4270662222927748; k: 2.0; 123,27,193,225,101,6,105,222,165,189,121,156,41,94,127,240,205,85,243
Best fitness found so far: 0.4270662222927748; k: 2.0
Generation: 158; 0.4270662222927748; k: 2.0; 123,27,193,225,101,6,105,197,165,189,121,156,133,94,127,240,205,85,243
Best fitness found so far: 0.4270662222927748; k: 2.0
Generation: 159; 0.4270662222927748; k: 2.0; 123,27,193,225,101,6,105,197,165,189,121,71,15,94,127,240,205,85,243
Best fitness found so far: 0.4270662222927748; k: 2.0
Generation: 160; 0.4270662222927748; k: 2.0; 123,171,193,225,101,6,105,197,165,34,121,156,133,94,33,240,205,85,243
Best fitness found so far: 0.4270662222927748; k: 2.0
Generation: 161; 0.4270662222927748; k: 2.0; 123,27,193,225,101,46,105,27,165,34,121,156,145,94,127,240,133,85,139
Best fitness found so far: 0.4270662222927748; k: 2.0
Generation: 162; 0.4270662222927748; k: 2.0; 13,27,193,225,101,6,105,197,165,34,121,156,103,94,127,240,205,85,233
Best fitness found so far: 0.4270662222927748; k: 2.0
Generation: 163; 0.4270662222927748; k: 2.0; 123,27,193,225,101,6,105,197,165,189,121,156,133,94,127,240,205,85,243
Best fitness found so far: 0.4270662222927748; k: 2.0
Generation: 164; 0.4021279304964887; k: 2.0; 123,27,193,225,101,6,35,197,165,34,121,94,127,240,205,85,243
Best fitness found so far: 0.4270662222927748; k: 2.0
Generation: 165; 0.4270662222927748; k: 2.0; 123,27,193,225,101,6,105,197,165,189,121,156,133,94,127,240,205,85,243
Best fitness found so far: 0.4270662222927748; k: 2.0
Generation: 166; 0.4270662222927748; k: 2.0; 123,27,193,225,101,6,105,197,165,34,121,156,133,94,209,240,205,85,243
Best fitness found so far: 0.4270662222927748; k: 2.0
Generation: 167; 0.3799189570353644; k: 2.0; 123,182,193,225,101,6,105,197,165,189,121,156,133,94,233,240,205,85,27,193,225,101,6,105,108,165,34,121,156,69,94,127,240,205,85,233
Best fitness found so far: 0.4270662222927748; k: 2.0
Generation: 168; 0.4270662222927748; k: 2.0; 123,145,193,225,101,6,35,197,165,34,121,156,133,94,127,240,205,85,243
Best fitness found so far: 0.4270662222927748; k: 2.0
Generation: 169; 0.4270662222927748; k: 2.0; 123,27,73,225,101,6,105,197,165,34,121,156,133,94,127,110,205,85,243
Best fitness found so far: 0.4270662222927748; k: 2.0
Generation: 170; 0.4270662222927748; k: 2.0; 123,27,193,225,101,46,105,197,165,34,121,156,133,94,127,240,205,85,35
Best fitness found so far: 0.4270662222927748; k: 2.0
Generation: 171; 0.4270662222927748; k: 2.0; 123,27,193,225,101,6,105,197,165,34,121,156,55,94,127,240,205,85,243
Best fitness found so far: 0.4270662222927748; k: 2.0
Generation: 172; 0.4270662222927748; k: 2.0; 123,27,193,225,101,46,105,197,165,224,121,156,133,94,127,240,205,85,243
Best fitness found so far: 0.4270662222927748; k: 2.0
Generation: 173; 0.34479260493561836; k: 2.0; 123,27,193,225,101,6,105,197,123,27,193,225,101,46,105,27,165,34,121,156,133,43,127,240,205,85,139
Best fitness found so far: 0.4270662222927748; k: 2.0
Generation: 174; 0.4270662222927748; k: 2.0; 123,27,193,225,101,46,105,197,165,224,121,156,133,94,127,240,159,85,243
Best fitness found so far: 0.4270662222927748; k: 2.0
Generation: 175; 0.4270662222927748; k: 2.0; 123,27,193,225,101,6,105,222,165,189,121,156,133,94,127,240,97,85,243
Best fitness found so far: 0.4270662222927748; k: 2.0
Generation: 176; 0.4270662222927748; k: 2.0; 123,171,193,225,101,6,105,197,165,34,121,156,133,94,127,240,205,85,243
Best fitness found so far: 0.4270662222927748; k: 2.0
Generation: 177; 0.4270662222927748; k: 2.0; 123,27,73,225,101,6,105,197,165,34,209,156,103,94,127,240,51,85,243
Best fitness found so far: 0.4270662222927748; k: 2.0
Generation: 178; 0.4270662222927748; k: 2.0; 123,27,193,225,101,6,105,197,121,34,121,156,133,94,233,240,205,85,183
Best fitness found so far: 0.4270662222927748; k: 2.0
Generation: 179; 0.4270662222927748; k: 2.0; 123,215,193,225,101,6,35,197,165,34,121,156,133,94,127,240,205,85,243
Best fitness found so far: 0.4270662222927748; k: 2.0
Generation: 180; 0.36030749738198153; k: 2.0; 108,22,213,225,101,46,105,197,165,34,121,156,133,94,233,240,11,85,121,156,133,94,127,240,205,85,243
Best fitness found so far: 0.4270662222927748; k: 2.0
Generation: 181; 0.4270662222927748; k: 2.0; 123,27,193,225,101,6,105,197,165,34,121,156,133,94,127,240,205,85,243
Best fitness found so far: 0.4270662222927748; k: 2.0
Generation: 182; 0.4270662222927748; k: 2.0; 13,27,193,225,101,6,105,197,165,34,121,156,103,94,127,240,205,85,233
Best fitness found so far: 0.4270662222927748; k: 2.0
Generation: 183; 0.4270662222927748; k: 2.0; 123,27,193,225,101,6,105,197,165,189,121,156,61,94,127,240,205,85,243
Best fitness found so far: 0.4270662222927748; k: 2.0
Generation: 184; 0.4270662222927748; k: 2.0; 123,27,193,225,101,6,105,197,153,189,121,156,133,94,127,110,205,85,243
Best fitness found so far: 0.4270662222927748; k: 2.0
Generation: 185; 0.4270662222927748; k: 2.0; 123,145,193,225,101,6,35,197,165,34,121,156,133,94,127,240,181,85,243
Best fitness found so far: 0.4270662222927748; k: 2.0
Generation: 186; 0.4270662222927748; k: 2.0; 123,27,193,225,101,6,105,197,165,189,121,156,133,94,127,240,205,85,243
Best fitness found so far: 0.4270662222927748; k: 2.0
Generation: 187; 0.4270662222927748; k: 2.0; 48,27,193,225,101,6,105,197,165,34,121,156,133,94,127,240,205,85,243
Best fitness found so far: 0.4270662222927748; k: 2.0
Generation: 188; 0.4270662222927748; k: 2.0; 123,73,193,225,101,6,105,197,165,189,141,156,133,94,211,240,205,85,243
Best fitness found so far: 0.4270662222927748; k: 2.0
Generation: 189; 0.4270662222927748; k: 2.0; 123,27,193,225,101,6,105,222,165,189,121,156,41,94,127,240,205,85,243
Best fitness found so far: 0.4270662222927748; k: 2.0
Generation: 190; 0.4270662222927748; k: 2.0; 123,27,193,225,101,6,105,197,165,34,121,156,133,94,127,240,205,85,155
Best fitness found so far: 0.4270662222927748; k: 2.0
Generation: 191; 0.4270662222927748; k: 2.0; 123,27,193,225,101,6,105,197,165,34,121,156,133,94,127,240,205,85,243
Best fitness found so far: 0.4270662222927748; k: 2.0
Generation: 192; 0.36259919613521213; k: 2.0; 123,27,193,225,101,6,105,197,165,189,121,156,61,94,133,94,33,240,205,85,243
Best fitness found so far: 0.4270662222927748; k: 2.0
Generation: 193; 0.3805580838161635; k: 2.0; 108,27,213,225,203,46,105,197,165,34,121,156,133,94,233,240,205,85,183
Best fitness found so far: 0.4270662222927748; k: 2.0
Generation: 194; 0.40065720010555933; k: 2.0; 123,122,73,225,101,6,105,197,165,34,121,156,103,97,127,240,205,225,101,6,105,203,165,189,121,71,71,94,127,240,205,225,243
Best fitness found so far: 0.4270662222927748; k: 2.0
Generation: 195; 0.3699595368230093; k: 2.0; 123,225,101,6,35,197,165,34,121,156,133,94,127,240,205,85,243
Best fitness found so far: 0.4270662222927748; k: 2.0
Generation: 196; 0.4270662222927748; k: 2.0; 123,27,193,225,101,46,105,197,165,34,121,156,133,94,127,240,205,85,243
Best fitness found so far: 0.4270662222927748; k: 2.0
Generation: 197; 0.4270662222927748; k: 2.0; 123,27,193,225,101,6,105,197,81,34,121,156,103,94,127,240,205,85,243
Best fitness found so far: 0.4270662222927748; k: 2.0
Generation: 198; 0.4270662222927748; k: 2.0; 123,193,193,225,101,6,105,197,165,189,121,156,109,94,127,240,205,85,233
Best fitness found so far: 0.4270662222927748; k: 2.0
Generation: 199; 0.4270662222927748; k: 2.0; 123,27,193,225,101,46,105,197,165,224,121,156,133,94,127,110,205,85,243
Best fitness found so far: 0.4270662222927748; k: 2.0
Total time of execution of seed 5 : 139679348
Solution Fitness: -0.4270662222927748
Variables: uniform 10 eucledian split moveAverage moveNear split moveNear join join moveBetween moveBetween split join
