Generation: 0; -1.0; k: 0.0; 127,167,179,142,154,128,55,91,142,209,19,13
Best fitness found so far: -1.0; k: 0.0
Generation: 1; 0.37569542864525857; k: 8.8; 238,145,226,143,71,45,195,118,161,82,15
Best fitness found so far: 0.37569542864525857; k: 8.8
Generation: 2; 0.3564407659004841; k: 3.0; 18,151,7,174,213,113,49,215,159,34
Best fitness found so far: 0.37569542864525857; k: 8.8
Generation: 3; 0.5421498976630786; k: 2.0; 203,174,213,113,49,215,159,164,229,106,20,40
Best fitness found so far: 0.5421498976630786; k: 2.0
Generation: 4; 0.5002957158072985; k: 2.0; 239,178,28,215,159,164,229,106,20,40
Best fitness found so far: 0.5421498976630786; k: 2.0
Generation: 5; 0.6037708604187391; k: 2.0; 239,178,28,215,159,131,47,162
Best fitness found so far: 0.6037708604187391; k: 2.0
Generation: 6; 0.6037708604187391; k: 2.0; 239,178,28,215,159,131,47,162
Best fitness found so far: 0.6037708604187391; k: 2.0
Generation: 7; 0.5536347465959297; k: 2.1; 238,82,226,43,13,131,13,105,216,79,111,178,211
Best fitness found so far: 0.6037708604187391; k: 2.0
Generation: 8; 0.6041291746436213; k: 2.0; 130,43,14,47,103,76,107,88,5,224,67,123,205,120,25,215,159,164,229,106,20,40
Best fitness found so far: 0.6041291746436213; k: 2.0
Generation: 9; 0.5439146750010464; k: 2.0; 187,195,50,50,233,152,129,66,213,113,47,162
Best fitness found so far: 0.6041291746436213; k: 2.0
Generation: 10; 0.6037708604187391; k: 2.0; 239,178,28,215,247,1,19,107
Best fitness found so far: 0.6041291746436213; k: 2.0
Generation: 11; 0.6780518021725325; k: 2.0; 42,143,226,43,13,131,201,105,75,86,111,133,111,118,161,86,243,213,93,242,47,77,3,205,23,110,146
Best fitness found so far: 0.6780518021725325; k: 2.0
Generation: 12; 0.5754600395428526; k: 3.0; 34,115,77,38,97,154,33,135,19,123,174,206,4,79,152,98,208,229,26,20,40
Best fitness found so far: 0.6780518021725325; k: 2.0
Generation: 13; 0.5754600395428526; k: 3.0; 34,115,77,38,97,154,33,135,19,123,174,206,4,79,215,197,1,19,107
Best fitness found so far: 0.6780518021725325; k: 2.0
Generation: 14; 0.7727735582566037; k: 2.0; 239,178,28,241,61,76,107,244,73,38,67,174,213,113,49,215,93,164,229,106,20,40
Best fitness found so far: 0.7727735582566037; k: 2.0
Generation: 15; 0.6636547145970441; k: 2.0; 239,178,28,215,159,131,47,164
Best fitness found so far: 0.7727735582566037; k: 2.0
Generation: 16; 0.6876816747327935; k: 2.0; 239,178,27,215,159,131,47,164
Best fitness found so far: 0.7727735582566037; k: 2.0
Generation: 17; 0.7379990437286557; k: 2.0; 130,43,14,47,103,76,107,88,5,224,67,123,205,120,25,215,159,231,157,165,34
Best fitness found so far: 0.7727735582566037; k: 2.0
Generation: 18; 0.6529813753247233; k: 2.1; 42,172,228,91,13,131,13,105,216,79,111,133,115,77,38,97,87,33,224,19,131,13,105,216,79,111,133,115,77,38,142,174,213,131,49,115,93,164,91,106,20,40
Best fitness found so far: 0.7727735582566037; k: 2.0
Generation: 19; 0.6876816747327935; k: 2.0; 239,178,27,215,159,131,47,164
Best fitness found so far: 0.7727735582566037; k: 2.0
Generation: 20; 0.7953980521159336; k: 2.0; 42,218,128,43,13,131,107,244,73,38,67,174,213,103,49,215,93,182,229,106,20,40
Best fitness found so far: 0.7953980521159336; k: 2.0
Generation: 21; 0.6529813753247233; k: 2.1; 238,248,248,43,13,131,145,105,216,79,13,105,156,79,233,133,115,159,39,47,120,84,15,79,28,133,115,159
Best fitness found so far: 0.7953980521159336; k: 2.0
Generation: 22; 0.6529813753247233; k: 2.1; 175,248,248,43,13,131,149,115,216,79,111,33,210,19,123,87,79,178,243,77,38,21,154,219,224,19,123,164,38,67,174,213,13,250,215,4,164,229,106,20,40
Best fitness found so far: 0.7953980521159336; k: 2.0
Generation: 23; 0.6876816747327935; k: 2.0; 239,178,27,215,159,131,167,164
Best fitness found so far: 0.7953980521159336; k: 2.0
Generation: 24; 0.6876816747327935; k: 2.0; 239,178,27,215,159,131,167,164
Best fitness found so far: 0.7953980521159336; k: 2.0
Generation: 25; 0.6646569095488581; k: 2.6; 37,218,128,43,131,79,111,79,115,106,20,40
Best fitness found so far: 0.7953980521159336; k: 2.0
Generation: 26; 0.6529813753247233; k: 2.1; 239,54,243,43,13,131,13,120,242,79,95,195,173,70,143,58,122,80,229,177,126,80,203,13,50,216,79,111,133,115,77,150,2,86,33,91,19,123,87,104,20,145,120,210,38,97,53,33,224,174,206,4,79,152,98,81,106,47,190
Best fitness found so far: 0.7953980521159336; k: 2.0
Generation: 27; 0.6529813753247233; k: 2.1; 42,184,138,43,113,86,13,105,216,79,111,168,60,33,23,76,107,244,90,38,67,3,31
Best fitness found so far: 0.7953980521159336; k: 2.0
Generation: 28; 0.6529813753247233; k: 2.1; 42,218,128,157,13,6,13,105,216,79,42,152,45,43,183,61,13,105,216,112,111,133,90,77,12,97,154,33,81,48,123,87,36,125,74,44,238,170,77,38,20,36,87,111,118,161,86,56,169,93,72,47,77,3,205,38,110,239,128,19,13,244,13,105,216,125,111,133,194,77,150,77,181,243,246,33,71,159,122,13,105,242,79,95,195,173,215,159,167,47,164
Best fitness found so far: 0.7953980521159336; k: 2.0
Generation: 29; 0.8624470706708955; k: 2.0; 161,172,228,91,13,131,13,87,111,118,161,86,199,169,93,72,179,77,3,205,38,110,239,128,43,13,131,13,105,216,125,111,133,27,77,150,77,181,243,246,33,71,159,122,158,104,20,98
Best fitness found so far: 0.8624470706708955; k: 2.0
Generation: 30; 0.8624470706708955; k: 2.0; 161,172,228,91,13,131,13,87,111,118,161,86,199,169,93,72,179,77,3,205,38,110,239,128,43,13,131,13,29,79,190,178,39,154,33,224,19,148,215,159,131,47,162
Best fitness found so far: 0.8624470706708955; k: 2.0
Generation: 31; 0.6876816747327935; k: 2.0; 239,178,27,215,159,131,47,164
Best fitness found so far: 0.8624470706708955; k: 2.0
Generation: 32; 0.6876816747327935; k: 2.0; 239,178,27,215,159,131,167,164
Best fitness found so far: 0.8624470706708955; k: 2.0
Generation: 33; 0.8624470706708955; k: 2.0; 161,172,228,91,13,131,13,87,111,118,161,86,199,169,93,72,179,77,3,205,38,110,239,128,43,13,131,13,29,79,190,189,39,154,107,244,65,38,144,148,213,240,212,215,93,164,229,106,141,224
Best fitness found so far: 0.8624470706708955; k: 2.0
Generation: 34; 0.8626372536354175; k: 2.0; 161,172,166,91,13,131,13,87,111,33,161,86,199,169,93,72,179,77,3,205,38,110,239,128,20,40
Best fitness found so far: 0.8626372536354175; k: 2.0
Generation: 35; 0.7256498202816782; k: 2.0; 42,143,242,43,13,131,201,105,75,86,111,145,111,118,161,86,243,213,93,242,177,77,157,128,20,40
Best fitness found so far: 0.8626372536354175; k: 2.0
Generation: 36; 0.8626372536354175; k: 2.0; 161,172,191,91,13,131,13,87,111,118,161,86,199,234,93,72,179,77,3,205,38,110,239,47,43,13,131,13,29,79,132,189,218,126,43,13,131,13,105,216,79,111,214,194,77,150,77,181,215,159,131,47,164
Best fitness found so far: 0.8626372536354175; k: 2.0
Generation: 37; 0.8624470706708955; k: 2.0; 161,172,228,91,13,131,35,87,111,118,161,86,199,169,93,72,179,77,3,205,38,110,239,128,181,13,131,13,138,239,199,46,19,125,45,23,110,19,107
Best fitness found so far: 0.8626372536354175; k: 2.0
Generation: 38; 0.8738090492414999; k: 2.0; 161,172,228,91,13,131,35,78,111,118,161,86,199,169,93,72,179,77,3,205,38,110,215,97,1,47,148
Best fitness found so far: 0.8738090492414999; k: 2.0
Generation: 39; 0.8626372536354175; k: 2.0; 161,172,191,91,13,131,13,87,111,118,161,86,199,234,93,72,179,77,3,205,38,110,239,47,43,13,128,13,29,32,132,189,29,126,43,13,99,13,111,145,111,118,161,77,243,131,95,164,99,13,111,145,111,118,161,77,243,131
Best fitness found so far: 0.8738090492414999; k: 2.0
Generation: 40; 0.8624470706708955; k: 2.0; 161,172,228,91,13,131,35,87,111,118,161,86,199,169,93,72,179,77,3,205,38,110,239,128,181,13,131,13,164
Best fitness found so far: 0.8738090492414999; k: 2.0
Generation: 41; 0.8738090492415; k: 2.0; 191,39,125,91,53,131,35,99,159,118,161,86,199,169,119,72,179,77,3,205,38,110,239,128,236,13,131,13,138,239,67,46,19,125,239,178,27,237,215,159,131,237,164,9,51
Best fitness found so far: 0.8738090492415; k: 2.0
Generation: 42; 0.8738090492415; k: 2.0; 191,39,125,91,53,131,35,99,159,118,161,86,199,44,119,72,179,77,3,205,38,110,239,128,236,13,131,13,138,239,67,46,19,125,239,224,19,148,215,159,136,47,162
Best fitness found so far: 0.8738090492415; k: 2.0
Generation: 43; 0.8738090492415; k: 2.0; 161,172,228,36,135,131,13,87,111,217,161,86,199,169,93,72,179,77,55,205,190,110,29,128,43,161,93,72,179,77,10,101,38,110,29,128,43,248,106,13,131,73,244,216,79,47,103,76,107,88,5,224,67,123,205,15,25,215,159,231,157,165,34
Best fitness found so far: 0.8738090492415; k: 2.0
Generation: 44; 0.8738090492415; k: 2.0; 161,40,100,91,13,131,41,87,111,118,161,86,199,169,93,72,93,72,179,77,3,205,38,110,29,128,43,248,43,13,131,73,105,216,79,213,165
Best fitness found so far: 0.8738090492415; k: 2.0
Generation: 45; 0.8738090492414999; k: 2.0; 161,39,228,91,13,131,35,99,111,118,161,86,199,169,93,204,113,77,3,205,38,110,239,130,236,13,91,13,131,13,87,111,167,161,86,199,169,93,72,179,124,3,205,38,110,29,128,43,248,43,13,131,73,52,216,131,47,162
Best fitness found so far: 0.8738090492415; k: 2.0
Generation: 46; 0.8738090492415; k: 2.0; 161,172,228,36,135,131,13,87,111,37,161,86,199,169,93,72,179,77,55,205,190,110,29,128,43,161,93,126,179,77,10,101,38,110,29,72,43,248,106,232,131,73,244,216,110,239,128,43,13,131,13,105,216,125,111,133,27,77,150,77,181,243,246,33,71,159,122,158,104,20,98
Best fitness found so far: 0.8738090492415; k: 2.0
Generation: 47; 0.8738090492415; k: 2.0; 161,40,100,91,13,131,41,87,111,118,161,86,199,169,93,72,93,72,179,77,3,205,38,110,29,128,93,72,179,77,202,205,38,110,239,206,137,118,161,86,199,169,93,72,179,77,3,205,143,110,239,128,181,228,131,13,164
Best fitness found so far: 0.8738090492415; k: 2.0
Generation: 48; 0.8738090492415; k: 2.0; 191,39,125,91,53,131,117,99,159,118,161,86,199,44,119,72,179,77,3,125,38,110,239,128,110,13,224,13,145,239,67,46,72,179,77,3,205,38,130,239,237,43,1,47,78
Best fitness found so far: 0.8738090492415; k: 2.0
Generation: 49; 0.8738090492415; k: 2.0; 191,39,125,91,53,131,35,99,159,118,161,86,199,44,119,72,179,77,3,205,38,110,239,128,236,91,13,131,13,58,111,118,161,86,199,169,93,72,179,77,208,205,38,110,239,128,43,13,131,13,105,216,125,244,133,27,77,150,77,181,243,246,33,71,159,122,158,104,20,98
Best fitness found so far: 0.8738090492415; k: 2.0
Generation: 50; 0.8738090492415; k: 2.0; 161,172,191,91,13,96,13,87,111,118,161,86,199,234,93,124,179,77,3,205,38,110,239,47,43,131,128,13,187,32,132,189,231,126,13,204
Best fitness found so far: 0.8738090492415; k: 2.0
Generation: 51; 0.8738090492415; k: 2.0; 191,39,125,91,53,131,35,99,159,118,161,86,199,44,119,72,179,77,3,205,38,110,239,128,236,205,38,110,29,128,93,97,179,77,202,205,38,110,239,206,137,118,161,86,199,169,93,242,179,49,3,205,4,110,239,128,181,172,131,13,164
Best fitness found so far: 0.8738090492415; k: 2.0
Generation: 52; 0.8738090492415; k: 2.0; 191,39,125,91,53,131,35,99,159,118,161,86,199,44,119,72,179,77,3,205,38,110,239,128,236,91,75,131,13,58,85,118,161,86,199,169,93,72,179,77,208,205,38,110,239,128,43,13,131,217,105,216,125,110,188,215,179,77,170,205,38,110,29,128,43,248,43,175,131,73,105,216,79,213,165
Best fitness found so far: 0.8738090492415; k: 2.0
Generation: 53; 0.8738090492415; k: 2.0; 191,39,125,91,213,131,35,99,159,118,161,86,199,44,119,72,179,77,3,205,38,110,239,128,236,91,13,131,3,205,38,110,239,47,43,131,128,13,187,32,132,189,231,126,13,215
Best fitness found so far: 0.8738090492415; k: 2.0
Generation: 54; 0.8738090492415; k: 2.0; 191,39,125,91,53,131,117,99,159,118,161,86,199,44,119,72,179,77,3,205,38,110,37,128,110,13,224,13,122,239,67,140,72,179,77,3,205,38,110,239,237,43,119,39,210,91,128,181,13,131,13,164
Best fitness found so far: 0.8738090492415; k: 2.0
Generation: 55; 0.8738090492415; k: 2.0; 161,172,228,36,135,131,13,87,111,217,161,86,199,169,93,72,179,77,55,205,190,110,29,128,43,228,93,72,179,77,10,101,38,110,47,128,43,248,106,104,131,73,244,216,79,47,103,76,107,88,139,20,67,123,205,15,25,197,1,19,158
Best fitness found so far: 0.8738090492415; k: 2.0
Generation: 56; 0.8738090492415; k: 2.0; 191,39,125,91,53,131,35,99,159,118,161,86,199,44,119,72,179,77,159,205,38,110,239,128,236,91,13,131,13,58,111,118,161,86,199,169,93,72,179,126,123,205,38,110,239,128,43,13,131,13,105,216,125,244,133,27,77,150,77,181,243,246,33,118,161,86,199,169,93,72,235,77,5,205,38,110,239,128,43,13,131,217,105,216,125,110,188,215,179,77,170,205,38,110,78,128,43,248,43,175,131,73,105,216,79,213,165
Best fitness found so far: 0.8738090492415; k: 2.0
Generation: 57; 0.8738090492415; k: 2.0; 191,39,125,91,53,131,117,99,159,118,161,86,199,194,119,72,179,77,3,95,38,110,239,128,2,13,191,96,145,239,67,46,72,179,91,3,205,106,110,161,130,199,169,146,72,225,135,55,205,190,110,29,115,151,87,79,118,57,92,199,214,93,72,179,77,3,97,38,110,239,128,86,199,169,93,204,113,77,3,205,38,110,63,206
Best fitness found so far: 0.8738090492415; k: 2.0
Generation: 58; 0.8738090492415; k: 2.0; 191,135,125,91,53,131,117,99,19,118,161,86,199,194,119,72,179,77,3,95,196,110,239,128,2,13,191,96,145,239,67,46,72,179,91,99,159,118,161,86,199,44,119,72,179,77,3,205,38,110,239,128,236,91,13,8,131,73,244,216,79,47,153,76,107,88,5,224,67,123,205,51,124,215,159,112,157,87,146,118,161,98,199,234,93,72,24,77,3,205,38,110,239,99,43,13,131,13,29,136,132,189,20,155,132,156
Best fitness found so far: 0.8738090492415; k: 2.0
Generation: 59; 0.8738090492415; k: 2.0; 191,39,125,91,3,131,117,99,159,118,161,86,199,44,119,72,179,77,3,205,38,110,239,128,236,13,131,118,161,86,199,169,236,165,179,69,88,20,38,55,239,128,181,125,91,230,131,35,99,67,118,85,142,41,44,119,114,62,77,207,55,38,110,239,128,236,91,172,45,13,58,177,118,248,86,199,169,93,72,179,77,118,205,38,142,239,128,43,13,131,209,7,216,169,154,72,179,69,77,242,38,110,239,72,121,13,225,13,52,232,199,46,13,164
Best fitness found so far: 0.8738090492415; k: 2.0
Generation: 60; 0.8738090492415; k: 2.0; 191,39,245,91,53,131,35,99,159,118,219,86,199,44,119,72,179,77,3,205,38,110,239,193,236,91,30,8,240,158,77,62,205,38,140,239,47,233,13,131,18,29,64,132,189,244,126,230,9,99,67,111,18,111,118,161,77,243,39,93,242,177,29,46,93,97,179,128,63,13,64,229,49,239,204,46,85,125,22,178,27,215,159,131,47,164
Best fitness found so far: 0.8738090492415; k: 2.0
Generation: 61; 0.8738090492415; k: 2.0; 191,39,125,91,53,131,117,99,159,118,161,86,199,44,119,72,179,77,3,125,38,110,177,128,110,13,224,114,145,239,67,205,38,234,84,113,65,79,129,66,158,182,67,222,24,214,215,197,1,19,158
Best fitness found so far: 0.8738090492415; k: 2.0
Generation: 62; 0.8738090492415; k: 2.0; 191,39,245,91,53,131,35,99,159,118,93,86,199,44,21,72,179,77,3,205,38,110,239,10,236,89,30,8,224,158,77,3,205,38,110,239,49,132,13,131,18,29,64,132,189,244,126,230,9,99,13,111,18,37,118,161,77,243,39,93,242,177,29,46,93,249,179,77,202,58,38,226,239,206,137,118,161,86,199,169,13,131,13,105,216,125,244,133,27,77,223,77,181,243,246,33,118,161,86,199,169,161,191,39,125,214,53,131,35,99,159,118,161,86,246,44,119,72,179,77,159,205,38,110,33,128,236,91,13,45,13,58,111,118,161,86,43,178,43,13,108,73,80,151,180,213,165
Best fitness found so far: 0.8738090492415; k: 2.0
Generation: 63; 0.8738090492415; k: 2.0; 191,39,125,91,53,131,117,99,159,118,161,86,199,44,119,72,179,77,3,205,38,110,239,203,110,13,224,13,122,239,67,46,72,22,77,3,205,38,110,239,237,43,1,39,228,91,13,146,179,77,3,205,111,118,47,86,199,169,93,72,179,77,208,205,38,110,197,128,43,13,131,210,7,216,125,244,133,27,200,150,77,181,243,246,33,71,159,122,158,104,20,9
Best fitness found so far: 0.8738090492415; k: 2.0
Generation: 64; 0.8738090492415; k: 2.0; 161,82,100,91,13,131,41,87,111,118,161,86,199,169,93,72,93,72,179,77,3,205,38,110,29,128,13,72,179,77,202,205,115,183,239,100,155,118,161,86,199,169,93,172,179,161,3,205,4,110,239,128,181,172,131,205,38,110,37,128,110,13,188,13,122,239,67,140,221,13,187,32,152,189,231,12
Best fitness found so far: 0.8738090492415; k: 2.0
Generation: 65; 0.8738090492415; k: 2.0; 161,82,100,163,13,131,41,87,111,118,161,86,209,169,93,72,93,72,179,77,3,205,38,110,20,128,239,72,179,77,202,205,38,110,197,206,137,118,242,110,29,128,132,85,125,124,178,151,191,39,125,91,53,121,13,131,3,205,38,110,239,47,43,131,128,13,187,32,132,189,231,134,13,215
Best fitness found so far: 0.8738090492415; k: 2.0
Generation: 66; 0.8738090492415; k: 2.0; 161,172,228,75,65,131,13,87,111,217,161,86,199,169,93,72,179,77,105,205,190,160,45,221,5,63,93,72,179,77,129,108,49,102,61,65,43,178,221,199,155,93,72,179,77,227,205,38,110,154,128,142,110,231,107,88,139,20,67,123,205,15,52,197,1,19,158
Best fitness found so far: 0.8738090492415; k: 2.0
Generation: 67; 0.8738090492415; k: 2.0; 161,172,191,91,13,96,13,87,111,118,161,86,199,234,93,124,179,77,3,205,38,110,239,47,43,13,128,13,187,32,132,189,108,126,78,13,99,77,3,205,219,110,239,197,110,15,224,13,145,239,5,46,57,179,77,3,205,38,110,239,113,43,1,47,78
Best fitness found so far: 0.8738090492415; k: 2.0
Generation: 68; 0.8738090492415; k: 2.0; 161,172,191,91,13,131,13,87,111,118,161,86,199,234,93,224,93,77,3,205,38,110,239,222,179,13,131,13,131,98,157,189,244,126,139,13,99,13,111,171,137,118,161,77,243,39,93,199,169,93,72,179,77,55,23,190,110,29,128,43,161,93,72,179,77,10,101,38,110,29,140,43,248,106,13,131,73,244,216,79,47,214,76,107,88,64,224,67,123,205,15,25,215,6,231,157,165,34
Best fitness found so far: 0.8738090492415; k: 2.0
Generation: 69; 0.8738090492415; k: 2.0; 161,172,191,121,13,96,13,87,111,118,161,86,199,234,93,124,179,77,3,205,38,110,239,47,33,13,128,13,79,32,194,170,160,38,110,239,128,236,138,131,118,161,86,199,169,36,72,179,69,77,232,38,110,239,128,121,13,126,13,52,239,199,109,19,125,45,135,53,199,234,95,72,179,77,3,111,38,110,239,128,181,46,131,13,164
Best fitness found so far: 0.8738090492415; k: 2.0
Generation: 70; 0.8738090492415; k: 2.0; 191,39,150,91,53,131,117,99,159,118,161,86,199,44,19,72,179,77,3,205,38,110,239,128,110,13,224,13,145,239,67,46,72,179,77,3,205,38,110,239,237,43,38,110,29,72,43,248,106,232,131,73,244,167,110,200,155,13,87,111,222,85,86,96,234,93,72,179,77,3,49,26,110,122,157,13,25,34
Best fitness found so far: 0.8738090492415; k: 2.0
Generation: 71; 0.8738090492415; k: 2.0; 191,39,125,91,53,131,117,99,159,118,161,86,199,44,153,72,179,77,3,205,196,110,239,128,110,13,224,90,122,124,67,46,72,179,77,3,205,38,240,239,62,43,1,39,29,141,13,146,35,99,248,162,161,86,199,75,131,13,58,85,34,161,86,199,169,93,72,179,77,208,205,38,110,239,128,43,36,135,131,13,87,111,217,161,86,199,169,93,72,179,77,55,205,23,110,172,128,43,236,93,72,179,201,10,43,38,110,47,101,43,60,106,57,131,73,231,216,79,47,103,231,107,88,139,20,67,39,205,31,52,197,1,19,158
Best fitness found so far: 0.8738090492415; k: 2.0
Generation: 72; 0.8738090492415; k: 2.0; 161,82,100,91,13,131,41,77,111,118,161,86,199,169,93,72,93,72,179,77,3,205,38,110,29,140,120,43,179,127,202,205,38,110,239,206,217,118,198,231,29,128,43,248,43,79,131,79,87,31,20,106,167,249,12,40,239,128,20,135
Best fitness found so far: 0.8738090492415; k: 2.0
Generation: 73; 0.8738090492415; k: 2.0; 191,39,125,91,53,196,117,99,163,118,161,86,199,44,119,72,179,77,3,125,38,110,239,128,110,13,39,125,91,53,131,117,99,159,118,161,189,199,44,119,72,179,77,3,205,38,110,37,128,110,13,224,13,122,239,130,140,72,179,77,3,205,38,110,239,237,43,119,39,210,91,128,112,13,131,163,164
Best fitness found so far: 0.8738090492415; k: 2.0
Generation: 74; 0.8738090492415; k: 2.0; 191,39,170,91,53,131,117,99,159,118,161,86,199,44,119,72,179,77,3,205,228,110,43,118,135,131,3,87,111,217,161,86,199,169,93,72,179,77,55,205,190,110,29,128,43,228,93,72,179,77,10,101,38,110,47,128,43,155,106,13,131,73,244,216,79,47,103,231,107,88,139,20,67,123,205,15,43,140,110,19,158
Best fitness found so far: 0.8738090492415; k: 2.0
Generation: 75; 0.8738090492415; k: 2.0; 161,172,228,36,135,131,13,87,111,217,161,86,199,169,93,72,215,77,55,205,190,160,10,128,116,161,93,72,179,77,129,108,110,239,128,43,36,135,131,13,87,111,217,161,212,199,246,93,72,179,77,55,205,190,110,182,128,43,228,93,72,179,71,10,101,38,110,47,128,43,69,106,13,131,73,244,216,79,47,208,231,107,88,139,20,67,123,205,15,52,197,1,19,162
Best fitness found so far: 0.8738090492415; k: 2.0
Generation: 76; 0.8738090492415; k: 2.0; 161,172,191,91,13,96,13,87,111,118,9,86,199,234,93,124,179,77,3,205,38,110,239,47,43,97,128,179,77,3,205,38,161,239,128,119,217,181,77,149,205,38,110,239,128,75,91,75,131,13,58,85,209,161,86,199,169,93,160,69,77,208,205,38,110,239,128,43,125,135,131,13,87,111,217,69,86,45,169,227,72,179,194,55,113,190,130,29,128,4,228,93,179,179,77,10,101,29,110,47,128,43,248,106,13,124,73,244,216,79,47,103,231,107,88,139,20,67,123,205,15,15,197,1,19,195
Best fitness found so far: 0.8738090492415; k: 2.0
Generation: 77; 0.8738090492415; k: 2.0; 191,39,245,91,53,131,35,99,159,118,219,86,199,44,119,72,53,77,3,205,38,110,239,184,236,91,30,8,224,156,20,191,118,161,77,243,131
Best fitness found so far: 0.8738090492415; k: 2.0
Generation: 78; 0.8738090492415; k: 2.0; 161,106,100,91,175,131,41,87,111,118,161,86,199,169,93,72,93,72,179,77,3,205,38,110,91,53,46,117,99,159,118,161,86,199,44,153,72,179,77,3,49,196,130,138,128,247,182,13,90,146,124,67,46,72,179,77,198,205,38,187,162,237,128,1,39,228,141,13,146,35,99,248,221,161,86,199,169,87,204,179,77,3,205,111,118,47,86,199,169,100,108,114,77,208,205,38,110,118,184,178,13,131,210,7,216,48,244,133,27,172,150,77,181,243,246,33,71,159,218,158,104,20,98
Best fitness found so far: 0.8738090492415; k: 2.0
Generation: 79; 0.8738090492415; k: 2.0; 191,229,125,91,53,131,35,99,159,118,161,86,199,44,119,72,179,77,3,205,38,110,239,128,236,91,75,99,165,47,145,111,71,180,172,191,176,134,131,86,87,111,118,161,206,199,234,93,72,179,37,65,205,38,110,239,123,106,3,132,12,110,239,215,159,231,157,87,146,118,161,86,199,234,93,72,24,77,3,205,38,110,239,99,43,13,131,13,29,209,132,189,218,155,132,40
Best fitness found so far: 0.8738090492415; k: 2.0
Generation: 80; 0.8738090492415; k: 2.0; 191,39,125,91,213,131,35,99,159,118,161,86,199,44,119,72,179,77,3,205,38,110,239,128,236,91,13,246,234,205,38,110,239,47,43,131,128,13,77,145,205,190,110,29,200,43,161,93,126,25,77,110,239,108,181,13,79,13,164
Best fitness found so far: 0.8738090492415; k: 2.0
Generation: 81; 0.8738090492415; k: 2.0; 161,32,228,36,135,131,13,87,111,59,161,86,199,169,25,72,179,37,55,205,190,175,29,131,101,119,111,118,161,86,199,214,93,72,179,77,3,205,38,134,239,128,81,106,86,13,61,237,32,132,189,29,126,43,104,99,97,160,145,210,111,161,172,191,176,13,131,13,87,111,118,161,206,199,234,93,72,179,37,166,205,38,110,239,123,135,179,72,3,206,179,110,17,234,236,13,131,118,89,86,86,199,169,211,2,87,77,3,55,198,110,29,238,43,248,43,79,128,43,161,220,72,216,77,10,101,38,110,29,128,43,248,106,13,131,178,244,183,79,47,75,76,107,175,5,75,67,158
Best fitness found so far: 0.8738090492415; k: 2.0
Generation: 82; 0.8738090492415; k: 2.0; 191,39,245,91,53,161,35,99,159,118,127,86,185,44,119,72,179,77,29,205,150,205,38,110,18,146,236,13,101,118,161,86,33,77,3,205,38,110,105,47,43,131,128,13,187,32,132,189,231,126,13,204,77,29,205,150,205,38,110,18,146,236,13,101,118,161,86,33,77,3,205,38,110,105,47,43,131,128,13,187,32,132,189,231
Best fitness found so far: 0.8738090492415; k: 2.0
Generation: 83; 0.8738090492415; k: 2.0; 191,217,125,91,53,131,117,99,19,118,161,86,199,194,119,72,179,77,3,245,196,110,239,128,2,117,191,96,145,239,67,46,155,179,91,67,159,118,161,86,199,44,119,72,179,77,3,205,38,110,239,128,144,91,13,8,93,73,244,216,79,47,153,76,107,88,37,224,67,123,205,51,124,215,159,112,157,87,146,118,161,98,199,236,31,72,24,77,3,205,38,110,239,63,43,52,197,1,19,242
Best fitness found so far: 0.8738090492415; k: 2.0
Generation: 84; 0.8738090492415; k: 2.0; 191,39,125,91,53,131,35,99,159,118,161,86,199,44,119,72,179,77,159,205,38,110,239,6,236,35,99,22,118,161,86,199,44,119,72,179,77,3,211,38,110,239,128,236,13,131,13,138,239,67,46,19,125,239,224,19,148,215,159,136,47,162
Best fitness found so far: 0.8738090492415; k: 2.0
Generation: 85; 0.8738090492415; k: 2.0; 191,39,125,91,53,131,117,99,159,118,161,86,199,44,119,72,179,77,3,205,38,110,239,128,110,13,112,13,184,239,67,105,72,179,131,3,205,38,170,239,40,43,1,39,228,180,13,146,35,99,111,118,161,86,199,169,93,90,179,77,72,123,20,106,232,131,73,244,2,36,239,128,43,13,131,135,105,216,125,111,133,27,77,150,77,181,243,246,34,175,159,211,161,93,248,179,77,110,239,108,181,13,79,13,164
Best fitness found so far: 0.8738090492415; k: 2.0
Generation: 86; 0.8738090492415; k: 2.0; 161,172,228,36,135,131,175,87,111,37,237,86,199,169,93,72,179,77,55,205,190,110,29,128,43,131,13,87,111,118,161,206,199,234,93,72,179,230,161,205,38,110,239,123,106,3,205,12,110,239,128,20,40
Best fitness found so far: 0.8738090492415; k: 2.0
Generation: 87; 0.8738090492415; k: 2.0; 246,77,125,91,53,131,35,99,159,68,161,86,199,44,119,72,179,77,227,205,155,150,205,38,110,220,204,236,88,27,118,161,86,93,239,187,205,38,110,115,47,43,173,93,72,179,77,3,97,38,110,239,128,31,13,86,13,29,200,102,132,226,2,126,43,191,101,248,111,239,204,137,134,161,86,199,84,93,72,179,77,3,205,20,110,239,128,88,228,193,98,164
Best fitness found so far: 0.8738090492415; k: 2.0
Generation: 88; 0.8738090492415; k: 2.0; 161,172,228,36,135,131,13,87,111,169,161,86,199,169,93,72,179,77,55,205,190,110,45,128,43,161,93,72,179,77,10,101,220,4,29,128,82,248,217,77,131,73,244,216,79,47,103,76,107,199,169,93,242,179,49,247,205,4,110,239,128,181,172,131,13,164
Best fitness found so far: 0.8738090492415; k: 2.0
Generation: 89; 0.8738090492415; k: 2.0; 208,39,125,91,53,156,117,99,159,118,161,86,199,44,237,72,179,77,3,205,196,110,239,128,110,13,224,90,122,106,67,46,72,179,77,3,205,38,187,239,237,43,1,39,228,141,13,146,35,99,248,162,161,86,199,169,156,204,179,77,3,205,111,118,47,86,199,169,93,72,179,77,208,205,38,110,15,128,43,13,131,210,7,216,125,244,133,161,82,100,163,92,131,41,87,111,118,243,64,199,169,93,25,93,72,179,77,3,205,38,110,29,128,239,72,179,77,202,205,38,110,197,206,216,118,242,110,29,128,132,85,125,22,178,151,215,153,28,47,231
Best fitness found so far: 0.8738090492415; k: 2.0
Generation: 90; 0.8738090492415; k: 2.0; 161,106,152,91,13,131,41,87,111,118,161,86,199,169,93,72,93,72,179,77,3,205,130,110,29,107,93,72,179,77,246,205,157,118,161,86,98,169,120,72,121,131,13,87,67,118,85,221,199,234,242,87,127,77,3,46,72,179,77,164,16,38,130,199,169,48,72,184,16,7,205,158,110,162,200,105,228,156,3,174,38,110,239,158,250,81
Best fitness found so far: 0.8738090492415; k: 2.0
Generation: 91; 0.8738090492415; k: 2.0; 161,172,228,36,135,131,13,87,111,217,161,86,199,169,93,72,179,77,55,205,190,110,29,128,43,228,93,48,179,77,10,101,38,110,47,128,43,95,106,13,131,73,244,216,79,47,103,76,107,88,139,20,67,123,71,83,25,224,13,145,239,67,46,72,222,77,3,205,38,191,85,237,43,1,47,78
Best fitness found so far: 0.8738090492415; k: 2.0
Generation: 92; 0.8738090492415; k: 2.0; 161,32,228,36,135,131,13,87,111,59,161,86,199,169,25,72,179,37,55,205,190,110,29,131,68,119,111,118,161,86,199,214,93,72,179,77,22,205,38,134,239,102,81,106,86,13,29,200,32,132,189,73,126,43,104,147,165,160,145,111,111,161,172,191,176,13,131,13,87,111,118,161,206,203,234,93,72,179,37,166,205,38,110,239,123,135,179,72,36,206,178,110,17,234,236,13,131,118,89,86,86,199,169,211,178,87,77,3,55,198,110,29,238,43,248,43,79,128,43,161,220,71,216,77,10,101,38,110,29,128,43,248,106,13,131,178,244,183,79,47,75,76,107,175,5,75,67,123,205,15,25,191,39,125,91,53,131,117,183,159,118,161,86,199,44,119,72,179,77,3,125,38,110,239,128,110,13,224,13,145,239,67,46,72,179,77,3,205,38,130,239,237,43,1,47,78
Best fitness found so far: 0.8738090492415; k: 2.0
Generation: 93; 0.8738090492415; k: 2.0; 161,39,228,193,143,131,47,164,111,118,161,86,199,169,93,204,179,77,3,205,231,110,125,243,236,13,131,118,161,86,21,169,43,52,179,69,127,205,38,55,239,128,181,125,91,189,131,35,99,159,118,161,142,199,44,119,72,179,77,3,205,38,110,239,128,236,91,13,131,13,58,111,118,161,86,199,169,93,72,179,77,208,205,32,110,239,250,43,13,131,13,7,216,125,244,133,27,172,150,173,181,80,246,33,97,1,47,20
Best fitness found so far: 0.8738090492415; k: 2.0
Generation: 94; 0.8738090492415; k: 2.0; 191,39,125,91,53,131,35,99,159,118,153,86,199,44,235,72,179,77,149,205,38,110,239,128,75,91,75,131,13,58,85,118,161,86,91,128,181,13,131,13,164
Best fitness found so far: 0.8738090492415; k: 2.0
Generation: 95; 0.8738090492415; k: 2.0; 161,172,191,91,13,96,13,87,111,118,161,86,21,234,93,124,179,77,3,205,38,110,239,47,228,249,128,13,187,32,132,189,231,126,78,13,99,13,111,161,40,103,91,13,131,41,87,111,233,161,86,199,169,93,72,93,72,5,77,3,205,38,110,29,128,43,248,43,13,131,171,105,13,111,145,16,111,120,248,50,241,79,129,66,158,65,157,222,4,79,155,197,1,19,158
Best fitness found so far: 0.8738090492415; k: 2.0
Generation: 96; 0.8738090492415; k: 2.0; 191,231,125,91,53,131,35,99,159,118,161,86,199,44,119,72,179,77,3,205,38,110,37,67,46,19,101,220,178,59,237,215,159,131,237,164,9,51
Best fitness found so far: 0.8738090492415; k: 2.0
Generation: 97; 0.8738090492415; k: 2.0; 161,39,228,193,13,131,47,164,111,118,161,86,199,169,93,204,179,77,3,205,231,110,239,243,236,13,138,118,161,86,199,169,43,72,179,69,3,205,38,55,239,128,181,13,67,3,205,38,110,239,47,43,66,186,13,154,98,205,190,110,29,131,101,119,144,118,161,86,199,214,93,72,179,77,3,29,38,161,239,128,81,13,86,13,29,200,32,131,189,29,126,43,13,99,80,81,145,111,111,161,30,191,176,13,131,13,87,111,118,161,206,25,234,93,72,179,37,161,205,214,110,239,123,106,3,205,12,110,239,128,20,40
Best fitness found so far: 0.8738090492415; k: 2.0
Generation: 98; 0.8738090492415; k: 2.0; 191,39,125,91,213,131,39,99,159,118,161,86,199,44,119,72,179,77,3,230,38,110,239,128,236,91,13,131,3,205,38,110,239,47,43,131,128,13,187,32,132,189,231,126,199,44,119,72,179,77,3,205,38,110,239,128,236,116,131,13,138,239,67,46,19,125,239,224,19,148,215,159,136,47,158
Best fitness found so far: 0.8738090492415; k: 2.0
Generation: 99; 0.8738090492415; k: 2.0; 161,172,191,91,13,96,13,87,35,118,161,86,199,234,93,124,179,77,3,205,38,110,239,72,179,69,3,205,75,27,48,128,181,89,131,165,74,172,43,207,200,155,13,87,111,222,85,86,199,169,93,72,132,189,42,126,78,13,99,13,198,149,111,118,77,77,243,85,95,164,99,236,111,161,86,199,118,93,72,179,77,3,205,38,161,239,128,81,13,86,13,29,200,32,132,189,29,126,43,13,99,80,65,145,111,111,161,30,191,176,13,168,106,87,111,118,161,206,155,234,191,72,179,37,161,205,214,110,239,123,106,3,205,94,245,239,128,20,40
Best fitness found so far: 0.8738090492415; k: 2.0
Generation: 100; 0.8738090492415; k: 2.0; 191,39,125,91,53,131,245,99,159,118,11,86,199,44,119,72,179,7,149,205,38,110,239,128,75,91,70,131,13,58,85,118,92,86,199,63,93,72,179,93,72,121,131,13,87,67,118,200,86,199,234,208,87,179,77,3,46,72,179,77,3,16,38,130,199,169,48,72,184,16,7,205,158,110,162,200,105,228,31,3,174,38,190,239,215,250,81
Best fitness found so far: 0.8738090492415; k: 2.0
Generation: 101; 0.8738090492415; k: 2.0; 20,39,228,193,13,131,47,164,111,118,161,86,199,169,93,204,179,77,3,205,231,110,125,243,236,13,131,118,161,86,199,63,79,72,89,69,127,228,38,55,239,239,237,181,13,131,13,164
Best fitness found so far: 0.8738090492415; k: 2.0
Generation: 102; 0.8738090492415; k: 2.0; 125,39,125,91,53,131,117,99,159,118,161,86,199,44,119,72,179,77,3,125,38,110,239,128,110,13,141,114,145,239,158,186,174,222,39,79,161,197,1,19,158,125,91,53,131,117,99,159,118,161,86,199,44,119,72,179,77,3,125,38,110,239,128,110,13,141,114,145
Best fitness found so far: 0.8738090492415; k: 2.0
Generation: 103; 0.8738090492415; k: 2.0; 161,40,100,109,13,131,41,87,111,118,161,86,199,169,93,72,93,72,179,77,3,205,38,110,29,128,93,3,179,77,202,205,38,50,239,206,137,118,161,86,199,169,93,99,4,118,161,226,199,91,119,72,233,77,3,205,38,110,41,42,111,118,161,86,199,169,93,72,139,72,43,77,3,205,38,110,29,128,93,72,179,34,45,205,38,81,239,206,137,118,162,65,111,79,20,106,3,205,12,40,239,128,20,135
Best fitness found so far: 0.8738090492415; k: 2.0
Generation: 104; 0.8738090492415; k: 2.0; 161,36,228,36,135,131,13,87,111,169,161,86,199,169,93,72,179,77,55,205,190,110,45,128,44,161,93,72,179,203,230,131,35,99,67,118,85,142,41,44,119,114,62,77,207,55,38,110,239,128,236,91,172,45,13,58,177,118,72,86,199,169,93,72,179,77,118,205,38,142,239,128,43,13,131,209,7,216,169,154,72,179,69,77,12,38,221,239,72,121,13,225,13,52,138,199,46,13,164
Best fitness found so far: 0.8738090492415; k: 2.0
Generation: 105; 0.8738090492415; k: 2.0; 161,40,100,91,13,131,217,87,111,118,161,86,199,169,93,72,93,72,179,77,3,205,38,110,29,128,43,248,43,13,131,73,105,216,79,213,205,38,110,157,157,128,20,192
Best fitness found so far: 0.8738090492415; k: 2.0
Generation: 106; 0.8738090492415; k: 2.0; 191,39,125,91,53,131,35,99,159,118,161,86,199,44,183,72,179,77,159,205,166,110,239,128,236,112,13,22,13,58,111,118,161,93,126,179,77,110,239,108,181,13,79,13,164
Best fitness found so far: 0.8738090492415; k: 2.0
Generation: 107; 0.8738090492415; k: 2.0; 161,172,228,36,109,131,13,87,111,37,161,86,199,169,93,72,179,77,145,205,190,110,29,86,199,169,205,204,179,77,3,205,90,110,51,243,236,13,131,118,161,86,199,91,43,165,179,69,108,29,38,224,239,128,181,125,66,230,131,35,99,160,15,161,142,41,44,119,114,179,118,161,86,199,169,93,233,85,72,3,135,178,110,51,234,236,90,131,118,89,86,86,199,14,211,100,132,77,3,205,198,110,29,128,43,74,43,79,43,79,111,79,20,106,3,205,12,40,239,128,20,170
Best fitness found so far: 0.8738090492415; k: 2.0
Generation: 108; 0.8738090492415; k: 2.0; 161,172,228,36,235,131,13,87,111,217,161,191,123,169,93,72,179,77,179,205,190,110,232,44,43,160,93,182,179,77,10,101,38,110,29,128,43,248,72,7,156,10,107,65,110,29,206,13,131,58,116,216,125,128,81,13,224,13,29,126,32,77,27,29,126,43,13,99,80,65,104,111,111,161,212,191,88,13,131,13,87,111,118,105,87,199,234,93,72,179,37,161,205,214,110,242,123,106,3,205,12,110,239,128,20,40
Best fitness found so far: 0.8738090492415; k: 2.0
Generation: 109; 0.8738090492415; k: 2.0; 161,32,228,36,135,131,13,103,111,217,161,86,199,169,93,72,179,77,55,205,190,110,29,131,13,164,79,118,161,86,168,214,93,72,179,77,3,205,38,110,239,128,31,135,131,229,87,111,217,161,164,199,169,93,72,179,77,55,205,211,110,29,131,13,87,79,41,161,86,199,214,93,72,179,75,3,205,241,110,239,128,31,13,86,13,110,219,102,132,189,49,204,43,191,101,165,111,239,204,137,173,161,86,199,169,93,72,179,77,3,205,241,110,239,128,125,110,188,189,179,77,170,205,38,178,78,128,43,248,43,175,131,73,105,216,79,213,165
Best fitness found so far: 0.8738090492415; k: 2.0
Generation: 110; 0.8738090492415; k: 2.0; 154,39,125,91,53,131,117,99,159,118,161,86,199,44,119,72,179,77,3,205,38,110,239,128,110,13,224,13,122,239,67,46,72,179,77,3,205,38,110,239,237,27,1,39,228,91,13,146,35,99,111,118,161,250,199,169,93,204,179,77,3,205,38,110,239,128,63,13,131,42,84,239,131,13,58,85,209,161,86,199,169,93,72,69,77,208,205,38,110,239,128,43,125,135,131,13,87,111,217,69,86,45,169,93,72,179,194,55,205,190,110,29,128,4,228,93,179,179,77,10,101,38,110,47,128,43,248,106,13,124,73,244,170,72,47,103,231,107,88,139,20,242,123,205,15,52,197,1,19,158
Best fitness found so far: 0.8738090492415; k: 2.0
Generation: 111; 0.8738090492415; k: 2.0; 46,82,100,163,13,131,41,87,111,118,161,86,209,169,93,113,93,72,179,77,3,205,38,110,20,33,7,72,227,23,202,205,38,110,197,206,137,118,242,110,29,59,132,85,125,124,178,151,191,39,125,91,53,131,66,99,159,148,161,137,199,44,119,72,179,77,3,44,171,110,239,128,246,13,224,13,201,196,67,46,110,45,128,43,3,93,72,179,77,10,101,38,110,29,128,43,248,106,13,131,73,244,216,79,47,103,76,144,53,5,224,67,123,205,15,124,215,159,231,157,87,146,118,161,86,199,234,99,72,24,77,3,205,38,110,239,99,43,30,131,13,29,136,132,189,218,155,132,40
Best fitness found so far: 0.8738090492415; k: 2.0
Generation: 112; 0.8738090492415; k: 2.0; 161,32,228,36,135,131,13,62,111,59,161,86,199,169,25,72,179,37,55,205,190,110,29,131,101,119,192,118,161,86,199,214,72,216,238,10,101,244,8,29,128,43,64,118,13,131,178,244,183,79,47,75,76,107,175,5,221,67,123,205,15,229,215,159,231,157,165,34
Best fitness found so far: 0.8738090492415; k: 2.0
Generation: 113; 0.8738090492415; k: 2.0; 161,172,228,36,135,131,13,87,111,169,161,86,199,169,93,72,179,225,55,205,190,110,4,128,43,161,93,72,179,77,10,101,38,4,29,128,82,248,106,13,131,73,244,216,79,47,103,76,107,88,5,88,171,130,205,15,124,33,159,231,210,87,125,118,161,86,199,234,248,72,24,77,3,205,38,110,240,118,161,86,199,44,119,72,179,77,3,205,38,110,239,128,236,50,215,197,1,19,158,107,88,5,88,171,130,205,15,124,33
Best fitness found so far: 0.8738090492415; k: 2.0
Generation: 114; 0.8738090492415; k: 2.0; 161,32,228,36,135,131,13,87,111,59,111,86,199,169,5,72,179,37,55,205,190,110,29,131,43,119,111,118,161,205,190,110,29,128,43,161,93,126,129,77,10,101,38,110,29,180,202,38,110,239,128,63,13,131,229,84,239,204,46,85,125,22,154,27,215,159,131,47,164
Best fitness found so far: 0.8738090492415; k: 2.0
Generation: 115; 0.8738090492415; k: 2.0; 161,172,228,198,135,131,13,87,111,37,175,86,199,169,93,232,179,77,55,205,190,110,74,19,43,161,93,208,129,77,10,101,38,161,172,14,91,13,96,13,87,111,118,161,86,199,38,110,29,128,93,72,179,77,202,205,38,100,164
Best fitness found so far: 0.8738090492415; k: 2.0
Generation: 116; 0.8738090492415; k: 2.0; 161,82,100,91,13,131,41,87,111,118,161,86,199,169,93,72,93,72,179,77,3,205,38,110,29,128,93,53,179,77,202,196,38,110,239,206,137,118,161,104,199,169,93,172,179,161,3,205,4,124,179,77,3,205,38,110,239,47,43,13,128,13,198,134,132,151,231,126,78,13,99,13,228,145,201,118,161,77,243,131,95,164,99,13,111,20,111,118,131,77,89,99
Best fitness found so far: 0.8738090492415; k: 2.0
Generation: 117; 0.8738090492415; k: 2.0; 43,172,191,91,13,96,13,87,111,83,161,86,243,234,243,124,179,77,3,205,38,110,239,47,43,131,128,13,187,32,132,35,99,213,241,161,86,199,169,160,180,128,43,123,93,72,179,77,129,108,38,110,29,167,43,7,221,199,169,69,72,179,95,3,205,38,110,154,128,142,248,217,13,118,161,196,199,57,93,172,100,219,3,205,4,110,239,128,184,172,216,13,164,96,13,87,111,83,161,86,243,234,243,124,179,77,3,205,38,110,239,47,43,131,128,13,187,32,132,35,99,213,241,161,86,199,169,160,180,128,43,123,93,72,179,77,129,108,38,110,29,167,43,7,221,199,169,69,72,179,95,3,205,38,110,154,128
Best fitness found so far: 0.8738090492415; k: 2.0
Generation: 118; 0.8738090492415; k: 2.0; 52,39,228,124,13,131,47,177,111,118,161,86,199,169,93,204,237,77,3,205,90,110,125,243,236,13,124,118,161,86,74,169,43,165,179,69,88,29,38,55,239,128,181,125,91,230,131,35,99,160,2,3,142,41,44,119,233,179,151,79,213,165
Best fitness found so far: 0.8738090492415; k: 2.0
Generation: 119; 0.8738090492415; k: 2.0; 161,32,228,36,135,131,13,87,111,217,161,86,199,214,93,72,179,77,55,205,190,110,29,131,13,87,111,118,161,86,199,214,93,72,179,77,3,205,38,219,71,128,81,13,86,13,29,200,32,132,189,29,126,43,13,99,165,111,145,111,111,158,65,174,222,39,79,215,197,1,7,158
Best fitness found so far: 0.8738090492415; k: 2.0
Generation: 120; 0.8738090492415; k: 2.0; 161,172,191,91,13,131,13,87,111,118,161,86,199,234,93,224,179,77,3,205,38,110,239,47,43,13,131,13,29,98,132,189,244,126,230,13,99,13,111,18,111,118,161,77,128,181,67,67,3,205,38,110,239,47,43,13,186,13,154,98,132,189,244,126,99,13,99,13,111,197,1,233,50
Best fitness found so far: 0.8738090492415; k: 2.0
Generation: 121; 0.8738090492415; k: 2.0; 161,106,100,91,13,131,41,87,111,118,161,86,199,169,93,72,93,72,179,77,3,205,38,110,29,207,93,72,215,179,77,170,205,38,110,78,128,43,248,43,175,131,73,92,216,79,213,165
Best fitness found so far: 0.8738090492415; k: 2.0
Generation: 122; 0.8738090492415; k: 2.0; 161,76,228,36,135,131,13,87,111,217,161,86,199,169,93,72,179,77,55,205,74,160,45,101,116,161,93,72,179,77,129,108,232,110,29,239,128,110,13,224,114,136,239,13,205,38,234,84,113,65,79,129,66,158,182,250,220,24,214,125,197,1,19,158
Best fitness found so far: 0.8738090492415; k: 2.0
Generation: 123; 0.8738090492415; k: 2.0; 161,172,228,36,135,131,13,87,111,217,161,86,199,169,93,72,179,77,55,205,190,110,45,128,43,161,93,72,179,77,10,101,38,110,29,128,43,248,106,13,72,73,244,216,79,47,103,76,107,88,5,224,67,123,205,15,124,195,183,231,157,87,146,118,161,86,199,234,93,72,24,77,6,205,38,110,239,99,43,13,131,13,29,136,132,189,218,155,132,40
Best fitness found so far: 0.8738090492415; k: 2.0
Generation: 124; 0.8738090492415; k: 2.0; 191,229,125,91,203,131,35,99,159,118,161,86,199,44,119,72,179,77,3,205,26,110,50,128,236,153,75,99,149,47,145,111,111,180,172,191,176,13,131,13,87,111,118,161,164,199,101,93,72,161,86,199,169,93,72,241,77,3,205,38,110,239,128,20,40
Best fitness found so far: 0.8738090492415; k: 2.0
Generation: 125; 0.8738090492415; k: 2.0; 191,5,125,91,53,131,117,99,159,118,161,86,199,44,153,72,179,77,3,205,196,110,239,128,110,13,224,111,122,124,67,46,72,179,77,3,205,38,187,239,237,43,1,39,228,141,13,146,35,99,248,162,161,139,199,169,156,204,179,77,60,55,205,190,185,236,131,101,119,144,189,161,13,199,214,93,110,179,77,3,205,38,161,239,128,81,13,86,13,7,84,32,132,189,29,126,43,13,99,80,65,145,111,111,161,30,191,176,13,131,13,87,111,118,161,206,199,234,93,72,179,37,161,205,95,229,239,123,106,3,205,12,110,239,128,20,40
Best fitness found so far: 0.8738090492415; k: 2.0
Generation: 126; 0.8738090492415; k: 2.0; 161,106,100,91,175,131,41,87,111,118,161,86,199,169,93,72,93,72,211,77,3,205,38,110,91,53,46,121,99,159,118,161,106,199,44,153,72,179,77,3,205,196,130,9,128,110,10,224,90,146,124,67,46,72,179,77,90,205,38,187,239,132,38,1,39,228,141,13,146,35,99,248,162,161,86,199,169,156,204,179,77,3,205,111,118,122,86,199,169,100,108,179,77,208,205,29,126,43,13,99,165,111,145,111,111,155,248,50,241,79,129,66,158,65,174,222,39,79,215,197,1,19,158
Best fitness found so far: 0.8738090492415; k: 2.0
Generation: 127; 0.8738090492415; k: 2.0; 191,39,125,91,61,131,117,99,159,118,161,86,227,44,119,72,179,77,13,205,38,110,239,128,110,13,224,13,122,239,104,46,72,70,77,3,205,219,205,239,237,126,1,39,228,91,13,146,35,99,111,118,161,86,57,169,93,204,179,153,3,205,38,72,179,77,202,52,38,110,239,206,137,118,60,86,199,59,93,72,179,18,86,199,121,119,72,179,77,3,205,38,110,239,249,110,13,224,53,145,239,67,46,72,206,137,118,27,86,199,169,93,72,179,77,3,205,143,110,239,20,181,228,131,219,112
Best fitness found so far: 0.8738090492415; k: 2.0
Generation: 128; 0.8738090492415; k: 2.0; 191,39,125,91,53,131,117,99,159,118,161,86,199,44,119,72,179,77,3,95,38,110,239,128,18,13,191,13,125,239,67,46,72,179,91,3,205,106,110,161,119,199,169,146,72,179,77,55,205,190,223,29,131,13,87,79,108,57,23,199,214,93,72,179,77,3,97,38,110,239,128,31,13,86,13,29,200,102,132,189,124,126,43,191,101,165,111,161,204,137,134,161,86,199,169,93,72,179,77,224,205,241,110,154,128,142,248,217,13,125,161,86,199,57,93,172,179,219,3,205,4,10,239,128,77,172,216,13,164
Best fitness found so far: 0.8738090492415; k: 2.0
Generation: 129; 0.8738090492415; k: 2.0; 161,172,228,36,175,131,13,87,111,217,161,86,199,169,93,72,179,77,55,205,190,160,45,128,43,161,93,170,179,77,129,108,38,103,29,128,43,178,14,199,169,93,72,179,77,3,205,38,110,154,128,142,158,43,140,131,73,105,216,79,111,244,93,72,179,77,112,211,190,160,45,186,43,161,93,72,179,77,129,108,38,110,29,128,43,178,221,199,169,93,72,179,77,3,205,38,110,154,128,106,137,118,36,86,206,169,93,77,179,49,247,205,4,110,47,128,181,172,131,13,164
Best fitness found so far: 0.8738090492415; k: 2.0
Generation: 130; 0.8738090492415; k: 2.0; 161,32,228,36,135,131,13,87,111,59,111,86,199,169,25,72,179,37,11,205,190,110,29,131,101,119,44,53,72,179,77,187,205,38,110,239,177,236,45,13,54,131,73,244,216,79,47,153,76,107,88,5,224,67,123,205,15,124,215,159,231,157,87,146,118,161,86,199,234,93,72,81,77,3,205,38,110,239,99,43,13,131,236,214,136,132,83,218,155,132,40
Best fitness found so far: 0.8738090492415; k: 2.0
Generation: 131; 0.8738090492415; k: 2.0; 67,39,125,91,53,131,57,99,27,68,161,86,199,44,119,72,179,77,229,205,155,150,149,38,110,18,204,236,13,27,118,161,86,93,77,3,205,38,110,105,204,43,131,82,13,187,8,136,205,28,110,51,187,236,13,131,118,161,86,199,169,176,165,179,69,88,29,38,224,239,128,181,125,91,230,131,35,99,160,15,161,142,41,44,119,114,179,118,161,86,199,169,93,233,224,72,3,135,187,110,51,234,236,220,47,118,89,86,86,199,169,211,139,132,77,3,205,198,110,29,128,43,74,43,34,105,216,84,111,53,2,72,179,77,55,205,190,160,45,128,43,161,93,72,179,188,37,108,38,110,29,128,43,178,221,199,169,93,72,179,30,3,162,38,110,154,128,142,248,43,13,131,73,105,216,79,111
Best fitness found so far: 0.8738090492415; k: 2.0
Generation: 132; 0.8738090492415; k: 2.0; 191,39,125,91,53,131,35,99,159,118,161,86,199,44,119,72,179,77,3,205,38,110,239,128,236,91,75,131,13,58,85,118,161,86,199,169,93,72,179,49,208,206,196,110,239,128,221,13,131,217,105,216,125,34,188,215,179,77,170,205,38,110,29,128,43,248,43,149,131,73,105,216,72,179,77,55,205,190,160,45,221,198,153,93,72,179,77,129,108,161,167,61,65,43,178,221,199,25,93,72,179,77,227,205,38,110,154,128,142,248,43,13,131,73,105,216,79,232,244,93,72,179,77,55,205,190,160,45,128,43,161,93,72,179,77,129,108,38,110,29,128,133,178,221,199,169,69,185,179,77,3,205,38,110,154,128,142,248,217,13,118,58,86,199,57,93,172,179,219,3,205,45,110,239,128,181,172,216,13,171
Best fitness found so far: 0.8738090492415; k: 2.0
Generation: 133; 0.8738090492415; k: 2.0; 191,39,125,31,53,131,117,99,159,118,161,86,199,44,153,72,179,77,3,205,196,110,239,128,110,13,224,90,122,124,67,46,72,179,77,3,239,38,187,238,237,43,1,39,228,141,13,146,35,249,248,162,7,99,159,96,161,86,199,44,119,72,179,77,141,125,38,110,239,158,110,13,224,114,145,239,67,46,72,179,77,3,108,38,130,227,169,48,72,92,77,3,205,158,110,162,17,105,228,88,3,174,38,110,239,128,250,100
Best fitness found so far: 0.8738090492415; k: 2.0
Generation: 134; 0.8738090492415; k: 2.0; 161,82,100,163,13,131,41,87,111,118,161,86,199,169,93,72,93,72,179,77,3,205,38,110,29,128,239,72,179,77,202,205,38,110,197,206,30,118,242,110,29,128,132,85,125,22,178,167,61,65,43,178,221,199,25,93,72,44,77,125,49,38,110,154,80,142,3,43,236,118,73,105,216,79,232,244,93,72,179,77,55,205,190,160,45,128,230,165,107,72,143,55,66,108,38,194,29,128,43,178,221,199,169,69,72,179,77,243,205,38,110,154,128,142,203,217,13,118,161,86,199,144,93,172,179,219,3,246,4,110,50,128,181,172,216,222,117,99,244,118,161,86,187,44,119,72,179,77,3,125,38,110,239,128,110,13,224,114,145,239,67,46,72,179,77,3,205,38,130,199,169,48,72,8,77,3,205,102,93,162,200,105,228,66,37,174,38,110,239,128,250,100
Best fitness found so far: 0.8738090492415; k: 2.0
Generation: 135; 0.8738090492415; k: 2.0; 161,106,152,91,13,131,41,87,111,118,161,86,199,169,93,72,93,72,179,77,3,205,38,110,29,107,93,72,179,77,246,205,3,176,182,110,29,128,239,72,179,77,202,205,38,110,197,206,137,118,242,110,29,166,132,85,125,22,178,151,215,198,131,47,231
Best fitness found so far: 0.8738090492415; k: 2.0
Generation: 136; 0.8738090492415; k: 2.0; 161,40,100,91,13,131,41,87,111,118,161,86,199,169,93,112,93,72,179,77,3,205,38,160,29,128,93,161,179,77,202,205,38,110,239,199,199,119,72,179,159,3,205,38,110,37,128,110,13,224,13,122,239,67,140,72,179,101,3,82,53,110,239,237,43,119,217,210,91,128,181,88,153,13,164
Best fitness found so far: 0.8738090492415; k: 2.0
Generation: 137; 0.8738090492415; k: 2.0; 161,172,228,36,135,131,13,87,111,217,161,86,199,169,93,72,179,77,55,205,190,110,129,66,158,65,157,222,4,79,155,197,1,19,150
Best fitness found so far: 0.8738090492415; k: 2.0
Generation: 138; 0.8738090492415; k: 2.0; 191,39,245,91,53,131,35,99,159,118,161,86,67,44,119,72,179,77,3,205,38,110,239,128,236,91,13,245,131,73,244,216,79,47,153,76,107,131,13,87,111,59,161,86,199,169,25,29,179,37,55,205,190,110,29,131,101,119,111,118,161,86,199,214,93,66,135
Best fitness found so far: 0.8738090492415; k: 2.0
Generation: 139; 0.8738090492415; k: 2.0; 161,106,152,91,13,131,41,87,207,118,109,86,199,169,93,72,93,72,179,77,3,205,38,110,29,107,93,72,179,77,246,205,38,118,161,86,98,152,93,72,121,131,13,87,241,118,85,86,199,234,187,87,145,239,67,46,72,179,77,141,205,43,130,199,247,48,72,184,77,3,205,158,110,162,200,105,228,156,3,174,38,110,239,128,126,100
Best fitness found so far: 0.8738090492415; k: 2.0
Generation: 140; 0.8738090492415; k: 2.0; 161,82,100,163,13,131,41,87,111,118,161,86,209,169,93,72,93,72,179,77,3,205,38,110,20,128,239,72,179,77,83,205,38,110,131,11,137,118,121,110,29,93,242,179,49,3,205,128,110,239,128,6,172,131,13,164
Best fitness found so far: 0.8738090492415; k: 2.0
Generation: 141; 0.8738090492415; k: 2.0; 161,172,153,198,135,131,13,87,111,37,175,86,199,169,93,232,137,77,55,205,190,110,74,128,43,161,93,208,129,77,10,101,38,228,172,14,91,13,96,13,87,220,228,161,86,199,234,93,207,179,77,3,205,38,110,239,47,43,13,9,13,198,134,132,151,231,126,78,13,167,13,23,145,111,118,161,77,243,131,95,164,99,13,111,20,111,118,131,77,246,150
Best fitness found so far: 0.8738090492415; k: 2.0
Generation: 142; 0.8738090492415; k: 2.0; 161,106,152,91,13,131,41,87,111,118,161,86,199,169,93,72,93,72,179,77,3,205,38,110,29,107,93,72,179,77,246,205,157,118,161,86,98,169,153,82,121,89,13,186,67,118,85,86,199,234,68,87,179,77,3,46,72,179,77,3,16,205,38,28,164
Best fitness found so far: 0.8738090492415; k: 2.0
Generation: 143; 0.8738090492415; k: 2.0; 161,106,100,91,175,131,41,87,111,118,161,86,199,169,93,72,93,72,179,77,3,205,38,110,242,53,46,117,99,159,98
Best fitness found so far: 0.8738090492415; k: 2.0
Generation: 144; 0.8738090492415; k: 2.0; 161,172,191,91,13,96,13,203,111,131,13,87,111,119,161,86,85,169,93,72,179,60,55,205,190,110,29,131,101,146,144,118,161,86,199,214,93,72,179,77,3,205,174,161,102,128,81,13,86,13,29,200,32,132,10,101,38,110,47,128,43,248,106,13,124,73,214,216,79,47,103,231,107,88,139,20,67,123,205,15,52,197,1,19,158,131,13
Best fitness found so far: 0.8738090492415; k: 2.0
Generation: 145; 0.8738090492415; k: 2.0; 67,39,125,91,53,131,35,99,159,68,203,86,199,44,119,72,179,77,3,205,155,150,205,38,110,18,204,236,13,86,199,161,119,72,179,77,3,211,38,110,239,128,236,91,13,161,122,73,244,216,79,47,111,76,107,88,5,224,67,123,205,15,124,215,159,231,157,234,146,118,161,86,199,234,93,72,24,77,3,205,38,110,239,99,43,6,131,13,29,136,132,60,218,155,132,40
Best fitness found so far: 0.8738090492415; k: 2.0
Generation: 146; 0.8738090492415; k: 2.0; 161,172,228,36,135,131,13,87,111,37,161,86,199,169,93,72,235,77,55,205,190,110,29,128,43,161,236,126,179,77,10,101,38,110,29,72,47,248,106,232,131,73,244,216,110,239,128,43,13,131,13,105,44,119,72,179,77,3,205,38,110,239,128,236,91,13,8,131,73,244,5,79,47,153,76,107,88,80,34,67,123,205,15,124,215,159,231,157,87,146,118,161,86,132,234,93,72,152,77,3,205,38,110,239,99,43,13,131,13,29,136,132,189,218,155,132,40
Best fitness found so far: 0.8738090492415; k: 2.0
Generation: 147; 0.8738090492415; k: 2.0; 158,39,125,91,53,131,35,99,159,68,161,86,199,44,119,72,179,77,3,90,155,150,247,38,110,18,204,236,213,27,118,161,86,93,77,3,205,38,110,239,128,43,153,122,13,105,216,125,244,133,3,211,150,77,181,243,246,33,71,111,122,158,104,20,98
Best fitness found so far: 0.8738090492415; k: 2.0
Generation: 148; 0.8738090492415; k: 2.0; 191,39,125,91,53,131,35,99,159,118,161,86,199,44,119,72,179,77,3,205,38,110,11,188,236,239,131,181,150,205,38,110,220,204,236,96,27,242,161,86,93,77,187,205,152,174,115,47,43,173,93,90,179,77,3,97,38,110,239,128,31,96,86,13,29,200,102,132,226,2,126,43,191,101,165,111,239,204,137,134,161,86,199,84,93,72,179,77,3,205,20,110,239,128,88,228,193,13,164
Best fitness found so far: 0.8738090492415; k: 2.0
Generation: 149; 0.8738090492415; k: 2.0; 161,36,228,36,135,131,13,87,111,59,213,86,199,169,93,72,179,77,55,205,190,110,210,131,101,119,111,118,224,227,35,214,93,240,164,77,227,205,38,161,239,128,81,13,86,46,29,232,244,93,72,59,77,55,107,32,160,45,128,32,161,79,72,179,77,129,209,38,110,29,128,43,205,221,32,169,69,72,43,77,3,205,38,110,154,110,51,128,20,40
Best fitness found so far: 0.8738090492415; k: 2.0
Generation: 150; 0.8738090492415; k: 2.0; 191,39,125,91,53,131,117,99,159,118,161,86,199,44,243,72,179,77,3,125,38,110,239,128,110,13,224,13,240,239,142,199,44,119,72,179,77,39,119,38,110,239,143,236,205,38,110,157,157,128,20,172
Best fitness found so far: 0.8738090492415; k: 2.0
Generation: 151; 0.8738090492415; k: 2.0; 191,39,125,7,187,131,117,99,159,118,161,86,199,44,119,72,179,77,3,205,38,110,239,154,236,13,131,118,161,86,199,169,236,165,179,69,88,20,38,55,63,128,239,128,236,205,38,110,29,128,93,97,78,77,202,205,38,110,239,206,137,118,161,86,199,169,93,242,179,49,3,205,4,110,67,128,181,172,131,13,164
Best fitness found so far: 0.8738090492415; k: 2.0
Generation: 152; 0.8738090492415; k: 2.0; 161,172,191,91,13,96,13,203,111,131,89,87,111,59,139,86,199,169,93,72,179,60,55,205,190,110,29,131,101,119,144,118,161,86,199,214,93,72,179,77,192,205,38,117,239,64,81,13,86,13,29,200,68,34,19,128,181,172,131,13,164
Best fitness found so far: 0.8738090492415; k: 2.0
Generation: 153; 0.8738090492415; k: 2.0; 161,172,228,36,135,131,13,87,111,217,161,86,199,169,93,72,179,77,55,205,190,110,29,128,43,161,93,72,179,77,10,101,38,93,29,128,43,88,106,13,33,73,244,132,79,47,103,76,107,88,5,224,67,2,205,15,25,121,159,77,243,39,93,242,177,29,102,93,97,179,77,202,184,38,226,239,206,137,118,161,86,199,169,93,242,179,49,247,205,4,110,239,128,181,172,131,244,164
Best fitness found so far: 0.8738090492415; k: 2.0
Generation: 154; 0.8738090492415; k: 2.0; 161,106,152,91,13,131,41,87,141,118,161,86,199,154,93,72,93,72,179,77,3,205,38,110,29,159,47,43,247,198,13,47,121,86,74,44,119,72,179,17,3,205,38,110,37,128,110,13,224,13,122,239,67,140,72,179,246,3,205,38,110,239,237,43,119,39,210,91,128,187,13,131,13,164
Best fitness found so far: 0.8738090492415; k: 2.0
Generation: 155; 0.8738090492415; k: 2.0; 161,172,191,91,13,96,13,87,111,118,107,86,119,234,93,124,179,77,3,205,38,110,239,47,150,131,202,13,187,32,132,189,231,125,159,53,131,35,99,159,118,161,86,179,44,119,72,179,77,159,205,38,110,68,128,236,91,13,131,13,58,111,118,161,86,43,178,43,13,4,73,80,151,142,213,165
Best fitness found so far: 0.8738090492415; k: 2.0
Generation: 156; 0.8738090492415; k: 2.0; 161,172,228,36,135,131,123,87,111,37,237,86,199,169,93,72,179,77,55,205,190,110,29,128,43,161,93,126,179,77,203,101,38,110,39,72,43,248,106,213,131,73,244,167,34,200,155,13,87,111,222,85,86,199,234,93,72,179,178,3,159,86,199,169,93,72,179,77,208,205,38,110,15,128,43,13,131,210,7,216,125,244,133,27,43,150,77,181,243,246,33,71,118,122,158,7,20,98
Best fitness found so far: 0.8738090492415; k: 2.0
Generation: 157; 0.8738090492415; k: 2.0; 161,172,191,91,13,96,13,87,231,118,161,86,199,234,93,124,179,77,3,205,38,110,239,72,179,62,3,205,87,177,48,128,181,89,131,165,152,172,43,121,200,155,13,87,24,152,189,231,126,13,204
Best fitness found so far: 0.8738090492415; k: 2.0
Generation: 158; 0.8738090492415; k: 2.0; 161,172,228,36,65,131,13,87,111,217,161,86,199,169,93,72,179,77,55,205,190,160,45,14,43,161,93,32,179,77,129,108,38,167,248,65,43,178,221,199,25,93,72,44,77,231,205,38,110,154,80,142,3,84,13,118,73,105,216,79,232,244,93,72,179,77,55,205,190,160,45,128,230,161,93,72,179,55,66,108,38,110,29,128,43,178,221,199,169,69,72,179,77,3,205,38,110,154,128,142,203,217,13,77,161,86,106,57,93,172,179,167,3,204,4,110,239,128,181,172,216,222,117,99,20,118,161,86,199,44,119,72,179,77,3,125,38,246,126,24,77,110,239,31,181,13,79,13,164
Best fitness found so far: 0.8738090492415; k: 2.0
Generation: 159; 0.8738090492415; k: 2.0; 161,172,228,36,65,131,13,87,111,217,161,86,199,169,93,72,179,77,55,205,190,160,45,221,43,161,93,72,179,77,129,108,38,167,61,65,34,178,221,199,25,93,72,44,77,227,205,38,110,154,80,142,3,43,13,118,73,105,216,64,232,244,93,72,179,77,55,205,190,160,45,128,230,161,93,72,128,88,228,131,13,35
Best fitness found so far: 0.8738090492415; k: 2.0
Generation: 160; 0.8738090492415; k: 2.0; 161,172,166,91,13,241,13,87,111,118,161,86,199,234,93,154,179,77,3,205,38,110,239,47,43,13,131,212,29,98,132,189,244,205,230,13,99,13,111,69,111,118,161,77,243,39,93,242,94,29,46,93,97,179,77,150,205,38,226,110,206,137,118,161,86,199,169,93,242,179,49,247,205,217,110,239,128,44,205,198,110,29,43,43,74,43,79,43,221,111,79,20,106,3,205,28,40,239,128,20,135
Best fitness found so far: 0.8738090492415; k: 2.0
Generation: 161; 0.8738090492415; k: 2.0; 43,172,191,91,13,96,13,87,111,83,161,86,243,234,93,124,179,77,3,205,38,110,239,47,43,198,128,13,187,32,77,55,137,190,110,45,128,43,60,93,72,179,77,10,101,38,110,29,128,43,248,106,13,56,73,244,216,79,47,103,76,107,88,5,224,67,123,205,93,124,215,159,231,157,87,146,118,161,86,199,234,93,72,24,77,3,205,38,147,239,246,43,13,164,13,9,136,182,189,117,176,132,40
Best fitness found so far: 0.8738090492415; k: 2.0
Generation: 162; 0.8738090492415; k: 2.0; 191,39,105,91,53,131,35,99,159,118,161,86,199,169,119,72,179,77,3,205,38,110,239,128,236,13,131,13,169,93,159,179,77,55,205,190,110,29,128,43,228,93,72,179,77,10,101,38,110,47,128,43,248,106,104,131,73,248,216,79,47,103,76,107,88,139,31,67,123,205,15,6,197,1,19,158
Best fitness found so far: 0.8738090492415; k: 2.0
Generation: 163; 0.8738090492415; k: 2.0; 191,39,125,91,53,131,35,99,159,118,161,86,199,44,119,72,179,77,3,205,38,110,239,128,236,91,13,131,13,58,111,118,161,86,199,169,93,72,179,77,208,205,38,110,239,128,43,13,131,13,105,216,125,244,133,27,77,217,179,126,3,205,215,110,186,128,63,13,120,229,84,239,204,46,125,125,22,178,27,215,159,131,148,88
Best fitness found so far: 0.8738090492415; k: 2.0
Generation: 164; 0.8738090492415; k: 2.0; 186,229,125,91,53,131,35,99,139,118,161,86,199,44,119,72,179,77,3,205,38,110,239,128,236,91,75,99,165,47,96,111,111,180,172,191,186,13,131,13,87,111,118,161,206,199,234,93,72,179,39,161,205,38,110,239,223,106,3,205,193,110,239,101,20,40
Best fitness found so far: 0.8738090492415; k: 2.0
Generation: 165; 0.8738090492415; k: 2.0; 192,172,191,91,13,181,13,203,111,241,13,87,111,59,161,86,199,169,93,72,179,60,55,205,190,110,29,131,101,119,144,118,214,86,199,214,93,72,179,77,3,205,38,161,239,128,81,13,86,13,29,200,154,132,189,29,126,43,13,99,80,65,145,111,111,239,128,236,91,126,46,13,58,111,118,161,86,199,169,93,72,179,77,208,205,38,110,158,128,43,13,131,13,105,216,125,244,133,27,77,150,77,181,243,246,33,230,159,122,158,104,161,98,192,172,191,91,13,181,13,203,111,241,13,87,111,59,161,86,199,169,93,72,179,60,55
Best fitness found so far: 0.8738090492415; k: 2.0
Generation: 166; 0.8738090492415; k: 2.0; 161,172,228,36,65,131,13,87,111,217,161,86,199,169,93,72,179,117,55,205,190,160,45,221,43,161,93,72,7,101,158,110,162,200,105,228,156,3,174,38,110,239,158,250,81
Best fitness found so far: 0.8738090492415; k: 2.0
Generation: 167; 0.8738090492415; k: 2.0; 191,39,125,91,53,131,199,99,159,118,161,86,199,44,119,72,179,77,241,205,38,110,197,128,110,60,62,13,122,239,67,140,27,13,100,86,199,169,93,19,179,77,145,205,190,110,29,128,43,161,93,126,179,77,110,239,108,181,161,79,13,164
Best fitness found so far: 0.8738090492415; k: 2.0
Generation: 168; 0.8738090492415; k: 2.0; 161,188,191,121,13,61,13,87,111,118,161,86,199,234,93,124,179,77,3,205,38,110,239,47,33,13,128,13,79,32,194,170,160,38,110,221,128,236,138,131,118,161,86,199,169,36,72,179,69,43,13,131,13,105,216,125,244,133,27,244,150,77,181,243,115,196,118,161,10,199,169,93,72,235,77,66,205,38,110,239,128,43,13,131,217,105,216,125,110,188,215,179,77,170,205,38,110,78,128,43,15,43,175,131,73,105,216,79,213,165
Best fitness found so far: 0.8738090492415; k: 2.0
Generation: 169; 0.8738090492415; k: 2.0; 161,40,100,91,13,131,41,42,111,118,161,86,199,169,93,72,139,72,43,77,3,205,38,110,29,128,93,224,23,148,45,205,38,81,239,206,137,118,61,27,111,79,20,106,8,205,12,40,239,128,20,135
Best fitness found so far: 0.8738090492415; k: 2.0
Generation: 170; 0.8738090492415; k: 2.0; 9,172,191,121,13,96,13,87,111,118,161,86,199,234,93,124,179,77,3,205,38,110,239,47,33,13,237,161,93,126,129,77,10,101,38,146,115,180,202,38,110,239,128,63,13,131,229,84,239,204,46,85,125,22,178,27,190,159,131,47,24
Best fitness found so far: 0.8738090492415; k: 2.0
Generation: 171; 0.8738090492415; k: 2.0; 161,39,228,193,13,131,47,164,111,118,161,86,199,169,93,204,221,77,3,205,231,110,125,243,236,13,131,170,161,86,199,169,43,72,115,69,127,205,38,55,239,128,181,125,91,189,131,35,99,159,118,161,142,199,44,119,72,179,77,3,205,38,110,199,128,116,160,45,128,32,11,93,72,179,77,19,108,38,92,29,128,43,205,221,69,169,69,72,179,77,3,205,38,110,154,24,142,248,82,13,39,161,86,199,57,31,172,179,219,3,139,4,110,239,142,181,172,216,13,37
Best fitness found so far: 0.8738090492415; k: 2.0
Generation: 172; 0.8738090492415; k: 2.0; 161,172,191,91,13,96,13,203,111,131,163,87,111,59,161,86,199,169,93,72,179,60,55,205,230,110,28,131,101,119,144,118,161,86,97,214,142,152,179,77,3,205,38,161,239,128,81,145,86,13,29,43,32,132,19,29,126,43,13,99,80,65,145,111,180,161,30,191,176,13,131,13,87,111,206,161,206,199,234,93,72,179,37,161,205,214,110,239,215,106,87,111,118,161,86,199,169,93,72,93,72,179,77,3,205,38,110,29,203,43,248,43,13,131,73,105,216,79,213,165
Best fitness found so far: 0.8738090492415; k: 2.0
Generation: 173; 0.8738090492415; k: 2.0; 161,32,228,36,135,131,13,87,111,217,161,86,199,169,93,72,179,77,55,205,190,110,29,131,13,87,111,118,161,86,199,214,93,72,179,77,3,157,119,72,179,77,3,205,38,132,20,128,236,91,13,8,131,73,244,216,79,47,153,76,114,88,5,224,67,123,205,15,124,215,12,236,157,131,146,118,102,86,199,203,93,72,74,77,3,205,37,28,239,99,43,13,131,13,29,136,132,174,218,155,132,40
Best fitness found so far: 0.8738090492415; k: 2.0
Generation: 174; 0.8738090492415; k: 2.0; 161,40,100,91,13,131,41,87,111,118,161,86,199,169,93,72,93,72,179,77,3,205,38,110,29,128,93,72,179,77,202,205,3,110,239,206,46,118,161,102,199,195,93,99,159,118,161,226,199,44,119,72,233,118,161,86,199,169,161,191,39,125,29,53,242,35,99,159,118,161,86,119,44,119,72,179,77,109,205,38,110,68,128,236,91,13,131,13,58,111,8,161,86,43,178,43,13,4,73,80,151,142,213,42
Best fitness found so far: 0.8738090492415; k: 2.0
Generation: 175; 0.8738090492415; k: 2.0; 161,172,228,36,135,176,13,87,111,37,161,86,199,169,93,72,179,77,55,205,190,110,29,128,216,161,93,153,5,77,10,101,38,110,29,72,43,248,106,232,131,73,244,216,110,239,128,43,13,131,13,105,188,125,111,133,27,77,229,24,86,199,214,93,72,135
Best fitness found so far: 0.8738090492415; k: 2.0
Generation: 176; 0.8738090492415; k: 2.0; 244,58,191,91,13,96,207,87,111,118,161,86,199,19,93,124,179,77,3,205,38,110,239,47,43,24,128,13,187,250,132,189,231,126,78,13,99,110,239,237,43,119,39,210,91,128,181,13,131,13,164
Best fitness found so far: 0.8738090492415; k: 2.0
Generation: 177; 0.8738090492415; k: 2.0; 191,39,125,91,53,131,35,99,159,118,161,86,199,44,119,72,179,77,159,205,38,110,239,128,236,91,13,131,13,58,111,118,161,86,199,58,93,72,179,126,123,205,36,110,46,128,43,13,131,13,105,216,125,244,133,210,77,150,77,197,243,246,33,118,161,86,199,169,93,72,235,77,5,205,38,110,239,167,43,13,131,217,105,216,16,110,188,215,179,77,170,205,38,110,128,43,125,135,131,13,97,111,217,69,86,45,169,93,72,179,194,55,205,190,110,29,128,4,228,93,179,179,77,10,101,36,110,151,128,43,248,106,13,124,73,244,216,79,47,103,231,107,88,139,20,67,123,205,15,28,197,1,19,158
Best fitness found so far: 0.8738090492415; k: 2.0
Generation: 178; 0.8738090492415; k: 2.0; 161,32,228,36,135,131,13,62,111,59,161,86,199,169,25,72,179,37,55,205,190,110,29,131,101,119,205,38,110,239,47,43,13,186,13,154,98,152,189,244,179,43,13,99,179,111,197,1,233,50
Best fitness found so far: 0.8738090492415; k: 2.0
Generation: 179; 0.8738090492415; k: 2.0; 191,39,125,91,53,131,117,99,159,118,161,86,199,104,119,72,179,77,3,205,38,110,239,128,110,13,224,13,128,181,13,131,13,164
Best fitness found so far: 0.8738090492415; k: 2.0
Generation: 180; 0.8738090492415; k: 2.0; 161,32,228,36,135,131,13,87,111,59,213,86,199,169,93,72,179,77,55,205,190,110,29,131,101,119,216,174,224,87,35,214,93,240,179,77,227,16,38,161,239,128,81,13,86,13,29,232,244,93,72,179,77,55,66,114,160,68,128,32,161,93,72,179,83,129,108,38,110,29,128,43,205,221,71,169,69,72,179,77,3,205,38,110,154,14,142,248,217,13,39,161,86,199,57,31,172,179,219,3,139,4,110,239,97,176,172,216,13,37
Best fitness found so far: 0.8738090492415; k: 2.0
Generation: 181; 0.8738090492415; k: 2.0; 161,172,228,36,135,131,13,87,111,169,161,86,199,169,93,72,179,77,55,205,190,110,45,206,43,161,93,72,179,77,10,101,38,4,29,128,82,248,106,13,131,73,244,216,79,70,103,76,107,88,5,88,67,130,205,15,124,215,159,231,157,87,125,118,161,86,138,234,93,72,24,19,3,205,38,110,239,118,161,86,199,44,119,72,143,77,3,163,161,172,191,121,13,96,13,87,111,118,111,86,237,234,93,124,179,77,3,205,177,110,239,47,33,13,128,13,79,32,240,170,160,38,110,239,128,236,138,131,118,161,175,199,169,36,72,179,69,77,232,38,110,239,128,121,13,21,13,52,239,199,109,19,125,45,135,53,199,234,95,72,179,77,164,111,38,110,239,128,181,46,131,159,164
Best fitness found so far: 0.8738090492415; k: 2.0
Generation: 182; 0.8738090492415; k: 2.0; 191,229,125,91,53,131,35,99,159,118,161,86,199,44,119,72,179,77,3,205,38,110,239,26,236,91,75,99,165,47,145,111,111,180,172,191,176,13,149,204,177,111,118,161,206,199,239,178,27,237,215,113,131,237,164,9,51
Best fitness found so far: 0.8738090492415; k: 2.0
Generation: 183; 0.8738090492415; k: 2.0; 67,39,125,91,53,131,57,99,27,68,161,86,199,44,119,72,179,77,229,205,155,150,205,38,110,18,204,202,13,27,118,161,86,194,77,3,205,38,110,105,204,82,131,6,13,187,8,136,112,90,110,51,243,236,13,131,118,161,86,145,1,43,165,179,69,88,2,38,224,239,128,181,125,143,230,131,35,99,160,167,161,142,41,44,119,114,179,118,161,86,199,169,93,233,179,196,3,135,187,195,51,234,236,193,214,14,192,86,86,199,169,211,100,132,77,3,205,198,110,29,128,43,248,106,13,131,178,244,220,79,47,75,76,107,190,5,75,67,123,173,15,25,215,159,231,157,165,34
Best fitness found so far: 0.8738090492415; k: 2.0
Generation: 184; 0.8738090492415; k: 2.0; 43,172,191,91,13,96,13,87,111,83,161,86,243,234,93,124,179,77,133,205,38,110,239,47,43,131,128,13,187,32,132,35,99,111,118,161,86,199,169,93,204,113,25,235,211,38,110,239,197,107,13,150,13,131,13,87,111,167,44,32,199,169,93,72,179,124,3,208,138,159,67,46,19,125,114,224,19,173,215,159,136,216,136,47,153,76,64,88,5,224,67,123,205,15,124,215,159,231,157,87,146,118,161,86,130,234,93,72,24,77,3,205,38,110,239,213,43,13,131,13,29,136,132,189,218,155,132,40
Best fitness found so far: 0.8738090492415; k: 2.0
Generation: 185; 0.8738090492415; k: 2.0; 161,106,100,91,175,131,41,87,111,118,161,86,199,169,181,72,93,72,179,77,235,205,38,110,71,53,46,159,99,159,37,161,86,199,44,153,72,179,77,3,205,196,38,9,128,110,13,224,90,146,124,67,46,72,179,77,3,205,38,187,239,237,128,1,39,228,165,13,146,35,99,248,162,161,86,199,169,205,204,179,77,3,102,111,118,47,86,199,169,167,108,179,77,208,205,38,110,118,128,248,13,131,210,86,199,241,93,187,179,77,55,205,190,160,45,128,116,161,93,61,179,77,129,108,38,110,29,128,43,173,221,199,169,93,65,179,77,3,60,38,110,154,128,142,248,43,121,35,73,222,204,79,111,244,93,72,179,77,55,13,107,173,45,128,43,161,161,232,29,73,244,2,36,239,128,43,13,131,13,78,216,125,111,133,27,77,147,77,181,243,246,33,175,159,211,158,104,20,98
Best fitness found so far: 0.8738090492415; k: 2.0
Generation: 186; 0.8738090492415; k: 2.0; 161,172,191,91,13,96,13,203,111,131,99,87,111,59,161,123,199,169,93,72,81,60,55,205,190,110,29,131,101,119,144,61,79,86,199,214,192,72,136,77,3,205,38,161,239,128,81,13,224,13,140,126,32,77,189,29,126,43,13,99,80,65,104,230,111,161,212,219,88,13,131,13,87,111,118,105,206,199,234,93,72,142,239,243,43,166,131,13,48,216,169,154,7,179,69,77,234,38,110,239,128,121,13,131,13,52,239,199,46,13,164
Best fitness found so far: 0.8738090492415; k: 2.0
Generation: 187; 0.8738090492415; k: 2.0; 191,82,100,91,13,131,137,87,111,118,161,86,243,169,93,232,93,72,179,77,3,205,38,110,109,128,93,72,125,77,202,130,38,110,239,206,137,118,198,110,29,107,43,248,110,79,131,214,87,31,20,106,3,249,12,40,239,128,20,179,85,3,231,16,26,239,128,81,106,113,13,29,200,32,132,189,131,126,43,104,99,165,160,145,111,111,161,172,191,176,13,131,13,45,111,118,161,206,199,234,93,72,179,170,166,205,38,109,239,123,135,179,72,3,206,178,110,17,234,236,143,131,118,89,22,9,131,13,87,111,118,161,86,199,214,93,72,179,77,101,205,38,110,221,222,81,13,198,13,29,200,32,132,189,29,126,43,13,65,165,111,145,55,111,195,248,50,81,79,129,66,158,65,174,222,39,79,227,197,1,19,158
Best fitness found so far: 0.8738090492415; k: 2.0
Generation: 188; 0.8738090492415; k: 2.0; 191,39,125,91,53,131,35,99,159,118,161,86,199,44,119,72,179,77,3,205,38,110,239,153,236,205,38,110,11,128,93,93,72,179,77,208,205,38,110,15,128,43,13,138,210,7,229,125,244,133,27,172,150,77,181,96,246,33,71,68,122,158,104,20,98
Best fitness found so far: 0.8738090492415; k: 2.0
Generation: 189; 0.8738090492415; k: 2.0; 191,39,125,91,53,131,117,99,159,118,161,86,199,44,119,72,179,77,3,125,38,110,239,128,110,13,224,13,145,239,67,46,72,179,12,3,205,84,130,239,43,79,43,79,111,158,20,106,3,208,12,40,239,128,20,135
Best fitness found so far: 0.8738090492415; k: 2.0
Generation: 190; 0.8738090492415; k: 2.0; 191,141,125,91,53,131,117,99,159,118,161,86,199,44,119,72,179,77,3,205,38,110,239,128,110,126,224,13,122,239,60,46,72,179,77,3,205,38,110,239,65,43,1,39,228,91,13,146,231,110,239,243,236,13,131,118,161,86,199,169,43,72,179,69,3,205,38,55,239,128,181,13,67,3,205,38,110,239,47,43,13,186,13,154,98,132,189,244,126,43,13,99,13,111,197,1,233,50
Best fitness found so far: 0.8738090492415; k: 2.0
Generation: 191; 0.8738090492415; k: 2.0; 161,82,106,91,13,131,41,87,111,118,161,86,199,187,165,72,93,72,179,77,3,205,38,125,243,236,13,131,226,161,86,199,169,43,72,89,69,127,205,38,55,239,128,164,125,202,189,131,174,99,159,56,237,142,199,44,119,72,179,77,19,205,38,122,239,128,236,91,13,131,13,58,38,110,239,128,63,13,131,229,84,30,77,46,85,125,22,178,151,215,159,131,47,231
Best fitness found so far: 0.8738090492415; k: 2.0
Generation: 192; 0.8738090492415; k: 2.0; 161,40,100,91,13,131,41,87,111,118,161,86,199,169,93,72,93,72,241,77,3,160,38,110,29,128,43,248,43,13,131,171,105,13,111,145,142,111,220,248,50,241,111,118,161,206,243,131,95,164,99,13,111,20,111,118,161,77,243,131
Best fitness found so far: 0.8738090492415; k: 2.0
Generation: 193; 0.8738090492415; k: 2.0; 161,32,228,36,135,131,13,87,111,217,161,86,199,169,93,72,179,77,55,205,190,110,29,131,13,87,79,118,23,86,199,214,93,72,179,77,3,205,38,151,239,128,31,129,236,13,29,200,180,132,189,224,19,148,215,159,136,47,162,93,72,179,77,3,205,38,151,239,128,31,129,236,13,29,200,180
Best fitness found so far: 0.8738090492415; k: 2.0
Generation: 194; 0.8738090492415; k: 2.0; 161,82,100,91,13,131,41,87,111,118,161,86,199,169,93,72,93,72,179,77,3,205,38,110,29,128,239,72,179,77,202,205,38,110,239,206,137,118,242,110,29,128,43,248,43,79,131,191,39,125,91,53,131,35,63,159,118,27,86,199,44,119,72,179,77,159,205,38,110,239,128,190,91,13,131,13,161,111,118,161,86,43,122,43,13,55,73,105,151,79,213,165
Best fitness found so far: 0.8738090492415; k: 2.0
Generation: 195; 0.8738090492415; k: 2.0; 161,172,191,91,13,51,13,203,111,131,13,87,111,59,161,31,199,169,93,72,179,60,55,205,190,110,29,131,101,119,144,61,161,86,199,214,93,72,179,77,3,205,38,161,239,128,81,13,224,13,29,21,32,77,189,29,126,43,13,99,80,145,13,29,200,32,132,189,29,126,43,13,99,230,47,145,111,111,161,172,191,176,13,131,13,87,111,118,161,206,199,234,93,72,217,37,232,205,38,110,239,123,106,3,205,12,110,239,161,233,40
Best fitness found so far: 0.8738090492415; k: 2.0
Generation: 196; 0.8738090492415; k: 2.0; 191,39,125,91,53,131,35,99,159,118,161,86,199,44,119,72,179,77,159,205,38,110,239,128,236,3,90,26,110,159,231,125,25,34
Best fitness found so far: 0.8738090492415; k: 2.0
Generation: 197; 0.8738090492415; k: 2.0; 161,172,191,91,13,96,13,87,35,118,161,86,199,174,93,124,179,77,3,205,38,110,145,72,179,69,3,205,75,190,110,29,128,43,228,93,72,179,77,10,101,38,187,47,128,43,248,106,13,131,73,244,216,79,47,103,76,107,88,139,20,163,123,205,15,35,197,1,19,158
Best fitness found so far: 0.8738090492415; k: 2.0
Generation: 198; 0.8738090492415; k: 2.0; 191,39,125,91,53,131,117,99,159,118,161,86,199,44,119,72,179,77,3,205,38,235,239,128,110,13,224,13,239,239,67,46,72,179,77,72,118,161,86,199,169,93,72,93,72,179,136,3,205,38,110,29,159,47,43,247,198,13,210,197,152,189,231,87,13,204
Best fitness found so far: 0.8738090492415; k: 2.0
Generation: 199; 0.8738090492415; k: 2.0; 161,32,228,36,135,131,13,87,111,59,161,86,199,169,93,72,179,77,55,205,190,110,29,131,29,119,111,118,161,86,199,214,93,72,86,199,44,119,72,179,77,3,205,38,110,239,128,110,13,224,13,145,239,67,46,72,222,77,3,205,38,110,85,237,8,1,47,78
Best fitness found so far: 0.8738090492415; k: 2.0
Total time of execution of seed 6 : 1691249
Solution Fitness: -0.8738090492415
Variables: uniform 4 manhathan split moveNear moveBetween split moveNear moveAverage moveAverage join join
