Generation: 0; -1.0; k: 0.0; 161,211,82,129,203,50,65,210,212,86,133,28,115,232,57
Best fitness found so far: -1.0; k: 0.0
Generation: 1; 0.48534505796022787; k: 3.6; 185,184,187,118,249,145,189,6,134,57,112
Best fitness found so far: 0.48534505796022787; k: 3.6
Generation: 2; 0.48534505796022787; k: 3.6; 185,156,187,118,249,145,189,6,134,57,112
Best fitness found so far: 0.48534505796022787; k: 3.6
Generation: 3; 0.5170747420195813; k: 2.1; 191,16,114,102,225,149,123,11,103,47,25,119,234,50,63
Best fitness found so far: 0.5170747420195813; k: 2.1
Generation: 4; 0.6201520096949056; k: 2.0; 23,148,132,119,237,216,39,189,21,230,248,208,156,66,192
Best fitness found so far: 0.6201520096949056; k: 2.0
Generation: 5; 0.6303609112413484; k: 3.0; 200,34,121,60,109,94,75,21,11,103,47,25,119,234,83,100,169
Best fitness found so far: 0.6303609112413484; k: 3.0
Generation: 6; 0.6204649855373562; k: 2.0; 143,34,146,66,109,146,109,110,57,30,62,227,69
Best fitness found so far: 0.6303609112413484; k: 3.0
Generation: 7; 0.5955544346833201; k: 2.2; 200,34,228,60,207,94,75,21,143,99,192
Best fitness found so far: 0.6303609112413484; k: 3.0
Generation: 8; 0.5862494519004369; k: 2.0; 53,170,149,92,11,103,47,25,119,234,83,116,132,15,183,9,138,208,86,212,175
Best fitness found so far: 0.6303609112413484; k: 3.0
Generation: 9; 0.6379968499113694; k: 2.0; 53,154,205,92,11,103,47,25,119,234,83,116,132,15,183,237,138,93,33,89,157,60,167,151
Best fitness found so far: 0.6379968499113694; k: 2.0
Generation: 10; 0.6838759952479347; k: 2.1; 200,33,228,60,207,94,75,21,143,99,192
Best fitness found so far: 0.6838759952479347; k: 2.1
Generation: 11; 0.6201520096949056; k: 2.0; 23,148,132,119,237,216,39,189,21,230,248,208,156,66,85,30,112,81,132,119,237,216,39,189,21,230,248,208,156,66,85,30,112,81
Best fitness found so far: 0.6838759952479347; k: 2.1
Generation: 12; 0.7108681339871569; k: 2.0; 200,34,228,60,207,94,205,92,11,103,47,25,119,234,83,116,132,15,183,237,138,93,33,89,157,110,167,151
Best fitness found so far: 0.7108681339871569; k: 2.0
Generation: 13; 0.6365071628608092; k: 2.0; 53,29,149,122,11,228,47,25,119,234,83,41,132,15,157,249,145,189,6,25,176,92,11,103,47,25,104,126,139,139,95,89,189,149,123,250,88,47,25,119,234,50,63
Best fitness found so far: 0.7108681339871569; k: 2.0
Generation: 14; 0.7108681339871569; k: 2.0; 200,34,228,60,207,94,205,92,11,103,47,25,119,234,29,116,132,15,183,237,138,93,170,100,114,135,61,53,205,85,19,218,149,65,11,184,224,176
Best fitness found so far: 0.7108681339871569; k: 2.0
Generation: 15; 0.7108681339871569; k: 2.0; 200,34,228,60,207,94,205,237,11,103,47,25,119,234,83,116,132,15,189,143,179,90,92,11,228,47,25,119,234,164,41,132,15,47,25,119,227,83,116,132,15,183,9,130,208,86,212
Best fitness found so far: 0.7108681339871569; k: 2.0
Generation: 16; 0.7769665380734411; k: 2.0; 23,148,250,119,237,216,39,189,21,230,248,208,156,66,101,30,112,81,132,119,237,216,39,189,65,139,139,95,89,244,149,83,165,160,11,140,60,72,230,248,208,156,99,18,107,60
Best fitness found so far: 0.7769665380734411; k: 2.0
Generation: 17; 0.7769665380734411; k: 2.0; 23,148,250,119,237,216,39,189,21,230,248,208,206,66,101,30,112,65,11,184,224,176
Best fitness found so far: 0.7769665380734411; k: 2.0
Generation: 18; 0.7769665380734411; k: 2.0; 23,148,250,119,237,216,39,189,21,230,248,208,156,66,101,30,112,81,132,119,237,216,39,189,65,139,139,95,89,244,149,83,165,160,11,140,183,237,138,93,116,53,167,85,19,218,149,188,11,184,192,187,247,225,145,110,6,134,57,75,140,227,199,164,113,218,149,117,11,184,192,187,157,249,152,110,6,134
Best fitness found so far: 0.7769665380734411; k: 2.0
Generation: 19; 0.7769665380734411; k: 2.0; 23,148,250,119,141,216,39,189,21,230,248,208,156,66,101,30,112,81,132,119,237,216,39,99,65,222,124,95,89,244,149,92,11,42,47,55,119,234,83,41,132,15,157,9,145,189,6,110,245,92,11,103,47,25,119,115,140,247,211,213,189,6,139,57,39,189,21,230,10,208,156,66,149,65,11,21,230,248,208,109,155,99,92,117,143,215,21,15,143,171,7
Best fitness found so far: 0.7769665380734411; k: 2.0
Generation: 20; 0.7769665380734411; k: 2.0; 23,148,250,119,237,216,39,189,11,230,248,208,156,66,101,30,112,81,204,119,237,216,39,189,65,139,139,95,89,244,149,83,165,160,11,140,60,170,216,7,189,44,230,248,208,156,66,238,57,52,185,225,162,188,11,184,192,187,157,249,100,137,6,249
Best fitness found so far: 0.7769665380734411; k: 2.0
Generation: 21; 0.7769665380734411; k: 2.0; 23,148,250,119,185,216,39,189,21,230,248,208,156,66,101,108,112,81,132,119,237,216,59,189,65,139,139,95,89,11,184
Best fitness found so far: 0.7769665380734411; k: 2.0
Generation: 22; 0.7769665380734411; k: 2.0; 23,148,250,119,141,216,39,189,21,230,248,208,156,66,101,30,112,81,132,119,237,216,39,99,65,222,124,95,89,244,149,92,11,42,47,55,119,234,83,41,132,73,157,89,145,189,6,110,245,92,11,103,47,25,119,115,140,247,211,213,189,6,139,57,39,189,21,230,10,208,156,66,149,206,11,21,230,248,208,15,183,237,138,93,33,89,147,110,167,151
Best fitness found so far: 0.7769665380734411; k: 2.0
Generation: 23; 0.7769665380734411; k: 2.0; 23,70,250,119,237,111,39,189,21,230,248,208,206,66,101,30,112,65,22,216,59,189,65,139,139,95,89,244,149,83,57,160,11,140,60,13,230,248,208,156,99,150,140,205,85,183,194,149,65,11,21,11,21,185,33,89,157,69,126,151
Best fitness found so far: 0.7769665380734411; k: 2.0
Generation: 24; 0.7769665380734411; k: 2.0; 23,218,250,119,185,216,39,189,21,230,248,208,27,189,143,179,166,143,171,7
Best fitness found so far: 0.7769665380734411; k: 2.0
Generation: 25; 0.7769665380734411; k: 2.0; 185,98,250,119,237,216,39,189,21,230,248,208,206,66,50,159,71,244,149,25,88,148,250,119,237,216,199,189,11,230,248,69,156,66,101,30,112,128,204,119,214,216,39,189,65,139,139,95,89,244,149,83,165,160,11,140,68,170,208,7,189,44,230,248,183,248,33,80,86,92
Best fitness found so far: 0.7769665380734411; k: 2.0
Generation: 26; 0.7769665380734411; k: 2.0; 23,148,250,119,185,216,39,189,21,230,248,208,156,66,101,111,112,28,132,119,237,243,59,189,74,2,139,95,179,5,11,35,181,61,50,32,152,170,198,61
Best fitness found so far: 0.7769665380734411; k: 2.0
Generation: 27; 0.7769665380734411; k: 2.0; 23,148,250,119,185,216,39,189,21,230,248,208,14,66,101,185,112,81,132,119,237,216,250,119,237,216,39,189,11,230,248,208,156,66,101,30,112,81,204,119,237,216,57,189,239,139,139,95,89,244,149,83,246,160,11,140,60,170,106,7,189,44,230,248,208,177,66,238,57,52,185,225,162,188,11,184,192,187,157,249,100,217,6,249
Best fitness found so far: 0.7769665380734411; k: 2.0
Generation: 28; 0.7769665380734411; k: 2.0; 23,210,250,119,185,216,39,189,21,230,248,208,242,66,101,108,112,81,188,119,237,216,59,213,55,139,151,201,89,11,216,39,189,21,230,248,77,206,189,21,230,248,137,206,66,101,30,99,65,24,148,3,216,39,189,21,230,167,168,63,66,75,25,119,70,88,41,93,15,47,78,119,107,83,116,132,15,183,9,130,208,89,212,134,142,50,82,21,143,179,234,92,186,228,85,25,119,88,69,41,132,15,47,25,119,237,83,116,193,15,183,248,33,65,86,212
Best fitness found so far: 0.7769665380734411; k: 2.0
Generation: 29; 0.7769665380734411; k: 2.0; 79,148,250,119,237,216,39,189,11,230,248,208,156,66,101,58,112,81,56,119,237,81,39,189,46,139,139,168,89,237,39,189,21,94,248,208,27,189,143,179,90,99,132,119,235,216,151
Best fitness found so far: 0.7769665380734411; k: 2.0
Generation: 30; 0.7769665380734411; k: 2.0; 121,70,250,119,237,111,39,189,15,230,248,208,206,66,101,49,208,156,66,85,57,52,196,218,179,188,11,92,133,228,47,238,1,234,217,41,132,15,79,153,211,155,72,116,132,80,247,21,143,99,192
Best fitness found so far: 0.7769665380734411; k: 2.0
Generation: 31; 0.7769665380734411; k: 2.0; 23,148,250,119,185,216,39,189,21,230,248,208,156,66,101,234,112,118,132,173,194,216,59,189,65,130,21,230,248,208,156,66,101,108,213,229,132,119,237,200,12,21,225,134,57
Best fitness found so far: 0.7769665380734411; k: 2.0
Generation: 32; 0.7769665380734411; k: 2.0; 220,148,250,119,185,216,39,189,21,230,248,208,156,66,101,107,60
Best fitness found so far: 0.7769665380734411; k: 2.0
Generation: 33; 0.7769665380734411; k: 2.0; 98,148,65,119,237,216,249,189,21,230,82,143,215,60
Best fitness found so far: 0.7769665380734411; k: 2.0
Generation: 34; 0.7769665380734411; k: 2.0; 107,148,250,119,237,216,15,189,21,230,218,208,206,66,101,30,94,22,132,119,237,216,39,189,21,230,248,208,63,66,75,25,119,234,39,176,21,230,248,208,156,66,101,108,172,81,132,119,237,216,59,248,214,156,66,159,30,13,185,218,149,188,11,35,192,187,157,249,152,137,196,134
Best fitness found so far: 0.7769665380734411; k: 2.0
Generation: 35; 0.7769665380734411; k: 2.0; 23,148,250,119,237,231,39,189,21,230,156,208,156,66,215,148,112,81,132,51,237,216,234,189,220,139,223,135,74,64,149,111,210,160,221,140,183,240,138,93,116,31,167,34,19,150,153,188,11,16,41,44,182,241,93,72,27,155,247,217,60,42,94,205,60,99,103,66,208,119,44,83,155,132,15,75,143,179,189,92,133,228,47,238,119,246,108,156,66,144,30,112,81,132,119,143,216,69,100,249,139,166,95,89,73,149,83,165,160,221,140,183,179,188,83,35,181,175,67,1,75,21,143,99,239
Best fitness found so far: 0.7769665380734411; k: 2.0
Generation: 36; 0.7769665380734411; k: 2.0; 23,148,250,119,237,216,39,189,11,230,248,208,156,66,101,30,112,81,204,119,173,216,39,235,65,139,139,163,89,244,126,87,21,230,247,83,143,99,192
Best fitness found so far: 0.7769665380734411; k: 2.0
Generation: 37; 0.7769665380734411; k: 2.0; 194,148,250,119,237,216,39,189,11,230
Best fitness found so far: 0.7769665380734411; k: 2.0
Generation: 38; 0.7769665380734411; k: 2.0; 23,148,5,119,237,216,39,189,21,230,46,208,41,132,157,25,153,211,66,101,30,112,81,120,105,237,246,39,89,140,139,139,168,89,89,149,83,132,15,164,143,179,65,152,11,228,195,175,119,234,164,41,132,15,56,47,119,227,83,116,132,15,183,9,59,200,41,139,139,95,89,244,149,83,165,160,110,140,1,109,230,248,208,156,115,183,53,205,19,240,194,67,64,11,21,11,179,190,33,89,157,69,126,151
Best fitness found so far: 0.7769665380734411; k: 2.0
Generation: 39; 0.7769665380734411; k: 2.0; 193,70,250,119,237,111,39,189,15,230,248,208,156,66,4,49,57
Best fitness found so far: 0.7769665380734411; k: 2.0
Generation: 40; 0.7769665380734411; k: 2.0; 23,148,250,119,185,141,39,189,231,230,248,208,242,66,101,108,112,81,188,119,113,216,59,189,55,139,151,201,89,11,216,25,119,234,83,116,119,15,77,237,138,93,116,53,19,34,19,218,149,230,11,95
Best fitness found so far: 0.7769665380734411; k: 2.0
Generation: 41; 0.7769665380734411; k: 2.0; 23,148,250,119,185,216,39,189,21,230,248,208,156,66,101,234,216,147,189,105,234,248,208,195,66,126,123,83,65,132,119,88,216,39,79,21,208,248,208,63,66,93,205,92,11,80,47,25,65,234,83,116,132,216,39,137,57,49,119,237,216,59
Best fitness found so far: 0.7769665380734411; k: 2.0
Generation: 42; 0.7769665380734411; k: 2.0; 23,70,250,119,43,111,39,189,15,230,248,208,206,66,101,30,112,65,59,200,215,120,6,9,174,208,86,211,12,62,6,139,57,39,189,21,230,10,208,156,247,149,18,98,250,119,95,216,39,189,1,230,103,51,206,66,50,30,99,21,135,248,14,171,155,221,92,117,33,215,83,166,143,171,7
Best fitness found so far: 0.7769665380734411; k: 2.0
Generation: 43; 0.7769665380734411; k: 2.0; 23,148,250,119,185,216,39,189,21,230,248,208,156,66,101,108,112,81,132,192,189,247,83,143,99,122
Best fitness found so far: 0.7769665380734411; k: 2.0
Generation: 44; 0.7769665380734411; k: 2.0; 18,148,250,203,237,216,15,189,21,230,248,208,206,66,101,30,94,65,132,119,237,216,154,189,21,230,248,208,63,66,58,25,119,234,88,41,200,15,47,78,142,234,83,116,100,161,183,9,181,244,86,212,134,96,50,151,21,143,179,234,92,11,228,47,25,119,20,83,12,132,242,237,248,59,248,214,156,66,159,30,13,185,218,149,30,11,35,192,187,157,135,152,137,196,134
Best fitness found so far: 0.7769665380734411; k: 2.0
Generation: 45; 0.7769665380734411; k: 2.0; 161,148,125,119,65,216,39,189,11,230,248,208,156,66,101,192
Best fitness found so far: 0.7769665380734411; k: 2.0
Generation: 46; 0.7769665380734411; k: 2.0; 23,148,250,119,237,216,39,189,21,230,248,208,247,66,144,30,112,97,3,189,237,216,109,164,250,132,15,47,153,211,138,72,116,132,197,247,21,143,99,192
Best fitness found so far: 0.7769665380734411; k: 2.0
Generation: 47; 0.7769665380734411; k: 2.0; 18,148,250,119,237,216,15,189,21,230,248,208,206,66,101,30,42,65,86,119,212,216,24,189,21,230,248,208,63,66,75,25,119,234,88,41,64,15,47,78,119,234,83,116,100,15,183,9,130,244,86,212,134,142,50,82,21,143,179,234,92,11,228,138,93,116,53,19,85,19,218,149,188,11,184
Best fitness found so far: 0.7769665380734411; k: 2.0
Generation: 48; 0.7769665380734411; k: 2.0; 23,148,250,119,237,216,39,189,21,230,248,208,34,66,144,30,112,81,132,186,237,216,39,154,65,139,139,95,89,244,149,83,165,160,221,141,152,21,198,61
Best fitness found so far: 0.7769665380734411; k: 2.0
Generation: 49; 0.7769665380734411; k: 2.0; 18,54,250,119,237,216,39,189,21,230,248,208,183,195,101,182,99,65,170,119,83,216,237,216,39,99,231,222,124,95,89,244,149,92,11,42,47,55,119,234,83,41,132,73,157,89,145,189,6,110,245,92,11,8,47,217,119,115,140,32,211,213,189,6,139,57,39,189,21,230,10,208,156,66,149,206,11,41,230,89,208,15,150,237,138,93,33,89,147,110,167,151
Best fitness found so far: 0.7769665380734411; k: 2.0
Generation: 50; 0.7769665380734411; k: 2.0; 23,148,250,119,237,216,39,189,21,230,248,208,119,196,200,215,21,87,60,57
Best fitness found so far: 0.7769665380734411; k: 2.0
Generation: 51; 0.7769665380734411; k: 2.0; 23,148,100,119,221,216,121,189,21,230,248,208,227,72,30,112,65,22,29,215,203,6,18,212
Best fitness found so far: 0.7769665380734411; k: 2.0
Generation: 52; 0.7769665380734411; k: 2.0; 23,182,250,119,237,111,39,189,91,230,248,208,34,15,230,248,115,237,138,93,116,53,167,85,19,218,149,188,11,184,192,187,80,225,145,110,6,134,57,75,140,227,199,164,113,71,149,117,11,184,154,187,157,249,152,110,6,214
Best fitness found so far: 0.7769665380734411; k: 2.0
Generation: 53; 0.7769665380734411; k: 2.0; 79,148,225,119,237,216,39,189,11,230,248,208,44,66,101,30,112,81,120,105,37,246,39,89,112,139,139,168,89,89,149,83,132,15,164,143,179,65,152,11,228,47,175,119,234,164,41,87,15,56,47,119,227,83,116,132,15,183,9,59,189,41,139,139,95,89,244,149,83,197,160,110,140,41,156,66,101,108,112,81,132,119,237,216,59,189,65,139,139,95,18,11,184
Best fitness found so far: 0.7769665380734411; k: 2.0
Generation: 54; 0.7769665380734411; k: 2.0; 18,148,250,119,237,216,39,189,21,230,248,208,206,66,101,30,99,185,132,157,237,247,244,189,21,169,248,208,50,66,75,25,119,234,88,41,93,198,47,72,119,234,83,116,45,230,183,9,130,208,86,212,134,142,50,82,22,143,179,109,92,92,228,47,25,119,234,83,41,132,15,47,129,119,234,83,116,123,15,208,156,66,238,57,52,185,225,162,47,11,184,192,187,157,249,100,86,6,249
Best fitness found so far: 0.7769665380734411; k: 2.0
Generation: 55; 0.7769665380734411; k: 2.0; 193,70,250,119,237,111,39,194,15,230,248,208,206,66,57,44,57,201,66,85,192,106,187,119,237,216,100,228,45,238,105,199,198,19,20,132
Best fitness found so far: 0.7769665380734411; k: 2.0
Generation: 56; 0.7769665380734411; k: 2.0; 79,148,225,62,237,216,39,189,11,230,248,208,156,66,101,30,112,81,120,233,237,216,39,168,65,139,139,168,58,189,11,230,248,208,156,66,101,30,112,81,204,119,237,216,39,189,65,139,100,95,109,244,149,83,228,160,11,140,60,170,208,7,189,44,230,248,183,248,33,80,86,212
Best fitness found so far: 0.7769665380734411; k: 2.0
Generation: 57; 0.7769665380734411; k: 2.0; 135,148,65,119,237,216,249,189,21,230,248,148,250,119,237,216,171,120,21,230,248,208,206,66,101,30,15,23,84,250,119,237,216,39,189,21,230,248,208,156,66,144,30,112,97,132,211,140,216,79,189,65,186,139,95,89,129,98,157,60,94,151
Best fitness found so far: 0.7769665380734411; k: 2.0
Generation: 58; 0.7769665380734411; k: 2.0; 18,148,250,119,237,216,15,189,21,230,24,208,206,66,101,181,53,8,228,104,89,157,69,126,151
Best fitness found so far: 0.7769665380734411; k: 2.0
Generation: 59; 0.7769665380734411; k: 2.0; 18,148,250,119,237,216,15,189,21,230,24,208,206,66,101,30,53,8,228,104,238,119,234,59,41,132,15,47,153,211,138,72,116,148,148,250,119,237,211,53,189,21,230
Best fitness found so far: 0.7769665380734411; k: 2.0
Generation: 60; 0.7769665380734411; k: 2.0; 193,70,250,119,9,111,39,189,15,230,248,208,206,66,171,49,208,156,66,85,184,19,196,218,179,213,11,238,181,187,157,32,152,21,198,185,80,39,130,21,230,248,81,47,78,214,234,83,26,99,13
Best fitness found so far: 0.7769665380734411; k: 2.0
Generation: 61; 0.7769665380734411; k: 2.0; 23,70,250,119,237,111,39,189,15,230,248,208,250,65,132,119,189,85,230,216,208,240,66,101,30,84,65,60,166,206,66,101,30,112,65,136,24,215,69,6,173,57
Best fitness found so far: 0.7769665380734411; k: 2.0
Generation: 62; 0.7769665380734411; k: 2.0; 23,148,250,119,141,216,39,189,21,230,248,103,156,245,101,221,177,39,189,21,230,248,208,171,153,36,92,117,33,215,239,166,142,171,7
Best fitness found so far: 0.7769665380734411; k: 2.0
Generation: 63; 0.7769665380734411; k: 2.0; 18,98,250,119,237,216,39,189,21,230,248,208,206,66,50,30,99,21,208,206,66,101,30,112,65,22,200,215,21,6,9,140,91,13,230,248,123,156,99,30,40,81,132,119,237,177,39,99,65,222,204,95,89,59,196,79,11,42,47,243,119,203,83,41,132,154,157,9,145,47,183,110,245,92,11,103,217,25,119,104,140,167,211,213,189,111,139,57,39,189,21,230,145,110,6,134,57,85,57,189,21,205,85,93,23,81,103,47,25,119,234,83,90,37,34,77,237,138,93,144,53,19,85,19,218,149,188,11,184
Best fitness found so far: 0.7769665380734411; k: 2.0
Generation: 64; 0.7769665380734411; k: 2.0; 79,148,225,119,237,216,39,189,11,230,248,208,44,66,168,30,112,81,120,105,237,246,39,89,140,61,26,168,89,89,149,83,132,15,242,143,179,83,152,11,228,47,166,119,234,164,41,132,15,56,47,23,70,250,119,237,111,39,189,15,230,248,208,206,66,101,30,223,65,22,200,215,21,6,9,120,208,86,212
Best fitness found so far: 0.7769665380734411; k: 2.0
Generation: 65; 0.7769665380734411; k: 2.0; 18,148,250,119,237,216,15,189,21,230,248,208,206,66,101,30,94,65,132,119,237,216,39,189,21,230,248,208,63,66,75,25,119,234,88,41,93,15,47,78,119,234,232,116,24,239,183,9,130,244,86,212,134,142,50,82,21,143,179,234,92,1,228,47,25,147,234,83,12,19,15,47,25,37,234,83,165,53,177,140,69,13,230,227,123,21,223,143,171,228
Best fitness found so far: 0.7769665380734411; k: 2.0
Generation: 66; 0.7769665380734411; k: 2.0; 23,148,250,119,185,216,39,189,21,230,248,208,156,66,101,108,112,81,132,112,230,223
Best fitness found so far: 0.7769665380734411; k: 2.0
Generation: 67; 0.7769665380734411; k: 2.0; 172,148,250,119,185,216,39,189,21,230,126,208,156,66,101,108,112,81,179,119,237,216,59,248,214,156,66,159,30,244,185,218,147,188,11,244,192,64,157,249,152,137,132,119,237,216,59,248,214,156,66,159,30,5,185,218,149,188,11,35,192,187,157,249,152,137,196,134
Best fitness found so far: 0.7769665380734411; k: 2.0
Generation: 68; 0.7769665380734411; k: 2.0; 126,98,250,119,237,216,95,159,21,230,248,208,206,66,50,30,66,101,50,94,65,132,119,18,65,39,189,21,230,248,135,63,66,75,25,119,234,245,138,72,116,132,189,247,21,143,99,192
Best fitness found so far: 0.7769665380734411; k: 2.0
Generation: 69; 0.7769665380734411; k: 2.0; 23,188,250,8,237,111,39,189,15,230,96,208,206,66,25,42,112,65,22,200,215,21,6,9,140,91,13,230,248,123,156,99,30,40,81,132,119,237,1,39,99,21,143,99,192
Best fitness found so far: 0.7769665380734411; k: 2.0
Generation: 70; 0.7769665380734411; k: 2.0; 122,148,250,119,185,216,39,119,21,230,248,208,156,66,101,108,112,229,132,119,237,216,59,189,65,139,139,95,89,244,149,83,40,160,11,140,60,13,230,248,208,156,99,18,53,133,148,250,119,208,216,39,189,21,230,248,208,206,66,101,30,99,65,24,119,237,216,39,189,21,230,167,208,63,66,76,25,119,70,28,41,93,15,47,78,119,107,83,116,214,15,183,9,130,208,89,212,134,142,50,82,21,143,179,234,92,155,228,47,25,119,234,83,41,132,15,47,17,59,234,83,125,193,167,183,248,33,26,86,212,248,208,156,99,18,53,133,148,250,119,208,216,39,189,21,230,248,208,206,66,101,30,99,65,24,119,237,216,39,189,21,230,167,208,63,66,76,25,119,70,28,41,93,15,47,78,119,107,83,116,214,15,183,9,130,208,89,212,134,142,50,82,21,143,179,234,92,155,228,47,25,119,234,83,41,132,15,47,17,59,234
Best fitness found so far: 0.7769665380734411; k: 2.0
Generation: 71; 0.7769665380734411; k: 2.0; 23,148,250,119,185,216,39,189,21,230,248,208,156,66,101,108,112,105,132,119,237,216,59,189,65,139,139,55,248,123,156,250,18,107,115
Best fitness found so far: 0.7769665380734411; k: 2.0
Generation: 72; 0.7769665380734411; k: 2.0; 23,70,250,119,237,111,39,189,15,230,248,208,206,66,101,30,112,65,139,132,143,34,244,149,83,165,6,177,140,9,13,230,248,123,156,99,18,107,60
Best fitness found so far: 0.7769665380734411; k: 2.0
Generation: 73; 0.7769665380734411; k: 2.0; 23,148,250,119,237,231,39,189,21,230,156,208,156,66,215,148,112,81,132,51,237,216,234,189,65,139,223,135,74,244,149,83,210,160,221,140,183,240,138,93,116,53,167,85,19,100,153,188,11,16,242,44,182,241,93,72,27,157,247,217,60,42,94,205,60,99,103,66,208,119,228,83,155,132,15,75,143,179,189,92,133,228,47,186,119,68,164,156,66,144,30,112,81,132,139,95,57,10
Best fitness found so far: 0.7769665380734411; k: 2.0
Generation: 74; 0.7769665380734411; k: 2.0; 18,148,250,119,237,216,15,189,21,230,248,208,206,66,101,30,94,65,132,119,237,216,39,86,21,230,248,208,63,66,75,25,119,234,88,28,93,166,47,78,119,234,40,155,100,15,183,9,130,244,86,212,134,142,50,40,231,143,230,248,208,156,66,101,108,39,40,208,208,210,183,190,153,93,39,89,249,110,167,151
Best fitness found so far: 0.7769665380734411; k: 2.0
Generation: 75; 0.7769665380734411; k: 2.0; 23,188,250,119,141,216,39,189,21,230,248,103,156,66,101,221,83,81,132,43,237,173,194,97,59,189,155,139,132,95,34,244,149,83,165,6,177,140,36,13,230,227,123,156,99,18,107,115,230,227,123,156,99,18,107
Best fitness found so far: 0.7769665380734411; k: 2.0
Generation: 76; 0.7769665380734411; k: 2.0; 23,224,250,119,237,216,39,189,21,230,248,208,156,66,101,30,112,81,132,119,237,216,39,189,65,139,166,95,214,244,183,248,33,80,86,212
Best fitness found so far: 0.7769665380734411; k: 2.0
Generation: 77; 0.7769665380734411; k: 2.0; 79,148,225,119,237,216,39,189,11,230,248,208,156,66,101,30,112,81,122,173,194,97,166,189,155,139,132,99,34,244,149,83,123,6,177,140,243,13,230,227,123,156,99,18,107,171
Best fitness found so far: 0.7769665380734411; k: 2.0
Generation: 78; 0.7769665380734411; k: 2.0; 18,148,250,119,237,216,39,189,21,230,248,208,206,66,101,30,99,65,132,113,237,216,39,189,21,230,248,208,63,66,75,25,119,234,88,41,93,15,47,78,119,234,83,116,192,15,183,9,130,208,86,212,134,142,50,82,21,143,179,85,92,11,228,47,25,119,234,113,41,132,15,47,119,237,216,39,189,21,230,23,208,206,66,50,30,99,21,135,248,208,171,155,221,92,117,33,215,194,166,143,171,7
Best fitness found so far: 0.7769665380734411; k: 2.0
Generation: 79; 0.7769665380734411; k: 2.0; 23,148,250,119,141,216,39,189,21,230,24,208,92,66,101,30,112,81,132,119,41,216,39,99,220,30,124,35,158,244,149,92,247,42,178,55,119,234,11,41,244,73,157,89,145,189,6,110,245,92,142,50,82,21,214,179,102,92,11,228,217,25,119,20,152,245,132,15,47,101,193,9,137,6,249,41,216,39
Best fitness found so far: 0.7769665380734411; k: 2.0
Generation: 80; 0.7769665380734411; k: 2.0; 23,148,180,119,185,216,39,34,21,140,90,208,156,66,101,200,112,81,227,79,230,237,211,39,189,21,230
Best fitness found so far: 0.7769665380734411; k: 2.0
Generation: 81; 0.7769665380734411; k: 2.0; 23,148,250,119,141,216,39,189,21,230,248,208,156,66,93,30,177,81,132,73,237,56,39,99,65,222,138,95,221,244,149,197,11,170,47,224,226,234,83,41,132,73,36,89,145,189,40,110,245,92,11,103,47,25,167,115,138,240,189,173,128,39,92,132,119,63,119,234,83,41,244,73,157,89,145,189,6,110,245,92,168,103,47,25,101,115,140,133,211,178,62,6,139,57,39,189,216,230,39,189,65,81,139,95,57,10
Best fitness found so far: 0.7769665380734411; k: 2.0
Generation: 82; 0.7769665380734411; k: 2.0; 18,148,250,203,237,216,15,189,21,230,248,208,206,66,101,30,223,65,132,60,237,216,39,189,21,230,248,208,63,42,58,25,119,68,88,41,200,15,47,172,119,234,47,116,23,161,183,9,181,125,86,212,134,142,50,82,21,143,179,234,92,237,228,47,25,119,20,83,12,132,15,47,23,249,100,137,6,249
Best fitness found so far: 0.7769665380734411; k: 2.0
Generation: 83; 0.7769665380734411; k: 2.0; 23,148,250,119,237,216,39,189,11,230,248,208,156,66,203,30,112,81,204,119,237,216,39,189,65,139,53,95,89,244,149,83,203,83,42,132,15,157,9,145,47,6,110,245,92,11,103,47,25,119,208,140,247,211,213,189,6,139,57,39,189,21,238,145,110,6,134,57,85,57,189,158,205,112,30,23,81,103,47,25,119,234,83,116,119,165,77,237,138,93,116,53,19,85,19,218,149,30,11,184
Best fitness found so far: 0.7769665380734411; k: 2.0
Generation: 84; 0.7769665380734411; k: 2.0; 18,148,250,119,237,121,39,189,21,230,248,208,206,66,101,30,139,185,132,157,136,200,215,21,6,139,57
Best fitness found so far: 0.7769665380734411; k: 2.0
Generation: 85; 0.7769665380734411; k: 2.0; 23,148,250,119,141,216,39,189,21,230,248,208,156,66,101,30,46,81,132,119,237,216,39,99,106,222,204,95,89,59,196,92,11,42,47,55,119,202,245,41,132,15,157,9,145,47,6,86,245,92,11,103,47,25,119,115,140,247,211,147,189,6,139,57,39,189,21,230,145,248,208,156,66,101,108,39,229,208,92,2,183,228,153,93,33,89,157,110,167,151
Best fitness found so far: 0.7769665380734411; k: 2.0
Generation: 86; 0.7769665380734411; k: 2.0; 18,70,250,119,237,111,39,189,15,230,248,208,206,66,4,49,208,156,66,85,57,52,36,218,191,188,83,35,181,178,157,32,75,21,143,99,192
Best fitness found so far: 0.7769665380734411; k: 2.0
Generation: 87; 0.7769665380734411; k: 2.0; 23,148,250,119,237,216,39,189,21,230,248,208,221,66,144,30,112,81,215,234,237,216,39,189,65,139,139,95,89,244,149,83,165,160,221,141,183,237,138,93,116,53,229,85,19,218,149,188,155,65,200,44,120,21,98,33,171,157,247,217,60,207,94,205,237,12,103,132,200,119,44,83,155,132,15,189,143,179,189,92,91,228,47,180,119,234,164,41,216,106,47,153,211,138,72,101,30,99,147,57,119,237,216,39,189,21,230,248,208,63,66,75,25,119,234,223,41,93,15,47,78,35,181,187,157,32,25,131,198,61,121,39,56,21,230,248,216,39,157,21,90,248,208,63,66,85,205,92,11,103,47,25,65,234,83,116,63,216,39,189,57,10
Best fitness found so far: 0.7769665380734411; k: 2.0
Generation: 88; 0.7769665380734411; k: 2.0; 23,144,250,119,237,231,39,189,21,230,120,208,156,66,215,148,112,81,132,51,237,216,234,189,65,108,223,135,74,244,149,83,210,160,221,140,34,240,138,93,116,53,167,85,19,218,153,171,11,16,120,17,182,78,93,72,27,157,247,217,60,42,94,205,60,32,103,66,81,119,44,83,155,132,15,75,143,179,189,92,133,10,47,238,119,208,55,66,232,30,99,21,135,248,208,171,155,221,92,117,33,81,194,166,96,171,7
Best fitness found so far: 0.7769665380734411; k: 2.0
Generation: 89; 0.7769665380734411; k: 2.0; 23,148,250,119,185,216,39,189,21,230,248,208,156,66,101,65,170,119,83,216,39,189,188,230,248,208,193,151,75,113,50,234,119,234,50,63
Best fitness found so far: 0.7769665380734411; k: 2.0
Generation: 90; 0.7769665380734411; k: 2.0; 79,148,250,119,237,216,39,189,11,230,248,208,156,66,101,144,112,81,173,119,237,81,39,189,65,139,139,168,89,208,206,66,101,30,182,65,170,119,83,216,39,189,21,230,248,208,193,151,75,25,50,234,119,234,50,63
Best fitness found so far: 0.7769665380734411; k: 2.0
Generation: 91; 0.7769665380734411; k: 2.0; 23,148,250,119,185,216,39,189,21,230,248,208,96,155,92,11,228,81,204,237,111,39,189,182,230,228,208,134,66,101,30,31,65,22,175,215,65,6,9,152,208,86,212
Best fitness found so far: 0.7769665380734411; k: 2.0
Generation: 92; 0.7769665380734411; k: 2.0; 23,148,250,119,141,216,39,189,21,230,248,103,156,66,101,221,177,81,132,43,237,45,39,99,65,222,138,95,148,125,149,197,11,42,47,194,226,234,83,41,10,73,65,139,139,95,89,244,149,181,165,160,11,140,60,72,237,3,208,156,187,18,107,60
Best fitness found so far: 0.7769665380734411; k: 2.0
Generation: 93; 0.7769665380734411; k: 2.0; 193,70,250,119,237,111,39,189,15,230,248,208,206,66,162,49,208,156,66,85,57,52,196,218,179,188,11,35,181,187,157,32,152,21,198,185,162,39,130,21,37,248,208,38,66,101,194,225,229,132,119,237,227,30,112,81,132,119,237,216,39,99,65,222,124,248,89,244,149,189,11,42,47,55,119,234,83,41,132,15,157,9,145,189,6,110,245,92,11,103,47,25,119,115,140,137,76,213,92,6,139,57,39,189,21,230,10,208,156,66,149,65,45,21,230,248,208,109,155,99,92,117,143,215,21,15,150,171,7
Best fitness found so far: 0.7769665380734411; k: 2.0
Generation: 94; 0.7769665380734411; k: 2.0; 23,148,250,119,237,231,39,189,21,230,156,208,156,66,215,148,112,81,132,96,237,216,234,189,65,49,223,135,74,244,149,149,210,160,221,140,183,240,138,93,116,53,167,142,19,218,153,188,11,16,11,44,182,241,93,30,27,157,247,217,60,42,94,205,60,99,103,66,208,11,44,83,155,132,15,75,143,115,153,247,25,213,189,6,233,57,39,189,21,230,145,110,6,134,159,85,57,189,21,205,85,30,23,81,8,149,112,81,132,228,237,216,10,189,65,139,139,95,111,92,149,205,165,206,226,140,23,237,66,248,208,156,99,142,40,214
Best fitness found so far: 0.7769665380734411; k: 2.0
Generation: 95; 0.7769665380734411; k: 2.0; 23,148,50,119,237,216,39,189,11,230,248,208,156,199,87,213,169,81,156,21,33,201,208,11,106,47,139,119,62,140,142,205,92,11,103,47,25,119,234,83,116,223,129,183,237,138,119,237,216,39,189,21,210,248,208,206,66,50,30,99,21,135,248,208,70,155,165,92,117,33,215,39,19,110,140,248,193,208,66,101,108,140,229,132,119,237,81,59,201,65,163,44,95,89,244,149,83,165,160,247,140,60,22,230,248,208,156,99,18,53,205,63,183,194,149,65,11,21,11,21,230,33,89,157,69,126,151,163,44,95,89,244,149,83,165,160,247,140,60,22,230,248,208,156,99,18,53,205,63,183,194,149
Best fitness found so far: 0.7769665380734411; k: 2.0
Generation: 96; 0.7769665380734411; k: 2.0; 18,148,250,119,237,216,39,189,21,230,248,208,206,66,151,30,99,65,1,119,237,216,39,189,21,230,116,208,98,66,75,25,119,234,88,41,93,15,47,78,119,81,132,79,230,198,208,156,174,24,30,192,106,187,119,237,216,100,228,45,238,105,169,172,19,20,136
Best fitness found so far: 0.7769665380734411; k: 2.0
Generation: 97; 0.7769665380734411; k: 2.0; 23,148,250,119,141,216,39,189,21,230,248,208,156,66,101,30,112,81,132,119,237,119,39,99,65,222,124,51,89,231,149,92,11,42,47,55,119,234,83,41,132,15,157,9,145,189,6,110,245,92,11,70,47,25,233,115,140,247,211,213,189,6,139,57,39,189,21,230,10,182,156,66,10,65,11,21,230,248,208,109,155,99,92,117,143,156,66,85,57,52,196,218,179,188,11,35,181,187,157,32,152,21,198,54,162,39,130,21,230,248,208,156,66,101,108,225,229,132,119,237,200,215,21,225,134,57
Best fitness found so far: 0.7769665380734411; k: 2.0
Generation: 98; 0.7769665380734411; k: 2.0; 23,148,250,119,185,216,39,189,21,230,248,208,27,189,49,179,169,8,132,119,15,183,248,33,208,230,212
Best fitness found so far: 0.7769665380734411; k: 2.0
Generation: 99; 0.7769665380734411; k: 2.0; 23,126,250,119,185,216,39,119,21,230,248,208,156,66,101,108,112,229,132,119,237,216,59,171,21,205,85,30,23,81,8,47,112,81,132,228,38,68,10,111,65,139,139,95,89,92,149,205,165,160,226,140,13,13,230,30,208,156,99,170,40,214
Best fitness found so far: 0.7769665380734411; k: 2.0
Generation: 100; 0.7769665380734411; k: 2.0; 23,148,250,65,185,216,39,119,21,230,248,208,156,66,101,82,241,229,208,221,66,144,86,112,81,132,119,237,216,39,189,65,139,139,95,89,244,149,83,165,160,221,141,183,111,138,190,116,71,167,85,19,218,149,188,11,65,246,44,182,28,93,33,27,157,247,217,60,207,94,205,74,90,126,47,208,119,44,83,155,132,15,189,143,179,189,92,133,241,47,180,41,234,164,41,187,106,47,153,211,138,72,101,61,99,65,250,119,237,216,39,189,21,230,248,208,63,66,75,25,119,234,88,41,93,15,47,78,119,234,83,116,214,15,183,9,130,208,35,212,134,231,50,82,21,143,179,234,92,156,228,47,174,119,234,49,211,132,15,137,25,119,223,83,116,132,15,106,248,33,208,86,212
Best fitness found so far: 0.7769665380734411; k: 2.0
Generation: 101; 0.7769665380734411; k: 2.0; 23,148,250,119,221,216,121,189,157,230,248,208,227,202,25,215,21,15,60,13,207,248,208,156,99,18,53,205,85,183,194,6,65,11,21,114,21,185,33,89,157,201,126,151
Best fitness found so far: 0.7769665380734411; k: 2.0
Generation: 102; 0.7769665380734411; k: 2.0; 23,148,250,119,237,216,39,189,21,230,248,208,156,66,144,30,112,81,132,119,237,73,39,189,65,139,139,198,216,249,189,21,230,78,143,215,194,166,12,171,7
Best fitness found so far: 0.7769665380734411; k: 2.0
Generation: 103; 0.7769665380734411; k: 2.0; 18,148,250,203,237,216,15,189,21,230,248,208,206,66,101,30,94,65,132,119,237,59,39,189,21,190,248,208,63,66,58,25,119,234,118,41,200,15,47,78,119,234,83,116,100,161,183,9,223,244,86,212,134,142,50,82,21,143,179,234,92,11,228,47,25,119,20,57,12,132,15,47,23,66,100,137,13,230,248,170,156,149,18,53,205,85,183,194,149,65,11,21,11,21,54,33,89,157,69,126,151,119,234,118,41,200,15,47,78,119,234,83,116,100,161,183,9,223,244,86,212,134,142,50,82,21,143,179,234,92,11,228,47,25,119,20,57,12
Best fitness found so far: 0.7769665380734411; k: 2.0
Generation: 104; 0.7769665380734411; k: 2.0; 79,148,250,119,237,216,39,189,11,230,248,208,156,66,101,30,112,81,56,119,189,143,179,65,152,11,228,47,175,119,234,164,41,132,21,47,25,119,61,83,116,132,15,183,9,130,148,86,212
Best fitness found so far: 0.7769665380734411; k: 2.0
Generation: 105; 0.7769665380734411; k: 2.0; 23,148,250,119,237,216,39,189,21,230,248,208,156,66,82,30,112,97,132,211,237,216,99,189,65,139,72,95,89,33,98,121,91,13,230,227,123,21,223,143,24,177
Best fitness found so far: 0.7769665380734411; k: 2.0
Generation: 106; 0.7769665380734411; k: 2.0; 18,148,250,203,237,216,15,189,21,230,248,208,206,66,101,30,136,65,132,119,237,216,39,189,21,230,248,202,63,59,189,55,139,151,201,89,11,216,39,122,21,230,248,134,206,213,101,123,112,65,132,158,237,19,39,74,21,117,248,39,189,15,230,248,208,206,66,101,44,57,156,66,85,57,108,196,218,179,5,11,35,181,61,214,32,152,21,198,61
Best fitness found so far: 0.7769665380734411; k: 2.0
Generation: 107; 0.7769665380734411; k: 2.0; 23,148,250,119,237,216,39,189,21,230,248,208,221,66,144,30,217,81,209,119,237,216,39,189,65,139,139,95,89,244,149,248,208,156,99,183,53,205,85,240,84,149,65,104,21,11,179,185,33,89,157,69,126,151
Best fitness found so far: 0.7769665380734411; k: 2.0
Generation: 108; 0.7769665380734411; k: 2.0; 23,70,250,119,237,111,39,189,15,230,248,208,206,66,101,30,112,65,22,200,215,21,6,9,140,91,13,230,248,123,156,99,30,40,81,132,119,237,216,39,99,65,222,204,95,89,59,196,234,167,151
Best fitness found so far: 0.7769665380734411; k: 2.0
Generation: 109; 0.7769665380734411; k: 2.0; 23,74,250,65,185,216,89,119,21,230,248,208,156,66,101,108,39,207,208,204,210,183,190,153,93,33,89,157,110,66,101,108,42,229,46,119,237,200,215,21,6,134,57
Best fitness found so far: 0.7769665380734411; k: 2.0
Generation: 110; 0.7769665380734411; k: 2.0; 18,148,250,119,237,216,39,189,21,230,248,208,206,66,67,30,99,65,24,119,237,216,14,189,21,230,167,208,49,66,75,25,119,70,127,41,93,15,47,78,119,107,83,116,132,15,183,9,130,208,89,212,134,142,50,82,21,143,179,234,92,11,161,47,25,119,234,83,41,123,156,99,18,107,60
Best fitness found so far: 0.7769665380734411; k: 2.0
Generation: 111; 0.7769665380734411; k: 2.0; 23,70,250,119,237,111,39,189,15,230,248,208,206,66,101,30,112,65,211,127,215,21,6,9,140,91,13,230,248,123,156,99,30,40,81,132,119,237,6,139,57,39,189,21,230,145,110,6,134,57,85,193,189,21,38,85,30,23,81,103,177,25,119,234,83,109,119,15,77,237,138,93,116,53,19,85,19,218,149,188,11,184
Best fitness found so far: 0.7769665380734411; k: 2.0
Generation: 112; 0.7769665380734411; k: 2.0; 23,148,250,119,237,216,39,189,21,230,248,208,206,66,185,216,39,133,21,230,248,208,156,66,101,108,112,81,132,119,237,227,148,248,214,156,66,243,30,9,185,218,149,188,11,35,233,187,157,249,152,137,157,32,152,21,198,61
Best fitness found so far: 0.7769665380734411; k: 2.0
Generation: 113; 0.7769665380734411; k: 2.0; 23,148,250,119,141,216,39,189,21,230,248,208,92,66,101,30,112,81,132,95,41,216,39,99,65,204,124,35,89,244,189,21,230
Best fitness found so far: 0.7769665380734411; k: 2.0
Generation: 114; 0.7769665380734411; k: 2.0; 18,148,250,119,237,216,39,189,21,230,236,208,175,66,101,30,99,185,132,157,237,216,244,189,21,230,248,208,63,66,75,185,167,234,88,41,93,225,47,67,119,234,83,116,132,183,183,9,130,208,86,212,134,142,50,82,22,143,179,109,92,11,228,47,25,119,234,83,41,132,15,47,129,119,234,83,116,132,15,208,156,66,238,57,52,185,225,162,188,11,184,192,132,15,189,143,179,65,152,11,228,47,175,119,234,164,41,132,15,47,25,119,227,83,116,132,15,183,9,130,208,86,212,157,237,216,244,189,21,230,248,208,63,66,75,185,167,234,88,41,93,225,47,67,119,234
Best fitness found so far: 0.7769665380734411; k: 2.0
Generation: 115; 0.7769665380734411; k: 2.0; 23,218,250,119,185,216,39,189,21,230,248,208,21,135,123,208,171,155,221,92,117,33,215,194,166,143,171,58
Best fitness found so far: 0.7769665380734411; k: 2.0
Generation: 116; 0.7769665380734411; k: 2.0; 23,148,250,119,141,216,157,189,21,230,248,208,156,66,101,89,73,60
Best fitness found so far: 0.7769665380734411; k: 2.0
Generation: 117; 0.7769665380734411; k: 2.0; 23,148,250,119,237,216,39,189,21,230,248,208,156,66,144,30,112,81,132,119,237,216,39,189,65,139,139,95,89,244,149,83,165,160,221,140,183,237,183,93,116,53,66,85,57,52,196,218,237,138,93,187,204,239,85,19,218,149,188,11,65,11,18,182,21,93,77,51,157,247,217,60,154,94,205,237,11,103,47,208,155,44,83,155,132,15,126,143,179,54,92,133,228,47,37,1,234,164,41,132,15,190,153,211,155,72,116,176,90,247,21,143,99,192
Best fitness found so far: 0.7769665380734411; k: 2.0
Generation: 118; 0.7769665380734411; k: 2.0; 23,148,250,119,141,216,39,189,21,230,248,208,156,66,12,30,179,186,141,119,237,216,39,99,65,222,124,98,159,244,149,92,132,42,47,55,119,144,83,41,132,15,157,9,62,128,6,110,245,92,11,103,47,25,119,115,63,247,78,119,234,83,116,100,161,183,5,181,244,86,212,134,142,50,82,21,214,179,234,92,219,228,217,25,119,20,162,45,132,15,159,101,193,129,137,6,249
Best fitness found so far: 0.7769665380734411; k: 2.0
Generation: 119; 0.7769665380734411; k: 2.0; 18,148,250,119,237,216,39,189,21,230,248,208,227,79,230,198,208,186,174,24,30,192,148,148,250,119,237,211,53,189,21,43
Best fitness found so far: 0.7769665380734411; k: 2.0
Generation: 120; 0.7769665380734411; k: 2.0; 133,98,250,119,237,216,39,189,145,230,248,208,157,66,135,107,99,21,135,248,208,171,135,221,92,208,176,66,75,39,119,234,65,41,93,15,47,78,119,234,83,215,214,15,86,212,134,156,85,82,21,143,179,234,92,11,228,47,25,119,234,83,111,132,15,47,25,119,234,83,91,132,15,183,248,33,30,86,212,15,86,212,134,156,85,82,21,143,179,234,92,11,228,47,25,119,234,83,111,132,15,47,25,119,234,83,91
Best fitness found so far: 0.7769665380734411; k: 2.0
Generation: 121; 0.7769665380734411; k: 2.0; 79,86,225,119,237,216,39,189,11,230,248,208,156,66,101,30,204,81,120,233,237,216,39,173,65,139,139,168,89,48,149,83,132,15,189,143,179,65,246,11,228,47,175,119,234,164,41,165,19,218,149,188,11,184,192,187,247,225,145,110,6,134,57,75,140,227,199,164,113,218,149,123,11,184,192,187,157,249,152,110,6,134
Best fitness found so far: 0.7769665380734411; k: 2.0
Generation: 122; 0.7769665380734411; k: 2.0; 193,70,250,119,237,111,39,189,15,230,248,208,206,66,4,49,65,222,124,95,89,197,149,92,11,42,47,55,119,234,83,41,121,73,157,89,145,189,6,110,245,92,224,200,47,25,119,115,140,247,211,12,62,6,139,57,39,189,21,230,10,208,156,247,149,161,98,250,119,230,216,39,189,21,230,103,51,206,66,50,30,99,217,135,248,14,171,155,221,92,117,128,215,83,166,4,171,7
Best fitness found so far: 0.7769665380734411; k: 2.0
Generation: 123; 0.7769665380734411; k: 2.0; 23,148,250,119,185,216,39,189,21,230,248,208,156,66,101,44,112,81,132,173,194,97,153,93,33,89,157,110,167,151
Best fitness found so far: 0.7769665380734411; k: 2.0
Generation: 124; 0.7769665380734411; k: 2.0; 18,148,250,119,237,131,15,189,21,230,248,208,206,66,101,30,94,65,132,64,237,216,39,189,21,138,248,208,63,66,75,25,119,234,88,41,93,86,47,78,119,234,226,155,100,15,183,9,130,244,86,94,134,142,50,40,21,143,179,234,92,11,228,114,19,119,134,83,12,132,15,47,25,132,15,183,9,81,56,119,237,216,39,189,65,139,139,168,89,244,149,83,88,160,11,140,60,170,41,7,32,44,243,248,208,156,66,226,57,52,185,225,162,141,11,184,192,187,25,37,234,83,236,132,15,77,248,33,93,230,212
Best fitness found so far: 0.7769665380734411; k: 2.0
Generation: 125; 0.7769665380734411; k: 2.0; 23,70,250,119,237,111,39,189,21,230,248,208,206,66,101,30,112,65,60,200,215,210,46,190,138,216,39,189,11,230,248,208,156,66,101,30,233,81,204,119,237,216,91,189,111,139,139,95,89,2,149,83,165,160,156
Best fitness found so far: 0.7769665380734411; k: 2.0
Generation: 126; 0.7769665380734411; k: 2.0; 193,70,250,119,237,111,39,189,15,230,248,208,206,66,101,54,208,156,66,178,57,52,196,218,179,188,11,35,181,187,157,32,152,21,189,143,179,166,218,171,7
Best fitness found so far: 0.7769665380734411; k: 2.0
Generation: 127; 0.7769665380734411; k: 2.0; 18,148,250,203,237,216,15,189,21,230,248,208,174,66,101,30,94,118,132,119,237,216,39,189,21,230,248,208,63,7,58,25,119,234,88,41,200,15,47,190,17,106,83,13,100,161,183,9,181,244,237,210,39,189,185,230,248,208,206,66,101,30,112,65,210,160,221,140,183,240,138,93,116,53,167,85,19,169,153,121,51,16,101,44,182,241,93,72,27,70,247,217,60,42,94,205,60,99,223,66,208,119,44,83,155,132,15,75,143,179,189,92,133,228,47,238,119,68,164,156,66,144,30,112,209,132,119,143,216,116,100,249,139,139,95,89,72,149,83,165,188,221,140,183,179,188,83,35,181,175,48,1,75,21,143,99,198
Best fitness found so far: 0.7769665380734411; k: 2.0
Generation: 128; 0.7769665380734411; k: 2.0; 23,218,250,119,185,216,39,189,21,230,248,208,27,189,143,179,65,139,139,95,89,86,149,83,165,160,11,243,60,13,230,248,208,156,99,18,107,60
Best fitness found so far: 0.7769665380734411; k: 2.0
Generation: 129; 0.7769665380734411; k: 2.0; 23,148,155,119,141,216,39,189,21,230,248,208,156,66,12,211,222,186,141,119,237,216,39,99,65,132,109,175,190,244,149,92,132,42,47,55,119,234,83,41,132,15,157,9,62,189,6,110,245,92,11,103,47,25,119,115,139,145,78,119,234,83,116,204,161,183,145,181,244,86,212,134,142,50,71,21,214,179,234,92,11,228,48,25,119,20,83,45,156,66,144,30,112,97,132,211,237,216,99,189,65,139,139,95,89,33,154,157,144,120,151
Best fitness found so far: 0.7769665380734411; k: 2.0
Generation: 130; 0.7769665380734411; k: 2.0; 193,70,250,119,237,111,39,189,15,230,248,208,206,66,101,44,208,156,95,34,244,149,83,165,6,177,140,91,13,230,227,123,21,223,143,171,70
Best fitness found so far: 0.7769665380734411; k: 2.0
Generation: 131; 0.7769665380734411; k: 2.0; 18,148,250,119,237,216,15,189,21,230,152,208,206,66,101,19,155,65,132,119,237,216,39,87,21,230,247,83,143,99,143,179,110,92,156,228,47,77,134,187,49,238,132,15,47,25,206,234,83,116,173,11,183,223,33,208,86,212
Best fitness found so far: 0.7769665380734411; k: 2.0
Generation: 132; 0.7769665380734411; k: 2.0; 23,148,250,119,237,216,39,189,21,230,248,208,156,44,101,30,29,81,132,119,237,216,39,189,65,139,139,95,89,244,149,21,230,248,208,63,59,189,55,139,151,201,89,11,105,39,122,21,230,248,208,206,213,101,123,50,223,132,119,204,216,39,189,21,208,248,208,56,66,151,39,92,11,80,223,196,20,234,83,116,132,216,39,137,57,10,119,237,216,59
Best fitness found so far: 0.7769665380734411; k: 2.0
Generation: 133; 0.7769665380734411; k: 2.0; 194,148,250,119,237,216,39,189,11,230,248,208,156,66,101,30,112,81,204,119,237,216,39,189,65,139,139,95,89,244,149,83,165,160,11,140,60,170,216,7,136,44,230,248,208,156,66,155,57,52,101,30,112,81,204,119,237,216,39,189,65,139,139,95,89,244,149,185,188,160,11,140,60,204,208,7,189,44,230,248,183,248,33,80,86,212
Best fitness found so far: 0.7769665380734411; k: 2.0
Generation: 134; 0.7769665380734411; k: 2.0; 135,148,65,119,237,216,249,189,21,230,248,143,179,194,166,12,39,189,11,230,1,208,156,199,87,213,249,81,156,21,33,201,208,11,99,47,139,108,160,140,113,205,92,11,103,47,25,119,234,83,116,132,129,183,132,138,93,33,22,157,110,167,151
Best fitness found so far: 0.7769665380734411; k: 2.0
Generation: 135; 0.7769665380734411; k: 2.0; 23,148,250,119,141,216,39,189,21,230,248,208,92,66,101,30,112,81,83,119,104,216,39,232,168,222,124,95,89,186,149,92,11,42,47,55,119,234,83,41,244,73,157,89,145,189,6,110,245,92,224,103,47,25,119,115,140,247,211,12,62,119,237,211,53,189,215,230
Best fitness found so far: 0.7769665380734411; k: 2.0
Generation: 136; 0.7769665380734411; k: 2.0; 23,148,250,119,141,216,39,189,21,230,248,208,156,66,101,30,46,81,202,119,237,216,39,99,65,222,204,95,89,59,196,92,120,42,47,55,119,203,83,41,132,15,157,9,145,47,6,110,245,92,130,158,47,25,119,115,186,247,211,213,189,6,139,57,39,189,21,230,145,110,26,134,173,85,57,189,185,216,39,126,21,230,248,208,27,189,143,179,166,143,171,7,25,119,115,186,247,211,213,189,6,139,57,39,189,21,230,145,110,26,134
Best fitness found so far: 0.7769665380734411; k: 2.0
Generation: 137; 0.7769665380734411; k: 2.0; 17,148,250,119,237,231,39,189,21,230,156,208,156,66,215,148,112,81,132,51,237,216,234,189,65,139,223,135,74,244,149,83,210,160,229,132,119,237,200,215,21,225,134,39
Best fitness found so far: 0.7769665380734411; k: 2.0
Generation: 138; 0.7769665380734411; k: 2.0; 79,148,225,119,237,216,39,189,11,230,248,208,44,66,101,30,112,81,120,105,237,246,39,89,14,139,156,66,238,57,52,185,225,162,52,11,184,154,187,157,249,100,137,231,249
Best fitness found so far: 0.7769665380734411; k: 2.0
Generation: 139; 0.7769665380734411; k: 2.0; 79,148,250,119,237,216,39,189,11,230,248,208,34,196,59,30,112,81,56,119,237,216,39,189,65,139,139,168,89,244,149,83,88,160,11,140,60,205,181,11,103,47,176,212,96,83,116,132,216,39,189,241,10
Best fitness found so far: 0.7769665380734411; k: 2.0
Generation: 140; 0.7769665380734411; k: 2.0; 18,148,250,119,237,216,15,189,21,230,248,208,206,66,101,30,94,65,132,119,211,216,39,189,21,230,248,208,63,66,75,25,119,234,88,41,53,229,85,19,218,10,188,11,166,200,44,120,21,98,250,171,157,30,32,60,207,241,205,237,11,103,132,200,119,44,83,155,132,15,162,143,179,189,92,79,228,28,180,119,234,148,250,119,237,216,15,189
Best fitness found so far: 0.7769665380734411; k: 2.0
Generation: 141; 0.7769665380734411; k: 2.0; 18,148,250,119,237,216,223,189,21,230,248,208,206,184,149,129,250,89,132,119,237,216,39,189,237,216,99,189,65,139,126,241,89,169,236,164,60,120,151
Best fitness found so far: 0.7769665380734411; k: 2.0
Generation: 142; 0.7769665380734411; k: 2.0; 161,148,140,8,65,216,39,189,11,230,68,208,156,66,65,60,200,206,66,101,28,112,65,136,200,25,21,6,139,57
Best fitness found so far: 0.7769665380734411; k: 2.0
Generation: 143; 0.7769665380734411; k: 2.0; 18,148,250,203,237,216,15,189,21,230,248,208,206,66,101,30,94,11,132,119,237,216,39,189,21,230,248,208,63,66,58,25,56,234,88,41,35,181,64,157,32,152,30,132,61
Best fitness found so far: 0.7769665380734411; k: 2.0
Generation: 144; 0.7769665380734411; k: 2.0; 193,70,250,119,237,56,39,189,15,230,248,208,206,66,4,49,208,156,66,11,103,47,25,119,115,63,247,78,119,216,83,116,248,161,183,145,181,244,86,212,54,142,50,82,187,214,179,234,92,11,228,217,25,119,20,83,45,132,15,47,101,193,129,224,6,125
Best fitness found so far: 0.7769665380734411; k: 2.0
Generation: 145; 0.7769665380734411; k: 2.0; 23,148,250,119,185,216,159,189,21,230,248,208,156,66,101,108,112,81,132,119,237,216,59,189,65,139,139,95,89,244,149,83,165,130,240,140,60,249,189,21,244,40,160,100,119,234,233,133,84,15,22,66,237,200,215,21,6,9,174,208,86,212
Best fitness found so far: 0.7769665380734411; k: 2.0
Generation: 146; 0.7769665380734411; k: 2.0; 23,148,250,119,141,216,39,189,21,230,248,103,156,66,101,221,177,81,132,43,217,60,207,94,205,237,3,103,47,208,119,44,83,155,132,15,126,143,179,248,236,133,228,47,238,1,234,164,41,83,15,147,153,211,138,72,116,132,90,136,21,143,99,192
Best fitness found so far: 0.7769665380734411; k: 2.0
Generation: 147; 0.7769665380734411; k: 2.0; 23,148,250,119,141,6,39,189,21,230,248,208,156,88,101,30,177,81,132,119,237,239,39,99,65,222,138,95,5,244,149,197,11,42,47,224,127,234,83,41,243,73,207,102,145,189,40,110,245,92,11,100,47,72,167,228,132,240,189,26,128,39,92,132,119,158,64,171,153,193,158,16,90,92,11,228,9,25,221,234,232,95,132,15,47,212,144,227,72,116,67,224,184
Best fitness found so far: 0.7769665380734411; k: 2.0
Generation: 148; 0.7769665380734411; k: 2.0; 23,224,250,119,209,216,39,189,21,230,248,208,206,66,101,65,22,200,215,21,6,9,174,208,9,174,208,86,212
Best fitness found so far: 0.7769665380734411; k: 2.0
Generation: 149; 0.7769665380734411; k: 2.0; 234,148,250,119,185,216,39,119,215,230,248,208,156,66,101,108,225,194,60,12,171,7
Best fitness found so far: 0.7769665380734411; k: 2.0
Generation: 150; 0.7769665380734411; k: 2.0; 79,148,225,119,237,216,39,189,11,230,248,208,44,66,34,89,124,81,120,105,237,246,39,89,140,139,139,168,89,89,149,83,132,15,164,143,179,65,152,11,228,47,175,119,234,164,41,132,15,56,47,119,227,83,92,132,15,183,200,215,21,6,134,57
Best fitness found so far: 0.7769665380734411; k: 2.0
Generation: 151; 0.7769665380734411; k: 2.0; 18,98,250,170,237,216,39,189,21,230
Best fitness found so far: 0.7769665380734411; k: 2.0
Generation: 152; 0.7769665380734411; k: 2.0; 23,148,250,119,237,231,167,189,21,230,156,208,156,66,215,148,112,81,132,51,237,216,234,189,65,139,223,135,74,244,223,83,210,160,221,140,139,240,138,93,116,28,167,85,11,218,153,188,11,16,11,44,182,241,93,72,27,157,247,217,60,42,94,205,60,99,103,66,208,119,44,83,155,132,15,75,211,242,189,92,133,228,47,238,222,68,164,156,66,144,30,112,81,132,119,143,216,69,203,249,139,208,95,89,73,149,83,165,160,110,140,183,179,188,67,35,181,175,157,1,15,143,171,7
Best fitness found so far: 0.7769665380734411; k: 2.0
Generation: 153; 0.7769665380734411; k: 2.0; 23,148,250,119,141,216,39,189,21,230,248,208,12,66,101,30,46,81,132,119,237,216,39,99,65,222,204,95,89,59,196,135,11,172,47,110,119,203,83,41,104,15,157,9,145,47,6,110,245,92,11,103,47,25,119,115,140,247,211,213,189,6,139,57,39,189,242,230,145,84,6,134,57,85,57,189,21,205,85,30,23,81,103,47,25,119,234,83,116,119,15,77,237,138,93,116,250,119,120,216,39,119,21,230,248,208,156,66,101,108,112,229,132,119,237,216,59,189,65,139,76,95,89,244,149,83,134,160,10,140,60,13,230,248,208,156,99,18,53,205,85,183,194,149,65,11,21,11,21,185,50,89,157,69,126,151
Best fitness found so far: 0.7769665380734411; k: 2.0
Generation: 154; 0.7769665380734411; k: 2.0; 23,218,250,119,185,216,39,189,21,230,248,208,27,189,143,245,166,143,171,250,119,237,111,39,189,15,230,248,208,206,66,101,30,62,65,22,200,195,21,6,9,174,208,9,174,208,44,212
Best fitness found so far: 0.7769665380734411; k: 2.0
Generation: 155; 0.7769665380734411; k: 2.0; 18,148,250,119,237,216,15,189,21,230,24,208,206,66,101,179,53,8,228,104,238,119,87,164,41,132,15,47,153,211,138,72,116,132,197,247,156,66,101,200,112,81,227,128,230,198,208,156,174,24,30,192,148,247,200,119,237,59,49,189,21,230
Best fitness found so far: 0.7769665380734411; k: 2.0
Generation: 156; 0.7769665380734411; k: 2.0; 23,164,250,119,237,216,249,189,11,230,248,208,56,66,101,194,112,58,204,243,237,216,39,189,65,114,143,237,189,92,133,228,47,238,119,68,164,243,66,144,30,112,81,132,119,143,216,24,100,249,139,139,95,89,153,149,83,195,160,221,140,183,179,188,83,35,207,175,157,1,75,21,143,99,239
Best fitness found so far: 0.7769665380734411; k: 2.0
Generation: 157; 0.7769665380734411; k: 2.0; 23,148,250,119,237,216,39,189,21,230,248,208,206,66,101,30,53,65,132,119,237,216,39,189,176,230,248,208,101,123,112,65,132,119,237,216,39,189,21,208,248,208,63,66,93,205,92,11,80,47,25,65,234,83,116,132,216,39,137,57,10,119,237,216,59
Best fitness found so far: 0.7769665380734411; k: 2.0
Generation: 158; 0.7769665380734411; k: 2.0; 79,148,30,119,237,216,39,189,11,230,248,208,156,42,101,30,112,81,56,37,237,216,39,189,119,237,207,39,189,11,230,248,208,156,66,101,30,112,81,204,119,237,216,39,3,65,139,35,95,89,244,149,83,165,160,11,140,60,170,216,38,189,44,230,248,208,156,66,238,57,52,185,225,162,188,11,184,192,187,157,249,100,137,6,249
Best fitness found so far: 0.7769665380734411; k: 2.0
Generation: 159; 0.7769665380734411; k: 2.0; 18,148,250,119,237,216,15,189,21,230,248,38,206,66,101,30,94,65,132,119,237,198,39,189,21,230,248,195,63,66,94,25,119,234,88,41,50,15,47,78,195,78,83,116,100,15,183,9,130,244,86,212,134,142,50,82,21,143,179,234,92,106,228,47,25,119,39,189,182,230,248,208,134,154,101,30,112,218,22,219,161,21,6,9,152,250,86,212
Best fitness found so far: 0.7769665380734411; k: 2.0
Generation: 160; 0.7769665380734411; k: 2.0; 34,148,250,119,185,76,39,189,21,230,248,208,242,66,101,108,112,81,188,119,237,216,59,189,55,139,151,160,89,34,216,39,140,21,230,248,208,206,66,101,123,112,65,132,119,203,216,39,189,21,208,248,208,63,66,93,205,92,11,80,208,242,66,101,98,112,95,188,119,237,113,59,189,55,139,151,201,89,11,216,39,189,21,230,51,208,206,66,101,123,112,119,33,119,237,216,39,189,21,208,248,208,63,66,93,205,92,11,80,47,25,65,214,83,116,132,216,39,137,57,10,119,237,216,138
Best fitness found so far: 0.7769665380734411; k: 2.0
Generation: 161; 0.7769665380734411; k: 2.0; 23,148,250,119,141,216,39,189,21,230,248,208,156,66,101,146,46,81,132,119,237,216,39,99,243,222,204,95,89,59,196,92,11,42,247,55,119,203,83,105,132,15,157,9,145,47,6,110,245,92,152,103,47,25,119,115,140,247,211,213,189,6,139,57,39,189,21,230,145,156,66,101,176,112,78,204,237,111,39,189,197,63,60
Best fitness found so far: 0.7769665380734411; k: 2.0
Generation: 162; 0.7769665380734411; k: 2.0; 23,148,250,119,237,216,39,189,21,230,248,208,206,66,101,30,112,65,132,83,237,164,70,250,119,237,189,39,189,15,230,248,208,206,66,4,49,208,156,66,85,57,52,196,218,179,188,107,35,181,187,19,32,75,21,143,99,192
Best fitness found so far: 0.7769665380734411; k: 2.0
Generation: 163; 0.7769665380734411; k: 2.0; 23,148,250,119,237,216,39,189,11,230,248,208,156,49,101,41,233,81,204,119,78,119,234,83,116,100,122,183,9,109,244,86,212,134,142,50,82,21,13,179,234,148,11,228,47,25,119,234,83,12,132,15,47,25,37,234,83,116,132,15,183,171,33,208,230,212
Best fitness found so far: 0.7769665380734411; k: 2.0
Generation: 164; 0.7769665380734411; k: 2.0; 23,148,250,119,185,216,39,119,21,230,248,208,156,66,101,108,112,229,132,119,179,216,59,189,65,139,139,95,89,244,149,83,165,160,11,140,60,13,230,248,208,156,216,18,53,205,85,183,194,149,65,11,230,248,123,156,99,30,40,211,132,119,237,216,39,99,65,222,37,95,89,59,196,234,11,42,47,243,119,203,83,41,132,15,48,195,145,47,6,110,245,92,92,103,217,25,119,104,140,167,211,213,189,111,139,57,66,189,21,230,145,110,6,69,57,85,57,189,21,205,85,47,23,81,103,47,25,119,234,83,159,186,15,77,237,138,93,116,53,19,85,19,218,149,188,11,184
Best fitness found so far: 0.7769665380734411; k: 2.0
Generation: 165; 0.7769665380734411; k: 2.0; 1,70,250,119,237,111,39,189,15,230,248,208,206,66,25,49,208,156,66,85,57,52,88,148,250,119,39,216,199,189,113,230,162,69,156,66,185,30,112,128,204,119,214,216,39,189,65,139,139,95,89,244,149,83,165,160,11,140,60,170,121,7,75,44,230,248,183,248,33,80,86,212
Best fitness found so far: 0.7769665380734411; k: 2.0
Generation: 166; 0.7769665380734411; k: 2.0; 18,148,250,119,237,216,223,189,21,230,248,208,206,66,149,30,250,65,132,119,237,216,39,189,21,230,248,196,171,155,36,92,117,33,157,249,152,137,196,134,248,208,206,66,149,30,250,65,132,119,237,216,39,189,21,230,248,196,171,155,36
Best fitness found so far: 0.7769665380734411; k: 2.0
Generation: 167; 0.7769665380734411; k: 2.0; 43,98,250,119,237,216,39,189,21,230,248,208,43,66,135,107,99,21,135,248,127,171,135,221,213,208,63,66,91,25,119,234,20,41,93,15,47,78,207,234,83,116,214,15,183,126,130,208,35,41,134,142,50,82,21,28,179,110,83,116,132,15,183,9,146,208,86,212,134,142,50,8,22,143,179,109,92,11,77,206,25,119,234,83,41,132,15,47,129,119,234,83,15,132,15,208,156,66,238,57,52,185,225,162,1,11,184,192,187,157,121,100,137,6,249
Best fitness found so far: 0.7769665380734411; k: 2.0
Generation: 168; 0.7769665380734411; k: 2.0; 38,148,250,194,237,216,223,189,57,230,248,208,206,60,149,30,109,65,132,119,237,216,39,189,21,230,230,208,171,155,36,92,210,39,189,15,176,248,208,206,66,131,30,112,65,22,170,215,21,6,55,140,91,13,230,248,123,156,99,18,107,60
Best fitness found so far: 0.7769665380734411; k: 2.0
Generation: 169; 0.7769665380734411; k: 2.0; 23,148,250,119,141,216,39,189,21,230,248,208,92,66,101,30,139,139,95,89,33,98,157,60,120,151
Best fitness found so far: 0.7769665380734411; k: 2.0
Generation: 170; 0.7769665380734411; k: 2.0; 23,148,250,119,141,216,217,189,21,230,248,103,156,66,17,221,177,81,132,43,237,45,39,99,65,222,122,25,5,244,149,197,11,42,250,194,226,234,83,41,132,73,207,89,145,189,40,110,119,216,39,200,21,230,248,208,156,66,144,30,112,97,132,211,181,216,99,189,65,139,139,95,14,33,100,157,60,120,151
Best fitness found so far: 0.7769665380734411; k: 2.0
Generation: 171; 0.7769665380734411; k: 2.0; 23,148,250,119,221,216,121,189,21,230,248,208,119,237,216,133,202,21,230,248,208,63,66,85,205,92,11,103,47,25,212,234,83,116,132,216,39,189,241,10
Best fitness found so far: 0.7769665380734411; k: 2.0
Generation: 172; 0.7769665380734411; k: 2.0; 23,148,250,119,237,216,39,189,21,230,248,208,206,245,80,30,112,65,132,237,237,216,39,189,21,230,248,97,63,66,85,205,92,130,69,126,151,250,119,237,216,39,189,21,230,248,208,206,245,80,30,112,65,132,237,237,216,39,189,21,230,248,97,63,66,85,205,92
Best fitness found so far: 0.7769665380734411; k: 2.0
Generation: 173; 0.7769665380734411; k: 2.0; 193,42,250,119,237,111,39,189,15,230,248,208,206,66,101,49,208,156,66,85,57,52,196,237,216,15,189,21,230,152,208,206,66,101,30,155,65,186,119,237,216,39,87,21,230,247,83,143,99,192
Best fitness found so far: 0.7769665380734411; k: 2.0
Generation: 174; 0.7769665380734411; k: 2.0; 23,148,250,119,185,216,39,189,21,230,248,208,156,66,47,108,112,81,132,11,44,182,21,93,33,27,157,247,217,60,207,245,182,177,11,103,47,208,119,44,83,155,132,15,11,143,179,189,92,133,228,47,180,119,234,164,41,187,106,47,153,211,138,72,101,30,99,53,250,119,237,216,39,189,128,230,248,208,63,66,75,25,119,234,88,41,93,15,47,169,119,234,83,116,214,15,183,9,130,208,35,212,134,142,50,82,21,143,179,234,92,156,228,47,77,119,234,49,41,132,15,47,25,119,234,83,116,132,15,183,248,33,208,86,212
Best fitness found so far: 0.7769665380734411; k: 2.0
Generation: 175; 0.7769665380734411; k: 2.0; 23,148,250,119,185,216,39,189,21,230,248,208,156,66,101,108,112,81,132,119,237,216,59,217,214,156,66,130,30,13,185,218,149,188,208,35,192,187,157,249,230,248,208,156,66,4,49,50,147,92,85,57,52,196,218,237,138,93,116,204,197,85,19,218,149,188,11,65,129,18,36,21,93,33,27,157,247,217,60,207,214,205,237,11,103,112,208,119,44,83,155,132,15,126,143,179,54,92,133,228,47,238,1,234,164,41,132,15,79,153,211,155,217,116,132,90,247,21,143,99,192
Best fitness found so far: 0.7769665380734411; k: 2.0
Generation: 176; 0.7769665380734411; k: 2.0; 23,148,5,119,237,216,39,189,21,230,46,208,41,132,157,25,153,211,138,72,116,132,189,248,208,63,66,105,25,237,216,39,189,11,230,248,61,156,66,101,30,112,81,120,233,118,216,39,168,65,139,189,168,89,89,213,83,132,15,189,143,179,168,92,132,119,237,102,151
Best fitness found so far: 0.7769665380734411; k: 2.0
Generation: 177; 0.7769665380734411; k: 2.0; 18,148,250,17,237,216,15,189,21,230,24,208,206,66,101,30,53,8,228,104,238,119,101,234,112,65,22,54,215,47,13,9,174,208,86,212
Best fitness found so far: 0.7769665380734411; k: 2.0
Generation: 178; 0.7769665380734411; k: 2.0; 18,98,250,119,237,216,39,189,21,210,248,208,206,66,50,30,208,21,135,248,208,171,155,221,92,117,63,215,39,119,110,140,248,193,246,66,101,198,140,229,132,119,237,81,59,80,65,163,139,95,89,244,149,83,165,160,11,140,60,13,230,248,208,156,99,18,53,205,85,183,194,149,18,107,60
Best fitness found so far: 0.7769665380734411; k: 2.0
Generation: 179; 0.7769665380734411; k: 2.0; 18,148,250,119,237,61,223,189,177,230,248,208,206,112,81,204,119,237,216,39,189,65,139,139,95,89,244,149,237,165,160,11,140,60,170,208,7,189,162,230,248,183,248,33,80,86,212
Best fitness found so far: 0.7769665380734411; k: 2.0
Generation: 180; 0.7769665380734411; k: 2.0; 23,70,250,119,237,111,39,189,15,230,248,208,206,66,101,30,65,65,92,247,125,178,55,119,234,83,41,244,73,157,89,145,189,6,135,245,92,168,103,47,25,101,115,140,242,211,178,62,6,139,57,39,74,9,230,39,189,65,81,139,95,57,10
Best fitness found so far: 0.7769665380734411; k: 2.0
Generation: 181; 0.7769665380734411; k: 2.0; 23,148,250,119,185,216,39,189,21,230,248,208,85,66,101,108,112,30,132,119,237,216,59,189,65,139,83,95,89,244,149,83,165,160,11,140,60,13,88,248,208,156,99,208,156,66,101,108,112,81,132,119,237,216,59,189,65,139,139,95,89,11,184,30,132,119,237,216,59,189,65
Best fitness found so far: 0.7769665380734411; k: 2.0
Generation: 182; 0.7769665380734411; k: 2.0; 23,142,250,119,237,216,39,189,11,230,248,208,156,66,101,60,13,230,248,208,156,99,18,53,205,85,183,194,149,65,11,21,11,21,185,193,89,157,69,126,151
Best fitness found so far: 0.7769665380734411; k: 2.0
Generation: 183; 0.7769665380734411; k: 2.0; 23,70,250,119,237,111,21,189,21,230,248,208,206,66,101,30,112,239,22,200,215,21,6,175,57
Best fitness found so far: 0.7769665380734411; k: 2.0
Generation: 184; 0.7769665380734411; k: 2.0; 23,148,250,119,237,231,39,189,21,230,156,208,139,66,215,148,112,81,132,51,237,216,234,189,65,139,223,135,74,244,149,83,210,160,221,140,146,240,138,93,116,53,167,85,19,218,153,188,11,16,11,112,81,158,79,230,198,208,156,174,24,30,192,148,148,250,210,237,211,53,89,21,203,19,218,153,188,11,16,11,112,81,158,79,230,198,208,156,174,24
Best fitness found so far: 0.7769665380734411; k: 2.0
Generation: 185; 0.7769665380734411; k: 2.0; 23,218,250,119,237,111,39,189,85,230,248,208,206,148,250,119,185,216,39,34,21,230,248,208,156,66,101,200,112,81,102,79,195,198,208,156,174,24,30,192,106,187,119,237,115,100,228,45,238,105,199,172,19,20,136
Best fitness found so far: 0.7769665380734411; k: 2.0
Generation: 186; 0.7769665380734411; k: 2.0; 193,70,250,119,237,111,39,189,15,230,248,208,206,66,101,19,159,156,66,85,113,52,196,218,179,5,11,35,181,39,157,32,152,21,198,243
Best fitness found so far: 0.7769665380734411; k: 2.0
Generation: 187; 0.7769665380734411; k: 2.0; 193,70,250,119,237,111,39,189,15,230,248,208,206,66,101,49,208,156,161,148,125,119,65,216,39,189,11,230,248,208,156,66,101,30,112,81,204,237,111,39,189,182,230,248,208,134,66,101,30,112,65,22,175,215,21,222,25,152,42,86,212
Best fitness found so far: 0.7769665380734411; k: 2.0
Generation: 188; 0.7769665380734411; k: 2.0; 23,148,250,119,237,216,39,189,11,230,248,208,156,66,97,30,112,81,190,119,237,148,250,119,185,216,39,34,21,230,47,208,156,66,180,200,112,81,132,79,230,198,208,156,174,24,30,192,54,187,140,237,216,100,228,45,238,105,199,172,19,20,136
Best fitness found so far: 0.7769665380734411; k: 2.0
Generation: 189; 0.7769665380734411; k: 2.0; 23,70,250,119,237,111,39,189,15,230,248,208,41,100,101,30,152,65,30,192,148,148,41,230,237,211,53,189,21,230
Best fitness found so far: 0.7769665380734411; k: 2.0
Generation: 190; 0.7769665380734411; k: 2.0; 23,70,250,119,237,111,39,189,21,230,248,208,206,66,101,30,112,176,22,216,64,189,65,139,139,95,89,244,149,83,57,160,11,140,60,13,230,248,134,156,99,150,140,205,85,183,194,149,41,171,15,47,25,119,234,83,76,46,15,183,248,33,26,99,212
Best fitness found so far: 0.7769665380734411; k: 2.0
Generation: 191; 0.7769665380734411; k: 2.0; 193,70,135,119,237,111,39,189,15,230,248,208,206,123,101,49,208,171,66,85,57,52,196,218,179,188,108,35,181,187,157,32,152,21,198,185,162,39,130,94,230,248,208,156,237,216,39,189,21,230,248,208,41,132,157,25,207,211,138,72,116,132,189,247,83,143,99,192
Best fitness found so far: 0.7769665380734411; k: 2.0
Generation: 192; 0.7769665380734411; k: 2.0; 18,34,250,119,237,216,15,189,21,230,248,208,206,66,101,30,94,65,132,119,237,216,85,189,178,230,248,208,63,66,75,25,119,234,88,228,89,216,10,189,65,139,139,95,89,92,149,205,165,33,226,140,23,13,230,248,208,156,99,170,40,214,63,66,75,25,119,234,88,228,89,216,10
Best fitness found so far: 0.7769665380734411; k: 2.0
Generation: 193; 0.7769665380734411; k: 2.0; 203,148,250,65,185,216,39,119,21,230,248,208,156,66,101,108,39,229,204,92,210,183,89,147,110,167,151
Best fitness found so far: 0.7769665380734411; k: 2.0
Generation: 194; 0.7769665380734411; k: 2.0; 23,148,250,119,141,216,113,189,21,230,248,208,156,88,101,30,177,230,132,119,237,239,39,99,65,222,138,95,5,244,149,238,11,42,47,224,127,234,63,41,85,73,207,89,220,189,40,110,245,92,11,100,47,25,167,115,60,200,16,66,101,30,112,65,22,200,215,21,6,134,57
Best fitness found so far: 0.7769665380734411; k: 2.0
Generation: 195; 0.7769665380734411; k: 2.0; 18,98,250,119,237,216,39,189,21,210,232,208,206,190,50,30,99,21,135,248,208,250,155,221,92,117,33,215,39,119,110,140,248,189,208,66,101,108,140,229,132,119,237,81,59,201,65,207,139,95,89,244,149,146,165,160,11,183,60,13,230,248,208,156,99,18,53,205,125,183,194,149,65,11,21,11,76,185,33,167,157,69,126,181
Best fitness found so far: 0.7769665380734411; k: 2.0
Generation: 196; 0.7769665380734411; k: 2.0; 23,148,250,119,185,216,39,189,59,230,248,208,156,66,200,117,64,215,194,166,143,171,7
Best fitness found so far: 0.7769665380734411; k: 2.0
Generation: 197; 0.7769665380734411; k: 2.0; 23,148,250,119,185,216,39,189,21,230,248,208,156,66,101,108,112,81,132,119,237,134,142,32,82,21,143,179,234,92,11,228,47,25,119,234,83,41,132,27,47,25,119,234,83,116,132,15,183,248,33,208,86,212
Best fitness found so far: 0.7769665380734411; k: 2.0
Generation: 198; 0.7769665380734411; k: 2.0; 23,76,5,119,109,216,39,189,21,230,46,208,41,132,157,179,153,211,138,72,116,132,189,248,249,88,11,230,248,208,156,66,101,194,112,81,204,119,237,216,39,189,65,139,139,95,57,10
Best fitness found so far: 0.7769665380734411; k: 2.0
Generation: 199; 0.7769665380734411; k: 2.0; 9,70,250,119,237,111,39,189,15,230,64,208,156,66,4,115,50,156,66,85,57,52,196,218,237,138,93,116,204,197,85,19,218,149,188,136,65,11,18,182,21,119,65,216,192,189,11,230,248,208,156,66,101,30,112,81,204,237,111,39,189,182,230,248,87,134,66,101,30,112,65,22,149,215,112,6,9,152,208,86,212
Best fitness found so far: 0.7769665380734411; k: 2.0
Total time of execution of seed 3 : 1822183
Solution Fitness: -0.7769665380734411
Variables: random 4 chebyshev split moveNear join moveBetween
