Generation: 0; 0.0; k: 0.0; 89,98,64,5,155,185
Best fitness found so far: 0.0; k: 0.0
Generation: 1; 0.07763909661140822; k: 9.0; 62,57,167,192,101,189,119,177,89,224,1,206,143,155,189
Best fitness found so far: 0.07763909661140822; k: 9.0
Generation: 2; 0.248064572314948; k: 2.0; 225,64,11,40,155,233,95,76,245,125,9,44,154,48,218
Best fitness found so far: 0.248064572314948; k: 2.0
Generation: 3; 0.248064572314948; k: 2.0; 225,64,11,40,155,233,95,76,245,125,9,44,154,48,150,120
Best fitness found so far: 0.248064572314948; k: 2.0
Generation: 4; 0.2384270666113691; k: 2.0; 225,64,11,40,155,233,95,76,245,125,9,44,154,105,89,224,1,206,143,155,189
Best fitness found so far: 0.248064572314948; k: 2.0
Generation: 5; 0.3190677757211395; k: 2.0; 18,242,77,144,99,18,227,74,231,61,233,5,249,91,12,200,49,250,84,32
Best fitness found so far: 0.3190677757211395; k: 2.0
Generation: 6; 0.37840002524772653; k: 2.0; 165,58,154,45,189,176,143,27,217,8,59,104
Best fitness found so far: 0.37840002524772653; k: 2.0
Generation: 7; 0.33063308118416834; k: 2.0; 18,242,77,144,99,18,227,74,231,61,233,5,49
Best fitness found so far: 0.37840002524772653; k: 2.0
Generation: 8; 0.3627230507932812; k: 2.0; 18,51,77,144,99,54,227,235,231,61,5,183,189,35,245,50,143,27,20
Best fitness found so far: 0.37840002524772653; k: 2.0
Generation: 9; 0.32586382143769305; k: 2.0; 2,173,249,218,137,51,77,144,99,18,32,235,231,209,5,227,101,14,237,185,231,214,233,132,249,91,12,200,49,250,84,32
Best fitness found so far: 0.37840002524772653; k: 2.0
Generation: 10; 0.3415191474280924; k: 2.0; 77,166,249,218,137,21,99,131,85,164,145,130,163,55,179
Best fitness found so far: 0.37840002524772653; k: 2.0
Generation: 11; 0.37840002524772653; k: 2.0; 165,58,154,45,189,176,143,27,217,8,59,104
Best fitness found so far: 0.37840002524772653; k: 2.0
Generation: 12; 0.34971066334171624; k: 2.0; 110,116,114,126,245,50,31,87,181,201,185,192,234
Best fitness found so far: 0.37840002524772653; k: 2.0
Generation: 13; 0.34252846378443486; k: 2.0; 110,116,114,126,245,50,23,87,181,201,117,189,85,177,89,224,32,55,35,191,10,119,231,89,108,203,90,241,5,227,5,227,203,32,227,5,245,203,32
Best fitness found so far: 0.37840002524772653; k: 2.0
Generation: 14; 0.415678212658542; k: 2.0; 62,32,55,35,101,10,159,231,167,108,203,84,241,5,227,5,54,203,32,212,245,175,9,44,154,14,192,57,126,113,244,212,190,68,95,219
Best fitness found so far: 0.415678212658542; k: 2.0
Generation: 15; 0.3549366542330325; k: 2.0; 121,159,230,131,19,126,145,130,163,55,167,29,244,238
Best fitness found so far: 0.415678212658542; k: 2.0
Generation: 16; 0.37840002524772653; k: 2.0; 165,58,154,45,189,176,143,27,217,8,59,104
Best fitness found so far: 0.415678212658542; k: 2.0
Generation: 17; 0.3692302978074043; k: 2.0; 62,32,171,35,101,10,119,231,89,108,203,84,241,5,245,125,106,44,66,187,89,224,28,206,209,176,21,160,178,211,244,238
Best fitness found so far: 0.415678212658542; k: 2.0
Generation: 18; 0.3758764245739793; k: 2.0; 197,118,245,192,57,126,23,4,249,245,137,51,77,144,250,165,212,245,177,29,199,167,94,8,13,234
Best fitness found so far: 0.415678212658542; k: 2.0
Generation: 19; 0.3549366542330325; k: 2.0; 243,21,230,131,19,126,85,130,163,55,167,29,131,145,247,3,76,245,51,9,212,54,57,126,212,244,2,95,14,237,185,231,58,233,132,45,245,50,31,87,181,201,185,192,104,245,50,31,87,181,201,185,192
Best fitness found so far: 0.415678212658542; k: 2.0
Generation: 20; 0.415678212658542; k: 2.0; 62,32,55,35,101,10,159,231,167,108,203,84,241,5,227,5,54,203,32,212,245,175,9,44,143,8,45,19,212,87,181,201,185,192,234
Best fitness found so far: 0.415678212658542; k: 2.0
Generation: 21; 0.3758764245739793; k: 2.0; 99,118,245,192,57,126,23,4,249,245,19,51,77,144,154,165,206,245,177,29,199,167,87,181,201,117,189,85,177,89,224,32,55,35,196,10,119,231,203,192,137,126,228,31,48,244,220,87,181
Best fitness found so far: 0.415678212658542; k: 2.0
Generation: 22; 0.3692302978074043; k: 2.0; 27,238,171,35,101,10,119,231,89,108,203,84,151,5,245,125,106,44,74,165,32,57,35,130,10,119,231,119,143,186,20,119,231,89,108,203,84,151,5,245,125,106,44,74,165,32,57,35,130,10,119,231,119,143,186,20
Best fitness found so far: 0.415678212658542; k: 2.0
Generation: 23; 0.415678212658542; k: 2.0; 62,32,55,35,101,10,159,231,167,108,203,84,88,5,227,5,54,203,32,212,179,109,27,217,97,59,84,59,5,202,5,227,203,32,227,5,227,130,216
Best fitness found so far: 0.415678212658542; k: 2.0
Generation: 24; 0.3758764245739793; k: 2.0; 197,118,245,192,57,126,23,4,249,245,19,51,77,144,250,165,206,245,177,29,199,167,50,233,95,76,245,80,9,44,154,105,89,224,1,206,143,155,88,29,16,206,209,176,21,160,53,171,170,32
Best fitness found so far: 0.415678212658542; k: 2.0
Generation: 25; 0.415678212658542; k: 2.0; 62,32,55,35,101,10,159,231,167,108,203,84,88,5,227,5,54,203,32,212,179,109,27,217,97,9,159,154,105,89,224,1,206,143,155,88,29,16,206,209,176,21,160,35,171,170,32
Best fitness found so far: 0.415678212658542; k: 2.0
Generation: 26; 0.415678212658542; k: 2.0; 62,32,55,35,101,10,159,231,167,108,203,84,241,5,227,5,54,203,32,212,245,175,9,44,154,14,192,57,126,113,244,212,190,68,95,204
Best fitness found so far: 0.415678212658542; k: 2.0
Generation: 27; 0.415678212658542; k: 2.0; 62,32,55,35,101,10,159,231,167,108,203,84,88,5,227,5,54,203,32,212,179,237,27,217,177,9,159,154,105,89,224,1,206,143,155,88,29,16,206,209,176,21,233,163,249,1,96,143,87,88,20,77,163,23,231,33,45,247,73,128,100,43,126,105,185,209,176,21,160,85,162,124,192,70,230,131,19
Best fitness found so far: 0.415678212658542; k: 2.0
Generation: 28; 0.415678212658542; k: 2.0; 62,32,55,35,101,10,159,231,167,108,203,84,88,5,227,5,54,118,245,27,57,126,23,4,249,245,137,51,77,144,160,246,212,123,177,29,199,192,94,8,13,234
Best fitness found so far: 0.415678212658542; k: 2.0
Generation: 29; 0.415678212658542; k: 2.0; 62,32,55,35,171,10,159,231,167,108,203,84,88,5,17,5,54,203,238,212,179,109,27,217,97,9,159,154,175,89,224,1,206,143,155,88,29,16,206,209,176,119,231,80,108,203,84,39,5,245,125,106,44,66,187,89,224,28,238,11,212,245,177,29,17,45,189,176,143,230,217,8,59,104
Best fitness found so far: 0.415678212658542; k: 2.0
Generation: 30; 0.415678212658542; k: 2.0; 62,32,55,35,101,10,159,231,167,108,203,84,88,5,227,57,201,112,4,249,245,19,51,77,144,154,165,206,245,123,29,199,5,227,156,54,203,32,212,245,175,9,44,143,102,151,19,212,87,181,201,185,192,234
Best fitness found so far: 0.415678212658542; k: 2.0
Generation: 31; 0.415678212658542; k: 2.0; 62,32,55,35,101,10,159,231,167,108,203,84,88,5,227,5,54,203,32,119,179,109,86,234,97,9,159,154,105,89,224,96,206,143,155,28,29,16,206,216
Best fitness found so far: 0.415678212658542; k: 2.0
Generation: 32; 0.415678212658542; k: 2.0; 62,32,55,35,101,10,163,231,167,108,203,84,88,5,227,5,54,203,32,212,179,109,27,217,97,59,192,16,95,76,201,217,8,59,104
Best fitness found so far: 0.415678212658542; k: 2.0
Generation: 33; 0.415678212658542; k: 2.0; 62,120,55,35,101,10,159,231,167,108,203,84,130,5,31,87,181,85,156,234
Best fitness found so far: 0.415678212658542; k: 2.0
Generation: 34; 0.415678212658542; k: 2.0; 62,32,55,35,101,10,159,231,167,108,203,84,88,5,227,57,201,112,4,249,245,114,51,77,144,154,165,206,245,123,29,199,5,227,156,54,203,32,212,245,175,9,44,143,102,151,19,187,191,181,145,118,70,87,57,126,23,20,200,245,125,211,119,192,203,208,87,18,217,210,163,23,181,8,18,234,47,242,114,126,20,69,31,87,181,201,236,192,18,166,50,247,87,142,8,156,234
Best fitness found so far: 0.415678212658542; k: 2.0
Generation: 35; 0.415678212658542; k: 2.0; 62,32,55,59,101,10,159,231,217,108,135,84,241,5,227,5,20,203,32,212,245,175,208,44,154,14,187,117,13,5,227,201,1,64,245,125,113,244,4,38,216,249,245,19,51,241,144,127,165,130,245,123,29,199,5,227,138,54,60,32,212,174,84,9,44,143,102,151,19,217,234,36,201,181,201,117,85,7,100,89,224,32,55,105,196,217,119,181,201,185,192,104,245,238,64,87,181,58,154,45,189,176,143,27,145,152,59,104
Best fitness found so far: 0.415678212658542; k: 2.0
Generation: 36; 0.415678212658542; k: 2.0; 62,32,55,35,101,10,159,231,167,108,203,84,88,5,227,5,54,223,32,119,179,109,86,234,11,9,159,154,105,89,224,96,206,143,155,33,2,31,209,199,118,185,192,95,245,50,31,15,181,8,230,39,62,85,177,250,224,88,55,159,97,237,234,212,188,68,95,204
Best fitness found so far: 0.415678212658542; k: 2.0
Generation: 37; 0.415678212658542; k: 2.0; 62,32,55,35,101,10,159,231,167,108,203,84,83,5,227,5,54,203,32,212,179,109,27,217,65,126,77,163,23,98,33,45,248,102,208,234,43,88,105,185,209,176,193,177,109,154,45,189,25,143,27,217,8,59,104
Best fitness found so far: 0.415678212658542; k: 2.0
Generation: 38; 0.415678212658542; k: 2.0; 62,18,55,35,101,10,159,231,167,108,203,84,88,5,227,39,201,162,21,249,245,19,220,77,144,154,165,202,245,123,29,199,5,227,156,54,203,32,212,174,84,9,44,143,102,151,19,217,111,181,201,181,201,117,85,7,177,89,224,32,55,13,196,217,119,181,201,185,192,104,5,238,124,87,181,99,92,17,164,145,218,163,55,179,51,77,192,154,165,206,245,177,23,4,249,110,14,51,173,59,104
Best fitness found so far: 0.415678212658542; k: 2.0
Generation: 39; 0.415678212658542; k: 2.0; 62,54,55,35,119,10,159,231,167,108,43,84,88,5,108,203,32,212,245,159,9,44,87,181,201,29,143,27,217,52
Best fitness found so far: 0.415678212658542; k: 2.0
Generation: 40; 0.415678212658542; k: 2.0; 62,32,55,35,171,10,159,111,167,108,203,184,88,5,17,5,54,203,238,212,179,109,27,217,97,120,159,235,175,55,224,1,206,143,155,88,29,16,206,209,119,10,159,231,167,108,43,84,88,5,17,43,54,229,57,4,151,245,219,248,203,144,41,40,115,4,77,144,250,165,160,245,177,69,154,45,189,222,143,27,217,8,59,104
Best fitness found so far: 0.415678212658542; k: 2.0
Generation: 41; 0.415678212658542; k: 2.0; 56,32,55,35,101,10,159,231,143,108,203,84,88,5,69,88,5,227,57,201,112,21,249,245,19,218,77,144,154,165,130,52,192,29,199,5,227,156,54,119,32,212,38,51,9,44,143,102,151,19,212,87,181,201,181,201,117,85,7,177,89,224,32,55,239,196,217,119,181,201,185,192,104,245,178,124,28,181,99,92,212,179,109,77,217,97,241,10,59,106,202,5,134,203,32,227,77,227,130,131
Best fitness found so far: 0.415678212658542; k: 2.0
Generation: 42; 0.415678212658542; k: 2.0; 62,32,55,35,101,10,159,231,167,108,203,84,88,150,227,5,54,203,83,119,179,109,111,234,97,9,84,88,5,227,54,203,32,220,179,109,27,217,217,9,159,154,94,89,224,1,206,116,86,88,106,136,206,209,176,21,160,35,171,170,32
Best fitness found so far: 0.415678212658542; k: 2.0
Generation: 43; 0.415678212658542; k: 2.0; 144,32,55,35,101,10,159,231,167,108,203,84,198,5,227,5,54,71,32,212,245,32,171,205,101,10,119,231,89,108,149,84,241,164,245,183,106,44,66,5,89,224,28,206,67,95,14,237,185,231,58,233,132,89,91,244,51,61,229,103,114,192,243,126,23,4,249,245,19,51,77,59,250,35,177,14,154,45,189,176,143,27,24,8,59,104
Best fitness found so far: 0.415678212658542; k: 2.0
Generation: 44; 0.415678212658542; k: 2.0; 144,32,55,35,101,10,159,231,167,108,203,84,241,5,227,5,54,198,32,212,245,32,171,35,101,10,119,231,89,108,203,84,241,164,218,125,106,44,66,187,89,224,28,206,67,95,14,119,77,231,58,233,132,89,91,244,51,8,229,103,114,126,194,95,31,209,199,179,109,77,228,97,73,10,59,217,202,5,94,130,32,227,77,227,129,216,5,54,52,87,204,98,9,155,193,226,51,17,227,206,240,72,88,245,245,202,245,192,57,111,117,4,55,24,49,51,210,144,231,33,212,245,241,39,154
Best fitness found so far: 0.415678212658542; k: 2.0
Generation: 45; 0.415678212658542; k: 2.0; 91,32,55,35,51,10,5,231,167,108,203,84,164,5,227,5,54,52,87,204,54,9,155,193,105,89,224,227,206,143,72,7,245,245,177,245,192,57,126,23,4,55,245,172,51,77,96,231,80,212,245,207,39,154,182,203,130,212,179,109,27,217,97,59,192,16,95,76,201,217,8,17,136
Best fitness found so far: 0.415678212658542; k: 2.0
Generation: 46; 0.415678212658542; k: 2.0; 144,32,55,35,101,10,159,231,167,108,203,84,241,5,227,5,54,203,32,212,245,32,171,35,101,10,119,231,89,108,203,84,241,164,245,119,106,44,66,187,89,224,28,58,67,80,14,237,185,231,58,233,132,89,91,244,51,79,229,13,114,126,33,13,31,57,199,118,185,192,166,245,10,31,190,108,8,230,39,116,85,177,250,224,88,55,159,176,237,234,225,124,233,118,249,91,12,84,117,113,244,135,248,68,244,219
Best fitness found so far: 0.415678212658542; k: 2.0
Generation: 47; 0.415678212658542; k: 2.0; 62,54,55,35,17,10,159,231,167,108,203,84,88,5,34,43,54,193,32,4,152,115,219,248,203,144,41,165,34,4,77,72,250,165,160,245,188,69,192,205,94,107,173,77,144,231,227,131,245,179,29,68,45,52,87,173,125,9,155,154,85,89,209,95,206,177,131,88,224,1,206,112,155,88,45,16,206,186,173,60,84,88,5,102,245,192,57,201,23,228,249,198,19,51,37,184,154,165,206,245,177,86,199,5,227,45,3,203,32,212,245,175,9,160,143,102,45,186,90,87,181,44,219,14,63,57,126,8,59,104
Best fitness found so far: 0.415678212658542; k: 2.0
Generation: 48; 0.415678212658542; k: 2.0; 62,32,55,35,101,10,159,231,167,108,203,234,88,5,227,131,54,224,198,203,84,74,5,235,116,75,177,250,224,88,55,159,33,237,219,225,124,183,118,163,91,12,84,117,195,223,87,190,68,244,219
Best fitness found so far: 0.415678212658542; k: 2.0
Generation: 49; 0.415678212658542; k: 2.0; 61,162,55,35,101,10,159,231,167,218,203,84,18,5,227,141,10,178,231,167,108,203,84,88,5,23,57,158,45,4,249,245,19,51,77,144,154,165,206,245,123,29,199,5,38,156,54,203,32,212,245,175,9,44,16,102,151,19,212,87,181,201,118,70,87,57,126,23,20,200,231,125,211,222,179,16,102,151,19,212,87,181,201,118,70,87,57,126,23,20
Best fitness found so far: 0.415678212658542; k: 2.0
Generation: 50; 0.415678212658542; k: 2.0; 62,32,55,35,101,100,159,231,167,108,203,84,151,5,227,5,54,203,32,197,179,72,62,32,121,35,101,10,159,107,167,108,203,84,88,5,229,5,54,203,32,86,179,109,27,217,97,9,10,154,105,89,224,1,181,143,155,88,29,126,109,27,217,97,9,159,154,99,89,224,1,46,143,155,88,29,16,42,209,176,102,231,80,108,125,84,39,5,245,125,106,44,189,187,89,200,28,178,160,212,245,88,29,121,45,205,176,157,230,217,229,59,104
Best fitness found so far: 0.415678212658542; k: 2.0
Generation: 51; 0.415678212658542; k: 2.0; 130,32,55,35,101,10,229,231,167,108,203,84,88,5,119,134,109,86,234,212,9,159,154,86,89,224,96,206,203,155,28,212,87,102,201,185,192,234
Best fitness found so far: 0.415678212658542; k: 2.0
Generation: 52; 0.415678212658542; k: 2.0; 62,32,55,35,101,10,159,231,167,108,203,84,88,5,55,133,201,112,21,249,231,19,51,77,144,154,165,130,245,123,29,199,5,227,156,54,82,32,212,207,84,9,44,5,102,151,19,217,234,181,201,181,201,117,85,7,177,107,224,32,55,35,196,217,119,181,169,185,192,104,245,238,124,87,181,99,92,17,164,73,218,163,55,179,4,54,187,32,212,179,109,27,69,97,9,159,59,94,139,224,1,206,143,86,88,29,16,206,209,176,21,139,103,171,170,116,85,177,250,224,232,55,159,176,237,234,225,35,233,118,249,38,30,84,117,113,244,87,190,68,244,219
Best fitness found so far: 0.415678212658542; k: 2.0
Generation: 53; 0.415678212658542; k: 2.0; 62,54,55,35,119,10,159,231,167,108,43,84,88,5,149,43,54,229,57,4,151,245,219,248,203,144,41,40,115,4,77,144,93,165,160,224,1,206,143,155,88,29,16,206,209,178,19,16,77,164,250,165,206,245,177,104,67,130,137,233,130,76,245,214,59,39,59,5,126,113,244,212,190,199,95,62
Best fitness found so far: 0.415678212658542; k: 2.0
Generation: 54; 0.415678212658542; k: 2.0; 62,54,55,35,17,10,159,231,167,108,203,84,88,5,34,43,54,218,32,4,152,245,219,248,203,144,41,165,34,4,77,144,250,165,160,245,188,69,192,205,94,107,195,77,25,231,227,131,245,49,29,136,45,52,87,173,125,9,155,154,85,89,209,95,206,177,131,88,224,5,206,112,155,7,45,16,206,186,173,60,84,88,5,102,245,192,57,77,23,4,249,235,19,51,77,108,203,84,88,5,227,160,160,203,32,212,179,115,12,217,177,9,159,154,105,175,224,1,206,143,155,6,29,16,206,209,176,21,245,163,249,1,96,126,87,84,88,5,227,5,54,177,32,158,218,109,86,103,182,9,159,154,105,180,224,96,206,141,155,24,123,16,206,165,222,197,160,35,171,170,245,133,31,87,181,99,131,85,83,42,222,144,231,49,137,245,83,109,84,45,26,136,10,27,12,247,59,104
Best fitness found so far: 0.415678212658542; k: 2.0
Generation: 55; 0.415678212658542; k: 2.0; 62,166,55,35,101,10,163,231,247,108,203,84,88,5,24,91,54,127,32,212,179,109,27,217,97,59,192,203,77,28,29,16,156,216
Best fitness found so far: 0.415678212658542; k: 2.0
Generation: 56; 0.415678212658542; k: 2.0; 62,32,55,35,101,10,159,231,167,108,203,84,88,5,227,5,54,52,87,173,125,9,155,154,105,158,224,95,206,143,216,88,170,245,177,29,14,45,189,176,193,27,217,8,59,104
Best fitness found so far: 0.415678212658542; k: 2.0
Generation: 57; 0.415678212658542; k: 2.0; 102,54,55,221,101,10,159,231,167,108,153,84,88,40,67,43,84,241,5,227,5,54,235,32,57,245,132,9,55,35,101,116,159,231,167,108,203,84,88,5,227,69,54,118,245,27,57,126,23,4,249,245,137,51,169,248,160,246,50,123,177,29,201,192,94,8,13,234
Best fitness found so far: 0.415678212658542; k: 2.0
Generation: 58; 0.415678212658542; k: 2.0; 104,32,55,35,101,10,141,231,167,108,77,84,102,5,227,5,194,203,32,212,245,143,155,170,29,16,206,161,74,21,233,163,249,184,96,143,87,88,20,100,163,23,98,33,45,248,102,208,100,43,88,105,185,209,176,193,78,199,192,94,106,13,234
Best fitness found so far: 0.415678212658542; k: 2.0
Generation: 59; 0.415678212658542; k: 2.0; 23,32,55,227,101,10,159,231,167,108,33,84,88,5,227,5,54,204,32,119,179,111,86,234,97,9,159,154,105,89,175,9,44,154,14,192,57,177,110,220,45,79,48,163,41,245,175,9,44,143,102,45,19,212,87,181,96,185,192,234
Best fitness found so far: 0.415678212658542; k: 2.0
Generation: 60; 0.415678212658542; k: 2.0; 62,32,55,35,101,10,159,231,167,108,203,84,88,5,227,5,115,203,32,212,179,109,27,217,97,9,159,154,105,89,224,1,206,143,155,88,29,16,109,27,217,97,9,159,154,99,103,224,1,206,143,155,12,29,16,42,209,176,102,231,80,108,142,84,39,5,245,125,226,42,66,187,89,200,48,178,160,212,245,88,29,158,45,250,176,157,230,217,88,5,227,5,59,203,32,212,179,237,107,217,177,104,159,154,221,89,70,1,66,143,155,88,29,16,128,58,176,21,233,163,249,1,96,143,87,88,20,77,163,84,98,88,45,225,102,208,100,43,205,105,63,209,176,193,177,109,154,45,189,176,140,11,217,187,59,104,231,167,108,203,84,88,5,227,5,115,203,32,212,179,109,27,217,97,9,159,154,105,89,224,1,206,143,155,88,29,16,109,27,217,97,9,159,154,99,103,224,1,206,143,155,12,29,16,42,209,176,102,231,80,108,142,84,39,5,245,125,226,42,66,187,89,200,48,178,160,212,245,88,29,158,45,250,176,157,230,217,88,5,227,5,59,203,32,212,179,237,107,217,177,104,159,154,221,89,70,1,66,143,155,88,29,16,128,58,176,21,233
Best fitness found so far: 0.415678212658542; k: 2.0
Generation: 61; 0.415678212658542; k: 2.0; 62,54,55,35,101,10,159,231,167,108,203,84,88,5,108,43,54,229,218,4,88,5,17,5,195,203,238,212,179,109,27,217,97,9,159,154,175,89,224,1,206,143,155,88,29,16,206,209,176,119,231,80,108,203,76,39,108,245,125,106,44,66,187,89,224,28,238,11,212,245,177,29,17,45,189,176,143,230,217,8,59,104
Best fitness found so far: 0.415678212658542; k: 2.0
Generation: 62; 0.415678212658542; k: 2.0; 62,32,55,35,101,10,159,231,167,108,221,84,241,5,227,198,80,193,44,154,105,115,224,181,206,143,74,88,250,210,56,171,122,109,72,178,70,128,227,107,70,227,5,54,203,213,89
Best fitness found so far: 0.415678212658542; k: 2.0
Generation: 63; 0.415678212658542; k: 2.0; 56,32,55,35,101,10,159,231,143,108,203,84,88,5,227,5,54,203,32,212,179,141,27,217,177,15,159,154,105,89,70,235,206,143,155,88,250,66,206,161,176,21,233,163,249,1,96,143,42,88,20,77,163,23,98,131,45,248,102,208,100,43,88,105,185,126,176,193,177,109,154,45,189,176,143,27,72,165,115,4,153,144,250,84,172,245,65,69,192,205,94,107,173,77,104
Best fitness found so far: 0.415678212658542; k: 2.0
Generation: 64; 0.415678212658542; k: 2.0; 16,32,55,35,101,10,197,231,167,108,219,84,241,5,153,5,54,203,32,212,245,183,37,152,101,10,122,231,161,108,203,84,241,164,154,125,82,176,66,187,89,232,28,206,67,95,14,237,185,40,58,233,132,89,91,244,51,8,229,13,114,126,33,13,31,209,199,118,185,192,166,245,50,31,190,181,8,230,39,116,85,177,250,224,88,55,33,176,192,234,225,205,233,118,249,91,20,84,117,116,244,132,89,91,244,51,108,41,103,114,126,33,13,31,209,199,118,185,192,50,245,147,31,190,181,8,230,165,116,85,177,137,233,154,76,245,214,59,185,59,5,126,113,244,212,190,51,95,219
Best fitness found so far: 0.415678212658542; k: 2.0
Generation: 65; 0.415678212658542; k: 2.0; 126,54,55,35,101,10,159,231,167,108,153,84,88,40,108,43,84,241,5,227,240,54,203,182,57,245,175,54,203,32,212,179,115,222,217,10,227,159,239,105,116,224,1,113,143,155,6,29,16,28,209,176,21,233,163,249,1,96,126,87,84,88,5,227,5,54,203,32,119,179,109,86,234,182,9,159,154,105,74,224,96,206,141,155,28,123,16,206,165,86,197,160,35,171,211,245,133,31,87,181,99,131,85,83,42,77,144,231,67,242,245,177,44,218,233,189,136,10,27,12,247,59,104,115,222,217,10,227,159,239,105,116,224,1,113,143,155,6,29,16,28,209,176,21,233,163,249,1,96,126,87,84,88,5,227,5,54,203,32,119,179,109,86,234,182,9,159,154,105,74,224,96,206,141,155,28,123,16,206,165,86,197,160,35,171
Best fitness found so far: 0.415678212658542; k: 2.0
Generation: 66; 0.415678212658542; k: 2.0; 62,32,55,35,101,10,159,231,167,108,203,84,241,5,227,80,54,203,32,212,18,235,178,44,154,14,192,57,177,109,154,45,79,48,51,41,245,175,9,44,143,102,45,19,212,87,181,2,185,192,234
Best fitness found so far: 0.415678212658542; k: 2.0
Generation: 67; 0.415678212658542; k: 2.0; 62,54,55,35,101,10,159,231,167,108,203,84,88,5,108,43,54,229,218,4,151,245,219,248,203,211,41,165,115,93,21,144,250,84,172,245,18,69,192,205,94,107,173,77,144,231,227,131,55,35,113,178,159,231,167,108,203,84,2,5,108,236,54,229,32,115,151,245,219,248,203,231,167,108,164,84,209,5,227,5,54,203,32,11,179,109,227,217,97,9,159,154,105,89,103,1,206,112,155,88,45,243,206,209,176,21,84,88,5,227,57,49,112,4,155,245,212,87,181,201,185,34,234
Best fitness found so far: 0.415678212658542; k: 2.0
Generation: 68; 0.415678212658542; k: 2.0; 62,32,55,35,101,10,159,231,167,108,203,84,88,5,55,62,201,112,21,249,231,19,51,77,144,154,165,130,245,123,29,199,5,227,156,54,82,32,212,174,84,9,44,5,102,151,19,217,234,181,201,181,201,117,59,7,177,89,224,32,55,35,196,217,215,22,10,84,198,167,201,203,170,88,36,227,5,131,37,87,216,208,77,155,240,27,89,224,227,206,143,48,88,58,154,45,189,176,143,27,217,8,95,104,32,55,35,101,10,159,231,167,108,203,84,88,5,55,62,201,112,21,249,231,19,51,77,144,154,165,130,245,123,29,199,5,227,156,54,82,32,212,174,84,9,44,5,102,151,19,217,234,181,201,181,201,117,59,7,177,89,224,32,55,35,196,217,215,22,10,84
Best fitness found so far: 0.415678212658542; k: 2.0
Generation: 69; 0.415678212658542; k: 2.0; 91,32,55,35,101,10,159,231,167,108,203,84,88,5,227,5,54,52,87,204,54,9,155,193,105,89,224,227,138,143,72,88,245,245,177,245,192,57,126,23,109,55,245,220,51,77,144,231,80,212,245,241,39,154,182,205,130,212,179,109,35,101,10,159,231,167,108,203,84,241,5,227,5,54,135,32,236,245,175,208,44,154,14,192,57,13,5,227,203,1,227,132,2,130,85
Best fitness found so far: 0.415678212658542; k: 2.0
Generation: 70; 0.415678212658542; k: 2.0; 56,32,55,35,101,10,159,231,143,108,203,84,88,5,227,5,55,31,14,118,101,10,159,198,167,108,203,84,88,5,227,5,54,52,44,204,143,229,155,193,105,28,224,227,206,199,48,88,245,245,88,245,192,57,126,54,76,55,245,22,51,77,144,231,80,212,245,241,39,154,182,25,130,239,97,231,167,108,104,86,241,5,227,5,54,203,32,212,245,175,9,44,154,14,192,57,246,113,244,212,190,57,126,23,4,27,245,49,173,77,144,231,227,212,245,179,29,136,45,182,87,10,159,231,167,47,203,84,241,5,227,5,54,203,160,212,245,221,240,54,162,10,119,89,89,90,203,84,241,164,64,125,239,44,66,151,89,224,28,206,67,95,14,237,185,231,58,233,188,202,91,187,51,8,229,103,114,126,33,13,192,57,126,23,4,249,245,19,51,77,144,154,165,206,30,177,29,250,167,100,181,161,142,10,119,231,119,143,186,20
Best fitness found so far: 0.415678212658542; k: 2.0
Generation: 71; 0.415678212658542; k: 2.0; 194,54,55,35,17,10,159,231,167,108,203,84,88,5,34,43,54,229,113,4,152,245,219,248,203,144,41,97,34,4,77,144,88,165,160,245,188,69,192,205,94,107,173,77,144,231,227,131,245,179,29,136,45,52,87,235,125,9,155,154,85,89,209,95,206,177,66,88,224,25,206,112,155,88,45,16,206,186,121,60,84,88,5,102,245,192,57,201,23,4,203,84,88,5,227,5,54,52,87,173,125,9,155,154,105,89,224,95,206,143,216,88,245,245,177,29,154,45,189,176,143,96,159,8,228,114
Best fitness found so far: 0.415678212658542; k: 2.0
Generation: 72; 0.415678212658542; k: 2.0; 62,32,55,35,101,10,159,231,167,108,203,84,241,5,227,198,80,193,44,154,105,38,224,181,35,16,128,58,176,21,233,163,249,1,96,143,87,88,20,77,163,23,98,88,144,248,102,208,100,43,205,81,185,209,176,135,177,109,154,45,189,176,140,27,217,8,59,104
Best fitness found so far: 0.415678212658542; k: 2.0
Generation: 73; 0.415678212658542; k: 2.0; 62,32,55,35,101,10,159,231,167,3,203,84,88,5,119,179,109,86,234,212,9,159,154,10,89,224,69,54,118,245,27,57,126,23,4,231,245,228,51,77,248,205,246,212,123,177,29,199,192,94,8,100,234
Best fitness found so far: 0.415678212658542; k: 2.0
Generation: 74; 0.415678212658542; k: 2.0; 61,32,55,35,101,10,159,231,167,108,203,34,88,5,227,98,54,52,87,204,54,9,155,193,108,89,139,227,206,143,72,88,245,245,177,245,192,76,126,23,46,55,245,49,51,77,144,231,80,188,245,241,39,154,182,181,130,90,179,109,77,217,97,241,5,10,5,54,203,32,212,245,32,171,35,101,10,119,231,89,108,203,84,241,164,245,125,41,44,66,187,89,224,28,206,67,95,14,237,185,231,58,233,132,89,53,244,51,8,229,240,114,126,105,13,31,190,199,118,185,192,166,245,50,31,190,181,208,230,39,116,85,177,250,224,88,55,159,176,237,234,225,124,233,118,249,91,12,84,117,113,244,87,190,68,244,206,187,89,224,28,206,67,95,14,237,185,231,58,233,132,89,53,244,51,8,229,240,114,126,105,13,31,190,199,118,185,192,166,245,50,31,190,181,208,230,39,116,85,177,250,224,88,55,159,176,237,234,225,124,233,118,249,91,12,84,117,113,244
Best fitness found so far: 0.415678212658542; k: 2.0
Generation: 75; 0.415678212658542; k: 2.0; 62,32,55,35,23,10,159,231,167,108,203,84,241,5,227,5,54,203,32,212,245,175,9,44,154,14,192,57,126,113,244,212,190,68,10,159,231,167,198,203,84,88,5,235,116,85,177,250,224,88,55,159,33,237,40,225,124,233,118,163,176,12,84,117,231,223,87,190,68,244,219
Best fitness found so far: 0.415678212658542; k: 2.0
Generation: 76; 0.415678212658542; k: 2.0; 102,54,55,74,101,10,159,231,167,108,153,84,88,40,108,43,84,241,5,227,5,54,83,32,57,245,132,101,44,143,8,116,19,212,87,181,201,217,52,146,104,5,101,203,32,212,245,159,114,44,87,57,199,183,143,27,217,127
Best fitness found so far: 0.415678212658542; k: 2.0
Generation: 77; 0.415678212658542; k: 2.0; 62,54,55,35,101,10,159,231,167,108,203,84,88,5,227,5,203,84,18,5,185,32,54,126,143,124,187,159,9,44,219,14,63,57,126,8,59,175
Best fitness found so far: 0.415678212658542; k: 2.0
Generation: 78; 0.415678212658542; k: 2.0; 62,32,55,35,171,10,159,231,167,108,95,84,88,5,17,5,5,54,31,55,35,101,10,159,198,167,108,203,84,88,36,227,5,131,37,87,216,208,229,155,240,27,89,90,227,206,143,48,88,58,154,45,189,176,143,27,217,8,95,104
Best fitness found so far: 0.415678212658542; k: 2.0
Generation: 79; 0.415678212658542; k: 2.0; 62,32,55,35,101,10,159,231,167,108,203,84,241,5,227,5,54,203,32,212,226,175,9,44,143,214,45,19,212,87,181,151,85,7,100,89,224,32,55,105,249,217,119,181,211,185,192,104,245,238,64,87,181,58,154,45,239,176,143,27,145,152,222,104
Best fitness found so far: 0.415678212658542; k: 2.0
Generation: 80; 0.415678212658542; k: 2.0; 62,32,55,35,101,10,159,231,167,108,203,84,241,5,227,5,54,203,32,212,245,175,208,44,154,231,192,57,18,5,227,245,43,208,87,181,28,206,209,20,249,245,125,222,244,193,59,104
Best fitness found so far: 0.415678212658542; k: 2.0
Generation: 81; 0.415678212658542; k: 2.0; 62,32,55,35,101,10,159,231,167,108,203,84,212,5,227,57,201,112,21,249,245,138,238,77,144,154,165,130,245,123,29,199,233,227,156,54,203,32,212,245,175,9,44,143,102,151,123,212,87,181,201,181,201,117,85,7,177,89,224,32,55,35,196,217,119,166,201,185,192,156,42,238,124,87,181,99,92,17,164,145,218,32,55,35,101,10,159,231,167,241,203,84,88,5,227,5,54,203,32,119,179,109,86,234,97,9,159,154,105,89,224,96,206,143,155,28,29,16,206,216
Best fitness found so far: 0.415678212658542; k: 2.0
Generation: 82; 0.415678212658542; k: 2.0; 62,32,55,224,101,10,159,231,167,108,203,84,88,95,227,5,54,203,32,212,179,109,227,217,97,9,159,154,105,89,224,1,206,112,155,88,45,16,206,209,176,21,84,88,56,227,210,49,215,4,249,245,19,34,222,88,154,48,206,245,123,29,199,5,227,156,54,203,66,212,245,175,218,55,143,115,151,19,212,92,231,167,108,153,84,88,5,119,179,109,86,234,93,9,159,154,105,89,224,96,206,203,244,28,29,16,206,216
Best fitness found so far: 0.415678212658542; k: 2.0
Generation: 83; 0.415678212658542; k: 2.0; 56,32,55,35,179,10,159,231,143,108,203,84,88,5,227,5,44,15,14,192,57,126,113,244,212,190,68,95,204
Best fitness found so far: 0.415678212658542; k: 2.0
Generation: 84; 0.415678212658542; k: 2.0; 151,32,55,35,101,10,159,231,167,108,203,84,88,5,227,5,54,238,32,119,179,109,86,234,97,9,159,154,105,89,122,96,206,57,53,112,4,228,245,212,87,227,201,185,34,234
Best fitness found so far: 0.415678212658542; k: 2.0
Generation: 85; 0.415678212658542; k: 2.0; 62,32,55,35,101,10,159,231,167,108,203,84,88,5,227,57,201,112,4,249,245,19,51,77,144,154,165,206,245,123,54,199,5,227,156,54,203,32,212,25,175,9,44,178,196,40,15,118,204,222,179,62,32
Best fitness found so far: 0.415678212658542; k: 2.0
Generation: 86; 0.415678212658542; k: 2.0; 62,32,55,35,101,10,159,231,167,248,203,84,88,5,235,213,85,177,250,224,84,55,159,246,237,219,225,124,233,118,163,19,29,51,23,229,103,114,43,48,13,31,4,199,87,106,192,166,245,50,31,190,181,8,188,39,116,85,177,250,224,88,92,213,176,237,234,225,188,233,64,249,91,12,84,117,113,207,87,190,68,244,219
Best fitness found so far: 0.415678212658542; k: 2.0
Generation: 87; 0.415678212658542; k: 2.0; 62,32,55,35,101,10,159,231,167,108,203,84,88,5,227,5,214,203,32,212,31,22,244,220,78,175,9,44,143,8,45,77,212,87,181,201,164,9,234,227,5,54,93,32,212,31,22,244,220,78,143,155,88,160,16,206,209,176,119,169,80,187,90,84,229,5,245,125,106,44,66,187,189,224,28,58,11,212,150,80,74,8,59,104
Best fitness found so far: 0.415678212658542; k: 2.0
Generation: 88; 0.415678212658542; k: 2.0; 62,32,55,35,101,10,159,231,167,108,203,84,241,5,227,5,54,203,201,212,245,175,208,44,154,14,192,32,55,35,101,10,159,231,143,108,183,84,88,5,227,5,103,213,55,35,101,10,159,198,167,108,203,42,88,36,227,5,131,37,87,78,208,229,155,240,27,89,92,183,206,143,109,86,234,182,9,159,196,54,89,224,96,206,182,51,28,123,16,206,165,86,197,160,35,171,170,245,133,31,87,181,99,131,85,95,159,77,144,231,67,242,245,177,109,84,45,189,240,10,27,85,247,59,104
Best fitness found so far: 0.415678212658542; k: 2.0
Generation: 89; 0.415678212658542; k: 2.0; 62,32,55,35,201,10,159,231,167,108,219,84,88,5,1,57,201,112,4,249,245,19,51,77,144,154,165,206,91,123,29,199,238,212,179,109,27,68,184,120,159,235,175,89,224,244,206,143,155,88,29,16,206,209,176,119,231,80,187,90,84,229,5,245,125,106,44,66,187,189,224,28,238,142,45,150,177,74,8,138,104
Best fitness found so far: 0.415678212658542; k: 2.0
Generation: 90; 0.415678212658542; k: 2.0; 62,32,55,35,101,10,159,231,167,108,203,84,88,5,227,5,54,52,18,173,125,9,155,154,105,89,224,95,206,143,16,88,245,245,84,207,192,227,5,96,118,245,27,57,126,23,4,249,245,173,77,8,59,104
Best fitness found so far: 0.415678212658542; k: 2.0
Generation: 91; 0.415678212658542; k: 2.0; 62,58,55,224,101,10,159,231,167,108,203,84,88,5,237,5,54,203,32,212,179,109,227,217,97,9,159,154,105,89,224,1,206,101,10,159,231,167,108,203,84,88,5,227,5,54,229,213,4,249,22,45,176,203,91,225,165,206,4,177,29,199,167,56,181,201,117,40,59,177,89,76,32,55,35,133,217,119,181,201,195,192,40,245,84,208,87,181,99,131,85,42,145,130,45,55,141,51,151,43,154,165,105,245,51,9,248,105,57,201,55,189,4,177,89,224,32,55,35,196,10,119,231,203,143,87,18,217,210,163,15,181,8,18,234,47,242,114,126,20,69,31,184,181,201,236,192,94,166,50,31,87,142,209,156,234
Best fitness found so far: 0.415678212658542; k: 2.0
Generation: 92; 0.415678212658542; k: 2.0; 62,32,55,35,101,10,159,231,167,108,203,84,88,5,227,5,54,203,32,212,118,109,27,217,97,9,159,154,105,217,224,1,206,143,155,88,29,16,109,154,105,237,224,96,206,143,155,117,29,159,231,167,108,203,84,88,5,32,172,35,101,10,159,81,167,108,203,84,88,5,227,250,54,158,245,27,57,126,197,4,249,245,137,51,8,59,104,167,108,203,84,88,5,227,5,54,203,32,212,118,109,27,217,97,9,159,154,105,217,224,1,206,143,155,88,29,16,109,154,105,237,224,96,206,143,155,117,29,159,231,167,108,203,84,88,5,32,172,35,101,10,159,81
Best fitness found so far: 0.415678212658542; k: 2.0
Generation: 93; 0.415678212658542; k: 2.0; 56,32,55,35,101,10,159,231,143,108,203,84,88,5,227,5,54,203,32,212,179,237,27,217,177,9,159,154,119,171,70,1,206,143,155,88,29,16,206,161,176,21,233,163,249,1,96,143,87,88,20,65,163,157,98,33,45,248,102,208,100,43,88,105,185,209,176,193,177,109,154,45,189,176,143,27,217,8,141,47
Best fitness found so far: 0.415678212658542; k: 2.0
Generation: 94; 0.415678212658542; k: 2.0; 62,174,55,35,101,10,159,231,167,108,203,84,88,5,227,5,54,212,245,175,7,44,143,102,151,19,212,87,181,201,185,108,209
Best fitness found so far: 0.415678212658542; k: 2.0
Generation: 95; 0.415678212658542; k: 2.0; 56,32,55,35,101,10,159,231,143,108,203,84,88,5,227,54,54,31,14,35,101,10,159,198,167,108,203,84,88,83,51,222,88,154,165,206,245,123,245,199,5,227,156,54,203,32,212,245,175,182,55,143,102,151,19,212,87,181,201,185,192,234
Best fitness found so far: 0.415678212658542; k: 2.0
Generation: 96; 0.415678212658542; k: 2.0; 62,32,55,35,101,10,159,231,167,108,203,84,241,5,227,198,80,193,44,154,105,115,224,4,206,143,74,88,163,210,163,171,122,109,72,178,5,20,203,32,212,245,175,241,44,54,14,187,203,13,53,227,201,1,64,245,125,3,244,4,38,216,249,20,19,51,241,144,127,165,130,245,123,29,199,5,227,138,54,60,39,212,174,84,9,44,143,102,151,19,217,234,36,201,89,201,229,205,7,100,89,224,32,55,105,196,217,119,181,201,185,192,104,245,238,64,26,85,58,154,45,189,212,143,27,32,152,59,104
Best fitness found so far: 0.415678212658542; k: 2.0
Generation: 97; 0.415678212658542; k: 2.0; 62,32,55,149,101,10,159,231,167,108,203,84,241,5,227,5,216,203,33,126,43,244,221,247,173,93,232,82,128,173,139,62,217,113,205,185,112,14,237,185,21,35,233,141,249,233,78,70,138,222,9,147,222,77,94,175,9,144,99,243,245,125,106,201,173,76,27,90,28,206,209,20,249,245,125,113,244,4,87,53,240,29,192
Best fitness found so far: 0.415678212658542; k: 2.0
Generation: 98; 0.415678212658542; k: 2.0; 160,32,55,35,101,10,159,231,167,108,203,84,241,5,227,5,54,203,32,212,245,175,231,167,108,134,84,88,5,227,5,5,54,52,87,204,59,9,155,193,226,89,224,227,206,125,72,88,245,245,177,245,192,57,111,117,4,55,24,49,51,210,144,147,33,212,245,241,39,154,182,203,130,212,179,109,77,228,162,73,10,59,217,202,5,162,130,32,227,77,227,130,216,5,54,52,87,204,98,124,155,193,226,89,224,227,206,143,72,88,245,245,177,245,192,57,111,117,4,55,24,49,51,210,144,231,33,212,245,241,39,154
Best fitness found so far: 0.415678212658542; k: 2.0
Generation: 99; 0.415678212658542; k: 2.0; 62,32,55,35,101,10,159,231,167,108,97,84,241,5,90,198,80,40,44,154,105,38,126,181,18,143,218,88,250,210,163,23,11,244,72,178,70,128,227,107,231,80,193,243,245,62,106,178,100,76,27,90,28,206,209,20,249,245,125,113,244,4,87,181,201,29,192
Best fitness found so far: 0.415678212658542; k: 2.0
Generation: 100; 0.415678212658542; k: 2.0; 62,32,55,35,123,10,159,231,167,108,203,84,241,5,227,5,54,63,169,212,151,175,9,44,154,14,192,57,126,113,244,212,190,68,95,204
Best fitness found so far: 0.415678212658542; k: 2.0
Generation: 101; 0.415678212658542; k: 2.0; 62,162,55,35,101,10,159,231,167,218,199,84,18,5,227,5,54,203,167,108,203,84,88,5,227,5,54,203,32,119,179,109,86,234,152,9,159,154,105,89,224,96,206,47,155,234,29,16,206,216
Best fitness found so far: 0.415678212658542; k: 2.0
Generation: 102; 0.415678212658542; k: 2.0; 184,32,55,35,101,10,159,231,167,108,203,84,88,5,227,5,54,52,87,173,125,9,155,154,105,89,224,95,206,143,216,88,245,245,177,29,154,45,189,176,143,96,15,8,228,114
Best fitness found so far: 0.415678212658542; k: 2.0
Generation: 103; 0.415678212658542; k: 2.0; 62,32,55,35,101,10,159,231,167,108,203,84,88,5,227,5,5,54,52,87,204,54,9,155,193,105,89,224,227,206,143,72,88,245,245,177,245,192,57,126,118,4,57,24,49,51,210,144,231,237,224,96,206,143,155,161,2,31,209,199,118,185,192,166,245,50,31,23,181,8,230,189,62,85,177,250,224,88,55,159,176,237,61,225,124,233,118,249,65,12,84,80,113,244,87,197,148,244,219
Best fitness found so far: 0.415678212658542; k: 2.0
Generation: 104; 0.415678212658542; k: 2.0; 62,162,55,35,101,10,159,231,167,218,203,84,18,5,227,5,54,203,32,212,245,159,9,44,206,245,34,29,199,5,227,156,54,203,32,67,245,175,9,44,143,102,151,19,212,20,6,201,185,192,234
Best fitness found so far: 0.415678212658542; k: 2.0
Generation: 105; 0.415678212658542; k: 2.0; 62,32,55,35,205,10,159,231,145,108,203,84,169,5,248,203,46,32,165,115,4,153,144,250,165,160,245,177,69,192,205,94,107,173,77,144,231,227,131,59,104
Best fitness found so far: 0.415678212658542; k: 2.0
Generation: 106; 0.415678212658542; k: 2.0; 185,54,55,35,105,10,159,231,167,108,203,84,88,5,227,5,54,229,32,4,249,15,219,176,203,144,154,165,206,4,177,29,48,12,87,181,201,117,40,59,177,89,82,61,55,35,196,217,119,204,201,195,111,40,245,84,208,87,181,99,131,85,72,145,130,163,224,179,51,151,43,154,165,105,245,51,9,173,5,227,5,54,203,32,212,245,175,131,44,154,14,192,57,126,113,244,212,190,4,95,204
Best fitness found so far: 0.415678212658542; k: 2.0
Generation: 107; 0.415678212658542; k: 2.0; 42,32,55,80,101,10,159,231,167,108,139,84,88,5,227,5,54,204,32,119,179,109,86,101,97,9,159,154,105,89,224,96,206,143,155,28,29,159,231,167,108,203,84,88,5,17,232,54,203,238,212,120,109,27,141,97,9,159,154,175,89,224,95,206,218,216,56,227,245,177,29,154,45,189,134,143,230,156,181,59,61
Best fitness found so far: 0.415678212658542; k: 2.0
Generation: 108; 0.415678212658542; k: 2.0; 144,134,55,35,27,10,159,231,167,108,203,84,241,5,227,5,54,203,152,212,245,32,171,35,101,10,119,231,89,108,203,84,241,164,245,125,106,44,66,187,89,224,28,206,175,95,14,237,185,231,58,233,132,89,91,114,51,8,229,116,114,126,33,13,31,209,199,118,185,192,166,245,50,31,190,48,88,58,75,45,189,176,143,27,217,8,95,104
Best fitness found so far: 0.415678212658542; k: 2.0
Generation: 109; 0.415678212658542; k: 2.0; 62,32,55,35,171,10,159,111,167,108,203,84,88,5,17,5,54,203,238,212,179,109,214,217,97,120,159,235,175,136,224,1,206,143,155,88,29,16,206,209,176,119,231,80,187,90,84,169,193,167,108,203,36,88,5,247,5,54,8,32,143,249,245,219,176,203,144,154,165,206,4,177,29,199,167,87,10,201,117,40,129,177,49,82,32,55,35,196,217,119,181,201,195,192,40,106,105,208,87,181,99,131,85,72,145,199,163,55,179,51,151,43,88,165,105,153,112,9,173,54,57,245,138,116,32,95,14,239,249,231,58,233,132,249,154,96,143,87,88,29,210,163,23,88,8,129,47,47,92,114,126,20,217,31,87,237,99,203,192,104,166,50,162,87,181,15,156,234
Best fitness found so far: 0.415678212658542; k: 2.0
Generation: 110; 0.415678212658542; k: 2.0; 62,54,55,35,101,10,159,231,167,108,203,84,88,5,108,43,54,229,32,4,151,245,219,248,203,144,41,165,115,77,144,250,165,160,245,177,69,154,45,189,222,20
Best fitness found so far: 0.415678212658542; k: 2.0
Generation: 111; 0.415678212658542; k: 2.0; 62,32,55,35,171,10,159,231,167,108,203,84,158,5,61,5,54,193,238,212,137,109,27,217,186,9,159,154,54,203,32,212,245,175,9,44,154,14,192,57,126,113,244,95,190,71,95,219
Best fitness found so far: 0.415678212658542; k: 2.0
Generation: 112; 0.415678212658542; k: 2.0; 42,134,55,35,101,10,159,231,167,108,203,84,88,5,227,89,91,244,51,8,229,13,114,126,33,13,31,209,199,118,185,192,166,245,203,31,190,181,8,230,39,116,85,177,250,224,88,55,159,176,237,234,225,77,233,118,249,91,12,84,117,116,244,132,89,91,244,51,8,41,103,114,126,33,13,192,209,199,118,185,192,166,45,50,31,190,181,8,230,165,116,85,177,250,224,88,55,159,176,237,167,225,124,233,118,249,91,12,84,117,113,244,155,189,68,244,219
Best fitness found so far: 0.415678212658542; k: 2.0
Generation: 113; 0.415678212658542; k: 2.0; 42,32,55,227,101,10,159,231,167,108,203,84,88,5,227,5,54,204,32,119,179,109,86,234,97,9,159,154,105,89,224,96,206,143,155,28,29,159,175,208,44,154,131,192,57,18,5,227,245,84,208,87,181,28,206,209,20,249,197,125,222,244,193,87,181,201,29,192
Best fitness found so far: 0.415678212658542; k: 2.0
Generation: 114; 0.415678212658542; k: 2.0; 47,32,55,35,101,10,159,231,127,108,203,84,88,5,227,5,54,203,32,119,179,109,86,234,229,9,159,154,105,89,224,96,206,143,155,28,29,16,206,145,86,21,160,35,171,170,245,177,31,87,47,99,131,85,83,42,77,144,108,203,84,88,5,227,5,54,52,87,173,125,9,155,154,105,89,224,95,206,143,107,88,245,245,177,29,154,45,30,176,143,96,15,8,228,114
Best fitness found so far: 0.415678212658542; k: 2.0
Generation: 115; 0.415678212658542; k: 2.0; 62,32,55,35,171,10,159,111,167,108,203,84,88,5,17,5,54,203,238,212,179,109,27,217,187,120,159,235,175,89,224,1,206,143,155,88,29,16,206,209,176,119,231,80,134,90,203,231,88,36,227,5,224,37,87,78,208,229,155,240,27,89,92,183,206,143,109,86,234,182,9,159,154,105,89,224,175,84,141,101,28,123,16,206,165,177,197,227,189,171,170,245,133,29,87,181,99,131,85,83,159,56,144,231,67,242,245,177,109,84,45,189,136,171,27,57,247,59,104
Best fitness found so far: 0.415678212658542; k: 2.0
Generation: 116; 0.415678212658542; k: 2.0; 56,32,55,35,101,10,105,231,143,108,203,84,88,5,227,5,54,31,55,35,101,10,159,198,167,30,203,84,88,36,156,5,233,37,87,216,208,182,155,240,27,89,224,227,206,143,100,88,35,171,10,159,141,167,108,203,84,88,5,17,5,54,203,238,212,179,109,27,217,97,120,159,189,175,89,224,1,206,143,155,88,29,16,206,209,176,119,244,80,187,90,84,229,5,245,125,106,50,66,187,189,132,28,238,11,212,150,177,74,8,59,12
Best fitness found so far: 0.415678212658542; k: 2.0
Generation: 117; 0.415678212658542; k: 2.0; 62,32,55,35,101,10,159,231,167,108,203,84,88,5,227,5,62,52,87,173,125,9,155,154,105,89,29,95,206,143,216,88,245,245,177,29,154,191,249,245,19,51,77,59,59,104
Best fitness found so far: 0.415678212658542; k: 2.0
Generation: 118; 0.415678212658542; k: 2.0; 62,32,55,35,101,10,159,231,167,108,203,84,88,5,227,69,54,118,245,27,57,126,23,4,249,245,137,51,77,248,160,246,55,35,101,10,52,231,167,59,203,84,241,5,227,5,54,203,168,212,245,175,77,44,154,14,192,57,18,5,227,245,84,208,87,181,73,206,209,20,249,245,125,44,244,193,87,181,201,29,192
Best fitness found so far: 0.415678212658542; k: 2.0
Generation: 119; 0.415678212658542; k: 2.0; 62,32,55,35,101,10,159,231,167,108,203,84,88,5,227,5,54,203,32,212,179,109,27,217,97,79,5,227,244,249,203,84,212,245,159,9,44,87,104,201,118,143,27,217,52,146,104,5,54,203,32,212,245,159,114,2,168,134,199,118,143,27,217,145
Best fitness found so far: 0.415678212658542; k: 2.0
Generation: 120; 0.415678212658542; k: 2.0; 62,32,55,35,101,10,159,231,167,108,203,84,88,5,227,133,201,112,21,139,245,19,51,77,144,127,116,130,245,123,29,174,5,227,138,54,60,32,212,174,84,9,44,143,102,151,19,217,234,181,201,181,71,117,85,7,177,89,224,24,32,134,233,159,9,51,87,104,81,118,143,27,217,52,146,104,5,54,203,32,212,245,159,114,44,87,214,199,118,143,27,217,52
Best fitness found so far: 0.415678212658542; k: 2.0
Generation: 121; 0.415678212658542; k: 2.0; 62,120,55,35,101,10,159,231,167,108,203,249,130,5,31,55,35,101,10,159,231,148,108,203,84,88,5,227,5,54,229,213,4,249,22,45,176,203,205,225,165,206,4,177,29,199,167,56,181,201,78,40,59,177,89,159,231,167,108,203,84,163,244,60,5,64,203,32,212,148,115,153,44,104,14,105,57,35,113,244,238,190,104
Best fitness found so far: 0.415678212658542; k: 2.0
Generation: 122; 0.415678212658542; k: 2.0; 62,32,55,35,129,10,159,231,167,108,203,84,88,5,227,57,201,112,21,249,245,19,218,77,144,154,165,130,52,192,29,199,4,227,156,54,39,32,212,245,175,9,44,143,102,151,19,212,87,181,201,181,201,117,85,7,177,89,224,170,55,35,196,217,119,181,93,185,192,104,245,135,32,55,35,190,10,163,231,167,241,203,84,88,5,227,5,54,203,32,212,179,109,27,217,97,59,92,16,95,78,201,217,226,59,104
Best fitness found so far: 0.415678212658542; k: 2.0
Generation: 123; 0.415678212658542; k: 2.0; 62,32,55,35,101,10,159,231,167,108,203,84,187,5,227,5,54,203,32,197,179,72,27,217,177,9,159,154,105,89,224,1,31,9,155,62,32,55,35,101,10,159,34,167,108,203,84,4,59,227,5,54,203,32,212,179,109,27,217,97,9,159,154,20,89,224,1,206,143,155,163,29,16,206,209,176,21,160,35,171,231,32
Best fitness found so far: 0.415678212658542; k: 2.0
Generation: 124; 0.415678212658542; k: 2.0; 62,32,55,35,101,10,163,231,167,108,203,84,134,5,227,183,54,203,32,212,179,109,78,156,54,119,41,212,245,175,9,44,143,102,151,19,212,122,181,201,181,201,117,85,7,177,89,224,32,55,169,196,217,119,181,201,185,192,104,245,238,124,87,181,99,92,238,179,109,77,217,97,69,10,59,106,70,5,134,203,32,26,77,227,130,131
Best fitness found so far: 0.415678212658542; k: 2.0
Generation: 125; 0.415678212658542; k: 2.0; 90,120,55,35,101,10,159,231,167,108,203,84,130,5,227,9,165,54,33,126,43,244,221,247,173,113,232,82,128,173,139,62,217,113,205,185,112,14,237,185,21,146,3,141,249,233,78,70,209,222,9,155,222,77,245,175,9,144,99,243,245,125,106,178,100,76,27,90,28,206,209,20,44,245,29,199,167,87,10,201,117,95,129,177,49,82,32,55,35,196,217,119,181,201,195,229,40,245,105,212,149,181,99,131,181,72,145,199,163,55,179,51,151,43,154,165,105,153,51,9,173,54,57,232,138,81,21,95,14,23,249,231,58,233,132,249,22,96,143,87,88,29,210,163,23,46,8,53,234,47,92,114,126,20,217,31,87,237,201,236,81,104,166,50,162,87,103,8,156,234
Best fitness found so far: 0.415678212658542; k: 2.0
Generation: 126; 0.415678212658542; k: 2.0; 62,32,55,35,101,10,159,231,167,108,203,84,241,5,227,5,54,203,32,212,18,175,9,44,154,14,130,216
Best fitness found so far: 0.415678212658542; k: 2.0
Generation: 127; 0.415678212658542; k: 2.0; 62,32,55,35,101,10,159,206,167,108,203,64,174,5,203,84,187,5,227,133,201,112,21,249,245,19,51,77,144,154,165,217,245,123,29,199,5,227,156,54,203,233,212,174,84,9,44,143,102,151,74,217,234,181,201,181,201,117,85,7,96,89,224,32,55,35,196,217,119,181,201,185,192,104,6,238,124,87,181,99,92,17,164,145,218,163,55,179,51,77,192,154,165,206,245,177,23,4,249,245,137,51,8,59,104,7,96,89,224,32,55,35,196,217,119
Best fitness found so far: 0.415678212658542; k: 2.0
Generation: 128; 0.415678212658542; k: 2.0; 42,32,55,227,101,10,159,231,167,108,203,84,88,5,227,5,54,204,136,119,179,4,86,234,97,9,159,154,105,89,224,96,206,143,155,28,228,159,231,167,108,203,84,88,5,32,55,35,133,10,159,192,167,108,203,230,145,5,227,5,54,158,245,27,57,126,23,4,249,245,137,51,8,59,104
Best fitness found so far: 0.415678212658542; k: 2.0
Generation: 129; 0.415678212658542; k: 2.0; 21,32,55,224,101,10,159,231,167,108,207,84,88,5,227,5,169,203,32,212,179,109,227,6,97,9,159,154,105,156,108,203,84,241,5,227,65,80,193,62,32,250,35,101,10,159,34,167,108,203,84,241,5,227,41,54,203,32,212,198,175,136,162,154,14,192,10,229,5,244,39,1,64,245,125,113,187,4,38,147,242,160,85,143,243,81,15,118,26,78,182
Best fitness found so far: 0.415678212658542; k: 2.0
Generation: 130; 0.415678212658542; k: 2.0; 62,32,55,224,101,10,159,231,167,108,203,84,88,5,227,5,54,203,32,212,179,109,227,181,97,9,159,154,105,89,224,1,206,112,155,88,45,16,78,186,173,60,146,88,5,227,245,192,57,201,244,4,249,245,19,51,77,184,154,165,206,245,177,86,199,5,120,156,193,62,32,250,35,101,10,159,231,167,108,203,84,241,5,227,41,54,203,32,212,245,175,136,162,154,14,192,57,229,5,227,201,1,64,245,125,113,187,246,38,216,242,160,85,62,243,81,15,118,26,222,132
Best fitness found so far: 0.415678212658542; k: 2.0
Generation: 131; 0.415678212658542; k: 2.0; 62,54,55,35,101,10,159,231,167,108,203,84,88,5,108,43,54,229,32,4,151,245,219,248,203,144,41,165,115,244,77,144,250,15,160,245,177,69,192,205,94,107,173,192,144,249,227,131,245,179,29,136,45,52,38,173,125,9,9,154,85,89,224,95,206,177,131,88,245,245,177,29,154,152,189,127,143,96,176,209,176,119,231,80,108,203,84,39,5,245,125,106,44,66,187,89,224,180,174,11,212,245,177,29,17,45,14,176,143,230,217,8,59,104
Best fitness found so far: 0.415678212658542; k: 2.0
Generation: 132; 0.415678212658542; k: 2.0; 62,104,55,35,101,10,159,231,167,108,203,84,88,5,227,5,11,52,87,173,125,9,155,154,105,219,224,95,206,143,216,88,245,245,177,29,247,45,189,176,143,96,15,8,228,114
Best fitness found so far: 0.415678212658542; k: 2.0
Generation: 133; 0.415678212658542; k: 2.0; 62,32,55,35,173,10,159,231,137,108,203,84,241,5,82,165,105,153,51,9,173,54,57,232,138,161,32,95,14,23,118,231,58,233,132,249,66,96,143,87,88,29,210,163,23,46,8,53,234,47,92,114,126,20,217,31,87,92,201,236,222,104,166,9,162,87,181,166,156,234
Best fitness found so far: 0.415678212658542; k: 2.0
Generation: 134; 0.415678212658542; k: 2.0; 144,194,55,35,101,10,159,231,167,108,203,34,198,5,227,5,54,71,32,212,239,32,171,35,101,117,40,85,177,89,224,32,55,101,196,217,119,181,201,130,161,11,189,51,44,144,154,165,206,245,146,29
Best fitness found so far: 0.415678212658542; k: 2.0
Generation: 135; 0.415678212658542; k: 2.0; 62,54,55,35,101,10,159,231,167,108,203,84,182,5,108,5,54,229,32,4,151,15,144,41,165,115,4,177,69,154,230,189,222,20
Best fitness found so far: 0.415678212658542; k: 2.0
Generation: 136; 0.415678212658542; k: 2.0; 62,206,55,35,101,10,159,231,21,108,203,84,88,5,227,5,54,203,32,119,179,109,123,235,97,9,159,154,55,35,101,10,159,231,167,108,203,84,88,5,227,5,54,203,32,212,179,109,27,217,97,59,84,142,5,202,5,227,126,32,227,5,227,130,216
Best fitness found so far: 0.415678212658542; k: 2.0
Generation: 137; 0.415678212658542; k: 2.0; 218,54,55,35,101,10,159,231,167,108,203,84,88,5,108,5,4,229,32,4,151,245,219,176,203,144,41,209,115,4,97,29,199,167,87,181,201,41,40,59,177,207,63,32,55,35,196,217,249,137,126,228,31,91,244,179,78,175,9,44,143,8,45,77,212,87,181,201,185,220,234
Best fitness found so far: 0.415678212658542; k: 2.0
Generation: 138; 0.415678212658542; k: 2.0; 21,32,55,35,101,30,159,231,167,108,227,84,88,5,227,57,201,112,4,249,245,19,27,77,91,154,165,12,80,123,29,168,5,227,156,54,203,32,212,245,175,9,44,143,207,151,19,212,14,63,57,126,8,59,104,112,4,249,245,19,27,77,91,154,165,12,80,123,29,168,5,227,156,54,203,32,212,245,175
Best fitness found so far: 0.415678212658542; k: 2.0
Generation: 139; 0.415678212658542; k: 2.0; 62,32,55,35,101,10,159,231,167,108,203,84,241,5,227,5,54,203,32,212,53,175,9,44,154,14,192,57,126,113,244,171,122,244,72,238,70,128,227,107,198,66,193,44,154,105,115,224
Best fitness found so far: 0.415678212658542; k: 2.0
Generation: 140; 0.415678212658542; k: 2.0; 144,32,55,35,101,10,159,231,167,108,203,84,241,5,227,5,54,203,32,212,245,32,171,35,96,229,119,101,89,108,203,84,241,164,214,125,157,71,66,151,89,224,28,206,67,95,87,55,185,231,58,233,188,89,91,187,51,8,229,103,114,126,33,144,231,227,131,245,179,29,136,226,52,87,173,125,33,155,154,85,89,224,95,206,177,131,88,245,245,177,231,154,152,189,10,143,140,176,50,59,114
Best fitness found so far: 0.415678212658542; k: 2.0
Generation: 141; 0.415678212658542; k: 2.0; 222,32,55,35,101,10,159,231,167,108,203,84,241,190,227,198,80,193,206,161,250,35,101,128,179,231,167,108,203,84,241,5,227,41,54,203,32,212,245,175,136,162,154,14,228,57,229,5,227,201,1,64,245,160,113,187,211,38,216,242,160,85,143,243,81,15,118,26,222,182
Best fitness found so far: 0.415678212658542; k: 2.0
Generation: 142; 0.415678212658542; k: 2.0; 62,32,55,224,101,10,159,231,167,108,203,84,88,5,227,5,54,203,32,212,24,23,227,217,97,9,159,154,105,89,224,1,206,112,155,88,45,16,135,209,102,21,84,88,5,227,57,49,112,4,43,245,19,51,222,88,154,165,206,245,123,29,199,5,227,156,54,203,139,212,245,175,182,55,31,190,181,8,230,109,116,85,177,250,224,88,55,159,176,237,234,245,46,233,118,249,102,32,84,117,113,244,87,190,68,244,219
Best fitness found so far: 0.415678212658542; k: 2.0
Generation: 143; 0.415678212658542; k: 2.0; 62,120,55,35,101,10,159,231,167,108,203,84,130,5,31,87,181,85,156,234
Best fitness found so far: 0.415678212658542; k: 2.0
Generation: 144; 0.415678212658542; k: 2.0; 62,166,55,35,17,10,159,231,167,108,203,84,43,5,227,5,54,203,32,212,245,175,231,167,108,203,84,88,5,34,5,5,54,52,87,204,98,9,155,193,226,197,234,227,5,54,203,32,212,31,22,244,220,112,175,9,44,143
Best fitness found so far: 0.415678212658542; k: 2.0
Generation: 145; 0.415678212658542; k: 2.0; 109,32,55,68,101,10,159,231,217,108,135,84,241,5,99,5,20,203,32,212,245,175,208,44,154,14,187,81,13,5,227,201,1,64,156,5,227,180,80,193,62,78,250,35,101,10,159,200,167,108,203,218,241,5,227,41,142,203,32,225,245,175,136,162,154,14,192,57,229,5,227,201,1,64,245,125,113,187,4,38,216,242,160,85,143,243,81,15,118,26,222,48
Best fitness found so far: 0.415678212658542; k: 2.0
Generation: 146; 0.415678212658542; k: 2.0; 56,32,55,35,101,10,159,231,143,108,203,84,88,5,227,5,105,133,224,96,206,143,155,28,29,16,206,216
Best fitness found so far: 0.415678212658542; k: 2.0
Generation: 147; 0.415678212658542; k: 2.0; 62,32,55,35,101,10,159,231,167,108,203,84,88,5,227,5,54,145,156,173,65,9,155,135,105,89,29,95,206,143,96,88,245,245,177,29,154,191,249,245,19,51,77,59,154,165,206,245,123,46,199,5,117,156,54,203,32,212,245,175,7,44,104,102,39,154
Best fitness found so far: 0.415678212658542; k: 2.0
Generation: 148; 0.415678212658542; k: 2.0; 62,32,55,35,101,10,159,231,167,108,203,84,88,5,119,179,109,86,234,212,9,108,43,84,242,5,244,43,54,229,57,4,151,245,219,248,203,144,41,40,4,4,77,144,250,165,160,245,177,69,154,45,189,222,20
Best fitness found so far: 0.415678212658542; k: 2.0
Generation: 149; 0.415678212658542; k: 2.0; 62,54,55,35,101,10,225,231,167,108,203,84,88,5,194,5,54,229,32,4,110,245,156,41,165,115,4,243,29,199,167,100,181,201,41,127,59,177,207,63,32,55,35,196,34,249,181,201,33,192,40,245,80,208,1,181,28,206,209,20,74,245,125,222,244,4,87,163,171
Best fitness found so far: 0.415678212658542; k: 2.0
Generation: 150; 0.415678212658542; k: 2.0; 239,54,55,35,101,10,159,231,167,108,203,84,88,5,227,5,54,229,213,4,249,22,114,176,203,205,225,165,206,4,177,29,199,167,38,87,201,102,40,59,177,89,76,32,55,35,133,217,119,181,201,195,53,40,245,84,14,201,181,99,131,85,72,145,130,163,55,179,51,151,43,154,165,105,245,51,9,54,203,32,212,16,159,9,44,87,181,201,118,143,27,217,52
Best fitness found so far: 0.415678212658542; k: 2.0
Generation: 151; 0.415678212658542; k: 2.0; 62,32,55,35,101,10,159,231,167,108,203,84,88,5,227,5,54,223,32,119,179,109,86,234,11,9,159,154,105,89,224,96,206,143,155,54,188,87,173,125,9,155,154,63,89,224,2,160,143,116,88,155,217,177,29,154,45,189,197,143,96,15,119,82,114
Best fitness found so far: 0.415678212658542; k: 2.0
Generation: 152; 0.415678212658542; k: 2.0; 204,130,55,146,171,10,159,231,167,108,203,84,88,5,17,5,54,203,238,212,88,5,215,57,201,231,4,249,245,19,51,77,144,154,165,206,245,123,51,199,5,227,156,54,203,56,212,245,55,9,44,143,102,151,19,3,87,181,201,240,70,87,57,249,23,20,200,245,125,211,91,179
Best fitness found so far: 0.415678212658542; k: 2.0
Generation: 153; 0.415678212658542; k: 2.0; 62,32,55,35,101,10,159,231,167,108,203,84,83,5,227,5,54,203,32,212,167,109,27,217,97,126,159,154,105,89,224,1,206,143,155,88,29,16,206,5,54,118,245,176,57,126,23,4,249,245,137,51,77,93,13,246,212,123,32,18,199,192,94,8,13,234
Best fitness found so far: 0.415678212658542; k: 2.0
Generation: 154; 0.415678212658542; k: 2.0; 62,32,55,35,101,10,159,231,167,108,203,84,88,5,227,5,54,203,32,212,179,109,27,217,97,203,84,241,5,227,5,54,203,32,212,245,80,9,44,143,8,45,19,212,87,181,201,185,192,234
Best fitness found so far: 0.415678212658542; k: 2.0
Generation: 155; 0.415678212658542; k: 2.0; 62,32,55,35,101,10,159,231,167,108,203,84,241,5,227,198,80,193,44,154,105,115,225,191,206,143,74,88,250,210,163,171,122,109,181,201,181,201,132,85,7,177,89,224,60,55,35,196,217,119,181,201,185,47,104,245,238,124,87,181,99,92,212,179,109,77,217,97,214,10,59,106,202,5,134,203,32,227,77,227,130,131
Best fitness found so far: 0.415678212658542; k: 2.0
Generation: 156; 0.415678212658542; k: 2.0; 62,32,55,35,101,10,159,231,167,108,203,84,241,5,186,5,54,203,203,130,212,179,109,77,217,97,69,10,59,106,202,105,134,203,32,227,77,192,130,216
Best fitness found so far: 0.415678212658542; k: 2.0
Generation: 157; 0.415678212658542; k: 2.0; 62,32,55,35,205,10,159,231,167,108,203,84,169,5,110,5,40,118,245,221,57,126,114,32,212,245,175,9,44,143,200,249,19,212,87,203,201,210,192,177,131,22,209,1,206,112,156,88,45,16,206,186,173,60,84,88,5,102,245,192,57,201,23,61,249,198,19,51,77,186,154,165,206,245,177,86,199,5,100,156,3,203,32,212,245,175,9,44,143,102,45,19,90,87,181,201,185,192,234
Best fitness found so far: 0.415678212658542; k: 2.0
Generation: 158; 0.415678212658542; k: 2.0; 62,32,55,137,189,10,125,231,167,108,203,84,88,5,97,192,54,203,167,212,179,109,99,217,97,9,159,154,105,171,224,81,206,143,155,88,29,16,109,27,217,97,9,159,154,99,89,224,1,206,143,155,88,29,16,42,209,176,79,231,80,87,142,84,39,5,245,125,106,44,66,187,89,200,28,178,160,212,245,88,29,121,45,109,176,157,127,158,8,59,104
Best fitness found so far: 0.415678212658542; k: 2.0
Generation: 159; 0.415678212658542; k: 2.0; 62,54,55,35,101,10,159,231,167,108,203,84,169,5,108,43,54,229,218,54,151,245,219,248,203,211,41,165,115,4,153,245,250,84,172,46,18,69,192,162,94,107,173,192,40,245,101,208,87,181,173,131,85,72,145,130,79,55,179,51,151,174,154,165,105,245,51,9,173,54,57,127,113,43,32,95,14,23,249,231,58,233,132,249,66,96,143,87,88,29,210,163,23,122,8,53,234,47,92,114,126,20,40,31,87,181,201,236,192,104,166,50,31,87,181,8,156,234
Best fitness found so far: 0.415678212658542; k: 2.0
Generation: 160; 0.415678212658542; k: 2.0; 73,154,55,143,101,10,159,231,167,108,203,84,241,5,227,198,80,193,62,32,250,35,101,10,97,231,167,108,203,84,241,5,227,41,54,203,32,212,245,175,136,243,154,14,192,57,229,5,227,201,1,64,43,125,113,187,4,38,216,97,202,85,143,139,81,15,118,26,222,182
Best fitness found so far: 0.415678212658542; k: 2.0
Generation: 161; 0.415678212658542; k: 2.0; 16,148,55,35,119,10,159,231,167,108,43,84,88,5,108,43,54,229,57,4,151,245,219,248,203,144,41,40,115,4,77,144,250,165,160,245,177,69,154,45,189,222,143,27,217,8,17,5,54,203,238,212,179,109,27,217,97,120,84,235,175,79,224,1,206,143,155,88,29,16,206,209,176,119,231,80,38,90,84,229,5,245,125,106,44,66,187,189,224,28,238,21,212,80,177,74,8,59,104
Best fitness found so far: 0.415678212658542; k: 2.0
Generation: 162; 0.415678212658542; k: 2.0; 56,32,55,35,101,10,159,231,143,108,203,84,88,5,146,5,54,31,85,35,101,10,159,198,119,26,203,84,88,36,227,5,131,37,87,58,208,229,155,187,89,224,51,206,67,95,14,237,185,231,58,233,61,89,91,244,51,8,229,103,114,126,33,13,165,209,199,118,185,192,166,171,50,31,190,181,8,230,39,116,85,177,250,224,88,224,159,176,237,234,225,124,233,118,109,91,12,84,117,113,244,87,190,68,244,219
Best fitness found so far: 0.415678212658542; k: 2.0
Generation: 163; 0.415678212658542; k: 2.0; 62,162,55,35,189,10,189,231,167,108,203,84,241,5,227,5,54,85,32,212,245,32,171,35,101,213,119,231,89,238,203,84,241,164,218,125,106,44,66,84,89,224,28,206,67,95,14,237,185,231,58,233,132,89,91,136,51,8,229,103,114,126,33,13,31,209,199,118,185,192,166,245,125,31,190,181,8,228,39,5,54,118,245,176,57,126,23,4,249,245,137,51,77,93,160,246,212,123,32,18,199,192,94,8,13,234
Best fitness found so far: 0.415678212658542; k: 2.0
Generation: 164; 0.415678212658542; k: 2.0; 62,32,55,35,101,10,159,231,167,108,203,84,88,5,227,45,189,176,10,27,12,8,59,104
Best fitness found so far: 0.415678212658542; k: 2.0
Generation: 165; 0.415678212658542; k: 2.0; 62,32,55,35,101,10,159,231,167,108,203,84,241,5,227,5,54,108,72,84,241,5,227,198,80,193,159,154,105,115,224,181,180,143,74,88,250,210,163,171,122,109,72,178,70,128,227,107,198,80,193,44,154,105,115,83
Best fitness found so far: 0.415678212658542; k: 2.0
Generation: 166; 0.415678212658542; k: 2.0; 62,120,55,35,101,10,195,231,167,108,203,84,130,5,227,9,165,54,33,126,43,244,221,247,173,93,4,249,245,137,51,8,59,104
Best fitness found so far: 0.415678212658542; k: 2.0
Generation: 167; 0.415678212658542; k: 2.0; 156,32,55,35,101,10,163,231,167,108,59,14,202,5,134,203,32,227,8,227,130,216
Best fitness found so far: 0.415678212658542; k: 2.0
Generation: 168; 0.415678212658542; k: 2.0; 16,32,55,35,101,10,159,231,167,108,219,84,241,245,227,5,54,5,31,87,181,85,156,234
Best fitness found so far: 0.415678212658542; k: 2.0
Generation: 169; 0.415678212658542; k: 2.0; 56,32,55,200,101,10,159,231,143,108,203,84,88,5,227,5,54,31,14,35,101,10,159,198,167,108,203,84,88,149,227,5,54,52,44,204,143,229,155,193,105,12,224,227,206,143,48,88,245,245,88,245,192,57,18,23,76,55,245,146,51,77,144,231,80,48,245,241,39,154,234,227,5,54,203,32,212,31,199,244,220,78,175,9,44,143
Best fitness found so far: 0.415678212658542; k: 2.0
Generation: 170; 0.415678212658542; k: 2.0; 62,54,55,35,101,10,159,231,167,108,203,84,88,5,227,5,54,229,213,4,249,22,45,176,203,205,225,165,206,47,177,29,199,167,56,181,201,78,40,65,177,89,159,231,167,108,203,84,241,244,37,5,64,203,32,212,245,115,62,90,14,192,57,18,5,227,245,84,208,87,181,37,206,209,20,249,245,125,222,244,49,87,181,201,29,192
Best fitness found so far: 0.415678212658542; k: 2.0
Generation: 171; 0.415678212658542; k: 2.0; 62,54,55,35,89,10,159,231,167,108,43,84,88,5,108,43,191,229,57,4,151,245,219,167,108,203,83,88,5,227,5,37,52,87,173,125,9,155,154,105,89,224,95,206,143,216,88,245,245,177,29,154,235,189,176,143,96,15,8,228,114
Best fitness found so far: 0.415678212658542; k: 2.0
Generation: 172; 0.415678212658542; k: 2.0; 62,32,55,35,101,10,159,231,167,108,203,84,231,5,227,5,54,203,32,119,179,109,86,5,54,52,87,173,125,9,155,154,105,89,224,95,57,143,216,88,245,245,177,29,14,45,189,176,193,27,217,8,59,104
Best fitness found so far: 0.415678212658542; k: 2.0
Generation: 173; 0.415678212658542; k: 2.0; 62,54,55,35,101,10,159,231,167,108,203,84,88,5,108,43,54,229,32,4,151,245,219,248,203,144,41,165,115,4,153,144,250,165,147,245,177,69,192,205,94,107,173,77,144,34,227,167,108,203,84,88,5,227,5,5,54,230,87,204,181,9,155,193,105,89,224,227,206,143,72,88,245,245,177,245,192,57,126,57,4,55,24,49,51,45,144,178,80,212,245,241,39,135,182,203,130,212,179,109,77,192,97,69,10,59,106,202,5,162,130,161,227,77,227,130,216
Best fitness found so far: 0.415678212658542; k: 2.0
Generation: 174; 0.415678212658542; k: 2.0; 62,32,55,35,101,10,159,231,167,108,203,64,174,5,227,5,54,203,190,57,126,23,4,27,245,49,173,77,144,231,227,212,245,179,29,136,45,52,87,173,125,9,155,155,105,89,41,95,206,181,216,139,227,245,177,29,154,45,189,134,143,230,156,181,94,114
Best fitness found so far: 0.415678212658542; k: 2.0
Generation: 175; 0.415678212658542; k: 2.0; 62,32,55,35,59,10,159,111,167,108,203,84,88,5,47,5,54,203,238,212,179,109,27,217,97,120,159,235,175,89,35,1,206,143,155,88,29,16,206,118,176,231,231,80,187,143,8,45,19,148,87,181,201,185,192,234
Best fitness found so far: 0.415678212658542; k: 2.0
Generation: 176; 0.415678212658542; k: 2.0; 53,32,55,35,101,10,159,231,167,108,203,84,88,5,227,126,8,59,104
Best fitness found so far: 0.415678212658542; k: 2.0
Generation: 177; 0.415678212658542; k: 2.0; 36,32,55,59,101,10,159,231,217,108,135,84,241,5,227,5,20,203,233,212,245,175,208,44,154,14,187,117,26,5,227,201,1,158,44,154,14,192,57,126,113,244,212,190,68,95,219
Best fitness found so far: 0.415678212658542; k: 2.0
Generation: 178; 0.415678212658542; k: 2.0; 36,32,55,35,101,10,159,231,167,108,203,84,241,5,227,5,54,203,32,212,245,175,9,44,154,14,192,57,126,113,43,212,190,57,126,23,4,59,245,247,173,3,38,231,227,212,245,66,29,136,45,52,87,173,125,91,244,51,23,229,103,136,68,48,113,31,209,199,18,106,192,166,100,50,31,190,181,8,188,39,116,85,177,250,229,218,4,151,139,219,149,203,211,72,165,115,4,153,144,250,84,172,53,18,69,192,141,94,103,173,77,104
Best fitness found so far: 0.415678212658542; k: 2.0
Generation: 179; 0.415678212658542; k: 2.0; 62,54,55,35,119,10,159,231,167,108,43,84,88,5,108,126,54,229,57,4,151,245,219,248,203,144,41,40,115,4,77,144,250,165,160,245,177,69,154,45,189,222,143,118,245,27,57,126,23,4,249,245,137,51,8,59,104
Best fitness found so far: 0.415678212658542; k: 2.0
Generation: 180; 0.415678212658542; k: 2.0; 182,32,55,224,101,10,159,231,167,108,149,84,88,5,227,115,54,203,32,212,179,109,227,181,97,9,159,173,105,213,224,1,206,1,155,88,5,140,52,87,173,125,9,155,154,105,89,224,2,160,143,62,32,55,35,35,10,159,231,167,108,203,84,88,5,227,5,54,52,87,173,134,9,155,154,90,70,224,95,206,143,216,88,52,245,177,29,14,45,210,176,193,27,217,8,59,104
Best fitness found so far: 0.415678212658542; k: 2.0
Generation: 181; 0.415678212658542; k: 2.0; 243,32,55,35,101,10,159,231,167,108,221,84,241,5,227,198,80,193,117,154,105,115,224,181,206,143,74,88,56,210,56,171,122,109,72,178,97,128,227,107,137,32,55,35,190,10,163,231,167,241,203,84,88,5,227,5,21,113,163,249,1,96,143,87,88,20,77,163,23,231,33,45,247,73,128,100,43,126,105,185,209,176,21,160,85,162,124,192,211,16,55,19
Best fitness found so far: 0.415678212658542; k: 2.0
Generation: 182; 0.415678212658542; k: 2.0; 62,32,55,35,171,10,159,111,167,108,163,84,88,5,17,5,54,203,121,212,179,109,27,217,97,120,159,235,175,89,224,1,206,143,155,88,56,16,206,209,176,119,231,80,134,90,84,229,5,245,125,106,44,250,187,33,224,28,238,11,212,150,177,74,113,244,212,190,84,88,5,17,5,54,203,238,87,179,109,27,217,97,9,159,228,175,89,224,1,206,143,152,88,29,16,206,56,176,119,185,80,108,203,84,39,5,176,125,106,44,66,187,89,224,28,238,11,212,103,177,29,17,45,189,176,143,230,217,8,59,104
Best fitness found so far: 0.415678212658542; k: 2.0
Generation: 183; 0.415678212658542; k: 2.0; 62,32,55,224,101,10,159,231,167,108,203,84,88,5,227,5,54,198,32,212,187,109,227,181,97,211,141,154,105,89,224,1,206,112,155,88,44,16,206,186,173,60,84,88,5,227,245,192,57,225,23,8,249,245,68,51,77,61,133,165,206,245,25,86,199,2,227,156,9,203,172,212,125,175,44,154,14,192,57,126,113,244,212,190,143,95,204
Best fitness found so far: 0.415678212658542; k: 2.0
Generation: 184; 0.415678212658542; k: 2.0; 56,32,55,35,101,10,159,231,105,108,203,84,88,5,227,5,54,203,32,212,132,237,27,77,177,62,159,154,105,89,70,1,206,143,155,170,29,16,206,161,176,55,24,49,51,210,144,231,80,212,245,241,39,154,182,203,130,212,179,109,77,217,91,69,10,59,106,202,5,162,130,32,227,77,131,130,216,177,62,159,154,105,89,70,1,206,143,155,170,29,16,206,161,176,55,24,49,51,210,144,231,80,212,245,241,39,154,182,203,130,212,179,109,77,217,91,69,10
Best fitness found so far: 0.415678212658542; k: 2.0
Generation: 185; 0.415678212658542; k: 2.0; 62,54,55,35,101,10,159,231,167,108,203,84,88,5,137,43,54,229,32,4,151,245,219,248,203,144,41,165,115,4,153,144,250,165,160,245,55,185,101,10,159,66,167,108,203,84,238,5,143,5,54,203,32,212,245,175,208,44,154,14,192,57,13,5,227,201,27,64,245,125,113,244,4,38,216,242,160,85,232,196,81,15,137,204,222,179
Best fitness found so far: 0.415678212658542; k: 2.0
Generation: 186; 0.415678212658542; k: 2.0; 62,32,55,224,101,10,159,231,167,108,207,84,88,5,227,5,54,203,32,212,179,109,227,217,97,9,159,133,245,177,69,218,234,189,222,143,27,217,8,59,104
Best fitness found so far: 0.415678212658542; k: 2.0
Generation: 187; 0.415678212658542; k: 2.0; 62,32,55,35,171,10,159,111,167,108,203,84,88,5,17,5,54,203,238,212,179,109,27,217,97,31,159,83,175,89,224,1,206,143,155,88,29,16,206,209,176,173,77,104
Best fitness found so far: 0.415678212658542; k: 2.0
Generation: 188; 0.415678212658542; k: 2.0; 43,32,55,125,205,10,159,231,167,108,203,84,169,5,110,5,45,118,245,27,57,126,114,32,99,245,175,73,44,224,222,10,159,231,41,108,203,84,88,5,227,5,54,203,32,212,179,109,227,217,97,9,159,154,105,89,224,1,206,112,155,88,45,16,206,209,176,21,84,88,5,186,57,49,112,4,249,245,19,128,222,88,154,165,206,245,123,29,199,5,227,156,43,203,32,212,229,175,182,129,143,102,151,19,212,87,181,201,185,215,234
Best fitness found so far: 0.415678212658542; k: 2.0
Generation: 189; 0.415678212658542; k: 2.0; 62,32,55,35,171,10,159,191,167,108,203,84,88,5,61,5,54,193,238,212,137,109,27,203,97,9,159,149,175,89,80,1,206,191,155,88,29,16,206,209,176,119,231,80,108,203,84,176,5,245,125,106,44,9,187,89,224,28,238,11,212,43,177,29,17,110,189,176,143,34,217,159,195,167,108,203,84,241,182,227,5,54,203,32,212,54,175,9,44,154,83,106,202,5,162,130,32,227,77,227,130,216
Best fitness found so far: 0.415678212658542; k: 2.0
Generation: 190; 0.415678212658542; k: 2.0; 62,32,55,35,101,10,159,231,139,108,203,84,241,5,136,5,54,203,32,212,245,175,231,167,28,203,84,88,5,86,5,5,212,137,10,27,217,97,9,159,154,175,89,80,1,206,143,155,88,29,16,206,209,176,119,231,80,108,82,84,176,246,245,125,106,48,9,187,211,224,28,238,11,212,245,177,29,17,110,189,176,143,34,217,159,195,167,108,189,84,241,182,138,5,54,169,32,212,54,175,9,44,154,14,192,4,126,24,135,212,190,242,95,219
Best fitness found so far: 0.415678212658542; k: 2.0
Generation: 191; 0.415678212658542; k: 2.0; 62,54,55,35,101,10,159,231,167,108,203,84,88,5,59,43,215,229,218,4,151,139,219,248,203,211,72,180,115,41,153,144,250,84,172,245,18,69,192,219,94,107,173,77,104
Best fitness found so far: 0.415678212658542; k: 2.0
Generation: 192; 0.415678212658542; k: 2.0; 62,184,55,35,101,10,159,231,167,108,203,84,187,5,227,5,54,203,32,197,179,72,27,217,177,9,159,154,105,89,224,1,31,143,155,88,159,16,206,209,176,21,233,28,232,1,96,143,87,88,206,77,163,23,231,33,32,212,197,175,9,44,148,14,192,57,238,67,242,245,177,109,154,45,189,176,10,27,12,8,59,104
Best fitness found so far: 0.415678212658542; k: 2.0
Generation: 193; 0.415678212658542; k: 2.0; 62,54,55,35,101,10,159,231,233,108,203,84,88,5,108,43,54,229,32,4,151,245,168,248,203,144,41,165,115,4,237,144,250,165,160,245,176,84,88,40,108,43,46,241,5,227,5,54,203,32,57,245,175,9,249,143,8,45,19,212,63,181,201,185,192,234
Best fitness found so far: 0.415678212658542; k: 2.0
Generation: 194; 0.415678212658542; k: 2.0; 16,32,55,35,101,10,159,231,167,108,219,84,241,130,227,5,54,203,32,212,96,183,174,35,101,10,122,231,161,108,203,84,95,164,245,125,106,137,66,187,89,232,28,206,67,95,14,237,185,190,58,233,132,89,48,244,51,8,229,32,114,126,33,13,53,209,199,118,185,192,166,245,50,31,190,181,8,230,39,116,85,177,250,224,88,55,159,176,237,234,225,236,233,118,249,91,12,84,117,116,244,132,89,235,140,51,8,41,103,114,126,33,13,31,209,199,118,185,192,166,245,50,31,190,181,8,230,165,116,85,177,250,224,88,55,209,176,193,29,199,192,167,106,13,135
Best fitness found so far: 0.415678212658542; k: 2.0
Generation: 195; 0.415678212658542; k: 2.0; 181,32,55,35,101,10,159,231,167,108,203,84,241,5,227,5,54,203,175,212,20,175,231,167,108,203,84,88,5,227,5,5,54,52,87,204,98,9,155,193,161,89,224,227,206,143,72,5,245,245,177,245,192,57,111,117,4,55,24,49,51,210,144,231,33,212,245,241,39,154,182,203,130,212,179,109,77,228,97,73,10,213,217,202,5,162,130,32,227,77,227,130,216,5,54,52,87,204,98,9,242,193,226,89,224,227,46,143,72,246,245,245,17,245,192,57,111,117,4,55,9,155,193,55,89,224,227,206,143,72,88,245,245,177,245,192,57,111,117,4,55,24,49,51,210,144,231,33,212,245,241,39,154,245,245,177,245,192,57,111,117,4,55,24,49,51,210,144,231,33,212,245,241,39,154,182,203,130,212,179,109,77,228,97,73,10,213,217,202,5,162,130,32,227,77,227,130,216,5,54,52,87,204
Best fitness found so far: 0.415678212658542; k: 2.0
Generation: 196; 0.415678212658542; k: 2.0; 62,32,55,35,101,10,159,231,167,108,203,84,241,5,172,5,54,57,201,55,189,4,177,89,224,32,55,35,196,10,119,231,203,107,25,197,217,210,163,23,181,8,18,234,47,242,111,126,87,69,31,87,125,201,236,192,18,166,50,137,87,142,8,181,234
Best fitness found so far: 0.415678212658542; k: 2.0
Generation: 197; 0.415678212658542; k: 2.0; 62,32,55,35,101,10,159,231,167,108,203,84,88,140,227,5,54,52,87,173,125,9,155,154,105,89,29,172,206,229,212,88,245,40,177,29,154,191,249,245,19,51,77,59,154,165,206,245,123,29,106,5,117,156,54,203,32,212,159,231,167,108,168,84,169,5,110,5,45,118,245,27,57,126,114,32,155,245,175,9,44,143,102,249,19,50,87,181,201,185,192,234
Best fitness found so far: 0.415678212658542; k: 2.0
Generation: 198; 0.415678212658542; k: 2.0; 182,32,55,224,101,10,159,231,167,108,149,84,148,5,227,5,54,203,32,58,154,45,189,176,143,27,145,152,59,104
Best fitness found so far: 0.415678212658542; k: 2.0
Generation: 199; 0.415678212658542; k: 2.0; 36,32,55,35,101,10,173,231,167,108,203,84,241,5,227,5,54,203,32,212,245,175,9,44,81,14,192,57,126,113,180,212,190,57,126,198,4,27,245,45,178,10,159,231,167,108,203,84,88,5,7,5,234,118,245,27,57,120,29
Best fitness found so far: 0.415678212658542; k: 2.0
Total time of execution of seed 1 : 81904048
Solution Fitness: -0.415678212658542
Variables: random 4 chebyshev join split moveBetween moveNear join join moveBetween
