Generation: 0; 0.0; k: 0.0; 93,225,175,7,106,105,192,223
Best fitness found so far: 0.0; k: 0.0
Generation: 1; 0.4954301864890078; k: 3.0; 123,175,134,91,165,189,121,41,133,94,139,240,141
Best fitness found so far: 0.4954301864890078; k: 3.0
Generation: 2; 0.3551271436311519; k: 9.0; 123,175,162,91,165,189,121,41,133,101,139,228,17,154
Best fitness found so far: 0.4954301864890078; k: 3.0
Generation: 3; 0.5466080237013851; k: 2.0; 151,217,250,65,199,250,65
Best fitness found so far: 0.5466080237013851; k: 2.0
Generation: 4; 0.4842864351693098; k: 3.0; 65,139,179,21,163
Best fitness found so far: 0.5466080237013851; k: 2.0
Generation: 5; 0.5307399557879223; k: 2.0; 154,93,59,191,1,73,105,4,25,75,71,139,69
Best fitness found so far: 0.5466080237013851; k: 2.0
Generation: 6; 0.545274932641379; k: 2.0; 53,73,189,129,93,21,145
Best fitness found so far: 0.5466080237013851; k: 2.0
Generation: 7; 0.5112551258764956; k: 2.1; 53,73,189,154,93,59,191,1,73,105
Best fitness found so far: 0.5466080237013851; k: 2.0
Generation: 8; 0.551393537152703; k: 2.0; 123,175,25,75,71,139,69
Best fitness found so far: 0.551393537152703; k: 2.0
Generation: 9; 0.5588180585911534; k: 2.0; 53,9,103,154,93,249,191,1,73,105,121,41,133,94,139,240,4,25,74,71,139,69
Best fitness found so far: 0.5588180585911534; k: 2.0
Generation: 10; 0.5661218841447723; k: 2.0; 53,9,189,154,93,203,13,147,225,6,156,245,54,145
Best fitness found so far: 0.5661218841447723; k: 2.0
Generation: 11; 0.5661218841447723; k: 2.0; 196,9,189,34,197,203,13,147,225,6,156,245,54,167,93,189,191,1,73,195,4,217,75,71,139,69
Best fitness found so far: 0.5661218841447723; k: 2.0
Generation: 12; 0.5699584286737662; k: 2.0; 244,55,109,199,139,191,1,73,105,4,191,1,73,105,244,55,109,199,139
Best fitness found so far: 0.5699584286737662; k: 2.0
Generation: 13; 0.572041332659296; k: 2.0; 151,217,250,65,75,174,145
Best fitness found so far: 0.572041332659296; k: 2.0
Generation: 14; 0.59029411083189; k: 2.0; 151,36,250,65,199,71,139,69,162,135,84
Best fitness found so far: 0.59029411083189; k: 2.0
Generation: 15; 0.59029411083189; k: 2.0; 151,36,250,65,199,71,139,69,162,135,71,139,69
Best fitness found so far: 0.59029411083189; k: 2.0
Generation: 16; 0.5699584286737662; k: 2.0; 244,55,109,199,139,191,1,73,105,4,191,1,73,105,244,55,109,57,135,16,199,148,243,139,18,1,73,105,4,25,35,6,234,145
Best fitness found so far: 0.59029411083189; k: 2.0
Generation: 17; 0.588779335340367; k: 2.0; 123,175,134,73,105,4,191,1,73,105,244,55,109,65,102
Best fitness found so far: 0.59029411083189; k: 2.0
Generation: 18; 0.5699584286737662; k: 2.0; 213,55,109,199,209,191,1,73,105,4,191,1,73,105,244,55,109,65,65,126,18,99,21,48,189,135,39,54,39
Best fitness found so far: 0.59029411083189; k: 2.0
Generation: 19; 0.5734317124406253; k: 2.0; 53,9,103,179,171,154,209,236,191,1,73,228,183,183,55,97,13,235,199,139,191,35,128,105,4,25,123,74,71,139,69
Best fitness found so far: 0.59029411083189; k: 2.0
Generation: 20; 0.588779335340367; k: 2.0; 123,175,134,196,53,79,69,1,73,100,4,15,123,175,162,181,47,200,139,126,137,145,175,134,108,53,145
Best fitness found so far: 0.59029411083189; k: 2.0
Generation: 21; 0.59029411083189; k: 2.0; 151,36,250,65,199,71,139,69,162,135,59,79,167,129,23
Best fitness found so far: 0.59029411083189; k: 2.0
Generation: 22; 0.588779335340367; k: 2.0; 123,175,134,73,105,4,191,1,73,105,244,55,109,162,181,47,105,4,25,196,175,162,120,93,59,191,1,73,105,65
Best fitness found so far: 0.59029411083189; k: 2.0
Generation: 23; 0.59029411083189; k: 2.0; 151,36,250,65,29,71,139,69,162,135,145,139,4,169,1,73,105,244,55,95,228,245,189,154,13,59,27,1,69,162,135,146,139,69
Best fitness found so far: 0.59029411083189; k: 2.0
Generation: 24; 0.59029411083189; k: 2.0; 151,36,250,65,29,71,139,69,162,135,145,139,4,169,1,73,105,244,55,95,228,124,189,154,13,59,27,1,69,209,58,16,199,148,243,139,18,1,73,105,4,249,243,183,55,97,13,235,217,139,172,35,132,105,4,118,123,236,71,139,69
Best fitness found so far: 0.59029411083189; k: 2.0
Generation: 25; 0.59029411083189; k: 2.0; 151,36,250,65,199,71,139,69,162,105,76,25,123,170,162,188,47,105,130,25,114,136,162,120,93,162,120,93,211,191,1,73,105,65
Best fitness found so far: 0.59029411083189; k: 2.0
Generation: 26; 0.59029411083189; k: 2.0; 151,36,250,65,29,71,139,69,162,135,176,139,4,169,1,73,105,244,55,95,228,124,189,154,13,56,27,1,69,20,58,16,199,148,243,139,18,1,73,105,4,249,243,183,55,97,13,235,217,139,172,35,7,130,73,105,183,183,57,5,173,54,1,73,33,53,11,120,131,93,230,93,1,73,105,117,183,34,185,105,4,191,1,59,27,1,73,105,249,66,175
Best fitness found so far: 0.59029411083189; k: 2.0
Generation: 27; 0.59029411083189; k: 2.0; 151,172,250,65,199,71,139,69,162,135,201,211,167,194,237,36,250,65,199,59,158,249,53,23
Best fitness found so far: 0.59029411083189; k: 2.0
Generation: 28; 0.59029411083189; k: 2.0; 151,36,250,65,29,71,139,69,162,135,145,139,4,73,69,126,55,109,65,200
Best fitness found so far: 0.59029411083189; k: 2.0
Generation: 29; 0.59029411083189; k: 2.0; 151,36,250,65,115,71,139,69,162,135,59,79,1,73,100,4,15,123,175,162,181,47,200,139,212,126,199,75,135,145,139,4,15,1,1,73,105,244,55,156,162,89,47,105,4,123,216,175,162,120,159,59,191,10,73,162,130,84
Best fitness found so far: 0.59029411083189; k: 2.0
Generation: 30; 0.59029411083189; k: 2.0; 188,36,115,65,29,71,139,69,162,135,176,139,4,169,1,73,105,244,55,95,228,124,189,154,13,56,27,1,69,20,58,16,199,148,243,139,18,60,73,105,4,249,168,197,55,97,13,235,217,139,172,35,7,130,73,105,183,183,57,5,65,199,71,62,69,162,135,191,171,37,196,129,183,55,57,105,235,160,139,191,167,244,105,71,25,123,175,201,191,1,150,171,4
Best fitness found so far: 0.59029411083189; k: 2.0
Generation: 31; 0.59029411083189; k: 2.0; 210,36,250,65,199,71,139,69,162,135,249,130,84
Best fitness found so far: 0.59029411083189; k: 2.0
Generation: 32; 0.59029411083189; k: 2.0; 188,36,5,65,29,71,139,69,162,135
Best fitness found so far: 0.59029411083189; k: 2.0
Generation: 33; 0.59029411083189; k: 2.0; 6,160,250,65,199,71,139,69,162,135,191,199,71,85,69,162,135,71,139,187
Best fitness found so far: 0.59029411083189; k: 2.0
Generation: 34; 0.59029411083189; k: 2.0; 160,36,250,65,29,71,139,69,162,135,176,139,4,169,1,73,217,244,55,234,228,124,189,154,13,56,27,1,69,38,58,16,199,148,243,139,18,1,73,57,4,249,243,183,55,97,127,167,129,94,36,250,177,199,164,139,57,162,171,71,139,69,139,69,162,135,176,139,4,169,1,73,217,244,55,234,228,124,189,154,13,56,27,1,69,38,58
Best fitness found so far: 0.59029411083189; k: 2.0
Generation: 35; 0.59029411083189; k: 2.0; 25,246,250,65,199,71,139,69,162,135,36,78,65,9,71,139,69,162,135,33,59,196,175,162,120,93,59,191,1,73,105,37,127,230,194,1,246,105,183,189,194,173,1
Best fitness found so far: 0.59029411083189; k: 2.0
Generation: 36; 0.59029411083189; k: 2.0; 151,36,250,65,29,71,119,69,162,135
Best fitness found so far: 0.59029411083189; k: 2.0
Generation: 37; 0.59029411083189; k: 2.0; 151,36,250,65,199,71,139,69,162,135,59,79,167,129,23
Best fitness found so far: 0.59029411083189; k: 2.0
Generation: 38; 0.59029411083189; k: 2.0; 188,94,5,65,217,71,139,69,162,135,151,36,250,65,228,119,139,69,162,220,71,139,135,71,223,69
Best fitness found so far: 0.59029411083189; k: 2.0
Generation: 39; 0.59029411083189; k: 2.0; 151,172,250,65,199,71,139,69,162,135,45,211,105,244,55,109,112,110,16,199,148,243,139,18,1,73,84,4,25,35,6,107,189,154,36,175
Best fitness found so far: 0.59029411083189; k: 2.0
Generation: 40; 0.59029411083189; k: 2.0; 151,36,250,65,199,71,139,69,162,135,100,4,15,250,65,199,71,139,69,162,135,84
Best fitness found so far: 0.59029411083189; k: 2.0
Generation: 41; 0.59029411083189; k: 2.0; 160,36,250,65,29,71,139,69,162,135,196,139,4,169,244,55,86,164,105,4,239,196,175,162,120,93,59,18,1,73,105,147,25,175,6,135,189,231,1,73,131
Best fitness found so far: 0.59029411083189; k: 2.0
Generation: 42; 0.59029411083189; k: 2.0; 97,36,250,65,199,71,139,69,162,105,76,25,43,170,162,188,47,105,82,25,114,136,162,120,93,162,66,27,1,73,105,249,205,76
Best fitness found so far: 0.59029411083189; k: 2.0
Generation: 43; 0.59029411083189; k: 2.0; 151,172,250,65,199,71,139,69,162,135,45,238,167,194,237,104,160,114,189,231,105,244,55,109,139,18,1,73,105,4,169,1,105,105,244,55,95,228,245,189,196,13,144,181,117,200,139,52,55,250,65,75,174,96
Best fitness found so far: 0.59029411083189; k: 2.0
Generation: 44; 0.59029411083189; k: 2.0; 151,36,250,65,29,71,139,69,162,135,16,139,4,169,1,73,105,130,55,93,11,191,1,10,105,166,220,134,94,3,134,96,73,105,126,55,121,58,238,173,97,139,47,96,73,105,244,25,109,69,25,183,147,225,6,249,232,46,183,194,224,144,25,113,71,246,233,53,240,66,153,250,87,191,1,71,139,69,162,135,145,139,4,37,222,73,199,1,187
Best fitness found so far: 0.59029411083189; k: 2.0
Generation: 45; 0.59029411083189; k: 2.0; 84,36,250,65,99,71,139,69,162,105,76,17,216,175,162,159,93,59,191,179,26,162,143,84
Best fitness found so far: 0.59029411083189; k: 2.0
Generation: 46; 0.59029411083189; k: 2.0; 151,36,250,65,199,71,139,69,162,135,4,169,1,73,105,244,55,95,228,124,189,154,13,56,65
Best fitness found so far: 0.59029411083189; k: 2.0
Generation: 47; 0.59029411083189; k: 2.0; 151,36,250,65,195,71,139,69,162,15,60,25,123,170,162,188,47,105,130,25,114,136,162,120,93,162,120,96,211,191,77,65,199,71,139,69,162,135,249,27,84
Best fitness found so far: 0.59029411083189; k: 2.0
Generation: 48; 0.59029411083189; k: 2.0; 151,232,250,65,199,71,139,69,162,135,71,139,162,181,47,200,139,126,137,154,172,236,191,171,97,196,183,183,55,57,105,235,31,139,191,167,73,105,71,25,123,175,139,191,1,73,171,4
Best fitness found so far: 0.59029411083189; k: 2.0
Generation: 49; 0.59029411083189; k: 2.0; 151,36,250,65,231,71,25,69,162,135,145,177,4,15,175,134,73,105,128,5,158,123,131,134,150,125,191,1,73,136,65
Best fitness found so far: 0.59029411083189; k: 2.0
Generation: 50; 0.59029411083189; k: 2.0; 151,172,250,65,199,71,139,69,162,135,59,79,167,129,151,36,250,65,199,164,139,57,162,96,71,139,69
Best fitness found so far: 0.59029411083189; k: 2.0
Generation: 51; 0.59029411083189; k: 2.0; 128,36,250,65,231,71,139,69,162,135,145,139,4,15,1,1,221,37,244,55,156,162,89,47,239,82,17,216,175,162,120,93,59,162,135,17,177,135,71,139,69
Best fitness found so far: 0.59029411083189; k: 2.0
Generation: 52; 0.59029411083189; k: 2.0; 151,36,250,65,199,71,139,69,162,135,33,139,121
Best fitness found so far: 0.59029411083189; k: 2.0
Generation: 53; 0.59029411083189; k: 2.0; 151,36,250,65,115,71,139,69,162,135,59,79,1,73,33,4,15,123,175,162,181,47,196,139,85,126,199,246,135,76,139,4,15,112,1,246,155,244,55,179,73,162,130,84
Best fitness found so far: 0.59029411083189; k: 2.0
Generation: 54; 0.59029411083189; k: 2.0; 151,36,250,65,199,231,139,69,162,135,33,59,196,164,46,120,93,59,191,30,73,105,126,127,230,151,1,73,73,105,244,174,22,162,181,47,105,4,79,110,176,36,6,65,116,59,139,69,73,135,145,139,4,169,1,73,218,56,55,95,228,200,189,154,13,59,60,1,69,162,135,146,139,69
Best fitness found so far: 0.59029411083189; k: 2.0
Generation: 55; 0.59029411083189; k: 2.0; 151,36,140,65,29,71,119,69,162,135,176,139,4,169,1,73,1,244,152,95,228,124,189,154,13,56,27,1,69,20,58,149,199,148,162,135,71,139,187
Best fitness found so far: 0.59029411083189; k: 2.0
Generation: 56; 0.59029411083189; k: 2.0; 151,172,250,221,199,71,139,69,162,135,17,56,27,184,69,20,58,16,199,148,243,139,191,1,73,105,4,249,243,188,59,191,102,54,105,123,98,250,65,53,35,145
Best fitness found so far: 0.59029411083189; k: 2.0
Generation: 57; 0.59029411083189; k: 2.0; 78,36,250,101,127,71,147,69,162,135,17,1,73,100,4,15,123,175,68,181,210,147,88,6,249,163,46,219,88,224,38,25,74,71,246,87,53,115,103,8,93,144,191,1,139,69,237,135,73,105,4,249,243,183,55,97,13,235,217,139,172,35,132,105,4,118,123,236,71,139,69
Best fitness found so far: 0.59029411083189; k: 2.0
Generation: 58; 0.59029411083189; k: 2.0; 249,172,250,65,199,71,139,69,138,135,139,126,80,154,219,236,191,171,73,160,157,73,105,244,55,109,57,110,16,199,84,1,120,152,95,228,124,189,154,13,56,27,1,69,20,58,149,199,148,243,139,18,1,73,105,245,71,173,17
Best fitness found so far: 0.59029411083189; k: 2.0
Generation: 59; 0.59029411083189; k: 2.0; 151,36,250,65,59,71,139,69,52,135,145,139,4,169,1,73,119,244,55,95,47,105,4,17,196,175,162,120,139,69,162,135,177,18,1,73,76,4,89,47,105,4,17,216,175,162,194,93,5,191,179,26,162,143,84
Best fitness found so far: 0.59029411083189; k: 2.0
Generation: 60; 0.59029411083189; k: 2.0; 122,180,250,65,199,71,139,69,162,135,59,74,60,246,87,18,1,73,105,4,25,35,6,107,189,154,36,175
Best fitness found so far: 0.59029411083189; k: 2.0
Generation: 61; 0.59029411083189; k: 2.0; 151,230,250,65,29,71,139,189,162,135,145,2,60,169,1,73,105,134,55,95,1,78,36,250,101,29,71,147,69,92,135,17,1,73,100,107,15,123,175,68,181,210,147,88,6,249,163,46,219,194,224,53,25,74,71,246,87,53,115,103,8,93,144,191,1,139,69,237,135,84,74,71,246,87,53,115
Best fitness found so far: 0.59029411083189; k: 2.0
Generation: 62; 0.59029411083189; k: 2.0; 151,36,250,65,29,71,139,69,162,135,176,139,4,185,1,73,93,130,55,93,11,191,1,10,105,166,191,134,94,3,221,96,73,105,244,55,95,228,124,189,154,13,56,27,1,69,20,72,16,199,148,243,139,18,178,73,105,4,249,168,197,166,97,126,235,217,139,172,35,7,130,73,105,183,183,57,5,65,199,71,62,69,162,193,191,171,37,63,129,183,55,57,105,235,160,30,191,173,244,89,71,25,123,35,201,191,1,150,171,4
Best fitness found so far: 0.59029411083189; k: 2.0
Generation: 63; 0.59029411083189; k: 2.0; 151,172,250,65,199,71,139,69,162,135,59,175,134,196,53,79,69,1,99,100
Best fitness found so far: 0.59029411083189; k: 2.0
Generation: 64; 0.59029411083189; k: 2.0; 151,36,250,65,29,71,139,69,162,135,145,139,4,169,162,135,71,223,69
Best fitness found so far: 0.59029411083189; k: 2.0
Generation: 65; 0.59029411083189; k: 2.0; 151,172,250,65,199,71,139,69,162,135,201,211,167,194,237,104,73,160,21,73,105,244,55,109,57,110,16,199,148,243,139,208,1,73,105,4,25,35,6,107,189,162,135,146,139,118
Best fitness found so far: 0.59029411083189; k: 2.0
Generation: 66; 0.59029411083189; k: 2.0; 244,36,250,65,29,71,139,69,162,135,145,139,4,37,222,73,199,1,105,71,233,123,175,82,191,1,150,171,4,73,199,1,105,244,55,95,228,124,189,154,171,56,27,1,69,20,58,16,199,148,243,139,18,1,73,105,4,249,44,183,55,97,13,235,217,139,172,35,7,130,73,105,183,183,57,5,173,54,1,73,33,53,11,120,131,93,230,93,193,73,105,117,165,34,185,105,4,191,1,59,27,1,73,105,249,66,175
Best fitness found so far: 0.59029411083189; k: 2.0
Generation: 67; 0.59029411083189; k: 2.0; 151,36,250,65,29,71,139,69,162,135,118,128,139,69
Best fitness found so far: 0.59029411083189; k: 2.0
Generation: 68; 0.59029411083189; k: 2.0; 41,36,250,65,199,71,139,69,162,135,191,171,37,196,183,183,55,57,105,235,160,136,191,167,73,105,162,130,84
Best fitness found so far: 0.59029411083189; k: 2.0
Generation: 69; 0.59029411083189; k: 2.0; 249,36,5,65,29,71,139,69,162,135,151,36,250,65,178,6,139,162,89,47,239,214,17,216,175,162,120,93,59,59,79,189,98,36,6,65,199,29,85,69,162,135,71,139,187
Best fitness found so far: 0.59029411083189; k: 2.0
Generation: 70; 0.59029411083189; k: 2.0; 151,36,85,65,199,191,139,69,162,105,76,25,123,170,162,188,144,105,130,162,135,71,139,187
Best fitness found so far: 0.59029411083189; k: 2.0
Generation: 71; 0.59029411083189; k: 2.0; 151,36,250,65,29,71,139,69,162,135,145,139,110,169,1,73,105,244,55,95,228,245,37,167,98,43,6,5,199,71,85,69,162,135,179,26,162,55,84
Best fitness found so far: 0.59029411083189; k: 2.0
Generation: 72; 0.59029411083189; k: 2.0; 151,36,20,65,199,71,139,69,162,135,71,139,162,181,73,200,139,126,137,154,172,236,191,171,37,196,183,183,146,57,105,235,199,139,226,127,205,65,199,33,73,105,244,55,95,228,124,189,72,13,59,27,1,69,209,58,16,199,148,243,139,18,1,73,105,4,249,243,183,55,53,75,235,142,139,172,35,132,105,4,106,123,236,71,139,69
Best fitness found so far: 0.59029411083189; k: 2.0
Generation: 73; 0.59029411083189; k: 2.0; 241,172,250,65,199,71,139,69,162,135,119,211,116,194,135,145,139,4,169,229,73,141,244,55,95,228,245,189,154,13,193,27,165,69,162,135,198,139,151,36,250,65,244,71,139,69,162,105,76,25,123,170,162,188,47,105,130,134,114,136,162,179,93,162,120,27,1,73,247,249,205,175
Best fitness found so far: 0.59029411083189; k: 2.0
Generation: 74; 0.59029411083189; k: 2.0; 151,36,250,101,29,71,93,69,162,135,183,6,107,189,65,36,175
Best fitness found so far: 0.59029411083189; k: 2.0
Generation: 75; 0.59029411083189; k: 2.0; 151,36,250,65,81,71,139,69,52,135,145,139,4,169,1,135,119,244,55,105,107,55,156,162,89,47,55,95,228,138,189,154,13,56,92,184,69,20,53,16,199,148,243,124,18,1,73,105,4,249,243,188,59,191,1,54,105,244,98,250,65,53,135,145
Best fitness found so far: 0.59029411083189; k: 2.0
Generation: 76; 0.59029411083189; k: 2.0; 151,36,250,65,199,71,139,69,164,135,191,171,37,196,183,183,55,57,105,235,160,162,94,118,128,4,169,1,73,105,244,11,95,228,124,189,154,13,59,27,1,69,209,58,16,199,148,243,139,18,1,35,105,4,5,243,183,55,97,13,235,217,139,172,35,134,73,105,4,191,1,18,105,244,7,109,234,250
Best fitness found so far: 0.59029411083189; k: 2.0
Generation: 77; 0.59029411083189; k: 2.0; 122,180,250,65,199,71,139,69,162,135,109,74,71,169,87,53,183,103,154,93,144,109,1,139,69,69,222,206,145,139,110,96,1,73,105,187,55,95,228,245,37,167,98,36,6,65,199,71,85,69,162,135,71,139,187
Best fitness found so far: 0.59029411083189; k: 2.0
Generation: 78; 0.59029411083189; k: 2.0; 151,40,250,65,231,71,139,69,162,135,145,125,4,15,1,1,73,105,244,55,156,162,89,159,105,139,69,162,135,191,171,162,196,183,183,55,57,105,235,160,214,191,167,73,105,71,25,123,175,139,191,1,150,171,4
Best fitness found so far: 0.59029411083189; k: 2.0
Generation: 79; 0.59029411083189; k: 2.0; 127,36,250,65,29,71,139,189,162,135,145,2,4,102,121,73,105,134,55,123,175,162,140,135,200,139,212,126,139,69,162,135,176,139,18,190,73,105,4,51,111,183,238,97,154,235,217,139,172,35,7,130,73,105,183,183,57,5,173,54,1,73,33,53,11,120,97,93,230,93,1,53,105,117,183,34,86,59,4,191,1,242,27,1,45,105,244,66,60
Best fitness found so far: 0.59029411083189; k: 2.0
Generation: 80; 0.59029411083189; k: 2.0; 151,36,250,65,115,71,139,69,162,135,59,79,1,73,100,4,15,123,175,162,181,47,200,139,212,126,231,162,73,176,227,4,169,1,73,105,130,55,179,11,191,1,244,105,166,191,134,94,3,221,96,73,105,126,55,121,58,238,133,97,139,47,96,73,105,244,25,109,133,25,75,147,225,6,249,232,46,166,70,224,196,25,113,71,226,183,53,240,66,153,93,144,191,1,172,249,163,120,156,194,61,196,199,74,71,246,233,236,9,103,154,93,11,238,1,10,105,98,191,84,81,153,221,96,145,105,126
Best fitness found so far: 0.59029411083189; k: 2.0
Generation: 81; 0.59029411083189; k: 2.0; 123,36,250,65,137,71,139,69,162,135,59,175,176,196,53,134,94,3,221,96,246,105,126,118,121,58,238,133,174,139,47,96,73,105,52,25,109,69,25,75,235,225,6,249,232,46,188,126,224,196,220,113,71,246,233,53,9,103,154,250,144,191,228,172,249,163,92,188,27,224,66,25,74,196,7,1,65,199,71,139,69,138,105
Best fitness found so far: 0.59029411083189; k: 2.0
Generation: 82; 0.59029411083189; k: 2.0; 20,36,20,65,199,71,139,69,162,135,250,65,199,71,139,69,162,105,76,25,123,170,162,188,180,105,130,9,114,136,162,120,93,162,120,93,67,12,1,139,69,162,135,84
Best fitness found so far: 0.59029411083189; k: 2.0
Generation: 83; 0.59029411083189; k: 2.0; 151,36,250,65,199,71,139,69,162,135,73,25,196,175,162,120,3,59,191,122,172,250,65,199,71,17,69,162,135
Best fitness found so far: 0.59029411083189; k: 2.0
Generation: 84; 0.59029411083189; k: 2.0; 151,36,250,65,199,71,139,69,162,135,191,171,37,196,193,50,55,57,105,235,160,139,191,167,73,179,71,83,123,175,155,191,199,71,139,69,162,105,76,25,123,170,162,188,192,105,130,25,114,136,162,71,139,69,162,80,71,139,69
Best fitness found so far: 0.59029411083189; k: 2.0
Generation: 85; 0.59029411083189; k: 2.0; 151,242,250,65,29,71,245,69,162,135,176,139,4,70,1,73,105,229,55,95,228,124,189,154,13,56,27,1,69,20,58,16,199,201,243,139,18,1,73,105,4,169,1,105,105,111,55,95,228,245,189,196,13,144,181,117,200,139,52,55,250,65,138,174,145
Best fitness found so far: 0.59029411083189; k: 2.0
Generation: 86; 0.59029411083189; k: 2.0; 151,172,250,65,199,71,139,239,162,135,201,211,133,194,237,227,71,119,69,162,118,176,139,79,59,79,167,129,23,151,172,250,65,199,71,139,239,162,135,201,211,133,194,237,227,71,119,69,162,118,176,139,79
Best fitness found so far: 0.59029411083189; k: 2.0
Generation: 87; 0.59029411083189; k: 2.0; 151,36,250,65,177,71,139,69,162,135,145,164,4,15,1,109,73,118,183,55,57,163,235,124,139,61,147,69,162,135,17,1,135,71,139,228
Best fitness found so far: 0.59029411083189; k: 2.0
Generation: 88; 0.59029411083189; k: 2.0; 78,36,250,101,29,71,147,69,162,135,17,1,73,100,4,15,123,175,68,181,210,147,173,6,249,163,46,219,194,224,53,25,74,71,246,87,53,115,211,167,211,237,36,250,65,199,59,158,224,53,23
Best fitness found so far: 0.59029411083189; k: 2.0
Generation: 89; 0.59029411083189; k: 2.0; 88,36,250,65,29,71,139,69,162,135,176,139,4,169,1,73,105,130,55,93,11,191,1,10,141,166,191,134,94,3,221,96,73,139,69,162,105,76,25,123,52,162,188,132,105,130,25,114,136,146,226,93,162,120,137,1,73,105,138,205,175
Best fitness found so far: 0.59029411083189; k: 2.0
Generation: 90; 0.59029411083189; k: 2.0; 151,36,250,65,29,71,119,69,162,135,176,232,51,169,1,73,1,244,199,71,139,69,162,105,17,25,23,170,59,188,47,105,130,25,114,136,178,120,93,162,46,93,211,191,1,73,105,65,139,69,162,105,17,25,23,170,59,188,47,105,130,25,114,136,178,120,93,162,46,93,211,191,1
Best fitness found so far: 0.59029411083189; k: 2.0
Generation: 91; 0.59029411083189; k: 2.0; 151,36,250,65,29,71,139,189,162,135,145,2,20,169,1,149,105,134,55,171,37,196,183,183,55,57,105,26,199,139,191,167,73,105,184,25,123,175,139,191,1,73,171,4
Best fitness found so far: 0.59029411083189; k: 2.0
Generation: 92; 0.59029411083189; k: 2.0; 218,36,250,65,199,71,139,69,162,135,135,145,139,4,15,36,1,73,116,244,187,179,73,162,130,84
Best fitness found so far: 0.59029411083189; k: 2.0
Generation: 93; 0.59029411083189; k: 2.0; 122,180,250,65,199,71,139,69,162,135,59,74,71,246,49,53,115,160,154,93,144,109,1,139,69,93,1,73,105,117,183,34,8,173,4,161,1,59,27,158,73,105,249,66,175
Best fitness found so far: 0.59029411083189; k: 2.0
Generation: 94; 0.59029411083189; k: 2.0; 40,36,250,65,29,71,139,69,162,135,145,139,4,169,70,73,105,120,55,95,228,245,189,139,4,169,1,73,1,244,152,73,100,4,15,123,175,162,77,47,105,234,212,126,22,71,69,162,127,75,139,193
Best fitness found so far: 0.59029411083189; k: 2.0
Generation: 95; 0.59029411083189; k: 2.0; 151,36,250,65,199,71,139,69,162,135,143,59,196,215,162,120,93,59,191,1,73,27,1,69,20,58,16,199,148,6,21,217,169
Best fitness found so far: 0.59029411083189; k: 2.0
Generation: 96; 0.59029411083189; k: 2.0; 151,36,250,65,29,71,139,69,162,135,118,128,4,169,1,73,105,244,55,95,228,124,189,154,13,59,27,1,139,69,162,135,145,139,4,15,233,1,73,183,183,213,57,91,235,199,175,61,105,1,139,69,162,135,145,139,4,15,233,1,73,183,183,213,57,91,235,199
Best fitness found so far: 0.59029411083189; k: 2.0
Generation: 97; 0.59029411083189; k: 2.0; 151,36,250,65,29,71,139,189,162,135,145,2,4,169,33,211,191,1,73,105,65,71,139,189,162
Best fitness found so far: 0.59029411083189; k: 2.0
Generation: 98; 0.59029411083189; k: 2.0; 6,36,250,65,199,71,139,69,162,135,191,249,37,196,183,183,55,57,105,235,24,131,1,73,105,130,55,93,11,191,90,10,105,214,191,115,197,3,151,96,73,227,126,55,209,58,238,133,97,139,47,96,73,46,244,25,109,69,25,75,147,225,6,187,85,46,166,194,120,93,211,22,1,73,105,65
Best fitness found so far: 0.59029411083189; k: 2.0
Generation: 99; 0.59029411083189; k: 2.0; 78,36,250,101,29,71,147,69,162,135,26,1,73,100,4,15,123,175,68,181,210,147,88,6,249,1,135,71,185,69
Best fitness found so far: 0.59029411083189; k: 2.0
Generation: 100; 0.59029411083189; k: 2.0; 151,36,250,65,29,71,21,69,162,135,176,216,24,46,1,73,105,167,55,93,131,191,90,10,105,214,94,134,230,3,121,96,73,105,126,55,209,58,232,133,97,139,47,71,73,105,244,183,109,69,25,75,147,225,31,187,232,46,166,194,120,93,211,63,144,228,173,27,164,69,20,58,16,199,148,117,139,18,1,73,105,4,249,243,183,55,97,13,235,217,139,202,151,36,250,65,29,71,139,189,162,243,199,2,4,169,1,73,142,134,55,95,1,10,100
Best fitness found so far: 0.59029411083189; k: 2.0
Generation: 101; 0.59029411083189; k: 2.0; 151,36,250,65,29,71,139,64,162,135,145,139,139,47,96,73,105,244,25,109,69,25,75,74,225,6,249,232,46,166,194,224,196,25,113,71,246,233,53,240,66,153,250,144,191,1,172,42,163,46,188,194,224,196,199,74,71,246,233,236,9,103,154,93,11,191,1,10,105,98,191,84,81,3,221,96,73,105,126
Best fitness found so far: 0.59029411083189; k: 2.0
Generation: 102; 0.59029411083189; k: 2.0; 123,36,250,65,137,71,139,69,162,135,59,79,167,179,37,217,130,84
Best fitness found so far: 0.59029411083189; k: 2.0
Generation: 103; 0.59029411083189; k: 2.0; 151,36,250,65,29,71,139,69,162,135,145,139,110,169,1,73,105,29,55,150,228,245,37,140,98,36,6,228,26,92,199,71,139,69,44,135,59,74,71,246,87,53,115,103,154,93,144,109,1,139,69,237,135,84
Best fitness found so far: 0.59029411083189; k: 2.0
Generation: 104; 0.59029411083189; k: 2.0; 122,180,250,65,199,71,139,69,162,135,118,74,71,246,87,143,211,38,58,16,199,144,243,139,18,1,73,105,4,249,243,183,55,97,13,235,217,139,172,35,7,130,221,160,183,183,57,5,173,54,1,89,33,126,11,150,71,250,69,162,135,59,79,167,129,23
Best fitness found so far: 0.59029411083189; k: 2.0
Generation: 105; 0.59029411083189; k: 2.0; 151,34,250,65,29,71,139,69,162,135,176,139,4,169,1,73,105,130,55,93,11,191,1,10,105,166,191,134,94,3,221,96,73,105,126,55,121,58,102,133,97,139,47,96,73,105,244,25,109,69,25,75,147,225,6,249,232,46,166,194,224,196,25,113,71,246,233,53,240,66,153,250,144,191,1,172,249,163,46,120,194,224,196,199,74,4,246,233,236,9,103,154,93,11,78,1,10,105,98,191,84,81,3,221,96,73,105,208
Best fitness found so far: 0.59029411083189; k: 2.0
Generation: 106; 0.59029411083189; k: 2.0; 122,172,250,65,199,71,139,69,162,135
Best fitness found so far: 0.59029411083189; k: 2.0
Generation: 107; 0.59029411083189; k: 2.0; 151,36,250,65,199,71,139,69,162,135,59,79,1,73,100,131,15,123,175,162,157,47,200,139,212,126,199,75,1,73,105,244,55,156,162,121,47,105,4,17,216,175,243,120,93,193,191,179,73,162,89,84
Best fitness found so far: 0.59029411083189; k: 2.0
Generation: 108; 0.59029411083189; k: 2.0; 151,36,250,65,29,71,141,69,52,135,145,139,4,119,174,31,151,244,55,95,164,105,4,17,196,11,96,33,227,147,1,69,162,135,146,139,118
Best fitness found so far: 0.59029411083189; k: 2.0
Generation: 109; 0.59029411083189; k: 2.0; 151,36,250,65,231,71,139,69,162,135,145,139,4,15,1,1,221,37,244,55,156,162,89,47,94,4,17,216,158,93,4,169,1,73,86,244,152,73,100,4,15,123,175,162,77,128,105,139,212,126,29,139,69,162,127,75,139,193
Best fitness found so far: 0.59029411083189; k: 2.0
Generation: 110; 0.59029411083189; k: 2.0; 151,36,250,65,231,71,139,69,162,135,165,139,4,15,1,1,73,105,244,55,135,145,139,4,37,249,73,199,1,187
Best fitness found so far: 0.59029411083189; k: 2.0
Generation: 111; 0.59029411083189; k: 2.0; 151,36,250,65,199,71,139,69,162,105,76,25,123,170,162,188,243,105,130,25,67,136,162,71,103,9,162,80,199,1,105,71
Best fitness found so far: 0.59029411083189; k: 2.0
Generation: 112; 0.59029411083189; k: 2.0; 151,242,250,65,29,71,245,69,162,135,176,139,4,169,1,73,105,229,55,95,228,124,189,176,13,56,27,1,69,20,58,16,199,201,243,139,248,1,73,105,4,169,1,105,105,244,55,95,228,245,189,196,13,144,227,73,119,139,52,55,250,65,75,174,145
Best fitness found so far: 0.59029411083189; k: 2.0
Generation: 113; 0.59029411083189; k: 2.0; 151,214,250,65,29,71,139,189,162,135,145,2,4,169,1,73,105,134,55,6,139,69,162,220,40,139,69
Best fitness found so far: 0.59029411083189; k: 2.0
Generation: 114; 0.59029411083189; k: 2.0; 151,242,250,65,29,71,245,69,162,20,176,139,4,169,1,73,105,229,57,5,59,54,1,20,33,53,11,120,131,93,230,93,1,73,105,117,183,34,88,105,4,191,1,59,27,1,73,105,249,85,141
Best fitness found so far: 0.59029411083189; k: 2.0
Generation: 115; 0.59029411083189; k: 2.0; 151,36,250,65,199,191,139,69,162,105,76,25,123,170,162,188,47,105,130,25,114,83,162,120,93,162,41,196,34,113,71,246,233,53,240,66,136,250,218,54,1,143,249,163,168,188,194,224,196,199,74,71,246,233,179,9,6,37,73,105,134,55,95,69
Best fitness found so far: 0.59029411083189; k: 2.0
Generation: 116; 0.59029411083189; k: 2.0; 151,36,250,65,231,71,139,69,46,135,145,139,4,15,1,1,221,37,244,55,156,162,89,47,239,4,17,48,175,162,120,93,59,59,79,167,98,36,6,65,199,71,85,73,150,183,191,1,73,184,126,55,196,65,102
Best fitness found so far: 0.59029411083189; k: 2.0
Generation: 117; 0.59029411083189; k: 2.0; 151,36,250,65,199,71,139,69,162,135,33,25,164,139,57,162,135,71,139,69
Best fitness found so far: 0.59029411083189; k: 2.0
Generation: 118; 0.59029411083189; k: 2.0; 151,242,250,65,29,71,245,69,162,135,195,139,4,169,1,73,105,188,1,1,73,183,99,55,57,105,35,199,139,61,105
Best fitness found so far: 0.59029411083189; k: 2.0
Generation: 119; 0.59029411083189; k: 2.0; 151,172,250,65,129,71,139,69,162,165,62,98,36,1,73,105,134,55,95,69
Best fitness found so far: 0.59029411083189; k: 2.0
Generation: 120; 0.59029411083189; k: 2.0; 151,36,250,65,199,71,139,69,162,135,100,4,15,96,33,227,109,135,40,79,1,73,100,4,15,123,85,162,181,233,200,139,212,126,199,75,71,185,17
Best fitness found so far: 0.59029411083189; k: 2.0
Generation: 121; 0.59029411083189; k: 2.0; 249,172,250,116,199,71,139,69,138,135,139,126,80,154,219,236,191,171,73,74,21,73,209,192,227,121,57,237,16,199,170,243,59,79,167,98,231,211,129,199,71,85,235,218,139,226,185,73,65,199,71,139,134,162,135,59,74,71,246,87,53,115,103,154,93,144,109,1,211,69,177,135,84,74,21,73,209,192,227,121,57,237,16,199,170,243,59,79,167,98,231,211,129,199,71,85,235,218,139,226,185,73,65,199,71,139,134
Best fitness found so far: 0.59029411083189; k: 2.0
Generation: 122; 0.59029411083189; k: 2.0; 151,36,250,65,219,71,139,69,52,130,145,139,4,128,174,79,151,244,55,95,164,105,4,239,196,114,236,120,93,59,18,71,1,105,135,249,139,4,15,1,1,73,105,215,230,156,162,89,47,105,4,17,216,175,162,120,93,59,191,179,73,162,91,84
Best fitness found so far: 0.59029411083189; k: 2.0
Generation: 123; 0.59029411083189; k: 2.0; 151,36,250,65,29,71,139,69,162,190,145,139,82,249,243,183,55,180,13,235,217,139,172,176,7,136,73,105,183,183,57,5,59,54,1,73,33,53,11,120,131,93,230,93,1,73,203,117,183,34,88,105,4,151,36,250,65,29,71,139,69,162,135,145,139,4,169,1,73,105,244,46,151,36,250,65,199,99,139,69,162,135,71,139,69
Best fitness found so far: 0.59029411083189; k: 2.0
Generation: 124; 0.59029411083189; k: 2.0; 151,36,250,65,231,71,139,69,162,135,145,139,4,15,1,1,73,105,90,139,69,162,135,119,211,167,194,237,36,250,65,229,162,120,93,174,120,93,211,191,1,73,105,227
Best fitness found so far: 0.59029411083189; k: 2.0
Generation: 125; 0.59029411083189; k: 2.0; 123,36,250,65,137,71,139,69,138,135,59,175,4,196,53,181,94,3,221,96,246,105,126,118,121,58,238,161,34,139,47,96,73,84
Best fitness found so far: 0.59029411083189; k: 2.0
Generation: 126; 0.59029411083189; k: 2.0; 223,36,250,65,29,71,139,189,162,135,145,2,4,169,1,134,105,134,55,123,175,162,181,47,200,139,212,126,199,75,71,71,139,69,162,135,59,79,167,129,151,36,250,65,199,164,139,57,162,135,71,139,69
Best fitness found so far: 0.59029411083189; k: 2.0
Generation: 127; 0.59029411083189; k: 2.0; 210,36,250,74,199,71,139,69,162,135,249,36,250,65,199,71,139,69,209,135,59,79,167,98,36,6,65,199,71,85,69,162,135,71,139,187
Best fitness found so far: 0.59029411083189; k: 2.0
Generation: 128; 0.59029411083189; k: 2.0; 151,36,250,65,29,71,139,69,52,130,145,139,4,169,174,108,151,244,55,95,164,105,4,239,196,211,191,1,73,105,186
Best fitness found so far: 0.59029411083189; k: 2.0
Generation: 129; 0.59029411083189; k: 2.0; 88,36,250,65,29,71,139,189,162,135,145,6,4,169,1,73,105,134,55,97,199,71,139,69,162,135,71,139,162,181,47,200,139,98,137,154,172,236,191,171,37,196,183,183,55,57,105,235,199,119,191,167,73,105,71,25,123,175,139,191,1,73,221,4
Best fitness found so far: 0.59029411083189; k: 2.0
Generation: 130; 0.59029411083189; k: 2.0; 160,36,250,65,29,71,139,69,162,135,176,139,4,169,1,73,192,244,57,234,228,124,189,154,13,56,27,107,69,38,58,16,199,148,243,139,151,244,55,95,164,105,4,136,196,175,162,120,93,59,130,84
Best fitness found so far: 0.59029411083189; k: 2.0
Generation: 131; 0.59029411083189; k: 2.0; 185,36,250,65,29,71,139,69,162,135,145,139,123,37,179,73,112,1,105,65,199,71,139,69,162,135,104,250,65,137,71,139,69,162,135,59,79,167,11,126,162,130,84
Best fitness found so far: 0.59029411083189; k: 2.0
Generation: 132; 0.59029411083189; k: 2.0; 151,36,250,65,29,71,13,69,162,190,145,209,4,249,243,183,55,97,13,235,217,139,172,176,7,29,73,105,179,6,57,5,59,54,1,73,33,53,11,120,131,93,230,200,1,73,105,117,183,34,88,105,4,191,1,59,27,1,135,183,6,107,115,154,36,222
Best fitness found so far: 0.59029411083189; k: 2.0
Generation: 133; 0.59029411083189; k: 2.0; 151,36,80,65,199,71,139,69,162,135,99,71,139,69,162,105,76,25,123,92,101,188,47,105,130,155,114,71,25,182,175,139,191,1,150,171,4
Best fitness found so far: 0.59029411083189; k: 2.0
Generation: 134; 0.59029411083189; k: 2.0; 151,36,250,65,29,71,119,69,162,135,176,139,4,169,1,73,1,244,152,95,228,124,189,154,13,56,27,1,69,20,58,149,199,148,243,139,18,1,73,105,28,71,173,17
Best fitness found so far: 0.59029411083189; k: 2.0
Generation: 135; 0.59029411083189; k: 2.0; 151,36,250,65,29,71,139,69,162,135,145,139,82,37,222,73,199,1,187,135,145,139,82,37
Best fitness found so far: 0.59029411083189; k: 2.0
Generation: 136; 0.59029411083189; k: 2.0; 151,36,250,65,29,71,139,69,162,190,145,139,4,249,243,183,55,97,13,235,217,139,221,176,7,130,73,105,183,183,57,5,59,54,1,73,33,53,11,162,131,93,230,93,1,73,105,117,183,250,65,199,71,139,69,162,135,84
Best fitness found so far: 0.59029411083189; k: 2.0
Generation: 137; 0.59029411083189; k: 2.0; 151,36,250,65,199,71,139,69,162,135,36,250,65,199
Best fitness found so far: 0.59029411083189; k: 2.0
Generation: 138; 0.59029411083189; k: 2.0; 151,36,250,65,231,71,139,69,162,135,145,139,4,15,1,1,221,156,244,55,156,162,89,47,239,4,17,216,175,162,120,93,59,59,79,167,98,36,6,65,199,71,85,105,117,183,34,88,240,4,191,1,59,27,1,73,225,249,66,175
Best fitness found so far: 0.59029411083189; k: 2.0
Generation: 139; 0.59029411083189; k: 2.0; 160,36,250,65,29,71,141,69,162,135,176,139,4,169,174,73,50,244,59,234,188,124,189,154,13,56,27,1,69,36,154,220,41,148,243,139,18,1,73,105,172,249,243,183,55,97,13,235,217,139,172,113,7,130,73,105,183,109,148,162,135,145,139,110,169,1,73,105,244,55,148,228,245,37,167,59,79,167,98,36,6,65,199,71,85,69,162,135,71,139,187
Best fitness found so far: 0.59029411083189; k: 2.0
Generation: 140; 0.59029411083189; k: 2.0; 151,36,250,65,29,71,119,69,206,135
Best fitness found so far: 0.59029411083189; k: 2.0
Generation: 141; 0.59029411083189; k: 2.0; 6,36,250,65,199,71,139,69,190,135,191,171,162,120,93,162,120,27,1,73,105,249,205,175,69,190,135,191
Best fitness found so far: 0.59029411083189; k: 2.0
Generation: 142; 0.59029411083189; k: 2.0; 110,36,250,101,29,71,147,69,162,135,249,73,199,1,187
Best fitness found so far: 0.59029411083189; k: 2.0
Generation: 143; 0.59029411083189; k: 2.0; 151,36,250,65,231,71,139,69,162,135,145,139,90,15,1,1,73,105,244,55,156,162,89,47,105,4,17,216,113,162,120,93,59,191,179,73,162,135,201,211,167,194,237,104,73,160,21,73,105,244,55,109,57,195,57,199,67,243,139,18,1,73,105,4,25,35,6,107,189,154,36,214
Best fitness found so far: 0.59029411083189; k: 2.0
Generation: 144; 0.59029411083189; k: 2.0; 151,36,250,65,199,71,139,69,162,135,71,139,162,134,47,200,139,126,137,154,172,27,191,171,37,196,183,183,55,57,105,235,199,139,191,167,73,105,71,25,123,175,139,191,1,73,171,23
Best fitness found so far: 0.59029411083189; k: 2.0
Generation: 145; 0.59029411083189; k: 2.0; 151,242,250,65,29,71,139,69,162,135,112,139,4,75,210,73,105,229,55,95,228,124,135,71,139,236,191,171,73,160,114,201,105,129,55,109,119,31,47,199,148,198,106,18,1,183,183,5,5,158,123,142,134,150,86,191,135,73,136,65
Best fitness found so far: 0.59029411083189; k: 2.0
Generation: 146; 0.59029411083189; k: 2.0; 151,36,250,65,231,71,139,69,162,135,145,139,4,15,1,1,73,183,183,55,57,105,235,135,191,171,37,97,183,183,55,57,105,235,86,139,191,167,200,187
Best fitness found so far: 0.59029411083189; k: 2.0
Generation: 147; 0.59029411083189; k: 2.0; 151,36,250,65,29,71,139,69,162,190,145,173,131,249,160,183,55,97,13,235,217,139,172,176,7,130,73,105,183,183,181,141,59,73,1,121,33,53,11,120,131,93,230,93,1,73,105,72,236,34,88,105,4,234,1,59,27,1,73,105,135,71,139,69
Best fitness found so far: 0.59029411083189; k: 2.0
Generation: 148; 0.59029411083189; k: 2.0; 151,36,250,65,199,71,139,69,162,135,33,219,196,164,46,120,93,59,127,1,73,105,126,127,230,191,1,73,73,105,17,174,22,249,181,122,105,4,79,139,176,36,6,65,174,71,85,69,162,135,235,139,187,36,250,65,199,71,139,69,162,135,33,219,196,164,46,120,93,59,127,1,73,105,126,127,230,191,1,73,73,105,17,174,22,249,181,122
Best fitness found so far: 0.59029411083189; k: 2.0
Generation: 149; 0.59029411083189; k: 2.0; 151,36,250,65,81,71,139,69,52,135,145,139,4,169,1,200,139,126,137,154,172,236,191,171,37,196,183,183,146,57,105,235,136,139,226,167,73,65,199,71,139,69,10,135,59,74,71,246,87,53,115,103,154,93,144,109,1,29,69,177,135,84
Best fitness found so far: 0.59029411083189; k: 2.0
Generation: 150; 0.59029411083189; k: 2.0; 122,8,250,65,199,71,139,69,162,135
Best fitness found so far: 0.59029411083189; k: 2.0
Generation: 151; 0.59029411083189; k: 2.0; 16,70,250,65,199,71,65,69,162,135,33,59,196,175,162,120,93,59,75,235,4,25,35,6,107,189,231,74,175
Best fitness found so far: 0.59029411083189; k: 2.0
Generation: 152; 0.59029411083189; k: 2.0; 210,36,250,59,173,71,139,69,24,135,145,180,166,169,1,73,119,244,55,250,47,105,4,17,196,114,162,120,93,59,191,179,73,32,130,114
Best fitness found so far: 0.59029411083189; k: 2.0
Generation: 153; 0.59029411083189; k: 2.0; 151,36,250,65,231,71,139,69,162,135,131,139,4,15,1,1,73,105,244,55,156,162,89,47,105,4,17,216,175,162,162,135,71,139,93,181,47,200,139,126,137,154,172,236,191,171,37,196,183,183,146,57,105,235,199,139,226,167,73,65,199,71,139,69,162,135,59,74,71,246,245,53,115,103,154,93,144,109,1,211,69,189,135,160
Best fitness found so far: 0.59029411083189; k: 2.0
Generation: 154; 0.59029411083189; k: 2.0; 137,172,250,65,199,71,139,69,162,135,201,211,167,194,237,104,73,160,21,73,17
Best fitness found so far: 0.59029411083189; k: 2.0
Generation: 155; 0.59029411083189; k: 2.0; 160,36,250,65,29,71,139,69,90,135,176,139,4,169,1,73,50,244,55,234,228,124,189,154,13,69,27,1,69,113,58,16,199,148,27,139,18,1,73,105,4,249,243,183,55,97,13,235,142,139,172,113,7,130,73,105,121,109,148,162,184,145,139,110,169,1,73,105,133,151,172,250,133,199,71,139,69,138,206
Best fitness found so far: 0.59029411083189; k: 2.0
Generation: 156; 0.59029411083189; k: 2.0; 151,36,250,65,29,71,21,69,162,135,176,139,24,46,1,73,143,167,55,14,11,191,90,161,21,214,191,134,94,3,221,96,73,105,126,55,209,58,238,154,97,139,47,71,73,105,244,183,109,69,25,75,147,225,31,187,232,46,166,194,120,93,114,103,163,228,105,27,164,69,62,58,155,33,148,243,159,18,1,73,105,4,249,243,183,55,97,13,235,217,139,202,35,13,153,73,105,183,183,57,5,173,54,1,73,33,53,105,120,131,93,174,93,1,73,105,117,183,34,8,173,135,131
Best fitness found so far: 0.59029411083189; k: 2.0
Generation: 157; 0.59029411083189; k: 2.0; 151,36,250,65,199,71,139,69,162,135,100,4,15,96,33,227,109,1,69,83,135,146,103,118
Best fitness found so far: 0.59029411083189; k: 2.0
Generation: 158; 0.59029411083189; k: 2.0; 151,172,250,65,199,71,139,69,162,135,156,1,73,100,4,15,123,175,162,181,16,73,105,173,75,191,60,240,57,175
Best fitness found so far: 0.59029411083189; k: 2.0
Generation: 159; 0.59029411083189; k: 2.0; 151,172,250,65,199,71,139,69,162,135,201,123,163,162,77,47,105,139,5,126,21,139,58,162,174,75,76,193
Best fitness found so far: 0.59029411083189; k: 2.0
Generation: 160; 0.59029411083189; k: 2.0; 151,36,250,65,199,71,139,229,162,135,71,139,162,181,47,200,139,126,137,154,172,236,191,171,37,196,183,183,55,57,105,179,222,139,191,167,73,105,71,25,123,175,250,124,199,60,139,69,228,14,59,81,49,246,87,53,49,103,164,73,100,4,182,123,175,162,77,47,105,139,5,126,21,139,69,162,174,75,76,235
Best fitness found so far: 0.59029411083189; k: 2.0
Generation: 161; 0.59029411083189; k: 2.0; 151,172,250,65,199,71,139,69,100,135,201,211,167,194,237,104,73,24,21,118,105,244,55,109,65,29,71,139,69,162,135,145,139,4,37,222,73,199,1,105,71,25,161,175,82,191,1,150,171,4,73,199,1,105,71
Best fitness found so far: 0.59029411083189; k: 2.0
Generation: 162; 0.59029411083189; k: 2.0; 151,36,250,65,29,71,139,69,162,165,145,139,110,169,1,73,105,244,55,95,122,245,37,167,98,36,6,158,199,71,85,69,162,135,71,18,243,73,105,243,244,1,105,105,244,55,95,228,245,189,113,13,144,181,117,200,139,52,55,250,65,75,174,145
Best fitness found so far: 0.59029411083189; k: 2.0
Generation: 163; 0.59029411083189; k: 2.0; 151,36,250,65,199,66,139,69,162,105,76,25,123,170,167,194,237,104,73,160,21,73,105,244,55,109,57,110,16,199,148,243,162,18,1,73,105,4,25,18,6,107,189,154,36,175
Best fitness found so far: 0.59029411083189; k: 2.0
Generation: 164; 0.59029411083189; k: 2.0; 210,36,250,65,199,71,139,69,162,135,249,18,63,73,105,4,25,35,6,53,69,66,135,139,126,80,154,219,236,191,171,100,160,21,36,250,65,141,71,102,69,162,135,71,139,69
Best fitness found so far: 0.59029411083189; k: 2.0
Generation: 165; 0.59029411083189; k: 2.0; 151,36,250,65,199,71,139,69,162,135,59,79,167,98,36,6,65,199,71,162,69,162,135,150,174,4
Best fitness found so far: 0.59029411083189; k: 2.0
Generation: 166; 0.59029411083189; k: 2.0; 210,36,250,65,199,71,139,69,162,135,249,130,84
Best fitness found so far: 0.59029411083189; k: 2.0
Generation: 167; 0.59029411083189; k: 2.0; 210,36,250,65,199,71,139,69,162,135,141,199,226,139,69,230,135,100,104,15,93,33,162,181,64,200,139,52,55,250,65,75,174,145
Best fitness found so far: 0.59029411083189; k: 2.0
Generation: 168; 0.59029411083189; k: 2.0; 151,36,250,65,81,71,139,69,52,135,145,139,4,169,1,135,119,244,55,105,107,59,156,162,89,47,105,4,17,216,175,162,120,93,59,191,179,73,162,135,210,139,187
Best fitness found so far: 0.59029411083189; k: 2.0
Generation: 169; 0.59029411083189; k: 2.0; 151,172,250,65,199,71,139,69,162,135,200,211,162,135,71,139,187
Best fitness found so far: 0.59029411083189; k: 2.0
Generation: 170; 0.59029411083189; k: 2.0; 151,36,250,65,199,71,139,69,162,135,100,4,15,96,33,162,181,47,200,139,52,65,199,241,139,69,162,135,71,223,69
Best fitness found so far: 0.59029411083189; k: 2.0
Generation: 171; 0.59029411083189; k: 2.0; 151,36,250,65,29,71,141,69,162,135,118,37,3,169,1,73,176,244,55,95,228,124,189,154,13,59,27,1,69,17,58,16,199,148,243,139,18,1,35,105,4,5,116,162,130,84
Best fitness found so far: 0.59029411083189; k: 2.0
Generation: 172; 0.59029411083189; k: 2.0; 151,36,250,65,29,71,119,69,10,135,176,139,4,162,238,73,197,244,152,95,228,124,189,22,162,181,47,105,78,169,110,176,36,6,65,174,71,85,69,162,135,71,139,187
Best fitness found so far: 0.59029411083189; k: 2.0
Generation: 173; 0.59029411083189; k: 2.0; 14,36,250,65,29,71,119,69,162,135,176,139,4,169,1,62,1,244,152,73,100,4,15,140,175,162,77,47,105,139,212,126,224,139,69,162,186,75,145,57,162,249,175,162,120,93,59,236,87,73,1,130,107
Best fitness found so far: 0.59029411083189; k: 2.0
Generation: 174; 0.59029411083189; k: 2.0; 138,36,250,65,199,71,139,69,162,105,65,222,71,139,69,37,135,145,191,4,15,1,1,73,183,183,55,57,105,235,199,139,61,105
Best fitness found so far: 0.59029411083189; k: 2.0
Generation: 175; 0.59029411083189; k: 2.0; 10,36,250,101,101,71,147,69,162,135,107,189,231,74,175
Best fitness found so far: 0.59029411083189; k: 2.0
Generation: 176; 0.59029411083189; k: 2.0; 151,36,250,65,199,71,139,69,162,105,76,165,125,170,162,188,47,105,130,25,114,10,105,98,191,84,81,3,221,96,73,105,126
Best fitness found so far: 0.59029411083189; k: 2.0
Generation: 177; 0.59029411083189; k: 2.0; 78,176,250,101,29,71,147,69,162,135,17,1,73,100,4,15,123,154,68,181,210,147,88,100
Best fitness found so far: 0.59029411083189; k: 2.0
Generation: 178; 0.59029411083189; k: 2.0; 123,36,250,65,137,71,139,69,162,135,59,79,167,179,126,71,139,189,162,135,145,2,4,6,1,73,105,134,55,95,69
Best fitness found so far: 0.59029411083189; k: 2.0
Generation: 179; 0.59029411083189; k: 2.0; 151,36,250,65,115,71,33,69,162,135,59,79,33,73,100,4,15,123,175,162,181,47,200,139,212,126,199,75,135,145,139,4,15,1,1,222,105,244,55,156,162,89,47,105,182,123,216,175,162,120,159,59,191,10,165,13,130,84,175,162,181,47,200,139,212,126,199,75,135,145,139,4,15,1,1,222,105,244,55,156,162,89,47,105
Best fitness found so far: 0.59029411083189; k: 2.0
Generation: 180; 0.59029411083189; k: 2.0; 151,36,250,101,29,71,117,69,126,135,183,6,155,65,150,71,165,69,162,135,118,128,4,169,1,165,47,244,55,95,228,124,189,154,13,59,27,1,69,209,58,16,192,148,243,41,34,1,35,105,4,5,243,183,55,97,13,235,217,139,172,35,134,73,105,4,191,1,18,155,244,55,109,234,102
Best fitness found so far: 0.59029411083189; k: 2.0
Generation: 181; 0.59029411083189; k: 2.0; 151,36,250,65,199,71,139,69,162,135,33,59,196,175,162,120,93,59,191,1,73,105,126,20,230,191,1,130,105,183,189,194,69,162,105,76,25,123,170,162,188,47,105,130,25,114,136,162,120,93,162,120,93,211,191,43,23,105,65
Best fitness found so far: 0.59029411083189; k: 2.0
Generation: 182; 0.59029411083189; k: 2.0; 151,242,250,65,29,71,139,69,162,135,176,139,161,169,210,73,139,69,162,135,59,79,167,129,151,36,250,65,199,164,123,175,134,73,105,4,191,1,73,184,126,55,109,65,102
Best fitness found so far: 0.59029411083189; k: 2.0
Generation: 183; 0.59029411083189; k: 2.0; 151,36,250,65,199,71,139,69,162,135,71,139,162,31,13,200,139,126,137,154,172,236,191,5,158,123,142,134,150,86,191,1,73,19,65
Best fitness found so far: 0.59029411083189; k: 2.0
Generation: 184; 0.59029411083189; k: 2.0; 78,36,250,101,29,71,147,69,162,135,17,1,73,100,4,15,123,175,68,168,210,147,88,6,249,180,46,219,194,224,53,25,74,71,41,87,30,115,103,8,93,144,191,1,139,69,237,135,84,112,71,173,87,53,115
Best fitness found so far: 0.59029411083189; k: 2.0
Generation: 185; 0.59029411083189; k: 2.0; 151,82,250,41,199,71,139,69,162,135,71,242,250,152,29,71,139,69,162,135,176,139,18,77,73,105,4,51,208,183,126,97,13,235,217,139,172,28,151,130,73,105,183,183,57,5,173,54,1,73,33,53,135,120,131,93,230,93,1,114,105,117,183,34,185,59,4,191,1,242,91,1,45,105,244,66,175
Best fitness found so far: 0.59029411083189; k: 2.0
Generation: 186; 0.59029411083189; k: 2.0; 151,26,250,65,29,71,139,69,162,135,175,162,120,93,59,236,87,73,162,130,239
Best fitness found so far: 0.59029411083189; k: 2.0
Generation: 187; 0.59029411083189; k: 2.0; 123,36,250,65,137,71,139,69,162,135,59,175,134,196,53,79,69,1,73,100,250,65,137,71
Best fitness found so far: 0.59029411083189; k: 2.0
Generation: 188; 0.59029411083189; k: 2.0; 151,36,250,233,29,71,139,69,162,190,145,139,4,249,243,183,55,97,188,235,40,139,172,176,116,130,73,105,183,183,57,5,59,54,1,73,33,53,11,120,131,93,230,93,1,73,105,98,151,174,250,163,29,71,139,189,162,135,145,2,4,6,158,73,105,134,55,214,79
Best fitness found so far: 0.59029411083189; k: 2.0
Generation: 189; 0.59029411083189; k: 2.0; 151,36,250,65,231,71,139,69,162,135,145,139,4,15,1,249,73,15,123,175,68,181,211,147,88,6,249,163,53,219,194,224,53,25,74,71,246,87,53,115,103,8,93,144,191,1,139,69,237,135,84,74,71,246,87,53,115
Best fitness found so far: 0.59029411083189; k: 2.0
Generation: 190; 0.59029411083189; k: 2.0; 151,242,250,65,29,21,139,69,162,135,153,139,4,169,250,65,137,193,139,69,162,41,59,79,167,179,126,162,130,84
Best fitness found so far: 0.59029411083189; k: 2.0
Generation: 191; 0.59029411083189; k: 2.0; 172,36,250,65,199,71,139,69,162,135,249,18,1,73,105,4,89,47,142,4,17,216,97,162,159,93,59,191,179,26,162,143,171,37,196,183,183,146,57,105,235,199,139,226,167,73,65,199,52,35,69,162,135,59,74,71,246,74,53,115,103,154,93,15,109,1,211,69,177,135,84
Best fitness found so far: 0.59029411083189; k: 2.0
Generation: 192; 0.59029411083189; k: 2.0; 151,36,100,65,29,71,21,69,162,135,176,139,24,46,1,73,105,25,55,93,11,191,90,10,105,214,191,134,94,3,221,96,73,105,126,55,209,58,238,133,97,139,47,71,73,105,244,183,109,69,25,75,147,225,31,187,232,46,166,194,120,50,211,63,1,228,105,27,152,69,20,58,16,199,76,38,139,18,1,73,105,4,226,167,73,65,199,71,139,69,79,135,59,125,71,246,87,53,115,103,154,93,144,109,1,211,69,202,135,84
Best fitness found so far: 0.59029411083189; k: 2.0
Generation: 193; 0.59029411083189; k: 2.0; 151,36,250,65,199,71,139,69,162,135,131,171,37,63,183,183,55,57,105,235,162,135,145,139,110,169,1,73,105,244,55,95,228,245,37,167,98,36,6,65,53,71,85,69,162,135,71,139,187
Best fitness found so far: 0.59029411083189; k: 2.0
Generation: 194; 0.59029411083189; k: 2.0; 151,36,250,65,29,71,139,69,162,135,176,139,4,169,1,73,105,130,55,93,11,191,1,242,105,166,191,134,94,3,221,51,144,105,126,55,121,58,238,133,97,139,47,96,73,85,244,25,109,199,78,54,69,162,135,71,223,69
Best fitness found so far: 0.59029411083189; k: 2.0
Generation: 195; 0.59029411083189; k: 2.0; 151,172,250,65,199,71,139,89,162,135,201,211,133,194,237,227,71,119,69,162,118,176,58,79,169,18,73,1,244,152,73,100,139,126,80,154,219,236,191,171,73,160,21,73,105,244,55,109,57,110,16,199,84,243,59,79,167,98,36,6,65,199,71,85,69,83,135,71,139,26
Best fitness found so far: 0.59029411083189; k: 2.0
Generation: 196; 0.59029411083189; k: 2.0; 151,36,250,65,29,71,139,69,162,135,176,139,4,169,1,73,105,244,55,95,228,124,169,1,73,105,244,55,95,228,124,189,154,7,56,65
Best fitness found so far: 0.59029411083189; k: 2.0
Generation: 197; 0.59029411083189; k: 2.0; 151,36,250,65,199,71,139,69,162,135,33,25,196,175,22,120,93,151,36,250,161,199,71,139,69,73,100,4,15,123,46,162,77,47,105,139,5,126,21,139,69,119,174,75,76,193
Best fitness found so far: 0.59029411083189; k: 2.0
Generation: 198; 0.59029411083189; k: 2.0; 151,36,250,65,29,71,139,69,162,190
Best fitness found so far: 0.59029411083189; k: 2.0
Generation: 199; 0.59029411083189; k: 2.0; 151,36,250,65,29,71,139,69,52,135,145,139,4,169,1,92,119,244,55,95,233,105,4,17,196,89,162,120,93,59,154,179,73,139,69,162,135,118,128,162,135,210,139,187
Best fitness found so far: 0.59029411083189; k: 2.0
Total time of execution of seed 5 : 21180321
Solution Fitness: -0.59029411083189
Variables: random 4 chebyshev split moveNear join
