Generation: 0; 0.0; k: 0.0; 89,98,64,5,155,185
Best fitness found so far: 0.0; k: 0.0
Generation: 1; 0.2814796285854109; k: 9.0; 62,57,167,192,101,189,119,177,89,224,1,206,143,155,189
Best fitness found so far: 0.2814796285854109; k: 9.0
Generation: 2; 0.5698430817025129; k: 2.0; 225,120,11,40,155,74,5,156,25,87
Best fitness found so far: 0.5698430817025129; k: 2.0
Generation: 3; 0.5647505772541155; k: 2.0; 175,233,95,76,225,183,11,228,155,74,5,218,137,195,189,176,143,117,71,8,42
Best fitness found so far: 0.5698430817025129; k: 2.0
Generation: 4; 0.5289597971539405; k: 2.0; 43,166,249,137,137,45,189,31,15,178,185,159,238,60
Best fitness found so far: 0.5698430817025129; k: 2.0
Generation: 5; 0.5571312788278624; k: 2.0; 182,45,76,245,125,9,145,130,163,55,143
Best fitness found so far: 0.5698430817025129; k: 2.0
Generation: 6; 0.5643922400830863; k: 2.0; 132,57,167,35,95,76,225,183,11,38,137,74,5,75,64,100,180,200,15,198,145,236,116,137,85,189,176,143,152,71,8,42
Best fitness found so far: 0.5698430817025129; k: 2.0
Generation: 7; 0.5370315093736269; k: 2.0; 175,233,95,128,225,183,11,38,137,74,5,241,64,100,180,200,15,198,166,236,116,137,1,189,176,75,76
Best fitness found so far: 0.5698430817025129; k: 2.0
Generation: 8; 0.5794866424329765; k: 2.0; 43,166,249,236,137,45,189,31,15,178,45,79,31,87,49,220,110,48,114,241,165,118,220,110,239,114,241
Best fitness found so far: 0.5794866424329765; k: 2.0
Generation: 9; 0.5796638486852401; k: 2.0; 2,166,226,218,249,236,137,45,189,31,15,178,45,79,31,87,49,220,110,48,114,241,95,184,220,110,239,114,241
Best fitness found so far: 0.5796638486852401; k: 2.0
Generation: 10; 0.5796638486852401; k: 2.0; 2,166,226,218,249,161,137,45,189,31,15,178,45,79,31,87,49,220,110,48,114,241,95,184,220,245,24,9,44,154,178,218
Best fitness found so far: 0.5796638486852401; k: 2.0
Generation: 11; 0.5876028722494893; k: 2.0; 182,201,230,245,125,71,77,150,201,16,167,64,113,42,31,222,49,220,21,48,10,18,117,208,142,45,130,245,24,9,44,154,48,218,194,245,125,161,1,150,201,16,101,64,113,42,31,222,49,220,21,48,10,18,45,204,87
Best fitness found so far: 0.5876028722494893; k: 2.0
Generation: 12; 0.5794866424329765; k: 2.0; 186,166,249,236,35,45,189,31,15,178,45,79,31,87,49,220,110,48,114,241,165,120,220,180,2,166,249,156,137,193,48,176,143,139,71,192,198
Best fitness found so far: 0.5876028722494893; k: 2.0
Generation: 13; 0.5876028722494893; k: 2.0; 182,201,230,245,125,71,77,150,201,16,167,64,113,42,31,222,49,220,64,48,212,100,180,200,15,13,166,236,116,33,45,71,56,198,36,35,45,189,31,15,60,236,116,121,1,189,176,75,204
Best fitness found so far: 0.5876028722494893; k: 2.0
Generation: 14; 0.5794866424329765; k: 2.0; 43,166,249,236,137,45,189,31,15,178,45,79,31,87,49,220,110,48,225,183,104,38,77,74,5,241,64,100,71,200,15,198,18,45,79,167,87,234,220,207,48,225,167,167,35,101,189,119,215,30,241,240,118,220,110,48,114,241
Best fitness found so far: 0.5876028722494893; k: 2.0
Generation: 15; 0.588779335340367; k: 2.0; 175,233,95,76,225,183,11,159,155,100,5,241,64,5,180,200,117,182,122,76,245,125,9,145,130,163,55,143
Best fitness found so far: 0.588779335340367; k: 2.0
Generation: 16; 0.5876028722494893; k: 2.0; 245,45,45,245,125,71,1,150,201,16,101,64,113,42,31,222,81,35,246,223,10,18,117,208,142,96,130,245,24,9,108,154,48,133,161,245,244,71,1,150,108,16,101,249,236,137,45,189,31,15,178,45,79,31,87,49,220,110,48,114,241,57,210,220,110,239,114,241
Best fitness found so far: 0.588779335340367; k: 2.0
Generation: 17; 0.5876028722494893; k: 2.0; 245,45,45,245,125,71,161,150,201,16,101,64,91,42,31,222,26,35,21,48,10,165,117,208,142,96,130,245,24,9,44,154,48,206,161,245,244,71,1,150,201,237,101,64,113,42,73,95,128,195,183,11,38,137,114,241
Best fitness found so far: 0.588779335340367; k: 2.0
Generation: 18; 0.5876028722494893; k: 2.0; 245,45,45,245,125,71,1,150,201,16,101,64,113,42,31,222,7,35,21,48,10,18,117,208,142,96,130,101,24,9,44,154,45,157,66,15,178,7,79,31,87,49,13,110,48,142,241,165,18,183,104,38,194,15,5,241,186,100,71,200,15,23,31,45,79,240,114,45,201,16,101,64,113,84,31,87,49,29,208,248,114,229,85,182,132,23,152,71,125,9,219
Best fitness found so far: 0.588779335340367; k: 2.0
Generation: 19; 0.588779335340367; k: 2.0; 175,233,95,76,225,183,11,159,155,100,5,241,64,5,29,38,137,74,5,75,183,100,32,65,175,114,185,233,95,76,225,183,11,159,155
Best fitness found so far: 0.588779335340367; k: 2.0
Generation: 20; 0.588779335340367; k: 2.0; 175,233,95,76,225,183,11,159,155,100,5,241,64,5,29,38,96,74,5,75,183,100,184,220,110,239,114,241
Best fitness found so far: 0.588779335340367; k: 2.0
Generation: 21; 0.588779335340367; k: 2.0; 175,233,95,76,225,183,11,159,155,100,5,241,64,5,29,38,96,74,5,75,183,100,244,220,110,239,114,241
Best fitness found so far: 0.588779335340367; k: 2.0
Generation: 22; 0.588779335340367; k: 2.0; 175,233,95,76,225,183,11,159,155,100,5,241,64,5,29,38,96,74,5,75,183,100,244,220,101,64,113,42,73,95,128,225,183,11,38,83,137,5,241,64,100,180,143,152,114,8,42
Best fitness found so far: 0.588779335340367; k: 2.0
Generation: 23; 0.588779335340367; k: 2.0; 175,233,95,76,225,183,11,159,155,100,5,241,64,5,180,71,56,198,36,35,45,189,31,15,60,236,116,121,1,189,176,75,204
Best fitness found so far: 0.588779335340367; k: 2.0
Generation: 24; 0.588779335340367; k: 2.0; 175,87,95,76,225,183,11,159,17,100,5,241,64,5,29,153,137,74,5,205,183,100,32,242,31,45,150,149,16,237,64,91,42,32,65,175,114,246,233,95,76,225,183,11,135,155
Best fitness found so far: 0.588779335340367; k: 2.0
Generation: 25; 0.588779335340367; k: 2.0; 175,233,95,76,225,183,11,159,229,100,5,241,64,5,180,8,166,5,100,200,56,198,107,35,142,24,127,142,48,130,245,78,9,108,154,48,133,54,245,244,71,1,150,237,16,101,249,95,114,53,190,224,15,178,45,79,242,87,49,198,45,48,112,243,180,210,220,110,239,74,5,241,10,93,180,143,48,114,8,42,8,166,5,100,200
Best fitness found so far: 0.588779335340367; k: 2.0
Generation: 26; 0.588779335340367; k: 2.0; 91,87,95,76,225,183,11,159,17,100,5,241,218,5,29,153,137,97,5,204,54,100,32,193,31,45,150,227,16,237,72,91,42,53,65,31,222,7,35,21,48,55,18,43,166,249,236,233,45,189,31,59,178,45,182,215,130,49,100,180,200,15,83,145,186,87,106,220,116,134,114,241,165,118,165,160,197,119,185,233,45,189,31,59,178
Best fitness found so far: 0.588779335340367; k: 2.0
Generation: 27; 0.588779335340367; k: 2.0; 175,233,95,76,225,183,11,159,155,100,5,241,64,5,29,38,96,74,101,64,91,42,31,222,26,35,21,48,10,165,117,208,142,96,130,245,24,9,44,154,48,206,161,245,246,71,1,150,41,237,101,242,233,113,128,166,193,84,38,137,114,46
Best fitness found so far: 0.588779335340367; k: 2.0
Generation: 28; 0.588779335340367; k: 2.0; 175,233,95,76,225,183,11,159,91,100,5,241,64,5,220,38,81,74,5,75,183,100,184,220,110,239,114,5,180,200,23,198,172,134,73,178,177,26,241,165,18,183,104,38,23,15,5,241,186,100,71,200,15,23,31,192,79,240,114,45,201,16,101,64,113,84,31,12,49,29,201,248,114,229,85,182,132,23,152,23,125,9,219
Best fitness found so far: 0.588779335340367; k: 2.0
Generation: 29; 0.588779335340367; k: 2.0; 175,233,95,76,225,183,11,159,155,100,5,241,64,5,171,38,225,74,101,64,91,42,31,222,52,58,21,48,10,165,117,208,142,96,130,245,24,9,44,154,40,206,161,140,246,71,1,150,41,237,101,96,74,5,241,10,93,180,143,152,114,8,42
Best fitness found so far: 0.588779335340367; k: 2.0
Generation: 30; 0.588779335340367; k: 2.0; 175,233,95,76,243,183,11,159,155,100,5,241,64,210,29,43,96,74,111,101,64,113,42,42,95,185,32,183,11,122,11,204,110,48,225,219,104,63,137,74,209,241,64,69,180,200,15,198,166,236,116,236,52,195,162,31,88,178,45,79,33,87,85,76,225,215,11,51,155,100,5,241,64,5,103,166,137,74,5,75,183,100,225,183,11,159,73,4,5,241,31,5,180,8,166,5,100,200,56,198,107,224,142,188,230
Best fitness found so far: 0.588779335340367; k: 2.0
Generation: 31; 0.588779335340367; k: 2.0; 175,87,95,76,225,183,11,159,17,100,5,241,218,5,29,153,137,97,5,205,183,100,32,242,31,45,150,149,187,237,64,91,42,53,10,175,114,151,215,154,144,198,36,35,45,189,31,15,75,236,116,121,1,189,176,75,204
Best fitness found so far: 0.588779335340367; k: 2.0
Generation: 32; 0.588779335340367; k: 2.0; 175,233,95,76,225,183,11,159,141,100,5,241,64,5,49,175,96,74,5,163,55,143
Best fitness found so far: 0.588779335340367; k: 2.0
Generation: 33; 0.588779335340367; k: 2.0; 175,233,95,76,225,183,11,159,229,100,5,241,64,5,180,8,178,229,100,200,56,198,107,175,56,24,127,142,200,202,245,78,9,177,154,48,133,176,79,244,71,1,150,237,53,101,249,2,114,75,190,100,32,242,31,45,150,83,16,237,64,91,116,53,65,175,114,151,201,110,222,114,162,165,178,154
Best fitness found so far: 0.588779335340367; k: 2.0
Generation: 34; 0.588779335340367; k: 2.0; 175,233,95,76,225,183,11,204,141,100,5,241,4,5,49,149,96,74,159,155,100,5,245,55,5,180,200,117,17,134,233,245,107,11,241,8,5,180,8,166,5,43,200,56,133,107,35,142,24,104
Best fitness found so far: 0.588779335340367; k: 2.0
Generation: 35; 0.588779335340367; k: 2.0; 175,233,95,166,225,183,11,159,155,100,5,241,189,5,70,200,117,182,134,233,245,100,180,243,166,10,156,9,145,130,163,55,90
Best fitness found so far: 0.588779335340367; k: 2.0
Generation: 36; 0.588779335340367; k: 2.0; 175,233,95,76,225,183,11,159,147,100,5,241,64,5,180,200,117,182,111,97,48,10,56,104,86,142,96,165,245,225,183,11,159,139
Best fitness found so far: 0.588779335340367; k: 2.0
Generation: 37; 0.588779335340367; k: 2.0; 175,233,95,76,225,183,49,159,91,25,5,241,64,5,220,38,81,74,5,75,183,100,184,220,110,239,114,5,180,200,23,198,172,134,73,178,177,26,241,165,18,183,104,38,23,27,48,73,183,187,6,137,74,176,241,64,100,180,200,15,152,166,236,116,190,45,175,162,83,142,178,45,90,168,98,150,174,237,101,35,36,95,128,195,219,84,38,137,114,46
Best fitness found so far: 0.588779335340367; k: 2.0
Generation: 38; 0.588779335340367; k: 2.0; 175,233,95,76,225,183,11,159,17,100,5,241,64,5,29,38,92,74,166,123,69,100,32,207,64,91,42,149,222,34,35,21,91,113,84,148,156,49,29,208,248,114,229,85,182,132,65,152,71,198,175,219
Best fitness found so far: 0.588779335340367; k: 2.0
Generation: 39; 0.588779335340367; k: 2.0; 175,233,95,166,225,183,11,159,155,100,173,241,64,5,180,200,126,182,134,233,136,75,183,100,184,220,110,239,114,241
Best fitness found so far: 0.588779335340367; k: 2.0
Generation: 40; 0.588779335340367; k: 2.0; 175,233,95,76,225,183,11,159,155,100,5,241,208,5,180,107,56,90,36,35,121,189,31,15,211,223,10,112,140,208,142,72,130,245,77,9,123,154,48,48,9,146,154,48,133,46,245,244,71,150,201,184,101,64,113,42,31,222,49,220,21,48,63,18,207,204,87
Best fitness found so far: 0.588779335340367; k: 2.0
Generation: 41; 0.588779335340367; k: 2.0; 175,87,95,76,225,183,11,94,155,100,5,241,188,5,29,38,96,74,164,75,183,100,10,18,117,43,163,96,208,245,136,9,43,154,48,133,161,221,197,238,244,143,225,207,116,195,79,180,100
Best fitness found so far: 0.588779335340367; k: 2.0
Generation: 42; 0.588779335340367; k: 2.0; 175,233,95,76,21,183,11,159,229,100,5,241,64,5,242,8,166,5,100,200,56,226,6,175,142,24,127,142,48,202,245,78,9,177,154,48,133,54,200,244,71,1,150,237,16,5,75,241,222,131,56,18,117,96,142,242,39,166,110,9,108,76,48,133,161,245,159,71,236,150,108,16,101,249,225,148,104,221,194,175,5,241,64,100,71,200,172,181,18,45,227,31,87,49,220,241,48,98,241,165,74,165,236,146,180,243,94,90,44,137,193,189,9,143,139,229,8,16,197,238,241,143,206,183,11,195,202,180,15,178,45,118,222,236,35,190,48,10,18,25,22,174,96,103,245,87,55,30,110,108,225,183,133,38,77,74,211,241,64,100,71,200,217,181,18,45,26,124,115,216,25,239,48,6,241,165,20,165,41,138,193,243,166,237,57,137,193,189,33,143,139,71,21,189,197,238,244,143,225,183,116,195,79,28,100
Best fitness found so far: 0.588779335340367; k: 2.0
Generation: 43; 0.588779335340367; k: 2.0; 175,233,95,76,225,183,11,159,155,100,5,241,64,5,29,38,137,74,5,75,183,100,225,183,11,159,229,100,5,241,64,5,180,8,166,5,100,200,141,100,5,241,64,5,49,175,96,74,58,182,183,100,244,17,212,55,113,42,42,95,85,246,223,203,177,154,215,149,96,70,191,48,218,146,45,45,23,125,71,1,150,201,16,101,64,113,145,31,178,81,50,246,223,11,76,213,183,11,82,184,49,5,241,123,5,180,200,249,198,8,35,195,87,208
Best fitness found so far: 0.588779335340367; k: 2.0
Generation: 44; 0.588779335340367; k: 2.0; 175,87,95,76,225,183,11,139,17,100,5,241,84,5,29,153,137,129,5,205,183,100,32,69,208,45,150,149,16,186,64,91,42,53,65,175,114,151,201,181,98,114,162,52,226,183,11,159,17,100,5,242,67,5,29,38,137,74,111,75,183,11,32,242,31,45,237,149,33,237,64,225,183,11,159,229,100,5,241,64,5,228,8,73,5,84,217,56,198,64,5,29,38,100,5,241,24,5,208,200,117,182,85,76,146,125,9,92,239,114,241,249,95,161,225,183,11,159,17,100,235,241,64
Best fitness found so far: 0.588779335340367; k: 2.0
Generation: 45; 0.588779335340367; k: 2.0; 175,233,95,76,225,183,11,159,229,100,5,241,64,5,180,8,166,5,100,200,175,233,95,166,225,183,11,159,155,100,5,241,64,5,180,200,117,182,134,233,245,238,12,7,56,198,226,48,206,161,245,246,71,35,150,41,87,101,242,233,238,128,142,193,84,87,62,114,46
Best fitness found so far: 0.588779335340367; k: 2.0
Generation: 46; 0.588779335340367; k: 2.0; 91,87,80,76,225,183,11,159,17,100,5,241,218,5,29,153,137,142,5,204,54,100,32,193,31,45,150,227,16,170,237,242,42,53,65,31,222,7,35,21,230,55,18,43,166,249,236,225,45,189,31,59,178,45,244,215,224,49,100,180,200,15,16,101,64,113,42,31,222,7,35,23,48,10,18,25,245,69,226,103,245,87,49,221,110,3,225,183,104,38,77,74,5,204,151,100,245,200,42,181,18,45,124,31,198,166,130,116,236,45,175,162,229,88,178,45,79,33,87,32,65,134,114,185,233,95,76,225,183,86,4,155
Best fitness found so far: 0.588779335340367; k: 2.0
Generation: 47; 0.588779335340367; k: 2.0; 175,233,95,76,225,183,11,159,17,100,5,241,64,5,29,38,137,31,5,75,183,100,32,242,31,45,150,149,16,237,239,91,188,31,222,216,111,28,48,225,183,21,38,137,74,114,241,53,100,111,200,15,198,166,236,29,137,1,189,176,75,96
Best fitness found so far: 0.588779335340367; k: 2.0
Generation: 48; 0.588779335340367; k: 2.0; 175,233,95,76,243,183,11,234,155,100,5,241,64,210,29,43,96,74,111,101,68,113,42,42,95,185,32,183,11,122,11,204,237,41,218,5,29,153,216,129,45,46,248,100,32,242,7,9,110,239,114,241
Best fitness found so far: 0.588779335340367; k: 2.0
Generation: 49; 0.588779335340367; k: 2.0; 175,233,95,76,61,183,11,159,155,100,5,241,64,5,29,38,96,74,26,45,36,245,125,71,1,150,201,125,9,145,130,163,55,143
Best fitness found so far: 0.588779335340367; k: 2.0
Generation: 50; 0.588779335340367; k: 2.0; 82,233,95,76,225,183,11,159,155,55,249,241,64,5,29,31,222,49,220,21,48,17,18,45,204,87
Best fitness found so far: 0.588779335340367; k: 2.0
Generation: 51; 0.588779335340367; k: 2.0; 175,233,95,88,225,183,11,159,155,100,63,241,64,130,33,38,96,74,5,75,183,100,244,220,110,49,125,9,51,5,241,47,50,175,143,152,114,8,198
Best fitness found so far: 0.588779335340367; k: 2.0
Generation: 52; 0.588779335340367; k: 2.0; 175,233,95,76,225,183,11,159,155,100,5,136,64,5,180,116,117,182,134,160,14,125,156,183,130,163,118,242,35,64,113,231,31,222,93,35,61,223,162,18,117,96,142,242,39,162,24,9,108,76,48,133,31,222,155,100,5,241,64,5,180,200,234,145,115,163,55,195
Best fitness found so far: 0.588779335340367; k: 2.0
Generation: 53; 0.588779335340367; k: 2.0; 59,233,95,76,225,183,11,159,91,100,5,241,64,5,220,38,81,74,5,75,183,100,184,220,32,239,114,227,180,149,92,198,172,91,73,178,177,26,241,165,18,183,104,38,23,15,86,241,186,100,71,200,15,23,31,192,79,176,114,45,201,16,101,64,189,84,31,12,49,29,85,248,114,229,85,182,132,23,152,23,125,58,219
Best fitness found so far: 0.588779335340367; k: 2.0
Generation: 54; 0.588779335340367; k: 2.0; 175,233,95,166,225,183,11,159,155,100,5,241,64,5,12,200,59,91,134,233,245,143,11,28,64,5,48,8,62,161,172,201,16,66,207,91,42,16,222,56,198,107,35,71,75,198,36,35,2,189,31,15,60,236,116,121,1,189,176,75,204
Best fitness found so far: 0.588779335340367; k: 2.0
Generation: 55; 0.588779335340367; k: 2.0; 175,233,95,76,225,183,11,159,17,100,5,241,64,5,18,38,7,74,5,75,183,100,32,242,31,45,150,149,16,41,239,91,42,31,222,216,111,84,48,10,165,117,208,142,96,190,198,24,9,170,239,183,11,159,155,100,5,241,64,5,180,166,117,113,134,12,245,125,37,108,130,163,55,90
Best fitness found so far: 0.588779335340367; k: 2.0
Generation: 56; 0.588779335340367; k: 2.0; 59,233,95,76,225,183,11,159,155,100,5,241,184,5,29,38,240,74,5,75,51,100,225,183,11,159,229,100,165,198,24,9,170,154,48,206,161,245,27,71,1,28,84,201,116,172,113,214,73,244,128,172,102,214,38,179,127,245,214,71,1,237,117,200,75,163,55,195
Best fitness found so far: 0.588779335340367; k: 2.0
Generation: 57; 0.588779335340367; k: 2.0; 175,233,95,76,225,183,11,159,141,100,5,241,4,5,49,175,96,45,5,75,183,100,244,47,37,64,113,42,42,95,128,225,183,11,122,83,195,110,71,225,183,97,6,137,5,123,69,100,32,101,149,91,42,149,222,189,35,21,118,12,163,117,208,216,96,114,38
Best fitness found so far: 0.588779335340367; k: 2.0
Generation: 58; 0.588779335340367; k: 2.0; 175,87,95,76,225,183,11,139,17,100,237,241,218,5,29,153,137,129,5,139,183,100,32,242,31,45,150,149,16,237,64,91,241,17,101,64,89,42,42,95,128,225,122,11,122,83,140,126,71,225,183,97,170,137,74,187,241,64,100,180,200,84,102,166,236,116,236,45,175,162,31,88,178,45,188,33,87,32,65,238,114,185,233,53,76,225,183,11,4,155
Best fitness found so far: 0.588779335340367; k: 2.0
Generation: 59; 0.588779335340367; k: 2.0; 158,233,95,76,225,183,11,159,155,100,5,241,64,5,180,183,11,159,155,100,171,126,64,5,29,38,96,74,5,241,10,93,180,143,92,114,8,42
Best fitness found so far: 0.588779335340367; k: 2.0
Generation: 60; 0.588779335340367; k: 2.0; 175,87,95,76,225,183,11,159,17,100,5,241,218,5,29,153,98,97,48,205,183,100,32,242,31,45,150,149,16,237,5,64,5,180,200,117,182,134,12,245,125,9,145,130,163,55,90
Best fitness found so far: 0.588779335340367; k: 2.0
Generation: 61; 0.588779335340367; k: 2.0; 82,233,95,100,225,183,11,159,155,100,187,241,64,5,29,38,137,74,181,75,126,100,49,140,111,151,225,183,21,38,137,105,214,241,53,100,111,200,15,198,159,155,100,5,241,64,210,29,43,96,74,111,101,64,113,42,42,95,185,32,183,38,122,11,140,110,48,225,219,104,63,137,74,5,241,46,100,180,200,15,198,166,236,116,236,45,195,162,31,88,178,45,79,33,87,49,140,111,151,225,183,21,38,228,74,5,42,53,100,111,200,15,198,166,236,116,137,1,189,66,75,199
Best fitness found so far: 0.588779335340367; k: 2.0
Generation: 62; 0.588779335340367; k: 2.0; 175,233,95,76,225,183,11,159,155,100,5,241,64,5,29,38,96,74,101,64,122,42,31,222,106,35,21,48,10,165,117,208,142,167,130,245,24,9,44,154,48,206,161,245,174,175,233,95,76,225,183,11,159,155,100,5,241,64,5,180,71,56,198,242,35,45,189,31,15,60,236,116,121,1,189,176,75,204
Best fitness found so far: 0.588779335340367; k: 2.0
Generation: 63; 0.588779335340367; k: 2.0; 175,21,95,76,225,183,11,159,155,100,245,241,180,200,117,182,159,155,100,5,241,64,188,29,125,96,74,5,75,183,150,184,220,110,24,114,241
Best fitness found so far: 0.588779335340367; k: 2.0
Generation: 64; 0.588779335340367; k: 2.0; 245,233,95,166,225,183,11,159,155,100,5,241,64,5,180,200,117,182,134,233,245,242,11,34,241,5,214,71,1,70,217,187,191,249,145,184,45,189,13,15,178,14,79,145,236,116,37,192,49,208,143,179,183,213,141,9,3,61,82,155,141,5,146,44,5,174,200,47,198,172,26,221,178,96
Best fitness found so far: 0.588779335340367; k: 2.0
Generation: 65; 0.588779335340367; k: 2.0; 175,233,95,166,225,183,11,159,155,100,5,16,212,5,180,200,117,182,134,233,245,143,29,28,64,5,49,8,71,184,172,108,16,101,64,91,42,31,222,56,205,99,35,130,24,7,35,171,110,133,18,43,243,249,203,233,45,189,240,209,178,45,182,215,56,49,169,180,200,15,83,145,186,87,106,220,116,134,114,241,111,118,165,160,197,119,185,233,45,55,18,43,166,249,236,233,45,189,31,59,178,45,182,215,130,49,34,180,200,15,116,33,45,200,117,178,187,76,245,222,11,145,130,163,55,143
Best fitness found so far: 0.588779335340367; k: 2.0
Generation: 66; 0.588779335340367; k: 2.0; 175,233,95,76,55,183,11,159,141,100,5,241,4,5,49,175,96,74,70,179,183,100,86,17,101,64,113,42,199,95,128,225,183,11,198,83,140,110,90,225,183,97,85,137,74,5,241,64,100,23,200,84,198,166,236,116,236,45,175,162,31,41,237,101,69,74,5,241,10,93,4,143,152,114,8,42
Best fitness found so far: 0.588779335340367; k: 2.0
Generation: 67; 0.588779335340367; k: 2.0; 91,87,80,76,225,183,11,159,17,100,5,241,218,5,29,153,137,211,5,204,54,100,32,193,31,30,150,227,16,170,237,200,42,53,65,31,222,7,35,21,230,55,18,43,166,249,55,233,45,189,31,59,82,45,182,125,211,145,130,163,55,90
Best fitness found so far: 0.588779335340367; k: 2.0
Generation: 68; 0.588779335340367; k: 2.0; 175,233,95,76,225,183,11,159,17,100,5,241,64,5,29,38,137,74,5,7,35,21,90,122,18,43,24,249,236,233,45,189,31,59,178,45,182,215,130,49,33,180,200,15,116,33,45,217,117,178,187,76,159,13,11,145,130,163,246,143
Best fitness found so far: 0.588779335340367; k: 2.0
Generation: 69; 0.588779335340367; k: 2.0; 154,45,45,55,225,183,11,159,155,100,63,241,64,5,29,113,96,74,5,75,183,100,244,220,110,245,125,34,183,11,159,141,100,5,241,64,5,49,175,96,169,5,182,183,100,244,17,212,64,113,42,42,95,128,246,223,203,177,154,208,42,96,70,143,48,218,146,45,45,236,125,71,1,150,201,16,101,64,113,145,31,178,81,35,246,223,11,76,213,199,11,82,184,49,5,241,123,5,180,200,249,198,8,35,195,87,208,183,100,244,17,212,64,113,42,42,95,128,246,223,203,177,154,208,42,96,70,143,48,218,146,45,45,236,125,71,1,150,201,16,101,64,113,145,31,178,81,35,246,223,11,76,213,199,11,82,184,49,5,241,123,5,180,200,249,198,8,35,195
Best fitness found so far: 0.588779335340367; k: 2.0
Generation: 70; 0.588779335340367; k: 2.0; 175,233,95,76,225,183,11,159,155,100,5,241,64,5,29,38,137,74,5,154,183,100,225,183,11,159,229,34,5,241,64,5,180,8,9,170,154,48,206,161,245,108,71,1,96,201,201,140,64,113,151,73,95,128,11,33,214,38,137,150,141
Best fitness found so far: 0.588779335340367; k: 2.0
Generation: 71; 0.588779335340367; k: 2.0; 175,233,95,76,225,183,11,159,155,100,5,241,64,5,181,38,137,74,5,75,183,100,23,65,175,114,185,233,95,76,225,52,241,64,5,180,8,144,5,68,200,56,198,107,35,47,24,7,35,21,110,55,18,43,166,249,236,249,45,189,31,59,178,45,182,215,130,176,33,236,200,15,83,145,186,45,106,220,116,134,114,241,111,118,165,160,197,119,185,233,45,131,31,59,178
Best fitness found so far: 0.588779335340367; k: 2.0
Generation: 72; 0.588779335340367; k: 2.0; 175,233,95,76,225,183,11,109,155,100,5,241,64,5,29,38,248,74,5,75,183,100,10,18,117,43,163,96,208,245,154,9,44,154,48,133,229,213,216,94,199,100,5,241,64,5,29,38,96,240,136,75,183,100,10,18,117,43,163,11,159,229,100,165,198,24,9,170,154,48,227,161,245,27,179,1,28,84,201,116,172,128,42,73,62,106,172,102,214,38,137,182,245,214,71,1,237,217,187,191,249,145,184,45,189,13,15,178,57,79,145,236,116,37,192,189,208,143,179,183,211,141,9,3,61,82,155,141,5,146,44,5,180,200,47,198,172,26,221,178,96
Best fitness found so far: 0.588779335340367; k: 2.0
Generation: 73; 0.588779335340367; k: 2.0; 175,233,95,166,225,183,11,159,155,100,5,241,64,5,180,200,59,91,134,233,245,143,11,28,172,134,73,178,96
Best fitness found so far: 0.588779335340367; k: 2.0
Generation: 74; 0.588779335340367; k: 2.0; 175,233,95,166,225,183,11,159,155,100,5,241,189,5,180,200,117,182,134,233,245,43,243,249,203,233,45,189,31,209,178,45,182,215,130,49,115,180,140,15,83,145,186,87,106,220,91,134,114,3,111,118,165,160,197,159,185,117,45,72,110,59,178
Best fitness found so far: 0.588779335340367; k: 2.0
Generation: 75; 0.588779335340367; k: 2.0; 175,233,95,76,225,183,11,159,141,100,5,241,64,5,49,175,206,74,5,182,183,100,244,155,101,45,113,42,42,5,128,225,183,179,122,83,140,19,48,233,183,183,6,41,74,196,38,77,74,162,241,64,100,71,200,234,181,18,45,26,124,181,216,220,239,48,6,242,16,20,165,180,246,56,223,36,35,34,189,100,5,241,64,5,29,38,137,74,5,75,183,100,32,109,31,45,150,149,50,119,64,91,42,31,93,26,36,124,48,10,165,117,208,142,96,165,245,24,9,170,154,189,206,161,245,10,236,1,244,201,201,109,130,245,24,9,44,154,48,206,161,245,244,168,1,150,201,237,119,242,163,95,128,195,219,84,38,81,114,46
Best fitness found so far: 0.588779335340367; k: 2.0
Generation: 76; 0.588779335340367; k: 2.0; 175,233,95,76,225,183,11,94,155,100,5,241,64,5,234,38,96,74,5,75,183,100,10,18,117,74,163,96,208,245,74,5,75,183,100,32,242,31,129,67,149,16,237,64,91,42,31,222,26,111,28,119,139,165,117,219,142,96,165,245,24,9,170,154,65,61,57,245,163,71,1,150,201,201,116,64,105,42,73,95,128,172,33,214,38,137,150,126
Best fitness found so far: 0.588779335340367; k: 2.0
Generation: 77; 0.588779335340367; k: 2.0; 175,233,95,76,225,48,11,159,117,100,5,116,126,5,180,68,117,182,134,226,14,125,199,145,130,163,147,16,35,16,30,231,31,246,81,35,84,223,151,18,171,96,163,242,39,162,24,9,108,76,37,133,31,222,97,163,211,242,10,40,140,208,100,200,56,198,142,35,166,24,7,35,44,125,55,18,43,166,249,236,233,45,189,219,59,178,45,182,215,130,33,34,180,148,15,116,33,45,200,117,178,187,76,245,125,211,145,130,163,55,143
Best fitness found so far: 0.588779335340367; k: 2.0
Generation: 78; 0.588779335340367; k: 2.0; 175,233,95,76,225,183,11,94,199,100,5,241,64,5,29,38,96,240,173,75,183,100,10,18,117,43,163,11,159,229,100,165,198,12,239,170,154,48,206,161,245,27,71,1,198,168,201,116,172,113,42,73,62,128,172,102,214,38,137,127,245,214,71,1,237,217,187,191,130,145,184,45,189,13,15,178,14,79,145,236,116,37,192,189,8,5,100,200,56,198,107,129,142,1,189,204,75,204
Best fitness found so far: 0.588779335340367; k: 2.0
Generation: 79; 0.588779335340367; k: 2.0; 141,233,95,76,225,183,11,159,155,100,5,241,208,5,180,154,56,90,36,35,98,134,12,245,125,9,145,130,163,55,90
Best fitness found so far: 0.588779335340367; k: 2.0
Generation: 80; 0.588779335340367; k: 2.0; 16,233,95,76,225,183,11,159,141,100,5,241,64,5,49,175,206,74,5,212,183,100,244,17,170,45,113,42,42,5,128,225,183,179,122,83,140,27,216,225,183,187,6,41,123,141,38,77,74,5,241,64,100,71,200,234,181,18,45,26,124,115,216,220,239,52,6,241,165,201,184,101,64,197,42,72,222,49,220,6,48,17,18,45,204,87
Best fitness found so far: 0.588779335340367; k: 2.0
Generation: 81; 0.588779335340367; k: 2.0; 175,233,95,76,225,183,11,159,155,100,5,241,208,5,180,71,56,90,36,164
Best fitness found so far: 0.588779335340367; k: 2.0
Generation: 82; 0.588779335340367; k: 2.0; 175,233,95,76,225,183,11,159,165,100,129,241,64,5,100,175,96,74,5,169,183,100,244,17,75,183,100,244,220,101,121,58,31,5,241,24,5,180,200,117,182,85,76,245,125,9,92,239,114,241,249,95,22,225,183,11,159,17,100,5,241,210
Best fitness found so far: 0.588779335340367; k: 2.0
Generation: 83; 0.588779335340367; k: 2.0; 175,233,95,76,225,183,11,159,155,100,5,241,64,5,171,231,225,165,101,41,228,42,31,222,52,140,21,48,23,249,172,76,73,157,96
Best fitness found so far: 0.588779335340367; k: 2.0
Generation: 84; 0.588779335340367; k: 2.0; 175,233,95,76,225,183,11,159,45,100,5,241,64,5,180,8,146,5,100,193,56,198,107,176,155,86,63,241,178,5,29,38,96,74,5,75,183,100,244,220,112,245,125,9,110,239,114,241
Best fitness found so far: 0.588779335340367; k: 2.0
Generation: 85; 0.588779335340367; k: 2.0; 175,233,95,76,225,183,11,159,141,100,5,241,4,5,49,175,96,136,70,75,183,55,244,17,101,64,113,42,90,95,128,225,190,11,122,83,140,110,105,225,183,97,6,137,74,5,241,155,100,180,200,85,198,166,236,116,236,45,226,162,31,88,178,45,79,33,130,32,65,175,114,185,233,95,76,225,183,225,183,11,159,155,100,5,166,64,5,180,200,59,91,134,233,245,143,51,28,64,5,48,26,62,161,172,201,16,226,207,91,42,16,222,56,198,107,35,47,24,7,35,21,110,133,18,43,243,249,203,233,45,189,186,209,178,211,182,215,130,49,18,232,200,15,83,145,186,87,106,125,116,134,240,241,111,118,165,160,197,119,185,233,45,72,31,59,141
Best fitness found so far: 0.588779335340367; k: 2.0
Generation: 86; 0.588779335340367; k: 2.0; 73,233,95,76,225,183,11,159,229,100,5,241,64,5,3,8,144,5,100,200,56,198,107,35,47,24,31,35,21,110,55,18,43,26,249,236,233,45,31,178,81,35,246,223,11,76,213,183,11,82,184,153,5,241,123,5,180,200,249,198,19,35,195,87,208
Best fitness found so far: 0.588779335340367; k: 2.0
Generation: 87; 0.588779335340367; k: 2.0; 110,233,95,76,225,183,11,159,155,100,5,241,64,5,180,200,117,145,75,104
Best fitness found so far: 0.588779335340367; k: 2.0
Generation: 88; 0.588779335340367; k: 2.0; 175,87,95,76,225,183,11,159,17,100,5,241,64,5,29,153,137,74,198,118,224,142,24,230
Best fitness found so far: 0.588779335340367; k: 2.0
Generation: 89; 0.588779335340367; k: 2.0; 175,87,95,1,45,183,11,159,17,100,5,241,128,5,29,153,137,74,248,205,183,100,32,59,31,106,48,149,16,237,64,91,42,32,65,175,114,183,11,159,4,100,182,132,65,152,71,198,9,18
Best fitness found so far: 0.588779335340367; k: 2.0
Generation: 90; 0.588779335340367; k: 2.0; 175,233,95,76,225,183,11,159,155,100,5,100,5,241,64,5,180,200,93,145,75,163,55,195
Best fitness found so far: 0.588779335340367; k: 2.0
Generation: 91; 0.588779335340367; k: 2.0; 175,233,95,76,225,183,29,159,155,100,5,241,64,5,180,230,117,182,134,12,215,125,228,145,130,163,118,16,35,64,113,42,31,222,81,35,61,61,162,18,117,96,142,242,39,158,24,9,108,76,48,133,161,245,1,236,116,121,16,189,176,127,204,117,182,134,12,215,125,228,145,130,163,118,16,35,64,113,42
Best fitness found so far: 0.588779335340367; k: 2.0
Generation: 92; 0.588779335340367; k: 2.0; 219,233,95,76,225,183,11,159,229,100,5,241,213,5,3,8,144,5,100,200,56,198,142,35,74,5,75,183,100,244,220,57,239,114,241
Best fitness found so far: 0.588779335340367; k: 2.0
Generation: 93; 0.588779335340367; k: 2.0; 175,233,95,166,225,183,11,159,155,100,5,241,64,5,180,200,117,225,159,42,72,222,49,220,21,48,140,18,45,204,87
Best fitness found so far: 0.588779335340367; k: 2.0
Generation: 94; 0.588779335340367; k: 2.0; 123,249,95,22,225,183,11,159,17,100,5,241,64,5,29,38,100,5,241,198,5,188,123
Best fitness found so far: 0.588779335340367; k: 2.0
Generation: 95; 0.588779335340367; k: 2.0; 175,87,95,1,45,183,11,159,17,100,5,241,64,5,29,153,137,74,39,205,37,100,32,5,216,180,200,117,182,195,7,100,32,242,31,45,59,149,16,237,64,91,116,53,65,175,114,151,201,110,222,114,162,165,44,154
Best fitness found so far: 0.588779335340367; k: 2.0
Generation: 96; 0.588779335340367; k: 2.0; 175,233,95,76,225,183,11,159,155,100,171,126,153,5,29,38,203,233,100,63,129,64,5,29,113,96,173,5,75,183,100,244,220,110,245,125,9,21,239,114,241
Best fitness found so far: 0.588779335340367; k: 2.0
Generation: 97; 0.588779335340367; k: 2.0; 239,87,95,76,225,183,11,139,17,100,5,241,84,5,29,153,137,129,5,54,183,100,209,157,208,45,71,149,195,186,64,91,42,53,108,175,114,151,83,137,5,241,64,100,180,143,152,114,8,42
Best fitness found so far: 0.588779335340367; k: 2.0
Generation: 98; 0.588779335340367; k: 2.0; 175,233,95,76,225,183,11,159,17,100,5,241,64,5,29,38,137,74,5,75,183,100,32,242,31,215,150,149,16,194,239,91,42,13,222,216,36,28,48,10,165,117,208,142,96,165,198,24,9,170,202,33,127,64,227,183,11,159,229,100,5,241,64,92,228,8,73,5,100,217,56,198,107,35,142,115,104
Best fitness found so far: 0.588779335340367; k: 2.0
Generation: 99; 0.588779335340367; k: 2.0; 175,233,95,76,225,183,11,94,199,100,5,241,64,5,29,38,96,240,5,75,185,100,10,41,183,171,128,65,175,18,34,233,95,243,77,183,11,159,233,113,128,166,229,47,38,137,114,46
Best fitness found so far: 0.588779335340367; k: 2.0
Generation: 100; 0.588779335340367; k: 2.0; 175,233,95,166,225,183,11,54,155,100,5,241,197,5,180,200,117,182,134,180,68,117,182,48,140,14,145,156,200,130,163,118,16,35,16,113,20,31,222,81,35,84,49,151,18,117,96,154,242,179,162,24,9,108,236,227,190,145,222,97,44,218,223,10,40,140,208,142,72,130,68,137,9,123,154,48,48,9,146,154,48,133,66,234,244,20,150,201,184,101,64,113,159,3,222,49,173,21,48,17,18,45,204,87
Best fitness found so far: 0.588779335340367; k: 2.0
Generation: 101; 0.588779335340367; k: 2.0; 175,233,95,76,225,183,11,159,41,100,5,241,4,5,49,212,96,74,5,75,183,18,244,17,101,64,95,42,42,65,162,225,183,11,122,83,140,110,71,225,183,97,6,123,74,5,241,64,100,147,200,84,198,166,236,212,236,45,175,162,31,88,178,45,79,33,87,188,65,175,114,185,233,95,76,225,183,11,4,38,137,74,5,44,183,100,49,140,111,151,225,183,21,38,137,74,5,194,53,100,111,200,15,198,166,236,29,137,1,189,176,75,137
Best fitness found so far: 0.588779335340367; k: 2.0
Generation: 102; 0.588779335340367; k: 2.0; 91,87,80,76,225,183,11,159,17,100,5,241,218,5,29,153,137,97,5,204,54,100,32,193,31,45,150,227,16,170,237,91,42,53,65,31,222,7,35,21,230,55,18,43,166,249,236,233,45,189,31,59,178,45,182,215,130,49,100,180,200,15,16,101,64,113,42,31,222,7,35,23,48,10,18,25,43,163,226,103,70,152,166,236,116,190,151,175,162,102,127,178,45,90,190,98,150,52,237,101,35,163,95,128,195,219,84,38,137,114,46
Best fitness found so far: 0.588779335340367; k: 2.0
Generation: 103; 0.588779335340367; k: 2.0; 175,233,95,166,225,183,11,159,51,100,5,241,64,5,180,130,117,182,159,155,100,5,241,64,188,29,125,96,74,207,75,147,100,159,17,100,5,241,64
Best fitness found so far: 0.588779335340367; k: 2.0
Generation: 104; 0.588779335340367; k: 2.0; 175,233,95,76,243,183,11,159,155,100,5,241,64,210,29,43,96,74,111,101,64,113,237,42,95,136,32,183,11,122,11,204,110,48,225,219,104,63,137,74,209,241,64,69,180,200,15,198,166,236,116,218,50,195,162,31,88,178,45,79,87,33,85,76,225,215,11,51,155,100,5,241,64,5,103,166,153,74,5,75,183,100,225,183,11,159,73,4,100,63,241,64,5,29,113,96,74,5,75,183,100,244,220,110,245,125,9,21,117,114,67
Best fitness found so far: 0.588779335340367; k: 2.0
Generation: 105; 0.588779335340367; k: 2.0; 175,233,95,76,225,183,11,94,155,100,5,241,64,5,29,38,96,74,128,75,183,100,10,18,100,235,241,64,5,29,38,87,125,7,75,138,100,32,172,31,46,240,95,15,237,239,91,44,31,222,216,180,17,48,10,165,72,208,142,96,165,105,24,9,170,154,156,206,161,245,180,178,1,211,201,201,116,64,184,42,73,62,128,172,53,214,142,137,96,194,214,71,1,237,243,16,36,249,249,137,45,189,13,15,178,45,79,145,236,116,37,237,189,245,143,201,117,53,9,175,114,113,42,31,222,49,220,21,48,10,18,9,204,87
Best fitness found so far: 0.588779335340367; k: 2.0
Generation: 106; 0.588779335340367; k: 2.0; 175,233,95,76,225,183,109,159,155,100,5,241,64,5,29,38,240,74,5,75,51,100,225,183,11,170,229,100,165,148,24,9,170,47,48,206,161,245,27,71,1,28,84,201,116,172,113,42,73,62,128,172,102,214,149,137,127,245,214,71,1,237,217,62,232,249,249,184,45,189,13,15,178,14,79,145,24,95,76,225,183,63,159,155,100,63,241,64,5,29,38,96,74,5,75,183,100,244,220,110,245,125,9,110,239,114,241
Best fitness found so far: 0.588779335340367; k: 2.0
Generation: 107; 0.588779335340367; k: 2.0; 175,233,95,166,225,183,11,159,155,100,5,241,64,5,180,200,59,91,134,233,245,143,11,28,64,5,48,8,62,6,172,201,16,101,207,91,42,106,222,56,198,93,183,47,24,7,35,21,110,133,12,43,243,249,203,233,45,189,186,209,178,45,182,215,130,49,115,67,177,15,83,145,53,87,106,125,116,134,240,241,111,118,165,160,197,119,185,233,140,72,31,59,141
Best fitness found so far: 0.588779335340367; k: 2.0
Generation: 108; 0.588779335340367; k: 2.0; 175,233,95,76,225,183,11,159,23,100,5,241,64,5,29,38,87,125,5,32,183,100,32,172,31,73,210,95,16,237,239,91,193,31,222,216,176,28,48,10,165,117,208,142,96,165,47,24,9,170,7,48,45,249,245,163,71,1,28,201,201,116,64,113,42,73,62,22,172,158,214,38,137,189,245,214,71,1,237,221,16,36,249,249,137,45,189,13,15,178,45,79,145,236,116,37,85,189,245,143,179,117,53,221,175,114,151,201,110,144,114,162,87,95,76,225,183,11,159,17,100,5,241,64,5,29,153,118,74,5,205,183,100,32,240,31,10,150,149,16,237,64,91,42,32,144,175,114,246,233,95,76,225,183,199,135,155
Best fitness found so far: 0.588779335340367; k: 2.0
Generation: 109; 0.588779335340367; k: 2.0; 175,233,95,76,225,183,11,159,229,100,5,241,231,5,180,8,144,5,194,200,56,198,107,32,47,24,7,16,237,215,91,42,31,222,26,36,124,48,10,165,117,208,142,117,165,23,24,9,170,154,48,206,161,245,105,71,1,154,201,201,174,132,245,24,9,44,154,48,206,27,245,137,168,1,150,201,237,101,242,163,95,128,195,219,84,38,137,114,2
Best fitness found so far: 0.588779335340367; k: 2.0
Generation: 110; 0.588779335340367; k: 2.0; 175,233,95,76,147,183,11,159,17,240,5,241,64,5,29,38,136,74,5,75,183,100,32,242,114,45,150,149,16,76,64,91,42,31,222,26,111,28,48,10,165,117,208,142,96,165,55,223,9,205,154,48,206,161,245,163,71,1,150,201,201,116,64,113,42,73,95,31,222,216,186,28,48,10,165,117,208,142,96,165,198,24,9,170,154,102,206,161,245,163,71,1,28,71,201,187,64,113,42,73,62,128,172,53,214,38,160,189,245,214,71,1,237,217,16,36,249,249,137,45,189,13,250,178,45,79,145,236,116,37,85,189,245,143,179,117,53,65,175,114,217,201,110,144,114,162,131,44,126
Best fitness found so far: 0.588779335340367; k: 2.0
Generation: 111; 0.588779335340367; k: 2.0; 175,233,95,76,225,183,11,159,155,100,63,241,64,5,29,22,96,74,5,75,183,100,244,220,110,245,31,45,150,149,164,237,64,91,182,64,100,180,22,180,223,15,249,145,236,116,216,85,189,176,45,189,31,59,248,45,182,215,130,49,100,183,200,15,83,145,186,87,106,220,116,134,114,241,165,118,165,160,197,119,185,233,45,189,31,59,178
Best fitness found so far: 0.588779335340367; k: 2.0
Generation: 112; 0.588779335340367; k: 2.0; 175,233,95,76,225,183,11,159,155,100,5,241,132,210,235,43,96,74,111,101,64,113,42,42,95,185,32,183,11,122,11,140,110,48,225,219,104,63,137,119,5,241,64,100,180,200,15,198,166,236,116,236,45,195,162,31,88,24,45,79,33,87,49,140,111,151,225,183,21,185,233,95,76,224,43,11,4,155
Best fitness found so far: 0.588779335340367; k: 2.0
Generation: 113; 0.588779335340367; k: 2.0; 175,233,95,166,225,183,11,159,155,100,5,241,64,5,180,200,117,137,74,5,75,183,100,128,65,175,18,34,233,95,243,225,183,11,159,233,95,197,166,229,47,38,137,114,46
Best fitness found so far: 0.588779335340367; k: 2.0
Generation: 114; 0.588779335340367; k: 2.0; 175,233,95,76,225,183,11,159,155,100,5,241,64,35,180,116,117,182,134,12,14,125,156,145,130,163,118,16,35,64,113,231,31,222,81,35,61,223,162,18,209,96,221,175,39,162,24,9,108,76,48,182,31,222,183,206,211,223,10,40,140,208,142,72,76,190,133,31,222,97,44,211,223,10,40,140,208,142,72,130,245,77,9,123,154,48,48,9,146,237,48,133,46,245,214,20,150,201,145,101,64,113,42,3,222,49,173,21,48,92,18,45,204,87
Best fitness found so far: 0.588779335340367; k: 2.0
Generation: 115; 0.588779335340367; k: 2.0; 175,233,95,76,225,183,11,159,141,100,5,241,64,5,49,175,96,49,91,240,81,100,244,17,101,64,113,42,42,95,16,225,183,11,122,83,140,27,48,225,183,187,6,137,241,64,5,29,38,137,110,5,192,183,100,128,65,175,18,34,233,236,243,225,183,11,159,233,113,128,166,229,47,38,137,114,46
Best fitness found so far: 0.588779335340367; k: 2.0
Generation: 116; 0.588779335340367; k: 2.0; 175,233,95,166,225,183,11,159,155,100,5,241,64,5,180,200,66,182,134,233,245,143,11,28,64,5,48,8,71,161,172,201,16,206,161,245,244,71,21,150,116,201,101,64,148,42,73,95,173,195,183,11,38,137,3,241
Best fitness found so far: 0.588779335340367; k: 2.0
Generation: 117; 0.588779335340367; k: 2.0; 175,87,95,1,45,183,11,159,17,100,5,241,64,5,29,153,137,74,39,205,183,37,32,59,31,45,76,96,16,237,64,91,42,32,65,175,114,183,47,159,17,100,5,73,5,180,8,166,5,100,200,56,198,107,224,142,24,230
Best fitness found so far: 0.588779335340367; k: 2.0
Generation: 118; 0.588779335340367; k: 2.0; 175,233,95,76,225,183,57,94,155,100,5,241,64,5,29,38,96,74,196,75,183,100,10,18,117,43,190,100,5,241,64,5,180,200,117,182,134,233,245,242,12,10,56,198,162,91,142,24,104
Best fitness found so far: 0.588779335340367; k: 2.0
Generation: 119; 0.588779335340367; k: 2.0; 175,233,95,76,225,183,11,159,155,100,5,241,64,5,29,218,240,74,5,99,51,100,225,105,37,159,229,25,165,198,219,9,170,154,48,206,161,245,129,38
Best fitness found so far: 0.588779335340367; k: 2.0
Generation: 120; 0.588779335340367; k: 2.0; 175,233,95,76,225,183,11,159,141,100,5,241,64,5,49,175,96,74,5,75,183,175,233,95,166,73,183,11,159,155,100,5,241,64,5,180,200,117,182,22,233,245,242,12,10,56,198,107,91,142,24,104
Best fitness found so far: 0.588779335340367; k: 2.0
Generation: 121; 0.588779335340367; k: 2.0; 175,167,95,76,225,183,11,159,155,100,5,241,64,5,100,5,241,64,5,103,166,137,74,5,75,183,100,225,183,11,159,73,4,5,241,65,5,180,8,166,5,100,200,56,198,107,224,142,188,230
Best fitness found so far: 0.588779335340367; k: 2.0
Generation: 122; 0.588779335340367; k: 2.0; 175,233,95,76,225,183,11,159,17,100,5,241,64,5,59,38,137,74,5,75,183,100,32,242,31,45,150,149,16,41,239,91,42,31,222,216,111,28,48,10,165,117,208,102,96,190,198,24,9,170,242,230,206,161,245,27,71,1,28,201,78,116,64,113,42,73,146,128,172,33,214,38,137,127,245,214,71,1,237,217,16,36,249,249,225,45,189,13,15,178,45,79,90,236,116,37,63,189,42,57,179,183,48,141,9,183,150,201,16,101,64,113,42,31,222,7,35,37,126,105,18,117,208,142,96,130,101,23,9,44,154,45,157,173,15,178,7,79,31,87,49,13,110,48,142,241,165,18,183,104,38,194,15,5,103,1,100,71,200,15,23,31,45,79,240,114,45,245,16,50,64,113,84,148,87,49,29,208,248,114,229,199,45,76,225,183,11,159,91,100,63,241,64,5,29,113,96,74,5,75,183,100,244,220,110,245,125,9,21,239,114,241
Best fitness found so far: 0.588779335340367; k: 2.0
Generation: 123; 0.588779335340367; k: 2.0; 73,233,95,76,225,183,11,159,229,100,5,241,213,5,3,8,118,5,151,200,56,198,142,35,47,24,7,35,21,125,55,18,43,35,21,125,55,139,43,166,249,236,233,45,189,31,59,8,45,182,215,130,49,34,180,200,15,231,33,45,200,117,178,187,247,245,125,11,145,130,163,177,143
Best fitness found so far: 0.588779335340367; k: 2.0
Generation: 124; 0.588779335340367; k: 2.0; 175,233,95,76,225,183,11,159,155,100,5,241,64,5,180,200,117,182,134,12,130,125,228,145,130,163,118,16,35,64,211,42,31,222,81,35,61,223,162,18,117,96,142,242,39,158,24,91,108,185,48,133,161,245,244,71,236,150,108,16,73,249,225,148,104,221,194,196,5,241,64,100,71,200,42,181,18,45,124,31,87,49,220,241,48,213,241,165,22,45,236,87,236,225,166,90,200,137,193,189,9,56,139,71,8,189,197,238,241,76,225,183,11,133,202,180,15,178,45,159,222,58,35,124,48,249,18,25,43,163,96,37,245,87,133,30,110,108,225,183,16,163,55,90
Best fitness found so far: 0.588779335340367; k: 2.0
Generation: 125; 0.588779335340367; k: 2.0; 175,233,95,76,225,183,11,159,155,100,5,241,64,5,180,166,117,113,134,12,245,117,9,145,130,163,55,137,74,5,75,183,100,225,183,11,159,73,4,5,241,31,5,180,8,161,5,100,200,56,198,107,224,142,188,230
Best fitness found so far: 0.588779335340367; k: 2.0
Generation: 126; 0.588779335340367; k: 2.0; 175,233,95,76,225,183,11,159,17,235,5,241,64,5,18,38,137,74,5,75,183,100,32,242,31,45,150,149,16,41,239,91,42,31,222,216,111,31,48,10,165,117,208,142,96,190,198,24,9,170,154,230,57,161,245,163,208,1,28,11,78,116,64,113,207,23,62,128,172,33,214,38,137,4,245,214,71,1,237,217,16,36,249,222,225,45,189,13,15,178,45,79,145,236,75,241,100,244,56,18,117,96,142,242,109,166,127,9,108,76,119,133,161,245,244,71,236,150,108,16,101,249,225,148,104,221,194,175,5,241,64,100,71,200,42,181,18,45,227,31,87,49,220,241,48,98,241,228,9,165,236,146,180,243,94,90,44,137,193,189,9,143,139,229,8,16,197,238,241,143,206,9,11,195,202,180,15,178,45,239,222,58,35,124,48,129,18,25,22,130,96,103,245,87,55,30,110,108,225,183,133,38,77,74,5,241,64,100,53,200,205,181,18,45,26,124,115,216,220,239,48,6,241,165,20,165,41,138,193,243,166,237,57,137,193,189,33,168,139,224,21,189,197,238,55,143,225,183,116,195,79,180,100
Best fitness found so far: 0.588779335340367; k: 2.0
Generation: 127; 0.588779335340367; k: 2.0; 175,233,95,76,225,183,11,159,229,100,5,241,64,5,180,8,144,5,100,111,56,198,107,35,47,24,7,35,21,98,55,18,43,166,249,236,233,45,180,143,152,114,8,42
Best fitness found so far: 0.588779335340367; k: 2.0
Generation: 128; 0.588779335340367; k: 2.0; 91,87,20,76,225,183,11,159,33,100,5,241,218,60,29,153,137,97,5,204,54,100,198,193,31,45,213,227,234,170,125,91,42,53,65,31,222,7,35,21,171,55,243,43,178,249,236,98,45,189,31,59,178,45,182,215,140,49,100,36,200,15,16,87,64,201,116,64,113,42,73,62,128,172,33,214,38,137,127,245,214,71,1,237,217,16,36,249,249,234,45,189,193,15,178,45,79,170,236,116,37,85,99,42,143,179,183,213,141,9,183,61,82,155,141,5,146,145,5,17,200,47,198,172,26,73,178,96
Best fitness found so far: 0.588779335340367; k: 2.0
Generation: 129; 0.588779335340367; k: 2.0; 152,233,95,76,225,183,11,159,229,100,5,241,64,5,180,8,166,5,100,200,56,198,107,175,142,24,11,142,48,202,245,78,9,63,154,48,133,54,79,244,71,1,150,237,16,101,67,95,86,53,190,234,15,177,197,232,143,87,49,198,182,48,112,243,180,210,220,110,205,74,5,241,10,93,191,95,76,225,179,11,159,155,218,5,68,64,5,29,38,163,74,5,75,1,100,225,183,101,59,229,100,165,198,24,9,170,4,48,182,161,245,27,71,1,28,84,201,116,236,113,42,73,200,128,172,102,16,38,213,127,245,214,71,1,237,217,65,36,249,249,184,45,189,13,15,178,122,79,145,249,65,49,85,189,42,143,179,183,236,141,9,3,61,82,155,141,7,146,44,5,180,200,47,198,172,26,221,178,96
Best fitness found so far: 0.588779335340367; k: 2.0
Generation: 130; 0.588779335340367; k: 2.0; 175,233,95,76,225,183,11,159,103,100,5,241,64,5,18,38,137,74,5,75,183,100,36,242,31,45,150,149,1,41,231,91,46,31,222,216,111,28,7,10,165,117,103,142,96,190,198,24,9,170,154,230,206,161,245,163,71,1,28,174,78,116,64,113,42,73,62,128,172,33,214,38,137,127,245,214,71,1,179,217,16,36,249,166,225,45,189,13,15,178,45,79,145,236,104,37,85,189,41,57,179,120,213,141,9,183,150,201,16,101,64,113,42,31,222,7,74,37,126,10,18,117,208,142,96,130,101,24,9,106,154,45,157,173,15,178,7,79,31,87,49,13,200,56,198,107,35,27,232,104
Best fitness found so far: 0.588779335340367; k: 2.0
Generation: 131; 0.588779335340367; k: 2.0; 175,101,95,10,225,183,11,159,155,100,5,241,64,5,180,200,59,91,134,233,245,143,11,28,64,5,48,8,62,14,172,201,75,45,1,91,42,16,222,101,198,107,151,47,24,136,35,21,110,133,18,43,243,249,203,233,45,189,186,209,150,45,182,215,130,49,115,232,197,15,83,145,208,87,106,125,116,143,240,241,111,100,5,241,64,5,180,200,247,182,134,233,245,242,12,10,56,198,107,58,142,24,104
Best fitness found so far: 0.588779335340367; k: 2.0
Generation: 132; 0.588779335340367; k: 2.0; 175,233,95,76,225,183,11,159,155,100,5,241,64,100,176,241,64,5,180,200,117,182,134,232,245,125,9,145,130,163,176,90,100,5,241,64,5,180,200,117,182,134,12,245,101,9,42
Best fitness found so far: 0.588779335340367; k: 2.0
Generation: 133; 0.5899949645495555; k: 2.0; 175,233,95,76,225,100,11,159,17,143,5,241,64,5,29,38,87,125,5,75,183,100,32,187,31,73,210,95,16,237,239,91,42,31,222,216,111,145,48,10,165,117,208,142,96,165,198,24,9,170,154,48,206,161,245,10,165,104,86,142,96,165,245,170,193,11,159,155
Best fitness found so far: 0.5899949645495555; k: 2.0
Generation: 134; 0.5899949645495555; k: 2.0; 86,9,95,76,225,100,11,159,17,143,5,241,64,5,123,150,157,107,35,142,24,104,17
Best fitness found so far: 0.5899949645495555; k: 2.0
Generation: 135; 0.5899949645495555; k: 2.0; 181,87,95,76,225,100,11,159,17,143,5,241,64,5,123,150,157,6,180,200,117,150,85,76,245,125,9,210,239,114,241
Best fitness found so far: 0.5899949645495555; k: 2.0
Generation: 136; 0.588779335340367; k: 2.0; 175,233,95,76,61,183,11,159,41,100,5,241,64,5,177,2,96,74,132,167,95,76,225,183,11,159,17,100,5,91,64,5,29,38,137,101,5,75,54,100,32,242,31,45,15,149,16,237,64,91,42,31,222,26,241
Best fitness found so far: 0.5899949645495555; k: 2.0
Generation: 137; 0.588779335340367; k: 2.0; 175,87,95,76,225,183,11,139,17,100,15,241,84,5,29,153,137,129,5,205,183,100,32,182,208,45,175,149,16,186,64,91,42,53,65,175,114,151,201,181,98,114,162,52,226,183,11,159,17,100,5,128,64,5,29,38,137,74,111,75,183,100,32,242,31,45,237,149,33,237,64,225,183,11,159,229,227,5,241,64,5,228,8,73,5,100,217,56,198,107,35,142,24,104
Best fitness found so far: 0.5899949645495555; k: 2.0
Generation: 138; 0.5899949645495555; k: 2.0; 197,9,95,76,225,100,11,159,17,143,5,241,64,5,123,150,157,107,233,95,76,225,183,11,159,229,100,5,241,106,5,3,8,240,31,164,200,56,198,107,35,47,24,7,184,21,97,55,18,43,166,249,236,233,45,189,31,59,178,45,182,215,130,49,33,180,200,29,116,33,45,5,117,178,187,76,13,125,11,145,130,34,55,181
Best fitness found so far: 0.5899949645495555; k: 2.0
Generation: 139; 0.5899949645495555; k: 2.0; 86,9,95,76,225,100,11,159,17,143,5,241,64,5,173,150,157,107,35,201,24,184,45,96,13,15,178,14,79,145,236,116,37,85,189,42,143,179,183,69,141,9,3,61,82,155,194,5,146,44,5,180,200,47,198,172,26,221,178,96
Best fitness found so far: 0.5899949645495555; k: 2.0
Generation: 140; 0.5899949645495555; k: 2.0; 86,9,95,76,225,100,11,194,17,143,5,241,64,5,123,150,157,107,35,142,24,183,100,10,18,117,43,163,96,208,245,185,9,43,123,48,133,161,1,216,71,57,147,201,71,56,198,36,35,45,40,31,15,60,236,116,121,1,189,6,75,204
Best fitness found so far: 0.5899949645495555; k: 2.0
Generation: 141; 0.5899949645495555; k: 2.0; 175,233,95,76,227,30,11,214,17,143,5,241,64,5,29,57,87,150,201,16,101,64,113,191,73,45,72,13
Best fitness found so far: 0.5899949645495555; k: 2.0
Generation: 142; 0.5899949645495555; k: 2.0; 175,233,95,76,225,100,11,159,103,143,5,241,2,5,29,38,215,247,5,75,233,100,32,187,138,73,210,95,16,237,239,247,42,31,130,216,111,145,48,10,52,117,135,38,96,11,177,155,100,225,241,114,5,171,38,213,74,228,64,91,177,31,222,52,58,21,48,10,79,117,208,142,96,130,38,96,74,5,75,183,100,244,220,110,195,158,150
Best fitness found so far: 0.5899949645495555; k: 2.0
Generation: 143; 0.5899949645495555; k: 2.0; 86,9,95,241,77,100,11,194,17,143,5,241,64,5,123,150,157,107,236,87,205,225,56,90,200,137,193,189,169,102,116,137,1,9,247,76,225,100,11,159,17,143,5,86,64,5,123,150,157,23,206,142,24,104,98
Best fitness found so far: 0.5899949645495555; k: 2.0
Generation: 144; 0.5899949645495555; k: 2.0; 197,9,95,76,225,100,11,159,17,143,5,241,64,5,123,150,157,111,241,185,5,29,38,96,40,5,75,183,100,184,220,110,239,114,5,180,200,23,198,172,134,73,178,96
Best fitness found so far: 0.5899949645495555; k: 2.0
Generation: 145; 0.5899949645495555; k: 2.0; 129,233,95,76,37,30,113,214,17,143,5,241,64,5,139,38,87,150,201,16,101,64,113,74,5,186,183,100,10,221,117,43,163,96,234,198,25,9,44,154,54,133,161,241,64,5,29,57,87,150,201,16,101,64,113,74,132,78,97,100,55,203,117,43,163,96,95,76,225,100,11,159,103,143,5,241,64,5,29,208,136,247,80,75,233,80,32,187,206,80,49,246,71,1,150,41,138,249,96,74,141,241,10,5,180,143,174,114,8,53
Best fitness found so far: 0.5899949645495555; k: 2.0
Generation: 146; 0.5899949645495555; k: 2.0; 86,9,95,76,225,100,11,159,17,143,5,241,64,5,173,150,202,107,35,201,24,184,45,96,13,106,178,14,79,145,236,116,37,85,189,42,143,179,183,69,141,9,3,61,82,155,194,5,146,47,8,71,8,36,105,238,241,3,112,241,2,5,29,38,215,247,5,75,233,100,32,187,138,162,210,95,16,237,239,247,42,31,130,216,244,4,48,156,52,117,135,38,96,11,177,155,196,42,241,114,5,189,38,73,74,228,64,91,177,31,222,160,58,21,48,10,79,240,208,142,96,130,38,6,74,5,75,183,100,51,220,110,61,158,150
Best fitness found so far: 0.5899949645495555; k: 2.0
Generation: 147; 0.5899949645495555; k: 2.0; 175,109,95,76,225,100,11,159,103,143,5,241,2,5,130,34,55,181
Best fitness found so far: 0.5899949645495555; k: 2.0
Generation: 148; 0.5899949645495555; k: 2.0; 86,9,95,76,225,100,11,194,17,143,5,241,64,5,123,150,157,107,35,142,24,183,100,10,18,117,43,103,96,208,245,185,9,43,123,48,53,161,1,216,71,62,147,201,71,56,198,36,35,45,40,19,239,143,135
Best fitness found so far: 0.5899949645495555; k: 2.0
Generation: 149; 0.5899949645495555; k: 2.0; 197,9,95,76,225,100,11,159,17,143,5,241,116,5,74,101,64,91,1,148,160,233,174,189,31,59,53,45,26,137,130,49,33,180,200,29,101,33,101,219,249,178,187,76,13,125,11,145,18,34,30,43,35,66,103,245,87,244,220,114,123,225,250,61,38,77,74,131,164,77,100,127,200,139,181,18,45,11,31,87,237,220,241,48,98,241,165,97,111,247,15,155,150,102,116,137,1,155,221,5,131,240,5,180,200,117,182,85,76,245,125,171,110,239,179,241
Best fitness found so far: 0.5899949645495555; k: 2.0
Generation: 150; 0.5899949645495555; k: 2.0; 181,75,95,76,225,100,11,159,17,143,5,241,64,5,6,150,155,6,180,63,117,150,85,76,245,125,133,116,64,5,29,199,195,158,150,155,6,180,63,117,150,85,76
Best fitness found so far: 0.5899949645495555; k: 2.0
Generation: 151; 0.5899949645495555; k: 2.0; 197,9,95,76,225,100,89,159,17,143,5,241,197,5,52,150,157,107,233,95,76,225,30,11,159,229,100,5,241,40,5,3,248,240,31,164,200,103,198,107,35,47,7,5,241,64,5,29,57,243,74,5,75,183,103,38,4,74,159,17,143,5,241,64,5,35,150,155,113,180,63,117,146,85,76,245,125,9,95,76,227,30,11,214,17,143,5,241,64,5,29,57,87,150,236,174,101,64,136,191,73,120,72,221
Best fitness found so far: 0.5899949645495555; k: 2.0
Generation: 152; 0.5899949645495555; k: 2.0; 200,171,95,76,225,100,11,159,17,143,5,241,202,5,123,150,6,107,233,18,76,225,218,11,159,229,120,5,241,106,34,118,245,110,31,164,200,199,198,107,128,47,23,7,30,194,97,55,18,170,166,249,236,233,95,189,199,59,173,45,26,137,130,49,33,180,200,29,101,33,101,219,249,178,187,76,13,125,11,145,125,34,30,43,96,66,103,245,87,78,220,114,233,225,250,63,38,77,150,131,174,77,100,127,200,139,181,18,45,11,31,87,237,220,241,48,98,241,165,97,111,231,15,60,84,33,190,17,100,5,241,209,5,29,247,181,180,179,56,198,119,35,45,189,31,15,60,236,167,20,1,122,176,75,187,95,76,225,100,11,159,181,143,5,241,64,5,123,150,181,107,71,95,76,225,26,11,113,229,135,5,241,106,7,190,245,83,31,164,200,56,198,209,96,166,166,7,184,194,97,55,18,43,166,249,236,71
Best fitness found so far: 0.5899949645495555; k: 2.0
Generation: 153; 0.5899949645495555; k: 2.0; 86,187,95,76,225,100,11,159,17,143,5,241,64,5,173,150,157,107,35,201,24,186,11,239,17,100,123,241,73,106,29,153,137,129,5,205,183,100,32,242,31,17,150,149,16,237,223,91,42,157,107,35,142,192,104,204
Best fitness found so far: 0.5899949645495555; k: 2.0
Generation: 154; 0.5899949645495555; k: 2.0; 181,87,95,76,225,100,11,159,17,143,19,241,64,5,123,150,122,235,171,63,117,150,85,76,245,125,9,210,64,5,29,31,96,74,101,64,17,42,31,222,26,187,138,191,96,95,16,237,93,83,120,31,130,216,132,205,110,10,230,245,208,142,96,11,177,155,100,225,241,114,48,103,123,225,74,101,64,91,177,229,222,220,58,189,48,158,226,117,80,142,96,130,38,96,19,5,102,7,100,244,152,81,30,11,229,17,143,192,241,135,5,29,231,87,24,5,241,64,118,29,38,215,247,5,75,233,100,32,187,138,191,96,95,16,237,224,3,120,1,130,216,177,205,110,10,230,225,208,142,96,11,177,155,100,192,241,114,5,103,123,225,74,101,64,55,177,31,27,52,211,189,48,10,125,117,208,207,96,130,38,96,102,5,75,183,100,244,198,110,239,83,150
Best fitness found so far: 0.5899949645495555; k: 2.0
Generation: 155; 0.5899949645495555; k: 2.0; 197,9,95,76,225,100,11,159,249,143,5,241,64,130,80,19,157,107,233,95,76,225,183,11,42,229,100,8,241,154,5,3,112,241,25,23,29,38,215,247,5,75,233,100,32,187,138,3,210,95,16,237,41,247,14,90,130,216,175,150,13,156,52,117,135,159,53,127,5,241,64,5,31,150,84,139,175,89,151,201,181,144,114,94,229,44,154
Best fitness found so far: 0.5899949645495555; k: 2.0
Generation: 156; 0.5899949645495555; k: 2.0; 197,9,95,76,225,100,11,159,17,143,5,241,64,5,123,150,157,107,233,95,181,225,183,11,159,229,100,5,241,106,5,118,245,83,31,164,224,56,198,107,96,47,166,7,184,194,39,55,18,43,166,249,45,233,79,189,31,59,74,45,182,137,130,49,33,180,92,29,116,33,101,219,117,78,187,76,13,125,11,145,222,34,9,43,96,66,103,245,87,49,188,110,233,57,250,104,38,77,74,5,204,77,42,71,200,42,181,18,45,124,31,87,169,220,241,48,6,241,165,118,165,64,85,153,12,166,90,156,21,177,189,9,143,204,71,8,36,197,238,241,143,186,54,192,151,10,180,37,178,45,79,222,141,5,42,44,5,180,200,23,249,16,82,241,64,5,29,57,87,150,201,16,101,64,113,191,73,45,72,13
Best fitness found so far: 0.5899949645495555; k: 2.0
Generation: 157; 0.5899949645495555; k: 2.0; 175,233,95,76,225,100,11,159,17,143,5,241,201,5,29,70,243,240,5,75,146,103,38,29,57,243,76,115,81,11,159,103,143,5,241,64,5,29,38,215,247,5,138,233,100,32,187,31,73,210,200,16,38,239,91,42,31,33,216,111,145,48,10,165,117,49,142,96,11,177,155,174,225,241,114,5,215,38,225,74,101,64,91,42,31,222,52,58,211,48,10,125,32,208,246,96,72,245,30,9,44,154,40,12,161,140,188,71,216,150,41,237,101,118,5,5,241,10,93,180,143,106,114,8,42,31
Best fitness found so far: 0.5899949645495555; k: 2.0
Generation: 158; 0.5899949645495555; k: 2.0; 197,9,95,76,225,100,99,159,17,143,5,241,64,5,100,150,157,107,233,95,76,225,183,11,159,229,64,5,241,106,147,3,242,240,31,164,14,21,198,107,35,242,24,7,21,21,97,55,218,43,166,249,236,231,123,178,222,59,11,55,182,215,130,49,33,180,200,105,116,35,45,70,117,178,187,76,29,38,96,74,5,75,183,100,43,90,90,239,114,5,180,200,182,198,183,110,31,164,200,103,198,107,183,47,23,7,30,194,97,55,18,170,166,249,236,233,174,189,31,59,53,35,26,33,130,49,33,180,200,29,101,33,101,25,249,178,47,76,13,125,11,12,18,34,30,43,96,66,103,245,87,78,209,114,233,235,250,172,38,77,74,131,164,77,100,127,200,143,181,18,45,11,31,87,237,220,241,48,98,241,165,222,245,231,15,155,150,102,116,137,1,155,244,241,241,240,5,180,200,117,182,85,76,35,47,24,7,184,21,236,55,18,43,166,249,236,233,45,189,31,59,178,45,245,215,130,173,111,180,200,29,116,33,223,5,117,22,187,76,13,125,11,145,130,37,55,181
Best fitness found so far: 0.5899949645495555; k: 2.0
Generation: 159; 0.5899949645495555; k: 2.0; 175,231,95,76,227,30,11,184,17,143,5,241,64,5,186,57,23,146,157,111,28,48,10,165,117,205,104,96,165,245,24,145,170,154,48,206,161,245,163,146,1,150,201,201,116,121,113,84,73,95,248,172,3,6,180,200,117,14,111,145,48,10,165,117,208,142,206,165,198,24,9,45,234,182,79,46,45,211,125,58,24,130,163,55,143
Best fitness found so far: 0.5899949645495555; k: 2.0
Generation: 160; 0.5899949645495555; k: 2.0; 175,233,245,76,227,30,11,214,17,143,5,241,64,5,206,57,23,198,172,134,73,178,96
Best fitness found so far: 0.5899949645495555; k: 2.0
Generation: 161; 0.5899949645495555; k: 2.0; 200,171,95,76,225,100,11,159,17,143,5,241,64,5,123,150,157,107,91,95,76,225,218,11,159,229,100,5,241,201,5,118,245,110,31,164,200,56,198,107,96,47,95,16,237,239,247,120,31,104,216,177,205,110,59,230,117,208,142,96,11,177,155,100,225,241,114,5,103,123,225,74,101,64,91,13,31,222,52,58,189,48,10,119,117,208,142,96,114,38,96,74,5,75,183,100,244,220,110,239,83,150
Best fitness found so far: 0.5899949645495555; k: 2.0
Generation: 162; 0.5899949645495555; k: 2.0; 197,9,120,76,225,100,11,159,221,143,5,241,64,5,46,150,157,63,224,130,76,225,183,11,159,229,110,74,177,106,5,118,245,65,31,164,200,61,15,51,233,100,130,187,138,191,96,95,16,47,239,197,208,133,76,225,100,11,159,17,143,5,121,64,5,123,150,157,107,233,95,157,225,221,178,96
Best fitness found so far: 0.5899949645495555; k: 2.0
Generation: 163; 0.5899949645495555; k: 2.0; 197,9,95,76,225,100,11,159,215,143,5,241,64,5,123,150,157,107,233,95,76,225,183,11,159,229,173,5,231,176,136,137
Best fitness found so far: 0.5899949645495555; k: 2.0
Generation: 164; 0.5899949645495555; k: 2.0; 233,9,95,76,225,100,11,159,17,143,5,241,64,5,123,150,157,107,233,94,224,225,183,11,159,229,100,5,241,106,5,3,8,113,31,164,200,56,198,107,240,56,198,71,35,47,24,7,184,21,97,55,219,43,166,249,3,233,45,189,104,72,13
Best fitness found so far: 0.5899949645495555; k: 2.0
Generation: 165; 0.5899949645495555; k: 2.0; 86,9,95,76,225,100,11,194,17,143,5,241,64,5,123,150,157,107,35,142,24,183,100,10,18,241,43,163,1,208,245,185,9,43,123,48,133,161,1,75,186,57,147,201,71,56,198,36,110,45,40,31,131,60,236,116,121,1,189,6,75,204
Best fitness found so far: 0.5899949645495555; k: 2.0
Generation: 166; 0.5899949645495555; k: 2.0; 175,233,95,76,225,100,11,159,17,143,5,241,64,5,29,156,161,245,58,71,1,100,41,237,101,242,233,113,128,166,45,84,38,137,114,46
Best fitness found so far: 0.5899949645495555; k: 2.0
Generation: 167; 0.5899949645495555; k: 2.0; 197,9,95,76,225,100,11,159,249,143,5,241,64,130,123,24,157,107,233,95,76,225,183,11,159,229,100,5,241,3,5,3,112,241,2,5,29,38,215,247,5,75,233,100,32,187,138,61,210,95,16,237,239,247,39,31,224,5,9,150,157,107,233,95,76,225,183,11,159,158,100,5,235,106,5,3,8,240,31,164,200,103,15,107,35,47,143,5,241,64,5,80,57,243,113,5,75,183,103,38,137,74,5,241,88,13
Best fitness found so far: 0.5899949645495555; k: 2.0
Generation: 168; 0.5899949645495555; k: 2.0; 86,9,95,241,39,100,11,194,17,143,5,241,64,10,123,150,181,107,236,126,205,225,56,66,200,47,8,58,8,36,197,118,241,3,112,241,2,5,29,38,215,247,5,75,233,19,32,76,138,162,210,95,16,237,239,247,75,31,130,216,111,4,217,156,52,117,135,38,96,11,177,155,196,42,241,114,5,189,38,73,74,228,64,91,177,142,2,165,198,24,9,180,233,112,41,237,101,242,233,113,236,166,193,84,38,137,114,46
Best fitness found so far: 0.5899949645495555; k: 2.0
Generation: 169; 0.5899949645495555; k: 2.0; 181,33,95,76,225,100,11,159,17,143,5,241,64,5,123,150,155,6,100,11,159,17,63,5,241,64,190,172,107,35,142,171,104,17,76,225,100,11,159,17
Best fitness found so far: 0.5899949645495555; k: 2.0
Generation: 170; 0.5899949645495555; k: 2.0; 86,9,95,241,77,100,11,194,17,143,5,241,64,5,123,150,157,107,236,87,205,198,56,90,200,137,193,189,169,102,116,137,1,9,247,76,13,100,11,159,10,230,117,85,142,96,145,177,155,100,225,241,65,5,171,38,225,74,101,39,139,177,112,222,52,58,21,48,61,125,117,208,36,96,130,38,96,74,5,22,183,100,244,220,110,239,83,150
Best fitness found so far: 0.5899949645495555; k: 2.0
Generation: 171; 0.5899949645495555; k: 2.0; 189,9,10,241,121,100,11,194,17,143,5,241,64,10,123,56,181,107,236,126,205,225,56,66,200,47,8,71,8,36,197,238,241,3,112,241,2,76,10,100,11,225,17,143,71,241,64,5,123,150,155,6,100,11,159,17,143,5,241,64,190,41,7,24,9,44,154,48,206,161,245,246,71,1,112,41,237,101,242,233,113,128,166,193,84,38,137,114,191
Best fitness found so far: 0.5899949645495555; k: 2.0
Generation: 172; 0.5899949645495555; k: 2.0; 175,231,95,76,227,30,11,184,17,143,5,241,64,5,115,57,87,28,26,4,28,48,10,165,117,205,110,96,165,245,198,145,170,154,48,206,161,245,163,146,1,150,201,201,116,121,113,141,73,95,128,172,33,6,180,200,117,216,111,143,48,10,165,117,208,142,206,165,198,24,15,170,154,48,216,213,245,189,165,104,86,142,96,165,212,170,193,11,170,72
Best fitness found so far: 0.5899949645495555; k: 2.0
Generation: 173; 0.5899949645495555; k: 2.0; 197,9,95,76,225,100,11,159,17,143,5,241,64,5,123,150,157,107,57,95,76,225,183,11,236,16,101,64,136,247,73,120,72,13
Best fitness found so far: 0.5899949645495555; k: 2.0
Generation: 174; 0.5899949645495555; k: 2.0; 86,9,95,241,77,100,11,194,1,143,5,241,64,10,123,150,181,107,236,126,205,225,56,66,200,47,8,71,8,36,242,238,241,3,211,241,152,5,29,38,215,247,239,75,233,100,32,104,138,162,210,95,16,237,239,247,42,123,130,216,111,4,48,156,52,117,135,38,96,81,177,155,196,181,95,76,7,100,11,159,17,41,5,241,64,5,123,150,177,6,180,200,229,216,111,96,48,10,118,117,208,142,2,165,198,24,9,180,233,195,29,145,108,121,20,85,189,176,172,54,88,241,106,188,175,203,79,76,241,106,5,123
Best fitness found so far: 0.5899949645495555; k: 2.0
Generation: 175; 0.5899949645495555; k: 2.0; 175,233,95,76,227,30,211,229,201,143,21,241,64,5,169,57,87,24,88,241,64,212,90,38,68,247,5,75,233,38,32,187,138,224,96,95,16,237,93,83,120,31,130,216,177,205,110,10,230,117,208,142,96,11,177,155,100,225,165,114,5,103,123,225,74,101,64,91,177,31,222,52,58,189,48,158,226,117,208,142,96,130,38,96,74,5,102,183,100,244,220,110,198,10,56,149,107,91,142,24,104
Best fitness found so far: 0.5899949645495555; k: 2.0
Generation: 176; 0.5899949645495555; k: 2.0; 181,87,95,76,225,100,11,159,17,143,5,241,64,5,123,72,155,75,180,196,117,150,85,76,245,125,9,210,64,5,108,38,96,74,101,49,17,161,31,222,26,35,21,48,10,165,61,208,142,96,130,245,123,150,155,6,180,63,117,63,85,76,245,125,9,210,64,5,29,38,96,74,101,64,17,42,109,222,36,35,19,48,10,165,117,208,39,96,174,245,24,9,44,154,48,95,109,245,183,71,204,100,61,237,101,242,25,113,111,166,68,84,38,137,114,136,245,110,31,164,200,56,198,107,96,47,166,7,184,194,97,55,18,43,166,249,236,233,174,189,31,59,74,45,182,137,130,49,33,180,200,29,116,33,101,219,117,203,202,76,13,125,11,145,18,34,9,43,96,66,103,245,87,111,220,107,233,225,250,104,38,77,74,5,164,77,100,71,200,42,181,184,45,73,31,87,195,220,241,48,6,241,165,118,165,64,19,153,12,10,90,156,72,177,119,38,143,204,71,8,229,197,238,241,5,46,248,100,32,242,7,9,110,239,114,241
Best fitness found so far: 0.5899949645495555; k: 2.0
Generation: 177; 0.5899949645495555; k: 2.0; 197,9,95,76,225,100,11,159,17,143,5,241,64,5,123,7,24,9,44,177,6,180,200,117,216,111,145,48,10,165,117,208,142,206,165,198,119,9,170,154,48,206,161,245,10,165,104,86,142,96,165,245,170,193,11,159,67
Best fitness found so far: 0.5899949645495555; k: 2.0
Generation: 178; 0.5899949645495555; k: 2.0; 86,33,95,241,77,100,11,194,17,143,5,241,64,105,123,150,157,117,236,87,164,225,218,90,200,137,193,189,9,56,139,71,8,189,148,238,11,159,204,143,5,241,64,5,173,150,157,107,35,213,143,5,75,64,5,123,212,24,9,44,154,48,206,161,245,55,71,1,112,41,237,101,242,233,135,128,166,193,84,38,137,114,46
Best fitness found so far: 0.5899949645495555; k: 2.0
Generation: 179; 0.5899949645495555; k: 2.0; 197,9,95,247,225,100,89,159,17,143,5,241,59,5,52,150,157,107,233,95,76,225,183,137,159,73,100,5,241,106,5,3,8,240,31,164,200,103,198,107,35,122,7,5,241,64,5,172,9,243,74,5,75,184,103,38,4,74,5,241,88,153,111,200,178,198,34,102,116,137,17,143,5,214,64,191,123,152,15,116,33,45,200,182,199,131,76,187,125,128,145,130,233,95,76,37,30,113,214,17,143,103,241,64,5,139,38,87,150,41,30,101,64,113,74,42,186,183,100,10,221,117,43,163,96,234,48,25,9,44,14,54,133,161,241,64,5,29,57,87,150,201,16,101,64,113,125,132,78,97,100,55,203,117,43,163,191,95,76,225,100,11,159,221,122,5,241,64,5,29,208,136,247,164,75,233,80,32,187,206,80,49,246,72,1,82,41,138,249,96,74,141,241,10,5,180,143,174,114,8,53
Best fitness found so far: 0.5899949645495555; k: 2.0
Generation: 180; 0.5899949645495555; k: 2.0; 197,9,95,76,217,100,99,159,17,143,5,241,64,5,123,150,3,107,233,95,76,192,183,11,159,229,64,5,241,106,147,3,242,162,31,164,200,21,198,107,35,47,24,7,21,21,97,55,41,43,166,249,236,231,123,178,222,59,11,55,182,215,130,49,152,180,200,54,10,211,45,70,117,178,187,76,29,38,96,74,5,75,183,183,43,90,90,239,114,5,198,200,23,198,117,110,31,203,200,103,198,162,145,47,207,7,30,194,97,55,18,170,166,249,236,233,174,189,31,59,53,35,26,137,130,49,33,180,200,29,101,33,101,25,249,178,187,76,13,125,11,12,18,126,30,43,96,66,103,245,87,78,177,114,233,235,197,104,38,77,74,131,164,77,100,127,112,143,181,18,45,11,31,87,237,220,241,48,162,140,165,1,245,231,15,155,150,102,116,137,1,155,244,241,241,240,5,180,200,117,182,85,76,245,125,9,231,239,179,130
Best fitness found so far: 0.5899949645495555; k: 2.0
Generation: 181; 0.5899949645495555; k: 2.0; 86,187,95,76,225,100,11,159,17,143,5,241,64,175,173,150,157,107,35,201,24,186,11,239,17,100,123,241,73,106,29,153,55,129,5,188,183,100,32,242,31,17,150,149,16,237,223,91,42,211,29,76,225,100,11,159,17,143,5,241,64,5,123,69,155,241,180,63,117,69,85,117,150,85,76,121,125,9,210,239,114,241
Best fitness found so far: 0.5899949645495555; k: 2.0
Generation: 182; 0.5899949645495555; k: 2.0; 197,9,95,76,225,100,11,159,249,143,5,241,64,130,123,150,157,107,233,95,76,225,183,11,159,229,100,5,241,154,5,3,112,241,2,5,29,38,215,247,5,19,25,100,32,187,138,61,210,95,16,237,239,247,42,31,130,216,111,133,48,156,52,117,135,38,96,11,177,155,196,42,241,114,5,171,38,213,174,228,64,91,58,31,128,52,58,21,48,10,79,240,145,142,100,130,38,96,74,5,75,183,100,51,220,110,61,158,150
Best fitness found so far: 0.5899949645495555; k: 2.0
Generation: 183; 0.5899949645495555; k: 2.0; 197,9,95,76,225,100,11,159,249,128,5,241,104,130,80,160,157,107,233,95,32,225,183,11,159,125,100,5,241,154,5,3,112,241,2,5,29,38,215,247,5,75,233,100,32,187,205,3,210,95,163,237,203,247,42,31,130,216,111,208,243,156,52,223,135,38,96,11,177,216,196,22,241,114,5,134,130,213,74,228,64,211,177,31,222,52,58,21,48,10,143,240,208,142,157,241,192,5,123,150,157,111,241,185,5,29,42,96,166,5,150,45,16,184,220,169,239,71,29,142,243,125,5,75,188,103,38,177
Best fitness found so far: 0.5899949645495555; k: 2.0
Generation: 184; 0.5899949645495555; k: 2.0; 181,75,95,76,225,100,11,159,17,143,127,241,64,5,123,150,155,6,180,63,117,150,247,76,245,125,133,173,64,5,29,38,96,74,101,64,17,42,31,222,26,22,21,145,53,165,117,208,195,96,130,7,24,149,44,154,48,206,161,245,246,71,1,100,41,49,101,242,233,113,128,166,193,103,38,137,114,5,123,150,157,107,15,155,48,54,56,90,200,237,193,30,157,243,116,137,1,109,4,76,225,100,11,159,17,143,154,86,64,5,123,150,242,233,113,97,166,193,84,38,137,114,46
Best fitness found so far: 0.5899949645495555; k: 2.0
Generation: 185; 0.5899949645495555; k: 2.0; 29,181,95,76,23,60,11,159,17,143,5,241,244,5,123,150,177,86,180,200,214,25,241,77,100,11,194,17,189,5,241,64,5,123,150,157,107,15,244,205,225,56,90,200,172,193,30,169,243,116,137,1,9,87,76,225,100,11,227,17,143,154,86,64,5,123,150,130,23,42,142,24,104,98
Best fitness found so far: 0.5899949645495555; k: 2.0
Generation: 186; 0.5899949645495555; k: 2.0; 175,233,95,76,225,100,11,159,17,143,5,241,64,145,175,125,5,75,183,103,38,137,74,5,241,53,97,111,200,15,198,204,102,116,137,1,189,176,75,137
Best fitness found so far: 0.5899949645495555; k: 2.0
Generation: 187; 0.5899949645495555; k: 2.0; 197,9,95,76,225,100,11,159,17,143,5,241,64,5,123,150,157,107,233,95,76,225,183,11,159,229,100,5,241,106,5,3,8,240,31,164,200,103,198,107,35,47,143,17,241,64,5,29,57,243,113,5,75,183,103,38,137,139,5,205,6,30,111,200,178,198,34,102,116,201,49,9,95,160,225,100,93,159,17,143,5,86,64,191,231,77,15,116,33,45,200,182,199,187,76,211,125,58,145,130,163,55,143,165,241,64,5,29,57,243,76,115,100,11,159,103,143,5,241,64,5,29,38,215,247,5,75,233,100,32,187,116,73,210,200,111,237,239,91,42,31,33,216,23,145,48,10,165,117,49,142,96,11,177,155,100,225,241,114,5,171,38,225,74,101,64,91,42,31,222,52,58,211,74,114,125,32,208,246,96,72,245,30,9,44,154,40,206,161,140,188,71,1,150,41,237,101,96,5,5,241,10,93,180,143,106,114,8,42
Best fitness found so far: 0.5899949645495555; k: 2.0
Generation: 188; 0.5899949645495555; k: 2.0; 175,233,95,76,225,100,11,159,103,143,5,241,64,5,29,208,57,87,125,5,75,183,103,38,137,74,5,241,53,97,187,200,226,137,150,126
Best fitness found so far: 0.5899949645495555; k: 2.0
Generation: 189; 0.5899949645495555; k: 2.0; 86,9,95,76,225,100,11,159,17,143,5,241,64,5,173,150,157,200,35,75,233,100,32,187,31,73,210,124,16,237,239,91,42,31,130,216,111,145,48,10,165,117,208,142,96,11,177,155,100,250,241,114,5,171,38,68,74,24,64,91,42,31,222,52,58,21,48,29,125,117,208,142,96,130,245,28,9,44,154,40,174,161,140,188,78,1,16,157,237,101,96,74,5,241,10,93,180,143,128,114,33,42
Best fitness found so far: 0.5899949645495555; k: 2.0
Generation: 190; 0.5899949645495555; k: 2.0; 175,231,95,76,227,30,11,184,225,143,5,241,64,5,186,57,87,146,26,102,116,137,31,155,244,5,241,240,5,180,200,117,110,193,76,245,125,9,110,239,179,241
Best fitness found so far: 0.5899949645495555; k: 2.0
Generation: 191; 0.5899949645495555; k: 2.0; 197,9,95,76,225,100,11,159,17,143,5,121,64,5,123,150,157,107,233,95,76,225,187,178,96
Best fitness found so far: 0.5899949645495555; k: 2.0
Generation: 192; 0.5899949645495555; k: 2.0; 175,237,95,76,225,100,11,159,17,143,5,241,64,5,29,57,87,103,5,75,183,103,38,137,74,5,241,53,97,111,200,15,198,150,46,116,229,100,5,241,154,7,3,112,34,2,5,29,38,68,247,176,75,233,100,51,187,138,61,210,95,16,237,192,247,42,31,130,127,111,145,48,156,52,117,135,38,96,11,177,155,130,229,241,162,5,156,191,213,231,72,13
Best fitness found so far: 0.5899949645495555; k: 2.0
Generation: 193; 0.5899949645495555; k: 2.0; 175,233,95,76,225,100,11,159,61,143,5,241,154,5,29,239,87,125,247,5,75,233,100,32,149,138,3,210,95,16,237,206,247,42,31,130,115,111,145,48,156,52,117,135,38,96,11,177,155,196,22,241,114,32,171,130,213,74,228,64,91,177,31,222,52,61,21,48,10,143,240,208,142,96,241,108,5,123,150,157,136,241,185,5,29,42,96,40,5,150,18,16,184,220,169,239,71,170,232,198,23,198,172,134,73,178,146
Best fitness found so far: 0.5899949645495555; k: 2.0
Generation: 194; 0.5899949645495555; k: 2.0; 86,9,95,76,225,100,11,159,17,143,5,241,64,5,173,150,202,107,35,201,24,184,45,96,13,106,178,206,161,245,163,146,1,150,201,201,116,121,113,84,73,95,128,172,123,6,180,200,117,216,111,145,48,10,165,117,208,130,206,165,70,24,9,170,154,210,206,213,245,114,165,104,86,124,96,165,245,170,193,159,170,72
Best fitness found so far: 0.5899949645495555; k: 2.0
Generation: 195; 0.5899949645495555; k: 2.0; 175,233,95,79,49,100,11,159,103,143,5,241,64,5,29,35,215,247,5,75,233,100,20,187,14,73,103,38,137,74,5,241,53,97,187,200,226,137,150,126,95,79,49
Best fitness found so far: 0.5899949645495555; k: 2.0
Generation: 196; 0.5899949645495555; k: 2.0; 175,241,95,76,225,100,11,159,1,143,5,241,64,5,29,38,215,247,59,189,233,100,32,21,31,99,210,95,200,237,15,23,42,31,164,216,116,70,48,10,228,117,208,142,96,11,177,155,100,64,5,29,38,215,247,5,152,233,186,32,187,138,73,210,95,16,222,239,247,68,31,130,216,111,145,48,10,230,117,99,142,96,11,177,155,100,225,241,114,5,20,38,225,74,81,64,139,177,31,222,52,58,123,150,157,107,233,95,76,69,183,11,159,229,100,5,241,106,5,3,8,173,31,164,200,56,198,107,240,56,198,71,35,47,24,7,184,21,83,55,18,43,166,249,236,233,45,189,31,141,178,45,182,17,130,49,33,180,200,130,236,144,40,5,117,191,187,76,13,125,11,232,130,34,55,181
Best fitness found so far: 0.5899949645495555; k: 2.0
Generation: 197; 0.5899949645495555; k: 2.0; 175,233,95,79,227,100,11,159,103,143,5,241,64,5,29,35,215,114,5,75,233,100,32,187,14,73,210,10,206,237,97,150,102,45,237,118,131,42,84,48,175,114,151,201,181,144,114,94,229,44,71
Best fitness found so far: 0.5899949645495555; k: 2.0
Generation: 198; 0.5899949645495555; k: 2.0; 175,233,95,76,225,100,11,159,17,143,5,61,64,5,29,38,87,125,5,75,183,100,46,187,31,73,210,95,16,111,236,126,205,225,56,66,200,44,5,180,200,47,198,172,26,221,178,96
Best fitness found so far: 0.5899949645495555; k: 2.0
Generation: 199; 0.5899949645495555; k: 2.0; 175,233,245,76,227,30,11,214,17,143,5,241,64,5,232,57,87,150,201,79,101,64,191,73,210,117,16,250,239,247,170,193,11,170,72
Best fitness found so far: 0.5899949645495555; k: 2.0
Total time of execution of seed 1 : 25394975
Solution Fitness: -0.5899949645495555
Variables: uniform 4 manhathan join moveNear moveBetween split join
