Generation: 0; 0.030729715082205622; k: 6.0; 165,236,45,131,5,219,150,101,35,201,213,209,162,246,163,212,239
Best fitness found so far: 0.030729715082205622; k: 6.0
Generation: 1; 0.4601694559492421; k: 2.0; 102,18,195,123,233,81,155,180,238,222,66,34,144,187,1,203,248,45,170,22
Best fitness found so far: 0.4601694559492421; k: 2.0
Generation: 2; 0.47122256981623406; k: 2.3; 228,154,240,194,123,47,137,101,186,205,124,167,158
Best fitness found so far: 0.47122256981623406; k: 2.3
Generation: 3; 0.43586387381267055; k: 2.0; 131,116,173,228,209,206,189,240,105,67,175,234,188,25,222,169,130,117,17,58,51,59,131,25
Best fitness found so far: 0.47122256981623406; k: 2.3
Generation: 4; 0.5039632457743938; k: 2.0; 213,73,17,244,25,93,91,54,79,201,246,110
Best fitness found so far: 0.5039632457743938; k: 2.0
Generation: 5; 0.5323151210065313; k: 2.0; 173,182,50,41,1,186,165,124,221,230,219
Best fitness found so far: 0.5323151210065313; k: 2.0
Generation: 6; 0.5848761717513797; k: 2.0; 85,85,12,41,1,186,165,124,221,230,219
Best fitness found so far: 0.5848761717513797; k: 2.0
Generation: 7; 0.5848761717513797; k: 2.0; 85,85,12,41,1,186,165,124,221,230,219
Best fitness found so far: 0.5848761717513797; k: 2.0
Generation: 8; 0.5852273124145146; k: 2.2; 157,79,223,41,1,186,165,124,221,230,219
Best fitness found so far: 0.5852273124145146; k: 2.2
Generation: 9; 0.5304918346263003; k: 2.3; 228,154,240,194,123,119,137,101,186,205,123,233,81,221,234,211,25,222,20,130,117,17,58,51,223,131,103
Best fitness found so far: 0.5852273124145146; k: 2.2
Generation: 10; 0.5848761717513797; k: 2.0; 20,7,47,41,1,186,165,109,221,230,103
Best fitness found so far: 0.5852273124145146; k: 2.2
Generation: 11; 0.5766042072437603; k: 2.1; 157,236,46,227,3,203,91,36,17,144,14,245
Best fitness found so far: 0.5852273124145146; k: 2.2
Generation: 12; 0.5612228517587167; k: 2.0; 173,182,50,41,1,186,165,124,67,175,234,188,25,222,169,35,108,157,230,219
Best fitness found so far: 0.5852273124145146; k: 2.2
Generation: 13; 0.5713529427371123; k: 2.0; 98,72,56,195,79,201,63,110,109,108,24,194,20,130,50,17,58,51,223,131,250,61,36,130,117,17,58,51,223,131,103
Best fitness found so far: 0.5852273124145146; k: 2.2
Generation: 14; 0.5713529427371123; k: 2.0; 98,72,56,195,79,201,63,110,109,108,24,194,163,130,50,237,58,51,223,131,250,61,36,130,117,17,58,117,17,58,51,223,131,103
Best fitness found so far: 0.5852273124145146; k: 2.2
Generation: 15; 0.6138093641311564; k: 2.0; 173,182,50,41,1,186,165,124,186,205,119,233,81,221,57
Best fitness found so far: 0.6138093641311564; k: 2.0
Generation: 16; 0.6153609507904793; k: 2.0; 173,182,50,41,1,186,165,73,175,234,100,25,222,142,170,218,203,130,117,17,58,51,112,201,16,110
Best fitness found so far: 0.6153609507904793; k: 2.0
Generation: 17; 0.6185356591868019; k: 2.0; 187,233,56,14,79,111,63,170,153,108,88,202,225
Best fitness found so far: 0.6185356591868019; k: 2.0
Generation: 18; 0.6153609507904793; k: 2.0; 232,182,50,41,1,186,165,73,175,234,100,25,1,186,165,214,221,230,219
Best fitness found so far: 0.6185356591868019; k: 2.0
Generation: 19; 0.6153609507904793; k: 2.0; 173,182,50,41,1,186,165,73,175,234,100,25,145,142,170,167,222,169,35,108,196,230,219
Best fitness found so far: 0.6185356591868019; k: 2.0
Generation: 20; 0.6153609507904793; k: 2.0; 173,182,50,41,1,186,165,73,175,234,100,25,145,142,124,69,230,192
Best fitness found so far: 0.6185356591868019; k: 2.0
Generation: 21; 0.6153609507904793; k: 2.0; 98,72,50,62,107,186,165,73,175,234,186,25,1,186,165,214,221,230,219
Best fitness found so far: 0.6185356591868019; k: 2.0
Generation: 22; 0.6153609507904793; k: 2.0; 173,182,50,41,1,186,165,73,175,234,100,25,145,69,230,128
Best fitness found so far: 0.6185356591868019; k: 2.0
Generation: 23; 0.6153609507904793; k: 2.0; 107,182,50,41,1,186,165,73,175,234,100,25,1,186,165,214,221,26,58,51,89,131,123,173,216,209,46,227,3,75,91,36,17,144,14,245
Best fitness found so far: 0.6185356591868019; k: 2.0
Generation: 24; 0.6153609507904793; k: 2.0; 98,66,50,62,107,186,165,73,175,234,186,25,77,25,152,228,213,108,236,57,130,201,49,11,98,74,169,195,173,201,147,65,35,170,105,221,137
Best fitness found so far: 0.6185356591868019; k: 2.0
Generation: 25; 0.6153609507904793; k: 2.0; 173,182,50,41,1,186,165,73,175,234,100,60,222,221,170,146,44,130,117,17,192,116,201,228,209,103,189,240,175,50,188,25,69,39,50,36,175,69,192,110,157,204,165,124,234,100
Best fitness found so far: 0.6185356591868019; k: 2.0
Generation: 26; 0.6153609507904793; k: 2.0; 98,72,50,41,107,186,77,73,175,234,186,25,137,97,124,67,175,67,188,170,100,25,222,142,170,218,92,130,63,17,58,98,22,50,62,107,186,165,73,175,234,186,25,77,25,152,228,213,108,236,57,130,201,49,188,98,74,169,195,173,201,147,65,35,170,105,221,196
Best fitness found so far: 0.6185356591868019; k: 2.0
Generation: 27; 0.6153609507904793; k: 2.0; 173,182,50,41,1,186,165,28,175,234,78,60,222,221,74,146,183,130,117,17,58,116,201,197,209,103,11,7,175,130,188,197,69,39,108,224,175,69,176,110,157,204,213,108,33,86,130,157,40,84,241,178,140,226,169,201,41,3,196,32,59,117,17,203,233,36,17,144,14,71
Best fitness found so far: 0.6185356591868019; k: 2.0
Generation: 28; 0.6153609507904793; k: 2.0; 87,182,240,41,1,186,165,103,57,234,100,60,222,221,170,146,183,11,117,17,58,116,198,41,1,76,165,124,166,175,234,247,25
Best fitness found so far: 0.6185356591868019; k: 2.0
Generation: 29; 0.6445846131795089; k: 2.0; 98,72,50,62,145,186,165,73,203,175,36,17,144,14,71
Best fitness found so far: 0.6445846131795089; k: 2.0
Generation: 30; 0.6153609507904793; k: 2.0; 34,126,50,41,107,186,77,73,175,234,178,25,137,101,124,67,175,179,188,53,100,25,222,142,113,239,92,130,117,20,58,25,213,191,33,3,130,172,40,212,241,178,140,226,169,201,41,249,230,1,186,165,214,134,230,102
Best fitness found so far: 0.6445846131795089; k: 2.0
Generation: 31; 0.6153609507904793; k: 2.0; 173,66,50,62,107,186,49,73,175,234,186,25,77,25,152,228,213,108,236,57,130,201,49,11,204,74,50,41,1,145,173,182,50,41,1,186,108,73,175,234,100,25,222,142,170,218,131,216,117,17,58,116,201,228,209,206,189,240,175,50,188,25,222,140,69,223,186,165,124,34,125,25,25,222,142,170,218,131,130,117,17,58,116,201,228,209,206,189,240,175,50,188,25,222,140
Best fitness found so far: 0.6445846131795089; k: 2.0
Generation: 32; 0.6153609507904793; k: 2.0; 204,66,50,62,107,186,49,73,175,234,186,25,77,25,152,228,213,108,236,57,50,188,25,222,39,184,224,26,248,192,7,157,204,213,108,123,245,130,157,40,212,7,178,110,157,204,213,108,33,3,130,157,40,212,241,50,188,25,69,4,184,224,175,69,192,110,157,204,127,108,33,135,130,6,40,212,241,178,88,226,169,201,41,249,230,1,186,165,214,221,230,102
Best fitness found so far: 0.6445846131795089; k: 2.0
Generation: 33; 0.6185356591868019; k: 2.0; 98,233,56,14,79,111,63,170,21,108,88,202,186,165,73,175,234,100,25,145,142,170,167,222,169,35,108,196,230,219
Best fitness found so far: 0.6445846131795089; k: 2.0
Generation: 34; 0.6153609507904793; k: 2.0; 98,72,50,41,107,186,77,73,175,234,186,25,137,101,222,67,224,67,188,170,100,195,222,73,203,175,36,17,118,106,71
Best fitness found so far: 0.6445846131795089; k: 2.0
Generation: 35; 0.6445846131795089; k: 2.0; 98,72,50,62,145,186,165,73,203,175,36,17,144,225
Best fitness found so far: 0.6445846131795089; k: 2.0
Generation: 36; 0.6185356591868019; k: 2.0; 98,233,56,14,79,111,63,170,21,108,88,202,186,165,73,175,145,100,25,145,142,170,167,222,169,35,92,196,225
Best fitness found so far: 0.6445846131795089; k: 2.0
Generation: 37; 0.6185356591868019; k: 2.0; 187,235,56,14,79,111,63,170,153,108,88,202,58,142,35,1,214,221,230,219
Best fitness found so far: 0.6445846131795089; k: 2.0
Generation: 38; 0.6185356591868019; k: 2.0; 187,235,56,14,79,111,225,170,153,108,88,202,58,142,35,1,214,221,25,45,207,234,27,7,130,219,130,250,61,207,52,73,230,102,187,235,56,14,79,111,225,170,153,108,88,202,58,142,35,1,214,221,25,45,207,234,27,7,130,219,130,250,61,207,52
Best fitness found so far: 0.6445846131795089; k: 2.0
Generation: 39; 0.6185356591868019; k: 2.0; 187,235,56,14,79,111,63,170,153,108,88,202,58,98,72,50,62,107,186,19,73,175,159,186,25,1,186,165,214,222,221,9
Best fitness found so far: 0.6445846131795089; k: 2.0
Generation: 40; 0.6185356591868019; k: 2.0; 220,233,101,14,79,111,63,170,21,108,88,202,186,165,73,175,234,102,44,145,142,170,167,222,169,35,108,88,202,225
Best fitness found so far: 0.6445846131795089; k: 2.0
Generation: 41; 0.6445846131795089; k: 2.0; 98,72,50,62,107,186,165,73,175,175,234,197,25,222,142,67,73,131,130,117,17,58,116,235,228,209,206,52,25,35,108,196,230,219
Best fitness found so far: 0.6445846131795089; k: 2.0
Generation: 42; 0.6445846131795089; k: 2.0; 98,72,50,62,145,186,165,73,203,175,36,17,144,35,58,245,130,157,40,212,241,175,234,100,17,1,186,56,214,221,26,145,51,89,38,123,238,242,209,46,227,3,75,91,36,69,165,14,140
Best fitness found so far: 0.6445846131795089; k: 2.0
Generation: 43; 0.6445846131795089; k: 2.0; 98,72,50,62,107,186,165,73,175,175,234,197,25,222,142,67,73,131,172,89,17,58,237,235,165,28,175,234,78,60,222,221,74,146,183,130,148,17,14,116,201,197,209,103,11,7,175,130,188,197,69,39,108,224,175,69,176,241,157,204,213,108,33,86,206,157,40,84,241,178,140,226,169,201,41,3,196,32,59,117,17,203,233,36,17,144,14,71,3,196,32
Best fitness found so far: 0.6445846131795089; k: 2.0
Generation: 44; 0.6445846131795089; k: 2.0; 98,72,50,62,107,186,165,73,175,175,234,197,25,222,142,67,73,131,172,89,17,58,237,235,165,28,175,234,213,60,222,221,74,146,111,130,66,17,14,116,219,197,209,103,11,7,175,135,188,197,69,39,108,224,175,235,176,241,110,157,204,55,108,33,135,130,157,40,212,241,178,140,226,169,201,41,249,230,1,186,165,103,221,52,190
Best fitness found so far: 0.6445846131795089; k: 2.0
Generation: 45; 0.6445846131795089; k: 2.0; 39,72,50,62,107,186,165,73,175,230,234,197,25,21,108,88,202,186,165,73,175,234,170,146,55,130,35,17,192,47,201,206,209,159,189,240,175,210,139,98,72,50,62,107,186,19,73,175,234,186,25,1,186,165,214,222,221,9
Best fitness found so far: 0.6445846131795089; k: 2.0
Generation: 46; 0.6445846131795089; k: 2.0; 98,72,50,62,107,186,165,73,175,175,234,197,25,222,142,67,73,131,57,117,17,58,116,235,114,69,145,108,224,175,69,176,110,157,204,213,108,194,86,130,157,40,84,241,104,140,226,169,10,41,3,2,32,59,117,17,203,121,36,59,144,247,71
Best fitness found so far: 0.6445846131795089; k: 2.0
Generation: 47; 0.6445846131795089; k: 2.0; 98,214,50,62,145,186,165,73,121,175,36,17,144,9,58,174,235,88,209,131,130,117,118,58,116,19,228,209,103,216,240,175,50,188,25,232,205,184,224,214,69,192,110,123,204,213,108,60,59,175,234,117,17,186,165,73,175,148,186,154,73,90,234,100,226,1,186,56,99,167,215,12,240,89,131,5,227,242,209,46,197,38,75,133,36,17,140,91,239,88,7,58,40,35,1,24,150,36,71,14,71,74,79,47,63,154,23,108,88,202,124,41,1,87,210,217,142,170,167,222,160,35,108,196,230,219
Best fitness found so far: 0.6445846131795089; k: 2.0
Generation: 48; 0.6445846131795089; k: 2.0; 98,72,50,62,107,186,165,73,175,175,234,197,25,188,142,67,73,131,172,59,17,58,219,235,165,204,213,108,33,35,130,157,40,74,241,18,186,226,25,222,142,67,144,14,140
Best fitness found so far: 0.6445846131795089; k: 2.0
Generation: 49; 0.6445846131795089; k: 2.0; 98,72,50,62,145,186,55,73,203,175,36,17,144,18,12,17,144,105,221,137
Best fitness found so far: 0.6445846131795089; k: 2.0
Generation: 50; 0.6445846131795089; k: 2.0; 98,72,50,62,145,186,165,73,203,175,36,17,36,17,144,50,62,145,186,165,98,239,175,36,94,144,172,13,73,241,80,206,52,25,35,69,201,67,142,2,155,209,225
Best fitness found so far: 0.6445846131795089; k: 2.0
Generation: 51; 0.6445846131795089; k: 2.0; 98,144,50,62,145,186,165,73,127,175,226,17,144,35,58,116,81,88,209,131,130,117,17,165,116,19,228,209,103,189,2,175,50,188,126,69,205,184,224,175,101,192,110,157,204,37,108,67,144,14,140
Best fitness found so far: 0.6445846131795089; k: 2.0
Generation: 52; 0.6445846131795089; k: 2.0; 98,72,50,62,107,186,165,73,175,175,234,197,25,173,142,67,73,229,194,221,28,36
Best fitness found so far: 0.6445846131795089; k: 2.0
Generation: 53; 0.6445846131795089; k: 2.0; 98,72,230,62,107,186,165,73,175,175
Best fitness found so far: 0.6445846131795089; k: 2.0
Generation: 54; 0.6445846131795089; k: 2.0; 98,72,50,62,107,186,165,73,177,175
Best fitness found so far: 0.6445846131795089; k: 2.0
Generation: 55; 0.6445846131795089; k: 2.0; 98,72,50,206,145,186,165,73,121,175,36,17,105,17,206,2,221,165,73,203,175,198,17,144,14,237,170,167,183,24,14,10,196,230,114,202,225
Best fitness found so far: 0.6445846131795089; k: 2.0
Generation: 56; 0.6445846131795089; k: 2.0; 98,72,50,62,107,186,165,73,175,175,234,197,25,222,142,67,73,131,172,89,17,10,237,150,69,17,144,35,58,122,55,165,73,141,175,36,17,144,35
Best fitness found so far: 0.6445846131795089; k: 2.0
Generation: 57; 0.6445846131795089; k: 2.0; 98,72,50,62,145,186,165,73,203,175,36,17,22,184,58,116,235,88,209,131,130,30,17,58,116,19,228,209,103,189,240,175,50,188,25,69,205,27,224,175,69,192,216,157,204,213,108,33,44,130,199,40,212,241,174,69,72,50,5,145,137,165,132,203,175,36,17,58,61,235,228,209,36,17,166,105,221,137
Best fitness found so far: 0.6445846131795089; k: 2.0
Generation: 58; 0.6445846131795089; k: 2.0; 98,72,50,62,145,186,165,73,203,175,36,17,144,35,58,219,235,165,204,213,108,33,35,130,157,40,74,241,18,186,226,169,201,41,42,230,162,198,135,214,221,230,102
Best fitness found so far: 0.6445846131795089; k: 2.0
Generation: 59; 0.6445846131795089; k: 2.0; 98,72,50,62,107,186,165,73,175,175,234,197,25,222,142,67,8,131,17,186,165,43,128,148,186,154,73,175,234,100,226,1,186,56,99,167,26,12,240,89,131,39,227,242,209,46,197,38,75,133,36,17,140,91,207,88,7,58,243,35,1,250,150,249,71,14,79,47,63,154
Best fitness found so far: 0.6445846131795089; k: 2.0
Generation: 60; 0.6445846131795089; k: 2.0; 15,72,50,62,145,186,31,73,239,175,36,17,99,203,13,73,203,175,206,52,25,35,4,196,149,202,163,165,167,175,29,100,25,145,142,74,167,222,169,153,217,196,214,218,1,160,51,63,62,107,186,165,173,175,175,234,197,1
Best fitness found so far: 0.6445846131795089; k: 2.0
Generation: 61; 0.6445846131795089; k: 2.0; 98,72,50,62,107,186,165,73,175,175,234,197,142,154,73,131,172,89,17,58,23,152,165,204,239,108,33,35,117,157,40,74,241,18,186,226,169,201,41,42,230,162,198,194,214,221,230,102
Best fitness found so far: 0.6445846131795089; k: 2.0
Generation: 62; 0.6445846131795089; k: 2.0; 98,72,50,62,107,186,165,73,175,175,234,197,25,222,142,26,73,131,172,89,17,58,47,235,165,28,175,197,37,60,222,221,74,146,111,130,66,17,30,116,219,197,209,103,11,27,175,36,59,82,54,108,88,202,124,33,185,36,208,74,79,47,63,154,23,108,80,202,124,41,1,179,210,218,142,170,15,222,160,171,108,196,230,219
Best fitness found so far: 0.6445846131795089; k: 2.0
Generation: 63; 0.6445846131795089; k: 2.0; 98,214,50,62,145,186,249,73,121,175,134,17,238,9,229,174,235,88,2,201,37,117,250,61,207,52
Best fitness found so far: 0.6445846131795089; k: 2.0
Generation: 64; 0.6445846131795089; k: 2.0; 178,72,50,62,145,186,151,73,203,175,36,17,144,203,13,73,203,175,204,55,17,144,18,225
Best fitness found so far: 0.6445846131795089; k: 2.0
Generation: 65; 0.6445846131795089; k: 2.0; 98,72,50,62,145,186,165,73,203,175,36,17,105,17,144,2,221,165,73,203,165,73,203,175,147,17,144,35,58,116,235,88,209,234,44,25,145,65,79,167,92,73,183,183,196,135,194,221,166,170
Best fitness found so far: 0.6445846131795089; k: 2.0
Generation: 66; 0.6445846131795089; k: 2.0; 98,72,50,62,145,186,165,123,203,175,36,37,144,184,81,202,235,88,209,90,55,17,17,76,116,17,228,209,103,189,240,175,50,188,25,69,205,27,30,175,69,192,216,157,204,213,108,159,135,130,199,40,212,112,201,145,143,204,73,121,175,36,17,105,17,144,2,233,191,73,81,175,198,127,196,14,17,96,58,116,24,228,76,206,163,64,54,108,91,155,17,229,86,79
Best fitness found so far: 0.6445846131795089; k: 2.0
Generation: 67; 0.6445846131795089; k: 2.0; 98,72,50,62,145,186,165,73,203,175,36,17,144,35,58,174,235,235,88,209,131,130,166,118,58,154,35,108,196,230,219
Best fitness found so far: 0.6445846131795089; k: 2.0
Generation: 68; 0.6445846131795089; k: 2.0; 98,72,185,62,111,186,165,73,175,175,234,197,25,222,34,67,179,131,212,89,17,58,21,235,39,152,175,234,78,60,222,146,17,146,183,42,148,17,14,116,155,197,209,176,11,123,228,130,149,80,95,39,108,224,2,155,214,225,98,72,142,2,155,214,225
Best fitness found so far: 0.6445846131795089; k: 2.0
Generation: 69; 0.6445846131795089; k: 2.0; 98,72,50,62,107,186,165,73,175,175,158,197,25,222,142,14,73,131,168,89,17,58,237,235,130,133,175,234,73,28,212,36,54,144,203,13,73,203,175,206,52,25,35,235,186,165,73,93,175,36,17,144,203,13,73,84,247,206,52,25,35,108,12,87,210,218,142,170,167,222,83,35,19,196,230,219
Best fitness found so far: 0.6445846131795089; k: 2.0
Generation: 70; 0.6445846131795089; k: 2.0; 98,156,50,62,121,186,165,73,31,175,194,17,245,56,38,117,59,144,127,71
Best fitness found so far: 0.6445846131795089; k: 2.0
Generation: 71; 0.6445846131795089; k: 2.0; 98,72,50,62,141,126,165,73,175,175,234,197,100,25,145,142,53,34,89,165,98,72,50,62,141,186,165,73,175,175,242,197,100,25,211,142,53,24,89,165,137
Best fitness found so far: 0.6445846131795089; k: 2.0
Generation: 72; 0.6445846131795089; k: 2.0; 98,72,50,62,107,186,165,73,175,175,234,142,222,222,142,22,73,131,57,117,17,58,169,201,124,249,131,1,186,165,86,128,157,40,114
Best fitness found so far: 0.6445846131795089; k: 2.0
Generation: 73; 0.6445846131795089; k: 2.0; 15,72,50,62,145,186,165,98,239,175,36,17,201,203,178,73,203,175,206,52,28,175,197,36,60,222,221,74,146,111,74,66,17,30,116,219,197,209,178,11,94,175,135,59,197,54,108,88,202,124,33,185,36,15,74,79,225,63,154,23,108,88,202,124,41,1,179,210,43,142,170,167,222,111,171,108,196,230,219
Best fitness found so far: 0.6445846131795089; k: 2.0
Generation: 74; 0.6445846131795089; k: 2.0; 15,72,50,62,145,186,165,73,239,175,36,17,144,203,13,73,203,5,48,43,197,69,211,108,224,175,69,10,241,157,204,213,108,130,56,249,157,52,84,241,178,140,201,169,145,142,170,167,222,169,239,108,88,202,157,40,161,241,104,140,206,186,10,191,3,2,32,77,117,17,236,121,115,59,144,127,71
Best fitness found so far: 0.6445846131795089; k: 2.0
Generation: 75; 0.6445846131795089; k: 2.0; 98,72,50,62,145,186,165,73,203,175,36,17,144,184,58,125,235,88,209,131,130,30,17,201,16,110
Best fitness found so far: 0.6445846131795089; k: 2.0
Generation: 76; 0.6445846131795089; k: 2.0; 98,72,50,62,107,186,165,73,175,175,234,197,25,222,206,90,73,131,17,144,35,207,234,27,7,192,219,130,133,44,207,31
Best fitness found so far: 0.6445846131795089; k: 2.0
Generation: 77; 0.6445846131795089; k: 2.0; 98,72,50,62,107,186,165,73,157,175,234,197,100,25,145,159,220,34,145,165,214,76,219,242,229,73,86,121,100,58,142,2,155,214,43,98,72,13,73,212,109,54,234,100,166,1,186,56,214,221,33,145,197,221,38,123,238,242,209,46,227,3,75,91,234,69,165,15,140
Best fitness found so far: 0.6445846131795089; k: 2.0
Generation: 78; 0.6445846131795089; k: 2.0; 74,72,50,62,145,186,13,73,203,175,206,52,58,144,35,58,245,229,73,86,85,100,58,142,2,155,214,225,98,238,242,209,46,227,3,75,91,206,218,165,105,140
Best fitness found so far: 0.6445846131795089; k: 2.0
Generation: 79; 0.6445846131795089; k: 2.0; 98,78,50,62,107,186,165,73,103,175,234,197,80,222,142,67,73,131,51,117,17,58,134,85,186,165,247,224,14,234,197,25,222,142,76,7,131,172,89,17,58,185,235,225,168,175,234,78,60,222,221,17,146,183,42,148,17,14,116,155,197,209,103,94,7,228,130,149,197,69,173,108,74,175,64,176,135,157,204,213,108,130,56,95,175,234,197,25,222,142,67,73,131,172,89,17,58,237,235,165,168,175,234,78,60,222,221,17,146,173,42,148,17,14,116,155,197,209,49,11,7,228,130,149,197,69,39,108,224,202,69,176,241,157,204,213,108,33,203,206,157,40,84,241,178,140,226,169,145,142,170,167,222,169,35,108,88,202,156
Best fitness found so far: 0.6445846131795089; k: 2.0
Generation: 80; 0.6445846131795089; k: 2.0; 98,72,50,119,145,186,155,73,203,175,36,17,144,40,84,241,104,140,226,169,10,41,43,2,32,59,36,17,203,121,36,59,144,139,71
Best fitness found so far: 0.6445846131795089; k: 2.0
Generation: 81; 0.6445846131795089; k: 2.0; 98,72,50,62,107,186,165,73,175,175,234,197,25,222,142,67,73,131,172,89,17,58,237,235,165,144,175,234,167,60,222,221,74,146,111,130,66,17,14,116,219,197,209,103,177,7,175,135,188,197,69,39,108,224,175,235,176,241,110,157,204,55,108,33,135,107,157,212,241,178,69,72,50,62,145,82,165,73,203,250,36,17,136,17,100,105,221,137
Best fitness found so far: 0.6445846131795089; k: 2.0
Generation: 82; 0.6445846131795089; k: 2.0; 98,72,50,62,145,186,165,73,215,175,80,17,36,17,144,108,18,73,221,175,58,56,165,73,203,175,20,17,144,14,71
Best fitness found so far: 0.6445846131795089; k: 2.0
Generation: 83; 0.6445846131795089; k: 2.0; 98,72,50,62,145,156,165,158,203,175,36,17,144,89,17,58,47,235,165,28,51,197,36,160,229,221,74,109,111,130,135,17,30,116,219,197,209,103,11,94,175,135,59,197,54,118,88,202,124,33,245,36,145,147,98,102,217,4,36,17,120,71
Best fitness found so far: 0.6445846131795089; k: 2.0
Generation: 84; 0.6445846131795089; k: 2.0; 74,72,80,95,145,186,13,73,203,175,206,52,58,144,35,58,245,130,157,67,212,241,57,93,238,17,1,175,238,17,36,71
Best fitness found so far: 0.6445846131795089; k: 2.0
Generation: 85; 0.6445846131795089; k: 2.0; 249,72,50,62,145,186,165,73,217,175,36,17,36,17,58,211,148,3,136,206,163,64,54,75,91,148,17,144,14,84,75,219
Best fitness found so far: 0.6445846131795089; k: 2.0
Generation: 86; 0.6445846131795089; k: 2.0; 15,72,50,62,223,186,165,73,239,175,36,247,144,49,13,73,203,64,224,52,197,69,188,108,14,108,88,202,186,165,73,175,175,197,209,103,11,94,175,135,114,197,54,108,88,202,124,33,118,149,15,74,79,47,63,154,23,108,247,202,124,41,1,179,210,218,142,170,167,125,46,171,108,196,167,219,88,202,186,165,73,175,175,197,209,103,11,94,175,135,114,197,54,108,88,202,124,33,118,149,15,74,79,47,63,154,23,108,247,202,124,41,1,179,210,218,142,170,167,125,46,171,108,196
Best fitness found so far: 0.6445846131795089; k: 2.0
Generation: 87; 0.6445846131795089; k: 2.0; 15,72,50,62,145,186,165,98,239,175,36,17,144,203,13,73,203,175,206,52,25,35,250,196,67,144,35,44,245,192,197,14,71
Best fitness found so far: 0.6445846131795089; k: 2.0
Generation: 88; 0.6445846131795089; k: 2.0; 98,72,50,62,145,186,165,73,203,175,36,17,61,14,108,88,202,186,233,73,175,165,170,146,157,40,206,241,180,140,226,169,201,124,249,104,1,186,165,86,125,36,40,79
Best fitness found so far: 0.6445846131795089; k: 2.0
Generation: 89; 0.6445846131795089; k: 2.0; 98,72,50,62,107,186,165,73,175,175,234,197,100,25,145,142,5,34,145,165,41,209,219,242,229,225,86,222,100,58,142,2,155,152,225,98,72,50,62,107,239,108,28,202,133
Best fitness found so far: 0.6445846131795089; k: 2.0
Generation: 90; 0.6445846131795089; k: 2.0; 98,72,50,206,145,186,165,73,121,175,36,17,105,17,144,2,221,165,73,203,175,117,17,186,165,73,175,148,186,154,73,175,234,100,226,1,186,56,99,167,26,39,240,89,131,5,105,242,209,46,174,38,75,133,36,189,140,91,239,88,40,58,99,35,1,250,150,36,71,14,79,16,63,154
Best fitness found so far: 0.6445846131795089; k: 2.0
Generation: 91; 0.6445846131795089; k: 2.0; 98,72,50,62,145,186,165,73,203,175,36,17,144,35,207,7,27,7,192,219,18,221,169,219
Best fitness found so far: 0.6445846131795089; k: 2.0
Generation: 92; 0.6445846131795089; k: 2.0; 98,72,50,62,107,186,165,73,175,175,234,197,25,222,142,67,73,131,130,117,17,58,116,235,228,209,161,52,25,35,108,175,101,234,197,100,50,62,111,186,165,73,175,175,234,197,25,222,34,67,73,131,172,197,25,222,142,67,73,131,130,117,17,58,116,235,228,209,161
Best fitness found so far: 0.6445846131795089; k: 2.0
Generation: 93; 0.6445846131795089; k: 2.0; 98,48,50,62,107,186,119,73,175,175,234,197,25,179,142,207,73,131,172,89,17,58,47,235,165,28,175,248,36,111,63,170,21,108,88,202,188,165,73,175,164,24,141,169,130,47,235,165,28,175,197,36,60,213,221,74,146,111,112,66,17,30,116,219,39,146,55,130,94,114,17,58,116,24,228,76,206,163,64,54,108,91,36,17,144,14,79
Best fitness found so far: 0.6445846131795089; k: 2.0
Generation: 94; 0.6445846131795089; k: 2.0; 98,72,50,62,145,186,13,73,203,175,206,52,25,35,108,36,230,219
Best fitness found so far: 0.6445846131795089; k: 2.0
Generation: 95; 0.6445846131795089; k: 2.0; 98,72,50,62,145,186,165,73,203,175,36,17,144,35,161,245,130,157,40,212,90,175,234,110,37,108,67,144,70,140
Best fitness found so far: 0.6445846131795089; k: 2.0
Generation: 96; 0.6445846131795089; k: 2.0; 98,72,50,62,145,186,165,73,203,175,36,17,146,203,13,73,203,175,206,52,25,35,196,229,194,221,28,9
Best fitness found so far: 0.6445846131795089; k: 2.0
Generation: 97; 0.6445846131795089; k: 2.0; 98,72,50,62,107,186,165,73,53,175,234,197,25,222,142,14,73,131,168,89,160,58,237,235,130,28,175,234,73,203,175,36,196,32,59,117,17,203,221,36,67,144,247,71
Best fitness found so far: 0.6445846131795089; k: 2.0
Generation: 98; 0.6445846131795089; k: 2.0; 98,72,50,62,111,186,165,73,175,175,234,57,25,222,34,67,125,131,172,130,56,95,227,40,84,241,178,140,226,86,145,142,170,167,155,79,225
Best fitness found so far: 0.6445846131795089; k: 2.0
Generation: 99; 0.6445846131795089; k: 2.0; 178,72,75,62,145,186,165,73,203,175,130,157,40,161,241,104,140,206,169,10,104,87,2,32,77,117,17,203,165,235,209,219,242,210,73,86,187,100,83,142,2,155,214,225,98,72,50,62,107,186,165,242,175,175,234,197,100
Best fitness found so far: 0.6445846131795089; k: 2.0
Generation: 100; 0.6445846131795089; k: 2.0; 98,72,50,62,107,186,165,73,175,175,234,197,25,222,142,67,73,131,172,89,17,58,237,235,20,28,175,234,213,60,222,221,74,146,111,130,66,33,101,116,219,197,209,31,11,7,175,135,200,197,69,39,108,224,175,235,176,241,110,157,107,55,108,33,135,130,157,40,212,241,36,140,226,169,201,41,214,50,193,98,186,165,73,121,175,36,17,238,9,58,174,235,88,209,131,130,117,118,58,181,35,108,196,230,219
Best fitness found so far: 0.6445846131795089; k: 2.0
Generation: 101; 0.6445846131795089; k: 2.0; 98,72,50,62,107,186,165,73,175,175,234,197,25,222,202,67,73,131,57,117,17,58,116,235,61,69,145,130,224,175,69,176,110,189,180,234,197,179,222,142,99,73,131,57,117,17,58,122,235,80,209,36,17,148,105,221,137
Best fitness found so far: 0.6445846131795089; k: 2.0
Generation: 102; 0.6445846131795089; k: 2.0; 39,72,50,62,107,186,165,73,175,230,234,197,25,21,30,88,202,186,165,32,175,234,170,146,55,130,35,17,117,47,201,206,209,159,189,240,175,210,139,224,62,145,186,74,50,62,145,186,165,73,203,42
Best fitness found so far: 0.6445846131795089; k: 2.0
Generation: 103; 0.6445846131795089; k: 2.0; 178,72,50,62,145,186,165,73,203,175,130,157,40,161,186,165,73,93,175,36,102,144,203,13,73,205,180,206,52,176,35,108,234,87,210,218,142,170,167,222,89,61,207,52,73,230,104,85,235,56,14,79,111,225,170,153,108,88,202,58,142,35,1,129,221,25,45,207,176,27,7,130,219,130,250,61,207,52
Best fitness found so far: 0.6445846131795089; k: 2.0
Generation: 104; 0.6445846131795089; k: 2.0; 98,72,50,62,107,186,165,73,175,175,234,197,25,188,142,67,73,131,172,6,17,58,219,235,165,204,213,108,33,35,130,157,215,74,225,165,167,175,29,100,25,145,142,74,167,222,169,35,196,196,214,218,1,160,51,63,131,123,173,17,58,59,112,201,16,110,219,235,165,204,213,108,33,35,130,157,215,74,225,165,167,175,29,100,25
Best fitness found so far: 0.6445846131795089; k: 2.0
Generation: 105; 0.6445846131795089; k: 2.0; 98,72,50,212,107,186,165,73,175,175,234,197,25,222,142,67,73,131,57,117,17,58,116,129,186,165,247,176,14,234,197,25,222,142,67,73,217,172,89,114,58,237,235,165,168,175,234,78,60,80,221,67,146,183,42,82,17,14,179,155,197,209,103,247,7,228,130,149,197,186,165,114,175,175,9,197,25,222,142,67,38,131,57,117,17,58,116,235,114,69,145,108,224,175,69,176,218,157,204,213,108,150,86,130,157,40,84,241,104,140,108,169,10,41,3,2,32,59,240,17,203,121,36,59,144,123,71
Best fitness found so far: 0.6445846131795089; k: 2.0
Generation: 106; 0.6445846131795089; k: 2.0; 69,72,50,62,211,186,165,73,203,175,36,17,61,14,108,88,202,186,165,73,87,175,197,220,103,11,94,175,135,59,197,128,108,88,202,124,33,118,36,15,74,79,47,63,154,23,162,247,187,124,183,1,62,145,186,13,73,203,175,185,52,25,35,108,196,230,71
Best fitness found so far: 0.6445846131795089; k: 2.0
Generation: 107; 0.6445846131795089; k: 2.0; 98,72,50,62,107,186,115,73,175,175,234,197,25,230,142,67,73,237,182,117,17,192,116,108,61,88,145,15,175,37,234,197,83,50,62,111,186,165,73,188,25,235,30,99,224,175,69,84,110,123,223,213,165,60,218,203,234,117,17,186,159,73,175,177,90,154,73,175,234,100,36,17,144,105,221,147
Best fitness found so far: 0.6445846131795089; k: 2.0
Generation: 108; 0.6445846131795089; k: 2.0; 98,72,50,62,145,186,165,73,203,75,36,17,195,73,131,172,89,17,58,237,39,165,28,175,234,213,60,222,221,185,146,111,130,66,17,14,116,219,197,38,103,11,7,175,135,121,197,69,39,108,7,199,40,117,241,178,140,49,169,70,41,249,230,1,186,165,214,221,122,102
Best fitness found so far: 0.6445846131795089; k: 2.0
Generation: 109; 0.6445846131795089; k: 2.0; 98,72,50,62,107,186,81,73,175,175,234,197,25,222,142,67,73,169,97,89,17,58,219,235,165,204,213,108,195,79,130,157,40,74,222,18,245,226,169,201,41,140
Best fitness found so far: 0.6445846131795089; k: 2.0
Generation: 110; 0.6445846131795089; k: 2.0; 98,72,50,62,145,186,165,73,203,175,36,17,144,35,8,245,130,157,40,212,241,175,234,181,213,1,186,56,214,221,26,145,41,89,38,123,238,242,209,18,225
Best fitness found so far: 0.6445846131795089; k: 2.0
Generation: 111; 0.6445846131795089; k: 2.0; 98,72,50,62,107,186,165,73,175,175,234,197,25,222,142,67,73,131,141,117,17,58,145,142,74,167,222,169,35,196,196,214,218,1,160,51,63,131,123,173,17,58,51,112,201,75,124
Best fitness found so far: 0.6445846131795089; k: 2.0
Generation: 112; 0.6445846131795089; k: 2.0; 98,72,50,62,107,186,165,73,175,175,234,197,25,222,142,3,75,91,36,69,165,14,140
Best fitness found so far: 0.6445846131795089; k: 2.0
Generation: 113; 0.6445846131795089; k: 2.0; 98,72,50,62,145,186,165,73,203,210,36,17,144,35,58,116,235,88,209,131,130,117,17,58,116,19,113,209,103,189,240,175,50,188,25,69,205,225,224,175,69,192,110,157,204,225,108,127,186,165,28,206,29,100,25,145,142,73,131,57,117,17,58,116,235,228,209,36,17,144,105,221,137
Best fitness found so far: 0.6445846131795089; k: 2.0
Generation: 114; 0.6445846131795089; k: 2.0; 98,150,50,62,145,186,165,73,203,175,36,17,105,17,144,143,221,62,145,186,165,73,203,175
Best fitness found so far: 0.6445846131795089; k: 2.0
Generation: 115; 0.6445846131795089; k: 2.0; 98,72,50,62,107,186,165,73,157,175,234,197,100,202,145,159,53,34,145,165,214,76,219,242,229,73,86,121,100,58,142,2,155,214,83,246,72,50,62,131,130,117,17,58,50,235,228,209,206,52,25,35,187,196,230,219
Best fitness found so far: 0.6445846131795089; k: 2.0
Generation: 116; 0.6445846131795089; k: 2.0; 98,72,50,62,145,186,165,73,203,175,36,17,144,35,207,234,27,7,192,219,130,133,90,207,52
Best fitness found so far: 0.6445846131795089; k: 2.0
Generation: 117; 0.6445846131795089; k: 2.0; 178,72,50,62,145,186,13,73,203,175,206,52,58,142,2,155,214,4
Best fitness found so far: 0.6445846131795089; k: 2.0
Generation: 118; 0.6445846131795089; k: 2.0; 98,72,50,62,81,186,165,73,175,175
Best fitness found so far: 0.6445846131795089; k: 2.0
Generation: 119; 0.6445846131795089; k: 2.0; 98,72,50,62,107,186,165,73,175,175,234,197,25,222,142,67,238,161,172,89,237,58,237,235,165,28,175,234,78,60,222,221,74,70,183,71,148,30,14,116,201,5,209,103,11,7,175,130,188,197,69,39,108,186,165,73,203,175,36,89,144,35,58,99,235,88,193,131,130,117,17,58,116,19,34,209,103,189,139,115,50,188,25,69,205,184,224,175,101,192,110,157,204,37,108,67,144,14,140
Best fitness found so far: 0.6445846131795089; k: 2.0
Generation: 120; 0.6445846131795089; k: 2.0; 98,72,50,218,145,186,165,73,203,175,36,17,110,145,186,13,73,203,175,206,52,165,46,2,155,214,169,219
Best fitness found so far: 0.6445846131795089; k: 2.0
Generation: 121; 0.6445846131795089; k: 2.0; 98,72,50,62,107,171,165,73,175,175,234,197,100,32,145,142,53,34,145,165,41,209,219,242,229,108,86,121,100,58,203,2,155,152,225,98,72,50,176,107,35,212,145,186,165,73,139,22
Best fitness found so far: 0.6445846131795089; k: 2.0
Generation: 122; 0.6445846131795089; k: 2.0; 142,72,50,206,145,186,165,73,121,175,36,17,105,17,144,2,245,165,41,203,102,198,102,33,14,17,96,58,116,35,58,174,235,88,209,153,85,117,118,58,116,19,228,209,103,216,240,175,50,133,148,69,64,144,66,175,69,192,110,123,204,213,108,226,80,175,234,117,17,186,165,73,175,148,186,154,71,175,234,100,226,1,15,56,99,167,26,12,240,89,131,5,111,242,71,46,197,38,75,159,163,125,148,91,239,88,183,58,99,35,1,250,150,36,71,14,79,47,63,154
Best fitness found so far: 0.6445846131795089; k: 2.0
Generation: 123; 0.6445846131795089; k: 2.0; 98,156,50,62,47,186,165,73,31,175,194,17,170,14,38,88,202,186,165,73,175,247,170,146,55,230,157,17,17,58,116,148,3,136,206,163,64,54,108,91,154,126,144,14,84,241,196,229,194,249,50,91
Best fitness found so far: 0.6445846131795089; k: 2.0
Generation: 124; 0.6445846131795089; k: 2.0; 98,72,50,62,107,186,165,73,157,175,234,197,100,25,145,159,53,34,145,5,214,76,219,242,229,73,86,121,100,50,62,145,186,165,73,203,175,36,17,144,73,131,172,89,17,58,237,235,165,250,175,234,213,60,222,221,74,146,111,99,106,77,14,116,219,197,209,103,11,7,175,135,188,197,69,39,108,7,175,235,176,241,160,97,204,55,108,33,135,130,157,21,212,241,49,140,1,169,201,41,249,199,1,186,165,103,221,52,190
Best fitness found so far: 0.6445846131795089; k: 2.0
Generation: 125; 0.6445846131795089; k: 2.0; 98,72,50,62,107,186,165,73,175,175,234,197,111,222,142,14,73,131,169,201,41,249,230,65,186,165,103,221,52,190
Best fitness found so far: 0.6445846131795089; k: 2.0
Generation: 126; 0.6445846131795089; k: 2.0; 98,214,50,62,145,186,165,73,121,175,36,17,86,9,58,14,235,88,209,131,168,89,175,36,118,144,14,122
Best fitness found so far: 0.6445846131795089; k: 2.0
Generation: 127; 0.6445846131795089; k: 2.0; 98,72,50,62,107,186,7,73,229,175,234,197,227,195,25,69,205,27,92,175,69,192,216,157,204,213,108,33,135,130,199,247,212,241,178,69,157,50,62,145,137,165,73,203,250,36,17,40,206,241,180,140,239,169,201,124,249,104,214,186,165,86,130,157,40,79
Best fitness found so far: 0.6445846131795089; k: 2.0
Generation: 128; 0.6445846131795089; k: 2.0; 90,72,50,62,107,186,165,73,175,175,234,197,25,222,165,73,203,175,36,17,144,225
Best fitness found so far: 0.6445846131795089; k: 2.0
Generation: 129; 0.6445846131795089; k: 2.0; 98,72,50,62,145,186,165,73,203,175,36,57,144,105,221,169,235,114,69,145,108,224,175,69,176,110,7,204,213,108,222,125,130,157,40,84,241,7,140,226,169,10,41,3,2,32,59,117,17,203,121,36,59,144,247,71
Best fitness found so far: 0.6445846131795089; k: 2.0
Generation: 130; 0.6445846131795089; k: 2.0; 98,48,50,62,107,186,165,73,175,175,234,197,25,222,142,67,79,197,172,89,17,77,47,235,165,28,175,248,36,111,63,170,21,108,88,202,188,165,73,175,164,170,146,169,130,35,17,192,116,23,59,51,159,189,240,175,210,113,98,72,50,62,103,186,19,197,209,172,11,245,224,135,67,197,76,39,108,224,3,154,176,241,110,157,204,55,108,33,135,130,157,40,206,241,180,140,188,169,37,124,249,104,1,70,165,86,130,157,40,79
Best fitness found so far: 0.6445846131795089; k: 2.0
Generation: 131; 0.6445846131795089; k: 2.0; 98,72,50,62,107,186,165,73,89,175,234,197,114,186,165,214,222,221,9
Best fitness found so far: 0.6445846131795089; k: 2.0
Generation: 132; 0.6445846131795089; k: 2.0; 98,72,50,62,107,186,165,73,175,175,234,197,25,222,142,67,73,131,168,89,17,58,237,235,165,28,175,234,97,60,134,37,74,146,111,130,66,246,14,116,219,197,209,103,11,7,175,135,188,197,76,39,108,224,175,154,176,187,110,157,220,55,108,33,135,130,157,40,212,241,180,140,226,169,201,124,249,104,1,186,165,86,130,157,40,186,165,73,203,175,36,17,144,65,126,73,212,241,54,234,100,17,1,186,56,214,221,184,145,197,221,38,123,238,10,209,46,227,3,75,91,234,69,165,14,140
Best fitness found so far: 0.6445846131795089; k: 2.0
Generation: 133; 0.6445846131795089; k: 2.0; 98,72,50,62,145,186,165,93,203,175,36,17,144,35,125,116,235,88,209,234,100,25,145,65,67,167,178,73,183,183,175,218,17,239,18,126,219
Best fitness found so far: 0.6445846131795089; k: 2.0
Generation: 134; 0.6445846131795089; k: 2.0; 98,72,50,62,107,186,35,73,175,175,234,197,100,25,145,142,53,34,145,165,214,209,219,242,229,73,86,121,100,17,203,121,36,59,144,127,71
Best fitness found so far: 0.6445846131795089; k: 2.0
Generation: 135; 0.6445846131795089; k: 2.0; 98,72,50,62,145,186,165,73,203,175,36,17,80,35,58,116,235,88,209,205,130,25,17,58,244,19,228,209,103,189,240,175,50,188,25,69,205,184,224,175,101,192,110,157,204,37,108,67,144,14,140
Best fitness found so far: 0.6445846131795089; k: 2.0
Generation: 136; 0.6445846131795089; k: 2.0; 13,72,50,62,141,186,165,73,175,175,234,197,100,25,211,142,53,34,89,165,214,209,219,242,229,73,72,50,206,145,186,165,73,121,175,36,17,105,17,144,2,221,165,73,203,175,198,39,144,14,17,96,58,116,24,228,76,206,163,64,54,108,91,155,17,138,14,79
Best fitness found so far: 0.6445846131795089; k: 2.0
Generation: 137; 0.6445846131795089; k: 2.0; 74,72,50,62,145,186,13,73,203,175,206,52,58,144,35,58,245,130,157,67,212,241,250,234,238,17,1,186,56,73,203,175
Best fitness found so far: 0.6445846131795089; k: 2.0
Generation: 138; 0.6445846131795089; k: 2.0; 98,72,50,116,145,186,165,73,203,175,36,17,105,17,144,2,221,165,73,203,175,36,17,17,228,209,103,189,141,175,50,188,25,69,205,27,224,228,69,14,216,157,204,213,108,33,135,130,238,40,212,241,178,69,72,50,62,145,14,79,76,63,170,21,108,88,217,186,165,80,175,145,25,209,203,202,173,175,130,68,82,170,167,217,24,14,11,196,230,114,202,225,36,17,17
Best fitness found so far: 0.6445846131795089; k: 2.0
Generation: 139; 0.6445846131795089; k: 2.0; 98,72,50,62,145,186,165,73,203,175
Best fitness found so far: 0.6445846131795089; k: 2.0
Generation: 140; 0.6445846131795089; k: 2.0; 98,72,50,62,145,186,165,73,203,175,36,17,144,184,58,202,235,88,209,90,130,17,17,76,116,62,228,131,103,189,240,138,50,188,25,69,205,27,224,175,69,192,216,157,204,213,108,33,203,175,206,52,25,35,108,196,230,219
Best fitness found so far: 0.6445846131795089; k: 2.0
Generation: 141; 0.6445846131795089; k: 2.0; 98,72,50,62,107,186,165,73,175,175,234,62,137,186,165,73,203,175,36,17,36,17,144,105,221,137
Best fitness found so far: 0.6445846131795089; k: 2.0
Generation: 142; 0.6445846131795089; k: 2.0; 98,72,50,62,107,186,165,73,175,175,234,197,31,222,142,67,94,131,108,165,164,234,68,25,45,207,160,204,108,200,230,219
Best fitness found so far: 0.6445846131795089; k: 2.0
Generation: 143; 0.6445846131795089; k: 2.0; 98,72,50,62,107,186,165,73,175,175,234,197,25,222,142,67,73,217,57,117,17,58,116,235,114,69,145,108,224,175,69,176,110,157,204,213,108,194,86,130,157,40,84,241,104,140,221,169,219
Best fitness found so far: 0.6445846131795089; k: 2.0
Generation: 144; 0.6445846131795089; k: 2.0; 11,72,50,62,145,186,165,73,93,175,36,102,144,203,13,73,104,175,206,15,25,35,108,234,87,210,218,235,170,167,222,83,61,207,52,73,230,102,85,130,233,40,206,241,180,194,239,169,114,124,249,104,214,186,66,86,130,157,40,79
Best fitness found so far: 0.6445846131795089; k: 2.0
Generation: 145; 0.6445846131795089; k: 2.0; 98,72,50,62,47,186,165,73,175,175,234,197,25,188,142,67,73,131,172,59,17,58,219,235,165,204,214,108,33,35,130,157,40,74,241,18,221,175,218,56,99,18,241,178,5,37,169,201,41,33,196,32,59,117,17,203,91,36,17,144,247,71
Best fitness found so far: 0.6445846131795089; k: 2.0
Generation: 146; 0.6445846131795089; k: 2.0; 98,72,50,62,145,186,165,73,203,175,36,17,144,60,11,172,89,17,58,237,178,165,28,131,234,213,114,222,221,74,146,111,130,66,17,14,116,141,197,209,103,11,7,175,135,188,73,139,175
Best fitness found so far: 0.6445846131795089; k: 2.0
Generation: 147; 0.6445846131795089; k: 2.0; 98,72,50,206,145,186,165,73,121,175,36,17,105,17,144,2,221,165,73,203,175,198,17,23,14,17,96,58,116,24,228,76,206,163,64,54,108,91,178,17,242,109,73,175,175,234,197,100,170,211,142,53,34,89,165,214,209,219,242,229,73,86,121,100,58,142,2,212,214,225,98,238,242,209,46,227,3,75,91,36,69,165,105,140
Best fitness found so far: 0.6445846131795089; k: 2.0
Generation: 148; 0.6445846131795089; k: 2.0; 98,72,50,62,145,186,165,73,203,175,36,17,105,17,175,234,197,25,222,142,67,144,202,140
Best fitness found so far: 0.6445846131795089; k: 2.0
Generation: 149; 0.6445846131795089; k: 2.0; 98,78,50,62,107,186,165,73,103,175,234,197,25,222,142,67,73,131,57,117,17,58,116,107,186,165,247,224,140,234,197,25,98,72,35,62,145,186,3,73,118,175,147,17,144,18,225
Best fitness found so far: 0.6445846131795089; k: 2.0
Generation: 150; 0.6445846131795089; k: 2.0; 39,72,50,62,107,186,165,73,175,230,234,197,25,21,30,88,202,186,165,73,175,234,170,146,55,130,35,17,117,47,201,206,72,159,189,240,175,210,139,165,73,203,175
Best fitness found so far: 0.6445846131795089; k: 2.0
Generation: 151; 0.6445846131795089; k: 2.0; 15,72,50,62,145,186,165,98,239,175,36,17,144,203,13,73,203,175,206,52,110,35,69,196,67,160,35,58,245,130,73,175,230,234,197,25,21,30,88,202,186,165,69,87,234,170,146,55,130,35,17,117,47,201,32,153,159,189,240,175,210,139,50,62,145,186,13,73,111,175,206,80,58,142,2,155,214,225
Best fitness found so far: 0.6445846131795089; k: 2.0
Generation: 152; 0.6445846131795089; k: 2.0; 98,94,50,62,107,186,165,73,175,175,234,197,25,222,142,67,73,92,73,183,183,196,135,194,221,166,170
Best fitness found so far: 0.6445846131795089; k: 2.0
Generation: 153; 0.6445846131795089; k: 2.0; 98,72,50,62,107,186,165,73,175,175,234,197,132,208,142,67,73,30,171,89,17,58,237,235,165,28,175,234,97,60,134,221,98,72,50,62,145,186,165,73,203,210,36,244,144,35,58,116,235,88,209,131,130,117,17,58,116,19,113,140,103,27,240,57,50,188,25,229,205,225,224,175,69,121,110,157,204,225,108,127,186,165,28,175,29,100,71,145,142,170,167,207,104,73,175,234,100,25,146,142,124,143,230,192
Best fitness found so far: 0.6445846131795089; k: 2.0
Generation: 154; 0.6445846131795089; k: 2.0; 98,214,50,62,203,186,165,73,121,175,36,17,191,55,58,193,235,35,209,131,130,117,118,58,116,19,228,209,103,216,240,175,50,99,25,232,205,184,224,37,69,192,110,123,204,165,226,60,59,175,234,117,216,186,165,73,175,61,186,154,73,90,234,14,175,1,186,181,99,167,215,12,240,89,131,5,227,242,167,46,197,38,75,133,36,170
Best fitness found so far: 0.6445846131795089; k: 2.0
Generation: 155; 0.6445846131795089; k: 2.0; 98,72,50,62,145,186,165,73,203,175,36,17,144,105,221,169,157,40,206,249,180,140,226,169,211,124,219,104,1,186,165,86,130,157,40,79
Best fitness found so far: 0.6445846131795089; k: 2.0
Generation: 156; 0.6445846131795089; k: 2.0; 98,72,50,62,145,186,165,73,203,175,36,17,144,184,228,202,235,88,209,90,130,17,166,76,116,17,228,209,103,189,240,175,50,100,58,142,2,155,214,225,98,72,50,62,107,186,46,73,175,175,234,197,100
Best fitness found so far: 0.6445846131795089; k: 2.0
Generation: 157; 0.6445846131795089; k: 2.0; 98,72,50,179,107,186,165,73,175,175,234,197,31,222,142,67,28,204,108,165,164,234,68,25,209,103,11,94,175,135,59,197,54,108,88,202,124,244,118,36,15,74,79,47,63,154,23,108,247,202,124,41,1,179,210,218,142,170,167,232,46,171,108,196,230,219
Best fitness found so far: 0.6445846131795089; k: 2.0
Generation: 158; 0.6445846131795089; k: 2.0; 98,72,50,62,145,186,165,73,203,175,36,17,144,35,58,174,43,88,209,181,219,117,118,58,116,19,228,209,103,216,240,175,235,133,25,69,205,184,224,175,69,192,110,123,204,213,108,226,48,175,234,117,17,186,165,73,175,16,186,113,73,175,234,100,226,1,186,56,99,167,26,216,240,89,131,5,227,242,71,46,197,38,75,133,163,17,203,91,36,17,144,247,71
Best fitness found so far: 0.6445846131795089; k: 2.0
Generation: 159; 0.6445846131795089; k: 2.0; 98,72,50,62,145,186,55,73,231,40,36,17,144,167,183,24,14,10,196,230,114,148,225
Best fitness found so far: 0.6445846131795089; k: 2.0
Generation: 160; 0.6445846131795089; k: 2.0; 74,72,50,62,145,186,13,73,203,175,206,52,58,142,2,155,2,73,31,175,194,17,61,56,107,88,202,186,165,73,175,165,130,146,55,230,35,134,75,58,211,148,3,136,61,163,64,54,108,91,148,17,144,14,84,75,219
Best fitness found so far: 0.6445846131795089; k: 2.0
Generation: 161; 0.6445846131795089; k: 2.0; 99,72,50,62,107,186,165,73,175,175,234,197,175
Best fitness found so far: 0.6445846131795089; k: 2.0
Generation: 162; 0.6445846131795089; k: 2.0; 98,72,50,62,107,186,165,73,175,175,234,197,25,222,142,67,73,131,57,117,17,58,116,235,240,175,210,26,98,72,50,62,107,186,19,46,175,234,98,25,1,186,165,214,222,221,9
Best fitness found so far: 0.6445846131795089; k: 2.0
Generation: 163; 0.6445846131795089; k: 2.0; 15,72,50,62,145,216,165,98,239,175,192,17,144,203,13,73,221,137
Best fitness found so far: 0.6445846131795089; k: 2.0
Generation: 164; 0.6445846131795089; k: 2.0; 98,72,50,62,145,86,165,73,203,175,36,17,61,14,108,67,73,32,77,117,103,219,121,36,59,144,127,71
Best fitness found so far: 0.6445846131795089; k: 2.0
Generation: 165; 0.6445846131795089; k: 2.0; 98,72,50,62,107,186,165,73,175,175,234,197,88,74,183,142,53,34,27,72,214,209,219,242,240,73,86,121,100,98,142,175,24,190,89,157,150,213,108,59,86,72,50,62,145,186,151,73,203,175,36,17,224,203,13,73,203,117,206,52,25,35,196,229,194,221,28,91
Best fitness found so far: 0.6445846131795089; k: 2.0
Generation: 166; 0.6445846131795089; k: 2.0; 98,72,50,62,107,186,165,73,175,175,116,197,25,76,142,67,73,131,172,225,17,58,47,235,90,28,125,197,36,60,213,221,74,146,37,130,66,17,30,116,219,39,146,55,130,94,17,17,58,194,196,166,160
Best fitness found so far: 0.6445846131795089; k: 2.0
Generation: 167; 0.6445846131795089; k: 2.0; 98,78,50,62,107,186,165,73,103,175,234,197,25,222,142,67,73,131,57,117,17,58,116,107,186,165,247,224,14,234,197,25,222,142,67,73,222,74,89,17,58,237,235,225,168,175,234,78,60,222,160,17,146,139,42,148,17,14,116,155,197,209,103,247,1,189,130,149,197,69,188,62,241,186,165,140,112,175,234,197,25,222,142,67,73,131,49,89,175,36,118,144,14,71
Best fitness found so far: 0.6445846131795089; k: 2.0
Generation: 168; 0.6445846131795089; k: 2.0; 15,72,50,62,145,186,165,98,239,175,36,17,86,203,13,73,203,80,206,52,25,35,69,234,100,25,146,142,124,7,230,192
Best fitness found so far: 0.6445846131795089; k: 2.0
Generation: 169; 0.6445846131795089; k: 2.0; 98,72,50,98,107,186,165,73,175,175,234,197,100,25,145,73,203,175,36,17,144,105,221,137
Best fitness found so far: 0.6445846131795089; k: 2.0
Generation: 170; 0.6445846131795089; k: 2.0; 98,72,50,62,145,186,59,73,203,175,36,17,144,35,58,116,235,88,96,76,130,117,17,58,116,19,25,222,152,67,73,131,186,89,17,152,47,235,165,28,175,197,128,160,229,229,74,128,111,130,135,17,30,116,219,197,209,103,85,179,175,135,59,197,54,59,88,23,124,33,185,36,145,147,165,73,217,175,36,17,149,71
Best fitness found so far: 0.6445846131795089; k: 2.0
Generation: 171; 0.6445846131795089; k: 2.0; 98,72,50,62,107,186,165,73,175,175,234,197,25,222,142,67,73,237,57,117,56,17,116,108,61,88,145,15,99,4,234,53,100,50,62,111,186,165,73,175,175,234,105,221,169,219
Best fitness found so far: 0.6445846131795089; k: 2.0
Generation: 172; 0.6445846131795089; k: 2.0; 178,72,50,62,145,186,151,73,125,175,36,17,144,203,13,73,166,175,204,55,108,33,135,130,233,40,6,74,32,93,117,17,203,63,36,59,144,127,71
Best fitness found so far: 0.6445846131795089; k: 2.0
Generation: 173; 0.6445846131795089; k: 2.0; 199,72,50,62,107,186,165,73,175,175,234,197,93,222,142,67,73,238,172,89,17,58,219,160,239,204,213,108,33,72,50,62,145,77,13,210,203,175,206,52,58,144,35,58,220,130,157,67,212,134,250,242,238,17,1,186,56,101,221,26,145,200,221,38,123,238,242,209,46,247,3,75,91,36,189,165,14,140
Best fitness found so far: 0.6445846131795089; k: 2.0
Generation: 174; 0.6445846131795089; k: 2.0; 98,72,50,62,83,186,3,73,203,175,36,17,242,18,169,219
Best fitness found so far: 0.6445846131795089; k: 2.0
Generation: 175; 0.6445846131795089; k: 2.0; 98,72,50,62,145,186,165,73,203,175,36,17,144,35,58,122,55,199,73,203,175,36,17,44,50,62,82,186,165,73,175,175,234,197,25,222,142,67,73,237,57,117,17,58,116,108,82,88,145,15,175,109,234,197,100,50,62,111,186,165,73,175,175,234,197,25,222,34,67,73,131,172
Best fitness found so far: 0.6445846131795089; k: 2.0
Generation: 176; 0.6445846131795089; k: 2.0; 98,72,50,62,107,186,165,73,175,175,234,197,104,222,142,67,73,72,203,175,204,55,108,33,135,130,233,225,206,241,180,140,239,169,201,124,249,104,214,186,165,86,130,157,76,69
Best fitness found so far: 0.6445846131795089; k: 2.0
Generation: 177; 0.6445846131795089; k: 2.0; 98,156,50,62,121,186,165,73,31,175,42,17,121,193,38,88,202,186,165,195,175,165,170,146,55,230,35,134,17,58,71
Best fitness found so far: 0.6445846131795089; k: 2.0
Generation: 178; 0.6445846131795089; k: 2.0; 98,48,50,224,107,186,165,73,175,175,234,197,25,222,142,67,73,131,172,89,17,58,47,235,165,28,175,224,36,111,63,170,44,108,88,202,13,73,203,175,206,52,58,142,2,155,214,225
Best fitness found so far: 0.6445846131795089; k: 2.0
Generation: 179; 0.6445846131795089; k: 2.0; 98,72,50,62,107,186,165,73,175,175,234,197,243,222,142,67,73,131,172,89,17,58,237,100,165,28,175,234,213,60,222,221,74,146,111,130,66,17,14,116,219,197,209,230,219
Best fitness found so far: 0.6445846131795089; k: 2.0
Generation: 180; 0.6445846131795089; k: 2.0; 98,72,50,62,49,186,165,73,45,175,36,17,144,35,58,174,39,88,209,131,219,117,118,58,124,19,228,209,103,149,240,91,50,133,181,69,205,184,224,175,69,192,69,123,204,213,108,226,80,175,234,117,17,186,187,73,175,148,186,154,73,175,234,100,226,1,186,56,99,134,26,42,240,89,227,5,227,242,71,46,197,38,75,133,163,17,148,91,165,73,203,39,36,17,144,140,13,73,203,77,206,52,25,35,108,196,230,219
Best fitness found so far: 0.6445846131795089; k: 2.0
Generation: 181; 0.6445846131795089; k: 2.0; 11,72,50,62,145,186,165,73,93,175,36,102,144,203,13,73,104,175,206,52,25,35,108,234,87,210,218,142,170,40,222,77,61,207,52,73,230,102,85,145,186,165,73,203,175
Best fitness found so far: 0.6445846131795089; k: 2.0
Generation: 182; 0.6445846131795089; k: 2.0; 98,72,50,62,145,186,165,73,203,175,36,17,144,35,58,174,235,88,209,131,130,117,143,58,116,19,228,116,107,186,165,69,224,14,234,194,25,222,142,67,73,131,172,89,17,58,237,235,225,168,175,234,78,60,222,221,7,146,183,42,148,17,14,116,155,197,209,103,247,7,228,130,158,115,69,161,108,224,175,64,51,135,157,116,213,108,130,56,95,4,40,84,241,142,140,226,86,145,142,170,167,155,214,168
Best fitness found so far: 0.6445846131795089; k: 2.0
Generation: 183; 0.6445846131795089; k: 2.0; 98,162,50,62,203,186,165,73,121,175,36,222,142,67,73,237,57,117,17,58,116,108,61,88,60,15,186,64,234,197,100,50,62,111,186,165,73,175,175,234,197,25,222,34,67,73,131,172
Best fitness found so far: 0.6445846131795089; k: 2.0
Generation: 184; 0.6445846131795089; k: 2.0; 134,72,50,62,107,206,165,73,175,175,234,197,25,222,142,67,73,131,57,117,17,58,116,107,186,165,179,175,14,234,197,25,67,194,67,73,131,172,89,235,180,237,235,165,32,175,107,78,60,222,221,17,146,183,42,22,17,14,116,155,197,209,103,247,7,155,130,149,240,35,101,196,88,202,186,165,167,175,29,89,25,145,142,12,166,222,169,35,196,196,214,218,1,74,62,107,186,165,73,175,175,234,197,25,222,235,67,144,14,73
Best fitness found so far: 0.6445846131795089; k: 2.0
Generation: 185; 0.6445846131795089; k: 2.0; 98,72,50,62,107,186,3,73,203,175,36,17,144,42,225
Best fitness found so far: 0.6445846131795089; k: 2.0
Generation: 186; 0.6445846131795089; k: 2.0; 37,72,50,62,145,186,165,73,239,175,36,17,144,200,13,73,203,175,206,52,25,35,69,196,88,202,186,165,167,175,148,100,25,145,142,74,6,222,117,35,196,196,214,218,1,160,51,63,131,123,173,69,111,194,112,221,137
Best fitness found so far: 0.6445846131795089; k: 2.0
Generation: 187; 0.6445846131795089; k: 2.0; 98,156,50,62,121,186,165,73,31,175,194,17,226,14,38,88,219,186,165,73,175,165,170,146,55,230,35,17,17,58,116,148,3,136,206,163,64,54,108,91,73,175,165,170,146,55,230,35,17,17,58,116,73,3,136,68,163,78,54,108,27,36,194,144,183,84,81,178,140,37,169,201,41,33,196,32,59,117,27,203,1,36,17,144,247,71
Best fitness found so far: 0.6445846131795089; k: 2.0
Generation: 188; 0.6445846131795089; k: 2.0; 39,72,50,62,107,186,117,73,175,230,234,197,25,21,108,88,202,186,165,63,175,234,170,146,55,130,35,17,192,52,25,35,69,89,67,142,2,155,209,208
Best fitness found so far: 0.6445846131795089; k: 2.0
Generation: 189; 0.6445846131795089; k: 2.0; 98,72,50,62,145,186,165,73,203,175,36,17,144,35,58,116,235,86,209,234,100,25,145,65,79,167,176,241,110,157,24,133,108,50,135,130,157,40,206,241,234,140,226,169,201,124,249,104,1,186,165,86,125,104,40,79
Best fitness found so far: 0.6445846131795089; k: 2.0
Generation: 190; 0.6445846131795089; k: 2.0; 98,72,50,62,145,186,165,73,203,210,164,17,144,35,58,116,235,88,209,131,156,117,17,58,116,19,113,209,103,174,240,175,50,188,25,69,104,225,224,175,133,192,110,157,204,225,108,127,186,165,28,175,29,100,25,145,142,170,167,207,158,73,42,234,100,25,146,142,154,73,90,234,100,175,1,186,181,99,167,215,12,240,89,131,5,227,242,209,154,197,38,75,133,36,144,140,91,145,51,89,38,156,238,144,209,46,227,3,204,91,36,228,165,65,64
Best fitness found so far: 0.6445846131795089; k: 2.0
Generation: 191; 0.6445846131795089; k: 2.0; 123,72,50,62,107,186,165,73,175,175,234,197,25,222,142,67,73,131,172,89,17,58,47,235,165,28,175,197,36,60,222,221,74,146,111,130,66,17,30,116,219,188,209,103,11,94,48,135,59,197,54,108,88,248,212,33,185,62,15,74,62,47,73,8,175,36,17,144,35
Best fitness found so far: 0.6445846131795089; k: 2.0
Generation: 192; 0.6445846131795089; k: 2.0; 98,72,50,62,145,186,3,73,203,175,36,17,144,89,26,58,47,235,165,28,175,197,36,160,229,221,74,128,111,130,135,17,30,116,219,197,209,103,11,94,175,135,59,197,54,59,88,113,124,33,185,72,145,147,165,73,217,175,36,17,36,152
Best fitness found so far: 0.6445846131795089; k: 2.0
Generation: 193; 0.6445846131795089; k: 2.0; 137,72,50,62,145,186,165,73,203,175,36,17,144,35,58,174,235,88,209,131,130,117,118,58,116,19,228,209,103,116,240,175,50,188,25,69,205,184,224,175,69,192,110,123,204,165,108,60,135,175,234,117,28,84,165,73,175,134,186,154,73,175,234,100,226,1,175,130,157,16,161,241,104,141,206,169,10,41,3,2,32,77,117,17,203,121,36,59,144,127,5
Best fitness found so far: 0.6445846131795089; k: 2.0
Generation: 194; 0.6445846131795089; k: 2.0; 98,72,50,62,107,186,147,73,175,175,234,197,100,69,83,142,147,34,145,17,144,105,221,137,147,73,175,175,234,197,100
Best fitness found so far: 0.6445846131795089; k: 2.0
Generation: 195; 0.6445846131795089; k: 2.0; 98,148,50,62,107,186,165,73,175,175,234,197,25,222,142,67,73,131,57,117,17,58,37,235,61,69,145,108,224,175,69,176,110,157,204,213,108,141,86,130,157,103,84,241,104,140,73,203,175,36,17,248,17,144,217,221,165,73,141,175,36,17,144,14,71
Best fitness found so far: 0.6445846131795089; k: 2.0
Generation: 196; 0.6445846131795089; k: 2.0; 37,72,50,62,107,186,7,73,175,175,234,197,227,188,25,69,205,27,136,175,69,192,216,157,204,213,108,33,140,226,169,201,41,249,230,1,128,165,214,221,122,102
Best fitness found so far: 0.6445846131795089; k: 2.0
Generation: 197; 0.6445846131795089; k: 2.0; 98,156,50,62,121,186,165,73,31,175,194,17,61,14,38,88,202,186,165,73,10,165,170,146,55,230,35,17,17,58,116,250,235,148,209,131,219,173,146,58,116,19,228,209,103,169,240,175,50,133,25,69,205,66,224,175,69,192,110,123,204,213,108,226,80,175,234,117,17,189,165,73,175,15,186,154,73,175,234,100,226,1,186,6,99,167,26,12,240,89,131,5,101,242,71,46,197,38,52,133,163,17,148,193,239,88,7,220,184,35,1,250,150,36,71,14,162,47,63,154
Best fitness found so far: 0.6445846131795089; k: 2.0
Generation: 198; 0.6445846131795089; k: 2.0; 98,72,50,62,107,186,165,73,175,175,234,197,25,222,187,67,73,131,57,117,229,58,116,235,74,69,145,108,224,187,69,176,47,157,204,213,108,141,86,130,157,103,84,241,104,51,226,169,10,41,3,108,18,59,117,17,203,162,49,59,144,11,17,144,105,221,61,14,38,88,202,186,165,73,103,165,170,146,55,24,221,17,17,58,116,148,3,136,206,163,64,54,108,91,36,17,144,14,84,241,178,140,37,169,201,41,202,196,32,59,117,173,112,91,36,17,144,247,71
Best fitness found so far: 0.6445846131795089; k: 2.0
Generation: 199; 0.6445846131795089; k: 2.0; 221,72,50,62,145,186,165,73,203,175,36,17,13,17,144,2,221,165,73,203,175,36,17,144,14,30,116,219,115,209,103,11,94,175,135,59,197,54,244,88,202,124,33,185,36,226,147,165,180,217,175,36,17,36,71
Best fitness found so far: 0.6445846131795089; k: 2.0
Total time of execution of seed 7 : 19375040
Solution Fitness: -0.6445846131795089
Variables: random 4 chebyshev split moveBetween join moveAverage
