Generation: 0; 0.052028494657017164; k: 2.9; 97,249,36,10,158,24,27,114,144,197
Best fitness found so far: 0.052028494657017164; k: 2.9
Generation: 1; 0.4124646220558496; k: 7.4; 141,49,165,235,71
Best fitness found so far: 0.4124646220558496; k: 7.4
Generation: 2; 0.5068499084513631; k: 3.0; 185,48,106,84,149,129,249,220,119,127,119,21,155
Best fitness found so far: 0.5068499084513631; k: 3.0
Generation: 3; 0.5804504375674007; k: 3.0; 71,226,230,7,149,129,249,220,217,127,119,21,155
Best fitness found so far: 0.5804504375674007; k: 3.0
Generation: 4; 0.5124766413242181; k: 2.0; 141,49,165,201,7,18,229
Best fitness found so far: 0.5804504375674007; k: 3.0
Generation: 5; 0.5648668438432896; k: 2.0; 1,60,168,113,199,116,89,154,95,147,158,155,185,1,60,168,113,199,116,89,154,95,147,158
Best fitness found so far: 0.5804504375674007; k: 3.0
Generation: 6; 0.5648668438432896; k: 2.0; 1,60,168,113,199,116,89,154,95,147,158,155,172,1,60,168,113,199,162,89,154,95,147,158
Best fitness found so far: 0.5804504375674007; k: 3.0
Generation: 7; 0.586952090722187; k: 2.0; 71,235,102,152,167,50,249,64,161,41,88,125,89,145,31
Best fitness found so far: 0.586952090722187; k: 2.0
Generation: 8; 0.6636547145970441; k: 2.0; 1,60,168,113,199,116,89,154,95,78,158,155,113,13,60,209,113,199,162,89,234,95,147,158
Best fitness found so far: 0.6636547145970441; k: 2.0
Generation: 9; 0.6194680022775598; k: 2.0; 189,225,165,235,227
Best fitness found so far: 0.6636547145970441; k: 2.0
Generation: 10; 0.6664838160587858; k: 2.0; 1,60,168,113,199,116,89,147,95,147,158,155,147,100,155,185,1,60,2,113,199,154,89,154,95,97,194,15,195,96,227,89,193
Best fitness found so far: 0.6664838160587858; k: 2.0
Generation: 11; 0.6664838160587858; k: 2.0; 1,60,168,113,199,116,89,147,95,147,158,155,147,100,155,172,185,1,60,168,113,199,154,89,154,95,97,194,15,195,96,227,93,138
Best fitness found so far: 0.6664838160587858; k: 2.0
Generation: 12; 0.6664838160587858; k: 2.0; 1,60,168,113,199,116,89,147,95,147,158,155,230,100,194,163,212,92,9
Best fitness found so far: 0.6664838160587858; k: 2.0
Generation: 13; 0.6892988547016133; k: 2.0; 1,60,108,113,199,116,89,14,141,49,165,235,159,121,140,50,93,138
Best fitness found so far: 0.6892988547016133; k: 2.0
Generation: 14; 0.6664838160587858; k: 2.0; 1,60,168,113,199,116,89,147,95,147,208,155,147,100,155,172,157,1,60,168,113,136,154,89,154,95,14,141,49,165,235,159,121,140,50,93,138
Best fitness found so far: 0.6892988547016133; k: 2.0
Generation: 15; 0.6664838160587858; k: 2.0; 1,60,168,113,199,116,89,147,95,147,158,155,147,100,155,172,185,180,107,168,113,199,33,89,1,60,168,113,199,116,89,154,95,147,158,155,185,1,60,168,113,199,116,89,8,95,154,193,155,238,100,155,172,185,69,60,168,113,199,154,89,154,95,97,194,15,195,186,227,93,138
Best fitness found so far: 0.6892988547016133; k: 2.0
Generation: 16; 0.6664838160587858; k: 2.0; 1,60,168,113,199,116,89,147,95,147,158,155,147,100,155,172,185,180,60,168,113,199,211,89,158,60,168,113,199,41,50,249,64,161,41,88,125,89,145,31
Best fitness found so far: 0.6892988547016133; k: 2.0
Generation: 17; 0.6664838160587858; k: 2.0; 1,60,108,113,199,116,237,227,95,147,100,155,2,1,68,168,85,199,154,89,154,155,147,67,60,155,227,95,147
Best fitness found so far: 0.6892988547016133; k: 2.0
Generation: 18; 0.7172868571404988; k: 2.0; 71,235,88,125,89,145,31
Best fitness found so far: 0.7172868571404988; k: 2.0
Generation: 19; 0.7112379565273975; k: 2.0; 1,60,111,113,199,116,89,147,95,8,158,155,147,100,155,22,185,170,107,168,113,199,33,89,1,60,168,8,199,116,89,154,95,147,167,224,185,18,60,6,113,199,116,89,118,95,66,116,89,205,95,147,158,155,147,223,155,172,152,167,29,249,64,161,86,88,125,89,88,125,89,145,31
Best fitness found so far: 0.7172868571404988; k: 2.0
Generation: 20; 0.7112379565273975; k: 2.0; 58,60,111,113,199,116,89,147,95,8,158,155,147,100,155,22,185,170,18,168,113,199,248,89,1,107,168,8,199,116,89,154,95,147,167,224,185,18,60,6,84,199,211,89,1,60,13,113,227,116,89,154,116,89,115,86,147,177
Best fitness found so far: 0.7172868571404988; k: 2.0
Generation: 21; 0.7112379565273975; k: 2.0; 58,60,111,113,199,116,89,147,95,8,158,155,147,100,155,39,185,170,18,195,113,199,248,79,1,107,168,8,199,116,89,154,95,147,104,224,185,18,60,6,84,116,89,31,95,147,158,155,135,94,194,228,1,145,2,250,121,103,235,71
Best fitness found so far: 0.7172868571404988; k: 2.0
Generation: 22; 0.7112379565273975; k: 2.0; 58,60,111,113,199,116,89,147,95,8,158,155,147,61,155,22,185,170,18,168,113,199,248,89,1,107,168,223,41,88,125,239,145,152,185,1,60,168,113,199,32,89,154,95,97,194,129,212,92,9
Best fitness found so far: 0.7172868571404988; k: 2.0
Generation: 23; 0.7112379565273975; k: 2.0; 1,184,111,113,199,116,89,147,95,8,232,155,147,100,155,22,185,170,107,168,113,199,33,89,1,60,168,8,199,116,89,154,95,166,167,224,185,36,60,46,113,199,116,89,118,195,66,1,60,13,173,199,116,176,154,8,207,115,86,147,72
Best fitness found so far: 0.7172868571404988; k: 2.0
Generation: 24; 0.7112379565273975; k: 2.0; 58,60,111,113,199,116,89,147,95,8,158,155,147,100,155,39,185,170,18,195,113,199,248,54,1,143,168,200,199,116,89,154,95,147,104,86,5,202,165,102,71,199,9,151,45,39,165,235,206
Best fitness found so far: 0.7172868571404988; k: 2.0
Generation: 25; 0.7112379565273975; k: 2.0; 58,60,111,104,155,116,89,147,95,8,158,155,147,240,155,39,201,170,18,225,113,199,248,79,1,104,168,187,105,116,89,154,95,147,104,224,185,18,60,6,84,116,89,103,95,229,155,239,100,155,39,185,28,125,192,102,155,187,1,130,247,94,45,241,1,60,169,113,155,147,183,220,249,116,199,156,160,184,249,88,155,181,104,168,187,105,116,89,154,95,147,104,224,185,18,60,6,84,116,89,103,95,229,155,239,100,155,39,185,28,125,192,102,155,187,1,130,247,94,45,241,1,60,169,113,155,147,183,220,249,116
Best fitness found so far: 0.7172868571404988; k: 2.0
Generation: 26; 0.7112379565273975; k: 2.0; 1,60,111,113,199,116,89,147,95,8,232,155,147,100,155,22,185,170,107,168,113,199,33,89,128,60,26,8,199,116,89,154,95,166,167,224,185,18,60,46,113,199,116,89,118,195,66,116,89,205,95,147,158,155,83,223,155,172,152,167,60,168,8,126,116,101,154,95,166,167,224,185,36,60,46,113,240,116,89,118,195,66,1,60,13,173,199,116,176,154,116,207,115,86,45,72
Best fitness found so far: 0.7172868571404988; k: 2.0
Generation: 27; 0.7112379565273975; k: 2.0; 1,184,111,113,199,116,89,147,95,8,232,155,147,100,155,22,185,170,107,168,113,199,33,89,1,60,48,8,199,116,89,154,95,166,167,224,185,36,60,46,113,199,116,89,118,195,66,1,60,13,173,199,116,176,154,8,207,168,113,199,116,89,8,95,154,193,155,238,100,155,172,91,136,60,168,219,199,154,89,154,95,97,194,15,195,186,227,93,138
Best fitness found so far: 0.7172868571404988; k: 2.0
Generation: 28; 0.7112379565273975; k: 2.0; 1,60,111,113,199,116,89,147,95,118,230,155,147,84,155,22,185,170,247,168,113,110,33,177,89,147,160,147,158,155,147,49,199,116,89,154,36,166,167,224,185,18,60,28,183,199,116,89,118,195,30,116,89,205,95,147,117,155,83,223,155,172,152,167,31,8,8,126,116,101,154,95,166,167,224,185,36,60,46,113,240,116,89,118,195,66,1,60,13,173,199,57,176,154,116,207,115,86,45,72,224,185,36,60,46,113,240,116,89,118,195,66,1,60,13,173,199,57,176,154,116,207,115,86,45
Best fitness found so far: 0.7172868571404988; k: 2.0
Generation: 29; 0.7112379565273975; k: 2.0; 1,60,111,113,199,116,89,147,95,8,158,155,147,100,155,22,185,170,64,182,113,199,153,89,1,60,168,8,199,116,89,154,95,147,217,224,185,18,60,6,113,199,116,89,118,95,66,116,89,155,74,185,180,107,168,113,199,104,39,125,131,145,215,194,59,60,76,113,199,124,89,154,170,216,125,231,25,224,185,201,60,6,66,116,89,31,95,147,70,155,143,94,138,228,243,246,167,215,121,103,235,71
Best fitness found so far: 0.7172868571404988; k: 2.0
Generation: 30; 0.7112379565273975; k: 2.0; 58,160,111,113,199,116,103,147,153,8,158,155,242,100,155,202,185,170,220,195,113,199,104,79,163,250,168,8,199,161,89,154,95,191,104,224,196,18,17,88,84,116,89,100,56,125,235,71
Best fitness found so far: 0.7172868571404988; k: 2.0
Generation: 31; 0.7112379565273975; k: 2.0; 7,56,111,74,199,116,89,147,95,8,158,155,147,100,155,238,185,194,249,192,102,155,121,1,60,193,157,60,59,140,6,95,97,155,8,1,60,2,226,199,154,114,155,147,100,89,170,247,168,113,110,33,177,89,76,95,147,158,199,147,49,155,172,185,180,60,173,113,199,211,127,1,170,18,195,113,199,248,54,1,239,168,200,199,116,89,154,95,147,104,86,5,202,165,178,71,199,9,125,45,39,165,235,206
Best fitness found so far: 0.7172868571404988; k: 2.0
Generation: 32; 0.7112379565273975; k: 2.0; 58,60,111,113,199,116,203,147,95,8,158,155,147,62,155,22,185,149,18,214,113,199,248,89,206,89,147,95,69,208,155,147,100,121,39,12,161,71,168,209,136,154,148,154,95,235,23,49,147,100,155,22,185,170,87,168,113,152,76,89,249,60,215,8,199,143,89,154,95,166,167,212,225,67,125,235,71
Best fitness found so far: 0.7172868571404988; k: 2.0
Generation: 33; 0.7112379565273975; k: 2.0; 177,160,111,113,199,116,103,147,95,8,158,155,242,100,155,202,150,102,18,195,111,113,140,116,89,147,95,8,158,155,147,100,155,22,185,170,64,168,113,199,33,89,1,60,168,8,95,116,89,154,95,147,167,224,118,18,60,244,113,199,116,89,118,95,66,116,89,155,74,185,178,107,168,113,199,33,89,1,60,168,242,216,109,89,154,95,98,158,155,185,1,60,168,74,155,172,185,120,54,168,113,199,108,89,196,60,186,97,93,138
Best fitness found so far: 0.7172868571404988; k: 2.0
Generation: 34; 0.7112379565273975; k: 2.0; 1,184,111,113,61,116,89,147,95,8,232,155,158,155,147,100,155,22,29,170,64,168,113,199,33,86,1,60,168,8,113,45,185,1,60,169,113,208,152,53,220,249,116,161,156,160,184,249,88,155,181
Best fitness found so far: 0.7172868571404988; k: 2.0
Generation: 35; 0.7112379565273975; k: 2.0; 1,184,206,113,199,116,89,147,95,143,232,155,147,100,155,125,141,95,142,85,155,147,100,155,172,185,180,60,168,168,8,8,199,116,89,154,95,147,167,224,185,233,93,6,149,199,211,195,1,60,13,141,227,116,89,154,116,41,115,86,147,177
Best fitness found so far: 0.7172868571404988; k: 2.0
Generation: 36; 0.7112379565273975; k: 2.0; 58,60,111,65,199,116,203,147,23,8,158,155,147,61,181,22,233,122,18,168,113,105,248,89,1,107,168,223,92,199,116,111,104,199,116,89,147,95,8
Best fitness found so far: 0.7172868571404988; k: 2.0
Generation: 37; 0.7112379565273975; k: 2.0; 58,60,111,113,199,116,89,147,95,8,158,155,1,145,2,250,121,222,235,71
Best fitness found so far: 0.7172868571404988; k: 2.0
Generation: 38; 0.7112379565273975; k: 2.0; 58,60,111,104,223,116,89,147,95,8,158,155,147,60,168,113,199,32,89,154,95,97,194,129,147,100,155,185,1,164,88,83,140,154,89,154,70,26,249,127,161,41,88,125,183,145,155,185,138,103,168,26,199,59,140,209,95,97,155,185,1,60,2,113,199,154,193,155,147,100,155,172,181,1,60,167,50,157,179,161,41,195,125,232,201
Best fitness found so far: 0.7172868571404988; k: 2.0
Generation: 39; 0.7112379565273975; k: 2.0; 58,160,111,113,199,116,103,147,95,8
Best fitness found so far: 0.7172868571404988; k: 2.0
Generation: 40; 0.7112379565273975; k: 2.0; 58,60,111,71,199,116,89,147,95,8,158,155,147,100,155,39,8,158,155,147,100,155,39,185,51,125,192,102,155,121,1,60,193,157,60,58,140,209,95,116,89,31,95,147,158,155,135,94,194,228,1,145,11,250,205,222,235,71
Best fitness found so far: 0.7172868571404988; k: 2.0
Generation: 41; 0.7112379565273975; k: 2.0; 58,60,111,110,199,116,35,147,95,8,208,155,212,105,155,33,233,122,5,168,143,67,147,169,8,100,155,172,101,69,60,168,113,199,154,71,154,95,97,194,110,195,186,227,93,80
Best fitness found so far: 0.7172868571404988; k: 2.0
Generation: 42; 0.7112379565273975; k: 2.0; 141,60,111,113,199,116,89,147,95,8,232,155,147,100,50,97,185,235,211,168,113,241,33,88,1,93,201,8,152,116,1,191,95,213,167,224,185,163,60,46,4,199,116,89,239,234,66,116,89,234,212,69,158,155,147,27,236,172,135,167,29,249,202,216,227,185,245,233,125,168,183,30,249,20,90,193,66,29,199,87,89,185,203,147,158,83,185,1,133,11,113,169,116,89,31,95,147,158,100,155,22,185,1,107,139,113,155,33,248,18,60,168,8,199,158,201,154,245,113,167,224,210,18,103,79,113,199,116,89,118,135,66,225,89,216,77,147,42,113,13,147,95,23,158,113,199
Best fitness found so far: 0.7172868571404988; k: 2.0
Generation: 43; 0.7112379565273975; k: 2.0; 40,60,111,113,199,116,89,147,95,8,158,155,147,100,95,39,185,170,125,192,30,4,187,1,130,247,113,157,185,1,60,169,113,155,22,36,220,249,116,116,15,195,186,227,101,138
Best fitness found so far: 0.7172868571404988; k: 2.0
Generation: 44; 0.7112379565273975; k: 2.0; 58,60,111,104,199,116,89,147,95,8,158,155,147,100,155,104,199,116,89,147,95,20
Best fitness found so far: 0.7172868571404988; k: 2.0
Generation: 45; 0.7112379565273975; k: 2.0; 58,60,111,113,27,116,89,147,95,8,158,95,147,100,155,39,185,170,18,195,113,199,248,79,1,107,168,8,199,78,89,154,95,147,104,224,185,18,41,152,176,50,249,64,104,27,39,125,131,145,215,194,207,60,76,113,199,124,89,154,170,216,202,231,25,31,104,201,60,6,66,116,89,31,95,147,158,155,143,94,194,228,1,246,167,215,121,103,235,71
Best fitness found so far: 0.7172868571404988; k: 2.0
Generation: 46; 0.7112379565273975; k: 2.0; 161,60,111,113,191,116,89,147,95,118,230,155,147,84,155,22,185,170,247,168,113,155,22,185,170,107,168,113,199,33,89,1,65,168,8,199,116,89,154,95,147,167,224,185,18,60,6,113,199,116,89,118,95,66,116,89,205,220,147,158,213,147,223,71,172,71,167,29,249,64,161,86,88,125,89,88,125,89,145,31
Best fitness found so far: 0.7172868571404988; k: 2.0
Generation: 47; 0.7112379565273975; k: 2.0; 58,160,111,113,215,116,103,147,95,8,158,155,242,100,155,202,185,170,18,195,225,199,104,79,163,250,88,125,89,145,31
Best fitness found so far: 0.7172868571404988; k: 2.0
Generation: 48; 0.7112379565273975; k: 2.0; 178,60,111,113,199,116,89,147,95,8,158,155,147,4,89,147,95,8,158,155,147,100,155,232,60,171,185,120,54,99,157,199,108,54,241,60,186,97,93,138
Best fitness found so far: 0.7172868571404988; k: 2.0
Generation: 49; 0.7112379565273975; k: 2.0; 58,160,111,113,199,116,103,47,241,118,54,155,242,100,155,202,185,170,18,71,113,244,104,61,163,250,160,8,199,116,123,155,168,125,89,75,185,8,1,60,168,113,199,177,185,1,60,168,113,217,196,89,46,95,60,158,155,147,100,54,22,185,68,122,168,95,97,194,153,97,96,85,227
Best fitness found so far: 0.7172868571404988; k: 2.0
Generation: 50; 0.7112379565273975; k: 2.0; 58,60,111,104,199,116,89,147,95,8,158,155,147,100,155,4,201,93,18,195,46,60,248,104,1,104,166,167,224,185,36,60,46,113,226,11,89,118,195,66,1,60,13,173,199,129,176,154,60,207,208,86,45,142
Best fitness found so far: 0.7172868571404988; k: 2.0
Generation: 51; 0.7172868571404988; k: 2.0; 71,235,88,125,89,145,181
Best fitness found so far: 0.7172868571404988; k: 2.0
Generation: 52; 0.7112379565273975; k: 2.0; 58,60,246,113,199,116,89,147,95,88,158,155,89,76,95,8,158,155,147,61,209,155,2,1,8,203,147,158
Best fitness found so far: 0.7172868571404988; k: 2.0
Generation: 53; 0.7112379565273975; k: 2.0; 58,60,111,113,199,116,89,147,95,8,158,155,147,83,47,22,185,170,23,168,113,199,248,89,199,66,89,147,95,112,158,155,147,119,205,95,147,9,155,147,113,212,196,89,46,250,126,187,235,71
Best fitness found so far: 0.7172868571404988; k: 2.0
Generation: 54; 0.7112379565273975; k: 2.0; 58,60,111,65,199,116,203,147,23,8,158,155,147,61,181,185,233,147,95,8,158,205,4,100,155,4,201,192,18,195,113,22,248,184,1,104,37,8,158,155,242,100,155,202,64,170,18,245,113,199,104,79,163,250,7,8,199,116,235,141,21,205,123,224,196,18,60,6,84,136,78,100,41,185,164,60,168,113,199,154,139,154,250,218,235,119,121,16,50,93,246
Best fitness found so far: 0.7172868571404988; k: 2.0
Generation: 55; 0.7112379565273975; k: 2.0; 58,58,111,113,199,116,241,147,95,8,158,155,242,174,155,202,185,170,173,195,240,199,104,79,163,250,241,8,199,116,89,59,95,173,104,224,196,18,60,6,84,116,89,100,155,185,1,60,168,113,199,154,139,154,250,200,96,168,8,199,143,30,154,95,166,167,126,92,56,125,235,238
Best fitness found so far: 0.7172868571404988; k: 2.0
Generation: 56; 0.7112379565273975; k: 2.0; 116,60,111,113,247,116,89,147,95,8,158,155,147,100,95,39,185,170,86,192,38,4,187,135,130,175,167,45,185,1,60,169,113,155,152,36,220,249,116,116,89,147,201,170,158,155,147,4,155,22,20,148,243,95,121,199,33,191,152,72,77,156,160,184,249,88,155,181,185,170,125,109,102,4,187,1,130,175,113,45,185,168,113,199,32,89,96,95,97,194,129,36,92,9,224,147,223,179,57,97,116,210,174
Best fitness found so far: 0.7172868571404988; k: 2.0
Generation: 57; 0.7112379565273975; k: 2.0; 1,184,111,113,61,116,89,147,95,8,232,155,147,100,155,22,185,170,15,168,113,152,76,89,1,60,168,8,199,105,89,154,95,40,167,212,92,56,125,147,118
Best fitness found so far: 0.7172868571404988; k: 2.0
Generation: 58; 0.7112379565273975; k: 2.0; 58,60,111,104,155,116,89,147,95,8,158,155,147,240,93,39,73,170,18,225,113,199,248,79,1,104,168,187,105,116,89,12,95,147,104,224,185,18,60,233,84,116,89,134,95,229,155,239,100,30,167,224,210,18,60,6,113,199,83,89,213,135,66,225,51,205,77,147,42,113,56,64,95,23,158,113,199
Best fitness found so far: 0.7172868571404988; k: 2.0
Generation: 59; 0.7112379565273975; k: 2.0; 128,190,111,113,199,116,101,147,95,8,232,155,147,100,155,22,185,170,107,168,113,199,33,224,1,60,168,8,199,116,89,107,95,166,167,224,185,36,60,108,113,133,116,89,118,195,66,1,60,214,173,154,191,4,130,231,25,165,5,202,165,102,71,199,9,151,199,39,11,235,185,170,107,168,113,199,33,248,18,60,168,8,199,116,89,154,95,147,167,224,185,18,60,206,113,199,116,89,118,135,66,116,89,205,163,147,158,40,5,223,10,172,152,217,134,249,64,161,86,88,125,89,88,125,89,145,31
Best fitness found so far: 0.7172868571404988; k: 2.0
Generation: 60; 0.7112379565273975; k: 2.0; 58,60,111,113,199,116,89,147,249,8,158,155,147,100,221,39,185,170,125,192,114,57,100,155,22,185,170,107,67,113,199,33,248,18,60,168,8,199,116,89,154,95,147,100,224,185,18,60,6,113,199,116,180,118,135,121,140,50,102,43,168,113,1,116,89,147,95,133,158,155,147,61,168,57,199,138,107,174,114,134,88,125,239,145,161,177,1,60,156,113,199,32,89,19,95,97,113,4,212,92,9
Best fitness found so far: 0.7172868571404988; k: 2.0
Generation: 61; 0.7112379565273975; k: 2.0; 58,60,46,113,199,116,5,147,85,8,158,155,147,61,155,22,20,170,18,180,113,71,235,88,125,89,145,181
Best fitness found so far: 0.7172868571404988; k: 2.0
Generation: 62; 0.7112379565273975; k: 2.0; 58,60,111,113,199,116,89,147,95,8
Best fitness found so far: 0.7172868571404988; k: 2.0
Generation: 63; 0.7112379565273975; k: 2.0; 58,60,46,113,199,116,89,147,249,8
Best fitness found so far: 0.7172868571404988; k: 2.0
Generation: 64; 0.7112379565273975; k: 2.0; 1,60,111,113,199,116,89,147,95,8,232,155,147,100,86,22,185,245,16,147,186,97,93,138
Best fitness found so far: 0.7172868571404988; k: 2.0
Generation: 65; 0.7112379565273975; k: 2.0; 58,160,111,113,199,116,103,47,95,118,54,155,242,100,155,202,185,89,210,31
Best fitness found so far: 0.7172868571404988; k: 2.0
Generation: 66; 0.7112379565273975; k: 2.0; 58,60,46,113,199,71,5,147,85,8
Best fitness found so far: 0.7172868571404988; k: 2.0
Generation: 67; 0.7112379565273975; k: 2.0; 58,60,46,113,199,171,5,147,85,8
Best fitness found so far: 0.7172868571404988; k: 2.0
Generation: 68; 0.7112379565273975; k: 2.0; 58,60,111,104,155,116,89,147,95,8,158,155,147,240,155,39,201,170,108,225,113,199,132,79,1,104,168,187,105,116,89,154,95,147,104,224,185,123,60,6,84,116,89,103,95,229,155,239,100,155,39,185,131,125,192,102,155,187,1,130,247,94,49,241,1,60,169,113,155,147,183,229,151,116,199,156,160,184,249,87,155,181,104,168,187,105,116,89,144,95,147,104,224,185,18,60,6,84,116,89,103,95,229,155,239,100,155,39,185,190,236,192,102,155,187,1,130,247,94,45,241,1,60,169,250,111,147,183,220,4,116
Best fitness found so far: 0.7172868571404988; k: 2.0
Generation: 69; 0.7112379565273975; k: 2.0; 58,60,111,104,103,116,89,147,95,8
Best fitness found so far: 0.7172868571404988; k: 2.0
Generation: 70; 0.7112379565273975; k: 2.0; 1,60,111,113,199,116,89,147,95,8,158,155,147,100,155,39,201,154,89,154,147,73,60,155
Best fitness found so far: 0.7172868571404988; k: 2.0
Generation: 71; 0.7112379565273975; k: 2.0; 58,60,111,113,199,116,89,147,95,8,158,155,147,96,173,22,233,122,18,168,150,105,248,89,1,60,213,36,199,116,185,69,121,168,113,199,142,89,154,107,97,194,112,216,201,170,18,195,113,199,248,79,1,104,168,187,19,116,89,154,95,176,213,224,23,18,82,6,11,99,75,60,1,84,134,113,199,192,176,93,12,242,165,201,226
Best fitness found so far: 0.7172868571404988; k: 2.0
Generation: 72; 0.7112379565273975; k: 2.0; 58,56,111,113,199,116,89,147,95,8,158,155,147,100,155,197,147,95,189,158,155,147,49,155,172,185,146,60,168,113,199,211,89,1,60,89,113,211,116,158,155,113,13,178,95,23,216,147,49,155,172,185,146,60,168,113,199,211,89,1,60,89,113,211,116,158,155,113,13,178,95,23
Best fitness found so far: 0.7172868571404988; k: 2.0
Generation: 73; 0.7112379565273975; k: 2.0; 58,60,111,113,199,116,89,147,95,8,158,155,147,61,155,22,185,170,18,168,113,199,248,89,1,89,147,95,147,208,155,147,147,61,181,17,169,122,18,168,110,105,248,89,1,107,168,223,104,192,116,89,147,95,8,18,155,147,185,155,39,201,154,89,154,147,150,60,84
Best fitness found so far: 0.7172868571404988; k: 2.0
Generation: 74; 0.7112379565273975; k: 2.0; 1,60,111,113,199,116,189,147,95,8,158,155,147,100,155,113,185,170,64,168,113,199,33,89,1,228,133,13,199,116,89,154,73,147,167,224,185,18,60,157,200,199,116,32,118,95,66,116,89,155,100,185,180,107,168,113,92,33,89,1,132,218,242,216,38,89,154,95,98,141,176,186,1,60,168,74,155,172,185,120,54,199,113,199,108,89,216,60,186,185,59,140,209,95,65,155,196,1,60,2,113,199,56,15,11,147,100,89,69,213,147,167,224,185,217,60,6,84,199,211,89,1,60,13,113,227,116,89,205,116,89,33,49,147,118
Best fitness found so far: 0.7172868571404988; k: 2.0
Generation: 75; 0.7112379565273975; k: 2.0; 58,160,111,113,199,116,103,147,95,8,158,155,242,100,155,202,185,222,18,195,113,199,104,79,163,250,168,8,199,116,89,185,95,51,104,224,196,18,60,6,84,116,89,100,155,185,1,60,168,113,199,154,139,11,113,5,116,89,31,95,147,158,134,155,22,185,1,2,139,113,155,33,248,33,60,168,8,199,116,235,154,245,113,167,224,210,18,60,6,47,199,120,89,118,135,66,225,108,205,77,147,42,113,56,64,95,23,148,113,199
Best fitness found so far: 0.7172868571404988; k: 2.0
Generation: 76; 0.7172868571404988; k: 2.0; 71,235,88,125,89,145,31
Best fitness found so far: 0.7172868571404988; k: 2.0
Generation: 77; 0.7112379565273975; k: 2.0; 1,60,111,113,199,116,89,147,95,8,232,155,147,100,155,16,185,170,247,168,113,241,33,108,1,60,168,8,152,116,89,247,95,166,167,224,185,163,60,46,113,199,116,89,21,195,66,26,89,234,95,147,85,155,135,223,155,159,152,167,193,249,64,216,86,185,245,64,201,168,157,199,33,89,116,193,116,113,199,116,89,147,95,8,242,159,147,61,155,22,233,122,18,168,113,218,248,89,1,107,168,60,111,113,199,116,92,147,95,24,158,155,147,125,155,78,185,170,18,6,113,112,49,89,1,107,168,8,199,116,70,9,154,95,87,194,153,97,96,7,216,45,89,147,95,8,158,155,147,100,155,39,201,154,89,154,147,119,60,155
Best fitness found so far: 0.7172868571404988; k: 2.0
Generation: 78; 0.7112379565273975; k: 2.0; 1,60,111,113,199,116,15,147,95,8,90,155,65,100,158,16,185,84,116,89,31,95,147,158,100,155,22,185,170,107,243,113,126,33,219,18,60,168,8,199,133,155,127,1,60,2,113,9,10,89,154,95,97,194,15,195,75,227,89,193
Best fitness found so far: 0.7172868571404988; k: 2.0
Generation: 79; 0.7112379565273975; k: 2.0; 1,184,111,113,199,116,89,147,93,8,224,155,147,100,155,22,92,170,228,226,113,199,33,213,1,217,168,8,8,199,116,89,154,95,147,167,224,185,233,93,69,149,199,63,195,1,60,13,215,227,116,89,223,145,89,8
Best fitness found so far: 0.7172868571404988; k: 2.0
Generation: 80; 0.7112379565273975; k: 2.0; 1,184,111,113,199,116,89,147,95,8,232,155,147,185,180,107,168,113,199,33,89,1,60,168,182,216,109,89,238,95,98,158,131,185,1,60,168,125,89,145,32,8,59,60,145,113,199,154,170,154,170,131,130,3,25,231,236,49,165,228,191,199,9,151,3,29,165,235,206
Best fitness found so far: 0.7172868571404988; k: 2.0
Generation: 81; 0.7112379565273975; k: 2.0; 1,60,111,113,199,116,89,147,67,8,210,155,147,4,155,185,216,60,46,226,199,154,78,87,147,217,60,212
Best fitness found so far: 0.7172868571404988; k: 2.0
Generation: 82; 0.7172868571404988; k: 2.0; 71,235,88,125,89,145,31
Best fitness found so far: 0.7172868571404988; k: 2.0
Generation: 83; 0.7112379565273975; k: 2.0; 58,60,46,113,199,116,89,147,95,8,158,155,147,37,155,184,185,170,18,180,113,199,113,199,116,89,147,216,147,228,71,147,223,155,172,152,10,207,72,64,212,41,190,125,89,54,152,206,143,249,31
Best fitness found so far: 0.7172868571404988; k: 2.0
Generation: 84; 0.7112379565273975; k: 2.0; 58,60,111,113,199,116,89,147,95,8,158,155,147,61,155,22,233,92,18,38,113,23,248,89,191,107,168,223,41,88,125,239,145,152,185,1,122,168,113,199,32,89,154,95,97,194,129,147,100,155,185,113,199,116,89,147,95,8,158,155,147,83,47,22,185,170,18,5,113,76,65,89,199,99,89,147,95,16,158,155,147,119,33,116,89,147,202,149,65,155,147,119,60,155
Best fitness found so far: 0.7172868571404988; k: 2.0
Generation: 85; 0.7112379565273975; k: 2.0; 58,60,46,113,199,116,99,147,95,8,158,155,147,61,155,22,185,170,18,180,113,199,113,199,116,89,147,95,147,158,155,147,223,155,172,152,10,207,72,64,212,41,88,125,89,54,152,206,50,249,64,104,191,134,125,190,211,16,195,113,199,110,79,1,104,168,50,19,116,89,154,95,147,104,224,185,76,60,23,147,60,176,185,1,84,134,113,199,154,176,93,250,195,165,132,12
Best fitness found so far: 0.7172868571404988; k: 2.0
Generation: 86; 0.7112379565273975; k: 2.0; 58,60,111,113,199,116,89,147,95,8,100,155,208,185,69,60,168,113,199,154,89,114,206
Best fitness found so far: 0.7172868571404988; k: 2.0
Generation: 87; 0.7112379565273975; k: 2.0; 1,184,111,113,199,116,89,147,93,8,224,155,147,100,155,22,185,170,228,168,113,199,33,89,1,60,168,8,8,199,116,89,154,95,147,167,224,185,233,93,69,149,199,211,195,1,171,205,215,236,116,89,154,116,89,200,199,143,89,145,31
Best fitness found so far: 0.7172868571404988; k: 2.0
Generation: 88; 0.7112379565273975; k: 2.0; 58,60,111,113,199,116,89,147,95,8,158,155,147,61,155,22,233,122,18,168,113,105,248,89,1,107,185,18,8,100,11,199,116,112,118,95,66,116,89,205,95,147,158,155,147,223,155,172,152,12,29,249,64,161,86,88,125,89,88,125,48,145,31
Best fitness found so far: 0.7172868571404988; k: 2.0
Generation: 89; 0.7112379565273975; k: 2.0; 58,160,111,113,199,116,103,147,95,8,158,155,242,100,54,152,191,50,249,200,104,27,39,125,131,145,215,194,59,60,76,113,199,124,89,154,170,216,95,231,153,224,185,201,144,6,66,116,89,31,95,147,158,155,143,94,194,228,1,246,167,215,121,103,235,71
Best fitness found so far: 0.7172868571404988; k: 2.0
Generation: 90; 0.7172868571404988; k: 2.0; 71,235,88,125,89,145,31
Best fitness found so far: 0.7172868571404988; k: 2.0
Generation: 91; 0.7172868571404988; k: 2.0; 71,235,88,125,89,145,31
Best fitness found so far: 0.7172868571404988; k: 2.0
Generation: 92; 0.7337691574846723; k: 2.0; 58,60,111,113,199,116,89,147,95,8,91,155,147,61,155,155,2,143,8,64,147,205,95,147,158,71,235,88,125,89,145,18
Best fitness found so far: 0.7337691574846723; k: 2.0
Generation: 93; 0.7112379565273975; k: 2.0; 58,60,111,113,199,116,89,147,95,8,158,155,147,83,165,22,158,155,185,1,111,168,86,88,125,89,106,88,89,145,31
Best fitness found so far: 0.7337691574846723; k: 2.0
Generation: 94; 0.7172868571404988; k: 2.0; 71,235,88,125,89,145,31
Best fitness found so far: 0.7337691574846723; k: 2.0
Generation: 95; 0.7601331972433505; k: 2.0; 1,190,95,113,9,89,145,31
Best fitness found so far: 0.7601331972433505; k: 2.0
Generation: 96; 0.7112379565273975; k: 2.0; 58,60,111,113,243,116,89,147,95,8,158,155,147,100,122,22,123,26,122,168,41,88,105,90,145,155,185,1,130,38,113,45,113,119,33,89,1,60,48,225,199,116,89,154,95,166,167,224,185,36,60,46,113,199,116,200,118,195,141,1,60,13,173,199,116,176,154,8,5,168,113,199,116,89,8,95,154,193,155,238,100,161,172,91,136,60,168,219,199,154,89,154,95,97,194,15,195,186,227,93,138
Best fitness found so far: 0.7601331972433505; k: 2.0
Generation: 97; 0.7112379565273975; k: 2.0; 179,184,111,113,199,116,33,147,93,8,232,155,147,100,155,244,185,170,107,124,113,199,33,89,54,60,168,168,246,83,101,204,95,166,167,224,82,36,60,46,113,226,116,89,118,159,66,1,223,13,173,199,116,176,97,168,113,199,116,89,180,95,147,158,155,83,155,137,163,212,92,56,249,235,8,158,155,147,100,155,39,185,170,125,192,102,155,187,1,130,247,113,45,45,1,219,210,113,89,193
Best fitness found so far: 0.7601331972433505; k: 2.0
Generation: 98; 0.7112379565273975; k: 2.0; 58,160,111,113,199,116,103,147,95,8,158,155,242,100,155,202,185,170,18,195,6,199,104,79,163,250,168,8,199,116,89,154,95,191,104,224,196,18,60,6,84,116,89,100,71,235,88,125,89,145,176
Best fitness found so far: 0.7601331972433505; k: 2.0
Generation: 99; 0.7172868571404988; k: 2.0; 71,235,88,125,89,145,31
Best fitness found so far: 0.7601331972433505; k: 2.0
Generation: 100; 0.7112379565273975; k: 2.0; 1,60,111,113,199,116,89,147,95,8,158,155,144,100,155,22,185,170,64,168,113,199,33,89,1,60,168,178,199,116,89,154,95,11,145,31
Best fitness found so far: 0.7601331972433505; k: 2.0
Generation: 101; 0.7337691574846723; k: 2.0; 58,60,111,113,199,116,89,147,95,8,91,155,147,61,155,155,2,143,8,64,147,41,88,105,74,145,155,185,1,130,38,113,45,60,168,113,199,210,89,140,113,122,116,89,147,95,110,248,94,141,100,155,67,185,120,60,168,113,160,211,220,205,60,186,227,93,209
Best fitness found so far: 0.7601331972433505; k: 2.0
Generation: 102; 0.7337691574846723; k: 2.0; 103,60,111,113,199,116,89,147,95,8,91,155,147,61,155,155,2,143,246,64,147,41,88,105,158,145,155,185,1,130,178,113,197,60,168,113,199,210,89,140,113,122,116,89,147,95,110,248,71,235,88,125,89,145,31
Best fitness found so far: 0.7601331972433505; k: 2.0
Generation: 103; 0.7337691574846723; k: 2.0; 58,60,111,113,199,116,201,147,89,8,91,155,147,61,155,155,2,143,8,64,147,205,95,147,158,71,235,88,125,230,145,18
Best fitness found so far: 0.7601331972433505; k: 2.0
Generation: 104; 0.7337691574846723; k: 2.0; 58,60,111,176,199,116,1,147,95,8,91,155,147,61,155,155,2,143,8,68,147,141,88,105,74,145,155,186,1,130,38,247,45,60,183,113,199,95,97,194,114,195,186,227,93,138
Best fitness found so far: 0.7601331972433505; k: 2.0
Generation: 105; 0.7337691574846723; k: 2.0; 58,60,111,113,199,61,89,147,95,8,91,155,147,61,155,155,2,143,8,64,158,155,147,61,155,155,2,1,110,203,147,158
Best fitness found so far: 0.7601331972433505; k: 2.0
Generation: 106; 0.7337691574846723; k: 2.0; 58,60,111,113,199,116,89,147,95,8,91,60,147,61,155,155,2,143,168,64,147,26,88,105,74,145,155,185,1,130,38,113,45,60,148,113,199,210,89,140,113,122,129,89,147,95,110,248,94,141,22,185,170,18,182,113,199,248,89,1,107,168,8,199,116,228,89,154,95,26,57,153,97,96,67,227,155,2,143,168,64,147,26,88,105,74,145,155,185,1,130,38,113,45,60,148,113,199,210,89,140,113,122,129,89,147,95,110,248,94,141,22
Best fitness found so far: 0.7601331972433505; k: 2.0
Generation: 107; 0.7601331972433505; k: 2.0; 1,190,95,113,9,89,145,31
Best fitness found so far: 0.7601331972433505; k: 2.0
Generation: 108; 0.7337691574846723; k: 2.0; 69,60,111,113,199,116,89,147,95,78,165,155,147,61,155,155,2,143,246,236,99,41,88,233,158,145,155,233,1,130,178,113,9,60,101,113,199,210,89,140,113,122,116,89,147,95,110,248,59,235,88,138,89,155,22,234,122,18,131,150,58,248,89,134,60,213,207,199,116,89,100,64,147,167,191,185,22,185,170,247,168,113,110,33,177,89,147,180,175,167,133,22,211,89,1,207,153,113,199,116,167,176,220,64,113,41,88,125,239,185,155,185,60,76,57,113,172,60,168,113,199,116,89,86,95,147,158,155,95,147,158,155,15,100,155,172,185,147,159,155,185,216,60,46,113,199,154,186,87,171,217,60,155
Best fitness found so far: 0.7601331972433505; k: 2.0
Generation: 109; 0.7337691574846723; k: 2.0; 58,76,111,176,199,116,239,147,95,8,91,155,147,61,159,155,2,143,8,68,147,41,88,103,186,145,206,132,1,130,38,113,45,60,168,113,199,210,89,198,52,122,172,152,12,29,249,43,161,37,88,125,89,110,221,89,147,100,155,39,185,170,125,192,102,69,187,1,130,247,113,45,45,1,60,170,113,89,193
Best fitness found so far: 0.7601331972433505; k: 2.0
Generation: 110; 0.7337691574846723; k: 2.0; 103,60,111,113,199,116,89,147,95,8,215,155,147,61,85,155,2,143,246,64,147,121,88,105,158,145,54,176,192,27,54,113,38,60,168,195,199,117,38,89,154,94,97,194,60,89,154,116,89,115,86,147,177
Best fitness found so far: 0.7601331972433505; k: 2.0
Generation: 111; 0.7337691574846723; k: 2.0; 58,60,111,176,3,116,89,147,95,8,91,155,147,61,155,155,2,143,8,68,82,138
Best fitness found so far: 0.7601331972433505; k: 2.0
Generation: 112; 0.7337691574846723; k: 2.0; 225,144,26,176,199,116,89,147,95,8,91,155,147,11,155,155,2,143,151,68,147,180,113,182,60,106,191,199,2,67,140,93,122,93,190,147,226,89,147,95,8,232,130,12,100,155,22,193,37,107,168,113,199,33,220,1,60,48,8,136,116,89,154,95,89,167,144,185,36,15,129,241,199,116,89,118,195,66,1,60,13,173,147,91,155,136,61,163,155,248,102,8,43,147,18,40,66,74,46,155,58,1,225,78,113,182,60,106,113,199,2,67,140,31,122,93,190,55,95,89,190,95,8,232,155,173,100,150,92,186,37,182,168,113,199,33,45,1,26,48,8,136,55,89,250,95,89,167,194,114,195,186,227,93,138
Best fitness found so far: 0.7601331972433505; k: 2.0
Generation: 113; 0.7337691574846723; k: 2.0; 58,60,111,113,199,116,89,147,95,8,91,155,147,76,155,155,2,143,8,75,147,205,50,143,8,68,147,141,169,105,74,145,53,186,1,130,38,133,158,155,185,1,185,168,74,155,172,170,120,54,168,113,199,108,89,241,5,104,97,93,138,89,155,167,185,180,107,231,113,199,33,89,201,60,168,242,216,102,89,154,95,98,158,155,148,1,60,168,74,155,172,185,120,54,168,113,199,108
Best fitness found so far: 0.7601331972433505; k: 2.0
Generation: 114; 0.7337691574846723; k: 2.0; 58,60,111,113,199,116,201,147,89,8,91,155,73,61,155,155,2,143,8,64,212,205,95,147,158,67,235,88,34,230,145,18
Best fitness found so far: 0.7601331972433505; k: 2.0
Generation: 115; 0.7337691574846723; k: 2.0; 58,76,111,176,199,116,89,147,95,8,91,155,147,61,155,155,2,143,8,68,147,41,88,103,210,145,206,132,1,130,38,113,45,60,168,113,199,210,89,198,52,80,172,152,12,29,249,43,244,212,88,125,89,88,221,89,145,91,155,147,76,155,155,2,143,8,75,147,230,50,143,8,68,147,141,88,105,74,145,53,186,1,130,38,133,31,60,183,113,199,95,73,194,54,195,186,227,90,138
Best fitness found so far: 0.7601331972433505; k: 2.0
Generation: 116; 0.7337691574846723; k: 2.0; 103,60,111,113,199,116,89,147,95,8,91,155,147,61,155,155,2,113,45,202,14,113,92,210,89,140,113,122,35,89,111,233,116,95,154,9,89,115,86,147,177
Best fitness found so far: 0.7601331972433505; k: 2.0
Generation: 117; 0.7337691574846723; k: 2.0; 58,76,111,176,199,116,89,147,95,8,91,155,147,61,155,155,2,143,8,68,147,41,88,103,74,145,155,132,1,194,38,113,45,60,168,113,86,210,89,140,113,122,172,152,12,29,249,107,161,105,88,125,89,88,218,8,91,155,147,61,155,155,2,143,8,68,147,180,88,218,74,46,155,58,155,39,185,170,18,3,113,199,136,79,1,107,168,8,48,116,89,87,95,147,104,175,185,138,60,15,84,116,162,31,248,94,141,22
Best fitness found so far: 0.7601331972433505; k: 2.0
Generation: 118; 0.7337691574846723; k: 2.0; 58,60,111,176,199,116,89,147,95,188,91,155,147,61,155,155,2,143,8,68,147,41,88,105,74,145,155,186,1,130,38,113,45,60,168,162,199,210,89,140,113,122,116,89,147,224,116,89,154,45,147,147,61,155,155,2,143,8,68,147,41,40,105,74,145,155,141,100,131,67,185,120,179,168,113,127,38,147,141,250,136,94,141,22
Best fitness found so far: 0.7601331972433505; k: 2.0
Generation: 119; 0.7337691574846723; k: 2.0; 93,208,111,176,199,116,1,147,95,8,139,155,147,61,155,155,2,143,8,68,147,141,88,105,37,130,38,247,45,60,183,113,210,95,97,194,114,195,186,227,93,138,139,180,88,218,74,46,155,58,133,39,185,170,18,3,113,43,136,33,1,107,168,8,48,116,56,61,95,20,104,175,118,138,60,6,84,116,89,31,250,94,141,22
Best fitness found so far: 0.7601331972433505; k: 2.0
Generation: 120; 0.7337691574846723; k: 2.0; 58,60,111,176,199,116,89,147,95,8,91,155,147,61,155,155,2,143,8,68,147,41,88,105,74,145,155,186,1,130,38,113,45,60,168,113,199,149,89,140,113,122,116,89,147,95,116,89,154,116,89,115,86,147,177
Best fitness found so far: 0.7601331972433505; k: 2.0
Generation: 121; 0.7337691574846723; k: 2.0; 58,60,111,176,199,116,89,147,95,8,91,155,117,61,155,155,2,143,8,68,147,136,88,105,74,145,155,60,111,215,199,116,89,147,71,8,91,155,147,61,155,155,2,143,8,64,147,9,89,145,31,8,91,155,147,61,155,155,2
Best fitness found so far: 0.7601331972433505; k: 2.0
Generation: 122; 0.7337691574846723; k: 2.0; 58,60,111,113,199,61,89,147,95,8,91,155,147,61,155,155,2,143,8,64,114,195,186,227,154,138
Best fitness found so far: 0.7601331972433505; k: 2.0
Generation: 123; 0.7337691574846723; k: 2.0; 58,60,111,113,199,116,89,147,95,8,91,155,147,76,113,155,2,143,113,199,248,89,1,107,168,8,199,116,228,171,154,171,9,89,145,31,228,171,154,171,9,89
Best fitness found so far: 0.7601331972433505; k: 2.0
Generation: 124; 0.7337691574846723; k: 2.0; 58,166,111,176,199,191,187,147,15,8,135,155,147,61,155,155,2,143,76,203,113,122,129,91,155,147,76,155,155,2,86,8,15,147,205,50,143,8,207,147,141,88,105,74,105,53,186,1,130,185,133,25,60,183,113,199,95,97,194,54,195,186,227,90,138
Best fitness found so far: 0.7601331972433505; k: 2.0
Generation: 125; 0.7337691574846723; k: 2.0; 161,60,111,176,199,116,89,147,59,8,91,155,147,61,155,155,2,143,8,145,31
Best fitness found so far: 0.7601331972433505; k: 2.0
Generation: 126; 0.7499785406926553; k: 2.0; 87,144,110,176,199,116,89,124,95,8,91,155,147,11,155,155,2,143,151,68,147,164,113,182,60,155,155,2,248,246,236,247,41,88,105,105,145,179,185,222,130,73,126,197,60,168,175,122,210,61,140,120,122,83,89,147,106,110,248,59,235,241,148,89,155,22,92,138,18,131,84,137,29,244,155,39,15,55,188,154,73,119,60,155,148,241,155,22,234,138,18,131,84,137,29,100,61,182,201,154,67,154,147,119,60,155
Best fitness found so far: 0.7601331972433505; k: 2.0
Generation: 127; 0.7337691574846723; k: 2.0; 177,60,111,113,199,116,89,147,95,8,91,155,147,61,155,155,2,143,156,236,247,41,88,105,105,145,173,185,1,130,178,126,197,60,114,113,122,137,61,140,99,122,113,9,89,145,60
Best fitness found so far: 0.7601331972433505; k: 2.0
Generation: 128; 0.7337691574846723; k: 2.0; 58,60,111,215,199,46,89,147,95,8,65,155,147,61,179,155,2,143,8,64,2,143,246,236,99,220,88,233,158,213,155,233,1,153,178,113,9,60,101,183,199,210,89,140,113,122,116,89,147,95,110,248,59,235,88,5,89,155,22,234,109,18,131,150,58,248,89,134,60,213,207,199,116,89,100,64,147,167,61,185,22,185,170,247,168,185,110,33,177,89,147,180,57,167,133,22,211,89,1,207,139,91,199,116,167,176,61,89,147,95,91,91,155,147,19,155,195,2,143,8,64,158,155,71,61,155,155,2,94,110,203,147,158
Best fitness found so far: 0.7601331972433505; k: 2.0
Generation: 129; 0.7499785406926553; k: 2.0; 87,144,110,176,199,116,89,124,95,8,91,155,147,11,155,155,2,143,151,68,147,164,113,182,60,155,2,143,8,68,147,180,88,232,74,46,155,50,155,39,185,170,18,3,232,199,136,79,1,107,168,8,48,116,89,61,95,147,104,175,156,138,60,6,84,116,89,31,248,94,141,22
Best fitness found so far: 0.7601331972433505; k: 2.0
Generation: 130; 0.7499785406926553; k: 2.0; 87,144,110,176,199,116,89,124,95,8,91,155,147,11,191,155,2,143,151,68,147,164,113,182,60,126,2,143,8,68,147,180,5,232,74,46,155,50,1,60,13,173,199,116,176,154,8,207,168,113,199,116,89,206,95,154,52,155,238,100,155,172,91,136,60,168,114,199,154,89,154,95,111,194,15,195,186,107,93,103
Best fitness found so far: 0.7601331972433505; k: 2.0
Generation: 131; 0.7601331972433505; k: 2.0; 1,190,95,113,9,89,145,31
Best fitness found so far: 0.7601331972433505; k: 2.0
Generation: 132; 0.7499785406926553; k: 2.0; 174,144,110,176,199,116,89,124,95,8,91,155,147,11,155,155,2,143,151,68,147,164,113,182,60,155,2,143,8,68,147,22,88,232,74,46,155,50,155,39,154,170,18,3,232,153,136,79,1,107,168,8,48,116,89,61,95,147,104,175,156,138,60,155,155,2,143,235,88,25,89,145,181
Best fitness found so far: 0.7601331972433505; k: 2.0
Generation: 133; 0.7715910192951363; k: 2.0; 87,243,110,134,199,206,89,124,95,163,91,155,147,11,155,155,2,143,182,68,147,164,4,182,60,221,108,2,248,246,236,247,41,88,187,105,145,179,185,222,130,73,140,197,60,201,175,122,210,61,140,120,122,83,89,147,149,110,248,59,235,241,148,89,155,22,92,138,18,131,84,155,2,143,8,68,147,102,184,105,1,130,38,247,68,60,183,113,199,95,97,194,114,195,186,227,93,138,139,155,147,61,155,155,2,143,8,68,147,141,88,105,1,230,38
Best fitness found so far: 0.7715910192951363; k: 2.0
Generation: 134; 0.7715910192951363; k: 2.0; 87,243,110,134,199,206,89,124,95,163,91,155,147,11,199,155,2,143,182,68,147,219,4,182,60,221,108,2,248,246,236,247,41,88,187,105,145,179,185,222,130,73,140,197,60,201,175,122,210,61,140,120,122,83,89,147,149,110,248,59,235,241,148,89,155,29,92,138,18,199,84,155,2,143,8,68,147,37,184,105,1,130,38,247,68,60,183,113,199,95,97,194,122,231,61,140,113,122,116,89,13,95,110,248,59,235,241,148,89,162,22,234,138,18,131,84,76,29,100,155,39,201,154,188,162,147,119,60,155,213,89,155,22,234,138,18,42,84,137,29,100,155,39,201,154,188,154,147,119,60,155
Best fitness found so far: 0.7715910192951363; k: 2.0
Generation: 135; 0.8157523794841961; k: 2.0; 105,71,88,143,199,116,11,124,219,8,71,155,147,186,155,155,2,215,151,68,147,164,113,54,60,155,1,2,248,17,236,247,41,88,105,105,145,179,185,108,134,89,147,95,110,248,94,141,100,155,67,185,184,60,168,17,160,116,89,248,95,238,84,155,104,100,155,39,67,154,188,154,147,119,60,155
Best fitness found so far: 0.8157523794841961; k: 2.0
Generation: 136; 0.8157523794841961; k: 2.0; 105,71,88,143,199,116,11,124,219,8,71,155,147,36,155,155,2,215,151,68,11,164,113,54,60,155,1,2,50,17,236,247,41,88,105,92,145,179,185,108,134,89,147,95,110,248,94,245,100,38,67,185,184,60,168,199,210,89,140,113,180,116,89,156,38,110,248,71,196,88,125,147,83,47,22,205,170,18,168,113,9,248,27,199,116,89,147,95,112,158,93,223,235,205,95,37,246,155,16,223,155,239,142,167,39,188,64,161,237,88,149,89,88,88,89,145,158
Best fitness found so far: 0.8157523794841961; k: 2.0
Generation: 137; 0.7715910192951363; k: 2.0; 87,243,110,134,199,206,89,124,95,163,91,155,199,11,155,155,2,143,182,68,147,164,4,182,60,221,108,2,33,246,236,247,69,88,187,105,145,179,185,222,130,73,140,197,60,201,175,122,210,61,140,120,122,158,121,147,149,110,248,59,52,241,148,89,155,22,92,138,18,131,84,223,2,143,8,68,147,102,184,105,87,114,38,76,44,60,208,58,176,199,89,147,95,8,91,155,147,26,155,155,2,143,8,64,147,205,95,147,145,71,183,88,125,89,145,18
Best fitness found so far: 0.8157523794841961; k: 2.0
Generation: 138; 0.8157523794841961; k: 2.0; 105,71,88,143,199,116,11,124,219,8,71,135,147,36,155,155,2,215,151,68,11,164,113,54,226,155,1,2,50,17,236,247,41,88,105,92,145,179,185,108,134,89,147,95,110,248,94,245,100,38,67,185,184,60,168,199,210,89,140,113,180,116,89,156,38,110,248,71,196,88,125,147,83,47,22,205,170,18,168,113,9,248,132,199,116,89,147,95,112,158,93,223,47,205,95,37,160,155,16,223,155,101,142,167,18,188,64,161,237,148,149,197,60,201,175,122,210,61,140,120,122,95,223,147,149,110,248,116,89,147,101,8,91,178,16,61,155,155,141,143,246,114,147,238,88,105,145,145,199,117,89,89,178,176,14,194,153,97,123,85,227
Best fitness found so far: 0.8157523794841961; k: 2.0
Generation: 139; 0.7715910192951363; k: 2.0; 87,243,110,134,199,206,89,124,95,163,91,155,147,11,155,155,34,143,73,68,147,164,4,186,174,221,191,2,248,216,236,247,41,88,133,105,145,179,185,222,130,73,140,197,60,201,175,122,210,184,165,120,122,83,89,147,149,110,248,59,235,241,57,89,201,22,92,138,18,131,84,155,2,188,8,68,147,102,184,105,1,130,38,247,68,60,189,113,245,95,97,194,114,15,186,73,106,116,89,213,206,95,8,158,155,147,61,89,150,2,227,8,203,147,158
Best fitness found so far: 0.8157523794841961; k: 2.0
Generation: 140; 0.8157523794841961; k: 2.0; 167,71,88,143,199,116,11,124,219,8,71,135,147,36,155,155,2,215,151,133,11,164,113,54,226,155,1,2,50,158,236,247,41,88,105,92,145,179,185,108,134,89,147,95,110,248,94,245,100,38,67,185,184,60,168,199,210,89,140,113,180,116,89,156,38,110,248,71,234,88,125,147,83,47,22,205,170,18,168,113,9,248,132,199,116,89,147,95,112,158,93,223,47,104,95,58,160,77,16,223,155,101,190,167,18,188,64,161,237,148,198,197,60,201,175,122,210,61,140,120,196,95,223,147,149,110,121,116,89,147,101,238,91,178,16,61,155,210,141,143,246,114,147,238,88,105,145,155,208,154,170,18,3,232,153,136,79,1,107,168,8,48,116,89,61,92,147,104,175,193,116,88,38,95,116,113,243,60,168,220,199,210,167,95,97,81,114,195,186,18,93,240,139,6,115,61,155,155,2,143,8,211,147,141,88,32,1,130,38
Best fitness found so far: 0.8157523794841961; k: 2.0
Generation: 141; 0.8157523794841961; k: 2.0; 105,71,88,143,199,116,11,124,219,8,95,155,147,186,155,155,2,215,151,68,147,164,113,54,60,155,153,2,248,17,236,247,41,60,105,105,145,6,185,108,203,89,147,49,110,248,94,141,100,155,67,185,184,85,168,17,160,116,89,248,155,155,2,143,19,233,147,164,4
Best fitness found so far: 0.8157523794841961; k: 2.0
Generation: 142; 0.8157523794841961; k: 2.0; 150,243,83,53,199,141,89,124,95,163,91,155,147,11,37,155,116,220,182,68,147,219,4,182,77,221,108,75,248,246,236,116,41,88,187,105,145,179,185,222,130,73,140,197,228,201,175,122,210,102,67,162,167,20,89,147,149,110,248,59,235,8,168,89,155,29,92,132,18,199,84,155,100,143,8,68,147,37,184,105,1,130,38,247,22,199,183,121,199,95,206,194,94,231,61,140,113,122,61,89,3,95,110,58,59,235,241,148,89,162,169,234,138,18,131,159,76,29,100,179,39,170,98,3,232,153,136,79,1,107,168,8,48,116,89,61,92,147,104,175,193,116,88,38,222,116,113,243,170,168,190,199,210,167,95,97,81,1,224,108,18,93,240,139,218,115,61,155,155,81,143,8,211,147,141,88,32,1,130,38
Best fitness found so far: 0.8157523794841961; k: 2.0
Generation: 143; 0.8157523794841961; k: 2.0; 167,71,88,143,199,116,11,124,219,8,71,135,147,36,155,155,2,215,151,133,11,164,113,38,226,155,1,2,50,158,236,247,41,88,105,92,145,179,185,108,134,89,147,95,110,248,94,245,100,38,67,185,184,60,250,58,210,89,140,113,180,116,89,168,199,206,89,124,95,163,91,155,140,11,155,155,138,143,182,167,147,164,4,182,60,237,108,174,248,47,20,190,222,130,73,16,89,88,99,89,75,67
Best fitness found so far: 0.8157523794841961; k: 2.0
Generation: 144; 0.8157523794841961; k: 2.0; 129,83,83,53,199,141,89,124,207,163,91,155,147,11,37,155,116,220,182,68,147,213,4,182,206,221,108,75,248,246,236,116,41,88,187,105,145,179,185,222,130,73,60,219,228,201,175,122,210,110,67,162,167,20,89,138,149,110,248,36,235,8,168,89,155,90,92,132,72,199,84,155,100,189,8,232,147,37,184,105,1,130,38,247,22,199,183,121,199,95,206,194,94,231,61,140,113,122,61,89,3,95,110,58,59,93,138,139,155,115,61,155,155,2,143,8,68,235,148,94,141,22,185,170,18,191,36,199,248,89,12,107,168,227,199,116,228,89,154,201,26,76,153,97,162,67,165,155,2,143,168,64,14,26,88,105,42,145,233,185,1,130,18,33,194,60,148,224,63,210,89,140,113,30,129,89,245,122,78,248,217,141,22
Best fitness found so far: 0.8157523794841961; k: 2.0
Generation: 145; 0.8157523794841961; k: 2.0; 105,71,88,143,199,116,11,124,219,8,71,155,147,36,155,155,2,215,151,68,11,164,147,54,60,155,1,2,50,17,236,247,41,88,105,92,145,179,185,108,134,89,147,105,145,179,185,222,130,73,140,197,60,52,175,122,11,61,140,120,221,158,121,147,149,110,142,59,237,241,122,44,118,22,92,138,18,113,84,52,2,143,8,8,147,102,74,145,80,186,1,130,38,113,166,60,168,113,199,210,89,140,113,231,116,182,147,95,116,89,174,116,89,162,86,147,218
Best fitness found so far: 0.8157523794841961; k: 2.0
Generation: 146; 0.8157523794841961; k: 2.0; 105,71,88,143,199,116,11,124,219,8,71,155,147,36,155,155,2,215,151,68,11,164,113,54,229,155,1,29,50,250,236,247,41,88,91,92,100,179,185,108,134,89,147,95,19,248,94,245,100,38,67,185,184,138,168,188,210,89,140,184,85,116,89,107,38,110,248,71,196,88,125,147,83,47,22,205,170,18,207,113,9,248,27,199,116,89,158,95,112,158,190,223,1,130,175,247,68,60,183,39,199,95,97,194,122,231,61,140,113,122,89,89,13,95,110,248,59,235,241,148,89,162,22,234,138,18,131,84,76,29,100,155,34,201,154,188,162,147,137,60,185,213,32,195,138,18,131,132,191,29,110,61,182,240,154,67,71
Best fitness found so far: 0.8157523794841961; k: 2.0
Generation: 147; 0.8157523794841961; k: 2.0; 167,71,213,143,199,116,249,219,219,8,95,155,147,186,155,155,2,215,151,195,147,164,113,54,60,155,153,2,248,126,236,234,100,22,92,48,245,131,164,143,2,143,18,125,158,182,184,105,1,8,68,147,102,3,105,1,130,178,2,248,17,236,247,41,60,105,105,7,190,185,108,203,188,147,49,110,227,94,141,100,155,50,105,223,130,215,247,45,169,197,113,67,156,113,17,186,186,1,130,38,85,45,60,183,236,199,95,97,56,114,195,186,227,208,138
Best fitness found so far: 0.8157523794841961; k: 2.0
Generation: 148; 0.8157523794841961; k: 2.0; 105,71,88,143,175,116,11,219,219,8,95,155,147,186,155,155,100,215,151,68,147,164,235,247,183,239,199,95,218,56,114,195,186,227,208,201
Best fitness found so far: 0.8157523794841961; k: 2.0
Generation: 149; 0.8157523794841961; k: 2.0; 105,199,168,143,91,116,11,124,219,8,71,155,147,36,155,155,2,215,151,68,11,212,105,54,42,216,1,2,203,100,201,247,41,88,91,92,100,85,14,108,134,14,147,20,19,248,141,245,100,38,67,185,201,138,168,199,194,89,140,184,85,164,89,147,229,110,227,240,35,100,155,67,185,184,116,168,17,160,116,89,248,156,155,173,143,19,249,147,164,4
Best fitness found so far: 0.8157523794841961; k: 2.0
Generation: 150; 0.8157523794841961; k: 2.0; 150,243,208,53,199,206,89,124,95,163,91,155,147,11,199,155,98,220,182,68,147,219,4,144,123,141,108,75,240,223,236,247,41,18,126,35,145,179,185,222,199,73,140,197,156,201,175,122,210,61,67,162,206,20,60,155,153,2,50,17,236,247,41,60,105,105,145,6,185,108,203,89,147,205,110,248,248,141,100,71,67,185,184,85,168,135,160,116,28,248,3,155,2,143,74,233,147,164,212,206,104,105,57,168,38,247,44,60,208,58,176,199,116,1,143,240,8,191,242,21,147,155,155,188,143,8,68,180,141,89,20,100,125,89,145,141
Best fitness found so far: 0.8157523794841961; k: 2.0
Generation: 151; 0.8157523794841961; k: 2.0; 150,243,118,53,199,206,89,124,95,163,91,155,165,11,199,155,98,220,182,68,147,219,98,182,123,141,138,198,240,171,236,247,41,183,187,105,145,176,185,12,207,73,105,197,100,201,37,211,210,233,67,162,179,225,89,154,149,110,248,230,235,239,168,89,155,60,98,215,17,199,84,153,2,143,8,68,147,37,250,245,1,130,38,221,68,45,183,122,199,154,132,194,70,231,61,140,113,122,213,150,43,95,110,58,240,185,241,148,89,68,85,234,127,18,144,159,76,245,216,200,39,212,175,188,162,245,119,60,155,213,89,155,101,225,138,25,87,184,105,1,94,68,235,164,113,54,60,36,153,2,248,17,236,247,41,38,105,105,145,6,185,108,153,89,59,49,244,248,94,141,100,155,67,185,184,85,168,17,160,116,89,248,155,155,11,155,192,30,143,49,68,147,10,4,182,60,221,108,2,60,246,236,247,69,105,187,105,145,179,185,231,130,73,140,197,60,201,175,209,78,61,140,120,122,83,247,147,128,188,239,59,235,6,148,89,155,22,43,138,111,131,146,223,2,143,8,68,147,102,184,105,70,130,38,132,44,60,19,58,176,199,116,91,147,95,8,65,155,156,61,155,155,169,143,222,191,180,22,50,105,223,178,38,247,45,169,197,113,67,156,113,17,186,186,1,130,38,85,45,60,183,239,199,95,97,56,114,195,186,227,208,8
Best fitness found so far: 0.8157523794841961; k: 2.0
Generation: 152; 0.8157523794841961; k: 2.0; 105,71,88,143,175,116,11,219,219,8,95,155,147,186,91,155,100,215,151,68,147,164,113,54,60,155,153,2,44,17,236,234,100,22,92,48,245,190,164,19,181,215,18,125,158,182,184,149,1,8,68,147,217,184,105,1,130,38,35,68,25,183,164,199,236,97,70,1,195,186,227,198,235,139,155,90,154,94,97,117,139,192,154,116,121,115,88,155,39,201,118,188,162,245,119,60,206,213,20,68,147,151,4,144,123,147,108,75,240,223,236,232,130,18,181,105,145,214,185,222,245,73,140,77,156,201,138,122,183,61,67,162,156,20,89,147,183,185,222,130,73,140,181,60,52,158,122,11,61,232,120,221,186,121,147,149,110,142,34,237,241,59,129,118,22,92,238,18,113,84,52,2,143,12,192,147,102,74,145,80,171,133,134,213,136,155,240,234,138,7,20,84,137,29,100,41,39,201,154,188,61,147,119,60,123,150,133,190,155,100,155,39,201,136,93,247,41,88,133,142,145,179,185,222,130,73,168,147,60,201,175,75,210,184,38,188,247,83,89,147,73,110,248,59,235,215,57,89,170,134,92,138,235,131,84,140,2,76,8,240,147,102,184,105,1,33,103,68,147,180,5,232,74,145,155,50,1,60,13,195,148,116,176,154,70,207,168,113,199,116,124,128,95,154,52,155,195,100,155,172,91,136,60,168,114,92,195,80,154,95,111,194,233,115,186,107,93,103
Best fitness found so far: 0.8157523794841961; k: 2.0
Generation: 153; 0.8157523794841961; k: 2.0; 105,71,88,143,199,116,11,124,219,8,201,155,147,186,155,155,2,215,151,68,147,164,113,54,60,155,1,2,102,17,210,189,41,88,105,105,145,179,185,108,134,89,147,95,110,248,208,141,100,88,127,41,116,11,119,219,224,213,135,147,36,155,155,2,215,151,133,11,74,113,38,226,155,1,2,50,158,236,247,41,149,105,92,145,179,185,108,197,89,147,95,110,248,94,245,100,38,238,38,163,103,169,62,113,201,61,97,81,114,195,186,227,93,138,21,155,245,61,155,155,2,143,8,68,243,248,94,141,250,179,72,18,182,175,199,173,89,12,85,168,195,77,116,228,89,154,198,164,113,54,60,63,153,2,248,17,236,247,41,60,105,105,145,6,185,105,105,145,6,215,108,203,89,147,117,110,248,94,141,45,155,67,185,184,68,168,204,160,116,171,248,155,155,21,159,19,96,147,164,4
Best fitness found so far: 0.8157523794841961; k: 2.0
Generation: 154; 0.8157523794841961; k: 2.0; 31,71,88,143,1,116,11,124,219,8,71,135,147,36,155,155,2,215,151,133,11,164,113,38,226,155,1,2,50,158,236,247,41,124,105,92,145,179,185,108,134,89,147,95,110,248,94,245,100,38,223,185,184,60,250,58,210,89,140,113,180,116,89,168,199,206,89,124,95,163,91,155,140,11,63,155,138,143,182,167,147,164,4,182,60,127,100,174,248,26,20,239,199,95,218,56,114,195,186,206,31,201,1,2,50,158,236,247,41,124,105,92,145,179,185,108,134,89,147,95,110,248,94,245,100,38
Best fitness found so far: 0.8157523794841961; k: 2.0
Generation: 155; 0.8157523794841961; k: 2.0; 105,199,88,143,199,116,11,124,219,8,71,155,147,36,155,155,2,215,128,68,11,164,37,54,229,155,1,2,50,100,69,247,41,69,91,15,141,154,18,111,194,32,195,186,125,93,103,155,2,215,128,68,11,164,37,54,229,155,1,2,50,100,69
Best fitness found so far: 0.8157523794841961; k: 2.0
Generation: 156; 0.8157523794841961; k: 2.0; 150,243,118,53,199,206,89,124,95,163,91,155,165,11,199,155,98,220,182,68,147,219,98,182,123,141,138,198,72,158,236,247,41,183,187,105,145,179,185,12,97,73,105,197,100,201,37,122,210,233,67,162,206,225,89,154,149,29,248,230,235,239,168,89,155,238,98,215,18,199,84,173,2,143,8,68,178,37,184,245,1,130,38,247,68,45,183,122,199,95,132,194,70,231,61,140,113,122,61,152,43,95,110,58,240,185,241,148,89,68,85,234,88,18,174,159,76,245,216,200,39,212,154,53,162,245,119,60,155,213,89,155,101,26,138,25,87,184,233,1,94,61,15,68,60,183,212,199,95,97,194,87,214,61,140,229,230,73,89,203,246,89,58,120,235,243,72,89,162,40,234,138,57,205,159,76,29,123,171,32,201,1,238,162,245,20,78,96,213,89,142,22,115,131,86,19,181,143,18,177,144,182,210,248,159,155,100,176,19,201,154,188,52,96,119,142,68,147,170,28,122,129,89,105,95,125,183,145,31
Best fitness found so far: 0.8157523794841961; k: 2.0
Generation: 157; 0.8157523794841961; k: 2.0; 150,243,118,53,199,206,89,124,95,163,91,155,165,11,199,155,98,220,182,68,147,219,98,133,123,141,138,198,240,158,236,247,41,183,187,105,145,179,185,12,97,73,105,175,100,201,37,122,210,233,219,162,206,225,89,154,149,110,248,230,235,239,168,13,155,238,98,215,18,199,84,173,2,143,8,68,6,37,184,245,1,130,38,247,68,45,183,122,199,95,132,194,225,231,61,140,113,122,61,72,43,95,110,58,240,185,241,148,89,199,85,234,23,18,144,159,180,245,216,200,39,212,154,188,54,245,119,60,155,213,89,59,142,225,138,25,36,184,105,1,94,61,15,68,60,183,212,199,95,97,194,87,68,61,140,229,122,159,89,203,246,89,58,59,235,250,148,89,162,22,234,87,18,131,159,204,29,39,171,32,201,1,238,162,245,20,78,229,213,213,142,22,115,131,86,19,181,143,18,125,144,182,210,248,49,196,161,147,104,184,105,186,130,5,35,68,25,183,64,199,95,171,131,1,195,186,227,198,235,228,155,90,154,94,97,11,139,89,201,116,121,115,110,155,200,113,6,52,2,143,8,8,147,102,15,145,155,186,1,201,118,171,162,245,119,60,206,213,112,155,22,225,138,69,127,184,168,24,199,210,167,80,97,250,50,224,108,18,117,240,76,140,115,61,155,155,81,143,92,211,239,141,88,32,1,98,38
Best fitness found so far: 0.8157523794841961; k: 2.0
Generation: 158; 0.8157523794841961; k: 2.0; 105,199,88,143,199,116,11,124,219,8,71,155,119,36,155,155,2,215,151,158,11,164,116,54,229,155,1,2,50,100,236,247,41,88,91,92,100,179,14,108,77,14,247,10,19,248,94,245,100,38,67,42,201,138,168,227,210,89,140,184,85,116,231,107,29,213,228,59,110,6,29,77,221,106,75,34,68,236,196,41,88,81,105,145,179,185,222,130,86,60,219,228,76,119,60,134,213,138,155,229,234,59,7,20,84,137,33,100,155,39,201,154,188,61,147,119,60,155,150,54,190,155,100,155,98,201,154,188,52,76,119
Best fitness found so far: 0.8157523794841961; k: 2.0
Generation: 159; 0.8157523794841961; k: 2.0; 104,243,83,53,199,141,89,124,95,163,91,155,147,11,37,155,116,220,182,144,147,219,4,182,77,249,108,75,248,246,236,59,41,233,187,105,145,179,185,222,130,73,60,219,228,201,175,122,210,102,67,162,167,20,176,138,131,110,248,59,235,8,168,169,155,29,92,132,18,199,52,12,100,189,125,89,145,104,100,155,39,67,154,188,154,147,119,60,155
Best fitness found so far: 0.8157523794841961; k: 2.0
Generation: 160; 0.8157523794841961; k: 2.0; 105,71,88,143,175,116,11,174,219,8,95,155,55,186,155,155,100,215,151,68,147,164,113,54,60,155,153,2,248,136,236,234,100,22,92,48,245,131,164,19,181,143,170,125,158,182,184,149,1,8,68,147,235,13,105,1,130,38,35,68,223,228,164,199,95,97,70,1,195,186,227,198,235,139,155,90,154,158,97,230,139,2,235,152,57,219,3,93,118,105,145,116,185,222,130,73,140,197,60,201,175,118,210,61,246,120,122,83,89,147,149,243,98,145,179,185,108,134,89,126,95,110,248,94,245,71,38,67,185,184,60,168,16,210,89,140,189,180,116,167,156,38,110,248,71,164,88,125,147,83,47,32,205,170,18,168,28,9,248,27,6,116,89,147,95,112,158,107,223,64,142,95,37,95,97,56,114,195,186,227,208,138
Best fitness found so far: 0.8157523794841961; k: 2.0
Generation: 161; 0.8157523794841961; k: 2.0; 105,201,88,143,199,116,11,124,219,8,71,155,147,186,155,155,2,215,151,234,211,164,161,84,190,155,100,155,39,201,154,188,52,246,119,150,68,147,170,92,122,129,89,147,95,125,89,145,38,2,9,100,236,204,137,88,91,92,100,179,14,108,134,14,147,95,19,248,94,245,100,38,67,185,201,138,168,143,210,89,140,184,61,155
Best fitness found so far: 0.8157523794841961; k: 2.0
Generation: 162; 0.8157523794841961; k: 2.0; 105,21,88,143,175,116,11,219,219,8,95,155,147,186,91,155,192,215,151,68,147,164,61,54,60,155,153,2,44,17,236,234,100,22,27,34,245,131,164,19,181,143,18,125,158,182,184,9,1,8,68,147,102,184,105,1,130,38,35,68,25,183,164,199,236,97,70,1,195,186,227,198,235,139,155,90,154,94,97,117,139,89,154,109,121,211,88,155,39,201,118,188,162,245,125,89,145,104,100,57,39,67,154,188,154,147,250,60,238
Best fitness found so far: 0.8157523794841961; k: 2.0
Generation: 163; 0.8157523794841961; k: 2.0; 105,199,88,143,199,116,11,124,219,8,23,155,147,36,119,155,2,215,151,68,11,164,116,54,129,155,84,2,50,100,82,247,171,88,124,92,100,245,14,108,108,14,147,28,19,248,94,245,100,38,181,185,201,223,168,199,100,116,54,229,155,1,173,213,100,236,205,41,88,91,92,100,175,14,108,134,14,147,95,19,248,94,245,100,38,67,185,201,138,104,198,210,89,140,184,85,116,89,107,41,110,87,87,110,134,178,10,126,114,13,163,205,155,124,43,155,155,2,143,182,107,90,89,155,22,222,244,27,199,116,122,158,95,112,158,190,223,207,205,95,9,246,155,16,223,155,239,43,167,99,148,113,199,132,94,170,28,115,180,89,147,95,125,89,145,104,159,155,39,122,154,188,154,147,119,60,155
Best fitness found so far: 0.8157523794841961; k: 2.0
Generation: 164; 0.8157523794841961; k: 2.0; 105,71,88,143,229,116,11,124,219,8,95,155,147,186,155,155,2,215,151,186,51,164,113,54,60,145,153,178,248,17,247,247,41,94,105,246,122,61,89,172,95,110,236,59,235,241,148,89,28,169,234,138,18,131,159,60,170,227,73,140,197,60,201,85,78,210,61,2,80,24,53,89,59,75,5,232,130,90,155,50,1,60,13,119,16,62,176,154,71,242,91,41,101,86,239,145,152,185,1,60,168,207,44,132,220,154,174,152,194,129,5,190,163,89,124,95,163,91,79,25,11,37,115,23,94,182,68,147,219,146,182,22,221,108,75,142,246,236,245,41,220,198,26
Best fitness found so far: 0.8157523794841961; k: 2.0
Generation: 165; 0.8381780636106366; k: 2.0; 105,71,88,130,175,116,11,219,219,8,199,206,89,124,127,163,91,155,165,122,199,155,98,233,182,68,147,165,4,37,123,141,138,198,240,158,236,100,41,161,187,105,145,179,177,222,97,73,105,197,100,201,37,122,210,14,67,162,78,225,89,154,149,110,248,230,235,199,124,89,155,29,98,215,18,199,84,32,2,143,8,68,147,37,184,245,26,130,38,247,68,45,54,122,199,95,132,194,102,231,61,140,34,205,61,98,43,95,110,58,59,185,80,148,89,216,224,86,127,18,60,159,116,29,216,200,126,212,154,188,242,245,119,60,155,213,89,155,101,73,138,147,87,184,105,1,138,61,15,68,60,183,122,199,95,202,194,193,214,61,140,229,122,73,89,203,82,139,152,59,235,170,176,89,162,22,234,138,18,131,159,76,29,39,48,32,201,1,121,72,245,227,78,96,213,89,142,22,115,131,86,19,181,143,18,125,144,182,184,27,1,196,161,185,184,85,168,135,160,116,212,248,200,155,2,143,202,233,147,164,212,206,86,105,20,168,38,68,44,60,208,58,176,199,116,1,143,240,8,212,242,147,63,155,155,2,143,8,68,180,141,89,20,94,183,89,145,31
Best fitness found so far: 0.8381780636106366; k: 2.0
Generation: 166; 0.8157523794841961; k: 2.0; 105,71,88,143,199,116,11,124,219,8,71,155,147,186,169,155,2,215,151,234,147,164,150,54,29,155,100,155,39,201,62,188,52,76,171,60,134,213,136,155,22,234,188,7,20,84,137,29,100,41,39,201,154,188,61,147,119,60,155,150,54,190,221,100,155,39,201,136,93,247,41,230,133,105,145,179,185,222,130,11,168,204,60,201,175,75,210,156,165,188,247,83,62,58,247,110,248,59,235,168,196,89,119,226,92,138,18,131,84,155,2,68,147,235,13,105,1,205,38,35,13,223,171,164,28,95,97,70,128,195,186,109,198,235,155,155,184,154,94,97,191,139,44,235,246,57,247,3,93,118,105,145,116,185,222,130,84,140,197,153,201,175,118,210,61,246,120,122,83,89,42,149,243,98,145,228,185,250,134,89,36,95,110,248,94,245,100,38,67,185,15,53,199,141,89,124,207,163,91,155,147,11,37,155,129,220,182,219,230,219,4,182,77,221,108,57,248,246,236,116,41,88,187,105,145,227,235,27,130,73,60,29,228,201,175,122,210,102,67,189,167,20,89,138,149,110,248,59,118,8,168,89,39,29,92,132,18,199,84,155,100,189,8,68,147,194,184,200,180,130,38,247,22,199,183,121,199,95,159,194,94,231,61,140,86,122,61,89,3,95,110,95,59,235,241,188,89,211,169,234,101,18,131,159,76,29,227,73,43,240,60,201,175,194,210,217,4,120,109,83,89,202,75,5,232,130,46,155,50,175,60,13,173,58,116,176,101,8,86,237,41,101,86,239,145,152,185,1,51,168,137,199,32,209,154,174,249,157,129,160,57,75,89,124,95,163,91,155,147,33,33,155,116,220,162,68,147,224,4,182,39,221,108,75,248,84,56,116,41,100,187,105
Best fitness found so far: 0.8381780636106366; k: 2.0
Generation: 167; 0.8157523794841961; k: 2.0; 105,71,88,143,199,116,11,124,219,8,95,155,147,186,155,155,2,215,201,68,51,164,113,54,60,145,153,2,248,213,248,106,41,60,105,105,213,250,185,235,203,89,42,7,110,248,94,83,12,192,173,185,184,85,168,17,160,116,243,118,155,155,2,143,19,233,147,88,199,206,67,124,95,163,205,155,227,11,95,155,134,143,223,129,48,164,17,182,145,221,108,2,33,246,236,247,69,61,187,105,145,20,185,222,130,73,140,197,60,201,175,122,210,128,1,223,236,247,41,204,187,105,145,22,185,222,123,113,140,220,169,180,175,41,210,61,67,162,35,20,102,147,149,110,243,128,117,93,168,89,155,29,92,215,18,199,184,155,2,227,8,55,147,160,184,105,65,130,175,247,68,45,183,122,199,3,97,194,94,231,61,127,97,122,22,89,43,95,233,58,59,92,217,155,210,141,143,20,215,147,101,80,105,177,155,124,154,170,67,3,42,153,136,191,1,107,168,130,48,67,56,44,92,147,5,175,89,116,112,38,95,116,113,199,210,94,170,28,55,129,146,19,95,234,89,198,31
Best fitness found so far: 0.8381780636106366; k: 2.0
Generation: 168; 0.8157523794841961; k: 2.0; 105,199,88,143,199,116,11,124,219,8,71,155,147,36,43,165,2,215,151,68,11,210,72,140,184,85,116,102,107,38,110,14,87,60,201,175,78,187,61,132,80,122,53,89,59,75,5,232,130,46,155,50,1,60,13,173,210,116,176,154,8,86,223,41,101,86,149,145,152,185,1,60,168,137,199,32,220,154,174,152,194,129,5,190,163,89,124,95,163,91,79,127,11,37,115,23,94,182,68,147,219,4,182,22,221,92,75,142,246,236,116,41,13,23,26
Best fitness found so far: 0.8381780636106366; k: 2.0
Generation: 169; 0.8157523794841961; k: 2.0; 28,71,88,143,199,116,11,124,219,8,213,135,147,36,155,155,2,215,151,133,8,164,113,38,226,155,1,2,50,158,236,222,41,88,105,92,239,179,217,108,221,89,135,95,110,248,94,183,172,91,92,100,179,129,204,134,14,79,29,19,248,13,239,148,116,176,84,64,207,212,113,199,158,124,206,116,25,50,18,195,100,116,116,235,136,60,168,114,46,15,80,154,101,75,194,233,195,186,71,155,147,36,155,155,2,215,248,35,222,105,1,130,38,208,44,60,15,27,176,199,116,1,147,133,8,222,31,147,61,186,155,2,143,8,68,180,141,89,147,105,125,89,145,31
Best fitness found so far: 0.8381780636106366; k: 2.0
Generation: 170; 0.8157523794841961; k: 2.0; 105,71,88,143,199,116,11,124,219,8,71,155,147,36,155,155,2,215,151,68,11,58,147,54,60,155,1,2,50,239,236,247,168,199,95,34,194,79,86,8,140,113,164,117,89,51,246,30,58,196,112,241,148,89,123,95,234,138,44,147,159,153,148,100,155,39,201,154,188,162,177,159,97,70,1,195,186,227,198,235,139,155,90,22,94,240,145,139,171,154,116,121,115,132,119,39,107,118,188,162,245,119,60,35,213,159,155,22,225,138,147,87,184,199,117,130,38,182,203,60,183,122,199,95,34,194,100,86,205,140,113,234,117,89,51,246,30,222,196,112,241,148,89,40,182,234,138,209,147,99,153,29,100,48
Best fitness found so far: 0.8381780636106366; k: 2.0
Generation: 171; 0.8381780636106366; k: 2.0; 105,71,88,130,175,116,11,219,219,8,199,206,147,124,127,163,91,155,165,122,199,155,98,233,182,68,147,165,4,37,123,141,138,198,240,158,236,100,41,161,187,105,145,179,177,222,202,73,105,197,100,201,37,122,210,14,67,162,78,121,89,154,149,21,248,230,235,199,124,89,155,29,98,215,18,199,84,32,2,143,8,122,147,37,184,245,26,130,38,247,68,45,54,122,199,95,132,194,102,231,61,140,34,239,142,98,43,95,110,58,59,167,80,148,89,216,224,86,127,18,60,159,116,29,216,200,126,26,154,188,242,199,119,60,155,213,89,155,169,73,138,147,118,184,105,1,138,61,15,68,60,183,122,199,95,202,194,193,214,61,140,155
Best fitness found so far: 0.8381780636106366; k: 2.0
Generation: 172; 0.8381780636106366; k: 2.0; 105,71,88,130,175,116,11,219,219,8,199,206,147,124,127,163,91,155,165,122,199,155,98,233,182,68,147,165,4,37,123,141,138,130,240,158,236,100,41,161,187,105,163,179,177,222,202,73,105,197,100,201,37,88,143,199,116,11,124,219,8,71,28,147,65,155,155,2,215,128,68,11,164,116,54,229,155,1,2,50,100,69,247,41,69,91,92,100,179,129,204,134,14,147,29,93,248,13,173,148,116,176,154,64,207,212,113,199,176,124,206,94,25,102,23,195,100,116,116,235,136,60,168,114,46,15,80,154,18,111,194,233,195,186,125,93,103
Best fitness found so far: 0.8381780636106366; k: 2.0
Generation: 173; 0.8157523794841961; k: 2.0; 105,71,88,143,199,1,11,124,219,8,95,155,147,186,155,155,2,215,151,68,147,164,113,164,60,155,153,2,248,168,17,160,116,89,248,155,155,11,155,89,2,143,182,233,147,10,4,182,60,221,108,2,60,51,80,247,69,105,187,105,145,179,119,222,130,73,140,197,60,201,175,122,78,61,140,120,122,83,191,147,128,110,239,59,235,6,148,89,155,22,92,138,111,131,146,223,2,143,188,68,147,102,184,105,70,130,38,132,44,60,19,58,176,199,116,1,147,95,8,139,155,156,61,155,155,169,143,8,68,180,18,50,105,223,130,38,247,45,169,197,205,67,235,113,17,186,186,1,130,38,85,45,60,183,239,199,95,97,56,114,195,186,227,208,138
Best fitness found so far: 0.8381780636106366; k: 2.0
Generation: 174; 0.8157523794841961; k: 2.0; 105,199,88,143,15,116,11,74,219,8,71,155,147,36,155,155,202,215,151,68,11,121,116,54,91,155,1,55,50,100,69,247,41,88,91,92,100,179,14,108,70,133,147,29,19,248,94,245,67,23,143,177,151,68,11,164,113,54,4,155,47,2,89,100,236,247,155,88,91,206,9,117,185,108,134,17,147,95,92,248,94,245,100,38,164,17,48,138,168,112,236,203,140,184,85,116,35,50,189,110,248,148,196,88,125,198,232,34,22,205,170,155,186,113,9,172,27,199,12,122,158,95,112,158,190,223,207,205,1,9,1,155,16,223,155,239,193,7,163,205,68,227,11,155,62,2,143,182,217,20,89,225,99,89,145,59
Best fitness found so far: 0.8381780636106366; k: 2.0
Generation: 175; 0.8157523794841961; k: 2.0; 105,71,88,143,199,116,125,124,219,8,95,155,147,186,155,155,2,215,151,68,51,164,113,119,233,145,153,2,248,17,236,247,41,60,105,105,145,6,185,108,203,89,88,7,68,248,94,83,12,155,67,185,184,85,12,50,243,116,89,248,102,155,2,143,19,233,147,164,199,206,89,124,95,163,205,155,155,147,197,77,155,100,202,151,68,147,193,113,54,60,142,153,2,248,17,65,234,115,76,119
Best fitness found so far: 0.8381780636106366; k: 2.0
Generation: 176; 0.8381780636106366; k: 2.0; 105,71,88,130,175,116,11,219,219,8,199,206,147,124,127,163,91,155,165,122,199,155,98,233,182,68,41,165,4,37,123,141,138,198,240,158,236,100,41,161,187,105,145,179,215,222,202,73,105,197,100,201,37,122,216,14,67,162,78,121,89,154,149,21,248,230,235,199,124,89,60,29,98,223,18,199,84,32,2,143,8,122,147,37,184,245,26,130,38,247,68,45,54,122,199,95,132,241,102,231,61,140,34,239,142,98,43,95,110,58,59,167,80,148,89,216,224,86,127,18,221,159,116,29,216,200,126,26,154,188,242,199,119,241,155,213,89,206,169,73,138,147,118,184,105,1,73,61,15,68,60,183,122,199,95,202,194,193,214,61,140,155
Best fitness found so far: 0.8381780636106366; k: 2.0
Generation: 177; 0.8381780636106366; k: 2.0; 105,71,88,130,175,116,21,219,77,8,39,206,147,124,127,163,91,155,165,122,199,155,98,233,182,68,147,165,4,37,180,141,138,110,240,158,236,100,41,161,187,105,3,232,153,136,79,1,107,168,8,122,67,89,44,92,147,221,175,193,116,112,195,95,99,89,111,67,41,161,187,105,3,232,153,136,79,1,107,168,8,122,67,89,44,92,147,221
Best fitness found so far: 0.8381780636106366; k: 2.0
Generation: 178; 0.8381780636106366; k: 2.0; 200,71,88,130,175,116,11,219,219,8,199,206,89,214,127,163,91,155,165,122,199,155,98,233,182,68,147,165,59,37,144,141,138,121,240,158,236,100,41,71,187,105,145,179,177,222,97,73,105,197,114,201,37,122,210,14,67,162,40,225,89,154,149,110,248,230,235,100,124,89,155,29,98,215,18,199,84,225,195,143,8,45,147,37,184,245,207,130,38,247,68,45,210,122,3,65,132,194,102,231,61,140,43,205,205,98,43,95,110,161,59,185,80,148,89,111,224,86,127,18,60,159,116,29,216,200,126,212,154,87,242,245,119,60,155,213,94,155,101,73,138,147,87,184,201,1,138,61,15,68,60,183,122,199,95,202,194,193,214,198,197,116,176,154,8,207,168,113,199,116,124,206,95,154,52,155,195,100,155,172,91,136,60,168,114,92,154,80,154,95,152,194,233,195,186,107,93,103
Best fitness found so far: 0.8381780636106366; k: 2.0
Generation: 179; 0.8381780636106366; k: 2.0; 105,71,88,130,175,116,11,219,219,8,199,206,89,124,127,163,91,155,165,122,199,155,98,233,46,68,147,165,59,37,123,141,138,15,240,158,236,100,41,161,187,105,145,179,164,222,97,73,105,197,100,201,37,122,210,14,67,162,40,225,89,154,149,110,248,230,235,38,175,89,155,29,98,215,18,199,84,32,2,143,175,68,24,37,184,245,35,130,38,247,68,45,210,122,199,65,10,194,102,231,61,147,43,205,61,98,43,95,110,58,59,185,80,132,89,111,224,144,107,96,60,159,116,29,42,200,126,212,154,188,242,245,119,60,155,213,94,155,101,73,138,147,87,184,105,1,155,61,15,68,60,183,122,199,95,202,194,193,214,61,140,229,122,73,89,17,115,139,152,59,235,170,176,89,175,22,234,138,18,131,159,76,29,39,80,32,201,9,130,72,245,227,78,96,26,89,142,22,31,131,92,43,151,143,18,125,235,182,184,27,237,196,128,185,184,85,168,63,160,116,212,248,200,155,2,28,37,233,147,164,212,206,86,105,20,168,38,68,44,96,208,58,176,199,209,1,152,240,97,212,242,147,199,95,218,112,249,195,98,139,208,201
Best fitness found so far: 0.8381780636106366; k: 2.0
Generation: 180; 0.8381780636106366; k: 2.0; 105,71,88,130,175,116,11,219,219,8,199,206,147,144,127,163,91,155,165,122,199,155,98,233,182,68,147,165,4,37,105,141,138,130,121,158,236,223,149,161,101,105,163,179,171,222,202,73,105,197,230,201,37,200,143,15,116,131,124,219,8,71,28,147,65,155,155,2,215,128,68,11,164,116,227,229,155,1,2,50,208,69,247,41,69,3,55,29,179,129,204,134,14,147,29,208,199,116,11,124,219,8,71,63,147,186,155,155,2,215,151,234,142,29,150,54,132,155,100,64,33,201,154,188,125,76,35,60,134,213,136,155,22,234,138,100,20,250,137,29,100,92,39,201,154,188,61,37,119,73,155,161,54,190,155,100,155,39,113,136,93,247,41,88,133,105,145,179,185,102,130,73,168,147,60,201,175,75,8,184,165,188,247,209,89,174,149,110,248,59,235,168,57,197,170,226,92,138,18,67,165,104,2,143,168,64,34,26,88,105,211,145,233,174,1,130,18,113,194,60,148,224,63,210,89,140,113,30,129,89,220,41,187,248,217,141,202
Best fitness found so far: 0.8381780636106366; k: 2.0
Generation: 181; 0.8381780636106366; k: 2.0; 105,71,88,130,45,116,11,219,219,8,199,206,147,124,127,133,91,155,165,122,199,155,98,233,182,68,147,165,4,37,105,141,138,130,240,158,236,223,41,127,187,105,163,179,171,222,202,73,105,232,230,201,37,200,143,121,116,131,124,63,8,71,28,147,65,155,155,2,215,128,68,11,164,116,87,229,155,1,2,110,208,69,247,41,69,91,55,29,103,129,204,134,14,147,29,208,199,116,11,124,219,8,71,63,147,186,155,84,2,215,151,234,142,164,136,54,132,155,186,64,39,201,154,188,61,76,171,60,134,213,136,155,22,234,138,23,20,234,137,240,100,92,39,201,154,188,61,37,80,73,155,150,54,190,155,100,155,39,113,136,143,247,41,88,133,105,145,179,185,102,130,73,168,147,60,201,175,75,8,184,165,188,247,209,232,174,149,110,35,59,235,168,57,126,170,226,92,138,18,131,84,7,206,76,175,68,147,102,184,105,1,143,103,68,147,180,5,232,74,145,155,50,1,60,13,173,110,116,176,154,8,207,168,104,199,116,124,206,95,154,52,155,195,100,155,172,91,174,60,168,114,92,154,80,154,95,111,194,170,177,29,99,155,39,201,154,92,154,147,119,230,155
Best fitness found so far: 0.8381780636106366; k: 2.0
Generation: 182; 0.8381780636106366; k: 2.0; 121,71,88,130,175,116,21,219,77,8,39,206,147,124,127,163,91,155,165,122,199,155,98,233,182,68,147,165,4,37,91,141,138,110,240,158,236,100,41,161,187,105,3,232,153,136,79,1,107,168,8,122,68,89,44,92,147,221,175,193,116,112,195,95,99,89,111,67,41,161,187,105,3,232,153,136,79,1,107,100,201,246,122,210,14,67,162,228,225,89,154,149,110,248,230,201,51,188,89,155,29,98,215,152,199,84,32,2,143,106,68,147,37,184,245,26,130,229,247,68,45,54,122,199,95,132,194,102,231,61,140,34,205,103,98,43,95,110,58,59,185,80,148,89,131,224,86,36,60,187,72,116,29,216,200,126,212,154,188,242,245,119,60,155,98,89,155,101,73,138,147,87,51,82,1,193,61,15,68,60,183,33,199,95,113,90,155,193,61,140,229,122,72,89,203,209,139,152,59,235,170,176,89,162,22,234,138,63,131,159,14,29,39,48,32,201,1,121,72,245,134,78,96,213,89,142,22,18,131,86,19,236,143,181,177,144,26,123,27,1,196,161,147,184,85,168,135,160,116,212,248,56,155,2,143,202,249,147,157,87,184,105,1,138,97,15,135,142,183,5,247,47,202,194,193,208,61,88,250,122,73,89,203,26,161,66,59,42,170,176,89,162,22,138,138,137,131,159,128,29,39,48,170,201,1,121,48,245,104,78,96,97,89,142,29,115,131,86,19,181,143,74,125,144,182,184,27,1,77,161,185,184,85,168,135,160,110,212,248,200,155,95,47,202,233,237,164,45,156,86,105,48,11,38,68,183,60,208,58,176,159,235,1,220,16,8,212,242,134,14,147,124,19,37,77,245,100,38,67,141,201,138,166,107,210,89,140,184,85,116,89,107,212,110,87,87,110,134,178,10,126,114,129,163,205,155,124,43,140,155,10,193,182,107,213,24,155,22,222,244,36,24
Best fitness found so far: 0.8381780636106366; k: 2.0
Generation: 183; 0.8381780636106366; k: 2.0; 105,71,88,130,45,116,11,219,219,8,199,206,147,124,127,133,91,155,165,122,199,155,98,233,182,68,147,165,4,37,77,141,138,130,240,158,236,223,41,127,4,105,163,179,171,222,202,73,105,232,230,201,100,200,143,121,52,131,124,63,8,71,121,147,65,155,155,2,176,86,144,11,164,116,87,229,31,1,2,191,208,92,77,41,69,91,55,29,56,129,133,134,14,147,29,208,199,116,83,124,219,8,71,63,147,186,155,84,2,215,36,98,142,164,136,54,132,155,186,64,101,201,154,188,61,76,171,60,134,213,136,155,5,234,138,23,20,234,137,240,100,92,39,201,154,188,61,155,80,73,131,150,54,190,155,100,155,39,113,136,143,247,236,88,51,105,145,179,185,102,130,73,168,14,60,201,116,75,8,184,165,188,247,209,232,174,149,110,35,59,225,169,57,126,170,226,92,33,18,131,84,7,206,76,4,68,147,102,184,105,1,143,103,68,147,180,5,232,74,145,155,50,1,229,13,173,110,116,176,154,8,130,204,104,199,136,124,206,95,154,52,155,195,113,155,172,19,174,60,168,114,92,154,80,154,95,111,194,176,177,29,99,155,39,201,154,92,154,147,119,230,155
Best fitness found so far: 0.8381780636106366; k: 2.0
Generation: 184; 0.8738090492415; k: 2.0; 78,71,88,130,45,116,11,187,219,8,199,206,147,124,127,133,91,155,165,122,199,155,98,233,182,68,147,165,4,37,105,141,15,130,240,158,236,223,41,127,43,105,163,179,171,222,202,73,105,232,230,201,37,200,143,121,116,29,124,63,8,71,28,147,65,155,155,2,215,49,68,11,164,189,87,229,155,1,2,110,208,69,238,41,69,91,55,29,103,129,204,134,14,147,29,208,199,116,11,124,219,8,71,63,147,186,250,86,2,215,151,234,142,164,136,54,132,155,186,64,39,201,154,188,61,76,171,60,134,213,136,155,22,234,138,23,20,234,137,4,100,92,39,201,154,188,61,37,80,73,155,150,54,190,155,100,155,56,113,136,143,68,41,44,133,105,145,179,185,73,130,73,168,147,60,201,175,75,8,184,165,188,247,209,232,174,68,110,35,59,235,168,57,126,170,226,92,138,18,131,197,7,206,76,175,68,147,102,184,105,1,143,103,95,110,58,234,167,80,148,89,216,224,86,127,18,221,159,116,29,216,200,126,26,154,188,242,199,119,241,155,213,89,206,169,73,138,147,118,184,105,1,70,18,15,221,60,183,122,199,95,91,194,193,214,61,140,155
Best fitness found so far: 0.8738090492415; k: 2.0
Generation: 185; 0.8738090492415; k: 2.0; 78,71,88,130,45,116,11,187,219,8,199,206,147,124,127,133,91,155,165,122,199,155,106,233,182,68,147,165,4,147,105,141,15,130,240,158,236,223,41,127,43,105,163,179,171,222,202,73,105,232,230,201,37,200,143,121,165,29,124,63,8,71,28,147,65,155,155,2,215,49,68,11,164,189,87,229,155,1,2,110,208,69,238,41,69,91,147,165,4,37,105,141,138,130,121,158,236,223,149,34,184,105,163,110,171,222,202,73,105,197,230,27,114,200,143,15,233,131,124,219,8,71,86,147,65,155,155,2,215,128,68,11,164,116,227,87,155,1,2,50,208,69,247,27,69,3,55,29,123,129,204,134,14,147,29,208,199,116,11,194,99,76,71,63,147,186,155,155,2,215,151,228,142,29,239,54,132,126,100,64,71,201,154,188,125,76,35,60,134,213,136,155,246,234,138,186,190,250,137,29,100,92,125,201,154,188,61,37,119,73,155,219,54,190,155,100,155,243,113,85,93,247,41,88,133,105,145,179,185,102,130,165,122,199,155,98,233,182,68,147,165,4,37,123,141,138,130,240,158,236,100,41,161,187,106,168,36,35,222,87,73,35,197,100,201,127,141,73,199,116,115,124,37,8,166,28,147,65,155,161,2,215,203,68,11,44,116,158,95,155,1,2,50,231,116,182,147,95,161,83,174,25,152,124,86,147,218
Best fitness found so far: 0.8738090492415; k: 2.0
Generation: 186; 0.8738090492415; k: 2.0; 78,71,88,130,45,116,11,187,219,8,199,206,147,124,127,133,91,155,165,122,199,155,106,38,33,68,147,165,4,147,105,141,15,200,240,158,105,223,41,127,43,105,163,179,171,222,202,73,105,232,230,249,37,200,143,121,165,29,124,63,8,71,79,147,65,155,155,2,215,49,68,11,164,189,87,229,155,1,2,110,208,69,238,41,69,91,147,165,4,37,105,141,138,130,121,158,236,223,149,34,165,105,163,110,171,14,202,73,105,197,230,27,114,200,143,15,233,131,124,219,8,249,86,147,65,155,155,2,215,128,68,11,164,116,227,87,155,1,2,98,208,69,247,27,69,3,55,29,123,129,204,134,184,147,29,208,199,116,11,194,99,76,71,63,147,186,155,155,2,147,151,228,201,29,22,197,132,126,100,64,71,201,154,188,125,76,26,60,134,213,62,184,50,66,130,38,229,68,60,183,56,225,89,154,149,110,248,230,231,180,234,89,155,105,98,215,219,199,48,146,60,143,8,68,202,37,84,245,37,181,38,44,21,45,54,159,199,152,132,194,102,231,61,140,34,4,61,98,43,95,110,110,59,75,67,110,89,216,170,86,127,18,60,69,116,54,216,96,126,212,154,143,63,245,119,109,155,98,89,89,164,73,138,147,87,51,221,130,138,148,15,68,60,183,6,63,95,152,194,193,244,118,140,55,54,17,89,53,82,139,152,59,235,170,176,89,162,22,105,145,179,185,222,124,73,140,197,71,206,175,249,236,45,110,248,230,36,194,124,152,240,97,212,242,147,199,95,57,213,249,195,58,69,208,201
Best fitness found so far: 0.8738090492415; k: 2.0
Generation: 187; 0.8738090492415; k: 2.0; 105,240,88,130,175,116,11,219,155,24,9,206,89,124,127,242,91,32,165,7,167,155,98,90,158,68,147,165,220,77,60,141,138,15,74,158,74,39,41,161,187,218,5,179,177,153,97,73,56,197,100,42,37,122,210,220,209,162,156,225,89,154,169,73,138,147,118,184,105,1,73,61,15,68,117,183,122,199,95,202,194,193,214,61,140,155
Best fitness found so far: 0.8738090492415; k: 2.0
Generation: 188; 0.8738090492415; k: 2.0; 105,71,88,130,175,116,199,97,77,8,39,206,147,124,127,163,91,155,165,122,199,155,98,233,182,68,147,165,4,37,180,141,138,110,240,158,236,100,41,161,187,105,3,232,153,136,79,1,107,100,8,122,67,89,209,92,147,221,175,193,116,112,195,95,181,89,111,67,41,161,187,105,152,100,112,222,185,184,114,168,135,160,116,89,248,3,155,2,143,166,54,147,164,212,221,104,105,57,168,125,247,44,60,248,58,176,199,116,1,143,170,8,139,208,147,61,155,155,104,143,8,80,180,157,170,20,100,125,89,145,31
Best fitness found so far: 0.8738090492415; k: 2.0
Generation: 189; 0.8738090492415; k: 2.0; 78,71,88,130,45,116,11,187,219,8,199,206,147,124,127,133,91,155,165,122,199,155,106,38,33,68,147,165,4,121,105,141,15,200,240,158,105,223,41,127,43,105,163,179,171,222,202,73,105,232,230,249,37,200,143,121,165,29,32,63,8,71,79,147,65,155,155,2,215,49,68,11,164,189,87,229,155,1,2,110,208,69,238,41,69,91,147,165,4,37,105,141,97,92,121,158,198,223,149,241,165,105,163,249,171,14,202,73,105,197,230,27,114,200,143,15,233,131,124,219,8,249,86,147,65,155,155,2,215,128,68,11,164,116,68,87,155,1,2,98,208,69,247,27,69,210,55,29,123,9,204,134,184,147,29,208,199,154,11,194,99,76,71,63,147,186,8,155,2,147,151,228,201,29,22,197,35,126,100,64,71,201,154,188,119,76,224,117,134,213,53,184,50,66,130,38,229,68,227,183,56,225,89,124,149,110,248,230,231,180,234,89,11,105,98,215,219,199,48,146,60,143,8,68,169,37,84,245,37,181,38,44,21,45,54,159,199,152,132,194,102,231,61,140,34,4,61,98,43,95,110,110,59,75,67,110,35,216,170,86,127,18,60,69,116,54,216,96,126,212,154,143,63,245,119,109,155,98,89,89,164,109,138,147,87,51,221,130,138,148,15,68,60,183,6,159,95,152,194,193,244,118,141,55,54,17,89,53,82,139,152,59,235,170,11,89,162,22,105,145,179,185,213,124,73,140,197,71,206,175,249,236,45,110,248,230,36,194,189,152,240,97,212,242,147,199,95,57,213,249,195,58,69,234,39,6,118,59,89,188,132,60,206,213,164,89,154,149,110,248,230,235,52,188,89,155,29,98,215,152,199,84,245,63,143,163,176,161,37,184,245,26,130,229,247,175,45,54,122,227,166,132,194,102,231,196,140,226,56,103,94,122,95,214,58,59,185,80,148,89,131,224,86,36,231,187,72,116,53,216,200,137,212,154,188,118,245,119,60,157,98,84,98,101,73,41,27,63,51,167,1,96,61,15,68,60,183,33,108,95,147,41,193,244,61,178,229,122,22,89,203,209,139,152,41,235,91,174,60,168,102,92,145,80,154,95,111,194,170,177,29,99,155,39,201,154,200,195,147,119,230,155
Best fitness found so far: 0.8738090492415; k: 2.0
Generation: 190; 0.8738090492415; k: 2.0; 78,169,88,49,45,176,11,187,219,8,199,206,147,124,127,133,91,155,165,122,199,155,106,38,241,68,147,165,4,105,105,141,15,200,240,158,105,132,75,127,43,51,163,144,171,222,202,73,105,232,69,249,37,243,143,65,165,29,124,63,8,71,79,147,65,207,68,52,164,189,87,229,155,1,2,110,208,69,153,41,69,91,55,29,103,129,204,134,71,147,29,208,199,116,11,124,22,8,71,63,147,186,250,118,2,215,151,9,142,164,136,54,104,155,186,64,39,201,5,234,138,23,20,234,167,28,100,124,39,201,179,188,157,155,80,199,131,150,54,190,177,100,155,39,113,136,26,247,190,88,51,105,145,179,206,102,130,73,50,14,213,201,111,75,8,184,165,188,247,209,232,174,149,110,35,59,225,89,57,126,170,226,92,33,235,131,84,7,206,76,4,68,147,136,184,105,1,143,103,68,27,180,5,232,74,145,20,139,1,229,13,173,110,9,88,154,8,130,244,104,199,136,124,206,95,154,52,155,17,113,155,172,19,32,190,227,114,92,154,80,154,95,111,194,176,177,29,99,155,126,77,19,92,154,147,119,230,155
Best fitness found so far: 0.8738090492415; k: 2.0
Generation: 191; 0.8738090492415; k: 2.0; 164,71,88,130,175,116,21,122,77,8,39,206,211,124,127,163,91,155,165,122,199,155,98,233,182,68,49,165,4,37,58,141,138,110,240,158,236,100,41,161,187,105,3,232,236,136,79,1,107,168,8,122,67,202,37,84,245,15,181,38,44,21,45,54,159,199,152,132,194,102,231,61,62,34,4,61,98,176,95,220,110,122,75,67,110,89,216,175,86,166,60,104,14,116,111,216,200,126,212,122,193,23,125,89,193,31
Best fitness found so far: 0.8738090492415; k: 2.0
Generation: 192; 0.8738090492415; k: 2.0; 78,71,88,130,115,116,11,187,219,8,199,206,147,124,237,133,129,155,165,122,199,155,98,233,182,68,147,235,54,37,105,104,15,130,240,23,236,229,41,127,43,105,162,179,176,222,202,205,56,232,124,201,37,200,143,121,116,29,124,86,8,71,81,145,65,155,155,2,74,49,197,160,164,32,87,229,177,222,216,139,208,69,238,41,69,205,55,29,103,129,204,134,14,147,29,208,199,116,11,124,216,33,71,63,147,241,250,86,2,172,151,234,142,164,136,54,132,155,88,64,215,201,154,188,61,76,171,60,134,213,136,155,22,234,138,23,20,62,137,185,100,245,39,201,154,188,61,37,74,104,155,150,54,209,155,100,64,24,113,205,225,68,202,44,133,105,145,179,185,73,130,73,168,147,60,201,175,75,159,184,165,217,247,209,248,174,68,180,35,110,110,133,75,67,125,89,216,170,84,127,18,60,69,105,54,216,200,126,163,157,143,43,206,119,109,155,199,59,32,53,174,239,68,147,212,118,245,179,1,138,162,15,68,60,183,122,199,95,202,194,193,83,61,140,155
Best fitness found so far: 0.8738090492415; k: 2.0
Generation: 193; 0.8738090492415; k: 2.0; 105,71,88,130,175,116,21,142,77,8,7,206,147,124,127,163,91,155,165,122,199,155,98,228,182,68,147,165,4,111,62,141,235,199,124,89,155,29,98,215,85,199,84,32,2,143,8,122,147,37,114,245,61,130,107,247,68,45,54,122,155,95,195,194,102,248,61,202,34,239,142,98,49,75,110,126,59,167,80,148,89,216,224,86,127,39,140,159,116,29,216,200,126,26,154,201,242,72,119,60,155,213,89,155,169,73,138,147,118,184,105,1,173,168,113,199,116,168,206,95,154,52,197,109,248,155,198,115,136,60,168,114,92,154,80,67,95,152,194,233,211,186,149,204,103
Best fitness found so far: 0.8738090492415; k: 2.0
Generation: 194; 0.8738090492415; k: 2.0; 78,169,88,130,45,176,11,187,219,8,199,206,237,124,127,133,91,155,165,122,199,155,116,38,33,68,147,165,4,147,105,141,117,200,232,158,105,132,41,127,43,51,163,179,171,222,202,73,32,232,69,249,37,243,143,65,165,29,124,9,8,71,79,147,25,26,199,2,215,49,68,11,240,58,187,229,155,1,49,110,208,69,238,41,69,91,147,216,143,37,105,141,138,175,121,219,236,223,149,34,165,94,163,110,171,14,202,94,105,197,230,27,114,200,143,143,233,131,124,219,8,249,86,147,65,155,155,243,215,128,68,11,164,116,122,87,155,203,2,98,208,69,247,27,69,214,55,116,123,129,204,134,184,147,29,194,199,116,11,194,173,76,71,229,147,186,155,155,2,147,151,78,201,194,22,197,132,126,100,64,71,201,154,188,125,76,26,60,134,213,62,184,70,66,130,38,143,137,60,183,168,225,89,154,118,110,248,230,231,78,234,89,155,105,98,215,219,199,48,146,158,118,120,68,202,208,84,222,37,181,38,47,21,45,54,159,199,152,124,194,102,229,61,140,174,4,61,98,43,95,65,110,59,75,67,228,89,216,109,90,127,18,48,69,116,101,216,96,125,212,154,198,63,245,119,109,181,98,89,89,92,73,138,147,87,51,221,130,138,148,15,68,60,183,6,63,95,152,194,193,244,26,140,55,54,125,89,53,37,139,152,219,235,215,176,89,162,22,105,145,184,39,211,235,100,124,89,157,83,98,215,18,199,65,161,195,143,8,45,147,37,184,245,165,122,199,155,98,233,182,68,4,60,138,37,123,141,101,245,242,158,82,100,182,98,187,182,101,248,177,222,148,178,77,197,56,210,55,207,162,35,225,89,55,149,172,248,230,203,100,124,89,155,17,82,215,61,106,4,199,206,147,124,62,163,91,35,184,122,199,155,98,148,182,68,147,92,4,37,110,31,138,80,121,105,24,19,48,182,125,46,165,170,37,144,141,19,121,240,207,4,100,69,71,248,26,145,5,10,18,97,73,105,197,112,74,37,42,12,14,67,211,40,225,168,154,151,208,248,230,155,100,124,89,12,56,98,215,95,110,84,225,63,143,171,123,189,138,69,240,158,236,100,41,230,187,12,163,54,124,63,8,71,28,147,177,155,223,2,215,20,68,11,164,229,157,218,155,175,2,93,82,95,247,41,69,204,117,29,103,129,114,134,246,147,29,136,199,14,234,192,58,8,136,63,38,61,155,84,37,215,227,234,142,163,136,108,132,8,186,64,171,201,154,188,87,163,171,248,134,152,207,155,176,244,68,147,20,91,131,240,229,92,39,201,15,108,61,37,80,73,64,150,162,190,155,100,155,39,113,136,84,247,41,88,72,105,57,179,185,102,130,73,224,147,188,214,175,75,8,82,146,188,247,209,232,16,149,110,53,59,235,168,235,126,170,226,92,225,18,120,84,7,206,76,175,68,15,249,189,105,175,143,57,68,147,216,5,232,38,145,155,225,1,3,74,173,246,239,176,154,8,207,168,104,88,116,124,165,95,19,52,155,244,196,155,172,64,174,57,187,219,207,13,235,20,124,127,22,56,109,165,122,199,76,33,217,240,68,147,180,4,147,105,141,137,130,240,110,68,42,41,223,43,105,114,50,211,222,202,73,105,232,230,201,149,200,143,121,90,192,160,63,8,71,96,147,65,155,155,2,215,87,68,11,164,189,87,229,155,49,2,12,208,69,143,41,69,91,35,165,4,37,128,225,138,112,232,158,236,223,118,157,131,187,163,110,171,222,226,224,146,17,230,27,114,33,143,15,233,121,124,219,8,71,245,147,65,155,155,96,215,128,3,94,164,152,86,87,23,1,170,50,250,160,160,27,69,3,55,126,220,115,204,134,14,197,29,208,199,124,95,194,99,76,10,56,124,128,155,155,218,152,217,228,142,29,239,54,132,126,71,64,71,143,185,188,125,76,35,60,134,213,136,83,246,23,138,172,190,250,154,30,100,214,125,31,81,188,61,37,97,140,155,219,54,190,155,139,53,243,113,153,93,247,41,88,38,105,92,179,108,239,112,165,122,41,3,98,233,182,147,147,80,4,37,123,141,138,182,240,68,179,100,41,161,187,106,168,36,140,222,87,73,35,184,100,201,67,46,73,33,116,115,124,100,8,138,28,147,65,155,161,2,6,203,130,138,67,243,68,60,58,6,159,95,152,194,16,244,118,141,55,54,17,89,53,161,139,81,59,235,174,11,89,162,22,105,145,179,185,213,189,73,140,197,71,206,175,249,236,45,110,248,230,36,117,189,152,74,97,212,242,194,199,95,57,213,249,195,79,69,234,39,6,5,59,89,188,132,60,206,213,164,245,201,91,105,100,16,129,204,134,14,225,29,19,248,146,72,148,218,176,113,64,74,212,237,84,215,124,206,169,25,249,18,202,184,116,116,235,136,60,168,33,46,15,80,154,18,75,194,26,195,21,125,93,103
Best fitness found so far: 0.8738090492415; k: 2.0
Generation: 195; 0.8738090492415; k: 2.0; 78,71,88,130,45,116,11,187,43,8,99,206,147,124,179,133,91,155,165,122,199,155,14,38,33,68,147,239,4,147,230,130,175,116,199,97,221,8,144,206,147,125,108,163,91,155,165,122,199,155,98,233,182,68,79,165,8,37,171,141,138,110,240,158,236,100,41,38,187,105,3,115,136,60,168,114,92,154,80,67,127,152,194,233,72,186,149,204,103
Best fitness found so far: 0.8738090492415; k: 2.0
Generation: 196; 0.8738090492415; k: 2.0; 78,169,88,49,45,176,11,187,219,8,199,206,147,124,127,133,91,155,165,122,199,155,106,138,241,68,147,165,4,43,105,141,15,200,240,158,105,132,75,127,122,51,92,144,171,83,202,243,105,232,69,249,37,243,143,65,74,29,124,63,8,71,79,147,65,207,145,52,164,189,87,229,225,1,2,110,152,69,153,41,69,91,55,29,103,129,204,134,207,147,29,208,199,116,201,237,22,8,191,243,147,186,250,118,2,215,151,9,142,164,136,54,104,155,186,64,39,201,5,234,138,23,20,234,167,28,100,124,15,201,176,188,65,155,80,199,131,150,54,55,177,100,155,39,113,136,26,247,190,88,51,105,145,179,206,102,130,130,138,96,15,68,114,183,6,63,95,152,194,193,244,118,140,55,54,17,89,53,82,130,152,59,235,170,176,89,162,22,105,145,179,185,222,124,73,140,197,71,206,205,249,236,45,110,248,230,8,194,124,152,240,97,212,242,37,199,95,57,213,249,195,58,69,208,201
Best fitness found so far: 0.8738090492415; k: 2.0
Generation: 197; 0.8738090492415; k: 2.0; 105,71,88,130,175,116,11,172,219,8,199,206,79,124,127,163,91,155,165,122,199,155,216,233,87,56,36,165,170,93,228,141,230,207,240,158,171,80,78,109,158,49,50,198,242,222,97,73,105,197,100,187,37,76,35,157,225,213,136,155,246,234,39,186,190,79,137,29,100,36,224,201,154,188,106,37,119,196,155,33,54,190,155,54,155,243,138,85,44,247,41,88,133,105,145,179,185,102,130,34,122,199,106,98,233,237,17,191,165,58,37,123,141,138,73,240,158,9,100,41,161,187,106,168,36,35,222,235,73,35,197,100,201,127,49,73,199,116,100,124,37,8,166,71,147,79,169,88,49,45,80,11,187,219,8,199,206,147,124,127,133,109,155,165,122,199,155,106,38,241,68,147,165,4,105,105,141,24,200,240,158,175,132,75,127,43,51,163,144,171,222,202,73,105,183,69,66,37,243,143,65,165,29,124,63,8,71,79,147,79,207,68,52,164,189,87,244,155,224,203,122,208,69,153,41,69,91,78,29,103,129,204,213,228,60,206,213,237,155,166,90,212,135,87,249,105,1,130,38,180,68,60,195,79,199,95,97,132,44,86,58,183,113,10,219,235,51,246,110,169,76,235,143,148,89,143,22,38,138,18,233,31,76,29,100,155,39,201,154,150,162,63,119,60,155,213,89,223,22,19,138,200,7,84,52,29,100,129,52,201,102,24,154,147,104,60,187
Best fitness found so far: 0.8738090492415; k: 2.0
Generation: 198; 0.8738090492415; k: 2.0; 78,163,88,130,115,116,11,187,219,8,29,206,147,124,127,133,129,155,165,122,199,155,98,233,71,68,147,82,4,37,58,141,15,130,7,26,236,223,41,127,241,105,163,179,171,222,202,73,105,33,124,177,37,200,143,121,116,29,124,86,34,71,28,145,65,155,155,2,215,49,68,11,164,189,87,229,155,206,7,110,208,69,238,80,69,91,55,29,103,129,204,73,14,147,189,208,199,116,11,124,216,33,71,77,147,229,250,86,2,135,151,234,240,177,18,151,73,105,197,112,201,37,42,12,91,67,88,40,225,168,46,21,110,248,22,155,100,124,89,12,239,98,215,95,110,84,225,63,143,171,123,189,138,69,240,158,236,100,41,230,187,61,163,131,124,63,160,71,249,147,65,155,192,2,215,20,68,11,164,229,157,218,69,175,2,17,82,95,247,216,69,204,164,29,103,129,114,134,24,147,29,208,199,116,234,124,58,8,71,63,38,209,68,84,190,215,227,234,142,164,136,108,132,155,186,64,137,201,154,188,87,163,113,248,134,152,79,155,176,1,138,123,20,234,131,240,100,92,39,201,15,188,61,37,80,73,143,150,162,190,155,100,155,39,113,136,84,247,41,88,72,105,66,179,185,102,130,92,224,147,60,214,175,75,8,184,146,188,247,209,232,16,149,110,53,59,235,168,57,126,170,226,31,225,18,120,19,7,206,76,175,68,147,89,184,105,1,77,57,68,147,180,5,232,32,145,155,225,1,179,74,173,246,239,176,154,8,207,168,104,88,186,237,188,95,236,52,155,195,100,155,172,91,174,57,125,219,207,13,206,20,124,127,133,166,204,165,122,199,76,106,233,182,68,87,165,4,147,105,141,137,130,240,158,245,223,41,81,43,105,163,179,196,222,202,73,105,232,211,201,149,206,143,121,165,29,160,63,8,71,96,147,65,155,155,2,215,178,68,11,164,189,87,229,155,1,2,12,208,69,143,41,69,91,35,165,4,37,195,141,167,130,121,158,236,223,118,34,184,105,163,216,171,222,217,73,105,17,230,27,114,33,143,15,233,121,124,219,8,71,182,194,65,155,133,96,215,128,3,202,164,152,72,87,23,166,170,50,208,187,247,27,69,3,55,29,220,115,204,134,14,193,29,208,199,151,11,179,99,76,10,56,124,186,155,155,218,215,217,228,190,29,239,54,132,126,71,64,71,143,185,188,125,76,35,60,134,213,136,155,246,23,138,229,190,250,217,30,100,84,125,31,81,188,61,37,97,133,155,219,54,190,155,139,53,243,113,85,93,104,41,88,133,105,145,179,185,72,112,165,122,199,3,98,233,182,147,147,80,127,37,123,141,138,130,240,68,236,100,41,161,187,106,168,36,35,222,87,73,35,184,100,201,127,141,73,199,116,115,124,37,206,138,28,147,65,155,161,154,6,203,68,11,44,116,131,110,171,1,52,50,231,4,182,14,197,161,83,174,99,152,124,86,147,1
Best fitness found so far: 0.8738090492415; k: 2.0
Generation: 199; 0.8738090492415; k: 2.0; 78,71,88,130,45,116,11,187,165,8,99,206,147,124,127,133,91,155,165,122,199,120,106,38,33,64,147,239,4,147,105,141,15,175,240,161,105,223,41,127,43,105,163,179,171,217,89,73,105,232,230,249,37,200,143,121,165,29,124,63,8,71,79,147,65,48,155,17,215,3,8,11,164,79,87,104,155,1,2,110,208,69,178,130,69,91,147,165,58,147,105,80,138,205,121,158,236,223,149,34,165,105,163,110,95,14,202,73,165,197,230,27,114,25,143,159,233,224,49,219,8,249,86,147,3,155,155,2,215,128,68,11,164,116,227,87,185,1,2,189,3,69,247,213,69,3,55,29,7,144,204,134,193,186,29,208,235,211,11,194,99,76,71,63,226,186,155,250,95,105,133,135,185,125,162,89,44,110,86,116,65,7,215,116,109,216,200,126,212,154,87,18,224,134,30,155,213,118,14,101,73,138,244,87,195,201,1,138,61,15,68,134,199,122,192,95,202,194,5,86,198,197,135,176,46,54,173,168,113,110,46,168,101,234,142,164,136,54,132,155,7,64,27,201,154,188,61,151,171,60,248,213,136,155,22,234,138,23,156,62,211,185,46,245,39,201,154,188,61,37,74,104,155,150,54,209,110,201,144,235,199,39,89,155,163,214,30,18,191,196,110,2,143,8,68,87,37,184,177,77,1,173,220,68,249,183,122,69,124,5,194,236,231,211,140,113,85,61,184,43,95,110,58,162,77,241,161,89,162,244,234,138,29,131,159,76,29,16,155,198,212,156,188,162,231,119,129,122,213,89,154,101,47,138,147,87,223,105,75,213,135,15,68,206,183,51,124,115,123,100,87,226,238,140,64,122,94,89,203,246,89,48,59,224,29,70,135,82,22,234,138,5,81,159,76,29,10,164,243,46,1,221,162,18,119,78,96,213,89,127,22,245,28,176,53,249,151,28,61,239,24,25,78,70,188,15,218,60,59,122,199,95,91,111,106,214,61,140,155,199,120,106,38,33,64,147,239,4,147,105,141,15,175,240,161,105,223,41,127,43,105,163,179,171,217,89,73,105,232,230,249,37,200,143,121,165,29,124,63,8,71,79,147,65,48,155,17,215,3,8,11,164,79,87,104,155,1,2,110,208,69,178,130,69,91,147,165,58,147,105,80,138,205,121,158,236,223,149,34,165,105,163,110,95,14,202,73,165,197,230,27,114,25,143,159,233,224,49,219,8,249,86,147,3,155,155,2,215,128,68,11,164,116,227,87,185,1,2,189,3,69,247,213,69,3,55,29,7,144,204,134,193,186,29
Best fitness found so far: 0.8738090492415; k: 2.0
Total time of execution of seed 9 : 2608974
Solution Fitness: -0.8738090492415
Variables: uniform 10 manhathan split moveAverage moveBetween split moveNear moveBetween join moveAverage join moveBetween
