Generation: 0; -1.0; k: 5.3; 97,249,36,10,158,24,27,114,144,197
Best fitness found so far: -1.0; k: 5.3
Generation: 1; -0.8441058841596234; k: 7.4; 141,49,165,235,71
Best fitness found so far: -0.8441058841596234; k: 7.4
Generation: 2; -0.859165592796306; k: 7.4; 153,49,165,235,71
Best fitness found so far: -0.8441058841596234; k: 7.4
Generation: 3; -0.8870370715550433; k: 2.1; 31,85,19
Best fitness found so far: -0.8441058841596234; k: 7.4
Generation: 4; -0.8990601885671209; k: 1.8; 239,49,165,146,101,7
Best fitness found so far: -0.8441058841596234; k: 7.4
Generation: 5; -0.8441058841596234; k: 7.4; 141,49,165,235,71
Best fitness found so far: -0.8441058841596234; k: 7.4
Generation: 6; -0.852124662020217; k: 0.2; 141,49,165,235,31,85,19
Best fitness found so far: -0.8441058841596234; k: 7.4
Generation: 7; -0.8441058841596234; k: 7.4; 141,49,165,235,71
Best fitness found so far: -0.8441058841596234; k: 7.4
Generation: 8; -0.8351991569203341; k: 2.0; 247,235,153,13,71,247,235,153,13
Best fitness found so far: -0.8351991569203341; k: 2.0
Generation: 9; -0.8351991569203341; k: 2.0; 247,235,153,13,71,247,235,153,13
Best fitness found so far: -0.8351991569203341; k: 2.0
Generation: 10; -0.8280340262509822; k: 7.4; 49,49,165,235,71
Best fitness found so far: -0.8280340262509822; k: 7.4
Generation: 11; -0.8280340262509822; k: 7.4; 49,49,165,235,71
Best fitness found so far: -0.8280340262509822; k: 7.4
Generation: 12; -0.8307852412076718; k: 3.5; 49,165,165,8,165,49,165,153,13,71,247,235,153,13
Best fitness found so far: -0.8280340262509822; k: 7.4
Generation: 13; -0.8280340262509822; k: 7.4; 239,49,165,235,71
Best fitness found so far: -0.8280340262509822; k: 7.4
Generation: 14; -0.8280340262509822; k: 7.4; 49,49,165,235,71
Best fitness found so far: -0.8280340262509822; k: 7.4
Generation: 15; -0.7224431394786545; k: 2.0; 87,49,165,235,165,137,247,235,153,13,71,247,235,153,243
Best fitness found so far: -0.7224431394786545; k: 2.0
Generation: 16; -0.8280340262509822; k: 7.4; 49,49,165,235,71
Best fitness found so far: -0.7224431394786545; k: 2.0
Generation: 17; -0.7224431394786545; k: 2.0; 87,49,165,235,165,137,247,235,153,13,71,247,235,153,243
Best fitness found so far: -0.7224431394786545; k: 2.0
Generation: 18; -0.8280340262509822; k: 7.4; 49,49,165,235,71
Best fitness found so far: -0.7224431394786545; k: 2.0
Generation: 19; -0.8280340262509822; k: 7.4; 49,49,165,235,71
Best fitness found so far: -0.7224431394786545; k: 2.0
Generation: 20; -0.29894927725529796; k: 2.0; 87,49,165,235,165,170,247,235,153,247,165,49,141,49,165,187,71
Best fitness found so far: -0.29894927725529796; k: 2.0
Generation: 21; -0.2991607777421666; k: 2.0; 49,165,235,166,165,235,151,77,247,235,153,247,165,49,141,182,165,187,71
Best fitness found so far: -0.29894927725529796; k: 2.0
Generation: 22; -0.6752186766432098; k: 3.9; 214,242,165,235,103,49,141,247,165,49,141,49,165,235,71,141,247,165,49,141
Best fitness found so far: -0.29894927725529796; k: 2.0
Generation: 23; -0.698707048124749; k: 2.0; 49,171,235,166,165,235,151,77,247,235,153,247,211,49,141,182,165,165,170,247,161,153,247,165,49,141,49,165,187,71
Best fitness found so far: -0.29894927725529796; k: 2.0
Generation: 24; -0.07279247721752717; k: 3.0; 49,165,165,165,235,103,49,141,247,165,49,141,49,165,235,71,141,179,165,58,141
Best fitness found so far: -0.07279247721752717; k: 3.0
Generation: 25; 0.10965273637834727; k: 2.0; 49,40,165,235,229,170,247,235,153,111,165,49,153,247,165,49,141,49,107,187,71
Best fitness found so far: 0.10965273637834727; k: 2.0
Generation: 26; 0.36452796624595535; k: 2.0; 165,49,3,141,165,170,247,235,153,247,25,49,141,166,165,235,151,77,247,235,153,9,165,49,141,182,165,187,71
Best fitness found so far: 0.36452796624595535; k: 2.0
Generation: 27; 0.4689988070044392; k: 2.0; 49,40,165,235,229,170,247,235,153,111,165,49,187,247,165,49,141,49,107,187,247,235,153,247,165,49,49,10,165,187,71
Best fitness found so far: 0.4689988070044392; k: 2.0
Generation: 28; 0.4580084384793757; k: 2.0; 63,49,22,125,165,137,247,49,141,182,165,98,65,165,231,170,247,45,153,98,165,49,141,49,165,187,71
Best fitness found so far: 0.4689988070044392; k: 2.0
Generation: 29; 0.4199348447572865; k: 2.0; 239,86,165,235,181,77,247,235,153,6,165,49,141,182,165,49,141,49,107,187,71
Best fitness found so far: 0.4689988070044392; k: 2.0
Generation: 30; 0.4031548979543819; k: 2.0; 13,165,165,165,235,103,49,141,247,165,49,141,49,9,153,247,165,49,55,182,165,89,71
Best fitness found so far: 0.4689988070044392; k: 2.0
Generation: 31; 0.4680925278547906; k: 2.0; 165,49,3,141,165,170,247,235,153,247,203,49,141,166,165,235,151,77,247,235,153,247,165,49,141,49,107,187,71
Best fitness found so far: 0.4689988070044392; k: 2.0
Generation: 32; 0.5346278529580327; k: 2.0; 239,49,44,141,247,165,49,141,49,165,235,71,141,247,165,22,235,165,163,235,153,9,165,49,141,182,165,187,123
Best fitness found so far: 0.5346278529580327; k: 2.0
Generation: 33; 0.4751830712033505; k: 2.0; 239,52,165,15,151,77,247,235,153,247,165,49,141,182,153,247,165,49,141,49,247,235,49,156,165,235,229,186,247,235,153,196,165,49,187,247,165,49,205,49,107,101,95,235,153,33,165,49,49,60,165,187,71
Best fitness found so far: 0.5346278529580327; k: 2.0
Generation: 34; 0.4702712288229202; k: 2.0; 235,103,197,153,247,60,49,141,49,9,153,247,165,49,55,182,165,89,71
Best fitness found so far: 0.5346278529580327; k: 2.0
Generation: 35; 0.5496409964790177; k: 2.0; 66,49,118,138,165,74,247,49,141,182,165,98,65,165,231,170,247,187,49,234,165,171,235,103,49,141,247,157,49,141,49,165,235,77,247,235,153,6,165,49,165,170,247,235,153,247,203,49,141,166,165,235,151,77,247,235,153,247,165,49,141,49,107,187,71
Best fitness found so far: 0.5496409964790177; k: 2.0
Generation: 36; 0.5434078962161792; k: 2.0; 49,40,165,222,229,2,247,235,153,111,165,49,187,146,113,49,141,199,107,187,165,49,141,49,165,75,71,141,247,165,224,235,165,163,235,153,9,165,49,141,182,165,219,123
Best fitness found so far: 0.5496409964790177; k: 2.0
Generation: 37; 0.4841913399830299; k: 2.0; 194,52,165,15,151,210,153,111,165,49,187,247,165,49,113,248,203,187,247,235,49,5,165,235,165,192,247,187,153,102,141,166,165,235,209,77,122,235,95,235,153,33,78,49,49,60,165,187,71,107
Best fitness found so far: 0.5496409964790177; k: 2.0
Generation: 38; 0.5026101420168798; k: 2.0; 49,5,165,235,165,137,247,104,153,102,45,1,165,235,151,77,247,235,153,9,165,49,141,165,187,63,247,175,227,247,187,247,165,49,141,49,165,235,71,141,247,165,22,235,165,137,44,13,49,49,165,187,63,247,13,216,49,5,165,235,165,137,247,104,153,102,141,1,165,235,151,77,247,235,165,187,123
Best fitness found so far: 0.5496409964790177; k: 2.0
Generation: 39; 0.5334154147322593; k: 2.0; 63,49,141,125,129,247,247,49,141,182,165,98,65,165,231,170,247,45,153,165,165,49,149,49,165,141,49,245,247,235,153,247,20,49,165,213,101,181,76,99,52,49,158,4,160,247,103,153,6,141,247,165,49,141,49,165,235,215,165,235,179,49,29,42,98,175,28,6
Best fitness found so far: 0.5496409964790177; k: 2.0
Generation: 40; 0.532003560776704; k: 2.0; 181,52,165,15,151,77,247,235,153,184,165,49,141,182,153,247,165,49,141,49,247,235,49,156,165,235,229,20,247,235,153,196,165,49,187,247,165,49,205,49,107,101,95,235,153,33,165,49,49,60,165,187,71
Best fitness found so far: 0.5496409964790177; k: 2.0
Generation: 41; 0.5058535760255853; k: 2.0; 49,138,165,104,229,170,247,235,153,111,237,172,187,247,165,131,141,49,107,187,247,235,207,43,25,49,225,10,49,107,65,72,165,49,247,165,49,49,10,165,187,71
Best fitness found so far: 0.5496409964790177; k: 2.0
Generation: 42; 0.4894054436672282; k: 2.0; 239,87,165,15,151,77,247,235,153,247,239,44,141,182,153,247,165,49,141,49,79,164,49,156,165,235,247,25,49,28,166,165,235,49,77,247,235,239,49,165,235,49,165,235,72,49,165,235,170,103,117,16,247,165,49,141,134,235,165,137,47,219,235,97,151,77,247,165,235,55,151,77,247,51,153,192,165,240,141,182,6,187,223
Best fitness found so far: 0.5496409964790177; k: 2.0
Generation: 43; 0.5017020690760268; k: 2.0; 239,52,165,15,151,77,247,235,153,247,215,49,141,182,153,208,165,35,141,49,247,229,49,156,161,235,229,186,247,235,153,196,165,49,187,247,168,165,187,149
Best fitness found so far: 0.5496409964790177; k: 2.0
Generation: 44; 0.5003224739267248; k: 2.0; 239,49,44,141,247,19,49,141,49,165,235,235,229,186,247,235,153,196,165,49,15,247,165,49,175,49,107,11,95,235,153,33,165,49,49,123,165,187,71
Best fitness found so far: 0.5496409964790177; k: 2.0
Generation: 45; 0.5408843697400487; k: 2.0; 239,49,44,182,247,165,49,141,49,165,235,71,141,247,165,224,235,165,137,247,13,49,49,165,77,235,151,28,5,235,203,33,63,49,171,227,165,187,247,165,49,141,49,165,235,71,141,247,165,205,235,116,137,138,13,49,105,165,187,213,247,13,226
Best fitness found so far: 0.5496409964790177; k: 2.0
Generation: 46; 0.5227148149307342; k: 2.0; 239,52,241,15,151,77,247,235,153,247,165,101,141,182,153,247,165,49,141,49,247,89,49,156,165,235,229,128,247,235,153,196,165,50,187,247,165,49,187,123
Best fitness found so far: 0.5496409964790177; k: 2.0
Generation: 47; 0.5023742105987447; k: 2.0; 63,49,22,125,165,43,247,221,141,182,165,16,247,235,153,247,239,44,141,182,153,247,165,122,141,49,79,164,49,156,165,235,247,25,49,28,166,165,235,49,77,247,235,76,49,165,42,108,165,235,135,49,221,235,31,167,117,16,227,165,139,126,134,235,165,137,47,50,235,97,151,77,247,165,55,55,151,77,247,15,151,77,247,235,206,247,165,125,141,182,153,247,165,49,141,49,247,229,9,97,165,1,235,186,247,13,153,196,165,49,187,247,165,49,205,49,49,164,66,235,215,165,235,179,191,165,42,98,175,28,173
Best fitness found so far: 0.5496409964790177; k: 2.0
Generation: 48; 0.5354203538813525; k: 2.0; 239,49,44,141,247,165,49,167,49,165,235,71,141,247,165,22,235,26,137,247,13,49,105,235,153,111,165,5,187,146,107,49,141,180,107,187,165,49,141,224,165,75,71,141,247,165,18,140,165,163,235,153,9,165,49,141,182,165,219,153,6,165,226,140,170,115,235,153,247,203,62,141,166,165,129,70,77,247,235,153,227,165,49,141,49,107,187,71
Best fitness found so far: 0.5496409964790177; k: 2.0
Generation: 49; 0.5826728583237641; k: 2.0; 97,49,3,141,165,170,247,235,153,121,203,49,141,77,127,65,153,21,165,46,141,182,99,49,9,49,7,65,107,187,247,235,125,247,72,14,49,97,14,187,71
Best fitness found so far: 0.5826728583237641; k: 2.0
Generation: 50; 0.5366628927091026; k: 2.0; 239,107,6,141,247,15,151,77,247,235,153,64,239,44,141,182,153,247,5,49,161,49,79,164,49,156,165,235,247,25,49,28,166,55,91,49,77,247,235,239,49,165,107,49,165,235,72,173,165,203,115,103,117,16,247,165,49,141,241,235,165,137,47,44,235,97,151,65,165,49,49,10,239,187,71,247,25,49,28,166,55,91,49,77,247,235,239,49,165,107,49,165,235,72,173,165,203,115,103,117,16,247,165,49,141,241,235,165
Best fitness found so far: 0.5826728583237641; k: 2.0
Generation: 51; 0.5286742758945688; k: 2.0; 14,49,118,138,165,74,51,49,141,182,165,98,65,165,231,170,247,187,49,177,165,171,235,103,49,141,247,157,49,141,49,165,235,77,247,235,153,6,165,49,165,170,247,235,153,247,74,49,141,166,131,235,151,77,247,235,153,170,165,49,141,49,107,49,49,164,66,235,215,165,51,179,191,165,42,98,58,222,6
Best fitness found so far: 0.5826728583237641; k: 2.0
Generation: 52; 0.5334085471941721; k: 2.4; 63,49,22,104,165,43,247,221,141,182,165,16,247,235,153,247,239,44,141,182,153,247,165,131,141,219,79,164,49,156,125,235,247,25,49,28,166,100,235,49,77,247,235,2,40,115,42,108,165,235,10,49,221,7,235,167,117,211,227,165,139,126,134,235,165,137,47,50,235,97,151,250,247,248,26,201,114,165,172,75,103,49,75,247,165,49,141,165,49,104,248,203,187,247,235,49,36,165,64,165,56,134,26,153,102,141,179,165,235,209,19,122,235,95,160,153,57,78,49,245,1,165,187,71,107
Best fitness found so far: 0.5826728583237641; k: 2.0
Generation: 53; 0.5401995327897068; k: 2.0; 26,30,165,137,181,77,247,65,153,21,165,92,141,182,37,49,9,49,107,65,107,187,31,235,204,247,72,49,49,141,182,142,49,141,247,191,150,92,1,5,209,165,217,46,141,247,165,22,59,165,42,247,165,49,49,10,131,187,10
Best fitness found so far: 0.5826728583237641; k: 2.0
Generation: 54; 0.5334085471941721; k: 2.4; 63,49,22,104,165,43,247,221,141,182,165,16,247,235,153,247,239,44,35,182,153,247,165,131,141,219,79,164,49,156,125,235,247,25,49,28,166,100,235,49,77,247,144,2,40,115,42,108,165,235,10,49,221,7,35,121,117,211,227,165,139,126,106,235,165,137,47,50,235,97,151,250,247,248,26,201,114,4,172,75,103,49,75,247,165,49,141,165,49,104,248,24,187,247,235,49,110,165,64,165,56,134,26,153,102,141,22,165,235,209,19,122,235,95,160,153,79,164,49,156,165,230,247,25,49,28,166,165,235,49,196,247,235,76,49,165,42,108,165,235,135,232,221,219,31,167,126,16,228,165,139,126,134,36,229,137,112,50,22,97,151,77,247,165,55,66,151,77,247,15,241,236,247,235,206,247,165,125,141,121,153,247,165,49,95,49,191,229,9,97,165,223,235,54,247,13,153,196,165,44,187,21,165,49,205,49,14,49,97,122,187,71
Best fitness found so far: 0.5826728583237641; k: 2.0
Generation: 55; 0.554739843624081; k: 2.0; 63,49,22,104,165,184,247,221,141,182,165,16,247,235,153,247,239,44,141,182,153,247,165,122,141,219,79,164,49,156,125,235,247,25,49,28,166,100,235,49,96,247,235,76,130,13,42,108,163,77,247,119,147,65,153,6,165,46,141,182,165,49,57,49,107,65,107,187,247,235,153,247,165,49,49,10,93,15,124
Best fitness found so far: 0.5826728583237641; k: 2.0
Generation: 56; 0.554739843624081; k: 2.0; 63,49,22,104,165,184,247,221,141,182,165,16,247,235,153,247,239,44,141,182,153,247,165,122,141,219,79,164,11,156,125,235,247,25,49,28,166,100,247,49,96,247,235,76,130,13,42,108,163,77,247,119,147,239,153,6,165,46,141,182,165,49,57,165,49,141,49,247,229,9,97,165,138,235,186,247,235,153,196,165,26,187,247,165,49,205,128,49,164,98,235,215,165,235,179,191,165,42,98,175,125,6
Best fitness found so far: 0.5826728583237641; k: 2.0
Generation: 57; 0.5673686622984234; k: 2.0; 63,49,22,104,165,184,247,221,141,182,165,16,247,235,153,247,239,210,141,182,153,131,165,122,141,219,79,164,11,130,125,235,247,25,49,182,165,98,65,165,231,170,247,45,58,165,165,49,149,34,165,141,49,245,247,235,219,247,42,49,165,213,101,181,76,99,52,49,158,4,160,247,38,103,148,141,247,165,198,212,49,165,235,16,32,77,106,8,232,235,91,177,247,128,153,9,165,49,141,182,165,45,223
Best fitness found so far: 0.5826728583237641; k: 2.0
Generation: 58; 0.5739297116887387; k: 2.0; 63,49,22,104,165,184,247,3,141,182,165,16,247,235,153,247,239,245,141,182,153,131,165,122,141,219,79,164,11,130,125,235,247,25,49,182,165,98,65,165,231,170,247,45,58,165,165,49,149,34,165,208,49,245,247,235,219,247,42,49,121,213,101,181,76,99,52,49,158,4,175,247,38,103,148,141,247,165,198,212,49,165,235,16,32,230,106,8,232,235,91,177,247,128,153,77,247,235,206,247,165,241,127,49,43,240,95,235,153,33,165,49,49,214,165,46,71
Best fitness found so far: 0.5826728583237641; k: 2.0
Generation: 59; 0.5401995327897068; k: 2.0; 26,30,165,137,181,77,247,65,153,21,165,92,141,182,37,49,9,49,107,65,107,187,31,235,204,247,72,49,49,141,182,142,49,131,247,191,49,92,1,145,209,131,128,122,141,219,79,194,11,130,125,235,247,25,49,182,165,98,65,77,231,170,247,45,58,165,166,49,149,34,165,208,49,245,247,235,195,247,42,49,121,213,101,181,76,81,52,49,109,4,175,247,38,103,148,141,142,165,198,212,49,165,235,16,66,230,106,8,232,183,91,179,247,128,153,77,247,235,206,247,80,241,127,49,43,240,95,235,153,33,165,49,49,214,165,46,71
Best fitness found so far: 0.5826728583237641; k: 2.0
Generation: 60; 0.5626268378159164; k: 2.0; 49,138,92,104,229,170,247,235,153,111,237,172,187,247,165,131,141,49,107,187,247,44,207,43,25,49,225,10,49,107,65,72,165,49,136,250,178,25,112,188,166,165,235,49,119,247,235,194,50,165,235,49,165,235,72,49,48,19,170,208,117,247,235,153,96,165,67,187,229,74,49,247,35,153,9,212,111,141,182,22,199,9,49,107,213,107,182,104,49,9,49,7,65,107,152,247,235,125,247,72,14,155,97,14,187,121
Best fitness found so far: 0.5826728583237641; k: 2.0
Generation: 61; 0.5434078962161792; k: 2.0; 49,40,165,222,229,2,247,235,47,111,165,49,187,146,113,49,141,199,107,187,165,49,141,49,165,75,71,141,247,165,224,235,165,107,134,235,165,171,47,219,2,97,240,77,247,165,235,55,151,158,14,242,151,77,247,235,206,247,165,165,171,247,235,153,247,239,149,141,182,153,247,165,122,141,219,79,164,49,156,125,235,247,25,49,92,166,100,235,49,96,247,235,76,8,118,42,108,163,77,247,119,147,65,153,6,80,48,141,182,209,49,57,49,107,65,107,187,247,235,153,247,165,49,49,10,93,15,124
Best fitness found so far: 0.5826728583237641; k: 2.0
Generation: 62; 0.5504353216826797; k: 2.0; 246,49,22,104,165,184,125,235,141,159,165,16,69,235,221,247,239,210,141,182,153,131,165,122,141,219,79,164,165,130,125,235,247,236,49,182,139,98,65,165,231,132,247,45,133,240,165,98,52,34,165,141,48,245,247,235,219,247,42,207,165,248,203,187,247,119,163,170,247,45,153,98,165,175,141,49,165,141,49,39,243,235,153,247,20,22,165,213,101,181,76,99,195,190,158,215,160,29,71,141,163,77,108,119,147,65,153,6,165,46,141,182,165,49,9,49,107,65,107,187,247,235,153,247,165,141,49,10,93,15,124
Best fitness found so far: 0.5826728583237641; k: 2.0
Generation: 63; 0.5739297116887387; k: 2.0; 201,49,22,104,165,184,247,3,141,182,165,16,247,235,153,52,239,245,141,182,153,131,165,122,141,219,79,164,11,130,125,235,247,25,49,182,165,98,65,165,139,170,247,45,58,165,165,49,149,34,106,85,232,101,247,49,23,196,168,89,55,141,49,57,7,35,141,247,165,22,248,165,163,247,165,141,178,10,165,250,141,49,107,187,247,235,212,89,205,49,107,28,192,84,153,101,95,68,247,235,207,43,25,117,225,10,191,107,65,72,165,49,247,165,49,49,10,165,187,98
Best fitness found so far: 0.5826728583237641; k: 2.0
Generation: 64; 0.6010905473027658; k: 2.0; 63,49,22,104,165,184,247,221,141,182,177,16,247,235,153,247,67,117,141,182,153,131,165,122,141,186,79,164,11,130,125,235,247,25,49,182,165,98,65,165,170,170,247,45,58,165,174,49,149,34,61,141,49,245,247,235,219,247,42,49,54,213,101,181,76,99,52,49,33,4,17,247,141,182,199,16,66,235,247,96,239,109,141,182,153,131,165,122,141,219,79,164,11,130,125,235,247,25,49,182,165,98,65,221,231,55,247,45,58,165,78,49,149,34,168,208,175,245,85,235,219,121,42,49,121,213,101,181,76,99,212,49,158,4,40,247,38,51,148,141,247,165,198,212,49,121,235,16,32,230,106,8,232,235,91,177,247,128,153,99,247,235,206,247,165,241,127,49,159,240,102,165,187,123
Best fitness found so far: 0.6010905473027658; k: 2.0
Generation: 65; 0.555072067714855; k: 2.0; 239,49,44,182,247,165,49,141,49,165,235,71,141,247,165,224,235,165,137,247,13,49,49,54,77,235,151,28,5,226,45,58,165,234,49,149,34,165,208,49,245,247,235,219,247,42,216,121,213,101,181,76,99,52,49,158,34,175,247,127,103,211,141,247,165,46,212,49,165,235,16,32,230,106,8,232,235,91,177,247,128,153,77,247,235,206,247,165,241,127,49,43,240,95,235,153,33,165,49,49,214,165,158,71
Best fitness found so far: 0.6010905473027658; k: 2.0
Generation: 66; 0.5808263816283901; k: 2.0; 111,40,165,26,229,193,247,235,151,111,165,64,187,146,113,49,141,199,107,187,165,49,201,49,165,75,71,141,247,165,133,235,165,107,134,37,165,67,48,96,235,97,240,77,247,165,235,55,151,16,59,103,151,77,247,235,206,236,165,241,127,49,43,101,95,140,153,132,165,83,232,210,107,85,107,247,187,247,165,139,141,49,165,235,71,141,134,165,22,235,165,137,44,13,49,165,49,49,60,165,187,71
Best fitness found so far: 0.6010905473027658; k: 2.0
Generation: 67; 0.5506829892334159; k: 2.0; 26,101,245,137,23,224,247,65,153,21,165,46,141,182,37,49,9,49,73,65,107,247,187,247,165,49,141,49,165,235,71,141,247,165,22,235,165,137,44,13,49,49,165,231,55,247,45,58,131,78,49,149,34,168,208,175,245,85,235,219,121,42,49,121,213,101,181,76,99,157,49,158,4,40,247,38,51,148,141,247,165,198,212,200,121,146,16,32,32,106,8,232,235,91,177,247,125,153,99,247,235,206,247,88,241,127,49,159,240,102,165,187,123
Best fitness found so far: 0.6010905473027658; k: 2.0
Generation: 68; 0.5434078962161792; k: 2.0; 49,40,165,222,229,2,247,235,233,111,165,49,187,146,113,49,141,199,181,187,165,49,141,49,165,75,71,141,247,240,202,235,165,107,134,162,165,137,48,96,235,97,240,77,247,165,235,55,151,106,57,15,151,77,247,235,206,247,165,241,127,49,43,101,95,159,147,132,165,49,49,140,165,99,247,49,23,72,49,165,235,42,132,117,116,114,165,49,126,134,235,165,176,130,219,235,97,151,77,237,165,235,55,151,77,247,15,151,77,247,235,114,247,165,65,141,90,153,247,165,65,232,2,247,229,9,97,165,106,235,186,247,235,153,196,165,49,187,247,165,49,205,49,49,164,66,235,215,165,235,179,191,165,42,98,175,28,6,15,151,77,247,235,114,247,165,65,141,90,153,247
Best fitness found so far: 0.6010905473027658; k: 2.0
Generation: 69; 0.6010905473027658; k: 2.0; 63,49,22,104,165,184,247,221,141,182,177,16,247,235,153,247,67,117,141,182,153,131,165,122,141,186,79,164,89,130,125,235,107,25,49,182,49,98,65,165,170,170,247,45,58,165,174,49,149,34,61,141,49,245,234,235,219,247,42,49,112,213,101,181,76,99,52,49,33,189,17,247,141,182,199,16,66,235,7,96,239,109,141,182,17,131,165,122,141,219,79,164,11,130,125,235,247,25,49,182,165,98,65,206,231,55,247,74,58,165,78,49,149,34,32,208,175,245,85,235,219,121,42,49,121,126,134,235,165,137,47,50,235,97,151,250,247,248,26,201,114,165,177,75,226,49,75,167,165,49,141,165,158,104,248,30,165,49,141,140,247,229,9,97,165,38,235,186,247,40,153,89,207,49,187,247,138,49,205,49,49,164,138,235,215,165,28,179,138,165,42,98,175,28,173
Best fitness found so far: 0.6010905473027658; k: 2.0
Generation: 70; 0.6041949052884081; k: 2.0; 63,49,22,104,165,243,247,221,141,182,177,16,247,235,153,247,67,117,141,182,153,131,165,122,141,186,79,164,89,130,125,235,107,25,49,182,49,98,65,165,203,170,247,45,58,165,174,49,149,34,61,141,49,245,111,235,219,247,42,49,112,213,101,181,36,99,52,49,33,189,192,247,141,182,199,16,66,235,7,96,4,175,247,38,103,148,146,247,165,198,212,49,165,235,16,32,230,106,8,232,235,91,177,247,128,153,99,247,235,206,247,165,241,127,49,43,240,102,165,187,123
Best fitness found so far: 0.6041949052884081; k: 2.0
Generation: 71; 0.6010905473027658; k: 2.0; 63,49,207,104,165,184,247,221,141,182,177,16,247,235,153,247,67,117,141,217,153,131,137,122,141,186,79,164,89,130,125,235,107,25,49,112,49,73,65,65,170,170,247,45,58,165,174,49,149,34,61,129,49,245,234,235,219,247,42,49,112,213,101,83,76,99,52,49,33,189,17,247,141,182,199,16,66,235,7,96,239,223,245,182,17,131,165,122,141,219,79,164,11,160,125,235,247,25,49,182,165,98,65,206,231,55,247,118,58,165,78,184,149,34,32,208,175,245,85,235,219,121,42,49,121,126,134,235,165,137,47,50,235,97,151,250,247,248,26,201,114,165,177,75,226,49,75,167,165,49,81,165,158,104,248,30,165,49,141,140,247,229,9,97,165,38,235,186,247,40,153,196,207,49,187,247,138,49,205,49,176,164,232,235,215,165,28,199,138,165,42,98,49,28,173
Best fitness found so far: 0.6041949052884081; k: 2.0
Generation: 72; 0.6010905473027658; k: 2.0; 63,49,22,104,165,184,247,221,141,182,177,16,225,235,153,247,67,117,141,182,153,131,165,122,141,186,79,164,89,130,125,235,107,25,49,182,49,98,65,165,170,170,247,45,58,165,174,49,149,34,61,141,49,245,234,235,219,247,42,49,112,213,101,53,76,62,52,49,33,189,17,247,141,182,199,16,66,235,49,156,114,114,247,72,107,28,134,165,235,49,185,247,235,76,49,165,42,108,165,235,135,232,221,122,31,61,126,16,61,165,77,126,144,36,241,137,112,50,147,97,151,77,247,165,55,28,151,77,172,15,241,236,247,235,224,247,171,227,141,138,172,247,165,49,95,49,191,229,9,97,49,223,235,54,5,13,148,132,165,44,187,179,80,49,205,71,141,134,165,22,235,230,137,44,13,49,165,49,49,60,165,187,106
Best fitness found so far: 0.6041949052884081; k: 2.0
Generation: 73; 0.6010905473027658; k: 2.0; 63,49,22,104,165,184,247,221,141,182,177,16,247,235,153,247,67,117,141,182,153,131,165,122,141,186,79,164,11,130,125,235,247,25,49,182,165,98,65,165,170,170,247,45,58,165,66,49,83,34,61,141,49,245,247,235,219,247,42,49,54,213,101,181,76,99,52,49,33,4,17,247,141,90,199,16,145,235,247,96,239,109,141,182,153,131,165,94,141,219,79,213,11,130,125,235,247,25,49,182,165,98,65,221,231,225,247,45,27,165,78,49,149,34,168,244,175,50,85,235,2,121,42,49,121,101,101,181,76,99,212,49,158,4,40,247,38,247,148,141,247,165,198,212,49,165,107,49,100,235,211,81,165,67,49,241,59,165,235,151,77,247,235,153,247,165,101,197,49,200,125,71
Best fitness found so far: 0.6041949052884081; k: 2.0
Generation: 74; 0.5808263816283901; k: 2.0; 111,40,165,26,229,193,247,235,151,111,165,64,187,146,113,49,141,199,107,187,165,49,201,49,165,75,71,141,247,240,133,235,165,107,134,37,165,67,48,96,235,97,240,77,247,165,55,55,151,16,59,103,151,77,247,235,206,236,165,241,127,49,43,101,95,59,54,132,165,83,232,210,107,85,107,247,187,247,165,139,141,49,165,235,71,141,134,110,22,235,165,137,44,13,49,165,49,49,60,165,187,71
Best fitness found so far: 0.6041949052884081; k: 2.0
Generation: 75; 0.6010905473027658; k: 2.0; 63,49,22,104,165,184,247,221,141,182,177,106,225,235,153,247,67,117,141,182,153,131,165,122,141,186,79,164,89,130,125,235,107,25,49,182,49,98,65,165,170,170,63,45,58,165,174,49,149,34,61,141,49,245,234,235,219,247,42,49,112,213,101,53,76,62,52,49,33,189,17,34,141,182,220,16,66,235,49,156,114,114,247,72,107,28,134,165,235,49,185,247,235,76,49,165,42,108,73,235,135,232,221,122,31,225,126,16,61,247,77,126,144,36,241,137,112,50,147,97,212,77,178,165,55,28,151,77,172,15,241,236,247,235,224,57,223,227,141,32,172,247,165,49,95,49,247,240,66,168,165,107,134,37,165,137,48,96,235,97,240,77,247,165,235,243,151,111,57,15,151,77,247,235,206,247,165,241,127,49,43,101,95,159,153,132,165,49,49,214,165,67,247,201,23,188,247,89,55,141,69,165,217,38,141,247,70,11,59,53,163,136,165,141,178,10,165,49,141,187,107,187,133,53,189,49,141,88,107,187,247,235,9,101,195,49,168,109,139,187,71
Best fitness found so far: 0.6041949052884081; k: 2.0
Generation: 76; 0.5755231064415933; k: 2.0; 26,101,245,137,23,224,247,65,153,21,165,46,141,182,37,49,9,49,73,65,107,247,211,247,165,166,141,155,101,22,71,141,247,165,22,235,165,84,44,13,49,49,165,231,55,247,45,58,131,137,49,149,204,168,208,175,146,85,235,174,2,42,110,121,213,74,181,37,234,157,49,158,4,92,89,38,51,148,141,247,129,198,212,200,166,124
Best fitness found so far: 0.6041949052884081; k: 2.0
Generation: 77; 0.5606783955153402; k: 2.0; 63,49,22,50,165,243,247,221,141,182,177,16,247,235,153,247,67,117,141,182,153,131,15,62,141,186,79,164,89,130,125,235,107,25,49,182,121,179,69,165,203,170,247,45,58,165,174,49,205,34,61,141,78,245,111,235,219,247,42,49,112,213,101,247,165,141,182,177,16,247,235,153,247,67,117,141,182,153,131,216,111,141,75,79,80,89,130,125,235,107,193,49,182,121,179,65,165,203,170,247,45,34,165,174,49,197,34,61,248,78,245,111,235,219,247,42,49,112,223,101,181,36,99,52,49,33,189,242,247,141,182,4,141,179,57,38,222,89,247,130,22,248,19,115,247,165,236,148,10,165,68,141,79,22,187,247,235,182,89,9,149,107,28,192,84,153,101,95,19,247,235,207,43,25,166,225,10,191,218,235,165,235,179,49,29,42,98,175,131,165,147,141,186,79,164,89,192,125,235,99,25,84,182,49,98,65,35,203,170,247,10,239,107,174,189,149,34,61,141,49,245,111,232,219,247,85,25,191,219,101,181,36,99,52,49,33,189,192,247,141,182,199,16,66,30,7,96,4,166,247,115,103,148,146,247,165,198,212,49,165,235,118,32,127,106,8,13,235,168,132,247,128,153,99,247,235,206,247,165,34,127,49,43,240,102,165,187,206
Best fitness found so far: 0.6041949052884081; k: 2.0
Generation: 78; 0.5568630276384172; k: 2.0; 63,49,207,104,165,184,247,235,153,182,177,16,247,235,153,247,67,117,141,217,153,131,137,122,141,186,79,164,89,130,125,235,107,25,49,49,49,73,65,65,170,170,247,45,58,48,174,49,149,34,75,129,49,245,234,235,219,154,42,49,112,213,101,83,76,99,52,49,33,189,17,247,141,182,199,16,116,235,7,96,239,223,43,182,17,131,165,204,141,219,79,164,11,160,125,235,247,151,111,165,49,187,73,113,49,141,199,121,63,165,16,141,177,165,75,71,141,247,240,66,235,165,107,134,37,165,137,48,96,235,97,240,77,94,165,235,55,151,106,57,15,151,77,247,235,206,247,165,241,127,49,43,101,95,159,153,132,229,49,49,214,165,67,247,49,23,188,247,89,55,141,69,165,217,38,141,247,25,22,59,201,116,136,165,235,178,10,212,49,141,187,107,187,133,235,189,49,141,88,107,187,247,235,153,101,195,49,34,112,139,187,71
Best fitness found so far: 0.6041949052884081; k: 2.0
Generation: 79; 0.5686605863527705; k: 2.0; 63,49,22,104,87,184,47,166,141,182,165,16,147,235,153,247,239,210,141,182,153,131,165,122,141,219,79,164,11,130,125,235,247,25,49,182,165,180,65,165,188,170,247,247,187,247,165,139,141,49,165,235,71,141,134,165,22,235,165,137,44,13,49,165,49,49,60,165,187,71
Best fitness found so far: 0.6041949052884081; k: 2.0
Generation: 80; 0.6010905473027658; k: 2.0; 63,49,22,104,165,184,247,221,141,182,177,16,247,235,153,247,67,117,141,182,153,131,165,122,141,186,79,164,11,130,125,235,247,25,49,182,165,98,65,165,170,170,247,245,58,165,66,49,83,34,61,141,49,245,247,235,219,247,155,49,54,213,172,71,76,99,52,49,33,4,17,240,141,90,199,16,145,235,236,96,239,109,141,182,153,131,165,94,141,219,79,213,11,130,125,235,247,25,49,24,165,98,137,220,231,225,247,45,29,165,78,194,134,123,168,244,175,50,85,235,2,121,42,202,121,205,186,181,189,99,212,49,158,27,40,222,38,247,148,141,247,165,198,49,49,165,107,167,100,198,211,81,165,67,49,241,248,186,235,151,77,247,235,234,247,165,6,197,49,200,125,71
Best fitness found so far: 0.6041949052884081; k: 2.0
Generation: 81; 0.5739297116887387; k: 2.0; 201,49,22,104,165,184,247,3,141,182,165,16,227,235,153,52,239,245,141,182,153,131,165,122,141,219,79,164,11,130,125,235,49,25,49,182,165,98,197,165,139,170,247,45,58,165,165,49,149,34,106,85,232,101,247,49,23,196,189,89,233,141,49,57,7,35,141,247,165,22,248,165,163,247,165,141,178,10,165,250,141,49,107,187,247,137,48,43,235,173,52,77,247,165,235,55,151,37,59,15,151,77,110,235,206,182,84,247,165,122,141,187,79,145,49,156,79,43,141,219,87,164,41,160,125,235,247,25,49,182,244,98,65,206,231,55,247,118,6,165,78,71,149,64,96,133,175,245,85,221,219,121,97,69,132,48,95,128,165,137,47,63,155,161,151,250,247,94,26,248,108,42,86,75,226,49,75,156,76,49,81,165,219,104,78,130,165,49,35,140,187,130,210,141,182,153,101,165,122,141,219,236,8,11,130,116,150,82,25,49,182,165,161,65,15,231,170,247,45,58,165,47,242,149,34,127,141,49,245,247,235,219,58,42,66,165,213,101,237,192,111,21,149,158,4,160,247,38,168,148,112,247,165,198,11,49,165,171,16,32,77,106,218,232,235,49,158,4,160,21,38,103,150,141,86,48,198,212,49,165,235,141,223,77,247,8,232,235,91,249,47,220,153,9,93,205,117,182,202,45,223
Best fitness found so far: 0.6041949052884081; k: 2.0
Generation: 82; 0.5808263816283901; k: 2.0; 111,40,165,26,229,193,247,235,151,111,165,64,187,146,113,49,141,199,107,187,165,49,201,49,165,75,71,141,247,240,133,235,165,107,134,37,165,67,48,96,235,97,174,77,247,165,7,55,151,16,59,103,151,77,247,235,206,236,165,241,127,49,43,101,95,59,54,141,219,79,164,11,130,233,235,247,25,49,182,165,180,65,165,188,170,247,247,187,247,165,139,141,49,165,235,71,141,134,165,22,235,165,137,44,13,49,165,49,49,60,165,187,71
Best fitness found so far: 0.6041949052884081; k: 2.0
Generation: 83; 0.5686605863527705; k: 2.0; 63,49,22,104,87,189,107,166,209,62,165,16,147,235,127,247,239,210,141,182,153,131,165,112,141,219,79,164,11,130,125,235,95,25,49,182,165,180,65,165,188,170,247,247,187,247,226,139,141,49,165,235,211,230,202,121,205,186,181,189,99,212,49,158,27,40,222,38,247,148,80,247,165,122,49,49,165,107,167,100,198,211,81,165,67,49,241,248,186,235,151,77,247,235,234,247,165,6,197,49,200,125,71
Best fitness found so far: 0.6041949052884081; k: 2.0
Generation: 84; 0.6010905473027658; k: 2.0; 63,49,22,104,165,184,247,221,141,182,177,106,225,235,153,247,67,117,141,182,153,131,165,122,141,186,79,164,89,130,125,235,107,25,49,182,49,98,65,180,170,170,63,45,58,165,174,49,149,34,61,141,49,123,234,235,219,247,42,49,112,213,101,53,92,62,52,49,33,189,164,34,141,182,220,16,66,235,49,156,114,114,247,72,107,28,134,165,235,49,185,247,235,76,49,165,42,108,73,235,135,232,221,122,31,225,126,16,56,247,77,126,144,36,136,137,112,50,147,97,212,77,178,165,55,28,151,77,172,15,241,236,34,235,239,57,223,79,141,113,172,247,165,49,95,49,247,240,66,168,165,107,134,37,165,137,48,12,235,97,240,77,247,165,235,243,151,111,4,15,151,77,247,235,206,55,165,241,127,49,43,101,95,159,153,132,165,49,49,214,165,67,247,42,23,188,247,89,2,141,69,165,217,38,141,247,70,6,59,53,103,136,165,141,178,10,165,49,141,116,107,187,133,53,189,49,47,88,107,187,247,235,9,101,195,49,168,109,139,187,71
Best fitness found so far: 0.6041949052884081; k: 2.0
Generation: 85; 0.6010905473027658; k: 2.0; 63,49,22,68,165,184,247,221,141,182,177,106,225,235,153,247,67,117,141,182,153,131,165,122,141,186,79,164,89,130,125,235,107,25,49,182,49,98,65,165,170,170,63,45,58,165,174,49,149,34,61,141,49,245,234,235,219,247,42,49,112,213,101,53,76,175,52,49,33,189,17,34,141,182,220,16,66,235,49,156,114,205,247,72,107,28,134,165,235,49,185,73,235,76,49,165,42,108,73,235,135,232,221,122,111,225,126,16,61,247,77,126,144,36,241,137,112,50,235,186,247,235,160,166,165,49,56,247,165,112,205,49,49,164,247,235,183,247,41,49,165,98,101,181,76,99,52,25,158,4,160,247,44,4,148,141,247,165,198,212,49,174,235,16,32,77,106,8,232,235,91,177,233,128,153,9,165,141,141,188,56,45,64
Best fitness found so far: 0.6041949052884081; k: 2.0
Generation: 86; 0.6010905473027658; k: 2.0; 94,49,22,104,165,189,247,221,141,182,177,16,247,235,207,247,67,117,141,182,153,131,165,122,141,186,79,134,11,130,125,60,237,25,49,182,165,118,65,165,170,170,247,45,58,165,174,49,149,34,61,143,49,44,247,235,219,247,42,49,54,213,238,208,76,99,52,10,33,4,17,247,141,182,199,16,66,235,247,96,239,109,141,182,153,131,165,2,141,219,79,164,11,130,125,235,247,25,49,182,165,98,91,221,231,55,247,45,58,165,78,69,149,34,168,208,175,245,85,250,219,121,42,164,121,248,101,239,76,99,212,49,158,4,40,247,38,49,141,77,127,114,153,21,165,46,141,23,99,49,9,49,7,65,107,187,247,235,125,244,72,41,49,97,14,187,213
Best fitness found so far: 0.6041949052884081; k: 2.0
Generation: 87; 0.5844535667256094; k: 2.0; 63,44,22,104,165,184,247,221,141,182,177,16,247,235,153,247,67,117,141,182,153,131,165,122,141,186,79,164,11,130,125,129,247,25,49,182,165,98,65,165,145,170,247,245,58,165,66,94,83,34,61,141,49,153,95,235,219,247,155,49,54,213,172,71,76,99,209,49,129,4,17,240,141,90,199,16,145,235,236,96,239,109,141,182,153,131,165,94,141,219,150,213,11,130,125,235,247,168,22,24,165,98,49,165,75,71,141,247,165,133,235,165,107,134,37,212,67,48,96,89,49,245,111,232,31,195,78,25,66,219,101,42,36,99,15,49,33,189,192,247,141,241,199,16,66,30,172,96,4,83,247,115,103,148,146,247,165,198,212,46,165,235,118,32,27,106,8,13,235,168,132,56,128,153,81,247,235,206,70,62,34,45,49,43,131,102,189,187,206
Best fitness found so far: 0.6041949052884081; k: 2.0
Generation: 88; 0.5552861411046514; k: 2.0; 63,44,22,104,165,184,247,221,141,182,177,16,247,235,153,247,67,117,141,182,153,131,165,122,141,186,79,164,11,130,125,129,247,25,49,182,165,98,65,165,145,170,247,245,217,165,66,94,83,34,61,141,49,153,224,235,219,28,155,49,54,213,172,71,76,99,175,128,129,4,17,240,141,90,199,16,145,235,236,96,239,109,141,182,153,131,165,94,193,219,150,213,11,130,88,235,247,85,22,24,165,98,14,165,232,71,141,247,65,133,235,165,107,134,37,212,67,98,96,89,6,245,111,232,31,195,78,25,66,23,101,42,36,99,15,49,33,189,192,152,141,2,199,16,66,30,172,96,4,83,247,115,103,148,146,247,165,198,212,46,165,235,118,32,27,106,8,13,235,168,132,56,128,27,81,247,235,206,70,25,49,116,165,98,126,165,231,170,247,110,58,165,47,45,149,242,165,141,49,245,247,235,219,247,42,49,165,213,130,181,192,99,52,49,158,4,160,247,72,103,148,112,247,165,198,212,49,165,235,16,32,77,106,23,175,235,49,158,4,160,21,38,103,79,141,247,48,198,212,49,165,235,141,32,77,90,8,232,235,91,77,213,220,153,9,93,205,142,182,22,45,245
Best fitness found so far: 0.6041949052884081; k: 2.0
Generation: 89; 0.5771794011436004; k: 2.0; 63,93,22,104,173,243,247,15,141,182,177,16,247,235,153,247,67,117,141,182,153,131,165,111,141,186,79,164,89,130,125,235,107,193,49,182,121,179,65,165,203,170,247,45,58,165,174,49,197,34,61,248,78,245,111,235,219,247,42,49,112,188,101,181,36,99,52,49,33,77,192,247,141,182,4,141,179,57,7,35,16,247,130,22,248,19,115,247,165,236,148,10,165,134,141,79,27,187,247,111,182,89,205,149,107,28,192,84,86,101,95,68,247,235,207,43,25,166,225,10,92,107,235,103,235,179,49,29,42,98,175,131,165,122,141,186,79,164,89,192,125,235,107,25,84,182,231,55,247,45,58,31,137,49,149,204,168,208,106,146,85,235,174,91,71,110,121,213,74,181,37,234,157,49,158,4,92,89,38,170,148,141,247,129,198,212,200,166,124
Best fitness found so far: 0.6041949052884081; k: 2.0
Generation: 90; 0.5901952107559897; k: 2.0; 26,101,245,137,23,224,247,194,153,21,165,46,141,182,37,49,177,49,73,65,107,247,187,247,247,92,141,155,101,22,71,141,247,165,22,235,165,202,44,13,49,49,166,234,235,219,247,42,49,17,69,101,53,76,62,52,145,33,189,17,247,141,182,199,16,66,193,159,156,114,114,247,72,84,28,134,161,235,194,185,247,235,76,49,95,42,108,165,70,25,232,221,122,31,61,126,16,61,165,77,84,144,36,241,137,112,50,147,97,151,113,109,117,60,28,151,77,127,15,241,93,93,235,224,247,171,227,141,28,21,247,165,49,115,49,191,229,204,25,49,223,235,54,5,13,81,132,165,44,187,179,241,158,205,71,141,134,165,22,235,230,145,198,13,49,165,196,147,89,55,141,49,57,74,35,141,247,165,22,248,237,219,247,165,141,178,10,165,250,141,49,107,187,247,156,212,89,205,49,107,84,192,19,153,101,95,68,247,235,207,238,25,117,234,10,191,83,65,33,165,49,247,165,49,49,10,165,187,98
Best fitness found so far: 0.6041949052884081; k: 2.0
Generation: 91; 0.6010905473027658; k: 2.0; 63,49,22,104,165,184,247,221,141,182,177,106,225,235,153,247,67,117,141,182,153,131,165,122,141,186,79,164,89,130,125,235,107,25,49,182,49,98,65,180,170,170,201,45,58,165,174,49,149,34,61,141,49,123,234,235,219,247,42,49,112,213,206,122,92,62,52,49,33,189,164,34,141,182,220,16,66,235,219,156,114,114,37,72,107,28,134,165,235,49,185,247,235,76,49,229,42,108,73,235,135,232,221,122,31,225,126,16,55,66,35,215,156,114,114,247,72,107,28,134,165,235,49,185,92,22,76,49,165,42,108,73,235,135,232,221,121,31,137,126,16,61,247,68,126,144,36,241,137,112,50,147,97,212,77,178,165,55,28,151,77,172,15,241,236,247,235,224,57,223,227,141,32,172,247,165,49,95,49,247,240,66,168,165,107,134,37,165,137,48,96,12,97,240,77,247,170,235,11,151,111,57,15,197,81,247,235,206,247,165,241,98,49,43,101,2,25,153,132,165,49,49,214,165,67,247,213,23,188,247,89,55,141,69,165,217,38,141,247,70,11,59,53,163,136,165,141,178,10,165,49,141,187,107,187,133,53,189,49,179,88,107,187,247,236,9,101,195,49,168,175,139,152,71
Best fitness found so far: 0.6041949052884081; k: 2.0
Generation: 92; 0.6010905473027658; k: 2.0; 63,49,22,104,165,149,151,221,141,182,177,16,153,235,127,247,67,117,141,182,151,131,165,122,141,186,15,164,11,130,125,235,247,25,49,182,165,98,65,165,170,170,247,245,58,165,66,49,83,34,61,141,49,245,247,230,76,247,155,49,54,213,172,167,76,99,52,49,33,4,17,240,141,61,42,16,173,17,236,96,239,143,77,112,239,47,141,182,153,131,165,122,141,219,51,164,11,130,125,235,169,25,232,182,165,98,65,165,231,170,247,45,22,165,165,49,149,34,165,141,49,245,239,235,219,247,42,49,165,40,101,76,76,99,52,26,158,4,227,247,38,103,2,141,247,165,158,212,49,165,207,16,32,77,106,18,232,89,91,177,247,128,192,9,165,212,141,182,173,45,223
Best fitness found so far: 0.6041949052884081; k: 2.0
Generation: 93; 0.6010905473027658; k: 2.0; 63,49,22,104,165,184,247,221,141,182,177,16,225,235,153,247,67,117,141,182,153,131,165,122,141,186,79,164,89,130,125,235,107,25,49,182,49,98,65,165,170,170,247,45,58,165,159,49,149,34,61,141,35,245,234,174,219,247,133,49,112,213,101,53,76,62,52,49,33,46,17,247,141,182,199,97,39,235,49,156,71,114,59,72,107,28,134,165,235,49,185,247,235,76,49,165,42,108,165,235,135,232,143,122,31,61,126,16,61,165,77,126,144,36,241,49,112,50,147,97,151,77,247,165,55,28,151,77,172,15,241,84,247,235,224,247,171,227,141,138,172,247,165,49,95,49,191,229,9,97,49,223,235,54,227,13,148,132,165,44,187,179,80,49,153,247,67,117,141,182,153,131,165,122,141,186,79,164,216,130,125,136,247,25,49,182,165,98,65,165,205,15,247,245,234,165,66,94,83,34,61,141,49,153,95,235,16,247,155,174,54,213,172,71,76,99,209,49,129,90,17,240,141,90,199,16,145,235,236,96,239,109,72,182,153,68,165,94,141,219,150,213,11,130,125,235,247,168,22,24,165,98,32,165,75,71,141,247,165,133,235,165,107,134,37,212,67,48,88,89,49,245,111,232,31,195,204,25,149,219,101,42,36,99,190,49,213,189,192,247,142,241,199,161,66,30,172,96,4,83,247,115,103,148,146,247,165,198,112,46,99,235,118,32,27,106,8,13,235,168,132,56,128,153,81,247,235,206,70,62,34,45,49,43,131,102,189,187,206
Best fitness found so far: 0.6041949052884081; k: 2.0
Generation: 94; 0.6010905473027658; k: 2.0; 63,49,22,104,165,184,247,221,141,182,177,16,247,235,153,247,67,117,141,182,241,131,165,122,141,186,79,164,11,130,125,235,247,25,49,182,165,98,65,165,170,170,247,45,58,165,66,49,83,150,89,141,49,245,247,235,219,247,42,68,54,213,101,181,76,99,52,49,33,4,17,247,141,90,199,16,145,57,82,170,239,109,12,182,153,131,165,94,141,219,79,213,11,130,125,235,247,25,49,182,165,98,65,221,231,225,247,45,27,165,78,49,149,34,168,107,187,171,235,125,247,72,14,61,97,165,137,247,181,45,49,54,77,215,151,241,5,196,53,58,165,234,49,149,157,165,208,49,245,224,192,219,247,42,216,203,101,101,181,76,99,52,49,158,34,175,247,127,103,212,141,247,159,46,191,49,165,235,16,32,230,106,8,232,235,91,245,247,128,153,77,247,235,206,247,165,241,127,49,3,240,95,235,153,33,154,49,49,214,165,158,71
Best fitness found so far: 0.6041949052884081; k: 2.0
Generation: 95; 0.6010905473027658; k: 2.0; 63,49,22,104,165,184,247,221,141,182,93,106,225,235,153,247,67,117,141,182,153,176,165,122,141,186,79,164,89,130,125,235,107,25,49,182,49,98,97,165,170,170,63,45,58,165,174,137,149,34,61,122,49,245,234,235,114,247,42,49,112,213,101,53,76,15,143,49,33,189,17,34,141,182,220,16,66,235,49,156,114,114,247,72,107,20,134,165,235,49,185,247,235,76,49,165,42,108,73,235,135,232,221,122,31,197,126,16,61,247,77,126,144,36,241,137,112,50,147,97,212,77,178,165,55,28,151,77,172,58,241,236,247,235,95,57,223,227,76,32,62,247,165,49,95,49,247,240,66,168,165,107,134,37,165,137,48,42,49,112,213,101,53,76,62,52,49,219,189,17,247,141,182,199,173,66,235,49,156,114,114,247,72,107,28,134,165,235,1,185,247,235,55,49,24,42,174,165,235,135,232,221,122,31,61,126,16,178,67,98,126,144,36,241,137,112,50,147,97,151,77,247,165,55,137,151,77,172,15,241,236,247,235,224,247,171,227,141,138,172,247,165,49,95,49,191,229,9,97,49,223,235,54,5,13,148,132,165,44,187,179,80,49,57,71,141,134,165,22,235,230,137,44,13,49,165,49,49,60,249,187,106
Best fitness found so far: 0.6041949052884081; k: 2.0
Generation: 96; 0.6106704124706266; k: 2.0; 63,49,237,104,165,153,151,7,141,182,177,16,153,235,127,247,67,117,141,182,151,131,165,122,141,186,15,164,11,130,125,235,177,108,49,182,165,98,65,165,158,170,247,94,58,182,66,49,83,34,61,26,49,5,247,230,247,165,166,141,155,101,22,71,224,247,165,22,235,165,137,44,13,49,49,165,231,55,247,45,58,131,78,49,149,204,168,208,175,245,85,235,219,121,42,110,121,213,101,181,76,234,240,49,158,4,92,168,38,42,148,141,247,129,198,212,200,121,146,16,3,153,6,21,46,141,182,165,5,51,49,107,65,107,187,247,235,153,222,165,49,225,10,93,15,124
Best fitness found so far: 0.6106704124706266; k: 2.0
Generation: 97; 0.6010905473027658; k: 2.0; 63,49,22,104,165,184,247,221,141,182,177,16,247,235,153,247,67,117,141,182,153,131,165,122,141,186,79,164,89,130,125,235,107,25,49,182,49,98,65,165,170,245,137,23,224,201,194,153,43,165,46,141,182,37,107,177,49,73,65,107,247,187,247,247,92,141,155,101,22,71,141,247,145,22,235,54,202,24,13,49,49,166,234,235,219,247,42,160,17,55,101,53,76,62,52,145,33,189,17,247,141,182,199,16,66,193,159,156,120,114,247,175,166,28,187,161,245,235,159,156,134,114,247,11,84,28,96,165,235,49,185,247,235,76,49,165,42,108,165,235,135,232,221,122,31,250,126,16,61,165,77,92,144,36,188,137,112,50,147,97,151,113,247,142,21,201,151,77,112,15,241,236,90,235,224,72,86,227,141,28,240,180,165,159,115,28,191,229,190,97,49,245,235,164,5,13,148,132,28,44,187,38,241,214,2,71,141,134,165,22,235,230,137,44,13,49,165,49,39,60,165,187,106
Best fitness found so far: 0.6106704124706266; k: 2.0
Generation: 98; 0.6010905473027658; k: 2.0; 140,49,22,104,165,184,247,221,141,182,177,16,225,235,153,247,67,117,45,182,153,131,165,122,141,186,79,164,89,130,125,235,107,25,49,182,49,98,65,165,170,170,247,45,58,165,174,49,149,34,61,141,49,245,234,235,163,247,42,49,112,213,101,53,76,62,52,49,33,208,17,247,141,182,199,16,66,235,49,156,114,114,247,72,107,28,134,236,235,49,185,247,235,76,49,165,42,134,249,235,135,69,221,122,31,61,27,16,61,165,77,126,144,36,241,137,112,50,147,229,151,77,247,165,55,28,151,77,172,102,241,236,247,20,49,97,14,187,71
Best fitness found so far: 0.6106704124706266; k: 2.0
Generation: 99; 0.6010905473027658; k: 2.0; 230,49,207,104,215,184,247,221,141,182,87,16,247,235,57,247,67,117,141,217,153,131,137,122,141,186,79,164,89,130,125,235,107,25,49,112,49,73,65,65,170,170,247,45,58,165,174,17,36,34,61,249,49,245,234,235,219,247,42,49,71,247,72,14,49,97,14,188,71
Best fitness found so far: 0.6106704124706266; k: 2.0
Generation: 100; 0.6010905473027658; k: 2.0; 63,49,67,104,165,184,247,116,141,182,177,16,247,235,153,247,67,117,141,182,13,131,165,122,141,186,79,164,11,130,125,235,247,25,49,182,165,98,65,165,170,170,247,195,58,165,174,49,149,239,61,141,49,245,247,244,219,247,42,49,54,213,101,181,76,99,52,49,33,46,17,247,141,182,199,16,66,235,247,96,174,109,141,182,153,131,165,122,141,219,79,135,11,130,201,235,247,65,49,182,165,155,65,221,231,55,247,45,58,165,78,49,149,34,168,208,175,245,85,235,205,121,42,49,121,213,101,15,76,99,51,49,158,4,40,247,38,51,148,141,247,165,198,112,126,16,61,165,77,11,144,64,247,137,112,50,147,231,151,112,247,33,21,28,151,77,112,15,241,236,93,179,224,247,247,227,141,28,240,247,165,159,115,49,191,229,206,122,49,223,104,54,5,13,148,132,28,4,244,179,241,163,2,71,141,134,250,22,176,209,137,71,210,49,161,25,39,60,141,187,106
Best fitness found so far: 0.6106704124706266; k: 2.0
Generation: 101; 0.5844535667256094; k: 2.0; 63,44,22,104,165,184,247,221,141,182,177,16,247,235,153,247,67,117,141,182,153,131,165,122,141,186,79,164,11,130,125,129,247,25,49,182,191,98,65,165,145,170,247,245,58,165,66,94,83,34,61,141,49,153,95,235,219,247,155,49,54,213,172,107,76,99,209,49,116,4,17,240,141,90,199,16,145,235,236,143,239,109,141,182,153,131,165,94,141,219,150,213,215,247,125,235,247,168,22,24,165,22,49,165,75,71,141,247,165,133,235,165,107,134,37,212,67,48,96,89,49,245,111,129,31,195,78,25,113,219,101,42,36,99,15,49,33,189,192,247,141,241,199,16,66,30,172,96,4,83,247,115,141,148,146,247,165,198,212,46,165,235,118,32,27,106,8,13,235,168,132,56,128,86,81,247,235,206,135,62,34,45,49,191,165,98,65,165,231,170,247,45,22,165,165,206,149,34,165,141,49,245,239,235,219,247,42,49,165,40,101,76,76,99,67,26,158,4,227,247,38,134,2,141,247,165,158,212,49,195,207,16,32,213,106,18,232,87,91,177,247,128,192,9,165,212,141,182,149,45,223
Best fitness found so far: 0.6106704124706266; k: 2.0
Generation: 102; 0.5901952107559897; k: 2.0; 172,101,245,137,23,224,247,194,153,21,165,46,141,182,37,49,177,49,73,65,107,247,187,32,241,92,141,155,101,22,71,141,247,145,22,235,165,202,44,13,237,49,166,110,235,219,247,42,160,9,207,43,57,117,41,10,191,235,153,247,67,117,141,182,153,131,165,122,141,186,79,164,54,130,125,235,247,25,49,182,165,98,65,165,170,170,247,45,58,165,174,153,80,34,61,141,49,245,247,235,219,51,42,49,54,45,101,181,76,99,52,49,33,4,17,247,102,90,199,64,66,235,247,96,239,109,141,182,153,131,165,122,141,219,79,164,11,205,125,235,247,25,49,182,165,98,65,221,231,55,247,45,58,165,78,49,149,34,168,208,175,245,85,235,219,121,42,49,121,213,101,181,76,99,212,49,158,4,40,247,38,10,148,141,54,165,198,212,49,121,235,16,32,230,106,8,232,235,91,177,247,128,153,99,247,235,206,247,165,241,127,49,159,240,102,165,14,123
Best fitness found so far: 0.6106704124706266; k: 2.0
Generation: 103; 0.6010905473027658; k: 2.0; 63,49,22,104,165,184,249,221,141,182,177,16,247,235,153,247,67,117,19,182,241,131,165,122,141,186,79,164,11,130,125,235,247,25,49,172,39,98,65,165,170,170,247,45,58,165,66,49,83,150,89,141,49,245,247,235,219,238,42,68,54,165,101,181,76,33,4,17,240,58,61,42,16,173,17,236,96,239,143,77,112,239,47,141,182,153,131,165,122,141,219,51,164,11,130,49,235,180,25,153,216,165,238,123,165,231,170,247,45,22,165,165,49,158,34,165,40,49,245,31,75,226,49,75,158,165,49,141,165,158,104,99,30,165,49,141,140,51,229,9,97,101,38,235,186,247,40,186,89,30,49,187,247,92,49,205,49,49,164,138,69,215,241,28,179,138,165,42,98,175,28,173
Best fitness found so far: 0.6106704124706266; k: 2.0
Generation: 104; 0.6010905473027658; k: 2.0; 63,49,22,176,165,149,151,221,141,182,177,16,31,235,127,247,67,117,141,182,151,131,165,122,141,186,15,114,11,130,125,235,247,25,49,182,165,98,65,165,170,170,247,245,58,165,66,49,83,34,61,141,49,186,247,230,76,247,155,49,54,213,172,167,76,99,52,49,33,4,17,240,141,61,42,16,173,17,236,96,239,143,77,112,239,47,141,182,153,131,165,221,141,219,51,164,11,130,125,150,24,25,232,182,165,98,65,165,231,170,247,45,22,165,165,161,149,34,165,141,49,245,239,235,219,247,42,223,165,40,101,76,76,99,52,26,158,208,227,73,38,103,2,141,247,165,83,212,49,223,104,54,5,13,148,132,164,40,163,179,241,163,189,71,141,134,250,58,176,209,137,71,210,49,161,25,39,60,141,187,106
Best fitness found so far: 0.6106704124706266; k: 2.0
Generation: 105; 0.6106704124706266; k: 2.0; 63,49,237,104,9,153,151,7,141,182,177,16,153,235,127,247,67,117,141,182,151,131,165,122,141,186,15,164,11,130,125,235,177,108,49,182,165,98,65,165,158,170,247,108,58,182,227,49,83,34,68,26,49,5,247,230,117,165,154,141,155,101,22,71,224,247,165,22,192,165,137,44,13,49,49,165,231,55,247,82,58,131,78,49,149,204,168,188,175,29,85,235,219,121,42,110,121,213,101,181,76,234,240,49,158,4,92,168,38,103,148,141,247,129,198,212,200,121,146,16,3,153,6,232,13,81,132,165,44,187,179,241,158,205,71,141,134,165,80,235,230,145,198,13,49,165,196,147,89,55,141,49,17,74,35,141,247,59,19,248,237,219,247,165,141,178,10,100,250,43,98,107,44,247,160,212,23,205,49,107,84,192,19,153,101,95,68,247,235,207,238,25,117,234,10,191,83,65,33,165,49,239,165,49,49,10,165,187,98
Best fitness found so far: 0.6106704124706266; k: 2.0
Generation: 106; 0.6010905473027658; k: 2.0; 63,49,22,104,165,184,247,221,141,182,177,16,247,235,153,247,67,127,141,182,153,131,165,122,141,186,79,164,89,130,125,235,107,25,49,182,49,98,65,165,170,245,137,23,150,194,194,153,43,165,46,141,182,37,219,177,49,73,65,107,247,187,247,190,92,141,155,101,22,21,141,247,145,22,235,27,202,22,165,165,161,149,34,165,141,49,245,239,235,219,247,42,223,165,40,101,76,76,99,52,26,158,208,227,73,176,103,2,141,247,165,83,212,49,223,104,54,5,13,148,132,164,40,163,179,241,171,189,71,141,134,250,58,176,132,137,71,54,49,161,167,39,96,141,187,106
Best fitness found so far: 0.6106704124706266; k: 2.0
Generation: 107; 0.6010905473027658; k: 2.0; 63,49,22,176,165,149,151,221,141,182,177,16,31,235,127,247,67,117,141,182,151,131,165,122,141,186,15,114,11,60,125,70,247,25,49,182,165,98,65,165,170,170,247,175,58,165,66,49,83,34,61,141,49,186,247,230,76,247,155,49,54,213,172,167,76,99,52,49,33,4,17,240,141,61,42,16,173,17,236,96,239,143,77,112,239,47,141,182,153,131,165,221,141,219,51,164,11,130,125,150,24,25,232,2,165,98,65,165,231,170,247,45,22,165,235,161,149,34,149,141,49,245,239,235,219,247,42,223,165,40,101,76,76,231,52,26,158,208,227,208,38,103,2,141,121,165,83,212,146,223,104,54,5,13,148,132,164,40,163,179,241,163,247,201,23,188,247,89,55,141,69,165,217,38,141,204,70,248,59,53,163,136,165,141,178,10,165,49,141,187,107,248,133,53,189,49,141,88,107,187,247,235,9,101,195,49,168,109,139,187,71
Best fitness found so far: 0.6106704124706266; k: 2.0
Generation: 108; 0.6010905473027658; k: 2.0; 158,93,22,104,165,184,247,221,141,182,177,16,247,235,153,247,67,117,141,182,83,131,165,122,103,186,79,164,11,130,125,235,247,25,49,182,165,98,65,165,170,170,247,45,58,165,174,49,149,34,28,141,79,245,247,49,219,247,42,49,54,213,247,165,22,235,165,135,89,13,236,49,166,234,63,12,247,42,49,17,69,140,53,76,62,52,145,33,189,17,247,141,182,199,16,66,193,159,156,114,58,247,72,84,28,134,161,235,194,185,247,235,224,49,95,96,108,165,70,25,232,221,122,31,61,126,16,122,202,77,84,144,36,241,137,112,50,147,247,141,182,199,173,66,235,49,100,114,114,247,72,107,28,134,165,235,1,185,247,235,55,49,24,42,174,165,235,135,232,221,122,31,53,126,155,178,67,98,126,144,36,241,137,112,50,147,97,151,77,28,47,55,137,151,77,172,15,131,236,247,235,81,247,171,227,141,138,172,247,165,98,95,49,191,229,194,97,166,223,235,54,5,13,148,132,165,234,187,179,80,49,57,71,141,134,165,85,235,230,137,44,13,49,165,49,49,191,249,187,106
Best fitness found so far: 0.6106704124706266; k: 2.0
Generation: 109; 0.5942222299951976; k: 2.0; 63,49,22,104,87,184,47,166,141,182,165,16,147,113,153,247,239,210,141,182,153,131,165,122,141,219,79,164,11,130,125,235,247,25,138,89,165,247,221,141,163,165,16,69,235,153,247,239,210,141,182,153,157,165,122,141,219,79,171,11,130,125,225,105,129,49,182,165,98,187,165,231,170,247,45,11,51,165,49,149,34,165,152,49,245,247,19,219,247,240,49,165,213,97,141,76,90,52,49,158,4,160,247,38,103,148,141,247,165,198,206,49,49,165,43,108,73,235,135,232,239,122,111,225,126,16,61,247,30,126,144,36,56,137,243,101,235,186,247,235,183,166,189,49,56,247,165,112,205,49,1,164,247,235,10,247,41,49,165,98,185,181,76,42,52,145,158,4,160,151,44,4,148,141,247,165,198,212,55,174,235,16,32,77,190,8,232,235,91,177,26,160,153,9,49,149,34,129,244,175,50,85,235,2,121,42,49,121,101,117,181,76,99,212,49,158,4,40,247,38,247,148,141,247,165,198,212,49,165,107,49,100,235,211,81,165,67,49,241,59,165,235,151,77,247,235,153,247,165,24,197,49,200,125,71
Best fitness found so far: 0.6106704124706266; k: 2.0
Generation: 110; 0.6010905473027658; k: 2.0; 158,93,22,104,165,184,247,221,141,182,177,16,247,235,215,247,67,117,141,182,73,131,165,122,95,186,79,164,11,130,125,235,247,25,49,182,165,98,65,165,170,10,33,4,17,247,141,182,75,16,66,235,115,96,239,109,141,182,153,131,161,2,6,118,79,164,11,130,125,235,247,130,49,182,165,98,24,221,231,55,247,45,58,165,78,11,149,53,168,208,175,245,85,250,219,121,86,118,121,248,101,57,65,99,212,21,158,4,40,247,25,49,141,77,127,114,74,21,165,46,11,23,99,187,9,49,7,65,107,187,247,235,125,244,72,41,49,97,14,187,213
Best fitness found so far: 0.6106704124706266; k: 2.0
Generation: 111; 0.6041949052884081; k: 2.0; 63,49,22,104,165,243,247,221,141,182,177,16,247,235,153,92,67,117,189,182,153,131,165,122,141,186,79,164,89,130,125,235,107,25,49,182,49,98,207,165,203,170,247,45,58,235,181,177,247,128,153,9,165,49,141,182,165,45,223
Best fitness found so far: 0.6106704124706266; k: 2.0
Generation: 112; 0.5915323270540636; k: 2.0; 9,49,22,104,165,184,247,221,141,182,177,106,225,235,153,247,67,117,141,2,171,131,35,122,141,129,79,164,17,130,125,235,97,25,49,182,49,164,65,180,170,170,63,45,58,165,133,196,149,139,181,158,49,123,234,235,219,247,211,49,112,182,220,16,66,235,49,156,114,114,247,72,45,28,134,145,235,49,92,250,235,76,49,42,212,108,73,235,135,232,221,122,31,225,126,16,61,247,77,42,144,36,241,137,218,50,147,97,212,249,178,165,55,121,151,77,172,15,241,236,247,235,224,57,223,227,141,32,78,247,134,49,42,49,247,172,60,168,81,107,20,37,165,137,48,96,235,97,207,141,134,199,16,66,30,172,96,4,83,247,115,141,148,146,247,165,198,212,46,165,235,118,32,27,106,8,218,235,168,132,95,128,86,81,247,235,206,135,62,244,45,49,191,165,98,65,165,147,170,247,45,22,165,165,206,149,34,165,148,49,245,239,235,219,247,42,49,165,30,101,76,76,99,67,26,158,198,227,247,38,134,2,141,247,165,158,212,49,195,207,16,130,213,106,18,232,87,91,38,133,128,192,9,165,212,141,182,149,45,223
Best fitness found so far: 0.6106704124706266; k: 2.0
Generation: 113; 0.6010905473027658; k: 2.0; 63,85,22,104,165,149,151,221,141,182,177,16,153,235,127,247,67,117,141,182,151,131,165,122,141,186,15,164,65,130,125,235,247,25,49,182,165,98,65,165,148,170,247,245,58,165,66,49,55,34,61,107,127,245,247,91,76,247,155,49,10,213,172,167,11,142,52,49,33,222,54,240,141,61,220,16,201,17,236,96,239,143,77,112,239,47,141,182,153,131,165,122,133,219,51,164,11,130,125,6,169,25,232,182,165,98,65,165,231,170,247,45,91,110,165,49,241,34,165,141,49,245,103,235,219,247,42,28,151,77,112,15,241,236,93,179,224,247,247,227,141,107,240,247,165,203,115,185,15,229,206,122,49,223,104,54,5,13,148,132,228,4,244,114,248,198,2,71,141,134,250,22,176,209,137,71,210,49,161,25,39,60,141,187,106
Best fitness found so far: 0.6106704124706266; k: 2.0
Generation: 114; 0.6010905473027658; k: 2.0; 63,49,22,104,165,184,247,221,141,182,121,66,247,235,153,247,67,117,141,182,241,131,165,122,141,186,79,164,11,130,125,235,247,25,49,182,39,98,65,165,170,170,27,45,34,168,107,183,171,235,125,247,72,14,61,15,48,46,103,66,99,12,9,49,155,65,107,187,111,235,125,247,72,212,51,97,14,187,184,153,131,165,94,141,219,53,213,131,158,125,235,247,25,49,182,165,98,122,221,231,225,247,45,27,165,78,49,16,34,168,125,235,107,25,49,182,34,98,65,165,170,170,247,45,58,165,174,49,149,34,61,141,49,245,234,235,163,247,42,49,128,213,101,239,99,62,52,49,33,166,17,247,141,182,199,16,66,235,49,156,114,114,71,72,107,28,134,236,235,49,185,141,235,76,49,165,42,134,249,235,135,49,221,122,31,61,27,16,61,165,77,126,144,36,241,137,112,50,147,229,151,77,247,165,126,28,151,77,172,102,241,236,247,20,49,97,14,187,71
Best fitness found so far: 0.6106704124706266; k: 2.0
Generation: 115; 0.6168851152373991; k: 2.0; 63,49,22,104,165,243,247,221,141,182,177,16,247,235,153,92,67,117,189,156,153,40,165,16,225,235,153,247,67,117,141,182,153,131,165,122,141,186,153,164,89,70,125,235,107,25,49,182,49,98,65,165,170,170,247,45,58,165,27,175,149,94,61,141,49,243,234,235,219,247,108,49,112,213,101,53,76,40,189,49,248,132,199,247,141,182,95,16,66,235,49,156,114,114,231,72,107,28,144,165,235,49,185,4,12,76,92,165,83,108,40,235,135,38,94,171,31,61,126,203,61,165,77,126,144,211,178,247,112,73,147,97,194,77,247,165,55,28,151,77,172,15,241,236,247,235,83,247,171,227,83,138,172,176,165,49,95,49,191,117,9,97,49,211,235,231,156,240,15,247,72,84,28,96,165,235,49,199,19,235,76,49,165,42,108,225,10,147,82,65,80,165,49,219,165,49,49,10,165,187,98
Best fitness found so far: 0.6168851152373991; k: 2.0
Generation: 116; 0.6010905473027658; k: 2.0; 158,93,22,104,165,184,247,221,141,182,177,16,247,235,215,247,67,117,141,182,73,131,165,122,95,186,79,164,235,130,209,235,247,25,49,182,165,98,65,165,170,10,33,4,17,247,141,182,75,16,66,235,115,96,239,109,141,182,153,131,161,2,6,53,79,164,11,130,125,235,247,130,49,182,165,98,24,221,11,55,247,45,58,165,78,11,149,53,168,208,175,245,85,104,165,189,247,221,141,182,177,16,247,235,207,247,67,117,141,182,153,131,165,122,197,186,212,134,11,130,63,60,237,25,49,61,165,118,65,165,170,170,247,45,58,165,174,49,149,34,224,143,49,44,247,235,219,247,42,49,54,213,238,208,76,99,52,154,33,3,17,247,141,104,199,16,153,154,247,96,239,109,141,182,153,131,165,2,6,118,79,164,11,130,125,235,247,130,49,182,165,98,24,221,231,119,247,45,145,165,78,102,149,53,168,208,175,245,85,250,219,121,86,164,186,248,101,239,65,99,212,49,158,4,40,247,25,49,141,173,127,114,24,21,165,46,11,23,99,49,9,49,7,65,107,187,247,157,125,244,72,41,49,97,14,187,213
Best fitness found so far: 0.6168851152373991; k: 2.0
Generation: 117; 0.6010905473027658; k: 2.0; 90,49,22,104,165,184,247,221,141,112,177,16,225,235,153,247,67,107,141,182,153,131,165,122,141,186,79,164,89,130,125,235,107,25,49,182,49,98,65,165,170,170,247,45,17,165,174,49,61,34,61,63,49,245,234,235,219,247,31,61,126,16,178,126,98,126,144,36,241,137,112,50,147,97,151,77,247,165,55,137,151,77,172,81,131,236,247,235,224,247,171,227,141,192,125,247,148,49,95,49,191,229,219,97,166,223,235,54,5,13,148,132,165,234,187,179,80,49,57,71,25,134,165,85,235,230,137,44,13,49,165,68,49,191,249,187,106
Best fitness found so far: 0.6168851152373991; k: 2.0
Generation: 118; 0.6041949052884081; k: 2.0; 63,49,22,104,165,243,247,221,141,182,177,16,57,235,153,247,67,117,141,182,153,131,165,122,141,186,79,164,89,130,125,235,107,25,49,182,49,98,65,165,203,170,247,45,58,165,174,49,149,34,61,141,49,245,75,235,219,247,42,49,112,213,101,181,36,99,52,49,33,189,192,247,141,50,199,16,66,235,7,96,4,175,247,148,103,148,146,247,165,198,212,49,165,235,16,141,23,153,116,165,122,141,219,79,164,11,130,125,235,247,25,138,89,165,14,221,141,14,165,16,69,235,153,247,239,210,141,182,201,157,179,122,114,219,79,171,11,130,125,225,105,129,49,182,165,98,178,165,231,170,247,235,230,137,170,13,49,165,49,49,60,249,187,106
Best fitness found so far: 0.6168851152373991; k: 2.0
Generation: 119; 0.6010905473027658; k: 2.0; 140,49,22,104,165,184,247,221,141,182,177,16,225,235,153,247,67,117,45,182,153,131,165,122,141,186,79,164,89,130,125,235,107,25,49,107,49,98,195,165,170,170,247,45,58,165,174,49,149,34,61,141,49,245,234,235,163,247,42,49,112,213,101,53,76,62,52,49,33,65,17,235,141,182,199,16,66,235,49,156,114,49,247,72,107,28,134,236,235,49,185,247,235,76,49,165,42,134,249,235,135,69,221,138,31,61,27,16,61,165,77,126,144,36,241,137,112,50,147,229,151,77,247,165,55,28,151,77,172,102,241,236,247,20,49,97,14,187,71
Best fitness found so far: 0.6168851152373991; k: 2.0
Generation: 120; 0.6106704124706266; k: 2.0; 63,49,237,104,165,153,151,7,141,182,177,16,153,235,127,247,67,117,141,182,151,131,165,122,141,186,15,164,11,130,125,235,177,108,49,182,165,98,65,165,158,170,247,1,58,182,66,49,235,153,247,67,107,141,182,153,131,165,122,141,186,79,164,212,130,125,143,107,25,49,182,49,188,65,165,170,170,247,45,210,165,174,49,149,34,61,63,220,245,234,235,219,247,42,49,112,213,101,53,76,62,165,49,33,189,17,247,141,182,199,16,212,235,168,156,6,114,247,72,31,28,134,165,235,49,114,247,143,76,49,22,42,93,42,235,236,232,221,122,29,61,126,73,61,165,149,126,144,36,177,137,112,50,235,234,222,165,6,197,49,200,190,71
Best fitness found so far: 0.6168851152373991; k: 2.0
Generation: 121; 0.6010905473027658; k: 2.0; 158,93,22,104,165,184,247,221,141,182,177,16,247,235,215,247,67,117,141,182,73,131,165,122,95,186,79,164,235,130,209,235,247,25,49,182,199,98,65,165,170,10,33,4,17,247,141,182,75,16,12,235,115,96,239,109,141,182,153,131,161,2,6,53,79,164,11,130,125,235,247,185,49,100,165,98,24,221,11,55,247,45,58,165,78,49,245,234,235,219,247,42,139,112,213,101,181,76,99,125,49,33,189,17,247,37,182,199,16,66,235,7,96,239,109,141,182,17,241,16,122,3,219,79,164,11,130,125,235,247,25,49,182,165,98,65,206,231,55,247,74,58,165,78,49,149,34,32,208,175,245,85,235,219,121,42,49,121,126,8,235,165,137,47,50,235,112,151,250,247,248,26,201,114,38,177,75,226,49,75,167,165,49,141,165,106,104,248,30,165,49,127,140,247,236,9,97,165,38,235,186,222,40,153,89,207,49,187,247,138,49,205,49,49,164,138,154,215,234,28,179,138,165,42,98,175,28,173
Best fitness found so far: 0.6168851152373991; k: 2.0
Generation: 122; 0.6010905473027658; k: 2.0; 63,27,102,104,165,149,151,221,141,182,177,16,153,235,141,247,67,117,141,182,151,131,165,122,141,186,15,164,65,130,125,235,247,125,49,182,165,98,83,165,148,170,247,245,58,165,66,49,55,34,61,107,127,245,247,91,76,247,155,49,10,96,172,229,11,142,52,49,33,222,54,240,141,61,220,16,201,17,145,96,239,143,77,112,239,79,164,11,130,125,235,247,25,49,205,165,98,65,165,162,170,247,245,58,165,66,49,83,34,61,141,49,245,247,235,76,247,216,49,223,213,172,167,76,99,52,49,33,4,17,240,141,196,103,72,141,247,165,198,212,49,63,235,16,32,216,106,211,232,235,245,177,250,128,153,9,122,12,141,182,165,134,223
Best fitness found so far: 0.6168851152373991; k: 2.0
Generation: 123; 0.6041949052884081; k: 2.0; 63,49,22,104,165,243,247,221,141,182,177,16,247,235,153,247,67,117,141,182,153,131,165,122,141,186,79,164,41,130,125,235,107,25,49,182,49,98,65,165,203,170,247,45,58,165,174,49,149,34,61,141,49,245,111,235,219,247,42,49,112,213,101,181,36,99,52,49,33,189,192,247,141,182,199,106,66,235,7,96,4,175,247,38,103,148,146,247,107,198,212,49,165,235,16,32,230,55,8,232,235,91,177,247,165,184,247,116,184,182,177,16,247,235,153,247,63,117,141,182,13,131,33,122,141,186,79,164,11,130,140,235,247,25,49,182,165,98,65,165,170,170,247,195,58,165,174,49,149,239,61,141,49,245,247,244,219,247,42,49,54,213,101,116,76,99,52,204,247,182,177,33,141,182,142,49,131,50,113,157,92,111,145,248,131,128,122,141,38,79,229,11,130,92,235,4,181,3,182,230,98,178,235,14,247,244,4,21,150,172,75,76,99,52,168,158,41,160,21,225,103,228,53,247,223,198,212,49,165,189,141,35,147,247,8,215,235,91,40,47,213,153,9,165,135,184,182,202,45,223
Best fitness found so far: 0.6168851152373991; k: 2.0
Generation: 124; 0.6041949052884081; k: 2.0; 63,49,22,104,165,243,247,221,141,182,233,16,247,235,153,247,67,117,141,182,153,131,165,122,141,186,79,164,89,130,125,235,107,25,49,182,49,98,143,165,203,170,247,45,58,165,174,49,149,34,61,141,49,245,111,235,219,247,42,49,112,213,164,181,36,99,52,49,33,189,192,247,141,182,60,16,66,235,7,94,4,175,247,145,103,37,146,247,37,198,212,49,165,235,16,32,230,106,8,232,235,230,177,247,64,153,99,247,235,206,247,165,241,127,178,43,95,102,165,187,123
Best fitness found so far: 0.6168851152373991; k: 2.0
Generation: 125; 0.6041949052884081; k: 2.0; 63,49,22,104,165,243,247,221,141,102,177,16,57,235,153,247,67,117,141,182,153,131,165,122,141,186,79,164,89,130,125,235,107,25,49,182,49,98,65,165,203,170,247,45,58,165,32,49,149,56,208,141,49,245,75,235,219,247,42,49,112,213,101,181,36,99,52,49,33,189,192,247,141,50,199,16,66,165,7,96,209,175,247,148,103,148,135,232,221,168,31,61,126,186,61,165,77,49,144,36,177,144,112,50,147,27,151,158,247,165,179,151,151,77,172,15,241,236,247,235,246,49,171,80,141,138,105,247,165,49,236,49,140,239,9,97,56,247,165,16,205,158,1,164,247,235,104,247,43,49,95,98,101,181,76,99,52,204,158,4,160,136,44,4,148,141,217,165,182,212,55,13,235,100,32,77,106,229,42,235,91,19,26,81,153,9,177,141,212,124,56,127,48
Best fitness found so far: 0.6168851152373991; k: 2.0
Generation: 126; 0.6041949052884081; k: 2.0; 224,49,22,104,165,243,247,221,141,182,177,66,57,235,29,247,67,117,141,182,153,131,165,122,141,186,79,164,89,130,125,235,107,25,49,182,49,98,65,165,203,170,247,45,58,165,174,49,149,34,61,221,49,245,75,235,219,61,42,49,123,213,101,181,36,99,52,144,33,189,192,247,141,50,149,16,66,28,7,96,4,175,247,148,103,148,146,247,242,198,212,49,165,235,16,141,79,153,116,165,122,141,219,79,164,11,130,125,235,247,25,138,89,165,14,2,141,14,165,221,69,235,153,247,239,210,141,182,201,157,179,93,114,219,85,171,11,130,125,225,105,129,49,182,165,98,178,165,80,170,247,235,230,2,170,182,177,1,247,235,153,247,67,193,141,182,241,131,165,122,141,186,79,164,11,130,125,235,247,25,49,88,39,98,65,165,170,211,164,67,34,168,107,25,171,235,125,247,203,14,61,15,48,46,103,66,99,129,9,49,7,65,107,187,111,235,242,247,72,250,51,97,14,187,184,153,100,165,94,141,219,53,213,131,119,125,235,247,25,49,182,165,98,122,221,231,225,171,45,27,165,139,49,149,204,168,107,187,171,235,125,247,142,14,61,15,165,46,103,110,99,129,9,49,7,65,107
Best fitness found so far: 0.6168851152373991; k: 2.0
Generation: 127; 0.6041949052884081; k: 2.0; 63,49,22,104,165,243,247,221,141,182,177,16,247,235,153,247,67,117,141,182,153,131,165,122,141,186,79,164,89,140,125,235,69,25,49,87,49,98,65,165,203,170,247,45,58,165,174,49,66,34,61,141,49,245,111,235,219,247,42,49,112,213,101,181,36,99,52,49,24,189,192,247,141,182,199,16,66,235,7,110,4,175,247,38,103,148,146,247,165,198,212,49,165,235,16,32,230,106,8,232,235,91,177,247,128,153,99,247,235,206,33,4,206,240,141,10,42,54,173,17,236,25,239,143,77,112,239,47,141,182,153,131,165,221,141,219,51,164,11,130,125,150,54,165,101,181,76,33,4,232,240,58,141,42,178,228,17,236,96,239,143,77,122,187,47,141,182,153,131,165,122,176,219,51,164,11,130,49,235,180,25,153,216,165,238,123,242,231,170,247,180,22,165,165,221,158,34,165,40,49,208,31,75,226,49,75,158,165,49,81,165,158,49,99,30,165,49,141,140,51,229,126,97,181,148,235,245,155,40,186,211,30,49,187,247,92,49,205,174,49,164,138,69,215,241,28,29,138,165,42,98,235,28,173
Best fitness found so far: 0.6168851152373991; k: 2.0
Generation: 128; 0.6106704124706266; k: 2.0; 63,49,237,104,165,153,151,7,141,182,177,16,153,235,127,247,67,117,141,182,151,131,165,122,141,186,209,164,11,130,125,235,159,108,49,182,165,98,65,165,158,170,247,94,58,182,66,49,83,34,61,26,49,5,222,38,247,148,141,247,165,198,49,49,165,107,167,55,198,219,81,165,67,49,241,166,186,235,151,77,247,235,234,247,165,6,222,49,200,125,71
Best fitness found so far: 0.6168851152373991; k: 2.0
Generation: 129; 0.6010905473027658; k: 2.0; 80,49,22,104,179,184,247,221,141,182,121,66,247,235,227,247,67,117,141,182,59,131,21,122,141,121,79,164,11,130,125,235,247,25,49,182,39,98,65,165,170,170,27,45,34,168,107,183,134,235,125,247,72,14,61,170,199,46,103,230,41,12,117,114,155,65,107,187,223,235,125,247,72,212,51,97,14,187,184,153,131,165,94,141,219,53,159,131,158,173,174,208,25,49,182,186,98,122,100,231,225,247,45,27,165,78,69,16,153,168,125,235,107,25,44,182,34,98,65,104,234,170,247,45,197,160,225,105,129,49,182,165,98,178,165,231,170,247,235,230,137,170,13,49,165,49,49,60,249,187,106
Best fitness found so far: 0.6168851152373991; k: 2.0
Generation: 130; 0.6041949052884081; k: 2.0; 122,49,22,104,165,243,247,221,141,182,177,16,173,235,153,247,67,117,141,182,153,131,165,122,141,186,79,164,89,130,125,235,107,25,49,182,49,98,65,165,203,170,247,45,58,165,174,49,149,34,61,141,240,245,75,235,219,247,57,49,78,213,101,181,36,99,52,49,33,189,192,247,141,50,199,16,66,235,7,96,4,175,43,163,247,42,186,128,42,22,168,99,62,52,49,33,166,17,247,141,182,199,16,66,235,49,156,114,114,71,72,107,28,134,236,235,82,185,141,192,218,49,184,42,134,73,235,135,49,221,122,31,61,223,16,61,69,77,217,144,36,241,137,112,50,147,229,151,167,247,165,126,28,151,14,172,102,241,236,58,20,49,97,14,143,77,112,239,47,142,182,153,131,165,122,141,219,51,164,109,130,125,235,43,32,198,182,236,98,65,165,231,170,94,45,22,165,165,49,149,34,165,141,49,208,31,184,120,49,75,167,165,49,141,165,158,104,99,30,165,49,141,140,51,229,9,97,169,38,181,242,79,40,186,89,30,67,187,125,138,49,205,49,49,164,2,69,215,241,28,179,138,165,220,98,175,28,173
Best fitness found so far: 0.6168851152373991; k: 2.0
Generation: 131; 0.6041949052884081; k: 2.0; 63,189,22,104,165,243,247,221,141,182,177,196,247,235,153,247,67,117,235,2,153,131,165,122,141,186,79,164,89,130,125,235,107,25,49,182,49,98,65,165,203,170,247,80,58,5,174,49,149,34,61,141,49,245,111,235,219,247,49,49,112,213,101,181,217,99,52,49,110,229,192,247,141,182,199,16,66,235,7,96,120,175,247,38,103,56,146,247,165,198,212,49,165,235,16,32,230,151,8,232,235,91,177,247,76,220,49,33,46,17,247,141,182,199,97,39,235,49,156,175,114,59,72,107,28,134,165,235,49,185,247,24,76,49,165,42,108,165,235,135,232,143,122,31,61,126,16,61,165,77,126,144,36,241,49,112,50,147,97,151,77,247,165,55,28,151,232,172,90,241,84,247,235,224,247,171,227,141,238,172,247,165,49,95,49,191,250,9,97,49,223,235,54,227,13,14,132,165,44,187,179,80,49,153,247,67,117,60,182,153,131,165,122,141,186,79,164,216,130,231,136,247,25,49,182,165,98,65,165,205,15,247,245,234,165,66,94,83,34,61,141,49,153,95,235,16,247,43,174,54,213,172,71,76,99,209,49,129,90,17,240,141,90,199,16,145,169,236,96,239,13,72,156,153,68,165,94,141,146,150,213,11,130,146,235,247,168,22,125,165,98,32,165,75,71,141,247,165,133,235,165,134,134,37,35,67,48,88,89,165,245,111,232,31,195,204,25,149,219,101,149,36,99,190,49,206,189,192,247,142,241,199,161,66,30,172,96,4,83,247,115,103,148,146,247,165,198,112,46,99,235,118,32,27,106,8,13,235,168,154,56,113,153,81,247,235,206,70,175,34,45,44,250,131,74,189,187,206
Best fitness found so far: 0.6168851152373991; k: 2.0
Generation: 132; 0.6041949052884081; k: 2.0; 63,49,22,104,165,243,247,221,141,182,183,16,247,235,153,247,67,117,141,182,153,131,165,122,141,186,79,164,41,130,125,235,27,15,49,182,49,98,65,165,203,170,247,45,58,165,174,49,149,34,61,141,49,245,111,235,225,247,42,49,9,213,101,181,36,99,52,49,33,189,192,247,141,182,199,106,66,235,187,56
Best fitness found so far: 0.6168851152373991; k: 2.0
Generation: 133; 0.6010905473027658; k: 2.0; 63,49,22,104,9,184,247,221,141,182,177,16,247,235,153,247,67,117,141,182,241,131,165,122,141,186,79,164,11,130,125,235,247,25,21,182,165,98,65,165,184,80,247,45,58,165,66,49,83,147,245,141,49,244,247,23,219,209,42,68,54,213,101,85,76,99,90,22,33,4,91,247,89,90,199,16,145,57,82,170,239,109,12,182,2,131,165,94,170,126,79,213,11,130,125,235,247,25,49,182,165,98,65,221,215,225,165,22,235,165,137,44,13,49,165,49,49,54,49,129,167,39,96,141,39,106,141,104,165,7,212,49,223,199,54,5,13,148,129,164,40,163,179,241,171,88,71,141,134,250,58,176,132,108,71,204
Best fitness found so far: 0.6168851152373991; k: 2.0
Generation: 134; 0.6010905473027658; k: 2.0; 90,49,22,104,165,184,247,221,141,122,177,16,225,235,153,247,67,117,141,182,153,131,165,122,141,186,79,164,89,130,125,235,107,25,49,182,49,98,65,165,170,170,247,45,58,165,174,49,149,77,61,141,49,245,234,235,219,247,42,49,112,213,101,53,76,62,189,49,248,41,199,247,141,182,199,16,184,235,49,156,114,114,247,72,107,28,134,165,235,104,223,4,235,76,230,165,43,108,165,49,22,104,13,198,247,221,141,182,177,16,213,235,153,247,67,117,141,182,153,131,165,122,141,186,79,164,11,225,125,235,2,25,49,182,165,98,65,165,170,170,247,245,58,165,66,49,83,59,61,141,49,245,247,235,61,247,153,49,54,123,172,132,76,99,52,49,33,213,17,240,197,29,199,16,145,235,236,96,239,109,141,182,153,131,165,153,141,219,79,213,11,130,125,235,247,25,49,24,165,98,137,220,231,225,247,45,29,165,78,165,134,42,168,244,175,50,85,235,158,121,42,202,121,205,186,143,102,99,212,49,158,27,40,90,38,247,148,141,247,165,198,49,49,165,107,167,100,198,211,81,165,67,49,241,248,186,235,151,77,247,235,234,247,165,6,26,49,200,103,71
Best fitness found so far: 0.6168851152373991; k: 2.0
Generation: 135; 0.6010905473027658; k: 2.0; 5,93,22,104,165,184,247,221,141,237,177,16,247,235,215,247,67,117,141,182,73,131,165,122,95,186,79,164,11,240,125,235,247,25,49,182,165,98,65,165,170,10,33,4,17,247,141,182,75,16,66,235,115,96,239,109,141,182,153,131,161,2,227,118,79,164,11,130,125,235,247,130,49,182,165,98,24,221,231,55,247,45,58,165,78,11,112,56,168,208,175,245,85,250,72,107,28,134,165,235,50,185,73,235,76,49,165,42,108,73,235,135,232,221,59,111,225,126,16,61,145,77,126,144,36,241,137,112,50,127,186,247,235,160,166,165,49,56,247,165,112,205,49,49,164,247,235,183,247,41,49,165,98,101,181,76,99,52,25,158,4,160,247,44,4,148,141,247,165,192,212,49,174,235,16,32,125,106,8,232,235,91,177,233,128,153,9,165,12,141,188,56,45,64
Best fitness found so far: 0.6168851152373991; k: 2.0
Generation: 136; 0.6041949052884081; k: 2.0; 224,49,22,104,179,243,247,221,141,182,177,66,57,235,29,247,67,117,141,182,153,131,165,122,141,186,79,164,89,130,125,235,107,25,49,182,49,98,65,165,203,170,247,45,58,165,174,49,149,34,62,221,49,236,75,235,219,198,42,49,72,153,107,187,224,235,212,89,205,49,107,84,250,19,153,19,95,68,247,235,207,43,25,117,234,109,191,107,65,33,165,243,247,165,49,49,248,68,187,98,165,170,170,247,45,58,165,40,68,149,34,61,141,40,135,234,73,219,149,42,208,89,55,52,17,57,27,35,14,247,165,22,248,126,219,247,165,193,178,10,165,198,141,72,107,187,29,235,212,89,205,49,107
Best fitness found so far: 0.6168851152373991; k: 2.0
Generation: 137; 0.6106704124706266; k: 2.0; 63,49,237,104,165,153,151,7,141,182,177,16,153,235,127,247,67,117,141,182,151,131,165,122,141,216,15,164,11,130,125,235,177,108,49,182,165,98,65,165,158,170,247,157,139,182,66,49,83,34,61,26,49,5,247,230,247,165,166,198,185,101,22,71,224,247,165,22,235,165,137,44,13,169,49,165,231,55,247,45,58,131,78,49,149,204,168,208,175,245,85,235,219,121,42,110,121,34,101,181,76,234,240,49,158,4,92,168,38,42,148,239,247,129,198,212,200,121,146,16,3,153,6,55,46,141,182,165,5,51,49,107,65,107,187,247,235,153,69,128,192,9,165,212,141,213,149,69,223
Best fitness found so far: 0.6168851152373991; k: 2.0
Generation: 138; 0.6041949052884081; k: 2.0; 63,49,22,104,165,243,247,221,141,182,177,16,117,235,153,247,67,117,141,182,153,131,165,162,141,186,79,164,89,130,125,235,235,25,49,182,49,98,65,165,203,170,247,45,102,165,174,49,149,34,61,141,49,245,118,235,219,247,65,49,112,213,101,181,36,99,52,16,33,216,192,112,141,45,199,16,76,235,69,96,4,175,247,28,60,148,7,247,165,198,15,49,165,223,16,187,23,153,116,32,122,141,219,79,164,11,130,125,235,11,25,34,89,165,14,221,62,240,141,114,103,72,141,95,165,198,212,49,63,235,16,32,216,106,211,232,235,65,177,250,128,153,143,165,49,141,182,241,134,223
Best fitness found so far: 0.6168851152373991; k: 2.0
Generation: 139; 0.6106704124706266; k: 2.0; 63,49,237,104,165,153,151,7,81,182,177,16,153,235,127,247,67,117,141,182,151,131,165,122,141,186,209,164,11,130,125,235,159,108,49,182,165,98,65,165,94,170,247,94,206,182,66,49,83,34,76,26,49,5,222,38,247,148,141,247,165,198,49,49,165,107,167,55,198,219,81,165,67,6,241,49,186,235,151,77,247,235,234,247,165,6,222,49,153,101,95,68,247,235,207,43,25,117,234,109,87,107,65,33,165,49,247,165,49,49,186,68,187,98
Best fitness found so far: 0.6168851152373991; k: 2.0
Generation: 140; 0.6106704124706266; k: 2.0; 63,49,237,104,165,153,151,7,141,182,177,16,153,235,127,247,67,117,141,182,151,131,165,122,141,186,15,164,11,130,125,235,177,108,49,182,165,98,65,165,158,170,247,1,58,182,66,49,235,153,247,67,107,141,182,153,131,165,122,141,186,79,164,212,130,125,143,152,25,49,182,211,188,65,165,161,215,247,45,210,178,120,49,149,34,61,63,220,245,234,235,219,247,42,49,154,213,101,53,64,62,165,49,33,165,141,178,10,165,49,141,195,107,187,109,121,189,49,179,88,107,187,247,36,9,101,195,49,168,175,139,152,71
Best fitness found so far: 0.6168851152373991; k: 2.0
Generation: 141; 0.6106704124706266; k: 2.0; 63,49,237,104,165,153,151,7,141,182,177,16,153,235,127,247,67,117,141,182,55,131,165,122,141,186,15,164,11,130,125,235,177,108,49,182,165,98,65,165,158,170,80,94,58,182,66,49,83,34,61,26,49,5,247,230,247,165,166,141,155,160,22,71,242,247,165,22,235,165,137,117,13,49,49,165,231,55,247,45,58,131,78,49,149,204,168,208,175,245,85,235,119,121,42,110,121,213,101,181,76,234,240,49,158,4,92,168,38,42,148,141,247,129,198,212,200,121,146,16,3,153,6,21,173
Best fitness found so far: 0.6168851152373991; k: 2.0
Generation: 142; 0.6010905473027658; k: 2.0; 63,49,22,104,165,184,247,221,141,182,177,16,247,235,153,247,67,117,141,182,153,131,165,122,141,186,79,164,89,130,125,235,107,25,5,182,129,98,65,165,170,165,235,161,149,34,16,141,49,245,226,235,219,247,42,223,165,40,101,76,76,231,52,26,158,208,227,208,38,103,2,101,121,165,83,212,146,223,104,54,5,13,148,132,164,40,163,179,241,63,247,201,23,188,247,89,55,141,69,165,217,18,141,204,70,248,59,53,163,136,165,141,178,10,165,49,141,187,67,248,133,53,189,229,141,211,107,48,247,235,9,101,195,49,168,109,139,187,71
Best fitness found so far: 0.6168851152373991; k: 2.0
Generation: 143; 0.6106704124706266; k: 2.0; 63,49,237,104,9,153,151,7,133,182,215,16,153,235,127,247,67,117,141,182,151,131,165,122,141,186,15,164,11,130,125,235,177,108,49,182,165,98,65,165,158,170,247,2,58,182,227,148,83,162,68,26,49,5,247,230,62,165,154,141,49,9,213,101,181,36,99,52,49,33,189,192,247,198,182,199,106,66,235,173,56
Best fitness found so far: 0.6168851152373991; k: 2.0
Generation: 144; 0.6106704124706266; k: 2.0; 63,49,237,104,165,153,151,7,141,182,177,16,153,235,127,247,67,117,141,182,151,131,165,122,141,186,15,164,11,130,125,235,177,108,49,182,165,98,65,165,158,170,247,1,58,182,66,49,235,153,247,67,107,141,182,153,131,165,122,141,186,79,164,212,130,125,143,107,25,49,182,49,58,65,165,170,170,247,45,210,165,174,49,149,34,61,36,220,245,234,197,219,247,42,49,112,213,101,53,76,62,165,49,33,189,17,247,141,182,199,16,212,135,168,156,6,114,247,72,31,234,134,87,235,49,114,247,143,76,49,22,3,93,42,235,236,232,221,165,160,49,214,165,67,247,213,23,188,247,223,55,141,68,165,217,38,141,247,70,11,59,53,163,136,228,141,178,10,165,49,141,187,107,187,133,53,189,49,51,88,107,187,247,236,9,101,195,49,168,175,139,152,71
Best fitness found so far: 0.6168851152373991; k: 2.0
Generation: 145; 0.6168851152373991; k: 2.0; 63,49,32,104,165,243,247,221,141,182,177,16,247,235,153,92,67,117,189,156,153,40,165,16,225,235,153,247,67,117,141,182,153,131,165,122,55,186,153,164,89,70,125,235,107,25,49,182,49,98,65,165,170,170,84,45,58,165,142,175,149,94,61,141,49,235,191,235,219,247,108,49,112,213,101,53,76,40,189,49,248,132,199,247,141,190,248,16,66,235,98,65,167,231,225,247,236,27,165,98,49,149,34,168,107,187,171,235,134,247,72,14,61,97,165,150,247,181,45,71,54,77,215,151,241,5,196,53,58,165,234,49,149,157,165,208,49,245,224,192,219,58,42,216,203,101,101,181,76,99,52,49,158,34,175,247,127,103,212,141,247,248,46,191,20,165,235,16,7,230,106,8,232,235,91,245,247,128,153,77,247,235,206,247,165,241,169,49,3,240,95,235,153,33,154,49,49,214,165,158,136
Best fitness found so far: 0.6168851152373991; k: 2.0
Generation: 146; 0.5599707507635461; k: 2.0; 63,49,22,104,199,243,247,221,141,182,177,16,247,235,153,92,67,117,189,156,153,40,165,16,225,108,153,247,67,117,141,182,153,131,165,122,141,186,153,164,89,70,125,235,101,25,49,40,49,98,65,165,170,170,247,45,58,165,27,175,149,94,61,141,49,243,234,116,219,28,108,49,112,213,101,53,76,14,24,123,44,149,179,80,49,153,37,67,117,60,182,153,131,165,122,141,186,79,164,216,130,231,136,247,25,49,182,165,98,65,165,205,15,247,245,234,165,66,94,83,34,61,141,152,153,95,235,16,247,43,174,142,213,172,71,58,31,209,49,129,90,124,240,125,90,199,16,145,169,236,96,239,13,72,156,153,68,165,94,141,146,150,213,11,130,146,235,247,168,22,125,165,98,32,165,75,71,141,178,165,91,235,165,134,134,37,35,67,48,88,89,165,245,111,232,31,195,204,25,149,219,101,149,13,99,190,49,206,189,192,4,142,241,199,161,66,30,9,96,4,83,247,115,103,148,146,247,165,198,112,46,99,235,118,32,27,7,8,16,235,3,154,123,113,153,81,247,235,206,70,175,34,45,44,250,131,74,189,187,206
Best fitness found so far: 0.6168851152373991; k: 2.0
Generation: 147; 0.6106704124706266; k: 2.0; 63,49,237,104,165,153,151,7,141,182,13,16,153,235,127,247,67,117,141,182,151,131,165,122,141,216,15,164,11,130,125,235,177,108,49,182,165,98,65,165,158,170,107,157,139,99,213,58,83,34,61,26,49,5,10,230,46,165,166,198,185,101,22,70,224,247,165,22,235,165,137,44,13,169,49,165,231,55,247,45,84,131,78,49,159,204,168,208,175,245,85,235,219,121,93,110,121,34,101,181,76,218,240,94,158,4,92,168,183,42,148,239,247,129,198,212,51,121,146,16,3,153,6,55,46,141,182,165,170,170,247,245,58,165,144,194,83,34,163,6,49,213,101,181,76,171,212,49,158,170,40,247,38,51,148,214,247,142,198,212,49,121,235,191,32,247,141,182,60,16,66,235,7,6,4,175,247,143,103,37,146,68,37,198,212,49,165,235,16,32,230,106,8,232,235,230,177,247,64,153,99,6,235,206,247,165,241,114,145,43,95,102,165,187,123
Best fitness found so far: 0.6168851152373991; k: 2.0
Generation: 148; 0.6106704124706266; k: 2.0; 63,49,237,104,9,153,151,7,133,182,215,16,153,235,127,247,67,117,141,182,37,131,165,122,141,186,15,164,11,130,125,235,177,108,49,182,165,98,65,165,158,170,247,2,58,182,227,148,83,162,68,26,234,155,191,83,65,33,165,180,102,153,216,148,238,123,165,231,7,247,45,22,165,199,49,158,34,165,120,49,245,31,75,226,164,75,158,165,49,233,165,158,104,99,211,165,49,141,140,51,229,9,112,101,38,235,186,247,40,186,89,30,214,187,247,92,49,143,49,49,164,138,222,215,241,190,179,138,165,42,98,175,216,173
Best fitness found so far: 0.6168851152373991; k: 2.0
Generation: 149; 0.6106704124706266; k: 2.0; 63,49,237,104,165,153,151,7,141,182,177,16,153,235,127,247,67,117,141,182,151,131,165,122,141,216,55,164,11,130,125,235,177,198,49,62,165,98,65,165,158,170,247,157,139,178,66,49,83,34,188,26,25,211,72,230,247,165,166,198,185,101,22,71,224,247,176,22,235,165,47,14,13,169,49,165,231,55,247,45,86,131,222,182,153,131,165,122,141,186,79,164,212,130,125,143,107,25,49,182,49,58,65,235,170,170,247,45,210,165,174,49,149,34,61,36,220,245,234,197,219,247,42,49,238,213,101,53,76,62,165,49,33,207,17,247,141,182,199,16,212,135,168,156,6,114,247,72,31,234,134,87,235,152,114,247,143,76,49,22,3,93,42,235,236,56,221,165,160,49,214,165,67,247,9,36,178,247,223,55,141,68,165,217,38,171,247,70,11,59,53,163,136,228,200,178,10,165,49,209,187,107,187,133,53,189,62,51,187,107,187,192,236,153,47,195,49,168,175,139,152,71
Best fitness found so far: 0.6168851152373991; k: 2.0
Generation: 150; 0.6106704124706266; k: 2.0; 63,49,237,104,165,153,151,7,141,182,177,16,153,235,127,247,67,117,141,182,151,131,165,122,141,186,15,164,11,130,125,235,177,108,49,182,165,98,65,165,158,170,109,1,58,182,66,179,235,153,247,205,107,141,182,153,131,165,122,141,186,79,164,212,130,125,143,152,25,49,182,211,39,65,165,161,215,247,45,210,178,120,49,149,34,61,112,213,101,181,106,99,248,49,146,229,192,14,142,182,45,16,66,235,7,96,120,175,247,38,103,79,146,247,165,152,212,49,165,235,117,32,230,151,8,115,24,91,197,247,172,220,49,33,46,17,247,141,182,199,97,141,235,49,156,166,114,59,72,107,28,139,165,235,49,185,247,24,76,49,165,42,108,165,235,124,232,143,122,31,185,126,16,167,137,44,13,127,49,165,231,55,247,45,58,131,225,49,149,170,168,205,175,245,85,29,219,121,42,110,121,34,101,181,76,19,130,49,158,4,224,168,38,42,148,239,64,129,20,212,118,121,146,16,86,153,6,55,46,141,182,165,5,51,123,107,65,107,187,247,235,153,178,128,192,9,165,212,160,213,149,69,223
Best fitness found so far: 0.6168851152373991; k: 2.0
Generation: 151; 0.6106704124706266; k: 2.0; 63,49,237,104,165,153,151,7,141,182,177,16,153,235,127,247,67,117,141,182,151,131,165,122,141,141,15,164,11,130,125,235,177,108,49,182,165,98,153,165,158,170,114,1,58,182,66,49,79,153,247,67,107,141,147,153,131,165,122,141,186,190,164,212,130,125,143,107,25,49,182,49,58,65,64,170,170,247,45,210,165,199,49,149,34,61,36,220,245,234,197,219,247,42,49,112,152,101,53,32,62,165,158,33,189,17,247,141,182,199,48,212,135,168,156,6,114,247,231,31,234,134,87,235,49,55,247,143,76,49,22,3,93,42,124,236,232,221,165,160,49,214,165,67,247,213,23,188,247,76,55,141,68,165,217,38,141,247,70,11,59,53,79,136,228,141,178,10,141,182,13,16,153,20,127,247,67,117,141,182,151,149,165,122,141,216,15,164,11,130,125,235,177,108,49,182,165,98,250,165,82,170,43,157,139,182,213,49,83,34,197,26,49,5,10,230,46,165,166,198,185,101,22,71,224,247,165,22,235,165,137,44,13,169,49,165,231,55,247,45,84,131,78,49,14,204,168,208,175,245,85,235,219,121,42,110,121,34,101,181,76,234,240,49,158,4,92,168,183,42,148,239,59,129,198,212,200,121,246,16,3,153,6,55,46,141,182,165,170,170,247,36,48,165,144,194,83,244,61,141,49,213,101,181,76,171,212,49,158,170,40,247,38,51,148,214,247,142,198,212,49,121,235,191,32,230,106,8,232,159,91,177,247,128,71,99,247,235,206,247,226,219,127,75,159,240,102,165,187,88
Best fitness found so far: 0.6168851152373991; k: 2.0
Generation: 152; 0.6168851152373991; k: 2.0; 63,49,22,104,165,243,247,221,141,182,177,16,247,235,153,92,197,117,189,156,153,40,165,16,225,235,153,247,67,117,141,182,153,131,165,122,141,186,153,174,89,70,125,235,107,25,49,182,49,98,65,165,170,170,247,45,58,165,27,175,149,94,61,141,49,243,234,235,219,247,108,49,112,213,101,53,76,40,189,49,248,132,199,247,141,182,95,16,66,235,49,156,114,114,231,72,107,28,144,165,235,49,44,14,134,76,92,165,213,108,40,235,135,38,22,171,31,61,126,42,61,165,77,102,144,211,246,90,112,73,147,97,194,77,244,165,222,28,151,77,172,15,134,68,247,235,83,247,101,227,83,138,66,176,165,49,95,49,191,117,9,97,49,211,235,231,156,240,15,247,72,84,85,96,165,235,49,199,71,224,247,165,22,192,165,137,44,13,49,49,165,119,55,247,82,58,206,78,209,149,77,168,188,175,29,111,235,219,121,42,110,121,230,101,67,76,234,240,115,158,4,92,168,38,103,73,141,247,129,209,212,200,121,84,16,3,153,6,52,13,81,132,165,44,187,179,124,158,205,71,141,140,156,80,235,230,145,198,179,49,165,196,147,89,55,141,49,47,74,35,242,247,59,19,248,237,202,247,165,124,178,10,100,250,43,98,107,44,247,37,212,222,205,246,107,84,192,19,155,132,95,68,247,235,89,162,196,49,145,14,188,71
Best fitness found so far: 0.6168851152373991; k: 2.0
Generation: 153; 0.6106704124706266; k: 2.0; 63,49,237,104,165,153,151,7,141,182,177,16,153,235,127,247,67,117,141,182,151,131,165,122,69,141,15,164,11,130,125,235,177,108,49,182,165,98,153,165,158,170,114,1,239,182,66,49,79,153,247,67,107,98,147,153,131,165,64,141,186,190,164,212,130,125,143,107,192,49,182,49,58,65,64,170,170,247,45,210,165,199,49,149,34,61,36,117,245,234,197,219,247,42,49,112,152,101,53,32,62,165,158,33,189,17,247,141,182,229,48,212,135,168,19,6,114,247,20,31,234,134,87,235,166,55,29,143,76,49,22,3,93,42,124,236,232,221,165,160,49,214,165,67,28,213,23,188,247,76,55,141,68,165,217,38,141,247,70,156,59,53,79,136,203,141,178,10,141,121,13,214,65,20,70,247,67,117,141,182,151,149,165,122,141,216,15,164,220,130,125,235,177,108,49,26,165,132,250,165,82,170,43,157,42,182,213,49,83,34,197,26,49,5,10,230,46,165,166,198,185,98,22,71,224,247,15,22,42,134,249,235,135,69,221,138,26,61,27,16,90,165,215,126,144,36,241,137,112,137,147,187,151,132,247,165,55,107,151,12,172,102,223,236,24,20,49,97,14,187,71
Best fitness found so far: 0.6168851152373991; k: 2.0
Generation: 154; 0.6106704124706266; k: 2.0; 63,49,237,104,9,153,151,7,133,182,215,16,43,235,127,247,143,117,21,182,151,131,165,122,141,186,69,164,11,130,125,235,177,108,49,182,165,98,65,165,158,170,247,2,58,182,227,148,220,162,68,171,49,5,247,230,62,144,154,65,165,158,221,247,203,139,182,66,49,83,34,61,26,49,5,247,230,92,165,166,215,76,101,22,71,224,247,165,22,235,165,137,44,114,163,49,165,231,55,247,45,58,131,78,49,149,204,168,208,175,245,85,235,219,121,42,61,121,34,101,181,76,234,240,49,158,50,92,168,38,42,148,54,247,129,198,212,200,85,146,16,72,153,6,55,94,141,182,165,5,51,74,107,65,107,187,247,176,59,69,128,192,9,165,17,141,184,149,69,223
Best fitness found so far: 0.6168851152373991; k: 2.0
Generation: 155; 0.6106704124706266; k: 2.0; 63,185,237,104,165,153,151,7,141,182,177,16,153,235,127,247,67,117,141,157,151,131,221,122,141,186,15,164,11,130,125,235,177,108,49,182,165,98,65,165,158,170,247,121,205,186,181,127,99,212,49,158,27,40,222,38,247,148,141,247,165,9,49,67,165,107,167,100,198,211,81,88,67,49,241,248,186,235,151,77,247,235,234,247,165,6,197,110,200,228,71
Best fitness found so far: 0.6168851152373991; k: 2.0
Generation: 156; 0.6106704124706266; k: 2.0; 63,49,237,104,165,153,151,7,141,182,177,16,153,235,127,247,67,117,141,182,151,131,165,122,69,141,15,164,11,130,125,235,177,108,49,182,165,98,153,165,158,170,114,243,239,182,102,49,79,153,247,67,107,98,147,153,131,165,64,141,186,190,164,212,44,239,246,107,192,49,182,222,58,65,64,170,170,247,45,210,165,199,49,149,34,61,36,117,245,234,197,219,247,42,49,112,152,101,53,32,62,165,158,33,189,249,247,141,184,229,96,212,135,168,19,6,114,247,20,31,234,134,87,235,166,55,29,143,76,49,22,3,93,77,124,236,199,221,165,160,49,214,165,67,28,213,23,188,247,76,55,141,68,165,217,38,141,247,70,156,42,53,192,136,203,141,178,10,141,121,13,214,65,20,70,247,67,117,141,182,151,149,165,122,141,216,15,164,220,130,125,235,177,108,49,26,165,132,250,165,82,170,43,157,182,182,213,49,83,34,197,26,49,5,10,230,46,175,247,127,103,212,141,247,248,46,191,245,30,235,16,7,230,106,8,232,235,91,245,247,128,153,77,102,235,206,247,165,241,169,126,3,65,95,235,153,33,154,49,49,214,165,158,136
Best fitness found so far: 0.6168851152373991; k: 2.0
Generation: 157; 0.6106704124706266; k: 2.0; 63,49,237,104,165,153,151,7,141,182,177,16,153,70,127,247,67,117,141,182,151,131,165,122,141,146,15,164,197,130,125,210,177,108,49,182,41,98,65,165,158,170,11,157,139,95,180,49,83,34,132,26,49,5,49,230,45,166,166,198,185,101,22,71,224,247,165,22,174,72,70,44,13,169,49,165,231,55,247,45,58,131,78,49,149,204,168,67,175,245,153,235,110,125,42,187,224,235,153,247,67,117,141,182,153,131,165,162,193,186,79,164,89,130,125,235,235,25,49,182,49,68,65,165,203,170,247,45,102,165,155,49,148,34,170,159,49,245,188,235,219,247,213,49,112,213,101,121,36,99,52,16,33,216,192,112,141,45,199,16,175,235,69,96,42,34,101,181,186,15,164,11,130,125,235,177,102,87,182,165,98,65,118,158,170,247,108,58,76,227,49,64,34,68,26,49,5,108,230,62,165,154,228,224,101,239,71,224,247,3,22,71,165,137,44,13,49,226,165,231,55,247,82,250,131,78,49,190,198,54,188,175,144,125,235,90,121,147,110,121,213,101,181,231,234,240,49,128,243,92,194,38,103,235,119,247,13,198,212,200,175,146,16,3,153,6,232,162,81,132,165,44,47,179,241,158,128,71,141,134,165,80,235,230,241,106,13,36,165,196,147,69,55,141,49,17,127,35,141,247,59,19,248,237,51,247,165,141,182,37,219,212,86,73,65,235,91,187,247,190,92,141,155,101,182,21,141,247,145,22,235,163,202,22,165,165,161,64,34,165,141,49,245,239,47,212,247,42,89,148,40,101,76,76,126,52,26,158,208,91,73,176,103,2,148,247,165,213,212,49,223,240,54,3,13,148,220,164,163,163,6,241,120,189,116,141,134,250,58,176,132,137,71,54,49,9,167,39,137,141,187,128
Best fitness found so far: 0.6168851152373991; k: 2.0
Generation: 158; 0.6106704124706266; k: 2.0; 63,49,237,104,9,153,151,7,141,182,177,16,153,235,127,247,67,117,141,182,151,131,165,122,207,186,15,164,11,130,105,235,177,108,49,182,165,98,65,165,158,170,131,108,15,182,22,3,20,42,235,53,56,221,165,96,49,38,165,67,247,9,36,178,247,223,55,141,68,165,217,62,165,96,49,214,165,67,247,9,36,21,247,223,55,141,68,165,217,18,61,247,70,11,232,53,163,136,228,200,178,10,165,49,209,131,107,150,133,53,189,188,51,187,107,187,192,236,11,47,195,49,168,175,139,152,73
Best fitness found so far: 0.6168851152373991; k: 2.0
Generation: 159; 0.6106704124706266; k: 2.0; 63,49,237,104,165,153,151,7,141,182,177,16,153,235,127,247,67,117,141,182,151,131,165,122,141,186,15,164,11,130,125,235,177,108,49,182,165,98,65,165,178,170,247,1,58,24,168,208,175,245,85,235,219,121,42,18,121,34,101,181,76,234,240,49,83,113,224,168,38,42,148,239,247,129,198,212,200,121,146,16,86,153,6,55,46,141,182,165,191,51,123,189,65,82,187,247,235,153,178,128,192,194,18,212,141,52,149,69,223
Best fitness found so far: 0.6168851152373991; k: 2.0
Generation: 160; 0.6168851152373991; k: 2.0; 63,49,22,242,165,243,247,221,141,182,177,16,247,235,153,92,67,117,189,191,153,40,165,16,225,235,151,247,67,117,141,182,153,131,165,122,141,186,153,164,89,70,125,235,107,25,49,182,49,98,65,165,170,170,247,45,111,165,181,175,149,94,61,141,49,243,119,235,145,247,108,49,112,213,101,53,76,40,99,49,227,39,199,247,138,182,95,16,101,235,49,156,114,114,231,72,107,28,144,165,235,49,185,4,12,76,238,224,181,177,16,247,235,153,247,63,117,141,182,13,131,33,122,141,186,79,223,11,130,37,235,247,115,108,182,165,98,65,148,170,207,247,195,58,165,174,49,77,166,61,141,231,245,247,244,219,247,42,94,54,213,101,116,31,210,219,204,223,182,177,33,141,182,142,49,131,50,108,157,248,7,145,248,131,128,122,141,38,79,121,88,130,22,235,4,181,3,35,230,98,178,235,14,247,244,4,21,150,172,75,76,99,52,168,158,196,160,21,225,103,228,53,247,20,198,212,49,165,189,93,35,147,30,97,213,235,7,40,47,213,153,9,165,242,184,182,242,45,223
Best fitness found so far: 0.6168851152373991; k: 2.0
Generation: 161; 0.6106704124706266; k: 2.0; 63,101,237,104,165,153,13,7,141,37,177,16,153,235,127,247,67,117,141,157,151,131,165,122,141,186,219,164,11,130,125,235,177,108,139,182,25,98,65,165,158,170,247,5,58,182,66,79,235,153,247,67,83,141,182,221,141,182,177,157,242,235,153,247,67,2,59,182,153,136,91,122,141,186,79,164,89,128,125,97,107,221,49,208,34,98,65,92,170,245,206,23,90,201,194,153,43,165,46,141,182,37,85,177,246,73,65,107,34,187,247,247,92,161,155,144,22,57,141,247,145,22,134,167,202,24,13,60,247,49,149,129,168,205,175,245,85,33,219,232,42,110,121,34,101,181,76,198,130,49,158,30,224,168,38,42,148,76,64,158,20,212,118,81,146,40,86,153,151,153,211,165,122,141,186,153,164,89,70,125,235,107,219,49,182,49,98,65,165,170,170,247,45,111,165,27,175,149,94,61,141,49,243,234,235,219,247,108,49,112,213,101,53,76,40,99,49,248,132,199,247,141,182,95,16,101,235,49,156,114,114,231,72,107,28,144,165,235,104,185,4,12,76,92,165,83,108,40,235,135,38,94,171,31,61,125,235,59,25,87,88,39,98,65,165,30,211,136,67,34,168,107,25,171,235,125,247,203,14,61,15,48,46,182,66,99,129,9,49,7,65,107,187,111,235,242,247,60,250,51,174,14,187,184,153,100,165,94,16,219,53,213,131,107,125,235,247,161,49,182,165,98,122,221,231,225,171,45,27,165,139,49,149,204,168,107,187,171,235,125,51,142,59,61,15,165,46,103,110,99,129,9,49,7,65,27
Best fitness found so far: 0.6168851152373991; k: 2.0
Generation: 162; 0.6106704124706266; k: 2.0; 63,49,237,104,165,153,151,7,141,182,177,16,153,235,127,247,67,117,141,182,151,131,165,122,141,216,15,164,11,130,125,235,177,108,49,182,165,98,65,165,158,170,247,157,139,182,66,212,83,143,61,26,49,5,247,230,247,165,166,198,185,101,22,71,224,247,165,22,235,165,137,44,145,169,49,165,231,55,247,45,58,131,78,49,149,166,168,208,175,245,85,235,119,121,120,110,219,34,101,181,76,234,240,49,158,4,52,168,38,42,148,239,247,129,198,129,200,121,146,16,3,153,6,55,46,248,67,117,141,157,151,131,158,122,141,186,15,164,11,130,125,235,177,108,49,182,145,98,65,201,158,170,247,5,58,182,66,79,235,162,247,128,83,141,182,221,141,182,177,157,247,235,153,247,67,2,141,182,153,213,91,122,141,186,79,164,89,10,246,79,107,221,49,208,176,98,65,133,170,245,206,23,90,201,194,153,43,165,46,141,182,37,85,177,246,73,65,107,34,211,247,247,92,38,155,144,22,57,141,247,185,22,235,54,202,24,13,131,247,49,149,129,168,205,175,245,85,77,219,232,42,110,121,34,101,181,76,198,130,49,158,30,224,168,38,42,148,239,217,129,20,212,118,81,146,16,86,153,6,55,46,141,182,165,5,51,123,107,65,107,187,247,235,153,32,128,192,9,1,212,160,213,149,69,223
Best fitness found so far: 0.6168851152373991; k: 2.0
