Generation: 0; -1.0; k: 6.0; 165,236,45,131,5,219,150,101,35,201,213,209,162,246,163,212,239
Best fitness found so far: -1.0; k: 6.0
Generation: 1; 0.14828308140309068; k: 3.9; 222,195,9,201,49,67,7,39,141
Best fitness found so far: 0.14828308140309068; k: 3.9
Generation: 2; 0.07103419046392201; k: 7.1; 213,163,202,79,3,52,91,54,79,201,63,110,158,17,244,3
Best fitness found so far: 0.14828308140309068; k: 3.9
Generation: 3; 0.20813805785738385; k: 2.0; 136,151,249,67,185,162,17,82,11,89,47,52,115,81,205,32,33,120,67,195,244,144
Best fitness found so far: 0.20813805785738385; k: 2.0
Generation: 4; 0.2227603426689798; k: 3.0; 250,73,29,243,49,244,147,112,85,129,9,3,245,74,163,135,106,161,49,201,187,199,103,153,117
Best fitness found so far: 0.2227603426689798; k: 3.0
Generation: 5; 0.3028268296001184; k: 2.0; 197,167,138,206,131,10,163,205,3,107,157,81,205,32,33,120,67,195,244,144
Best fitness found so far: 0.3028268296001184; k: 2.0
Generation: 6; 0.3253841000313086; k: 2.1; 250,73,29,243,49,244,147,112,85,129,9,3,245,74,163,236,177,61,89,197,167,110,232
Best fitness found so far: 0.3253841000313086; k: 2.1
Generation: 7; 0.32285636291360886; k: 2.0; 187,199,201,63,227,158,195,158,195,63,227,158,195,244,3
Best fitness found so far: 0.3253841000313086; k: 2.1
Generation: 8; 0.3253841000313086; k: 2.1; 250,73,29,243,49,219,147,112,85,129,9,3,245,74,163,236,177,61,89,197,167,110,232
Best fitness found so far: 0.3253841000313086; k: 2.1
Generation: 9; 0.3219480271749755; k: 2.0; 129,142,34,89,115,186,205,152,157,74,223,92,197,167,59,148,139,143,163,205,50,107,33,82,97,134,108,126,12
Best fitness found so far: 0.3253841000313086; k: 2.1
Generation: 10; 0.32285636291360886; k: 2.0; 187,199,201,63,227,158,195,158,195,63,227,158,195,244,3
Best fitness found so far: 0.3253841000313086; k: 2.1
Generation: 11; 0.3219480271749755; k: 2.0; 129,142,34,89,115,186,205,152,157,74,223,92,197,167,59,148,139,143,163,205,50,107,33,144
Best fitness found so far: 0.3253841000313086; k: 2.1
Generation: 12; 0.32522701182920416; k: 2.0; 157,236,164,177,61,89,47,25,47,78,115,186,85,129,9,43,245,74,223,92,36,120,69,7,26,235,187,131
Best fitness found so far: 0.3253841000313086; k: 2.1
Generation: 13; 0.3230131236121302; k: 2.0; 80,193,212,150,221,5,243,191,17,227,201,7,67,57,67,175,234,183
Best fitness found so far: 0.3253841000313086; k: 2.1
Generation: 14; 0.31970489934618374; k: 2.0; 197,167,138,245,131,10,163,205,195,107,19,81,159,32,33,120,67,82,17,209,74,89,29,7,195,158,195,63,159,158,195,244,3,17,209,74,89,29,7,195,158,195,63,159,158,195
Best fitness found so far: 0.3253841000313086; k: 2.1
Generation: 15; 0.3646417491299558; k: 2.0; 90,209,75,150,221,5,117,191,39,63,227,158,195,156,163,80,3,134,127,82,129,134,82,200,49,104,11,10,113,245,93,3,52,5,200,126,12
Best fitness found so far: 0.3646417491299558; k: 2.0
Generation: 16; 0.3485810381326207; k: 2.0; 211,123,193,48,209,129,207,34,7,181,49,143,147,112,105,129,9,3,245,167,114,245,63,10,163,205,195,107,19,81,159,68,33,165,6,82,17,7,74,89,113,149,163,204,79,250,157,81,205,32,81,205,32,33,22,67,238,244,144,114,113,149,163,204,79,152,157,81,205,32,81,205,32,33,22,67
Best fitness found so far: 0.3646417491299558; k: 2.0
Generation: 17; 0.3766896721541409; k: 2.0; 129,142,34,240,115,186,205,186,85,129,9,43,155,20,223,92,36,120,69,7,26,128,187,154,119,47,78,45,186,85,108,9,43,245,74,223,92,36,120,69,7,26,235,187,131
Best fitness found so far: 0.3766896721541409; k: 2.0
Generation: 18; 0.3766896721541409; k: 2.0; 129,142,34,240,115,186,187,186,85,129,143,43,155,20,223,162,36,120,69,7,26,128,187,154,119,47,78,45,186,85,108,239,43,245,74,223,92,36,120,69,7,26,235,187,134
Best fitness found so far: 0.3766896721541409; k: 2.0
Generation: 19; 0.3494096764260274; k: 2.0; 80,193,68,69,221,5,109,191,17,227,201,7,67,57,134,65,98,210,51
Best fitness found so far: 0.3766896721541409; k: 2.0
Generation: 20; 0.35616746001919647; k: 2.0; 250,113,29,243,155,3,147,112,61,89,229,176,115,131,205,155,215,110,34,8,183,137,93,3,52,134,52,212,7,151,143,177,205,50,107,114,245,63,10,163,205,195,10,19,81,159,162,33,216,21,82,17,7,74,152,113,65,163,204,79,20,157,81,205,32,81,49,32,33,22,13,238,244,78,3
Best fitness found so far: 0.3766896721541409; k: 2.0
Generation: 21; 0.3800759133393826; k: 2.0; 135,199,201,185,17,158,195,158,195,104,227,11,195,89,229,176,115,15,105,177,215,15,10,113,202,93,3,52,134,200,126,12
Best fitness found so far: 0.3800759133393826; k: 2.0
Generation: 22; 0.3766896721541409; k: 2.0; 129,142,34,240,115,186,187,186,85,129,143,43,155,20,223,162,36,120,69,7,26,93,214,7,201,7,139,143,132,205,50,107,33,21
Best fitness found so far: 0.3800759133393826; k: 2.0
Generation: 23; 0.3766896721541409; k: 2.0; 129,142,34,240,115,186,187,186,85,129,143,43,155,20,223,162,36,120,69,7,26,128,187,19,81,201,134,33,33,234,245,74,223
Best fitness found so far: 0.3800759133393826; k: 2.0
Generation: 24; 0.3766896721541409; k: 2.0; 129,142,34,189,115,186,187,186,193,129,143,43,155,20,223,162,36,120,225,92,19,93,167,162,245,18,10,163,205,195,205,50,201,185,17,158,195,168,195,104,163,11,195,89,147,176,115,15,105,177,215,15,10,113,202,93,3,52,134,76,126,12
Best fitness found so far: 0.3800759133393826; k: 2.0
Generation: 25; 0.3766896721541409; k: 2.0; 129,142,34,189,115,186,187,186,85,129,143,43,155,20,223,162,36,120,225,92,19,197,167,162,245,63,10,163,205,195,205,131
Best fitness found so far: 0.3800759133393826; k: 2.0
Generation: 26; 0.39433958360095633; k: 2.0; 80,193,212,150,221,5,45,191,229,176,115,167,105,177,215,110,67,10,245,231,223,92,202,245,89,57,134,65,98,210,51
Best fitness found so far: 0.39433958360095633; k: 2.0
Generation: 27; 0.3766896721541409; k: 2.0; 247,142,34,240,115,186,187,186,85,129,143,43,155,20,13,162,36,120,69,144,202,93,153,7,64,57,67,175,234,183,186,85,129,143,43,155,74,223
Best fitness found so far: 0.39433958360095633; k: 2.0
Generation: 28; 0.3766896721541409; k: 2.0; 129,142,34,240,115,186,187,186,85,129,143,43,155,20,223,162,36,120,69,7,26,221,114,89,229,42,184,235,9,129,170,145,202,11,176,19,109,219,181,225,234,71,120,69,127,163,235,187,162,245,63,10,163,205,195,205,50,107,33,144,142,34,240,115,186,187,186,85,129,143,43,155,20,223,162,36,120,69,7,126,221,114,89,85,42,39,197,167,162,245,63,10,163,205,195,205,50,107,33,144
Best fitness found so far: 0.39433958360095633; k: 2.0
Generation: 29; 0.3766896721541409; k: 2.0; 129,142,34,240,115,186,187,186,85,129,143,43,155,20,223,162,36,120,69,143,43,155,20,137,162,36,111,69,161,26,93,214,139,64,57,67,241,234,49
Best fitness found so far: 0.39433958360095633; k: 2.0
Generation: 30; 0.39433958360095633; k: 2.0; 80,193,212,150,221,5,45,191,229,176,115,167,105,177,215,110,67,10,245,231,69,162,36,120,191,7,26,135,10,163,205,195,24,131
Best fitness found so far: 0.39433958360095633; k: 2.0
Generation: 31; 0.3766896721541409; k: 2.0; 129,142,34,240,115,186,25,186,85,129,143,43,155,20,223,162,164,120,205,155,215,124,34,8,111,137,93,3,52,134,52,150,158,195,156,114,6,63,10,163,205,195,161,19,26,159,162,33,216,73,82,17,36,74,114,235,188,157
Best fitness found so far: 0.39433958360095633; k: 2.0
Generation: 32; 0.39433958360095633; k: 2.0; 80,193,212,150,221,5,45,191,229,176,115,167,105,177,215,110,67,10,245,231,69,162,36,120,191,33,144
Best fitness found so far: 0.39433958360095633; k: 2.0
Generation: 33; 0.3800759133393826; k: 2.0; 135,199,201,185,17,158,195,158,195,104,227,11,195,89,229,176,115,15,233,177,215,15,10,113,202,93,3,52,69,7,21
Best fitness found so far: 0.39433958360095633; k: 2.0
Generation: 34; 0.39433958360095633; k: 2.0; 80,193,212,150,221,5,177,191,229,176,115,167,105,177,215,110,67,10,245,231,69,32,36,120,191,7,26,135,10,163,205,195,24,131
Best fitness found so far: 0.39433958360095633; k: 2.0
Generation: 35; 0.3766896721541409; k: 2.0; 129,142,34,189,115,186,187,186,85,129,143,43,155,20,223,162,128,120,29,42,23,105,9,75,60,108,202,138,245,92,10,225,205,195,186,85,118,9,43,245,74,223,92,36,120,48,69,70,139
Best fitness found so far: 0.39433958360095633; k: 2.0
Generation: 36; 0.391610093944671; k: 2.0; 129,122,34,240,115,186,187,186,85,129,143,43,115,167,105,177,215,110,67,10,245,231,69,162,36,120,191,7,26,135,10,163,205,195,24,131,10,163,205,195,24,131
Best fitness found so far: 0.39433958360095633; k: 2.0
Generation: 37; 0.39433958360095633; k: 2.0; 80,193,212,150,221,5,87,191,229,176,115,167,105,177,215,110,67,10,245,231,69,162,36,205,195,205,50,107,33,144
Best fitness found so far: 0.39433958360095633; k: 2.0
Generation: 38; 0.391610093944671; k: 2.0; 137,122,34,240,115,186,187,186,85,129,143,43,115,167,105,177,215,110,67,10,245,231,69,162,36,120,191,7,26,135,10,163,26,36,235,69,7,26,221,114,89,134,82,200,49,104,11,240,151,245,93,53,52,5,200,126,23
Best fitness found so far: 0.39433958360095633; k: 2.0
Generation: 39; 0.39433958360095633; k: 2.0; 80,193,212,150,221,5,45,191,229,176,115,167,105,177,215,110,67,10,177,231,69,162,36,120,191,7,26,135,10,163,205,195,205,32,33,22,112,244,186,84,129,102,43,107,20,223,162,36,113,184,212,19,132,247,50,107,33,21
Best fitness found so far: 0.39433958360095633; k: 2.0
Generation: 40; 0.39433958360095633; k: 2.0; 80,193,212,150,221,5,177,191,229,176,115,167,105,177,215,110,67,10,245,231,69,32,36,120,26,128,164,19,81,135,106,201,65,4,24,195
Best fitness found so far: 0.39433958360095633; k: 2.0
Generation: 41; 0.4119591157168306; k: 2.0; 13,142,215,240,115,216,167,186,85,129,143,84,155,20,223,162,164,140,205,155,215,10,34,223,111,210,93,3,56,134,52,100,158,195,246,163,215,230,150,127,82,228,134,82,200,213,24,217,248,212,150,221,5,177,191,229,176,248,167,199,177,215,110,174,10,245,117,69,32,36,120,26,128,164,116,81,112,106,201,65,4,24,195
Best fitness found so far: 0.4119591157168306; k: 2.0
Generation: 42; 0.4119591157168306; k: 2.0; 13,142,215,240,115,216,167,186,85,129,143,84,155,20,223,162,164,140,205,155,215,10,34,223,111,210,93,3,56,134,52,100,158,195,246,163,215,230,150,127,82,228,134,82,221,213,24,130,248,234,150,221,5,237,191,229,176,248,167,199,177,155,72,155,8,10,113,81,93,3,224,209,11,89,235,172,15,186,162,138,29,77,122,30,146
Best fitness found so far: 0.4119591157168306; k: 2.0
Generation: 43; 0.4119591157168306; k: 2.0; 13,142,215,240,115,216,167,186,85,129,143,84,155,20,223,162,164,140,205,155,215,10,34,223,111,210,93,3,56,134,52,100,158,195,246,163,215,230,150,93,82,228,134,82,200,213,24,217,248,212,85,129,143,43,155,20,223,162,36,184,69,7,114,229,1,129,128,204,120,65,7,26,198,214,38
Best fitness found so far: 0.4119591157168306; k: 2.0
Generation: 44; 0.4119591157168306; k: 2.0; 13,142,215,240,115,216,167,186,85,129,143,84,169,20,223,162,164,140,205,155,215,10,34,223,81,210,93,3,56,134,52,100,158,214,246,163,215,230,184,166,82,228,134,3,200,213,24,217,248,212,120,221,5,77,191,229,176,248,167,97,85,129,143,43,155,205,223,107,36,120,69,137,26,221,114,25,229,42,79,235,9,110,170,145,202,138,45,247,109,219,181,225,234,71,120,69,127,57,194,187,162,170,63,10,163,205,195,160,50,107,33,144,142,50,240,115,186,187,186,85,129,143,176,155,20,223,26,36,235,69,7,26,221,114,89,134,82,200,49,104,11,10,151,245,93,3,52,5,200,126,23
Best fitness found so far: 0.4119591157168306; k: 2.0
Generation: 45; 0.4119591157168306; k: 2.0; 13,142,215,240,115,216,167,186,85,129,143,84,155,20,223,162,164,140,205,155,215,10,34,223,111,210,93,3,56,134,140,100,158,195,246,163,215,230,150,127,82,228,134,10,200,213,24,217,248,212,150,221,5,177,191,229,176,248,167,199,94,215,110,174,10,150,221,84,45,191,229,19,115,167,105,177,215,110,67,10,177,231,69,162,36,120,191,7,26,135,10,176,190,177,105,177,215,239,10,113,202,93,3,52,134,200,126,12
Best fitness found so far: 0.4119591157168306; k: 2.0
Generation: 46; 0.4119591157168306; k: 2.0; 164,142,215,240,115,216,167,186,85,129,143,34,155,20,223,162,164,140,205,155,215,160,198,223,111,210,93,3,222,134,140,100,158,195,246,163,215,230,150,127,82,228,134,10,200,213,24,217,248,212,60,221,5,225,191,229,176,52,134,41
Best fitness found so far: 0.4119591157168306; k: 2.0
Generation: 47; 0.4119591157168306; k: 2.0; 13,142,215,240,115,216,167,186,85,129,143,84,169,20,223,162,164,140,118,155,215,10,34,223,81,210,93,3,56,134,52,100,158,214,246,151,215,230,184,166,82,228,134,3,200,202,24,217,248,212,120,221,5,77,191,229,176,248,167,97,51,129,143,43,155,205,223,193,36,196,69,137,26,221,114,25,229,42,79,235,9,110,170,3,202,68,45,247,109,219,181,225,234,71,120,69,127,57,194,187,162,170,63,10,163,205,195,160,50,107,33,144,142,50,240,115,80,187,186,85,129,143,176,155,20,223,26,36,235,69,7,117,221,114,89,32,82,200,49,104,11,10,151,245,93,3,172,5,201,126,23
Best fitness found so far: 0.4119591157168306; k: 2.0
Generation: 48; 0.4119591157168306; k: 2.0; 13,142,215,240,115,216,167,186,85,129,143,84,155,20,223,162,164,140,205,155,215,10,34,223,111,210,93,3,56,134,140,100,158,195,246,163,215,230,150,127,82,228,115,15,105,177,157,15,10,113,202,93,3,9,129,69,145,202,57,176,247,109,219,165,225,234,71,164,69,127,35,235,187,116,245,54,10,247,205,195,205,82
Best fitness found so far: 0.4119591157168306; k: 2.0
Generation: 49; 0.4119591157168306; k: 2.0; 117,142,215,240,115,216,167,186,85,129,143,39,169,20,223,162,164,140,118,155,215,10,54,91,81,210,93,3,56,134,52,100,30,214,246,151,215,230,99,166,82,228,134,3,200,202,24,29,25,23,79,9,129,60,108,202,138,245,92,10,225,215,195,186,85,129,90,43,245,74,223,92,36,120,48,59,1,139
Best fitness found so far: 0.4119591157168306; k: 2.0
Generation: 50; 0.4119591157168306; k: 2.0; 13,142,215,240,115,216,167,186,85,129,143,84,155,20,223,162,164,210,205,155,215,10,34,223,111,210,93,3,12,134,52,100,22,45,191,229,176,115,167,105,177,151,97,67,10,245,231,69,162,36,120,189,110,67,10,177,225,69,52,150,221,5,45,191,229,176,115,167,105,177,215,110,67,10,245,231,77,162,112,130,246,15,202,138,75,92,10,225,112,244,186,2,10,163,236,195,24,131
Best fitness found so far: 0.4119591157168306; k: 2.0
Generation: 51; 0.4119591157168306; k: 2.0; 13,142,215,240,115,216,167,186,85,129,143,84,169,20,223,162,164,140,205,155,215,10,34,223,81,210,93,3,56,134,52,100,158,16,246,163,215,230,184,166,82,130,134,3,200,154,24,217,248,212,120,221,5,77,191,229,176,248,167,97,85,129,143,43,155,205,223,107,36,81,69,137,26,221,114,25,229,42,79,235,9,110,170,145,202,138,45,164,109,219,181,225,166,71,120,69,127,57,194,187,42,170,63,10,163,205,228,160,50,107,33,144,142,50,240,115,186,187,186,85,129,143,176,155,20,223,26,36,235,69,7,26,221,114,24,134,167,162,245,63,10,195,205,195,249,212,107,33,197,162,245,236,16,49,33,191,112,244,153,43,215,110,67,10,245,231,223,92,202,245,89,57,134,87,98,210,111
Best fitness found so far: 0.4119591157168306; k: 2.0
Generation: 52; 0.4119591157168306; k: 2.0; 117,80,215,240,115,216,167,186,85,129,143,39,169,20,223,162,164,140,118,155,215,186,127,129,143,84,155,229,223,162,102,140,100,98,184,159,5,133,191,229,176,207,167,250,177,215,110,67,10,177,162,69,162,36,38,208,91,26,135,10,163,26,151,205,32,33,22,37,244,186,43,129,102,43,107,20,223,162,170,113,108,73,187,186,223,147,143,122,155,62,223,162,36,120,5,92,126,197,167,157,167,45,215,110,56,10,177,231,69,162,120,104,65,46,26,61,10,163,115,167,220,177,215,110,67,10,245,231,69,162,36,120,191,7,26,135,10,163,203,195,82,131,10,163,205,117,24,20,191,162,36,120,184,212,19,132,205,50,107,33,21
Best fitness found so far: 0.4119591157168306; k: 2.0
Generation: 53; 0.4119591157168306; k: 2.0; 13,142,215,240,115,216,145,186,85,129,143,84,155,20,223,162,164,140,205,155,215,218,34,223,130,111,93,150,6,134,10,34,223,115,210,14,3,169,134,52,100,27,214,246,151,215,15,184,166,82,228,134,3,200,202,24,217,248,212,120,132,206,77,191,229,193,248,167,97,51,129,143,38,155,205,223,193,36,189,69,137,26,221,114,25,41,76,79,235,9,110,170,3,119,68,45,247,109,168,181,225,234,71,193,69,240,115,216,167,186,85,103,143,34,155,20,223,194,164,140,205,155,215,14,198,223,111,210,64,3,222,134,140,105
Best fitness found so far: 0.4119591157168306; k: 2.0
Generation: 54; 0.4119591157168306; k: 2.0; 13,142,215,240,115,216,145,186,85,129,143,84,155,20,223,162,164,140,205,155,215,218,111,223,130,111,93,150,6,134,10,34,223,115,210,14,3,209,134,52,100,27,214,246,151,153,15,184,166,82,74,134,230,200,206,24,217,248,110,170,3,202,68,47,247,109,238,181,225,15,71,120,69,127,237,194,247,162,16,185,146,35,235,187,36,120,152,49,26,135,10,163,205,70,24,222
Best fitness found so far: 0.4119591157168306; k: 2.0
Generation: 55; 0.4119591157168306; k: 2.0; 13,142,215,240,115,216,167,186,85,129,143,84,155,20,223,162,164,140,205,155,120,178,34,223,111,197,166,187,56,134,165,100,158,195,246,163,215,230,150,210,235,228,155,72,155,69,10,113,81,93,3,224,209,13,89,235,172,15,186,162,138,160,77,122,30,73
Best fitness found so far: 0.4119591157168306; k: 2.0
Generation: 56; 0.4119591157168306; k: 2.0; 13,142,215,240,115,216,167,186,17,129,143,84,169,20,223,162,164,140,205,155,215,10,34,223,75,210,93,3,56,49,52,100,158,214,246,78,215,230,184,166,32,228,134,3,47,213,24,217,129,212,120,221,5,77,191,229,176,248,167,97,85,235,143,43,155,144,209,107,36,120,69,137,26,221,114,25,107,14,79,235,9,110,170,145,202,169,20,97,162,164,140,118,155,215,186,173,51
Best fitness found so far: 0.4119591157168306; k: 2.0
Generation: 57; 0.4119591157168306; k: 2.0; 64,142,215,240,115,216,13,186,85,129,143,84,155,20,223,162,164,140,123,155,215,10,34,223,111,210,93,3,56,134,52,100,158,195,246,163,215,230,150,93,82,228,134,82,200,213,24,217,248,212,85,129,143,43,155,20,223,162,36,184,69,7,211,164,140,118,155,215,186,127,129,143,84,155,229,223,220,102,140,100,98,162,246,163,215,230,150,127,82,228,134,10,28,159,32,33,184,67,82,135
Best fitness found so far: 0.4119591157168306; k: 2.0
Generation: 58; 0.4119591157168306; k: 2.0; 13,222,215,81,3,216,167,186,85,129,143,84,249,20,223,162,227,140,205,155,42,10,34,229,64,210,93,120,56,92,147,177,210,46,67,10,177,104,69,162,36,120,208,46,87,178,10,163,238,195,205,32,232,223
Best fitness found so far: 0.4119591157168306; k: 2.0
Generation: 59; 0.4119591157168306; k: 2.0; 117,142,215,240,115,121,167,186,85,129,143,39,169,20,5,162,184,140,118,176,215,66,127,141,143,167,186,85,153,159,234,155,92,158,162,164,140,205,155,215,10,175,223,111,130,93,3,27,124,180,52,150,168,5,14,191,143,112,115,167,19,177,215,110,48,10,245,231,77,46,112,195,246,152,61,138,225,155,10,225,112,244,186,2,10,163,236,31,24,131
Best fitness found so far: 0.4119591157168306; k: 2.0
Generation: 60; 0.4119591157168306; k: 2.0; 13,142,215,240,115,216,167,186,85,129,143,84,155,20,223,62,164,140,179,155,240,31,216,229,186,85,129,143,84,155,20,223,162,164,140,179,155,215,246,97,215,70,150,240,82,228,134,82,200,15,63,217,248,212,85,129,143,247,122,211,147,162,79,184,69,7,114,229,1,114,236,169,120,65,7,26,115,214,38
Best fitness found so far: 0.4119591157168306; k: 2.0
Generation: 61; 0.4119591157168306; k: 2.0; 13,142,215,240,115,41,167,186,85,129,143,84,169,20,223,162,92,140,205,155,215,33,34,207,31,210,93,3,56,134,127,100,158,16,246,163,48,230,184,165,82,130,38,117,200,125,104,217,27,212,85,129,143,34,155,20,223,162,164,140,141,155,215,14,61,223,19,210,230,3,69,208,36,220,208,46,26,135,10,15,205,195,205,159,33,22,112,244,111,43,204,102,43,107,20,223,162,54,113,108,6,19,186,85,129,143,129,155,20,78,240,32,120,143,144,19,197,167,92,167,120,42,7,26,226,187,55,215,240,115,41,167,186,85,129,143,84,169,20,223,162,92,140,205,155,215,33,34,207,31,210,93,3,56,134,127,100,158,16,246,163,48,230,184,165,82,130,38,117,200,125,104,217,27,212,85,129,143,34
Best fitness found so far: 0.4119591157168306; k: 2.0
Generation: 62; 0.4119591157168306; k: 2.0; 164,142,215,240,115,216,167,186,85,129,207,34,155,20,223,162,164,140,205,144,215,160,167,16,111,58,93,215,222,232,140,100,158,195,246,163,215,223,177,36,120,69,7,31,221,106,92,217,142,170,240,115,216,167,186,127,129,143,84,107,20,223,162,158,195,246,163,215,134,82,93,82,228,134,82,200,213,24,100,248,212,85,129,143,43,122,20,223,162,79,184,69,7,114,229,1,114,236,169,120,65,7,26,198,214,38
Best fitness found so far: 0.4119591157168306; k: 2.0
Generation: 63; 0.4119591157168306; k: 2.0; 13,142,215,240,115,216,145,186,85,129,143,84,155,20,223,162,164,140,205,155,215,218,34,223,111,111,93,174,6,134,10,34,223,81,210,93,3,29,16,52,100,27,214,246,151,215,85,184,166,82,228,134,3,200,202,24,217,248,215,244,34,223,111,98,93,3,41,134,52,219,158,195,246,163,215,230,150,93,82,228,134,82,200,213,24,217,248,212,85,129,143,43,155,20,223,162,36,184,69,7,114,229,145,129,128,204,120,65,7,26,198,214,38
Best fitness found so far: 0.4119591157168306; k: 2.0
Generation: 64; 0.4119591157168306; k: 2.0; 13,142,215,240,115,216,167,186,85,129,143,84,155,20,223,162,164,140,205,223,162,36,120,143
Best fitness found so far: 0.4119591157168306; k: 2.0
Generation: 65; 0.4119591157168306; k: 2.0; 117,142,215,240,101,121,167,186,85,129,143,39,169,20,5,162,184,140,118,209,215,66,127,141,143,167,186,85,129,159,34,155,20,223,162,164,140,205,72,215,10,175,223,111,210,93,3,36,223,162,36,160,143
Best fitness found so far: 0.4119591157168306; k: 2.0
Generation: 66; 0.4119591157168306; k: 2.0; 13,142,215,240,115,31,167,186,85,129,143,84,155,20,223,162,164,210,205,155,215,10,34,223,42,210,93,187,133,134,52,100,22,45,191,229,176,115,167,105,177,151,97,67,173,245,231,69,162,147,120,189,110,67,10,177,225,69,211,150,221,5,45,191,229,176,115,167,105,69,215,110,67,10,245,231,77,162,112,143,246,15,202,138,75,92,223,225,112,244,186,195,246,163,215,214,152,127,82,113,158
Best fitness found so far: 0.4119591157168306; k: 2.0
Generation: 67; 0.4119591157168306; k: 2.0; 13,142,215,240,115,216,167,186,85,129,143,84,155,20,223,162,249,140,205,155,134,10,34,223,229,191,229,37,2,215,116,186,85,129,90,43,20,74,223,92,36,120,48,59,1,139
Best fitness found so far: 0.4119591157168306; k: 2.0
Generation: 68; 0.4119591157168306; k: 2.0; 129,142,155,240,115,216,35,186,85,129,143,84,223,20,223,122,164,140,118,173,215,10,34,88,81,210,93,3,56,134,52,112,92,214,246,151,215,47,184,166,82,245,134,187,189,202,207,8,248,212,229,191,229,37,2,201,37,177,215,110,67,10,109,231,69,32,36,120,191,7,26,135,62,163,31,195,24,54
Best fitness found so far: 0.4119591157168306; k: 2.0
Generation: 69; 0.4119591157168306; k: 2.0; 95,142,215,240,223,216,167,186,85,129,143,84,169,20,223,162,164,140,118,155,215,231,34,53,81,210,93,52,214,134,52,109,158,163,21,151,215,230,166,166,6,228,134,3,221,202,24,217,248,212,120,221,5,77,191,229,53,248,167,97,51,129,99,43,155,205,223,193,189,196,69,11,26,221,189,25,229,42,7,235,9,110,170,3,202,68,132,247,109,205,181,225,234,118,120,69,127,57,194,187,162,170,63,115,216,193,186,85,129,143,84,169,20,35,162,164,102,182,155,154,22,34,223,81,210,175,75,111,219,93,3,27,134,52,140,99,10,74,179
Best fitness found so far: 0.4119591157168306; k: 2.0
Generation: 70; 0.4119591157168306; k: 2.0; 13,142,215,240,115,216,167,186,85,129,143,84,155,20,37,47,164,140,205,153,59,10,34,223,228,148,93,3,33,71,90,100,158,195,103,131,215,85,170,127,121,228,214,82,200,213,82,98,248,212,150,221,5,23,191,229,176,248,218,21,177,120,110,174,10,245,121,69,32,235,84,169,20,223,162,247,140,118,155,215,10,34,230,81,216,93,245,108,134,52,100,158,214,246,151,215,230,184,166,82,228,134,3,200,202,234,85,129,43,18,155,174,223,162,94,210,205,166,215,10,34,223,111,215,134,150,93,82,228,133,82,200,213,24,217,248,212,62,129,143,36,122,20,223,162,79,27,69,7,114,194,1,114,236,169,120,65,7,26,198,214,38
Best fitness found so far: 0.4119591157168306; k: 2.0
Generation: 71; 0.4119591157168306; k: 2.0; 117,142,215,240,115,216,167,186,85,129,143,39,169,20,5,162,164,140,118,155,215,66,127,112,143,84,155,65,223,36,186,140,100,98,231,246,163,215,230,150,127,50,228,134,27,28,159,32,33,215,230,150,127,82,228,134,10,200,213,24,217,248,212,60,221,5,225,215,230,104,45,202,97,115,15,105,177,250,15,10,113,202,93,3,9,27,69,143,166,57,212,247,110,219,165,225,234,56,164,69,127,130,235,187,116,245,54,10,247,33,184,67,82,135
Best fitness found so far: 0.4119591157168306; k: 2.0
Generation: 72; 0.4119591157168306; k: 2.0; 13,142,75,240,115,216,145,186,85,129,143,84,155,20,223,162,164,140,205,155,104,87,34,223,111,210,93,3,6,235,52,100,158,195,246,137,187,3,83,134,52,201,158,211,170,114,6,122,10,163,205,242,173,210,26,159,162,55,129,182,82,17,246,15,61,138,75,92,9,100,112,244,186,159,10,163,236,195,24,111,196,69,52,150,168,5,14
Best fitness found so far: 0.4119591157168306; k: 2.0
Generation: 73; 0.4119591157168306; k: 2.0; 13,226,215,81,115,216,167,186,85,129,143,84,155,35,223,162,12,140,205,155,215,248,34,229,111,48,84,202,68,45,247,109,233,181,225,234,128,120,69,127,57,194,187,162,170,63,10,163,225,195,166,50,107,33,144,142,50,240,115,233,187,186,85,195,147,45,215,85,129,143,84,48,112,223,162,16,140,205,43,116,137,152,72,111,210,93,120,56,80,21,120,69,7,26,230,187,55
Best fitness found so far: 0.4119591157168306; k: 2.0
Generation: 74; 0.4119591157168306; k: 2.0; 166,10,245,240,115,216,83,186,85,99,143,34,155,20,223,162,164,140,205,155,215,160,145,223,111,210,93,3,222,134,215,110,67,154,245,231,205,92,58,237,89,57,134,158,242,5,45,6,229,175,115,167,105,177,215,110,67,169,177,231,69,162,36,150,117,82,228,134,88,200,213,24,217,248,100,150,221,5,177,191,229,176,248,167,199,210,215,236,174,10,245,117,69,32,36,120,26,128,164,116,81,112,106,201,45,4,24,195
Best fitness found so far: 0.4119591157168306; k: 2.0
Generation: 75; 0.4119591157168306; k: 2.0; 182,142,215,240,115,216,167,186,23,129,143,84,169,20,223,122,245,140,118,155,215,10,34,223,81,210,93,3,56,10,77,100,158,214,246,151,221,230,184,189,82,228,13,3,200,202,226,8,248,212,120,80,5,42,21,56,176,248,167,67,56,211,143,43,155,205,223,245,96,196,69,137,26,221,121,25,229,46,79,235,160,110,170,63,202,68,45,200,109,77,181,215,240,242,88,159,246,85,129,143,115,117,187,131,79,111,143,176,155,20,223,26,36,235,27,7,26,221,114,61,154,167,162,245,63,10,195,205,195,249,212,107,33,197,162,245,236,16,49,33,191,112,244,142,91,127,110,67,10,245,231,223,92,202,245,89,18,134,87,2,210,111
Best fitness found so far: 0.4119591157168306; k: 2.0
Generation: 76; 0.4119591157168306; k: 2.0; 13,142,215,240,115,216,167,186,85,129,143,84,155,20,223,162,164,140,205,155,215,10,34,48,115,121,167,30,85,129,143,39,169,20,5,162,143,140,118,155,240,9,127,141,143,167,186,85,129,159,234,155,20,223,162,164,151,205,155,215,10,175,223,111,210,93,3,27,124,180,184,173,22,205,210
Best fitness found so far: 0.4119591157168306; k: 2.0
Generation: 77; 0.4119591157168306; k: 2.0; 13,38,215,99,45,216,167,186,85,129,143,84,169,20,223,162,164,175,60,155,154,10,34,93,3,223,178,52,100,27,214,184,26,215,230,184,166,82,228,134,3,200,202,24,217,248,212,120,132,206,77,191,181,193,248,167,97,51,129,176,43,155,205,223,193,36,189,69,137,26,221,114,25,41,76,79,235,9,110,226,3,119,68,45,247,109,168,181,225,234,71,193,69,127,14,194,187,235,170,88,22,163,199,195,160,83,107,116,144,142,196,240,115,80,187,186,85,129,143,176,160,20,249,26,90,235,157,7,117,226,114,120,191,7,26,220,10,163,205,3,155,201,223,247,36,174,211,7,43,221,106,92,40,42,183,197,227,137,245,63,10,195,225,195,245,74,223
Best fitness found so far: 0.4119591157168306; k: 2.0
Generation: 78; 0.4119591157168306; k: 2.0; 13,142,215,240,115,216,145,186,85,129,143,84,155,20,223,162,164,140,205,155,215,218,34,223,130,111,93,150,6,134,10,34,223,115,210,14,3,169,134,235,100,165,214,246,151,215,228,184,166,82,168,134,223,81,202,24,217,248,212,120,132,206,77,191,229,193,248,167,97,51,129,15,38,155,205,223,193,36,123,69,137,26,221,114,25,41,76,79,235,9,110,87,3,232,68,45,41,26,221,114,25,229,42,79,64,9,110,170,14,3,56,134,140,69,7,42,128,49,19,205,106,215,10,34,131,111,210,93,187,56,231,240,92,142,245,89,57,134,118,98,210,51,215,228,184,166,82,168,134,223,81,202,24,217,248,212,120,132,206,77,191,229,193,248,167,97,51,129,15,38,155,205,223,193,36,123,69,137,26,221,114,25,41,76,79,235,9,110,87,3,232,68,45,41,26,221,114,25
Best fitness found so far: 0.4119591157168306; k: 2.0
Generation: 79; 0.4119591157168306; k: 2.0; 13,142,215,240,115,216,167,186,85,129,143,84,169,20,223,162,164,140,205,165,215,10,34,223,81,210,93,3,56,134,52,100,222,16,246,163,215,230,184,166,82,130,134,3,200,154,24,42,248,212,120,221,5,77,12,229,176,248,167,97,85,129,143,43,155,205,223,107,36,81,69,137,26,221,114,25,229,42,79,235,250,110,170,145,202,138,45,164,109,219,190,225,166,71,181,69,127,149,194,187,42,170,31,10,163,205,228,160,50,107,33,142,215,148,115,216,167,186,85,129,143,4,155,10,223,162,164,140,205,155,137,10,215,160,198,223,66,210,93,203,203,39,140,47,195,195,246,163,215,230,150,127,82,113,158
Best fitness found so far: 0.4119591157168306; k: 2.0
Generation: 80; 0.4119591157168306; k: 2.0; 13,142,215,240,115,216,145,186,85,129,143,84,155,20,223,7,164,140,205,155,215,10,34,223,114,210,43,3,6,134,139,238,158,195,246,137,93,3,160,3,169,159,52,72,158,214,246,151,215,199,184,166,82,65,134,171,200,202,24,85,129,43,84,155,20,223,162,164,210,205,166,63,10,143,223,111,223,81,107,93,3,56,134,206,100,158,214,246,151,143,230,184,166,213,228,173,3,134,202,4,217,248,212,184,221,5,77,11,229,176,131,167,97,51,129,143,225,155,205,143,193,224,209,147,89,235,165,15,186,162,38,29,77,122,233,181
Best fitness found so far: 0.4119591157168306; k: 2.0
Generation: 81; 0.4119591157168306; k: 2.0; 166,148,215,240,115,216,167,186,85,129,143,34,155,20,223,162,164,140,205,155,215,160,145,223,111,200,93,12,222,134,215,82,67,154,111,231,205,52,100,158,214,246,151,215,230,184,166,82,228,134,3,200,202,183,217,248,212,120,221,5,77,94,229,176,248,167,97,112,156,143,43,155,212,223,193,36,196,69,137,26,120,69,127,198,194,247,162,170,185,127,35,235,187,36,120,152,7,26,135,10,163,205,70,24,222
Best fitness found so far: 0.4119591157168306; k: 2.0
Generation: 82; 0.4119591157168306; k: 2.0; 249,80,215,204,115,216,167,186,85,129,143,39,169,155,223,162,164,140,202,155,215,186,127,129,143,84,123,229,223,162,37,140,100,81,96,159,5,133,191,55,176,207,167,250,177,215,95,67,10,177,162,13,162,36,38,208,91,112,135,10,163,26,151,205,32,161,191,37,244,186,43,129,112,201,107,143,116,162,170,40,108,73,187,186,223,147,233,191,155,81,223,162,127,196,5,92,126,197,167,157,167,45,215,110,56,10,226,231,69,162,229,86,65,20,223,162,36,184,69,7,114,229,13,129,128,204,120,220,7,26,198,214,38
Best fitness found so far: 0.4119591157168306; k: 2.0
Generation: 83; 0.4119591157168306; k: 2.0; 13,142,170,240,115,216,167,186,127,129,143,84,155,20,223,162,158,195,246,195,215,134,150,93,82,228,134,82,200,213,24,217,248,212,85,129,143,215,122,20,223,92,79,81,69,7,114,229,1,114,236,169,120,115,216,167,186,85,129,143,234,155,20,223,162,238,140,205,153,137,10,215,160,198,223,182,147,93,203,222,39,140,47,195,195,246,163,215,2,150,127,82,113,158
Best fitness found so far: 0.4119591157168306; k: 2.0
Generation: 84; 0.4119591157168306; k: 2.0; 13,142,215,240,115,216,167,186,85,129,143,84,155,20,207,162,164,140,205,161,215,10,233,223,111,210,93,128,64,134,52,100,158,195,246,163,215,93,51
Best fitness found so far: 0.4119591157168306; k: 2.0
Generation: 85; 0.4119591157168306; k: 2.0; 13,142,215,240,115,216,167,186,85,129,143,84,155,20,223,162,164,140,205,52,215,205,34,223,84,210,155,3,12,82,52,173,201,228,34,63,176,115,167,105,166,151,97,67,10,245,129,69,162,207,249,189,110,67,10,177,225,69,52,36,120,191,1,16,102,248,163,205,127,155,114,223,162,36,156,69,14,31,240,115,216,167,186,85,103,143,34,155,20,223,194,164,7,205,155,215,14,198,223,111,210,157,3,222,134,220,105,34,223,84,210,155,3,12,82,52,173,201,228,34,63,176,115,167,105,166,151,97,67,10,245,129,69,162,207,249,189,110,67,10,177,225,69,52,36,120,191,1,16,102,248,163,205,127,155,114,223,162,36,156,69,14,31,240,115,216,167,186,85,103,143,34,155,20,223,194,164
Best fitness found so far: 0.4119591157168306; k: 2.0
Generation: 86; 0.4119591157168306; k: 2.0; 167,142,215,240,115,216,167,186,85,129,143,84,155,20,223,162,164,35,216,104,164,140,205,155,215,10,175,223,111,138,93,3,27,134,149,100,158,22,205,210
Best fitness found so far: 0.4119591157168306; k: 2.0
Generation: 87; 0.4119591157168306; k: 2.0; 77,142,215,240,115,216,167,186,163,129,143,84,169,20,223,122,245,140,118,155,215,10,34,223,81,210,93,3,56,134,77,100,158,214,246,151,180,230,184,166,82,228,134,3,200,202,226,8,248,212,120,221,5,42,66,56,176,248,167,67,51,211,143,43,155,205,223,245,96,196,69,137,26,221,140,143,229,46,79,235,10,110,170,3,202,68,45,200,109,219,181,215,240,244,88,65,186,85,129,75,228,155,20,217,15,164,140,205,134,158,98,210,42
Best fitness found so far: 0.4119591157168306; k: 2.0
Generation: 88; 0.4119591157168306; k: 2.0; 13,222,215,81,3,216,167,186,85,129,143,84,249,20,223,162,227,140,143,155,42,10,34,229,64,210,93,120,56,92,147,177,210,46,67,10,177,231,69,241,36,120,208,46,190,135,10,163,85,195,205,32,33,22,112,176,186,43,176,102,128,107,20,223,162,170,113,108,218,187,186,85,129,143,43,85,41,223,162,36,120,143
Best fitness found so far: 0.4119591157168306; k: 2.0
Generation: 89; 0.4119591157168306; k: 2.0; 13,142,215,168,235,216,167,186,145,129,143,84,169,20,41,162,247,140,118,155,215,10,34,223,81,210,93,47,52,201,158,211,103,114,6,122,10,163,205,195,173,210,164,159,162,33,135,73,82,17,229,176,10,167,105,177,215,110,67,213,245,231,77,162,112,130,246,15,202,138,75,92,10,225,93,244,186,2,153,163,51,195,24,131
Best fitness found so far: 0.4119591157168306; k: 2.0
Generation: 90; 0.4119591157168306; k: 2.0; 13,142,215,45,115,201,167,186,85,129,159,234,155,20,223,162,164,50,205,155,215,10,175,223,111,210,93,3,27,134,152,162,247,140,118,155,215,10,34,223,81,216,93,61,169,35,52,100,158,214,246,151,215,7,184,166,82,47,134,129,200,202,24,85,129,43,84,155,174,223,162,94,210,73,166,215,10,34,223,111,215,134,150,93,82,228,133,82,200,213,24,217,248,212,62,129,143,36,122,20,223,162,92,33,69,7,209,194,1,114,236,169,120,63,7,26,198,214,38
Best fitness found so far: 0.4119591157168306; k: 2.0
Generation: 91; 0.4119591157168306; k: 2.0; 182,142,215,240,115,216,167,186,25,129,143,84,169,20,223,122,245,140,118,155,215,10,34,187,45,210,99,3,56,134,77,47,158,214,105,151,221,245,184,166,82,228,13,3,200,202,226,8,248,212,120,80,5,42,21,56,176,248,167,67,51,211,143,43,155,205,223,245,96,196,69,137,26,221,121,25,229,46,79,235,160,110,170,35,202,68,45,200,109,219,181,215,240,244,218,159,186,85,129,143,228,155,20,217,128,164,140,205,155,215,10,34,144,189,221,114,25,200,42,79,235,9,110,170,3,202,68,47,247,109,3,181,225,152,71,120,69,127,237,156,247,162,170,42,79,235,9,110,170,195,202,138,45,164,136,219,181,225,166,71,120,69,117,57,194,187,42,34,63,27,163,205,228,160,119,107,33,144,142,50,240,115,186,154,186,85,129,143,176,155,20,223,26,36,235,69,7,26,221,114,24,134,167,162,245,63,97,195,205,195,249,212,107,33,197,162,34,236,16,49,33,191,112,97,153,43,215,110,67,10,245,231,223,92,202,197,89,57,134,87,98,210,44
Best fitness found so far: 0.4119591157168306; k: 2.0
Generation: 92; 0.4119591157168306; k: 2.0; 167,142,215,240,115,216,167,186,85,129,143,84,155,20,223,162,164,60,205,155,185,10,5,223,111,31,221,114,89,85,42,218,197,167,70,3,9,129,69,145,166,57,176,247,110,219,165,225,234,71,164,69,127,35,235,187,116,34,143,10,247,33,184,67,82,135
Best fitness found so far: 0.4119591157168306; k: 2.0
Generation: 93; 0.4119591157168306; k: 2.0; 13,142,215,240,115,216,145,186,85,129,143,84,155,20,223,162,164,140,205,155,76,218,34,223,111,111,93,150,42,134,10,105,223,81,210,93,3,169,134,52,100,27,214,215,240,103,216,145,186,46,129,143,84,155,20,223,7,164,140,205,155,215,130,34,223,111,210,93,3,6,134,52,151,158,195,209,137,93,3,160,3,169,134,52,72,158,214,246,151,111,120,184,193,82,65,134,171,200,202,24,85,129,43,84,155,20,223,162,92,210,205,166,245,10,143,223,111,210,93,234,12,134,52,171,22,45,191,229,176,115,167,245,37,151,97,107,10,245,231,69,162,87,55,189,22,67,227,177,225,185,52,150,168,200,14,191,143,112,115,167,19,177,215,250,67,10,245,231,77,101,112,195,246,152,61,35,225,155,10,225,112,244,186,2,49,163,236,31,24,123
Best fitness found so far: 0.4119591157168306; k: 2.0
Generation: 94; 0.4119591157168306; k: 2.0; 13,142,215,240,107,216,167,186,35,129,143,84,169,20,223,162,164,140,205,155,215,10,34,223,81,210,93,3,56,134,52,100,225,214,246,163,215,230,240,166,82,228,134,3,200,213,185,61,248,212,120,221,5,77,191,229,176,248,167,97,85,129,143,43,155,205,223,107,36,120,69,137,26,221,114,25,229,42,90,235,9,110,170,145,202,35,45,247,109,177,181,225,234,71,120,69,127,57,145,167,162,170,63,10,163,205,195,160,50,107,33,144,142,50,240,115,186,187,186,85,129,143,75,155,20,223,26,199,235,69,7,26,221,114,89,134,82,200,49,104,11,10,151,245,93,3,52,5,200,126,23
Best fitness found so far: 0.4119591157168306; k: 2.0
Generation: 95; 0.4119591157168306; k: 2.0; 164,142,215,240,115,216,167,186,85,129,197,34,155,20,223,162,164,140,169,155,62,160,198,16,111,58,11,89,235,172,15,186,162,138,29,77,122,30,146
Best fitness found so far: 0.4119591157168306; k: 2.0
Generation: 96; 0.4119591157168306; k: 2.0; 117,80,215,240,115,216,167,186,85,129,143,39,169,20,223,162,164,140,118,155,215,186,127,129,143,84,155,229,223,162,102,222,100,98,184,159,47,133,191,229,176,207,167,250,177,215,110,68,10,177,162,233,138,36,90,208,91,26,141,10,163,26,151,205,32,33,22,37,244,37,43,129,102,14,107,151,223,162,170,166,108,73,187,27,223,147,143,122,155,62,223,162,36,120,165,92,126,197,167,92,167,45,215,110,56,10,177,45,69,162,120,104,65,46,26,61,10,163,115,144,220,177,215,45,67,10,32,231,69,162,36,120,191,7,26,135,10,163,203,195,82,131,10,163,99,117,24,20,207,162,36,120,184,161,19,132,205,50,144,234,21
Best fitness found so far: 0.4119591157168306; k: 2.0
Generation: 97; 0.4119591157168306; k: 2.0; 13,142,215,51,115,216,167,186,85,129,143,84,169,20,223,122,193,140,118,155,66,160,34,223,81,210,93,3,56,134,52,100,158,214,246,151,14,230,184,166,82,228,134,3,37,159,131,8,248,212,245,221,5,77,147,229,176,248,167,97,51,129,143,43,155,205,223,245,36,196,69,137,26,221,114,25,229,144,79,235,9,110,246,3,202,68,45,247,109,219,181,225,234,71,120,69,233,221,22,186,158,186,75,228,143,43,115,167,74,177,215,110,67,10,245,199,12,162,36,120,191,7,199,135,101,163,45,36,235,69,7,26,221,144,69,191,207,120,211,207,67,10,200,225,69,52,36,120,191,7,156,102,10,163,205,3,155,114,223,162,36,120,69,14,31,221,212,92,167,246,108,202,138,118,92,10,225,205,195,107,214,81,159,32,33,184,67,82,135,26,221,144,69,191,207,120,211
Best fitness found so far: 0.4119591157168306; k: 2.0
Generation: 98; 0.4119591157168306; k: 2.0; 13,142,215,240,115,216,145,186,85,129,143,84,155,20,117,162,164,140,205,155,215,218,34,223,111,111,93,150,6,134,10,158,223,81,210,93,3,169,134,52,100,27,214,246,105,215,230,184,166,82,228,134,85,200,202,24,159,248,212,120,132,206,77,191,229,193,248,167,97,51,129,143,43,155,205,223,218,36,189,147,137,26,221,114,25,41,76,79,235,3,33,170,3,119,68,45,247,109,168,181,225,234,71,193,69,127,26,129,143,247,122,20,147,162,79,184,69,88,56,229,1,114,236,169,120,65,30,26,236,214,38,105,215,230,184,166,82,228,134,85,200,202,24,159,248,212,120,132,206,77,191,229,193,248,167,97,51,129,143,43,155,205,223,218,36,189,147,137,26,221,114,25,41,76,79,235
Best fitness found so far: 0.4119591157168306; k: 2.0
Generation: 99; 0.4119591157168306; k: 2.0; 13,142,215,240,235,216,167,186,145,129,143,84,169,20,73,162,214,140,118,155,215,10,34,223,81,216,93,16,110,127,52,100,158,214,246,151,215,230,184,151,82,228,134,3,200,202,24,85,129,43,84,155,174,223,162,94,210,65,195,187,195
Best fitness found so far: 0.4119591157168306; k: 2.0
Generation: 100; 0.4119591157168306; k: 2.0; 175,142,215,240,115,216,167,186,85,129,143,34,155,20,223,162,164,140,205,155,215,14,198,223,111,210,230,3,222,134,140,131
Best fitness found so far: 0.4119591157168306; k: 2.0
Generation: 101; 0.4119591157168306; k: 2.0; 13,142,215,240,115,1,145,186,85,129,143,84,155,20,223,162,164,140,205,155,215,10,122,223,111,210,155,3,61,134,52,109,158,195,246,137,93,109,160,134,52,201,158,211,170,114,6,51,10,163,205,163,215,230,150,127,82,228,134,82,200,226,24,217,248,212,150,129,5,177,211,229,176,248,90,199,52,215,110,174,10,144,117,69,32,36,120,95,100,164,116,81,112,106,111,162,31,24,195
Best fitness found so far: 0.4119591157168306; k: 2.0
Generation: 102; 0.4119591157168306; k: 2.0; 13,142,215,240,13,216,167,186,85,129,159,84,169,20,223,162,164,140,118,11,215,223,34,223,81,210,93,61,56,134,52,100,158,214,246,151,143,230,184,166,82,228,134,3,134,202,4,217,248,15,170,221,5,77,191,229,221,248,167,97,51,129,143,43,155,205,143,193,224,209,11,89,235,172,15,159,162,38,29,77,122,30,146
Best fitness found so far: 0.4119591157168306; k: 2.0
Generation: 103; 0.4119591157168306; k: 2.0; 13,142,215,240,115,216,229,186,85,129,143,84,155,20,223,162,164,140,179,155,215,73,163,215,134,150,93,82,228,134,82,200,213,24,217,248,178,85,129,143,247,122,231,147,162,79,184,69,7,114,229,1,114,236,169,120,65,7,26,198,214,38
Best fitness found so far: 0.4119591157168306; k: 2.0
Generation: 104; 0.4119591157168306; k: 2.0; 13,142,215,240,115,216,167,186,85,129,143,84,155,20,181,162,164,140,205,155,215,224,34,223,111,155,205,223,193,189,143,69,137,26,221,189,25,229,42,7,235,9,110,170,3,202,68,45,247,109,65,181,225,234,71,120,69,72,69,194,236,128,50,63,10,163,216,3,160,50,134,202,4,217,248,212,170,8,5,240,164,228,176,248,174,97,51,129,37,64,155,205,143,150,224,209,154,89,235,172,104,186,93,98,29,77,122,30,146
Best fitness found so far: 0.4119591157168306; k: 2.0
Generation: 105; 0.4119591157168306; k: 2.0; 117,142,215,240,115,216,167,186,85,129,143,39,169,20,223,162,164,140,118,155,167,19,177,215,110,67,10,245,231,77,46,112,195,246,152,61,138,225,155,250,225,112,244,186,2,10,163,236,31,24,131
Best fitness found so far: 0.4119591157168306; k: 2.0
Generation: 106; 0.4119591157168306; k: 2.0; 166,148,215,240,211,216,167,186,85,129,85,34,155,20,223,162,164,140,205,155,215,160,26,223,111,200,93,12,104,134,55,110,67,154,111,231,205,52,100,158,214,246,151,215,230,184,166,82,228,134,202,6,202,24,217,248,212,120,221,5,77,191,229,72,248,167,97,112,100,143,43,57,205,223,193,36,196,69,137,26,221,94,25,229,42,79,250,146,110,170,3,202,68,45,247,109,219,181,225,216,71,120,69,127,57,194,125,162,170,63,10,163,205,195,160,50,107,33,144,142,50,123,115,80,187,186,85,129,143,128,155,20,189,208,36,235,69,7,117,221,114,89,32,82,200,49,104,11,10,151,245,128,3,172,111,133,126,23
Best fitness found so far: 0.4119591157168306; k: 2.0
Generation: 107; 0.4119591157168306; k: 2.0; 13,142,215,240,115,36,103,186,85,129,143,84,221,20,9,162,164,140,205,227,215,10,34,223,111,210,93,112,56,134,58,215,82,67,36,245,242,88,247,36,120,36,120,191,33,144
Best fitness found so far: 0.4119591157168306; k: 2.0
Generation: 108; 0.4119591157168306; k: 2.0; 13,142,215,240,115,216,167,186,85,129,143,84,155,20,223,162,164,140,205,155,215,10,34,223,111,210,93,3,56,134,52,100,158,195,246,163,215,230,150,127,82,228,134,82,200,213,24,190,248,210,115,120,56,92,147,120,69,7,26,226,6,55
Best fitness found so far: 0.4119591157168306; k: 2.0
Generation: 109; 0.4119591157168306; k: 2.0; 13,142,215,90,187,216,167,186,85,129,143,84,155,20,223,162,164,140,84,10,177,109,69,127,36,120,191,7,26,135,10,71,205,3,155,20,223,162,36,172,69,7,188,221,114,89,85,64,241,197,167,162,169,137,10,195,163,229,19,173,167,105,177,215,110,67,10,177,134,69,162,36,120,191,7,26,83,10,176,190,130,105,177,215,239,10,151,202,223,3,52,134,200,126,12
Best fitness found so far: 0.4119591157168306; k: 2.0
Generation: 110; 0.4119591157168306; k: 2.0; 13,142,215,240,223,216,167,186,85,129,143,84,169,20,223,162,164,140,118,155,215,44,34,53,3,27,134,180,100,158,105,205,210
Best fitness found so far: 0.4119591157168306; k: 2.0
Generation: 111; 0.4119591157168306; k: 2.0; 102,142,215,72,115,216,167,186,85,129,143,234,155,20,223,162,164,140,205,17,215,10,34,179
Best fitness found so far: 0.4119591157168306; k: 2.0
Generation: 112; 0.4119591157168306; k: 2.0; 13,142,215,240,115,216,207,186,85,129,143,219,57,20,159,162,164,140,205,155,215,10,34,223,111,210,93,112,56,134,249,100,158,237,246,163,215,230,215,240,115,216,167,186,85,129,143,84,155,20,223,162,164,140,205,52,215,10,34,223,111,210,93,3,12,197,210,100,172,45,34,229,176,89,57,9,6,98,210,145,140,205
Best fitness found so far: 0.4119591157168306; k: 2.0
Generation: 113; 0.4119591157168306; k: 2.0; 13,142,215,240,115,216,145,186,85,129,143,84,11,20,223,162,164,140,205,155,215,218,111,223,82,111,39,150,6,134,10,34,223,115,210,14,133,209,134,52,100,27,214,197,151,153,15,184,166,82,74,175,230,200,206,24,217,248,110,170,36,26,69,137,26,221,114,25,229,42,79,235,9,110,170,3,202,43,45,247,109,57,181,225,234,71,120,69,127,57,194,187,162,170,63,10,163,205,195,160,50,107,33,144,142,104,240,115,80,187,186,248,129,143,176,155,20,223,26,36,235,5,7,14,221,114,89,32,82,200,49,104,11,10,133,245,93,3,172,5,201,126,23
Best fitness found so far: 0.4119591157168306; k: 2.0
Generation: 114; 0.4119591157168306; k: 2.0; 13,142,215,240,115,216,167,186,85,129,143,84,155,20,223,162,164,140,205,155,215,10,34,223,111,210,166,187,56,134,52,100,158,195,246,163,9,230,184,166,82,122,134,3,200,49,24,217,248,212,120,221,49,77,191,229,176,248,167,97,85,129,143,43,155,205,152,107,36,120,69,137,26,221,184,25,229,42,79,235,9,110,170,75,202,138,45,247,109,219,181,225,234,71,120,69,127,57,194,187,162,170,63,10,163,205,195,160,50,107,33,144,142,50,240,115,186,187,186,85,129,143,176,144,20,223,26,36,235,69,7,26,221,114,89,134,82,200,49,104,100,10,151,245,93,3,52,5,200,126,23
Best fitness found so far: 0.4119591157168306; k: 2.0
Generation: 115; 0.4119591157168306; k: 2.0; 224,142,215,240,115,216,167,186,85,129,143,84,155,20,223,162,164,140,205,155,215,10,34,223,224,210,166,187,56,44,52,100,155,223,162,164,140,202,155,215,186,127,129,143,84,123,229,223,162,37,140,100,81,184,159,5,218,191,55,176,207,167,250,177,215,110,67,10,177,162,69,162,26,38,208,91,30,135,10,32,26,151,205,32,33,159,37,244,186,43,129,112,201,107,143,204,162,170,113,108,73,187,186,223,147,233,191,155,81,223,162,127,196,5,92,126,197,167,157,167,45,215,110,200,10,177,231,69,162,229,86,65,46,31,61,10,163,115,167,220,177,215,110,67,10,245,231,69,162,36,120,191,7,26,135,10,163,203,195,82,131,10,163,205,117,42,10,34,229,111,210,93,120,56,92,147,120,69,7,26,226,187,104
Best fitness found so far: 0.4119591157168306; k: 2.0
Generation: 116; 0.4119591157168306; k: 2.0; 117,80,215,240,115,216,167,186,85,129,143,39,169,20,223,162,164,140,118,103,215,9,127,177,210,46,53,10,177,231,143,111,36,120,208,46,190,135,10,163,205,195,205,32,33,22,112,176,186,43,176,102,158,107,20,223,162,205,113,107,190,79,186,85,129,143,43,155,36,223,162,54,120,143
Best fitness found so far: 0.4119591157168306; k: 2.0
Generation: 117; 0.4119591157168306; k: 2.0; 13,142,215,240,235,216,167,186,145,129,143,84,169,20,41,162,231,140,118,155,215,10,34,223,81,210,93,62,52,201,158,211,170,114,6,122,10,163,205,195,173,210,26,159,10,123,159,32,33,184,67,82,135
Best fitness found so far: 0.4119591157168306; k: 2.0
Generation: 118; 0.4119591157168306; k: 2.0; 13,142,215,240,115,246,167,186,85,129,143,84,155,20,181,162,164,140,48,7,215,10,34,223,120,210,93,35,112,134,52,100,102,129,143,84,155,20,223,162,19,140,205,155,215,10,34,223,111,196,93,3,56,73,164,100,158,155,215,10,127,223,111,210,93,3,27,233,142,107,158,22,205,195
Best fitness found so far: 0.4119591157168306; k: 2.0
Generation: 119; 0.4119591157168306; k: 2.0; 54,142,215,240,115,216,145,186,85,129,143,84,155,20,223,162,164,140,205,157,215,66,34,73,111,210,93,3,6,134,52,100,37,195,246,75,93,3,160,134,52,201,158,225,170,114,6,221,5,204,191,229,176,207,167,167,177,190,110,67,10,177,231,170,162,36,120,104,46,111,135,10,61,205,195,24,32,46,22,182,244,186,35,233,102,43,107,20,17,162,25,113,138,81,247,109,219,247,225,234,221,197,167,157,28,45,250,110,80,10,177,231,69,162,120,104,65,46,26,61,10,163,115,167,220,177,215,110,67,177,245,231,213,162,36,120,191,7,26,135,10,163,203,195,82,131,10,163,205,117,24,20,59,162,36,120,184,212,19,132,205,50,107,33,21
Best fitness found so far: 0.4119591157168306; k: 2.0
Generation: 120; 0.4119591157168306; k: 2.0; 13,38,215,99,115,216,167,186,85,129,143,84,169,20,5,162,164,175,60,155,215,10,34,223,81,210,93,3,56,134,52,100,158,146,29,151,215,230,184,119,82,223,162,164,140,84,10,177,231,69,52,36,120,191,7,26,135,10,71,205,3,155,20,223,162,36,120,3,7,31,221,114,89,85,42,200,197,167,162,245,63,10,201,205,195,245,74,223
Best fitness found so far: 0.4119591157168306; k: 2.0
Generation: 121; 0.4119591157168306; k: 2.0; 13,142,215,240,115,216,167,186,85,129,143,84,169,20,223,162,164,140,205,155,215,10,34,223,81,210,93,3,56,134,52,100,158,16,246,71,155,230,184,166,82,130,134,3,200,154,24,217,248,212,92,221,5,77,191,229,176,50,167,97,85,129,143,43,155,205,223,107,36,217,69,137,26,2,114,25,42,42,79,172,9,110,170,145,120,143
Best fitness found so far: 0.4119591157168306; k: 2.0
Generation: 122; 0.4119591157168306; k: 2.0; 13,142,215,240,13,216,167,186,85,129,159,84,169,20,223,162,164,140,118,155,215,223,34,223,81,210,111,162,164,140,205,155,215,160,145,247,111,210,93,3,222,45,215,110,67,154,225,231,117,92,202,245,89,57,165,158,98,210,51
Best fitness found so far: 0.4119591157168306; k: 2.0
Generation: 123; 0.4119591157168306; k: 2.0; 13,142,215,240,115,216,167,186,85,129,143,84,155,20,223,162,164,140,179,155,215,10,34,223,93,210,146,3,56,134,227,155,164,223,162,227,140,205,155,42,10,34,158,98,210,51,20,223,162,164,140,179,155,200,10,34,223,93,210,25,3,56,134,227,100,158,195,14,163,5,230,150,127,82,228,190,64,221,144,24,130,248,234,217,221,5,241,92,229,176,248,167,199
Best fitness found so far: 0.4119591157168306; k: 2.0
Generation: 124; 0.4119591157168306; k: 2.0; 164,142,215,240,115,216,167,186,85,129,143,34,155,20,223,162,164,140,205,129,241,160,198,223,111,138,93,53,232,167,186,85,89,143,84,132,20,223,162,164,140,205,155,215,10,34,223,111,210,93,3,12,134,52,100,158,45,191,229,3,115,81,105,177,124,97,102,10,245,231,69,162,36,120,172,11,67,10,223,225,69,52,36,120,191,7,26,122,10,163,205,3,155,201,78,162,36,100,69,7,31,221,106,92,85,42,39,197,113,58,93,3,224,209,11,89,235,172,15,186,42,119,29,77,122,30,146,138,93,53,232,167,186
Best fitness found so far: 0.4119591157168306; k: 2.0
Generation: 125; 0.4119591157168306; k: 2.0; 117,142,215,240,9,216,167,186,85,129,143,39,169,20,223,162,164,140,118,155,215,10,54,223,81,210,93,3,56,134,52,100,158,214,246,151,224,230,184,166,117,228,142,3,200,206,24,19,248,212,120,221,5,77,191,229,176,248,167,97,51,129,143,43,155,205,228,193,36,37,69,137,245,36,196,195,137,26,221,114,25,239,46,79,235,9,190,136,3,202,68,45,126,109,31,181,225,234,71,120,69,233,57,194,186,128,186,85,129,143,43,115,234,164,75,240,237,191,229,176,248,41,199,177,155,72,155,8,10,113,81,93,3,217,209,126,89,235,172,15,186,162,138,225,77,122,30,243
Best fitness found so far: 0.4119591157168306; k: 2.0
Generation: 126; 0.4119591157168306; k: 2.0; 13,142,215,240,115,216,145,186,85,129,143,84,155,20,223,7,164,140,205,155,215,10,34,223,114,210,93,3,240,134,52,100,158,195,246,137,93,16,160,18,169,134,52,72,158,214,246,199,215,223,111,153,93,3,56,134,140,100,158,248,215,10,34,223,239,210,93,3,27,134,52,100,158,22,205,195
Best fitness found so far: 0.4119591157168306; k: 2.0
Generation: 127; 0.4119591157168306; k: 2.0; 117,80,215,240,115,216,167,186,85,129,143,39,169,20,223,162,164,140,118,155,127,186,127,129,143,84,155,229,223,162,102,140,155,83,10,40,223,111,210,93,3,56,134,140,100,158,195,246,163,215,230,150,127,82,228,134,10,200,205,24,217,248,212,150,221,5,177,191,229,176,248,129,199,94,215,110,174,10,150,221,84,217,191,93,19,115,167,122,177,215,110,67,10,171,231,69,162,36,120,191,7,26,135,43,176,190,177,105,177,215,239,10,113,202,93,3,52,134,23,126,12
Best fitness found so far: 0.4119591157168306; k: 2.0
Generation: 128; 0.4119591157168306; k: 2.0; 13,142,215,99,115,216,167,186,85,129,143,84,169,20,223,162,164,175,118,155,215,205,223,223,81,210,93,3,56,192,52,220,158,214,29,151,215,230,227,166,82,228,189,213,200,202,24,217,248,212,120,221,5,77,191,229,176,198,167,97,51,200,49,104,11,10,151,245,93,3,203,5,201,126,23
Best fitness found so far: 0.4119591157168306; k: 2.0
Generation: 129; 0.4119591157168306; k: 2.0; 13,38,215,99,115,141,167,186,85,129,143,84,169,20,223,162,164,175,70,155,154,10,34,223,81,16,175,75,111,219,65,3,27,134,52,140,158,69,137,26,221,189,88,229,245,7,235,9,110,170,3,202,68,45,247,109,65,181,225,234,71,120,69,127,69,194,236,177,50,63,10,163,216,3,160,50,134,202,4,217,248,212,170,52,5,77,164,228,176,248,167,97,51,129,37,64,155,205,143,150,224,209,11,89,235,172,104,186,93,98,29,77,122,199,146
Best fitness found so far: 0.4119591157168306; k: 2.0
Generation: 130; 0.4119591157168306; k: 2.0; 175,30,215,240,115,216,167,186,85,129,143,34,155,20,223,162,16,15,205,155,42,10,34,229,111,210,93,120,148,80,147,120,69,7,26,226,187,55
Best fitness found so far: 0.4119591157168306; k: 2.0
Generation: 131; 0.4119591157168306; k: 2.0; 13,142,215,240,115,216,229,186,85,129,143,84,155,20,223,162,164,140,179,155,215,246,163,215,134,150,93,82,228,208,91,30,135,10,163,26,151,205,32,33,159,37,154,186,207,170,112,201,107,143,204,162,170,113,108,73,187,186,223,147,233,191,155,81,223,162,127,46,5,92,126,197,167,157,167,45,105,67,56,82,177,231,25,162,229,86,65,46,99,61,10,163,115,167,220,177,215,110,67,10,245,231,69,55,78,120,191,235,26,150,10,186,203,195,241,16,10,163,205,117,42,10,34,229,111,210,93,120,56,92,82,120,69,7,188,226,187,104
Best fitness found so far: 0.4119591157168306; k: 2.0
Generation: 132; 0.41480230624048325; k: 2.0; 13,142,215,240,115,216,167,186,85,129,143,201,155,20,223,162,31,140,205,52,215,205,34,223,84,210,15,3,12,82,52,100,201,228,34,229,243,115,246,105,177,151,97,67,10,245,129,69,162,207,249,189,110,67,10,177,144,69,52,36,120,191,1,26,102,10,150,127,82,113,226
Best fitness found so far: 0.41480230624048325; k: 2.0
Generation: 133; 0.4119591157168306; k: 2.0; 13,142,215,240,115,216,167,186,85,129,143,84,155,20,223,162,164,140,205,27,215,10,34,223,231,210,146,3,56,134,227,100,158,195,95,163,215,230,150,127,82,228,134,82,221,213,24,130,248,244,150,85,5,237,191,229,176,164,102,199,177,155,15,155,8,10,113,81,93,62,36,196,69,137,247,221,114,184,118,42,79,80,9,110,18,3,202,68,136,46,17,36,74,114,188,188,157
Best fitness found so far: 0.41480230624048325; k: 2.0
Generation: 134; 0.4119591157168306; k: 2.0; 13,142,215,240,115,216,167,186,85,129,143,84,155,20,223,162,164,140,205,155,215,243,34,223,111,210,93,3,12,134,52,217,144,19,197,167,157,167,120,42,7,26,74,187,55
Best fitness found so far: 0.41480230624048325; k: 2.0
Generation: 135; 0.4119591157168306; k: 2.0; 13,142,215,240,115,216,167,186,85,129,143,84,155,20,223,162,164,140,205,155,215,22,34,176,111,210,93,3,64,134,52,28,158,195,246,163,215,85,129,112,84,155,112,223,162,16,140,205,155,42,10,34,229,111,210,93,120,56,80,147,120,69,7,26,226,187,55
Best fitness found so far: 0.41480230624048325; k: 2.0
Generation: 136; 0.4119591157168306; k: 2.0; 164,142,215,240,115,216,167,186,85,129,143,34,155,20,223,162,164,140,205,129,215,160,240,223,111,138,93,3,232,167,106,85,36,143,84,132,6,223,162,164,140,205,167,215,10,34,223,111,210,93,3,12,45,52,69,52,36,120,191,7,26,135,10,71,205,3,155,179,223,162,36,120,69,7,31,221,114,89,85,42,218,197,167,162,245,63,10,195,205,195,222,74,223
Best fitness found so far: 0.41480230624048325; k: 2.0
Generation: 137; 0.4119591157168306; k: 2.0; 13,142,215,240,13,216,167,36,85,129,159,84,169,20,223,162,164,140,118,155,215,223,34,223,81,210,93,3,56,134,52,100,158,214,246,151,143,230,184,166,29,143,84,155,20,223,162,227,140,205,155,42,10,34,229,111,210,93,120,56,92,147,120,69,7,26,226,187,55
Best fitness found so far: 0.41480230624048325; k: 2.0
Generation: 138; 0.4119591157168306; k: 2.0; 13,200,215,240,115,216,167,186,23,129,173,84,147,20,223,162,164,140,205,52,215,10,34,17,111,132,93,3,12,82,95,100,158,45,34,229,176,89,57,9,6,69,162,36,75,76,7,26,135,10,163,226,3,245,20,148,228,36,120,195,246,163,215,230,150,127,82,113,158
Best fitness found so far: 0.41480230624048325; k: 2.0
Generation: 139; 0.4119591157168306; k: 2.0; 95,142,215,240,115,216,167,186,85,129,143,84,169,20,223,122,245,140,118,155,215,10,233,223,13,142,215,240,115,216,167,186,85,129,143,201,155,20,223,162,31,110,205,52,215,205,34,223,84,210,15,3,12,166,52,100,201,228,34,229,243,115,246,105,177,207,97,67,10,245,129,69,162,207,249,189,110,67,10,75,144,69,52,36,120,118,1,26,102,10,150,127,82,113,226
Best fitness found so far: 0.41480230624048325; k: 2.0
Generation: 140; 0.41480230624048325; k: 2.0; 13,142,215,240,115,216,167,186,85,129,143,201,233,20,99,162,31,140,205,52,215,205,34,223,84,210,15,3,12,82,52,100,201,228,34,229,243,115,246,105,177,151,97,67,10,245,129,69,162,207,48,189,223,162,247,191,118,155,215,10,34,223,81,210,93,3,169,134,52,100,158,214,246,151,215,230,184,166,82,108,134,3,200,202,24,85,129,47,84,155,20,223,162,164,210,205,166,215,10,34,223,111,210,93,58,12,134,52,100,22,45,170,229,211,115,167,45,37,151,97,67,10,245,181,69,162,36,120,189,110,67,227,177,225,69,52,150,168,5,14,191,143,112,115,167,105,177,215,110,67,10,245,231,77,37,112,130,246,15,61,228,75,92,10,225,112,244,186,2,10,163,236,195,46,131
Best fitness found so far: 0.41480230624048325; k: 2.0
Generation: 141; 0.41480230624048325; k: 2.0; 13,142,215,240,115,216,167,206,89,129,143,201,233,20,99,162,31,140,205,52,215,205,34,223,84,210,15,3,12,46,52,100,201,228,34,229,243,115,246,105,177,177,97,67,10,245,129,69,162,58,198,189,223,162,247,191,118,155,215,10,34,223,174,210,93,15,169,134,52,100,158,214,246,5,215,230,95,166,82,108,101,3,200,202,24,85,129,47,84,155,20,223,146,164,210,205,166,215,10,34,223,111,210,93,58,12,222,52,100,22,45,170,229,162,164,140,141,169,215,14,61,223,19,210,230,3,69,208,36,220,208,46,26,135,10,166,205,195,205,32,33,22,112,244,12,43,204,102,43,107,20,223,162,170,113,108,6,38,186,85,129,143,43,155,20,203,162,32,120,143,144,19,197,167,157,167,120,156,7,26,226,187,55
Best fitness found so far: 0.41480230624048325; k: 2.0
Generation: 142; 0.41480230624048325; k: 2.0; 13,142,215,240,105,216,167,206,89,129,143,201,233,20,99,162,31,140,205,52,215,205,34,223,171,210,15,3,12,46,52,100,201,228,2,175,243,115,246,105,177,177,97,67,10,245,129,69,77,58,198,189,223,162,247,213,118,155,215,10,8,223,174,210,93,2,169,134,52,100,22,214,246,5,215,230,95,166,143,108,101,3,200,202,24,85,129,47,84,155,20,223,146,164,210,205,166,215,10,34,223,111,78,93,173,12,222,52,100,22,45,170,229,162,164,140,141,169,215,14,61,223,19,210,230,3,69,208,90,121,208,46,58,135,10,166,205,195,55,32,33,22,112,244,12,43,204,102,43,107,20,223,109,170,113,108,173,38,186,85,129,143,43,155,197,203,162,32,120,143,144,19,197,167,157,167,120,156,7,26,57,187,210,230,3,222,134,140,2
Best fitness found so far: 0.41480230624048325; k: 2.0
Generation: 143; 0.41480230624048325; k: 2.0; 13,142,215,240,115,216,167,186,85,129,143,201,155,20,223,162,31,140,205,52,215,205,34,223,84,210,7,117,221,114,89,155,172,101,49,104,11,10,151,245,15,3,103,5,201,126,23
Best fitness found so far: 0.41480230624048325; k: 2.0
Generation: 144; 0.41480230624048325; k: 2.0; 190,142,215,240,115,216,167,186,85,129,143,201,155,20,223,162,31,140,205,52,215,205,34,223,84,210,15,30,12,82,52,100,201,228,34,229,175,115,246,105,177,151,97,67,109,127,129,69,162,207,249,189,220,184,152,7,26,193,10,163,205,49,244,222
Best fitness found so far: 0.41480230624048325; k: 2.0
Generation: 145; 0.41480230624048325; k: 2.0; 190,142,215,240,115,216,167,186,85,129,143,201,155,20,223,162,31,140,205,52,215,205,34,223,171,210,67,3,12,46,52,100,201,228,2,175,243,115,246,105,177,177,97,67,10,245,216,69,77,108,198,189,223,146,247,213,118,23,215,10,153,223,32,157,93,2,169,134,52,100,22,214,246,5,215,230,1,166,143,108,101,3,200,202,24,85,129,47,84,155,20,223,146,164,210,205,166,40,10,34,223,111,78,2,173,12,222,52,100,22,45,170,91,162,164,140,141,169,215,14,61,223,19,210,230,3,69,208,90,121,208,46,58,20,107,166,205,195,49,32,33,22,112,244,12,43,204,102,43,107,20,223,109,170,113,108,184,38,186,85,129,143,43,155,197,203,239,32,120,143,144,19,197,167,157,167,120,1,7,91,57,187,213,230,3,222,134,140,2
Best fitness found so far: 0.41480230624048325; k: 2.0
Generation: 146; 0.41480230624048325; k: 2.0; 190,142,215,240,115,216,167,186,85,129,143,201,155,20,223,162,31,140,205,52,215,230,34,223,171,210,67,71,12,46,52,100,201,81,2,175,243,115,246,105,208,177,136,67,10,245,216,69,77,108,198,189,223,146,247,213,118,23,215,10,153,223,48,157,93,126,169,134,52,100,22,214,246,155,215,230,1,166,143,108,101,3,200,202,24,143,129,47,84,155,20,223,242,164,19,205,166,40,122,34,223,111,78,2,173,12,222,52,100,127,45,170,91,162,164,140,141,169,215,14,61,223,19,210,230,3,69,208,90,121,208,46,58,20,107,166,37,195,49,32,33,22,112,244,12,43,204,102,43,107,211,223,109,170,113,108,184,38,119,85,225,143,43,155,197,250,239,32,120,143,144,19,197,167,225,167,120,1,7,91,57,187,162,164,140,205,52,215,160,198,16,111,58,93,65,222,232,140,100,158,195,246,163,250,152,162,36,120,69,7,31,221,95,92,217,202,39,197,1,162,245,63,87,237,205,208,245,74,223
Best fitness found so far: 0.41480230624048325; k: 2.0
Generation: 147; 0.41480230624048325; k: 2.0; 234,98,215,240,105,216,167,206,89,129,143,201,233,20,99,162,69,140,205,52,167,205,34,223,171,210,15,52,12,152,18,100,201,51,2,175,243,115,28,105,177,177,97,67,10,36,170,69,107,58,198,189,223,162,247,213,189,155,215,167,186,229,122,143,41,155,20,223,162,164,140,107,33,21
Best fitness found so far: 0.41480230624048325; k: 2.0
Generation: 148; 0.41480230624048325; k: 2.0; 13,142,215,240,115,216,167,186,193,129,143,201,155,20,223,162,31,140,205,52,215,205,34,223,84,210,15,3,12,82,52,100,201,228,34,229,68,115,246,187,177,151,97,67,186,245,129,179,69,140,205,52,167,205,34,223,171,210,15,124,12,152,18,100,201,51,247,175,243,115,28,105,177,177,97,144,10,130,170,69,107,58,198,189,223,162,247,213,159,155,214,167,186,229,122,17,41,155,20,205,162,164,140,107,33,21
Best fitness found so far: 0.41480230624048325; k: 2.0
Generation: 149; 0.41480230624048325; k: 2.0; 190,142,215,240,115,216,167,186,85,129,143,201,155,20,143,162,31,140,205,52,62,230,34,223,193,210,67,71,12,46,52,100,201,81,2,205,243,110,59,105,208,177,136,67,12,245,216,69,77,130,211,189,224,146,247,51,118,23,215,10,153,223,48,157,93,126,169,134,52,100,22,214,246,155,215,230,1,166,143,108,101,3,200,202,24,143,129,47,84,155,20,223,242,164,19,205,166,40,248,34,223,111,164,2,173,12,222,52,100,127,45,170,91,162,164,140,200,169,215,14,61,223,19,210,230,225,69,208,90,121,208,46,58,20,107,160,37,195,106,32,33,22,112,244,68,43,204,102,43,107,17,223,186,170,113,205,181,38,55,85,225,17,43,155,197,250,239,32,120,143,144,19,204,167,182,105,120,1,7,91,57,139,107,164,140,205,52,215,160,198,27,83,58,93,65,222,232,140,100,62,36,196,74,137,247,221,224,184,118,42,144,235,9,211,170,3,205,52,215,55,34,223,84,210,15,30,12,82,52,100,201,228,34,229,99,115,246,105,177,151,97,67,83,82,29,94,162,207,249,189,220,184,152,7,23,193,27,163,205,49,244,40
Best fitness found so far: 0.41480230624048325; k: 2.0
Generation: 150; 0.41480230624048325; k: 2.0; 13,142,215,240,105,216,167,206,89,129,143,201,233,20,99,162,31,140,205,52,215,205,34,230,171,210,7,3,12,46,159,197,56,228,2,175,243,115,246,95,177,173,97,71,10,245,129,69,77,58,198,189,225,172,247,213,118,155,215,10,8,223,199,210,129,69,162,207,249,189,220,99,152,7,49,193,10,163,123,49,14,222
Best fitness found so far: 0.41480230624048325; k: 2.0
Generation: 151; 0.41480230624048325; k: 2.0; 190,142,215,240,117,216,167,186,85,129,143,201,155,20,223,162,31,140,205,52,215,205,34,230,84,210,15,30,12,36,120,191,1,26,102,10,150,127,117,113,226
Best fitness found so far: 0.41480230624048325; k: 2.0
Generation: 152; 0.41480230624048325; k: 2.0; 234,98,215,240,105,216,167,206,61,129,143,201,233,190,99,162,31,140,167,52,215,205,34,223,171,38,15,3,12,46,52,100,201,228,174,175,161,115,105,105,177,177,108,67,10,245,129,69,92,58,198,115,223,183,46,213,42,155,215,167,168,85,129,143,34,136,8,223,46,26,135,10,166,158,195,109,32,33,22,112,244,3,43,204,58,43,107,20,223,213,210,113,108,6,38,186,85,129,143,43,154,223,162,247,213,159,155,214,167,186,229,122,17,41,42,20,205,162,164,140,238,33,21
Best fitness found so far: 0.41480230624048325; k: 2.0
Generation: 153; 0.41480230624048325; k: 2.0; 190,142,215,240,115,216,167,186,85,129,143,201,137,20,223,192,31,140,185,52,181,205,215,223,163,210,66,3,243,46,52,99,201,228,55,119,176,115,64,243,84,15,184,223,162,164,140,205,155,215,10,34,223,111,210,93,3,6,134,52,100,158,195,246,137,93,3,160,134,52,201,158,80,170,114,6,122,10,163,205,195,173,210,26,159,162,33,129,73,82,17,36,74,114,202,19,197,167,225,167,120,1,7,91,57,187,162,164,140,205,52,215,160,198,16,111,5,93,65,222,232,140,11,92,195,246,163,250,152,162,36,120,69,7,31,105,95,92,217,202,39,197,1,162,245,63,87,24,205,208,245,74,223
Best fitness found so far: 0.41480230624048325; k: 2.0
Generation: 154; 0.41480230624048325; k: 2.0; 60,142,215,3,115,216,167,186,193,129,145,201,155,20,223,162,31,140,205,52,133,205,34,155,84,210,15,136,12,82,52,100,201,228,34,229,68,115,246,187,177,210,93,3,125,134,52,84,158,214,246,94,215,230,184,166,35,108,134,3,96,202,24,85,117,47,84,155,209,223,162,164,210,205,41,215,10,34,223,111,210,93,58,12,160,52,100,58,45,170,229,135,111,167,45,37,151,97,67,10,245,181,69,162,36,120,189,110,67,227,177,225,69,52,150,168,5,14,191,143,112,115,167,105,194,215,110,67,10,245,231,77,37,112,130,246,15,61,228,75,92,31,225,112,244,9,2,10,235,30,195,46,131
Best fitness found so far: 0.41480230624048325; k: 2.0
Generation: 155; 0.41480230624048325; k: 2.0; 13,12,215,240,115,216,167,186,85,129,141,201,155,20,223,162,31,140,189,52,215,205,34,223,84,210,15,3,104,82,201,100,201,228,34,229,243,115,6,38,165,85,129,50,43,155,20,203,162,243,120,181,144,19,197,115,72,167,46,132,7,26,226,187,55
Best fitness found so far: 0.41480230624048325; k: 2.0
Generation: 156; 0.41480230624048325; k: 2.0; 190,142,215,240,115,216,167,186,85,129,143,46,137,20,223,162,31,140,185,52,215,205,93,223,171,210,66,3,243,46,52,100,72,228,131,56,176,115,246,105,177,117,33,67,10,1,216,5,197,52,100,158,214,246,151,148,130,133,77,82,222,173,3,240,202,52,8,155,185,90,8,29,113,81,93,26,12,216,204,57,146,107,20,223,162,170,113,108,6,38,165,157,93,2,169,134,52,100,22,214,246,5,215,230,1,166,143,108,101,3,200,202,24,85,129,47,84,155,20,223,146,164,210,205,166,40,10,34,223,111,78,2,173,12,222,52,100,22,45,170,91,162,164,140,141,169,215,14,61,223,19,210,230,3,69,208,90,121,208,46,58,22,161,166,205,195,49,32,33,22,70,244,12,43,204,102,43,107,20,223,109,170,113,108,184,86,186,85,129,143,43,155,197,72,239,32,120,143,144,19,197,167,157,167,120,1,7,91,57,187,213,147,3,222,134,140,2
Best fitness found so far: 0.41480230624048325; k: 2.0
Generation: 157; 0.41480230624048325; k: 2.0; 190,142,215,240,143,216,167,186,85,129,143,201,137,20,223,162,31,140,65,52,215,205,34,223,171,6,216,128,12,46,52,100,201,228,2,175,121,115,246,105,177,117,97,67,10,245,216,69,197,52,100,158,214,246,151,66,230,184,166,82,228,134,3,200,202,24,8,94,212,120,221,5,77,66,229,176,248,167,97,51,129,143,43,155,205,223,97,96,196,69,137,26,148,114,120,113,24,79,235,99,78,170,3,202,68,45,247,109,219,181,215,240,244,232,167,186,85,129,143,228,155,20,223,162,195,140,205,155,215,10,135,223,111,51,93,207,133,163,52,100,36,170,69,107,58,198,189,223,162,247,213,189,155,106,167,64,229,122,143,41,155,20,223,162,164,140,107,243,21
Best fitness found so far: 0.41480230624048325; k: 2.0
Generation: 158; 0.41480230624048325; k: 2.0; 112,142,215,240,115,216,167,186,85,129,143,201,233,20,99,162,31,140,205,52,215,205,40,223,84,210,15,10,34,223,111,161,28,58,12,222,95,100,22,197,170,229,162,151,140,141,169,215,14,61,223,250,210,230,95,69,208,36,61,208,46,26,135,10,166,158,195,92,32,33,22,54,244,12,67,204,102,43,107,20,223,213,210,113,108,6,38,186,85,129,143,43,155,20,203,177,32,120,143,144,19,124,167,157,167,120,156,19,26,226,187,55
Best fitness found so far: 0.41480230624048325; k: 2.0
Generation: 159; 0.41480230624048325; k: 2.0; 190,162,215,240,115,216,167,186,85,129,143,201,155,20,223,162,31,140,205,52,215,230,34,223,171,210,201,71,12,46,52,100,201,81,2,178,243,115,246,105,115,177,136,39,10,245,216,69,77,108,198,189,223,146,247,213,118,23,215,119,151,12,126,76,100,201,228,34,229,243,115,246,232,102,177,112,67,10,88,129,69,77,58,198,189,223,162,247,191,118,155,215,10,34,223,174,143,15,139,152,194,52,100,158,202,74,5,160,230,134,85,194,143,74,169,20,11,162,164,140,205,224,215,10,18,223,172,159,93,3,56,134,52,100,211,214,246,163,215,230,63,125,82,228,134,3,200,182,24,217,248,212,120,221,5,29,191,229,176,158,167,67,85,129,143,43,195,205,9,107,36,120,69,137,26,221,215,139,229,42,195,235,9,138,63,145,202,246,45,247,145,219,181,124,234,71,120,69,241,57,194,187,162,170,63,10,163,198,195,160,152,107,64,215,121,50,240,115,186,203,186,64,78,143,234,155,20,248,224,36,235,69,7,11,221,114,57,134,82,200,49,104,11,10,43,245,93,3,52,5,200,142,215,240,115,216,169,186,85,129,97,201,110,20,141,7,31,157,65,52,215,208,34,146,171,210,66,3,12,211,248,100,146,151,160,175,243,154,194,177,97,67,40,212,170,69,223,201,198,189,223,136,247,213,189,155,106,167,64,229,122,143,41,213,20,223,162,164,140,107,196,21,169,186,85,243,143,201,137,152,85,162,31,140,230,52,215,205,34,223,140,82,61,125,12,211,248,100,201,151,2,175,243,105,194,143,97,82,10,36
Best fitness found so far: 0.41480230624048325; k: 2.0
Generation: 160; 0.41480230624048325; k: 2.0; 13,142,215,3,115,216,167,186,193,124,229,201,155,20,223,162,31,175,205,52,215,205,34,155,84,210,56,78,12,82,52,100,201,228,34,229,68,115,209,187,177,151,97,162,186,245,129,179,48,140,205,52,167,51,34,223,171,210,15,155,72,155,8,10,113,81,93,26,145,209,11,89,115,58,93,65,222,232,140,100,158,195,166,153,250,152,162,36,234,168,7,98,221,95,92,217,171,39,197,34,162,245,63,87,237,205,208,245,74,223
Best fitness found so far: 0.41480230624048325; k: 2.0
Generation: 161; 0.41480230624048325; k: 2.0; 13,142,215,240,115,216,167,186,233,249,143,201,155,20,223,162,31,140,205,52,228,205,221,223,166,143,231,10,3,200,202,24,143,129,169,84,155,20,223,178,164,19,42,166,40,248,34,103,111,78,2,173,12,222,52,100,127,45,170,91,162,164,140,245,169,215,14,61,223,19,210,230,12,36,208,90,221,208,46,58,23,58,134,37,87,106,32,33,22,177,244,12,139,204,102,43,90,211,223,186,170,113,108,181,38,119,243,225,143,43,155,197,250,239,40,120,143,144,241,204,167,82,167,120,1,7,91,57,139,191,164,140,205,119,215,160,198,27,61,234,93,65,222,232,140,100,62,36,74,74,137,21,221,224,184,19,210,144,138,9,110,71,3,202,68,136,247,146,219,181,119,234,71,129,69,127,57,194,187,162,170,63,10,163,205,66,160,50,107,33,83,142,50,21
Best fitness found so far: 0.41480230624048325; k: 2.0
Generation: 162; 0.41480230624048325; k: 2.0; 13,204,215,240,115,216,167,186,85,129,143,201,187,20,99,162,123,140,13,52,215,205,34,223,84,210,15,10,34,223,111,210,93,58,189,162,31,140,205,52,143,205,34,223,84,175,15,30,7,82,52,100,73,114,34,229,106,240,134,191,229,176,79,41,199,4,155,144,155,8,25,141,81,93,47,224,200,126,89,235,172,15,186,38,92,9,77,122,30,25
Best fitness found so far: 0.41480230624048325; k: 2.0
Generation: 163; 0.41480230624048325; k: 2.0; 190,142,215,132,197,216,49,186,109,129,47,201,143,20,223,7,31,140,205,52,77,205,34,248,240,6,51,41,31,14,9,205,160,245,28,196,69,137,26,221,114,236,186,150,129,204,115,206,89,129,143,73,233,20,99,162,31,140,205,52,215,205,34,223,84,210,15,30,12,82,52,100,201,228,243,229,175,115,246,105,177,151,97,67,83,127,129,88,162,207,249,189,220,184,26,7,23,193,27,163,205,49,244,40
Best fitness found so far: 0.41480230624048325; k: 2.0
Generation: 164; 0.41480230624048325; k: 2.0; 79,142,215,240,197,216,49,186,109,129,47,201,143,20,223,7,31,140,205,52,77,205,34,248,167,97,54,129,212,14,169,205,160,245,96,196,69,137,26,221,114,25,186,150,129,204,30,118,137,105,106,240,208,191,159,176,248,41,50,177,155,72,155,8,150,141,81,93,231,224,15,126,54,235,117,221,114,89,140,172,101,188,104,11,10,151,245,15,3,103,5,201,126,23
Best fitness found so far: 0.41480230624048325; k: 2.0
Generation: 165; 0.41480230624048325; k: 2.0; 190,142,215,240,197,216,49,186,109,129,47,201,143,20,223,7,31,140,205,52,77,205,34,248,167,97,51,129,212,14,169,205,31,245,96,196,71,137,26,237,114,25,186,85,129,143,43,115,234,12,106,240,237,191,229,90,248,41,199,177,205,72,155,8,25,141,81,93,109,224,209,126,115,246,187,177,151,1,67,186,245,129,179,69,215,186,52,192,205,34,223,171,210,15,202,12,152,18,198,201,51,247,175,243,115,28,105,177,120,97,144,10,130,170,69,107,58,198,189,223,106,247,213,159,155,214,167,186,229,122,17,41,155,20,205,162,112,217,184,245,109
Best fitness found so far: 0.41480230624048325; k: 2.0
Generation: 166; 0.41480230624048325; k: 2.0; 190,142,215,240,115,216,167,186,85,129,143,201,137,20,223,162,31,140,185,67,10,245,129,69,162,207,48,189,223,162,247,191,53,155,215,10,34,223,81,210,93,3,169,134,52,100,158,214,246,151,215,230,69,166,82,108,134,3,200,202,24,85,222,47,84,116,20,223,162,164,210,216,166,215,10,34,223,111,210,93,58,12,134,52,100,22,45,170,229,211,115,167,45,37,151,97,67,10,245,181,69,43,36,120,189,110,67,227,177,225,69,52,150,168,5,14,191,143,112,115,167,105,177,215,110,67,93,245,231,77,37,112,130,246,15,61,228,75,92,10,225,112,244,186,233,10,163,236,195,46,131
Best fitness found so far: 0.41480230624048325; k: 2.0
Generation: 167; 0.41480230624048325; k: 2.0; 13,142,190,240,115,216,167,186,85,129,81,201,233,20,99,162,31,140,205,52,199,205,34,223,37,114,15,3,12,82,192,100,51,228,34,229,139,115,246,105,177,151,97,67,10,245,129,3,162,207,48,189,96,216,150,77,108,198,189,223,146,247,213,118,23,215,10,153,223,189,157,93,22,169,134,52,139,22,214,246,155,215,203,234,249,143,64,101,142,200,2,24,143,129,47,84,155,20,29,183,215,28,205,166,40,122,162,223,111,78,2,173,12,162,36,79,191,7,180,135,39,163,203,195,149,131,10,163,205,117,24,20,191,162,36,117,65,212,19,132,205,50,107,33,21
Best fitness found so far: 0.41480230624048325; k: 2.0
Generation: 168; 0.41480230624048325; k: 2.0; 245,142,215,240,115,216,167,186,85,129,245,201,155,20,223,162,31,140,189,52,215,205,34,130,84,210,15,3,104,82,52,100,201,228,52,229,243,115,127,105,177,151,97,67,10,245,129,69,162,207,249,189,4,67,10,177,144,69,52,36,110,165,14,3,73,134,140,69,7,155,20,232,162,31,140,205,52,215,205,84,223,84,210,7,117,214,114,89,155,248,101,49,176,11,10,151,245,15,3,103,5,201,126,23
Best fitness found so far: 0.41480230624048325; k: 2.0
Generation: 169; 0.41480230624048325; k: 2.0; 190,142,215,240,115,226,167,186,85,129,89,201,137,20,223,192,31,140,185,137,198,205,215,223,170,210,198,3,243,46,52,100,201,187,131,175,42,71,64,243,84,155,73,223,162,169,140,205,91,215,205,34,223,111,210,93,3,6,134,52,205,52,215,27,34,223,84,210,15,99,12,82,52,100,201,228,34,8,163,115,246,105,177,240,97,149,109,127,129,69,162,207,249,165,220,184,152,7,58,193,92,35,205,49,244,222
Best fitness found so far: 0.41480230624048325; k: 2.0
Generation: 170; 0.41480230624048325; k: 2.0; 190,142,215,240,115,216,167,186,85,129,143,201,155,20,223,162,31,140,205,52,215,205,34,223,84,74,15,30,244,82,52,210,67,58,12,222,52,250,195,117,170,229,162,164,18,141,169,215,14,29,223,19,210,230,3,69,208,36,220,121,142,26,135,10,183,35,49,164,142,10,151,245,15,176,181,5,247,16,144,19,204,167,128,167,103,1,7,91,57,139,107,164,140,191,52,215,160,198,27,83,58,93,65,222,18,244,100,12,36,196,74,222,247,221,224,184,118,42,144,246,9,110,27,41,202,68,136,247,92,184,181,225,234,128,155,69,222,63,194,187,15,170,63,10,163,205,59,13,50,107,33,144,142,50,240,115,226,187,186,170,129,43,49,93,20,236,26,26,37,69,7,117,137,114,204,32,82,165,203,127,205,10,17,164,93,239,172,26,201,126,23
Best fitness found so far: 0.41480230624048325; k: 2.0
Generation: 171; 0.41480230624048325; k: 2.0; 13,142,215,240,115,216,167,206,89,129,143,201,233,20,99,162,77,140,205,17,215,205,212,223,84,210,119,3,12,46,52,100,201,228,34,229,243,115,246,232,177,177,97,26,103,245,129,115,162,58,68,178,140,162,247,191,118,155,215,10,34,223,223,143,18,139,152,194,184,100,169,214,74,5,160,114,85,85,84,143,74,169,20,223,162,164,140,205,155,215,10,34,223,244,159,93,3,56,134,52,100,158,214,246,163,215,230,184,166,82,228,134,3,200,67,24,217,248,212,120,221,5,77,191,229,176,158,167,97,179,129,143,43,195,11,120,191,1,166,102,10,150,74,82,113,226
Best fitness found so far: 0.41480230624048325; k: 2.0
Generation: 172; 0.41480230624048325; k: 2.0; 234,98,215,240,107,216,167,206,61,129,143,201,233,20,99,162,31,140,205,52,215,205,34,223,171,38,244,96,12,46,52,100,201,228,60,175,243,113,246,105,177,177,97,67,10,6,129,69,107,58,198,115,223,183,247,213,118,155,215,167,168,85,129,143,34,155,222,85,129,9,201,155,20,223,162,27,140,205,52,215,205,34,230,84,210,15,30,12,36,120,191,1,26,102,10,150,127,117,66,226
Best fitness found so far: 0.41480230624048325; k: 2.0
Generation: 173; 0.41480230624048325; k: 2.0; 13,142,215,240,115,216,167,206,89,129,143,201,233,20,99,162,31,140,205,17,215,205,177,223,84,210,119,3,12,46,52,100,201,228,34,229,243,115,246,212,100,177,112,67,10,245,129,69,23,20,198,189,223,162,247,191,118,155,215,78,34,223,174,60,15,139,126,194,52,100,158,202,74,5,160,230,144,85,127,143,74,169,20,11,162,164,140,205,155,215,10,18,223,244,28,93,3,56,134,52,100,211,214,246,163,215,230,184,182,82,228,134,3,200,182,24,217,248,212,120,221,5,29,191,229,176,158,167,67,85,129,167,43,195,205,223,107,36,120,69,137,26,221,114,138,229,42,180,235,9,138,170,145,202,246,246,247,145,219,181,124,234,71,120,69,127,57,194,77,162,11,51,10,163,198,195,160,152,107,64,215,36,50,240,213,113,203,186,64,78,143,176,155,20,35,224,36,235,69,7,11,221,114,143,134,82,230,49,104,11,10,151,245,195,3,245,5,200,142,215,240,115,216,169,197,1,129,143,201,65,20,141,9,31,157,65,52,215,205,34,146,3,210,66,3,12,191,37,100,214,151,207,175,243,154,194,177,97,206,10,141,170,69,215,201,198,189,223,162,247,213,189,155,106,167,64,229,122,143,41,213,20,120,162,164,140,107,196,21,169,186,85,243,143,201,137,152,85,2,208,12,222,52,100,127,45,170,91,162,164,140,141,169,215,14,61,223,19,153,230,3,69,208,90,121,208,46,58,20,107,166,37,195,49,76,33,22,112,244,12,43,204,102,43,107,211,223,109,170,113,108,184,38,119,85,225,143,43,155,197,250,239,32,120,143,144,19,197,167,225,167,120,1,31,91,57,206,162,164,140,205,52,215,160,198,16,111,239,93,65,222,232,140,100,158,195,246,163,250,152,162,36,120,69,7,31,221,95,92,217,202,39,197,169,162,245,63,87,237,205,208,245,74,223
Best fitness found so far: 0.41480230624048325; k: 2.0
Generation: 174; 0.41480230624048325; k: 2.0; 190,142,215,240,115,216,157,186,85,129,143,201,155,20,223,162,31,140,205,52,215,205,34,223,171,210,67,3,12,46,52,100,201,228,2,175,243,115,246,105,177,177,97,154,10,245,216,69,77,108,198,189,223,141,164,140,205,155,215,14,198,223,30,210,64,3,222,134,140,105
Best fitness found so far: 0.41480230624048325; k: 2.0
Generation: 175; 0.41480230624048325; k: 2.0; 13,142,215,240,115,216,167,206,89,129,143,201,233,20,99,162,31,140,205,17,10,205,177,231,84,210,119,3,12,46,80,100,201,228,34,229,243,115,246,232,102,177,112,67,10,245,129,69,23,58,198,189,223,162,247,191,118,155,215,10,34,223,174,143,15,139,152,194,52,100,158,202,74,5,160,230,85,85,194,143,74,169,20,11,162,164,90,205,155,215,10,18,223,244,159,93,3,56,134,52,148,211,214,246,163,215,230,184,166,82,228,134,3,200,182,24,217,248,212,120,221,5,29,191,229,176,158,167,67,85,129,143,43,247,205,223,107,36,120,69,137,26,221,114,139,229,42,195,235,9,138,170,145,202,246,45,247,173,219,181,124,234,71,120,69,127,57,194,187,236,170,63,10,163,55,195,160,10,107,64,215,142,50,240,115,193,203,186,64,78,143,176,48,20,35,224,36,235,69,7,11,221,114,143,134,82,200,49,104,11,10,151,245,93,3,52,5,200,142,215,240,115,216,169,186,85,129,143,210,137,20,141,7,31,157,65,52,215,205,34,146,171,210,66,3,12,211,248,100,201,151,2,240,243,154,194,177,97,67,10,36,170,77,223,201,198,189,223,162,247,213,189,155,106,167,64,229,219,205,52,215,205,34,223,171,210,67,3,12,21,52,100,210,93,3,222,134,22,100,158,195,246,163,215,230,150,127,82,146,120,236,200,213,24,217,248,25,60,221,28,225,191,229,186,52,134,41
Best fitness found so far: 0.41480230624048325; k: 2.0
Generation: 176; 0.41480230624048325; k: 2.0; 13,142,215,240,115,216,167,206,89,129,143,201,233,20,99,162,31,140,205,17,215,205,47,223,84,210,119,3,12,220,52,100,201,228,34,229,243,115,246,232,177,177,97,124,10,245,129,69,162,58,198,9,223,162,247,191,118,155,215,10,34,223,19,143,18,139,152,194,52,100,158,52,74,5,160,230,40,192,194,143,74,169,20,223,162,164,140,205,155,215,10,217,223,244,159,93,3,56,134,52,100,158,214,246,163,215,230,184,166,82,228,134,3,200,213,24,167,248,212,120,221,5,77,191,229,176,158,167,97,85,129,143,43,195,205,223,107,36,120,69,137,26,221,114,232,229,42,79,235,9,110,170,145,202,138,45,247,145,236,181,36,234,71,120,69,127,57,194,187,162,2,63,10,163,205,195,160,152,107,33,144,142,50,240,115,186,203,186,198,129,143,176,155,20,35,224,36,235,69,204,11,221,114,8,147,82,200,49,1,7,91,57,139,107,164,140,205,52,215,160,198,205,83,58,93,65,222,232,244,100,12,36,196,74,222,247,221,224,184,118,42,28,113,9,110,27,3,202,68,136,247,92,219,181,225,234,128,155,148,127,63,194,187,15,170,63,86,163,205,59,13,50,107,33,144,116,50,38,115,80,204,186,177,129,102,30,215,20,236,26,36,120,99,7,117,137,114,204,32,82,165,203,127,11,10,17,164,93,239,172,5,249,126,23
Best fitness found so far: 0.41480230624048325; k: 2.0
Generation: 177; 0.41480230624048325; k: 2.0; 13,142,215,240,115,111,167,186,85,129,143,201,155,20,223,162,31,140,205,52,215,205,34,223,84,127,7,246,105,177,177,108,67,10,204,129,69,92,58,198,115,223,183,247,213,118,155,215,167,168,85,129,86,34,136,8,223,162,164,140,224,155,51,160,179,102,228,155,20,217,128,164,239,205,155,226,10,34,144,111,210,93,207,217,13,52,100,158,45,12,229,176,115,178,105,177,151,97,67,10,217,248,10,150,243,5,12,191,188,176,248,238,199,177,215,110,90,10,245,117,69,32,36,83,26,128,164,194,81,112,106,201,65,4,24,195
Best fitness found so far: 0.41480230624048325; k: 2.0
Generation: 178; 0.41480230624048325; k: 2.0; 13,142,215,240,115,216,167,186,85,129,143,61,155,20,223,162,111,140,189,52,215,205,34,223,84,210,15,3,104,82,52,100,201,228,34,229,243,115,127,105,177,151,97,250,10,245,129,69,162,207,249,105,110,115,186,203,186,64,78,143,176,155,20,35,224,36,40,69,7,11,221,114,143,134,82,200,49,104,11,10,151,245,93,3,52,5,200,142,215,240,115,216,34,186,85,129,38,201,137,20,141,7,31,157,65,52,215,205,34,146,171,210,66,3,12,211,248,100,244,151,2,175,243,154,194,177,97,67,10,36,170,19,223,201,198,189,223,109,115,213,13,155,106,167,64,229,122,143,41,213,20,223,138,164,140,107,196,21,108,186,85,243,143,201,137,152,85,162,31,140,65,35,215,205,34,223,249,82,66,125,12,211,248,100,201,151,2,175,94,105,46,177,117,82,10,36
Best fitness found so far: 0.41480230624048325; k: 2.0
Generation: 179; 0.41480230624048325; k: 2.0; 13,142,215,210,105,216,167,206,89,129,241,201,233,20,99,162,31,140,205,52,215,205,34,223,84,210,15,30,12,82,52,148,201,228,34,229,175,115,246,105,10,151,97,67,83,127,129,88,162,207,249,189,220,184,99,7,23,197,27,65,151,97,67,10,245,129,69,162,207,249,189,110,67,10,177,144,69,52,36,110,165,14,3,197,134,140,69,7,42,128,187,19,81,135,124,201,83,99,33,195
Best fitness found so far: 0.41480230624048325; k: 2.0
Generation: 180; 0.41480230624048325; k: 2.0; 60,142,215,3,115,216,167,186,115,129,195,201,155,20,223,162,31,140,205,52,133,205,34,155,84,210,15,136,12,82,52,100,201,228,34,229,68,115,246,187,177,210,93,3,125,134,52,84,158,214,246,94,215,230,184,137,35,108,134,3,242,202,24,85,117,47,84,155,209,223,162,164,210,205,22,215,10,34,223,111,210,93,247,12,160,106,100,58,45,170,229,135,111,167,45,37,151,20,67,10,245,181,69,2,129,207,123,39,20,223,123,215,235,69,7,117,137,114,221,32,160,165,48,104,11,10,151,245,146,3,172,5,201,126,23
Best fitness found so far: 0.41480230624048325; k: 2.0
Generation: 181; 0.41480230624048325; k: 2.0; 190,142,215,240,115,216,167,186,31,129,143,201,137,20,223,162,31,150,191,52,215,205,93,223,171,210,66,3,243,46,52,100,201,228,131,175,176,115,199,105,177,117,72,67,10,167,216,69,197,156,148,236,7,59,52,245,205,34,223,84,210,15,132,113,82,52,100,142,228,34,229,175,115,246,105,177,200,180,34,109,70,129,69,162,207,249,189,220,178,152,7,49,193,10,163,239,49,53,222
Best fitness found so far: 0.41480230624048325; k: 2.0
Generation: 182; 0.41480230624048325; k: 2.0; 190,142,215,240,115,216,167,186,85,129,143,201,137,20,223,192,31,140,185,52,181,205,215,223,163,210,66,3,243,46,6,99,201,228,55,119,176,115,64,243,84,15,52,223,162,164,140,205,155,215,10,34,223,111,210,93,3,6,73,52,100,158,195,246,137,93,3,160,134,133,201,158,26,170,114,6,122,10,163,231,69,162,127,104,65,46,163,61,10,163,115,167,220,177,105,110,67,10,245,89,69,162,36,120,191,123,180,135,10,163,209,195,82,131,231,163,4,117,24,20,191,162,36,120,184,212,19,132,205,50,107,33,21
Best fitness found so far: 0.41480230624048325; k: 2.0
Generation: 183; 0.41480230624048325; k: 2.0; 190,142,215,240,115,216,167,186,85,129,143,201,137,20,223,192,31,140,185,52,105,205,215,223,163,210,66,3,243,46,153,99,201,228,55,119,229,115,64,243,84,15,184,211,162,164,68,205,155,215,10,34,223,111,210,248,3,6,134,52,100,194,117,246,137,93,3,160,134,52,201,158,80,170,114,6,122,10,163,205,195,173,210,26,159,162,33,129,73,82,17,36,71,114,202,19,197,167,225,167,120,1,58,91,57,187,162,164,140,205,52,215,160,198,16,111,5,93,65,222,155,205,223,75,36,196,214,41,26,221,114,25,229,42,79,235,149,110,165,14,3,56,134,140,69,7,42,128,187,19,81,135,55,218,191,99,33,195
Best fitness found so far: 0.41480230624048325; k: 2.0
Generation: 184; 0.41480230624048325; k: 2.0; 190,142,215,240,145,216,167,186,85,129,143,181,155,20,223,162,31,140,123,52,62,230,34,223,210,174,67,71,12,46,52,100,201,53,2,175,243,110,246,105,208,194,30,67,10,245,216,69,77,108,211,189,24,146,247,170,160,23,215,15,153,223,215,221,93,126,105,134,52,100,22,103,246,155,38,230,1,82,143,108,101,3,200,216,24,143,129,140,167,52,215,205,34,223,171,38,246,3,12,46,52,100,201,228,174,53,145,115,246,105,177,177,108,97,10,229,129,69,92,58,9,139,223,183,247,213,118,6,215,246,168,83,129,143,34,136,8,223,162,17,63,224,155,51,160,179,58,228,155,20,217,128,164,140,27,155,215,10,34,144,111,210,93,207,217,13,52,100,195,45,12,229,176,115,50,88,141,151,97,67,10,217,157,212,150,243,5,12,191,188,117,97,42,120,245,216,69,197,6,100,158,214,246,151,180,230,184,166,82,162,134,3,200,202,24,8,248,186,120,221,5,77,66,229,176,248,167,97,51,129,143,43,169,205,223,245,96,196,69,137,26,221,114,25,186,85,129,143,43,115,234,12,106,240,237,191,229,176,248,41,199,65,155,72,54,8,25,113,81,93,231,224,209,126,89,235,172,15,186,162,138,225,77,122,30,73
Best fitness found so far: 0.41480230624048325; k: 2.0
Generation: 185; 0.41480230624048325; k: 2.0; 234,98,215,240,105,216,167,206,89,24,143,201,233,20,99,162,31,140,205,52,215,205,34,223,171,242,19,3,198,46,52,100,201,228,2,175,243,242,246,105,177,210,97,67,10,153,243,169,20,20,162,164,140,205,155,232,10,34,223,231,210,146,3,56,134,227,100,230,195,95,163,215,49,150,127,173,228,134,82,221,213,205,99,173,210,26,159,162,33,129,73,82,17,36,195,114,89,19,197,167,225,167,120,1,7,240,57,187,162,164,140,205,52,215,160,198,16,111,5,93,65,222,232,140,11,92,195,246,163,163,34,162,36,120,69,7,31,105,95,92,217,202,39,197,1,162,245,29,87,24,205,208,245,74,59
Best fitness found so far: 0.41480230624048325; k: 2.0
Generation: 186; 0.41480230624048325; k: 2.0; 190,142,215,240,115,216,167,186,85,129,143,201,137,20,223,192,31,140,185,52,181,205,215,223,170,210,66,3,243,46,52,100,201,228,131,175,176,115,64,243,84,155,20,223,162,52,140,205,155,215,10,34,182,111,210,93,3,6,134,52,100,158,195,242,137,93,3,160,134,52,201,158,80,170,219,6,122,10,189,63,175,10,177,144,69,52,36,223,165,14,3,57,134,140,69,7,102,128,187,99,48,135,55,201,230,99,33,210
Best fitness found so far: 0.41480230624048325; k: 2.0
Generation: 187; 0.41480230624048325; k: 2.0; 234,98,215,240,105,216,167,206,21,129,143,201,233,190,99,162,31,140,167,52,215,205,34,223,171,38,15,3,12,13,52,100,201,228,174,175,243,240,246,105,177,177,108,69,162,58,198,189,223,162,247,191,118,155,215,10,34,223,174,143,215,139,152,194,52,100,158,214,117,5,160,230,85,85,194,143,74,28,20,223,162,164,140,205,155,215,10,34,223,244,159,93,3,56,134,52,100,158,214,246,163,215,230,184,166,225,228,128,3,200,11,24,217,248,212,120,221,5,77,191,229,176,158,167,97,85,129,143,43,195,205,223,107,36,120,69,137,26,221,84,232,229,42,79,235,132,110,170,145,202,138,45,247,145,219,181,36,234,71,120,69,127,57,205,187,162,170,63,10,97,141,195,160,152,107,33,144,142,50,240,162,186,203,186,64,217,143,176,155,20,49,224,36,87,69,7,11,221,114,143,134,82,200,49,104,11,10,151,245,93,3,94,5,200,126,23
Best fitness found so far: 0.41480230624048325; k: 2.0
Generation: 188; 0.41480230624048325; k: 2.0; 190,142,215,240,115,216,243,201,85,129,143,201,81,20,223,162,31,140,65,52,9,205,34,223,171,210,66,217,12,46,52,66,61,228,2,175,236,115,149,105,177,117,97,67,120,245,216,220,197,52,100,158,214,33,65,108,67,10,245,129,69,92,58,9,139,223,138,247,213,118,6,215,167,140,83,116,143,34,136,8,223,162,18,63,224,155,51,61,179,58,228,155,20,81,128,164,140,205,155,215,235,34,144,246,210,93,207,115,13,52,100,158,45,12,221,176,115,50,88,141,151,97,67,10,217,3,212,150,243,5,225,191,188,176,248,244,199,177,215,247,90,10,245,147,82,32,36,83,113,128,148,231,81,174,106,201,127,4,24,18
Best fitness found so far: 0.41480230624048325; k: 2.0
Generation: 189; 0.41480230624048325; k: 2.0; 190,142,215,240,115,226,167,186,85,129,89,201,137,20,223,192,31,140,185,52,181,205,97,223,170,210,66,3,248,46,52,100,201,228,131,175,176,71,127,243,84,155,20,223,162,164,140,205,91,215,93,207,223,44,210,93,3,6,134,52,100,31,140,185,52,181,205,215,223,170,92,136,3,243,46,23,100,201,228,131,175,88,115,64,243,84,226,115,223,162,164,140,205,155,215,10,190,51,111,38,93,3,6,102,52,100,158,67,246,137,93,3,160,134,52,221,20,217,199,164,140,133,155,215,10,34,144,111,210,93,207,217,161,52,176,158,36,12,229,78,115,50,88,141,151,193,67,10,217,248,212,150,243,5,12,191,188,176,248,244,199,177,64,110,90,10,77,147,69,32,36,23,113,128,148,231,81,112,106,201,65,4,24,95
Best fitness found so far: 0.41480230624048325; k: 2.0
Generation: 190; 0.41480230624048325; k: 2.0; 234,98,215,240,105,216,167,206,61,129,143,201,233,190,99,162,31,140,167,52,66,205,34,223,171,38,15,3,12,46,52,100,201,228,174,175,161,115,105,105,177,177,108,67,119,245,129,69,92,58,198,115,223,183,46,213,42,155,52,167,168,85,129,143,34,136,8,223,172,26,135,10,210,158,195,109,32,33,238,205,244,3,43,204,58,43,107,20,223,213,210,113,108,6,38,186,85,129,174,43,154,223,6,247,213,159,155,214,167,186,229,122,17,41,42,20,205,177,164,140,238,21,21
Best fitness found so far: 0.41480230624048325; k: 2.0
Generation: 191; 0.41480230624048325; k: 2.0; 234,98,215,240,105,216,167,206,61,129,143,146,233,190,33,162,31,140,167,52,215,205,34,223,171,38,15,3,12,46,52,100,201,15,174,175,243,115,246,105,177,177,108,67,10,245,3,69,92,58,198,115,223,183,247,213,174,155,213,118,23,188,10,153,209,48,157,93,126,169,134,52,100,152,214,152,155,39,230,1,166,143,108,220,3,200,215,75,143,129,147,84,225,226,223,242,164,9,194,166,40,122,34,223,111,78,2,173,12,222,52,100,52,45,170,91,162,157,140,141,169,215,14,61,223,19,210,230,3,134,101,90,121,245,46,58,20,107,214,37,195,49,32,33,22,112,37,12,108,204,102,43,107,211,223,109,170,177,113,44,105,139,221,97,172,10,245,129,69,52,58,198,225,223,183,247,213,23,155,115,167,168,85,82,143,34,83,20,223,82,223,162,31,41,100,35,213,205,19,223,110,210,15,30,233,82,52,100,161,228,34,229,175,115,246,105,107,141,215,45,12,82,52,248,142,228,34,191,175,115,246,171,177,151,97,34,109,127,129,117,213,207,249,189,197,184,152,193,49
Best fitness found so far: 0.41480230624048325; k: 2.0
Generation: 192; 0.41480230624048325; k: 2.0; 190,142,215,240,115,216,167,186,85,129,143,201,249,20,223,162,31,140,205,52,62,230,34,223,171,210,67,71,12,46,52,11,201,29,2,175,243,110,246,105,208,177,136,67,10,245,147,69,77,108,211,189,223,146,247,170,118,23,64,10,153,223,48,157,93,126,122,50,52,100,22,214,246,155,215,230,1,166,143,108,101,3,200,202,24,143,129,148,84,155,20,223,242,164,19,205,166,40,38,34,223,111,78,107,173,12,222,52,100,127,45,170,91,162,182,140,200,169,215,14,129,223,19,210,230,3,69,208,90,121,208,46,58,20,107,166,37,195,106,32,33,102,112,244,12,36,204,102,43,228,211,223,186,170,113,87,181,38,119,85,225,143,43,155,197,250,239,32,120,143,144,19,204,167,182,167,120,1,7,91,57,139,207,133,13,52,100,96,45,194,132,176,115,167,105,201,228,2,175,243,76,246,105,177,177,108,67,10,245,216,69,77,174,198,189,223,61,247,213,162,23,215,10,153,223,32,118,93,148,169,134,52,100,22,214,246,5,215,230,1,43,143,108,101,3,200,202,24,85,203,25,108,221,20,223,146,164,210,205,166,40,10,34,66,111,78,2,173,87,222,52,100,165,45,170,91,162,20,68,246,169,157,14,149,54,19,210,230,9,69,208,90,121,199,46,58,20,107,166,205,195,49,32,33,120,112,244,12,43,204,102,43,107,20,181,82,170,113,108,184,249,50,85,129,143,43,155,197,203,239,32,120,143,144,19,197,167,157,167,120,1,111,91,61,34,213,89,3,222,134,140,2
Best fitness found so far: 0.41480230624048325; k: 2.0
Generation: 193; 0.41480230624048325; k: 2.0; 190,142,215,240,115,216,167,201,85,129,143,201,137,20,209,162,31,140,65,52,176,205,170,223,171,210,66,3,12,3,52,100,55,228,2,175,35,115,246,105,177,177,191,67,10,245,216,69,77,194,198,189,154,146,119,223,118,23,215,10,153,223,32,235,167,97,51,129,239,43,155,226,223,193,36,49,84,41,26,31,114,25,229,249,189,220,232,152,7,49,193,149,163,123,49,139,222
Best fitness found so far: 0.41480230624048325; k: 2.0
Generation: 194; 0.41480230624048325; k: 2.0; 13,142,215,240,115,216,167,186,85,129,143,201,233,20,99,162,31,140,205,52,215,205,34,223,37,210,15,3,151,82,185,100,201,228,34,229,243,115,246,105,197,152,97,67,10,245,129,69,52,45,142,228,34,229,175,115,246,105,177,151,97,34,109,127,129,69,162,207,249,189,220,184,152,7,49,193,10,163,123,49,14,141
Best fitness found so far: 0.41480230624048325; k: 2.0
Generation: 195; 0.41480230624048325; k: 2.0; 13,204,215,240,115,216,167,186,85,129,143,201,233,20,99,162,31,140,13,52,215,205,34,223,84,210,15,10,20,223,111,210,93,58,227,222,95,207,22,197,1,235,162,114,235,141,169,215,28,55,223,19,210,117,95,69,49,36,220,208,46,20,69,160,36,120,191,1,26,102,47,150,74,82,162,31,140,65,133,215,205,34,223,171,210,66,3,137,46,248,100,201,228,2,175,243,105,143,113,237,67,10,36,170,69,17,58,198,189,93,85,214,213,189,229,106,167,64,229,122,143,41,155,20,223,162,164,140,107,243,21
Best fitness found so far: 0.41480230624048325; k: 2.0
Generation: 196; 0.41480230624048325; k: 2.0; 236,142,215,240,75,216,167,186,85,129,143,201,155,20,223,162,31,140,205,52,215,205,34,80,221,210,15,146,3,56,111,61,100,230,195,95,163,215,49,150,127,173,228,197,82,221,213,24,130,248,234,150,221,5,237,191,229,134,237,167,57,177,155,131,155,8,10,247,81,93,62,36,196,69,137,247,221,114,194,118,42,79,235,60,110,170,3,202,68,136,247,109,219,181,225,234,71,120,69,11,57,194,187,131,120,107,20,223,85,210,113,108,6,38,186,85,129,143,43,154,223,162,247,213,159,125,214,167,186,98,122,196,41,42,20,205,162,22,140,238,33,21
Best fitness found so far: 0.41480230624048325; k: 2.0
Generation: 197; 0.41480230624048325; k: 2.0; 190,142,215,240,79,216,167,186,85,129,143,201,81,20,223,162,131,140,173,52,215,205,34,223,171,210,66,3,12,46,52,100,201,228,2,175,236,115,149,105,4,117,97,67,165,245,208,69,197,52,100,158,214,246,151,180,230,184,166,165,162,134,3,200,202,126,214,240,205,52,215,205,79,223,73,38,15,239,12,46,52,100,24,228,97,175,243,115,83,193,177,177,136,25,130,245,129,69,6,58,198,225,223,234,247,213,23,155
Best fitness found so far: 0.41480230624048325; k: 2.0
Generation: 198; 0.41480230624048325; k: 2.0; 13,142,215,240,115,216,167,206,89,129,143,201,233,20,99,162,31,140,205,17,11,205,177,223,84,210,119,3,12,46,50,100,201,228,34,229,243,115,246,232,102,177,148,67,10,245,129,39,23,58,198,189,223,58,247,207,118,188,215,10,34,223,174,143,185,139,152,136,52,132,158,202,74,5,160,230,85,85,170,143,74,169,20,11,162,164,140,205,155,215,64,18,223,244,159,93,3,56,134,52,100,31,82,246,163,215,230,184,166,82,228,134,3,200,182,24,217,248,212,120,221,5,29,49,229,176,158,167,67,85,129,143,43,195,205,185,107,36,120,69,137,26,221,114,139,229,42,237,235,9,138,170,145,202,246,45,247,145,219,181,124,234,71,120,69,127,57,194,187,162,170,13,10,163,198,164,160,152,107,64,215,142,50,240,110,186,203,186,64,78,143,176,155,20,35,224,36,235,224,67,11,221,114,143,134,82,108,173,104,11,10,151,245,93,3,52,5,200,142,215,107,115,216,169,186,85,129,143,201,137,137,141,7,31,157,65,52,215,205,34,146,144,210,66,3,12,78,248,100,201,151,2,175,243,154,194,177,97,67,10,36,170,69,223,201,198,208,46,20,41,52,11,235,191,1,26,63,10,150,117,82,113,226
Best fitness found so far: 0.41480230624048325; k: 2.0
Generation: 199; 0.41480230624048325; k: 2.0; 108,98,215,240,105,216,167,206,61,129,143,201,233,190,99,162,31,140,167,52,215,205,34,223,171,38,15,3,12,46,52,100,201,228,125,175,243,115,246,137,177,177,108,67,10,245,150,69,92,58,198,115,223,183,247,213,118,155,215,167,168,85,129,143,144,136,8,223,162,164,140,224,155,51,160,179,102,228,155,235,217,128,164,214,205,155,215,10,34,144,111,210,93,207,245,13,52,214,158,45,12,229,176,133,29,105,177,151,85,67,248,217,248,212,150,243,5,12,191,188,176,248,238,199,177,215,110,90,10,245,117,69,32,20,83,26,128,64,30,81,112,106,177,117,33,67,10,1,216,69,197,52,100,158,214,246,218,180,130,133,166,82,236,173,157,154,26,221,114,25,87,42,79,235,149,110,165,14,3,56,134,140,69,136,241,128,187,189,81,135,55,201,65,99,163,195
Best fitness found so far: 0.41480230624048325; k: 2.0
Total time of execution of seed 7 : 125725768
Solution Fitness: -0.41480230624048325
Variables: random 4 eucledian split split moveNear split join moveAverage join moveAverage join moveBetween
