Generation: 0; 0.013665409747816345; k: 2.0; 203,54,59
Best fitness found so far: 0.013665409747816345; k: 2.0
Generation: 1; 0.6146850747345332; k: 2.0; 245,31,202,15,185
Best fitness found so far: 0.6146850747345332; k: 2.0
Generation: 2; 0.44025807885799856; k: 2.5; 78,215,65,15,227,176,239,200,87,94,196,24,185
Best fitness found so far: 0.6146850747345332; k: 2.0
Generation: 3; 0.5537204360797233; k: 2.0; 177,115,40,125,1,167,103,68,21,78,139,115,225,41,192,60,2
Best fitness found so far: 0.6146850747345332; k: 2.0
Generation: 4; 0.5435730058917543; k: 2.1; 68,147,115,73,161,34,107,19,85,16,37,10,138,228,225,41,36,69,73,167,103,68,193,78,139,61,88
Best fitness found so far: 0.6146850747345332; k: 2.0
Generation: 5; 0.5435730058917543; k: 2.1; 68,147,115,73,161,34,107,19,85,16,37,10,138,98,225,41,25,69,12,167,103,68,193,78,139,40,181,29,194,103,68,21,145,139,61,182
Best fitness found so far: 0.6146850747345332; k: 2.0
Generation: 6; 0.5455828921273409; k: 2.0; 68,115,115,73,161,151,181,19,85,15,175,73,161,34,107,19,85,16,37,10,138,228,225,41,36,69,73,167,103,68,193,78,139,61,88
Best fitness found so far: 0.6146850747345332; k: 2.0
Generation: 7; 0.5479068154843569; k: 2.0; 77,19,174,140,175,10,151,225,21,198,139,61,249
Best fitness found so far: 0.6146850747345332; k: 2.0
Generation: 8; 0.5902859591177805; k: 2.0; 177,115,250,125,129,235,161,59,3,78,139,115,73,161,151,45,19,231,21,175,10,138,73,161,34,107,19,65,16,37,10,115,73,161,151,107,19,174,86,175,10,200,228,225,41,228,60,2
Best fitness found so far: 0.6146850747345332; k: 2.0
Generation: 9; 0.5903203064488285; k: 2.0; 230,115,61,125,1,113,155,88,101,29,61,181
Best fitness found so far: 0.6146850747345332; k: 2.0
Generation: 10; 0.6146850747345332; k: 2.0; 245,31,202,15,185
Best fitness found so far: 0.6146850747345332; k: 2.0
Generation: 11; 0.5702667744571812; k: 2.0; 77,82,239,38,21,218,189,40,185,202,57,243,179,10,85,16,37,10,138,98,225,41,25,125,101,167,103,68,193,233,139,40,181,213,50,39,37,10,138,98,161,151,45,224,231,21,175,10,138,73,161,34,107,19,65,16,37,10,115,73,161,151,107,19,174,86,175,10,200,228,225,41,228,60,2
Best fitness found so far: 0.6146850747345332; k: 2.0
Generation: 12; 0.6146850747345332; k: 2.0; 245,31,202,15,185
Best fitness found so far: 0.6146850747345332; k: 2.0
Generation: 13; 0.5813555813947568; k: 2.0; 77,82,239,38,139,218,83,40,185,202,57,243,179,188,3,16,37,10,138,98,225,137,80,125,12,167,103,68,117,78,207,40,181,29,172,112,68,21,145,139,204,182
Best fitness found so far: 0.6146850747345332; k: 2.0
Generation: 14; 0.6146850747345332; k: 2.0; 245,31,202,15,185
Best fitness found so far: 0.6146850747345332; k: 2.0
Generation: 15; 0.561505070200625; k: 2.0; 199,56,200,73,161,151,145,19,85,15,185,167,153,139,50,225,210,168,21,237,108,14,37,217,29,186,161,159,107,199,29,141,161
Best fitness found so far: 0.6146850747345332; k: 2.0
Generation: 16; 0.5702667744571812; k: 2.0; 63,82,239,38,139,218,189,40,185,202,57,243,9,10,3,16,13,10,138,98,135,158,202,15,185
Best fitness found so far: 0.6146850747345332; k: 2.0
Generation: 17; 0.6043032361639409; k: 2.0; 177,115,13,78,181,115,73,161,151,107,19,117,86,175,124,138,104,31,73,86,54,157,125,125,1,131,19,197,16,37,10,115,73,161,151,220,19,174,86,175,10,200,228,189,41,228,60,2
Best fitness found so far: 0.6146850747345332; k: 2.0
Generation: 18; 0.6146850747345332; k: 2.0; 245,31,202,15,185
Best fitness found so far: 0.6146850747345332; k: 2.0
Generation: 19; 0.6146850747345332; k: 2.0; 245,31,202,15,185
Best fitness found so far: 0.6146850747345332; k: 2.0
Generation: 20; 0.6043032361639409; k: 2.0; 222,3,13,78,139,115,73,161,151,107,31,117,86,175,10,138,245,31,215,15,210,1,167,103,68,95,107,105,166,68,139,241,155
Best fitness found so far: 0.6146850747345332; k: 2.0
Generation: 21; 0.6043032361639409; k: 2.0; 177,115,13,78,139,115,73,161,75,107,19,92,86,175,28,138,138,98,225,41,25,125,101,153,164,68,182,233,139,85,115,13,78,94,115,73,161,151,107,19,19,65,16,37,10,115,73,161,151,107,19,174,86,175,10,200,228,225,41,228,60,2
Best fitness found so far: 0.6146850747345332; k: 2.0
Generation: 22; 0.6146850747345332; k: 2.0; 245,31,202,15,185
Best fitness found so far: 0.6146850747345332; k: 2.0
Generation: 23; 0.6146850747345332; k: 2.0; 245,31,202,15,185
Best fitness found so far: 0.6146850747345332; k: 2.0
Generation: 24; 0.6146850747345332; k: 2.0; 245,31,202,15,185
Best fitness found so far: 0.6146850747345332; k: 2.0
Generation: 25; 0.6146850747345332; k: 2.0; 245,31,202,15,55
Best fitness found so far: 0.6146850747345332; k: 2.0
Generation: 26; 0.6146850747345332; k: 2.0; 245,31,202,15,55
Best fitness found so far: 0.6146850747345332; k: 2.0
Generation: 27; 0.6043032361639409; k: 2.0; 177,115,13,78,139,115,73,161,151,107,19,117,86,175,28,138,245,156,73,86,54,157,125,40,249,131,145,243,201,86,175,10,59,19,85,59,51,167,221,143,50,225,123,168,236,37,10,100,83,225,89,25,14,94,144,10,68,107,246,139,40,181,25,69,95,191,136,78,51,78,181,200,33,86,175,10,107,19,85,59,94,51,221,139,50,225,210,168,16,37,10,138,101,169,41,110,44,94,41,25,125,101,153,164,219,182,233,5,181,236,178,16,78,59,160,194,155,199,29,61,6,110,44,94,41,25,125
Best fitness found so far: 0.6146850747345332; k: 2.0
Generation: 28; 0.6146850747345332; k: 2.0; 245,31,202,15,185
Best fitness found so far: 0.6146850747345332; k: 2.0
Generation: 29; 0.6146850747345332; k: 2.0; 245,31,202,15,185
Best fitness found so far: 0.6146850747345332; k: 2.0
Generation: 30; 0.6146850747345332; k: 2.0; 245,31,202,15,185
Best fitness found so far: 0.6146850747345332; k: 2.0
Generation: 31; 0.6146850747345332; k: 2.0; 245,31,202,15,185
Best fitness found so far: 0.6146850747345332; k: 2.0
Generation: 32; 0.6146850747345332; k: 2.0; 245,31,202,15,185
Best fitness found so far: 0.6146850747345332; k: 2.0
Generation: 33; 0.6146850747345332; k: 2.0; 245,31,202,15,185
Best fitness found so far: 0.6146850747345332; k: 2.0
Generation: 34; 0.6146850747345332; k: 2.0; 245,31,202,15,115
Best fitness found so far: 0.6146850747345332; k: 2.0
Generation: 35; 0.6146850747345332; k: 2.0; 245,31,202,15,185
Best fitness found so far: 0.6146850747345332; k: 2.0
Generation: 36; 0.6146850747345332; k: 2.0; 245,31,202,15,55
Best fitness found so far: 0.6146850747345332; k: 2.0
Generation: 37; 0.6146850747345332; k: 2.0; 245,31,202,15,185
Best fitness found so far: 0.6146850747345332; k: 2.0
Generation: 38; 0.6146850747345332; k: 2.0; 245,31,202,15,185
Best fitness found so far: 0.6146850747345332; k: 2.0
Generation: 39; 0.6146850747345332; k: 2.0; 245,31,202,15,185
Best fitness found so far: 0.6146850747345332; k: 2.0
Generation: 40; 0.6146850747345332; k: 2.0; 245,31,202,15,55
Best fitness found so far: 0.6146850747345332; k: 2.0
Generation: 41; 0.6146850747345332; k: 2.0; 245,31,202,15,55
Best fitness found so far: 0.6146850747345332; k: 2.0
Generation: 42; 0.6146850747345332; k: 2.0; 245,31,202,15,185
Best fitness found so far: 0.6146850747345332; k: 2.0
Generation: 43; 0.6146850747345332; k: 2.0; 245,31,202,15,185
Best fitness found so far: 0.6146850747345332; k: 2.0
Generation: 44; 0.6228994816187724; k: 2.0; 245,31,242,15,185,245,31,245,31,202,15,55
Best fitness found so far: 0.6228994816187724; k: 2.0
Generation: 45; 0.6146850747345332; k: 2.0; 245,31,202,15,55
Best fitness found so far: 0.6228994816187724; k: 2.0
Generation: 46; 0.6228994816187724; k: 2.0; 245,31,242,15,185,245,31,245,31,202,15,85
Best fitness found so far: 0.6228994816187724; k: 2.0
Generation: 47; 0.6146850747345332; k: 2.0; 245,31,202,15,185
Best fitness found so far: 0.6228994816187724; k: 2.0
Generation: 48; 0.6228994816187724; k: 2.0; 245,31,202,15,215,15,185
Best fitness found so far: 0.6228994816187724; k: 2.0
Generation: 49; 0.6228994816187724; k: 2.0; 245,31,202,15,215,15,185
Best fitness found so far: 0.6228994816187724; k: 2.0
Generation: 50; 0.6228994816187724; k: 2.0; 245,31,242,15,139,245,31,245,31,202,15,85
Best fitness found so far: 0.6228994816187724; k: 2.0
Generation: 51; 0.6146850747345332; k: 2.0; 245,31,202,15,185
Best fitness found so far: 0.6228994816187724; k: 2.0
Generation: 52; 0.6228994816187724; k: 2.0; 245,31,202,15,215,55,185
Best fitness found so far: 0.6228994816187724; k: 2.0
Generation: 53; 0.6228994816187724; k: 2.0; 245,31,242,15,185,245,31,245,31,202,15,85
Best fitness found so far: 0.6228994816187724; k: 2.0
Generation: 54; 0.6228994816187724; k: 2.0; 245,31,202,15,215,15,185
Best fitness found so far: 0.6228994816187724; k: 2.0
Generation: 55; 0.6228994816187724; k: 2.0; 245,31,202,15,215,15,185
Best fitness found so far: 0.6228994816187724; k: 2.0
Generation: 56; 0.6228994816187724; k: 2.0; 245,31,202,15,215,15,185
Best fitness found so far: 0.6228994816187724; k: 2.0
Generation: 57; 0.6228994816187724; k: 2.0; 245,31,242,15,185,245,31,245,31,202,15,85
Best fitness found so far: 0.6228994816187724; k: 2.0
Generation: 58; 0.6228994816187724; k: 2.0; 245,31,242,15,185,245,31,245,31,202,15,185
Best fitness found so far: 0.6228994816187724; k: 2.0
Generation: 59; 0.6228994816187724; k: 2.0; 245,31,242,15,165,15,185
Best fitness found so far: 0.6228994816187724; k: 2.0
Generation: 60; 0.6228994816187724; k: 2.0; 245,31,242,15,185,245,31,245,31,202,15,185
Best fitness found so far: 0.6228994816187724; k: 2.0
Generation: 61; 0.6228994816187724; k: 2.0; 245,31,242,15,185,245,31,245,31,202,15,185
Best fitness found so far: 0.6228994816187724; k: 2.0
Generation: 62; 0.6228994816187724; k: 2.0; 245,31,242,15,185,210,31,245,31,202,15,85
Best fitness found so far: 0.6228994816187724; k: 2.0
Generation: 63; 0.6228994816187724; k: 2.0; 245,31,242,15,139,240,31,245,31,202,15,185
Best fitness found so far: 0.6228994816187724; k: 2.0
Generation: 64; 0.6228994816187724; k: 2.0; 245,31,202,15,215,15,185
Best fitness found so far: 0.6228994816187724; k: 2.0
Generation: 65; 0.6228994816187724; k: 2.0; 245,31,202,15,55,15,55
Best fitness found so far: 0.6228994816187724; k: 2.0
Generation: 66; 0.6228994816187724; k: 2.0; 245,31,202,15,215,15,185
Best fitness found so far: 0.6228994816187724; k: 2.0
Generation: 67; 0.6228994816187724; k: 2.0; 245,31,202,15,215,15,185
Best fitness found so far: 0.6228994816187724; k: 2.0
Generation: 68; 0.6228994816187724; k: 2.0; 245,31,242,15,185,210,31,245,31,202,15,85
Best fitness found so far: 0.6228994816187724; k: 2.0
Generation: 69; 0.6228994816187724; k: 2.0; 245,31,202,15,215,15,185
Best fitness found so far: 0.6228994816187724; k: 2.0
Generation: 70; 0.6228994816187724; k: 2.0; 245,31,142,15,55,15,185
Best fitness found so far: 0.6228994816187724; k: 2.0
Generation: 71; 0.6228994816187724; k: 2.0; 245,31,202,15,215,15,55
Best fitness found so far: 0.6228994816187724; k: 2.0
Generation: 72; 0.6228994816187724; k: 2.0; 245,31,142,15,215,15,185
Best fitness found so far: 0.6228994816187724; k: 2.0
Generation: 73; 0.6228994816187724; k: 2.0; 245,31,202,15,215,15,185
Best fitness found so far: 0.6228994816187724; k: 2.0
Generation: 74; 0.6228994816187724; k: 2.0; 245,31,142,15,55,15,185
Best fitness found so far: 0.6228994816187724; k: 2.0
Generation: 75; 0.6228994816187724; k: 2.0; 245,31,202,15,85,15,85
Best fitness found so far: 0.6228994816187724; k: 2.0
Generation: 76; 0.6228994816187724; k: 2.0; 245,31,122,15,185,245,31,245,31,202,15,185
Best fitness found so far: 0.6228994816187724; k: 2.0
Generation: 77; 0.6228994816187724; k: 2.0; 245,31,202,15,215,15,185
Best fitness found so far: 0.6228994816187724; k: 2.0
Generation: 78; 0.6228994816187724; k: 2.0; 245,31,202,15,85,15,85
Best fitness found so far: 0.6228994816187724; k: 2.0
Generation: 79; 0.6228994816187724; k: 2.0; 245,31,202,15,215,15,85
Best fitness found so far: 0.6228994816187724; k: 2.0
Generation: 80; 0.6228994816187724; k: 2.0; 245,31,202,15,215,55,185
Best fitness found so far: 0.6228994816187724; k: 2.0
Generation: 81; 0.6228994816187724; k: 2.0; 245,31,202,15,55,15,185
Best fitness found so far: 0.6228994816187724; k: 2.0
Generation: 82; 0.6228994816187724; k: 2.0; 245,31,202,15,215,15,185
Best fitness found so far: 0.6228994816187724; k: 2.0
Generation: 83; 0.6228994816187724; k: 2.0; 245,31,242,15,185,245,185
Best fitness found so far: 0.6228994816187724; k: 2.0
Generation: 84; 0.6228994816187724; k: 2.0; 245,31,202,15,55,15,185
Best fitness found so far: 0.6228994816187724; k: 2.0
Generation: 85; 0.6228994816187724; k: 2.0; 245,31,202,15,55,15,185
Best fitness found so far: 0.6228994816187724; k: 2.0
Generation: 86; 0.6228994816187724; k: 2.0; 245,31,242,15,185,15,185
Best fitness found so far: 0.6228994816187724; k: 2.0
Generation: 87; 0.6228994816187724; k: 2.0; 245,31,202,15,215,15,55
Best fitness found so far: 0.6228994816187724; k: 2.0
Generation: 88; 0.6228994816187724; k: 2.0; 245,31,202,15,215,15,185
Best fitness found so far: 0.6228994816187724; k: 2.0
Generation: 89; 0.6228994816187724; k: 2.0; 245,31,202,15,215,15,185
Best fitness found so far: 0.6228994816187724; k: 2.0
Generation: 90; 0.6228994816187724; k: 2.0; 245,31,242,15,139,245,31,245,31,202,15,85
Best fitness found so far: 0.6228994816187724; k: 2.0
Generation: 91; 0.6228994816187724; k: 2.0; 245,31,242,15,185,245,31,245,31,202,15,185
Best fitness found so far: 0.6228994816187724; k: 2.0
Generation: 92; 0.6228994816187724; k: 2.0; 245,31,122,15,215,15,185
Best fitness found so far: 0.6228994816187724; k: 2.0
Generation: 93; 0.6228994816187724; k: 2.0; 245,31,202,15,215,15,185
Best fitness found so far: 0.6228994816187724; k: 2.0
Generation: 94; 0.6228994816187724; k: 2.0; 245,31,202,15,215,15,185
Best fitness found so far: 0.6228994816187724; k: 2.0
Generation: 95; 0.6228994816187724; k: 2.0; 245,31,202,45,215,235,185
Best fitness found so far: 0.6228994816187724; k: 2.0
Generation: 96; 0.6228994816187724; k: 2.0; 245,31,202,15,85,15,85
Best fitness found so far: 0.6228994816187724; k: 2.0
Generation: 97; 0.6228994816187724; k: 2.0; 245,31,202,15,215,15,185
Best fitness found so far: 0.6228994816187724; k: 2.0
Generation: 98; 0.6624601619329697; k: 2.0; 245,31,242,15,139,46,31,152,31,202,15,202,15,215,15,85
Best fitness found so far: 0.6624601619329697; k: 2.0
Generation: 99; 0.6228994816187724; k: 2.0; 245,31,202,15,215,15,85
Best fitness found so far: 0.6624601619329697; k: 2.0
Generation: 100; 0.6228994816187724; k: 2.0; 245,31,202,15,215,15,185
Best fitness found so far: 0.6624601619329697; k: 2.0
Generation: 101; 0.6228994816187724; k: 2.0; 245,31,202,15,55,15,55
Best fitness found so far: 0.6624601619329697; k: 2.0
Generation: 102; 0.6228994816187724; k: 2.0; 245,81,242,15,185,245,185
Best fitness found so far: 0.6624601619329697; k: 2.0
Generation: 103; 0.6343242513028082; k: 2.0; 245,31,139,245,31,245,31,202,15,85
Best fitness found so far: 0.6624601619329697; k: 2.0
Generation: 104; 0.6343242513028082; k: 2.0; 245,31,139,245,31,245,31,202,15,85
Best fitness found so far: 0.6624601619329697; k: 2.0
Generation: 105; 0.6228994816187724; k: 2.0; 245,31,122,15,185,15,185
Best fitness found so far: 0.6624601619329697; k: 2.0
Generation: 106; 0.6228994816187724; k: 2.0; 245,31,122,15,215,15,185
Best fitness found so far: 0.6624601619329697; k: 2.0
Generation: 107; 0.6228994816187724; k: 2.0; 245,31,202,15,215,15,185
Best fitness found so far: 0.6624601619329697; k: 2.0
Generation: 108; 0.636180882628212; k: 2.0; 245,31,242,15,139,46,31,152,31,202,15,202,15,215,15,215,15,185
Best fitness found so far: 0.6624601619329697; k: 2.0
Generation: 109; 0.6343242513028082; k: 2.0; 245,31,139,245,31,245,31,202,15,85
Best fitness found so far: 0.6624601619329697; k: 2.0
Generation: 110; 0.6228994816187724; k: 2.0; 245,31,202,15,215,15,185
Best fitness found so far: 0.6624601619329697; k: 2.0
Generation: 111; 0.636180882628212; k: 2.0; 245,31,202,15,139,46,31,152,31,202,15,202,15,215,15,215,15,185
Best fitness found so far: 0.6624601619329697; k: 2.0
Generation: 112; 0.6624601619329697; k: 2.0; 245,31,242,15,139,46,31,152,31,212,15,202,15,215,15,185
Best fitness found so far: 0.6624601619329697; k: 2.0
Generation: 113; 0.6343242513028082; k: 2.0; 245,31,139,245,185,245,31,202,15,85
Best fitness found so far: 0.6624601619329697; k: 2.0
Generation: 114; 0.6228994816187724; k: 2.0; 245,31,242,15,185,210,31,245,31,202,15,85
Best fitness found so far: 0.6624601619329697; k: 2.0
Generation: 115; 0.6228994816187724; k: 2.0; 245,31,242,15,125,250,31,245,31,202,15,85
Best fitness found so far: 0.6624601619329697; k: 2.0
Generation: 116; 0.6228994816187724; k: 2.0; 245,31,242,15,185,245,31,245,31,202,15,85
Best fitness found so far: 0.6624601619329697; k: 2.0
Generation: 117; 0.636180882628212; k: 2.0; 245,31,122,15,139,46,31,152,31,202,15,202,15,215,15,215,15,185
Best fitness found so far: 0.6624601619329697; k: 2.0
Generation: 118; 0.6343242513028082; k: 2.0; 245,31,139,245,31,245,31,202,193,85
Best fitness found so far: 0.6624601619329697; k: 2.0
Generation: 119; 0.6228994816187724; k: 2.0; 245,81,242,15,185,245,31,245,31,202,55,185
Best fitness found so far: 0.6624601619329697; k: 2.0
Generation: 120; 0.6228994816187724; k: 2.0; 245,31,242,15,185,245,31,245,31,202,15,85,15,85
Best fitness found so far: 0.6624601619329697; k: 2.0
Generation: 121; 0.6228994816187724; k: 2.0; 245,31,202,15,215,15,185
Best fitness found so far: 0.6624601619329697; k: 2.0
Generation: 122; 0.6228994816187724; k: 2.0; 245,31,202,15,215,15,185
Best fitness found so far: 0.6624601619329697; k: 2.0
Generation: 123; 0.6343242513028082; k: 2.0; 245,31,139,245,31,245,31,2,15,85
Best fitness found so far: 0.6624601619329697; k: 2.0
Generation: 124; 0.6343242513028082; k: 2.0; 245,31,139,245,31,245,31,202,15,85
Best fitness found so far: 0.6624601619329697; k: 2.0
Generation: 125; 0.6228994816187724; k: 2.0; 245,31,242,15,215,15,185
Best fitness found so far: 0.6624601619329697; k: 2.0
Generation: 126; 0.6228994816187724; k: 2.0; 245,31,242,15,185,245,31,110,31,202,15,185
Best fitness found so far: 0.6624601619329697; k: 2.0
Generation: 127; 0.6624601619329697; k: 2.0; 181,31,242,15,139,46,31,152,31,212,31,202,15,215,15,185
Best fitness found so far: 0.6624601619329697; k: 2.0
Generation: 128; 0.636180882628212; k: 2.0; 245,31,202,15,139,46,31,152,31,202,15,202,15,215,15,215,15,185
Best fitness found so far: 0.6624601619329697; k: 2.0
Generation: 129; 0.6624601619329697; k: 2.0; 181,31,242,15,139,16,31,152,31,212,31,202,15,215,15,185
Best fitness found so far: 0.6624601619329697; k: 2.0
Generation: 130; 0.6343242513028082; k: 2.0; 245,31,139,245,31,245,31,202,15,185
Best fitness found so far: 0.6624601619329697; k: 2.0
Generation: 131; 0.636180882628212; k: 2.0; 181,31,122,15,139,46,31,152,31,202,15,202,15,215,15,215,15,185
Best fitness found so far: 0.6624601619329697; k: 2.0
Generation: 132; 0.6343242513028082; k: 2.0; 245,31,139,245,31,245,31,202,193,185
Best fitness found so far: 0.6624601619329697; k: 2.0
Generation: 133; 0.636180882628212; k: 2.0; 245,41,242,15,139,46,31,152,31,202,15,202,15,215,15,215,15,185
Best fitness found so far: 0.6624601619329697; k: 2.0
Generation: 134; 0.6343242513028082; k: 2.0; 245,31,139,245,31,245,31,202,15,85
Best fitness found so far: 0.6624601619329697; k: 2.0
Generation: 135; 0.6624601619329697; k: 2.0; 245,31,202,15,139,46,31,152,31,202,15,202,15,215,15,185
Best fitness found so far: 0.6624601619329697; k: 2.0
Generation: 136; 0.6624601619329697; k: 2.0; 245,31,122,15,139,46,31,152,31,212,37,202,15,215,15,185
Best fitness found so far: 0.6624601619329697; k: 2.0
Generation: 137; 0.6343242513028082; k: 2.0; 245,31,139,245,31,245,31,202,15,85
Best fitness found so far: 0.6624601619329697; k: 2.0
Generation: 138; 0.6624601619329697; k: 2.0; 181,31,242,15,139,46,31,152,31,202,15,202,15,215,15,85
Best fitness found so far: 0.6624601619329697; k: 2.0
Generation: 139; 0.6343242513028082; k: 2.0; 151,241,139,245,185,245,31,202,15,85
Best fitness found so far: 0.6624601619329697; k: 2.0
Generation: 140; 0.6624601619329697; k: 2.0; 245,31,242,15,139,46,31,152,31,212,15,202,15,215,15,185
Best fitness found so far: 0.6624601619329697; k: 2.0
Generation: 141; 0.6624601619329697; k: 2.0; 245,31,242,15,139,46,31,152,31,212,15,202,15,215,15,185
Best fitness found so far: 0.6624601619329697; k: 2.0
Generation: 142; 0.6624601619329697; k: 2.0; 245,31,102,15,139,46,31,152,31,202,15,202,15,215,15,85
Best fitness found so far: 0.6624601619329697; k: 2.0
Generation: 143; 0.6477319795783829; k: 2.1; 245,31,122,15,139,46,31,233,19,199,15,202,15,215,15,96,202,15,85
Best fitness found so far: 0.6624601619329697; k: 2.0
Generation: 144; 0.636180882628212; k: 2.0; 181,31,122,15,139,46,31,152,31,202,15,202,15,215,15,215,15,185
Best fitness found so far: 0.6624601619329697; k: 2.0
Generation: 145; 0.636180882628212; k: 2.0; 181,31,122,15,139,46,31,152,31,202,15,202,15,215,15,215,15,185
Best fitness found so far: 0.6624601619329697; k: 2.0
Generation: 146; 0.6477319795783829; k: 2.1; 245,31,122,15,139,46,31,233,19,199,15,202,15,215,15,96,136,185
Best fitness found so far: 0.6624601619329697; k: 2.0
Generation: 147; 0.6624601619329697; k: 2.0; 245,31,242,15,139,46,31,152,31,202,15,202,15,215,15,215
Best fitness found so far: 0.6624601619329697; k: 2.0
Generation: 148; 0.6624601619329697; k: 2.0; 245,31,242,15,139,46,31,152,31,212,31,202,15,215,15,185
Best fitness found so far: 0.6624601619329697; k: 2.0
Generation: 149; 0.6624601619329697; k: 2.0; 245,41,242,15,139,46,31,152,31,202,15,202,227,215,15,215,245,31,202,15,245,185,245,64,202,15,85
Best fitness found so far: 0.6624601619329697; k: 2.0
Generation: 150; 0.6624601619329697; k: 2.0; 181,31,242,15,139,46,31,152,31,212,31,202,15,215,15,185
Best fitness found so far: 0.6624601619329697; k: 2.0
Generation: 151; 0.636180882628212; k: 2.0; 67,31,202,15,233,46,31,152,31,202,11,202,15,215,15,215,15,85
Best fitness found so far: 0.6624601619329697; k: 2.0
Generation: 152; 0.6624601619329697; k: 2.0; 245,41,242,15,139,46,31,152,31,202,15,202,227,215,15,215,65,31,202,15,85
Best fitness found so far: 0.6624601619329697; k: 2.0
Generation: 153; 0.636180882628212; k: 2.0; 181,31,122,15,165,46,31,152,31,202,161,202,15,215,15,215,245,35,245,31,202,15,85
Best fitness found so far: 0.6624601619329697; k: 2.0
Generation: 154; 0.6309295456541986; k: 2.0; 132,31,242,15,139,46,31,152,31,248,15,202,15,215,56,85
Best fitness found so far: 0.6624601619329697; k: 2.0
Generation: 155; 0.6477319795783829; k: 2.1; 245,31,242,15,139,46,31,233,19,199,15,202,15,170,15,126,202,15,85
Best fitness found so far: 0.6624601619329697; k: 2.0
Generation: 156; 0.6624601619329697; k: 2.0; 245,31,102,15,139,46,31,152,31,202,15,202,15,215,155,85
Best fitness found so far: 0.6624601619329697; k: 2.0
Generation: 157; 0.6624601619329697; k: 2.0; 245,31,242,15,139,46,31,152,31,202,15,202,179,215,207,85
Best fitness found so far: 0.6624601619329697; k: 2.0
Generation: 158; 0.6624601619329697; k: 2.0; 181,31,122,15,139,201,103,152,31,212,37,202,15,215,15,185
Best fitness found so far: 0.6624601619329697; k: 2.0
Generation: 159; 0.6624601619329697; k: 2.0; 245,31,122,15,139,46,147,152,31,12,15,202,15,215,15,215,15,31,202,15,233,205,31,152,31,202,15,202,15,169,15,215,15,185
Best fitness found so far: 0.6624601619329697; k: 2.0
Generation: 160; 0.6624601619329697; k: 2.0; 245,81,2,15,139,241,31,152,31,212,15,202,15,215,15,185
Best fitness found so far: 0.6624601619329697; k: 2.0
Generation: 161; 0.6624601619329697; k: 2.0; 181,31,242,15,79,46,79,152,31,202,15,202,227,215,197,15,85,31,242,15,79,35,79,72,15,85
Best fitness found so far: 0.6624601619329697; k: 2.0
Generation: 162; 0.6624601619329697; k: 2.0; 245,31,242,15,139,46,31,152,31,202,15,202,15,215,15,85
Best fitness found so far: 0.6624601619329697; k: 2.0
Generation: 163; 0.6477319795783829; k: 2.1; 245,31,122,15,139,46,31,233,19,199,15,47,15,215,15,96,202,15,79,35,79,72,15,85
Best fitness found so far: 0.6624601619329697; k: 2.0
Generation: 164; 0.6477319795783829; k: 2.1; 245,31,122,15,139,46,31,233,19,199,15,47,15,215,15,96,202,245,74,242,173,139,15,139,137,31,139,245,31,245,31,180,15,85,31,122,15,139,46,31,233,19,199,15,47,15
Best fitness found so far: 0.6624601619329697; k: 2.0
Generation: 165; 0.6624601619329697; k: 2.0; 245,41,242,15,139,46,31,152,31,202,15,202,227,215,15,215,245,31,202,15,85
Best fitness found so far: 0.6624601619329697; k: 2.0
Generation: 166; 0.6624601619329697; k: 2.0; 245,31,242,15,139,46,31,152,31,202,15,202,15,215,15,85
Best fitness found so far: 0.6624601619329697; k: 2.0
Generation: 167; 0.6624601619329697; k: 2.0; 181,31,242,15,79,46,79,152,31,202,15,202,227,215,197,15,85,31,242,15,79,136,15,215,15,185
Best fitness found so far: 0.6624601619329697; k: 2.0
Generation: 168; 0.6624601619329697; k: 2.0; 181,31,242,15,139,46,31,152,31,202,15,202,179,215,15,185
Best fitness found so far: 0.6624601619329697; k: 2.0
Generation: 169; 0.6624601619329697; k: 2.0; 245,41,242,15,139,46,31,152,31,202,15,202,227,215,15,215,65,226,202,15,211
Best fitness found so far: 0.6624601619329697; k: 2.0
Generation: 170; 0.6624601619329697; k: 2.0; 181,31,242,120,139,46,31,152,31,212,31,202,15,215,15,185
Best fitness found so far: 0.6624601619329697; k: 2.0
Generation: 171; 0.6624601619329697; k: 2.0; 245,31,242,15,139,46,31,152,17,202,15,202,73,215,207,85
Best fitness found so far: 0.6624601619329697; k: 2.0
Generation: 172; 0.6624601619329697; k: 2.0; 245,31,102,15,139,46,31,152,31,17,15,202,15,210,155,85
Best fitness found so far: 0.6624601619329697; k: 2.0
Generation: 173; 0.6745253648476879; k: 2.0; 245,31,242,15,139,46,247,233,19,236,171,202,15,100,37,185
Best fitness found so far: 0.6745253648476879; k: 2.0
Generation: 174; 0.6624601619329697; k: 2.0; 245,31,122,15,139,46,51,152,31,202,15,202,99,215,15,215,15,181,202,245,74,115,157,58,15,139,137,31,233,245,10,245,31,180,15,72,21,85,15,139,19,31,233,19,199,15,215,15,215,15,85
Best fitness found so far: 0.6745253648476879; k: 2.0
Generation: 175; 0.6624601619329697; k: 2.0; 245,41,242,15,139,46,31,152,31,202,15,202,227,215,15,215,245,31,202,15,85
Best fitness found so far: 0.6745253648476879; k: 2.0
Generation: 176; 0.6624601619329697; k: 2.0; 74,31,122,15,139,46,147,152,31,12,149,202,15,215,15,215,15,31,202,15,233,205,31,245,31,102,15,139,46,31,152,220,202,15,202,194,215,155,85
Best fitness found so far: 0.6745253648476879; k: 2.0
Generation: 177; 0.6624601619329697; k: 2.0; 245,189,122,15,139,46,31,152,31,202,15,202,15,215,15,215,205,181,202,245,182,242,45,202,15,215,15,85
Best fitness found so far: 0.6745253648476879; k: 2.0
Generation: 178; 0.6624601619329697; k: 2.0; 245,31,122,15,139,46,51,152,31,202,15,202,99,215,15,215,177,181,202,245,74,115,157,58,15,139,137,31,233,245,10,156,215,15,215,241,31,242,15,139,46,231,152,56,212,70,1,65,215,15,57
Best fitness found so far: 0.6745253648476879; k: 2.0
Generation: 179; 0.6624601619329697; k: 2.0; 181,31,242,15,79,46,79,152,31,202,15,202,227,215,197,15,85,31,242,15,31,242,15,79,145,161,152,31,12,15,76,227,215,197,15,85,31,242,15,79,136,15,215,15,185
Best fitness found so far: 0.6745253648476879; k: 2.0
Generation: 180; 0.6624601619329697; k: 2.0; 248,31,122,15,139,46,31,152,31,202,15,202,15,215,15,215,15,31,242,15,15,215
Best fitness found so far: 0.6745253648476879; k: 2.0
Generation: 181; 0.6624601619329697; k: 2.0; 245,31,122,15,139,46,147,152,31,12,15,202,15,215,15,215,15,31,202,15,242,15,139,46,31,152,31,216,15,202,179,215,248,85
Best fitness found so far: 0.6745253648476879; k: 2.0
Generation: 182; 0.6624601619329697; k: 2.0; 95,31,242,15,139,46,31,152,31,202,15,202,179,215,15,185
Best fitness found so far: 0.6745253648476879; k: 2.0
Generation: 183; 0.6624601619329697; k: 2.0; 74,31,122,15,139,46,23,152,31,12,149,202,15,215,15,215,173,31,150,15,233,205,31,202,15,202,15,215,76,185
Best fitness found so far: 0.6745253648476879; k: 2.0
Generation: 184; 0.6624601619329697; k: 2.0; 243,189,122,15,121,46,31,152,31,202,15,202,15,215,15,215,205,181,34,245,182,242,181,58,15,209,15,110
Best fitness found so far: 0.6745253648476879; k: 2.0
Generation: 185; 0.6624601619329697; k: 2.0; 181,31,242,15,139,46,31,152,31,212,31,202,15,215,15,215
Best fitness found so far: 0.6745253648476879; k: 2.0
Generation: 186; 0.6624601619329697; k: 2.0; 181,31,242,15,79,46,79,152,31,202,15,202,227,215,197,15,85,146,242,15,31,242,15,79,145,161,152,31,12,202,15,215,15,85
Best fitness found so far: 0.6745253648476879; k: 2.0
Generation: 187; 0.6624601619329697; k: 2.0; 245,41,242,15,139,121,31,152,31,202,15,202,227,215,15,145,245,31,224,15,249,46,153,152,178,212,31,219,158,187,15,31,202,15,215,15,185
Best fitness found so far: 0.6745253648476879; k: 2.0
Generation: 188; 0.6745253648476879; k: 2.0; 245,31,242,15,139,46,247,233,19,236,171,202,15,100,37,85
Best fitness found so far: 0.6745253648476879; k: 2.0
Generation: 189; 0.6624601619329697; k: 2.0; 245,31,122,15,139,46,31,152,31,202,15,202,15,215,15,215,15,181,36,245,74,242,157,58,15,139,137,31,233,245,31,245,31,180,15,72,191,125,152,31,212,31,202,15,215,15,185
Best fitness found so far: 0.6745253648476879; k: 2.0
Generation: 190; 0.6624601619329697; k: 2.0; 245,41,242,15,139,46,169,152,31,202,15,202,115,215,15,215,245,31,202,15,31,233,245,31,245,31,180,102,15,139,46,31,31,106,15,139,46,31,152,31,202,15,202,15,215,155,85
Best fitness found so far: 0.6745253648476879; k: 2.0
Generation: 191; 0.6624601619329697; k: 2.0; 245,31,242,15,139,46,31,152,31,202,81,202,15,215,15,85
Best fitness found so far: 0.6745253648476879; k: 2.0
Generation: 192; 0.6624601619329697; k: 2.0; 181,81,242,15,79,41,79,2,31,202,15,202,227,215,197,15,85,31,242,15,79,46,245,215,15,4,15,202,227
Best fitness found so far: 0.6745253648476879; k: 2.0
Generation: 193; 0.6745253648476879; k: 2.0; 245,31,242,15,139,46,31,243,31,136,15,202,15,215,15,185
Best fitness found so far: 0.6745253648476879; k: 2.0
Generation: 194; 0.6624601619329697; k: 2.0; 245,101,242,15,139,46,163,152,31,212,15,202,15,215,15,185
Best fitness found so far: 0.6745253648476879; k: 2.0
Generation: 195; 0.6624601619329697; k: 2.0; 245,31,122,15,139,46,147,152,31,12,15,202,15,215,15,215,15,31,202,15,242,139,9,31,152,31,202,15,202,179,215,207,85
Best fitness found so far: 0.6745253648476879; k: 2.0
Generation: 196; 0.6624601619329697; k: 2.0; 74,31,122,15,139,46,147,152,31,12,149,202,15,215,15,215,15,31,150,15,233,126,31,202,15,202,15,247,233,19,84,171,202,237,100,178,181
Best fitness found so far: 0.6745253648476879; k: 2.0
Generation: 197; 0.6624601619329697; k: 2.0; 245,189,122,15,139,46,31,152,31,202,15,202,15,215,77,215,201,181,202,245,182,242,96,58,15,139,147,233,233,55,31,245,31,119,44,215,207,85
Best fitness found so far: 0.6745253648476879; k: 2.0
Generation: 198; 0.6624601619329697; k: 2.0; 74,169,122,15,139,46,147,152,31,12,149,202,15,215,15,215,15,31,150,15,233,205,31,202,15,202,52,215,15,139,46,31,152,31,202,15,202,15,215,15,85
Best fitness found so far: 0.6745253648476879; k: 2.0
Generation: 199; 0.6624601619329697; k: 2.0; 245,189,122,15,139,46,111,152,31,202,15,202,15,215,15,215,205,181,202,245,182,242,157,202,15,202,15,243,155,85
Best fitness found so far: 0.6745253648476879; k: 2.0
Total time of execution of seed 4 : 16950025
Solution Fitness: -0.6745253648476879
Variables: uniform 8 eucledian split moveBetween split moveAverage join join split join
