Generation: 0; 0.032307754411596584; k: 7.0; 207,181,22,123,159
Best fitness found so far: 0.032307754411596584; k: 7.0
Generation: 1; 0.31013254542282476; k: 2.0; 179,68,79,117,65,14,115,93,209,36,139,222,62,30,170,108,3
Best fitness found so far: 0.31013254542282476; k: 2.0
Generation: 2; 0.31013254542282476; k: 2.0; 179,68,79,117,65,14,115,93,209,36,139,222,62,30,170,1
Best fitness found so far: 0.31013254542282476; k: 2.0
Generation: 3; 0.2799698753394866; k: 2.0; 41,14,115,93,209,36,139,222,62,30,170,108,3
Best fitness found so far: 0.31013254542282476; k: 2.0
Generation: 4; 0.3447944230506065; k: 2.0; 179,67,79,119,65,14,115,93,207,239,85,36,238,180,194,175,4
Best fitness found so far: 0.3447944230506065; k: 2.0
Generation: 5; 0.3445833761481361; k: 2.0; 179,68,41,14,115,93,209,36,139,222,62,30,170,108,3
Best fitness found so far: 0.3447944230506065; k: 2.0
Generation: 6; 0.3574165814620976; k: 2.0; 162,180,3,155,83,25,175,145,61,66,137,7
Best fitness found so far: 0.3574165814620976; k: 2.0
Generation: 7; 0.3604197175592615; k: 2.0; 79,117,65,14,115,93,209,36,139,222,62,30,170,108,3
Best fitness found so far: 0.3604197175592615; k: 2.0
Generation: 8; 0.3445833761481361; k: 2.0; 179,68,41,44,115,93,209,36,139,222,62,30,170,108,3
Best fitness found so far: 0.3604197175592615; k: 2.0
Generation: 9; 0.3840304259205738; k: 2.0; 109,87,79,119,65,14,219,59,207,239,85,36,125,180,166,213,233,136,211,70,137,218,64,114,244,65,14,47,16,178
Best fitness found so far: 0.3840304259205738; k: 2.0
Generation: 10; 0.34601852169155595; k: 2.0; 4,14,115,93,209,36,139,140,139,233,61,66,45,114,245,180,84
Best fitness found so far: 0.3840304259205738; k: 2.0
Generation: 11; 0.3840304259205738; k: 2.0; 109,87,79,119,65,14,219,59,207,239,85,36,125,180,166,213,233,136,211,70,137,218,64,226,244,65,14,47,16,209,36,71,20,222,62,30,170,234,173,179,63,75,87,129,180,108,22,93,209,36,71,20,222,62,30,59,234,173,179,63,75,225
Best fitness found so far: 0.3840304259205738; k: 2.0
Generation: 12; 0.3840304259205738; k: 2.0; 109,87,79,119,65,14,219,59,207,239,85,36,125,180,166,213,233,244,211,155,83,117,68,53,117,74,14,115,72,115,93,95,205,167,36,62,170,133,173,179,102,209,36,139,222,81,30,168
Best fitness found so far: 0.3840304259205738; k: 2.0
Generation: 13; 0.3840304259205738; k: 2.0; 109,87,79,119,65,14,5,59,207,239,85,36,125,180,166,213,233,244,211,155,83,117,68,53,117,74,14,115,134,217,140,115,93,209,71,139,222,62,30,170,234,173,179,192,153,175,139,202,127,202,213,177,33,65,218,132,115,93,209,36,139,159,62,32,170,108,3,115,93,209,190
Best fitness found so far: 0.3840304259205738; k: 2.0
Generation: 14; 0.3604197175592615; k: 2.0; 79,117,65,14,115,93,209,36,139,222,62,30,170,65,14,115,141,209,204,139,222,61,30,115,134,147,100,139,108,62,30,108,3,139,222,62,30,170,65,14,115,141,209,204,139
Best fitness found so far: 0.3840304259205738; k: 2.0
Generation: 15; 0.3840304259205738; k: 2.0; 232,87,79,119,65,14,5,59,95,239,85,36,125,180,166,223,233,244,211,155,83,117,68,53,231,74,16,115,134,217,140,115,93,209,35,229,61,107,7,39,64,71,69
Best fitness found so far: 0.3840304259205738; k: 2.0
Generation: 16; 0.3840304259205738; k: 2.0; 109,87,79,119,65,14,219,59,207,239,85,36,125,180,166,213,233,98,211,70,137,225,64,226,244,65,14,47,16,209,36,71,20,222,62,30,170,234,173,179,63,75,87,129,209,108,22,93,209,36,71,213,153,136,211,70,137,137,241,85,41,203,143,140,16,178
Best fitness found so far: 0.3840304259205738; k: 2.0
Generation: 17; 0.3840304259205738; k: 2.0; 88,87,79,119,65,14,219,59,207,239,85,36,125,180,166,213,233,244,211,155,83,117,68,64,117,74,215,116,72,176,93,170,205,167,36,62,19,133,173,50,209,36,139,222,62,30,42,114,219,239,187,36,238,180,28,30,166,213,79,136,211,70,137,137,241,85,41,203,143,143,16,178
Best fitness found so far: 0.3840304259205738; k: 2.0
Generation: 18; 0.3840304259205738; k: 2.0; 109,87,79,119,65,14,5,59,207,239,37,36,125,180,166,213,233,244,211,155,83,117,68,53,117,74,14,115,134,60,110,115,93,209,71,199,222,62,30,170,234,173,179,192,153,175,139,202,127,202,213,177,33,219,59,48,239,85,36,125,245,166,213,233,36,139,222,62,97,170,127
Best fitness found so far: 0.3840304259205738; k: 2.0
Generation: 19; 0.3840304259205738; k: 2.0; 232,87,79,119,65,14,5,59,95,29,85,36,125,180,212,223,233,175,69,142,63,229,225,129,180,108,210,25,209,65,14,115,93,209,36,139,222,62,30,170,79,68,115,93,144,36,139,207,127,202,49,177,33,65,218,93,96,93,70,36,139,222,62,1,170,108,186,115,93,209,36,85,36,125,180,212,223,233,175,69,142,63,229,225,129,180,108,210,25,209,65,14,115,93,209,36,139,222,62,30,170,79,68,115,93,144,36,139,207,127,202,49,177,33,65,218,93,96,93,70,36,139,222,62,1,170,108,186
Best fitness found so far: 0.3840304259205738; k: 2.0
Generation: 20; 0.3840304259205738; k: 2.0; 64,87,79,119,65,14,219,59,207,239,85,36,81,180,166,213,233,244,237,155,83,117,68,249,117,74,14,115,116,115,25,170,205,167,36,62,19,6,173,50,209,36,139,222,62,30,42,108,53,117,65,106,115,93,1,93,209,36,13,41,62,38,87,79,239,65,14,190,59,70,239,85,36,30,170,30,215,115,93,141
Best fitness found so far: 0.3840304259205738; k: 2.0
Generation: 21; 0.3840304259205738; k: 2.0; 232,153,79,119,65,14,5,59,95,29,85,36,125,180,212,223,233,175,69,142,63,229,225,129,115,93,141
Best fitness found so far: 0.3840304259205738; k: 2.0
Generation: 22; 0.3840304259205738; k: 2.0; 109,87,79,119,65,14,219,59,207,239,85,26,53,180,166,148,233,136,211,34,137,173,118,119,65,14,115,211,186,239,85,36,22,180,115,161,209,232,242,62,63,170,86,115,22,30,170,177,243,232,170,46,68,219,233,136,176,56,73,143,68,45,117,74,14,8,93,35,93,128,139,202,127,202,213,177,33,65,218,132,115,93,209,36,139,159,62,32,170,108,3,191,157,209,164
Best fitness found so far: 0.3840304259205738; k: 2.0
Generation: 23; 0.3840304259205738; k: 2.0; 109,87,84,119,65,14,219,59,207,239,85,26,125,180,166,213,233,136,211,70,137,67,79,119,57,14,30,211,207,161,18,29,65,180,115,161,209,232,242,62,63,170,86,115,62,30,206,222,243,232,170,46,116,219,233,136,175,56,73,134,68,45,117,74,14,8,224,115,93,229,205,124,95,114,85,36,125,177,166,85,36,125,250,167,36,62,170,133,173,179,102,209,36,139,222,81,30,168
Best fitness found so far: 0.3840304259205738; k: 2.0
Generation: 24; 0.3840304259205738; k: 2.0; 109,87,79,119,65,14,219,59,207,239,85,36,133,180,166,213,233,239,211,70,60,218,64,114,244,65,14,114,16,70,137,11,64,226,113,65,14,47,16,209,49,71,100,222,62,17,170,234,173,179,63,75,87,129,209,108,22,93,209,36,71,213,153,136,211,70,137,137,241,85,41,203,143,140,16,178
Best fitness found so far: 0.3840304259205738; k: 2.0
Generation: 25; 0.3840304259205738; k: 2.0; 109,87,79,119,65,14,219,59,207,239,111,36,125,180,166,213,137,244,211,155,83,117,68,53,117,74,14,202,72,115,93,95,205,166,48,233,230,211,173,83,117,68,53,117,225,163,117,65,203,194,93,56,36,139,53,62,30,170,108,3,117,225,163,117,65,203,194,93,56,36,139,53,62,30,170,108,3
Best fitness found so far: 0.3840304259205738; k: 2.0
Generation: 26; 0.3840304259205738; k: 2.0; 232,87,79,119,65,14,5,59,23,114,85,36,125,180,166,223,233,175,86,115,22,30,170,177,243,232,170,46,68,219,233,136,189,56,73,143,68,45,117,74,14,8,93,35,30,128,139,136,127,202,213,177,238,65,218,132,115,93,209,36,139,159,62,32,170,108,3,191,157,209,164
Best fitness found so far: 0.3840304259205738; k: 2.0
Generation: 27; 0.3840304259205738; k: 2.0; 109,87,79,119,65,14,219,59,207,239,85,36,125,180,246,213,233,98,211,70,137,37,64,226,244,219,14,47,16,209,128,71,225,47,62,224,170,249,173,28,176,60,211,205,137,67,79,119,162,14,115,211,207,239,85,36,238,180,21,161,209,232,242,62,63,59,207,239,85,36,125,180,166,213,2,36,139,222,62,83,117,17,117,74,14,115,72,23,93,95,205,167,36,62,170,133,173,179,102,209,36,139,222,81,30,168,244,219,14,47,16,209
Best fitness found so far: 0.3840304259205738; k: 2.0
Generation: 28; 0.3840304259205738; k: 2.0; 109,87,79,119,65,14,219,59,207,239,85,36,125,180,246,213,233,98,211,115,123,225,64,174,244,65,14,47,16,209,36,181,20,47,250,77,170,234,173,28,63,60,87,129,209,218,22,93,209,36,4,213,153,136,27,70,3,137,55,85,41,203,143,140,16,77,36,30,170,234,173,179,63,72,87,144,180,195,22,93,209,45,2,20,222,62,30,118,64,193,65,14,158,59,207,58,85,36,125,180,166,213,233,166,211,155,83,117,68,53,117,74,127,115,72,115,120,95,205,167,136,62,127,133,173,179,187,128,36,139,222,81,30,168,93,209,36,71,140,222,62,240,39,64,193,65,14,219,59,207,180,85,36,125,98,166
Best fitness found so far: 0.3840304259205738; k: 2.0
Generation: 29; 0.3840304259205738; k: 2.0; 109,119,84,119,65,14,219,59,201,239,85,26,125,180,166,213,88,136,211,70,137,67,79,119,57,14,30,211,207,161,18,29,65,180,115,161,209,232,242,62,63,170,86,115,62,62,206,222,243,181,170,46,116,219,233,136,175,41,73,134,246,45,117,74,144,8,224,115,206,229,205,124,95,114,85,36,125,177,166,85,36,125,250,167,36,62,170,133,173,179,102,209,36,139,222,81,37,50
Best fitness found so far: 0.3840304259205738; k: 2.0
Generation: 30; 0.3840304259205738; k: 2.0; 109,87,79,119,65,14,219,59,207,239,45,36,125,180,166,213,233,136,211,70,137,218,64,114,244,65,14,47,119,65,14,219,59,207,239,85,36,125,180,166,213,233,45,211,100,65,14,115,141,174,204,139,222,103,30,115,134,52,100,64,105,179,86,196,229,115,93,209,9,139,75,62,30,206,101,63,239,65,191,95,23,85,36,125,180,166,42,233,175,110,20,63,229,225,129,180,108,210,93,40,36,153,20,152,62,30,50,170,108,7
Best fitness found so far: 0.3840304259205738; k: 2.0
Generation: 31; 0.3840304259205738; k: 2.0; 109,87,79,119,65,14,5,9,207,239,37,36,113,180,166,213,233,31,211,155,83,117,68,53,117,74,67,115,219,60,110,115,93,209,71,199,179,62,30,170,210,173,199,192,153,175,139,202,121,202,14,219,59,92,239,85,67,125,180,166,213,233,136,211,70,20,218,53,114,244,65,14,23,16,178
Best fitness found so far: 0.3840304259205738; k: 2.0
Generation: 32; 0.3840304259205738; k: 2.0; 109,87,79,119,65,59,175,59,207,239,85,36,125,180,166,213,240,214,139,222,62,83,117,9,232,76,108,3
Best fitness found so far: 0.3840304259205738; k: 2.0
Generation: 33; 0.3840304259205738; k: 2.0; 232,153,79,119,65,14,5,59,95,29,85,36,125,180,212,223,233,175,69,111,21,229,241,129,115,93,141
Best fitness found so far: 0.3840304259205738; k: 2.0
Generation: 34; 0.3840304259205738; k: 2.0; 109,87,79,119,65,14,219,59,207,239,85,71,149,180,246,213,233,98,211,115,123,225,64,174,244,113,14,47,16,209,36,71,20,47,119,77,170,244,211,155,83,117,210,115,203,245,14,115,204,113,239,181,36,125,180,166,213,223,214,124,49,177,33,65,218,93,216,77,70,36,205,81,45,30,170,108,194,85,36,185,180,248,213,226,117,243,54,163,209,64,148,9,65,14,97,170,212
Best fitness found so far: 0.3840304259205738; k: 2.0
Generation: 35; 0.3840304259205738; k: 2.0; 109,99,109,119,65,14,219,59,207,239,85,36,125,180,166,213,233,146,108,3,115,93,126,36,115,93,229,225,129,115,93,247
Best fitness found so far: 0.3840304259205738; k: 2.0
Generation: 36; 0.3840304259205738; k: 2.0; 109,87,79,119,65,14,219,59,207,239,85,36,125,180,166,213,233,244,211,155,83,117,68,53,117,74,83,25,166,223,233,175,110,142,63,229,240,129,180,108,210,93,209,36,189,20,152,62,30,170,108,3,115,93,209,36
Best fitness found so far: 0.3840304259205738; k: 2.0
Generation: 37; 0.3840304259205738; k: 2.0; 46,87,79,119,65,14,5,59,207,239,87,36,125,180,166,213,233,244,211,155,83,117,68,53,195,239,85,36,125,180,166,213,240,36,139,222,62,167,117,17,117,74,14,219,96,207,239,85,36,125,180,172,213,205,229,105,70,137,60,154,114,244,65,78,47,16,178
Best fitness found so far: 0.3840304259205738; k: 2.0
Generation: 38; 0.3840304259205738; k: 2.0; 109,87,79,119,65,14,219,59,207,239,85,36,125,180,166,213,233,244,211,155,83,117,68,53,117,74,14,115,72,115,93,170,205,167,14,219,59,207,239,85,36,125,180,166,213,233,244,211,155,83,117,68,53,117,74,83,25,175,145,79,117,65,203,194,93,56,36,139,53,197,30,170,108,3
Best fitness found so far: 0.3840304259205738; k: 2.0
Generation: 39; 0.3840304259205738; k: 2.0; 109,87,79,119,203,14,219,59,207,239,85,36,125,180,166,213,233,136,211,70,137,218,64,226,244,65,14,47,16,209,36,71,139,94,62,166,119,108,6,115,114,33,229,62,213,177,33,219,59,48,177,85,36,125,245,137,213,233,36,139,222,62,97,170,127
Best fitness found so far: 0.3840304259205738; k: 2.0
Generation: 40; 0.3840304259205738; k: 2.0; 109,87,79,119,65,14,219,59,207,239,85,6,117,180,246,213,233,98,211,115,123,225,64,174,244,65,120,47,16,241,85,41,203,143,207,16,85,36,125,232,166,213,233,36,139,222,62,83,117,170,88,29
Best fitness found so far: 0.3840304259205738; k: 2.0
Generation: 41; 0.3840304259205738; k: 2.0; 109,87,79,191,65,14,5,9,207,239,37,36,125,180,166,213,119,65,59,219,147,207,239,85,36,125,180,166,213,240,36,178,222,79,83,150,35,117,182,14,115,54,23,93,105,205,167,75,62,170,133,126,125,245,166,213,7,36,139,222,62,97,170,116
Best fitness found so far: 0.3840304259205738; k: 2.0
Generation: 42; 0.3840304259205738; k: 2.0; 109,193,79,119,65,14,219,59,117,109,85,36,125,180,208,213,14,98,117,115,123,225,64,158,244,75,14,173,179,102,209,36,139,222,113,136,211,184,137,218,93,226,244,65,14,47,16,209,36,52,139,94,62,37,119,108,3,221,114,209,1,51,36,125,180,166,213,223,214,175,49,177,33,65,218,93,216,77,70,36,205,81,45,30,170,108,3,115,196,209,36
Best fitness found so far: 0.3840304259205738; k: 2.0
Generation: 43; 0.3840304259205738; k: 2.0; 109,87,79,119,65,14,219,59,207,239,85,36,125,180,142,213,14,98,211,115,123,225,115,93,141
Best fitness found so far: 0.3840304259205738; k: 2.0
Generation: 44; 0.3840304259205738; k: 2.0; 109,87,79,119,65,14,219,59,207,239,85,36,125,180,166,213,233,221,211,70,137,44,213,177,33,69,59,48,239,85,36,125,245,166,213,233,36,139,222,161,97,170,59,207,239,37,36,125,180,166,213,50,244,211,155,83,117,65,14,219,215,92,239,85,36,125,180,166,213,233,136,211,70,137,218,64,114,244,65,14,23,16,178
Best fitness found so far: 0.3840304259205738; k: 2.0
Generation: 45; 0.3840304259205738; k: 2.0; 15,87,79,119,203,14,219,94,79,239,85,36,125,180,166,213,233,136,211,153,143,218,64,226,244,65,14,180,205,116,36,71,139,94,65,243,137,93,209,36,160,222,62,30,170,178,8,98,203,2,115,83,144,36,139,202,127,202,49,167,33,65,218,171,115,93,244,211,155,83,117,42,53,117,74,83,188,175,145,79,99,65,203,194,93,201,36,139,53,62,39,170,92,63
Best fitness found so far: 0.3840304259205738; k: 2.0
Generation: 46; 0.3840304259205738; k: 2.0; 232,87,79,119,65,14,5,34,95,114,85,36,125,180,166,223,233,175,110,142,31,229,225,129,180,108,210,93,205,36,153,20,145,62,30,50,170,108,170,74,139,94,62,30,119,108,6,115,114,209,1,62,30,170,108,3
Best fitness found so far: 0.3840304259205738; k: 2.0
Generation: 47; 0.3840304259205738; k: 2.0; 109,87,79,119,79,14,5,9,13,239,37,36,125,180,166,213,233,244,205,167,53,117,239,85,13,125,180,166,213,240,36,139,222,62,167,117,17,117,74,14,175,72,23,93,183,198,54,36,62,170,133,173,179,102,134,36,23,222,81,30,168
Best fitness found so far: 0.3840304259205738; k: 2.0
Generation: 48; 0.3840304259205738; k: 2.0; 152,87,79,119,65,14,219,59,207,239,85,36,13,130,166,213,233,244,237,155,83,117,68,98,209,36,153,20,152,62,30,170,108,3,115,93,93,209,36
Best fitness found so far: 0.3840304259205738; k: 2.0
Generation: 49; 0.3840304259205738; k: 2.0; 24,87,79,119,65,14,219,59,207,239,85,36,97,180,208,213,14,98,211,115,151,225,64,174,244,65,14,173,179,161,3,65,106,125,182,115,93,209,1,51,189,62,30,21,63,119,65,7,39,59,233,244,211,165,216,117,68,53,117,212,188,115,69,240,65,14,47,16,209,36,145,139,94,62,30,132,108,6,246,25,209,1,62,203,170,108,3,213,14,98,211,115,151,225,64,174,244,65,14,173,179,161,3,65,106,125,182,115,93,209,1,51,189,62,30,21,63,119,65,7,39,59,233,244,211,165,216,117,68,53,117,212,188,115,69,240,65,14,47,16,209,36,145,139,94,62,30,132,108,6,246,25,209,1,62,203,170,108,3
Best fitness found so far: 0.3840304259205738; k: 2.0
Generation: 50; 0.3840304259205738; k: 2.0; 64,87,79,119,65,14,219,59,207,239,85,36,81,180,166,213,233,244,237,155,83,117,68,249,117,156,14,115,116,115,25,170,205,167,144,62,19,6,173,21,163,36,139,222,62,99,206,108,53,117,65,106,115,93,1,93,140,36,13,41,62,38,13,109,87,201,119,65,14,219,59,207,239,85,36,125,180,166,151,233,98,211,148,137,225,83,79,119,65,14,83,59,207,239,79,36,125,250,208,247,233,244,211,155,83,117,68,225,103,212,9,115,19,115,93,95,211,196,83,117,68,213,117,74,67,115,134,60,110,115,154,209,71,224,222,62,30,170,234,173,68,118,153,175,42,202,121,202,213,167,80,101,59,48,239,85,36,125,245,166,213,233,205,139,222,62,97,81,125,180,1,57,233,244,211,155,83,117,68,53,231,74,16,115,134,25,140,115,93,209,35,229,61,107,221,93,146,71,69
Best fitness found so far: 0.3840304259205738; k: 2.0
Generation: 51; 0.3840304259205738; k: 2.0; 109,87,79,119,65,14,219,59,207,239,85,36,125,180,194,143,233,98,211,222,137,158,64,226,244,65,157,65,38,87,79,239,152,62,30,50,170,38,7
Best fitness found so far: 0.3840304259205738; k: 2.0
Generation: 52; 0.3840304259205738; k: 2.0; 109,87,79,119,65,14,219,59,207,239,85,36,125,180,166,213,233,221,211,81,137,44,213,177,33,104,59,48,239,85,36,125,235,166,213,233,244,211,155,83,117,68,53,117,74,118,115,113,115,93,170,205,167,36,62,183,133,173,50,209,36,139,222,62,30,42,108,53,117,65,106,115,93,1,93,209,36,52,41,62,30,87,79,239,65,14,219,182,207,239,85,36,30,170,30,215,115,93,141
Best fitness found so far: 0.3840304259205738; k: 2.0
Generation: 53; 0.3840304259205738; k: 2.0; 109,87,79,119,65,14,219,59,207,239,85,36,125,180,166,213,176,98,211,70,137,225,64,226,244,65,14,59,16,209,73,71,20,222,235,20,170,234,173,54,63,107,119,129,209,108,22,93,209,36,121,96,153,19,219,59,207,239,85,36,125,180,166,213,187,244,211,155,209,243,68,142,162,42,50,192,1,209,44,71,166,62,30,170,188,14,233,141,44,139,222,62,83,117,170,108,29
Best fitness found so far: 0.3840304259205738; k: 2.0
Generation: 54; 0.3840304259205738; k: 2.0; 109,87,29,119,65,14,219,59,207,239,85,36,125,180,6,213,233,135,211,70,137,218,64,226,244,65,14,75,62,30,206,108,63,239,65,106,216,182,115,93,209,1,51,189,62,30,87,182,119,198,14,219,59,74,194,85,36,193,180,248,221,233,117,243,54,46,86,64,114,188,65,14,97,170,90,36,193,180,248,221,233,117,243,54,46,86,64,114
Best fitness found so far: 0.3840304259205738; k: 2.0
Generation: 55; 0.3840304259205738; k: 2.0; 109,87,79,119,65,14,219,59,207,239,85,36,125,180,166,213,2,244,211,17,83,36,169,180,166,213,233,98,211,148,137,149,87,79,119,65,244,83,59,130,166,219,233,175,178,142,63,229,225,129,180,108,210,93,209,106,153,241,152,161,30,170,108,3,115,93,209,36
Best fitness found so far: 0.3840304259205738; k: 2.0
Generation: 56; 0.3840304259205738; k: 2.0; 203,47,79,119,65,14,219,59,207,239,85,26,125,180,166,213,8,4,211,70,137,67,79,119,186,14,115,211,207,239,238,36,238,180,115,161,209,232,242,62,63,85,36,125,180,166,213,233,45,211,170,65,14,211,207,161,85,36,238,115,141,161,209,232,242,62,63,85,86,115,62,30,170,74,243,232,170,43,116,219,233,136,211,155,83,117,68,53,231,74,16,115,134,217,140,115,93,209,35,229,61,107,7,39,64,37,69
Best fitness found so far: 0.3840304259205738; k: 2.0
Generation: 57; 0.3840304259205738; k: 2.0; 216,47,244,119,65,14,31,84,207,239,191,26,125,180,166,143,233,136,87,129,209,54,48,93,209,36,4,213,153,136,211,70,137,244,241,57,41,203,143,140,16,85,36,125,232,166,213,233,36,173,179,192,153,175,139,202,127,202,213,177,33,196,218,132,115,93,88,36,139,159,62,32,170,108,3,115,93,209,190
Best fitness found so far: 0.3840304259205738; k: 2.0
Generation: 58; 0.3840304259205738; k: 2.0; 109,87,79,119,65,14,219,59,207,234,85,36,169,180,166,213,233,98,211,148,137,149,87,79,32,65,125,180,166,213,233,45,211,170,65,14,115,141,174,204,139,222,103,30,115,86,52,100,64,76,179,49,196,229,115,125,209,9,139,75,62,30,134,8,63,239,65,106,216,182,115,93,209,1,51,189,62,30,87,63,119,65,14,219,59,88,194,85,36,185,180,248,213,233,117,243,54,46,86,64,114,188,65,14,5,170,90
Best fitness found so far: 0.3840304259205738; k: 2.0
Generation: 59; 0.3840304259205738; k: 2.0; 169,87,79,119,65,14,219,59,85,239,85,36,125,180,166,213,233,244,211,247,83,225,119,65,14,219,59,207,239,115,22,30,170,177,243,232,170,46,68,8,233,136,99,56,41,143,68,143,117,74,14,8,93,35,93,128,139,202,127,202,56,177,90,65,218,132,115,205,19,5,139,159,62,34,170,108,3,191,157,209,164
Best fitness found so far: 0.3840304259205738; k: 2.0
Generation: 60; 0.3840304259205738; k: 2.0; 109,87,79,119,65,14,219,59,207,239,85,36,125,180,36,8,222,81,30,168
Best fitness found so far: 0.3840304259205738; k: 2.0
Generation: 61; 0.3840304259205738; k: 2.0; 204,87,79,119,65,59,219,59,207,239,131,36,125,180,166,213,240,36,139,34,62,83,117,14,91,180,207,240,85,36,125,180,166,213,233,63,211,168,120,117,68,53,117,128,186,93,175,222,222,62,128,170,125,180,70,224,233,244,211,155,83,29,68,170,247,55
Best fitness found so far: 0.3840304259205738; k: 2.0
Generation: 62; 0.3840304259205738; k: 2.0; 109,87,79,119,65,14,5,9,207,239,37,36,125,180,166,213,233,244,211,155,244,117,68,53,117,94,67,115,134,60,110,115,93,209,71,199,222,62,30,170,234,173,179,192,69,175,139,202,121,202,213,101,80,18,59,48,239,85,36,125,9,38,213,12,36,139,222,62,97,153,125,180,13,223,233,244,211,79,83,117,68,53,231,45,16,115,134,217,140,44,93,209,35,74,61,107,174,242,62,63,170,165,115,22,30,170,177,243,232,170,46,180,231,233,136,176,56,41,143,68,45,117,74,14,8,93,35,93,128,139,202,127,202,213,36,90,65,218,132,115,93,19,71,139,159,43,34,170,108,3,191,157,209,191
Best fitness found so far: 0.3840304259205738; k: 2.0
Generation: 63; 0.3840304259205738; k: 2.0; 109,87,79,119,65,14,219,59,207,239,85,36,125,180,166,123,233,244,211,155,209,117,68,142,162,98,191,115,1,186,36,139,222,62,30,79,54,53,244,83,59,207,239,85,36,125,250,167,36,248,170,133,173,179,102,37,36,139,222,81,30,168
Best fitness found so far: 0.3840304259205738; k: 2.0
Generation: 64; 0.3840304259205738; k: 2.0; 109,87,79,119,65,9,219,59,207,239,85,36,125,180,166,213,233,244,211,155,83,117,68,53,117,74,14,115,72,115,93,95,205,176,36,62,170,133,173,179,102,209,69,139,222,81,225,64,177,244,65,14,108,16,209,36,71,20,47,62,77,170,234,173,28,63,60,87,129,209,108,226,93,209,66,31,213,153,136,211,70,137,137,82,85,41,203,143,140,16,85,36,125,20,166,213,233,36,139,222,62,233,36,139,222,152,83,90,170,108,3
Best fitness found so far: 0.3840304259205738; k: 2.0
Generation: 65; 0.3840304259205738; k: 2.0; 109,87,84,119,65,14,219,59,207,239,85,26,125,180,166,213,233,136,211,70,137,67,79,60,129,14,30,211,207,161,18,29,65,180,115,161,209,232,242,62,63,170,7,115,62,30,119,195,14,219,178,207,239,145,36,125,180,166,213,233,244,211,155,83,117,68,53,117,74,79,115,72,72,93,95,116,167,36,62,170,133,173,179,102,79,36,139,222,153,30,168
Best fitness found so far: 0.3840304259205738; k: 2.0
Generation: 66; 0.3840304259205738; k: 2.0; 109,87,79,119,65,14,219,59,207,239,85,36,125,180,246,213,143,98,211,115,123,225,167,136,201,127,133,132,179,187,128,36,139,130,167,30,168,160,209,36,71,20,222,62,30,39,185,193,65,14,219,59,107,180,85,36,125,180,166
Best fitness found so far: 0.3840304259205738; k: 2.0
Generation: 67; 0.3840304259205738; k: 2.0; 36,87,79,119,65,14,219,59,207,239,85,36,125,180,166,213,233,98,211,148,137,225,107,79,119,65,14,83,59,207,239,79,240,36,139,222,62,83,117,17,117,74,14,115,54,62,93,95,205,53,75,62,170,133,173,179,102,209,36,139,83,81,30,168
Best fitness found so far: 0.3840304259205738; k: 2.0
Generation: 68; 0.3840304259205738; k: 2.0; 109,87,79,119,65,14,5,59,237,239,37,36,125,180,166,213,233,244,211,155,83,117,68,53,117,74,14,115,134,60,110,115,93,209,71,199,222,62,30,170,234,173,179,192,153,64,136,211,70,137,218,64,114,244,65,54,47,16,178,83,117,68,53,117,74,14,115,134,60,110,115,93,209,71,199,222,62,30,170,234,173
Best fitness found so far: 0.3840304259205738; k: 2.0
Generation: 69; 0.3840304259205738; k: 2.0; 109,87,79,119,65,14,219,59,207,239,85,36,125,180,166,213,233,136,211,70,137,218,64,226,244,65,14,47,16,209,233,71,20,222,207,239,85,178,30,138,30,173,185,218,229,83,129,180,108,115,93,209,36,58,85,96,175,110,68,63,229,225,233,108
Best fitness found so far: 0.3840304259205738; k: 2.0
Generation: 70; 0.3840304259205738; k: 2.0; 109,87,79,119,65,14,219,59,207,239,85,36,125,180,166,213,233,36,139,62,30,42,108,53,117,65,106,115,93,1,93,209,36,52,41,62,248,230,163,214,65,14,99,229,207,239,85,36,30,170,30,215,81,30,168
Best fitness found so far: 0.3840304259205738; k: 2.0
Generation: 71; 0.3840304259205738; k: 2.0; 109,87,79,188,65,14,219,59,117,239,85,36,125,180,208,213,14,98,211,115,123,225,64,158,244,75,14,173,202,127,202,213,177,33,65,218,132,115,93,209,36,139,159,62,32,224,89,230,115,153,209,190
Best fitness found so far: 0.3840304259205738; k: 2.0
Generation: 72; 0.3840304259205738; k: 2.0; 109,87,79,119,65,14,5,59,207,239,31,36,125,245,166,213,233,244,211,155,83,117,68,53,117,239,85,36,125,180,166,213,240,36,139,222,62,167,117,17,117,74,14,115,72,23,93,95,205,167,36,62,170,155,83,117,68,53,117,74,14,115,72,115,93,122,205,167,36,62,147,133,173,179,209,36,139,222,62,30,42,108,53,117,76,106,115,181,163,93,209,36,53,41,230,203,87,79,239,65,14,129,207,239,85,36,125,180,166,213,233,176,211,155,35,117,68,53,117,74,14,30,234,81,93,95,205,167,36,191,170,133,173,179,102,120,36,139,195,82,30,168
Best fitness found so far: 0.3840304259205738; k: 2.0
Generation: 73; 0.3840304259205738; k: 2.0; 109,87,79,71,65,14,211,59,207,239,85,36,125,180,246,213,233,98,211,222,31,188,64,226,244,65,14,62,5,87,79,239,65,14,190,59,81,239,85,36,30,165,30,215,181,93,93,209,9,139,75,62,30,206,108,63,239,65,106,216,182,115,93,209,1,51,189,62,30,87,63,119,65,14,219,145,74,194,85,36,185,180,248,230,208,117,243,54,46,86,64,114,188,65,14,97,170,90
Best fitness found so far: 0.3840304259205738; k: 2.0
Generation: 74; 0.3840304259205738; k: 2.0; 109,87,79,119,65,59,219,59,207,239,131,36,125,180,166,213,240,36,139,34,62,82,117,14,219,59,207,21,85,202,125,180,166,213,233,244,211,155,83,117,68,53,117,74,83,93,175,145,79,192,65,12,194,232,39,36,65,14,219,111,207,239,85,36,125,180,166,213,233,98,211,148,137,163,244,79,119,65,102,142,59,207,239,85,36,125,250,166,213,233,244,105,155,83,117,68,53,117,212,14,203,123,13,240,95,205,234,177,33,65,218,93,115,93,70,202,139,222,62,30,170,108,3,115,93,209,226
Best fitness found so far: 0.3840304259205738; k: 2.0
Generation: 75; 0.3840304259205738; k: 2.0; 109,87,79,119,177,14,219,59,207,239,85,26,125,180,166,213,233,136,211,70,137,85,41,203,143,140,69,85,36,125,37,166,213,233,36,139,222,62,83,117,25,108,29
Best fitness found so far: 0.3840304259205738; k: 2.0
Generation: 76; 0.3840304259205738; k: 2.0; 109,87,79,119,65,14,219,59,207,239,85,36,125,180,166,213,233,244,211,155,83,117,68,53,117,74,14,184,109,115,93,95,205,166,213,233,230,211,173,83,117,223,53,29,212,163,115,72,115,93,34,205,167,36,62,170,133,173,247,119,154,14,5,59,95,29,85,36,125,180,212,223,233,175,69,142,21,229,225,129,115,93,141
Best fitness found so far: 0.3840304259205738; k: 2.0
Generation: 77; 0.3840304259205738; k: 2.0; 109,201,79,119,237,14,219,59,75,239,85,36,125,180,246,213,233,47,211,70,137,225,64,226,216,65,14,47,16,119,128,71,225,47,62,5,14,219,204,207,155,181,36,125,180,166,213,223,214,204,49,177,33,65,218,93,216,77,70,36,173,81,45,30,170,108,19,85,36,185,180,248,61,233,117,243,54,46,209,64,114,9,65,14,97,170,90
Best fitness found so far: 0.3840304259205738; k: 2.0
Generation: 78; 0.3840304259205738; k: 2.0; 109,87,79,119,65,14,219,59,207,239,85,36,97,180,208,213,14,98,211,115,123,225,117,170,108,3
Best fitness found so far: 0.3840304259205738; k: 2.0
Generation: 79; 0.3840304259205738; k: 2.0; 109,87,79,119,65,14,219,59,207,239,85,36,125,180,166,213,233,221,211,158,64,44,213,177,33,219,59,84,221,86,36,125,245,166,213,233,36,139,222,62,97,170,127,79,119,65,14,219,59,207,239,85,36,125,180,166,213
Best fitness found so far: 0.3840304259205738; k: 2.0
Generation: 80; 0.3840304259205738; k: 2.0; 109,87,79,119,65,14,219,59,207,239,85,36,125,180,166,213,106,98,211,148,137,225,87,79,104,65,128,103,59,207,239,85,36,93,250,166,213,233,244,211,69,70,65,218,64,226,64,65,14,51,16,209,36,71,20,222,62,145,222,81,30,81,30,216,222,56,106,170,46
Best fitness found so far: 0.3840304259205738; k: 2.0
Generation: 81; 0.3840304259205738; k: 2.0; 216,47,79,119,65,14,219,59,207,239,85,26,125,180,166,213,233,163,211,70,137,67,79,119,83,14,115,211,207,239,85,36,238,220,115,161,209,232,242,62,63,170,86,115,116,30,170,178,243,232,170,108,3
Best fitness found so far: 0.3840304259205738; k: 2.0
Generation: 82; 0.3840304259205738; k: 2.0; 169,87,79,119,65,14,219,59,207,239,85,36,125,180,166,213,233,244,211,247,83,156,119,65,14,219,232,220,104,85,36,109,180,166,199,85,36,125,180,166,213,233,244,96,155,83,117,68,53,117,74,14,115,116,81,93,95,205,167,59,95,239,85,36,125,180,166,223,140,244,211,155,83,140,68,53,231,74,16,115,134,217,140,115,93,209,35,229,61,107,7,39,64,71,69
Best fitness found so far: 0.3840304259205738; k: 2.0
Generation: 83; 0.3840304259205738; k: 2.0; 109,5,79,119,65,14,219,59,207,239,85,36,125,180,166,213,233,244,211,155,83,117,68,53,117,74,14,115,110,144,36,139,202,127,202,49,167,33,65,218,171,115,93,70,36,234,222,62,30,249,155,3,115,247,209,36,115,93,70,36,139,221,62
Best fitness found so far: 0.3840304259205738; k: 2.0
Generation: 84; 0.3840304259205738; k: 2.0; 109,87,79,119,65,14,5,9,207,239,37,36,125,180,166,213,233,242,211,155,244,117,68,53,117,74,67,115,134,60,110,115,93,209,71,199,222,62,30,170,234,173,179,192,69,175,139,202,121,202,213,36,80,18,187,48,239,85,36,125,141,166,213,185,36,139,235,62,97,153,125,180,13,223,233,244,211,155,83,117,68,53,231,45,16,115,134,217,140,158,93,209,35,229,61,107,232,242,62,63,22,165,115,22,30,170,177,243,232,170,162,68,8,233,136,176,56,41,143,140,45,117,74,14,8,93,35,93,128,139,202,127,202,213,177,90,65,218,132,115,93,19,209,36,71,20,222,62,30,170,234,173,179,63,75,244,129,180,108,22,93,209,49,71,20,222,62,30,59,234,173,179,53,75,225
Best fitness found so far: 0.3840304259205738; k: 2.0
Generation: 85; 0.3840304259205738; k: 2.0; 109,87,79,185,65,14,219,59,207,239,85,36,125,180,12,213,233,45,211,100,65,14,115,141,174,204,139,222,103,30,115,134,52,100,64,105,179,86,196,229,200,209,209,9,139,75,62,30,236,108,63,239,65,59,95,221,85,36,125,180,166,42,233,175,110,170,108,3,115,224,209,36
Best fitness found so far: 0.3840304259205738; k: 2.0
Generation: 86; 0.3840304259205738; k: 2.0; 109,87,79,119,129,14,219,59,207,239,85,36,125,180,166,213,233,98,211,70,79,225,64,226,166,65,14,72,16,133,36,71,20,222,62,30,170,234,173,179,63,75,87,65,146,108,22,93,209,36,71,213,153,136,65,14,219,59,207,239,85,26,125,180,166,213,233,136,211,70,137,67,79,178,65,14,115,211,207,239,85,36,238,2,115,161,209,232,133,62,63,170,86,115,62,30,43,222,243,232,38,108,3
Best fitness found so far: 0.3840304259205738; k: 2.0
Generation: 87; 0.3840304259205738; k: 2.0; 109,87,79,119,65,14,219,59,207,239,85,36,125,180,166,213,66,136,211,239,36,30,212,30,173,185,218,229,225,129,180,108,115,93,209,36,58,85,96,175,94,68,22,229,225,243,187
Best fitness found so far: 0.3840304259205738; k: 2.0
Generation: 88; 0.3840304259205738; k: 2.0; 109,87,79,119,65,14,5,9,207,239,37,36,125,180,166,213,233,244,131,155,244,117,68,92,117,74,67,115,134,60,110,115,93,209,72,199,222,62,30,170,234,173,179,192,69,175,139,202,121,194,213,56,80,18,59,48,239,85,36,125,245,229,213,12,36,139,222,62,97,106,125,180,13,223,233,244,211,189,83,13,68,119,231,45,16,115,134,217,140,242,142,209,35,229,61,107,232,242,62,63,170,165,115,22,30,170,177,243,232,170,46,68,8,130,136,176,56,41,143,68,45,117,74,14,8,93,35,93,128,139,202,232,202,213,177,90,65,218,132,115,93,165,71,129,77,62,34,170,108,93,146,93,27,36,52,197,62,18,87,79,198,65,209,1,59,241,239,216,36,6,170,49,215,115,93,114
Best fitness found so far: 0.3840304259205738; k: 2.0
Generation: 89; 0.3840304259205738; k: 2.0; 109,87,79,119,65,14,219,59,207,239,85,36,125,180,166,213,233,45,211,170,235,14,115,141,174,204,139,216,33,30,115,134,81,45,30,170,108,194,85,36,10,180,248,213,233,117,243,54,46,209,64,60,9,65,13,97,170,90,233,45,211,170,235,14,115,141,174,204,139,216,33,30,115,134,81,45,30,170,108,194,85,36,10,180,248,213,233,117,243,54
Best fitness found so far: 0.3840304259205738; k: 2.0
Generation: 90; 0.3840304259205738; k: 2.0; 109,87,79,119,65,14,219,59,207,239,85,36,125,180,246,213,233,98,211,222,137,225,64,226,244,65,14,62,38,87,79,239,65,14,190,59,81,239,85,36,180,170,30,215,181,93,141
Best fitness found so far: 0.3840304259205738; k: 2.0
Generation: 91; 0.3840304259205738; k: 2.0; 148,87,79,119,203,14,219,94,79,239,85,36,125,180,166,213,109,87,79,119,65,232,219,59,207,239,85,36,125,180,246,213,233,98,211,70,137,225,64,226,234,56,14,47,16,209,36,71,20,47,157,77,170,234,173,28,63,60,87,129,209,108,22,93,209,36,4,213,153,136,211,70,137,137,241,85,41,203,143,140,16,85,243,125,232,166,213,233,176,139,230,62,83,117,170,108,3
Best fitness found so far: 0.3840304259205738; k: 2.0
Generation: 92; 0.3840304259205738; k: 2.0; 109,87,79,119,65,14,219,59,207,239,85,36,133,180,166,213,233,239,211,36,125,87,246,213,233,98,211,241,195,225,64,226,244,65,14,47,16,209,36,71,20,47,62,77,170,234,173,28,220,60,87,129,209,108,22,93,209,36,4,213,153,136,211,70,137,137,241,85,41,203,143,140,16,85,36,125,232,166,213,233,36,139,222,62,98,117,170,108,3
Best fitness found so far: 0.3840304259205738; k: 2.0
Generation: 93; 0.3840304259205738; k: 2.0; 232,87,79,119,65,14,201,59,95,29,85,36,125,180,212,223,233,175,69,142,63,229,225,129,115,108,57,25,209,65,14,115,93,209,36,139,222,62,30,170,79,68,115,93,144,36,139,207,127,202,49,177,33,65,218,93,96,93,70,237,139,222,62,1,170,108,186,115,93,209,36,85,36,125,180,212,223,233,175,69,142,63,229,225,129,180,108,210,25,131,65,14,115,93,209,36,139,232,62,30,170,79,68,115,93,144,36,139,207,127,211,125,180,166,213,233,98,211,148,137,225,160,79,119,65,14,83,59,235,239,85,36,125,250,166,213,233,244,105,155,83,117,68,53,117,212,14,203,123,115,93,95,205,234,145,33,65,218,93,115,93,70,36,139,222,62,164,170,108,66,115,93,209,36
Best fitness found so far: 0.3840304259205738; k: 2.0
Generation: 94; 0.3840304259205738; k: 2.0; 109,87,79,119,65,14,219,59,207,239,85,26,125,180,166,213,233,84,211,70,137,67,79,119,65,14,115,33,207,239,85,36,238,152,115,161,209,232,242,62,63,146,120,115,62,30,170,222,243,232,170,46,174,204,139,222,103,30,75,134,52,100,64,105,179,49,196,229,115,93,197,9,139,75,62,30,206,108,63,239,162,106,216,182,121,93,222,99,51,189,62,30,87,63,119,65,14,219,59,74,194,85,36,15,180,248,213,233,117,242,54,46,86,64,114,27,65,14,118,170,90
Best fitness found so far: 0.3840304259205738; k: 2.0
Generation: 95; 0.3840304259205738; k: 2.0; 109,87,79,119,65,14,5,9,207,239,37,36,125,180,166,213,233,244,211,155,165,158,170,53,117,74,67,115,134,60,110,115,93,209,207,199,222,62,30,194,234,173,179,192,153,175,139,202,121,202,213,177,80,18,59,48,169,85,36,125,245,56,213,233,36,139,222,62,97,36,125,180,1,223,233,153,211,155,83,221,200,79,119,42,14,24,59,233,239,85,36,125,180,166,241,233,136,211,70,137,218,64,226,59,44,14,47,16,209,36,71,20,222,29,170,244,211,155,83,117,68,53,203,245,14,115,72,115,87,95,205,215,36,62,170,133,173,65,102,209,36,139,70,81,30,168
Best fitness found so far: 0.3840304259205738; k: 2.0
Generation: 96; 0.3840304259205738; k: 2.0; 109,87,79,119,65,59,219,59,207,239,85,36,125,180,166,213,240,36,139,222,62,83,117,17,59,70,239,85,36,30,59,30,215,115,221,131
Best fitness found so far: 0.3840304259205738; k: 2.0
Generation: 97; 0.3840304259205738; k: 2.0; 216,47,79,119,65,14,219,59,59,239,223,26,125,180,166,213,222,231,74,16,115,134,217,140,115,93,209,35,229,61,245,7,39,64,71,69
Best fitness found so far: 0.3840304259205738; k: 2.0
Generation: 98; 0.3840304259205738; k: 2.0; 216,47,79,119,165,14,21,59,207,239,85,26,125,180,166,213,233,136,211,70,209,36,176,56,73,49,68,184,117,74,14,8,167,35,93,128,139,202,127,202,213,177,33,65,218,132,115,93,209,36,139,159,62,32,152,108,3,191,157,209,164
Best fitness found so far: 0.3840304259205738; k: 2.0
Generation: 99; 0.3840304259205738; k: 2.0; 109,87,79,119,65,59,219,59,207,239,243,36,125,180,166,213,240,36,3,222,62,83,117,17,215,53,117,74,83,93,175,145,79,117,65,12,194,93,39,36,139,53,62,30,170,108,3
Best fitness found so far: 0.3840304259205738; k: 2.0
Generation: 100; 0.3840304259205738; k: 2.0; 216,47,214,119,65,14,219,59,207,239,85,26,87,180,166,213,64,136,211,70,137,67,79,38,65,14,36,211,207,200,85,36,238,180,115,161,209,232,242,62,63,170,201,115,74,30,170,222,50,232,175,147,137
Best fitness found so far: 0.3840304259205738; k: 2.0
Generation: 101; 0.3840304259205738; k: 2.0; 109,87,79,119,65,14,219,59,207,239,85,26,53,180,166,213,233,136,211,70,137,162,36,119,65,14,115,211,55,239,85,36,238,180,60,161,178,232,242,62,63,170,86,115,139,30,194,227,243,232,182,55,93,209,1,51,189,62,30,87,63,119,65,211,219,59,36,3,115,76,209,39
Best fitness found so far: 0.3840304259205738; k: 2.0
Generation: 102; 0.3840304259205738; k: 2.0; 64,87,79,119,65,14,219,59,207,239,85,36,81,180,166,213,233,244,237,155,83,117,68,249,117,74,14,115,74,14,247,72,115,93,170,205,34,36,62,19,133,173,50,209,36,139,222,62,30,42,108,53,117,65,106,115,242,1,93,209,36,52,41,62,30,87,79,157,65,14,219,59,207,239,85,36,197,170,30,215,115,93,141,219,59,207,239,85,36,81,180,166,213,233,244,237,155,83,117,68,249,117,74,14,115,74,14,247,72,115,93,170,205,34,36,62,19,133,173,50,209,36,139,222,62,30,42,108,53,117,65,106,115,242,1,93,209,36,52,41,62,30,87,79,157,65,14,219,59,207,239
Best fitness found so far: 0.3840304259205738; k: 2.0
Generation: 103; 0.3840304259205738; k: 2.0; 109,87,84,119,65,14,219,59,207,239,85,26,125,180,166,213,233,136,211,70,220,67,79,119,57,14,30,211,207,117,42,53,117,74,83,188,175,145,79,99,65,203,194,93,219,36,139,53,85,30,170,108,3
Best fitness found so far: 0.3840304259205738; k: 2.0
Generation: 104; 0.3840304259205738; k: 2.0; 109,87,79,119,65,14,219,59,207,239,85,36,125,180,166,213,42,63,152,86,115,62,30,200,222,243,232,170,132,116,219,233,136,175,56,73,143,68,45,117,74,19,8,192,115,93,157,205,13,36,144,170,157,22,115,102,209,36,139,233,36,139,202,127,202,49,198,164,65,107,93,115,93,70,36,139,222,62,30,166,129,3,115,93,177,36
Best fitness found so far: 0.3840304259205738; k: 2.0
Generation: 105; 0.3840304259205738; k: 2.0; 109,87,79,119,65,14,219,59,207,239,85,36,125,180,166,63,176,98,211,70,137,58,64,226,244,65,14,47,16,169,73,71,20,222,213,1,244,237,155,83,117,68,249,117,74,14,115,116,115,25,170,205,167,36,62,19,6,173,50,209,36,139,222,62,30,42,108,53,117,65,106,115,93,1,68,209,2,13,41,62,14,87,79,239,65,14,190,233,70,239,85,36,30,176,30,215,115,93,141
Best fitness found so far: 0.3840304259205738; k: 2.0
Generation: 106; 0.3840304259205738; k: 2.0; 109,87,79,119,65,14,219,59,207,239,85,26,53,180,166,213,233,17,211,70,182,67,83,119,177,14,115,211,207,193,85,205,238,180,115,161,209,232,4,62,63,170,86,115,22,30,170,177,243,232,170,46,116,219,233,136,176,56,73,143,68,45,117,74,14,8,93,229,93,229,236,13,36,144,10,87,22,23,102,209,36,139,14,115,72,115,93,95,205,167,36,62,141,133,173,233,102,209,36,139,222,81,30,168
Best fitness found so far: 0.3840304259205738; k: 2.0
Generation: 107; 0.3840304259205738; k: 2.0; 109,87,79,119,65,14,5,9,207,239,37,36,125,145,166,213,233,125,211,155,83,117,68,53,93,74,67,115,85,60,110,115,93,209,71,199,85,36,125,180,212,223,233,175,69,142,63,229,74,129,115,93,76
Best fitness found so far: 0.3840304259205738; k: 2.0
Generation: 108; 0.3840304259205738; k: 2.0; 109,87,79,119,65,14,219,59,207,239,45,36,125,180,166,213,233,136,211,61,175,139,202,127,202,182,177,33,219,59,140,239,85,36,125,245,86,168,13,36,139,222,62,97,170,127
Best fitness found so far: 0.3840304259205738; k: 2.0
Generation: 109; 0.3840304259205738; k: 2.0; 122,87,79,119,65,14,243,59,207,239,85,36,125,180,166,213,176,98,211,70,137,153,64,226,244,65,14,47,16,209,73,71,20,222,235,20,170,230,173,54,63,75,119,129,175,108,22,93,209,36,71,96,153,14,219,59,207,239,85,36,125,180,166,213,187,244,211,155,209,172,68,142,162,42,50,115,1,209,44,71,222,62,30,170,188,14,233,141,213,233,193,139,222,62,83,117,170,108,29
Best fitness found so far: 0.3840304259205738; k: 2.0
Generation: 110; 0.3840304259205738; k: 2.0; 109,87,79,119,65,14,219,59,207,239,85,26,53,180,166,213,233,136,62,83,117,54,117,74,70,115,54,23,93,95,205,167,31,62,170,69,173,134,102,209,36,139,83,81,30,203
Best fitness found so far: 0.3840304259205738; k: 2.0
Generation: 111; 0.3840304259205738; k: 2.0; 109,87,79,119,203,14,219,59,207,239,85,36,125,180,166,213,233,14,219,59,207,239,86,36,97,180,208,213,14,98,211,115,123,225,64,174,244,65,14,173,179,63,3,238,106,216,182,115,93,209,1,51,189,62,30,21,63,119,65,14,39,59,74,194,85,62,185,180,248,213,233,117,243,54,64,86,64,132,188,65,14,162,198,90
Best fitness found so far: 0.3840304259205738; k: 2.0
Generation: 112; 0.3840304259205738; k: 2.0; 109,87,79,119,5,244,219,204,207,239,181,36,125,180,166,213,223,214,204,49,177,33,65,218,93,216,77,70,36,205,81,45,30,170,225,194,85,36,185,180,222,213,233,117,47,54,46,209,64,114,9,65,14,97,214,134,36,23,222,81,30,168
Best fitness found so far: 0.3840304259205738; k: 2.0
Generation: 113; 0.3840304259205738; k: 2.0; 109,87,79,119,65,14,219,59,207,239,85,71,149,180,246,213,233,98,211,115,123,225,64,174,244,65,14,47,16,209,36,71,20,47,119,77,170,244,211,155,83,117,209,36,139,97,24,30,168
Best fitness found so far: 0.3840304259205738; k: 2.0
Generation: 114; 0.3840304259205738; k: 2.0; 109,87,79,119,65,14,219,59,207,239,85,36,125,180,116,213,233,244,237,155,83,117,68,53,117,74,14,115,21,115,93,170,205,167,231,62,115,141,174,204,139,222,103,30,115,134,52,100,64,105,179,86,196,229,227,93,209,105,139,75,62,30,206,108,63,239,65,59,95,114,85,36,125,180,166,42,233,175,110,142,174,229,225,129,180,108,210,93,209,36,153,20,152,62,239,50,170,108,7
Best fitness found so far: 0.3840304259205738; k: 2.0
Generation: 115; 0.3840304259205738; k: 2.0; 216,47,79,119,65,14,219,59,207,239,85,211,125,180,166,213,233,136,211,70,137,67,79,38,113,14,36,211,207,200,85,36,238,180,115,161,209,214,242,62,63,170,96,115,62,30,170,222,243,232,175,108,137
Best fitness found so far: 0.3840304259205738; k: 2.0
Generation: 116; 0.3840304259205738; k: 2.0; 109,87,9,119,65,14,219,59,207,239,85,36,125,180,166,213,233,249,108,3,5,93
Best fitness found so far: 0.3840304259205738; k: 2.0
Generation: 117; 0.3840304259205738; k: 2.0; 109,87,79,119,65,14,219,59,139,239,85,36,125,180,166,213,233,244,56,155,83,117,68,53,117,74,14,115,72,115,93,170,205,239,36,62,8,186,173,78,209,141,203,222,62,30,42,108,53,117,65,106,130,93,1,242,6,36,52,41,67,111,87,79,239,65,14,219,59,207,239,85,36,30,138,30,173,185,91,229,225,129,180,108,115,93,209,36,58,85,96,175,110,68,63,229,141
Best fitness found so far: 0.3840304259205738; k: 2.0
Generation: 118; 0.3840304259205738; k: 2.0; 109,87,79,218,65,14,219,59,207,234,85,36,169,180,166,213,233,98,211,148,137,149,87,79,119,65,244,83,59,130,166,223,233,175,178,142,63,229,225,129,180,108,210,93,209,36,153,241,152,161,30,214,40,36,125,180,70,213,233,244,211,155,83,117,68,170,247,26
Best fitness found so far: 0.3840304259205738; k: 2.0
Generation: 119; 0.3840304259205738; k: 2.0; 109,87,79,119,65,174,5,169,207,239,37,36,125,180,166,213,233,244,180,115,161,209,232,242,62,63,85,36,125,180,224,213,233,45,211,170,65,14,115,141,174,204,139,222,103,30,115,134,52,100,64,105,179,123,10,229,24,93,209,9,139,75,62,30,206,108,106,239,65,106,216,182,115,71,209,1,51,189,62,30,21,63,119,65,14,39,16,74,194,85,62,109,180,248,213,233,117,243,54,46,86,64,114,188,65,14,162,170,90
Best fitness found so far: 0.3840304259205738; k: 2.0
Generation: 120; 0.3840304259205738; k: 2.0; 109,87,79,119,65,14,219,59,207,239,85,36,125,180,44,213,233,98,211,105,137,225,64,228,244,65,14,47,16,209,36,71,20,222,62,30,121,1,62,120,170,108,3
Best fitness found so far: 0.3840304259205738; k: 2.0
Generation: 121; 0.3840304259205738; k: 2.0; 109,87,79,119,65,14,219,59,207,239,85,36,175,180,246,213,233,85,211,115,123,225,64,174,244,65,14,47,16,209,36,26,20,116,62,77,170,234,173,28,63,60,87,129,36,108,43,93,75,36,9,12,153,136,211,70,137,99,172,170,157,22,179,102,209,36,221,123,36,139,202,127,16,178,198,164,65,93,93,236,93,70,36,139,222,65,14,219,59,207,239,85,71,149,180,8,213,130,98,211,115,41,225,64,174,244,65,14,47,88,209,36,71,20,47,119,77,170,244,211,155,83,117,68,53,203,245,86,115,72,115,93,95,205,167,36,62,170,133,173,202,102,209,36,139,133,81,30,168
Best fitness found so far: 0.3840304259205738; k: 2.0
Generation: 122; 0.3840304259205738; k: 2.0; 109,87,79,119,65,14,5,9,13,239,37,36,125,180,166,213,233,244,159,242,202,93,95,205,167,36,62,170,133,173,65,102,209,36,139,222,81,246,168
Best fitness found so far: 0.3840304259205738; k: 2.0
Generation: 123; 0.3840304259205738; k: 2.0; 109,87,79,119,65,14,247,59,207,239,85,36,125,180,166,213,233,98,211,148,137,225,214,79,119,65,14,83,59,207,239,85,36,125,250,166,213,131,244,105,155,83,117,68,53,117,212,14,203,123,115,93,99,205,234,177,33,65,218,93,115,93,70,36,56,87,79,239,65,14,219,59,207,239,85,36,30,138,30,173,185,218,229,225,129,180,16,115,93,209,36,58,85,96,175,110,68,63,229,225,129,117
Best fitness found so far: 0.3840304259205738; k: 2.0
Generation: 124; 0.3840304259205738; k: 2.0; 232,87,79,119,65,14,231,59,95,114,85,36,125,180,166,223,233,175,49,177,33,65,218,93,115,77,77,36,205,222,45,30,170,125,180,246,213,233,98,211,222,137,225,64,226,244,65,14,62,38,87,79,239,65,14,190,59,81,239,85,221,30,170,30,215,181,93,141
Best fitness found so far: 0.3840304259205738; k: 2.0
Generation: 125; 0.3840304259205738; k: 2.0; 109,87,79,119,21,14,219,59,207,239,85,36,125,180,166,213,106,98,211,117,137,225,87,79,119,65,128,83,59,207,239,85,20,93,250,166,213,233,244,211,165,216,117,68,53,117,212,188,115,69,119,240,14,195,16,209,36,71,139,94,62,30,119,108,6,115,25,209,1,216,30,170,108,3
Best fitness found so far: 0.3840304259205738; k: 2.0
Generation: 126; 0.3840304259205738; k: 2.0; 232,87,79,119,245,14,5,59,95,114,163,36,125,130,166,223,233,175,11,142,63,229,225,42,180,155,210,93,209,36,153,20,152,62,250,170,108,250,115,93,93,242,202,85,177,33,9,218,132,239,93,22,36,243,159,62,104,170,108,3,115,60,209,190
Best fitness found so far: 0.3840304259205738; k: 2.0
Generation: 127; 0.3840304259205738; k: 2.0; 109,87,79,119,65,14,219,59,207,239,85,36,125,180,166,213,233,244,59,155,87,117,68,53,117,74,7,180,21,115,93,170,205,17,36,62,19,133,173,50,209,36,46,222,62,30,42,108,53,117,65,145,115,93,1,93,209,36,13,41,48,38,87,79,239,65,14,190,59,81,239,85,36,45,16,115,134,217,140,242,93,209,35,229,61,107,232,242,62,63,170,165,115,22,30,170,177,243,232,170,46,68,8,233,136,48,56,41,143,68,45,117,74,14,8,185,35,12,128,139,202,127,202,213,177,90,65,33,132,115,93,19,71,139,159,62,104,170,108,3,191,157,209,164
Best fitness found so far: 0.3840304259205738; k: 2.0
Generation: 128; 0.3840304259205738; k: 2.0; 109,87,79,119,65,59,219,59,207,239,131,36,125,180,166,213,240,36,139,29,62,83,117,17,117,74,6,115,7
Best fitness found so far: 0.3840304259205738; k: 2.0
Generation: 129; 0.3840304259205738; k: 2.0; 216,47,79,119,65,14,219,59,207,239,85,26,125,180,78,213,233,136,211,70,137,67,79,38,65,14,36,211,207,200,85,36,238,180,115,161,209,232,242,62,63,170,201,115,135,30,170,222,243,147,175,108,137
Best fitness found so far: 0.3840304259205738; k: 2.0
Generation: 130; 0.3840304259205738; k: 2.0; 152,87,79,119,65,14,219,59,207,239,85,36,13,180,166,213,233,244,237,89,83,117,68,53,26,74,14,211,155,83,117,42,53,88,74,83,188,175,145,79,99,65,203,194,93,219,36,139,53,62,30,170,108,3
Best fitness found so far: 0.3840304259205738; k: 2.0
Generation: 131; 0.3840304259205738; k: 2.0; 152,87,79,119,65,14,219,59,207,239,85,36,13,180,166,213,233,244,237,155,83,117,68,53,186,74,14,115,134,170,108,7
Best fitness found so far: 0.3840304259205738; k: 2.0
Generation: 132; 0.3840304259205738; k: 2.0; 123,87,79,119,65,14,219,59,207,239,43,36,125,180,166,213,65,14,219,59,207,239,85,36,125,180,166,213,233,135,61,70,137,218,64,226,244,65,14,47,141,209,233,71,157,222,219,30,170,234,173,179,63,72,87,129,180,195,22,93,25,36,71,20,212,62,55,39,76,193,65,14,219,59,207,180,85,36,125,180,207,213,233,180,211,155,83,117,68,53,117,74,127,115,72,115,20,95,185,167,136,62,127,133,173,179,187,128,36,139,222,81,30,168,93,209,36,71,20,222,197,30,39,64,193,65,14,219,59,207,180,85,36,125,180,166
Best fitness found so far: 0.3840304259205738; k: 2.0
Generation: 133; 0.3840304259205738; k: 2.0; 109,87,79,119,65,14,5,9,207,239,37,36,125,180,166,213,233,244,211,36,125,180,166,213,233,249,108,3,115,93,209,36,115,93,154,36,139,222,62,79,119,65,14,219,59,207,239,85,36,125,180,166,213,33,249,108,3,115,93
Best fitness found so far: 0.3840304259205738; k: 2.0
Generation: 134; 0.3840304259205738; k: 2.0; 109,87,79,119,65,14,219,59,207,239,85,36,125,180,166,213,233,244,211,155,83,117,68,39,117,74,83,25,175,145,79,117,65,2,194,93,56,36,139,53,62,30,170,226,244,105,14,62,38,87,141,239,65,14,190,59,190,239,85,36,30,170,30,215,181,93,141
Best fitness found so far: 0.3840304259205738; k: 2.0
Generation: 135; 0.3840304259205738; k: 2.0; 109,87,79,119,65,14,219,59,207,239,85,36,125,180,166,213,233,244,211,155,143,117,68,53,117,74,14,115,72,115,41,170,205,49,36,62,16,5,222,50,209,36,139,222,223,30,42,108,53,117,131,106,115,93,1,93,209,36,52,41,209,248,87,163,151,65,14,219,124,207,239,85,36,30,170,30,215,81,30,14,62,38,87,197,244,209,36,4,213,153,136,211,203,137,137,241,85,184,203,143,140,69,85,36,125,232,166,213,233,36,139,222,62,128,117,25,108,29
Best fitness found so far: 0.3840304259205738; k: 2.0
Generation: 136; 0.3840304259205738; k: 2.0; 109,87,79,119,15,14,219,59,207,239,85,36,125,180,246,213,233,98,211,70,137,225,64,226,244,65,14,47,16,209,36,71,20,47,62,77,170,234,173,28,63,60,87,132,209,108,22,93,209,36,4,213,153,85,211,70,137,137,241,25,41,203,180,166,213,90,221,123,70,92,44,213,177,33,219,59,48,239,85,36,125,245,166,213,162,36,139,222,62,97,170,127
Best fitness found so far: 0.3840304259205738; k: 2.0
Generation: 137; 0.3840304259205738; k: 2.0; 203,47,79,119,65,14,219,59,207,239,85,26,125,180,166,213,233,136,211,70,137,67,79,119,186,14,115,211,207,68,53,194,74,14,115,72,115,93,170,130,30,170,104,194,85,36,185,180,28,213,233,51,243,54,46,209,64,114,9,50,14,33,170,90
Best fitness found so far: 0.3840304259205738; k: 2.0
Generation: 138; 0.3840304259205738; k: 2.0; 109,87,79,119,65,14,5,9,207,239,37,36,125,180,166,213,233,244,211,155,83,117,68,53,93,74,67,115,85,60,110,115,93,209,71,199,222,62,30,170,172,173,179,192,153,175,120,89,121,77,213,177,80,18,59,48,144,85,36,125,245,166,213,233,36,62,181,117,154,219,138,13,21,85,36,125,51,166,213,233,244,211,155,83,117,68,53,182,74,83,93,175,109,79,117,65,12,194,93,39,36,139,53,62,30,170,108,3
Best fitness found so far: 0.3840304259205738; k: 2.0
Generation: 139; 0.3840304259205738; k: 2.0; 232,87,79,119,65,104,5,59,95,114,85,36,147,130,166,223,233,175,110,142,59,229,225,129,180,108,210,93,244,211,155,83,117,68,170,247,135
Best fitness found so far: 0.3840304259205738; k: 2.0
Generation: 140; 0.3840304259205738; k: 2.0; 203,89,79,119,65,14,219,59,207,239,85,26,125,180,166,213,233,136,211,70,137,67,79,81,186,92,115,211,207,68,53,117,74,14,115,72,115,93,109,130,96,36,62,19,133,173,50,209,36,139,199,62,30,42,97,53,117,65,106,115,93,1,209,36,153,241,152,161,30,184,108,3,115,28,209,36
Best fitness found so far: 0.3840304259205738; k: 2.0
Generation: 141; 0.3840304259205738; k: 2.0; 64,87,79,119,65,14,219,59,207,239,85,36,81,130,166,213,233,244,237,155,113,65,14,233,16,209,49,71,100,222,62,118,170,153,173,179,63,75,87,129,42,108,22,93,209,36,71,213,153,136,5,70,137,135,241,85,41,203,143,140,16,178
Best fitness found so far: 0.3840304259205738; k: 2.0
Generation: 142; 0.3840304259205738; k: 2.0; 109,87,79,119,65,14,219,59,207,239,85,36,201,180,246,213,233,128,15,222,137,225,64,226,244,65,154,62,38,175,197,244,209,36,4,2,153,136,211,70,137,137,241,59,59,207,239,174,36,125,180,166,213,240,36,139,157,62,83,117,36,117,74,14,115,72,23,93,177,205,167,36,62,170,133,173,179,182,209,36,139,222,81,30,168
Best fitness found so far: 0.3840304259205738; k: 2.0
Generation: 143; 0.3840304259205738; k: 2.0; 109,87,79,119,65,14,5,9,207,239,37,36,125,180,166,213,30,244,211,155,83,117,68,53,93,74,67,115,85,60,110,115,93,209,161,199,222,62,30,170,234,173,179,192,153,175,33,89,115,65,14,219,85,207,239,85,36,157,218,166,213,233,136,211,70,137,218,64,114,244,65,14,47,16,178
Best fitness found so far: 0.3840304259205738; k: 2.0
Generation: 144; 0.3840304259205738; k: 2.0; 109,87,79,119,65,14,219,59,207,239,85,26,53,180,166,213,233,136,211,70,137,67,79,119,65,14,115,211,207,239,85,36,238,180,115,161,209,232,242,62,63,170,78,115,22,112,170,177,175,175,170,46,116,219,233,99,176,56,73,250,68,62,30,170,103,3
Best fitness found so far: 0.3840304259205738; k: 2.0
Generation: 145; 0.3840304259205738; k: 2.0; 109,87,79,119,65,14,219,59,207,239,85,36,125,180,166,213,233,98,5,59,95,114,85,36,125,130,166,223,233,175,110,54,63,229,225,129,180,108,210,93,209,36,153,20,152,62,30,170,108,3,115,93,209,36
Best fitness found so far: 0.3840304259205738; k: 2.0
Generation: 146; 0.3840304259205738; k: 2.0; 232,87,79,119,65,14,5,34,95,174,85,36,125,180,166,223,233,175,110,142,31,229,225,129,223,233,175,192,142,63,126,225,42,180,155,210,93,209,36,153,20,152,62,30,170,108,3,115,93,93,209,36
Best fitness found so far: 0.3840304259205738; k: 2.0
Generation: 147; 0.3840304259205738; k: 2.0; 109,87,79,119,65,14,219,59,207,239,85,26,53,180,166,213,233,136,211,110,137,67,79,119,59,140,105,85,36,7,180,27,213,233,136,159,70,137,218,64,226,59,65,14,229,16,209,36,71,20,222,152,170,244,211,155,83,117,68,53,203,245,14,115,72,115,93,95,205,215,36,62,170,133,153,65,102,209,36,139,30,81,30,168
Best fitness found so far: 0.3840304259205738; k: 2.0
Generation: 148; 0.3840304259205738; k: 2.0; 109,87,79,119,65,14,219,59,207,239,85,181,125,180,166,213,233,244,211,155,83,117,68,53,117,74,14,226,72,115,53,170,65,167,36,62,19,133,184,50,209,36,139,222,62,30,42,108,53,117,65,106,115,224,1,93,209,36,52,124,62,30,87,163,214,65,14,219,124,207,239,85,36,30,170,30,36,125,180,166,223,233,175,49,163,33,65,218,49,115,78,70,36,205,172,45,30,170,108,3,115,93,41,36
Best fitness found so far: 0.3840304259205738; k: 2.0
Generation: 149; 0.3840304259205738; k: 2.0; 109,87,79,119,65,14,219,59,207,239,85,36,125,180,186,93,175,222,222,127,128,170,108,3
Best fitness found so far: 0.3840304259205738; k: 2.0
Generation: 150; 0.3840304259205738; k: 2.0; 109,9,79,119,65,14,219,59,207,239,85,36,125,180,166,213,233,98,211,148,137,225,87,79,119,65,14,83,59,207,239,85,36,125,250,166,213,221,244,211,70,83,117,68,53,3
Best fitness found so far: 0.3840304259205738; k: 2.0
Generation: 151; 0.3840304259205738; k: 2.0; 101,87,79,119,65,14,219,59,207,239,85,36,125,180,166,213,233,136,211,70,137,218,64,226,59,65,192,47,172,209,36,71,20,222,29,43,244,211,155,83,117,68,53,203,245,170,108,3
Best fitness found so far: 0.3840304259205738; k: 2.0
Generation: 152; 0.3840304259205738; k: 2.0; 109,87,79,119,65,14,219,59,207,239,85,36,125,180,166,213,233,216,196,70,137,218,64,226,244,65,14,47,16,5,233,71,157,222,219,30,170,234,173,179,63,72,87,184,180,195,22,249,209,36,71,20,222,62,30,39,64,193,65,14,219,59,207,73,85,36,125,180,166,213,233,244,211,155,83,117,68,53,117,74,127,115,72,62,20,95,22,30,170,177,243,232,170,46,68,55,233,13,176,56,41,143,68,45,117,74,14,8,93,35,93,128,139,202,127,202,59,177,90,65,218,132,115,93,19,87,139,159,62,34,170,108,3,191,157,209,164
Best fitness found so far: 0.3840304259205738; k: 2.0
Generation: 153; 0.3840304259205738; k: 2.0; 96,87,79,119,65,14,219,59,207,239,85,36,125,180,166,213,233,244,211,247,83,225,119,65,14,219,59,220,104,85,36,109,180,166,213,85,36,125,180,166,187,233,42,245,53,210,93,209,36,153,20,152,62,30,170,151,3,115,93,93,209,36
Best fitness found so far: 0.3840304259205738; k: 2.0
Generation: 154; 0.3840304259205738; k: 2.0; 109,87,79,119,65,14,219,59,207,239,85,26,53,180,166,213,233,136,211,70,137,67,79,119,65,14,115,211,207,237,59,36,238,180,115,161,209,185,219,239,187,36,238,180,28,30,166,213,79,136,211,70,137,137,241,235,41,203,143,143,16,123
Best fitness found so far: 0.3840304259205738; k: 2.0
Generation: 155; 0.3840304259205738; k: 2.0; 109,87,79,119,65,14,5,9,207,239,37,36,125,180,166,213,233,244,211,155,244,34,8,67,65,74,67,115,202,55,110,115,93,209,71,199,222,62,30,170,247,173,179,192,69,175,244,202,121,202,213,56,80,18,59,48,239,85,36,125,245,166,166,213,233,136,211,70,137,218,64,111,244,65,106,47,16,69
Best fitness found so far: 0.3840304259205738; k: 2.0
Generation: 156; 0.3840304259205738; k: 2.0; 109,87,79,119,5,14,219,204,207,239,181,36,125,180,166,213,223,214,204,63,177,82,65,218,93,178,77,70,36,205,81,45,30,170,108,194,85,36,185,180,248,213,233,85,153,125,180,166,213,233,136,211,172,43,218,64,91,244,65,59,81,239,85,198,30,170,30,215,181,93,141
Best fitness found so far: 0.3840304259205738; k: 2.0
Generation: 157; 0.3840304259205738; k: 2.0; 109,87,79,119,65,14,219,59,207,239,45,36,125,180,166,213,233,136,211,70,137,218,64,114,244,65,70,137,225,50,209,36,139,122,62,93,188,108,53,117,65,106,115,93,1,93,209,225,13,142,62,148,87,79,239,65,14,190,4,70,239,85,52,30,59,30,215,115,221,131
Best fitness found so far: 0.3840304259205738; k: 2.0
Generation: 158; 0.3840304259205738; k: 2.0; 109,87,79,119,65,14,5,59,207,239,131,36,125,180,166,213,240,36,139,34,62,83,117,14,219,59,207,21,146,36,125,180,166,213,233,244,211,155,83,117,68,53,117,74,83,93,175,145,79,117,65,12,194,93,39,36,139,53,62,186,170,108,3
Best fitness found so far: 0.3840304259205738; k: 2.0
Generation: 159; 0.3840304259205738; k: 2.0; 109,87,79,119,65,14,219,59,207,239,85,36,125,180,128,213,233,136,211,70,94,218,64,114,244,65,14,47,16,178
Best fitness found so far: 0.3840304259205738; k: 2.0
Generation: 160; 0.3840304259205738; k: 2.0; 114,87,79,50,65,14,219,59,207,239,53,36,125,5,216,213,218,64,226,244,65,81,81,239,85,36,30,170,26,215,181,93,141,5,216,213,218,64,226
Best fitness found so far: 0.3840304259205738; k: 2.0
Generation: 161; 0.3840304259205738; k: 2.0; 233,87,79,119,65,14,219,59,207,239,85,36,125,180,166,213,233,244,211,155,83,117,68,53,196,74,14,115,247,115,93,95,205,61,213,233,118,119,65,14,191,211,186,176,85,36,22,180,115,161,209,232,242,62,63,49,86,115,22,30,170,177,40,232,170,46,242,219,233,136,103,56,73,143,68,65,117,74,14,8,218,35,93,128,35,202,127,202,213,177,33,65,218,132,115,93,209,36,139,175,62,32,53,108,191,191,157,209,164
Best fitness found so far: 0.3840304259205738; k: 2.0
Generation: 162; 0.3840304259205738; k: 2.0; 109,87,79,119,65,14,219,59,207,239,85,36,125,180,166,213,233,136,211,70,137,218,64,226,244,65,14,47,18,209,36,71,20,222,62,30,170,234,173,179,63,75,230,129,180,108,22,77,209,36,227,20,222,15,231,45,16,115,134,217,140,242,93,209,35,229,61,107,232,242,62,63,170,212,115,22,30,170,177,243,94,170,72,68,8,233,136,176,56,41,143,68,46,117,74,14,8,93,35,93,128,139,202,127,202,213,177,90,65,218,132,115,93,19,71,139,159,62,34,85,108,3,191,157,209,164
Best fitness found so far: 0.3840304259205738; k: 2.0
Generation: 163; 0.3840304259205738; k: 2.0; 109,87,79,119,65,14,219,59,207,239,183,36,125,180,166,213,233,135,211,70,137,218,63,226,244,65,14,47,16,209,233,71,157,222,219,30,170,234,173,179,63,72,87,129,180,195,22,93,209,36,71,20,222,62,71,39,64,191,65,14,219,59,207,180,85,36,125,62,30,243,222,67,232,170,108,3
Best fitness found so far: 0.3840304259205738; k: 2.0
Generation: 164; 0.3840304259205738; k: 2.0; 109,87,79,119,11,14,219,204,207,239,181,36,125,180,166,213,223,214,204,49,177,33,65,218,93,216,77,70,36,205,58,45,30,170,108,194,85,36,185,180,186,68,233,117,243,178,46,209,64,114,27,207,6,101,36,155,180,166,213,233,249,108,3,115,93,209,36,115,93,154,36,139,222,62,79,119,65,14,219,59,207,239,85,36,125,180,166,226,152,249,108,89,115,93
Best fitness found so far: 0.3840304259205738; k: 2.0
Generation: 165; 0.3840304259205738; k: 2.0; 203,47,79,119,65,14,219,59,207,239,85,26,125,180,166,213,233,136,211,70,137,67,79,119,186,14,115,211,207,68,53,117,74,14,115,72,115,93,170,130,118,36,62,19,26,173,50,209,36,139,199,62,148,42,97,53,117,65,106,115,93,1,10,209,36,52,41,62,30,87,79,198,65,14,1,151,242,239,216,36,6,125,180,212,223,233,175,69,142,63,229,225,129,180,108,210,25,209,65,14,115,93,209,36,139,222,62,30,170,79,68,115,93,144,36,139,207,127,202,49,177,33,65,218,93,96,93,70,246,139,222,62,1,170,108,186
Best fitness found so far: 0.3840304259205738; k: 2.0
Generation: 166; 0.3840304259205738; k: 2.0; 232,87,79,119,65,14,5,59,95,29,85,36,125,180,212,223,233,175,69,142,63,229,225,129,180,108,210,25,209,65,14,115,93,209,36,139,222,62,30,170,79,68,124,93,144,36,139,207,127,202,49,177,33,65,218,93,96,93,70,36,79,207,239,85,36,125,180,166,213,233,136,211,70,40,218,64,226,244,65,14,91,16,209,36,71,20,222,62,30,170,234,205,179,63,75,87,129,180,108,22,93,209,36,132,20,222,62,30,59,234,173,179,63,75,225
Best fitness found so far: 0.3840304259205738; k: 2.0
Generation: 167; 0.3840304259205738; k: 2.0; 109,87,79,86,73,14,5,9,207,239,37,36,125,180,166,213,233,244,211,155,83,117,68,154,117,74,67,115,134,190,110,115,93,209,71,199,222,105,30,170,234,173,179,192,153,175,139,202,121,202,213,177,80,18,59,48,206,85,36,125,245,166,213,177,36,139,222,62,97,168,125,180,30,115,134,52,100,64,105,179,49,196,229,115,93,209,9,139,75,62,30,206,108,63,239,65,106,216,182,115,93,209,1,51,97,62,30,230,63,119,65,211,219,59,74,3,115,76,209,39
Best fitness found so far: 0.3840304259205738; k: 2.0
Generation: 168; 0.3840304259205738; k: 2.0; 96,87,79,119,65,14,219,59,207,239,85,36,125,180,166,213,233,244,211,155,209,117,68,198,162,98,191,115,1,209,36,139,222,62,30,170,65,14,233,141,174,204,139,183,222,62,30,233,244,211,155,83,117,68,53,117,74,14,115,72,115,93,170,205,167,36,62,19,133,222,50,209,36,139,222,23,30,42,108,53,117,65,106,115,93,1,93,200,36,52,51,62,248,87,163,214,65,14,219,96,207,239,196,36,30,101,30,215,81,30,168,180,166,213,233,244,211,155,209,117,68,198,162,98,191,115,1,209,36,139,222,62,30,170,65,14,233,141,174,204,139,183,222,62,30,233,244,211,155,83,117,68,53,117,74,14,115,72,115,93,170,205,167,36,62,19,133,222,50,209,36,139,222,23,30,42,108,53,117,65,106,115,93,1,93,200,36,52,51,62,248,87,163,214,65,14,219,96,207,239,196,36,30,101,30,215
Best fitness found so far: 0.3840304259205738; k: 2.0
Generation: 169; 0.3840304259205738; k: 2.0; 232,87,79,119,65,14,5,59,95,114,85,36,125,180,166,233,170,108,3,191,93,209,190
Best fitness found so far: 0.3840304259205738; k: 2.0
Generation: 170; 0.3840304259205738; k: 2.0; 109,87,79,119,65,14,5,59,207,239,37,36,125,180,248,213,249,244,211,155,83,117,65,14,119,65,211,219,59,74,102,115,76,209,39
Best fitness found so far: 0.3840304259205738; k: 2.0
Generation: 171; 0.3840304259205738; k: 2.0; 109,87,79,119,65,14,219,59,135,239,85,36,125,180,166,213,233,98,211,124,137,225,87,79,119,65,14,83,125,177,166,85,36,125,250,167,36,62,170,133,173,179,102,209,36,139,222,81,30,168
Best fitness found so far: 0.3840304259205738; k: 2.0
Generation: 172; 0.3840304259205738; k: 2.0; 109,87,79,119,65,14,219,59,207,239,85,36,125,180,166,213,176,98,211,70,137,225,64,226,244,88,14,47,16,209,73,71,20,222,235,20,170,234,173,54,63,75,119,129,209,108,22,93,209,36,71,96,153,14,219,59,207,239,85,208,125,180,166,213,187,244,211,155,209,117,68,142,162,42,50,115,1,209,44,71,190,62,30,170,188,59,219,59,207,239,85,36,125,180,166,67,233,208,139,173,62,242,117,170,108,3
Best fitness found so far: 0.3840304259205738; k: 2.0
Generation: 173; 0.3840304259205738; k: 2.0; 203,47,79,119,65,14,219,59,207,239,85,26,125,180,166,213,233,136,211,70,137,67,79,119,186,14,115,211,207,239,85,25,238,180,115,161,209,232,242,62,63,85,36,125,180,166,213,233,45,211,170,65,14,115,141,174,204,139,85,41,15,143,61,16,85,36,12,226,166,213,233,36,139,222,62,233,36,139,222,218,153,117,170,108,3
Best fitness found so far: 0.3840304259205738; k: 2.0
Generation: 174; 0.3840304259205738; k: 2.0; 109,87,79,119,65,14,219,59,207,239,85,36,125,180,166,213,63,136,211,70,137,218,64,226,244,65,14,47,16,209,36,71,20,222,62,30,170,117,205,53,117,212,14,203,123,115,93,95,205,234,177,33,65,218,93,115,93,10,36,139,222,62,30,170,108,3,115,93,209,36
Best fitness found so far: 0.3840304259205738; k: 2.0
Generation: 175; 0.3840304259205738; k: 2.0; 169,87,79,119,61,14,219,59,207,239,85,36,125,180,166,213,233,244,211,243,180,170,90
Best fitness found so far: 0.3840304259205738; k: 2.0
Generation: 176; 0.3840304259205738; k: 2.0; 109,87,79,119,65,14,219,59,207,239,85,36,125,180,166,213,179,146,211,70,211,218,64,114,244,230,14,225,129,115,93,130
Best fitness found so far: 0.3840304259205738; k: 2.0
Generation: 177; 0.3840304259205738; k: 2.0; 216,47,244,119,65,14,31,59,207,239,85,26,125,180,166,213,233,164,87,56,209,108,8,93,209,36,4,213,153,136,211,70,137,137,241,85,41,20,143,140,16,85,36,125,55,166,213,233,36,139,222,62,83,117,109,87,79,119,5,14,219,204,207,239,181,36,125,180,166,213,223,214,204,49,200,33,45,218,93,216,77,158,36,205,81,45,30,170,108,194,85,36,185,180,248,213,233,117,243,54,46,209,64,114,9,65,14,97,170,90
Best fitness found so far: 0.3840304259205738; k: 2.0
Generation: 178; 0.3840304259205738; k: 2.0; 232,87,79,119,65,14,5,59,95,239,85,36,237,180,166,223,96,244,141,155,83,117,68,53,231,74,16,115,38,217,140,115,93,209,35,229,61,6,7,39,64,85,36,125,171,166,213,233,136,211,84,43,218,247,226,244,65,59,81,239,85,36,30,170,30,215,181,93,141
Best fitness found so far: 0.3840304259205738; k: 2.0
Generation: 179; 0.3840304259205738; k: 2.0; 109,87,79,119,65,14,219,59,207,239,85,36,133,180,182,213,233,239,43,70,60,218,64,114,244,65,190,114,16,70,137,11,117,68,59,206,74,14,20,134,217,140,115,93,209,71,139,222,62,30,170,234,173,46,192,153,175,139,202,127,202,213,177,33,65,154,132,108,93,209,36,139,159,62,30,170,108,3,115,236,96,190
Best fitness found so far: 0.3840304259205738; k: 2.0
Generation: 180; 0.3840304259205738; k: 2.0; 83,87,79,119,65,14,219,59,207,109,85,36,125,180,62,213,233,244,114,155,83,117,68,53,61,74,14,115,72,115,93,170,205,167,36,62,53,133,173,50,209,36,139,222,62,30,42,108,53,117,65,106,115,93,1,93,209,36,52,41,62,30,87,79,239,65,14,219,59,207,239,85,36,30,170,62,30,50,170,108,7,83,87,79,119,65,14,219,59,207,109,85,36,125,180
Best fitness found so far: 0.3840304259205738; k: 2.0
Generation: 181; 0.3840304259205738; k: 2.0; 109,87,79,119,65,14,219,59,207,239,85,36,125,180,166,213,233,45,211,100,65,14,115,141,33,119,65,14,219,59,117,239,85,36,125,180,208,213,14,98,211,115,123,225,64,158,244,75,14,173,179,107,209,36,139,222,233,136,37,184,137,218,93,226,244,65,14,47,16,209,36,52,139,94,62,37,119,108,94,221,152,209,1,4,30,170,5,3
Best fitness found so far: 0.3840304259205738; k: 2.0
Generation: 182; 0.3840304259205738; k: 2.0; 169,87,79,119,65,14,219,59,207,239,85,36,125,180,166,213,233,244,211,247,83,225,181,218,14,219,59,26,239,85,36,179,180,213,112,136,211,70,137,137,241,85,41,203,143,143,16,178
Best fitness found so far: 0.3840304259205738; k: 2.0
Generation: 183; 0.3840304259205738; k: 2.0; 109,87,79,119,65,14,219,59,207,239,85,36,125,180,166,213,233,244,211,155,83,147,68,53,54,74,14,115,72,115,93,170,205,167,36,62,19,97,72,50,209,36,139,222,62,75,42,108,53,117,65,106,98,93,1,93,209,36,52,41,62,248,87,163,124,65,14,219,169,207,239,58,36,30,170,30,215,247,30,41
Best fitness found so far: 0.3840304259205738; k: 2.0
Generation: 184; 0.3840304259205738; k: 2.0; 109,87,79,119,65,14,219,59,207,239,85,36,125,180,166,213,233,244,211,13,83,117,68,30,170,222,243,108,3
Best fitness found so far: 0.3840304259205738; k: 2.0
Generation: 185; 0.3840304259205738; k: 2.0; 109,87,79,119,65,14,5,9,207,239,37,36,125,180,166,213,233,244,211,155,184,117,68,53,117,74,67,115,108,60,166,115,93,209,71,199,222,62,30,170,234,173,179,139,53,62,30,170,108,3
Best fitness found so far: 0.3840304259205738; k: 2.0
Generation: 186; 0.3840304259205738; k: 2.0; 109,87,79,119,65,14,219,59,207,239,85,36,125,180,202,213,233,136,211,70,137,218,64,226,244,65,14,47,16,209,233,102,20,222,219,30,170,234,173,179,63,75,87,129,180,108,22,93,209,8,71,20,71,62,30,39,64,25,69
Best fitness found so far: 0.3840304259205738; k: 2.0
Generation: 187; 0.3840304259205738; k: 2.0; 109,87,79,119,65,14,5,9,207,239,37,36,125,180,166,213,233,244,211,155,83,117,68,53,93,74,67,115,85,164,110,51,189,62,30,87,63,119,65,14,219,59,74,194,85,36,185,196,248,213,233,117,243,54,46,86,179,114,188,65,14,97,170,90
Best fitness found so far: 0.3840304259205738; k: 2.0
Generation: 188; 0.3840304259205738; k: 2.0; 109,87,79,119,215,14,219,59,207,239,85,36,195,180,246,213,233,244,211,155,83,117,68,53,117,74,14,115,72,115,93,95,205,167,80,72,184,170,234,173,40,63,75,87,182,209,108,22,93,209,36,71,213,21,136,211,70,137,137,241,85,41,203,143,140,16,178
Best fitness found so far: 0.3840304259205738; k: 2.0
Generation: 189; 0.3840304259205738; k: 2.0; 109,87,79,119,65,14,219,59,207,239,85,36,125,180,246,213,233,116,211,115,123,129,64,174,244,231,193,47,16,209,36,71,20,47,62,77,170,234,173,28,63,60,87,32,209,172,22,93,209,36,4,213,153,136,211,70,106,137,82,85,41,203,143,140,16,85,36,125,232,166,213,233,36,139,222,62,233,36,81,222,218,83,117,36,169,19,133,222,50,209,36,139,222,62,30,42,108,53,3,65,106,115,93,1,93,209,36,52,41,62,248,87,163,214,65,14,219,124,207,239,85,36,30,195,30,33,81,30,168
Best fitness found so far: 0.3840304259205738; k: 2.0
Generation: 190; 0.3840304259205738; k: 2.0; 150,87,79,119,203,14,219,94,79,239,85,36,125,180,166,213,233,136,30,153,143,218,64,226,244,65,14,47,16,209,36,71,236,94,65,14,137,93,209,36,160,222,62,30,155,178,8,98,203,2,115,111,144,36,139,202,114,202,49,167,209,65,218,171,115,93,70,36,94,222,62,20,152,62,30,170,108,3,115,121,209,36
Best fitness found so far: 0.3840304259205738; k: 2.0
Generation: 191; 0.3840304259205738; k: 2.0; 203,47,79,119,65,14,219,59,207,239,85,26,125,180,166,213,233,136,211,70,137,67,79,119,186,222,243,108,3
Best fitness found so far: 0.3840304259205738; k: 2.0
Generation: 192; 0.3840304259205738; k: 2.0; 109,87,184,119,65,14,219,59,207,239,85,36,125,180,246,213,233,53,211,70,137,225,64,226,244,65,14,47,16,209,247,83,225,119,65,243,209,138,207,239,85,53,109,180,166,213,233,36,139,222,62,97,170,127
Best fitness found so far: 0.3840304259205738; k: 2.0
Generation: 193; 0.3840304259205738; k: 2.0; 169,87,79,119,65,14,219,59,207,239,85,36,125,180,166,213,233,244,182,247,83,225,119,65,14,219,59,220,104,85,73,109,180,166,213,80,212,62,19,133,173,78,209,36,47,222,62,30,188,108,53,117,65,106,115,93,1,242,42,36,51,41,73,111,87,79,239,65,14,233,59,207,47,85,36,30,218,30,173,185,218,229,225,129,180,108,115,93,209,36,58,85,96,175,110,68,63,229,225,129,108
Best fitness found so far: 0.3840304259205738; k: 2.0
Generation: 194; 0.3840304259205738; k: 2.0; 169,87,79,119,65,14,219,59,207,239,85,36,125,180,166,213,233,244,211,247,83,225,119,65,14,219,18,185,104,85,36,9,180,166,213,85,36,125,180,166,208,233,244,96,219,83,117,68,53,117,74,14,115,72,81,93,95,205,167,6,223,233,76,69,142,63,229,225,129,115,93,141
Best fitness found so far: 0.3840304259205738; k: 2.0
Generation: 195; 0.3840304259205738; k: 2.0; 109,87,79,119,65,14,219,59,117,239,85,36,125,180,208,213,76,98,211,115,123,225,64,158,244,75,14,173,179,102,209,36,160,222,233,136,233,249,108,3,103,93,209,36,115,93,154,36,139,222,62,228,119,65,14,219,59,207,239,85,36,125,180,166,213,233,249,108,41,115,93
Best fitness found so far: 0.3840304259205738; k: 2.0
Generation: 196; 0.3840304259205738; k: 2.0; 109,87,79,119,65,14,219,59,207,239,85,36,125,180,166,213,233,221,211,2,166,44,213,177,135,219,59,48,239,85,36,125,245,166,213,233,36,139,222,62,97,238,115,115,161,201,232,242,73,63,170,86,115,39,30,170,74,243,232,170,46,116,193,233,136,211,155,83,117,68,53,231,74,16,149,134,217,140,115,93,209,35,229,61,107,7,39,64,71,13
Best fitness found so far: 0.3840304259205738; k: 2.0
Generation: 197; 0.3840304259205738; k: 2.0; 213,87,79,119,65,14,219,59,207,239,85,36,125,180,246,213,233,104,211,115,123,225,64,174,244,65,14,47,16,209,36,71,20,116,62,166,213,233,136,211,70,137,67,79,47,186,35,115,211,207,72,85,36,238,180,115,161,209,232,134,62,63,85,36,125,180,166,213,233,45,211,208,65,14,115,141,174,204,139,222,103,30,151,134,52,100,64,105,179,49,196,229,24,93,209,9,136,75,62,30,206,108,63,239,65,106,216,182,115,93,209,1,51,189,62,30,21,63,119,65,14,39,59,74,194,85,62,185,180,248,213,233,117,243,54,46,86,64,114,188,65,14,180,170,90
Best fitness found so far: 0.3840304259205738; k: 2.0
Generation: 198; 0.3840304259205738; k: 2.0; 109,87,79,119,65,14,5,9,225,239,37,36,125,180,240,213,100,119,65,14,219,59,207,239,85,26,125,180,166,213,233,136,211,70,137,67,121,119,186,14,115,211,207,239,85,36,238,180,115,161,209,232,242,62,63,85,36,125,180,166,213,233,45,211,170,65,107,18,141,174,204,139,222,103,30,115,134,52,100,64,105,179,49,196,229,24,93,209,9,139,75,62,30,206,108,244,239,65,117,216,76,115,93,209,1,51,189,62,30,156,63,119,65,14,39,59,74,194,85,62,185,65,248,213,233,117,180,54,46,86,64,114,45,65,14,162,170,90
Best fitness found so far: 0.3840304259205738; k: 2.0
Generation: 199; 0.3840304259205738; k: 2.0; 109,87,79,119,65,14,219,59,207,239,85,36,125,180,166,213,57,244,237,155,83,117,68,53,117,74,14,115,21,115,93,170,205,102,36,62,19,133,173,50,209,6,139,222,62,30,23,194,53,117,65,106,115,93,1,93,209,36,64,117,74,5,116,72,176,93,170,205,236,36,62,19,133,173,50,209,36,139,67,62,30,42,164,219,239,187,36,238,180,28,30,166,213,79,96,120,70,137,137,189,85,224,203,143,143,16,178
Best fitness found so far: 0.3840304259205738; k: 2.0
Total time of execution of seed 8 : 74339470
Solution Fitness: -0.3840304259205738
Variables: uniform 0 chebyshev moveNear moveNear moveNear split join moveBetween
