Generation: 0; -1.0; k: 0.0; 127,167,179,142,154,128,55,91,142,209,19,13
Best fitness found so far: -1.0; k: 0.0
Generation: 1; 0.14514334210378182; k: 4.1; 146,58,241,179,235,87,43,235,153,44,238,126,64,119
Best fitness found so far: 0.14514334210378182; k: 4.1
Generation: 2; 0.02149524475728582; k: 3.1; 17,245,7,178,113,79,17
Best fitness found so far: 0.14514334210378182; k: 4.1
Generation: 3; 0.10082952562910605; k: 6.8; 73,75,127,172,191,119,5,136,43,144
Best fitness found so far: 0.14514334210378182; k: 4.1
Generation: 4; 0.24872110307118023; k: 2.1; 128,207,84,179,31,184,115,107,197
Best fitness found so far: 0.24872110307118023; k: 2.1
Generation: 5; 0.26749238648600493; k: 2.0; 57,88,205,185,73,135,219,174,157,87,127,224,15,232,219,94,33,82,79,161
Best fitness found so far: 0.26749238648600493; k: 2.0
Generation: 6; 0.2632982073232305; k: 2.0; 197,2,143,75,127,152,191,145,155,117,117,104,139,101,233,135,67,174,37,62
Best fitness found so far: 0.26749238648600493; k: 2.0
Generation: 7; 0.3205712233580649; k: 2.1; 183,43,172,155,225,172,191,119,5,136,43,144
Best fitness found so far: 0.3205712233580649; k: 2.1
Generation: 8; 0.310884873245422; k: 2.0; 21,115,77,38,219,154,169,115,125,38,219,154,33,82,79,161
Best fitness found so far: 0.3205712233580649; k: 2.1
Generation: 9; 0.3080866300223445; k: 2.0; 247,164,212,171,121,169,131,156,231,24,145,145,76,143,139,6,179,31,184,70,107,56
Best fitness found so far: 0.3205712233580649; k: 2.1
Generation: 10; 0.33608141021893756; k: 2.3; 7,145,66,117,117,89,139,82,195,158,149,106,37,19,59,112,110,170,185,73,246,173,174,149,247,164,170,185
Best fitness found so far: 0.33608141021893756; k: 2.3
Generation: 11; 0.32729206930943366; k: 2.0; 183,43,172,155,225,172,47,119,5,136,159,13,131,47,83,188,177,184,9,123
Best fitness found so far: 0.33608141021893756; k: 2.3
Generation: 12; 0.30796683865742375; k: 2.0; 114,139,139,126,159,160,131,47,83,117,117,104,139,101,233,135,67,78,225,115,118,73,104,173,249,7,71,156,130,24,119,145,76,18,162,218,31,156,20
Best fitness found so far: 0.33608141021893756; k: 2.3
Generation: 13; 0.32158330978206323; k: 2.0; 247,187,170,185,235,87,135,235,15,211,161
Best fitness found so far: 0.33608141021893756; k: 2.3
Generation: 14; 0.3205712233580649; k: 2.1; 183,43,172,155,225,172,191,119,5,136,43,144
Best fitness found so far: 0.33608141021893756; k: 2.3
Generation: 15; 0.3269255733900737; k: 2.0; 114,139,191,237,159,13,131,4,83,89,117,104,139,101,11,95,170,145,73,246,132,174,149,247,164,170,185,73,104,173,174,149,184,42,190,24,219,124,117,104,139,101,233,135,67,174,37,62
Best fitness found so far: 0.33608141021893756; k: 2.3
Generation: 16; 0.32664868030227945; k: 2.0; 13,55,77,14,97,182,33,231,195,19,239,241,179,2,143,75,127,152,191,121,155,117,117,104,143,75,85,128,191,145,155,68,117,104,139,101,3,83,67,173,61,235,191,119,106,37,19,59,112,110,170,185,73,246,173,174,149,247,164,170,185
Best fitness found so far: 0.33608141021893756; k: 2.3
Generation: 17; 0.3708550258427312; k: 2.0; 249,190,215,237,159,13,131,4,243,89,19,104,139,101,233,95,170,50,166,192,46,49,168,213,86,179,235,87,175,132,100,44,238,139,64,119,50,76,155,117,117,240,235,224,48,239,123,202,192
Best fitness found so far: 0.3708550258427312; k: 2.0
Generation: 18; 0.33608141021893756; k: 2.3; 7,145,66,117,117,89,139,82,195,83,149,106,37,19,65,57,200,170,170,237,159,13,207,4,76,89,144,104,139,101,233,59,170,145,73,72,46,174,149,247,164,170,185,73,104,173,174,149,71,42,47,24,219,124,36,69,79,161
Best fitness found so far: 0.3708550258427312; k: 2.0
Generation: 19; 0.3708550258427312; k: 2.0; 249,190,215,237,159,13,131,4,243,89,19,154,139,101,233,95,170,50,166,192,46,49,208,213,86,179,235,87,37,19,59,218,200,170,170,185,235,87,135,235,15,211,246,19,154,139,101,233,95,170,50,166,192,46
Best fitness found so far: 0.3708550258427312; k: 2.0
Generation: 20; 0.34469464651689685; k: 2.0; 114,139,139,126,159,160,131,47,83,117,117,104,139,101,233,135,67,78,225,31,156,20
Best fitness found so far: 0.3708550258427312; k: 2.0
Generation: 21; 0.3912628198917163; k: 2.0; 114,218,191,237,159,95,195,4,199,89,117,104,139,101,11,95,170,145,73,243,172,174,149,7,164,170,92,192
Best fitness found so far: 0.3912628198917163; k: 2.0
Generation: 22; 0.3708550258427312; k: 2.0; 249,170,215,237,159,13,131,4,243,89,19,154,125,101,233,95,170,50,166,192,46,49,208,213,86,179,235,87,37,250,241,179,83,8,155,225,174,162,178,43,29,95,16,197,95,19,230,112,225,128,208,84,179
Best fitness found so far: 0.3912628198917163; k: 2.0
Generation: 23; 0.3708550258427312; k: 2.0; 249,230,215,237,159,13,131,4,93,89,19,104,139,101,233,95,170,50,166,192,46,49,168,15,211,161
Best fitness found so far: 0.3912628198917163; k: 2.0
Generation: 24; 0.3912628198917163; k: 2.0; 114,218,191,237,159,95,195,4,235,89,117,104,139,101,11,95,240,145,73,243,172,77,149,7,164,170,92,192
Best fitness found so far: 0.3912628198917163; k: 2.0
Generation: 25; 0.3708550258427312; k: 2.0; 249,190,215,237,159,13,131,4,121,89,19,104,139,101,69,95,170,50,166,192,58,49,168,213,139,82,33,83,149,106,37,140,59,218,200,170,170,185,82,179,235,87,168,122,229,178,67,10,107,29,81,98,119,239,241,23,137,22,75,127,152,154,132,155,117,117,104,247,75,85,128,191,143,155,68,117,104,139,101,3,83,67,35,61,235,191,119,106,37,59,59,112,110,170,185,73,246,131,4,243,137,85,139,157,101,76,155,117,117,240,235,145,132,40,123,92,192,13,131,4,121,89
Best fitness found so far: 0.3912628198917163; k: 2.0
Generation: 26; 0.3708550258427312; k: 2.0; 216,230,215,237,159,13,131,4,153,89,19,154,139,76,233,95,170,50,166,192,46,49,208,8,155,198,89,109,72,150,197,62,95,85,165,166,192,46,7,125,213,86,155,235,87,175,132,27,31,129,79,64,192,34,5,177,117,227,163,185,73,223,173,174,149,184,218,5,24,117,124,117,104,139,11,233,135,67,140,136,208,13,131,47,83,188,177,80,9,123
Best fitness found so far: 0.3912628198917163; k: 2.0
Generation: 27; 0.3708550258427312; k: 2.0; 249,170,215,237,159,13,131,4,243,114,19,154,23,101,233,95,244,50,166,192,46,49,208,244,86,179,235,87,37,83,188,217,184,9,125
Best fitness found so far: 0.3912628198917163; k: 2.0
Generation: 28; 0.3912628198917163; k: 2.0; 114,218,191,237,159,95,195,4,199,89,117,104,139,101,11,95,170,145,66,191,119,106,37,38,152,112,110,170,234,83,158,131,4,146,13,39,246,173,190,246,183,68,135,136,47,10,161
Best fitness found so far: 0.3912628198917163; k: 2.0
Generation: 29; 0.3912628198917163; k: 2.0; 114,218,191,237,159,95,47,4,171,89,117,104,139,101,11,95,170,145,197,243,172,174,149,7,164,170,92,192
Best fitness found so far: 0.3912628198917163; k: 2.0
Generation: 30; 0.3912628198917163; k: 2.0; 146,218,66,237,159,95,195,4,235,89,117,104,139,101,11,95,240,65,73,243,20,49,208,213,37,107,188,217,184,9,125
Best fitness found so far: 0.3912628198917163; k: 2.0
Generation: 31; 0.3708550258427312; k: 2.0; 203,190,215,237,159,13,131,4,243,89,19,104,139,101,233,95,170,50,166,192,46,49,168,213,238,60,235,127,175,132,85,44,224,139,31,25,50,76,155,110,159,95,195,4,236,89,117,104,139,101,11,95,170,145,73,243,172,174,149,247,164,170,185,233,100,173,174,149,184,42,190,24,219,124,117,104,139,101,233,135,67,235,83,135,157,15,205,246
Best fitness found so far: 0.3912628198917163; k: 2.0
Generation: 32; 0.3912628198917163; k: 2.0; 114,218,191,237,159,95,195,4,235,89,117,104,139,101,11,95,240,145,73,243,172,77,149,7,164,170,92,104,139,101,233,95,14,50,166,192,157,44,97,28,110,179,39,54,50,166,192,40,49,101,191,119,5,136,43,144
Best fitness found so far: 0.3912628198917163; k: 2.0
Generation: 33; 0.3708550258427312; k: 2.0; 153,230,225,237,159,13,131,4,243,224,19,154,139,101,13,95,170,50,37,192,46,225,35,162,96,43,129,95,127,213,86,179,235,147,193,132,129,139,102,240,95,235,127,166,192,46,49,78,28,249,72,235,87,175,132,100,78,147,101,233,59,145,234,33,89,139,82,195,158,142,81,173,138,43,183,178,135,235,42,106,161
Best fitness found so far: 0.3912628198917163; k: 2.0
Generation: 34; 0.3912628198917163; k: 2.0; 114,218,191,237,159,95,195,4,199,89,117,104,139,101,71,95,170,145,66,191,119,187,3,38,152,112,110,170,234,83,158,131,4,146,151,185,83,116,131,4,150,137,39,246,173,138,246,131,178,135,235,150,211,192,101,71,95,170,145,66,191,119,187,3,38,152,112,110,170,234,83,158,131,4,146,151,185,83,116,131,4,150,137,39,246,173,138,246,131,178
Best fitness found so far: 0.3912628198917163; k: 2.0
Generation: 35; 0.3912628198917163; k: 2.0; 114,218,191,237,159,95,195,4,199,89,117,104,139,101,71,95,170,250,66,191,119,187,3,38,152,112,110,170,234,83,158,131,4,146,151,185,83,116,131,4,150,137,159,18,131,4,243,104,19,104,139,101,233,95,170,50,166,192,46,15,168,28,110,179,39,54,50,166,192,203,49,101,191,119,5,167,43,144
Best fitness found so far: 0.3912628198917163; k: 2.0
Generation: 36; 0.3912628198917163; k: 2.0; 114,218,191,237,159,95,229,4,171,89,117,104,139,101,11,95,170,145,197,243,172,174,51,7,164,170,92,101,233,95,170,50,1,192,46,49,168,28,86,179,235,235,87,168,122,115,135,67,79,107,29,81,24,119,237,49,175,162,220,95,8
Best fitness found so far: 0.3912628198917163; k: 2.0
Generation: 37; 0.3912628198917163; k: 2.0; 114,218,191,237,159,95,207,4,199,89,117,104,139,101,11,95,170,145,66,191,119,106,37,38,152,112,86,170,234,83,46,49,208,8,155,198,89,109,72,150,197,62,95,85,165,166,192,46,7,125,213,86,155,235,87,175,132,27,31,129,79,223,192,34,5,177,117,227,163,185,73,223,173,174,149,184,218,5,24,117,124,117,104,139,11,233,135,67,140,165,208,13,131,47,83,188,177,80,9,123
Best fitness found so far: 0.3912628198917163; k: 2.0
Generation: 38; 0.3912628198917163; k: 2.0; 114,218,191,237,159,95,195,4,235,89,89,104,139,101,11,115,240,145,73,243,172,49,208,213,151,179,135,68,13,131,4,243,89,19,154,139,101,233,95,170,50,166,155,46,49,208,8,155,225,174,162,96,43,29,95,148,197,5,19,230,112,225,128,224,84,179
Best fitness found so far: 0.3912628198917163; k: 2.0
Generation: 39; 0.3912628198917163; k: 2.0; 114,218,191,237,153,95,195,4,235,89,117,104,139,101,11,95,240,145,73,243,172,49,208,213,86,179,235,143,124,250,241,179,83,179,233,95,170,50,76,192,199,74,208,213,22,179,128
Best fitness found so far: 0.3912628198917163; k: 2.0
Generation: 40; 0.3912628198917163; k: 2.0; 114,218,176,237,159,95,195,169,235,89,117,104,139,101,11,95,240,145,43,243,54,49,240,75,90,243,172,85,149,7,164,124,92,104,139,101,233,95,14,119,228,149,43,144
Best fitness found so far: 0.3912628198917163; k: 2.0
Generation: 41; 0.3912628198917163; k: 2.0; 209,218,191,237,217,95,229,4,97,89,117,104,139,101,99,95,170,145,197,243,172,174,51,7,53,170,92,101,233,95,170,50,1,192,164,49,213,28,86,137,86,129,173,138,246,106,122,81,124,117,43,139,82,184,158,73,246,173,192,28,15,168,247,95,195,4,235,89,89,104,139,101,11,137,79,145,73,86,172,195,154,125,101,233,66,170,161,115,233,234,220,214
Best fitness found so far: 0.3912628198917163; k: 2.0
Generation: 42; 0.3912628198917163; k: 2.0; 114,218,176,237,85,95,195,169,235,89,117,104,139,101,11,95,240,145,43,170,145,73,80,145,170,190,170,77,149,227,12,208,213,86,179,235
Best fitness found so far: 0.3912628198917163; k: 2.0
Generation: 43; 0.3912628198917163; k: 2.0; 132,218,191,237,159,55,195,4,199,89,117,104,139,101,11,95,170,145,73,240,145,170,243,172,77,218,227,164,124,92,104,139,101,233,131,159,110,131,4,107,61,226,154,125,101,233,95,170,50,76,192,46,169,208,213,86,179,235,87,142,250,104,139,101,71,95,172,250,66,217,119,187,3,38,152,112,175,170,212,206,158,131,4,103,191,185,83,90,109,4,173,137,159,18,161,4,243,104,19,104,139,101,233,95,170,50,166,192,46,15,108,42,110,170,14,76,97,46,49,131,213,159,179,235,87,142,250,241,64,108,8,155,242,174,49,178,43,29,95,16,197,95,19,230,42,225,82,208,84,25,146,218,191,237,159,55,138,4,24,89,117,104,139,101,238,99,170,145,73,240,145,90,243,172,189,149,7,164,40,152,223,139,210,33,95,14,71,247,192,157,44,97,28,110,51,39,54,50,166,192,40,25,194,191,174,5,205,43,218
Best fitness found so far: 0.3912628198917163; k: 2.0
Generation: 44; 0.3912628198917163; k: 2.0; 114,218,191,237,159,95,213,4,199,89,117,104,139,101,11,95,170,145,66,112,51,106,125,70,117,149,7,164,97,92,58
Best fitness found so far: 0.3912628198917163; k: 2.0
Generation: 45; 0.3912628198917163; k: 2.0; 209,218,191,237,217,95,229,4,97,89,117,104,139,101,11,95,170,145,197,243,172,174,51,7,164,170,92,101,233,95,170,50,1,192,164,49,168,28,86,137,86,129,173,138,246,106,122,81,124,51,43,139,82,112,158,73,246,173,83,98,11,95,240,145,43,146,54,49,208,177,235,235,87,168,122,115,135,67,79,107,20,81,24,156,237,49,175,162,220,95,8
Best fitness found so far: 0.3912628198917163; k: 2.0
Generation: 46; 0.3912628198917163; k: 2.0; 114,218,191,237,153,90,195,4,235,89,117,104,139,101,11,95,240,145,73,107,172,49,208,213,86,179,235,29,124,250,241,179,83,179,233,95,170,50,78,192,199,74,208,213,22,179,128
Best fitness found so far: 0.3912628198917163; k: 2.0
Generation: 47; 0.3912628198917163; k: 2.0; 114,218,191,237,159,95,195,4,169,89,117,104,139,101,71,95,172,250,66,217,119,187,3,38,152,112,175,170,3,38,152,112,110,170,234,83,158,131,4,146,115,185,83,116,178,4,150,137,159,220,131,4,243,104,19,104,139,101,233,95,150,50,32,192,28,15,168,247,95,195,98,235,89,89,104,139,101,132,115,79,145,73,86,172,195,154,125,101,233,66,170,161,115,233,234,220,214
Best fitness found so far: 0.3912628198917163; k: 2.0
Generation: 48; 0.3912628198917163; k: 2.0; 114,214,191,60,159,95,195,4,199,89,117,104,139,101,71,95,172,250,66,217,119,73,3,38,152,112,175,170,212,83,158,235,4,217,236,132,83,90,50,4,150,137,159,18,161,4,243,104,19,104,11,95,240,145,74,146,54,49,208,55,86,30,235,44,106,55,170,50,166,177,46,54,208,8,63,225,174,162,234,43,44,95,127,132,193,78,26,123,156,210
Best fitness found so far: 0.3912628198917163; k: 2.0
Generation: 49; 0.3912628198917163; k: 2.0; 114,218,191,237,159,245,195,4,199,89,117,104,139,101,11,190,170,145,73,240,145,90,243,172,242,149,7,168,124,92,104,139,101,233,95,14,50,166,192,179,83,179,233,50,76,192,50,166,192,46,49,208,8,52,155,174,162,96,43,29,95,148,197,5,175,131,47,83,188,177,80,9,123
Best fitness found so far: 0.3912628198917163; k: 2.0
Generation: 50; 0.3912628198917163; k: 2.0; 100,218,191,237,159,95,229,4,171,89,117,104,39,101,11,95,170,145,157,172,49,208,213,45,179,20,68,13,239,4,116,89,19,154,139,101,233,95,170,50,166,192,238,49,208,8,155,225,174,162,96,106,29,95,148,74,5,19,230,158,243,54,49,208,194,86,179,175,215,237,55,170,172,116,171,46,157,208,8,158,70,174,162,96,43,44,95,154,190,226,66,159,13,131,4,121,92,156,231,85,60,233,37,158,50,166,192,117,146,139,101,233,95,139,101,11,95,240,145,237,243,54,235,208,194,86,179,235,215,237,55,170,50,166,177,46,69,208,40,158,113,174,162,202,43,44,239,154,190,166,237,54,13,131,4,121,89,19,176,85,176,233,98,170,238,166,192,117,81,139,101,247,95,227,145,73,10,231,59,218,200,170,199,115,241,179,235,87,19,122,20,141,123,199,104,139
Best fitness found so far: 0.3912628198917163; k: 2.0
Generation: 51; 0.3912628198917163; k: 2.0; 114,218,191,237,159,95,207,4,199,89,117,104,139,101,11,95,170,145,205,191,119,106,37,38,152,112,49,170,234,83,46,49,208,8,155,198,89,109,72,150,197,62,95,85,165,166,192,46,47,125,213,86,155,235,54,170,50,76,192,199,74,208,213,22,179,128
Best fitness found so far: 0.3912628198917163; k: 2.0
Generation: 52; 0.3912628198917163; k: 2.0; 114,218,191,237,159,95,195,4,199,89,117,104,139,101,71,95,170,145,66,191,119,187,3,38,152,112,110,170,234,83,158,131,111,146,151,185,83,116,131,4,150,137,39,246,90,109,246,131,52,218,142,150,211,121,101,71,95,158,145,66,191,119,187,3,38,21,114,218,191,237,159,134,195,4,235,89,89,104,139,101,11,115,240,145,73,243,172,49,208,213,217,179,135,68,13,131,4,243,89,19,154,139,101,179,95,170,50,166,192,46,49,208,8,155,225,174,162,96,43,29,95,148,247,5,19,230,112,225,128,134,84,179
Best fitness found so far: 0.3912628198917163; k: 2.0
Generation: 53; 0.3912628198917163; k: 2.0; 146,218,66,237,159,95,195,4,235,89,117,104,139,101,11,95,240,65,73,243,20,49,208,194,37,237,159,55,47,4,199,89,69,104,139,101,207,95,170,74,95,112,215,202,19,230,112,143,128,224,84,179,95,112,197
Best fitness found so far: 0.3912628198917163; k: 2.0
Generation: 54; 0.3912628198917163; k: 2.0; 114,218,191,237,217,95,229,4,97,89,117,104,31,101,11,95,170,145,197,115,172,174,51,225,164,87,92,101,233,95,170,50,1,74,164,49,168,28,168,28,144,179,235,235,75,168,168
Best fitness found so far: 0.3912628198917163; k: 2.0
Generation: 55; 0.3912628198917163; k: 2.0; 114,218,191,117,159,95,195,4,235,89,117,104,139,101,11,95,240,145,73,243,172,239,60,213,86,179,235,143,104,122,35,11,95,189,206,197,248,209,174,135,7,164,170,204,101,233,95,134,188,1,192,189,49,168,28,86,177,235,235,87,168,122,115,135,67,79,107,9,81,24,37,237,217,175,162,220,95,8
Best fitness found so far: 0.3912628198917163; k: 2.0
Generation: 56; 0.3912628198917163; k: 2.0; 114,218,191,237,159,95,195,4,199,159,117,104,139,101,15,95,170,145,66,191,119,187,3,38,152,112,110,170,234,146,158,86,179,111,143,37,250,145,246,83,46,95,170,145,73,243,172,174,149,218,164,170,95,16,50,124,19,230,175,225,128,208,84,160,233,108,170,50,228,192,46,85,208,213,86,179,235
Best fitness found so far: 0.3912628198917163; k: 2.0
Generation: 57; 0.3912628198917163; k: 2.0; 160,218,191,231,159,55,203,229,199,89,117,104,139,106,11,95,170,25,73,240,145,170,243,134,96,149,140,164,124,92,186,139,54,233,212,158,110,131,236,243,89,19,154,125,101,233,95,64,231,170,49,208,213,159,37,235,87,142,220,241,64,108,8,155,142,190,162,178,43,29,95,16,197,95,19,230,112,225,164,208,84,179,118,95,170,50,76,192,46,49,208,213,14,9,235
Best fitness found so far: 0.3912628198917163; k: 2.0
Generation: 58; 0.3912628198917163; k: 2.0; 114,218,191,237,159,95,195,4,199,89,117,104,139,101,15,95,170,145,66,191,119,187,3,38,152,112,110,170,234,83,158,86,179,111,143,37,250,145,246,83,46,77,247,231,170,185,232,104,173,174,149,107,37,81,250,119,86,179,89,161,142,250,241,179,108,8,155,86,174,162,178,155,29,95,54,197,95,2,79,112,225,128,197,237,179,233,105,170,1,76,246,22,68,135,136,226,10,161
Best fitness found so far: 0.3912628198917163; k: 2.0
Generation: 59; 0.3912628198917163; k: 2.0; 114,218,191,237,159,95,195,4,199,89,117,104,139,101,71,95,170,145,66,191,119,160,3,38,152,112,110,170,234,83,158,131,111,146,151,185,83,116,131,4,150,137,39,22,90,109,246,131,52,218,142,150,211,192,101,71,95,158,145,66,191,119,187,3,38,21,81,110,49,208,213,151,179,135,68,13,131,128,243,89,181,224,184,218,200,24,117,124,117,104,139,119,233,115,166,90,136,208,13,131,8,83,188,177,80,10,43,36
Best fitness found so far: 0.3912628198917163; k: 2.0
Generation: 60; 0.3912628198917163; k: 2.0; 114,218,191,237,105,95,127,4,199,89,117,104,139,101,11,95,170,145,164,243,172,174,149,99,170,145,73,240,145,90,243,172,206,149,7,164,182,92,47,139,224,233,95,14,50,166,192,157,44,97,223,110,51,39,54,50,166,192,40,25,194,191,174,5,136,43,144
Best fitness found so far: 0.3912628198917163; k: 2.0
Generation: 61; 0.3912628198917163; k: 2.0; 114,218,191,237,159,95,195,4,235,89,117,104,139,136,11,95,240,145,73,243,172,49,208,213,86,179,235,143,37,250,194,179,83,18,11,95,170,145,73,243,172,174,117,104,166,39,246,173,138,246,131,141,135,235,150,211,192,101,71,95,170,145,191,191,119,187,3,38,152,112,110,170,234,83,158,131,4,146,151,185,83,116,131,4,150,137,39,246,173,138,246,131,178
Best fitness found so far: 0.3912628198917163; k: 2.0
Generation: 62; 0.3912628198917163; k: 2.0; 114,162,191,237,159,95,195,149,169,89,117,104,139,101,71,95,172,250,66,18,119,187,3,100,152,112,175,135,235,83,143,131,236,146,151,13,131,146,121,89,117,36,85,176,233,98,66,50,166,192,117,104,139,244,95,88,145,66,191,249,187,3,38,152,112,110,211,234,83,158,131,4,23,151,185,83,116,131,4,150,42,39,246,173,138,246,131,178,135,235,150,211,73,215,30,95,219,145,66,50,166,248,3,49,208,8,155,225,174,143,96,43,175,194,97,197,5,19,230,112,9,128,224,84,179
Best fitness found so far: 0.3912628198917163; k: 2.0
Generation: 63; 0.3912628198917163; k: 2.0; 40,218,191,237,159,55,195,229,199,89,131,104,139,106,11,95,170,25,73,240,145,170,243,134,144,149,227,164,124,92,15,139,101,233,212,159,47,131,236,243,89,19,154,125,101,50,95,170,50,76,192,112,110,197,234,83
Best fitness found so far: 0.3912628198917163; k: 2.0
Generation: 64; 0.3912628198917163; k: 2.0; 114,218,111,237,159,95,195,4,199,89,117,104,139,101,71,95,136,145,66,191,119,187,3,38,152,112,110,170,234,83,158,131,61,146,151,185,83,181,131,4,150,137,39,246,90,109,246,131,52,218,142,150,211,192,101,71,95,158,145,66,191,119,187,3,38,21,112,110,15,208,213,104,179,135,206,13,131,4,243,89,181,224,184,218,200,24,117,124,161,104,139,119,233,115,166,192,46,15,108,28,110,170,50,76,215,46,49,208,135,109,5,235,87,177,220,241,64,108,8,155,142,190,129,178,68,29,95,16,197,95,19,230,112,225,164,208,84,179,118,95,215,50,76,192,46,49,208,213,14,179,235
Best fitness found so far: 0.3912628198917163; k: 2.0
Generation: 65; 0.3912628198917163; k: 2.0; 114,218,191,237,159,95,195,4,199,89,117,104,139,101,71,95,170,250,4,191,119,72,3,38,152,112,110,170,234,228,158,131,4,146,151,185,83,116,131,4,221,137,159,18,131,4,177,104,19,104,29,101,173,95,150,12,166,83,43,11,95,240,145,43,146,54,49,208,55,86,30,172,44,106,186,170,70,162,172,28,61,7,164,170,57,192
Best fitness found so far: 0.3912628198917163; k: 2.0
Generation: 66; 0.3912628198917163; k: 2.0; 114,218,191,168,159,95,195,4,235,89,117,104,139,101,11,95,240,145,73,243,172,162,96,43,44,95,127,132,88,42,241,123,156,1
Best fitness found so far: 0.3912628198917163; k: 2.0
Generation: 67; 0.3912628198917163; k: 2.0; 114,218,191,237,159,95,195,4,235,89,89,104,139,96,11,115,240,195,169,235,89,117,104,139,101,46,95,240,145,73,243,172,77,149,7,164,170,92,192
Best fitness found so far: 0.3912628198917163; k: 2.0
Generation: 68; 0.3912628198917163; k: 2.0; 114,168,191,237,159,95,195,4,227,89,117,104,139,101,71,95,170,145,66,191,196,187,3,38,212,112,110,197,234,83,158,131,42,146,151,185,83,116,131,4,152,234,187,46,219,208,8,129,198,89,109,72,150,197,62,95,85,165,166,192,48,7,125,14,16,155,235,153,175,132,27,31,129,79,167,192,34,5,177,149,227,163,185,73,223,173,174,149,184,107,5,24,117,124,117,104,139,11,233,135,67,140,165,208,26,131,47,83,188,177,80,9,123
Best fitness found so far: 0.3912628198917163; k: 2.0
Generation: 69; 0.3912628198917163; k: 2.0; 114,218,191,237,159,95,195,4,235,89,89,139,139,101,11,115,240,145,73,243,172,216,208,213,86,179,135,169,13,131,4,243,89,19,154,140,101,233,95,170,195,4,199,89,117,104,139,101,71,95,208,145,66,191,119,143,3,38,152,239,110,170,234,83,158,131,66,146,151,185,83,116,131,4,48,137,39,246,90,109,246,131,52,218,142,150,211,192,101,71,95,217,145,66,191,119,187,17,38,21,112,110,49,208,213,221,179,135,68,13,131,4,243,89,181,224,184,218,200,24,117,124,117,104,139,119,215,115,166,90,136,208,13,131,47,83,188,177,80,109,175,3,38,21,112,110,49,208,213,151
Best fitness found so far: 0.3912628198917163; k: 2.0
Generation: 70; 0.3912628198917163; k: 2.0; 114,218,191,237,159,95,195,4,199,89,117,104,139,101,71,95,170,250,66,191,119,187,3,38,152,112,110,170,234,228,158,131,4,146,15,185,83,57,131,4,221,137,159,18,131,4,177,104,19,104,29,101,233,95,150,12,166,83,43,51,95,240,145,246,146,54,49,67,55,21,30,235,44,106,55,170,50,166,249,46,157,178,8,63,221,174,162,84,43,44,95,127,132,193,78,241,119,187,3,38,152,112,175,170,238,83,158,131,4,146,151,185,83,90,3,4,150,208,159,202,161,4,243,104,19,104,139,101,233,95,170,50,166,192,46,15,108,28,110,170,96,76,192,46,49,208,213,159,179,235,87,142,250,241,64,13,8,155,109,174,54,178,43,29,95,16,197,95,19,230,112,225,82,208,84,179,178,95,170,50,1,192,46,49,208,213,86,179,248,139,101,71,95,170,250,66,191,119,187,3,38,152,112,110,170,234,228,158,131,4,146,15,185,83,57,131
Best fitness found so far: 0.3912628198917163; k: 2.0
Generation: 71; 0.3912628198917163; k: 2.0; 239,218,191,237,223,95,195,4,235,89,117,104,139,101,151,95,240,145,73,243,172,49,208,23,80,179,235,143,124,250,71,179,83,229,146,218,191,237,159,55,195,4,24,163,117,104,139,101,11,99,170,145,73,240,80,80,243,172,77,149,7,83,116,131,4,150,137,159,18,77,4,243,104,19,78,139,101,65,95,150,50,189,192,28,15,199,247,95,195,4,235,89,89,104,139,101,11,115,79,153,73,86,172,195,198,125,101,233,66,170,161,115,233,234,220,214
Best fitness found so far: 0.3912628198917163; k: 2.0
Generation: 72; 0.3912628198917163; k: 2.0; 160,218,191,237,159,55,195,4,37,89,117,104,139,101,11,95,170,145,73,240,145,170,243,172,237,159,69,17,4,199,65,117,104,209,101,115,95,170,145,66,191,104,106,57,53,117,43,33,241,179,83,90,149,247,164,218,205,73,104,118,174,227,138,37,81,228,82,92,83,149,106,37,119,59,218,200,170,79,185,186,179,235,87,157,122,138,135,67,79,107,29,81,48,119,237,76,189,162,165,95,170
Best fitness found so far: 0.3912628198917163; k: 2.0
Generation: 73; 0.3912628198917163; k: 2.0; 160,218,191,237,159,20,195,4,199,89,147,104,139,101,107,95,170,65,73,80,145,170,50,112,192,164,49,168,28,86,137,86,82,173,102,246,106,122,81,124,117,168,139,82,111,124,73,246,173,83,43,11,10,111,145,43,146,54,49,208,55,86,30,235,44,106,55,170,50,166,177,46,250,226,155,222,225,174,51,84,43,220,179,127,28,193,78,8,123,156,20
Best fitness found so far: 0.3912628198917163; k: 2.0
Generation: 74; 0.3912628198917163; k: 2.0; 79,218,191,237,159,55,195,4,229,89,117,104,139,101,11,95,170,145,169,240,145,170,131,172,77,149,227,164,124,92,104,139,101,233,238,159,110,131,4,243,129,19,154,125,101,233,95,170,199,76,191,46,49,208,108,86,179,235,87,142,250,241,179,108,8,155,225,174,162,178,75,29,95,16,197,95,19,230,43,243,54,49,240,75,90,243,172,85,149,7,164,124,92,104,139,101,233,95,14,119,228,149,43,144
Best fitness found so far: 0.3912628198917163; k: 2.0
Generation: 75; 0.3912628198917163; k: 2.0; 33,218,191,237,159,55,195,229,199,89,117,104,139,106,11,95,170,25,221,240,145,170,243,150,77,149,216,164,124,92,15,139,101,233,212,159,110,4,236,243,89,19,154,125,101,233,95,170,112,59,149,224,84,179,159,55,195,229,199,89,117,104,139,106,11,95,170,25,221,240,145,170,243,150,77,149,216,164,124,92,15,139,101
Best fitness found so far: 0.3912628198917163; k: 2.0
Generation: 76; 0.3912628198917163; k: 2.0; 114,218,191,237,159,95,195,4,199,89,117,104,139,101,71,95,170,145,66,191,119,187,3,38,152,112,110,170,195,83,158,131,4,146,151,185,83,116,131,92,150,137,39,246,90,109,114,218,176,237,159,95,195,169,235,89,117,104,139,101,225,95,238,145,43,243,54,49,208,55,22,179,105,95,170,139,101,233,95,88,111,5,10,43,144
Best fitness found so far: 0.3912628198917163; k: 2.0
Generation: 77; 0.3912628198917163; k: 2.0; 114,218,191,237,247,95,195,4,235,89,89,104,139,101,11,115,240,145,73,32,172,49,227,213,86,179,135,71,95,170,145,66,191,196,187,3,38,212,112,104,197,234,83,158,131,121,146,239,219,83,116,131,4,150,21,39,120,173,138,246,112,178,135,235,150,211,133,101,71,95,213,143,37,250,241,179,83,46,149,247,208,137,185,52,212,173,123,149,107,37,81,250,51,49,152,125,162,206,95,170,95,181,145,119,17,196,163,3,38,212,112,191,197,154,83
Best fitness found so far: 0.3912628198917163; k: 2.0
Generation: 78; 0.3912628198917163; k: 2.0; 114,218,191,237,159,95,195,4,199,89,117,104,139,101,11,95,170,145,73,243,172,174,149,7,164,192,157,44,97,28,220,51,39,54,50,166,192,40,25,194,191,174,5,205,31,218
Best fitness found so far: 0.3912628198917163; k: 2.0
Generation: 79; 0.3912628198917163; k: 2.0; 23,218,191,231,159,55,215,229,227,89,117,104,139,106,11,95,170,25,73,240,145,170,17,134,77,149,227,164,124,92,186,139,6,233,212,159,110,131,201,243,81,19,154,125,101,233,95,170,50,24,192,46,237,124,213,199,179,145,10,243,54,49,208,195,86,179,235,214,237,55,186,131,4,24,159,19,154,23,101,233,75,153,50,234,30,46,49,208,80,49,101,191,119,5,19,43,144
Best fitness found so far: 0.3912628198917163; k: 2.0
Generation: 80; 0.3912628198917163; k: 2.0; 114,218,191,237,159,95,195,4,199,89,117,104,139,101,71,95,172,250,66,217,43,187,3,38,152,112,175,170,212,83,158,21,4,103,191,185,83,90,131,4,150,137,157,18,161,4,243,104,19,205,55,101,233,95,170,200,51,110,46,15,108,61,110,170,50,76,97,75,49,208,213,159,179,235,87,23,250,241,64,90,127,155,242,174,98,178,43,29,95,16,197,95,19,230,112,225,82,208,98,46,146,218,191,237,159,55,195,4,24,89,117,104,139,154,194,99,161,145,64,240,5,112,43,144
Best fitness found so far: 0.3912628198917163; k: 2.0
Generation: 81; 0.3912628198917163; k: 2.0; 114,218,191,237,159,95,195,4,199,89,117,104,139,101,71,95,172,250,66,217,43,37,3,38,152,112,175,170,212,83,158,213,4,103,191,185,83,90,131,43,150,137,159,18,161,204,243,218,19,205,55,50,233,95,170,50,51,110,46,15,108,28,110,170,50,76,97,75,49,208,9,159,179,235,87,142,55,204,64,90,204,155,242,174,116,178,43,29,95,16,197,95,19,230,112,225,82,208,84,46,146,218,191,237,159,55,195,4,24,89,117,173,139,101,238,99,161,145,64,240,145,104,66,101,213,247,170,145,73,171,172,174,149,66,191,51,106,37,53,122,8,228,155
Best fitness found so far: 0.3912628198917163; k: 2.0
Generation: 82; 0.3912628198917163; k: 2.0; 114,218,176,237,27,95,195,169,235,89,117,104,139,101,11,95,240,145,43,243,54,49,208,55,86,179,235,215,237,55,170,50,166,177,46,157,208,8,158,156,174,162,96,43,44,95,207,132,193,78,241,123,156,20,166,177,46,157,208,8,158,156,174,162,96,43,44,95,207,132,193,78
Best fitness found so far: 0.3912628198917163; k: 2.0
Generation: 83; 0.3912628198917163; k: 2.0; 160,218,191,237,159,55,195,229,199,89,117,104,139,106,11,95,170,25,72,240,145,170,243,134,77,149,109,164,94,126,15,139,101,233,212,159,110,131,236,195,169,235,89,117,104,139,101,11,95,240,48,43,243,54,49,240,75,90,243,172,85,149,7,164,124,92,104,139,101,233,95,14,119,157,149,43,144
Best fitness found so far: 0.3912628198917163; k: 2.0
Generation: 84; 0.3912628198917163; k: 2.0; 114,218,191,237,159,95,31,4,235,89,171,104,139,136,11,95,240,145,73,243,95,206,208,213,86,179,235,143,37,250,51,179,83,18,11,95,170,145,73,243,172,174,117,104,139,101,11,95,191,51,106,115,70,117,43,228,155
Best fitness found so far: 0.3912628198917163; k: 2.0
Generation: 85; 0.3912628198917163; k: 2.0; 114,218,176,237,159,95,195,169,235,89,117,104,139,101,11,95,156,145,43,243,54,49,208,55,86,179,235,66,237,182,170,50,166,177,46,157,208,8,158,225,174,219,96,43,44,164,127,132,193,121,89,102,176,85,109,233,37,170,50,166,192,81,146,139,163,233,95,139,32,11,95,240,145,237,243,137,49,208,194,86,163,235,215,100,55,170,50,166,177,46,69,76,40,158,225,174,162,156,245,44,152,154,190,215,237,83,13,131,4,121,89,19,176,56,237,159,159,47,4,199,3,69,104,139,101,11,95,170,145,73,240,145,185,243,66,77,235,227,161,124,92,4,139,101,233,131,172,110,202,4,243,89,94,240,125,73,243,172,49,208,2,86,179,135,68,13,131,4,101,89,19,213,139,101,233,95,170,50,245,192,46,49,208,8,155,225,174,225,96,43,29,95,148,197,124,19,230,112,119,177,224,84,179
Best fitness found so far: 0.3912628198917163; k: 2.0
Generation: 86; 0.3912628198917163; k: 2.0; 114,218,191,237,159,95,195,4,235,89,89,104,139,101,11,115,240,145,73,243,172,168,106,213,151,179,135,68,155,131,191,243,89,181,224,184,218,5,24,117,124,117,104,94,245,233,59,166,140,136,208,13,131,47,117,134,177,80,109,123
Best fitness found so far: 0.3912628198917163; k: 2.0
Generation: 87; 0.3912628198917163; k: 2.0; 160,218,191,237,159,30,195,4,199,89,147,104,139,101,107,95,170,145,73,80,145,170,243,170,77,149,227,223,107,92,104,139,101,233,4,97,89,117,104,139,101,11,95,170,145,197,12,172,174,51,7,171,210,92,101,233,95,170,50,1,192,164,49,168,28,86,137,86,129,173,138,246,124,145,81,124,17,43,139,82,184,158,73,246,173,83,43,183,96,46,33,244,39,110,8,39,54,151,185,136,116,7,204,150
Best fitness found so far: 0.3912628198917163; k: 2.0
Generation: 88; 0.3912628198917163; k: 2.0; 144,218,191,237,159,245,195,4,199,89,103,104,139,101,11,190,170,145,73,240,145,90,243,213,77,149,201,168,124,92,104,139,101,233,48,14,50,166,192,179,83,179,233,50,76,192,129,237,124,213,199,179,191,167,75,250,241,211,18,145,154,139,203,89,89,104,139,101,11,115,240,145,73,243,172,49,227,213,226,247,36,68,13,131,4,243,89,19,154,139,236,162,95,250,50,166,192,46,49,237,159,95,195,4,199,89,117,104,139,101,168,95,170,220,66,191,119,90,234,38,152,156,118,60,182,83,158,150,4,146,13,39,1,173,190,246,85,68,100,136,47,10,161
Best fitness found so far: 0.3912628198917163; k: 2.0
Generation: 89; 0.3912628198917163; k: 2.0; 160,218,191,237,159,55,195,4,199,89,147,104,139,236,107,95,170,145,73,170,145,170,243,170,77,149,227,164,107,92,180,139,101,233,179,145,110,131,4,243,89,173,174,149,184,218,5,24,117,15,117,104,139,11,233,135,195,4,199,89,186,104,139,101,11,95,227,220,66,191,119,90,37,38,152,156,110,60,234,83,117,131,4,146,13,39,246,173,190,246,85,68,100,136,47,10,161
Best fitness found so far: 0.3912628198917163; k: 2.0
Generation: 90; 0.3912628198917163; k: 2.0; 114,168,191,237,159,95,195,4,213,89,117,104,139,101,71,185,170,145,177,191,196,187,218,38,212,112,184,197,234,83,158,131,197,146,151,58,83,116,131,182,170,234,83,46,219,131,8,155,198,40,109,72,165,197,62,95,85,165,166,192,48,7,125,14,16,155,48,30,175,132,27,31,129,79,223,192,34,5,65,117,227,163,185,41,223,173,174,149,184,107,105,138,117,124,117,104,139,135,233,47,67,140,165,202,19,129,112,118,55,224,84,45
Best fitness found so far: 0.3912628198917163; k: 2.0
Generation: 91; 0.3912628198917163; k: 2.0; 114,218,191,237,217,95,229,4,97,89,117,14,139,101,11,95,170,140,197,243,178,174,51,7,164,170,92,101,233,95,170,50,1,99,164,31,168,28,86,137,86,129,173,138,246,192,145,81,124,117,43,231,232,184,158,73,246,173,83,138,222,96,46,33,244,39,110,8,195,4,235,89,117,104,139,101,239,95,240,145,73,243,172,250,208,213,86,179,235,143,104,139,101,11,95,170,145,197,248,172,174,135,7,164,170,182,101,233,95,170,192,92,192,11,95,240,65,73,243,20,192,208,213,37,107,188,217,184,9,125
Best fitness found so far: 0.3912628198917163; k: 2.0
Generation: 92; 0.3912628198917163; k: 2.0; 114,218,191,237,159,95,229,4,171,89,117,104,139,101,11,95,170,145,197,243,172,174,134,7,164,76,71,196,233,248,170,50,1,192,129,49,168,90,37,57,42,51,49,98,125,162,206,95,170,95,181,145,66,17,196,163,3,38,212,32,191,197,234,83
Best fitness found so far: 0.3912628198917163; k: 2.0
Generation: 93; 0.3912628198917163; k: 2.0; 160,218,191,231,159,55,215,229,101,89,117,104,145,106,11,95,170,25,15,240,102,170,243,226,77,208,59,164,129,1,48,37,70,1,233,95,170,139,101,233,64,14,119,128,10,43,26
Best fitness found so far: 0.3912628198917163; k: 2.0
Generation: 94; 0.3912628198917163; k: 2.0; 114,218,191,237,159,95,195,4,199,89,117,104,185,101,11,95,170,145,73,243,172,174,149,7,164,170,92,192
Best fitness found so far: 0.3912628198917163; k: 2.0
Generation: 95; 0.3912628198917163; k: 2.0; 114,218,191,237,247,95,195,4,235,89,89,104,165,101,11,115,240,145,25,243,172,49,227,213,86,179,135,68,13,131,4,243,89,236,154,16,101,127,139,101,233,95,170,50,166,192,46,117,108,28,110,170,50,76,215,46,49,208,213,42,179,235,48,142,220,99,64,18,8,155,142,190,162,204,101,233,95,170,192,92,191,46,20,201,28,86,177,235,235,87,168,122,115,135,67,79,107,29,81,24,37,45,49,175,162,220,95,8
Best fitness found so far: 0.3912628198917163; k: 2.0
Generation: 96; 0.3912628198917163; k: 2.0; 114,218,176,237,141,95,191,169,235,69,117,104,139,101,11,95,240,145,58,243,54,141,208,194,86,179,14,215,237,55,170,50,116,171,46,157,208,8,158,225,174,162,96,43,133,95,154,103,226,113,159,13,131,4,121,89,102,176,85,119,233,37,170,50,166,224,117,146,139,163,233,95,139,32,11,95,240,145,237,243,54,49,208,194,86,178,3,215,221,55,170,50,166,177,46,69,76,17,158,225,174,98,156,81,98,95,154,190,215,237,83,13,60,4,121,89,19,176,56,237,159,159,47,4,199,3,69,104,139,101,220,95,170,145,73,240,145,185,243,66,77,95,195,169,235,153,117,104,139,101,11,74,127,145,43,243,54,49,208,55,86,179,235,215,237,55,13,158,4,24,114,19,154,23,101,233,75,170,203,166,30,46,49,208,213,49,101,191,231,5,19,43,144
Best fitness found so far: 0.3912628198917163; k: 2.0
Generation: 97; 0.3912628198917163; k: 2.0; 114,218,191,237,159,200,195,4,235,129,117,104,139,101,11,95,240,145,73,243,172,77,171,7,164,43,92,104,48,101,233,95,14,50,166,192,157,44,97,28,110,179,39,54,50,145,90,243,172,77,149,7,164,124,92,104,139,101,230,232,14,163,166,29,157,44,97,7,110,51,39,54,50,193,45,223,49,194,191,119,206,81,163,144
Best fitness found so far: 0.3912628198917163; k: 2.0
Generation: 98; 0.3912628198917163; k: 2.0; 114,218,176,237,159,95,195,169,121,89,117,104,139,101,11,95,240,145,191,243,54,49,240,75,90,243,190,226,237,159,13,131,190,235,34,19,176,56,60,233,37,170,50,166,192,117,146,214,30,233,95,139,112,11,95,240,145,237,243,54,49,208,194,86,179,235,215,163,55,170,50,166,177,46,69,208,40,158,225,174,162,202,43,44,95,154,190,215,81,159,13,131,4,121,89,19,176,85,173,233,98,170,50,166,192,117,104,139,101,221,95,227,145,73,141,126,143,218,200,170,199,115,241,179,26,87,19,122,250,168,78,199,173,139
Best fitness found so far: 0.3912628198917163; k: 2.0
Generation: 99; 0.3912628198917163; k: 2.0; 160,218,191,237,159,55,195,4,245,89,117,104,139,101,11,95,64,145,73,240,145,170,243,55,85,149,227,187,124,92,104,33,101,206,111,159,110,131,4,243,85,19,154,191,237,2,95,47,4,171,89,117,104,139,101,11,95,170,145,197,243,172,174,51,69,164,189,92,101,233,95,170,50,1,74,164,49,168,28,168,28,144,179,235,235,87,168,122,115,135,67,79,107,29,81,24,119,237,49,175,162,220,130,8
Best fitness found so far: 0.3912628198917163; k: 2.0
Generation: 100; 0.3912628198917163; k: 2.0; 114,218,191,237,159,95,207,4,199,89,117,104,139,101,11,95,170,145,66,191,119,106,37,38,152,112,86,170,234,83,46,49,208,8,155,198,89,109,72,213,197,62,95,85,165,166,192,46,231,125,213,86,155,235,87,175,132,27,31,129,110,223,192,34,5,177,117,72,163,185,73,223,173,135,149,184,218,5,24,117,124,117,249,139,11,233,135,67,140,165,208,13,131,47,83,191,237,159,95,229,4,171,194,117,104,139,101,11,95,170,145,197,243,172,39,134,78,161,170,92,174,233,95,170,50,1,192,129,49,168,90,114,179,235,235,170,57,166,30,46,49,208,213,49,101,191,225,5,19,43,144
Best fitness found so far: 0.3912628198917163; k: 2.0
Generation: 101; 0.3912628198917163; k: 2.0; 114,218,191,237,247,95,195,4,235,89,89,104,139,101,11,115,240,145,73,243,166,140,136,208,13,131,47,83,188,177,80,109,123
Best fitness found so far: 0.3912628198917163; k: 2.0
Generation: 102; 0.3912628198917163; k: 2.0; 114,218,191,237,159,95,195,4,199,89,117,104,139,101,71,95,170,95,127,132,193,78,241,123,156,20
Best fitness found so far: 0.3912628198917163; k: 2.0
Generation: 103; 0.3912628198917163; k: 2.0; 209,218,91,237,217,95,229,4,97,89,117,104,139,101,99,95,170,145,197,243,172,174,51,7,53,170,92,101,233,95,170,50,1,192,164,49,213,28,86,137,86,129,173,138,118,106,122,81,124,117,43,139,82,184,158,26,246,173,192,28,15,168,247,95,195,4,235,89,77,58,139,101,11,137,79,145,73,86,172,195,154,136,101,233,168,28,9,179,235,235,87,168,122,115,135,101,79,107,13,208,3,119,237,49,57,162,69,95,8
Best fitness found so far: 0.3912628198917163; k: 2.0
Generation: 104; 0.3912628198917163; k: 2.0; 114,218,191,237,159,95,195,4,199,89,117,104,139,101,71,95,170,145,66,191,163,187,3,70,152,20,110,170,234,83,158,131,4,23,151,75,83,46,131,4,150,137,196,222,173,138,246,131,178,135,235,150,211,192,215,71,97,70,145,66,50,166,248,158,76,208,8,155,74,174,143,96,43,175,194,46,197,5,19,95,46,119,5,10,234,26
Best fitness found so far: 0.3912628198917163; k: 2.0
Generation: 105; 0.3912628198917163; k: 2.0; 160,218,191,231,159,55,203,229,199,89,117,104,139,106,11,95,170,25,73,240,145,170,243,134,77,149,140,164,18,92,186,139,101,233,212,158,110,131,236,243,89,19,154,125,101,233,95,64,231,170,50,223,237,23,245,195,4,199,89,117,104,139,101,11,190,164,145,73,240,145,90,243,172,77,149,7,168,124,92,104,139,101,233,95,14,50,166,192,179,83,179,233,50,76,192,46,237,124,213,199,179,239,167,142,250,241,211,175,145,154,139,203,233,95,170,50,166,192,144
Best fitness found so far: 0.3912628198917163; k: 2.0
Generation: 106; 0.3912628198917163; k: 2.0; 114,136,191,63,153,95,195,4,235,89,117,104,139,101,11,95,240,145,73,243,172,63,208,213,86,179,235,170,145,38,243,101,174,94,7,164,170,92,192
Best fitness found so far: 0.3912628198917163; k: 2.0
Generation: 107; 0.3912628198917163; k: 2.0; 183,218,191,237,159,95,195,4,235,89,117,104,139,101,11,95,240,145,73,243,172,49,186,213,86,179,111,143,37,250,145,194,83,46,77,247,208,170,185,73,104,173,174,149,107,37,12,250,119,86,179,235,6,142,76,241,199,89,117,104,139,101,11,95,170,145,114,240,145,170,243,172,77,149,227,164,124,92,104,139,101,233,219,159,110,131,4,243,89,19,154,125,101,200,95,170,29,76,192,46,49,208,213,86,179,235,87,142,250,245,73,108,8,155,225,174,162,178,43,29,95,187,197,95,19,230,112,225,128,208,84,179,233,95,170,36,76,192,118,49,208,213,86,179,235
Best fitness found so far: 0.3912628198917163; k: 2.0
Generation: 108; 0.3912628198917163; k: 2.0; 114,122,191,237,159,95,195,4,199,89,117,104,139,101,71,245,172,250,66,217,119,187,3,38,152,207,175,170,212,83,158,131,4,146,151,185,83,90,131,4,150,137,159,18,161,4,122,104,19,162,139,57,233,95,170,50,166,192,46,15,246,28,110,170,50,76,192,46,49,208,101,233,95,14,119,5,10,43,26
Best fitness found so far: 0.3912628198917163; k: 2.0
Generation: 109; 0.3912628198917163; k: 2.0; 114,218,191,237,159,95,195,4,199,89,117,104,139,101,11,95,170,145,73,243,172,30,149,7,164,170,95,227,161,124,161,4,139,101,233,131,172,110,131,4,243,89,94,215,125,73,78,172,49,208,2,86,222,135,68,13,131,4,243,89,19,213,139,101,233,95,170,50,245,192,46,49,208,8,155,225,174,225,96,43,213,95,148,197,5,19,230,112,119,177,224,84,179
Best fitness found so far: 0.3912628198917163; k: 2.0
Generation: 110; 0.3912628198917163; k: 2.0; 114,218,191,237,247,95,195,4,235,89,89,104,165,101,11,115,240,145,25,243,172,49,227,213,86,179,135,68,71,131,4,243,199,89,200,104,139,28,11,95,170,25,73,240,145,210,81,134,30,149,227,164,124,92,15,150,101,76,212,159,110,210,170,92,28
Best fitness found so far: 0.3912628198917163; k: 2.0
Generation: 111; 0.3912628198917163; k: 2.0; 114,218,191,237,217,95,229,4,97,89,117,104,31,101,11,95,216,145,197,106,221,95,227,145,73,141,126,139,218,200,170,199,115,241,179,235,87,19,122,250,106,123,199,104,139
Best fitness found so far: 0.3912628198917163; k: 2.0
Generation: 112; 0.3912628198917163; k: 2.0; 114,218,191,237,159,95,195,4,235,89,117,104,139,136,11,25,240,145,73,243,172,49,208,213,86,179,235,143,37,250,241,179,83,18,11,95,170,145,66,145,197,243,172,10,149,7,199,170,138,192,139,136,11,25,240,145,73,243
Best fitness found so far: 0.3912628198917163; k: 2.0
Generation: 113; 0.3912628198917163; k: 2.0; 114,218,191,237,159,55,195,4,105,89,117,104,139,101,11,95,170,145,73,240,83,90,243,172,77,149,7,164,124,92,104,139,101,233,76,192,46,191,208,240,27,215,235
Best fitness found so far: 0.3912628198917163; k: 2.0
Generation: 114; 0.3912628198917163; k: 2.0; 114,218,191,237,159,95,195,4,235,89,117,104,139,101,133,95,240,145,73,243,172,49,208,79,86,179,235,143,124,250,241,221,83,46,146,218,138,237,159,55,171,4,201,89,117,104,139,233,11,99,170,145,40,240,242,90,243,28,110,51,21,54,169,166,16,40,49,101,191,119,5,136,43,144
Best fitness found so far: 0.3912628198917163; k: 2.0
Generation: 115; 0.3912628198917163; k: 2.0; 114,218,191,237,159,95,195,4,199,89,117,104,139,101,71,95,170,50,66,191,119,187,3,38,152,112,110,170,234,83,131,131,4,146,151,185,83,201,131,4,150,137,39,246,50,1,192,46,49,168,28,86,179,235,235,87,160,122,115,135,67,79,107,29,81,24,119,237,49,175,162,220,95,8
Best fitness found so far: 0.3912628198917163; k: 2.0
Generation: 116; 0.3912628198917163; k: 2.0; 114,218,191,237,159,95,223,4,235,199,117,104,139,101,11,95,240,145,73,243,172,179,149,7,164,250,106,240,199,104,139
Best fitness found so far: 0.3912628198917163; k: 2.0
Generation: 117; 0.3912628198917163; k: 2.0; 114,218,191,237,159,95,195,54,199,89,117,104,139,101,71,95,170,145,66,191,119,77,172,227,161,124,92,4,139,101,233,131,172,110,131,4,243,89,19,154,125,101,233,95,179,39,186,50,166,192,229,49,101,191,119,5,167,43,144,19,154,125,101,233,95,179,39,186,50,166,192,229
Best fitness found so far: 0.3912628198917163; k: 2.0
Generation: 118; 0.3912628198917163; k: 2.0; 114,218,191,237,159,95,229,4,171,89,117,104,139,101,11,95,170,145,197,243,172,174,134,7,164,170,92,196,233,95,170,150,1,192,129,49,168,90,86,179,235,235,170,151,166,30,46,49,208,8
Best fitness found so far: 0.3912628198917163; k: 2.0
Generation: 119; 0.3912628198917163; k: 2.0; 245,218,191,21,159,95,207,4,199,89,203,104,1,101,11,95,170,145,66,191,152,76,37,38,152,112,86,150,137,39,246,150,138,97,139,178,135,235,172,211,192,101,35,95,43,243,54,49,208,55,109,179,105,95,60,176,27,233,195,88,119,5,231,43,144,191,21,159,18,207,4,199,44,128
Best fitness found so far: 0.3912628198917163; k: 2.0
Generation: 120; 0.3912628198917163; k: 2.0; 114,218,191,237,167,95,229,4,97,89,117,14,139,101,11,95,170,145,197,243,172,174,51,7,164,170,92,101,233,95,170,50,1,192,164,49,168,28,86,137,86,129,173,138,246,192,145,81,124,117,43,202,82,184,158,73,246,173,83,138,4,235,89,32,104,139,101,11,95,240,145,73,243,172,49,208,213,86,179,235,89,37,250,241,179,83,46,149,247,208,170,185,73,38,136,174,203,107,37,81,190,119,49,152,125,162,165,95,170
Best fitness found so far: 0.3912628198917163; k: 2.0
Generation: 121; 0.3912628198917163; k: 2.0; 114,218,176,237,141,95,191,169,235,69,117,104,139,101,11,95,172,145,58,243,54,49,208,194,86,179,235,215,237,55,170,50,116,27,46,157,208,129,158,225,174,162,96,43,133,95,154,190,226,113,159,13,131,4,121,89,102,176,85,60,233,37,170,50,166,192,117,146,139,163,233,95,10,32,11,95,240,145,237,243,54,49,208,194,86,178,235,215,100,55,170,50,166,177,159,69,76,40,158,225,174,86,30,235,44,106,17,170,50,166,249,46,124,178,230,63,225,174,162,84,43,44,95,127,132,193,66,45,123,156,20
Best fitness found so far: 0.3912628198917163; k: 2.0
Generation: 122; 0.3912628198917163; k: 2.0; 114,218,191,237,247,95,195,4,235,89,89,104,165,101,11,115,240,145,25,243,196,49,227,213,86,179,135,68,13,131,4,243,89,236,154,139,101,159,139,101,233,95,170,89,89,104,139,101,51,115,240,145,73,243,89,49,208,213,18,179,135,68,13,131,4,243,89,19,154,139,101,233,95,211,50,91,192,20,49,208,242,155,225,174,162,96,122,29,95,223,197,5,19,230,112,59,128,224,84,179
Best fitness found so far: 0.3912628198917163; k: 2.0
Generation: 123; 0.3912628198917163; k: 2.0; 160,218,191,237,159,55,47,4,199,89,69,104,139,101,11,95,170,145,73,128,145,185,243,172,77,103,227,161,124,92,4,139,101,233,131,172,148,131,4,243,89,94,240,145,73,243,172,49,208,2,86,179,135,68,13,131,4,243,89,19,154,139,101,233,95,179,50,166,72,46,49,208,8,155,225,117,104,187,101,71,95,170,170,66,191,119,187,3,38,152,14,110,170,234,228,158,131,202,146,151,185,83,116,126,4,221,137,159,18,217,4,177,104,19,104,29,101,233,95,150,12,166,83,43,11,95,240,145,43,146,54,49,208,55,86,30,235,44,106,55,170,50,166,249,46,157,178,8,63,225,174,162,84,43,44,52,127,132,193,78,241,123,156,20
Best fitness found so far: 0.3912628198917163; k: 2.0
Generation: 124; 0.3912628198917163; k: 2.0; 113,218,191,237,159,95,195,4,235,89,117,104,139,101,11,95,240,145,73,243,172,49,208,213,86,179,235,143,77,149,7,130,124,92,104,139,101,233,95,64,186,145,192,157,44,97,28,110,51,171,96,169,166,192,40,49,101,191,119,5,136,43,144
Best fitness found so far: 0.3912628198917163; k: 2.0
Generation: 125; 0.3912628198917163; k: 2.0; 79,218,191,237,159,95,195,4,235,89,117,104,139,101,11,95,240,145,73,243,224,49,208,213,86,179,111,143,37,250,145,194,83,46,15,247,15,170,185,221,104,173,174,243,107,37,81,250,119,86,179,235,161,142,217,241,179,108,8,155,86,174,162,178,121,29,95,124,197,95,2,79,112,225,119,197,84,179,204,95,170,1,76,192,46,49,208,213,86,179,237,159,56,195,4,235,89,117,104,139,101,11,95,240,145,73,129,172,49,208,213,86,179,235,143,37,17,241,179,83,46,149,247,208,170,185,70,104,173,174,149,107,37,81,250,119,49,152,125,162,165,95,170
Best fitness found so far: 0.3912628198917163; k: 2.0
Generation: 126; 0.3912628198917163; k: 2.0; 114,218,191,237,247,95,195,4,235,89,89,104,165,101,227,115,240,145,25,243,172,49,227,213,86,179,135,126,39,186,50,166,192,205,49,101,191,119,5,167,43,144
Best fitness found so far: 0.3912628198917163; k: 2.0
Generation: 127; 0.3912628198917163; k: 2.0; 160,148,191,237,159,55,195,4,199,89,117,104,139,101,11,95,64,145,73,240,222,184,243,172,120,149,227,164,124,92,104,160,86,137,86,129,173,138,246,192,145,81,124,117,43,66,82,168,202,73,246,173,83,138,222,96,46,33,244,39,110,8,195,4,235,89,51,104,139,101,11,95,240,145,73,243,172,183,208,213,86,179,235,143,104,139,101,11,95,170,145,197,248,172,174,135,7,164,170,204,147,233,95,170,166,92,107,46,49,201,28,86,110,235,235,87,168,122,115,27,67,79,107,29,81,24,37,45,49,175,162,220,226,8
Best fitness found so far: 0.3912628198917163; k: 2.0
Generation: 128; 0.3912628198917163; k: 2.0; 114,218,191,237,159,95,229,4,171,89,117,104,139,101,11,95,170,145,197,243,172,237,154,125,101,233,66,170,104,115,233,234,220,214
Best fitness found so far: 0.3912628198917163; k: 2.0
Generation: 129; 0.3912628198917163; k: 2.0; 209,218,191,237,217,95,229,4,97,89,117,104,139,101,99,95,170,145,197,243,172,237,51,7,53,170,92,101,233,95,170,50,1,192,164,49,213,28,86,137,86,129,173,138,246,106,122,81,124,117,43,139,82,184,158,73,246,173,192,28,15,168,247,95,195,4,235,89,89,4,139,101,11,137,79,2,73,86,172,195,154,125,101,233,66,170,161,115,233,234,220,83,191,101,3,95,229,4,97,89,117,100,139,101,11,95,170,190,205,243,172,174,51,7,164,170,92,101,233,95,169,50,1,192,164,49,168,28,86,137,86,129,173,175,246,106,145,81,124,117,43,139,82,184,158,73,246,173,83,43,183,96,46,33,244,39,110,8,39,54,151,185,109,116,7,204,150
Best fitness found so far: 0.3912628198917163; k: 2.0
Generation: 130; 0.3912628198917163; k: 2.0; 160,218,191,237,159,55,47,4,199,89,69,214,139,101,11,95,170,145,73,240,145,185,243,172,154,235,109,161,124,92,4,45,101,233,131,172,110,131,4,243,89,94,240,145,73,243,172,49,208,2,234,190,135,68,132,131,4,39,246,173,138,246,131,178
Best fitness found so far: 0.3912628198917163; k: 2.0
Generation: 131; 0.3912628198917163; k: 2.0; 7,218,191,237,159,95,195,4,199,89,117,104,139,101,15,95,170,145,66,191,119,187,3,38,152,112,110,170,234,83,158,86,179,111,143,37,250,145,246,83,82,77,247,231,170,167,23,104,88,174,149,107,37,81,250,119,86,179,89,161,65,250,241,179,108,8,155,51,174,162,178,43,29,95,54,197,95,2,79,112,225,128,197,237,179,233,137,170,1,76,159,212,49,114,218,191,237,227,95,195,4,221,89,117,172,139,101,11,95,240,145,73,243,57,49,208,213,86,179,106,143,119,59,218,200,232,95,180,174,179,244,90,168,61,25,133,210,79,120,24,241,24,119,103,117,104,181,101,11,127,240,200,73,162,172,28,61,7,164,170,193,192
Best fitness found so far: 0.3912628198917163; k: 2.0
Generation: 132; 0.3912628198917163; k: 2.0; 160,218,191,237,159,55,83,4,199,89,69,104,139,101,11,95,170,145,73,240,145,185,243,172,77,235,227,161,124,92,4,139,101,233,131,172,110,131,4,204,89,94,240,182,73,82,172,49,208,2,86,179,135,16,13,131,4,243,89,19,154,139,215,233,95,170,50,166,192,46,49,208,192
Best fitness found so far: 0.3912628198917163; k: 2.0
Generation: 133; 0.3912628198917163; k: 2.0; 114,218,191,237,159,95,195,4,235,89,195,104,139,136,11,95,240,145,73,243,172,49,208,213,67,179,242,143,37,250,241,179,244,18,11,95,170,145,73,54,172,174,117,104,139,66,11,107,240,145,43,243,54,49,208,55,86,30,235,44,106,55,18,50,166,125,46,5,208,8,158,225,174,227,138,101,233,95,170,50,166,155,46,49,208,155,155,225,81,162,96,43,29,132,148,197,5,19,230,112,225,128,224,84,20
Best fitness found so far: 0.3912628198917163; k: 2.0
Generation: 134; 0.3912628198917163; k: 2.0; 114,218,191,237,217,95,229,4,97,89,117,14,139,101,11,95,170,145,197,243,172,174,51,7,164,170,92,101,233,95,170,50,1,127,164,184,168,28,86,137,86,129,173,138,246,192,145,81,124,117,43,207,82,184,158,73,246,173,83,18,222,96,46,47,4,199,89,69,104,139,101,11,95,170,145,95,112,197,5,19,230,112,143,128,224,84,179,95,112,222
Best fitness found so far: 0.3912628198917163; k: 2.0
Generation: 135; 0.3912628198917163; k: 2.0; 160,218,191,237,159,55,47,4,199,89,69,104,139,101,11,95,170,145,95,112,197,5,19,230,112,143,128,224,84,112,86,150,137,39,246,150,138,97,112,178,135,217,150,211,192,101,79,95,43,243,54,49,208,55,109,179,105,95,60,139,101,233,95,88,187,5,231,43,144
Best fitness found so far: 0.3912628198917163; k: 2.0
Generation: 136; 0.3912628198917163; k: 2.0; 114,218,176,237,159,95,195,169,235,89,61,104,139,101,11,95,240,150,137,39,246,150,138,97,112,178,135,235,150,211,192,101,79,95,43,243,161,241,208,55,109,179,105,95,60,139,40,233,95,88,119,5,231,43,144,191,21,159,95,207,4,199,89,117,104,1,101,11,95,170,25,66,142,152,106,37,38,152,112,86,150,137,39,246,150,138,97,112,178,135,235,150,222,192,101,79,95,43,243,54,49,208,55,109,179,105,95,60,64,101,233,95,88,119,5,231,43,130
Best fitness found so far: 0.3912628198917163; k: 2.0
Generation: 137; 0.3912628198917163; k: 2.0; 114,218,191,237,159,95,195,4,199,89,117,104,139,101,15,95,170,145,66,191,119,187,3,28,152,112,110,38,234,83,158,86,179,111,143,37,250,145,246,83,46,30,247,231,170,185,73,104,173,174,149,107,37,81,39,119,86,179,89,161,142,250,241,179,177,8,155,86,174,162,178,43,29,95,54,197,95,35,79,112,225,128,197,237,179,233,46,49,208,213,49,101,191,132,5,19,43,144
Best fitness found so far: 0.3912628198917163; k: 2.0
Generation: 138; 0.3912628198917163; k: 2.0; 245,84,191,21,159,95,207,4,199,89,117,104,1,101,13,95,220,145,66,191,152,106,37,38,152,112,86,150,137,39,246,150,83,97,112,178,242,235,150,211,192,101,79,114,43,243,54,135,208,55,109,179,105,95,60,68,11,233,95,88,119,5,231,91,144,191,21,159,65,207,4,199,89,117,104,33,101,11,95,170,145,66,191,152,106,37,38,152,112,86,150,137,39,246,150,138,97,112,178,135,235,150,211,192,101,79,177,43,243,54,49,208,55,109,179,105,47,60,139,101,233,95,88,119,139,101,11,95,170,145,95,112,197,5,19,230,25,143,128,224,84,179,95,112,197
Best fitness found so far: 0.3912628198917163; k: 2.0
Generation: 139; 0.3912628198917163; k: 2.0; 182,218,191,237,217,95,229,4,97,89,117,104,139,101,11,95,170,145,197,243,172,174,51,7,164,170,92,101,219,95,170,50,1,192,164,49,5,28,198,137,86,129,173,138,246,106,122,81,124,117,43,181,234,184,192,86,179,135,68,138,143,4,243,89,19,154,139,101,36,95,170,50,166,192,82,49,208,8,155,225,174,225,96,43,29,95,148,197,133,19,230,112,225,177,224,244,179
Best fitness found so far: 0.3912628198917163; k: 2.0
Generation: 140; 0.3912628198917163; k: 2.0; 114,218,176,237,141,95,191,169,235,69,117,104,139,101,11,95,240,145,58,243,54,49,208,4,235,194,117,104,139,101,11,95,240,145,73,243,172,49,175,213,86,179,106,37,119,59,218,200,232,95,185,241,77,244,90,168,61,138,133,210,137,153,24,241,239,119,171,117,104,217,101,48,127,240,200,73,162,172,28,61,7,164,170,242,30
Best fitness found so far: 0.3912628198917163; k: 2.0
Generation: 141; 0.3912628198917163; k: 2.0; 114,218,191,237,159,95,195,4,199,89,117,104,139,101,71,150,170,145,66,191,119,187,3,38,152,112,110,117,104,23,82,11,95,170,145,66,191,51,106,37,53,117,43,228,215
Best fitness found so far: 0.3912628198917163; k: 2.0
Generation: 142; 0.3912628198917163; k: 2.0; 114,22,191,237,159,95,195,4,199,89,117,104,139,101,11,95,170,145,73,243,172,174,149,30,113,236,243,89,19,111,125,101,233,95,170,50,132,66,7,49,240,145,73,243,172,49,208,213,86,179,235,143,37,250,207,179,83,46,225,247,208,170,185,73,104,173,174,149,107,37,81,250,119,49,152,221,162,165,95,249
Best fitness found so far: 0.3912628198917163; k: 2.0
Generation: 143; 0.3912628198917163; k: 2.0; 146,78,66,237,159,95,195,4,235,89,117,104,139,101,11,95,240,65,73,243,20,94,208,213,37,107,188,195,4,199,89,213,104,11,101,11,95,170,160,245,240,145,90,243,172,77,149,7,164,124,92,206,25,101,222,95,14,119,5,136,43,144
Best fitness found so far: 0.3912628198917163; k: 2.0
Generation: 144; 0.3912628198917163; k: 2.0; 114,8,201,237,159,95,195,4,199,89,117,104,139,101,11,95,80,145,223,136,119,106,37,38,152,231,110,143,37,250,145,246,83,46,77,247,231,170,185,73,104,173,174,149,107,37,81,250,56,100,179,89,161,142,250,241,179,108,8,14,86,135,162,178,43,29,95,54,197,95,2,79,112,225,128,197,237,179,233,137,170,1,152,248,212,49,208,213,86,179,235
Best fitness found so far: 0.3912628198917163; k: 2.0
Generation: 145; 0.3912628198917163; k: 2.0; 114,218,191,237,159,95,195,4,199,89,117,104,139,101,71,95,140,250,66,50,76,192,46,49,208,53,86,179,235,87,142,78,241,179,108,8,100,225,179,162,178,43,29,95,16,50,124,19,230,197,243,172,174,51,7,53,170,92,101,233,95,170,50,122,192,164,49,213,28,86,137,86,3,173,138,246,106,122,81,124,117,43,139,82,184,158,73,246,173,192,28,11,168,247,95,195,4,235,89,89,104,139,101,135,137,79,145,73,86,172,195,154,125,101,233,66,170,161,115,233,234,78,214
Best fitness found so far: 0.3912628198917163; k: 2.0
Generation: 146; 0.3912628198917163; k: 2.0; 114,218,191,237,159,95,195,4,199,89,117,104,139,101,71,95,140,250,66,50,76,192,46,198,208,50,86,179,235,87,71,250,241,179,108,8,100,159,179,162,185,43,29,95,16,50,124,19,230,112,225,128,208,145,89,175,172,77,149,7,164,170,122,192
Best fitness found so far: 0.3912628198917163; k: 2.0
Generation: 147; 0.3912628198917163; k: 2.0; 236,218,176,237,159,95,195,169,235,89,117,104,139,101,11,95,240,145,245,243,54,245,208,194,86,103,235,215,237,55,170,50,166,177,46,228,214,8,158,225,174,159,95,195,4,235,89,117,104,139,101,11,225,240,145,73,250,172,49,208,213,161,179,160,145,12,191,119,187,3,38,152,129,108,170,234,83,158,131,4,146,151,185,154,23,101,233,95,170,50,166,192,46,142,208,213,86,179,235,87,37,229,241,244,154,90,149,247,164,170,28,73,36,173,174,149,107,147,81,228,82,33,83,149,106,37,119,59,218,200,170,170,134,186,179,148,87,168,122,138,135,67,237,107,3,81,24,119,237,76,189,162,165,95,170,166,177
Best fitness found so far: 0.3912628198917163; k: 2.0
Generation: 148; 0.3912628198917163; k: 2.0; 114,218,191,237,159,95,195,4,97,89,117,104,139,101,71,95,170,145,66,191,119,128,3,233,152,174,110,170,234,83,158,131,4,146,151,185,83,116,131,4,150,76,39,246,173,154,246,131,178,135,132,68,211,192,101,71,114,218,191,237,159,95,142,68,199,89,117,104,139,101,11,95,170,145,73,243,172,174,149,7,164,170,95,16,50,124,19,230,175,200,97,208,84,85,233,95,170,50,228,192,46,85,208,213,86,179,235
Best fitness found so far: 0.3912628198917163; k: 2.0
Generation: 149; 0.3912628198917163; k: 2.0; 102,218,176,237,159,95,195,169,235,89,117,104,139,101,11,95,240,145,43,243,54,49,208,194,86,179,235,215,237,55,170,50,166,177,46,157,208,8,158,225,174,162,96,43,44,95,154,190,215,66,159,95,131,51,106,37,53,117,56,228,155
Best fitness found so far: 0.3912628198917163; k: 2.0
Generation: 150; 0.3912628198917163; k: 2.0; 114,218,176,237,141,95,195,169,235,69,117,39,139,101,11,95,240,145,43,243,85,49,208,194,4,179,235,215,237,55,170,30,116,171,46,157,208,8,158,225,174,162,96,43,177,95,154,190,226,237,137,13,131,4,121,89,19,248,237,60,32,37,170,112,166,192,117,146,139,101,233,95,139,101,11,95,240,122,237,243,54,49,208,194,86,179,235,215,237,205,170,50,166,177,87,69,208,40,158,180,174,162,202,43,44,95,181,190,219,22,179,218
Best fitness found so far: 0.3912628198917163; k: 2.0
Generation: 151; 0.3912628198917163; k: 2.0; 114,48,191,237,159,95,195,4,235,89,117,104,139,136,11,95,240,145,93,243,172,3,208,213,86,179,235,143,37,250,241,179,95,170,145,66,191,119,187,3,38,105,97,110,170,234,83,158,131,4,146,151,185,83,116,82,4,150,137,39,176,173,138,246,131,178
Best fitness found so far: 0.3912628198917163; k: 2.0
Generation: 152; 0.3912628198917163; k: 2.0; 114,188,191,237,159,95,195,4,199,89,117,104,139,101,11,95,170,250,241,179,205,179,233,54,170,50,76,92,104,34,22,233,95,14,163,166,192,179,83,179,233,50,76,192,46,237,124,213,199,179,174,167,142,246,241,211,18,145,154,139,228,233,95,170,50,166,192,241
Best fitness found so far: 0.3912628198917163; k: 2.0
Generation: 153; 0.3912628198917163; k: 2.0; 114,218,176,237,159,195,195,169,235,89,117,104,139,101,11,95,240,145,46,243,54,49,208,194,86,179,235,215,168,28,86,179,235,235,87,182,122,73,135,67,47,107,13,155
Best fitness found so far: 0.3912628198917163; k: 2.0
Generation: 154; 0.3912628198917163; k: 2.0; 114,136,191,237,5,95,229,19,171,89,117,104,139,101,11,95,170,145,197,243,172,174,51,7,164,170,92,101,233,111,170,50,1,192,46,49,168,28,86,179,235,235,87,168,122,180,140,67,79,107,29,44,95,127,132,193,247,241,123,156,239
Best fitness found so far: 0.3912628198917163; k: 2.0
Generation: 155; 0.3912628198917163; k: 2.0; 114,218,191,237,159,95,195,4,199,89,117,104,139,101,71,95,200,250,66,217,119,73,3,38,152,112,175,170,212,83,158,130,4,146,152,112,86,150,137,39,157,150,138,97,112,178,135,235,150,211,192,101,71,95,30,24,37,250,241,147,15,46,149,48,208,170,185,73,104,173,174,149,107,37,81,3,119,49,152,145,162,165,95,170,95,170,145,66,191,196,187,3,38,212,112,110,197,234,127
Best fitness found so far: 0.3912628198917163; k: 2.0
Generation: 156; 0.3912628198917163; k: 2.0; 114,218,191,147,159,95,195,4,235,89,89,249,139,101,137,115,240,145,86,30,235,44,106,55,170,50,166,100,46,5,208,8,158,225,174,162,188,43,46,95,127,36,193,78,241,4,156,20
Best fitness found so far: 0.3912628198917163; k: 2.0
Generation: 157; 0.3912628198917163; k: 2.0; 142,218,191,237,213,95,195,4,235,89,89,104,139,101,11,115,240,145,73,243,172,49,227,213,86,179,135,68,13,131,180,243,89,19,154,139,101,233,234,162,50,175,162,69,95,8
Best fitness found so far: 0.3912628198917163; k: 2.0
Generation: 158; 0.3912628198917163; k: 2.0; 114,218,191,237,159,55,195,4,199,89,117,104,139,101,11,95,170,145,73,240,145,90,243,172,77,149,7,164,124,115,104,139,101,233,95,14,50,166,192,243,172,49,208,213,149,179,170,145,66,191,119,187,3,38,152,112,110,170,234,83,158,131,4,146,62,185,83,116,131,4,150,137,39,246,248,138,246,131,178
Best fitness found so far: 0.3912628198917163; k: 2.0
Generation: 159; 0.3912628198917163; k: 2.0; 114,218,191,237,159,95,195,4,199,89,117,104,139,101,71,95,172,250,66,217,43,187,3,38,152,112,175,170,243,64,158,21,4,103,191,185,83,90,131,4,150,137,159,18,161,4,243,104,19,205,55,138,2,95,170,50,51,110,46,15,108,28,110,170,50,76,97,75,49,208,213,159,179,235,73,142,128,241,64,90,127,109,242,174,116,178,43,29,95,16,197,95,19,230,112,225,82,208,219,46,174,162,122,43,44,95,154,136,226,237,159,13,131,4,121,89,19,176,203,60,233,37,170,50,166,192,117,146,139,101,233,95,139,101,11,95,240,145,237,243,211,49,208,194,86,179,235,215,237,55,170,50,166,177,46,69,208,40,75,185,174,84,12,43,44,95,154,190,132,237,159,13,131,81,121,89,19,176,85,176,233,98,170,50,167,192,117,104,139,101,221,95,227,145,138,141,126,59,218,200,170,199,115,241,179,235,87,19,191,250,106,123,199,104,139
Best fitness found so far: 0.3912628198917163; k: 2.0
Generation: 160; 0.3912628198917163; k: 2.0; 114,218,191,237,153,95,195,4,235,89,117,104,139,101,11,95,240,145,73,243,172,49,93,213,86,179,235,143,124,250,241,179,83,121,236,95,129,191,76,192,199,74,208,213,22,84,179
Best fitness found so far: 0.3912628198917163; k: 2.0
Generation: 161; 0.3912628198917163; k: 2.0; 114,218,191,237,159,95,195,4,199,89,117,104,139,101,71,95,172,250,66,217,119,73,3,38,152,112,175,54,50,166,192,136
Best fitness found so far: 0.3912628198917163; k: 2.0
Generation: 162; 0.3912628198917163; k: 2.0; 160,218,191,237,159,55,195,4,199,89,117,104,139,101,11,95,64,145,73,240,218,145,237,159,245,195,78,199,89,117,104,139,101,11,190,170,145,73,113,145,90,243,172,77,149,7,168,124,92,104,139,101,233,95,14,50,166,192,179,83,179,233,50,201,192,46,237,124,213,89,179,153,167,142,250,25,73,18,145,154,139,203,233,95,60,50,166,192,144
Best fitness found so far: 0.3912628198917163; k: 2.0
Generation: 163; 0.3912628198917163; k: 2.0; 114,198,191,237,159,95,195,4,235,89,117,104,139,101,11,225,240,145,73,243,172,49,208,250,161,179,160,145,66,191,119,187,131,38,152,129,108,170,234,83,158,131,4,146,151,185,87,23,101,233,95,170,50,166,192,46,142,208,213,86,179,235,87,37,33,214,13,154,90,149,247,164,170,28,73,104,173,174,149,107,147,81,228,82,33,83,149,106,117,104,139,101,11,95,170,145,73,240,83,90,243,172,77,149,7,164,124,92,104,139,101,233,95,14,50,190,192,123,219,97,28,110,51,75,230,249,93,159,13,131,4,243,224,19,154,139,101,13,95,170,50,165,192,70,49,164,8,155,225,86,162,96,43,29,95,47,198,86,179,235,147,130,132,106,139,74,240,66,170,50,166,192,46,49,33,28,119,72,235,83,175,73,100,212,225,123,156,20
Best fitness found so far: 0.3912628198917163; k: 2.0
Generation: 164; 0.3912628198917163; k: 2.0; 114,218,191,237,159,95,195,4,199,89,117,104,139,101,71,95,172,250,66,217,119,187,3,38,152,112,175,170,212,83,158,131,4,146,151,185,83,90,131,4,150,137,159,18,161,4,243,104,19,104,139,58,233,95,170,50,166,192,36,15,46,28,110,170,50,76,192,46,49,208,213,210,179,235,87,197,250,241,64,108,8,155,109,174,162,178,43,29,95,16,197,95,19,167,131,4,150,137,159,18,16,4,243,104,19,104,139,101,233,95,170,50,166,192,46,15,97,28,110,170,50,76,97,46,49,208,213,159,179,235,87,142,250,241,64,108,8,155,242,174,49,36,43,151,95,16,197,95,19,230,112,225,82,208,84,46,146,218,191,237,159,55,195,4,24,28,117,104,139,101,238,99,170,145,73,240,59,90,70,172,189,149,7,64,182,243,47,98,210,33,95,14,50,166,192,157,44,97,28,110,51,39,54,50,50,192,40,25,194,191,174,5,205,43,218
Best fitness found so far: 0.3912628198917163; k: 2.0
Generation: 165; 0.3912628198917163; k: 2.0; 114,218,191,237,159,95,195,4,235,89,89,104,139,101,11,115,240,145,73,243,172,7,208,213,151,179,135,68,13,131,152,112,204,170,212,83,158,131,4,146,151,185,83,90,131,4,150,137,159,18,161,4,243,104,19,104,139,101,233,95,170,50,90,192,46,15,108,28,110,170,50,76,192,46,49,208,213,179,179,235,205,142,250,241,64,108,8,155,109,174,162,178,43,29,95,16,197,95,19,54,112,225,82,208,84,179,233,70,170,50,76,192,33,49,208,213,86,179,235
Best fitness found so far: 0.3912628198917163; k: 2.0
Generation: 166; 0.3912628198917163; k: 2.0; 114,218,191,237,159,95,195,104,199,89,117,104,139,101,71,95,170,250,66,191,119,187,3,38,152,112,110,170,234,228,168,131,4,235,151,89,89,104,165,101,11,115,240,145,25,243,240,49,227,85,63,179,135,68,13,131,4,243,89,236,154,139,101,127,139,174,233,95,170,50,166,192,46,15,108,28,110,170,50,206,215,46,49,68,213,86,179,62,87,142,220,241,64,108,8,155,142,107,162,178,43,29,95,16,197,95,19,230,112,225,164,208,84,179,118,95,170,50,76,192,46,49,208,132,128,179,235
Best fitness found so far: 0.3912628198917163; k: 2.0
Generation: 167; 0.3912628198917163; k: 2.0; 114,218,191,126,159,95,195,4,235,89,117,104,139,101,11,95,240,215,73,243,172,77,149,7,164,170,92,104,139,101,233,95,14,50,166,192,157,44,97,28,110,179,39,54,50,166,192,140,233,95,14,132,166,192,179,83,114,233,50,76,192,46,237,124,213,199,179,174,167,142,250,241,211,181,145,154,139,203,233,95,170,50,166,192,144
Best fitness found so far: 0.3912628198917163; k: 2.0
Generation: 168; 0.3912628198917163; k: 2.0; 114,168,191,237,159,95,195,4,199,89,117,104,139,101,71,95,170,145,66,191,196,187,3,38,244,112,110,197,234,83,158,131,42,146,151,185,241,182,131,4,178,234,83,46,219,208,8,175,198,89,109,72,150,197,62,95,85,165,166,192,48,7,125,14,16,155,235,153,175,132,27,31,129,206,223,192,34,5,177,117,227,163,185,139,101,11,95,240,145,73,243,172,49,208,213,70,179,106,37,119,59,218,200,232,95,185,241,179,244,90,168,61,138,133,210,79,138,24,241,24,119,19,117,104,217,101,11,127,240,200,73,162,172,28,143,7,164,163,193,192
Best fitness found so far: 0.3912628198917163; k: 2.0
Generation: 169; 0.3912628198917163; k: 2.0; 114,218,176,237,159,95,195,169,235,89,167,104,139,101,11,215,52,145,43,138,54,182,208,194,86,179,235,215,237,55,170,50,166,177,46,157,208,61,158,225,174,162,96,43,44,174,154,190,215,237,159,13,131,4,121,89,19,176,85,101,233,76,170,50,166,192,117,104,235,101,233,95,227,145,73,249,46,59,218,84,170,199,115,98,179,197,111,172,174,135,7,164,170,204,101,233,95,170,192,92,192,46,49,201,28,86,177,235,235,87,168,122,115,135,67,79,107,29,81,164,37,45,49,175,162,220,95,8
Best fitness found so far: 0.3912628198917163; k: 2.0
Generation: 170; 0.3912628198917163; k: 2.0; 156,218,191,21,159,95,207,4,199,89,117,104,139,101,11,95,170,145,66,191,152,106,35,38,152,112,221,216,185,39,246,150,138,106,42,184,135,235,150,195,192,101,71,175,147,212,152,60,55,47,4,198,89,69,104,139,101,11,95,170,145,95,112,197,5,19,230,112,143,128,224,84,179,95,112,197
Best fitness found so far: 0.3912628198917163; k: 2.0
Generation: 171; 0.3912628198917163; k: 2.0; 114,218,191,237,159,95,229,4,171,89,37,104,139,101,11,95,130,145,197,243,172,174,134,7,105,170,92,196,233,95,170,50,1,192,129,49,168,90,86,191,235,235,170,50,166,30,250,119,106,152,125,162,165,95,170
Best fitness found so far: 0.3912628198917163; k: 2.0
Generation: 172; 0.3912628198917163; k: 2.0; 245,218,191,21,159,95,207,4,199,89,117,104,1,101,11,95,170,145,66,191,152,106,27,47,152,112,86,150,137,39,246,150,138,97,112,178,135,235,150,211,192,101,79,95,43,243,54,163,208,55,109,179,105,95,60,139,89,233,95,88,119,28,231,43,144,191,21,159,95,207,4,125,89,117,104,1,101,11,95,170,145,66,191,152,106,37,38,152,112,86,159,95,195,4,199,30,117,104,139,178,71,95,172,250,246,217,43,187,3,38,152,112,175,170,92,83,158,21,4,103,191,185,83,90,131,4,150,137,159,18,161,4,243,104,19,205,55,27,233,95,170,50,51,70,46,15,108,28,184,170,50,76,97,75,49,208,213,159,179,235,87,142,250,241,141,90,127,108,242,174,116,178,43,29,95,16,249,95,19,230,112,225,10,208,84,46,146,218,191,237,159,55,195,4,24,89,117,104,139,101,238,99,161,145,64,240,145,92,112,101,213,247,170,145,155,171,172,174,149,7,164,175,121,58
Best fitness found so far: 0.3912628198917163; k: 2.0
Generation: 173; 0.3912628198917163; k: 2.0; 209,218,191,237,217,95,229,4,97,89,117,104,139,101,11,95,170,145,197,243,83,139,179,235,147,175,132,106,139,11,240,95,170,50,173,161,46,49,168,28,166,36,235,87,234,151,212,214,225,37,156,20
Best fitness found so far: 0.3912628198917163; k: 2.0
Generation: 174; 0.3912628198917163; k: 2.0; 114,218,191,237,217,95,229,4,97,89,117,14,139,101,11,95,170,145,95,243,172,174,51,7,164,170,92,101,233,95,170,50,1,192,164,49,43,28,19,31,86,129,7,138,246,192,145,81,124,117,43,202,82,184,158,73,185,173,83,138,222,96,46,33,244,39,105,8,195,4,235,89,117,104,139,101,11,161,240,250,73,243,172,49,208,213,179,135,235,143,142,139,101,11,95,170,145,197,248,172,174,135,7,164,170,204,101,233,95,170,192,92,192,46,49,201,28,86,177,235,66,87,168,122,115,135,67,237,159,95,195,4,199,89,117,104,139,101,15,95,170,145,66,191,218,187,3,38,152,112,110,170,234,83,158,86,179,111,143,37,250,145,246,83,46,77,247,231,170,185,73,104,173,174,149,107,37,81,250,119,86,179,89,161,142,250,241,179,108,8,155,86,174,162,178,43,64,95,54,169,95,2,79,112,225,128,197,237,179,233,137,170,1,76,192,212,49,208,213,86,179,235
Best fitness found so far: 0.3912628198917163; k: 2.0
Generation: 175; 0.3912628198917163; k: 2.0; 114,218,191,237,159,75,195,4,199,89,117,104,139,101,11,190,170,145,73,240,145,90,243,220,77,132,7,168,124,92,104,139,101,233,52,14,50,166,192,10,83,179,233,50,76,192,46,237,124,213,199,179,174,167,240,250,111,211,18,145,69,46,197,5,19,230,112,158,128,224,84,179
Best fitness found so far: 0.3912628198917163; k: 2.0
Generation: 176; 0.3912628198917163; k: 2.0; 114,218,191,237,159,35,195,4,199,89,117,104,139,101,11,95,170,145,73,79,145,90,243,172,77,149,7,164,124,92,104,139,101,233,232,14,50,166,29,157,44,97,7,110,51,39,54,50,166,61,223,49,194,161,46,49,168,61,86,27,235,87,175,2,100,214,225,123,156,20
Best fitness found so far: 0.3912628198917163; k: 2.0
Generation: 177; 0.3912628198917163; k: 2.0; 160,218,191,237,159,210,139,229,199,89,117,104,139,106,11,95,170,25,73,240,145,170,243,134,77,149,227,164,124,92,15,139,101,91,212,159,110,192,100,71,95,213,143,68,160,241,179,83,46,149,247,208,170,185,73,104,79,174,101,107,37,81,250,119,49,152,125,162,165,95,170,95,170,145,66,54,196,187,3,38,212,112,110,197,234,83
Best fitness found so far: 0.3912628198917163; k: 2.0
Generation: 178; 0.3912628198917163; k: 2.0; 115,218,191,237,159,95,195,4,235,89,117,104,139,101,11,95,240,145,73,243,172,49,208,99,67,179,235,143,104,139,101,11,95,170,156,197,70,172,174,135,7,164,101,11,95,236,145,95,112,197,5,19,230,23,42,128,224,84,179,95,112,197
Best fitness found so far: 0.3912628198917163; k: 2.0
Generation: 179; 0.3912628198917163; k: 2.0; 114,218,191,237,159,95,195,4,235,89,89,104,139,101,11,115,62,145,73,243,172,49,208,213,86,179,135,68,13,131,4,135,147,19,154,139,220,233,95,30,39,166,185,240,139,19,8,155,225,1,162,96,43,29,95,139,101,11,28,170,145,197,243,172,174,134,7,164,170,92,196,233,74,170,50,31,192,129,49,168,90,86,179,235,235,170,50,166,30,93,49,46,213,49,101,191,225,5,19,43,144
Best fitness found so far: 0.3912628198917163; k: 2.0
Generation: 180; 0.3912628198917163; k: 2.0; 114,218,191,237,159,95,195,4,235,89,89,104,139,101,11,115,240,145,73,243,172,49,4,213,86,179,135,68,145,52,237,217,95,229,4,97,89,117,104,31,101,11,95,170,145,197,243,172,174,51,133,164,87,92,101,233,38,170,50,1,74,164,49,168,28,168,28,144,179,235,235,247,168,122,115,135,67,79,107,29,81,24,119,237,49,175,162,220,233,8
Best fitness found so far: 0.3912628198917163; k: 2.0
Generation: 181; 0.3912628198917163; k: 2.0; 114,198,191,237,159,95,195,4,235,89,117,104,139,101,11,225,240,145,73,243,172,49,208,108,161,179,160,145,52,191,119,187,196,38,152,129,108,170,234,83,24,131,217,146,151,190,154,23,101,55,95,170,50,166,192,46,142,208,213,86,130,235,87,37,33,241,244,154,90,149,247,164,170,28,73,104,173,174,235,107,147,81,228,82,33,83,149,24,37,119,59,218,200,170,170,134,186,179,148,87,168,122,138,135,67,36,107,29,81,24,139,126,233,95,170,50,166,192,46,15,169,28,110,170,50,76,215,46,49,208,213,159,179,235,87,142,220,241,64,108,8,155,142,190,162,178,43,29,95,16,197,213,19,230,13,248,164,186,84,118,118,95,170,231,76,178,46,49,208,213,14,62,235
Best fitness found so far: 0.3912628198917163; k: 2.0
Generation: 182; 0.3912628198917163; k: 2.0; 114,218,191,237,159,95,195,4,235,89,89,104,139,101,11,115,240,145,73,243,172,49,243,213,151,179,133,68,13,131,4,243,89,129,154,139,101,233,95,170,50,166,155,46,205,73,104,204,96,149,145,83,81,228,82,92,78,149,173,37,119,213,218,200,170,170,185,186,97,235,87,169,67,138,135,67,79,107,29,81,136,119,237,230,189,13,165,95,170
Best fitness found so far: 0.3912628198917163; k: 2.0
Generation: 183; 0.3912628198917163; k: 2.0; 114,218,191,45,159,55,195,4,199,89,117,104,139,101,11,95,170,145,73,240,145,90,243,111,77,36,7,164,124,92,104,139,101,233,198,14,50,166,29,157,44,97,7,110,51,39,54,95,185,241,179,244,90,168,61,138,133,210,79,120,24,241,24,119,125,117,104,217,101,11,127,240,200,73,162,172,28,61,7,205,170,193,192
Best fitness found so far: 0.3912628198917163; k: 2.0
Generation: 184; 0.3912628198917163; k: 2.0; 160,146,191,129,159,55,203,229,103,89,117,104,139,106,11,95,170,25,161,240,145,170,243,94,77,149,140,164,124,92,186,139,101,233,212,158,110,131,236,204,89,19,219,19,101,230,95,64,116,170,15,223,170,50,76,192,199,74,208,213,218,179,41
Best fitness found so far: 0.3912628198917163; k: 2.0
Generation: 185; 0.3912628198917163; k: 2.0; 160,218,191,237,159,55,195,229,199,89,221,174,201,106,11,95,170,25,73,240,145,170,32,134,77,149,227,164,124,92,15,139,101,233,25,159,110,80,145,234,243,170,77,149,227,12,208,213,141,179,235,101,233,25,159,110,80,145
Best fitness found so far: 0.3912628198917163; k: 2.0
Generation: 186; 0.3912628198917163; k: 2.0; 245,218,191,21,159,95,207,4,199,89,117,104,1,101,11,95,170,145,66,191,152,106,37,38,152,112,86,150,56,39,246,150,138,97,112,178,135,235,150,211,192,101,79,95,43,6,54,49,208,55,109,179,105,95,60,139,101,233,95,88,119,5,158,43,79,191,21,159,95,207,4,199,89,117,104,1,114,11,95,170,145,66,191,152,106,37,38,152,112,86,150,137,39,246,150,138,97,112,178,135,235,150,208,192,101,250,66,217,119,187,3,38,152,186,9,170,212,83,13,131,4,146,151,219,83,90,131,4,150,137,159,18,132,4,122,240,19,162,139,57,86,95,170,50,166,192,46,15,41,154,110,230,50,168,192,46,49,208,213,159,171,137,87,142,250,147,64,111,8,155,109,174,162,63,43,29,95,16,197,64,19,230,112,131,144,146,151,216,83,116,197,4,150,137,39,246,173,138,246,167,178
Best fitness found so far: 0.3912628198917163; k: 2.0
Generation: 187; 0.3912628198917163; k: 2.0; 114,218,191,237,159,95,195,4,235,89,117,104,139,136,11,185,240,145,73,243,172,49,208,213,86,179,235,143,37,207,241,179,83,18,11,95,170,145,73,86,172,174,56,104,139,65,11,95,239,145,43,243,54,49,208,55,86,30,235,44,106,41,170,50,166,125,46,5,208,74,158,225,174,162,138,43,44,95,127,36,193,87,168,122,115,135,87,79,107,29,109,24,119,237,49,104,162,220,95,8
Best fitness found so far: 0.3912628198917163; k: 2.0
Generation: 188; 0.3912628198917163; k: 2.0; 114,218,191,237,159,95,107,4,235,89,117,104,31,101,11,95,240,145,73,243,172,49,208,213,178,179,235,143,124,250,241,179,83,46,146,121,191,237,159,55,195,233,24,89,117,20,139,101,11,99,170,145,117,104,139,116,11,95,240,145,43,243,54,183,208,55,109,179,105,95,170,139,101,233,95,88,119,5,10,43,144
Best fitness found so far: 0.3912628198917163; k: 2.0
Generation: 189; 0.3912628198917163; k: 2.0; 114,218,191,237,159,95,195,4,199,89,117,104,139,101,71,95,172,250,66,217,119,192,46,237,124,213,199,179,174,100,142,250,241,24,18,145,19,3,203,233,95,170,50,166,192,144
Best fitness found so far: 0.3912628198917163; k: 2.0
Generation: 190; 0.3912628198917163; k: 2.0; 114,218,191,237,159,95,195,4,199,89,117,104,139,101,71,95,172,250,66,92,119,187,3,227,152,112,175,170,8,83,158,131,4,146,151,185,83,90,131,4,150,137,159,18,161,4,243,193,165,104,139,101,233,95,170,50,166,192,46,15,108,28,249,170,50,76,192,46,49,208,213,159,41,235,87,142,250,164,64,108,8,155,109,174,162,178,68,29,95,16,197,237,19,124,112,225,82,208,84,179,233,95,153,50,76,192,46,4,199,89,117,104,139,101,71,95,172,250,66,217,119,187,3,38,152,112,175,170,212,83,60,12,4,146,151,185,83,179,235,210,37,33,241,179,83,90,149,247,164,218,218,73,227,18,174,149,138,37,81,228,82,208,83,149,106,37,119,4,218,200,170,170,185,186,179,235,87,157,122,138,135,67,79,229,29,81,48,119,237,76,189,162,11,95,170
Best fitness found so far: 0.3912628198917163; k: 2.0
Generation: 191; 0.3912628198917163; k: 2.0; 114,218,176,237,141,95,115,169,235,69,117,104,139,101,11,95,240,145,43,243,54,49,208,194,86,179,235,215,237,55,170,50,116,171,46,157,208,8,158,225,174,162,96,43,44,95,154,190,226,237,159,13,131,4,121,89,19,176,85,157,233,37,170,68,159,95,195,4,235,89,117,104,139,101,11,95,240,65,73,243,20,49,208,213,37,61,188,217,184,9,125
Best fitness found so far: 0.3912628198917163; k: 2.0
Generation: 192; 0.3912628198917163; k: 2.0; 156,218,191,21,159,95,207,4,199,89,117,104,139,101,11,95,170,145,66,191,152,106,37,38,152,112,86,150,137,39,246,150,138,160,42,184,135,235,150,211,192,101,71,175,189,212,152,60,131,4,146,151,1,83,179,235,210,37,33,241,192,199,74,209,219,22,179,94
Best fitness found so far: 0.3912628198917163; k: 2.0
Generation: 193; 0.3912628198917163; k: 2.0; 114,218,176,237,159,95,195,169,235,89,117,104,139,101,11,215,240,145,43,243,54,49,208,194,86,179,235,215,237,199,89,117,104,246,134,11,95,170,145,73,243,172,174,149,139,113,236,4,89,19,11,125,101,233,134,170,50,202,66,7,49,208,213,26,182,235,87,142,235,177,179,108,178,155,23,174,156,178,28,29,75,16,194,95,19,69,112,225,45,208,84,33,233,95,170,139,101,233,95,14,119,5,10,43,26
Best fitness found so far: 0.3912628198917163; k: 2.0
Generation: 194; 0.3912628198917163; k: 2.0; 114,218,191,189,159,95,229,4,171,89,117,104,205,101,11,95,170,145,197,243,186,174,24,7,164,170,92,196,155,225,174,162,96,229,29,95,46,197,130,19,230,112,59,128,224,84,179
Best fitness found so far: 0.3912628198917163; k: 2.0
Generation: 195; 0.3912628198917163; k: 2.0; 160,218,191,237,159,190,195,4,199,9,117,104,139,101,11,95,64,145,73,240,145,170,243,55,120,149,227,187,124,97,104,33,101,206,131,159,110,131,4,243,89,19,154,191,237,2,95,47,4,171,89,117,104,139,101,11,95,170,195,4,199,212,131,104,139,101,71,95,170,195,66,191,196,187,3,8,212,112,110,197,234,83,158,131,42,146,239,185,83,116,131,4,150,21,39,120,173,138,68,112,178,135,235,150,146,208,101,229,95,213,143,197,250,241,179,83,46,149,247,208,137,185,52,212,173,123,149,107,37,81,32,233,49,152,125,111,206,95,170,95,181,145,66,17,196,163,3,38,212,112,218,191,237,159,95,195,4,199,89,117,170,139,101,11,95,170,145,73,243,172,174,149,7,164,216,92,221
Best fitness found so far: 0.3912628198917163; k: 2.0
Generation: 196; 0.3912628198917163; k: 2.0; 8,218,191,237,159,90,195,4,199,89,117,104,139,101,71,95,170,145,66,191,119,187,3,38,14,119,110,170,234,83,4,126,89,89,104,139,101,51,115,240,89,73,243,67,49,208,213,86,179,112,68,26,131,236,243,4,163,154,139,101,124,3,170,50,166,192,20,49,208,8,155,225,174,162,96,43,29,95,169,197,5,19,230,168,59,128,224,84,179
Best fitness found so far: 0.3912628198917163; k: 2.0
Generation: 197; 0.3912628198917163; k: 2.0; 114,38,191,237,159,95,195,4,235,89,117,104,139,101,135,95,240,145,73,243,172,140,208,213,86,179,235,143,37,250,241,179,83,46,149,247,208,170,185,73,104,173,174,149,107,37,81,64,124,92,4,139,101,233,225,172,110,131,4,243,89,19,154,125,101,233,95,95,39,186,50,166,192,203,49,101,191,119,5,167,43,144
Best fitness found so far: 0.3912628198917163; k: 2.0
Generation: 198; 0.3912628198917163; k: 2.0; 114,218,191,237,159,95,195,4,199,89,117,104,139,101,71,95,170,250,66,8,119,187,3,38,135,112,110,170,234,83,158,131,4,146,151,185,83,116,131,4,150,137,82,18,131,41,243,104,19,158,139,101,24,95,170,50,166,192,231,15,168,28,110,179,39,54,50,166,192,203,101,11,115,240,192,73,243,172,195,154,125,101,233,95,170,50,115,233,234,220,248
Best fitness found so far: 0.3912628198917163; k: 2.0
Generation: 199; 0.3912628198917163; k: 2.0; 66,218,191,21,159,95,207,4,199,89,117,104,139,101,11,95,170,145,66,191,152,106,37,38,152,112,86,150,205,159,95,195,169,235,89,117,104,139,101,11,95,240,145,43,243,54,49,168,75,90,243,172,85,149,7,164,124,92,104,139,144,233,95,14,119,228,149,43,144
Best fitness found so far: 0.3912628198917163; k: 2.0
Total time of execution of seed 6 : 86704970
Solution Fitness: -0.3912628198917163
Variables: random 6 eucledian join moveNear moveNear moveNear split join join
