Generation: 0; -1.0; k: 0.0; 127,167,179,142,154,128,55,91,142,209,19,13
Best fitness found so far: -1.0; k: 0.0
Generation: 1; 0.19161455030631058; k: 4.3; 146,58,241,179,235,87,43,235,153,44,238,126,64,119
Best fitness found so far: 0.19161455030631058; k: 4.3
Generation: 2; 0.3143475123014701; k: 3.4; 198,53,67,38,151,120,133,79,9
Best fitness found so far: 0.3143475123014701; k: 3.4
Generation: 3; 0.3046063620785229; k: 4.5; 86,185,116,180,107,77,179,11,183,2
Best fitness found so far: 0.3143475123014701; k: 3.4
Generation: 4; 0.402977157905819; k: 3.0; 52,58,241,179,235,87,43,235,177,215,155,246,47,172
Best fitness found so far: 0.402977157905819; k: 3.0
Generation: 5; 0.33391250453850124; k: 3.0; 52,58,107,179,235,87,43,235,177,215,155,246,87,14,88,133,97,55,78,198,104,118,12,239,111,232,17,143,207,77,84,168,244,232,11,88,2,22
Best fitness found so far: 0.402977157905819; k: 3.0
Generation: 6; 0.4870780226940613; k: 2.0; 114,206,212,126,9,13,131,47,83,106,177,40,155,200,144
Best fitness found so far: 0.4870780226940613; k: 2.0
Generation: 7; 0.4905377786613533; k: 2.0; 198,204,67,38,151,120,133,79,131,47,83,106,44,40,29,118,196,222,170,209
Best fitness found so far: 0.4905377786613533; k: 2.0
Generation: 8; 0.5280387479916991; k: 2.0; 114,206,212,234,9,190,131,89,83,106,177,40,44,89,204,64,234,9,13,131,47,83,106,177,40,44,89,204,64,224
Best fitness found so far: 0.5280387479916991; k: 2.0
Generation: 9; 0.4905377786613533; k: 2.0; 198,204,67,38,151,120,133,79,111,47,159,106,78,40,29,118,152,207,2,69,245
Best fitness found so far: 0.5280387479916991; k: 2.0
Generation: 10; 0.5124564656892631; k: 2.0; 114,206,113,126,9,13,131,47,83,106,177,40,155,135,199,32,62,124,221,39
Best fitness found so far: 0.5280387479916991; k: 2.0
Generation: 11; 0.555353994914705; k: 2.0; 130,207,89,92,147,230,87,52,229,241,78,235,206,212,126,159,246,9,47,83,206,63,215,155,246,83,106,44,40,242,118,196,222,170,209,89,92,147,230,87,52,229,241,78,235,206,212,126,159
Best fitness found so far: 0.555353994914705; k: 2.0
Generation: 12; 0.555353994914705; k: 2.0; 130,207,89,92,147,230,87,52,229,241,78,235,206,193,126,159,246,9,47,83,206,63,215,155,246,83,106,97,40,242,118,196,222,170,209,89,92,107,88,129,97,55,88,39,185,56,131,2,69,245
Best fitness found so far: 0.555353994914705; k: 2.0
Generation: 13; 0.6144421180893577; k: 2.0; 198,204,67,38,151,120,133,79,131,78,233,106,44,40,16,40,29,118,152,207,2,140,12
Best fitness found so far: 0.6144421180893577; k: 2.0
Generation: 14; 0.6144421180893577; k: 2.0; 198,204,67,38,151,120,133,79,131,78,233,106,44,40,16,40,29,120,133,79,31,75,83,106,44,40,68,118,196,222,29,67,81,246,87,14,88,29,97,117,172,18,33,111,72,166,40,74,163,144,199,212,119
Best fitness found so far: 0.6144421180893577; k: 2.0
Generation: 15; 0.6144421180893577; k: 2.0; 198,204,67,38,151,120,133,79,131,78,233,106,44,40,16,40,69,120,133,123,31,75,167,106,44,40,241,118,196,199,29,67,81,246,87,14,88,29,97,234,172,18,33,185,130,243,107,59,151,175,205,23,240,146
Best fitness found so far: 0.6144421180893577; k: 2.0
Generation: 16; 0.6144421180893577; k: 2.0; 198,204,67,38,151,120,133,79,131,78,233,106,44,40,16,207,103,92,32,13,187,47,83,206,196,243,221,183,61,224,70,92,147,99,87,107,159,13,59,47,83,163,177,226,200,97,54,70,2,107,69,6,131,78,233,106,44,40,16,207,103,92
Best fitness found so far: 0.6144421180893577; k: 2.0
Generation: 17; 0.6144421180893577; k: 2.0; 198,102,67,38,151,120,133,79,131,78,233,106,44,40,16,207,103,92,32,13,187,47,83,206,196,243,221,183,61,224,70,92,147,99,87,107,159,13,59,47,83,163,177,104,200,97,54,70,2,107,69,88,18
Best fitness found so far: 0.6144421180893577; k: 2.0
Generation: 18; 0.6244826411050864; k: 2.0; 130,207,210,92,147,230,87,52,229,241,78,235,206,212,126,159,246,9,47,47,231,106,151,120,133,195,111,202,223,106,78,160,29,118,152,207,2,92,245
Best fitness found so far: 0.6244826411050864; k: 2.0
Generation: 19; 0.6244826411050864; k: 2.0; 130,207,235,92,147,230,185,52,229,126,78,15,147,230,87,47,159,106,78,40,88,18
Best fitness found so far: 0.6244826411050864; k: 2.0
Generation: 20; 0.6244826411050864; k: 2.0; 130,207,60,224,147,230,87,52,229,241,78,235,206,193,126,159,246,9,47,83,206,63,191,155,162,83,106,97,40,242,118,87,52,229,241,78,235,206,83,126,177,40,218,26,87,52,4,241,78,199,206,119,126,20,246,9,47,130,130,73,95
Best fitness found so far: 0.6244826411050864; k: 2.0
Generation: 21; 0.6244826411050864; k: 2.0; 130,113,210,92,147,230,87,52,229,241,78,235,206,212,126,159,246,111,47,47,231,106,151,120,198,204,221,183,61,224,70,92,164,99,188,107,159,13,59,47,83,163,177,226,200,97,54,30,2,248,69,6,131,78,233,106,44,40,16,207,103,92
Best fitness found so far: 0.6244826411050864; k: 2.0
Generation: 22; 0.6244826411050864; k: 2.0; 148,49,240,212,147,230,57,52,229,141,78,235,138,107,34,148,159,117,78,130,207,200,131,67,230,121,52,229,241,78,235,153,57,214,197,196,126,159,246,9,47,42
Best fitness found so far: 0.6244826411050864; k: 2.0
Generation: 23; 0.6244826411050864; k: 2.0; 130,207,60,224,147,230,87,52,229,241,78,235,206,193,126,159,246,9,47,83,206,63,215,155,162,83,106,97,40,242,118,182,40,49,40,29,118,152,207,2,140,12,224,147,230,87,52,229,241,78,235,206
Best fitness found so far: 0.6244826411050864; k: 2.0
Generation: 24; 0.6244826411050864; k: 2.0; 130,207,60,224,147,230,87,52,229,241,78,235,206,193,59,47,83,152
Best fitness found so far: 0.6244826411050864; k: 2.0
Generation: 25; 0.6244826411050864; k: 2.0; 104,207,240,212,147,230,185,52,229,141,78,235,133,195,111,202,223,106,78,160,29,218,115,207,2,92,79,141,78,235,23,107,34,7,125,117,100,155,207,200,131,71,18,206,196,243,221,183,61,166,70,174,147,99,87,105,159,13,59,47,83,163,177,158,50,108,54,235,2,35,69,88,220
Best fitness found so far: 0.6244826411050864; k: 2.0
Generation: 26; 0.6244826411050864; k: 2.0; 130,207,210,92,105,230,87,52,229,236,78,235,206,212,126,126,78,15,147,27,143,47,159,106,94,228,88,94,187,47,90,56,224,212,126,127,151,120,66,129,146,145,192,5,44,116,119,40,69,120,199,123,8,75,229,106,196,21,29,67,81,246,87,14,88,29,138,78,249,11,212,86,159,246,9,47,83,206,67,190,37,10,59,7,215,163,203,158,50,97,54,70,71,35,69,147,220,44,116,119,40,69,120,199,123,8,75,229,106,196,21,29,67,81,246,87,14,88
Best fitness found so far: 0.6244826411050864; k: 2.0
Generation: 27; 0.6244826411050864; k: 2.0; 130,207,60,224,147,230,87,52,229,241,78,235,130,193,126,159,221,9,47,83,178,36,215,155,162,83,106,97,78,235,54,212,126,159,246,9,26,233,123,63,215,155,246,88,106,128,40,211,205,187,128,23,17,89,113,178,230,79,66,107,13,78,47,170,245,203,248,200,97,54,70,2,230,69,88,18,147,230,96,52,229,141,78,235,23,107,22,148,159,13
Best fitness found so far: 0.6244826411050864; k: 2.0
Generation: 28; 0.6244826411050864; k: 2.0; 148,49,240,212,147,235,23,212,147,196,122,170,115,248,126,98,13,198,47,83,106,120,3,133,131,78,233,103,44,187,16,68,140,12,224,147,230,87,8,229,241,33,235,206
Best fitness found so far: 0.6244826411050864; k: 2.0
Generation: 29; 0.6244826411050864; k: 2.0; 130,207,210,92,147,230,87,52,229,236,78,235,206,212,126,126,52,4,241,78,199,206,119,126,20,246,9,47,130,130,73,95
Best fitness found so far: 0.6244826411050864; k: 2.0
Generation: 30; 0.6244826411050864; k: 2.0; 130,207,210,92,147,180,87,52,229,241,78,235,206,141,126,159,68,9,47,28,231,207,2,140,12
Best fitness found so far: 0.6244826411050864; k: 2.0
Generation: 31; 0.6244826411050864; k: 2.0; 130,77,60,224,147,230,87,52,229,241,21,235,206,193,126,159,18,135,204,209,206,63,215,155,81,83,106,36,40,20,118,182,52,8,175,119,235,23,68,147,243,149,120,128,118,131,250,167,226,159,40,133,14,138,183,207,158,229,241,78,235,206,193,156,159,250,9,47,83,206,63,215,14,162,83,106,97,40,131,118,248,40,49,192,29,118,152,207,2,140,26,224,147,230,87,52,229,241,78,235,206
Best fitness found so far: 0.6244826411050864; k: 2.0
Generation: 32; 0.6244826411050864; k: 2.0; 96,207,45,224,147,230,83,52,229,76,98,235,130,193,126,159,76,9,47,73,178,63,215,126,162,83,106,97,40,114,133,131,120,133,79,201,78,233,106,44,151,113,207,238,92,75,205,80,47,113,119,140,235,206,212,126,159,246,9,47,47,231,106,151,120,198,204,67,38,175,120,133,243,131,148,233,106,44,40,16,40,29,118,152,207,73,140,12
Best fitness found so far: 0.6244826411050864; k: 2.0
Generation: 33; 0.6244826411050864; k: 2.0; 104,207,240,212,147,230,185,52,229,141,78,235,141,107,128,106,97,88,242,195,87,52,229,164,78,235,206,83,126,177,84,218,26,27,30,4,241,118,234,37,78,159,106,74,160,208,161,22,207,40,186,43,95,196,27,112
Best fitness found so far: 0.6244826411050864; k: 2.0
Generation: 34; 0.6244826411050864; k: 2.0; 90,207,60,224,147,230,87,52,73,241,78,235,206,193,33,185,246,9,112,93,240,212,147,65,191,34,147,196,122,170,115,120,126,9,204,5,31,245,106,120,3,128,87,52,229,164,78,235,206,83,16,177,84,218,26,155,30,4,241,118,234,170,78,159,106,74,160,29,161,22,207,40,186,231,95,196,27,112
Best fitness found so far: 0.6244826411050864; k: 2.0
Generation: 35; 0.6244826411050864; k: 2.0; 148,49,240,212,193,235,241,212,147,196,122,170,115,52,229,241,116,235,206,242,126,185,15,9,47,83,206,63,215,155,162,83,109,97,40,144,118,196,200,97,246,158,25,244,74
Best fitness found so far: 0.6244826411050864; k: 2.0
Generation: 36; 0.6244826411050864; k: 2.0; 91,231,240,212,147,230,185,52,229,141,78,235,233,107,34,121,159,117,78,130,207,200,131,147,230,121,52,229,241,78,235,147,230,87,197,229,106,151,134,133,155,200,208
Best fitness found so far: 0.6244826411050864; k: 2.0
Generation: 37; 0.6244826411050864; k: 2.0; 130,105,60,224,111,230,87,52,229,241,130,105,60,224,111,230,87,52,229
Best fitness found so far: 0.6244826411050864; k: 2.0
Generation: 38; 0.6244826411050864; k: 2.0; 165,207,45,224,147,230,87,52,229,76,78,235,2,193,126,159,221,9,47,83,178,63,215,158,162,83,106,97,40,242,133,131,120,133,228,201,78,233,106,44,151,246,9,248,83,95,63,215,155,153,204,161,38,151,120,133,110,158,11,233,106,182,40,49,227,29,118,152,213,137,140,128,158,11,233,106,182,40,49,227,29,118,152,213
Best fitness found so far: 0.6244826411050864; k: 2.0
Generation: 39; 0.6244826411050864; k: 2.0; 130,207,210,236,147,230,87,52,229,241,78,95,47,83,106,120,3,33,131,154,236,95,44,236,16,184,105,118,106,151,120,184,195,111,202,223,27,194,160,29,118,152,207,2,92,245
Best fitness found so far: 0.6244826411050864; k: 2.0
Generation: 40; 0.6244826411050864; k: 2.0; 130,207,235,92,147,230,185,52,229,126,78,200,97,54,70,2,107,29,6,131,196,199,190,44,40,131,207,103,92
Best fitness found so far: 0.6244826411050864; k: 2.0
Generation: 41; 0.6244826411050864; k: 2.0; 130,207,60,224,129,125,87,52,159,241,78,235,101,111,126,187,40,16,40,29,192,216,207,2,140,114
Best fitness found so far: 0.6244826411050864; k: 2.0
Generation: 42; 0.6244826411050864; k: 2.0; 130,171,105,92,147,230,87,52,229,241,78,235,23,93,126,13,246,9,78,147,230,185,52,8,131,187,235,65,212,24,243,149,120,177,87,116,144,167,226,159,40,133,14,147,183,207,158,31,52,229,241,78,132,147,248,214,197,151,194,25,172,73,212,126,159,246,9,26,117,123,63,215,155,59,131,83,163,142,158,75,173,54,70,2,35,69,88,220,239,185,52,229,141,78,235,23,176,87,43,245,241,75,59,131,83
Best fitness found so far: 0.6244826411050864; k: 2.0
Generation: 43; 0.6244826411050864; k: 2.0; 144,207,60,224,147,230,87,52,53,216,94,235,118,193,126,132,246,9,47,83,206,235,23,107,22,148,8,13,111,177,226,200,97,54,12,2,107,69,6,95,215,155,246,83,106,235,87,72,161,162,45
Best fitness found so far: 0.6244826411050864; k: 2.0
Generation: 44; 0.6244826411050864; k: 2.0; 148,105,240,212,147,235,23,212,147,196,122,170,115,120,56,9,13,198,47,245,106,120,3,128,131,78,233,106,165,7,16,184,105,118,106,151,204,92,38,47,120,154,234,37,56,159,106,74,160,71,161,228,207,89,186,76,89,196,27,24
Best fitness found so far: 0.6244826411050864; k: 2.0
Generation: 45; 0.6244826411050864; k: 2.0; 197,207,240,212,147,230,185,52,229,141,78,235,23,107,87,43,245,241,75,59,58,22,148,159,13
Best fitness found so far: 0.6244826411050864; k: 2.0
Generation: 46; 0.6244826411050864; k: 2.0; 180,207,60,224,147,230,87,52,53,241,94,235,118,193,126,132,246,9,47,83,206,235,23,131,47,233,106,23,40,155,101,208
Best fitness found so far: 0.6244826411050864; k: 2.0
Generation: 47; 0.6244826411050864; k: 2.0; 130,207,60,224,147,230,87,52,53,241,78,235,206,193,126,185,246,250,47,83,206,63,215,155,162,83,109,97,106,223,199,76,185
Best fitness found so far: 0.6244826411050864; k: 2.0
Generation: 48; 0.6244826411050864; k: 2.0; 130,207,210,92,147,230,87,52,229,241,78,235,206,212,126,159,194,9,47,47,231,106,91,120,133,195,111,202,223,106,78,160,29,218,108,207,2,92,229,141,78,235,23,107,34,141,125,117,100,155,207,200,131,147,230,31,52,229,241,78,132,147,248,214,197,124,194,78,172,54,212,126,159,246,9,26,117,123,218,215,155,114,88,106,128,40,72,100,229,141,78,235,28,107,34,148,99,117,78,130,207,193,54,70,2,107,239,185,131,78,233,106,44,40,16,207,103,92
Best fitness found so far: 0.6244826411050864; k: 2.0
Generation: 49; 0.6244826411050864; k: 2.0; 148,49,240,212,147,230,57,52,229,141,78,235,23,107,34,148,159,117,78,130,207,200,131,147,230,121,52,139,241,78,154,147,57,214,161,229,194,78,235,54,212,126,159,246,9,44,83,123,63,215,155,246,88,106,128,40,211,118,187,128,15,17,89,113,147,54,47,212,147,196,122,170,115,204,126,98,13,198,47,83,106,92,3,133,80,78,233,103,44,187,16,184,105,118,106,151,120,184,238,167,202,223,131,47,167,226,159,40,133,250,147,183,22,158,92,147,47,191,207,131,47,233,106,23,40,155,200,208
Best fitness found so far: 0.6244826411050864; k: 2.0
Generation: 50; 0.6244826411050864; k: 2.0; 148,49,240,212,53,230,57,52,229,141,78,235,138,107,34,148,159,117,78,130,214,97,235,22,193,126,213,221,9,47,91,178,63,221,155,162,83,106,97,40,165,133,71,120,133,79,201,78,127,82,44,190,16,207,182,92,32,4,56,47,113,151,120,133,79,102,78,83,229,177,248,200,97,54,70,2,107,59,88,18,147,180,185,52,229,141,146,235,225,32,13,187,219,49,206,175,243,221,183,61,224,70,120,147,44,87,107,159,13,59,47,83,163,177,158,50,108,54,201,2,35,69,88,220
Best fitness found so far: 0.6244826411050864; k: 2.0
Generation: 51; 0.6244826411050864; k: 2.0; 130,207,60,224,147,230,87,52,229,241,78,235,206,193,126,159,246,9,47,83,206,63,215,155,162,87,52,229,241,217,235,206,193,59,47,83,54,177,158,50,97,54,70,148,159,236
Best fitness found so far: 0.6244826411050864; k: 2.0
Generation: 52; 0.6244826411050864; k: 2.0; 130,207,210,92,147,180,87,52,229,241,78,235,206,141,126,159,246,9,47,47,92,147,230,185,52,229,126,78,15,147,230,143,47,159,106,78,40,88,18
Best fitness found so far: 0.6244826411050864; k: 2.0
Generation: 53; 0.6244826411050864; k: 2.0; 148,49,240,53,147,235,23,212,147,196,122,170,99,113,126,9,213,198,16,83,106,120,3,133,176,78,233,106,44,16,128,184,105,23,152,207,87,17,133,132,210,172,18,33,111,199,166,40,103,169,31,77,66,119
Best fitness found so far: 0.6244826411050864; k: 2.0
Generation: 54; 0.6244826411050864; k: 2.0; 130,207,210,92,147,230,87,52,229,236,78,235,206,180,126,126,183,59,147,27,143,47,159,106,122,202,88,50,187,161,90,56,224,212,126,127,151,120,131,129,146,145,73,5,44,116,119,40,69,120,163,177,158,50,108,54,201,2,35,69,88,220
Best fitness found so far: 0.6244826411050864; k: 2.0
Generation: 55; 0.6244826411050864; k: 2.0; 130,207,210,92,147,230,87,52,229,241,78,235,206,212,126,159,99,9,39,47,231,106,151,120,133,195,111,202,159,13,78,47,233,163,155,143,126,25,246,9,115,79,9
Best fitness found so far: 0.6244826411050864; k: 2.0
Generation: 56; 0.6244826411050864; k: 2.0; 130,207,235,92,147,230,185,52,229,126,78,15,147,230,143,47,235,23,68,34,148,159,117,78,130,207,200,131,147,230,121,52,229,241,44,235,147,230,87,197,229,241,78,235,206,143,126,159,246,9,47,79,9,130,207,235,92,147,230,185,52,229,126,78,15,147,230,143,47,235,23,68,34,148,159,117,78,130,207,200,131,147,230,121,52,229,241,44,235,147,230,87,197,229,241,78,235,206,143,126,159
Best fitness found so far: 0.6244826411050864; k: 2.0
Generation: 57; 0.6244826411050864; k: 2.0; 130,207,60,224,147,230,87,52,229,241,78,235,23,107,34,148,33,137,78,130,207,200,131,147,230,121,198,229,241,78,235,147,230,87,197,229,241,78,235,206,188,126,81,246,100,104,79,9,224,147,230,87,52,229,241,78,235,23,107,34,148,33,137,78,130,207,200,131,147,230,121,198,229,241,78,235,147,230,87,197,229,241,78,235
Best fitness found so far: 0.6244826411050864; k: 2.0
Generation: 58; 0.6244826411050864; k: 2.0; 104,207,240,212,221,230,185,52,229,141,78,235,23,107,22,148,159,13,78,47,83,163,177,248,200,97,54,70,2,104,69,88,18,147,230,185,52,229,89,146,235,23,32,87,133,116,18,206,196,243,187,183,61,224,70,120,77,99,87,107,159,13,59,47,83,163,177,158,50,108,54,201,2,35,69,88,220
Best fitness found so far: 0.6244826411050864; k: 2.0
Generation: 59; 0.6244826411050864; k: 2.0; 130,207,60,224,147,230,87,52,229,241,78,235,206,235,206,193,59,47,83,163,177,158,50,97,54,70,2,35,69,88,220
Best fitness found so far: 0.6244826411050864; k: 2.0
Generation: 60; 0.6244826411050864; k: 2.0; 148,49,240,212,147,230,57,52,229,141,78,235,23,107,34,146,159,117,78,130,207,200,60,147,230,1,52,229,14,78,61,147,33,214,197,229,194,78,235,54,198,126,159,246,117,78,155,207,200,131,147,230,31,52,229,241,23,235,147,248,214,197,229,194,78,235,54,212,126,141,163,213,26,117,151,63,215,155,114,88,219,128,40,211,100,187,128,15,17,89,113,178,230,87,92,229,241,75,35,206,212,2,24
Best fitness found so far: 0.6244826411050864; k: 2.0
Generation: 61; 0.6244826411050864; k: 2.0; 34,207,60,86,147,230,87,52,229,241,188,235,206,193,126,159,246,9,47,83,206,63,215,155,162,83,106,97,40,242,50,182,40,49,40,29,118,152,207,2,140,12,224,147,100,87,185,52,229,141,78,235,23,107,22,148,159,13,131,47,83,163,177,18
Best fitness found so far: 0.6244826411050864; k: 2.0
Generation: 62; 0.6244826411050864; k: 2.0; 130,207,210,92,147,230,87,52,229,241,78,235,206,212,245,159,246,9,47,47,45,106,151,120,133,195,106,78,56,88,204,67,38,151,120,133,79,37,78,233,106,182,40,49,40,29,118,152,207,144,212,147,235,23,212,147,196,122,19,115,120,126,9,166,199,106,44,40,131,123,103,92
Best fitness found so far: 0.6244826411050864; k: 2.0
Generation: 63; 0.6244826411050864; k: 2.0; 197,207,240,212,147,230,185,52,229,141,78,235,23,107,87,43,245,241,75,59,179,83,163,177,158,161,173,54,70,2,35,69,88,220,230,185,52,229,141,78,235,23,107,87,43,245,241,13,78,47,83,163,177,248,200,97,54,70,2,23,69,88,244,147,230,192,52,229,141,78,235,23,193,22,148,159,13
Best fitness found so far: 0.6244826411050864; k: 2.0
Generation: 64; 0.6244826411050864; k: 2.0; 90,207,60,224,147,230,129,52,229,241,78,235,173,193,241,78,235,147,230,87,199,229,241,78,235,206,143,126,159,246,9,47,79,9
Best fitness found so far: 0.6244826411050864; k: 2.0
Generation: 65; 0.6244826411050864; k: 2.0; 130,207,60,224,147,230,87,52,229,241,78,235,147,230,185,52,229,141,78,235,23,168,197,148,159,117,78,130,207,200,131,147,80,121,52,229,241,78,235,147,230,87,45,229,241,78,235,206,143,126,159,246,9,47,79,9
Best fitness found so far: 0.6244826411050864; k: 2.0
Generation: 66; 0.6244826411050864; k: 2.0; 130,207,60,224,147,230,87,52,229,241,78,235,206,193,126,2,246,135,47,209,206,63,215,162,83,106,97,40,242,118,182,107,49,40,29,118,152,207,163,140,12,224,147,206,87,52,229,241,78,235,206
Best fitness found so far: 0.6244826411050864; k: 2.0
Generation: 67; 0.6244826411050864; k: 2.0; 148,49,240,212,147,235,23,212,147,196,122,170,115,120,126,9,13,198,47,83,106,199,3,97,131,78,233,106,209,199,16,184,155,118,106,35,120,184,195,111,202,223,106,78,160,29,118,107,22,148,159,135,43,2,241,75,235,206,123,64,159
Best fitness found so far: 0.6244826411050864; k: 2.0
Generation: 68; 0.6244826411050864; k: 2.0; 130,207,60,224,147,125,221,52,229,241,78,235,206,244,126,187,186,107,206,27,243,67,38,175,120,216,120,131,199,233,37,156,40,107,40,60,224,147,230,87,52,229,241,78,69,241,228,235,149,38,126,187,133,107,206,245,14,87,52,229,241,78,235,206,212,126,228,134,9,65,47,231,106,151,120,198,204,67,38,175,120,54,243,131,148,233,106,211,40,16,40,29,118,152,207,2,140,12
Best fitness found so far: 0.6244826411050864; k: 2.0
Generation: 69; 0.6244826411050864; k: 2.0; 130,17,105,38,147,230,87,52,229,241,78,235,23,93,126,13,65,9,158,147,230,185,52,8,126,78,235,23,212,147,196,122,170,223,113,126,9,13,4,47,83,198,248,67,38,175,120,133,243,131,148,78,106,125,40,16,177,216,118,152,148,2,140,12
Best fitness found so far: 0.6244826411050864; k: 2.0
Generation: 70; 0.6244826411050864; k: 2.0; 35,49,240,212,147,230,57,52,229,141,78,235,138,107,34,243,67,38,175,120,216,243,131,199,233,106,156,40,16,227,29,118,152,207,2,97,12
Best fitness found so far: 0.6244826411050864; k: 2.0
Generation: 71; 0.6244826411050864; k: 2.0; 130,207,60,224,147,125,87,52,229,241,78,235,206,244,126,187,34,107,206,245,243,67,38,175,120,216,243,131,199,233,218,97,40,16,40,60,224,147,158,87,52,229,241,25,235,206,193,156,159,246,9,47,83,206,63,215,155,162,83,101,97,40,242,118,182,40,49,40,29,118,152,207,2,140,235,206
Best fitness found so far: 0.6244826411050864; k: 2.0
Generation: 72; 0.6244826411050864; k: 2.0; 35,49,240,212,147,230,57,52,229,141,144,235,82,107,34,156,159,117,78,130,207,55,165,67,230,121,153,163,241,78,235,153,57,62,114,196,22,230,57,52,229,141,168,125,23,107,34,7,125,117,78,155,207,200,132,99,230,31,52,229,241,78,235,147,248,214,197,229,194,78,235,54,212,231,106,151,120,133,195,111,202,223,106,235,160,29,118,152,207,2,92,245
Best fitness found so far: 0.6244826411050864; k: 2.0
Generation: 73; 0.6244826411050864; k: 2.0; 130,207,210,92,147,180,87,52,229,241,78,235,206,141,126,159,47,83,206,63,215,155,246,83,106,235,87,111,161,162,45
Best fitness found so far: 0.6244826411050864; k: 2.0
Generation: 74; 0.6244826411050864; k: 2.0; 96,113,210,92,147,230,87,52,229,241,78,235,206,212,126,32,246,111,47,193,231,106,151,120,198,204,221,183,61,224,70,92,164,99,188,107,117,13,84,211,235,92,147,238,149,52,229,126,58,15,147,1,143,47,203,106,78,40,88,204,67,188,151,78,160,29,118,152,207,2,92,245
Best fitness found so far: 0.6244826411050864; k: 2.0
Generation: 75; 0.6244826411050864; k: 2.0; 148,49,240,212,147,235,23,212,147,196,122,170,115,120,126,9,148,159,13,163,177,226,200,172,173,174,2,107,102,208,131,78,199,106,44,40,89,207,103,92
Best fitness found so far: 0.6244826411050864; k: 2.0
Generation: 76; 0.6244826411050864; k: 2.0; 148,49,240,95,147,235,23,212,129,196,122,170,115,120,126,9,57,198,47,83,106,195,3,29,131,78,93,106,44,7,230,57,52,229,141,78,235,23,107,34,52,229,141,147,235,40,107,126,31,117,177,158,22,123,54,70,2,35,69,88,220,83,56,177,250,200,49,152,125,2,63,225,88,18,147,230,185,52,229,141,147,235,156,229,141,147,235,40,107,126,31,117,177,158,22,123,54,70,2,35,69,88,220,83
Best fitness found so far: 0.6244826411050864; k: 2.0
Generation: 77; 0.6244826411050864; k: 2.0; 130,207,210,224,147,230,87,52,229,241,78,75,235,206,212,126,159
Best fitness found so far: 0.6244826411050864; k: 2.0
Generation: 78; 0.6244826411050864; k: 2.0; 148,49,240,212,147,230,57,212,229,141,78,235,23,107,34,55,159,117,78,130,207,200,131,147,230,121,52,229,238,78,102,147,57,214,197,113,194,78,235,54,198,126,159,246,41,62,80,16,184,105,118,106,151,132,184,238,37,202,223,131,47,167,226,159,40,133,14,147,183,207,158,92,147,47,191,54,131,37,136,106,206,40,155,200,208
Best fitness found so far: 0.6244826411050864; k: 2.0
Generation: 79; 0.6244826411050864; k: 2.0; 148,49,240,53,187,235,23,212,147,196,122,170,99,113,126,9,13,198,16,119
Best fitness found so far: 0.6244826411050864; k: 2.0
Generation: 80; 0.6244826411050864; k: 2.0; 130,207,60,224,147,230,87,52,229,241,78,235,206,193,126,159,246,9,240,212,147,235,23,212,147,196,122,170,115,120,126,9,13,198,47,245,106,245,3,128,131,75,233,106,44,7,16,184,105,118,106,151,204,92,38,47,120,154,234,37,56,159,106,134,160,29,161,228,207,40,186,76,23,196,27,24
Best fitness found so far: 0.6244826411050864; k: 2.0
Generation: 81; 0.6244826411050864; k: 2.0; 130,207,210,92,147,230,87,52,229,241,78,235,206,212,245,159,246,9,235,187,13,34,52,229,141,147,235,40,107,126,83,117,177,56,22,97,54,51,2,35,69,88,220,83,163,177,250,200,167,152,125,2,13,69,88,18,147,230,185,52,229,141,147,235,156
Best fitness found so far: 0.6244826411050864; k: 2.0
Generation: 82; 0.6244826411050864; k: 2.0; 130,207,210,92,147,230,87,52,229,241,78,235,48,212,126,159,246,9,47,47,12,106,151,72,133,82,111,202,223,138,78,160,29,218,108,207,2,92,229,141,78,235,23,65,34,7,125,117,100,155,143,200,136,147,230,31,52,229,241,78,132,147,248,214,15,229,194,78,172,52,229,241,78,235,206,212,245,159,246,9,47,47,231,106,151,120,133,195,106,78,56,88,151,67,38,151,120,133,180,37,78,233,106,182,40,49,40,148,118,152,207,144,140,12
Best fitness found so far: 0.6244826411050864; k: 2.0
Generation: 83; 0.6244826411050864; k: 2.0; 104,207,240,212,147,230,185,52,229,141,78,210,23,107,22,148,159,13,32,47,233,106,44,40,16,40,29,250,112,207,112,83,206,63,76,52,229,241,189,235,206,193,59,47,83,163,177,113,151,120,133,111,131,78,233,106,44,40,16,40,29,250,152,207,2,235,12
Best fitness found so far: 0.6244826411050864; k: 2.0
Generation: 84; 0.6244826411050864; k: 2.0; 47,49,240,212,147,230,57,52,229,141,78,235,23,107,34,52,229,141,147,235,40,107,22,148,159,13,32,47,233,106,44,114,16,40,29,250,183,207,224,197,172
Best fitness found so far: 0.6244826411050864; k: 2.0
Generation: 85; 0.6244826411050864; k: 2.0; 130,207,60,224,51,230,87,52,229,241,78,235,206,193,126,159,246,215,47,83,206,63,215,155,162,83,106,97,229,242,118,182,40,49,40,29,118,152,20,2,140,87,52,229,241
Best fitness found so far: 0.6244826411050864; k: 2.0
Generation: 86; 0.6244826411050864; k: 2.0; 130,17,105,38,147,230,87,52,229,241,78,235,23,93,126,248,246,9,158,147,230,147,80,8,243,174,235,23,125,147,196,122,170,79,113,126,9,4,4,47,153,106,120,3,62,131,78,233,106,44,7,16,210,105,174,179,207,87,212,139,235,89,154,99,196,122,170,223,113,126,9,13,198,47,83,106,120,3,133,131,120,133,79,201,78,233,106,69,190,16,207,103,13,32,4,56,47,113,57,224,133,79,131,78,208,217,44,40,16,40,29,126,152,207,2,140,12
Best fitness found so far: 0.6244826411050864; k: 2.0
Generation: 87; 0.6244826411050864; k: 2.0; 148,207,240,212,147,230,185,52,229,141,78,235,23,52,22,199,159,13,78,47,83,163,177,250,200,49,152,125,2,107,69,88,58,147,230,185,52,229,141,147,235,40,107,47,83,163,160,191,22,97,54,70,2,35,209,88,220,83,163,58,233,240,212,205,230,57,52,229,223,157,235,138,107,34,148,99,117,78,130,207,193,54,70,2,107,69,185,83,78,233,106,44,40,16,207,103,92
Best fitness found so far: 0.6244826411050864; k: 2.0
Generation: 88; 0.6244826411050864; k: 2.0; 130,207,60,224,163,230,87,52,229,241,78,235,206,211,126,159,246,9,47,74,107,22,148,159,133,163,177,226,200,97,85,109,2,147,230,121,52,229,241,78,235,147,230,87,197,229,152,78,235,206,98,126,224,246,9,115,170,78,159,106,11,160,29,161,22,207,40,186,26,95,196,27,112
Best fitness found so far: 0.6244826411050864; k: 2.0
Generation: 89; 0.6244826411050864; k: 2.0; 148,207,240,212,147,230,185,52,229,141,78,235,248,107,109,97,40,144,14,196,200,130,207,60,224,147,181,87,52,229,241,78,235,206,111,126,187,133,107,206,196,138,67,38,175,120,216,243,131,199,233,106,156,80,16,40,29,118,152,207,2,97,106,78,115,77,18
Best fitness found so far: 0.6244826411050864; k: 2.0
Generation: 90; 0.6244826411050864; k: 2.0; 130,207,60,224,147,230,87,52,229,241,78,235,206,193,126,159,246,21,47,209,52,63,215,155,81,83,106,97,40,20,118,182,52,8,126,119,235,23,68,147,243,149,120,128,118,131,47,167,226,159,40,133,14,147,183,207,158,92,147,47,191,92,116,241,75,147,81,212,107,87,32,245,241,250,59,131,83
Best fitness found so far: 0.6244826411050864; k: 2.0
Generation: 91; 0.6244826411050864; k: 2.0; 130,207,60,224,147,230,87,52,229,241,78,235,206,193,126,159,246,175,47,83,206,63,215,13,162,229,141,78,235,23,107,34,148,159,153,78,130,207,200,40,4,171,106,207,205,49,40,29,118,92,245
Best fitness found so far: 0.6244826411050864; k: 2.0
Generation: 92; 0.6244826411050864; k: 2.0; 148,49,240,212,147,230,57,52,229,141,78,235,23,107,195,111,247,169,106,78,160,238,118,152,207,2,92,245
Best fitness found so far: 0.6244826411050864; k: 2.0
Generation: 93; 0.6244826411050864; k: 2.0; 130,207,210,92,147,230,87,52,229,241,78,95,206,236,243,159,187,9,200,47,231,173,151,174,113,241,230,87,159,13,78,47,83,163,177,248,200,97,54,70,205,107,69,88,18,59,230,185,52,223,141,54,235,23,32,13,187,116,18,206,196,243,221,183,61,224,70,35,147,99,87,107,159,13,59,47,83,163,177,23,50,108,203,201,238,35,69,88,220
Best fitness found so far: 0.6244826411050864; k: 2.0
Generation: 94; 0.6244826411050864; k: 2.0; 130,207,60,224,147,125,87,52,229,241,78,235,206,111,131,187,202,223,106,78,160,29,218,115,207,2,92,15,141,78,235,23,107,34,7,125,117,224,155,207,200,131,71,18,206,196,243,180,183,61,99,70,174,147,99,87,105,159,13,59,47,83,163,177,158,50,108,54,235,2,35,69,88,220
Best fitness found so far: 0.6244826411050864; k: 2.0
Generation: 95; 0.6244826411050864; k: 2.0; 52,207,60,224,147,230,87,52,229,241,78,235,206,193,74,18
Best fitness found so far: 0.6244826411050864; k: 2.0
Generation: 96; 0.6244826411050864; k: 2.0; 130,207,235,92,147,230,185,52,229,126,78,15,204,67,23,151,120,133,79,131,247,159,106,44,40,16,40,69,229,241,78,235,206,212,154,159,246,21,248,83,95,76,215,155,47,204,161,38,151,120,133,110,42,11,233,106,182,40,49,227,29,131,147,230,121,52,229,241,78,235,147,230,25,197,229,241,151,66,206,143,126,159,246,9,47,79,78,235,206
Best fitness found so far: 0.6244826411050864; k: 2.0
Generation: 97; 0.6244826411050864; k: 2.0; 130,207,60,224,147,125,87,52,229,241,78,235,206,177,126,187,133,107,206,46,243,67,38,175,120,216,243,131,199,233,218,156,40,16,40,60,224,147,235,87,52,229,241,78,74,206,193,74,107,34,7,125,117,236,155,207,200,131,147,230,31,52,229,241,78,235,147,248,214,197,82,194,78,235,54,212,126,159,246,213,26,117,123,63,215,155,114,88,16,128,40,211,100,187,128,15,17,89,113,178,230,87,92,104,241,75,235,206,212,2,24
Best fitness found so far: 0.6244826411050864; k: 2.0
Generation: 98; 0.6244826411050864; k: 2.0; 130,207,235,92,147,230,149,52,229,126,58,15,230,185,52,235,200,199,166,40,103,163,31,77,66,119
Best fitness found so far: 0.6244826411050864; k: 2.0
Generation: 99; 0.6244826411050864; k: 2.0; 148,49,240,212,147,230,57,52,229,141,78,235,138,107,34,48,127,117,78,249,229,241,78,235,206,111,39,187,113,72,206,196,138,67,38,175,120,127,243,107,212,126,159,246,9,47,83,206,63,164,155,153,31,159,47,191,233,131,228,233,106,23,40,163,200,208
Best fitness found so far: 0.6244826411050864; k: 2.0
Generation: 100; 0.6244826411050864; k: 2.0; 182,207,235,92,147,230,185,52,229,126,78,15,147,168,143,47,185,52,229,141,78,234,248,107,109,118,40,182,14,196,150,97,246,158,245,1,74
Best fitness found so far: 0.6244826411050864; k: 2.0
Generation: 101; 0.6244826411050864; k: 2.0; 148,207,165,212,147,230,185,52,229,141,78,235,23,107,34,83,106,97,40,20,118,182,52,110,126,119,235,23,212,147,243,147,120,128,118,131,47,167,9,159,40,133,14,147,183,207,158,212,147,47,191,54,127,47,233,106,184,40,155,200,208
Best fitness found so far: 0.6244826411050864; k: 2.0
Generation: 102; 0.6244826411050864; k: 2.0; 148,49,240,212,147,230,57,52,229,141,164,235,23,107,34,148,159,117,78,130,207,200,131,147,230,121,52,229,241,78,235,147,57,214,197,229,194,78,173,21,212,126,159,246,9,26,21,123,63,215,155,246,88,106,128,40,211,118,70,45,35,69,88,220,230,185,118,229,141,78,235,23,107,87,43,245,241,75,59,131,83
Best fitness found so far: 0.6244826411050864; k: 2.0
Generation: 103; 0.6244826411050864; k: 2.0; 3,207,210,92,147,230,87,52,229,241,78,235,206,212,126,159,151,9,47,47,231,106,151,96,133,195,111,202,223,106,78,160,29,118,152,207,143,126,25,32,9,115,79,9
Best fitness found so far: 0.6244826411050864; k: 2.0
Generation: 104; 0.6244826411050864; k: 2.0; 130,17,105,92,147,230,87,52,229,241,78,235,23,132,126,219,246,9,158,147,230,185,36,126,126,78,235,23,212,193,243,149,120,128,118,131,47,167,226,159,40,133,14,147,183,207,158,92,118,37,154,2,92,245
Best fitness found so far: 0.6244826411050864; k: 2.0
Generation: 105; 0.6244826411050864; k: 2.0; 47,49,240,212,147,230,235,52,229,141,78,235,23,107,34,52,229,141,147,235,40,107,69,120,133,123,8,75,229,106,39,21,29,67,81,246,133,7,88,148,97,117,172,18,33,111,72,166,40,203,163,31,77,212,119
Best fitness found so far: 0.6244826411050864; k: 2.0
Generation: 106; 0.6244826411050864; k: 2.0; 130,207,60,224,147,125,87,52,229,241,78,235,206,111,126,187,133,70,206,54,70,2,107,124,6,131,78,199,106,44,40,131,46,103,92
Best fitness found so far: 0.6244826411050864; k: 2.0
Generation: 107; 0.6244826411050864; k: 2.0; 130,207,60,224,147,230,87,52,229,241,78,235,206,193,126,210,246,9,204,67,38,151,120,133,79,37,78,233,151,182,40,49,40,29,118,152,207,2,146,12
Best fitness found so far: 0.6244826411050864; k: 2.0
Generation: 108; 0.6244826411050864; k: 2.0; 130,207,210,92,105,230,87,52,229,236,78,235,206,212,126,126,78,15,147,27,85,47,159,106,94,228,88,94,187,90,90,56,224,212,126,127,14,120,66,129,146,145,192,5,44,116,119,40,69,120,199,123,8,75,229,106,196,21,29,67,81,246,87,14,170,29,100,26,235,11,212,86,159,246,9,47,83,206,67,190,37,10,59,7,215,32,141,158,59,131,83
Best fitness found so far: 0.6244826411050864; k: 2.0
Generation: 109; 0.6244826411050864; k: 2.0; 130,207,210,92,147,230,87,52,229,241,78,235,206,236,243,159,246,9,47,47,231,106,151,120,133,195,111,202,223,106,9,160,29,218,78,207,2,92,229,141,78,235,143,225,34,140,125,117,100,155,207,200,131,103,92
Best fitness found so far: 0.6244826411050864; k: 2.0
Generation: 110; 0.6244826411050864; k: 2.0; 148,49,240,212,147,185,23,212,147,196,122,170,166,113,126,9,13,82,47,83,106,120,3,165,122,78,233,106,44,16,16,184,105,23,152,207,87,219,44,138,78,249,11,212,86,159,246,140,47,148,114,67,162,103,158,59,200,215,163,177,158,50,97,54,70,232,35,69,71,35,69,147,220,44,116,119,40,69,120,199,123,8,75,229,106,196,21,29,67,81,246,87,14,88,113,126,9,13,82,47,83,106,120,3,165,122,78,233,106,44,16,16,184,105,23,152,207,87,219,44,138,78,249,11,212,86,159,246,140,47,148,114,67,162,103,158,59,200,215,163,177,158,50,97,54,70,232,35,69,71,35,69,147,220,44,116,119,40,69,120,199,123,8,75,229,106,196,21,29,67,81
Best fitness found so far: 0.6244826411050864; k: 2.0
Generation: 111; 0.6244826411050864; k: 2.0; 148,49,240,233,147,235,23,212,147,196,122,170,99,113,126,9,13,82,47,83,106,120,3,133,131,78,233,106,44,16,16,184,105,23,152,207,87,17,44,138,78,249,11,212,86,159,246,140,47,83,25,230,185,52,229,141,78,235,23,107,22,148,159,13,78,47,15,100,177,248,200,97,54,70,225,107,69,88,18,147,230,185,52,229,141,78,235,23,107,22,148,159,13
Best fitness found so far: 0.6244826411050864; k: 2.0
Generation: 112; 0.6244826411050864; k: 2.0; 130,207,235,92,235,230,149,52,229,126,58,15,147,230,143,47,159,77,78,214,88,204,67,206,141,126,36,246,9,47,47,231,232,151,120,198,204,67,19,175,120,133,243,131,148,195,106,245,19,16,40,200,208,214,88,204,67,206,141,126,36,246,9,47,47,231,232,151,120,198,204,67,19,175
Best fitness found so far: 0.6244826411050864; k: 2.0
Generation: 113; 0.6244826411050864; k: 2.0; 148,49,240,212,147,235,23,212,147,196,122,170,223,113,126,9,13,198,47,83,106,120,3,1,241,189,235,206,193,59,11,83,163,177,158,50,97,54,70,2,35,69,88,220
Best fitness found so far: 0.6244826411050864; k: 2.0
Generation: 114; 0.6244826411050864; k: 2.0; 130,207,210,92,147,230,87,52,229,241,78,235,206,236,243,159,246,9,47,47,231,106,151,238,133,195,111,202,223,106,78,160,44,218,108,207,2,92,229,141,78,235,23,107,34,7,207,40,186,26,95,196,27,112
Best fitness found so far: 0.6244826411050864; k: 2.0
Generation: 115; 0.6244826411050864; k: 2.0; 148,207,240,212,209,230,185,52,229,141,78,235,23,107,22,148,159,13,22,148,159,192,43,45,241,75,235,206,123,126,159
Best fitness found so far: 0.6244826411050864; k: 2.0
Generation: 116; 0.6244826411050864; k: 2.0; 148,207,240,212,147,230,185,52,229,141,78,235,23,107,22,148,48,147,230,185,29,229,126,95,15,204,67,23,151,120,133,91,131,78,159,106,44,40,16,233,69,229,241,78,235,206,212,154,97,40,9,248,83,95,63,215,155,153,139,161,38,151,120,133,110,37,11,233,106,182,40,49,227,29,118,152,213,137,140,229
Best fitness found so far: 0.6244826411050864; k: 2.0
Generation: 117; 0.6244826411050864; k: 2.0; 148,207,240,212,147,230,185,52,229,141,78,235,23,107,57,153,159,154,92,47,83,163,177,248,200,97,54,70,2,107,69,88,18,147,230,185,52,229,202,223,131,47,167,226,110,246,133,14,147,183,207,158,92,111,47,191,54,131,47,233,106,23,192,155,200,208
Best fitness found so far: 0.6244826411050864; k: 2.0
Generation: 118; 0.6244826411050864; k: 2.0; 139,207,235,92,147,230,185,52,229,126,78,15,147,115,87,88,159,78,233,212,14,7,16,184,105,118,152,107,87,17,229,138,78,249,11,212,86,159,118,9,47,83,206,67,162,87,43,161,29,224
Best fitness found so far: 0.6244826411050864; k: 2.0
Generation: 119; 0.6244826411050864; k: 2.0; 130,207,210,92,147,230,87,52,229,241,78,235,206,212,126,159,246,9,24,47,231,106,151,120,198,204,67,38,175,120,133,243,131,148,233,106,44,40,16,40,29,118,152,229,209,70,235,206,193,126,159,246,11,47,83,206,63,215,155,162,83,106,97,40,242,118,182,40,49,213,29,118,152,207,2,140,87,52,229,241
Best fitness found so far: 0.6244826411050864; k: 2.0
Generation: 120; 0.6244826411050864; k: 2.0; 148,49,240,212,37,230,57,52,229,141,78,235,138,107,34,148,139,117,78,130,158,97,54,70,2,107,69,185,131,78,233,106,148,49,240,212,147,230,57,52,229,141,78,235,23,107,34,148,89,117,78,130,207,200,131,147,230,121,52,229,241,78,127,147,57,214,197,229,194,78,169,165,198,126,159,246,9,26,91,161,235,206,212,126,159,110,9,47,47,231,106,151,120,198,248,67,38,175,120,133,243,153,148,78,106,125,40,16,177,216,118,152,148,2,140,12
Best fitness found so far: 0.6244826411050864; k: 2.0
Generation: 121; 0.6244826411050864; k: 2.0; 148,207,100,212,147,230,185,52,229,141,78,235,23,107,22,148,159,13,229,141,78,235,248,107,109,97,40,144,14,196,200,97,246,158,245,244,74
Best fitness found so far: 0.6244826411050864; k: 2.0
Generation: 122; 0.6244826411050864; k: 2.0; 130,17,105,92,147,230,87,52,229,241,2,235,23,93,249,13,246,9,158,147,230,236,52,8,122,78,235,23,212,59,243,149,120,128,118,131,47,167,226,159,40,133,14,147,183,207,134,240,241,75,235,206,212,126,159
Best fitness found so far: 0.6244826411050864; k: 2.0
Generation: 123; 0.6244826411050864; k: 2.0; 130,17,105,92,147,230,87,52,229,241,78,235,196,93,126,13,12,9,158,147,230,185,52,8,131,187,235,95,212,147,243,149,120,128,87,51,206,87,90,159,231,133,14,147,183,207,158,31,52,229,241,78,132,147,248,214,197,103,194,78,172,54,212,126,159,246,9,26,117,230,63,215,155,114,10,106,95,40,211,100,65,128,15,17,89,113,178,143,87,217,142,241,75,147,81,212,2,24,229,241,78,209,20,248,214,197,151,194,78,172,54,212,126,159,246,9,26,117,123,63,215,155,114,10,106,128,40,222,100,65,128,15,17,89,113,178,230,87,92,229,241,75,147,185,52,229,141,78,235,23,107,34,148,159,136,78,130,207,176,131,147,230,121,52,229,241,78,235,147,126,87,197,229,241,78,235,206,143,126,65,242,9,47,79,9
Best fitness found so far: 0.6244826411050864; k: 2.0
Generation: 124; 0.6244826411050864; k: 2.0; 130,207,240,212,147,230,185,52,229,141,78,235,248,105,109,97,44,144,14,47,83,206,197,215,155,162,83,106,97,40,242,118,182,40,49,40,29,118,152,207,2,140,12,224,147,230,87,52,229,95,78,100,206
Best fitness found so far: 0.6244826411050864; k: 2.0
Generation: 125; 0.6244826411050864; k: 2.0; 182,207,235,92,147,230,185,52,229,126,78,15,147,182,143,215,159,106,78,40,88,250,187,47,4,81,224,212,126,127,133,175,131,14,216,106,245,19,16,94,200,208
Best fitness found so far: 0.6244826411050864; k: 2.0
Generation: 126; 0.6244826411050864; k: 2.0; 197,207,240,212,147,230,185,52,229,141,78,235,23,232,87,43,46,241,75,59,131,83,163,177,158,104,173,126,70,2,35,69,88,181,230,185,52,229,92,78,235,23,107,126,75,133,216,206,245,243,67,38,175,120,216,206,131,199,233,218,156,40,16,40,60,224,147,230,87,107,229,241,78,235,206,193,156,159,246,9,47,67,204,63,215,155,162,83,75,97,40,242,118,182,40,49,40,29,118,152,207,2,140,12,224,147,230,87,52,233,241,78,235,206
Best fitness found so far: 0.6244826411050864; k: 2.0
Generation: 127; 0.6244826411050864; k: 2.0; 240,207,60,224,147,125,87,52,229,241,78,235,206,111,126,187,133,70,206,196,138,67,38,175,120,147,230,185,52,229,141,78,235,23,107,22,45,159,13,78,47,83,163,66,216,200,97,171,70,2,107,69,77,18,147,230,185,52,229,141,105,187,196,32,97,40,242,31,87,155,229,241,183,235,206,83,126,177,206,230,26,87,52,4,241,3,199,206,119,192,20,84,24,47,130,168,73,166
Best fitness found so far: 0.6244826411050864; k: 2.0
Generation: 128; 0.6244826411050864; k: 2.0; 148,49,240,212,147,235,23,212,147,196,122,170,144,248,126,98,13,22,47,83,227,120,3,133,131,78,233,103,44,187,16,140,105,118,106,151,120,184,238,31,202,223,131,47,167,226,159,40,242,118,87,155,229,241,78,235,206,83,126,177,40,218,26,87,52,4,241,3,166,206,119,192,20,84,9,47,130,130,73,166
Best fitness found so far: 0.6244826411050864; k: 2.0
Generation: 129; 0.6244826411050864; k: 2.0; 148,49,240,242,147,235,131,212,147,196,122,170,115,248,126,98,13,198,47,8,106,120,3,174,131,78,233,103,44,7,94,42,105,118,106,152,120,175,195,37,202,223,106,120,108,79,83,206,63,175,155,246,83,106,235,87,111,161,162,45
Best fitness found so far: 0.6244826411050864; k: 2.0
Generation: 130; 0.6244826411050864; k: 2.0; 130,207,60,101,147,190,87,52,229,241,78,235,206,193,126,188,74,196,78,170,115,120,126,9,166,199,106,44,40,131,207,103,92
Best fitness found so far: 0.6244826411050864; k: 2.0
Generation: 131; 0.6244826411050864; k: 2.0; 148,207,240,212,147,230,185,52,229,141,78,235,23,107,54,148,159,13,78,173,83,163,224,248,200,97,54,70,2,107,69,88,18,147,230,185,52,229,141,78,13,198,16,83,106,214,3,133,138,78,233,106,44,16,128,184,105,2,152,207,87,17,133,132,144,172,29,33,224,199,166,40,103,163,31,236,118,119
Best fitness found so far: 0.6244826411050864; k: 2.0
Generation: 132; 0.6244826411050864; k: 2.0; 130,113,210,221,147,230,87,52,229,241,78,235,206,212,126,159,241,111,47,47,231,106,151,120,198,204,221,183,61,224,70,92,164,99,188,107,132,13,176,47,83,163,177,226,200,97,54,9,83,47,231,106,144,199,76,185
Best fitness found so far: 0.6244826411050864; k: 2.0
Generation: 133; 0.6244826411050864; k: 2.0; 104,207,240,212,147,230,185,52,229,141,98,235,23,107,22,148,159,13,78,47,83,163,177,162,200,97,54,70,2,107,69,88,18,147,230,185,52,229,141,146,235,23,32,13,187,116,18,206,106,243,221,8,61,81,120,66,52,146,111,192,5,44,116,119,40,151,120,199,13,8,75,229,106,196,212,29,67,81,246,87,14,88,29,138,78,249,11,212,86,159,136,9,57,83,206,67,67,37,3,59,7,215,163,203,158,59,97,54,70,71,35,69,147,220,44,116,119,203,69,120,199,123,8,75,229,106,196,21,76,67,81,88,87,14,88
Best fitness found so far: 0.6244826411050864; k: 2.0
Generation: 134; 0.6244826411050864; k: 2.0; 35,49,240,212,147,230,119,52,229,141,144,235,43,107,34,156,159,117,78,130,207,32,165,67,230,81,153,227,100,78,235,153,57,62,114,196,22,230,57,52,229,29,168,235,23,107,34,7,245,117,126,153,117,177,158,22,97,54,70,2,35,69,88,220,83,214,177,250,200,49,26,125,2,107,69,88,18,147,230,185,52,229,141,147,235,156
Best fitness found so far: 0.6244826411050864; k: 2.0
Generation: 135; 0.6244826411050864; k: 2.0; 183,207,60,224,147,230,87,67,229,241,78,235,19,193,126,213,221,9,47,91,178,63,154,155,162,83,106,97,40,165,133,131,120,133,79,201,43,240,241,75,235,206,212,126,159
Best fitness found so far: 0.6244826411050864; k: 2.0
Generation: 136; 0.6244826411050864; k: 2.0; 99,207,240,212,147,230,185,52,229,141,78,235,23,141,22,148,159,13,78,47,83,163,165,216,200,97,54,70,2,107,69,88,18,147,230,185,52,229,141,105,187,196,32,97,206,242,118,87,155,3,241,78,235,206,83,126,177,40,229,241,78,235,206,193,126,240,246,11,47,83,206,63,215,155,162,40,106,97,40,242,118,182,40,49,40,29,118,152,207,2,140,87,62,229,241
Best fitness found so far: 0.6244826411050864; k: 2.0
Generation: 137; 0.6244826411050864; k: 2.0; 130,207,45,224,147,230,35,52,229,76,78,235,130,193,126,159,221,9,47,83,178,63,215,224,186,83,188,179,40,242,126,98,13,102,47,83,106,120,3,133,131,78,233,103,44,7,16,184,105,45,106,151,217,184,195,37,90,223,106,120,133,79,37,78,233,106,182,40,49,52,29,118,152,207,2,140,12
Best fitness found so far: 0.6244826411050864; k: 2.0
Generation: 138; 0.6244826411050864; k: 2.0; 130,207,60,224,147,125,87,52,229,241,78,235,206,244,113,187,133,175,206,245,243,67,38,175,120,216,243,131,199,233,218,156,40,84,40,161,29,45
Best fitness found so far: 0.6244826411050864; k: 2.0
Generation: 139; 0.6244826411050864; k: 2.0; 120,207,235,92,147,230,185,52,113,126,78,15,204,67,23,151,56,133,79,131,97,159,106,44,40,16,229,69,229,241,78,235,206,212,107,159,246,9,248,83,95,63,215,155,153,204,161,38,151,120,133,110,37,11,233,106,182,40,49,41,29,118,233,148,233,106,44,40,16,40,29,118,30,207,2,140,12
Best fitness found so far: 0.6244826411050864; k: 2.0
Generation: 140; 0.6244826411050864; k: 2.0; 130,207,235,92,139,230,149,52,229,126,58,15,147,230,143,47,159,236,78,40,88,204,67,38,151,120,133,193,59,47,83,163,177,113,16,120,133,111,131,78,233,106,44,40,16,40,29,250,152,207,210,140,12
Best fitness found so far: 0.6244826411050864; k: 2.0
Generation: 141; 0.6244826411050864; k: 2.0; 160,207,210,92,147,230,87,52,229,241,78,235,206,212,126,159,246,188,47,47,231,106,151,120,180,204,67,38,175,120,133,243,188,148,233,106,44,40,16,40,29,118,152,207,2,140,163,31,77,212,119
Best fitness found so far: 0.6244826411050864; k: 2.0
Generation: 142; 0.6244826411050864; k: 2.0; 130,207,60,224,147,125,87,52,229,241,78,235,117,78,14,207,97,54,70,2,107,69,185,131,78,233,106,44,40,16,125,103,92
Best fitness found so far: 0.6244826411050864; k: 2.0
Generation: 143; 0.6244826411050864; k: 2.0; 148,61,240,212,147,230,185,52,229,141,78,235,23,107,13,78,47,83,163,177,248,37,33,54,70,2,107,119,88,174,11,212,86,159,246,9,47,83,206,67,162,87,43,108,29,224
Best fitness found so far: 0.6244826411050864; k: 2.0
Generation: 144; 0.6244826411050864; k: 2.0; 148,207,240,212,79,230,185,52,229,141,78,235,23,107,87,43,240,241,75,235,206,212,67,38,175,120,216,243,107,212,126,159,246,9,47,83,137,63,164,155,32,148,111,47,191,89,131,8,233,106,23,40,163,186,208
Best fitness found so far: 0.6244826411050864; k: 2.0
Generation: 145; 0.6244826411050864; k: 2.0; 148,117,240,212,147,235,23,212,147,196,122,170,115,120,126,9,13,56,47,245,106,120,3,128,191,78,233,152,44,7,16,184,105,118,106,151,204,92,38,47,120,154,72,78,235,206,212,245,159,246,9,47,47,231,106,151,120,133,195,106,78,60,88,204,67,143,151,120,133,79,37,78,233,44,182,40,49,40,29,178,152,207,144,140,12
Best fitness found so far: 0.6244826411050864; k: 2.0
Generation: 146; 0.6244826411050864; k: 2.0; 96,113,210,92,147,230,87,52,229,241,78,235,206,218,126,159,246,111,47,193,231,106,151,120,198,204,221,183,61,224,70,92,164,99,188,107,159,13,218,47,19,163,177,226,200,97,54,134,2,248,69,6,131,159,106,78,40,88,50,187,47,247,56,224,206,126,224,234,120,34,129,245,145,233,5,44,116,213,40,69,120,244,123,8,61,140,87,92,229,241,75,235,81,212,2,24,188,107,159,13,218,47,19,163,177,226,200,97,54,134,2,248,69,6,131,159,106,78,40,88,50,187,47,247,56,224,206,126,224,234,120,34,129,245,145,233,5,44,116,213,40,69,120,244,123,8,61,140,87,92,229,241,75
Best fitness found so far: 0.6244826411050864; k: 2.0
Generation: 147; 0.6244826411050864; k: 2.0; 130,121,175,38,147,230,227,52,229,106,151,120,184,238,37,202,223,131,47,167,226,159,40,133,14,147,183,207,158,92,147,47,191,54,131,47,233,106,23,40,155,200,245
Best fitness found so far: 0.6244826411050864; k: 2.0
Generation: 148; 0.6244826411050864; k: 2.0; 130,89,60,224,147,230,87,52,229,241,228,195,206,193,33,185,246,245,112,83,206,63,87,52,229,241,189,235,206,78,235,23,107,13,78,47,83,163,177,220,37,97,54,224,100,107,119,88,18,147,230,185,52,219,141,146,235,23,234,133,187,195,18,206,196,243,38,106,61,224,70,120,147,99,87,107,171,228,59,47,83,163,177,158,50,108,54,201,2,35,69,88,220
Best fitness found so far: 0.6244826411050864; k: 2.0
Generation: 149; 0.6244826411050864; k: 2.0; 183,207,60,224,21,230,87,52,229,241,78,235,9,193,126,213,221,9,47,91,178,63,154,155,162,83,106,97,40,165,133,131,120,133,79,201,78,127,82,44,82,16,207,182,95,32,4,56,47,113,151,220,133,79,102,78,133,57,177,248,200,97,54,83,2,107,69,231,18,147,230,185,52,229,141,146,235,23,32,13,187,176,49,206,175,243,221,183,61,224,70,120,147,99,87,107,159,13,59,84,83,163,64,158,50,130,207,60,149,147,125,87,52,229,228,78,235,206,244,126,47,47,231,106,151,84,198,132,202,38,175,101,133,243,131,148,104,106,170,40,16,40,29,118,120,207,2,140,12
Best fitness found so far: 0.6244826411050864; k: 2.0
Generation: 150; 0.6244826411050864; k: 2.0; 144,207,60,224,147,230,87,52,229,241,94,235,206,193,126,185,246,9,47,207,2,140,12
Best fitness found so far: 0.6244826411050864; k: 2.0
Generation: 151; 0.6244826411050864; k: 2.0; 104,207,240,212,147,230,185,52,229,141,78,235,23,107,22,148,159,142,78,47,83,163,177,248,129,97,54,70,2,107,69,88,18,147,230,164,52,229,141,146,235,43,32,13,187,116,18,236,196,243,221,183,61,224,70,120,147,99,87,107,159,127,59,47,83,163,230,185,52,229,126,78,15,118,113,87,47,164,184,78,55,88,18
Best fitness found so far: 0.6244826411050864; k: 2.0
Generation: 152; 0.6244826411050864; k: 2.0; 20,207,60,224,105,230,87,52,229,241,78,235,130,193,126,159,221,9,47,83,178,63,215,155,162,83,106,97,40,242,133,131,120,133,79,201,78,207,105,44,190,16,207,103,92,32,4,56,47,241,78,235,206,193,59,47,83,152,87,52,229,241,78,235,130,193,126,159,221,9,47,83,178,63,215,155,162,83
Best fitness found so far: 0.6244826411050864; k: 2.0
Generation: 153; 0.6244826411050864; k: 2.0; 130,207,60,224,147,230,87,52,229,241,78,235,130,193,126,159,221,9,47,83,178,63,93,155,162,83,106,97,40,242,133,131,120,133,79,201,78,233,106,44,190,16,207,103,92,32,4,56,47,113,30,120,244,230,121,52,229,45,78,8,147,230,87,197,229,241,78,235,206,143,126,131,246,9,11,79,9
Best fitness found so far: 0.6244826411050864; k: 2.0
Generation: 154; 0.6244826411050864; k: 2.0; 148,49,240,212,147,230,57,52,229,141,78,235,23,107,189,148,159,117,78,130,207,200,131,147,230,157,83,229,241,78,235,147,57,214,197,229,194,195,235,54,174,126,159,246,9,26,233,123,63,215,155,246,88,106,128,235,211,118,187,128,15,17,89,113,178,208,79,148,159,13,78,47,83,97,90,248,200,97,54,70,2,1,69,88,18,147,230,96,52,229,141,78,235,23,107,22,148,159,47
Best fitness found so far: 0.6244826411050864; k: 2.0
Generation: 155; 0.6244826411050864; k: 2.0; 148,183,240,212,147,235,23,212,147,196,122,170,115,120,126,9,13,198,31,245,106,120,3,147,87,199,229,164,78,235,206,83,16,177,84,218,120,192,30,4,241,118,234,170,78,159,106,74,160,29,161,22,207,23,107,34,239,159,117,78,130,207,200,40,229,40,106,207,205,49,183,29,118,92,245
Best fitness found so far: 0.6244826411050864; k: 2.0
Generation: 156; 0.6244826411050864; k: 2.0; 148,49,240,212,147,235,23,212,147,196,78,155,207,200,131,147,230,31,52,229,241,78,235,147,248,214,197,67,194,78,235,54,212,126,159,246,213,26,117,123,63,249,91,114,88,8,128,40,211,100,187,128,65,17,134,133,178,230,87,18,229,241,78,168,147,170,87,197,229,168,78,235,115,143,126,159,246,9,47,79,9
Best fitness found so far: 0.6244826411050864; k: 2.0
Generation: 157; 0.6244826411050864; k: 2.0; 6,207,190,92,147,230,149,52,229,126,58,15,147,230,143,47,159,160,78,40,88,204,67,38,151,120,94,79,37,78,233,106,182,131,199,233,106,156,80,16,40,29,118,152,207,2,97,106,78,40,183,18
Best fitness found so far: 0.6244826411050864; k: 2.0
Generation: 158; 0.6244826411050864; k: 2.0; 130,207,60,224,49,125,221,52,229,241,78,235,206,244,126,187,186,107,206,27,243,113,38,175,120,149,120,131,199,233,218,156,40,107,40,60,224,147,230,87,52,229,241,78,69,241,78,235,149,38,126,187,133,107,206,245,14,67,38,175,120,93,243,131,199,233,218,156,40,16,40,76,224,123,230,87,52,229,241,101,235,13,193,156,159,141,9,47,110,206,63,215,69,162,83,106,97,40,242,118,182,40,49,40,29,206,152,207,2,140,12,224,147,230,87,52,229,241,78,235,206,186,107,44,84,243,67,38,175,120,216,34,131,199,233,204,156,40,107,40,60,93,147,230,87,130,17,105,92,207,237,87,52,229,241,78,235,23,93,126,13,246,9,243,147,230,185,52,8,126,78,235,23,212,147,243,149,120,128,118,145,47,167,226,170,40,3,14,147,183,207,158,197,147,47,191,54,131,47,233,106,23,40,155,200,208
Best fitness found so far: 0.6244826411050864; k: 2.0
Generation: 159; 0.6244826411050864; k: 2.0; 130,207,60,224,147,230,87,52,229,241,78,235,206,193,220,159,246,9,47,38,206,63,191,155,162,83,106,97,40,242,118,87,52,229,241,78,235,206,83,126,26,95,196,27,112
Best fitness found so far: 0.6244826411050864; k: 2.0
Generation: 160; 0.6244826411050864; k: 2.0; 130,207,60,224,147,125,25,52,229,241,78,235,206,244,126,187,133,107,206,245,243,204,38,175,120,216,243,131,199,233,43,156,40,16,40,60,224,147,230,87,177,229,241,78,77,206,193,156,159,246,93,47,83,206,63,215,155,162,83,106,97,40,242,118,182,81,78,40,29,118,152,83,126,177,40,218,26,87,169,4,241,21,199,206,119,192,207,84,108,47,130,130,73,166
Best fitness found so far: 0.6244826411050864; k: 2.0
Generation: 161; 0.6244826411050864; k: 2.0; 130,207,235,92,147,230,149,52,229,126,58,15,147,1,43,47,203,234,78,85,234,204,59,188,151,78,160,213,236,152,207,2,92,206,193,126,159,246,73,47,83,206,63,191,158,162,128,106,97,40,242,118,87,52,229,164,78,235,206,83,126,177,84,90,26,27,247,4,241,118,234,37,213,159,106,74,160,29,161,22,207,40,186,26,95,196,153,122
Best fitness found so far: 0.6244826411050864; k: 2.0
Generation: 162; 0.6244826411050864; k: 2.0; 127,221,240,212,147,230,185,52,229,141,78,185,127,246,9,47,79,9
Best fitness found so far: 0.6244826411050864; k: 2.0
Generation: 163; 0.6244826411050864; k: 2.0; 130,207,235,92,147,230,185,52,229,126,78,15,64,92,147,193,185,52,229,126,78,15,147,230,143,190,159,106,78,40,88,50,187,47,90,56,224,212,47,127,151,120,131,129,146,145,233,5,44,116,213,146,149,120,133,123,8,75,229,106,196,21,29,67,81,161,87,14,88,29,97,117,172,18,33,111,72,166,40,163,163,31,77,212,119
Best fitness found so far: 0.6244826411050864; k: 2.0
Generation: 164; 0.6244826411050864; k: 2.0; 130,207,60,224,147,205,87,52,229,241,78,235,206,244,126,47,47,231,106,151,84,198,204,67,38,175,120,133,243,131,199,206,119,126,20,246,9,47,130,130,73,95
Best fitness found so far: 0.6244826411050864; k: 2.0
Generation: 165; 0.6244826411050864; k: 2.0; 148,49,240,212,147,230,57,52,229,141,78,235,138,246,9,47,79,78,88,206
Best fitness found so far: 0.6244826411050864; k: 2.0
Generation: 166; 0.6244826411050864; k: 2.0; 183,207,60,224,147,230,87,52,229,241,78,235,9,193,126,213,221,9,47,91,178,63,154,155,162,83,106,97,40,165,133,131,120,133,79,201,78,127,82,44,190,16,207,182,92,32,4,239,47,113,151,120,133,228,102,78,83,57,177,248,200,97,107,22,148,84,13,163,177,180,200,97,54,70,2,107,69,6,131,78,199,25,44,40,131,8,103,92
Best fitness found so far: 0.6244826411050864; k: 2.0
Generation: 167; 0.6244826411050864; k: 2.0; 148,47,240,212,147,230,185,52,229,141,78,235,76,107,22,148,49,200,212,139,235,23,212,147,196,122,170,223,113,126,9,13,71,47,83,106,120,3,118,196,200,149,54,131,2,157,69,188,18
Best fitness found so far: 0.6244826411050864; k: 2.0
Generation: 168; 0.6244826411050864; k: 2.0; 197,207,240,212,147,230,185,52,229,141,78,235,23,107,87,43,245,164,75,59,131,83,163,177,158,104,240,54,70,2,35,69,88,181,230,111,52,229,141,97,219,1,2,107,69,237,131,78,233,106,44,40,16,207,103,92
Best fitness found so far: 0.6244826411050864; k: 2.0
Generation: 169; 0.6244826411050864; k: 2.0; 148,207,240,212,147,230,185,52,229,141,78,235,23,221,34,148,159,117,78,143,207,200,131,147,230,121,52,229,241,78,175,147,230,87,197,229,241,78,78,235,83,73,63,98,80,162,245,106,97,40,242,118,182,107,49,40,29,118,152,207,163,140,12,224,147,230,87,89,229,18,78,235,206
Best fitness found so far: 0.6244826411050864; k: 2.0
Generation: 170; 0.6244826411050864; k: 2.0; 130,207,60,224,147,230,87,52,229,241,152,235,206,193,126,185,167,9,47,83,222,235,23,212,151,196,122,170,223,113,126,9,13,198,47,64,106,120,3,133,131,78,233,106,44,7,16,184,105,118,152,207,87,17,229,138,78,160,11,212,33,159,246,9,47,83,206,67,162,87,43,101,29,224
Best fitness found so far: 0.6244826411050864; k: 2.0
Generation: 171; 0.6244826411050864; k: 2.0; 130,207,210,92,147,230,87,52,229,241,78,95,206,236,243,159,90,9,200,47,115,210,151,120,113,241,230,87,103,36,241,133,235,81,212,2,24,113,147,196,122,170,115,120,126,9,13,198,47,245,106,120,219,128,131,78,233,106,44,7,153,184,105,118,106,124,204,92,38,47,71,154,234,37,56,159,106,74,160,29,21,228,207,40,186,76,89,196,27,24
Best fitness found so far: 0.6244826411050864; k: 2.0
Generation: 172; 0.6244826411050864; k: 2.0; 130,207,210,92,147,230,87,52,229,241,78,235,206,212,12,159,246,9,47,47,231,106,151,120,133,195,111,221,16,207,182,92,32,221,234,47,113,151,120,133,19,102,78,83,57,177,248,200,97,54,70,2,107,69,194,18,147,230,185,52,229,141,146,235,23,32,13,187,176,49,206,175,243,221,183,61,224,70,120,147,99,94,19,159,13,59,47,83,163,177,28,50,108,54,201,2,35,51,88,220
Best fitness found so far: 0.6244826411050864; k: 2.0
Generation: 173; 0.6244826411050864; k: 2.0; 148,207,240,62,147,230,185,52,229,141,78,235,23,175,34,20,5,117,78,130,207,200,131,147,230,121,52,229,241,78,235,147,230,87,197,229,241,78,235,206,32,7,187,152,18,126,196,243,37,183,61,224,70,120,147,147,87,107,159,13,139,47,83,163,177,158,50,108,54,201,2,35,69,88,220
Best fitness found so far: 0.6244826411050864; k: 2.0
Generation: 174; 0.6244826411050864; k: 2.0; 130,41,175,38,147,230,227,52,229,241,25,235,23,93,126,13,246,218,158,147,230,208
Best fitness found so far: 0.6244826411050864; k: 2.0
Generation: 175; 0.6244826411050864; k: 2.0; 130,17,175,38,147,230,227,52,229,241,78,235,18,93,10,125,246,218,44,147,230,185,52,8,135,78,230,57,52,229,141,78,235,23,107,34,7,125,57,78,155,207,200,131,147,230,31,52,229,241,78,235,171,197,214,197,229,194,78,235,54,212,126,159,246,9,26,117,123,63,215,155,114,88,106,128,40,211,100,187,128,15,17,89,113,178,230,87,67,200,208
Best fitness found so far: 0.6244826411050864; k: 2.0
Generation: 176; 0.6244826411050864; k: 2.0; 130,207,210,92,147,230,81,52,229,241,78,235,206,212,126,76,246,9,47,47,231,106,151,120,133,195,111,202,223,106,134,160,29,218,108,207,2,92,229,141,78,235,23,107,34,7,125,117,100,155,207,200,131,147,230,31,52,229,241,78,132,147,248,214,197,229,194,78,172,148,159,117,78,130,207,200,40,4,40,106,207,205,49,40,29,118,92,245
Best fitness found so far: 0.6244826411050864; k: 2.0
Generation: 177; 0.6244826411050864; k: 2.0; 130,207,210,92,147,230,87,52,229,241,78,235,113,126,9,13,4,47,67,106,168,3,62,131,78,233,106,44,7,16,210,105,24,152,207,87,17,229,194,78,235,158,212,218,159,246,9,47,83,206,7,61,184,105,118,106,151,56,184,210,111,202,223,33,78,160,29,90,152,207,2,92,28
Best fitness found so far: 0.6244826411050864; k: 2.0
Generation: 178; 0.6244826411050864; k: 2.0; 182,207,235,92,147,230,185,52,87,126,78,15,147,137,143,47,3,244,78,40,88,50,187,47,217,56,224,212,126,127,151,120,131,47,231,106,151,120,198,204,67,38,175,120,133,243,131,132,233,106,44,40,16,40,26,118,152,207,2,140,12,217,56,224,212,126,127
Best fitness found so far: 0.6244826411050864; k: 2.0
Generation: 179; 0.6244826411050864; k: 2.0; 182,207,235,92,147,230,185,52,229,126,78,15,147,230,143,47,159,38,78,40,88,50,187,47,90,56,224,212,126,127,151,120,131,129,146,145,233,5,44,116,213,40,69,78,235,206,111,6,39,84,107,206,196,138,67,38,232,120,216,181,131,199,233,106,156,80,16,40,29,118,152,207,2,97,106,78,40,74,18
Best fitness found so far: 0.6244826411050864; k: 2.0
Generation: 180; 0.6244826411050864; k: 2.0; 148,49,240,212,147,230,57,52,229,141,78,235,122,107,34,148,159,117,78,130,207,200,131,147,190,121,52,229,241,78,235,147,57,214,197,229,194,78,235,123,206,215,155,246,88,106,128,40,211,118,187,128,15,17,89,113,178,230,87,43,237,241,75,235,206,212,126,159
Best fitness found so far: 0.6244826411050864; k: 2.0
Generation: 181; 0.6244826411050864; k: 2.0; 35,49,240,212,147,230,41,52,229,141,144,235,138,107,34,156,159,72,78,130,207,32,165,67,230,121,153,227,241,78,235,153,57,62,114,196,22,230,57,52,229,141,13,78,47,83,156,177,248,212,97,54,70,2,107,69,88,18,147,230,185,52,229,46,146,235,246,32,13,187,116,18,206,196,243,221,183,61,224,70,120,147,99,87,118,159,13,59,168,83,163,177,158,50,108,54,201,2,35,69,88,220
Best fitness found so far: 0.6244826411050864; k: 2.0
Generation: 182; 0.6244826411050864; k: 2.0; 183,207,60,224,147,230,87,52,229,241,78,235,9,193,126,213,221,7,47,91,178,63,154,155,162,83,106,97,40,165,133,131,120,133,79,201,78,127,82,44,190,16,207,182,92,32,4,56,47,113,151,120,133,79,185,78,83,57,177,248,200,97,54,70,2,73,69,88,18,147,239,47,130,130,73,95
Best fitness found so far: 0.6244826411050864; k: 2.0
Generation: 183; 0.6244826411050864; k: 2.0; 127,49,240,212,147,230,57,52,229,141,78,235,138,107,34,148,159,117,78,130,207,97,54,70,2,107,69,185,131,78,233,118,152,207,2,92,245
Best fitness found so far: 0.6244826411050864; k: 2.0
Generation: 184; 0.6244826411050864; k: 2.0; 130,207,210,92,233,230,87,52,115,241,78,120,206,236,119,159,246,9,47,47,231,106,151,120,133,195,237,202,223,106,78,121,102,218,108,207,2,92,229,141,78,235,23,107,216,7,125,219,100,155,207,200,131,147,18,206,196,243,221,183,61,166,70,120,147,99,21,105,159,13,59,47,83,163,177,6,50,108,54,201,2,35,69,88,220
Best fitness found so far: 0.6244826411050864; k: 2.0
Generation: 185; 0.6244826411050864; k: 2.0; 130,207,60,224,147,230,87,52,229,241,78,235,5,193,126,159,246,135,47,209,206,63,215,155,81,83,106,97,40,20,118,182,52,8,199,119,235,23,68,147,243,149,120,196,32,97,40,31,118,114,155,229,241,78,235,206,142,126,177,40,218,26,87,52,4,241,3,199,206,51,192,20,84,9,47,130,130,73,166
Best fitness found so far: 0.6244826411050864; k: 2.0
Generation: 186; 0.6244826411050864; k: 2.0; 130,207,60,224,147,230,87,52,229,241,78,235,206,193,126,130,246,9,47,83,199,233,106,156,80,16,40,29,118,152,207,2,97,106,78,40,74,18
Best fitness found so far: 0.6244826411050864; k: 2.0
Generation: 187; 0.6244826411050864; k: 2.0; 144,207,60,224,147,230,87,52,229,241,94,235,206,193,126,185,246,9,47,83,206,63,215,155,162,83,109,97,51,144,5,191,200,97,246,86,163,200,208
Best fitness found so far: 0.6244826411050864; k: 2.0
Generation: 188; 0.6244826411050864; k: 2.0; 123,207,235,92,147,230,185,52,229,126,78,15,147,169,87,88,159,60,224,147,230,87,127,229,241,78,175,206,193,126,159,246,73,47,83,206,63,191,155,162,128,106,203,40,242,154,87,52,229,32,78,21,206,83,232,177,84,218,26,27,30,4,208,118,234,37,78,159,106,74,160,29,191,22,207,40,186,26,95,196,27,112
Best fitness found so far: 0.6244826411050864; k: 2.0
Generation: 189; 0.6244826411050864; k: 2.0; 130,207,60,224,147,125,113,2,229,241,78,235,206,244,126,187,133,107,206,245,163,67,38,175,120,216,243,131,199,249,218,156,40,54,40,60,224,147,230,87,52,87,241,78,235,206,193,156,159,246,9,47,192,206,63,215,155,162,83,106,97,40,137,118,182,64,18,79,37,214,117,106,156,118,49,40,29,19,152,207,60,224,147,230,87,52,229,241,78,235,206,193,9,47,83,152
Best fitness found so far: 0.6244826411050864; k: 2.0
Generation: 190; 0.6244826411050864; k: 2.0; 130,207,60,224,147,230,87,52,229,241,78,235,206,165,59,218,26,27,30,4,241,118,234,37,78,230,191,74,160,29,161,179,4,40,186,26,95,196,27,112
Best fitness found so far: 0.6244826411050864; k: 2.0
Generation: 191; 0.6244826411050864; k: 2.0; 148,207,240,212,147,230,185,52,229,141,78,235,23,107,22,148,159,13,78,216,83,163,177,248,200,97,54,70,2,107,69,88,207,2,140,195
Best fitness found so far: 0.6244826411050864; k: 2.0
Generation: 192; 0.6244826411050864; k: 2.0; 148,49,240,212,147,230,195,52,229,141,52,235,23,107,34,148,159,117,78,130,207,200,14,147,230,157,52,229,127,78,235,147,134,214,197,229,194,78,235,54,212,126,159,246,9,26,129,123,63,79,155,246,88,106,128,40,211,118,75,128,15,207,87,17,229,194,78,235,158,212,126,159,246,9,47,83,206,67,162,87,43,161,29,45
Best fitness found so far: 0.6244826411050864; k: 2.0
Generation: 193; 0.6244826411050864; k: 2.0; 130,207,60,224,147,230,87,52,229,241,78,235,206,193,126,159,246,9,130,207,60,224,147,230,108,52,229,241,114,235,206,193,59,47,83,163,177,159,207,97,54,70,148,159,236
Best fitness found so far: 0.6244826411050864; k: 2.0
Generation: 194; 0.6244826411050864; k: 2.0; 130,17,105,38,147,230,87,52,229,241,78,235,23,93,126,13,246,9,158,147,230,28,52,8,243,174,235,23,212,147,196,122,170,79,113,126,9,13,4,47,83,106,120,3,62,131,78,233,106,44,7,16,210,105,24,152,207,40,17,229,194,78,235,158,141,126,159,246,9,47,83,206,7,16,184,105,118,192,20,84,9,47,130,130,73,166
Best fitness found so far: 0.6244826411050864; k: 2.0
Generation: 195; 0.6244826411050864; k: 2.0; 130,207,60,224,147,220,87,52,229,241,78,235,206,244,126,47,47,231,106,151,84,198,204,67,38,175,120,133,243,106,44,40,16,40,29,47,152,207,2,140,12
Best fitness found so far: 0.6244826411050864; k: 2.0
Generation: 196; 0.6244826411050864; k: 2.0; 130,207,60,224,147,125,221,52,229,241,78,235,206,244,126,187,186,107,206,27,243,67,142,166,27,52,229,141,78,235,83,73,63,215,80,162,83,106,97,40,162,118,182,107,49,40,186,118,152,207,163,140,12,224,147,230,87,52,37,241,78,235,206
Best fitness found so far: 0.6244826411050864; k: 2.0
Generation: 197; 0.6244826411050864; k: 2.0; 148,207,240,212,147,230,185,52,229,141,78,235,141,107,109,136,40,69,182,131,78,48,106,21,40,16,207,81,92
Best fitness found so far: 0.6244826411050864; k: 2.0
Generation: 198; 0.6244826411050864; k: 2.0; 144,21,60,224,147,230,87,52,53,241,94,235,118,193,126,132,246,9,47,83,206,235,23,107,22,148,8,116,130,177,226,200,97,54,70,175,107,69,18
Best fitness found so far: 0.6244826411050864; k: 2.0
Generation: 199; 0.6244826411050864; k: 2.0; 130,207,210,92,147,230,87,52,229,236,78,235,206,212,126,126,78,27,147,27,143,47,159,106,122,40,171,50,187,47,90,56,224,138,126,127,151,120,131,129,163,145,192,67,67,116,223,40,72,120,133,123,8,75,229,106,196,21,29,67,81,246,87,14,88,29,132,117,172,18,33,207,240,212,147,11,185,52,229,141,78,235,23,107,22,148,159,13,78,47,83,163,177,250,200,49,152,125,2,107,69,88,211,147,230,185,52,229,141,147,235,40,107,47,83,163,177,158,22,97,54,70,2,35,69,88,220,83,163,177,250,200,49,152,125,2,107,69,214,18,147,153,185,198,229,141,147,235,40
Best fitness found so far: 0.6244826411050864; k: 2.0
Total time of execution of seed 6 : 19246142
Solution Fitness: -0.6244826411050864
Variables: uniform 4 chebyshev join moveAverage split join
