Generation: 0; 0.0; k: 0.0; 89,98,64,5,155,185
Best fitness found so far: 0.0; k: 0.0
Generation: 1; 0.16129313788729308; k: 9.0; 62,57,167,192,101,189,119,177,89,224,1,206,143,155,189
Best fitness found so far: 0.16129313788729308; k: 9.0
Generation: 2; 0.43965240159799845; k: 3.0; 84,173,50,54,31
Best fitness found so far: 0.43965240159799845; k: 3.0
Generation: 3; 0.4108791974805466; k: 3.0; 209,246,45,77,197,191,109,152,69,88,29,210,103,200,192,11
Best fitness found so far: 0.43965240159799845; k: 3.0
Generation: 4; 0.34699520391726246; k: 3.9; 89,224,1,206,143,155,189
Best fitness found so far: 0.43965240159799845; k: 3.0
Generation: 5; 0.38674142402190753; k: 3.0; 110,234,114,49,205,101,203,192,69,88,29,210,103,200,192,11
Best fitness found so far: 0.43965240159799845; k: 3.0
Generation: 6; 0.5604994262867431; k: 2.0; 175,99,18,45,77,135,191,109,245
Best fitness found so far: 0.5604994262867431; k: 2.0
Generation: 7; 0.49806004226841194; k: 2.0; 225,120,11,40,155,74,101,76,245,32
Best fitness found so far: 0.5604994262867431; k: 2.0
Generation: 8; 0.497532270411313; k: 2.0; 154,122,53,5,97,16,59,14,47,227,203,114,49,205,117,189,29,143,208,120,50,214,200,34,201,142,247,139,3,120,59,243,199,73,1,89,34,1,206,143,155,189
Best fitness found so far: 0.5604994262867431; k: 2.0
Generation: 9; 0.5173570612217852; k: 2.0; 235,120,133,40,155,244,95,76,245,125,9,130,154,175,11,213,103,200,228,11
Best fitness found so far: 0.5604994262867431; k: 2.0
Generation: 10; 0.5836672678707238; k: 2.0; 236,125,238,238,47,45,235,132,137,56
Best fitness found so far: 0.5836672678707238; k: 2.0
Generation: 11; 0.57222549827711; k: 2.0; 225,120,11,40,53,5,97,16,59,14,47,227,203,114,49,205,117,243,29,143,208,120,228,214,200,34,201,10,18,139,3,120,59,200,199,73,1,89,34,1,206,110,155,74,95,76,245,125
Best fitness found so far: 0.5836672678707238; k: 2.0
Generation: 12; 0.5719442432971669; k: 2.0; 44,246,244,77,197,191,203,152,69,88,218,210,73,14,47,227,203,114,49,205,117,189,29,143,208,173,50,214,114
Best fitness found so far: 0.5836672678707238; k: 2.0
Generation: 13; 0.5375978139058235; k: 2.0; 225,120,11,40,53,5,97,16,59,14,47,227,203,114,49,205,117,243,250,143,208,120,228,214,200,185,156,10,18,139,3,120,59,200,199,73,56,89,34,5,161,11,108,155,95,3,16,101,14,246,45,51,98,101,31,87,35,11,24,155,182,89,76,208,186,178,44,154,48,218,16,59,14,47,227,203,114,49,205,117,243,250,143,208,120,228,214,200,185,156,10,18,139,3,120,59,200,199,73,56,89,34,5,161,11,108,155
Best fitness found so far: 0.5836672678707238; k: 2.0
Generation: 14; 0.5963455256862406; k: 2.0; 139,57,167,74,119,26,89,224,9,25,41,155,148,155,250,60,154,201,218
Best fitness found so far: 0.5963455256862406; k: 2.0
Generation: 15; 0.6144415451691391; k: 2.0; 44,246,45,137,191,191,29,49,69,55,218,210,13,200,236,126,218,202,95,40,80,26,170,189,127,82,208,201,234,16,31,181,47,227,11,40,214,109,245
Best fitness found so far: 0.6144415451691391; k: 2.0
Generation: 16; 0.6144415451691391; k: 2.0; 44,246,45,137,191,191,29,49,69,55,218,210,13,147,53,5,97,16,59,14,173,138,203,114,49,205,117,189,29,143,208,120,166,214,200,34,186,142,247,139,3,120,59,243,199,73,1,89,130,159,206,143,155,189
Best fitness found so far: 0.6144415451691391; k: 2.0
Generation: 17; 0.6472163663711699; k: 2.0; 225,243,59,137,197,191,29,49,69,88,211,28,114,200,236,126,205,178,95,40,80,26,170,189,127,82,127,201,187,16,31,101,47,227,11,40,155,135,58,201,245,136,225,137,143,36,216,113,69,88,218,139,114,200,236,126,218,23,20,40,80,26,93,189,127,82,208,201,234,16,31,227,203,159,49,205,117,152,152,143,208,120,228,214,200,185,156,30,18,139,3,120,66,200,199,221,154,89,34,5,161,11,108,155
Best fitness found so far: 0.6472163663711699; k: 2.0
Generation: 18; 0.6472163663711699; k: 2.0; 225,243,59,137,191,191,29,49,69,158,211,28,114,200,236,126,205,117,95,40,80,26,170,189,127,82,127,201,187,27,31,101,47,227,129,40,155,135,58,201,245,136,225,137,143,36,216,1,69,88,218,69,114,200,236,126,218,23,20,40,80,26,93,189,127,82,208,201,78,245
Best fitness found so far: 0.6472163663711699; k: 2.0
Generation: 19; 0.6472163663711699; k: 2.0; 17,243,59,137,191,191,29,49,69,158,211,8,114,240,49,126,205,117,95,40,80,26,170,189,127,82,127,201,187,27,31,101,47,227,129,40,155,135,58,201,245,136,225,137,143,36,216,1,69,88,218,69,220,200,236,207,218,170,58,127,82,195,201,39,206,31,101,47,227,11,154,155,135,50,43,245,136,225,44,143,36,189,113,148,88,218,15,114,92,236,223,218,225,239,112,193,189,113,97,88,218,15,245,200,58,126,218,23,20,40,247,26,170,189,149,82,208,31,234,138,242,181,204,227,24,40,107,12,157,43,245,143,225,44,3,95,189
Best fitness found so far: 0.6472163663711699; k: 2.0
Generation: 20; 0.6472163663711699; k: 2.0; 61,243,59,137,191,191,29,49,69,158,211,8,114,240,49,126,205,117,95,40,80,26,170,189,127,82,127,201,187,27,31,101,47,227,129,40,155,135,58,201,245,136,225,137,143,36,216,1,69,88,218,69,220,200,236,207,218,170,58,127,82,195,201,39,206,31,101,47,227,11,154,155,135,50,43,245,136,225,44,143,36,189,113,129,88,218,15,212,92,236,51,218,225,239,112,193,189,113,168,88,218,15,205,135,33,76,245,125,14,44,250,238,154,175,78,153,224,28,35,246,82,210,188,40,197,121,109,135,104,37,245
Best fitness found so far: 0.6472163663711699; k: 2.0
Generation: 21; 0.6472163663711699; k: 2.0; 61,243,59,137,191,191,29,49,69,158,35,8,114,240,49,126,205,117,95,87,80,26,170,189,127,82,127,201,187,27,31,101,47,227,129,40,155,29,58,201,245,136,225,183,143,36,216,1,69,88,218,69,220,110,236,207,218,170,193,127,82,195,201,39,206,31,101,47,227,11,154,155,135,50,43,245,136,225,44,143,111,189,113,129,88,218,82,212,29,143,208,120,166,214,200,34,186,142,247,139,3,120,59,243,199,73,1,89,130,159,190,143,239,189
Best fitness found so far: 0.6472163663711699; k: 2.0
Generation: 22; 0.6472163663711699; k: 2.0; 61,243,59,137,191,191,29,49,69,158,35,8,114,240,49,126,205,117,95,87,29,49,69,203,211,210,114,200,76,126,136,225,153,59,128,132,45,160,242,109,194
Best fitness found so far: 0.6472163663711699; k: 2.0
Generation: 23; 0.6472163663711699; k: 2.0; 225,243,59,137,247,191,55,49,69,173,211,28,46,200,236,126,205,117,95,3,183,127,82,208,230,234,235,245,101,47,227,11,40,155,135,58,43,245,136,30,44,45,197,189,113,69,88,218,15,114,200,168,40,155,167,11,69,225,12,210,42,225,191,73,53,177,38,242,82,84,109,159,207,70,79,167,236,225,88,11
Best fitness found so far: 0.6472163663711699; k: 2.0
Generation: 24; 0.6472163663711699; k: 2.0; 90,243,169,137,191,191,29,149,69,158,211,28,114,200,236,126,205,117,95,95,200,236,126,218,202,95,40,80,26,170,189,127,82,77,22,234,16,231,100,47,227,11,40,214,175,225,151,200,141,126,70,250,120,26,80,26,212,34,43,179,135,213,95,95
Best fitness found so far: 0.6472163663711699; k: 2.0
Generation: 25; 0.6472163663711699; k: 2.0; 175,243,59,137,197,191,29,49,243,88,211,28,178,245,77,27,90,20,3,189
Best fitness found so far: 0.6472163663711699; k: 2.0
Generation: 26; 0.6472163663711699; k: 2.0; 17,243,59,137,191,191,53,49,69,158,211,128,114,240,49,188,205,117,229,40,80,165,170,235,127,82,71,122,187,27,31,38,47,73,129,55,169,137,229,106,29,149,69,51,211,28,206,200,236,126,205,117,95,27,80,26,170,189,127,4,127,206,187,50,31,101,47,227,129,108,155,135,58,165,245,136,225,137,101,47,227,129,58,155,135,58,201,245,136,225,245,136,225,137,143,36,27,102,183,88,218,69,220,200,245,207,24,144,58,127,82,195,201,39,214,31,198,105,7,11,154,87,135,50,48,245,168,124,244,183,36,33,113,246,88,153,45,240,92,236,92,152,225,239,112,213,189,156,97,88,246,80,245,244,58,130,218,23,169,40,87,131,139,22,139,82,208,243,11,147,42,166,29,106,69,88,211,210,114,200,237,24,205,147,132,40,80,130,164,58,127,62,73,88,211,210,114,200,210,126,132,190,95,40,80,170,170,189,127,205,208,201,234,16,193,101,47,227,113,40,155,27,102,69,168,8,236,207,218,170,58,127,82,195,206,35,206,42,101,47,227,34,154,155,135,50,43,36,136,225,44,143,36,189,113,148,88,218,15,114,92,236,71,218,225,239,112,193,189,113,97,88,218,216,245,184,58,126,218,23,20,40,247,26,116,189,149,82,208,126,234,138,242,205,204,227,24,40,107,12,107,43,245,143,225,44,3,95,149
Best fitness found so far: 0.6472163663711699; k: 2.0
Generation: 27; 0.6472163663711699; k: 2.0; 90,243,169,137,191,106,29,149,69,158,211,28,206,200,236,126,205,117,78,54,80,26,170,189,127,4,127,233,187,87,238,154,175,78,153,30,157,7,246,104,129,188,40,38,24,246,48,137,191,191,76,49,69,106,45,75,21,148
Best fitness found so far: 0.6472163663711699; k: 2.0
Generation: 28; 0.6472163663711699; k: 2.0; 12,243,59,137,191,191,175,49,129,158,39,28,114,200,236,126,249,111,39,40,196,21,170,189,127,82,206,160,187,111,69,101,205,69,107,218,210,191,28,114,131,236,126,9,117,95,40,80,10,170,81,127,82,85,201,11,211,9,177,29,93,69,250,211,210,114,152,43,126,205,202,44,30,80,26,63,189,127,205,208,201,93,16,84,101,62,49,61,40,155,125,65,10,245,136,10,20,40,189,240,170,189,127,82,192,140,171,16,31,181,142,227,183,40,11,40,214,181,161,151,200,141,213,70,57,120,26,124,243,1,191,191,77,194,249,69,184,95,8,114,170,49,206,205,57,229,121,80,53,27,7,127,82,127,138,118,127,55,55,218,40,174,200,236,126,70,215,51,100,80,150,185,41,43,221,135,89,95,120
Best fitness found so far: 0.6472163663711699; k: 2.0
Generation: 29; 0.6472163663711699; k: 2.0; 225,243,59,137,191,191,29,49,69,158,211,188,114,200,236,126,205,117,95,40,80,26,170,189,127,82,127,201,187,27,139,101,47,7,116,128,58,125,154,82,250,160,197,119,228,153,224,28,35,246,82,210,167,165,40,155,135,58,201,15,2,225,137,139,36,216,113,141,88,218,139,114,84,236,36,40,23,20,40,80,164,93,189,127,82,208,201,234,16,31,227,203,159,49,205,117,152,102,143,208,120,228,214,230,185,156,30,18,139,3,120,66,200,199,221,154,89,34,21,161,11,108,155
Best fitness found so far: 0.6472163663711699; k: 2.0
Generation: 30; 0.6472163663711699; k: 2.0; 12,243,59,137,191,191,175,49,69,158,39,28,114,200,236,126,205,111,39,40,196,21,170,189,127,207,82,206,201,187,55,7,101,47,7,33,103,58,125,14,82,250,218,154,175,20,153,30,28,7,246,82,129,43,40,38,121,246,45,238,191,191,29,49,69,55,45,75,21,148
Best fitness found so far: 0.6472163663711699; k: 2.0
Generation: 31; 0.6472163663711699; k: 2.0; 225,243,59,137,191,191,29,49,69,158,169,28,114,200,91,126,205,49,69,158,211,28,198,200,236,126,205,117,95,85,183,227,116,40,94,135,40,79,26,44,41,249,221,135,89,95,218
Best fitness found so far: 0.6472163663711699; k: 2.0
Generation: 32; 0.6472163663711699; k: 2.0; 61,243,59,137,191,191,29,49,69,158,211,8,114,240,49,52,121,117,95,56,75,26,170,126,238,82,127,201,187,173,114,101,47,227,129,217,76,49,69,158,35,8,22,240,49,4,24,105,40,15,243,28,114,30,236,126,205,117,100,40,80,142,170,161,127,82,127,206,160,27,24,101,207,227,190,108,155,236,58,201,245,136,225,137,101,47,127,129,58,155,135,58,148,245,136,51,137,142,155,216,1,69,88,171,14,220,235,27,207,218,107,201,64,206,195,201,169,49,31,101,47,25,11,154,234,135,50,43,118,136,225,44,42,36,70,113,148,127,54,109,222,143,150,120,188,243,210,34,114,204,18,160,128,183,59,21,194,73,44,143,225,44,164,95,221
Best fitness found so far: 0.6472163663711699; k: 2.0
Generation: 33; 0.6472163663711699; k: 2.0; 225,243,59,137,197,191,29,49,69,88,211,28,114,200,236,126,205,178,95,40,187,26,170,189,127,249,127,201,187,16,31,101,47,227,11,175,155,135,58,201,245,136,225,137,143,36,216,113,195,88,218,139,114,200,236,126,218,23,20,40,80,26,93,189,127,82,208,201,234,16,31,227,203,159,49,205,117,152,152,147,208,120,228,214,200,185,156,30,18,139,20,120,66,200,199,221,154,116,34,5,161,11,108,155
Best fitness found so far: 0.6472163663711699; k: 2.0
Generation: 34; 0.6472163663711699; k: 2.0; 17,243,59,137,191,191,29,49,69,158,211,8,114,240,49,188,205,210,229,40,80,26,170,235,127,82,220,122,207,27,31,101,47,65,129,55,100,135,143,225,44,143,120,59,235,244,246,164,247,109,194
Best fitness found so far: 0.6472163663711699; k: 2.0
Generation: 35; 0.6472163663711699; k: 2.0; 225,243,59,137,191,191,29,49,69,158,211,28,114,200,236,126,35,66,40,80,117,44,41,97,221,155,89,208,61,206,237,34,181,175,28,24,40,201,248,7,199,245,143,225,44,170,40,80,201,170,189,127,82,127,201,187,27,31,101,121,7,168,76,58,125,14,82,250,160,197,119,78,153,224,28,35,246,82,210,167,40,197,121,134,135,191,109,208,201,234,16,31,181,47,236,125,238,238,47,92,235,166,137,56
Best fitness found so far: 0.6472163663711699; k: 2.0
Generation: 36; 0.6472163663711699; k: 2.0; 17,243,59,137,191,191,29,49,17,158,211,8,114,240,49,188,205,117,229,40,80,26,222,235,127,82,127,1,187,2,238,101,47,227,129,40,155,135,58,201,147,16,225,137,143,36,216,1,182,245,26,69,67,200,132,207,218,144,58,127,82,195,82,39,206,31,198,47,47,88,154,155,135,50,43,208,168,225,44,143,157,189,248,148,88,218,15,114,92,236,223,218,225,239,112,226,189,113,97,88,218,174,245,118,58,126,218,23,190,186,247,131,170,22,149,190,208,31,21,138,242,194,218,144,58,127,57,195,201,39,206,76,198,47,202,11,15,155,135,50,40,245,168,47,44,143,36,189,113,148,88,218,15,114,92,128,223,218,225,239,112,226,189,113,97,88,218,174,245,200,58,126,218,23,222,40,247,131,170,22,149,82,2,31,21,138,242,38,204,96,203,40,107,12,157,43,121,157,225,25,3,192,189,170,22,149,190,208,31,21,138,242,194,218,144,58,127,57,195,201,39,206,76,198,47,202,11,15,155,135,50,40,245,168,47,44,143,36,189,113,148,88,218,15,114,92,128,223,218,225,239,112,226,189,113,97,88,218,174,245,200,58,126,218,23,222,40,247,131,170,22,149,82,2,31,21,138,242,38
Best fitness found so far: 0.6472163663711699; k: 2.0
Generation: 37; 0.6472163663711699; k: 2.0; 12,243,59,137,191,191,175,49,69,158,39,28,114,95,236,126,205,111,39,40,201,64,206,195,201,169,52,140,101,34,227,107,154,234,95,50,43,118,101,225,44,42,36,70,113,148,127,54,109,222,143,150,120,188,243,200,34,114,204,18,112,3,183,59,164,194,73,44,143,225,237,164,95,221,205,111,39,40,201,64,206,195,201,169,52,140,101,34,227,107,154,234,95,50,43,118,101,225,44,42,36,70,113,148
Best fitness found so far: 0.6472163663711699; k: 2.0
Generation: 38; 0.6472163663711699; k: 2.0; 225,243,59,137,191,191,175,49,69,158,39,68,114,200,236,126,205,111,151,40,196,21,170,189,127,82,206,98,187,111,7,101,47,7,33,76,58,125,14,82,250,143,120,59,237,244,73,164,241,228,194,127,82,206,98,187,111,7,101,47,7,33,76,58,125,14,82,250,143,120,59,237,244,73,164
Best fitness found so far: 0.6472163663711699; k: 2.0
Generation: 39; 0.6472163663711699; k: 2.0; 225,243,59,137,191,191,29,49,69,158,211,28,114,200,166,126,205,117,243,40,80,10,170,189,127,22,127,201,11,211,197,191,29,49,69,88,211,210,114,200,43,126,205,202,95,40,242,26,170,189,127,205,208,201,234,16,193,101,194,49,11,40,155,135,124,134,245,59,137,191,140,29,88,69,158,211,28,114,200,236,126,205,117,198,40,83,26,170,232,127,82,127,201,187,102,31,101,125,227,129,40,155,135,58,201,245,136,225,137,54,36,216,1,69,88,218,69,177,44,145,43,221,135,89,173,229
Best fitness found so far: 0.6472163663711699; k: 2.0
Generation: 40; 0.6472163663711699; k: 2.0; 225,243,59,137,191,191,29,49,69,158,85,218,18,245,200,58,126,67,241,208,91,29,49,2,226,211,24,114,200,236,208,126,99,23,68,160,234,165,73,189,149,245,208,201,234,16,242,181,60,227,24,40,53,22,93,82,241,121,11,91,42,222,29,49,69,73,211,210,114,200,237,117,205,86,132,40,80,244,164,58,127,49,73,88,211,210,114,200,210,126,220,190,95,40,80,228,170,109,127,205,208,201,234,16,193,81,47,227,221,40,155,27,58,134,210,165,23,96,201,190
Best fitness found so far: 0.6472163663711699; k: 2.0
Generation: 41; 0.6472163663711699; k: 2.0; 225,243,59,137,191,191,29,49,69,158,169,28,114,200,236,126,205,49,69,158,211,28,198,200,236,126,205,117,95,85,183,59,117,132,73,44,89,114,200,236,126,35,120,40,72,41,44,41,43,221,155,89,208,61,85,237,31,116,241,28,24,40,130,248,7,199,245,143,225,44,170,36,136
Best fitness found so far: 0.6472163663711699; k: 2.0
Generation: 42; 0.6472163663711699; k: 2.0; 61,243,59,137,191,191,29,49,69,158,35,8,114,240,65,126,205,117,95,87,200,43,126,205,202,140,40,80,29,170,189,127,205,208,201,234,223,193,32,194,49,11,40,155,193,53,47,227,229,40,155,246,45,137,191,191,29,238,84,55,218,210,81,170,236,126,70,250,120,40,203,26,14,41,43,221,135,228,95,218
Best fitness found so far: 0.6472163663711699; k: 2.0
Generation: 43; 0.6472163663711699; k: 2.0; 225,243,59,137,197,191,29,49,69,133,211,28,114,200,236,126,177,178,95,40,80,200,236,126,205,117,95,40,80,231,170,189,127,82,97,201,187,245,31,101,47,227,129,40,155,135,58,201,245,136,225,137,143,36,216,1,69,88,218,69,114,200,236,126,218,23,20,190,80,126,93,189,127,82,208,201,78,245
Best fitness found so far: 0.6472163663711699; k: 2.0
Generation: 44; 0.6472163663711699; k: 2.0; 127,243,59,137,191,191,29,49,69,158,75,28,188,200,236,126,106,162,95,40,207,26,170,189,127,218,206,201,18,27,7,101,57,122,236,126,205,159,95,40,80,242,144,121,127,82,127,199,79,64,89,101,80,227,11,140,66,135,58,34,186,142,247,21,3,120,59,243,199,73,1,90,130,159,190,143,49,69,158,211,8,114,240,49,126,205,5,95,34,75,26,170,126,191,82,127,201,187,74,114,101,47,101,129,154,76,73,80,109,170,189,76,30,247,37,83,154,175,225,89,59,28,35,52,84,189,113,97,88,73,164,247,211,194
Best fitness found so far: 0.6472163663711699; k: 2.0
Generation: 45; 0.6472163663711699; k: 2.0; 90,243,169,137,191,106,29,149,69,158,211,28,206,200,236,126,205,175,78,40,80,26,170,189,127,4,127,206,187,27,31,101,47,240,80,108,155,135,58,4,245,136,225,137,101,47,24,45,58,155,211,28,114,200,236,126,161,117,95,95,200,236,154,48,59,137,197,205,29,49,69,88,211,28,114,1,67,87,29,49,69,126,211,210,114,200,76,126,136,74,153,59,53,222,45,151,242,109,194
Best fitness found so far: 0.6472163663711699; k: 2.0
Generation: 46; 0.6472163663711699; k: 2.0; 61,243,59,137,191,191,29,49,69,158,35,8,22,240,49,126,205,150,14,158,211,28,114,30,236,126,205,117,100,40,80,142,170,161,127,82,127,206,187,27,31,101,47,227,190,108,155,135,58,201,245,190,225,137,101,47,21,129,58,155,135,198,201,245,136,51,137,194,155,216,1,69,88,131,14,220,200,27,207,218,107,58,64,206,195,201,169,196,31,101,2,227,11,154,234,135,50,43,118,136,225,44,42,36,228,113,148,66,218,15,121,214,47,223,218,47,239,223,84,189,113,97,88,73,214,158,211,28,153,200,152,148,34,117,95,40,80,10,170,161,127,82,133,201,163,22,122,225,153,224,28,35,246,21,76
Best fitness found so far: 0.6472163663711699; k: 2.0
Generation: 47; 0.6472163663711699; k: 2.0; 175,243,59,137,197,191,29,49,69,88,211,28,114,200,67,87,29,49,69,126,211,210,114,187,16,31,101,207,227,11,140,155,135,58,34,186,142,247,45,3,120,59,160,199,63,1,89,130,159,190,143,239,219
Best fitness found so far: 0.6472163663711699; k: 2.0
Generation: 48; 0.6472163663711699; k: 2.0; 225,191,59,137,191,191,29,49,69,158,211,28,114,200,236,126,205,117,95,40,80,26,170,189,127,82,127,201,187,27,31,101,47,7,90,179,58,125,14,82,250,160,197,119,78,153,224,165,35,246,42,166,29,49,39,229,211,210,52,15,237,24,205,147,158,40,80,130,148,126,127,49,73,88,211,6,114,200,210,126,132,190,95,40,80,187,58,189,127,205,208,201,234,16,193,101,47,227,11,40,155,27,58,134,245,165,230,20,201,190
Best fitness found so far: 0.6472163663711699; k: 2.0
Generation: 49; 0.6472163663711699; k: 2.0; 29,243,59,137,191,191,29,49,69,158,169,28,114,200,236,126,92,135,75,76,75,153,12,44,56,136,154,46,78,153,224,28,35,217,36,210,188,40,180,57,129,135,127,122,237,27,31,101,47,227,129,55,100,135,143,225,44,79,48,163,237,244,73,164,247,109,194
Best fitness found so far: 0.6472163663711699; k: 2.0
Generation: 50; 0.6472163663711699; k: 2.0; 28,243,59,137,191,191,29,49,69,158,211,8,114,240,49,126,205,117,95,40,80,26,170,189,127,82,127,201,187,27,31,101,47,227,110,40,155,135,58,201,245,136,225,137,143,36,216,1,178,88,218,69,220,200,236,207,218,19,58,127,163,195,201,39,206,31,101,47,227,11,154,155,135,50,43,245,136,225,44,143,36,189,113,129,88,218,15,212,92,236,51,218,17,239,112,193,189,113,168,88,218,15,205,135,33,76,245,236,126,205,117,78,54,80,26,170,189,127,4,127,233,187,87,238,154,175,78,153,30,136,7,246,104,129,188,40,38,24,246,48,137,191,191,76,49,69,106,45,75,21,148
Best fitness found so far: 0.6472163663711699; k: 2.0
Generation: 51; 0.6472163663711699; k: 2.0; 17,243,59,137,191,191,235,49,69,158,211,8,114,240,49,188,200,96,229,40,80,49,52,235,226,82,127,201,187,203,31,101,47,227,129,40,155,135,113,53,245,136,225,152,6,36,216,1,69,90,218,117,95,32,80,26,170,189,127,4,127,206,187,164,31,101,47,227,67,108,155,135,233,165,245,136,225,137,234,159,227,129,40,155,135,58,201,245,136,225,245,136,40,137,163,36,216,1,69,208,218,69,136,200,236,32,113,144,58,196,82,195,201,39,206,31,239,47,69,158,211,28,52,200,205,228,152,250,143,64,169,122,214,200,126,115,149,95,105,80,25,170,4,14,184,108,201,234,120,42,31,237,2,160,133,23,77,231,18,200,137,80,120,69,243,199,229,193,162,34,1,45,143,155,210,148,200,127,191,109,196,143,72,120,188,243,200,34,114,204,18,139,3,179,59,122,132,171,131,19,47,227,93,73,109,27,58,138,245,165,148,106,98,190
Best fitness found so far: 0.6472163663711699; k: 2.0
Generation: 52; 0.6472163663711699; k: 2.0; 90,243,169,137,191,191,29,149,69,158,211,28,114,30,236,126,221,135,228,95,189
Best fitness found so far: 0.6472163663711699; k: 2.0
Generation: 53; 0.6472163663711699; k: 2.0; 49,243,59,137,191,191,29,49,69,158,35,8,114,240,1,126,208,175,236,126,205,178,95,40,80,155,170,189,127,82,127,201,174,16,31,101,77,227,165,40,155,135,217,201,245,136,225,137,143,79,216,113,141,88,31,120,114,84,236,36,73,23,20,40,232,164,93,162,127,82,208,201,234,16,31,227,203,159,49,150,117,228,127,69,158,211,28,206,200,236,126,205,117,95,40,80,26,170,189,127,4,127,206,187,27,208,101,47,227,129,108,155,135,58,165,245,136,225,137,101,90,227,129,58,155,135,58,201,245,136,225,245,136,225,137,143,36,216,1,233,88,218,69,220,200,236,207,113,144,58,127,82,246,201,39,206,31,198,47,7,11,154,87,135,50,43,245,168,225,244,143,150,33,113,246,88,218,45,114,92,131,79,152,225,239,112,213,189,156,97,88,246,174,245,244,58,126,218,23,20,40,247,131,170,22,149,136,236,243,11,147,42,215,29,49,69,88,211,53,114,200,237,24,205,147,132,40,80,130,164,58,127,49,73,88,211,210,114,200,210,126,132,249,95,40,80,170,170,189,127,205,208,201,234,16,193,101,47,227,11,40,155,27,58,134,245,165,23,96,201,190
Best fitness found so far: 0.6472163663711699; k: 2.0
Generation: 54; 0.6472163663711699; k: 2.0; 225,59,59,137,191,191,29,49,69,158,211,28,114,30,236,126,205,117,95,40,80,39,40,139,57,167,74,119,26,89,192,9,25,112,218,148,155,250,38,154,201,41
Best fitness found so far: 0.6472163663711699; k: 2.0
Generation: 55; 0.6472163663711699; k: 2.0; 17,243,59,137,191,191,29,49,69,158,211,8,114,240,49,188,205,65,123,40,80,26,170,235,130,82,127,201,187,27,31,101,47,227,129,40,155,135,113,201,245,136,225,61,106,36,216,1,85,90,218,204,220,200,236,177,218,144,58,127,89,195,201,39,104,226,105,47,47,11,154,155,135,50,78,245,168,230,16,115,36,189,113,148,88,218,224,28,93,75,21,48,238,59,137,191,191,29,49,69,158,211,8,234,16,221,181,47,227,24,40,155,141,157,43,245,118,225,44,169,29,189
Best fitness found so far: 0.6472163663711699; k: 2.0
Generation: 56; 0.6472163663711699; k: 2.0; 61,243,59,68,191,191,29,49,69,158,35,8,80,240,49,126,205,118,95,65,80,52,146,189,127,82,127,145,187,223,31,101,222,227,48,218,71,240,14,88,227,204,114,49,205,31,152,250,143,194,174,122,13,200,182,156,10,18,139,3,42,83,46,58,43,82,136,69,44,143,36,64,113,69,88,218,15,114,112,177,126,218,18,139,187,179,59,207,132,171,193,19,47,227,7,73,15,27,58,138,245,165,148,20,201,190
Best fitness found so far: 0.6472163663711699; k: 2.0
Generation: 57; 0.6472163663711699; k: 2.0; 61,243,59,137,191,191,11,49,69,158,69,8,114,240,1,126,205,175,236,126,205,178,95,40,80,26,170,45,210,82,76,201,187,16,31,101,77,227,165,37,155,135,58,40,80,130,148,126,127,49,73,129,133,6,114,200,210,126,132,190,95,40,80,187,58,189,127,205,208,231,234,16,193,101,47,227,11,40,155,27,58,171,109,165,230,130,92,190,160,239,105
Best fitness found so far: 0.6472163663711699; k: 2.0
Generation: 58; 0.6472163663711699; k: 2.0; 61,243,59,137,191,191,29,49,69,158,35,8,22,240,49,126,144,120,166,214,214,34,186,142,247,139,3,120,59,243,199,73,1,89,119,93,206,86,234,189
Best fitness found so far: 0.6472163663711699; k: 2.0
Generation: 59; 0.6472163663711699; k: 2.0; 225,243,59,137,191,191,29,164,69,158,211,28,114,200,236,126,218,45,114,92,236,92,218,225,227,112,201,74,113,182,96,218,180,245,200,58,126,218,23,20,40,247,131,170,127,149,83,208,243,11,137,101,125,14,82,116,160,197,119,78,153,224,28,35,246,82,210,167,40,197,121,134,135,191,109,57,201,234,16,31,181,47,236,125,238,238,47,45,235,130,137,116
Best fitness found so far: 0.6472163663711699; k: 2.0
Generation: 60; 0.6472163663711699; k: 2.0; 117,243,59,137,191,191,29,49,69,158,35,8,114,240,1,126,205,175,236,126,205,178,95,24,80,26,170,45,210,82,223,201,187,16,126,101,77,227,165,42,155,135,48,40,80,130,148,126,127,49,73,88,211,6,114,200,210,4,132,190,95,40,80,187,58,153,127,59,208,201,234,16,193,101,47,227,11,131,155,27,58,171,76,165,37,20,201,76
Best fitness found so far: 0.6472163663711699; k: 2.0
Generation: 61; 0.6472163663711699; k: 2.0; 189,243,59,137,197,191,161,49,69,88,211,28,114,200,67,85,207,133,31,101,47,227,11,140,155,135,58,249,186,142,247,20,225,44,126,115,189
Best fitness found so far: 0.6472163663711699; k: 2.0
Generation: 62; 0.6472163663711699; k: 2.0; 61,243,59,20,191,191,29,49,69,158,35,8,114,240,49,126,205,103,95,87,29,49,69,203,211,17,114,200,110,126,136,225,153,59,128,108,31,55,47,234,125,109,44,250,238,159,175,78,169,224,28,221,246,136,210,188,40,197,121,26,69,220,110,236,207,218,131,193,127,82,195,139,39,206,31,101,47,227,11,184,155,135,50,43,245,146,225,44,143,111,189,113,129,88,209,131,212,29,143,208,120,166,214,244,34,186,142,247,139,3,120,59,243,199,73,1,89,130,159,190,143,239,189
Best fitness found so far: 0.6472163663711699; k: 2.0
Generation: 63; 0.6472163663711699; k: 2.0; 61,243,59,137,191,191,171,49,69,158,35,8,114,240,49,126,234,117,95,87,53,49,69,74,43,47,27,31,101,47,240,230,40,86,239,44,2,8,154,122,25,211,224,28,35,102,227,129,40,155,135,197,201,245,104,225,83,143,25,216,1,69,88,218,69,114,28,236,137,218,23,20,40,80,26,93,189,247,82,112,72,50,14,114,200,67,87,29,49,217,203,211,210,112,200,76,126,136,225,32,59,53,47,104,160,138,109,194
Best fitness found so far: 0.6472163663711699; k: 2.0
Generation: 64; 0.6472163663711699; k: 2.0; 225,243,59,122,191,11,29,49,69,158,211,28,114,200,236,126,205,117,95,40,135,121,170,189,127,139,127,201,11,211,2,191,29,49,69,88,211,210,114,200,43,126,205,202,214,40,243,26,170,189,127,205,208,20,193,16,193,101,194,49,11,40,155,135,99,134,245,136,23,135,58,34,186,142,247,45,3,120,137,243,142,73,1,89,169,159,190,143,239,218
Best fitness found so far: 0.6472163663711699; k: 2.0
Generation: 65; 0.6472163663711699; k: 2.0; 66,243,59,137,191,191,29,49,89,158,35,8,114,240,1,58,205,175,207,218,107,58,195,108,195,201,169,49,31,101,47,227,11,119,234,146,50,43,118,136,172,44,42,36,70,113,148,66,218,15,121,214,47,223,218,47,239,76,84,189,113,97,88,73,164,156,109,194
Best fitness found so far: 0.6472163663711699; k: 2.0
Generation: 66; 0.6472163663711699; k: 2.0; 10,243,59,137,191,191,141,49,69,158,211,28,114,200,205,228,152,250,143,64,169,122,214,200,126,115,149,95,40,80,25,170,4,14,184,108,201,101,51,98,108,227,129,40,155,135,58,201,245,136,225,137,22,36,18,212,69,88,218,5,220,37,236,207,218,238,58,127,177,195,201,49,206,31,176,201,47,11,154,155,135,50,204,245,180,225,44,143,17,189,113,213,88,232,15,114,193,236,223,119,225,239,158,226,40,58,87,85,218,18,245,242,58,133,218,156,20,165,29,49,2,46,214,24,114,200,236,208,98,226,23,225,169,80,26,73,143,80,26,248,101,127,82,112,173,50,35,114,200,67,87,157,49,217,126,211,210,112,200,76,126,136,209,153,59,53,222,45,160,138,109,203
Best fitness found so far: 0.6472163663711699; k: 2.0
Generation: 67; 0.6472163663711699; k: 2.0; 21,243,59,212,191,191,29,49,125,158,211,8,222,240,49,126,205,117,51,40,75,26,170,16,127,23,127,201,187,74,114,101,47,227,116,143,94,135,30,193,101,194,49,11,40,155,69,124,134,245,136,23,20,40,189,240,170,171,127,82,192,201,168,110,31,181,216,227,81,40,155,12,157,194,245,143,225,90,143,120,59,237,244,73,164,241,109,210
Best fitness found so far: 0.6472163663711699; k: 2.0
Generation: 68; 0.6472163663711699; k: 2.0; 225,105,59,137,191,191,29,49,69,158,211,28,120,200,236,126,205,117,95,40,18,26,170,189,160,82,127,18,187,27,242,101,47,233,69,40,155,195,58,35,8,107,22,49,126,205,142,14,158,211,143,114,201,236,126,205,117,100,40,136,142,170,161,127,82,78,206,187,94,31,2,47,227,99,108,155,135,58,201,227,136,225,42,101,47,227,129,58,155,135,58,201,245,136,51,178,199,155,216,29,69,128,218,14,220,200,27,30,218,107,58,135,236,195,201,169,49,31,101,106,65,11,154,234,135,50,43,118,136,26,44,42,36,127,205,101,201,205,16,193,101,47,227,113,40,155,27,58,69,168,8,236,207,218,170,158,127,82,195,201,35,206,196,101,39,227,11,154,155,135,116,43,245,136,225,44,143,36,189,113,148,88,218,15,157,92,236,223,218,225,199,112,193,31,113,97,88,218,29,245,184,58,126,218,23,20,40,247,26,116,189,149,82,208,31,234,138,242,205,204,227,24,40,107,12,107,43,245,143,225,44,3,95,189,158,211,143,114,201,236,126,205,117,100,40,136,142,170,161,127,82,78,206,187,94,31,2,47,227,99,108,155,135,58,201,227,136,225,42,101,47,227,129,58,155,135,58,201,245,136,51,178,199,155,216,29,69,128,218,14,220,200,27,30,218,107,58,135,236,195,201,169,49,31,101,106,65,11,154,234,135,50,43,118,136,26,44,42,36,127,205,101,201,205,16,193,101,47,227,113,40,155,27,58,69,168,8,236,207,218,170,158,127,82,195,201,35,206,196,101,39,227,11,154,155,135,116,43,245,136,225,44,143,36,189,113,148,88,218,15,157,92,236,223,218,225,199,112,193,31,113,97,88,218,29,245,184,58,126,218,23,20,40,247,26,116
Best fitness found so far: 0.6472163663711699; k: 2.0
Generation: 69; 0.6472163663711699; k: 2.0; 124,243,59,191,191,191,29,249,69,158,95,8,114,240,49,206,205,117,60,121,80,201,245,3,183,59,95,132,73,44,89,196,216
Best fitness found so far: 0.6472163663711699; k: 2.0
Generation: 70; 0.6472163663711699; k: 2.0; 121,243,59,137,179,191,29,49,69,113,211,8,114,240,49,126,205,117,95,56,75,26,218,174,245,200,173,126,106,23,97,40,247,131,170,22,149,82,208,243,88,108,42,166,29,49,80,229,211,210,52,200,237,24,103,147,158,40,80,130,148,126,127,49,73,88,211,6,114,200,210,126,242,190,95,127,202,127,138,122,27,31,101,47,227,129,40,155,135,58,201,245,136,150,62,143,36,216,160,69,88,218,69,76,200,236,207,21,144,58,19,209,195,201,39,206,31,130,243,59,170,191,191,29,49,240,158,211,8,114,183,49,240,205,123,90,40,80,26,170,235,226,82,127,231,187,27,31,101,47,227,58,40,109,135,89,193,245,13,225,152,167,250,216,77,69,104,218,5,220,171,236,177,218,144,58,127,213,195,201,39,222,226,105,47,47,11,8,155,135,50,78
Best fitness found so far: 0.6472163663711699; k: 2.0
Generation: 71; 0.6472163663711699; k: 2.0; 17,243,59,137,191,191,29,49,69,158,211,8,114,240,49,188,92,117,229,40,80,26,170,235,1,82,127,201,136,2,31,101,47,227,129,40,155,135,58,201,147,136,225,137,143,36,216,1,182,88,218,69,67,200,132,207,218,144,58,127,82,195,82,163,206,31,198,47,46,11,34,133,161,11,108,155
Best fitness found so far: 0.6472163663711699; k: 2.0
Generation: 72; 0.6472163663711699; k: 2.0; 225,243,59,137,191,221,29,49,69,158,211,28,114,200,236,126,205,117,95,40,80,26,170,189,127,82,127,201,187,27,31,63,102,227,129,40,155,135,58,201,245,136,225,83,143,36,216,1,69,88,47,69,114,200,236,126,70,202,120,40,80,173,44,41,43,48,155,218,224,182,11,176,155,45,161,59,49,165
Best fitness found so far: 0.6472163663711699; k: 2.0
Generation: 73; 0.6472163663711699; k: 2.0; 90,243,169,137,191,191,29,149,69,158,193,28,114,30,236,126,205,117,100,40,80,142,170,224,201,245,136,225,83,143,36,216,1,69,88,218,69,114,144,236,126,218,23,20,230,80,26,93,189,127,82,112,173,50,14,135,245,77,225,44,20,3,189
Best fitness found so far: 0.6472163663711699; k: 2.0
Generation: 74; 0.6472163663711699; k: 2.0; 148,243,59,173,191,191,29,49,69,158,211,28,114,200,236,126,205,117,95,10,80,26,200,214,132,82,127,201,156,27,31,101,102,227,129,40,155,135,58,201,245,91,225,83,143,36,216,1,69,88,218,69,114,28,236,137,218,23,20,40,80,104,93,189,127,235,143,225,44,79,48,163,237,121,73,164,247,109,194
Best fitness found so far: 0.6472163663711699; k: 2.0
Generation: 75; 0.6472163663711699; k: 2.0; 175,197,64,137,197,191,161,49,69,88,211,28,114,200,67,85,29,246,45,137,163,191,65,49,69,55,138,210,189,216,75,184,58,126,218,23,20,40,247,26,116,189,149,82,208,126,234,138,242,205,204,227,24,40,107,12,107,43,191,47,75,233,3,95,149
Best fitness found so far: 0.6472163663711699; k: 2.0
Generation: 76; 0.6472163663711699; k: 2.0; 61,243,59,137,191,191,29,49,69,158,35,8,22,240,49,126,205,150,88,158,211,28,98,75,236,126,205,117,94,40,80,142,170,161,127,93,127,181,187,27,31,101,47,227,190,108,155,135,58,201,245,136,229,158,35,8,114,240,49,126,205,117,95,87,80,26,170,189,101,82,127,201,187,27,31,101,47,227,129,40,155,29,58,201,245,136,225,183,143,36,216,51,69,88,218,69,220,110,236,207,218,170,193,127,82,195,201,39,206,25,101,47,227,11,154,155,135,50,43,245,136,225,44,143,111,1,113,129,88,218,82,212,188,143,208,120,166,214,226,34,186,142,247,139,3,71,59,243,199,73,1,89,217,159,190,143,239,189
Best fitness found so far: 0.6472163663711699; k: 2.0
Generation: 77; 0.6472163663711699; k: 2.0; 128,243,59,137,191,191,29,49,69,158,35,8,22,240,1,4,24,28,114,136,236,126,249,229,100,40,80,142,170,161,127,69,158,211,28,114,200,236,230,205,117,95,40,80,26,170,189,127,82,127,201,187,27,31,101,47,7,33,76,58,125,14,82,250,238,154,175,128,153,2,28,35,246,82,61,188,40,197,121,109,135,191,64,245
Best fitness found so far: 0.6472163663711699; k: 2.0
Generation: 78; 0.6472163663711699; k: 2.0; 127,243,59,137,191,191,29,49,69,158,75,28,188,200,236,126,106,162,95,40,196,26,170,189,127,218,206,201,18,13,7,101,47,122,236,126,205,159,95,40,80,242,170,121,127,82,127,195,88,64,89,101,80,227,11,140,66,135,218,34,186,142,247,21,3,140,59,243,199,73,1,90,44,143,120,187,237,244,73,164,247,106,194
Best fitness found so far: 0.6472163663711699; k: 2.0
Generation: 79; 0.6472163663711699; k: 2.0; 61,243,59,68,191,191,29,49,69,158,35,8,80,240,49,126,205,118,95,87,80,52,146,189,127,82,127,201,103,223,31,101,47,227,48,218,71,240,14,88,227,204,114,49,205,31,152,250,143,194,86,122,214,200,182,156,10,18,139,3,42,83,28,58,43,82,136,145,44,143,36,189,113,69,88,218,15,114,112,177,126,218,23,20,40,186,189,127,205,208,201,142,16,84,101,62,49,61,40,155,125,124,134,245,18,180,20,40,189,240,170,189,127,82,192,140,168,16,31,181,142,227,183,40,155,12,157,3,245,143,225,44,143,120,59,237,71,73,164,146,109,194
Best fitness found so far: 0.6472163663711699; k: 2.0
Generation: 80; 0.6472163663711699; k: 2.0; 225,243,59,137,191,191,29,49,69,158,85,218,18,245,200,58,126,67,241,20,31,29,49,2,238,211,89,114,200,236,208,41,43,221,135,89,95,229
Best fitness found so far: 0.6472163663711699; k: 2.0
Generation: 81; 0.6472163663711699; k: 2.0; 17,243,59,137,213,191,29,49,69,158,211,8,114,240,49,137,54,36,216,1,69,88,218,69,26,44,193,43,221,135,89,95,229
Best fitness found so far: 0.6472163663711699; k: 2.0
Generation: 82; 0.6472163663711699; k: 2.0; 175,243,59,137,197,191,29,49,69,88,211,28,114,200,67,87,29,23,69,126,211,210,100,59,20,191,191,35,49,69,158,35,8,5,240,49,126,205,103,95,29,29,49,69,203,211,17,114,200,92,136,136,225,153,59,128,228,31,55,47,32,125,238,3,250,238,154,175,78,169,224,28,35,246,213,210,188,40,197,121,26,135,104,37,245
Best fitness found so far: 0.6472163663711699; k: 2.0
Generation: 83; 0.6472163663711699; k: 2.0; 16,243,59,137,191,191,29,49,69,158,211,28,114,200,236,126,205,207,95,40,80,26,170,189,127,169,127,242,187,27,31,101,47,227,129,194,125,46,44,2,244,157,197,191,29,49,69,88,66,210,114,200,43,126,78,202,140,40,36,51,170,189,127,205,153,201,234,223,193,32,194,49,11,15,75,193,215,47,227,229,40,155,246,45,137,191,191,29,49,28,55,192,210,81,170,236,126,70,250,120,40,203,26,44,41,43,235,127,82,127,201,187,27,31,101,47,227,129,40,155,135,58,201,245,136,225,137,143,36,216,1,69,88,218,5,220,200,236,207,218,129,58,127,177,195,103,39,206,50,105,30,47,11,154,215,135,50,78,245,168,225,44,143,36,189,113,148,88,218,15,149,224,236,223,244,225,48,112,226,189,113,87,38,218,18,245,200,58,91,218,168,20,165,29,49,2,88,211,24,114,200,236,208,126,99,23,23,169,80,26,213,189,149,245,208,201,234,16,242,181,60,227,24,40,224,12,157,43,92,143,225,44,3,188,189
Best fitness found so far: 0.6472163663711699; k: 2.0
Generation: 84; 0.6472163663711699; k: 2.0; 225,243,59,137,191,191,29,49,69,158,211,28,86,200,236,126,218,45,114,92,236,92,236,225,248,199,73,1,89,130,159,190,143,239,189
Best fitness found so far: 0.6472163663711699; k: 2.0
Generation: 85; 0.6472163663711699; k: 2.0; 124,243,59,191,191,191,29,49,69,158,95,8,114,240,49,206,205,85,229,40,80,26,170,235,127,82,127,138,127,27,31,101,47,227,129,40,155,222,58,201,245,136,225,137,143,203,216,1,69,88,218,69,220,200,236,207,113,144,58,127,82,195,201,39,206,31,198,47,47,11,154,155,137,191,191,127,49,69,83,163,8,114,182,49,182,205,117,22,19,29,49,69,203,211,210,114,200,76,126,136,225,153,59,128,132,45,172,242,109,9,29,49,69,158,95,8,114,240,49,206,205,85,229,40,80,26
Best fitness found so far: 0.6472163663711699; k: 2.0
Generation: 86; 0.6472163663711699; k: 2.0; 175,243,59,137,191,191,29,144,69,88,211,28,114,200,67,87,29,49,69,126,211,210,114,200,76,91,136,225,153,59,207,231,45,160,95,101,47,227,129,58,155,135,193,201,185,136,51,137,172,155,215,1,69,156,218,14,220,68,27,216,218,170,58,64,91,195,201,169,206,31,101,47,227,11,154,155,111,50,43,168,136,119,44,42,36,70,171,148,66,218,15,130,236,236,223,218,225,239,112,48,189,113,97,88,73,164,92,109,126,234,117,95,87,53,49,69,203,242,47,27,31,101,47,240,230,40,125,239,44,2,53,154,122,225,211,224,28,35,246,21,76
Best fitness found so far: 0.6472163663711699; k: 2.0
Generation: 87; 0.6472163663711699; k: 2.0; 90,243,169,137,191,106,29,149,69,158,211,28,206,200,236,126,205,114,137,47,227,129,217,76,73,80,109,170,97,76,30,247,133,83,154,175,225,89,59,89,35,52,21,148
Best fitness found so far: 0.6472163663711699; k: 2.0
Generation: 88; 0.6472163663711699; k: 2.0; 61,243,189,137,191,191,29,49,69,158,35,8,114,240,236,126,205,117,249,89,95,218
Best fitness found so far: 0.6472163663711699; k: 2.0
Generation: 89; 0.6472163663711699; k: 2.0; 195,243,59,137,191,191,29,49,69,158,39,28,188,105,236,126,106,117,95,171,196,175,106,189,127,82,206,201,187,27,7,79,47,122,236,126,205,178,95,40,105,242,170,121,127,82,127,195,9,64,89,101,47,227,11,140,66,135,208,34,186,142,247,45,3,120,59,243,199,73,1,170,235,242,82,127,201,187,27,31,101,47,227,129,40,243,135,113,201,245,136,225,152,143,36,216,1,69,90,229,5,220,232,236,177,218,180,58,137,133,195,201,39,104,226,105,47,198,11,202,238,24,50,236
Best fitness found so far: 0.6472163663711699; k: 2.0
Generation: 90; 0.6472163663711699; k: 2.0; 17,221,59,137,191,191,29,49,161,158,171,8,114,240,49,126,205,117,95,40,80,95,170,189,127,82,95,201,187,27,31,101,47,227,129,40,45,49,240,205,235,90,40,80,26,170,249,226,18,127,201,187,27,31,178,47,227,129,40,155,135,89,201,245,13,225,152,167,250,216,111,69,90,24,5,220,200,236,177,218,144,103,127,213,195,201,39,104,226,105,213,47,11,23,155,135,50,78
Best fitness found so far: 0.6472163663711699; k: 2.0
Generation: 91; 0.6472163663711699; k: 2.0; 225,243,59,137,197,191,29,154,69,133,211,28,114,200,236,92,205,178,95,40,80,142,170,121,127,82,127,201,187,16,31,101,47,227,11,140,22,149,82,208,243,11,137,42,166,29,49,80,229,211,66,52,200,237,24,103,147,158,40,80,213,148,126,127,49,73,88,211,6,114,200,237,126,242,190,95,40,80,187,93,189,127,120,208,201,234,16,193,101,47,227,198,40,155,27,58,134,245,165,230,20,201,190
Best fitness found so far: 0.6472163663711699; k: 2.0
Generation: 92; 0.6472163663711699; k: 2.0; 225,149,59,137,191,191,29,49,69,158,211,28,114,200,236,126,205,117,95,40,137,191,191,29,49,69,158,39,28,114,200,236,126,205,117,95,40,196,136,170,193,127,82,206,201,187,55,7,101,47,7,33,103,7,125,168,82,250,238,154,175,78,153,30,66,7,246,82,146,188,40,38,121,246,45,137,235,191,29,49,69,55,45,75,21,148
Best fitness found so far: 0.6472163663711699; k: 2.0
Generation: 93; 0.6472163663711699; k: 2.0; 225,105,59,137,191,191,29,49,69,158,211,28,114,200,236,47,205,117,95,40,18,74,102,189,127,82,127,18,187,27,242,31,199,248,69,40,155,135,58,35,8,18,240,49,126,205,142,14,158,211,143,114,201,236,126,205,117,100,40,80,142,170,232,127,82,78,206,187,27,31,2,47,227,190,108,155,135,58,201,227,136,225,42,101,221,227,129,58,155,135,58,201,245,136,51,178,194,155,216,204,69,128,93,14,220,200,27,236,218,107,129,64,90,195,201,169,49,31,101,106,65,11,154,234,135,50,43,118,136,225,44,42,36,70,218,117,229,40,99,26,170,235,105,37,127,138,25,27,31,219,47,227,129,40,155,135,58,129,245,136,150,137,166,204,216,160,33,194,218,69,220,200,236,207,21,144,58,19,209,195,21,39,206,31,130,243,225,12,191,191,29,49,240,158,211,8,114,206,49,240,205,116,90,40,80,26,170,235,226,82,127,201,187,27,237,101,47,227,129,40,155,135,89,201,29,13,225,152,167,250,17,111,69,90,218,5,220,200,236,177,218,144,58,127,213,195,201,39,104,226,105,47,222,11,8,155,135,50,175
Best fitness found so far: 0.6472163663711699; k: 2.0
Generation: 94; 0.6472163663711699; k: 2.0; 225,243,59,137,191,176,29,49,205,158,211,28,114,30,236,126,21,76
Best fitness found so far: 0.6472163663711699; k: 2.0
Generation: 95; 0.6472163663711699; k: 2.0; 175,243,59,137,197,191,29,49,69,88,211,28,114,200,67,87,29,215,69,126,211,210,114,200,76,126,136,225,153,59,53,222,201,130,245,206,38,117,229,18,80,26,27,235,127,82,30,138,65,49,69,55,218
Best fitness found so far: 0.6472163663711699; k: 2.0
Generation: 96; 0.6472163663711699; k: 2.0; 225,243,59,137,247,191,55,49,69,173,211,28,46,200,236,126,205,104,95,3,183,127,82,208,134,245,165,230,20,201,190
Best fitness found so far: 0.6472163663711699; k: 2.0
Generation: 97; 0.6472163663711699; k: 2.0; 225,243,59,137,197,191,29,49,189,158,211,28,114,200,20,126,106,117,95,40,80,26,170,189,106,82,127,201,187,27,31,101,47,227,189,127,82,127,201,187,74,114,120,223,227,129,40,155,135,58,201,245,3,183,59,223,132,73,44,89,10,20
Best fitness found so far: 0.6472163663711699; k: 2.0
Generation: 98; 0.6472163663711699; k: 2.0; 61,243,59,20,3,191,29,49,69,158,35,8,114,240,49,25,164,103,95,87,29,49,69,203,211,210,114,33,76,126,136,225,153,59,128,228,89,160,40,218,201,240,103,88,178,203,13,49,55,228,118,250,246,72,174,122,214,190,126,115,243,95,250,139,7,170,55,14,184,181,201,234,120,122,124,237,176,221,133,126,84,231,103,200,137,35,152,69,243,199,73,229,162,124,1,206,143,150,159,189,113,148,88,218,224,28,93,75,21,130,160,59,137,191,191,29,49,69,158,197,8,75,240,49,188,205,133,229,40,80,26,170,235,88,82,127,201,187,27,31,101,47,11,129,40,155,135,113,201,245,136,182,152,143,36,216,1,236,126,70,250,120,40,203,26,44,214,43,221,135,228,238,218
Best fitness found so far: 0.6472163663711699; k: 2.0
Generation: 99; 0.6472163663711699; k: 2.0; 102,243,59,137,191,191,29,49,69,158,211,28,114,200,236,126,205,19,95,40,80,26,170,135,127,82,127,201,187,27,31,101,47,227,129,40,155,126,205,36,95,221,29,49,69,137,211,210,114,200,76,126,136,225,153,59,128,132,45,160,242,109,39
Best fitness found so far: 0.6472163663711699; k: 2.0
Generation: 100; 0.6472163663711699; k: 2.0; 61,243,59,137,191,191,29,49,87,158,211,8,114,240,49,126,205,36,95,40,75,26,170,189,127,82,127,201,187,74,247,211,24,114,200,236,208,126,99,23,23,169,185,26,73,189,149,245,208,201,234,16,162,181,60,227,24,3,224,12,35,196,92,143,226,44,3,188,189
Best fitness found so far: 0.6472163663711699; k: 2.0
Generation: 101; 0.6472163663711699; k: 2.0; 90,243,169,137,191,106,29,149,69,158,211,28,206,200,236,126,205,117,78,40,80,26,170,189,127,247,127,206,187,27,31,241,47,227,129,108,155,135,58,165,245,136,225,137,101,47,227,45,58,155,211,28,114,200,236,126,205,221,95,95,200,236,126,29,49,76,229,20,201,62
Best fitness found so far: 0.6472163663711699; k: 2.0
Generation: 102; 0.6472163663711699; k: 2.0; 148,243,59,173,191,191,29,49,69,158,211,28,114,200,236,126,205,117,95,10,80,26,170,214,128,82,127,201,187,27,31,101,102,227,129,40,155,135,58,201,245,136,225,83,143,36,216,1,69,14,218,69,114,113,187,137,218,23,20,40,80,26,93,189,127,125,112,173,50,14,114,200,164,226,41,207,176,229,89,208,46,82,48,48,181,108,119,24,213,130,248,7,43,78,143,243,100,101,161,189
Best fitness found so far: 0.6472163663711699; k: 2.0
Generation: 103; 0.6472163663711699; k: 2.0; 225,243,59,137,197,191,29,49,69,88,211,28,114,200,236,126,205,178,156,40,80,26,170,189,127,82,127,201,187,16,158,211,28,46,200,236,126,205,117,95,3,229,59,223,132,73,44,89,196,20
Best fitness found so far: 0.6472163663711699; k: 2.0
Generation: 104; 0.6472163663711699; k: 2.0; 17,139,59,137,191,191,53,49,69,158,211,3,42,240,49,188,205,117,229,40,80,165,170,209,127,82,71,122,187,27,31,38,47,73,129,55,169,137,229,106,29,149,69,230,211,28,206,200,236,163,205,117,95,27,80,26,170,189,127,4,127,206,187,50,31,101,47,227,129,108,155,135,58,165,245,136,121,137,101,47,227,129,58,155,135,58,201,245,136,225,245,21,225,137,143,36,27,102,183,88,218,69,220,95,245,207,24,144,58,127,82,195,201,39,214,31,198,154,7,67,154,87,135,50,48,245,168,124,244,183,36,33,113,246,88,153,45,240,92,236,92,152,225,239,112,202,189,156,97,88,246,80,126,244,58,130,218,23,151,40,87,131,139,22,129,82,208,243,11,147,42,166,29,106,69,88,211,210,114,200,237,24,205,15,132,40,47,130,164,58,127,62,73,88,211,210,203,200,210,126,132,190,137,82,206,16,187,111,7,101,47,7,33,76,58,125,14,82,250,137,154,208,52,139,238,202,120,40,80,142,44,41,43,221,185,89,224,182,11,40,155,45,101,59,246,32
Best fitness found so far: 0.6472163663711699; k: 2.0
Generation: 105; 0.6472163663711699; k: 2.0; 90,243,169,137,191,191,29,149,69,158,211,28,114,30,116,126,205,117,100,145,80,142,35,189,127,126,127,206,187,27,31,28,47,227,190,108,77,135,58,201,245,136,225,137,101,47,227,33,58,155,135,58,201,245,136,51,137,172,155,216,1,69,88,218,14,220,200,27,98,218,170,58,106,82,198,250,169,206,31,101,47,227,11,154,155,135,50,43,170,136,225,190,42,36,70,113,148,66,218,15,114,236,236,223,218,225,239,112,84,189,113,97,88,73,164,101,47,7,227,122,58,140,14,82,250,238,154,175,78,244,224,28,35,246,82,210,175,40,197,121,109,135,191,109,245
Best fitness found so far: 0.6472163663711699; k: 2.0
Generation: 106; 0.6472163663711699; k: 2.0; 12,243,59,179,191,191,175,49,69,158,39,28,114,200,236,69,158,211,8,114,240,49,188,205,117,229,40,80,95,170,235,127,82,127,122,187,27,31,101,47,227,129,55,100,135,143,155,44,143,57,59,237,244,180,164,247,109,194
Best fitness found so far: 0.6472163663711699; k: 2.0
Generation: 107; 0.6472163663711699; k: 2.0; 225,243,59,137,197,191,175,49,69,133,211,28,114,200,236,126,205,178,95,89,80,142,170,121,127,82,127,201,187,16,31,101,47,227,11,140,155,135,58,34,186,142,247,85,3,34,43,179,135,213,95,95
Best fitness found so far: 0.6472163663711699; k: 2.0
Generation: 108; 0.6472163663711699; k: 2.0; 61,243,59,137,191,191,29,49,69,158,35,8,114,240,49,126,205,117,95,87,29,234,16,31,227,203,159,49,150,117,228,127,82,208,134,114,16,31,168,47,32,125,238,24,250,238,154,175,78,169,224,205,35,246,213,210,188,40,197,121,26,135,104,37,245
Best fitness found so far: 0.6472163663711699; k: 2.0
Generation: 109; 0.6472163663711699; k: 2.0; 69,243,169,137,229,106,29,149,69,228,211,28,102,200,236,126,205,117,95,27,80,26,170,189,127,4,67,10,187,70,2,189,113,146,88,218,224,21,93,75,21,130,104,59,137,191,191,134,231,69,158,211,8,114,240,49,188,135,235,229,40,61,26,217,235,226,82,127,201,212,27,146,101,47,227,129,40,155,135,113,24,245,136,89,152,236,36,216,1,69,90,43,5,220,200,236,92,218,144,58,127,177,77,201,39,95,226,105,47,47,11,154,155,135,226,78,130,58,200,49,69,55,45,75,21,85
Best fitness found so far: 0.6472163663711699; k: 2.0
Generation: 110; 0.6472163663711699; k: 2.0; 90,243,169,179,191,191,29,149,69,158,211,28,114,200,236,126,205,117,95,40,80,26,170,189,127,186,127,206,187,27,31,101,47,227,129,108,155,135,58,201,245,136,225,137,72,47,227,129,96,155,135,58,201,245,136,225,137,172,36,216,1,69,88,218,69,220,200,172,207,218,170,58,64,82,195,201,169,206,31,202,47,227,166,154,155,135,50,43,245,136,225,44,143,36,19,113,148,133,218,15,114,92,236,223,218,225,239,112,84,155,12,157,150,245,143,225,211,116,120,59,237,244,73,164,241,109,194
Best fitness found so far: 0.6472163663711699; k: 2.0
Generation: 111; 0.6472163663711699; k: 2.0; 90,243,169,137,191,191,29,149,47,158,211,28,114,30,236,126,205,117,100,192,170,189,127,84,127,211,8,114,200,76,126,136,225,153,59,82,132,202,160,242,109,246
Best fitness found so far: 0.6472163663711699; k: 2.0
Generation: 112; 0.6472163663711699; k: 2.0; 225,197,59,137,191,191,29,49,69,158,211,28,114,200,236,126,205,117,95,40,80,26,170,22,127,82,127,237,210,114,200,76,62,136,225,153,59,82,11,40,155,141,124,134,105,128,23,20,40,11,154,155,135,50,43,66,205,3,44,143,36,189,113,148,88,228,15,223,204,236,198,249,225,239,12,193,189,208,169,122,214,99,126,115,112,95,126,228,67,72,235,14,184,36,201,234,120,42,31,38,205,160,133,89,29,231,103,200,137,104,120,245,243,199,73,117,162,34,1,206,236,155,210,148,200,197,191,109,173,143,220,120,188,243,200,34,114,150,18,139,3,43,59,31,132,73,44,143,41,103,3,95,189
Best fitness found so far: 0.6472163663711699; k: 2.0
Generation: 113; 0.6472163663711699; k: 2.0; 61,243,59,20,191,191,29,49,69,158,35,8,114,240,49,126,205,103,95,87,29,49,249,203,211,17,142,247,45,3,120,59,243,199,73,1,90,130,159,190,143,28,189
Best fitness found so far: 0.6472163663711699; k: 2.0
Generation: 114; 0.6472163663711699; k: 2.0; 225,243,59,137,191,191,29,49,69,158,211,28,114,200,236,126,205,117,95,147,235,26,170,189,127,9,127,201,187,27,31,101,102,80,144,170,23,127,205,208,201,234,16,193,101,194,49,11,40,245,135,124,134,245,136,23,20,40,189,240,3,158,127,100,192,201,168,16,31,181,47,187,81,40,155,12,157,194,245,143,225,27,143,197,59,237,244,73,164,241,109,194
Best fitness found so far: 0.6472163663711699; k: 2.0
Generation: 115; 0.6472163663711699; k: 2.0; 61,243,59,20,191,191,29,49,69,158,35,8,114,240,49,126,205,103,95,63,29,49,69,203,211,210,114,200,76,126,136,132,153,59,128,195,44,160,40,230,88,240,52,88,178,203,84,49,205,228,152,250,246,16,174,122,214,200,126,115,149,95,250,139,183,176,138,14,184,181,201,234,120,42,31,237,2,160,133,126,29,231,103,218,137,35,152,69,243,199,73,193,162,34,1,206,143,155,210,148,200,127,46,14,222,143,177,120,188,214,200,34,114,204,18,139,3,183,59,31,132,73,44,208,175,236,126,205,178,95,40,80,155,170,189,127,82,127,201,187,16,31,101,77,227,165,40,101,22,217,201,245,136,225,137,143,103,216,113,141,88,31,120,114,84,236,36,73,23,20,40,10,164,93,162,127,82,208,110,234,50,25,227,203,159,49,150,220,228,127,82,208,201,114,121,31,5,47,32,125,238,44,212,238,154,175,78,169,224,28,35,246,213,210,188,40,197,121,26,131,180,37,245
Best fitness found so far: 0.6472163663711699; k: 2.0
Generation: 116; 0.6472163663711699; k: 2.0; 61,243,59,20,191,191,29,49,69,158,35,8,114,240,49,126,164,103,95,87,153,49,69,203,211,210,114,200,76,126,136,225,153,59,128,228,89,160,40,218,88,240,103,203,178,203,13,49,205,228,118,250,246,16,174,122,214,190,126,115,230,95,250,139,26,170,4,14,184,181,201,234,120,42,124,237,2,160,133,148,84,231,103,200,137,35,152,69,243,199,73,229,162,124,1,206,143,150,156,189,113,148,184,218,128,28,93,75,21,130,243,59,137,191,191,29,49,69,158,197,8,67,59,49,188,205,235,229,40,80,26,170,235,88,82,127,201,114,27,31,101,47,227,129,40,155,135,189,127,199,95,201,187,27,31,101,47,227,129,60,45,39,58,11,29,136,19,137,143,93,139,1,94,88,218,204,247,210,13,183,53,5,97,16,59,14,173,138,203,114,49,87,117,189,29,111,208,120,166,214,200,34,186,142,247,139,3,120,59,243,199,73,51,89,119,159,206,86,234,189,94,88,218,204,247,210,13,183,53,5,97,16,59,14,173,138,203,114,49,87,117,189,29,111,208,120,166,214,200,34,186,142,247,139,3
Best fitness found so far: 0.6472163663711699; k: 2.0
Generation: 117; 0.6472163663711699; k: 2.0; 61,243,59,137,191,191,29,49,69,158,143,8,114,240,1,126,205,175,236,126,205,178,95,40,80,26,170,189,127,82,127,201,187,16,31,101,77,227,165,40,155,135,58,201,35,136,225,137,143,36,216,113,138,88,218,139,114,84,236,36,73,23,20,40,80,164,93,189,127,82,208,201,132,16,31,227,191,191,29,49,69,158,211,239,114,200,236,216,35,120,40,80,41,44,41,43,221,155,89,159,61,51,237,31,181,241,28,24,40,130,248,7,199,245,207,225,44,170,36,189
Best fitness found so far: 0.6472163663711699; k: 2.0
Generation: 118; 0.6472163663711699; k: 2.0; 225,243,59,137,247,191,55,49,69,173,211,28,46,200,236,126,205,117,95,3,183,127,82,208,62,234,235,245,101,170,189,127,23,127,201,187,74,114,101,47,227,116,40,94,135,40,80,26,44,41,249,221,135,89,95,218
Best fitness found so far: 0.6472163663711699; k: 2.0
Generation: 119; 0.6472163663711699; k: 2.0; 53,243,59,137,191,191,29,49,69,158,35,8,114,240,1,126,205,190,236,126,205,178,95,40,80,26,170,45,210,82,76,201,187,16,31,101,77,227,165,37,155,135,58,40,80,130,148,126,127,49,73,88,211,6,5,200,210,88,111,15,205,135,33,76,245,125,14,44,250,238,154,175,78,153,224,28,35,246,82,210,188,40,197,121,109,135,104,37,245
Best fitness found so far: 0.6472163663711699; k: 2.0
Generation: 120; 0.6472163663711699; k: 2.0; 123,243,59,137,191,191,29,49,69,158,211,8,114,240,49,126,205,117,173,40,80,26,170,189,127,82,127,201,187,27,31,101,47,227,129,40,155,135,58,201,245,136,225,137,185,36,216,1,69,88,218,69,220,200,236,207,218,11,58,127,82,195,201,39,206,31,101,180,124,11,154,155,134,85,181,200,136,225,44,143,36,189,113,129,88,218,15,212,92,236,51,218,185,239,112,193,189,113,168,88,218,15,205,135,33,76,245,125,14,44,250,238,154,175,78,153,224,28,35,246,82,210,188,40,197,121,109,227,129,40,125,20,44,2,53,154,122,225,153,224,28,35,246,21,76
Best fitness found so far: 0.6472163663711699; k: 2.0
Generation: 121; 0.6472163663711699; k: 2.0; 148,243,59,173,191,191,29,49,69,158,211,28,114,200,236,126,205,117,95,10,80,172,170,214,132,82,90,201,187,27,31,101,102,227,129,40,155,135,58,201,245,136,225,83,143,36,216,136,187,153,59,128,228,31,55,47,127,161,87,140,250,238,154,175,78,169,224,97,35,246,213,210,222,202,197,185,26,135,104,37,245
Best fitness found so far: 0.6472163663711699; k: 2.0
Generation: 122; 0.6472163663711699; k: 2.0; 61,243,59,137,191,191,29,49,69,158,41,8,80,240,49,14,205,118,95,87,80,52,146,189,127,82,127,201,187,223,31,101,47,227,48,125,71,240,14,88,227,203,114,49,205,31,152,250,143,194,174,122,213,200,182,156,10,18,139,3,166,83,46,58,7,245,136,145,126,205,117,95,56,75,26,218,174,245,200,58,126,218,23,97,40,247,5,30,248,149,23,208,243,11,137,42,196,29,49,80,65,145,210,52,200,237,86,103,147,158,40,80,130,148,126,127,49,121,88,110,6,114,200,210,126,242,190,95,40,80,187,58,189,221,28,208,201,234,16,193,101,47,110,198,177,155,27,58,134,245,165,230,20,201,190
Best fitness found so far: 0.6472163663711699; k: 2.0
Generation: 123; 0.6472163663711699; k: 2.0; 175,243,59,137,191,191,29,49,119,158,211,8,114,240,49,126,205,117,95,40,80,26,170,189,127,199,88,218,69,220,39,236,207,218,144,58,127,82,33,201,39,206,31,198,47,47,11,154,155,135,121,31,245,168,225,44,143,36,189,177,148,88,218,15,175,92,236,223,218,225,166,112,226,189,113,54,140,89,174,245,200,58,200,218,23,20,40,20
Best fitness found so far: 0.6472163663711699; k: 2.0
Generation: 124; 0.6472163663711699; k: 2.0; 17,243,59,137,187,191,29,49,69,158,211,8,114,240,49,188,205,117,229,192,59,26,170,235,127,82,127,201,187,27,107,12,1,69,88,218,189,141,200,27,207,218,107,201,64,206,195,201,169,49,31,101,47,227,11,154,234,41,50,43,118,136,225,44,42,36,233,113,148,127,54,109,222,143,150,120,188,243,200,34,114,230,18,139,3,183,59,164,194,73,44,143,225,44,164,95,221
Best fitness found so far: 0.6472163663711699; k: 2.0
Generation: 125; 0.6472163663711699; k: 2.0; 61,243,59,137,191,46,29,49,69,158,35,8,80,240,49,126,205,118,95,87,102,52,146,189,127,248,127,229,187,223,31,101,47,227,48,218,71,240,14,88,227,203,114,49,205,31,152,250,143,194,174,76,214,200,182,220,200,236,207,218,144,58,127,177,195,201,39,206,31,105,47,47,221,215,155,135,50,78,245,168,225,44,143,36,189,113,148,5,218,15,145,92,236,223,244,225,149,112,226,117,113,87,85,218,18,213,200,58,126,218,168,20,165,225,49,2,92,211,24,114,200,236,208,126,99,23,23,26,80,26,73,189,138,245,208,201,234,16,242,181,60,227,24,154,224,12,157,4,92,143,225,44,3,188,175
Best fitness found so far: 0.6472163663711699; k: 2.0
Generation: 126; 0.6472163663711699; k: 2.0; 225,243,59,137,191,191,175,49,69,158,211,28,114,105,236,126,205,117,55,196,93,191,189,127,82,206,98,187,111,7,101,47,7,33,76,58,125,14,82,250,137,154,208,52,126,238,202,120,175,80,142,44,41,43,221,185,89,209,58,11,40,155,45,101,59,246,32,208,52,126,238,202,120,175,80,142,44,41,43,221,185,89,209,58,11,40,155
Best fitness found so far: 0.6472163663711699; k: 2.0
Generation: 127; 0.6472163663711699; k: 2.0; 225,197,59,137,191,191,29,49,69,158,211,88,108,15,114,182,236,223,9,225,239,104,19,189,113,128,85,218,18,245,200,58,126,218,156,20,165,29,120,2,88,214,192,114,200,236,208,98,99,23,225,169,80,26,73,33,80,26,220,189,127,82,112,173,163,14,114,200,67,87,157,49,217,126,211,210,112,200,185,126,136,225,153,59,53,222,45,160,138,109,203
Best fitness found so far: 0.6472163663711699; k: 2.0
Generation: 128; 0.6472163663711699; k: 2.0; 225,243,59,137,111,191,29,49,69,158,211,28,114,200,236,126,205,146,95,40,80,26,170,189,192,82,137,54,36,216,1,69,88,218,69,26,44,41,43,221,135,89,95,4
Best fitness found so far: 0.6472163663711699; k: 2.0
Generation: 129; 0.6472163663711699; k: 2.0; 175,243,59,137,197,191,21,49,69,88,211,28,114,200,67,87,29,49,69,126,211,210,114,200,76,91,136,225,153,59,207,7,45,160,137,101,47,227,129,58,155,135,193,201,245,136,51,137,172,155,215,1,69,156,218,194,220,68,27,216,218,170,58,64,91,195,201,169,206,31,101,47,227,11,141,155,135,50,43,114,136,119,44,42,36,207,24,144,58,244,174,195,201,189,206,31,198,47,7,11,154,87,135,47,202,245,58,124,244,143,36,33,113,246,88,218,45,240,92,236,159,152,225,239,112,213,189,156,97,88,246,80,245,244,58,126,131,23,169,40,247,131,170,22,139,82,208,243,11,147,42,166,29,49,69,88,211,210,114,200,60,24,205,147,132,40,80,130,164,58,127,49,73,88,211,210,114,200,210,93,132,246,95,40,80,170,170,189,127,164,208,152,234,2,193,184,47,227,113,212,63,27,58,69,168,8,236,228,218,170,58,127,82,195,207,35,206,31,101,47,227,11,154,155,135,50,15,245,136,225,44,143,36,189,171,148,88,218,15,114,92,236,223,218,225,239,112,193,189,113,122,88,218,15,245,184,58,126,218,23,20,40,247,26,116,189,149,82,208,31,234,138,242,205,204,201,24,40,107,12,11,43,245,143,225,44,3,95,189
Best fitness found so far: 0.6472163663711699; k: 2.0
Generation: 130; 0.6472163663711699; k: 2.0; 17,243,59,137,191,191,53,49,69,158,211,128,114,240,28,188,205,117,229,40,80,241,170,235,127,82,71,122,187,3,31,38,47,73,129,55,169,137,229,106,29,96,69,51,211,28,206,200,236,176,205,47,95,27,80,26,170,58,127,4,127,206,187,50,31,101,225,227,129,108,155,135,58,21,245,136,225,57,101,47,171,129,58,129,135,58,201,245,136,225,214,136,225,137,143,36,27,102,183,88,218,69,220,200,245,207,24,144,58,127,82,195,201,39,214,31,198,105,7,39,210,87,135,50,48,245,168,124,244,183,36,33,113,246,88,153,45,240,92,236,92,152,225,239,112,213,189,156,97,84,246,80,245,244,58,130,218,23,169,40,87,131,139,22,139,82,208,243,11,147,42,40,29,106,69,88,211,210,114,200,237,24,205,147,132,40,80,130,164,58,127,62,42,88,211,210,114,200,210,126,132,190,173,40,80,170,170,189,127,205,208,201,234,108,193,101,47,242,113,40,155,27,102,69,168,8,236,207,218,170,58,127,82,195,121,35,206,42,101,47,227,34,154,155,135,50,43,36,136,225,44,143,36,189,113,148,88,218,15,208,92,236,71,218,225,239,112,193,189,113,97,88,218,216,245,184,58,126,218,23,20,40,247,29,49,69,158,211,28,43,200,236,126,218,45,114,92,236,92,236,225,227,90,127,157,113,135,88,170,126,189,82,127,201,187,74,174,208,47,227,129,217,76,73,80,109,170,189,112,245,247,9,83,154,175,10,89,180,28,120,75,21,250
Best fitness found so far: 0.6472163663711699; k: 2.0
Generation: 131; 0.6472163663711699; k: 2.0; 61,243,59,137,145,191,29,49,69,158,35,8,22,240,49,126,205,150,14,158,211,136,114,24,236,126,205,83,100,40,80,142,170,161,127,82,127,206,187,27,31,101,47,227,190,108,155,135,58,201,245,31,101,47,227,11,40,155,135,58,201,170,136,69,137,143,36,216,15,69,37,218,139,114,200,236,126,218,23,20,40,80,26,93,189,127,82,208,247,234,147,31,227,203,159,49,205,117,152,152,143,208,120,228,214,200,185,156,30,18,139,3,120,66,200,199,32,154,89,34,5,161,11,108,155,214,200,185,156,30,18,139,3,120,66
Best fitness found so far: 0.6472163663711699; k: 2.0
Generation: 132; 0.6472163663711699; k: 2.0; 90,243,169,137,191,106,29,149,69,158,211,28,206,200,236,126,213,117,78,72,80,26,170,189,127,4,127,206,187,27,31,176,47,227,129,108,143,135,58,165,55,136,225,137,101,47,227,144,58,45,211,28,114,200,236,126,205,117,95,44,232,95,189
Best fitness found so far: 0.6472163663711699; k: 2.0
Generation: 133; 0.6472163663711699; k: 2.0; 148,243,59,173,191,191,29,49,69,158,211,28,114,200,236,126,205,117,95,10,80,26,170,214,132,82,127,201,187,27,31,101,156,227,129,97,155,135,58,201,245,136,225,83,143,36,216,1,69,184,14,69,114,28,177,34,65,204,18,139,142,179,97,122,132,171,193,19,151,227,93,73,15,27,58,138,245,165,148,145,201,190
Best fitness found so far: 0.6472163663711699; k: 2.0
Generation: 134; 0.6472163663711699; k: 2.0; 225,243,249,137,191,191,29,49,69,158,211,28,114,200,236,126,107,117,95,40,80,26,170,18,139,137,8,66,200,199,159,82,89,34,5,161,11,108,155
Best fitness found so far: 0.6472163663711699; k: 2.0
Generation: 135; 0.6472163663711699; k: 2.0; 128,243,59,137,191,191,29,49,69,158,147,8,22,240,49,4,24,105,40,50,8,28,114,30,236,126,205,117,100,40,80,142,170,161,127,82,127,206,160,27,24,101,196,21,170,189,127,82,206,98,187,111,207,101,47,7,33,76,58,125,40,82,250,137,154,208,52,126,238,53,120,40,230,142,44,41,43,221,185,89,113,182,59,76,143,3,101,59,9,32
Best fitness found so far: 0.6472163663711699; k: 2.0
Generation: 136; 0.6472163663711699; k: 2.0; 61,243,59,137,191,191,29,49,69,158,211,8,114,240,49,126,205,117,95,40,75,26,170,189,47,82,64,201,187,74,84,101,47,227,129,40,155,135,58,201,245,3,175,95,87,213,49,69,203,211,17,114,200,110,126,136,225,153,59,128,228,43,55,47,32,125,65,44,250,238,30,175,78,169,224,28,35,246,213,127,188,40,197,121,26,135,104,37,145
Best fitness found so far: 0.6472163663711699; k: 2.0
Generation: 137; 0.6472163663711699; k: 2.0; 17,243,59,137,191,191,29,49,69,158,211,8,114,240,49,188,205,235,229,40,80,26,43,235,226,82,127,201,187,32,31,101,47,227,129,40,155,135,113,201,148,164,49,191,109,173,143,221,23,188,243,200,82,114,150,18,139,3,43,59,31,132,73,44,143,225,103,3,95,189
Best fitness found so far: 0.6472163663711699; k: 2.0
Generation: 138; 0.6472163663711699; k: 2.0; 48,243,59,137,191,191,171,49,69,158,35,8,114,240,242,149,82,208,31,246,45,121,191,191,51,49,105,25,250,47,229,49,236,126,187,202,120,40,80,26,44,41,136,221,155,89,208,103,206,48,31,181,241,119,24,40,130,248,7,134,198,246,130,100,101,161,189
Best fitness found so far: 0.6472163663711699; k: 2.0
Generation: 139; 0.6472163663711699; k: 2.0; 45,243,59,137,197,191,29,49,69,88,211,28,114,200,67,147,29,49,69,126,166,214,200,34,186,142,247,139,3,120,59,129,199,73,1,15,130,159,206,143,155,189
Best fitness found so far: 0.6472163663711699; k: 2.0
Generation: 140; 0.6472163663711699; k: 2.0; 225,235,59,137,191,191,29,49,69,158,211,28,114,200,236,126,205,117,95,40,80,26,170,189,127,82,127,242,187,193,31,101,47,227,129,40,125,46,44,2,53,154,131,225,153,191,28,35,114,201,236,126,205,117,73,40,80,142,170,161,127,82,78,206,187,27,31,2,47,144,190,108,155,135,58,51,15,136,225,42,101,47,227,129,58,155,135,58,201,68,136,166,178,194,155,216,8,69,128,218,53,220,200,27,30,218,107,58,64,236,195,201,169,49,31,101,106,149,11,154,234,135,50,43,118,136,225,44,42,36,70,113,223,184,218,15,121,214,47,223,218,47,239,76,84,1,113,11,88,73,25,155,109,194
Best fitness found so far: 0.6472163663711699; k: 2.0
Generation: 141; 0.6472163663711699; k: 2.0; 225,243,59,137,191,191,29,49,189,158,211,28,114,200,8,126,205,117,95,40,80,26,170,199,127,82,127,201,187,27,31,36,47,227,129,40,155,135,58,201,245,136,225,137,80,14,220,200,27,30,218,107,58,64,236,195,201,169,49,31,101,106,65,11,154,234,135,50,224,32,136,225,44,42,36,70,113,148,184,218,104,121,214,47,223,218,47,239,76,84,189,113,136,88,73,164,155,109,194
Best fitness found so far: 0.6472163663711699; k: 2.0
Generation: 142; 0.6472163663711699; k: 2.0; 61,213,59,137,191,191,29,49,69,158,35,8,22,240,49,126,205,150,14,158,211,28,114,30,236,126,205,117,100,40,80,142,170,161,127,82,127,206,187,27,31,101,47,227,190,108,155,135,58,147,245,136,225,8,101,47,227,161,58,155,135,58,201,245,136,51,137,194,155,216,1,69,88,218,14,220,200,27,207,218,107,58,64,206,225,201,169,49,31,101,47,227,11,154,234,63,50,43,118,119,122,44,42,36,70,113,148,66,218,15,121,214,47,207,218,47,90,88,240,52,88,178,203,84,49,88,228,152,250,246,16,174,122,214,200,126,115,149,95,250,139,26,170,4,14,184,181,201,234,120,42,31,237,2,160,133,126,29,231,103,223,216,35,152,69,243,199,73,193,162,34,1,206,143,155,210,148,82,127,191,14,222,143,208,120,188,214,200,34,114,204,18,139,3,183,59,97,132,73,44,89,235,20
Best fitness found so far: 0.6472163663711699; k: 2.0
Generation: 143; 0.6472163663711699; k: 2.0; 225,243,59,137,191,191,29,49,69,158,211,28,114,200,236,126,205,58,15,223,92,236,198,218,225,239,112,136,189,113,97,88,218,148,245,22,58,126,218,23,20,40,247,26,170,242,149,82,208,31,246,45,137,191,191,51,49,69,55,218,47,229,49,236,169,62,202,44,40,80,26,44,41,43,221,155,89,208,103,206,48,31,181,241,119,24,40,218,248,7,43,198,143,130,100,101,161,189
Best fitness found so far: 0.6472163663711699; k: 2.0
Generation: 144; 0.6472163663711699; k: 2.0; 90,243,169,137,191,106,29,149,69,158,211,28,206,200,236,126,213,52,78,131,80,26,170,189,127,4,127,78,187,27,31,101,47,227,129,108,155,135,58,165,245,136,164,137,101,47,227,45,64,45,211,28,69,54,200,236,207,203,144,58,127,82,195,201,39,206,31,198,47,138,11,154,87,135,50,43,245,168,124,244,143,36,33,113,246,88,218,45,240,121,236,92,152,225,239,112,213,189,156,97,88,246,80,245,244,58,126,218,23,236,40,247,131,170,22,139,82,208,243,11,147,42,166,29,49,69,88,211,34,10,200,237,201,205,147,132,40,80,130,164,58,164,49,73,88,211,210,114,200,210,35,132,190,95,40,80,170,170,189,127,161,208,201,234,16,193,101,47,227,113,40,155,27,58,69,168,8,236,207,218,170,58,127,82,166,201,35,206,31,101,47,75,11,154,155,135,50,43,245,136,225,44,143,36,189,113,148,88,218,15,114,92,236,121,218,225,239,112,193,189,62,97,88,218,15,245,184,58,138,218,104,203,40,247,26,116,89,149,82,208,31,234,138,242,205,204,227,10,40,222,12,107,43,79,208,225,44,3,95,177
Best fitness found so far: 0.6472163663711699; k: 2.0
Generation: 145; 0.6472163663711699; k: 2.0; 17,243,59,137,191,191,29,49,69,158,211,8,114,240,45,13,205,235,229,40,80,26,170,235,226,82,127,201,187,27,31,101,47,188,226,82,149,82,34,37,246,45,137,191,191,51,60,202,55,218,47,229,49,236,126,187,232,120,40,46,64,226,41,207,176,49,126,234,117,95,42,53,49,106,203,242,47,27,136,101,47,240,230,40,125,239,44,2,53,154,122,225,211,224,28,243,246,153,76
Best fitness found so far: 0.6472163663711699; k: 2.0
Generation: 146; 0.6472163663711699; k: 2.0; 61,243,59,137,191,191,171,49,69,158,35,8,114,240,49,82,234,117,95,87,53,49,69,203,242,47,27,31,101,47,188,26,40,34,239,44,2,53,154,122,225,211,224,28,101,47,240,230,40,125,239,44,2,53,154,122,225,211,224,28,35,246,21,76
Best fitness found so far: 0.6472163663711699; k: 2.0
Generation: 147; 0.6472163663711699; k: 2.0; 225,243,59,137,191,191,175,49,69,158,39,28,114,200,236,126,205,111,151,196,196,21,170,189,127,82,206,212,34,43,179,135,213,95,95
Best fitness found so far: 0.6472163663711699; k: 2.0
Generation: 148; 0.6472163663711699; k: 2.0; 225,243,59,137,247,191,55,49,69,158,211,28,46,200,236,126,205,117,95,189
Best fitness found so far: 0.6472163663711699; k: 2.0
Generation: 149; 0.6472163663711699; k: 2.0; 90,243,169,11,191,191,29,149,69,158,211,28,114,200,236,126,205,12,13,137,200,236,76,227,202,95,40,80,26,170,189,127,82,77,22,234,16,231,100,47,64,11,40,97,40,247,131,170,22,149,133,208,243,6,137,42,166,29,49,80,229,59,210,52,200,237,24,103,147,158,40,80,130,148,126,127,49,73,88,211,6,114,200,210,126,242,190,95,40,80,154,58,189,127,120,208,104,234,16,232,101,47,227,198,40,155,27,58,134,245,165,230,20,201,190
Best fitness found so far: 0.6472163663711699; k: 2.0
Generation: 150; 0.6472163663711699; k: 2.0; 50,243,169,137,229,106,29,149,69,228,211,28,206,200,236,126,205,117,95,27,80,26,170,189,127,4,67,206,187,50,36,189,113,148,88,218,224,28,9,75,21,130,243,218,116,191,163,134,231,69,158,211,8,114,46,49,188,135,235,229,40,80,26,170,144,226,82,127,201,16,27,31,101,47,227,129,40,155,135,113,201,245,136,225,152,236,36,216,1,69,90,218,5,220,50,236,177,218,144,58,127,177,195,201,39,95,226,105,47,47,11,154,155,135,226,78,130,243,59,225,239,112,193,189,208,65,122,214,200,126,115,149,95,165,228,26,170,235,14,184,36,201,234,120,42,23,237,205,160,238,89,29,231,103,200,137,104,120,4,243,199,73,193,162,34,1,206,143,155,210,148,200,127,191,109,222,143,208,120,188,243,200,34,114,204,18,139,3,183,59,31,132,73,44,107,225,103,3,95,189
Best fitness found so far: 0.6472163663711699; k: 2.0
Generation: 151; 0.6472163663711699; k: 2.0; 12,243,59,137,191,191,53,49,69,158,211,128,114,240,49,188,205,117,229,40,80,165,170,235,127,82,71,122,187,27,4,38,47,73,129,55,169,137,229,106,29,149,69,51,211,28,206,200,236,126,205,117,95,27,80,26,240,189,127,4,127,83,187,50,31,101,8,227,129,108,155,135,215,165,245,136,225,137,101,47,227,129,58,155,135,244,201,245,136,73,245,136,225,38,143,36,27,102,153,236,126,205,178,95,232,80,242,170,121,127,82,127,195,9,64,89,101,47,227,11,140,66,135,58,34,186,142,247,45,3,120,59,243,199,73,1,90,80,159,190,143,239,189
Best fitness found so far: 0.6472163663711699; k: 2.0
Generation: 152; 0.6472163663711699; k: 2.0; 17,243,59,137,191,191,29,49,161,158,211,8,80,240,49,126,39,28,114,200,67,85,29,246,57,137,163,191,65,49,69,55,138,210,189,29,143,208,120,166,214,200,34,186,142,247,139,3,120,59,129,199,73,50,29,130,159,206,143,155,189
Best fitness found so far: 0.6472163663711699; k: 2.0
Generation: 153; 0.6472163663711699; k: 2.0; 183,243,59,137,247,191,55,49,69,158,211,28,46,200,236,126,73,88,109,170,189,76,245,156,9,83,154,175,225,89,224,28,35,44,21,148
Best fitness found so far: 0.6472163663711699; k: 2.0
Generation: 154; 0.6472163663711699; k: 2.0; 175,243,59,137,197,191,29,49,69,88,211,28,114,200,67,87,29,49,69,126,211,210,114,200,76,126,136,225,153,159,53,222,111,160,228,44,160,181,218,88,240,52,88,178,203,84,49,205,228,152,250,246,16,174,122,214,200,126,198,149,41,250,9,26,170,4,14,184,181,81,234,120,42,31,249,71,160,47,126,29,231,103,200,137,35,152,69,243,199,166,193,162,34,84,206,143,155,210,148,200,127,191,10,222,143,208,21,188,214,200,34,114,152,18,139,3,183,59,31,132,73,66,89,196,20
Best fitness found so far: 0.6472163663711699; k: 2.0
Generation: 155; 0.6472163663711699; k: 2.0; 61,243,59,137,191,191,29,49,69,63,35,8,114,240,65,26,71,175,236,126,205,20,95,130,80,155,170,189,127,236,127,201,187,16,31,101,77,227,224,217,155,135,217,201,216,136,242,39,125,103,216,113,76,88,31,120,114,84,236,36,73,23,20,40,80,164,148,162,221,194,175,201,234,16,31,227,203,159,49,150,117,228,127,108,208,201,114,16,127,160,40,218,88,240,87,88,178,135,84,200,205,228,152,250,177,225,213,122,214,200,126,115,149,95,250,39,26,202,4,14,184,181,159,234,58,42,31,237,2,160,133,126,29,231,103,200,137,35,30,69,108,63,73,16,47,89,1,206,143,155,236,237,205,49,69,158,211,28,198,200,236,126,205,117,35,85,183,59,223,132,73,14,89,196,20
Best fitness found so far: 0.6472163663711699; k: 2.0
Generation: 156; 0.6472163663711699; k: 2.0; 17,243,59,137,191,191,29,49,161,158,211,8,80,240,238,126,39,117,95,40,80,127,170,189,77,82,95,69,10,27,31,119,47,227,129,40,45,77,58,11,245,136,19,137,143,36,150,1,69,88,218,239,220,200,236,207,218,232,58,43,82,195,201,39,206,227,101,47,227,89,154,155,135,50,43,245,174,225,244,143,36,189,127,201,187,27,31,101,102,227,129,40,155,135,58,201,245,136,225,83,33,36,216,1,69,88,218,69,114,144,236,126,218,23,20,40,80,26,232,189,127,82,112,173,50,14,135,123,77,225,44,20,3,189
Best fitness found so far: 0.6472163663711699; k: 2.0
Generation: 157; 0.6472163663711699; k: 2.0; 160,243,59,137,191,191,83,49,69,158,211,28,114,200,166,175,205,117,95,40,80,10,170,189,127,22,41,218,69,220,110,236,207,218,170,193,127,82,195,201,39,206,31,101,47,227,11,154,155,135,50,43,245,136,212,44,143,111,189,113,162,88,218,82,212,29,143,208,120,166,214,200,240,186,142,247,139,3,120,59,243,199,73,1,89,130,159,190,143,239,189
Best fitness found so far: 0.6472163663711699; k: 2.0
Generation: 158; 0.6472163663711699; k: 2.0; 17,243,59,137,191,191,73,49,161,158,211,8,114,240,49,126,54,117,95,40,80,247,170,189,127,200,58,126,218,168,20,165,7,49,2,88,211,24,114,200,236,208,126,99,23,23,169,80,26,73,189,149,245,212,201,234,16,242,181,60,227,24,40,224,245,157,43,92,143,225,44,3,188,188
Best fitness found so far: 0.6472163663711699; k: 2.0
Generation: 159; 0.6472163663711699; k: 2.0; 17,243,59,137,191,191,29,49,161,158,211,8,114,240,218,135,58,127,177,195,201,39,206,31,105,134,47,11,154,155,135,50,78,245,168,225,44,143,141,189,113,226,88,218,15,114,92,75,223,10,225,239,112,226,189,113,87,85,218,18,245,200,58,126,218,168,20,165,29,49,2,88,211,24,114,200,236,157,126,99,23,23,169,80,26,73,189,149,245,208,228,234,16,242,181,60,227,24,182,224,12,157,43,92,143,225,44,46,188,189
Best fitness found so far: 0.6472163663711699; k: 2.0
Generation: 160; 0.6472163663711699; k: 2.0; 124,243,59,191,191,191,29,49,69,158,95,8,114,240,49,206,205,94,229,40,80,26,170,135,127,82,127,138,187,27,31,101,47,227,129,40,155,135,58,201,245,136,225,137,143,36,216,1,69,88,218,69,220,36,236,207,112,144,58,127,82,64,201,39,206,31,198,47,47,11,154,155,135,50,43,245,168,225,213,143,167,189
Best fitness found so far: 0.6472163663711699; k: 2.0
Generation: 161; 0.6472163663711699; k: 2.0; 17,243,59,137,191,191,29,49,69,158,211,8,114,240,49,188,205,117,229,40,80,26,170,75,127,82,127,122,187,27,31,101,47,226,104,37,245
Best fitness found so far: 0.6472163663711699; k: 2.0
Generation: 162; 0.6472163663711699; k: 2.0; 170,243,59,137,191,191,29,49,69,158,211,28,114,200,236,126,205,117,95,40,211,238,212,189,127,82,127,201,187,27,31,124,47,7,33,76,58,125,186,82,61,238,154,201,78,153,224,28,103,58,201,245,136,225,147,172,36,216,1,69,88,218,229,220,200,27,207,218,170,58,64,82,195,201,169,206,31,101,176,227,11,154,155,135,50,43,245,136,225,44,143,36,19,113,148,88,218,15,114,92,236,223,218,225,239,112,84,189,113,97,88,218,46,245,118,58,126,218,23,20,209,247,26,105,189,149,82,208,31,136,138,242,181,204,231,67,40,107,12,157,43,245,143,225,44,3,95,189
Best fitness found so far: 0.6472163663711699; k: 2.0
Generation: 163; 0.6472163663711699; k: 2.0; 12,243,59,137,191,191,175,49,69,158,39,28,114,200,236,126,205,10,55,40,196,21,170,189,127,82,206,160,187,77,69,101,205,69,107,218,27,211,28,114,131,236,126,205,117,95,40,80,10,16,189,127,82,85,201,11,211,197,177,29,109,69,39,141,210,114,152,43,126,205,202,95,30,80,26,170,189,127,205,208,201,234,186,84,101,62,49,61,40,155,125,124,134,245,136,10,20,75,189,240,170,189,127,82,192,140,168,16,31,181,142,227,136,40,58,12,157,3,245,143,225,168,178,44,143,36,189,78,148,88,218,15,114,92,236,223,218,225,239,112,226,189,113,97,88,218,174,245,11,58,126,218,23,20,40,120,131,170,22,149,82,91,31,21,88,242,181,204,227,24,40,191,12,157,43,245,157,225,44,3,192,189
Best fitness found so far: 0.6472163663711699; k: 2.0
Generation: 164; 0.6472163663711699; k: 2.0; 17,243,59,137,191,191,29,49,69,158,211,8,114,225,49,188,205,214,229,40,143,26,170,235,249,82,104,201,187,27,10,101,47,227,11,164,155,135,58,201,245,136,172,137,143,36,216,1,69,88,218,5,220,200,236,207,218,144,58,127,177,195,201,39,206,31,105,47,47,11,154,155,135,50,78,245,168,225,44,143,36,157,223,148,88,218,15,114,92,59,223,89,115,239,133,226,189,113,19,85,242,181,204,227,24,40,107,12,157,130,245,157,225,44,3,192,189
Best fitness found so far: 0.6472163663711699; k: 2.0
Generation: 165; 0.6472163663711699; k: 2.0; 175,243,59,137,197,191,161,49,69,88,211,28,114,200,67,85,29,246,45,137,163,191,65,49,69,55,138,210,189,29,143,208,120,166,214,200,34,186,142,247,8,114,240,49,126,205,204,95,87,29,49,69,203,142,17,114,103,110,20,141,225,153,59,88,228,31,55,47,32,125,238,44,97,238,154,175,78,169,224,28,35,246,213,210,188,40,197,121,26,135,104,37,245
Best fitness found so far: 0.6472163663711699; k: 2.0
Generation: 166; 0.6472163663711699; k: 2.0; 17,243,59,137,187,191,209,49,69,158,211,8,114,240,49,188,205,117,47,227,26,154,65,135,50,43,118,250,225,44,42,36,70,113,148,66,218,15,114,236,236,223,218,225,239,112,84,189,113,97,88,124,164,247,109,194
Best fitness found so far: 0.6472163663711699; k: 2.0
Generation: 167; 0.6472163663711699; k: 2.0; 225,243,59,158,191,191,29,99,69,158,211,28,114,200,236,126,205,117,95,40,80,26,170,189,127,82,127,201,187,27,31,229,102,164,129,40,119,29,58,201,82,136,225,103,143,36,216,1,69,88,218,69,191,191,29,49,164,158,169,205,114,200,236,126,205,135,75,76,75,153,12,44,203,238,154,111,78,153,224,28,35,217,36,210,188,40,13,57,54,135,127,122,187,27,31,101,47,227,129,55,100,135,143,225,44,90,48,163,237,244,73,89,247,17,194
Best fitness found so far: 0.6472163663711699; k: 2.0
Generation: 168; 0.6472163663711699; k: 2.0; 225,243,59,137,191,191,29,49,69,158,211,28,114,200,166,126,205,222,95,40,80,10,170,189,127,22,127,201,237,211,134,191,50,49,69,88,211,210,114,187,43,126,205,202,95,40,80,26,170,16,153,205,208,201,234,16,193,198,194,49,11,40,155,135,124,134,245,98,23,20,40,11,154,155,135,50,43,245,205,156,34,143,36,189,113,148,88,228,15,223,204,236,198,249,225,239,214,193,22,208,169,122,214,220,126,115,149,95,40,228,67,72,235,14,184,36,201,234,120,42,31,237,205,160,192,89,29,231,103,38,137,104,120,4,243,199,73,117,126,106,162,95,40,196,26,170,189,127,218,206,201,18,208,7,101,47,122,236,126,205,159,95,40,80,242,170,121,127,82,127,195,9,64,89,101,80,227,11,192,66,135,58,34,186,142,247,21,3,120,59,243,199,73,1,90,130,159,190,143,49,69,158,211,8,114,240,49,126,205,5,95,34,75,26,61,126,191,82,127,201,187,74,114,101,47,227,129,217,76,73,80,109,170,189,76,30,247,176,83,154,175,225,89,59,28,35,52,21,148
Best fitness found so far: 0.6472163663711699; k: 2.0
Generation: 169; 0.6472163663711699; k: 2.0; 225,147,59,137,191,191,29,49,69,158,211,28,114,200,236,126,205,117,95,40,80,10,37,232,127,82,127,201,11,238,197,191,29,49,69,88,211,210,114,200,43,126,205,195,149,35,206,42,101,47,227,34,154,155,88,50,43,36,136,225,44,143,36,189,113,60,88,218,15,114,92,236,71,218,225,125,112,193,189,113,97,88,218,117,245,184,58,248,218,23,20,40,247,26,116,189,149,82,208,84,234,138,242,205,204,227,143,40,107,12,107,43,245,143,225,44,3,95,149
Best fitness found so far: 0.6472163663711699; k: 2.0
Generation: 170; 0.6472163663711699; k: 2.0; 17,35,59,95,191,191,29,49,69,158,145,8,114,240,49,188,205,117,229,40,80,26,170,235,127,82,127,201,187,27,31,101,47,227,129,40,155,150,58,201,245,94,225,137,143,240,216,1,69,88,218,69,220,200,236,207,218,144,58,127,82,195,169,206,31,101,47,227,11,154,155,135,50,43,114,136,119,44,42,36,189,171,148,66,161,15,55,236,120,223,90,225,198,112,84,189,113,97,88,73,38,247,109,194
Best fitness found so far: 0.6472163663711699; k: 2.0
Generation: 171; 0.6472163663711699; k: 2.0; 225,243,59,137,191,191,29,49,69,158,211,28,114,200,236,126,205,117,95,40,80,26,170,189,127,82,229,40,80,26,170,235,225,107,127,198,187,27,112,101,180,53,129,40,155,135,58,201,245,136,225,137,143,36,71,1,69,88,221,69,99,200,236,207,218,144,58,127,136,195,201,39,206,31,198,47,47,11,169,155,135,50,43,118,168,225,44,143,36,189,113,148,88,162,15,114,92,236,223,218,225,239,112,226,189,113,97,244,218,174,245,83,58,191,107,23,20,40,222,131,170,22,149,82,208,31,21,22,242,181,56,158,24,40,107,12,157,42,245,157,225,44,3,192,189
Best fitness found so far: 0.6472163663711699; k: 2.0
Generation: 172; 0.6472163663711699; k: 2.0; 225,243,59,137,191,191,213,74,69,158,211,28,114,200,236,126,249,69,113,95,8,114,42,49,206,205,117,229,91,80,26,27,235,127,82,127,138,65,49,69,55,218,210,81,200,236,126,56,250,88,40,80,26,44,41,43,221,135,89,95,120
Best fitness found so far: 0.6472163663711699; k: 2.0
Generation: 173; 0.6472163663711699; k: 2.0; 225,243,59,137,191,191,29,49,69,158,211,28,114,200,236,126,205,117,95,40,80,10,170,189,127,82,127,228,11,211,197,191,29,49,139,88,211,210,114,200,43,126,205,202,95,40,80,26,170,189,127,205,208,201,234,16,193,101,194,49,11,40,155,161,124,134,245,136,23,20,40,189,240,68,189,127,82,192,201,156,16,31,11,154,155,135,50,43,245,136,225,44,143,36,92,113,7,88,218,15,114,92,236,223,218,225,239,112,29,189,113,97,88,218,15,211,128,58,126,218,23,20,40,247,26,170,189,149,82,12,31,234,182,101,181,204,227,24,40,107,12,157,43,245,143,225,44,3,95,189
Best fitness found so far: 0.6472163663711699; k: 2.0
Generation: 174; 0.6472163663711699; k: 2.0; 12,243,59,137,135,191,175,49,69,158,39,28,114,200,236,126,205,111,39,40,196,21,170,189,29,49,69,158,35,8,114,240,49,126,205,117,95,87,29,49,69,203,211,210,114,200,76,217,27,225,153,193,128,132,45,160,242,109,194
Best fitness found so far: 0.6472163663711699; k: 2.0
Generation: 175; 0.6472163663711699; k: 2.0; 225,243,69,137,191,191,29,49,69,158,211,28,200,200,236,126,218,45,114,92,236,92,99,23,68,169,209,227,73,189,149,245,208,201,234,16,242,181,60,227,24,40,224,12,157,43,92,143,225,44,220,171,189
Best fitness found so far: 0.6472163663711699; k: 2.0
Generation: 176; 0.6472163663711699; k: 2.0; 90,243,169,137,191,191,29,149,69,158,211,28,114,200,236,126,59,137,191,191,29,49,69,158,211,28,114,200,152,148,34,117,95,40,80,10,170,189,127,82,133,201,53,22,122,225,153,224,28,35,246,21,76
Best fitness found so far: 0.6472163663711699; k: 2.0
Generation: 177; 0.6472163663711699; k: 2.0; 17,243,59,137,191,191,29,49,69,158,211,8,114,240,192,96,205,117,229,40,80,31,194,235,127,82,127,201,187,27,31,42,47,227,129,40,155,216,58,201,53,178,225,137,143,36,216,1,69,88,218,69,220,55,236,207,218,144,58,205,82,33,201,39,88,31,198,47,47,11,86,155,135,50,43,245,168,225,44,143,36,189,113,201,88,218,15,114,92,236,223,218,35,166,112,226,33,113,96,189
Best fitness found so far: 0.6472163663711699; k: 2.0
Generation: 178; 0.6472163663711699; k: 2.0; 61,243,59,137,191,191,29,49,69,158,49,8,114,240,210,188,40,197,121,109,135,104,86,102
Best fitness found so far: 0.6472163663711699; k: 2.0
Generation: 179; 0.6472163663711699; k: 2.0; 61,243,59,137,191,191,29,49,69,158,211,8,110,240,49,245
Best fitness found so far: 0.6472163663711699; k: 2.0
Generation: 180; 0.6472163663711699; k: 2.0; 225,243,59,137,191,191,29,49,185,158,211,28,114,200,236,126,34,117,95,40,80,10,170,22,127,82,116,201,244,214,197,191,29,49,69,88,211,210,114,200,43,47,205,202,95,40,80,29,170,189,127,27,102,217,88,218,69,220,200,135,207,24,144,58,127,82,195,106,39,214,31,198,105,7,11,199,87,135,50,48,245,168,124,175,183,36,33,113,246,88,112,45,240,92,236,92,182,225,239,112,157,189,156,97,88,246,80,245,244,58,130,218,128,169,40,87,131,139,22,139,82,208,2,11,147,42,166,29,106,69,88,211,210,114,200,237,24,205,188,132,40,80,130,164,58,127,62,73,88,211,210,114,200,210,126,132,190,123,40,80,170,170,189,127,205,208,201,234,16,193,101,47,227,113,40,155,27,102,69,168,8,236,207,218,170,58,87,82,175,206,35,206,42,101,47,227,34,154,155,16,50,43,36,136,225,44,143,36,189,113,148,88,218,15,114,92,236,71,218,225,239,127,193,189,113,97,88,2,216,245,184,58,126,218,23,8,40,247,26,116,189,149,82,208,131,234,138,242,205,204,227,24,40,107,12,107,43,245,143,225,44,3,95,149
Best fitness found so far: 0.6472163663711699; k: 2.0
Generation: 181; 0.6472163663711699; k: 2.0; 17,243,59,137,187,191,29,49,69,158,119,8,114,240,49,188,205,117,229,192,59,26,170,235,127,82,127,248,187,27,101,12,180,43,245,87,225,216,1,69,88,218,69,114,144,236,20,155,23,20,40,80,26,133,189,127,82,112,173,50,14,135,14,77,225,44,20,3,189
Best fitness found so far: 0.6472163663711699; k: 2.0
Generation: 182; 0.6472163663711699; k: 2.0; 12,243,59,137,191,191,175,49,69,158,39,28,114,200,236,126,205,111,39,40,196,21,170,134,127,41,206,98,187,111,7,101,206,69,140,218,210,189,200,236,126,70,202,120,40,142,26,44,41,43,48,155,218,224,182,11,176,113,246,88,153,45,240,92,236,92,152,225,239,112,213,189,156,97,88,246,80,245,244,58,130,218,23,169,40,87,131,139,22,139,82,208,243,11,147,42,166,29,106,69,88,211,13,114,200,237,24,205,147,132,40,80,130,164,58,127,62,73,88,211,210,114,200,77,126,132,190,95,40,80,170,170,189,127,205,208,201,234,16,193,101,47,227,113,40,155,27,102,250,168,8,236,207,218,170,58,127,82,195,206,35,206,42,101,47,227,34,154,69,135,50,43,36,204,105,44,143,36,189,113,148,88,218,15,114,92,154,164,218,191,239,112,193,189,113,97,88,218,216,245,184,58,126,218,23,20,40,247,26,116,189,149,82,208,126,195,138,242,240,204,227,24,40,107,12,107,43,245,143,225,157,3,95,149
Best fitness found so far: 0.6472163663711699; k: 2.0
Generation: 183; 0.6472163663711699; k: 2.0; 175,243,59,137,197,191,161,49,69,88,211,28,114,200,67,85,29,246,45,137,163,191,65,230,69,55,138,210,189,29,143,208,120,166,214,200,34,186,142,247,244,3,120,59,129,199,46,1,29,130,159,206,143,155,189
Best fitness found so far: 0.6472163663711699; k: 2.0
Generation: 184; 0.6472163663711699; k: 2.0; 175,243,59,137,191,191,29,49,179,158,211,8,114,240,49,126,205,117,95,40,80,26,186,189,127,199,95,201,187,27,31,101,47,227,69,55,218,210,189,200,236,126,239,202,247,116,80,26,44,41,43,48,155,218,224,182,11,176,155,45,101,59,22,32
Best fitness found so far: 0.6472163663711699; k: 2.0
Generation: 185; 0.6472163663711699; k: 2.0; 175,243,59,137,197,191,29,49,243,88,211,28,178,245,77,27,90,20,3,117,95,40,80,229,170,189,127,82,35,155,244,214,197,191,29,49,69,88,211,210,114,200,43,126,205,202,95,40,131,29,184,189,127,205,42,201,234,223,193,101,72,49,205,40,155,193,215,47,227,229,40,155,246,45,137,191,191,91,49,10,55,218,210,81,170,236,126,70,250,120,40,80,26,44,41,43,221,135,95,95,218
Best fitness found so far: 0.6472163663711699; k: 2.0
Generation: 186; 0.6472163663711699; k: 2.0; 225,243,59,137,191,191,29,49,69,48,115,28,114,155,12,157,194,245,58,201,164,136,225,137,143,36,216,11,69,88,218,69,98,200,104,152,218,144,58,3,111,195,201,39,206,76,198,47,47,11,154,215,135,50,40,245,168,47,44,143,36,189,113,148,88,199,15,52,92,128,223,218,225,239,112,226,189,113,223,88,218,174,245,200,58,126,13,23,53,40,247,131,170,22,149,82,208,31,21,138,184,237,204,227,24,40,107,12,157,43,245,157,123,44,3,192,189
Best fitness found so far: 0.6472163663711699; k: 2.0
Generation: 187; 0.6472163663711699; k: 2.0; 225,243,59,137,191,191,29,49,69,158,211,28,114,200,236,126,218,45,114,92,236,92,139,225,227,90,127,38,172,97,133,170,126,189,82,127,201,187,74,114,101,47,227,129,217,76,73,80,109,170,189,76,245,247,9,83,154,175,10,89,224,28,120,75,80,26,170,189,127,82,127,242,187,27,31,12,47,227,129,40,125,46,44,247,53,154,122,225,6,224,28,35,246,21,76
Best fitness found so far: 0.6472163663711699; k: 2.0
Generation: 188; 0.6472163663711699; k: 2.0; 11,243,169,137,191,106,29,149,69,153,131,28,206,200,236,126,205,117,95,40,80,26,170,59,127,4,127,206,187,27,31,97,47,227,129,108,155,135,58,165,245,136,225,137,207,47,227,129,58,155,135,58,201,245,136,225,245,136,225,137,143,36,216,1,69,88,218,69,220,200,236,207,113,144,58,13,82,195,201,39,206,31,198,47,7,11,154,87,135,50,43,245,72,225,244,143,36,33,113,246,88,218,45,114,92,236,92,152,225,243,112,213,189,156,97,88,246,174,245,244,58,126,218,23,20,40,247,101,170,22,149,129,208,243,11,147,42,166,29,49,69,88,211,210,114,200,237,24,205,147,132,40,80,130,164,58,193,49,73,88,211,210,114,185,210,126,132,190,95,40,80,170,170,186,222,143,208,120,188,214,200,34,114,97,18,139,3,183,59,31,132,73,44,89,196,20
Best fitness found so far: 0.6472163663711699; k: 2.0
Generation: 189; 0.6472163663711699; k: 2.0; 225,243,59,137,191,191,29,164,69,158,211,28,114,200,236,126,218,45,114,92,236,92,218,225,227,112,201,189,127,182,96,218,180,245,200,44,41,43,221,135,89,95,229
Best fitness found so far: 0.6472163663711699; k: 2.0
Generation: 190; 0.6472163663711699; k: 2.0; 175,243,59,137,191,191,29,49,161,158,211,8,114,240,49,126,205,117,95,40,80,26,170,189,127,199,95,201,181,27,31,149,169,227,129,60,151,135,58,11,245,136,193,101,47,127,11,40,155,27,58,134,245,58,139,20,158,190
Best fitness found so far: 0.6472163663711699; k: 2.0
Generation: 191; 0.6472163663711699; k: 2.0; 90,243,169,137,191,191,29,149,69,158,211,28,114,200,236,126,205,117,95,95,200,236,126,218,202,95,40,80,26,170,160,127,82,77,22,234,16,231,100,47,110,11,34,214,175,225,151,200,141,126,70,202,120,168,80,26,212,34,43,179,135,92,236,223,218,225,166,112,226,189,113,54,140,89,174,245,200,58,200,218,23,20,40,20
Best fitness found so far: 0.6472163663711699; k: 2.0
Generation: 192; 0.6472163663711699; k: 2.0; 225,243,59,137,191,191,29,49,69,158,211,28,114,200,236,17,34,117,95,40,80,10,170,150,127,82,127,245,244,214,197,191,29,49,69,88,19,210,114,200,43,126,205,202,95,40,80,29,170,189,127,205,208,201,234,223,193,101,194,49,11,40,155,193,215,47,227,182,40,155,246,45,137,191,191,218,14,220,68,27,216,218,170,240,64,58,195,201,169,206,31,101,47,227,11,154,155,135,64,43,114,136,119,44,42,36,70,171,148,66,218,15,130,236,236,223,218,225,239,112,84,108,239,97,88,73,164,247,109,194
Best fitness found so far: 0.6472163663711699; k: 2.0
Generation: 193; 0.6472163663711699; k: 2.0; 61,243,59,77,191,191,29,49,69,158,35,8,114,240,49,126,205,103,95,87,29,49,28,203,211,49,114,191,76,126,136,225,153,59,128,50,44,160,40,218,88,240,57,88,178,203,94,114,240,49,126,205,117,95,87,29,49,192,201,234,16,202,149,47,227,24,40,155,141,135,43,168,118,225,71,126,101,189
Best fitness found so far: 0.6472163663711699; k: 2.0
Generation: 194; 0.6472163663711699; k: 2.0; 225,243,59,137,191,191,29,49,69,158,211,28,114,200,166,126,205,117,95,40,80,10,170,189,127,22,127,201,11,211,197,191,29,49,69,88,211,210,114,200,43,126,205,202,95,40,80,26,170,189,127,205,208,201,234,16,193,101,194,49,11,40,155,135,124,134,243,199,229,193,162,34,1,99,143,155,210,148,200,127,191,109,196,143,72,120,188,243,200,243,36,204,18,139,3,179,59,122,132,171,193,19,47,227,93,46,15,27,58,138,245,154,85,20,201,220
Best fitness found so far: 0.6472163663711699; k: 2.0
Generation: 195; 0.6472163663711699; k: 2.0; 175,243,59,137,191,191,29,49,161,158,211,8,114,240,49,126,205,117,95,116,80,26,170,189,127,199,95,201,187,37,31,101,47,227,129,60,45,135,58,11,245,136,19,239,143,36,139,1,69,88,218,55,247,98,13,183,53,41,97,16,59,14,173,138,203,165,49,205,117,189,139,143,208,120,166,214,200,34,186,142,247,139,3,120,59,243,199,73,1,89,119,159,206,135,104,37,245
Best fitness found so far: 0.6472163663711699; k: 2.0
Generation: 196; 0.6472163663711699; k: 2.0; 225,243,59,137,191,191,29,49,5,158,211,28,114,200,236,126,205,117,95,40,83,26,170,189,127,82,127,201,187,27,31,101,47,235,245,101,47,227,186,40,155,83,58,43,9,136,30,20,45,197,189,113,69,88,218,15,114,200,168,40,155,167,11,69,225,12,210,42,225,191,73,53,177,38,242,82,84,109,159,207,70,79,167,236,225,88,11
Best fitness found so far: 0.6472163663711699; k: 2.0
Generation: 197; 0.6472163663711699; k: 2.0; 225,243,59,137,191,191,29,49,69,158,211,28,114,200,250,126,218,45,114,163,236,92,236,225,227,90,127,157,113,97,88,170,126,189,82,127,201,187,74,114,101,34,227,129,47,47,11,154,155,135,50,78
Best fitness found so far: 0.6472163663711699; k: 2.0
Generation: 198; 0.6472163663711699; k: 2.0; 225,243,59,182,191,191,29,49,69,158,211,28,114,200,236,126,218,45,112,220,236,92,236,225,227,90,127,157,113,97,88,170,126,189,232,127,201,187,74,114,101,47,227,129,43,140,206,80,109,170,189,76,245,247,9,193,242,175,10,89,224,28,120,75,21,148
Best fitness found so far: 0.6472163663711699; k: 2.0
Generation: 199; 0.6472163663711699; k: 2.0; 225,199,59,137,197,191,29,49,175,133,211,28,114,200,236,126,205,178,95,246,80,142,170,121,127,82,38,80,187,16,31,101,47,132,11,140,155,135,58,34,186,142,247,45,3,120,59,136,199,73,1,89,130,159,190,143,239,189
Best fitness found so far: 0.6472163663711699; k: 2.0
Total time of execution of seed 1 : 21747090
Solution Fitness: -0.6472163663711699
Variables: uniform 0 chebyshev split moveNear moveBetween moveBetween join
